
=== Aggressive relaxation to Q = 1484 ===
Initial: E=1.209880124158e+03, Q=1.484000000000e+03, dt=1.000e-04
 step=     1  E=1.209838133388e+03  Q=1.484000000000e+03  λ=1.698960e+00  dt=1.000e-04  relΔE=3.471e-05  ||F||=5.324e-01
 step=   500  E=1.166269861746e+03  Q=1.484000000000e+03  λ=1.603998e+00  dt=6.192e-04  relΔE=1.211e-04  ||F||=4.299e-01
 step=  1000  E=1.084337517851e+03  Q=1.484000000000e+03  λ=1.434079e+00  dt=9.584e-04  relΔE=9.138e-05  ||F||=2.893e-01
 step=  1500  E=1.037157648397e+03  Q=1.484000000000e+03  λ=1.344014e+00  dt=7.418e-04  relΔE=5.013e-05  ||F||=2.383e-01
 step=  2000  E=1.005126773137e+03  Q=1.484000000000e+03  λ=1.287021e+00  dt=1.148e-03  relΔE=5.866e-05  ||F||=2.039e-01
 step=  2500  E=9.793117721687e+02  Q=1.484000000000e+03  λ=1.243383e+00  dt=8.887e-04  relΔE=3.794e-05  ||F||=1.839e-01
 step=  3000  E=9.574061984965e+02  Q=1.484000000000e+03  λ=1.207883e+00  dt=1.376e-03  relΔE=5.034e-05  ||F||=1.832e-01
 step=  3500  E=9.396939560441e+02  Q=1.484000000000e+03  λ=1.180008e+00  dt=1.065e-03  relΔE=3.433e-05  ||F||=1.566e-01
 step=  4000  E=9.236247687113e+02  Q=1.484000000000e+03  λ=1.155330e+00  dt=8.241e-04  relΔE=2.359e-05  ||F||=1.463e-01
 step=  4500  E=9.098009975945e+02  Q=1.484000000000e+03  λ=1.134542e+00  dt=1.276e-03  relΔE=3.257e-05  ||F||=1.371e-01
 step=  5000  E=8.976727106805e+02  Q=1.484000000000e+03  λ=1.116573e+00  dt=9.873e-04  relΔE=2.273e-05  ||F||=1.293e-01
 step=  5500  E=8.865089598373e+02  Q=1.484000000000e+03  λ=1.100264e+00  dt=7.641e-04  relΔE=1.632e-05  ||F||=1.238e-01
 step=  6000  E=8.768407969531e+02  Q=1.484000000000e+03  λ=1.086325e+00  dt=1.183e-03  relΔE=2.245e-05  ||F||=1.160e-01
 step=  6500  E=8.680115364507e+02  Q=1.484000000000e+03  λ=1.073712e+00  dt=9.154e-04  relΔE=1.591e-05  ||F||=1.104e-01
 step=  7000  E=8.597443780037e+02  Q=1.484000000000e+03  λ=1.062146e+00  dt=1.417e-03  relΔE=1.871e-05  ||F||=5.304e-01
 step=  7500  E=8.526302957793e+02  Q=1.484000000000e+03  λ=1.052045e+00  dt=1.097e-03  relΔE=1.614e-05  ||F||=1.007e-01
 step=  8000  E=8.458329740559e+02  Q=1.484000000000e+03  λ=1.042581e+00  dt=8.488e-04  relΔE=1.157e-05  ||F||=9.655e-02
 step=  8500  E=8.395947809307e+02  Q=1.484000000000e+03  λ=1.033969e+00  dt=1.314e-03  relΔE=1.661e-05  ||F||=9.271e-02
 step=  9000  E=8.339691863103e+02  Q=1.484000000000e+03  λ=1.026243e+00  dt=1.017e-03  relΔE=1.200e-05  ||F||=8.920e-02
 step=  9500  E=8.285818444826e+02  Q=1.484000000000e+03  λ=1.018893e+00  dt=7.871e-04  relΔE=8.731e-06  ||F||=8.622e-02
 step= 10000  E=8.236724205458e+02  Q=1.484000000000e+03  λ=1.012243e+00  dt=1.218e-03  relΔE=1.261e-05  ||F||=8.303e-02
 step= 10500  E=8.190854597261e+02  Q=1.484000000000e+03  λ=1.006057e+00  dt=9.430e-04  relΔE=9.194e-06  ||F||=8.037e-02
 step= 11000  E=8.146456009812e+02  Q=1.484000000000e+03  λ=1.000104e+00  dt=7.298e-04  relΔE=7.258e-06  ||F||=8.105e-02
 step= 11500  E=8.106681972603e+02  Q=1.484000000000e+03  λ=9.948042e-01  dt=1.130e-03  relΔE=9.856e-06  ||F||=7.563e-02
 step= 12000  E=8.067991697205e+02  Q=1.484000000000e+03  λ=9.896699e-01  dt=8.744e-04  relΔE=7.257e-06  ||F||=7.359e-02
 step= 12500  E=8.030869236537e+02  Q=1.484000000000e+03  λ=9.847750e-01  dt=1.353e-03  relΔE=1.069e-05  ||F||=7.359e-02
 step= 13000  E=7.996957890930e+02  Q=1.484000000000e+03  λ=9.803187e-01  dt=1.048e-03  relΔE=7.930e-06  ||F||=6.997e-02
 step= 13500  E=7.963380866699e+02  Q=1.484000000000e+03  λ=9.759278e-01  dt=8.108e-04  relΔE=5.905e-06  ||F||=6.849e-02
 step= 14000  E=7.931667776127e+02  Q=1.484000000000e+03  λ=9.718044e-01  dt=1.255e-03  relΔE=8.785e-06  ||F||=6.701e-02
 step= 14500  E=7.901479755358e+02  Q=1.484000000000e+03  λ=9.678909e-01  dt=9.713e-04  relΔE=6.578e-06  ||F||=6.578e-02
 step= 15000  E=7.871386686477e+02  Q=1.484000000000e+03  λ=9.640062e-01  dt=7.518e-04  relΔE=5.052e-06  ||F||=6.542e-02
 step= 15500  E=7.843340004133e+02  Q=1.484000000000e+03  λ=9.604028e-01  dt=1.164e-03  relΔE=7.449e-06  ||F||=6.372e-02
 step= 16000  E=7.815633198742e+02  Q=1.484000000000e+03  λ=9.568506e-01  dt=9.007e-04  relΔE=5.641e-06  ||F||=6.292e-02
 step= 16500  E=7.787819964917e+02  Q=1.484000000000e+03  λ=9.533014e-01  dt=1.394e-03  relΔE=8.511e-06  ||F||=8.738e-02
 step= 17000  E=7.762008549666e+02  Q=1.484000000000e+03  λ=9.500075e-01  dt=1.079e-03  relΔE=6.541e-06  ||F||=6.168e-02
 step= 17500  E=7.735487916424e+02  Q=1.484000000000e+03  λ=9.466311e-01  dt=8.352e-04  relΔE=5.018e-06  ||F||=6.131e-02
 step= 18000  E=7.709530649779e+02  Q=1.484000000000e+03  λ=9.433339e-01  dt=1.293e-03  relΔE=7.715e-06  ||F||=6.100e-02
 step= 18500  E=7.684114407465e+02  Q=1.484000000000e+03  λ=9.401021e-01  dt=1.001e-03  relΔE=5.966e-06  ||F||=6.087e-02
 step= 19000  E=7.657957932913e+02  Q=1.484000000000e+03  λ=9.367748e-01  dt=7.744e-04  relΔE=4.707e-06  ||F||=6.136e-02
 step= 19500  E=7.632519402039e+02  Q=1.484000000000e+03  λ=9.335376e-01  dt=1.199e-03  relΔE=7.228e-06  ||F||=6.101e-02
 step= 20000  E=7.606752133426e+02  Q=1.484000000000e+03  λ=9.302467e-01  dt=9.278e-04  relΔE=5.665e-06  ||F||=6.129e-02
 step= 20500  E=7.579831088483e+02  Q=1.484000000000e+03  λ=9.268004e-01  dt=7.181e-04  relΔE=5.831e-06  ||F||=9.425e-02
 step= 21000  E=7.553979007550e+02  Q=1.484000000000e+03  λ=9.234734e-01  dt=1.112e-03  relΔE=7.048e-06  ||F||=6.224e-02
 step= 21500  E=7.526619390698e+02  Q=1.484000000000e+03  λ=9.199334e-01  dt=8.603e-04  relΔE=5.601e-06  ||F||=6.295e-02
 step= 22000  E=7.498524787933e+02  Q=1.484000000000e+03  λ=9.162801e-01  dt=1.332e-03  relΔE=8.919e-06  ||F||=6.392e-02
 step= 22500  E=7.471288565468e+02  Q=1.484000000000e+03  λ=9.127078e-01  dt=8.589e-04  relΔE=5.934e-06  ||F||=6.461e-02
 step= 23000  E=7.440788893479e+02  Q=1.484000000000e+03  λ=9.086835e-01  dt=1.329e-03  relΔE=9.527e-06  ||F||=6.567e-02
 step= 23500  E=7.410770398854e+02  Q=1.484000000000e+03  λ=9.046841e-01  dt=1.029e-03  relΔE=7.654e-06  ||F||=6.677e-02
 step= 24000  E=7.378840154956e+02  Q=1.484000000000e+03  λ=9.003936e-01  dt=7.964e-04  relΔE=6.202e-06  ||F||=6.817e-02
 step= 24500  E=7.346342687400e+02  Q=1.484000000000e+03  λ=8.959931e-01  dt=1.233e-03  relΔE=9.932e-06  ||F||=6.918e-02
 step= 25000  E=7.312961032973e+02  Q=1.484000000000e+03  λ=8.914272e-01  dt=9.541e-04  relΔE=7.996e-06  ||F||=7.040e-02
 step= 25500  E=7.277157989951e+02  Q=1.484000000000e+03  λ=8.864878e-01  dt=7.385e-04  relΔE=6.655e-06  ||F||=7.286e-02
 step= 26000  E=7.241826172822e+02  Q=1.484000000000e+03  λ=8.815779e-01  dt=1.143e-03  relΔE=1.031e-05  ||F||=7.268e-02
 step= 26500  E=7.204646608955e+02  Q=1.484000000000e+03  λ=8.763652e-01  dt=8.847e-04  relΔE=8.239e-06  ||F||=7.366e-02
 step= 27000  E=7.165827856172e+02  Q=1.484000000000e+03  λ=8.708910e-01  dt=1.369e-03  relΔE=1.307e-05  ||F||=7.789e-02
 step= 27500  E=7.128157487970e+02  Q=1.484000000000e+03  λ=8.655374e-01  dt=1.060e-03  relΔE=1.031e-05  ||F||=7.486e-02
 step= 28000  E=7.088634409848e+02  Q=1.484000000000e+03  λ=8.598916e-01  dt=8.203e-04  relΔE=8.072e-06  ||F||=7.510e-02
 step= 28500  E=7.049717381388e+02  Q=1.484000000000e+03  λ=8.543146e-01  dt=1.270e-03  relΔE=1.245e-05  ||F||=7.476e-02
 step= 29000  E=7.011775346630e+02  Q=1.484000000000e+03  λ=8.488520e-01  dt=9.828e-04  relΔE=9.513e-06  ||F||=7.408e-02
 step= 29500  E=6.973515206959e+02  Q=1.484000000000e+03  λ=8.433315e-01  dt=7.607e-04  relΔE=7.281e-06  ||F||=7.348e-02
 step= 30000  E=6.937977009937e+02  Q=1.484000000000e+03  λ=8.382028e-01  dt=1.177e-03  relΔE=1.067e-05  ||F||=7.129e-02
 step= 30500  E=6.903846462143e+02  Q=1.484000000000e+03  λ=8.332695e-01  dt=9.113e-04  relΔE=7.816e-06  ||F||=6.920e-02
 step= 31000  E=6.870956880926e+02  Q=1.484000000000e+03  λ=8.285437e-01  dt=1.411e-03  relΔE=1.043e-05  ||F||=2.208e-01
 step= 31500  E=6.842396556483e+02  Q=1.484000000000e+03  λ=8.244045e-01  dt=1.092e-03  relΔE=8.006e-06  ||F||=6.369e-02
 step= 32000  E=6.815415500246e+02  Q=1.484000000000e+03  λ=8.205219e-01  dt=8.450e-04  relΔE=5.596e-06  ||F||=6.041e-02
 step= 32500  E=6.791434723799e+02  Q=1.484000000000e+03  λ=8.170862e-01  dt=1.308e-03  relΔE=7.693e-06  ||F||=5.684e-02
 step= 33000  E=6.770758083850e+02  Q=1.484000000000e+03  λ=8.141316e-01  dt=1.012e-03  relΔE=5.230e-06  ||F||=5.318e-02
 step= 33500  E=6.752244795598e+02  Q=1.484000000000e+03  λ=8.114994e-01  dt=7.835e-04  relΔE=3.517e-06  ||F||=4.951e-02
 step= 34000  E=6.736783490934e+02  Q=1.484000000000e+03  λ=8.093162e-01  dt=1.213e-03  relΔE=4.617e-06  ||F||=4.553e-02
 step= 34500  E=6.723659085792e+02  Q=1.484000000000e+03  λ=8.074727e-01  dt=9.387e-04  relΔE=3.016e-06  ||F||=4.179e-02
 step= 35000  E=6.712311325500e+02  Q=1.484000000000e+03  λ=8.058915e-01  dt=7.265e-04  relΔE=2.182e-06  ||F||=4.053e-02
 step= 35500  E=6.703409701419e+02  Q=1.484000000000e+03  λ=8.046630e-01  dt=1.125e-03  relΔE=2.485e-06  ||F||=3.460e-02
 step= 36000  E=6.695857199212e+02  Q=1.484000000000e+03  λ=8.036299e-01  dt=8.704e-04  relΔE=1.572e-06  ||F||=3.127e-02
 step= 36500  E=6.689666038724e+02  Q=1.484000000000e+03  λ=8.027939e-01  dt=1.347e-03  relΔE=1.965e-06  ||F||=2.828e-02
 step= 37000  E=6.684842623823e+02  Q=1.484000000000e+03  λ=8.021501e-01  dt=1.043e-03  relΔE=1.230e-06  ||F||=2.524e-02
 step= 37500  E=6.680834812520e+02  Q=1.484000000000e+03  λ=8.016233e-01  dt=8.071e-04  relΔE=7.611e-07  ||F||=2.257e-02
 step= 38000  E=6.677694155925e+02  Q=1.484000000000e+03  λ=8.012180e-01  dt=1.249e-03  relΔE=9.341e-07  ||F||=2.009e-02
 step= 38500  E=6.675226193376e+02  Q=1.484000000000e+03  λ=8.009054e-01  dt=9.670e-04  relΔE=5.733e-07  ||F||=1.788e-02
 step= 39000  E=6.673212661327e+02  Q=1.484000000000e+03  λ=8.006562e-01  dt=7.484e-04  relΔE=3.603e-07  ||F||=1.612e-02
 step= 39500  E=6.671697533421e+02  Q=1.484000000000e+03  λ=8.004738e-01  dt=1.158e-03  relΔE=4.235e-07  ||F||=1.404e-02
 step= 40000  E=6.670489030016e+02  Q=1.484000000000e+03  λ=8.003325e-01  dt=8.966e-04  relΔE=2.564e-07  ||F||=1.241e-02
 step= 40500  E=6.669521125578e+02  Q=1.484000000000e+03  λ=8.002236e-01  dt=1.388e-03  relΔE=3.050e-07  ||F||=1.543e-02
 step= 41000  E=6.668809695553e+02  Q=1.484000000000e+03  λ=8.001466e-01  dt=1.074e-03  relΔE=1.859e-07  ||F||=9.655e-03
 step= 41500  E=6.668231596603e+02  Q=1.484000000000e+03  λ=8.000872e-01  dt=8.314e-04  relΔE=1.113e-07  ||F||=8.491e-03
 step= 42000  E=6.667790843114e+02  Q=1.484000000000e+03  λ=8.000445e-01  dt=1.287e-03  relΔE=1.331e-07  ||F||=7.460e-03
 step= 42500  E=6.667453635062e+02  Q=1.484000000000e+03  λ=8.000141e-01  dt=9.960e-04  relΔE=7.973e-08  ||F||=6.563e-03
 step= 43000  E=6.667186057383e+02  Q=1.484000000000e+03  λ=7.999920e-01  dt=7.709e-04  relΔE=4.793e-08  ||F||=5.784e-03
 step= 43500  E=6.666986433482e+02  Q=1.484000000000e+03  λ=7.999772e-01  dt=1.193e-03  relΔE=5.662e-08  ||F||=5.051e-03
 step= 44000  E=6.666830967601e+02  Q=1.484000000000e+03  λ=7.999672e-01  dt=9.236e-04  relΔE=3.374e-08  ||F||=4.431e-03
 step= 44500  E=6.666708452130e+02  Q=1.484000000000e+03  λ=7.999614e-01  dt=1.430e-03  relΔE=5.241e-09  ||F||=4.151e-02
 step= 45000  E=6.666618930160e+02  Q=1.484000000000e+03  λ=7.999569e-01  dt=1.106e-03  relΔE=2.384e-08  ||F||=3.402e-03
 step= 45500  E=6.666547737802e+02  Q=1.484000000000e+03  λ=7.999550e-01  dt=8.564e-04  relΔE=1.414e-08  ||F||=2.977e-03
 step= 46000  E=6.666493179636e+02  Q=1.484000000000e+03  λ=7.999544e-01  dt=1.326e-03  relΔE=1.673e-08  ||F||=2.605e-03
 step= 46500  E=6.666452429019e+02  Q=1.484000000000e+03  λ=7.999546e-01  dt=1.026e-03  relΔE=9.969e-09  ||F||=2.283e-03
 step= 47000  E=6.666420145800e+02  Q=1.484000000000e+03  λ=7.999554e-01  dt=7.941e-04  relΔE=5.923e-09  ||F||=1.999e-03
 step= 47500  E=6.666395921721e+02  Q=1.484000000000e+03  λ=7.999566e-01  dt=1.229e-03  relΔE=6.990e-09  ||F||=1.745e-03
 step= 48000  E=6.666377462009e+02  Q=1.484000000000e+03  λ=7.999580e-01  dt=9.514e-04  relΔE=4.156e-09  ||F||=1.529e-03
 step= 48500  E=6.666362826622e+02  Q=1.484000000000e+03  λ=7.999595e-01  dt=7.363e-04  relΔE=2.596e-09  ||F||=1.375e-03
 step= 49000  E=6.666352144127e+02  Q=1.484000000000e+03  λ=7.999609e-01  dt=1.140e-03  relΔE=2.916e-09  ||F||=1.169e-03
 step= 49500  E=6.666343744875e+02  Q=1.484000000000e+03  λ=7.999624e-01  dt=8.822e-04  relΔE=1.729e-09  ||F||=1.023e-03
 step= 50000  E=6.666337211943e+02  Q=1.484000000000e+03  λ=7.999637e-01  dt=1.366e-03  relΔE=2.035e-09  ||F||=9.513e-04
 step= 50500  E=6.666332434125e+02  Q=1.484000000000e+03  λ=7.999650e-01  dt=1.057e-03  relΔE=1.215e-09  ||F||=7.827e-04
 step= 51000  E=6.666328615730e+02  Q=1.484000000000e+03  λ=7.999662e-01  dt=8.180e-04  relΔE=7.200e-10  ||F||=6.844e-04
 step= 51500  E=6.666325744619e+02  Q=1.484000000000e+03  λ=7.999672e-01  dt=1.266e-03  relΔE=8.514e-10  ||F||=5.978e-04
 step= 52000  E=6.666323561394e+02  Q=1.484000000000e+03  λ=7.999682e-01  dt=9.800e-04  relΔE=5.063e-10  ||F||=5.237e-04
 step= 52500  E=6.666321836354e+02  Q=1.484000000000e+03  λ=7.999690e-01  dt=7.585e-04  relΔE=3.037e-10  ||F||=4.610e-04
 step= 53000  E=6.666320563179e+02  Q=1.484000000000e+03  λ=7.999698e-01  dt=1.174e-03  relΔE=3.557e-10  ||F||=4.006e-04
 step= 53500  E=6.666319571925e+02  Q=1.484000000000e+03  λ=7.999705e-01  dt=9.087e-04  relΔE=2.113e-10  ||F||=3.507e-04
 step= 54000  E=6.666318791232e+02  Q=1.484000000000e+03  λ=7.999711e-01  dt=1.407e-03  relΔE=2.356e-10  ||F||=9.044e-04
 step= 54500  E=6.666318226787e+02  Q=1.484000000000e+03  λ=7.999716e-01  dt=1.089e-03  relΔE=1.489e-10  ||F||=2.688e-04
 step= 55000  E=6.666317774109e+02  Q=1.484000000000e+03  λ=7.999720e-01  dt=8.426e-04  relΔE=8.819e-11  ||F||=2.351e-04
 step= 55500  E=6.666317429568e+02  Q=1.484000000000e+03  λ=7.999724e-01  dt=1.304e-03  relΔE=1.045e-10  ||F||=2.057e-04
 step= 56000  E=6.666317170161e+02  Q=1.484000000000e+03  λ=7.999728e-01  dt=1.009e-03  relΔE=6.225e-11  ||F||=1.804e-04
 step= 56500  E=6.666316965057e+02  Q=1.484000000000e+03  λ=7.999731e-01  dt=7.813e-04  relΔE=3.720e-11  ||F||=1.587e-04
 step= 57000  E=6.666316811987e+02  Q=1.484000000000e+03  λ=7.999734e-01  dt=1.209e-03  relΔE=4.375e-11  ||F||=1.384e-04
 step= 57500  E=6.666316694089e+02  Q=1.484000000000e+03  λ=7.999736e-01  dt=9.360e-04  relΔE=2.600e-11  ||F||=1.214e-04
 step= 58000  E=6.666316601077e+02  Q=1.484000000000e+03  λ=7.999738e-01  dt=7.244e-04  relΔE=1.716e-11  ||F||=1.127e-04
 step= 58500  E=6.666316533563e+02  Q=1.484000000000e+03  λ=7.999740e-01  dt=1.121e-03  relΔE=1.824e-11  ||F||=9.337e-05
 step= 59000  E=6.666316480078e+02  Q=1.484000000000e+03  λ=7.999741e-01  dt=8.679e-04  relΔE=1.078e-11  ||F||=8.190e-05
 step= 59500  E=6.666316439028e+02  Q=1.484000000000e+03  λ=7.999742e-01  dt=1.343e-03  relΔE=1.265e-11  ||F||=7.245e-05
 step= 60000  E=6.666316408858e+02  Q=1.484000000000e+03  λ=7.999743e-01  dt=1.040e-03  relΔE=7.490e-12  ||F||=6.313e-05
 step= 60500  E=6.666316385137e+02  Q=1.484000000000e+03  λ=7.999744e-01  dt=8.048e-04  relΔE=4.396e-12  ||F||=5.546e-05
 step= 61000  E=6.666316367472e+02  Q=1.484000000000e+03  λ=7.999745e-01  dt=1.246e-03  relΔE=5.117e-12  ||F||=4.865e-05
 step= 61500  E=6.666316354285e+02  Q=1.484000000000e+03  λ=7.999746e-01  dt=9.642e-04  relΔE=2.981e-12  ||F||=4.283e-05
 step= 62000  E=6.666316344117e+02  Q=1.484000000000e+03  λ=7.999746e-01  dt=7.462e-04  relΔE=1.765e-12  ||F||=3.813e-05
 step= 62500  E=6.666316336875e+02  Q=1.484000000000e+03  λ=7.999747e-01  dt=1.155e-03  relΔE=1.959e-12  ||F||=3.313e-05
 step= 63000  E=6.666316331470e+02  Q=1.484000000000e+03  λ=7.999747e-01  dt=8.940e-04  relΔE=1.105e-12  ||F||=2.918e-05
 step= 63500  E=6.666316327474e+02  Q=1.484000000000e+03  λ=7.999748e-01  dt=1.384e-03  relΔE=1.203e-12  ||F||=3.359e-05
 step= 64000  E=6.666316324809e+02  Q=1.484000000000e+03  λ=7.999748e-01  dt=1.071e-03  relΔE=6.586e-13  ||F||=2.265e-05
 step= 64500  E=6.666316322898e+02  Q=1.484000000000e+03  λ=7.999748e-01  dt=8.290e-04  relΔE=3.389e-13  ||F||=1.996e-05
 step= 65000  E=6.666316321680e+02  Q=1.484000000000e+03  λ=7.999749e-01  dt=1.283e-03  relΔE=3.262e-13  ||F||=1.759e-05
 step= 65500  E=6.666316320966e+02  Q=1.484000000000e+03  λ=7.999749e-01  dt=9.932e-04  relΔE=1.400e-13  ||F||=1.555e-05
 step= 66000  E=6.666316320604e+02  Q=1.484000000000e+03  λ=7.999749e-01  dt=7.687e-04  relΔE=4.263e-14  ||F||=1.373e-05
  !! dt è sceso sotto dt_min, mi fermo (stiffness).

Stationary candidate (aggressive): E=6.666316320521e+02, Q=1.484000000000e+03, maxρ=9.349631e-01

=== Stability test (damped inertial dynamics) ===
Perturb eps=0.02, gamma=1
t=0: E=7.392506725632e+02, Q=1.484000000000e+03, maxρ=9.653376e-01, σ=2.581824e+00, Rc=1.842425e+01
 step=     1  E=7.392503072993e+02  Q=1.484000000000e+03  λ=1.187017e+00  maxρ=9.653376e-01  minρ=3.805e-15  σ=2.581824e+00  Rc=1.842425e+01
 step=   300  E=7.242739802345e+02  Q=1.484000000000e+03  λ=1.083893e+00  maxρ=9.636993e-01  minρ=3.770e-15  σ=2.581821e+00  Rc=1.842425e+01
 step=   600  E=6.941562090166e+02  Q=1.484000000000e+03  λ=8.971752e-01  maxρ=9.590804e-01  minρ=3.673e-15  σ=2.581816e+00  Rc=1.842425e+01
 step=   900  E=6.765329928347e+02  Q=1.484000000000e+03  λ=8.377087e-01  maxρ=9.522486e-01  minρ=3.538e-15  σ=2.581814e+00  Rc=1.842425e+01
 step=  1200  E=6.832540396926e+02  Q=1.484000000000e+03  λ=9.454097e-01  maxρ=9.492238e-01  minρ=3.391e-15  σ=2.581817e+00  Rc=1.842424e+01
 step=  1500  E=7.013285471863e+02  Q=1.484000000000e+03  λ=1.062203e+00  maxρ=9.544328e-01  minρ=3.252e-15  σ=2.581818e+00  Rc=1.842424e+01
 step=  1800  E=7.105707740900e+02  Q=1.484000000000e+03  λ=1.048190e+00  maxρ=9.574862e-01  minρ=3.130e-15  σ=2.581816e+00  Rc=1.842424e+01
 step=  2100  E=7.051561215425e+02  Q=1.484000000000e+03  λ=9.466159e-01  maxρ=9.526098e-01  minρ=2.922e-15  σ=2.581813e+00  Rc=1.842424e+01
 step=  2400  E=6.956088531754e+02  Q=1.484000000000e+03  λ=8.995953e-01  maxρ=9.430447e-01  minρ=2.681e-15  σ=2.581813e+00  Rc=1.842424e+01
 step=  2700  E=6.932398413895e+02  Q=1.484000000000e+03  λ=9.544986e-01  maxρ=9.481513e-01  minρ=2.512e-15  σ=2.581816e+00  Rc=1.842424e+01
 step=  3000  E=6.978468851769e+02  Q=1.484000000000e+03  λ=1.020660e+00  maxρ=9.600600e-01  minρ=2.222e-15  σ=2.581817e+00  Rc=1.842424e+01
 step=  3300  E=7.013541002713e+02  Q=1.484000000000e+03  λ=1.008310e+00  maxρ=9.625231e-01  minρ=1.757e-15  σ=2.581813e+00  Rc=1.842424e+01
 step=  3600  E=6.992622441794e+02  Q=1.484000000000e+03  λ=9.434378e-01  maxρ=9.554290e-01  minρ=1.055e-15  σ=2.581809e+00  Rc=1.842424e+01
 step=  3900  E=6.948598369199e+02  Q=1.484000000000e+03  λ=9.145227e-01  maxρ=9.554324e-01  minρ=1.000e-15  σ=2.581809e+00  Rc=1.842424e+01
 step=  4200  E=6.932332501486e+02  Q=1.484000000000e+03  λ=9.473805e-01  maxρ=9.521096e-01  minρ=1.000e-15  σ=2.581812e+00  Rc=1.842423e+01
 step=  4500  E=6.948072190707e+02  Q=1.484000000000e+03  λ=9.830278e-01  maxρ=9.499577e-01  minρ=1.000e-15  σ=2.581813e+00  Rc=1.842423e+01
 step=  4800  E=6.962120548444e+02  Q=1.484000000000e+03  λ=9.704417e-01  maxρ=9.538306e-01  minρ=1.000e-15  σ=2.581809e+00  Rc=1.842423e+01
 step=  5100  E=6.954294511436e+02  Q=1.484000000000e+03  λ=9.325511e-01  maxρ=9.548717e-01  minρ=1.000e-15  σ=2.581804e+00  Rc=1.842423e+01
 step=  5400  E=6.937632399303e+02  Q=1.484000000000e+03  λ=9.224073e-01  maxρ=9.537436e-01  minρ=1.000e-15  σ=2.581803e+00  Rc=1.842423e+01
 step=  5700  E=6.931174131442e+02  Q=1.484000000000e+03  λ=9.465729e-01  maxρ=9.504827e-01  minρ=1.000e-15  σ=2.581804e+00  Rc=1.842422e+01
 step=  6000  E=6.933857333531e+02  Q=1.484000000000e+03  λ=9.641152e-01  maxρ=9.483403e-01  minρ=1.000e-15  σ=2.581804e+00  Rc=1.842422e+01
 >>> No runaway detected in this horizon. Likely stable (within this model & box).

STABILITY: PASS
