
=== Aggressive relaxation to Q = 1853 ===
Initial: E=1.532171868100e+03, Q=1.853000000000e+03, dt=1.000e-04
 step=     1  E=1.532100509423e+03  Q=1.853000000000e+03  λ=1.798600e+00  dt=1.000e-04  relΔE=4.657e-05  ||F||=6.211e-01
 step=   500  E=1.461612604818e+03  Q=1.853000000000e+03  λ=1.666695e+00  dt=6.192e-04  relΔE=1.496e-04  ||F||=4.787e-01
 step=  1000  E=1.341942237713e+03  Q=1.853000000000e+03  λ=1.452600e+00  dt=9.584e-04  relΔE=1.028e-04  ||F||=3.056e-01
 step=  1500  E=1.279892233771e+03  Q=1.853000000000e+03  λ=1.350647e+00  dt=1.236e-03  relΔE=8.849e-05  ||F||=2.437e-01
 step=  2000  E=1.235061394306e+03  Q=1.853000000000e+03  λ=1.282176e+00  dt=9.569e-04  relΔE=5.246e-05  ||F||=2.095e-01
 step=  2500  E=1.200624026540e+03  Q=1.853000000000e+03  λ=1.232639e+00  dt=7.406e-04  relΔE=3.474e-05  ||F||=1.911e-01
 step=  3000  E=1.173467936170e+03  Q=1.853000000000e+03  λ=1.195326e+00  dt=1.146e-03  relΔE=4.426e-05  ||F||=1.713e-01
 step=  3500  E=1.150092820393e+03  Q=1.853000000000e+03  λ=1.164230e+00  dt=8.873e-04  relΔE=2.982e-05  ||F||=1.583e-01
 step=  4000  E=1.129551067198e+03  Q=1.853000000000e+03  λ=1.137670e+00  dt=1.373e-03  relΔE=4.045e-05  ||F||=1.689e-01
 step=  4500  E=1.112571203645e+03  Q=1.853000000000e+03  λ=1.116147e+00  dt=1.063e-03  relΔE=2.799e-05  ||F||=1.378e-01
 step=  5000  E=1.096926826098e+03  Q=1.853000000000e+03  λ=1.096674e+00  dt=8.227e-04  relΔE=1.944e-05  ||F||=1.296e-01
 step=  5500  E=1.083288383466e+03  Q=1.853000000000e+03  λ=1.079975e+00  dt=1.274e-03  relΔE=2.706e-05  ||F||=1.221e-01
 step=  6000  E=1.071217494692e+03  Q=1.853000000000e+03  λ=1.065367e+00  dt=9.857e-04  relΔE=1.902e-05  ||F||=1.157e-01
 step=  6500  E=1.060009746606e+03  Q=1.853000000000e+03  λ=1.051960e+00  dt=7.629e-04  relΔE=1.369e-05  ||F||=1.110e-01
 step=  7000  E=1.050225628678e+03  Q=1.853000000000e+03  λ=1.040389e+00  dt=1.181e-03  relΔE=1.901e-05  ||F||=1.047e-01
 step=  7500  E=1.041224406473e+03  Q=1.853000000000e+03  λ=1.029826e+00  dt=9.140e-04  relΔE=1.354e-05  ||F||=9.997e-02
 step=  8000  E=1.032725597157e+03  Q=1.853000000000e+03  λ=1.020031e+00  dt=1.415e-03  relΔE=1.648e-05  ||F||=4.467e-01
 step=  8500  E=1.025376018875e+03  Q=1.853000000000e+03  λ=1.011460e+00  dt=1.095e-03  relΔE=1.389e-05  ||F||=9.179e-02
 step=  9000  E=1.018299705034e+03  Q=1.853000000000e+03  λ=1.003345e+00  dt=8.475e-04  relΔE=1.001e-05  ||F||=8.825e-02
 step=  9500  E=1.011783959521e+03  Q=1.853000000000e+03  λ=9.959310e-01  dt=1.312e-03  relΔE=1.444e-05  ||F||=8.495e-02
 step= 10000  E=1.005855725675e+03  Q=1.853000000000e+03  λ=9.892175e-01  dt=1.015e-03  relΔE=1.048e-05  ||F||=8.201e-02
 step= 10500  E=1.000139284803e+03  Q=1.853000000000e+03  λ=9.827823e-01  dt=7.858e-04  relΔE=7.690e-06  ||F||=7.963e-02
 step= 11000  E=9.949198296728e+02  Q=1.853000000000e+03  λ=9.769457e-01  dt=1.216e-03  relΔE=1.113e-05  ||F||=7.679e-02
 step= 11500  E=9.900084170614e+02  Q=1.853000000000e+03  λ=9.714749e-01  dt=9.414e-04  relΔE=8.157e-06  ||F||=7.454e-02
 step= 12000  E=9.852203026227e+02  Q=1.853000000000e+03  λ=9.661694e-01  dt=7.286e-04  relΔE=6.525e-06  ||F||=7.571e-02
 step= 12500  E=9.809166693632e+02  Q=1.853000000000e+03  λ=9.614276e-01  dt=1.128e-03  relΔE=8.840e-06  ||F||=7.056e-02
 step= 13000  E=9.766929533996e+02  Q=1.853000000000e+03  λ=9.567894e-01  dt=8.730e-04  relΔE=6.545e-06  ||F||=6.887e-02
 step= 13500  E=9.726214166957e+02  Q=1.853000000000e+03  λ=9.523434e-01  dt=1.351e-03  relΔE=9.702e-06  ||F||=6.850e-02
 step= 14000  E=9.688777053402e+02  Q=1.853000000000e+03  λ=9.482658e-01  dt=1.046e-03  relΔE=7.238e-06  ||F||=6.590e-02
 step= 14500  E=9.651369333529e+02  Q=1.853000000000e+03  λ=9.442073e-01  dt=8.095e-04  relΔE=5.436e-06  ||F||=6.479e-02
 step= 15000  E=9.615899139221e+02  Q=1.853000000000e+03  λ=9.403769e-01  dt=1.253e-03  relΔE=8.124e-06  ||F||=6.355e-02
 step= 15500  E=9.581880584702e+02  Q=1.853000000000e+03  λ=9.367098e-01  dt=9.698e-04  relΔE=6.126e-06  ||F||=6.261e-02
 step= 16000  E=9.547723642886e+02  Q=1.853000000000e+03  λ=9.330384e-01  dt=7.506e-04  relΔE=4.765e-06  ||F||=6.268e-02
 step= 16500  E=9.515627886065e+02  Q=1.853000000000e+03  λ=9.295999e-01  dt=1.162e-03  relΔE=7.044e-06  ||F||=6.113e-02
 step= 17000  E=9.483617987083e+02  Q=1.853000000000e+03  λ=9.261727e-01  dt=8.992e-04  relΔE=5.378e-06  ||F||=6.061e-02
 step= 17500  E=9.451251413151e+02  Q=1.853000000000e+03  λ=9.227186e-01  dt=1.392e-03  relΔE=8.157e-06  ||F||=9.593e-02
 step= 18000  E=9.420942515013e+02  Q=1.853000000000e+03  λ=9.194767e-01  dt=1.077e-03  relΔE=6.347e-06  ||F||=5.996e-02
 step= 18500  E=9.389508036425e+02  Q=1.853000000000e+03  λ=9.161174e-01  dt=8.338e-04  relΔE=4.918e-06  ||F||=5.989e-02
 step= 19000  E=9.358439296609e+02  Q=1.853000000000e+03  λ=9.127988e-01  dt=1.291e-03  relΔE=7.636e-06  ||F||=5.988e-02
 step= 19500  E=9.327703179508e+02  Q=1.853000000000e+03  λ=9.095067e-01  dt=9.989e-04  relΔE=5.965e-06  ||F||=6.006e-02
 step= 20000  E=9.295742139935e+02  Q=1.853000000000e+03  λ=9.060765e-01  dt=7.731e-04  relΔE=4.736e-06  ||F||=6.074e-02
 step= 20500  E=9.264320109601e+02  Q=1.853000000000e+03  λ=9.026980e-01  dt=1.197e-03  relΔE=7.385e-06  ||F||=6.085e-02
 step= 21000  E=9.231725925595e+02  Q=1.853000000000e+03  λ=8.991758e-01  dt=7.719e-04  relΔE=4.926e-06  ||F||=6.178e-02
 step= 21500  E=9.198888738102e+02  Q=1.853000000000e+03  λ=8.956177e-01  dt=1.195e-03  relΔE=7.762e-06  ||F||=6.221e-02
 step= 22000  E=9.164727432463e+02  Q=1.853000000000e+03  λ=8.918930e-01  dt=7.706e-04  relΔE=5.213e-06  ||F||=6.337e-02
 step= 22500  E=9.129987542354e+02  Q=1.853000000000e+03  λ=8.880914e-01  dt=1.193e-03  relΔE=8.293e-06  ||F||=6.411e-02
 step= 23000  E=9.093920868375e+02  Q=1.853000000000e+03  λ=8.841184e-01  dt=9.233e-04  relΔE=6.674e-06  ||F||=6.525e-02
 step= 23500  E=9.055393817190e+02  Q=1.853000000000e+03  λ=8.800628e-01  dt=1.429e-03  relΔE=1.926e-06  ||F||=6.944e-01
 step= 24000  E=9.017381386524e+02  Q=1.853000000000e+03  λ=8.756226e-01  dt=1.106e-03  relΔE=8.703e-06  ||F||=6.779e-02
 step= 24500  E=8.976388330742e+02  Q=1.853000000000e+03  λ=8.710340e-01  dt=8.561e-04  relΔE=7.051e-06  ||F||=6.920e-02
 step= 25000  E=8.933730757241e+02  Q=1.853000000000e+03  λ=8.662430e-01  dt=1.325e-03  relΔE=1.139e-05  ||F||=7.070e-02
 step= 25500  E=8.890655569078e+02  Q=1.853000000000e+03  λ=8.613797e-01  dt=1.026e-03  relΔE=9.192e-06  ||F||=7.183e-02
 step= 26000  E=8.844472436565e+02  Q=1.853000000000e+03  λ=8.561509e-01  dt=7.938e-04  relΔE=7.453e-06  ||F||=7.334e-02
 step= 26500  E=8.797765586653e+02  Q=1.853000000000e+03  λ=8.508592e-01  dt=1.229e-03  relΔE=1.186e-05  ||F||=7.415e-02
 step= 27000  E=8.750042563400e+02  Q=1.853000000000e+03  λ=8.454426e-01  dt=9.510e-04  relΔE=9.439e-06  ||F||=7.499e-02
 step= 27500  E=8.699805796225e+02  Q=1.853000000000e+03  λ=8.397465e-01  dt=7.361e-04  relΔE=7.830e-06  ||F||=7.747e-02
 step= 28000  E=8.651299394030e+02  Q=1.853000000000e+03  λ=8.342654e-01  dt=1.139e-03  relΔE=1.166e-05  ||F||=7.572e-02
 step= 28500  E=8.601720799088e+02  Q=1.853000000000e+03  λ=8.286786e-01  dt=8.818e-04  relΔE=9.022e-06  ||F||=7.550e-02
 step= 29000  E=8.551815089261e+02  Q=1.853000000000e+03  λ=8.230942e-01  dt=1.365e-03  relΔE=1.376e-05  ||F||=7.726e-02
 step= 29500  E=8.505385266581e+02  Q=1.853000000000e+03  λ=8.179285e-01  dt=1.056e-03  relΔE=1.037e-05  ||F||=7.354e-02
 step= 30000  E=8.458932791507e+02  Q=1.853000000000e+03  λ=8.128068e-01  dt=8.177e-04  relΔE=7.711e-06  ||F||=7.188e-02
 step= 30500  E=8.415680451823e+02  Q=1.853000000000e+03  λ=8.080941e-01  dt=1.266e-03  relΔE=1.123e-05  ||F||=6.953e-02
 step= 31000  E=8.375844175285e+02  Q=1.853000000000e+03  λ=8.038003e-01  dt=9.796e-04  relΔE=8.075e-06  ||F||=6.687e-02
 step= 31500  E=8.338115826857e+02  Q=1.853000000000e+03  λ=7.997911e-01  dt=7.582e-04  relΔE=5.827e-06  ||F||=6.444e-02
 step= 32000  E=8.305340153628e+02  Q=1.853000000000e+03  λ=7.963664e-01  dt=1.174e-03  relΔE=7.943e-06  ||F||=6.033e-02
 step= 32500  E=8.275754777807e+02  Q=1.853000000000e+03  λ=7.933252e-01  dt=9.084e-04  relΔE=5.446e-06  ||F||=5.668e-02
 step= 33000  E=8.249095889532e+02  Q=1.853000000000e+03  λ=7.906548e-01  dt=1.406e-03  relΔE=6.828e-06  ||F||=1.709e-01
 step= 33500  E=8.227378274901e+02  Q=1.853000000000e+03  λ=7.885038e-01  dt=1.088e-03  relΔE=4.896e-06  ||F||=4.896e-02
 step= 34000  E=8.208040367738e+02  Q=1.853000000000e+03  λ=7.866466e-01  dt=8.423e-04  relΔE=3.216e-06  ||F||=4.505e-02
 step= 34500  E=8.191884536227e+02  Q=1.853000000000e+03  λ=7.851414e-01  dt=1.304e-03  relΔE=4.170e-06  ||F||=4.119e-02
 step= 35000  E=8.178656132389e+02  Q=1.853000000000e+03  λ=7.839473e-01  dt=1.009e-03  relΔE=2.686e-06  ||F||=3.754e-02
 step= 35500  E=8.167407631392e+02  Q=1.853000000000e+03  λ=7.829702e-01  dt=7.810e-04  relΔE=1.716e-06  ||F||=3.409e-02
 step= 36000  E=8.158455515297e+02  Q=1.853000000000e+03  λ=7.822272e-01  dt=1.209e-03  relΔE=2.152e-06  ||F||=3.066e-02
 step= 36500  E=8.151164747544e+02  Q=1.853000000000e+03  λ=7.816517e-01  dt=9.357e-04  relΔE=1.348e-06  ||F||=2.758e-02
 step= 37000  E=8.145115213115e+02  Q=1.853000000000e+03  λ=7.812033e-01  dt=7.242e-04  relΔE=9.116e-07  ||F||=2.582e-02
 step= 37500  E=8.140522710653e+02  Q=1.853000000000e+03  λ=7.808868e-01  dt=1.121e-03  relΔE=1.035e-06  ||F||=2.206e-02
 step= 38000  E=8.136738916261e+02  Q=1.853000000000e+03  λ=7.806478e-01  dt=8.676e-04  relΔE=6.354e-07  ||F||=1.964e-02
 step= 38500  E=8.133733010600e+02  Q=1.853000000000e+03  λ=7.804781e-01  dt=1.343e-03  relΔE=7.737e-07  ||F||=1.755e-02
 step= 39000  E=8.131439727685e+02  Q=1.853000000000e+03  λ=7.803651e-01  dt=1.039e-03  relΔE=4.734e-07  ||F||=1.548e-02
 step= 39500  E=8.129575744332e+02  Q=1.853000000000e+03  λ=7.802885e-01  dt=8.045e-04  relΔE=2.874e-07  ||F||=1.371e-02
 step= 40000  E=8.128139419519e+02  Q=1.853000000000e+03  λ=7.802426e-01  dt=1.245e-03  relΔE=3.467e-07  ||F||=1.210e-02
 step= 40500  E=8.127028680886e+02  Q=1.853000000000e+03  λ=7.802182e-01  dt=9.638e-04  relΔE=2.099e-07  ||F||=1.070e-02
 step= 41000  E=8.126134120473e+02  Q=1.853000000000e+03  λ=7.802088e-01  dt=7.460e-04  relΔE=1.306e-07  ||F||=9.601e-03
 step= 41500  E=8.125467544896e+02  Q=1.853000000000e+03  λ=7.802101e-01  dt=1.155e-03  relΔE=1.519e-07  ||F||=8.317e-03
 step= 42000  E=8.124939554471e+02  Q=1.853000000000e+03  λ=7.802183e-01  dt=8.937e-04  relΔE=9.125e-08  ||F||=7.327e-03
 step= 42500  E=8.124520425385e+02  Q=1.853000000000e+03  λ=7.802314e-01  dt=1.383e-03  relΔE=1.085e-07  ||F||=7.442e-03
 step= 43000  E=8.124212751089e+02  Q=1.853000000000e+03  λ=7.802463e-01  dt=1.071e-03  relΔE=6.560e-08  ||F||=5.676e-03
 step= 43500  E=8.123963517485e+02  Q=1.853000000000e+03  λ=7.802629e-01  dt=8.287e-04  relΔE=3.920e-08  ||F||=4.987e-03
 step= 44000  E=8.123776559939e+02  Q=1.853000000000e+03  λ=7.802793e-01  dt=1.069e-03  relΔE=3.918e-08  ||F||=4.390e-03
 step= 44500  E=8.123627714010e+02  Q=1.853000000000e+03  λ=7.802957e-01  dt=8.273e-04  relΔE=2.342e-08  ||F||=3.857e-03
 step= 45000  E=8.123516090579e+02  Q=1.853000000000e+03  λ=7.803107e-01  dt=1.067e-03  relΔE=2.340e-08  ||F||=3.395e-03
 step= 45500  E=8.123427096783e+02  Q=1.853000000000e+03  λ=7.803252e-01  dt=8.260e-04  relΔE=1.397e-08  ||F||=2.982e-03
 step= 46000  E=8.123359285772e+02  Q=1.853000000000e+03  λ=7.803382e-01  dt=1.279e-03  relΔE=1.669e-08  ||F||=2.620e-03
 step= 46500  E=8.123307343150e+02  Q=1.853000000000e+03  λ=7.803498e-01  dt=9.896e-04  relΔE=1.002e-08  ||F||=2.308e-03
 step= 47000  E=8.123266005917e+02  Q=1.853000000000e+03  λ=7.803605e-01  dt=7.659e-04  relΔE=6.058e-09  ||F||=2.041e-03
 step= 47500  E=8.123235087356e+02  Q=1.853000000000e+03  λ=7.803697e-01  dt=1.186e-03  relΔE=7.176e-09  ||F||=1.785e-03
 step= 48000  E=8.123210870404e+02  Q=1.853000000000e+03  λ=7.803778e-01  dt=9.176e-04  relΔE=4.307e-09  ||F||=1.572e-03
 step= 48500  E=8.123191534930e+02  Q=1.853000000000e+03  λ=7.803852e-01  dt=1.420e-03  relΔE=4.053e-09  ||F||=7.412e-03
 step= 49000  E=8.123177407528e+02  Q=1.853000000000e+03  λ=7.803912e-01  dt=1.099e-03  relΔE=3.102e-09  ||F||=1.220e-03
 step= 49500  E=8.123165964224e+02  Q=1.853000000000e+03  λ=7.803967e-01  dt=8.508e-04  relΔE=1.860e-09  ||F||=1.075e-03
 step= 50000  E=8.123157116734e+02  Q=1.853000000000e+03  λ=7.804013e-01  dt=1.317e-03  relΔE=2.230e-09  ||F||=9.471e-04
 step= 50500  E=8.123150404417e+02  Q=1.853000000000e+03  λ=7.804052e-01  dt=1.019e-03  relΔE=1.347e-09  ||F||=8.370e-04
 step= 51000  E=8.123145013700e+02  Q=1.853000000000e+03  λ=7.804086e-01  dt=7.889e-04  relΔE=8.128e-10  ||F||=7.398e-04
 step= 51500  E=8.123140912535e+02  Q=1.853000000000e+03  λ=7.804115e-01  dt=1.221e-03  relΔE=9.754e-10  ||F||=6.523e-04
 step= 52000  E=8.123137718960e+02  Q=1.853000000000e+03  λ=7.804139e-01  dt=9.452e-04  relΔE=5.894e-10  ||F||=5.773e-04
 step= 52500  E=8.123135152278e+02  Q=1.853000000000e+03  λ=7.804160e-01  dt=7.315e-04  relΔE=3.719e-10  ||F||=5.224e-04
 step= 53000  E=8.123133246946e+02  Q=1.853000000000e+03  λ=7.804176e-01  dt=1.132e-03  relΔE=4.294e-10  ||F||=4.521e-04
 step= 53500  E=8.123131711943e+02  Q=1.853000000000e+03  λ=7.804190e-01  dt=8.764e-04  relΔE=2.592e-10  ||F||=4.004e-04
 step= 54000  E=8.123130501610e+02  Q=1.853000000000e+03  λ=7.804202e-01  dt=1.357e-03  relΔE=3.116e-10  ||F||=3.647e-04
 step= 54500  E=8.123129594859e+02  Q=1.853000000000e+03  λ=7.804212e-01  dt=1.050e-03  relΔE=1.895e-10  ||F||=3.150e-04
 step= 55000  E=8.123128858331e+02  Q=1.853000000000e+03  λ=7.804220e-01  dt=8.127e-04  relΔE=1.145e-10  ||F||=2.796e-04
 step= 55500  E=8.123128292295e+02  Q=1.853000000000e+03  λ=7.804226e-01  dt=1.258e-03  relΔE=1.380e-10  ||F||=2.481e-04
 step= 56000  E=8.123127855284e+02  Q=1.853000000000e+03  λ=7.804231e-01  dt=9.736e-04  relΔE=8.361e-11  ||F||=2.209e-04
 step= 56500  E=8.123127502872e+02  Q=1.853000000000e+03  λ=7.804235e-01  dt=7.536e-04  relΔE=5.145e-11  ||F||=1.983e-04
 step= 57000  E=8.123127238466e+02  Q=1.853000000000e+03  λ=7.804238e-01  dt=1.166e-03  relΔE=6.077e-11  ||F||=1.749e-04
 step= 57500  E=8.123127029578e+02  Q=1.853000000000e+03  λ=7.804240e-01  dt=9.028e-04  relΔE=3.662e-11  ||F||=1.559e-04
 step= 58000  E=8.123126862729e+02  Q=1.853000000000e+03  λ=7.804242e-01  dt=1.397e-03  relΔE=4.251e-11  ||F||=2.907e-04
 step= 58500  E=8.123126740860e+02  Q=1.853000000000e+03  λ=7.804243e-01  dt=1.082e-03  relΔE=2.635e-11  ||F||=1.241e-04
 step= 59000  E=8.123126642148e+02  Q=1.853000000000e+03  λ=7.804244e-01  dt=8.371e-04  relΔE=1.569e-11  ||F||=1.107e-04
 step= 59500  E=8.123126567169e+02  Q=1.853000000000e+03  λ=7.804245e-01  dt=1.296e-03  relΔE=1.858e-11  ||F||=9.884e-05
 step= 60000  E=8.123126510761e+02  Q=1.853000000000e+03  λ=7.804245e-01  dt=1.003e-03  relΔE=1.100e-11  ||F||=8.850e-05
 step= 60500  E=8.123126466523e+02  Q=1.853000000000e+03  λ=7.804245e-01  dt=7.762e-04  relΔE=6.472e-12  ||F||=7.931e-05
 step= 61000  E=8.123126434250e+02  Q=1.853000000000e+03  λ=7.804244e-01  dt=1.202e-03  relΔE=7.436e-12  ||F||=7.082e-05
 step= 61500  E=8.123126410114e+02  Q=1.853000000000e+03  λ=7.804244e-01  dt=9.299e-04  relΔE=4.253e-12  ||F||=6.348e-05
 step= 62000  E=8.123126391926e+02  Q=1.853000000000e+03  λ=7.804244e-01  dt=7.197e-04  relΔE=2.696e-12  ||F||=5.913e-05
 step= 62500  E=8.123126379630e+02  Q=1.853000000000e+03  λ=7.804243e-01  dt=1.114e-03  relΔE=2.596e-12  ||F||=5.102e-05
 step= 63000  E=8.123126370786e+02  Q=1.853000000000e+03  λ=7.804243e-01  dt=8.623e-04  relΔE=1.356e-12  ||F||=4.576e-05
 step= 63500  E=8.123126364970e+02  Q=1.853000000000e+03  λ=7.804242e-01  dt=1.335e-03  relΔE=1.319e-12  ||F||=4.114e-05
 step= 64000  E=8.123126361582e+02  Q=1.853000000000e+03  λ=7.804241e-01  dt=1.033e-03  relΔE=5.775e-13  ||F||=3.692e-05
 step= 64500  E=8.123126359825e+02  Q=1.853000000000e+03  λ=7.804241e-01  dt=7.996e-04  relΔE=1.796e-13  ||F||=3.315e-05
  !! dt è sceso sotto dt_min, mi fermo (stiffness).

Stationary candidate (aggressive): E=8.123126359389e+02, Q=1.853000000000e+03, maxρ=1.022472e+00

=== Stability test (damped inertial dynamics) ===
Perturb eps=0.02, gamma=1
t=0: E=9.030784207279e+02, Q=1.853000000000e+03, maxρ=1.056645e+00, σ=2.603098e+00, Rc=1.840817e+01
 step=     1  E=9.030779640835e+02  Q=1.853000000000e+03  λ=1.167906e+00  maxρ=1.056644e+00  minρ=1.994e-15  σ=2.603098e+00  Rc=1.840817e+01
 step=   300  E=8.843550797246e+02  Q=1.853000000000e+03  λ=1.064644e+00  maxρ=1.054851e+00  minρ=1.978e-15  σ=2.603095e+00  Rc=1.840817e+01
 step=   600  E=8.467044633542e+02  Q=1.853000000000e+03  λ=8.776941e-01  maxρ=1.049794e+00  minρ=1.936e-15  σ=2.603090e+00  Rc=1.840818e+01
 step=   900  E=8.246772625318e+02  Q=1.853000000000e+03  λ=8.181928e-01  maxρ=1.042314e+00  minρ=1.879e-15  σ=2.603088e+00  Rc=1.840817e+01
 step=  1200  E=8.330855029280e+02  Q=1.853000000000e+03  λ=9.260675e-01  maxρ=1.039026e+00  minρ=1.821e-15  σ=2.603091e+00  Rc=1.840817e+01
 step=  1500  E=8.556855592184e+02  Q=1.853000000000e+03  λ=1.042985e+00  maxρ=1.044070e+00  minρ=1.772e-15  σ=2.603092e+00  Rc=1.840816e+01
 step=  1800  E=8.672425803936e+02  Q=1.853000000000e+03  λ=1.028893e+00  maxρ=1.047409e+00  minρ=1.704e-15  σ=2.603090e+00  Rc=1.840816e+01
 step=  2100  E=8.604766719193e+02  Q=1.853000000000e+03  λ=9.271791e-01  maxρ=1.042074e+00  minρ=1.564e-15  σ=2.603086e+00  Rc=1.840817e+01
 step=  2400  E=8.485414638922e+02  Q=1.853000000000e+03  λ=8.801704e-01  maxρ=1.031332e+00  minρ=1.457e-15  σ=2.603087e+00  Rc=1.840817e+01
 step=  2700  E=8.455706351947e+02  Q=1.853000000000e+03  λ=9.352058e-01  maxρ=1.037794e+00  minρ=1.443e-15  σ=2.603090e+00  Rc=1.840816e+01
 step=  3000  E=8.513127297109e+02  Q=1.853000000000e+03  λ=1.001402e+00  maxρ=1.050828e+00  minρ=1.411e-15  σ=2.603091e+00  Rc=1.840816e+01
 step=  3300  E=8.556858601753e+02  Q=1.853000000000e+03  λ=9.889146e-01  maxρ=1.053523e+00  minρ=1.307e-15  σ=2.603087e+00  Rc=1.840817e+01
 step=  3600  E=8.530789911234e+02  Q=1.853000000000e+03  λ=9.239160e-01  maxρ=1.045697e+00  minρ=1.188e-15  σ=2.603083e+00  Rc=1.840817e+01
 step=  3900  E=8.475979903838e+02  Q=1.853000000000e+03  λ=8.950685e-01  maxρ=1.044860e+00  minρ=1.000e-15  σ=2.603083e+00  Rc=1.840816e+01
 step=  4200  E=8.455788091673e+02  Q=1.853000000000e+03  λ=9.281039e-01  maxρ=1.041224e+00  minρ=1.000e-15  σ=2.603087e+00  Rc=1.840816e+01
 step=  4500  E=8.475365822107e+02  Q=1.853000000000e+03  λ=9.637972e-01  maxρ=1.039094e+00  minρ=1.000e-15  σ=2.603088e+00  Rc=1.840815e+01
 step=  4800  E=8.492694918878e+02  Q=1.853000000000e+03  λ=9.510579e-01  maxρ=1.043410e+00  minρ=1.000e-15  σ=2.603084e+00  Rc=1.840816e+01
 step=  5100  E=8.482812433052e+02  Q=1.853000000000e+03  λ=9.130146e-01  maxρ=1.044345e+00  minρ=1.000e-15  σ=2.603079e+00  Rc=1.840816e+01
 step=  5400  E=8.462142231269e+02  Q=1.853000000000e+03  λ=9.029167e-01  maxρ=1.043107e+00  minρ=1.000e-15  σ=2.603078e+00  Rc=1.840815e+01
 step=  5700  E=8.454316816316e+02  Q=1.853000000000e+03  λ=9.272626e-01  maxρ=1.039535e+00  minρ=1.000e-15  σ=2.603079e+00  Rc=1.840815e+01
 step=  6000  E=8.457730685656e+02  Q=1.853000000000e+03  λ=9.448845e-01  maxρ=1.037242e+00  minρ=1.000e-15  σ=2.603080e+00  Rc=1.840815e+01
 >>> No runaway detected in this horizon. Likely stable (within this model & box).

STABILITY: PASS
