
=== Aggressive relaxation to Q = 206 ===
Initial: E=1.803371919947e+02, Q=2.060000000000e+02, dt=1.000e-04
 step=     1  E=1.803346412999e+02  Q=2.060000000000e+02  λ=1.654574e+00  dt=1.000e-04  relΔE=1.414e-05  ||F||=3.523e-01
 step=   500  E=1.772909445717e+02  Q=2.060000000000e+02  λ=1.626171e+00  dt=6.192e-04  relΔE=6.296e-05  ||F||=3.245e-01
 step=  1000  E=1.693963435261e+02  Q=2.060000000000e+02  λ=1.553573e+00  dt=9.584e-04  relΔE=6.639e-05  ||F||=2.617e-01
 step=  1500  E=1.636272978297e+02  Q=2.060000000000e+02  λ=1.501548e+00  dt=7.418e-04  relΔE=4.096e-05  ||F||=2.296e-01
 step=  2000  E=1.592313497031e+02  Q=2.060000000000e+02  λ=1.462373e+00  dt=1.148e-03  relΔE=5.272e-05  ||F||=2.065e-01
 step=  2500  E=1.554403826833e+02  Q=2.060000000000e+02  λ=1.428739e+00  dt=8.887e-04  relΔE=3.594e-05  ||F||=1.914e-01
 step=  3000  E=1.520784017151e+02  Q=2.060000000000e+02  λ=1.399051e+00  dt=1.376e-03  relΔE=4.972e-05  ||F||=2.044e-01
 step=  3500  E=1.492227770131e+02  Q=2.060000000000e+02  λ=1.373840e+00  dt=8.873e-04  relΔE=2.926e-05  ||F||=1.694e-01
 step=  4000  E=1.465828876780e+02  Q=2.060000000000e+02  λ=1.350641e+00  dt=1.373e-03  relΔE=4.088e-05  ||F||=2.506e-01
 step=  4500  E=1.443130669692e+02  Q=2.060000000000e+02  λ=1.330670e+00  dt=1.063e-03  relΔE=2.931e-05  ||F||=1.523e-01
 step=  5000  E=1.421624172079e+02  Q=2.060000000000e+02  λ=1.311802e+00  dt=8.227e-04  relΔE=2.092e-05  ||F||=1.451e-01
 step=  5500  E=1.402391520929e+02  Q=2.060000000000e+02  λ=1.294980e+00  dt=1.274e-03  relΔE=2.980e-05  ||F||=1.383e-01
 step=  6000  E=1.385011243463e+02  Q=2.060000000000e+02  λ=1.279788e+00  dt=9.857e-04  relΔE=2.139e-05  ||F||=1.323e-01
 step=  6500  E=1.368612782942e+02  Q=2.060000000000e+02  λ=1.265484e+00  dt=7.629e-04  relΔE=1.556e-05  ||F||=1.275e-01
 step=  7000  E=1.353988666897e+02  Q=2.060000000000e+02  λ=1.252767e+00  dt=1.181e-03  relΔE=2.220e-05  ||F||=1.218e-01
 step=  7500  E=1.340313281720e+02  Q=2.060000000000e+02  λ=1.240885e+00  dt=9.140e-04  relΔE=1.610e-05  ||F||=1.173e-01
 step=  8000  E=1.327220758681e+02  Q=2.060000000000e+02  λ=1.229652e+00  dt=1.415e-03  relΔE=2.039e-05  ||F||=4.978e-01
 step=  8500  E=1.315696038326e+02  Q=2.060000000000e+02  λ=1.219577e+00  dt=1.095e-03  relΔE=1.712e-05  ||F||=1.095e-01
 step=  9000  E=1.304403945584e+02  Q=2.060000000000e+02  λ=1.209830e+00  dt=8.475e-04  relΔE=1.259e-05  ||F||=1.062e-01
 step=  9500  E=1.293793723970e+02  Q=2.060000000000e+02  λ=1.200705e+00  dt=1.312e-03  relΔE=1.855e-05  ||F||=1.033e-01
 step= 10000  E=1.283971800865e+02  Q=2.060000000000e+02  λ=1.192266e+00  dt=1.015e-03  relΔE=1.377e-05  ||F||=1.007e-01
 step= 10500  E=1.274291560764e+02  Q=2.060000000000e+02  λ=1.183967e+00  dt=7.858e-04  relΔE=1.033e-05  ||F||=9.882e-02
 step= 11000  E=1.265219918260e+02  Q=2.060000000000e+02  λ=1.176215e+00  dt=1.216e-03  relΔE=1.537e-05  ||F||=9.652e-02
 step= 11500  E=1.256498412989e+02  Q=2.060000000000e+02  λ=1.168763e+00  dt=9.414e-04  relΔE=1.157e-05  ||F||=9.486e-02
 step= 12000  E=1.247762657035e+02  Q=2.060000000000e+02  λ=1.161310e+00  dt=7.286e-04  relΔE=9.578e-06  ||F||=9.790e-02
 step= 12500  E=1.239692824213e+02  Q=2.060000000000e+02  λ=1.154431e+00  dt=1.128e-03  relΔE=1.326e-05  ||F||=9.215e-02
 step= 13000  E=1.231592103695e+02  Q=2.060000000000e+02  λ=1.147514e+00  dt=8.730e-04  relΔE=1.010e-05  ||F||=9.110e-02
 step= 13500  E=1.223572326362e+02  Q=2.060000000000e+02  λ=1.140663e+00  dt=1.351e-03  relΔE=1.538e-05  ||F||=9.172e-02
 step= 14000  E=1.216024188660e+02  Q=2.060000000000e+02  λ=1.134187e+00  dt=1.046e-03  relΔE=1.175e-05  ||F||=8.923e-02
 step= 14500  E=1.208322276233e+02  Q=2.060000000000e+02  λ=1.127551e+00  dt=8.095e-04  relΔE=9.021e-06  ||F||=8.858e-02
 step= 15000  E=1.200898251890e+02  Q=2.060000000000e+02  λ=1.121126e+00  dt=1.253e-03  relΔE=1.374e-05  ||F||=8.758e-02
 step= 15500  E=1.193673632442e+02  Q=2.060000000000e+02  λ=1.114821e+00  dt=9.698e-04  relΔE=1.050e-05  ||F||=8.676e-02
 step= 16000  E=1.186348030259e+02  Q=2.060000000000e+02  λ=1.108375e+00  dt=7.506e-04  relΔE=8.243e-06  ||F||=8.716e-02
 step= 16500  E=1.179460363210e+02  Q=2.060000000000e+02  λ=1.102260e+00  dt=1.162e-03  relΔE=1.218e-05  ||F||=8.487e-02
 step= 17000  E=1.172636465354e+02  Q=2.060000000000e+02  λ=1.096129e+00  dt=8.992e-04  relΔE=9.239e-06  ||F||=8.378e-02
 step= 17500  E=1.165817239052e+02  Q=2.060000000000e+02  λ=1.089937e+00  dt=1.392e-03  relΔE=1.384e-05  ||F||=1.177e-01
 step= 18000  E=1.159570977329e+02  Q=2.060000000000e+02  λ=1.084176e+00  dt=1.077e-03  relΔE=1.048e-05  ||F||=8.108e-02
 step= 18500  E=1.153284451640e+02  Q=2.060000000000e+02  λ=1.078301e+00  dt=8.338e-04  relΔE=7.847e-06  ||F||=7.952e-02
 step= 19000  E=1.147337883306e+02  Q=2.060000000000e+02  λ=1.072665e+00  dt=1.291e-03  relΔE=1.163e-05  ||F||=7.760e-02
 step= 19500  E=1.141766976103e+02  Q=2.060000000000e+02  λ=1.067296e+00  dt=9.989e-04  relΔE=8.582e-06  ||F||=7.560e-02
 step= 20000  E=1.136331216530e+02  Q=2.060000000000e+02  λ=1.061972e+00  dt=7.731e-04  relΔE=6.362e-06  ||F||=7.382e-02
 step= 20500  E=1.131382698940e+02  Q=2.060000000000e+02  λ=1.057048e+00  dt=1.197e-03  relΔE=9.132e-06  ||F||=7.092e-02
 step= 21000  E=1.126736801722e+02  Q=2.060000000000e+02  λ=1.052339e+00  dt=9.263e-04  relΔE=6.589e-06  ||F||=6.834e-02
 step= 21500  E=1.122309832578e+02  Q=2.060000000000e+02  λ=1.048099e+00  dt=5.974e-04  relΔE=1.891e-05  ||F||=8.357e-01
 step= 22000  E=1.118499358572e+02  Q=2.060000000000e+02  λ=1.043769e+00  dt=9.248e-04  relΔE=5.581e-06  ||F||=6.271e-02
 step= 22500  E=1.114784174705e+02  Q=2.060000000000e+02  λ=1.039920e+00  dt=1.431e-03  relΔE=2.763e-06  ||F||=5.479e-01
 step= 23000  E=1.111615625692e+02  Q=2.060000000000e+02  λ=1.036331e+00  dt=1.108e-03  relΔE=5.488e-06  ||F||=5.664e-02
 step= 23500  E=1.108669694235e+02  Q=2.060000000000e+02  λ=1.033046e+00  dt=8.575e-04  relΔE=3.808e-06  ||F||=5.356e-02
 step= 24000  E=1.106048538263e+02  Q=2.060000000000e+02  λ=1.030064e+00  dt=1.327e-03  relΔE=5.229e-06  ||F||=5.050e-02
 step= 24500  E=1.103791400489e+02  Q=2.060000000000e+02  λ=1.027435e+00  dt=1.027e-03  relΔE=3.583e-06  ||F||=4.736e-02
 step= 25000  E=1.101743902970e+02  Q=2.060000000000e+02  λ=1.024995e+00  dt=7.951e-04  relΔE=2.442e-06  ||F||=4.440e-02
 step= 25500  E=1.099986267173e+02  Q=2.060000000000e+02  λ=1.022851e+00  dt=1.231e-03  relΔE=3.281e-06  ||F||=4.133e-02
 step= 26000  E=1.098469150533e+02  Q=2.060000000000e+02  λ=1.020950e+00  dt=9.526e-04  relΔE=2.206e-06  ||F||=3.849e-02
 step= 26500  E=1.097116380308e+02  Q=2.060000000000e+02  λ=1.019208e+00  dt=7.373e-04  relΔE=1.520e-06  ||F||=3.632e-02
 step= 27000  E=1.096003821954e+02  Q=2.060000000000e+02  λ=1.017735e+00  dt=1.141e-03  relΔE=1.956e-06  ||F||=3.308e-02
 step= 27500  E=1.095028487031e+02  Q=2.060000000000e+02  λ=1.016402e+00  dt=8.833e-04  relΔE=1.294e-06  ||F||=3.057e-02
 step= 28000  E=1.094182422051e+02  Q=2.060000000000e+02  λ=1.015208e+00  dt=1.367e-03  relΔE=1.696e-06  ||F||=2.998e-02
 step= 28500  E=1.093496853327e+02  Q=2.060000000000e+02  λ=1.014205e+00  dt=1.058e-03  relΔE=1.119e-06  ||F||=2.595e-02
 step= 29000  E=1.092893621722e+02  Q=2.060000000000e+02  λ=1.013290e+00  dt=8.190e-04  relΔE=7.315e-07  ||F||=2.384e-02
 step= 29500  E=1.092391923601e+02  Q=2.060000000000e+02  λ=1.012498e+00  dt=1.268e-03  relΔE=9.517e-07  ||F||=2.185e-02
 step= 30000  E=1.091974549430e+02  Q=2.060000000000e+02  λ=1.011811e+00  dt=9.812e-04  relΔE=6.200e-07  ||F||=2.005e-02
 step= 30500  E=1.091613874450e+02  Q=2.060000000000e+02  λ=1.011190e+00  dt=7.594e-04  relΔE=4.067e-07  ||F||=1.845e-02
 step= 31000  E=1.091322236344e+02  Q=2.060000000000e+02  λ=1.010664e+00  dt=1.176e-03  relΔE=5.202e-07  ||F||=1.677e-02
 step= 31500  E=1.091074993561e+02  Q=2.060000000000e+02  λ=1.010194e+00  dt=9.098e-04  relΔE=3.363e-07  ||F||=1.532e-02
 step= 32000  E=1.090863306173e+02  Q=2.060000000000e+02  λ=1.009771e+00  dt=1.408e-03  relΔE=3.988e-07  ||F||=4.776e-02
 step= 32500  E=1.090696996045e+02  Q=2.060000000000e+02  λ=1.009418e+00  dt=1.090e-03  relΔE=2.796e-07  ||F||=1.276e-02
 step= 33000  E=1.090552302011e+02  Q=2.060000000000e+02  λ=1.009093e+00  dt=8.436e-04  relΔE=1.798e-07  ||F||=1.163e-02
 step= 33500  E=1.090432911003e+02  Q=2.060000000000e+02  λ=1.008808e+00  dt=1.306e-03  relΔE=2.307e-07  ||F||=1.059e-02
 step= 34000  E=1.090335901878e+02  Q=2.060000000000e+02  λ=1.008560e+00  dt=1.011e-03  relΔE=1.487e-07  ||F||=9.660e-03
 step= 34500  E=1.090252631988e+02  Q=2.060000000000e+02  λ=1.008333e+00  dt=7.823e-04  relΔE=9.588e-08  ||F||=8.819e-03
 step= 35000  E=1.090185379890e+02  Q=2.060000000000e+02  λ=1.008136e+00  dt=1.211e-03  relΔE=1.224e-07  ||F||=8.007e-03
 step= 35500  E=1.090129420246e+02  Q=2.060000000000e+02  λ=1.007960e+00  dt=9.372e-04  relΔE=7.872e-08  ||F||=7.298e-03
 step= 36000  E=1.090081494342e+02  Q=2.060000000000e+02  λ=1.007797e+00  dt=7.254e-04  relΔE=5.544e-08  ||F||=6.976e-03
 step= 36500  E=1.090043789821e+02  Q=2.060000000000e+02  λ=1.007658e+00  dt=1.123e-03  relΔE=6.494e-08  ||F||=6.054e-03
 step= 37000  E=1.090011370126e+02  Q=2.060000000000e+02  λ=1.007530e+00  dt=8.690e-04  relΔE=4.174e-08  ||F||=5.516e-03
 step= 37500  E=1.089984260312e+02  Q=2.060000000000e+02  λ=1.007413e+00  dt=1.345e-03  relΔE=5.350e-08  ||F||=5.071e-03
 step= 38000  E=1.089962505582e+02  Q=2.060000000000e+02  λ=1.007311e+00  dt=1.041e-03  relΔE=3.458e-08  ||F||=4.586e-03
 step= 38500  E=1.089943738540e+02  Q=2.060000000000e+02  λ=1.007215e+00  dt=8.058e-04  relΔE=2.232e-08  ||F||=4.188e-03
 step= 39000  E=1.089928371136e+02  Q=2.060000000000e+02  λ=1.007130e+00  dt=1.247e-03  relΔE=2.873e-08  ||F||=3.817e-03
 step= 39500  E=1.089915621825e+02  Q=2.060000000000e+02  λ=1.007052e+00  dt=9.654e-04  relΔE=1.861e-08  ||F||=3.492e-03
 step= 40000  E=1.089904638237e+02  Q=2.060000000000e+02  λ=1.006980e+00  dt=7.472e-04  relΔE=1.230e-08  ||F||=3.226e-03
 step= 40500  E=1.089895784895e+02  Q=2.060000000000e+02  λ=1.006916e+00  dt=1.157e-03  relΔE=1.564e-08  ||F||=2.923e-03
 step= 41000  E=1.089888216263e+02  Q=2.060000000000e+02  λ=1.006857e+00  dt=8.952e-04  relΔE=1.018e-08  ||F||=2.679e-03
 step= 41500  E=1.089881690913e+02  Q=2.060000000000e+02  λ=1.006801e+00  dt=1.386e-03  relΔE=1.316e-08  ||F||=3.164e-03
 step= 42000  E=1.089876481616e+02  Q=2.060000000000e+02  λ=1.006752e+00  dt=1.072e-03  relΔE=8.678e-09  ||F||=2.259e-03
 step= 42500  E=1.089871872405e+02  Q=2.060000000000e+02  λ=1.006705e+00  dt=8.300e-04  relΔE=5.682e-09  ||F||=2.077e-03
 step= 43000  E=1.089868082001e+02  Q=2.060000000000e+02  λ=1.006664e+00  dt=1.071e-03  relΔE=6.233e-09  ||F||=1.914e-03
 step= 43500  E=1.089864764977e+02  Q=2.060000000000e+02  λ=1.006624e+00  dt=8.287e-04  relΔE=4.108e-09  ||F||=1.766e-03
 step= 44000  E=1.089862012102e+02  Q=2.060000000000e+02  λ=1.006588e+00  dt=1.069e-03  relΔE=4.534e-09  ||F||=1.632e-03
 step= 44500  E=1.089859585082e+02  Q=2.060000000000e+02  λ=1.006554e+00  dt=8.273e-04  relΔE=3.008e-09  ||F||=1.511e-03
 step= 45000  E=1.089857528751e+02  Q=2.060000000000e+02  λ=1.006523e+00  dt=1.281e-03  relΔE=3.999e-09  ||F||=1.399e-03
 step= 45500  E=1.089855772373e+02  Q=2.060000000000e+02  λ=1.006494e+00  dt=9.912e-04  relΔE=2.675e-09  ||F||=1.300e-03
 step= 46000  E=1.089854209135e+02  Q=2.060000000000e+02  λ=1.006466e+00  dt=7.672e-04  relΔE=1.817e-09  ||F||=1.218e-03
 step= 46500  E=1.089852897822e+02  Q=2.060000000000e+02  λ=1.006441e+00  dt=1.188e-03  relΔE=2.410e-09  ||F||=1.126e-03
 step= 47000  E=1.089851744071e+02  Q=2.060000000000e+02  λ=1.006418e+00  dt=9.191e-04  relΔE=1.628e-09  ||F||=1.051e-03
 step= 47500  E=1.089850706044e+02  Q=2.060000000000e+02  λ=1.006396e+00  dt=1.423e-03  relΔE=1.575e-09  ||F||=6.253e-03
 step= 48000  E=1.089849846070e+02  Q=2.060000000000e+02  λ=1.006376e+00  dt=1.101e-03  relΔE=1.498e-09  ||F||=9.200e-04
 step= 48500  E=1.089849060371e+02  Q=2.060000000000e+02  λ=1.006356e+00  dt=8.522e-04  relΔE=1.021e-09  ||F||=8.627e-04
 step= 49000  E=1.089848367175e+02  Q=2.060000000000e+02  λ=1.006338e+00  dt=1.319e-03  relΔE=1.395e-09  ||F||=8.103e-04
 step= 49500  E=1.089847769469e+02  Q=2.060000000000e+02  λ=1.006322e+00  dt=1.021e-03  relΔE=9.587e-10  ||F||=7.625e-04
 step= 50000  E=1.089847221435e+02  Q=2.060000000000e+02  λ=1.006306e+00  dt=7.902e-04  relΔE=6.620e-10  ||F||=7.197e-04
 step= 50500  E=1.089846743661e+02  Q=2.060000000000e+02  λ=1.006291e+00  dt=1.223e-03  relΔE=9.090e-10  ||F||=6.772e-04
 step= 51000  E=1.089846318254e+02  Q=2.060000000000e+02  λ=1.006277e+00  dt=9.467e-04  relΔE=6.294e-10  ||F||=6.400e-04
 step= 51500  E=1.089845925079e+02  Q=2.060000000000e+02  λ=1.006264e+00  dt=7.327e-04  relΔE=4.703e-10  ||F||=6.299e-04
 step= 52000  E=1.089845589442e+02  Q=2.060000000000e+02  λ=1.006252e+00  dt=1.134e-03  relΔE=6.064e-10  ||F||=5.729e-04
 step= 52500  E=1.089845278599e+02  Q=2.060000000000e+02  λ=1.006240e+00  dt=8.779e-04  relΔE=4.226e-10  ||F||=5.431e-04
 step= 53000  E=1.089844995266e+02  Q=2.060000000000e+02  λ=1.006229e+00  dt=1.359e-03  relΔE=5.878e-10  ||F||=5.335e-04
 step= 53500  E=1.089844750054e+02  Q=2.060000000000e+02  λ=1.006219e+00  dt=1.052e-03  relΔE=4.121e-10  ||F||=4.891e-04
 step= 54000  E=1.089844519676e+02  Q=2.060000000000e+02  λ=1.006209e+00  dt=8.140e-04  relΔE=2.891e-10  ||F||=4.653e-04
 step= 54500  E=1.089844314112e+02  Q=2.060000000000e+02  λ=1.006200e+00  dt=1.260e-03  relΔE=4.043e-10  ||F||=4.417e-04
 step= 55000  E=1.089844129728e+02  Q=2.060000000000e+02  λ=1.006191e+00  dt=9.752e-04  relΔE=2.843e-10  ||F||=4.206e-04
 step= 55500  E=1.089843957010e+02  Q=2.060000000000e+02  λ=1.006183e+00  dt=7.548e-04  relΔE=2.028e-10  ||F||=4.037e-04
 step= 56000  E=1.089843805394e+02  Q=2.060000000000e+02  λ=1.006175e+00  dt=1.168e-03  relΔE=2.814e-10  ||F||=3.815e-04
 step= 56500  E=1.089843665461e+02  Q=2.060000000000e+02  λ=1.006168e+00  dt=9.043e-04  relΔE=1.985e-10  ||F||=3.638e-04
 step= 57000  E=1.089843534355e+02  Q=2.060000000000e+02  λ=1.006161e+00  dt=1.400e-03  relΔE=2.718e-10  ||F||=8.084e-04
 step= 57500  E=1.089843421476e+02  Q=2.060000000000e+02  λ=1.006155e+00  dt=1.083e-03  relΔE=1.978e-10  ||F||=3.311e-04
 step= 58000  E=1.089843313745e+02  Q=2.060000000000e+02  λ=1.006148e+00  dt=8.385e-04  relΔE=1.399e-10  ||F||=3.161e-04
 step= 58500  E=1.089843216224e+02  Q=2.060000000000e+02  λ=1.006142e+00  dt=1.298e-03  relΔE=1.975e-10  ||F||=3.016e-04
 step= 59000  E=1.089843128730e+02  Q=2.060000000000e+02  λ=1.006137e+00  dt=1.005e-03  relΔE=1.400e-10  ||F||=2.882e-04
 step= 59500  E=1.089843046007e+02  Q=2.060000000000e+02  λ=1.006131e+00  dt=7.775e-04  relΔE=1.005e-10  ||F||=2.774e-04
 step= 60000  E=1.089842972397e+02  Q=2.060000000000e+02  λ=1.006126e+00  dt=1.203e-03  relΔE=1.405e-10  ||F||=2.630e-04
 step= 60500  E=1.089842904752e+02  Q=2.060000000000e+02  λ=1.006121e+00  dt=9.315e-04  relΔE=9.970e-11  ||F||=2.515e-04
 step= 61000  E=1.089842840614e+02  Q=2.060000000000e+02  λ=1.006117e+00  dt=7.209e-04  relΔE=7.930e-11  ||F||=2.566e-04
 step= 61500  E=1.089842784902e+02  Q=2.060000000000e+02  λ=1.006113e+00  dt=1.116e-03  relΔE=1.004e-10  ||F||=2.299e-04
 step= 62000  E=1.089842732107e+02  Q=2.060000000000e+02  λ=1.006108e+00  dt=8.637e-04  relΔE=7.135e-11  ||F||=2.200e-04
 step= 62500  E=1.089842683299e+02  Q=2.060000000000e+02  λ=1.006104e+00  dt=1.337e-03  relΔE=1.012e-10  ||F||=2.109e-04
 step= 63000  E=1.089842639874e+02  Q=2.060000000000e+02  λ=1.006101e+00  dt=1.035e-03  relΔE=7.201e-11  ||F||=2.012e-04
 step= 63500  E=1.089842598742e+02  Q=2.060000000000e+02  λ=1.006097e+00  dt=8.009e-04  relΔE=5.142e-11  ||F||=1.930e-04
 step= 64000  E=1.089842561495e+02  Q=2.060000000000e+02  λ=1.006094e+00  dt=1.240e-03  relΔE=7.276e-11  ||F||=1.841e-04
 step= 64500  E=1.089842527623e+02  Q=2.060000000000e+02  λ=1.006090e+00  dt=9.595e-04  relΔE=5.182e-11  ||F||=1.763e-04
 step= 65000  E=1.089842495394e+02  Q=2.060000000000e+02  λ=1.006087e+00  dt=7.426e-04  relΔE=3.782e-11  ||F||=1.712e-04
 step= 65500  E=1.089842466940e+02  Q=2.060000000000e+02  λ=1.006084e+00  dt=1.149e-03  relΔE=5.249e-11  ||F||=1.615e-04
 step= 66000  E=1.089842440275e+02  Q=2.060000000000e+02  λ=1.006082e+00  dt=8.897e-04  relΔE=3.741e-11  ||F||=1.546e-04
 step= 66500  E=1.089842415138e+02  Q=2.060000000000e+02  λ=1.006079e+00  dt=1.377e-03  relΔE=5.298e-11  ||F||=1.896e-04
 step= 67000  E=1.089842393207e+02  Q=2.060000000000e+02  λ=1.006076e+00  dt=1.066e-03  relΔE=3.796e-11  ||F||=1.417e-04
 step= 67500  E=1.089842372097e+02  Q=2.060000000000e+02  λ=1.006074e+00  dt=8.250e-04  relΔE=2.709e-11  ||F||=1.358e-04
 step= 68000  E=1.089842353380e+02  Q=2.060000000000e+02  λ=1.006072e+00  dt=1.064e-03  relΔE=3.216e-11  ||F||=1.299e-04
 step= 68500  E=1.089842335533e+02  Q=2.060000000000e+02  λ=1.006069e+00  dt=8.236e-04  relΔE=2.297e-11  ||F||=1.245e-04
 step= 69000  E=1.089842319276e+02  Q=2.060000000000e+02  λ=1.006067e+00  dt=1.275e-03  relΔE=3.269e-11  ||F||=1.190e-04
 step= 69500  E=1.089842304425e+02  Q=2.060000000000e+02  λ=1.006065e+00  dt=9.867e-04  relΔE=2.334e-11  ||F||=1.140e-04
 step= 70000  E=1.089842290330e+02  Q=2.060000000000e+02  λ=1.006063e+00  dt=7.637e-04  relΔE=1.701e-11  ||F||=1.106e-04
 step= 70500  E=1.089842277774e+02  Q=2.060000000000e+02  λ=1.006062e+00  dt=1.182e-03  relΔE=2.377e-11  ||F||=1.045e-04
 step= 71000  E=1.089842266061e+02  Q=2.060000000000e+02  λ=1.006060e+00  dt=9.149e-04  relΔE=1.698e-11  ||F||=1.001e-04
 step= 71500  E=1.089842254928e+02  Q=2.060000000000e+02  λ=1.006058e+00  dt=1.416e-03  relΔE=1.615e-11  ||F||=7.665e-04
 step= 72000  E=1.089842245221e+02  Q=2.060000000000e+02  λ=1.006057e+00  dt=1.096e-03  relΔE=1.732e-11  ||F||=9.181e-05
 step= 72500  E=1.089842235895e+02  Q=2.060000000000e+02  λ=1.006055e+00  dt=8.484e-04  relΔE=1.239e-11  ||F||=8.796e-05
 step= 73000  E=1.089842227304e+02  Q=2.060000000000e+02  λ=1.006054e+00  dt=1.313e-03  relΔE=1.767e-11  ||F||=8.421e-05
 step= 73500  E=1.089842219562e+02  Q=2.060000000000e+02  λ=1.006052e+00  dt=1.016e-03  relΔE=1.265e-11  ||F||=8.064e-05
 step= 74000  E=1.089842212176e+02  Q=2.060000000000e+02  λ=1.006051e+00  dt=7.867e-04  relΔE=9.130e-12  ||F||=7.766e-05
 step= 74500  E=1.089842205497e+02  Q=2.060000000000e+02  λ=1.006050e+00  dt=1.218e-03  relΔE=1.294e-11  ||F||=7.393e-05
 step= 75000  E=1.089842199339e+02  Q=2.060000000000e+02  λ=1.006048e+00  dt=9.425e-04  relΔE=9.269e-12  ||F||=7.084e-05
 step= 75500  E=1.089842193447e+02  Q=2.060000000000e+02  λ=1.006047e+00  dt=7.294e-04  relΔE=7.171e-12  ||F||=7.132e-05
 step= 76000  E=1.089842188258e+02  Q=2.060000000000e+02  λ=1.006046e+00  dt=1.129e-03  relΔE=9.499e-12  ||F||=6.497e-05
 step= 76500  E=1.089842183325e+02  Q=2.060000000000e+02  λ=1.006045e+00  dt=8.739e-04  relΔE=6.811e-12  ||F||=6.226e-05
 step= 77000  E=1.089842178691e+02  Q=2.060000000000e+02  λ=1.006044e+00  dt=1.353e-03  relΔE=9.732e-12  ||F||=6.241e-05
 step= 77500  E=1.089842174582e+02  Q=2.060000000000e+02  λ=1.006043e+00  dt=1.047e-03  relΔE=6.992e-12  ||F||=5.709e-05
 step= 78000  E=1.089842170621e+02  Q=2.060000000000e+02  λ=1.006042e+00  dt=8.103e-04  relΔE=5.033e-12  ||F||=5.483e-05
 step= 78500  E=1.089842167014e+02  Q=2.060000000000e+02  λ=1.006041e+00  dt=1.254e-03  relΔE=7.184e-12  ||F||=5.234e-05
 step= 79000  E=1.089842163698e+02  Q=2.060000000000e+02  λ=1.006040e+00  dt=9.708e-04  relΔE=5.159e-12  ||F||=5.016e-05
 step= 79500  E=1.089842160531e+02  Q=2.060000000000e+02  λ=1.006039e+00  dt=7.514e-04  relΔE=3.768e-12  ||F||=4.863e-05
 step= 80000  E=1.089842157694e+02  Q=2.060000000000e+02  λ=1.006039e+00  dt=1.163e-03  relΔE=5.317e-12  ||F||=4.601e-05
 step= 80500  E=1.089842155025e+02  Q=2.060000000000e+02  λ=1.006038e+00  dt=9.002e-04  relΔE=3.821e-12  ||F||=4.408e-05
 step= 81000  E=1.089842152478e+02  Q=2.060000000000e+02  λ=1.006037e+00  dt=1.393e-03  relΔE=5.336e-12  ||F||=1.186e-04
 step= 81500  E=1.089842150245e+02  Q=2.060000000000e+02  λ=1.006037e+00  dt=1.078e-03  relΔE=3.947e-12  ||F||=4.044e-05
 step= 82000  E=1.089842148079e+02  Q=2.060000000000e+02  λ=1.006036e+00  dt=8.347e-04  relΔE=2.841e-12  ||F||=3.876e-05
 step= 82500  E=1.089842146083e+02  Q=2.060000000000e+02  λ=1.006035e+00  dt=1.292e-03  relΔE=4.079e-12  ||F||=3.708e-05
 step= 83000  E=1.089842144258e+02  Q=2.060000000000e+02  λ=1.006035e+00  dt=1.000e-03  relΔE=2.939e-12  ||F||=3.554e-05
 step= 83500  E=1.089842142512e+02  Q=2.060000000000e+02  λ=1.006034e+00  dt=7.740e-04  relΔE=2.133e-12  ||F||=3.426e-05
 step= 84000  E=1.089842140926e+02  Q=2.060000000000e+02  λ=1.006034e+00  dt=1.198e-03  relΔE=3.047e-12  ||F||=3.259e-05
 step= 84500  E=1.089842139447e+02  Q=2.060000000000e+02  λ=1.006033e+00  dt=9.273e-04  relΔE=2.197e-12  ||F||=3.124e-05
 step= 85000  E=1.089842138024e+02  Q=2.060000000000e+02  λ=1.006033e+00  dt=7.177e-04  relΔE=1.774e-12  ||F||=3.275e-05
 step= 85500  E=1.089842136768e+02  Q=2.060000000000e+02  λ=1.006032e+00  dt=1.111e-03  relΔE=2.284e-12  ||F||=2.866e-05
 step= 86000  E=1.089842135556e+02  Q=2.060000000000e+02  λ=1.006032e+00  dt=8.598e-04  relΔE=1.650e-12  ||F||=2.748e-05
 step= 86500  E=1.089842134420e+02  Q=2.060000000000e+02  λ=1.006031e+00  dt=1.331e-03  relΔE=2.376e-12  ||F||=2.645e-05
 step= 87000  E=1.089842133395e+02  Q=2.060000000000e+02  λ=1.006031e+00  dt=1.030e-03  relΔE=1.719e-12  ||F||=2.519e-05
 step= 87500  E=1.089842132405e+02  Q=2.060000000000e+02  λ=1.006030e+00  dt=7.973e-04  relΔE=1.247e-12  ||F||=2.422e-05
 step= 88000  E=1.089842131496e+02  Q=2.060000000000e+02  λ=1.006030e+00  dt=1.234e-03  relΔE=1.794e-12  ||F||=2.310e-05
 step= 88500  E=1.089842130654e+02  Q=2.060000000000e+02  λ=1.006030e+00  dt=9.551e-04  relΔE=1.298e-12  ||F||=2.214e-05
 step= 89000  E=1.089842129840e+02  Q=2.060000000000e+02  λ=1.006029e+00  dt=7.393e-04  relΔE=9.768e-13  ||F||=2.198e-05
 step= 89500  E=1.089842129111e+02  Q=2.060000000000e+02  λ=1.006029e+00  dt=1.144e-03  relΔE=1.359e-12  ||F||=2.031e-05
 step= 90000  E=1.089842128415e+02  Q=2.060000000000e+02  λ=1.006029e+00  dt=8.857e-04  relΔE=9.849e-13  ||F||=1.947e-05
 step= 90500  E=1.089842127748e+02  Q=2.060000000000e+02  λ=1.006028e+00  dt=1.371e-03  relΔE=1.421e-12  ||F||=2.632e-05
 step= 91000  E=1.089842127156e+02  Q=2.060000000000e+02  λ=1.006028e+00  dt=1.061e-03  relΔE=1.035e-12  ||F||=1.786e-05
 step= 91500  E=1.089842126577e+02  Q=2.060000000000e+02  λ=1.006028e+00  dt=8.212e-04  relΔE=7.519e-13  ||F||=1.715e-05
 step= 92000  E=1.089842126054e+02  Q=2.060000000000e+02  λ=1.006027e+00  dt=1.059e-03  relΔE=9.078e-13  ||F||=1.640e-05
 step= 92500  E=1.089842125548e+02  Q=2.060000000000e+02  λ=1.006027e+00  dt=8.199e-04  relΔE=6.595e-13  ||F||=1.574e-05
 step= 93000  E=1.089842125076e+02  Q=2.060000000000e+02  λ=1.006027e+00  dt=1.269e-03  relΔE=9.566e-13  ||F||=1.504e-05
 step= 93500  E=1.089842124639e+02  Q=2.060000000000e+02  λ=1.006027e+00  dt=9.823e-04  relΔE=6.954e-13  ||F||=1.442e-05
 step= 94000  E=1.089842124215e+02  Q=2.060000000000e+02  λ=1.006026e+00  dt=7.603e-04  relΔE=5.139e-13  ||F||=1.408e-05
 step= 94500  E=1.089842123831e+02  Q=2.060000000000e+02  λ=1.006026e+00  dt=1.177e-03  relΔE=7.350e-13  ||F||=1.323e-05
 step= 95000  E=1.089842123466e+02  Q=2.060000000000e+02  λ=1.006026e+00  dt=9.108e-04  relΔE=5.354e-13  ||F||=1.268e-05
 step= 95500  E=1.089842123112e+02  Q=2.060000000000e+02  λ=1.006026e+00  dt=1.410e-03  relΔE=4.767e-13  ||F||=1.602e-04
 step= 96000  E=1.089842122798e+02  Q=2.060000000000e+02  λ=1.006026e+00  dt=1.091e-03  relΔE=5.666e-13  ||F||=1.163e-05
 step= 96500  E=1.089842122490e+02  Q=2.060000000000e+02  λ=1.006025e+00  dt=8.446e-04  relΔE=4.131e-13  ||F||=1.117e-05
 step= 97000  E=1.089842122201e+02  Q=2.060000000000e+02  λ=1.006025e+00  dt=1.307e-03  relΔE=6.016e-13  ||F||=1.069e-05
 step= 97500  E=1.089842121936e+02  Q=2.060000000000e+02  λ=1.006025e+00  dt=1.012e-03  relΔE=4.394e-13  ||F||=1.023e-05
 step= 98000  E=1.089842121678e+02  Q=2.060000000000e+02  λ=1.006025e+00  dt=7.831e-04  relΔE=3.218e-13  ||F||=9.883e-06
 step= 98500  E=1.089842121439e+02  Q=2.060000000000e+02  λ=1.006025e+00  dt=1.212e-03  relΔE=4.677e-13  ||F||=9.384e-06
 step= 99000  E=1.089842121215e+02  Q=2.060000000000e+02  λ=1.006025e+00  dt=9.382e-04  relΔE=3.418e-13  ||F||=8.997e-06
 step= 99500  E=1.089842120997e+02  Q=2.060000000000e+02  λ=1.006025e+00  dt=7.261e-04  relΔE=2.612e-13  ||F||=9.221e-06
 step=100000  E=1.089842120800e+02  Q=2.060000000000e+02  λ=1.006024e+00  dt=1.124e-03  relΔE=3.643e-13  ||F||=8.255e-06
 step=100500  E=1.089842120609e+02  Q=2.060000000000e+02  λ=1.006024e+00  dt=8.700e-04  relΔE=2.669e-13  ||F||=7.919e-06
 step=101000  E=1.089842120426e+02  Q=2.060000000000e+02  λ=1.006024e+00  dt=1.347e-03  relΔE=3.890e-13  ||F||=8.167e-06
 step=101500  E=1.089842120260e+02  Q=2.060000000000e+02  λ=1.006024e+00  dt=1.042e-03  relΔE=2.849e-13  ||F||=7.260e-06
 step=102000  E=1.089842120097e+02  Q=2.060000000000e+02  λ=1.006024e+00  dt=8.067e-04  relΔE=2.098e-13  ||F||=7.025e-06
 step=102500  E=1.089842119946e+02  Q=2.060000000000e+02  λ=1.006024e+00  dt=1.249e-03  relΔE=3.053e-13  ||F||=6.660e-06
 step=103000  E=1.089842119804e+02  Q=2.060000000000e+02  λ=1.006024e+00  dt=9.664e-04  relΔE=2.240e-13  ||F||=6.385e-06
 step=103500  E=1.089842119665e+02  Q=2.060000000000e+02  λ=1.006024e+00  dt=7.480e-04  relΔE=1.693e-13  ||F||=6.485e-06
 step=104000  E=1.089842119538e+02  Q=2.060000000000e+02  λ=1.006023e+00  dt=1.158e-03  relΔE=2.403e-13  ||F||=5.859e-06
 step=104500  E=1.089842119417e+02  Q=2.060000000000e+02  λ=1.006023e+00  dt=8.961e-04  relΔE=1.766e-13  ||F||=5.618e-06
 step=105000  E=1.089842119298e+02  Q=2.060000000000e+02  λ=1.006023e+00  dt=1.387e-03  relΔE=2.483e-13  ||F||=3.119e-05
 step=105500  E=1.089842119192e+02  Q=2.060000000000e+02  λ=1.006023e+00  dt=1.074e-03  relΔE=1.900e-13  ||F||=5.154e-06
 step=106000  E=1.089842119087e+02  Q=2.060000000000e+02  λ=1.006023e+00  dt=8.309e-04  relΔE=1.397e-13  ||F||=4.953e-06
 step=106500  E=1.089842118988e+02  Q=2.060000000000e+02  λ=1.006023e+00  dt=1.286e-03  relΔE=2.046e-13  ||F||=4.731e-06
 step=107000  E=1.089842118896e+02  Q=2.060000000000e+02  λ=1.006023e+00  dt=9.955e-04  relΔE=1.503e-13  ||F||=4.534e-06
 step=107500  E=1.089842118805e+02  Q=2.060000000000e+02  λ=1.006023e+00  dt=7.705e-04  relΔE=1.112e-13  ||F||=4.429e-06
 step=108000  E=1.089842118722e+02  Q=2.060000000000e+02  λ=1.006023e+00  dt=1.193e-03  relΔE=1.626e-13  ||F||=4.160e-06
 step=108500  E=1.089842118643e+02  Q=2.060000000000e+02  λ=1.006023e+00  dt=9.231e-04  relΔE=1.194e-13  ||F||=3.989e-06
 step=109000  E=1.089842118564e+02  Q=2.060000000000e+02  λ=1.006023e+00  dt=7.144e-04  relΔE=1.007e-13  ||F||=5.163e-06
 step=109500  E=1.089842118494e+02  Q=2.060000000000e+02  λ=1.006023e+00  dt=1.106e-03  relΔE=1.294e-13  ||F||=3.661e-06
 step=110000  E=1.089842118425e+02  Q=2.060000000000e+02  λ=1.006023e+00  dt=8.559e-04  relΔE=9.532e-14  ||F||=3.521e-06
 step=110500  E=1.089842118359e+02  Q=2.060000000000e+02  λ=1.006023e+00  dt=1.325e-03  relΔE=1.399e-13  ||F||=3.485e-06
 step=111000  E=1.089842118298e+02  Q=2.060000000000e+02  λ=1.006022e+00  dt=1.025e-03  relΔE=1.031e-13  ||F||=3.221e-06
 step=111500  E=1.089842118239e+02  Q=2.060000000000e+02  λ=1.006022e+00  dt=7.937e-04  relΔE=7.589e-14  ||F||=3.127e-06
 step=112000  E=1.089842118182e+02  Q=2.060000000000e+02  λ=1.006022e+00  dt=1.229e-03  relΔE=1.117e-13  ||F||=2.956e-06
 step=112500  E=1.089842118130e+02  Q=2.060000000000e+02  λ=1.006022e+00  dt=9.508e-04  relΔE=8.215e-14  ||F||=2.835e-06
 step=113000  E=1.089842118078e+02  Q=2.060000000000e+02  λ=1.006022e+00  dt=7.359e-04  relΔE=6.220e-14  ||F||=2.939e-06
 step=113500  E=1.089842118030e+02  Q=2.060000000000e+02  λ=1.006022e+00  dt=1.139e-03  relΔE=8.958e-14  ||F||=2.601e-06
 step=114000  E=1.089842117984e+02  Q=2.060000000000e+02  λ=1.006022e+00  dt=8.817e-04  relΔE=6.572e-14  ||F||=2.496e-06
 step=114500  E=1.089842117939e+02  Q=2.060000000000e+02  λ=1.006022e+00  dt=1.365e-03  relΔE=9.701e-14  ||F||=5.601e-06
 step=115000  E=1.089842117898e+02  Q=2.060000000000e+02  λ=1.006022e+00  dt=1.056e-03  relΔE=7.198e-14  ||F||=2.289e-06
 step=115500  E=1.089842117858e+02  Q=2.060000000000e+02  λ=1.006022e+00  dt=8.175e-04  relΔE=5.307e-14  ||F||=2.211e-06
 step=116000  E=1.089842117819e+02  Q=2.060000000000e+02  λ=1.006022e+00  dt=1.265e-03  relΔE=7.824e-14  ||F||=2.101e-06
 step=116500  E=1.089842117784e+02  Q=2.060000000000e+02  λ=1.006022e+00  dt=9.794e-04  relΔE=5.803e-14  ||F||=2.014e-06
 step=117000  E=1.089842117749e+02  Q=2.060000000000e+02  λ=1.006022e+00  dt=1.263e-03  relΔE=7.119e-14  ||F||=1.976e-06
 step=117500  E=1.089842117716e+02  Q=2.060000000000e+02  λ=1.006022e+00  dt=9.778e-04  relΔE=5.242e-14  ||F||=1.851e-06
 step=118000  E=1.089842117684e+02  Q=2.060000000000e+02  λ=1.006022e+00  dt=7.568e-04  relΔE=3.938e-14  ||F||=1.920e-06
 step=118500  E=1.089842117655e+02  Q=2.060000000000e+02  λ=1.006022e+00  dt=1.172e-03  relΔE=5.724e-14  ||F||=1.699e-06
 step=119000  E=1.089842117626e+02  Q=2.060000000000e+02  λ=1.006022e+00  dt=9.067e-04  relΔE=4.264e-14  ||F||=1.630e-06
 step=119500  E=1.089842117598e+02  Q=2.060000000000e+02  λ=1.006022e+00  dt=1.404e-03  relΔE=2.112e-14  ||F||=6.092e-05
 step=120000  E=1.089842117572e+02  Q=2.060000000000e+02  λ=1.006022e+00  dt=1.086e-03  relΔE=4.603e-14  ||F||=1.495e-06
 step=120500  E=1.089842117547e+02  Q=2.060000000000e+02  λ=1.006022e+00  dt=8.408e-04  relΔE=3.429e-14  ||F||=1.446e-06
 step=121000  E=1.089842117523e+02  Q=2.060000000000e+02  λ=1.006022e+00  dt=1.301e-03  relΔE=5.046e-14  ||F||=1.394e-06
 step=121500  E=1.089842117501e+02  Q=2.060000000000e+02  λ=1.006022e+00  dt=1.007e-03  relΔE=3.742e-14  ||F||=1.316e-06
 step=122000  E=1.089842117479e+02  Q=2.060000000000e+02  λ=1.006022e+00  dt=7.796e-04  relΔE=2.751e-14  ||F||=1.316e-06
 step=122500  E=1.089842117458e+02  Q=2.060000000000e+02  λ=1.006022e+00  dt=1.207e-03  relΔE=4.081e-14  ||F||=1.208e-06
 step=123000  E=1.089842117438e+02  Q=2.060000000000e+02  λ=1.006022e+00  dt=9.340e-04  relΔE=3.012e-14  ||F||=1.158e-06
 step=123500  E=1.089842117419e+02  Q=2.060000000000e+02  λ=1.006022e+00  dt=7.229e-04  relΔE=2.334e-14  ||F||=1.558e-06
 step=124000  E=1.089842117401e+02  Q=2.060000000000e+02  λ=1.006022e+00  dt=1.119e-03  relΔE=3.312e-14  ||F||=1.063e-06
 step=124500  E=1.089842117384e+02  Q=2.060000000000e+02  λ=1.006022e+00  dt=8.660e-04  relΔE=2.451e-14  ||F||=1.023e-06
 step=125000  E=1.089842117367e+02  Q=2.060000000000e+02  λ=1.006022e+00  dt=1.341e-03  relΔE=3.599e-14  ||F||=1.214e-06
 step=125500  E=1.089842117352e+02  Q=2.060000000000e+02  λ=1.006022e+00  dt=1.038e-03  relΔE=2.673e-14  ||F||=9.360e-07
 step=126000  E=1.089842117336e+02  Q=2.060000000000e+02  λ=1.006022e+00  dt=8.030e-04  relΔE=2.008e-14  ||F||=9.205e-07
 step=126500  E=1.089842117322e+02  Q=2.060000000000e+02  λ=1.006022e+00  dt=1.243e-03  relΔE=2.934e-14  ||F||=8.591e-07
 step=127000  E=1.089842117308e+02  Q=2.060000000000e+02  λ=1.006022e+00  dt=9.621e-04  relΔE=2.178e-14  ||F||=8.241e-07
 step=127500  E=1.089842117295e+02  Q=2.060000000000e+02  λ=1.006022e+00  dt=7.446e-04  relΔE=1.630e-14  ||F||=1.000e-06
 step=128000  E=1.089842117282e+02  Q=2.060000000000e+02  λ=1.006022e+00  dt=1.153e-03  relΔE=2.412e-14  ||F||=7.563e-07
 step=128500  E=1.089842117270e+02  Q=2.060000000000e+02  λ=1.006022e+00  dt=8.921e-04  relΔE=1.786e-14  ||F||=7.263e-07
 step=129000  E=1.089842117258e+02  Q=2.060000000000e+02  λ=1.006022e+00  dt=1.381e-03  relΔE=2.425e-14  ||F||=1.203e-05
 step=129500  E=1.089842117248e+02  Q=2.060000000000e+02  λ=1.006022e+00  dt=1.069e-03  relΔE=1.943e-14  ||F||=6.659e-07
 step=130000  E=1.089842117237e+02  Q=2.060000000000e+02  λ=1.006022e+00  dt=8.272e-04  relΔE=1.421e-14  ||F||=6.538e-07
 step=130500  E=1.089842117227e+02  Q=2.060000000000e+02  λ=1.006022e+00  dt=1.280e-03  relΔE=2.112e-14  ||F||=6.143e-07
 step=131000  E=1.089842117217e+02  Q=2.060000000000e+02  λ=1.006021e+00  dt=9.910e-04  relΔE=1.552e-14  ||F||=5.865e-07
 step=131500  E=1.089842117208e+02  Q=2.060000000000e+02  λ=1.006021e+00  dt=7.670e-04  relΔE=1.187e-14  ||F||=6.438e-07
 step=132000  E=1.089842117199e+02  Q=2.060000000000e+02  λ=1.006021e+00  dt=1.187e-03  relΔE=1.721e-14  ||F||=5.382e-07
 step=132500  E=1.089842117191e+02  Q=2.060000000000e+02  λ=1.006021e+00  dt=9.189e-04  relΔE=1.291e-14  ||F||=5.166e-07
 step=133000  E=1.089842117182e+02  Q=2.060000000000e+02  λ=1.006021e+00  dt=7.112e-04  relΔE=1.095e-14  ||F||=1.292e-06
 step=133500  E=1.089842117175e+02  Q=2.060000000000e+02  λ=1.006021e+00  dt=1.101e-03  relΔE=1.421e-14  ||F||=4.740e-07
 step=134000  E=1.089842117167e+02  Q=2.060000000000e+02  λ=1.006021e+00  dt=8.521e-04  relΔE=1.004e-14  ||F||=4.593e-07
 step=134500  E=1.089842117160e+02  Q=2.060000000000e+02  λ=1.006021e+00  dt=1.319e-03  relΔE=1.526e-14  ||F||=4.958e-07
 step=135000  E=1.089842117153e+02  Q=2.060000000000e+02  λ=1.006021e+00  dt=1.021e-03  relΔE=1.121e-14  ||F||=4.174e-07
 step=135500  E=1.089842117147e+02  Q=2.060000000000e+02  λ=1.006021e+00  dt=7.901e-04  relΔE=8.476e-15  ||F||=4.269e-07
 step=136000  E=1.089842117141e+02  Q=2.060000000000e+02  λ=1.006021e+00  dt=1.223e-03  relΔE=1.239e-14  ||F||=3.832e-07
 step=136500  E=1.089842117135e+02  Q=2.060000000000e+02  λ=1.006021e+00  dt=9.466e-04  relΔE=9.258e-15  ||F||=3.678e-07
 step=137000  E=1.089842117129e+02  Q=2.060000000000e+02  λ=1.006021e+00  dt=7.326e-04  relΔE=7.041e-15  ||F||=5.829e-07
 step=137500  E=1.089842117123e+02  Q=2.060000000000e+02  λ=1.006021e+00  dt=1.134e-03  relΔE=1.043e-14  ||F||=3.375e-07
 step=138000  E=1.089842117118e+02  Q=2.060000000000e+02  λ=1.006021e+00  dt=8.777e-04  relΔE=7.563e-15  ||F||=3.251e-07
 step=138500  E=1.089842117113e+02  Q=2.060000000000e+02  λ=1.006021e+00  dt=1.359e-03  relΔE=1.108e-14  ||F||=1.564e-06
 step=139000  E=1.089842117108e+02  Q=2.060000000000e+02  λ=1.006021e+00  dt=1.052e-03  relΔE=8.084e-15  ||F||=2.972e-07
 step=139500  E=1.089842117104e+02  Q=2.060000000000e+02  λ=1.006021e+00  dt=8.138e-04  relΔE=6.259e-15  ||F||=3.026e-07
 step=140000  E=1.089842117099e+02  Q=2.060000000000e+02  λ=1.006021e+00  dt=1.260e-03  relΔE=8.997e-15  ||F||=2.729e-07
 step=140500  E=1.089842117095e+02  Q=2.060000000000e+02  λ=1.006021e+00  dt=9.750e-04  relΔE=6.650e-15  ||F||=2.618e-07
 step=141000  E=1.089842117091e+02  Q=2.060000000000e+02  λ=1.006021e+00  dt=7.546e-04  relΔE=5.216e-15  ||F||=3.691e-07
 step=141500  E=1.089842117087e+02  Q=2.060000000000e+02  λ=1.006021e+00  dt=1.168e-03  relΔE=7.302e-15  ||F||=2.403e-07
 step=142000  E=1.089842117083e+02  Q=2.060000000000e+02  λ=1.006021e+00  dt=9.041e-04  relΔE=5.477e-15  ||F||=2.315e-07
 step=142500  E=1.089842117080e+02  Q=2.060000000000e+02  λ=1.006021e+00  dt=6.997e-04  relΔE=6.259e-15  ||F||=6.158e-06
 step=143000  E=1.089842117076e+02  Q=2.060000000000e+02  λ=1.006021e+00  dt=1.083e-03  relΔE=5.868e-15  ||F||=2.117e-07
 step=143500  E=1.089842117073e+02  Q=2.060000000000e+02  λ=1.006021e+00  dt=8.383e-04  relΔE=4.173e-15  ||F||=2.118e-07
 step=144000  E=1.089842117070e+02  Q=2.060000000000e+02  λ=1.006021e+00  dt=1.298e-03  relΔE=6.650e-15  ||F||=3.424e-07
 step=144500  E=1.089842117067e+02  Q=2.060000000000e+02  λ=1.006021e+00  dt=8.370e-04  relΔE=3.912e-15  ||F||=1.871e-07
 step=145000  E=1.089842117064e+02  Q=2.060000000000e+02  λ=1.006021e+00  dt=1.296e-03  relΔE=6.129e-15  ||F||=1.788e-07
 step=145500  E=1.089842117062e+02  Q=2.060000000000e+02  λ=1.006021e+00  dt=1.003e-03  relΔE=4.433e-15  ||F||=1.715e-07
 step=146000  E=1.089842117059e+02  Q=2.060000000000e+02  λ=1.006021e+00  dt=7.761e-04  relΔE=3.129e-15  ||F||=1.953e-07
 step=146500  E=1.089842117056e+02  Q=2.060000000000e+02  λ=1.006021e+00  dt=1.201e-03  relΔE=4.955e-15  ||F||=1.575e-07
 step=147000  E=1.089842117054e+02  Q=2.060000000000e+02  λ=1.006021e+00  dt=9.298e-04  relΔE=3.781e-15  ||F||=1.513e-07
 step=147500  E=1.089842117052e+02  Q=2.060000000000e+02  λ=1.006021e+00  dt=7.196e-04  relΔE=2.477e-15  ||F||=3.412e-07
 step=148000  E=1.089842117049e+02  Q=2.060000000000e+02  λ=1.006021e+00  dt=1.114e-03  relΔE=4.173e-15  ||F||=1.387e-07
 step=148500  E=1.089842117047e+02  Q=2.060000000000e+02  λ=1.006021e+00  dt=8.621e-04  relΔE=3.129e-15  ||F||=1.354e-07
 step=149000  E=1.089842117045e+02  Q=2.060000000000e+02  λ=1.006021e+00  dt=1.335e-03  relΔE=4.825e-15  ||F||=3.234e-07
 step=149500  E=1.089842117043e+02  Q=2.060000000000e+02  λ=1.006021e+00  dt=1.033e-03  relΔE=3.390e-15  ||F||=1.222e-07
 step=150000  E=1.089842117041e+02  Q=2.060000000000e+02  λ=1.006021e+00  dt=7.994e-04  relΔE=2.477e-15  ||F||=1.368e-07
 step=150500  E=1.089842117040e+02  Q=2.060000000000e+02  λ=1.006021e+00  dt=1.237e-03  relΔE=3.651e-15  ||F||=1.122e-07
 step=151000  E=1.089842117038e+02  Q=2.060000000000e+02  λ=1.006021e+00  dt=9.577e-04  relΔE=2.999e-15  ||F||=1.078e-07
 step=151500  E=1.089842117036e+02  Q=2.060000000000e+02  λ=1.006021e+00  dt=7.413e-04  relΔE=2.086e-15  ||F||=2.076e-07
 step=152000  E=1.089842117035e+02  Q=2.060000000000e+02  λ=1.006021e+00  dt=1.147e-03  relΔE=2.999e-15  ||F||=9.888e-08
 step=152500  E=1.089842117033e+02  Q=2.060000000000e+02  λ=1.006021e+00  dt=8.881e-04  relΔE=2.217e-15  ||F||=9.574e-08
 step=153000  E=1.089842117032e+02  Q=2.060000000000e+02  λ=1.006021e+00  dt=1.375e-03  relΔE=3.260e-15  ||F||=4.110e-06
 step=153500  E=1.089842117030e+02  Q=2.060000000000e+02  λ=1.006021e+00  dt=1.064e-03  relΔE=2.477e-15  ||F||=8.714e-08
 step=154000  E=1.089842117029e+02  Q=2.060000000000e+02  λ=1.006021e+00  dt=8.235e-04  relΔE=1.695e-15  ||F||=8.727e-08
 step=154500  E=1.089842117028e+02  Q=2.060000000000e+02  λ=1.006021e+00  dt=1.275e-03  relΔE=2.347e-15  ||F||=8.096e-08
 step=155000  E=1.089842117027e+02  Q=2.060000000000e+02  λ=1.006021e+00  dt=9.865e-04  relΔE=1.956e-15  ||F||=7.684e-08
 step=155500  E=1.089842117025e+02  Q=2.060000000000e+02  λ=1.006021e+00  dt=7.636e-04  relΔE=1.565e-15  ||F||=1.097e-07
 step=156000  E=1.089842117024e+02  Q=2.060000000000e+02  λ=1.006021e+00  dt=1.182e-03  relΔE=1.956e-15  ||F||=7.051e-08
 step=156500  E=1.089842117023e+02  Q=2.060000000000e+02  λ=1.006021e+00  dt=9.148e-04  relΔE=1.695e-15  ||F||=6.784e-08
 step=157000  E=1.089842117022e+02  Q=2.060000000000e+02  λ=1.006021e+00  dt=7.080e-04  relΔE=1.304e-15  ||F||=2.895e-07
 step=157500  E=1.089842117021e+02  Q=2.060000000000e+02  λ=1.006021e+00  dt=1.096e-03  relΔE=1.695e-15  ||F||=6.215e-08
 step=158000  E=1.089842117020e+02  Q=2.060000000000e+02  λ=1.006021e+00  dt=8.482e-04  relΔE=1.304e-15  ||F||=6.481e-08
 step=158500  E=1.089842117019e+02  Q=2.060000000000e+02  λ=1.006021e+00  dt=1.313e-03  relΔE=1.826e-15  ||F||=1.988e-07
 step=159000  E=1.089842117018e+02  Q=2.060000000000e+02  λ=1.006021e+00  dt=1.016e-03  relΔE=1.304e-15  ||F||=5.480e-08
 step=159500  E=1.089842117018e+02  Q=2.060000000000e+02  λ=1.006021e+00  dt=7.865e-04  relΔE=1.043e-15  ||F||=7.493e-08
 step=160000  E=1.089842117017e+02  Q=2.060000000000e+02  λ=1.006021e+00  dt=1.217e-03  relΔE=1.565e-15  ||F||=5.031e-08
 Converged (aggressive): step=160116, E=1.089842117017e+02, Q=2.060000000000e+02, dt=8.766e-04, ||F||=4.999e-08

Stationary candidate (aggressive): E=1.089842117017e+02, Q=2.060000000000e+02, maxρ=2.829205e-01

=== Stability test (damped inertial dynamics) ===
Perturb eps=0.02, gamma=1
t=0: E=1.191504588941e+02, Q=2.060000000000e+02, maxρ=2.930127e-01, σ=3.488662e+00, Rc=1.811713e+01
 step=     1  E=1.191504075999e+02  Q=2.060000000000e+02  λ=1.398185e+00  maxρ=2.930127e-01  minρ=1.955e-14  σ=3.488662e+00  Rc=1.811713e+01
 step=   300  E=1.170477809510e+02  Q=2.060000000000e+02  λ=1.293313e+00  maxρ=2.925158e-01  minρ=1.974e-14  σ=3.488659e+00  Rc=1.811713e+01
 step=   600  E=1.128240731713e+02  Q=2.060000000000e+02  λ=1.103787e+00  maxρ=2.911145e-01  minρ=1.957e-14  σ=3.488653e+00  Rc=1.811713e+01
 step=   900  E=1.103632861951e+02  Q=2.060000000000e+02  λ=1.044269e+00  maxρ=2.890416e-01  minρ=1.922e-14  σ=3.488652e+00  Rc=1.811713e+01
 step=  1200  E=1.113197348207e+02  Q=2.060000000000e+02  λ=1.154518e+00  maxρ=2.881367e-01  minρ=1.895e-14  σ=3.488656e+00  Rc=1.811712e+01
 step=  1500  E=1.138556473257e+02  Q=2.060000000000e+02  λ=1.272735e+00  maxρ=2.890839e-01  minρ=1.862e-14  σ=3.488657e+00  Rc=1.811712e+01
 step=  1800  E=1.151388975084e+02  Q=2.060000000000e+02  λ=1.257083e+00  maxρ=2.900098e-01  minρ=1.840e-14  σ=3.488654e+00  Rc=1.811712e+01
 step=  2100  E=1.143702329890e+02  Q=2.060000000000e+02  λ=1.153260e+00  maxρ=2.885341e-01  minρ=1.734e-14  σ=3.488649e+00  Rc=1.811712e+01
 step=  2400  E=1.130384511643e+02  Q=2.060000000000e+02  λ=1.106585e+00  maxρ=2.855532e-01  minρ=1.692e-14  σ=3.488650e+00  Rc=1.811712e+01
 step=  2700  E=1.127187980239e+02  Q=2.060000000000e+02  λ=1.163837e+00  maxρ=2.876302e-01  minρ=1.741e-14  σ=3.488655e+00  Rc=1.811712e+01
 step=  3000  E=1.133619393296e+02  Q=2.060000000000e+02  λ=1.230912e+00  maxρ=2.912443e-01  minρ=1.694e-14  σ=3.488657e+00  Rc=1.811712e+01
 step=  3300  E=1.138341821951e+02  Q=2.060000000000e+02  λ=1.216663e+00  maxρ=2.919944e-01  minρ=1.640e-14  σ=3.488653e+00  Rc=1.811712e+01
 step=  3600  E=1.135278100968e+02  Q=2.060000000000e+02  λ=1.149633e+00  maxρ=2.899868e-01  minρ=1.426e-14  σ=3.488648e+00  Rc=1.811713e+01
 step=  3900  E=1.129224771026e+02  Q=2.060000000000e+02  λ=1.121170e+00  maxρ=2.891032e-01  minρ=1.307e-14  σ=3.488648e+00  Rc=1.811712e+01
 step=  4200  E=1.127198861003e+02  Q=2.060000000000e+02  λ=1.156375e+00  maxρ=2.880983e-01  minρ=1.314e-14  σ=3.488653e+00  Rc=1.811712e+01
 step=  4500  E=1.129505692311e+02  Q=2.060000000000e+02  λ=1.193101e+00  maxρ=2.878363e-01  minρ=1.075e-14  σ=3.488655e+00  Rc=1.811712e+01
 step=  4800  E=1.131310269940e+02  Q=2.060000000000e+02  λ=1.179031e+00  maxρ=2.889063e-01  minρ=9.828e-15  σ=3.488652e+00  Rc=1.811712e+01
 step=  5100  E=1.129988360090e+02  Q=2.060000000000e+02  λ=1.139196e+00  maxρ=2.890273e-01  minρ=9.187e-15  σ=3.488647e+00  Rc=1.811712e+01
 step=  5400  E=1.127636946151e+02  Q=2.060000000000e+02  λ=1.129107e+00  maxρ=2.886869e-01  minρ=2.328e-15  σ=3.488645e+00  Rc=1.811712e+01
 step=  5700  E=1.126933540969e+02  Q=2.060000000000e+02  λ=1.154969e+00  maxρ=2.877006e-01  minρ=1.000e-15  σ=3.488647e+00  Rc=1.811711e+01
 step=  6000  E=1.127472443000e+02  Q=2.060000000000e+02  λ=1.173486e+00  maxρ=2.870327e-01  minρ=1.000e-15  σ=3.488648e+00  Rc=1.811711e+01
 >>> No runaway detected in this horizon. Likely stable (within this model & box).

STABILITY: PASS
