
=== Aggressive relaxation to Q = 1657 ===
Initial: E=1.358694064437e+03, Q=1.657000000000e+03, dt=1.000e-04
 step=     1  E=1.358639762068e+03  Q=1.657000000000e+03  λ=1.743459e+00  dt=1.000e-04  relΔE=3.997e-05  ||F||=5.730e-01
 step=   500  E=1.303594061318e+03  Q=1.657000000000e+03  λ=1.632081e+00  dt=6.192e-04  relΔE=1.341e-04  ||F||=4.526e-01
 step=  1000  E=1.205026281512e+03  Q=1.657000000000e+03  λ=1.441956e+00  dt=9.584e-04  relΔE=9.673e-05  ||F||=2.970e-01
 step=  1500  E=1.152112755262e+03  Q=1.657000000000e+03  λ=1.348117e+00  dt=1.236e-03  relΔE=8.455e-05  ||F||=2.390e-01
 step=  2000  E=1.113352462122e+03  Q=1.657000000000e+03  λ=1.284061e+00  dt=9.569e-04  relΔE=5.057e-05  ||F||=2.065e-01
 step=  2500  E=1.083282498001e+03  Q=1.657000000000e+03  λ=1.237147e+00  dt=7.406e-04  relΔE=3.371e-05  ||F||=1.891e-01
 step=  3000  E=1.059462932130e+03  Q=1.657000000000e+03  λ=1.201581e+00  dt=1.146e-03  relΔE=4.311e-05  ||F||=1.699e-01
 step=  3500  E=1.038857732159e+03  Q=1.657000000000e+03  λ=1.171750e+00  dt=8.873e-04  relΔE=2.916e-05  ||F||=1.573e-01
 step=  4000  E=1.020674999802e+03  Q=1.657000000000e+03  λ=1.146134e+00  dt=1.373e-03  relΔE=3.973e-05  ||F||=1.595e-01
 step=  4500  E=1.005553020903e+03  Q=1.657000000000e+03  λ=1.125232e+00  dt=1.063e-03  relΔE=2.755e-05  ||F||=1.374e-01
 step=  5000  E=9.916357582233e+02  Q=1.657000000000e+03  λ=1.106326e+00  dt=8.227e-04  relΔE=1.919e-05  ||F||=1.294e-01
 step=  5500  E=9.794540831507e+02  Q=1.657000000000e+03  λ=1.090037e+00  dt=1.274e-03  relΔE=2.676e-05  ||F||=1.221e-01
 step=  6000  E=9.686334149666e+02  Q=1.657000000000e+03  λ=1.075729e+00  dt=9.857e-04  relΔE=1.885e-05  ||F||=1.158e-01
 step=  6500  E=9.585968453254e+02  Q=1.657000000000e+03  λ=1.062605e+00  dt=7.629e-04  relΔE=1.356e-05  ||F||=1.111e-01
 step=  7000  E=9.497944328146e+02  Q=1.657000000000e+03  λ=1.051220e+00  dt=1.181e-03  relΔE=1.890e-05  ||F||=1.049e-01
 step=  7500  E=9.416979324210e+02  Q=1.657000000000e+03  λ=1.040827e+00  dt=9.140e-04  relΔE=1.348e-05  ||F||=1.003e-01
 step=  8000  E=9.340420927380e+02  Q=1.657000000000e+03  λ=1.031184e+00  dt=1.415e-03  relΔE=1.612e-05  ||F||=4.723e-01
 step=  8500  E=9.274030550173e+02  Q=1.657000000000e+03  λ=1.022698e+00  dt=1.095e-03  relΔE=1.386e-05  ||F||=9.220e-02
 step=  9000  E=9.210231161542e+02  Q=1.657000000000e+03  λ=1.014689e+00  dt=8.475e-04  relΔE=9.994e-06  ||F||=8.870e-02
 step=  9500  E=9.151272900304e+02  Q=1.657000000000e+03  λ=1.007345e+00  dt=1.312e-03  relΔE=1.443e-05  ||F||=8.544e-02
 step= 10000  E=9.097653228715e+02  Q=1.657000000000e+03  λ=1.000696e+00  dt=1.015e-03  relΔE=1.048e-05  ||F||=8.249e-02
 step= 10500  E=9.045983742500e+02  Q=1.657000000000e+03  λ=9.943278e-01  dt=7.858e-04  relΔE=7.697e-06  ||F||=8.012e-02
 step= 11000  E=8.998714459062e+02  Q=1.657000000000e+03  λ=9.885404e-01  dt=1.216e-03  relΔE=1.115e-05  ||F||=7.729e-02
 step= 11500  E=8.954210945744e+02  Q=1.657000000000e+03  λ=9.831131e-01  dt=9.414e-04  relΔE=8.175e-06  ||F||=7.504e-02
 step= 12000  E=8.910784209983e+02  Q=1.657000000000e+03  λ=9.778456e-01  dt=7.286e-04  relΔE=6.437e-06  ||F||=7.560e-02
 step= 12500  E=8.871700712047e+02  Q=1.657000000000e+03  λ=9.731322e-01  dt=1.128e-03  relΔE=8.867e-06  ||F||=7.107e-02
 step= 13000  E=8.833421452677e+02  Q=1.657000000000e+03  λ=9.685322e-01  dt=8.730e-04  relΔE=6.567e-06  ||F||=6.938e-02
 step= 13500  E=8.796466117619e+02  Q=1.657000000000e+03  λ=9.641171e-01  dt=1.351e-03  relΔE=9.741e-06  ||F||=6.838e-02
 step= 14000  E=8.762424710140e+02  Q=1.657000000000e+03  λ=9.600617e-01  dt=1.046e-03  relΔE=7.267e-06  ||F||=6.641e-02
 step= 14500  E=8.728499212519e+02  Q=1.657000000000e+03  λ=9.560370e-01  dt=8.095e-04  relΔE=5.448e-06  ||F||=6.523e-02
 step= 15000  E=8.696278528292e+02  Q=1.657000000000e+03  λ=9.522336e-01  dt=1.253e-03  relΔE=8.159e-06  ||F||=6.404e-02
 step= 15500  E=8.665383719897e+02  Q=1.657000000000e+03  λ=9.485944e-01  dt=9.698e-04  relΔE=6.152e-06  ||F||=6.310e-02
 step= 16000  E=8.634314428603e+02  Q=1.657000000000e+03  λ=9.449465e-01  dt=7.506e-04  relΔE=4.774e-06  ||F||=6.309e-02
 step= 16500  E=8.605170528771e+02  Q=1.657000000000e+03  λ=9.415372e-01  dt=1.162e-03  relΔE=7.072e-06  ||F||=6.159e-02
 step= 17000  E=8.576158134031e+02  Q=1.657000000000e+03  λ=9.381465e-01  dt=8.992e-04  relΔE=5.398e-06  ||F||=6.106e-02
 step= 17500  E=8.546747920443e+02  Q=1.657000000000e+03  λ=9.347220e-01  dt=1.392e-03  relΔE=8.170e-06  ||F||=1.011e-01
 step= 18000  E=8.519302905971e+02  Q=1.657000000000e+03  λ=9.315192e-01  dt=1.077e-03  relΔE=6.364e-06  ||F||=6.038e-02
 step= 18500  E=8.490772164453e+02  Q=1.657000000000e+03  λ=9.281939e-01  dt=8.338e-04  relΔE=4.928e-06  ||F||=6.029e-02
 step= 19000  E=8.462634540240e+02  Q=1.657000000000e+03  λ=9.249166e-01  dt=1.291e-03  relΔE=7.644e-06  ||F||=6.025e-02
 step= 19500  E=8.434824604772e+02  Q=1.657000000000e+03  λ=9.216688e-01  dt=9.989e-04  relΔE=5.965e-06  ||F||=6.040e-02
 step= 20000  E=8.405938806171e+02  Q=1.657000000000e+03  λ=9.182885e-01  dt=7.731e-04  relΔE=4.732e-06  ||F||=6.105e-02
 step= 20500  E=8.377576074528e+02  Q=1.657000000000e+03  λ=9.149630e-01  dt=1.197e-03  relΔE=7.367e-06  ||F||=6.111e-02
 step= 21000  E=8.348538829133e+02  Q=1.657000000000e+03  λ=9.115410e-01  dt=9.263e-04  relΔE=5.829e-06  ||F||=6.169e-02
 step= 21500  E=8.317917591945e+02  Q=1.657000000000e+03  λ=9.079376e-01  dt=7.169e-04  relΔE=7.301e-06  ||F||=2.209e-01
 step= 22000  E=8.288263292993e+02  Q=1.657000000000e+03  λ=9.043897e-01  dt=1.110e-03  relΔE=7.387e-06  ||F||=6.321e-02
 step= 22500  E=8.256614100576e+02  Q=1.657000000000e+03  λ=9.005996e-01  dt=8.589e-04  relΔE=5.924e-06  ||F||=6.422e-02
 step= 23000  E=8.223850176838e+02  Q=1.657000000000e+03  λ=8.966551e-01  dt=1.329e-03  relΔE=9.507e-06  ||F||=6.543e-02
 step= 23500  E=8.190903804464e+02  Q=1.657000000000e+03  λ=8.926557e-01  dt=1.029e-03  relΔE=7.650e-06  ||F||=6.641e-02
 step= 24000  E=8.155641503050e+02  Q=1.657000000000e+03  λ=8.883455e-01  dt=7.964e-04  relΔE=6.210e-06  ||F||=6.787e-02
 step= 24500  E=8.119630288411e+02  Q=1.657000000000e+03  λ=8.839176e-01  dt=1.233e-03  relΔE=9.968e-06  ||F||=6.896e-02
 step= 25000  E=8.082556228737e+02  Q=1.657000000000e+03  λ=8.793219e-01  dt=9.541e-04  relΔE=8.044e-06  ||F||=7.025e-02
 step= 25500  E=8.042699734090e+02  Q=1.657000000000e+03  λ=8.743499e-01  dt=7.385e-04  relΔE=6.731e-06  ||F||=7.290e-02
 step= 26000  E=8.003268267554e+02  Q=1.657000000000e+03  λ=8.694072e-01  dt=1.143e-03  relΔE=1.042e-05  ||F||=7.271e-02
 step= 26500  E=7.961629240469e+02  Q=1.657000000000e+03  λ=8.641554e-01  dt=8.847e-04  relΔE=8.352e-06  ||F||=7.378e-02
 step= 27000  E=7.918154749694e+02  Q=1.657000000000e+03  λ=8.586565e-01  dt=1.369e-03  relΔE=1.328e-05  ||F||=7.868e-02
 step= 27500  E=7.875813637967e+02  Q=1.657000000000e+03  λ=8.532765e-01  dt=1.060e-03  relΔE=1.049e-05  ||F||=7.515e-02
 step= 28000  E=7.831294226544e+02  Q=1.657000000000e+03  λ=8.476101e-01  dt=8.203e-04  relΔE=8.243e-06  ||F||=7.549e-02
 step= 28500  E=7.787431501625e+02  Q=1.657000000000e+03  λ=8.420304e-01  dt=1.270e-03  relΔE=1.273e-05  ||F||=7.519e-02
 step= 29000  E=7.744481279787e+02  Q=1.657000000000e+03  λ=8.365631e-01  dt=9.828e-04  relΔE=9.742e-06  ||F||=7.456e-02
 step= 29500  E=7.701179324448e+02  Q=1.657000000000e+03  λ=8.310626e-01  dt=7.607e-04  relΔE=7.500e-06  ||F||=7.418e-02
 step= 30000  E=7.660912719274e+02  Q=1.657000000000e+03  λ=8.259699e-01  dt=1.177e-03  relΔE=1.095e-05  ||F||=7.182e-02
 step= 30500  E=7.622220298678e+02  Q=1.657000000000e+03  λ=8.210922e-01  dt=9.113e-04  relΔE=8.028e-06  ||F||=6.973e-02
 step= 31000  E=7.584927922014e+02  Q=1.657000000000e+03  λ=8.164491e-01  dt=1.411e-03  relΔE=1.051e-05  ||F||=2.471e-01
 step= 31500  E=7.552588495905e+02  Q=1.657000000000e+03  λ=8.123995e-01  dt=1.092e-03  relΔE=8.224e-06  ||F||=6.419e-02
 step= 32000  E=7.521959538598e+02  Q=1.657000000000e+03  λ=8.086194e-01  dt=8.450e-04  relΔE=5.747e-06  ||F||=6.087e-02
 step= 32500  E=7.494826717310e+02  Q=1.657000000000e+03  λ=8.053073e-01  dt=1.308e-03  relΔE=7.895e-06  ||F||=5.725e-02
 step= 33000  E=7.471386709853e+02  Q=1.657000000000e+03  λ=8.024735e-01  dt=1.012e-03  relΔE=5.362e-06  ||F||=5.353e-02
 step= 33500  E=7.450478109273e+02  Q=1.657000000000e+03  λ=7.999780e-01  dt=7.835e-04  relΔE=3.599e-06  ||F||=4.979e-02
 step= 34000  E=7.432986775607e+02  Q=1.657000000000e+03  λ=7.979226e-01  dt=1.213e-03  relΔE=4.723e-06  ||F||=4.578e-02
 step= 34500  E=7.418160421841e+02  Q=1.657000000000e+03  λ=7.962063e-01  dt=9.387e-04  relΔE=3.082e-06  ||F||=4.199e-02
 step= 35000  E=7.405397044421e+02  Q=1.657000000000e+03  λ=7.947571e-01  dt=7.265e-04  relΔE=2.287e-06  ||F||=4.128e-02
 step= 35500  E=7.395376316288e+02  Q=1.657000000000e+03  λ=7.936438e-01  dt=1.125e-03  relΔE=2.533e-06  ||F||=3.473e-02
 step= 36000  E=7.386879650503e+02  Q=1.657000000000e+03  λ=7.927216e-01  dt=8.704e-04  relΔE=1.601e-06  ||F||=3.136e-02
 step= 36500  E=7.379930722536e+02  Q=1.657000000000e+03  λ=7.919896e-01  dt=1.347e-03  relΔE=1.998e-06  ||F||=2.871e-02
 step= 37000  E=7.374530903706e+02  Q=1.657000000000e+03  λ=7.914383e-01  dt=1.043e-03  relΔE=1.249e-06  ||F||=2.529e-02
 step= 37500  E=7.370041565293e+02  Q=1.657000000000e+03  λ=7.909970e-01  dt=8.071e-04  relΔE=7.727e-07  ||F||=2.260e-02
 step= 38000  E=7.366523481594e+02  Q=1.657000000000e+03  λ=7.906668e-01  dt=1.249e-03  relΔE=9.469e-07  ||F||=2.010e-02
 step= 38500  E=7.363767839846e+02  Q=1.657000000000e+03  λ=7.904211e-01  dt=9.670e-04  relΔE=5.809e-07  ||F||=1.790e-02
 step= 39000  E=7.361520735943e+02  Q=1.657000000000e+03  λ=7.902330e-01  dt=7.484e-04  relΔE=3.612e-07  ||F||=1.604e-02
 step= 39500  E=7.359826188032e+02  Q=1.657000000000e+03  λ=7.901016e-01  dt=1.158e-03  relΔE=4.287e-07  ||F||=1.404e-02
 step= 40000  E=7.358475490660e+02  Q=1.657000000000e+03  λ=7.900060e-01  dt=8.966e-04  relΔE=2.594e-07  ||F||=1.241e-02
 step= 40500  E=7.357396873643e+02  Q=1.657000000000e+03  λ=7.899382e-01  dt=1.388e-03  relΔE=3.087e-07  ||F||=1.514e-02
 step= 41000  E=7.356602758092e+02  Q=1.657000000000e+03  λ=7.898950e-01  dt=1.074e-03  relΔE=1.881e-07  ||F||=9.654e-03
 step= 41500  E=7.355957595071e+02  Q=1.657000000000e+03  λ=7.898662e-01  dt=8.314e-04  relΔE=1.126e-07  ||F||=8.491e-03
 step= 42000  E=7.355465567290e+02  Q=1.657000000000e+03  λ=7.898496e-01  dt=1.287e-03  relΔE=1.347e-07  ||F||=7.462e-03
 step= 42500  E=7.355088949185e+02  Q=1.657000000000e+03  λ=7.898416e-01  dt=9.960e-04  relΔE=8.075e-08  ||F||=6.567e-03
 step= 43000  E=7.354789881767e+02  Q=1.657000000000e+03  λ=7.898393e-01  dt=7.709e-04  relΔE=4.863e-08  ||F||=5.793e-03
 step= 43500  E=7.354566259310e+02  Q=1.657000000000e+03  λ=7.898411e-01  dt=1.193e-03  relΔE=5.743e-08  ||F||=5.059e-03
 step= 44000  E=7.354392611675e+02  Q=1.657000000000e+03  λ=7.898454e-01  dt=9.236e-04  relΔE=3.428e-08  ||F||=4.442e-03
 step= 44500  E=7.354254711035e+02  Q=1.657000000000e+03  λ=7.898528e-01  dt=5.957e-04  relΔE=8.693e-08  ||F||=5.125e-02
 step= 45000  E=7.354154785602e+02  Q=1.657000000000e+03  λ=7.898581e-01  dt=9.221e-04  relΔE=2.028e-08  ||F||=3.419e-03
 step= 45500  E=7.354073335288e+02  Q=1.657000000000e+03  λ=7.898659e-01  dt=1.427e-03  relΔE=7.484e-09  ||F||=2.854e-02
 step= 46000  E=7.354013870246e+02  Q=1.657000000000e+03  λ=7.898724e-01  dt=1.105e-03  relΔE=1.435e-08  ||F||=2.627e-03
 step= 46500  E=7.353966501281e+02  Q=1.657000000000e+03  λ=7.898794e-01  dt=8.550e-04  relΔE=8.522e-09  ||F||=2.301e-03
 step= 47000  E=7.353930135440e+02  Q=1.657000000000e+03  λ=7.898859e-01  dt=1.323e-03  relΔE=1.011e-08  ||F||=2.016e-03
 step= 47500  E=7.353902868335e+02  Q=1.657000000000e+03  λ=7.898919e-01  dt=1.024e-03  relΔE=6.036e-09  ||F||=1.769e-03
 step= 48000  E=7.353881244610e+02  Q=1.657000000000e+03  λ=7.898974e-01  dt=7.928e-04  relΔE=3.603e-09  ||F||=1.554e-03
 step= 48500  E=7.353864984007e+02  Q=1.657000000000e+03  λ=7.899024e-01  dt=1.227e-03  relΔE=4.262e-09  ||F||=1.358e-03
 step= 49000  E=7.353852496277e+02  Q=1.657000000000e+03  λ=7.899068e-01  dt=9.498e-04  relΔE=2.542e-09  ||F||=1.192e-03
 step= 49500  E=7.353842585622e+02  Q=1.657000000000e+03  λ=7.899108e-01  dt=7.351e-04  relΔE=1.604e-09  ||F||=1.078e-03
 step= 50000  E=7.353835325811e+02  Q=1.657000000000e+03  λ=7.899142e-01  dt=1.138e-03  relΔE=1.801e-09  ||F||=9.173e-04
 step= 50500  E=7.353829573845e+02  Q=1.657000000000e+03  λ=7.899173e-01  dt=8.807e-04  relΔE=1.073e-09  ||F||=8.049e-04
 step= 51000  E=7.353825088475e+02  Q=1.657000000000e+03  λ=7.899201e-01  dt=1.363e-03  relΔE=1.271e-09  ||F||=7.209e-04
 step= 51500  E=7.353821776180e+02  Q=1.657000000000e+03  λ=7.899223e-01  dt=1.055e-03  relΔE=7.627e-10  ||F||=6.206e-04
 step= 52000  E=7.353819124751e+02  Q=1.657000000000e+03  λ=7.899244e-01  dt=8.166e-04  relΔE=4.542e-10  ||F||=5.448e-04
 step= 52500  E=7.353817113094e+02  Q=1.657000000000e+03  λ=7.899262e-01  dt=1.264e-03  relΔE=5.409e-10  ||F||=4.784e-04
 step= 53000  E=7.353815576016e+02  Q=1.657000000000e+03  λ=7.899277e-01  dt=9.784e-04  relΔE=3.237e-10  ||F||=4.212e-04
 step= 53500  E=7.353814353980e+02  Q=1.657000000000e+03  λ=7.899290e-01  dt=7.572e-04  relΔE=1.957e-10  ||F||=3.729e-04
 step= 54000  E=7.353813446006e+02  Q=1.657000000000e+03  λ=7.899301e-01  dt=1.172e-03  relΔE=2.304e-10  ||F||=3.258e-04
 step= 54500  E=7.353812734725e+02  Q=1.657000000000e+03  λ=7.899310e-01  dt=9.072e-04  relΔE=1.377e-10  ||F||=2.870e-04
 step= 55000  E=7.353812170946e+02  Q=1.657000000000e+03  λ=7.899319e-01  dt=1.404e-03  relΔE=1.570e-10  ||F||=6.343e-04
 step= 55500  E=7.353811760509e+02  Q=1.657000000000e+03  λ=7.899325e-01  dt=1.087e-03  relΔE=9.812e-11  ||F||=2.228e-04
 step= 56000  E=7.353811430128e+02  Q=1.657000000000e+03  λ=7.899331e-01  dt=8.412e-04  relΔE=5.842e-11  ||F||=1.963e-04
 step= 56500  E=7.353811177573e+02  Q=1.657000000000e+03  λ=7.899336e-01  dt=1.302e-03  relΔE=6.947e-11  ||F||=1.731e-04
 step= 57000  E=7.353810986744e+02  Q=1.657000000000e+03  λ=7.899340e-01  dt=1.008e-03  relΔE=4.150e-11  ||F||=1.531e-04
 step= 57500  E=7.353810835561e+02  Q=1.657000000000e+03  λ=7.899344e-01  dt=7.800e-04  relΔE=2.482e-11  ||F||=1.356e-04
 step= 58000  E=7.353810722666e+02  Q=1.657000000000e+03  λ=7.899347e-01  dt=1.207e-03  relΔE=2.920e-11  ||F||=1.195e-04
 step= 58500  E=7.353810635867e+02  Q=1.657000000000e+03  λ=7.899349e-01  dt=9.345e-04  relΔE=1.730e-11  ||F||=1.058e-04
 step= 59000  E=7.353810567646e+02  Q=1.657000000000e+03  λ=7.899351e-01  dt=7.233e-04  relΔE=1.186e-11  ||F||=1.009e-04
 step= 59500  E=7.353810518598e+02  Q=1.657000000000e+03  λ=7.899353e-01  dt=1.120e-03  relΔE=1.194e-11  ||F||=8.294e-05
 step= 60000  E=7.353810480164e+02  Q=1.657000000000e+03  λ=7.899354e-01  dt=8.665e-04  relΔE=6.953e-12  ||F||=7.351e-05
 step= 60500  E=7.353810451197e+02  Q=1.657000000000e+03  λ=7.899355e-01  dt=1.341e-03  relΔE=7.987e-12  ||F||=6.561e-05
 step= 61000  E=7.353810430458e+02  Q=1.657000000000e+03  λ=7.899356e-01  dt=1.038e-03  relΔE=4.593e-12  ||F||=5.791e-05
 step= 61500  E=7.353810414675e+02  Q=1.657000000000e+03  λ=7.899357e-01  dt=8.035e-04  relΔE=2.583e-12  ||F||=5.142e-05
 step= 62000  E=7.353810403503e+02  Q=1.657000000000e+03  λ=7.899358e-01  dt=1.244e-03  relΔE=2.838e-12  ||F||=4.566e-05
 step= 62500  E=7.353810395722e+02  Q=1.657000000000e+03  λ=7.899358e-01  dt=9.626e-04  relΔE=1.525e-12  ||F||=4.068e-05
 step= 63000  E=7.353810390284e+02  Q=1.657000000000e+03  λ=7.899358e-01  dt=7.450e-04  relΔE=7.923e-13  ||F||=3.633e-05
 step= 63500  E=7.353810386942e+02  Q=1.657000000000e+03  λ=7.899359e-01  dt=1.153e-03  relΔE=7.365e-13  ||F||=3.225e-05
 step= 64000  E=7.353810384980e+02  Q=1.657000000000e+03  λ=7.899359e-01  dt=8.926e-04  relΔE=2.984e-13  ||F||=2.876e-05
 step= 64500  E=7.353810384086e+02  Q=1.657000000000e+03  λ=7.899359e-01  dt=1.382e-03  relΔE=1.424e-13  ||F||=2.729e-05
  !! dt è sceso sotto dt_min, mi fermo (stiffness).

Stationary candidate (aggressive): E=7.353810383964e+02, Q=1.657000000000e+03, maxρ=9.788940e-01

=== Stability test (damped inertial dynamics) ===
Perturb eps=0.02, gamma=1
t=0: E=8.165004507937e+02, Q=1.657000000000e+03, maxρ=1.011115e+00, σ=2.588798e+00, Rc=1.841798e+01
 step=     1  E=8.165000427366e+02  Q=1.657000000000e+03  λ=1.177161e+00  maxρ=1.011115e+00  minρ=1.967e-15  σ=2.588798e+00  Rc=1.841798e+01
 step=   300  E=7.997691866036e+02  Q=1.657000000000e+03  λ=1.073981e+00  maxρ=1.009398e+00  minρ=1.975e-15  σ=2.588795e+00  Rc=1.841798e+01
 step=   600  E=7.661234937184e+02  Q=1.657000000000e+03  λ=8.871665e-01  maxρ=1.004560e+00  minρ=1.971e-15  σ=2.588789e+00  Rc=1.841799e+01
 step=   900  E=7.464371221988e+02  Q=1.657000000000e+03  λ=8.276840e-01  maxρ=9.974032e-01  minρ=1.916e-15  σ=2.588788e+00  Rc=1.841798e+01
 step=  1200  E=7.539474919510e+02  Q=1.657000000000e+03  λ=9.354549e-01  maxρ=9.942450e-01  minρ=1.852e-15  σ=2.588790e+00  Rc=1.841798e+01
 step=  1500  E=7.741411631456e+02  Q=1.657000000000e+03  λ=1.052300e+00  maxρ=9.994130e-01  minρ=1.804e-15  σ=2.588792e+00  Rc=1.841797e+01
 step=  1800  E=7.844677947501e+02  Q=1.657000000000e+03  λ=1.038257e+00  maxρ=1.002610e+00  minρ=1.767e-15  σ=2.588789e+00  Rc=1.841797e+01
 step=  2100  E=7.784205095420e+02  Q=1.657000000000e+03  λ=9.366277e-01  maxρ=9.975035e-01  minρ=1.659e-15  σ=2.588786e+00  Rc=1.841798e+01
 step=  2400  E=7.677546642463e+02  Q=1.657000000000e+03  λ=8.896113e-01  maxρ=9.873653e-01  minρ=1.577e-15  σ=2.588787e+00  Rc=1.841798e+01
 step=  2700  E=7.651038415797e+02  Q=1.657000000000e+03  λ=9.445660e-01  maxρ=9.930981e-01  minρ=1.458e-15  σ=2.588790e+00  Rc=1.841797e+01
 step=  3000  E=7.702434502618e+02  Q=1.657000000000e+03  λ=1.010739e+00  maxρ=1.005571e+00  minρ=1.339e-15  σ=2.588790e+00  Rc=1.841797e+01
 step=  3300  E=7.741574670383e+02  Q=1.657000000000e+03  λ=9.983335e-01  maxρ=1.008150e+00  minρ=1.198e-15  σ=2.588787e+00  Rc=1.841798e+01
 step=  3600  E=7.718244554355e+02  Q=1.657000000000e+03  λ=9.334119e-01  maxρ=1.000662e+00  minρ=1.000e-15  σ=2.588782e+00  Rc=1.841798e+01
 step=  3900  E=7.669153461660e+02  Q=1.657000000000e+03  λ=9.045267e-01  maxρ=1.000327e+00  minρ=1.000e-15  σ=2.588783e+00  Rc=1.841797e+01
 step=  4200  E=7.651032981151e+02  Q=1.657000000000e+03  λ=9.374570e-01  maxρ=9.968467e-01  minρ=1.000e-15  σ=2.588786e+00  Rc=1.841797e+01
 step=  4500  E=7.668572033790e+02  Q=1.657000000000e+03  λ=9.731208e-01  maxρ=9.946929e-01  minρ=1.000e-15  σ=2.588787e+00  Rc=1.841797e+01
 step=  4800  E=7.684174671189e+02  Q=1.657000000000e+03  λ=9.604696e-01  maxρ=9.987821e-01  minρ=1.000e-15  σ=2.588783e+00  Rc=1.841797e+01
 step=  5100  E=7.675398010016e+02  Q=1.657000000000e+03  λ=9.225163e-01  maxρ=9.997828e-01  minρ=1.000e-15  σ=2.588778e+00  Rc=1.841797e+01
 step=  5400  E=7.656850256914e+02  Q=1.657000000000e+03  λ=9.123939e-01  maxρ=9.985995e-01  minρ=1.000e-15  σ=2.588777e+00  Rc=1.841796e+01
 step=  5700  E=7.649731191358e+02  Q=1.657000000000e+03  λ=9.366361e-01  maxρ=9.951830e-01  minρ=1.000e-15  σ=2.588778e+00  Rc=1.841796e+01
 step=  6000  E=7.652747879142e+02  Q=1.657000000000e+03  λ=9.542108e-01  maxρ=9.929627e-01  minρ=1.000e-15  σ=2.588779e+00  Rc=1.841796e+01
 >>> No runaway detected in this horizon. Likely stable (within this model & box).

STABILITY: PASS
