
=== Aggressive relaxation to Q = 476 ===
Initial: E=3.974190784156e+02, Q=4.760000000000e+02, dt=1.000e-04
 step=     1  E=3.974129602480e+02  Q=4.760000000000e+02  λ=1.580541e+00  dt=1.000e-04  relΔE=1.539e-05  ||F||=3.590e-01
 step=   500  E=3.902282194642e+02  Q=4.760000000000e+02  λ=1.547399e+00  dt=6.192e-04  relΔE=6.655e-05  ||F||=3.256e-01
 step=  1000  E=3.723701263351e+02  Q=4.760000000000e+02  λ=1.467424e+00  dt=9.584e-04  relΔE=6.650e-05  ||F||=2.555e-01
 step=  1500  E=3.603178868978e+02  Q=4.760000000000e+02  λ=1.415685e+00  dt=1.236e-03  relΔE=6.570e-05  ||F||=2.199e-01
 step=  2000  E=3.505140623510e+02  Q=4.760000000000e+02  λ=1.374826e+00  dt=9.569e-04  relΔE=4.216e-05  ||F||=1.974e-01
 step=  2500  E=3.424214417462e+02  Q=4.760000000000e+02  λ=1.341831e+00  dt=7.406e-04  relΔE=2.941e-05  ||F||=1.853e-01
 step=  3000  E=3.357158279114e+02  Q=4.760000000000e+02  λ=1.314924e+00  dt=1.146e-03  relΔE=3.910e-05  ||F||=1.700e-01
 step=  3500  E=3.296887664469e+02  Q=4.760000000000e+02  λ=1.290984e+00  dt=8.873e-04  relΔE=2.727e-05  ||F||=1.599e-01
 step=  4000  E=3.242168663040e+02  Q=4.760000000000e+02  λ=1.269479e+00  dt=1.373e-03  relΔE=3.813e-05  ||F||=1.740e-01
 step=  4500  E=3.195574816410e+02  Q=4.760000000000e+02  λ=1.251273e+00  dt=1.063e-03  relΔE=2.705e-05  ||F||=1.432e-01
 step=  5000  E=3.151759548426e+02  Q=4.760000000000e+02  λ=1.234272e+00  dt=8.227e-04  relΔE=1.920e-05  ||F||=1.362e-01
 step=  5500  E=3.112621861622e+02  Q=4.760000000000e+02  λ=1.219195e+00  dt=1.274e-03  relΔE=2.729e-05  ||F||=1.297e-01
 step=  6000  E=3.077301251834e+02  Q=4.760000000000e+02  λ=1.205644e+00  dt=9.857e-04  relΔE=1.951e-05  ||F||=1.239e-01
 step=  6500  E=3.044064758222e+02  Q=4.760000000000e+02  λ=1.192961e+00  dt=7.629e-04  relΔE=1.423e-05  ||F||=1.197e-01
 step=  7000  E=3.014578700816e+02  Q=4.760000000000e+02  λ=1.181774e+00  dt=1.181e-03  relΔE=2.010e-05  ||F||=1.138e-01
 step=  7500  E=2.987054475587e+02  Q=4.760000000000e+02  λ=1.171368e+00  dt=9.140e-04  relΔE=1.451e-05  ||F||=1.094e-01
 step=  8000  E=2.960805195457e+02  Q=4.760000000000e+02  λ=1.161589e+00  dt=1.415e-03  relΔE=1.837e-05  ||F||=4.556e-01
 step=  8500  E=2.937811630492e+02  Q=4.760000000000e+02  λ=1.152886e+00  dt=1.095e-03  relΔE=1.526e-05  ||F||=1.016e-01
 step=  9000  E=2.915412973111e+02  Q=4.760000000000e+02  λ=1.144532e+00  dt=8.475e-04  relΔE=1.113e-05  ||F||=9.826e-02
 step=  9500  E=2.894517969617e+02  Q=4.760000000000e+02  λ=1.136784e+00  dt=1.312e-03  relΔE=1.626e-05  ||F||=9.518e-02
 step= 10000  E=2.875335537549e+02  Q=4.760000000000e+02  λ=1.129693e+00  dt=1.015e-03  relΔE=1.195e-05  ||F||=9.239e-02
 step= 10500  E=2.856607984355e+02  Q=4.760000000000e+02  λ=1.122803e+00  dt=7.858e-04  relΔE=8.868e-06  ||F||=9.016e-02
 step= 11000  E=2.839241027253e+02  Q=4.760000000000e+02  λ=1.116450e+00  dt=1.216e-03  relΔE=1.304e-05  ||F||=8.762e-02
 step= 11500  E=2.822726366363e+02  Q=4.760000000000e+02  λ=1.110429e+00  dt=9.414e-04  relΔE=9.700e-06  ||F||=8.564e-02
 step= 12000  E=2.806371163356e+02  Q=4.760000000000e+02  λ=1.104494e+00  dt=7.286e-04  relΔE=7.889e-06  ||F||=8.766e-02
 step= 12500  E=2.791430874347e+02  Q=4.760000000000e+02  λ=1.099097e+00  dt=1.128e-03  relΔE=1.085e-05  ||F||=8.228e-02
 step= 13000  E=2.776584048801e+02  Q=4.760000000000e+02  λ=1.093750e+00  dt=8.730e-04  relΔE=8.169e-06  ||F||=8.094e-02
 step= 13500  E=2.762037097845e+02  Q=4.760000000000e+02  λ=1.088533e+00  dt=1.351e-03  relΔE=1.233e-05  ||F||=8.026e-02
 step= 14000  E=2.748399119370e+02  Q=4.760000000000e+02  λ=1.083647e+00  dt=1.046e-03  relΔE=9.358e-06  ||F||=7.874e-02
 step= 14500  E=2.734561133504e+02  Q=4.760000000000e+02  λ=1.078698e+00  dt=8.095e-04  relΔE=7.154e-06  ||F||=7.807e-02
 step= 15000  E=2.721233047160e+02  Q=4.760000000000e+02  λ=1.073939e+00  dt=1.253e-03  relΔE=1.089e-05  ||F||=7.723e-02
 step= 15500  E=2.708202746865e+02  Q=4.760000000000e+02  λ=1.069276e+00  dt=9.698e-04  relΔE=8.358e-06  ||F||=7.671e-02
 step= 16000  E=2.694943754265e+02  Q=4.760000000000e+02  λ=1.064522e+00  dt=7.506e-04  relΔE=6.558e-06  ||F||=7.707e-02
 step= 16500  E=2.682262525552e+02  Q=4.760000000000e+02  λ=1.059963e+00  dt=1.162e-03  relΔE=9.929e-06  ||F||=7.602e-02
 step= 17000  E=2.669481925894e+02  Q=4.760000000000e+02  λ=1.055337e+00  dt=8.992e-04  relΔE=7.688e-06  ||F||=7.586e-02
 step= 17500  E=2.656370131821e+02  Q=4.760000000000e+02  λ=1.050570e+00  dt=1.392e-03  relΔE=1.176e-05  ||F||=1.329e-01
 step= 18000  E=2.644019285696e+02  Q=4.760000000000e+02  λ=1.046022e+00  dt=1.077e-03  relΔE=9.262e-06  ||F||=7.570e-02
 step= 18500  E=2.631099939002e+02  Q=4.760000000000e+02  λ=1.041223e+00  dt=8.338e-04  relΔE=7.215e-06  ||F||=7.576e-02
 step= 19000  E=2.618327081873e+02  Q=4.760000000000e+02  λ=1.036425e+00  dt=1.291e-03  relΔE=1.121e-05  ||F||=7.573e-02
 step= 19500  E=2.605728629777e+02  Q=4.760000000000e+02  λ=1.031623e+00  dt=9.989e-04  relΔE=8.724e-06  ||F||=7.575e-02
 step= 20000  E=2.592755544340e+02  Q=4.760000000000e+02  λ=1.026604e+00  dt=7.731e-04  relΔE=6.852e-06  ||F||=7.612e-02
 step= 20500  E=2.580170160119e+02  Q=4.760000000000e+02  λ=1.021662e+00  dt=1.197e-03  relΔE=1.052e-05  ||F||=7.563e-02
 step= 21000  E=2.567407526527e+02  Q=4.760000000000e+02  λ=1.016555e+00  dt=7.719e-04  relΔE=6.849e-06  ||F||=7.579e-02
 step= 21500  E=2.554899850145e+02  Q=4.760000000000e+02  λ=1.011468e+00  dt=1.195e-03  relΔE=1.047e-05  ||F||=7.512e-02
 step= 22000  E=2.542454466367e+02  Q=4.760000000000e+02  λ=1.006303e+00  dt=9.248e-04  relΔE=8.039e-06  ||F||=7.465e-02
 step= 22500  E=2.529841569596e+02  Q=4.760000000000e+02  λ=1.001342e+00  dt=5.964e-04  relΔE=2.284e-05  ||F||=8.928e-01
 step= 23000  E=2.518263230416e+02  Q=4.760000000000e+02  λ=9.959737e-01  dt=9.233e-04  relΔE=7.768e-06  ||F||=7.309e-02
 step= 23500  E=2.506170198813e+02  Q=4.760000000000e+02  λ=9.907430e-01  dt=1.429e-03  relΔE=8.110e-06  ||F||=4.584e-01
 step= 24000  E=2.495205059138e+02  Q=4.760000000000e+02  λ=9.857251e-01  dt=1.106e-03  relΔE=8.755e-06  ||F||=7.056e-02
 step= 24500  E=2.484275486822e+02  Q=4.760000000000e+02  λ=9.807095e-01  dt=8.561e-04  relΔE=6.498e-06  ||F||=6.895e-02
 step= 25000  E=2.473913026436e+02  Q=4.760000000000e+02  λ=9.758580e-01  dt=1.325e-03  relΔE=9.535e-06  ||F||=6.707e-02
 step= 25500  E=2.464401724367e+02  Q=4.760000000000e+02  λ=9.713027e-01  dt=1.026e-03  relΔE=6.949e-06  ||F||=6.488e-02
 step= 26000  E=2.455260552159e+02  Q=4.760000000000e+02  λ=9.668291e-01  dt=7.938e-04  relΔE=5.030e-06  ||F||=6.263e-02
 step= 26500  E=2.446956281973e+02  Q=4.760000000000e+02  λ=9.626778e-01  dt=1.229e-03  relΔE=7.151e-06  ||F||=5.992e-02
 step= 27000  E=2.439406370929e+02  Q=4.760000000000e+02  λ=9.588117e-01  dt=9.510e-04  relΔE=5.061e-06  ||F||=5.721e-02
 step= 27500  E=2.432323220445e+02  Q=4.760000000000e+02  λ=9.550973e-01  dt=7.361e-04  relΔE=3.722e-06  ||F||=5.573e-02
 step= 28000  E=2.426258169775e+02  Q=4.760000000000e+02  λ=9.518416e-01  dt=1.139e-03  relΔE=4.915e-06  ||F||=5.137e-02
 step= 28500  E=2.420722835489e+02  Q=4.760000000000e+02  λ=9.487896e-01  dt=8.818e-04  relΔE=3.379e-06  ||F||=4.836e-02
 step= 29000  E=2.415750035685e+02  Q=4.760000000000e+02  λ=9.459754e-01  dt=1.365e-03  relΔE=4.587e-06  ||F||=4.730e-02
 step= 29500  E=2.411590540942e+02  Q=4.760000000000e+02  λ=9.435497e-01  dt=1.056e-03  relΔE=3.110e-06  ||F||=4.231e-02
 step= 30000  E=2.407840484345e+02  Q=4.760000000000e+02  λ=9.412963e-01  dt=8.177e-04  relΔE=2.086e-06  ||F||=3.935e-02
 step= 30500  E=2.404652578952e+02  Q=4.760000000000e+02  λ=9.393200e-01  dt=1.266e-03  relΔE=2.771e-06  ||F||=3.643e-02
 step= 31000  E=2.401952422649e+02  Q=4.760000000000e+02  λ=9.375854e-01  dt=9.796e-04  relΔE=1.835e-06  ||F||=3.368e-02
 step= 31500  E=2.399583398853e+02  Q=4.760000000000e+02  λ=9.360064e-01  dt=7.582e-04  relΔE=1.231e-06  ||F||=3.135e-02
 step= 32000  E=2.397651210897e+02  Q=4.760000000000e+02  λ=9.346687e-01  dt=1.174e-03  relΔE=1.576e-06  ||F||=2.848e-02
 step= 32500  E=2.395998354888e+02  Q=4.760000000000e+02  λ=9.334741e-01  dt=9.084e-04  relΔE=1.025e-06  ||F||=2.611e-02
 step= 33000  E=2.394574703741e+02  Q=4.760000000000e+02  λ=9.324010e-01  dt=1.406e-03  relΔE=1.224e-06  ||F||=8.031e-02
 step= 33500  E=2.393455532417e+02  Q=4.760000000000e+02  λ=9.315106e-01  dt=1.088e-03  relΔE=8.566e-07  ||F||=2.179e-02
 step= 34000  E=2.392481961179e+02  Q=4.760000000000e+02  λ=9.306983e-01  dt=8.423e-04  relΔE=5.500e-07  ||F||=1.984e-02
 step= 34500  E=2.391681594294e+02  Q=4.760000000000e+02  λ=9.299939e-01  dt=1.304e-03  relΔE=7.038e-07  ||F||=1.803e-02
 step= 35000  E=2.391031203802e+02  Q=4.760000000000e+02  λ=9.293872e-01  dt=1.009e-03  relΔE=4.512e-07  ||F||=1.641e-02
 step= 35500  E=2.390477379769e+02  Q=4.760000000000e+02  λ=9.288383e-01  dt=7.810e-04  relΔE=2.907e-07  ||F||=1.497e-02
 step= 36000  E=2.390034475912e+02  Q=4.760000000000e+02  λ=9.283711e-01  dt=1.209e-03  relΔE=3.662e-07  ||F||=1.350e-02
 step= 36500  E=2.389668175912e+02  Q=4.760000000000e+02  λ=9.279577e-01  dt=9.357e-04  relΔE=2.333e-07  ||F||=1.225e-02
 step= 37000  E=2.389358052188e+02  Q=4.760000000000e+02  λ=9.275821e-01  dt=7.242e-04  relΔE=1.653e-07  ||F||=1.174e-02
 step= 37500  E=2.389116642984e+02  Q=4.760000000000e+02  λ=9.272686e-01  dt=1.121e-03  relΔE=1.883e-07  ||F||=1.005e-02
 step= 38000  E=2.388911514328e+02  Q=4.760000000000e+02  λ=9.269812e-01  dt=8.676e-04  relΔE=1.195e-07  ||F||=9.097e-03
 step= 38500  E=2.388742177736e+02  Q=4.760000000000e+02  λ=9.267251e-01  dt=1.343e-03  relΔE=1.512e-07  ||F||=8.273e-03
 step= 39000  E=2.388607751796e+02  Q=4.760000000000e+02  λ=9.265046e-01  dt=1.039e-03  relΔE=9.642e-08  ||F||=7.462e-03
 step= 39500  E=2.388493878497e+02  Q=4.760000000000e+02  λ=9.263022e-01  dt=8.045e-04  relΔE=6.137e-08  ||F||=6.765e-03
 step= 40000  E=2.388401659426e+02  Q=4.760000000000e+02  λ=9.261243e-01  dt=1.245e-03  relΔE=7.775e-08  ||F||=6.119e-03
 step= 40500  E=2.388326603697e+02  Q=4.760000000000e+02  λ=9.259666e-01  dt=9.638e-04  relΔE=4.961e-08  ||F||=5.554e-03
 step= 41000  E=2.388262801734e+02  Q=4.760000000000e+02  λ=9.258206e-01  dt=7.460e-04  relΔE=3.231e-08  ||F||=5.095e-03
 step= 41500  E=2.388212296433e+02  Q=4.760000000000e+02  λ=9.256948e-01  dt=1.155e-03  relΔE=4.031e-08  ||F||=4.570e-03
 step= 42000  E=2.388169862632e+02  Q=4.760000000000e+02  λ=9.255795e-01  dt=8.937e-04  relΔE=2.577e-08  ||F||=4.152e-03
 step= 42500  E=2.388133936958e+02  Q=4.760000000000e+02  λ=9.254730e-01  dt=1.383e-03  relΔE=3.270e-08  ||F||=4.759e-03
 step= 43000  E=2.388105701166e+02  Q=4.760000000000e+02  λ=9.253815e-01  dt=8.923e-04  relΔE=1.762e-08  ||F||=3.433e-03
 step= 43500  E=2.388081108461e+02  Q=4.760000000000e+02  λ=9.252948e-01  dt=1.381e-03  relΔE=2.250e-08  ||F||=3.595e-03
 step= 44000  E=2.388061687062e+02  Q=4.760000000000e+02  λ=9.252201e-01  dt=1.069e-03  relΔE=1.459e-08  ||F||=2.851e-03
 step= 44500  E=2.388044749952e+02  Q=4.760000000000e+02  λ=9.251491e-01  dt=8.273e-04  relΔE=9.397e-09  ||F||=2.599e-03
 step= 45000  E=2.388030875247e+02  Q=4.760000000000e+02  λ=9.250858e-01  dt=1.281e-03  relΔE=1.213e-08  ||F||=2.371e-03
 step= 45500  E=2.388019376876e+02  Q=4.760000000000e+02  λ=9.250287e-01  dt=9.912e-04  relΔE=7.867e-09  ||F||=2.169e-03
 step= 46000  E=2.388009464101e+02  Q=4.760000000000e+02  λ=9.249751e-01  dt=7.672e-04  relΔE=5.194e-09  ||F||=2.003e-03
 step= 46500  E=2.388001429742e+02  Q=4.760000000000e+02  λ=9.249280e-01  dt=1.188e-03  relΔE=6.635e-09  ||F||=1.817e-03
 step= 47000  E=2.387994587185e+02  Q=4.760000000000e+02  λ=9.248844e-01  dt=9.191e-04  relΔE=4.329e-09  ||F||=1.667e-03
 step= 47500  E=2.387988641135e+02  Q=4.760000000000e+02  λ=9.248434e-01  dt=1.423e-03  relΔE=3.897e-09  ||F||=1.002e-02
 step= 48000  E=2.387983898246e+02  Q=4.760000000000e+02  λ=9.248079e-01  dt=1.101e-03  relΔE=3.701e-09  ||F||=1.405e-03
 step= 48500  E=2.387979719476e+02  Q=4.760000000000e+02  λ=9.247742e-01  dt=8.522e-04  relΔE=2.427e-09  ||F||=1.291e-03
 step= 49000  E=2.387976180635e+02  Q=4.760000000000e+02  λ=9.247434e-01  dt=1.319e-03  relΔE=3.183e-09  ||F||=1.188e-03
 step= 49500  E=2.387973244651e+02  Q=4.760000000000e+02  λ=9.247158e-01  dt=1.021e-03  relΔE=2.102e-09  ||F||=1.095e-03
 step= 50000  E=2.387970665115e+02  Q=4.760000000000e+02  λ=9.246896e-01  dt=7.902e-04  relΔE=1.393e-09  ||F||=1.012e-03
 step= 50500  E=2.387968509388e+02  Q=4.760000000000e+02  λ=9.246661e-01  dt=1.223e-03  relΔE=1.832e-09  ||F||=9.311e-04
 step= 51000  E=2.387966669911e+02  Q=4.760000000000e+02  λ=9.246446e-01  dt=9.467e-04  relΔE=1.215e-09  ||F||=8.605e-04
 step= 51500  E=2.387965042294e+02  Q=4.760000000000e+02  λ=9.246241e-01  dt=7.327e-04  relΔE=8.576e-10  ||F||=8.223e-04
 step= 52000  E=2.387963712074e+02  Q=4.760000000000e+02  λ=9.246062e-01  dt=1.134e-03  relΔE=1.071e-09  ||F||=7.354e-04
 step= 52500  E=2.387962536262e+02  Q=4.760000000000e+02  λ=9.245892e-01  dt=8.779e-04  relΔE=7.134e-10  ||F||=6.807e-04
 step= 53000  E=2.387961510047e+02  Q=4.760000000000e+02  λ=9.245734e-01  dt=1.359e-03  relΔE=9.479e-10  ||F||=6.415e-04
 step= 53500  E=2.387960661445e+02  Q=4.760000000000e+02  λ=9.245593e-01  dt=1.052e-03  relΔE=6.352e-10  ||F||=5.842e-04
 step= 54000  E=2.387959900038e+02  Q=4.760000000000e+02  λ=9.245459e-01  dt=8.140e-04  relΔE=4.254e-10  ||F||=5.421e-04
 step= 54500  E=2.387959252492e+02  Q=4.760000000000e+02  λ=9.245337e-01  dt=1.260e-03  relΔE=5.677e-10  ||F||=5.019e-04
 step= 55000  E=2.387958697107e+02  Q=4.760000000000e+02  λ=9.245226e-01  dt=9.752e-04  relΔE=3.812e-10  ||F||=4.662e-04
 step= 55500  E=2.387958200769e+02  Q=4.760000000000e+02  λ=9.245119e-01  dt=7.548e-04  relΔE=2.616e-10  ||F||=4.383e-04
 step= 56000  E=2.387957785385e+02  Q=4.760000000000e+02  λ=9.245025e-01  dt=1.168e-03  relΔE=3.437e-10  ||F||=4.019e-04
 step= 56500  E=2.387957419426e+02  Q=4.760000000000e+02  λ=9.244936e-01  dt=9.043e-04  relΔE=2.315e-10  ||F||=3.737e-04
 step= 57000  E=2.387957091781e+02  Q=4.760000000000e+02  λ=9.244852e-01  dt=1.400e-03  relΔE=3.001e-10  ||F||=8.879e-04
 step= 57500  E=2.387956822789e+02  Q=4.760000000000e+02  λ=9.244778e-01  dt=1.083e-03  relΔE=2.103e-10  ||F||=3.230e-04
 step= 58000  E=2.387956577536e+02  Q=4.760000000000e+02  λ=9.244707e-01  dt=8.385e-04  relΔE=1.419e-10  ||F||=3.004e-04
 step= 58500  E=2.387956365563e+02  Q=4.760000000000e+02  λ=9.244642e-01  dt=1.298e-03  relΔE=1.915e-10  ||F||=2.793e-04
 step= 59000  E=2.387956183289e+02  Q=4.760000000000e+02  λ=9.244582e-01  dt=1.005e-03  relΔE=1.297e-10  ||F||=2.601e-04
 step= 59500  E=2.387956019053e+02  Q=4.760000000000e+02  λ=9.244526e-01  dt=7.775e-04  relΔE=8.852e-11  ||F||=2.433e-04
 step= 60000  E=2.387955879168e+02  Q=4.760000000000e+02  λ=9.244475e-01  dt=1.203e-03  relΔE=1.190e-10  ||F||=2.253e-04
 step= 60500  E=2.387955756175e+02  Q=4.760000000000e+02  λ=9.244427e-01  dt=9.315e-04  relΔE=8.080e-11  ||F||=2.100e-04
 step= 61000  E=2.387955644696e+02  Q=4.760000000000e+02  λ=9.244381e-01  dt=7.209e-04  relΔE=6.440e-11  ||F||=2.259e-04
 step= 61500  E=2.387955552159e+02  Q=4.760000000000e+02  λ=9.244341e-01  dt=1.116e-03  relΔE=7.459e-11  ||F||=1.822e-04
 step= 62000  E=2.387955467813e+02  Q=4.760000000000e+02  λ=9.244303e-01  dt=8.637e-04  relΔE=5.077e-11  ||F||=1.698e-04
 step= 62500  E=2.387955393293e+02  Q=4.760000000000e+02  λ=9.244267e-01  dt=1.337e-03  relΔE=6.897e-11  ||F||=1.589e-04
 step= 63000  E=2.387955329777e+02  Q=4.760000000000e+02  λ=9.244235e-01  dt=1.035e-03  relΔE=4.715e-11  ||F||=1.474e-04
 step= 63500  E=2.387955271808e+02  Q=4.760000000000e+02  λ=9.244204e-01  dt=8.009e-04  relΔE=3.233e-11  ||F||=1.379e-04
 step= 64000  E=2.387955223713e+02  Q=4.760000000000e+02  λ=9.244177e-01  dt=1.033e-03  relΔE=3.679e-11  ||F||=1.284e-04
 step= 64500  E=2.387955177392e+02  Q=4.760000000000e+02  λ=9.244150e-01  dt=7.996e-04  relΔE=2.514e-11  ||F||=1.197e-04
 step= 65000  E=2.387955138061e+02  Q=4.760000000000e+02  λ=9.244125e-01  dt=1.238e-03  relΔE=3.430e-11  ||F||=1.113e-04
 step= 65500  E=2.387955103566e+02  Q=4.760000000000e+02  λ=9.244103e-01  dt=9.579e-04  relΔE=2.354e-11  ||F||=1.039e-04
 step= 66000  E=2.387955072048e+02  Q=4.760000000000e+02  λ=9.244081e-01  dt=7.414e-04  relΔE=1.658e-11  ||F||=9.874e-05
 step= 66500  E=2.387955045165e+02  Q=4.760000000000e+02  λ=9.244062e-01  dt=1.148e-03  relΔE=2.217e-11  ||F||=9.033e-05
 step= 67000  E=2.387955020851e+02  Q=4.760000000000e+02  λ=9.244044e-01  dt=8.882e-04  relΔE=1.525e-11  ||F||=8.429e-05
 step= 67500  E=2.387954998746e+02  Q=4.760000000000e+02  λ=9.244026e-01  dt=1.375e-03  relΔE=2.090e-11  ||F||=8.916e-05
 step= 68000  E=2.387954980051e+02  Q=4.760000000000e+02  λ=9.244011e-01  dt=1.064e-03  relΔE=1.447e-11  ||F||=7.331e-05
 step= 68500  E=2.387954962660e+02  Q=4.760000000000e+02  λ=9.243996e-01  dt=8.236e-04  relΔE=9.996e-12  ||F||=6.850e-05
 step= 69000  E=2.387954947417e+02  Q=4.760000000000e+02  λ=9.243982e-01  dt=1.275e-03  relΔE=1.376e-11  ||F||=6.373e-05
 step= 69500  E=2.387954933905e+02  Q=4.760000000000e+02  λ=9.243970e-01  dt=9.867e-04  relΔE=9.528e-12  ||F||=5.949e-05
 step= 70000  E=2.387954921490e+02  Q=4.760000000000e+02  λ=9.243958e-01  dt=7.637e-04  relΔE=6.702e-12  ||F||=5.629e-05
 step= 70500  E=2.387954910741e+02  Q=4.760000000000e+02  λ=9.243947e-01  dt=1.182e-03  relΔE=9.138e-12  ||F||=5.175e-05
 step= 71000  E=2.387954901011e+02  Q=4.760000000000e+02  λ=9.243937e-01  dt=9.149e-04  relΔE=6.346e-12  ||F||=4.831e-05
 step= 71500  E=2.387954892003e+02  Q=4.760000000000e+02  λ=9.243927e-01  dt=1.416e-03  relΔE=6.397e-12  ||F||=4.007e-04
 step= 72000  E=2.387954884368e+02  Q=4.760000000000e+02  λ=9.243919e-01  dt=1.096e-03  relΔE=6.134e-12  ||F||=4.205e-05
 step= 72500  E=2.387954877223e+02  Q=4.760000000000e+02  λ=9.243910e-01  dt=8.484e-04  relΔE=4.274e-12  ||F||=3.926e-05
 step= 73000  E=2.387954870808e+02  Q=4.760000000000e+02  λ=9.243903e-01  dt=1.313e-03  relΔE=5.950e-12  ||F||=3.659e-05
 step= 73500  E=2.387954865147e+02  Q=4.760000000000e+02  λ=9.243895e-01  dt=1.016e-03  relΔE=4.161e-12  ||F||=3.416e-05
 step= 74000  E=2.387954859886e+02  Q=4.760000000000e+02  λ=9.243889e-01  dt=7.867e-04  relΔE=2.933e-12  ||F||=3.219e-05
 step= 74500  E=2.387954855227e+02  Q=4.760000000000e+02  λ=9.243883e-01  dt=1.218e-03  relΔE=4.068e-12  ||F||=2.972e-05
 step= 75000  E=2.387954851029e+02  Q=4.760000000000e+02  λ=9.243877e-01  dt=9.425e-04  relΔE=2.854e-12  ||F||=2.776e-05
 step= 75500  E=2.387954847092e+02  Q=4.760000000000e+02  λ=9.243871e-01  dt=7.294e-04  relΔE=2.130e-12  ||F||=2.796e-05
 step= 76000  E=2.387954843690e+02  Q=4.760000000000e+02  λ=9.243866e-01  dt=1.129e-03  relΔE=2.812e-12  ||F||=2.417e-05
 step= 76500  E=2.387954840516e+02  Q=4.760000000000e+02  λ=9.243862e-01  dt=8.739e-04  relΔE=1.979e-12  ||F||=2.258e-05
 step= 77000  E=2.387954837592e+02  Q=4.760000000000e+02  λ=9.243857e-01  dt=1.353e-03  relΔE=2.779e-12  ||F||=2.218e-05
 step= 77500  E=2.387954835039e+02  Q=4.760000000000e+02  λ=9.243853e-01  dt=1.047e-03  relΔE=1.963e-12  ||F||=1.965e-05
 step= 78000  E=2.387954832622e+02  Q=4.760000000000e+02  λ=9.243850e-01  dt=8.103e-04  relΔE=1.388e-12  ||F||=1.841e-05
 step= 78500  E=2.387954830452e+02  Q=4.760000000000e+02  λ=9.243846e-01  dt=1.254e-03  relΔE=1.954e-12  ||F||=1.710e-05
 step= 79000  E=2.387954828487e+02  Q=4.760000000000e+02  λ=9.243843e-01  dt=9.708e-04  relΔE=1.383e-12  ||F||=1.597e-05
 step= 79500  E=2.387954826637e+02  Q=4.760000000000e+02  λ=9.243840e-01  dt=7.514e-04  relΔE=1.003e-12  ||F||=1.558e-05
 step= 80000  E=2.387954825005e+02  Q=4.760000000000e+02  λ=9.243837e-01  dt=1.163e-03  relΔE=1.386e-12  ||F||=1.390e-05
 step= 80500  E=2.387954823490e+02  Q=4.760000000000e+02  λ=9.243834e-01  dt=9.002e-04  relΔE=9.839e-13  ||F||=1.299e-05
 step= 81000  E=2.387954822059e+02  Q=4.760000000000e+02  λ=9.243832e-01  dt=1.393e-03  relΔE=1.357e-12  ||F||=5.508e-05
 step= 81500  E=2.387954820822e+02  Q=4.760000000000e+02  λ=9.243829e-01  dt=1.078e-03  relΔE=9.924e-13  ||F||=1.131e-05
 step= 82000  E=2.387954819635e+02  Q=4.760000000000e+02  λ=9.243827e-01  dt=8.347e-04  relΔE=7.059e-13  ||F||=1.059e-05
 step= 82500  E=2.387954818553e+02  Q=4.760000000000e+02  λ=9.243825e-01  dt=1.292e-03  relΔE=1.003e-12  ||F||=9.844e-06
 step= 83000  E=2.387954817574e+02  Q=4.760000000000e+02  λ=9.243823e-01  dt=1.000e-03  relΔE=7.151e-13  ||F||=9.197e-06
 step= 83500  E=2.387954816647e+02  Q=4.760000000000e+02  λ=9.243822e-01  dt=7.740e-04  relΔE=5.160e-13  ||F||=8.900e-06
 step= 84000  E=2.387954815815e+02  Q=4.760000000000e+02  λ=9.243820e-01  dt=1.198e-03  relΔE=7.264e-13  ||F||=8.007e-06
 step= 84500  E=2.387954815045e+02  Q=4.760000000000e+02  λ=9.243819e-01  dt=9.273e-04  relΔE=5.191e-13  ||F||=7.483e-06
 step= 85000  E=2.387954814311e+02  Q=4.760000000000e+02  λ=9.243817e-01  dt=7.177e-04  relΔE=4.365e-13  ||F||=1.053e-05
 step= 85500  E=2.387954813670e+02  Q=4.760000000000e+02  λ=9.243816e-01  dt=1.111e-03  relΔE=5.298e-13  ||F||=6.515e-06
 step= 86000  E=2.387954813056e+02  Q=4.760000000000e+02  λ=9.243815e-01  dt=8.598e-04  relΔE=3.794e-13  ||F||=6.121e-06
 step= 86500  E=2.387954812486e+02  Q=4.760000000000e+02  λ=9.243813e-01  dt=1.331e-03  relΔE=5.414e-13  ||F||=5.956e-06
 step= 87000  E=2.387954811976e+02  Q=4.760000000000e+02  λ=9.243812e-01  dt=1.030e-03  relΔE=3.884e-13  ||F||=5.300e-06
 step= 87500  E=2.387954811488e+02  Q=4.760000000000e+02  λ=9.243811e-01  dt=7.973e-04  relΔE=2.795e-13  ||F||=5.047e-06
 step= 88000  E=2.387954811043e+02  Q=4.760000000000e+02  λ=9.243810e-01  dt=1.234e-03  relΔE=3.988e-13  ||F||=4.614e-06
 step= 88500  E=2.387954810635e+02  Q=4.760000000000e+02  λ=9.243810e-01  dt=9.551e-04  relΔE=2.860e-13  ||F||=4.314e-06
 step= 89000  E=2.387954810244e+02  Q=4.760000000000e+02  λ=9.243809e-01  dt=7.393e-04  relΔE=2.127e-13  ||F||=4.743e-06
 step= 89500  E=2.387954809896e+02  Q=4.760000000000e+02  λ=9.243808e-01  dt=1.144e-03  relΔE=2.946e-13  ||F||=3.756e-06
 step= 90000  E=2.387954809567e+02  Q=4.760000000000e+02  λ=9.243807e-01  dt=8.857e-04  relΔE=2.115e-13  ||F||=3.522e-06
 step= 90500  E=2.387954809255e+02  Q=4.760000000000e+02  λ=9.243807e-01  dt=1.371e-03  relΔE=3.022e-13  ||F||=1.018e-05
 step= 91000  E=2.387954808980e+02  Q=4.760000000000e+02  λ=9.243806e-01  dt=1.061e-03  relΔE=2.182e-13  ||F||=3.057e-06
 step= 91500  E=2.387954808713e+02  Q=4.760000000000e+02  λ=9.243805e-01  dt=8.212e-04  relΔE=1.575e-13  ||F||=2.940e-06
 step= 92000  E=2.387954808469e+02  Q=4.760000000000e+02  λ=9.243805e-01  dt=1.271e-03  relΔE=2.253e-13  ||F||=2.662e-06
 step= 92500  E=2.387954808244e+02  Q=4.760000000000e+02  λ=9.243804e-01  dt=9.839e-04  relΔE=1.625e-13  ||F||=2.488e-06
 step= 93000  E=2.387954808029e+02  Q=4.760000000000e+02  λ=9.243804e-01  dt=7.615e-04  relΔE=1.188e-13  ||F||=2.659e-06
 step= 93500  E=2.387954807836e+02  Q=4.760000000000e+02  λ=9.243803e-01  dt=1.179e-03  relΔE=1.678e-13  ||F||=2.166e-06
 step= 94000  E=2.387954807654e+02  Q=4.760000000000e+02  λ=9.243803e-01  dt=9.123e-04  relΔE=1.207e-13  ||F||=2.029e-06
 step= 94500  E=2.387954807481e+02  Q=4.760000000000e+02  λ=9.243803e-01  dt=1.412e-03  relΔE=7.022e-14  ||F||=9.054e-05
 step= 95000  E=2.387954807327e+02  Q=4.760000000000e+02  λ=9.243802e-01  dt=1.093e-03  relΔE=1.257e-13  ||F||=1.764e-06
 step= 95500  E=2.387954807179e+02  Q=4.760000000000e+02  λ=9.243802e-01  dt=8.459e-04  relΔE=9.022e-14  ||F||=1.670e-06
 step= 96000  E=2.387954807042e+02  Q=4.760000000000e+02  λ=9.243802e-01  dt=1.309e-03  relΔE=1.301e-13  ||F||=1.568e-06
 step= 96500  E=2.387954806917e+02  Q=4.760000000000e+02  λ=9.243801e-01  dt=1.013e-03  relΔE=9.391e-14  ||F||=1.437e-06
 step= 97000  E=2.387954806797e+02  Q=4.760000000000e+02  λ=9.243801e-01  dt=7.844e-04  relΔE=6.856e-14  ||F||=1.514e-06
 step= 97500  E=2.387954806687e+02  Q=4.760000000000e+02  λ=9.243801e-01  dt=1.214e-03  relΔE=9.736e-14  ||F||=1.251e-06
 step= 98000  E=2.387954806586e+02  Q=4.760000000000e+02  λ=9.243801e-01  dt=9.397e-04  relΔE=7.022e-14  ||F||=1.173e-06
 step= 98500  E=2.387954806488e+02  Q=4.760000000000e+02  λ=9.243800e-01  dt=7.273e-04  relΔE=5.344e-14  ||F||=1.872e-06
 step= 99000  E=2.387954806401e+02  Q=4.760000000000e+02  λ=9.243800e-01  dt=1.126e-03  relΔE=7.332e-14  ||F||=1.019e-06
 step= 99500  E=2.387954806318e+02  Q=4.760000000000e+02  λ=9.243800e-01  dt=8.714e-04  relΔE=5.296e-14  ||F||=9.682e-07
 step=100000  E=2.387954806239e+02  Q=4.760000000000e+02  λ=9.243800e-01  dt=1.349e-03  relΔE=7.605e-14  ||F||=1.846e-06
 step=100500  E=2.387954806169e+02  Q=4.760000000000e+02  λ=9.243800e-01  dt=1.044e-03  relΔE=5.499e-14  ||F||=8.302e-07
 step=101000  E=2.387954806100e+02  Q=4.760000000000e+02  λ=9.243800e-01  dt=8.080e-04  relΔE=4.011e-14  ||F||=8.748e-07
 step=101500  E=2.387954806038e+02  Q=4.760000000000e+02  λ=9.243799e-01  dt=1.251e-03  relΔE=5.689e-14  ||F||=7.228e-07
 step=102000  E=2.387954805980e+02  Q=4.760000000000e+02  λ=9.243799e-01  dt=9.680e-04  relΔE=4.118e-14  ||F||=6.773e-07
 step=102500  E=2.387954805925e+02  Q=4.760000000000e+02  λ=9.243799e-01  dt=7.492e-04  relΔE=3.011e-14  ||F||=9.151e-07
 step=103000  E=2.387954805875e+02  Q=4.760000000000e+02  λ=9.243799e-01  dt=1.160e-03  relΔE=4.320e-14  ||F||=5.888e-07
 step=103500  E=2.387954805827e+02  Q=4.760000000000e+02  λ=9.243799e-01  dt=8.976e-04  relΔE=3.106e-14  ||F||=5.563e-07
 step=104000  E=2.387954805782e+02  Q=4.760000000000e+02  λ=9.243799e-01  dt=1.389e-03  relΔE=4.166e-14  ||F||=1.666e-05
 step=104500  E=2.387954805742e+02  Q=4.760000000000e+02  λ=9.243799e-01  dt=1.075e-03  relΔE=3.249e-14  ||F||=4.798e-07
 step=105000  E=2.387954805703e+02  Q=4.760000000000e+02  λ=9.243799e-01  dt=8.323e-04  relΔE=2.357e-14  ||F||=4.705e-07
 step=105500  E=2.387954805667e+02  Q=4.760000000000e+02  λ=9.243799e-01  dt=1.288e-03  relΔE=3.380e-14  ||F||=4.239e-07
 step=106000  E=2.387954805634e+02  Q=4.760000000000e+02  λ=9.243798e-01  dt=9.971e-04  relΔE=2.416e-14  ||F||=3.918e-07
 step=106500  E=2.387954805603e+02  Q=4.760000000000e+02  λ=9.243798e-01  dt=7.717e-04  relΔE=1.809e-14  ||F||=4.916e-07
 step=107000  E=2.387954805574e+02  Q=4.760000000000e+02  λ=9.243798e-01  dt=1.195e-03  relΔE=2.535e-14  ||F||=3.405e-07
 step=107500  E=2.387954805547e+02  Q=4.760000000000e+02  λ=9.243798e-01  dt=9.246e-04  relΔE=1.845e-14  ||F||=3.216e-07
 step=108000  E=2.387954805521e+02  Q=4.760000000000e+02  λ=9.243798e-01  dt=7.156e-04  relΔE=1.464e-14  ||F||=1.095e-06
 step=108500  E=2.387954805498e+02  Q=4.760000000000e+02  λ=9.243798e-01  dt=1.108e-03  relΔE=1.928e-14  ||F||=2.777e-07
 step=109000  E=2.387954805475e+02  Q=4.760000000000e+02  λ=9.243798e-01  dt=8.573e-04  relΔE=1.369e-14  ||F||=2.822e-07
 step=109500  E=2.387954805455e+02  Q=4.760000000000e+02  λ=9.243798e-01  dt=1.327e-03  relΔE=2.011e-14  ||F||=4.539e-07
 step=110000  E=2.387954805436e+02  Q=4.760000000000e+02  λ=9.243798e-01  dt=1.027e-03  relΔE=1.416e-14  ||F||=2.269e-07
 step=110500  E=2.387954805418e+02  Q=4.760000000000e+02  λ=9.243798e-01  dt=7.950e-04  relΔE=1.047e-14  ||F||=3.032e-07
 step=111000  E=2.387954805401e+02  Q=4.760000000000e+02  λ=9.243798e-01  dt=1.231e-03  relΔE=1.488e-14  ||F||=1.972e-07
 step=111500  E=2.387954805385e+02  Q=4.760000000000e+02  λ=9.243798e-01  dt=9.524e-04  relΔE=1.107e-14  ||F||=1.855e-07
 step=112000  E=2.387954805370e+02  Q=4.760000000000e+02  λ=9.243798e-01  dt=7.371e-04  relΔE=8.451e-15  ||F||=4.581e-07
 step=112500  E=2.387954805357e+02  Q=4.760000000000e+02  λ=9.243798e-01  dt=1.141e-03  relΔE=1.119e-14  ||F||=1.608e-07
 step=113000  E=2.387954805344e+02  Q=4.760000000000e+02  λ=9.243798e-01  dt=8.831e-04  relΔE=8.451e-15  ||F||=1.582e-07
 step=113500  E=2.387954805332e+02  Q=4.760000000000e+02  λ=9.243798e-01  dt=1.367e-03  relΔE=1.166e-14  ||F||=1.908e-06
 step=114000  E=2.387954805321e+02  Q=4.760000000000e+02  λ=9.243798e-01  dt=1.058e-03  relΔE=8.331e-15  ||F||=1.312e-07
 step=114500  E=2.387954805311e+02  Q=4.760000000000e+02  λ=9.243798e-01  dt=8.189e-04  relΔE=6.070e-15  ||F||=1.572e-07
 step=115000  E=2.387954805301e+02  Q=4.760000000000e+02  λ=9.243798e-01  dt=1.268e-03  relΔE=9.165e-15  ||F||=1.144e-07
 step=115500  E=2.387954805292e+02  Q=4.760000000000e+02  λ=9.243798e-01  dt=9.810e-04  relΔE=6.308e-15  ||F||=1.075e-07
 step=116000  E=2.387954805284e+02  Q=4.760000000000e+02  λ=9.243798e-01  dt=7.593e-04  relΔE=4.761e-15  ||F||=2.220e-07
 step=116500  E=2.387954805276e+02  Q=4.760000000000e+02  λ=9.243798e-01  dt=1.175e-03  relΔE=6.903e-15  ||F||=9.315e-08
 step=117000  E=2.387954805269e+02  Q=4.760000000000e+02  λ=9.243798e-01  dt=7.581e-04  relΔE=4.166e-15  ||F||=1.753e-07
 step=117500  E=2.387954805262e+02  Q=4.760000000000e+02  λ=9.243798e-01  dt=1.173e-03  relΔE=5.713e-15  ||F||=8.140e-08
 step=118000  E=2.387954805255e+02  Q=4.760000000000e+02  λ=9.243798e-01  dt=9.082e-04  relΔE=4.523e-15  ||F||=7.868e-08
 step=118500  E=2.387954805249e+02  Q=4.760000000000e+02  λ=9.243798e-01  dt=5.858e-04  relΔE=1.393e-14  ||F||=2.526e-05
 step=119000  E=2.387954805244e+02  Q=4.760000000000e+02  λ=9.243798e-01  dt=9.067e-04  relΔE=4.047e-15  ||F||=6.945e-08
 step=119500  E=2.387954805239e+02  Q=4.760000000000e+02  λ=9.243798e-01  dt=1.404e-03  relΔE=3.690e-15  ||F||=1.261e-05
 step=120000  E=2.387954805234e+02  Q=4.760000000000e+02  λ=9.243798e-01  dt=1.086e-03  relΔE=3.928e-15  ||F||=5.806e-08
 step=120500  E=2.387954805229e+02  Q=4.760000000000e+02  λ=9.243798e-01  dt=8.408e-04  relΔE=2.618e-15  ||F||=8.017e-08
 step=121000  E=2.387954805225e+02  Q=4.760000000000e+02  λ=9.243798e-01  dt=1.301e-03  relΔE=4.166e-15  ||F||=1.369e-07
 Converged (aggressive): step=121121, E=2.387954805224e+02, Q=4.760000000000e+02, dt=9.370e-04, ||F||=5.000e-08

Stationary candidate (aggressive): E=2.387954805224e+02, Q=4.760000000000e+02, maxρ=5.007136e-01

=== Stability test (damped inertial dynamics) ===
Perturb eps=0.02, gamma=1
t=0: E=2.621494946514e+02, Q=4.760000000000e+02, maxρ=5.170470e-01, σ=2.883628e+00, Rc=1.831431e+01
 step=     1  E=2.621493770550e+02  Q=4.760000000000e+02  λ=1.313087e+00  maxρ=5.170469e-01  minρ=4.805e-15  σ=2.883628e+00  Rc=1.831431e+01
 step=   300  E=2.573281746116e+02  Q=4.760000000000e+02  λ=1.209386e+00  maxρ=5.161700e-01  minρ=4.852e-15  σ=2.883625e+00  Rc=1.831431e+01
 step=   600  E=2.476364889931e+02  Q=4.760000000000e+02  λ=1.021747e+00  maxρ=5.136975e-01  minρ=4.792e-15  σ=2.883619e+00  Rc=1.831432e+01
 step=   900  E=2.419742391038e+02  Q=4.760000000000e+02  λ=9.622841e-01  maxρ=5.100403e-01  minρ=4.705e-15  σ=2.883618e+00  Rc=1.831432e+01
 step=  1200  E=2.441484366408e+02  Q=4.760000000000e+02  λ=1.070846e+00  maxρ=5.084162e-01  minρ=4.635e-15  σ=2.883621e+00  Rc=1.831431e+01
 step=  1500  E=2.499655197455e+02  Q=4.760000000000e+02  λ=1.188107e+00  maxρ=5.111464e-01  minρ=4.554e-15  σ=2.883623e+00  Rc=1.831431e+01
 step=  1800  E=2.529286201120e+02  Q=4.760000000000e+02  λ=1.173525e+00  maxρ=5.127828e-01  minρ=4.497e-15  σ=2.883620e+00  Rc=1.831431e+01
 step=  2100  E=2.511780096773e+02  Q=4.760000000000e+02  λ=1.071185e+00  maxρ=5.101731e-01  minρ=4.237e-15  σ=2.883616e+00  Rc=1.831431e+01
 step=  2400  E=2.481115499078e+02  Q=4.760000000000e+02  λ=1.024286e+00  maxρ=5.050258e-01  minρ=4.125e-15  σ=2.883617e+00  Rc=1.831431e+01
 step=  2700  E=2.473605050170e+02  Q=4.760000000000e+02  λ=1.079995e+00  maxρ=5.077476e-01  minρ=4.255e-15  σ=2.883621e+00  Rc=1.831431e+01
 step=  3000  E=2.488420592518e+02  Q=4.760000000000e+02  λ=1.146477e+00  maxρ=5.141267e-01  minρ=4.161e-15  σ=2.883622e+00  Rc=1.831431e+01
 step=  3300  E=2.499550828170e+02  Q=4.760000000000e+02  λ=1.133487e+00  maxρ=5.154492e-01  minρ=4.102e-15  σ=2.883618e+00  Rc=1.831431e+01
 step=  3600  E=2.492700132479e+02  Q=4.760000000000e+02  λ=1.067873e+00  maxρ=5.116565e-01  minρ=3.537e-15  σ=2.883613e+00  Rc=1.831431e+01
 step=  3900  E=2.478612587694e+02  Q=4.760000000000e+02  λ=1.039094e+00  maxρ=5.116606e-01  minρ=3.212e-15  σ=2.883613e+00  Rc=1.831431e+01
 step=  4200  E=2.473581010873e+02  Q=4.760000000000e+02  λ=1.072743e+00  maxρ=5.098835e-01  minρ=3.187e-15  σ=2.883617e+00  Rc=1.831430e+01
 step=  4500  E=2.478741843865e+02  Q=4.760000000000e+02  λ=1.108774e+00  maxρ=5.086901e-01  minρ=2.552e-15  σ=2.883619e+00  Rc=1.831430e+01
 step=  4800  E=2.483146553762e+02  Q=4.760000000000e+02  λ=1.095709e+00  maxρ=5.108283e-01  minρ=2.291e-15  σ=2.883615e+00  Rc=1.831430e+01
 step=  5100  E=2.480447276863e+02  Q=4.760000000000e+02  λ=1.057163e+00  maxρ=5.113686e-01  minρ=2.489e-15  σ=2.883610e+00  Rc=1.831430e+01
 step=  5400  E=2.475056475384e+02  Q=4.760000000000e+02  λ=1.047014e+00  maxρ=5.107684e-01  minρ=1.000e-15  σ=2.883608e+00  Rc=1.831430e+01
 step=  5700  E=2.473126988607e+02  Q=4.760000000000e+02  λ=1.071728e+00  maxρ=5.090260e-01  minρ=1.000e-15  σ=2.883610e+00  Rc=1.831429e+01
 step=  6000  E=2.474126672945e+02  Q=4.760000000000e+02  λ=1.089603e+00  maxρ=5.078335e-01  minρ=1.000e-15  σ=2.883611e+00  Rc=1.831429e+01
 >>> No runaway detected in this horizon. Likely stable (within this model & box).

STABILITY: PASS
