
=== Aggressive relaxation to Q = 1535 ===
Initial: E=1.253352531015e+03, Q=1.535000000000e+03, dt=1.000e-04
 step=     1  E=1.253307158865e+03  Q=1.535000000000e+03  λ=1.711631e+00  dt=1.000e-04  relΔE=3.620e-05  ||F||=5.442e-01
 step=   500  E=1.206554093386e+03  Q=1.535000000000e+03  λ=1.611998e+00  dt=6.192e-04  relΔE=1.248e-04  ||F||=4.365e-01
 step=  1000  E=1.119915422068e+03  Q=1.535000000000e+03  λ=1.436238e+00  dt=9.584e-04  relΔE=9.296e-05  ||F||=2.916e-01
 step=  1500  E=1.072351246179e+03  Q=1.535000000000e+03  λ=1.347416e+00  dt=1.236e-03  relΔE=8.213e-05  ||F||=2.361e-01
 step=  2000  E=1.037186418452e+03  Q=1.535000000000e+03  λ=1.286105e+00  dt=9.569e-04  relΔE=4.941e-05  ||F||=2.047e-01
 step=  2500  E=1.009790283162e+03  Q=1.535000000000e+03  λ=1.240928e+00  dt=7.406e-04  relΔE=3.310e-05  ||F||=1.880e-01
 step=  3000  E=9.879656808399e+02  Q=1.535000000000e+03  λ=1.206433e+00  dt=1.146e-03  relΔE=4.243e-05  ||F||=1.691e-01
 step=  3500  E=9.690510741638e+02  Q=1.535000000000e+03  λ=1.177415e+00  dt=8.873e-04  relΔE=2.878e-05  ||F||=1.568e-01
 step=  4000  E=9.522920513638e+02  Q=1.535000000000e+03  λ=1.152373e+00  dt=1.373e-03  relΔE=3.931e-05  ||F||=1.574e-01
 step=  4500  E=9.383376291967e+02  Q=1.535000000000e+03  λ=1.131902e+00  dt=1.063e-03  relΔE=2.730e-05  ||F||=1.373e-01
 step=  5000  E=9.254547408097e+02  Q=1.535000000000e+03  λ=1.113317e+00  dt=8.227e-04  relΔE=1.903e-05  ||F||=1.294e-01
 step=  5500  E=9.141569407548e+02  Q=1.535000000000e+03  λ=1.097267e+00  dt=1.274e-03  relΔE=2.661e-05  ||F||=1.222e-01
 step=  6000  E=9.041235105565e+02  Q=1.535000000000e+03  λ=1.083166e+00  dt=9.857e-04  relΔE=1.876e-05  ||F||=1.160e-01
 step=  6500  E=8.947777233754e+02  Q=1.535000000000e+03  λ=1.070174e+00  dt=7.629e-04  relΔE=1.355e-05  ||F||=1.115e-01
 step=  7000  E=8.865957589250e+02  Q=1.535000000000e+03  λ=1.058920e+00  dt=1.181e-03  relΔE=1.886e-05  ||F||=1.052e-01
 step=  7500  E=8.790401673471e+02  Q=1.535000000000e+03  λ=1.048603e+00  dt=9.140e-04  relΔE=1.346e-05  ||F||=1.006e-01
 step=  8000  E=8.719085104942e+02  Q=1.535000000000e+03  λ=1.039023e+00  dt=1.415e-03  relΔE=1.695e-05  ||F||=4.081e-01
 step=  8500  E=8.657152623742e+02  Q=1.535000000000e+03  λ=1.030624e+00  dt=1.095e-03  relΔE=1.386e-05  ||F||=9.256e-02
 step=  9000  E=8.597572194732e+02  Q=1.535000000000e+03  λ=1.022665e+00  dt=8.475e-04  relΔE=1.000e-05  ||F||=8.907e-02
 step=  9500  E=8.542476115803e+02  Q=1.535000000000e+03  λ=1.015361e+00  dt=1.312e-03  relΔE=1.445e-05  ||F||=8.583e-02
 step= 10000  E=8.492415057249e+02  Q=1.535000000000e+03  λ=1.008755e+00  dt=1.015e-03  relΔE=1.051e-05  ||F||=8.289e-02
 step= 10500  E=8.444012855429e+02  Q=1.535000000000e+03  λ=1.002406e+00  dt=7.858e-04  relΔE=7.713e-06  ||F||=8.051e-02
 step= 11000  E=8.399769069626e+02  Q=1.535000000000e+03  λ=9.966408e-01  dt=1.216e-03  relΔE=1.118e-05  ||F||=7.770e-02
 step= 11500  E=8.358093626744e+02  Q=1.535000000000e+03  λ=9.912323e-01  dt=9.414e-04  relΔE=8.203e-06  ||F||=7.546e-02
 step= 12000  E=8.317427574175e+02  Q=1.535000000000e+03  λ=9.859836e-01  dt=7.286e-04  relΔE=6.585e-06  ||F||=7.679e-02
 step= 12500  E=8.280789934410e+02  Q=1.535000000000e+03  λ=9.812822e-01  dt=1.128e-03  relΔE=8.904e-06  ||F||=7.149e-02
 step= 13000  E=8.244910693419e+02  Q=1.535000000000e+03  λ=9.766952e-01  dt=8.730e-04  relΔE=6.599e-06  ||F||=6.981e-02
 step= 13500  E=8.210251405815e+02  Q=1.535000000000e+03  λ=9.722908e-01  dt=1.351e-03  relΔE=9.787e-06  ||F||=6.965e-02
 step= 14000  E=8.178363102231e+02  Q=1.535000000000e+03  λ=9.682505e-01  dt=1.046e-03  relΔE=7.305e-06  ||F||=6.683e-02
 step= 14500  E=8.146528500908e+02  Q=1.535000000000e+03  λ=9.642348e-01  dt=8.095e-04  relΔE=5.480e-06  ||F||=6.567e-02
 step= 15000  E=8.116285652140e+02  Q=1.535000000000e+03  λ=9.604394e-01  dt=1.253e-03  relΔE=8.207e-06  ||F||=6.447e-02
 step= 15500  E=8.087238156839e+02  Q=1.535000000000e+03  λ=9.568025e-01  dt=9.698e-04  relΔE=6.189e-06  ||F||=6.353e-02
 step= 16000  E=8.058151617773e+02  Q=1.535000000000e+03  λ=9.531733e-01  dt=7.506e-04  relΔE=4.785e-06  ||F||=6.340e-02
 step= 16500  E=8.030785288565e+02  Q=1.535000000000e+03  λ=9.497718e-01  dt=1.162e-03  relΔE=7.117e-06  ||F||=6.202e-02
 step= 17000  E=8.003494625390e+02  Q=1.535000000000e+03  λ=9.463835e-01  dt=8.992e-04  relΔE=5.432e-06  ||F||=6.148e-02
 step= 17500  E=7.975909120959e+02  Q=1.535000000000e+03  λ=9.429704e-01  dt=1.392e-03  relΔE=8.270e-06  ||F||=8.468e-02
 step= 18000  E=7.950093587160e+02  Q=1.535000000000e+03  λ=9.397721e-01  dt=1.077e-03  relΔE=6.405e-06  ||F||=6.079e-02
 step= 18500  E=7.923299725570e+02  Q=1.535000000000e+03  λ=9.364557e-01  dt=8.338e-04  relΔE=4.960e-06  ||F||=6.070e-02
 step= 19000  E=7.896879902436e+02  Q=1.535000000000e+03  λ=9.331878e-01  dt=1.291e-03  relΔE=7.691e-06  ||F||=6.066e-02
 step= 19500  E=7.870814499452e+02  Q=1.535000000000e+03  λ=9.299549e-01  dt=9.989e-04  relΔE=5.999e-06  ||F||=6.079e-02
 step= 20000  E=7.843730864676e+02  Q=1.535000000000e+03  λ=9.265914e-01  dt=1.289e-03  relΔE=7.837e-06  ||F||=6.119e-02
 step= 20500  E=7.817299894837e+02  Q=1.535000000000e+03  λ=9.232949e-01  dt=9.973e-04  relΔE=6.168e-06  ||F||=6.148e-02
 step= 21000  E=7.789477243691e+02  Q=1.535000000000e+03  λ=9.198139e-01  dt=1.286e-03  relΔE=8.130e-06  ||F||=6.217e-02
 step= 21500  E=7.762093491456e+02  Q=1.535000000000e+03  λ=9.163667e-01  dt=9.957e-04  relΔE=6.452e-06  ||F||=6.271e-02
 step= 22000  E=7.733077169216e+02  Q=1.535000000000e+03  λ=9.126962e-01  dt=1.284e-03  relΔE=8.574e-06  ||F||=6.363e-02
 step= 22500  E=7.704263280224e+02  Q=1.535000000000e+03  λ=9.090230e-01  dt=9.941e-04  relΔE=6.854e-06  ||F||=6.444e-02
 step= 23000  E=7.673355858347e+02  Q=1.535000000000e+03  λ=9.050545e-01  dt=7.694e-04  relΔE=5.611e-06  ||F||=6.616e-02
 step= 23500  E=7.642493418721e+02  Q=1.535000000000e+03  λ=9.010649e-01  dt=1.191e-03  relΔE=8.845e-06  ||F||=6.661e-02
 step= 24000  E=7.610188999017e+02  Q=1.535000000000e+03  λ=8.968499e-01  dt=9.218e-04  relΔE=7.126e-06  ||F||=6.782e-02
 step= 24500  E=7.575785872204e+02  Q=1.535000000000e+03  λ=8.925563e-01  dt=1.427e-03  relΔE=1.991e-06  ||F||=7.273e-01
 step= 25000  E=7.541815456774e+02  Q=1.535000000000e+03  λ=8.878222e-01  dt=1.104e-03  relΔE=9.257e-06  ||F||=7.030e-02
 step= 25500  E=7.505437621277e+02  Q=1.535000000000e+03  λ=8.829576e-01  dt=8.547e-04  relΔE=7.461e-06  ||F||=7.157e-02
 step= 26000  E=7.467785866635e+02  Q=1.535000000000e+03  λ=8.778903e-01  dt=1.323e-03  relΔE=1.197e-05  ||F||=7.284e-02
 step= 26500  E=7.430098194456e+02  Q=1.535000000000e+03  λ=8.727758e-01  dt=1.024e-03  relΔE=9.559e-06  ||F||=7.364e-02
 step= 27000  E=7.390159563393e+02  Q=1.535000000000e+03  λ=8.673227e-01  dt=7.925e-04  relΔE=7.653e-06  ||F||=7.470e-02
 step= 27500  E=7.350330312414e+02  Q=1.535000000000e+03  λ=8.618615e-01  dt=1.227e-03  relΔE=1.199e-05  ||F||=7.494e-02
 step= 28000  E=7.310304796675e+02  Q=1.535000000000e+03  λ=8.563427e-01  dt=9.495e-04  relΔE=9.378e-06  ||F||=7.513e-02
 step= 28500  E=7.268925886497e+02  Q=1.535000000000e+03  λ=8.506190e-01  dt=7.349e-04  relΔE=7.659e-06  ||F||=7.703e-02
 step= 29000  E=7.229907415338e+02  Q=1.535000000000e+03  λ=8.452156e-01  dt=1.138e-03  relΔE=1.110e-05  ||F||=7.426e-02
 step= 29500  E=7.190784156366e+02  Q=1.535000000000e+03  λ=8.397853e-01  dt=8.804e-04  relΔE=8.383e-06  ||F||=7.316e-02
 step= 30000  E=7.152517890934e+02  Q=1.535000000000e+03  λ=8.344810e-01  dt=1.363e-03  relΔE=1.245e-05  ||F||=7.614e-02
 step= 30500  E=7.117779103421e+02  Q=1.535000000000e+03  λ=8.296634e-01  dt=1.055e-03  relΔE=9.142e-06  ||F||=6.945e-02
 step= 31000  E=7.083925186453e+02  Q=1.535000000000e+03  λ=8.249792e-01  dt=8.164e-04  relΔE=6.614e-06  ||F||=6.699e-02
 step= 31500  E=7.053282822817e+02  Q=1.535000000000e+03  λ=8.207576e-01  dt=1.264e-03  relΔE=9.365e-06  ||F||=6.393e-02
 step= 32000  E=7.025714613987e+02  Q=1.535000000000e+03  λ=8.169698e-01  dt=9.780e-04  relΔE=6.557e-06  ||F||=6.068e-02
 step= 32500  E=7.000352226758e+02  Q=1.535000000000e+03  λ=8.135032e-01  dt=7.570e-04  relΔE=4.615e-06  ||F||=5.778e-02
 step= 33000  E=6.978788107511e+02  Q=1.535000000000e+03  λ=8.105767e-01  dt=1.172e-03  relΔE=6.126e-06  ||F||=5.341e-02
 step= 33500  E=6.959827435374e+02  Q=1.535000000000e+03  λ=8.080183e-01  dt=9.069e-04  relΔE=4.103e-06  ||F||=4.961e-02
 step= 34000  E=6.943089255576e+02  Q=1.535000000000e+03  λ=8.057855e-01  dt=1.404e-03  relΔE=5.218e-06  ||F||=1.081e-01
 step= 34500  E=6.929735019942e+02  Q=1.535000000000e+03  λ=8.040106e-01  dt=1.086e-03  relΔE=3.536e-06  ||F||=4.199e-02
 step= 35000  E=6.918045189618e+02  Q=1.535000000000e+03  λ=8.024774e-01  dt=8.409e-04  relΔE=2.279e-06  ||F||=3.828e-02
 step= 35500  E=6.908450371940e+02  Q=1.535000000000e+03  λ=8.012361e-01  dt=1.302e-03  relΔE=2.904e-06  ||F||=3.472e-02
 step= 36000  E=6.900735279355e+02  Q=1.535000000000e+03  λ=8.002504e-01  dt=1.007e-03  relΔE=1.843e-06  ||F||=3.141e-02
 step= 36500  E=6.894250781543e+02  Q=1.535000000000e+03  λ=7.994355e-01  dt=7.797e-04  relΔE=1.167e-06  ||F||=2.840e-02
 step= 37000  E=6.889168365521e+02  Q=1.535000000000e+03  λ=7.988092e-01  dt=1.207e-03  relΔE=1.438e-06  ||F||=2.533e-02
 step= 37500  E=6.885065762717e+02  Q=1.535000000000e+03  λ=7.983136e-01  dt=9.342e-04  relΔE=8.909e-07  ||F||=2.265e-02
 step= 38000  E=6.881700934988e+02  Q=1.535000000000e+03  λ=7.979174e-01  dt=7.230e-04  relΔE=6.483e-07  ||F||=2.222e-02
 step= 38500  E=6.879172766125e+02  Q=1.535000000000e+03  λ=7.976281e-01  dt=1.119e-03  relΔE=6.704e-07  ||F||=1.794e-02
 step= 39000  E=6.877108469724e+02  Q=1.535000000000e+03  λ=7.973993e-01  dt=8.662e-04  relΔE=4.083e-07  ||F||=1.591e-02
 step= 39500  E=6.875477662240e+02  Q=1.535000000000e+03  λ=7.972258e-01  dt=1.341e-03  relΔE=4.932e-07  ||F||=1.419e-02
 step= 40000  E=6.874245626466e+02  Q=1.535000000000e+03  λ=7.971003e-01  dt=1.038e-03  relΔE=2.998e-07  ||F||=1.245e-02
 step= 40500  E=6.873248569481e+02  Q=1.535000000000e+03  λ=7.970041e-01  dt=8.032e-04  relΔE=1.807e-07  ||F||=1.099e-02
 step= 41000  E=6.872487201615e+02  Q=1.535000000000e+03  λ=7.969353e-01  dt=1.243e-03  relΔE=2.166e-07  ||F||=9.670e-03
 step= 41500  E=6.871900569023e+02  Q=1.535000000000e+03  λ=7.968863e-01  dt=9.623e-04  relΔE=1.303e-07  ||F||=8.524e-03
 step= 42000  E=6.871432235423e+02  Q=1.535000000000e+03  λ=7.968508e-01  dt=7.448e-04  relΔE=7.956e-08  ||F||=7.572e-03
 step= 42500  E=6.871084473095e+02  Q=1.535000000000e+03  λ=7.968274e-01  dt=1.153e-03  relΔE=9.316e-08  ||F||=6.583e-03
 step= 43000  E=6.870810667221e+02  Q=1.535000000000e+03  λ=7.968117e-01  dt=8.923e-04  relΔE=5.562e-08  ||F||=5.781e-03
 step= 43500  E=6.870594982978e+02  Q=1.535000000000e+03  λ=7.968017e-01  dt=1.381e-03  relΔE=6.562e-08  ||F||=6.248e-03
 step= 44000  E=6.870437679323e+02  Q=1.535000000000e+03  λ=7.967963e-01  dt=1.069e-03  relΔE=3.949e-08  ||F||=4.449e-03
 step= 44500  E=6.870311022017e+02  Q=1.535000000000e+03  λ=7.967938e-01  dt=8.273e-04  relΔE=2.344e-08  ||F||=3.895e-03
 step= 45000  E=6.870215372298e+02  Q=1.535000000000e+03  λ=7.967934e-01  dt=1.281e-03  relΔE=2.782e-08  ||F||=3.410e-03
 step= 45500  E=6.870142537896e+02  Q=1.535000000000e+03  λ=7.967944e-01  dt=9.912e-04  relΔE=1.657e-08  ||F||=2.991e-03
 step= 46000  E=6.870085040623e+02  Q=1.535000000000e+03  λ=7.967964e-01  dt=7.672e-04  relΔE=9.972e-09  ||F||=2.638e-03
 step= 46500  E=6.870042425918e+02  Q=1.535000000000e+03  λ=7.967988e-01  dt=1.188e-03  relΔE=1.165e-08  ||F||=2.291e-03
 step= 47000  E=6.870009372678e+02  Q=1.535000000000e+03  λ=7.968015e-01  dt=9.191e-04  relΔE=6.923e-09  ||F||=2.006e-03
 step= 47500  E=6.869983310425e+02  Q=1.535000000000e+03  λ=7.968044e-01  dt=1.423e-03  relΔE=6.105e-09  ||F||=1.027e-02
 step= 48000  E=6.869964446212e+02  Q=1.535000000000e+03  λ=7.968070e-01  dt=1.101e-03  relΔE=4.872e-09  ||F||=1.537e-03
 step= 48500  E=6.869949378707e+02  Q=1.535000000000e+03  λ=7.968097e-01  dt=8.522e-04  relΔE=2.885e-09  ||F||=1.344e-03
 step= 49000  E=6.869937864139e+02  Q=1.535000000000e+03  λ=7.968122e-01  dt=1.319e-03  relΔE=3.412e-09  ||F||=1.175e-03
 step= 49500  E=6.869929250784e+02  Q=1.535000000000e+03  λ=7.968145e-01  dt=1.021e-03  relΔE=2.032e-09  ||F||=1.030e-03
 step= 50000  E=6.869922432557e+02  Q=1.535000000000e+03  λ=7.968166e-01  dt=7.902e-04  relΔE=1.211e-09  ||F||=9.038e-04
 step= 50500  E=6.869917324791e+02  Q=1.535000000000e+03  λ=7.968185e-01  dt=1.223e-03  relΔE=1.427e-09  ||F||=7.881e-04
 step= 51000  E=6.869913414420e+02  Q=1.535000000000e+03  λ=7.968202e-01  dt=9.467e-04  relΔE=8.487e-10  ||F||=6.908e-04
 step= 51500  E=6.869910319519e+02  Q=1.535000000000e+03  λ=7.968218e-01  dt=7.327e-04  relΔE=5.347e-10  ||F||=6.240e-04
 step= 52000  E=6.869908059334e+02  Q=1.535000000000e+03  λ=7.968231e-01  dt=1.134e-03  relΔE=5.977e-10  ||F||=5.294e-04
 step= 52500  E=6.869906271953e+02  Q=1.535000000000e+03  λ=7.968243e-01  dt=8.779e-04  relΔE=3.548e-10  ||F||=4.636e-04
 step= 53000  E=6.869904885148e+02  Q=1.535000000000e+03  λ=7.968254e-01  dt=1.359e-03  relΔE=4.188e-10  ||F||=4.187e-04
 step= 53500  E=6.869903864464e+02  Q=1.535000000000e+03  λ=7.968263e-01  dt=1.052e-03  relΔE=2.504e-10  ||F||=3.559e-04
 step= 54000  E=6.869903050578e+02  Q=1.535000000000e+03  λ=7.968271e-01  dt=8.140e-04  relΔE=1.485e-10  ||F||=3.117e-04
 step= 54500  E=6.869902434983e+02  Q=1.535000000000e+03  λ=7.968278e-01  dt=1.260e-03  relΔE=1.761e-10  ||F||=2.730e-04
 step= 55000  E=6.869901967773e+02  Q=1.535000000000e+03  λ=7.968284e-01  dt=9.752e-04  relΔE=1.049e-10  ||F||=2.398e-04
 step= 55500  E=6.869901597131e+02  Q=1.535000000000e+03  λ=7.968289e-01  dt=7.548e-04  relΔE=6.362e-11  ||F||=2.125e-04
 step= 56000  E=6.869901323439e+02  Q=1.535000000000e+03  λ=7.968294e-01  dt=1.168e-03  relΔE=7.391e-11  ||F||=1.844e-04
 step= 56500  E=6.869901110566e+02  Q=1.535000000000e+03  λ=7.968298e-01  dt=9.043e-04  relΔE=4.393e-11  ||F||=1.620e-04
 step= 57000  E=6.869900942566e+02  Q=1.535000000000e+03  λ=7.968301e-01  dt=1.400e-03  relΔE=5.074e-11  ||F||=2.750e-04
 step= 57500  E=6.869900821105e+02  Q=1.535000000000e+03  λ=7.968304e-01  dt=1.083e-03  relΔE=3.088e-11  ||F||=1.249e-04
 step= 58000  E=6.869900723926e+02  Q=1.535000000000e+03  λ=7.968306e-01  dt=8.385e-04  relΔE=1.824e-11  ||F||=1.097e-04
 step= 58500  E=6.869900650484e+02  Q=1.535000000000e+03  λ=7.968309e-01  dt=1.298e-03  relΔE=2.150e-11  ||F||=9.634e-05
 step= 59000  E=6.869900595418e+02  Q=1.535000000000e+03  λ=7.968310e-01  dt=1.005e-03  relΔE=1.271e-11  ||F||=8.488e-05
 step= 59500  E=6.869900552229e+02  Q=1.535000000000e+03  λ=7.968312e-01  dt=7.775e-04  relΔE=7.530e-12  ||F||=7.499e-05
 step= 60000  E=6.869900520461e+02  Q=1.535000000000e+03  λ=7.968313e-01  dt=1.203e-03  relΔE=8.719e-12  ||F||=6.571e-05
 step= 60500  E=6.869900496360e+02  Q=1.535000000000e+03  λ=7.968314e-01  dt=9.315e-04  relΔE=5.083e-12  ||F||=5.793e-05
 step= 61000  E=6.869900477748e+02  Q=1.535000000000e+03  λ=7.968315e-01  dt=7.209e-04  relΔE=3.412e-12  ||F||=5.489e-05
 step= 61500  E=6.869900464653e+02  Q=1.535000000000e+03  λ=7.968316e-01  dt=1.116e-03  relΔE=3.362e-12  ||F||=4.503e-05
 step= 62000  E=6.869900454669e+02  Q=1.535000000000e+03  λ=7.968317e-01  dt=8.637e-04  relΔE=1.899e-12  ||F||=3.972e-05
 step= 62500  E=6.869900447394e+02  Q=1.535000000000e+03  λ=7.968318e-01  dt=1.337e-03  relΔE=2.099e-12  ||F||=3.511e-05
 step= 63000  E=6.869900442391e+02  Q=1.535000000000e+03  λ=7.968318e-01  dt=1.035e-03  relΔE=1.147e-12  ||F||=3.100e-05
 step= 63500  E=6.869900438825e+02  Q=1.535000000000e+03  λ=7.968318e-01  dt=8.009e-04  relΔE=6.007e-13  ||F||=2.740e-05
 step= 64000  E=6.869900436508e+02  Q=1.535000000000e+03  λ=7.968319e-01  dt=1.240e-03  relΔE=5.913e-13  ||F||=2.421e-05
 step= 64500  E=6.869900435100e+02  Q=1.535000000000e+03  λ=7.968319e-01  dt=9.595e-04  relΔE=2.658e-13  ||F||=2.146e-05
 step= 65000  E=6.869900434332e+02  Q=1.535000000000e+03  λ=7.968319e-01  dt=7.426e-04  relΔE=9.400e-14  ||F||=1.902e-05
 step= 65500  E=6.869900434083e+02  Q=1.535000000000e+03  λ=7.968319e-01  dt=1.149e-03  relΔE=1.771e-14  ||F||=1.686e-05
  !! dt è sceso sotto dt_min, mi fermo (stiffness).

Stationary candidate (aggressive): E=6.869900434078e+02, Q=1.535000000000e+03, maxρ=9.485044e-01

=== Stability test (damped inertial dynamics) ===
Perturb eps=0.02, gamma=1
t=0: E=7.621135581612e+02, Q=1.535000000000e+03, maxρ=9.794355e-01, σ=2.583224e+00, Rc=1.842268e+01
 step=     1  E=7.621131802912e+02  Q=1.535000000000e+03  λ=1.183923e+00  maxρ=9.794355e-01  minρ=5.766e-14  σ=2.583224e+00  Rc=1.842268e+01
 step=   300  E=7.466199960728e+02  Q=1.535000000000e+03  λ=1.080784e+00  maxρ=9.777733e-01  minρ=5.667e-14  σ=2.583221e+00  Rc=1.842268e+01
 step=   600  E=7.154629085636e+02  Q=1.535000000000e+03  λ=8.940406e-01  maxρ=9.730867e-01  minρ=5.387e-14  σ=2.583216e+00  Rc=1.842269e+01
 step=   900  E=6.972317871511e+02  Q=1.535000000000e+03  λ=8.345695e-01  maxρ=9.661549e-01  minρ=4.967e-14  σ=2.583214e+00  Rc=1.842269e+01
 step=  1200  E=7.041852149479e+02  Q=1.535000000000e+03  λ=9.422885e-01  maxρ=9.630887e-01  minρ=4.456e-14  σ=2.583217e+00  Rc=1.842268e+01
 step=  1500  E=7.228839591208e+02  Q=1.535000000000e+03  λ=1.059095e+00  maxρ=9.682936e-01  minρ=3.899e-14  σ=2.583218e+00  Rc=1.842268e+01
 step=  1800  E=7.324456888029e+02  Q=1.535000000000e+03  λ=1.045076e+00  maxρ=9.713912e-01  minρ=3.321e-14  σ=2.583216e+00  Rc=1.842268e+01
 step=  2100  E=7.268446901532e+02  Q=1.535000000000e+03  λ=9.434872e-01  maxρ=9.664440e-01  minρ=2.679e-14  σ=2.583212e+00  Rc=1.842268e+01
 step=  2400  E=7.169678564662e+02  Q=1.535000000000e+03  λ=8.964675e-01  maxρ=9.567058e-01  minρ=1.623e-14  σ=2.583213e+00  Rc=1.842268e+01
 step=  2700  E=7.145158527445e+02  Q=1.535000000000e+03  λ=9.513837e-01  maxρ=9.619944e-01  minρ=1.000e-15  σ=2.583216e+00  Rc=1.842267e+01
 step=  3000  E=7.192799882973e+02  Q=1.535000000000e+03  λ=1.017548e+00  maxρ=9.740768e-01  minρ=1.000e-15  σ=2.583217e+00  Rc=1.842267e+01
 step=  3300  E=7.229072776613e+02  Q=1.535000000000e+03  λ=1.005183e+00  maxρ=9.765757e-01  minρ=1.000e-15  σ=2.583213e+00  Rc=1.842268e+01
 step=  3600  E=7.207443662204e+02  Q=1.535000000000e+03  λ=9.402986e-01  maxρ=9.693228e-01  minρ=1.000e-15  σ=2.583209e+00  Rc=1.842268e+01
 step=  3900  E=7.161923805811e+02  Q=1.535000000000e+03  λ=9.113918e-01  maxρ=9.692707e-01  minρ=1.000e-15  σ=2.583209e+00  Rc=1.842267e+01
 step=  4200  E=7.145108643110e+02  Q=1.535000000000e+03  λ=9.442686e-01  maxρ=9.658994e-01  minρ=1.000e-15  σ=2.583212e+00  Rc=1.842267e+01
 step=  4500  E=7.161378937404e+02  Q=1.535000000000e+03  λ=9.799196e-01  maxρ=9.637443e-01  minρ=1.000e-15  σ=2.583213e+00  Rc=1.842267e+01
 step=  4800  E=7.175888605171e+02  Q=1.535000000000e+03  λ=9.673159e-01  maxρ=9.676825e-01  minρ=1.000e-15  σ=2.583209e+00  Rc=1.842267e+01
 step=  5100  E=7.167784787716e+02  Q=1.535000000000e+03  λ=9.294089e-01  maxρ=9.687139e-01  minρ=1.000e-15  σ=2.583204e+00  Rc=1.842267e+01
 step=  5400  E=7.150565446539e+02  Q=1.535000000000e+03  λ=9.192713e-01  maxρ=9.675688e-01  minρ=1.000e-15  σ=2.583203e+00  Rc=1.842266e+01
 step=  5700  E=7.143908621849e+02  Q=1.535000000000e+03  λ=9.434576e-01  maxρ=9.642600e-01  minρ=1.000e-15  σ=2.583204e+00  Rc=1.842266e+01
 step=  6000  E=7.146688510473e+02  Q=1.535000000000e+03  λ=9.610083e-01  maxρ=9.620931e-01  minρ=1.000e-15  σ=2.583205e+00  Rc=1.842266e+01
 >>> No runaway detected in this horizon. Likely stable (within this model & box).

STABILITY: PASS
