
=== Aggressive relaxation to Q = 1464 ===
Initial: E=1.192919501676e+03, Q=1.464000000000e+03, dt=1.000e-04
 step=     1  E=1.192878782961e+03  Q=1.464000000000e+03  λ=1.694100e+00  dt=1.000e-04  relΔE=3.413e-05  ||F||=5.279e-01
 step=   500  E=1.150515661597e+03  Q=1.464000000000e+03  λ=1.600931e+00  dt=6.192e-04  relΔE=1.196e-04  ||F||=4.273e-01
 step=  1000  E=1.070392084112e+03  Q=1.464000000000e+03  λ=1.433290e+00  dt=9.584e-04  relΔE=9.078e-05  ||F||=2.885e-01
 step=  1500  E=1.025823423858e+03  Q=1.464000000000e+03  λ=1.347375e+00  dt=1.236e-03  relΔE=8.072e-05  ||F||=2.344e-01
 step=  2000  E=9.926518296066e+02  Q=1.464000000000e+03  λ=1.287599e+00  dt=9.569e-04  relΔE=4.873e-05  ||F||=2.036e-01
 step=  2500  E=9.667567047410e+02  Q=1.464000000000e+03  λ=1.243411e+00  dt=7.406e-04  relΔE=3.267e-05  ||F||=1.871e-01
 step=  3000  E=9.460780871153e+02  Q=1.464000000000e+03  λ=1.209558e+00  dt=1.146e-03  relΔE=4.203e-05  ||F||=1.687e-01
 step=  3500  E=9.281213140628e+02  Q=1.464000000000e+03  λ=1.181003e+00  dt=8.873e-04  relΔE=2.855e-05  ||F||=1.565e-01
 step=  4000  E=9.121839086797e+02  Q=1.464000000000e+03  λ=1.156305e+00  dt=1.373e-03  relΔE=3.904e-05  ||F||=1.600e-01
 step=  4500  E=8.988978201393e+02  Q=1.464000000000e+03  λ=1.136081e+00  dt=1.063e-03  relΔE=2.716e-05  ||F||=1.372e-01
 step=  5000  E=8.866149969671e+02  Q=1.464000000000e+03  λ=1.117689e+00  dt=8.227e-04  relΔE=1.895e-05  ||F||=1.294e-01
 step=  5500  E=8.758348113547e+02  Q=1.464000000000e+03  λ=1.101788e+00  dt=1.274e-03  relΔE=2.652e-05  ||F||=1.223e-01
 step=  6000  E=8.662501766157e+02  Q=1.464000000000e+03  λ=1.087798e+00  dt=9.857e-04  relΔE=1.871e-05  ||F||=1.161e-01
 step=  6500  E=8.573155941945e+02  Q=1.464000000000e+03  λ=1.074896e+00  dt=7.629e-04  relΔE=1.354e-05  ||F||=1.117e-01
 step=  7000  E=8.494882966403e+02  Q=1.464000000000e+03  λ=1.063711e+00  dt=1.181e-03  relΔE=1.883e-05  ||F||=1.054e-01
 step=  7500  E=8.422559829686e+02  Q=1.464000000000e+03  λ=1.053450e+00  dt=9.140e-04  relΔE=1.345e-05  ||F||=1.008e-01
 step=  8000  E=8.354285393391e+02  Q=1.464000000000e+03  λ=1.043949e+00  dt=1.415e-03  relΔE=1.600e-05  ||F||=4.833e-01
 step=  8500  E=8.295009770149e+02  Q=1.464000000000e+03  λ=1.035565e+00  dt=1.095e-03  relΔE=1.386e-05  ||F||=9.279e-02
 step=  9000  E=8.237894111596e+02  Q=1.464000000000e+03  λ=1.027635e+00  dt=8.475e-04  relΔE=1.000e-05  ||F||=8.929e-02
 step=  9500  E=8.185056534282e+02  Q=1.464000000000e+03  λ=1.020354e+00  dt=1.312e-03  relΔE=1.447e-05  ||F||=8.606e-02
 step= 10000  E=8.136960879194e+02  Q=1.464000000000e+03  λ=1.013757e+00  dt=1.015e-03  relΔE=1.052e-05  ||F||=8.314e-02
 step= 10500  E=8.090569731184e+02  Q=1.464000000000e+03  λ=1.007432e+00  dt=7.858e-04  relΔE=7.713e-06  ||F||=8.069e-02
 step= 11000  E=8.048034266169e+02  Q=1.464000000000e+03  λ=1.001671e+00  dt=1.216e-03  relΔE=1.120e-05  ||F||=7.796e-02
 step= 11500  E=8.008067493222e+02  Q=1.464000000000e+03  λ=9.962797e-01  dt=9.414e-04  relΔE=8.223e-06  ||F||=7.572e-02
 step= 12000  E=7.968992609299e+02  Q=1.464000000000e+03  λ=9.910379e-01  dt=7.286e-04  relΔE=6.530e-06  ||F||=7.662e-02
 step= 12500  E=7.933792916452e+02  Q=1.464000000000e+03  λ=9.863437e-01  dt=1.128e-03  relΔE=8.931e-06  ||F||=7.176e-02
 step= 13000  E=7.899264747990e+02  Q=1.464000000000e+03  λ=9.817565e-01  dt=8.730e-04  relΔE=6.620e-06  ||F||=7.008e-02
 step= 13500  E=7.865986737389e+02  Q=1.464000000000e+03  λ=9.773621e-01  dt=1.351e-03  relΔE=9.824e-06  ||F||=6.936e-02
 step= 14000  E=7.835281352858e+02  Q=1.464000000000e+03  λ=9.733201e-01  dt=1.046e-03  relΔE=7.334e-06  ||F||=6.711e-02
 step= 14500  E=7.804700278166e+02  Q=1.464000000000e+03  λ=9.693124e-01  dt=8.095e-04  relΔE=5.499e-06  ||F||=6.593e-02
 step= 15000  E=7.775595268079e+02  Q=1.464000000000e+03  λ=9.655181e-01  dt=1.253e-03  relΔE=8.243e-06  ||F||=6.476e-02
 step= 15500  E=7.747642119610e+02  Q=1.464000000000e+03  λ=9.618829e-01  dt=9.698e-04  relΔE=6.218e-06  ||F||=6.382e-02
 step= 16000  E=7.719601902551e+02  Q=1.464000000000e+03  λ=9.582492e-01  dt=7.506e-04  relΔE=4.828e-06  ||F||=6.383e-02
 step= 16500  E=7.693250573151e+02  Q=1.464000000000e+03  λ=9.548478e-01  dt=1.162e-03  relΔE=7.153e-06  ||F||=6.231e-02
 step= 17000  E=7.666968710058e+02  Q=1.464000000000e+03  λ=9.514593e-01  dt=8.992e-04  relΔE=5.462e-06  ||F||=6.179e-02
 step= 17500  E=7.640399311125e+02  Q=1.464000000000e+03  λ=9.480468e-01  dt=1.392e-03  relΔE=8.281e-06  ||F||=9.795e-02
 step= 18000  E=7.615529472570e+02  Q=1.464000000000e+03  λ=9.448465e-01  dt=1.077e-03  relΔE=6.441e-06  ||F||=6.110e-02
 step= 18500  E=7.589753260339e+02  Q=1.464000000000e+03  λ=9.415336e-01  dt=8.338e-04  relΔE=4.987e-06  ||F||=6.100e-02
 step= 19000  E=7.564301107692e+02  Q=1.464000000000e+03  λ=9.382644e-01  dt=1.291e-03  relΔE=7.735e-06  ||F||=6.096e-02
 step= 19500  E=7.539152611185e+02  Q=1.464000000000e+03  λ=9.350251e-01  dt=9.989e-04  relΔE=6.034e-06  ||F||=6.110e-02
 step= 20000  E=7.513043371015e+02  Q=1.464000000000e+03  λ=9.316543e-01  dt=7.731e-04  relΔE=4.788e-06  ||F||=6.177e-02
 step= 20500  E=7.487422507791e+02  Q=1.464000000000e+03  λ=9.283388e-01  dt=1.197e-03  relΔE=7.443e-06  ||F||=6.178e-02
 step= 21000  E=7.461214189861e+02  Q=1.464000000000e+03  λ=9.249281e-01  dt=9.263e-04  relΔE=5.884e-06  ||F||=6.233e-02
 step= 21500  E=7.433612525855e+02  Q=1.464000000000e+03  λ=9.213418e-01  dt=7.169e-04  relΔE=7.655e-06  ||F||=2.340e-01
 step= 22000  E=7.406901721791e+02  Q=1.464000000000e+03  λ=9.178037e-01  dt=1.110e-03  relΔE=7.439e-06  ||F||=6.380e-02
 step= 22500  E=7.378413221664e+02  Q=1.464000000000e+03  λ=9.140258e-01  dt=8.589e-04  relΔE=5.956e-06  ||F||=6.476e-02
 step= 23000  E=7.349042634490e+02  Q=1.464000000000e+03  λ=9.101050e-01  dt=1.329e-03  relΔE=9.540e-06  ||F||=6.589e-02
 step= 23500  E=7.320378521380e+02  Q=1.464000000000e+03  λ=9.062402e-01  dt=8.575e-04  relΔE=6.378e-06  ||F||=6.681e-02
 step= 24000  E=7.288068520073e+02  Q=1.464000000000e+03  λ=9.018527e-01  dt=1.327e-03  relΔE=1.028e-05  ||F||=6.804e-02
 step= 24500  E=7.256308745624e+02  Q=1.464000000000e+03  λ=8.974943e-01  dt=1.027e-03  relΔE=8.275e-06  ||F||=6.922e-02
 step= 25000  E=7.222461898160e+02  Q=1.464000000000e+03  λ=8.928077e-01  dt=7.951e-04  relΔE=6.705e-06  ||F||=7.066e-02
 step= 25500  E=7.188056645094e+02  Q=1.464000000000e+03  λ=8.880064e-01  dt=1.231e-03  relΔE=1.071e-05  ||F||=7.162e-02
 step= 26000  E=7.152852701621e+02  Q=1.464000000000e+03  λ=8.830453e-01  dt=9.526e-04  relΔE=8.586e-06  ||F||=7.270e-02
 step= 26500  E=7.115289599008e+02  Q=1.464000000000e+03  λ=8.777093e-01  dt=7.373e-04  relΔE=7.133e-06  ||F||=7.517e-02
 step= 27000  E=7.078602532752e+02  Q=1.464000000000e+03  λ=8.724643e-01  dt=1.141e-03  relΔE=1.088e-05  ||F||=7.437e-02
 step= 27500  E=7.040468269623e+02  Q=1.464000000000e+03  λ=8.669703e-01  dt=8.833e-04  relΔE=8.575e-06  ||F||=7.485e-02
 step= 28000  E=7.001315665981e+02  Q=1.464000000000e+03  λ=8.613042e-01  dt=1.367e-03  relΔE=1.338e-05  ||F||=7.654e-02
 step= 28500  E=6.963894499653e+02  Q=1.464000000000e+03  λ=8.558549e-01  dt=1.058e-03  relΔE=1.034e-05  ||F||=7.470e-02
 step= 29000  E=6.925514107084e+02  Q=1.464000000000e+03  λ=8.502457e-01  dt=8.190e-04  relΔE=7.918e-06  ||F||=7.408e-02
 step= 29500  E=6.888662995852e+02  Q=1.464000000000e+03  λ=8.448513e-01  dt=1.268e-03  relΔE=1.191e-05  ||F||=7.283e-02
 step= 30000  E=6.853516783765e+02  Q=1.464000000000e+03  λ=8.396904e-01  dt=9.812e-04  relΔE=8.855e-06  ||F||=7.120e-02
 step= 30500  E=6.819167583590e+02  Q=1.464000000000e+03  λ=8.346428e-01  dt=7.594e-04  relΔE=6.606e-06  ||F||=6.975e-02
 step= 31000  E=6.788183579680e+02  Q=1.464000000000e+03  λ=8.300948e-01  dt=1.176e-03  relΔE=9.348e-06  ||F||=6.652e-02
 step= 31500  E=6.759313271168e+02  Q=1.464000000000e+03  λ=8.258555e-01  dt=9.098e-04  relΔE=6.640e-06  ||F||=6.359e-02
 step= 32000  E=6.732342537867e+02  Q=1.464000000000e+03  λ=8.219255e-01  dt=1.408e-03  relΔE=8.462e-06  ||F||=2.163e-01
 step= 32500  E=6.709653677166e+02  Q=1.464000000000e+03  λ=8.185885e-01  dt=1.090e-03  relΔE=6.393e-06  ||F||=5.679e-02
 step= 33000  E=6.688775951912e+02  Q=1.464000000000e+03  λ=8.155452e-01  dt=8.436e-04  relΔE=4.335e-06  ||F||=5.307e-02
 step= 33500  E=6.670772932844e+02  Q=1.464000000000e+03  λ=8.129346e-01  dt=1.306e-03  relΔE=5.790e-06  ||F||=4.924e-02
 step= 34000  E=6.655660304586e+02  Q=1.464000000000e+03  λ=8.107504e-01  dt=1.011e-03  relΔE=3.833e-06  ||F||=4.548e-02
 step= 34500  E=6.642453686237e+02  Q=1.464000000000e+03  λ=8.088527e-01  dt=7.823e-04  relΔE=2.523e-06  ||F||=4.190e-02
 step= 35000  E=6.631692536885e+02  Q=1.464000000000e+03  λ=8.073180e-01  dt=1.211e-03  relΔE=3.222e-06  ||F||=3.803e-02
 step= 35500  E=6.622753227322e+02  Q=1.464000000000e+03  λ=8.060509e-01  dt=9.372e-04  relΔE=2.061e-06  ||F||=3.455e-02
 step= 36000  E=6.615176274567e+02  Q=1.464000000000e+03  λ=8.049864e-01  dt=7.254e-04  relΔE=1.477e-06  ||F||=3.336e-02
 step= 36500  E=6.609336748560e+02  Q=1.464000000000e+03  λ=8.041746e-01  dt=1.123e-03  relΔE=1.637e-06  ||F||=2.810e-02
 step= 37000  E=6.604460093871e+02  Q=1.464000000000e+03  λ=8.035034e-01  dt=8.690e-04  relΔE=1.020e-06  ||F||=2.520e-02
 step= 37500  E=6.600520462189e+02  Q=1.464000000000e+03  λ=8.029687e-01  dt=1.345e-03  relΔE=1.257e-06  ||F||=2.260e-02
 step= 38000  E=6.597485925088e+02  Q=1.464000000000e+03  λ=8.025622e-01  dt=1.041e-03  relΔE=7.771e-07  ||F||=2.008e-02
 step= 38500  E=6.594996530859e+02  Q=1.464000000000e+03  λ=8.022343e-01  dt=8.058e-04  relΔE=4.758e-07  ||F||=1.786e-02
 step= 39000  E=6.593065472325e+02  Q=1.464000000000e+03  λ=8.019851e-01  dt=1.247e-03  relΔE=5.782e-07  ||F||=1.582e-02
 step= 39500  E=6.591559065219e+02  Q=1.464000000000e+03  λ=8.017946e-01  dt=9.654e-04  relΔE=3.519e-07  ||F||=1.403e-02
 step= 40000  E=6.590344576306e+02  Q=1.464000000000e+03  λ=8.016450e-01  dt=7.472e-04  relΔE=2.168e-07  ||F||=1.252e-02
 step= 40500  E=6.589433042315e+02  Q=1.464000000000e+03  λ=8.015361e-01  dt=1.157e-03  relΔE=2.565e-07  ||F||=1.094e-02
 step= 41000  E=6.588710331682e+02  Q=1.464000000000e+03  λ=8.014526e-01  dt=8.952e-04  relΔE=1.543e-07  ||F||=9.643e-03
 step= 41500  E=6.588136133990e+02  Q=1.464000000000e+03  λ=8.013889e-01  dt=1.386e-03  relΔE=1.833e-07  ||F||=1.047e-02
 step= 42000  E=6.587714782197e+02  Q=1.464000000000e+03  λ=8.013443e-01  dt=1.072e-03  relΔE=1.109e-07  ||F||=7.466e-03
 step= 42500  E=6.587374281057e+02  Q=1.464000000000e+03  λ=8.013102e-01  dt=8.300e-04  relΔE=6.617e-08  ||F||=6.554e-03
 step= 43000  E=6.587115576192e+02  Q=1.464000000000e+03  λ=8.012861e-01  dt=1.285e-03  relΔE=7.883e-08  ||F||=5.749e-03
 step= 43500  E=6.586918208379e+02  Q=1.464000000000e+03  λ=8.012691e-01  dt=9.944e-04  relΔE=4.711e-08  ||F||=5.051e-03
 step= 44000  E=6.586763051542e+02  Q=1.464000000000e+03  λ=8.012571e-01  dt=1.283e-03  relΔE=4.661e-08  ||F||=4.423e-03
 step= 44500  E=6.586646574790e+02  Q=1.464000000000e+03  λ=8.012491e-01  dt=9.928e-04  relΔE=2.782e-08  ||F||=3.883e-03
 step= 45000  E=6.586554083716e+02  Q=1.464000000000e+03  λ=8.012438e-01  dt=7.684e-04  relΔE=1.667e-08  ||F||=3.416e-03
 step= 45500  E=6.586485513193e+02  Q=1.464000000000e+03  λ=8.012407e-01  dt=1.189e-03  relΔE=1.959e-08  ||F||=2.976e-03
 step= 46000  E=6.586432295952e+02  Q=1.464000000000e+03  λ=8.012390e-01  dt=9.206e-04  relΔE=1.164e-08  ||F||=2.607e-03
 step= 46500  E=6.586390290453e+02  Q=1.464000000000e+03  λ=8.012385e-01  dt=1.425e-03  relΔE=9.809e-09  ||F||=1.409e-02
 step= 47000  E=6.586359920798e+02  Q=1.464000000000e+03  λ=8.012384e-01  dt=1.103e-03  relΔE=8.188e-09  ||F||=1.996e-03
 step= 47500  E=6.586335683421e+02  Q=1.464000000000e+03  λ=8.012389e-01  dt=8.536e-04  relΔE=4.846e-09  ||F||=1.744e-03
 step= 48000  E=6.586317170370e+02  Q=1.464000000000e+03  λ=8.012397e-01  dt=1.321e-03  relΔE=5.727e-09  ||F||=1.525e-03
 step= 48500  E=6.586303335482e+02  Q=1.464000000000e+03  λ=8.012406e-01  dt=1.023e-03  relΔE=3.408e-09  ||F||=1.335e-03
 step= 49000  E=6.586292406474e+02  Q=1.464000000000e+03  λ=8.012417e-01  dt=7.915e-04  relΔE=2.024e-09  ||F||=1.169e-03
 step= 49500  E=6.586284219316e+02  Q=1.464000000000e+03  λ=8.012427e-01  dt=1.225e-03  relΔE=2.388e-09  ||F||=1.020e-03
 step= 50000  E=6.586277950534e+02  Q=1.464000000000e+03  λ=8.012438e-01  dt=9.483e-04  relΔE=1.418e-09  ||F||=8.931e-04
 step= 50500  E=6.586273013964e+02  Q=1.464000000000e+03  λ=8.012448e-01  dt=7.339e-04  relΔE=8.675e-10  ||F||=7.942e-04
 step= 51000  E=6.586269402473e+02  Q=1.464000000000e+03  λ=8.012457e-01  dt=1.136e-03  relΔE=9.956e-10  ||F||=6.828e-04
 step= 51500  E=6.586266554421e+02  Q=1.464000000000e+03  λ=8.012466e-01  dt=8.793e-04  relΔE=5.898e-10  ||F||=5.970e-04
 step= 52000  E=6.586264348197e+02  Q=1.464000000000e+03  λ=8.012473e-01  dt=1.361e-03  relΔE=6.953e-10  ||F||=5.366e-04
 step= 52500  E=6.586262729018e+02  Q=1.464000000000e+03  λ=8.012480e-01  dt=1.053e-03  relΔE=4.151e-10  ||F||=4.568e-04
 step= 53000  E=6.586261436621e+02  Q=1.464000000000e+03  λ=8.012487e-01  dt=8.153e-04  relΔE=2.458e-10  ||F||=3.993e-04
 step= 53500  E=6.586260463125e+02  Q=1.464000000000e+03  λ=8.012492e-01  dt=1.262e-03  relΔE=2.910e-10  ||F||=3.489e-04
 step= 54000  E=6.586259723376e+02  Q=1.464000000000e+03  λ=8.012497e-01  dt=9.768e-04  relΔE=1.732e-10  ||F||=3.057e-04
 step= 54500  E=6.586259138699e+02  Q=1.464000000000e+03  λ=8.012502e-01  dt=7.560e-04  relΔE=1.042e-10  ||F||=2.695e-04
 step= 55000  E=6.586258706685e+02  Q=1.464000000000e+03  λ=8.012506e-01  dt=1.170e-03  relΔE=1.219e-10  ||F||=2.339e-04
 step= 55500  E=6.586258370214e+02  Q=1.464000000000e+03  λ=8.012509e-01  dt=9.057e-04  relΔE=7.243e-11  ||F||=2.048e-04
 step= 56000  E=6.586258104946e+02  Q=1.464000000000e+03  λ=8.012512e-01  dt=1.402e-03  relΔE=8.256e-11  ||F||=4.364e-04
 step= 56500  E=6.586257913112e+02  Q=1.464000000000e+03  λ=8.012515e-01  dt=1.085e-03  relΔE=5.109e-11  ||F||=1.570e-04
 step= 57000  E=6.586257759003e+02  Q=1.464000000000e+03  λ=8.012517e-01  dt=8.398e-04  relΔE=3.026e-11  ||F||=1.374e-04
 step= 57500  E=6.586257641916e+02  Q=1.464000000000e+03  λ=8.012519e-01  dt=1.300e-03  relΔE=3.584e-11  ||F||=1.202e-04
 step= 58000  E=6.586257553763e+02  Q=1.464000000000e+03  λ=8.012521e-01  dt=1.006e-03  relΔE=2.134e-11  ||F||=1.055e-04
 step= 58500  E=6.586257484140e+02  Q=1.464000000000e+03  λ=8.012522e-01  dt=7.787e-04  relΔE=1.274e-11  ||F||=9.279e-05
 step= 59000  E=6.586257432238e+02  Q=1.464000000000e+03  λ=8.012524e-01  dt=1.205e-03  relΔE=1.496e-11  ||F||=8.094e-05
 step= 59500  E=6.586257392406e+02  Q=1.464000000000e+03  λ=8.012525e-01  dt=9.330e-04  relΔE=8.867e-12  ||F||=7.104e-05
 step= 60000  E=6.586257360996e+02  Q=1.464000000000e+03  λ=8.012526e-01  dt=7.221e-04  relΔE=5.863e-12  ||F||=6.622e-05
 step= 60500  E=6.586257338359e+02  Q=1.464000000000e+03  λ=8.012527e-01  dt=1.118e-03  relΔE=6.165e-12  ||F||=5.467e-05
 step= 61000  E=6.586257320502e+02  Q=1.464000000000e+03  λ=8.012527e-01  dt=8.651e-04  relΔE=3.617e-12  ||F||=4.797e-05
 step= 61500  E=6.586257306928e+02  Q=1.464000000000e+03  λ=8.012528e-01  dt=1.339e-03  relΔE=4.208e-12  ||F||=4.220e-05
 step= 62000  E=6.586257297029e+02  Q=1.464000000000e+03  λ=8.012529e-01  dt=1.036e-03  relΔE=2.460e-12  ||F||=3.700e-05
 step= 62500  E=6.586257289370e+02  Q=1.464000000000e+03  λ=8.012529e-01  dt=8.022e-04  relΔE=1.421e-12  ||F||=3.253e-05
 step= 63000  E=6.586257283775e+02  Q=1.464000000000e+03  λ=8.012529e-01  dt=1.242e-03  relΔE=1.617e-12  ||F||=2.854e-05
 step= 63500  E=6.586257279712e+02  Q=1.464000000000e+03  λ=8.012530e-01  dt=9.610e-04  relΔE=9.155e-13  ||F||=2.514e-05
 step= 64000  E=6.586257276676e+02  Q=1.464000000000e+03  λ=8.012530e-01  dt=7.438e-04  relΔE=5.182e-13  ||F||=2.232e-05
 step= 64500  E=6.586257274617e+02  Q=1.464000000000e+03  λ=8.012530e-01  dt=1.151e-03  relΔE=5.460e-13  ||F||=1.947e-05
 step= 65000  E=6.586257273179e+02  Q=1.464000000000e+03  λ=8.012530e-01  dt=8.911e-04  relΔE=2.834e-13  ||F||=1.715e-05
 step= 65500  E=6.586257272222e+02  Q=1.464000000000e+03  λ=8.012531e-01  dt=1.379e-03  relΔE=2.708e-13  ||F||=1.721e-05
 step= 66000  E=6.586257271681e+02  Q=1.464000000000e+03  λ=8.012531e-01  dt=1.068e-03  relΔE=1.186e-13  ||F||=1.334e-05
 step= 66500  E=6.586257271399e+02  Q=1.464000000000e+03  λ=8.012531e-01  dt=8.263e-04  relΔE=3.625e-14  ||F||=1.175e-05
  !! dt è sceso sotto dt_min, mi fermo (stiffness).

Stationary candidate (aggressive): E=6.586257271330e+02, Q=1.464000000000e+03, maxρ=9.295091e-01

=== Stability test (damped inertial dynamics) ===
Perturb eps=0.02, gamma=1
t=0: E=7.302629495553e+02, Q=1.464000000000e+03, maxρ=9.596624e-01, σ=2.581442e+00, Rc=1.842479e+01
 step=     1  E=7.302625892328e+02  Q=1.464000000000e+03  λ=1.188278e+00  maxρ=9.596623e-01  minρ=1.385e-15  σ=2.581442e+00  Rc=1.842479e+01
 step=   300  E=7.154888649099e+02  Q=1.464000000000e+03  λ=1.085159e+00  maxρ=9.580337e-01  minρ=1.391e-15  σ=2.581439e+00  Rc=1.842479e+01
 step=   600  E=6.857785050417e+02  Q=1.464000000000e+03  λ=8.984502e-01  maxρ=9.534420e-01  minρ=1.367e-15  σ=2.581434e+00  Rc=1.842479e+01
 step=   900  E=6.683936105799e+02  Q=1.464000000000e+03  λ=8.389856e-01  maxρ=9.466504e-01  minρ=1.336e-15  σ=2.581433e+00  Rc=1.842479e+01
 step=  1200  E=6.750235979533e+02  Q=1.464000000000e+03  λ=9.466802e-01  maxρ=9.436424e-01  minρ=1.308e-15  σ=2.581435e+00  Rc=1.842479e+01
 step=  1500  E=6.928534199630e+02  Q=1.464000000000e+03  λ=1.063468e+00  maxρ=9.488510e-01  minρ=1.289e-15  σ=2.581436e+00  Rc=1.842478e+01
 step=  1800  E=7.019703948990e+02  Q=1.464000000000e+03  λ=1.049458e+00  maxρ=9.518866e-01  minρ=1.270e-15  σ=2.581434e+00  Rc=1.842478e+01
 step=  2100  E=6.966287858684e+02  Q=1.464000000000e+03  λ=9.478887e-01  maxρ=9.470388e-01  minρ=1.199e-15  σ=2.581431e+00  Rc=1.842478e+01
 step=  2400  E=6.872107144630e+02  Q=1.464000000000e+03  λ=9.008678e-01  maxρ=9.375424e-01  minρ=1.146e-15  σ=2.581431e+00  Rc=1.842478e+01
 step=  2700  E=6.848742259948e+02  Q=1.464000000000e+03  λ=9.557667e-01  maxρ=9.425785e-01  minρ=1.162e-15  σ=2.581434e+00  Rc=1.842478e+01
 step=  3000  E=6.894196417318e+02  Q=1.464000000000e+03  λ=1.021927e+00  maxρ=9.544172e-01  minρ=1.111e-15  σ=2.581435e+00  Rc=1.842478e+01
 step=  3300  E=6.928797351331e+02  Q=1.464000000000e+03  λ=1.009583e+00  maxρ=9.568659e-01  minρ=1.022e-15  σ=2.581431e+00  Rc=1.842478e+01
 step=  3600  E=6.908157381079e+02  Q=1.464000000000e+03  λ=9.447146e-01  maxρ=9.498552e-01  minρ=1.000e-15  σ=2.581427e+00  Rc=1.842478e+01
 step=  3900  E=6.864720376617e+02  Q=1.464000000000e+03  λ=9.157964e-01  maxρ=9.498587e-01  minρ=1.000e-15  σ=2.581427e+00  Rc=1.842478e+01
 step=  4200  E=6.848670499244e+02  Q=1.464000000000e+03  λ=9.486474e-01  maxρ=9.465554e-01  minρ=1.000e-15  σ=2.581430e+00  Rc=1.842477e+01
 step=  4500  E=6.864202049661e+02  Q=1.464000000000e+03  λ=9.842934e-01  maxρ=9.444056e-01  minρ=1.000e-15  σ=2.581431e+00  Rc=1.842477e+01
 step=  4800  E=6.878068773808e+02  Q=1.464000000000e+03  λ=9.717138e-01  maxρ=9.482524e-01  minρ=1.000e-15  σ=2.581427e+00  Rc=1.842477e+01
 step=  5100  E=6.870351113025e+02  Q=1.464000000000e+03  λ=9.338291e-01  maxρ=9.492968e-01  minρ=1.000e-15  σ=2.581422e+00  Rc=1.842477e+01
 step=  5400  E=6.853907848588e+02  Q=1.464000000000e+03  λ=9.236829e-01  maxρ=9.481755e-01  minρ=1.000e-15  σ=2.581421e+00  Rc=1.842477e+01
 step=  5700  E=6.847528315417e+02  Q=1.464000000000e+03  λ=9.478409e-01  maxρ=9.449339e-01  minρ=1.000e-15  σ=2.581422e+00  Rc=1.842477e+01
 step=  6000  E=6.850173965041e+02  Q=1.464000000000e+03  λ=9.653801e-01  maxρ=9.428014e-01  minρ=1.000e-15  σ=2.581423e+00  Rc=1.842476e+01
 >>> No runaway detected in this horizon. Likely stable (within this model & box).

STABILITY: PASS
