
=== Aggressive relaxation to Q = 373 ===
Initial: E=3.156768666402e+02, Q=3.730000000000e+02, dt=1.000e-04
 step=     1  E=3.156722469745e+02  Q=3.730000000000e+02  λ=1.596637e+00  dt=1.000e-04  relΔE=1.463e-05  ||F||=3.524e-01
 step=   500  E=3.102053371627e+02  Q=3.730000000000e+02  λ=1.566166e+00  dt=6.192e-04  relΔE=6.414e-05  ||F||=3.219e-01
 step=  1000  E=2.963694038597e+02  Q=3.730000000000e+02  λ=1.490876e+00  dt=9.584e-04  relΔE=6.565e-05  ||F||=2.558e-01
 step=  1500  E=2.868161864868e+02  Q=3.730000000000e+02  λ=1.440650e+00  dt=1.236e-03  relΔE=6.555e-05  ||F||=2.213e-01
 step=  2000  E=2.790030285057e+02  Q=3.730000000000e+02  λ=1.400491e+00  dt=9.569e-04  relΔE=4.235e-05  ||F||=1.994e-01
 step=  2500  E=2.725162710431e+02  Q=3.730000000000e+02  λ=1.367684e+00  dt=7.406e-04  relΔE=2.966e-05  ||F||=1.875e-01
 step=  3000  E=2.671123706733e+02  Q=3.730000000000e+02  λ=1.340668e+00  dt=1.146e-03  relΔE=3.960e-05  ||F||=1.724e-01
 step=  3500  E=2.622609408457e+02  Q=3.730000000000e+02  λ=1.316578e+00  dt=8.873e-04  relΔE=2.771e-05  ||F||=1.624e-01
 step=  4000  E=2.578325377602e+02  Q=3.730000000000e+02  λ=1.294761e+00  dt=1.373e-03  relΔE=3.888e-05  ||F||=1.677e-01
 step=  4500  E=2.540533815442e+02  Q=3.730000000000e+02  λ=1.276214e+00  dt=1.063e-03  relΔE=2.761e-05  ||F||=1.457e-01
 step=  5000  E=2.504894125927e+02  Q=3.730000000000e+02  λ=1.258814e+00  dt=8.227e-04  relΔE=1.966e-05  ||F||=1.388e-01
 step=  5500  E=2.473065889207e+02  Q=3.730000000000e+02  λ=1.243362e+00  dt=1.274e-03  relΔE=2.795e-05  ||F||=1.322e-01
 step=  6000  E=2.444338012815e+02  Q=3.730000000000e+02  λ=1.229456e+00  dt=9.857e-04  relΔE=2.002e-05  ||F||=1.264e-01
 step=  6500  E=2.417267710324e+02  Q=3.730000000000e+02  λ=1.216407e+00  dt=7.629e-04  relΔE=1.454e-05  ||F||=1.218e-01
 step=  7000  E=2.393161940944e+02  Q=3.730000000000e+02  λ=1.204844e+00  dt=1.181e-03  relΔE=2.068e-05  ||F||=1.161e-01
 step=  7500  E=2.370663144034e+02  Q=3.730000000000e+02  λ=1.194080e+00  dt=9.140e-04  relΔE=1.495e-05  ||F||=1.117e-01
 step=  8000  E=2.349184632477e+02  Q=3.730000000000e+02  λ=1.184104e+00  dt=1.415e-03  relΔE=1.432e-05  ||F||=7.567e-01
 step=  8500  E=2.330332263989e+02  Q=3.730000000000e+02  λ=1.174903e+00  dt=1.095e-03  relΔE=1.578e-05  ||F||=1.040e-01
 step=  9000  E=2.311937198244e+02  Q=3.730000000000e+02  λ=1.166202e+00  dt=8.475e-04  relΔE=1.154e-05  ||F||=1.007e-01
 step=  9500  E=2.294740705369e+02  Q=3.730000000000e+02  λ=1.158109e+00  dt=1.312e-03  relΔE=1.690e-05  ||F||=9.761e-02
 step= 10000  E=2.278915566863e+02  Q=3.730000000000e+02  λ=1.150680e+00  dt=1.015e-03  relΔE=1.246e-05  ||F||=9.486e-02
 step= 10500  E=2.263423098940e+02  Q=3.730000000000e+02  λ=1.143438e+00  dt=7.858e-04  relΔE=9.278e-06  ||F||=9.274e-02
 step= 11000  E=2.249010994785e+02  Q=3.730000000000e+02  λ=1.136734e+00  dt=1.216e-03  relΔE=1.369e-05  ||F||=9.024e-02
 step= 11500  E=2.235259943237e+02  Q=3.730000000000e+02  λ=1.130353e+00  dt=9.414e-04  relΔE=1.022e-05  ||F||=8.835e-02
 step= 12000  E=2.221580230557e+02  Q=3.730000000000e+02  λ=1.124030e+00  dt=7.286e-04  relΔE=8.578e-06  ||F||=9.196e-02
 step= 12500  E=2.209059713636e+02  Q=3.730000000000e+02  λ=1.118263e+00  dt=1.128e-03  relΔE=1.152e-05  ||F||=8.521e-02
 step= 13000  E=2.196555657892e+02  Q=3.730000000000e+02  λ=1.112513e+00  dt=8.730e-04  relΔE=8.714e-06  ||F||=8.400e-02
 step= 13500  E=2.184238993379e+02  Q=3.730000000000e+02  λ=1.106865e+00  dt=1.351e-03  relΔE=1.320e-05  ||F||=8.450e-02
 step= 14000  E=2.172682564687e+02  Q=3.730000000000e+02  λ=1.101563e+00  dt=1.046e-03  relΔE=1.006e-05  ||F||=8.201e-02
 step= 14500  E=2.160917234677e+02  Q=3.730000000000e+02  λ=1.096164e+00  dt=8.095e-04  relΔE=7.712e-06  ||F||=8.139e-02
 step= 15000  E=2.149520731146e+02  Q=3.730000000000e+02  λ=1.090931e+00  dt=1.253e-03  relΔE=1.179e-05  ||F||=8.066e-02
 step= 15500  E=2.138388032639e+02  Q=3.730000000000e+02  λ=1.085797e+00  dt=9.698e-04  relΔE=9.062e-06  ||F||=8.019e-02
 step= 16000  E=2.127015234656e+02  Q=3.730000000000e+02  λ=1.080529e+00  dt=7.506e-04  relΔE=7.161e-06  ||F||=8.083e-02
 step= 16500  E=2.116167146761e+02  Q=3.730000000000e+02  λ=1.075476e+00  dt=1.162e-03  relΔE=1.078e-05  ||F||=7.947e-02
 step= 17000  E=2.105216046318e+02  Q=3.730000000000e+02  λ=1.070330e+00  dt=8.992e-04  relΔE=8.331e-06  ||F||=7.922e-02
 step= 17500  E=2.094045270525e+02  Q=3.730000000000e+02  λ=1.065039e+00  dt=1.392e-03  relΔE=1.278e-05  ||F||=1.147e-01
 step= 18000  E=2.083539949206e+02  Q=3.730000000000e+02  λ=1.059994e+00  dt=1.077e-03  relΔE=9.954e-06  ||F||=7.870e-02
 step= 18500  E=2.072636909452e+02  Q=3.730000000000e+02  λ=1.054696e+00  dt=8.338e-04  relΔE=7.704e-06  ||F||=7.850e-02
 step= 19000  E=2.061948363489e+02  Q=3.730000000000e+02  λ=1.049435e+00  dt=1.291e-03  relΔE=1.186e-05  ||F||=7.807e-02
 step= 19500  E=2.051531963874e+02  Q=3.730000000000e+02  λ=1.044222e+00  dt=9.989e-04  relΔE=9.120e-06  ||F||=7.763e-02
 step= 20000  E=2.040900128283e+02  Q=3.730000000000e+02  λ=1.038814e+00  dt=7.731e-04  relΔE=7.099e-06  ||F||=7.767e-02
 step= 20500  E=2.030780950488e+02  Q=3.730000000000e+02  λ=1.033583e+00  dt=1.197e-03  relΔE=1.068e-05  ||F||=7.635e-02
 step= 21000  E=2.020783472039e+02  Q=3.730000000000e+02  λ=1.028314e+00  dt=9.263e-04  relΔE=8.114e-06  ||F||=7.547e-02
 step= 21500  E=2.010763894755e+02  Q=3.730000000000e+02  λ=1.023205e+00  dt=1.434e-03  relΔE=1.763e-06  ||F||=7.869e-01
 step= 22000  E=2.001534384880e+02  Q=3.730000000000e+02  λ=1.017885e+00  dt=1.110e-03  relΔE=9.198e-06  ||F||=7.306e-02
 step= 22500  E=1.992351624448e+02  Q=3.730000000000e+02  λ=1.012756e+00  dt=8.589e-04  relΔE=6.861e-06  ||F||=7.156e-02
 step= 23000  E=1.983564392794e+02  Q=3.730000000000e+02  λ=1.007754e+00  dt=1.329e-03  relΔE=1.013e-05  ||F||=6.994e-02
 step= 23500  E=1.975473033245e+02  Q=3.730000000000e+02  λ=1.003045e+00  dt=1.029e-03  relΔE=7.434e-06  ||F||=6.776e-02
 step= 24000  E=1.967624892161e+02  Q=3.730000000000e+02  λ=9.983816e-01  dt=7.964e-04  relΔE=5.439e-06  ||F||=6.576e-02
 step= 24500  E=1.960446737599e+02  Q=3.730000000000e+02  λ=9.940280e-01  dt=1.233e-03  relΔE=7.785e-06  ||F||=6.311e-02
 step= 25000  E=1.953848673361e+02  Q=3.730000000000e+02  λ=9.899322e-01  dt=9.541e-04  relΔE=5.565e-06  ||F||=6.055e-02
 step= 25500  E=1.947611296154e+02  Q=3.730000000000e+02  λ=9.859713e-01  dt=7.385e-04  relΔE=4.098e-06  ||F||=5.900e-02
 step= 26000  E=1.942191521725e+02  Q=3.730000000000e+02  λ=9.824522e-01  dt=1.143e-03  relΔE=5.525e-06  ||F||=5.496e-02
 step= 26500  E=1.937197114843e+02  Q=3.730000000000e+02  λ=9.791259e-01  dt=8.847e-04  relΔE=3.845e-06  ||F||=5.204e-02
 step= 27000  E=1.932661439799e+02  Q=3.730000000000e+02  λ=9.760309e-01  dt=1.369e-03  relΔE=5.283e-06  ||F||=5.142e-02
 step= 27500  E=1.928821877498e+02  Q=3.730000000000e+02  λ=9.733364e-01  dt=1.060e-03  relΔE=3.627e-06  ||F||=4.608e-02
 step= 28000  E=1.925313138126e+02  Q=3.730000000000e+02  λ=9.708053e-01  dt=8.203e-04  relΔE=2.463e-06  ||F||=4.312e-02
 step= 28500  E=1.922296499459e+02  Q=3.730000000000e+02  λ=9.685662e-01  dt=1.270e-03  relΔE=3.314e-06  ||F||=4.017e-02
 step= 29000  E=1.919703768583e+02  Q=3.730000000000e+02  λ=9.665782e-01  dt=9.828e-04  relΔE=2.222e-06  ||F||=3.736e-02
 step= 29500  E=1.917406824068e+02  Q=3.730000000000e+02  λ=9.647573e-01  dt=7.607e-04  relΔE=1.503e-06  ||F||=3.492e-02
 step= 30000  E=1.915506000773e+02  Q=3.730000000000e+02  λ=9.631980e-01  dt=1.177e-03  relΔE=1.955e-06  ||F||=3.198e-02
 step= 30500  E=1.913865393127e+02  Q=3.730000000000e+02  λ=9.617989e-01  dt=9.113e-04  relΔE=1.288e-06  ||F||=2.949e-02
 step= 31000  E=1.912434878986e+02  Q=3.730000000000e+02  λ=9.605326e-01  dt=1.411e-03  relΔE=1.570e-06  ||F||=8.550e-02
 step= 31500  E=1.911294319132e+02  Q=3.730000000000e+02  λ=9.594723e-01  dt=1.092e-03  relΔE=1.101e-06  ||F||=2.489e-02
 step= 32000  E=1.910294018894e+02  Q=3.730000000000e+02  λ=9.585020e-01  dt=8.450e-04  relΔE=7.150e-07  ||F||=2.280e-02
 step= 32500  E=1.909460149089e+02  Q=3.730000000000e+02  λ=9.576537e-01  dt=1.308e-03  relΔE=9.245e-07  ||F||=2.084e-02
 step= 33000  E=1.908778428831e+02  Q=3.730000000000e+02  λ=9.569227e-01  dt=1.012e-03  relΔE=5.991e-07  ||F||=1.906e-02
 step= 33500  E=1.908190680413e+02  Q=3.730000000000e+02  λ=9.562572e-01  dt=7.835e-04  relΔE=3.890e-07  ||F||=1.745e-02
 step= 34000  E=1.907714819517e+02  Q=3.730000000000e+02  λ=9.556871e-01  dt=1.213e-03  relΔE=4.960e-07  ||F||=1.584e-02
 step= 34500  E=1.907318981220e+02  Q=3.730000000000e+02  λ=9.551830e-01  dt=9.387e-04  relΔE=3.192e-07  ||F||=1.444e-02
 step= 35000  E=1.906979419996e+02  Q=3.730000000000e+02  λ=9.547217e-01  dt=7.265e-04  relΔE=2.326e-07  ||F||=1.407e-02
 step= 35500  E=1.906712918630e+02  Q=3.730000000000e+02  λ=9.543359e-01  dt=1.125e-03  relΔE=2.623e-07  ||F||=1.195e-02
 step= 36000  E=1.906484883199e+02  Q=3.730000000000e+02  λ=9.539818e-01  dt=8.704e-04  relΔE=1.680e-07  ||F||=1.087e-02
 step= 36500  E=1.906294661598e+02  Q=3.730000000000e+02  λ=9.536648e-01  dt=1.347e-03  relΔE=2.144e-07  ||F||=9.969e-03
 step= 37000  E=1.906142974665e+02  Q=3.730000000000e+02  λ=9.533924e-01  dt=1.043e-03  relΔE=1.379e-07  ||F||=8.995e-03
 step= 37500  E=1.906012564257e+02  Q=3.730000000000e+02  λ=9.531399e-01  dt=8.071e-04  relΔE=8.844e-08  ||F||=8.188e-03
 step= 38000  E=1.905906549406e+02  Q=3.730000000000e+02  λ=9.529183e-01  dt=1.249e-03  relΔE=1.129e-07  ||F||=7.435e-03
 step= 38500  E=1.905819477720e+02  Q=3.730000000000e+02  λ=9.527211e-01  dt=9.670e-04  relΔE=7.260e-08  ||F||=6.774e-03
 step= 39000  E=1.905744996144e+02  Q=3.730000000000e+02  λ=9.525382e-01  dt=7.484e-04  relΔE=4.778e-08  ||F||=6.248e-03
 step= 39500  E=1.905685490758e+02  Q=3.730000000000e+02  λ=9.523799e-01  dt=1.158e-03  relΔE=5.991e-08  ||F||=5.620e-03
 step= 40000  E=1.905635108756e+02  Q=3.730000000000e+02  λ=9.522344e-01  dt=8.966e-04  relΔE=3.859e-08  ||F||=5.125e-03
 step= 40500  E=1.905592138167e+02  Q=3.730000000000e+02  λ=9.520995e-01  dt=1.388e-03  relΔE=4.921e-08  ||F||=6.618e-03
 step= 41000  E=1.905558265018e+02  Q=3.730000000000e+02  λ=9.519839e-01  dt=1.074e-03  relΔE=3.218e-08  ||F||=4.273e-03
 step= 41500  E=1.905528563219e+02  Q=3.730000000000e+02  λ=9.518738e-01  dt=8.314e-04  relΔE=2.081e-08  ||F||=3.905e-03
 step= 42000  E=1.905504095708e+02  Q=3.730000000000e+02  λ=9.517754e-01  dt=1.287e-03  relΔE=2.695e-08  ||F||=3.570e-03
 step= 42500  E=1.905483807909e+02  Q=3.730000000000e+02  λ=9.516867e-01  dt=9.960e-04  relΔE=1.756e-08  ||F||=3.274e-03
 step= 43000  E=1.905466356655e+02  Q=3.730000000000e+02  λ=9.516040e-01  dt=1.285e-03  relΔE=1.903e-08  ||F||=3.000e-03
 step= 43500  E=1.905451991595e+02  Q=3.730000000000e+02  λ=9.515301e-01  dt=9.944e-04  relΔE=1.246e-08  ||F||=2.758e-03
 step= 44000  E=1.905439454833e+02  Q=3.730000000000e+02  λ=9.514602e-01  dt=7.697e-04  relΔE=8.292e-09  ||F||=2.557e-03
 step= 44500  E=1.905429193995e+02  Q=3.730000000000e+02  λ=9.513985e-01  dt=1.191e-03  relΔE=1.070e-08  ||F||=2.332e-03
 step= 45000  E=1.905420372984e+02  Q=3.730000000000e+02  λ=9.513411e-01  dt=9.221e-04  relΔE=7.045e-09  ||F||=2.150e-03
 step= 45500  E=1.905412665407e+02  Q=3.730000000000e+02  λ=9.512868e-01  dt=1.427e-03  relΔE=1.693e-09  ||F||=2.086e-02
 step= 46000  E=1.905406412802e+02  Q=3.730000000000e+02  λ=9.512396e-01  dt=1.105e-03  relΔE=6.144e-09  ||F||=1.832e-03
 step= 46500  E=1.905400874470e+02  Q=3.730000000000e+02  λ=9.511944e-01  dt=8.550e-04  relΔE=4.069e-09  ||F||=1.693e-03
 step= 47000  E=1.905396126550e+02  Q=3.730000000000e+02  λ=9.511529e-01  dt=1.323e-03  relΔE=5.396e-09  ||F||=1.567e-03
 step= 47500  E=1.905392152705e+02  Q=3.730000000000e+02  λ=9.511155e-01  dt=1.024e-03  relΔE=3.602e-09  ||F||=1.453e-03
 step= 48000  E=1.905388616039e+02  Q=3.730000000000e+02  λ=9.510799e-01  dt=7.928e-04  relΔE=2.412e-09  ||F||=1.351e-03
 step= 48500  E=1.905385623646e+02  Q=3.730000000000e+02  λ=9.510476e-01  dt=1.227e-03  relΔE=3.210e-09  ||F||=1.251e-03
 step= 49000  E=1.905383051210e+02  Q=3.730000000000e+02  λ=9.510179e-01  dt=9.498e-04  relΔE=2.155e-09  ||F||=1.164e-03
 step= 49500  E=1.905380741328e+02  Q=3.730000000000e+02  λ=9.509895e-01  dt=7.351e-04  relΔE=1.533e-09  ||F||=1.117e-03
 step= 50000  E=1.905378828572e+02  Q=3.730000000000e+02  λ=9.509644e-01  dt=1.138e-03  relΔE=1.945e-09  ||F||=1.008e-03
 step= 50500  E=1.905377122688e+02  Q=3.730000000000e+02  λ=9.509405e-01  dt=8.807e-04  relΔE=1.311e-09  ||F||=9.396e-04
 step= 51000  E=1.905375612625e+02  Q=3.730000000000e+02  λ=9.509180e-01  dt=1.363e-03  relΔE=1.764e-09  ||F||=9.024e-04
 step= 51500  E=1.905374350434e+02  Q=3.730000000000e+02  λ=9.508981e-01  dt=1.055e-03  relΔE=1.197e-09  ||F||=8.180e-04
 step= 52000  E=1.905373201840e+02  Q=3.730000000000e+02  λ=9.508788e-01  dt=8.166e-04  relΔE=8.118e-10  ||F||=7.648e-04
 step= 52500  E=1.905372213948e+02  Q=3.730000000000e+02  λ=9.508612e-01  dt=1.264e-03  relΔE=1.097e-09  ||F||=7.135e-04
 step= 53000  E=1.905371354906e+02  Q=3.730000000000e+02  λ=9.508449e-01  dt=9.784e-04  relΔE=7.458e-10  ||F||=6.677e-04
 step= 53500  E=1.905370577132e+02  Q=3.730000000000e+02  λ=9.508293e-01  dt=7.572e-04  relΔE=5.161e-10  ||F||=6.308e-04
 step= 54000  E=1.905369918353e+02  Q=3.730000000000e+02  λ=9.508154e-01  dt=1.172e-03  relΔE=6.895e-10  ||F||=5.846e-04
 step= 54500  E=1.905369331428e+02  Q=3.730000000000e+02  λ=9.508022e-01  dt=9.072e-04  relΔE=4.701e-10  ||F||=5.477e-04
 step= 55000  E=1.905368798563e+02  Q=3.730000000000e+02  λ=9.507896e-01  dt=1.404e-03  relΔE=6.148e-10  ||F||=1.343e-03
 step= 55500  E=1.905368355627e+02  Q=3.730000000000e+02  λ=9.507785e-01  dt=1.087e-03  relΔE=4.377e-10  ||F||=4.810e-04
 step= 56000  E=1.905367946964e+02  Q=3.730000000000e+02  λ=9.507676e-01  dt=8.412e-04  relΔE=2.991e-10  ||F||=4.510e-04
 step= 56500  E=1.905367589384e+02  Q=3.730000000000e+02  λ=9.507577e-01  dt=1.302e-03  relΔE=4.083e-10  ||F||=4.226e-04
 step= 57000  E=1.905367278818e+02  Q=3.730000000000e+02  λ=9.507485e-01  dt=1.008e-03  relΔE=2.799e-10  ||F||=3.968e-04
 step= 57500  E=1.905366995225e+02  Q=3.730000000000e+02  λ=9.507397e-01  dt=7.800e-04  relΔE=1.941e-10  ||F||=3.749e-04
 step= 58000  E=1.905366750951e+02  Q=3.730000000000e+02  λ=9.507317e-01  dt=1.207e-03  relΔE=2.626e-10  ||F||=3.494e-04
 step= 58500  E=1.905366534038e+02  Q=3.730000000000e+02  λ=9.507242e-01  dt=9.345e-04  relΔE=1.803e-10  ||F||=3.282e-04
 step= 59000  E=1.905366335232e+02  Q=3.730000000000e+02  λ=9.507169e-01  dt=7.233e-04  relΔE=1.423e-10  ||F||=3.343e-04
 step= 59500  E=1.905366168039e+02  Q=3.730000000000e+02  λ=9.507105e-01  dt=1.120e-03  relΔE=1.700e-10  ||F||=2.894e-04
 step= 60000  E=1.905366014345e+02  Q=3.730000000000e+02  λ=9.507043e-01  dt=8.665e-04  relΔE=1.169e-10  ||F||=2.720e-04
 step= 60500  E=1.905365877152e+02  Q=3.730000000000e+02  λ=9.506985e-01  dt=1.341e-03  relΔE=1.603e-10  ||F||=2.579e-04
 step= 61000  E=1.905365759299e+02  Q=3.730000000000e+02  λ=9.506932e-01  dt=1.038e-03  relΔE=1.106e-10  ||F||=2.401e-04
 step= 61500  E=1.905365650575e+02  Q=3.730000000000e+02  λ=9.506881e-01  dt=8.035e-04  relΔE=7.654e-11  ||F||=2.263e-04
 step= 62000  E=1.905365555504e+02  Q=3.730000000000e+02  λ=9.506834e-01  dt=1.244e-03  relΔE=1.048e-10  ||F||=2.119e-04
 step= 62500  E=1.905365471582e+02  Q=3.730000000000e+02  λ=9.506790e-01  dt=9.626e-04  relΔE=7.240e-11  ||F||=1.994e-04
 step= 63000  E=1.905365394414e+02  Q=3.730000000000e+02  λ=9.506748e-01  dt=7.450e-04  relΔE=5.120e-11  ||F||=1.902e-04
 step= 63500  E=1.905365328171e+02  Q=3.730000000000e+02  λ=9.506710e-01  dt=1.153e-03  relΔE=6.893e-11  ||F||=1.762e-04
 step= 64000  E=1.905365268033e+02  Q=3.730000000000e+02  λ=9.506674e-01  dt=8.926e-04  relΔE=4.765e-11  ||F||=1.657e-04
 step= 64500  E=1.905365212972e+02  Q=3.730000000000e+02  λ=9.506639e-01  dt=1.382e-03  relΔE=6.534e-11  ||F||=2.168e-04
 step= 65000  E=1.905365166419e+02  Q=3.730000000000e+02  λ=9.506609e-01  dt=1.069e-03  relΔE=4.555e-11  ||F||=1.465e-04
 step= 65500  E=1.905365122899e+02  Q=3.730000000000e+02  λ=9.506578e-01  dt=8.276e-04  relΔE=3.154e-11  ||F||=1.378e-04
 step= 66000  E=1.905365085319e+02  Q=3.730000000000e+02  λ=9.506551e-01  dt=1.068e-03  relΔE=3.641e-11  ||F||=1.296e-04
 step= 66500  E=1.905365050548e+02  Q=3.730000000000e+02  λ=9.506524e-01  dt=8.263e-04  relΔE=2.526e-11  ||F||=1.220e-04
 step= 67000  E=1.905365019809e+02  Q=3.730000000000e+02  λ=9.506500e-01  dt=1.279e-03  relΔE=3.495e-11  ||F||=1.146e-04
 step= 67500  E=1.905364992469e+02  Q=3.730000000000e+02  λ=9.506477e-01  dt=9.899e-04  relΔE=2.427e-11  ||F||=1.078e-04
 step= 68000  E=1.905364967228e+02  Q=3.730000000000e+02  λ=9.506455e-01  dt=7.662e-04  relΔE=1.723e-11  ||F||=1.030e-04
 step= 68500  E=1.905364945349e+02  Q=3.730000000000e+02  λ=9.506435e-01  dt=1.186e-03  relΔE=2.340e-11  ||F||=9.537e-05
 step= 69000  E=1.905364925497e+02  Q=3.730000000000e+02  λ=9.506416e-01  dt=9.179e-04  relΔE=1.629e-11  ||F||=8.975e-05
 step= 69500  E=1.905364907126e+02  Q=3.730000000000e+02  λ=9.506398e-01  dt=1.421e-03  relΔE=1.055e-11  ||F||=8.907e-04
 step= 70000  E=1.905364891488e+02  Q=3.730000000000e+02  λ=9.506382e-01  dt=1.100e-03  relΔE=1.578e-11  ||F||=7.942e-05
 step= 70500  E=1.905364876858e+02  Q=3.730000000000e+02  λ=9.506366e-01  dt=8.511e-04  relΔE=1.100e-11  ||F||=7.473e-05
 step= 71000  E=1.905364863692e+02  Q=3.730000000000e+02  λ=9.506351e-01  dt=1.318e-03  relΔE=1.532e-11  ||F||=7.033e-05
 step= 71500  E=1.905364852130e+02  Q=3.730000000000e+02  λ=9.506338e-01  dt=1.020e-03  relΔE=1.071e-11  ||F||=6.613e-05
 step= 72000  E=1.905364841352e+02  Q=3.730000000000e+02  λ=9.506324e-01  dt=7.892e-04  relΔE=7.540e-12  ||F||=6.257e-05
 step= 72500  E=1.905364831818e+02  Q=3.730000000000e+02  λ=9.506312e-01  dt=1.222e-03  relΔE=1.046e-11  ||F||=5.850e-05
 step= 73000  E=1.905364823232e+02  Q=3.730000000000e+02  λ=9.506301e-01  dt=9.455e-04  relΔE=7.329e-12  ||F||=5.508e-05
 step= 73500  E=1.905364815204e+02  Q=3.730000000000e+02  λ=9.506290e-01  dt=7.318e-04  relΔE=5.400e-12  ||F||=5.401e-05
 step= 74000  E=1.905364808271e+02  Q=3.730000000000e+02  λ=9.506280e-01  dt=1.133e-03  relΔE=7.197e-12  ||F||=4.874e-05
 step= 74500  E=1.905364801821e+02  Q=3.730000000000e+02  λ=9.506271e-01  dt=8.767e-04  relΔE=5.053e-12  ||F||=4.589e-05
 step= 75000  E=1.905364795877e+02  Q=3.730000000000e+02  λ=9.506261e-01  dt=1.357e-03  relΔE=7.078e-12  ||F||=4.522e-05
 step= 75500  E=1.905364790715e+02  Q=3.730000000000e+02  λ=9.506253e-01  dt=1.050e-03  relΔE=4.989e-12  ||F||=4.061e-05
 step= 76000  E=1.905364785827e+02  Q=3.730000000000e+02  λ=9.506245e-01  dt=8.130e-04  relΔE=3.519e-12  ||F||=3.831e-05
 step= 76500  E=1.905364781458e+02  Q=3.730000000000e+02  λ=9.506238e-01  dt=1.258e-03  relΔE=4.938e-12  ||F||=3.593e-05
 step= 77000  E=1.905364777519e+02  Q=3.730000000000e+02  λ=9.506231e-01  dt=9.740e-04  relΔE=3.486e-12  ||F||=3.383e-05
 step= 77500  E=1.905364773815e+02  Q=3.730000000000e+02  λ=9.506224e-01  dt=7.538e-04  relΔE=2.509e-12  ||F||=3.249e-05
 step= 78000  E=1.905364770558e+02  Q=3.730000000000e+02  λ=9.506218e-01  dt=1.167e-03  relΔE=3.473e-12  ||F||=2.994e-05
 step= 78500  E=1.905364767544e+02  Q=3.730000000000e+02  λ=9.506213e-01  dt=9.031e-04  relΔE=2.457e-12  ||F||=2.819e-05
 step= 79000  E=1.905364764707e+02  Q=3.730000000000e+02  λ=9.506207e-01  dt=1.398e-03  relΔE=3.301e-12  ||F||=1.173e-04
 step= 79500  E=1.905364762261e+02  Q=3.730000000000e+02  λ=9.506202e-01  dt=1.082e-03  relΔE=2.462e-12  ||F||=2.496e-05
 step= 80000  E=1.905364759920e+02  Q=3.730000000000e+02  λ=9.506197e-01  dt=8.374e-04  relΔE=1.748e-12  ||F||=2.353e-05
 step= 80500  E=1.905364757791e+02  Q=3.730000000000e+02  λ=9.506193e-01  dt=1.296e-03  relΔE=2.473e-12  ||F||=2.209e-05
 step= 81000  E=1.905364755878e+02  Q=3.730000000000e+02  λ=9.506189e-01  dt=1.003e-03  relΔE=1.759e-12  ||F||=2.079e-05
 step= 81500  E=1.905364754065e+02  Q=3.730000000000e+02  λ=9.506185e-01  dt=7.765e-04  relΔE=1.268e-12  ||F||=1.995e-05
 step= 82000  E=1.905364752442e+02  Q=3.730000000000e+02  λ=9.506181e-01  dt=1.202e-03  relΔE=1.778e-12  ||F||=1.840e-05
 step= 82500  E=1.905364750947e+02  Q=3.730000000000e+02  λ=9.506178e-01  dt=9.303e-04  relΔE=1.267e-12  ||F||=1.733e-05
 step= 83000  E=1.905364749524e+02  Q=3.730000000000e+02  λ=9.506174e-01  dt=7.200e-04  relΔE=9.920e-13  ||F||=1.860e-05
 step= 83500  E=1.905364748281e+02  Q=3.730000000000e+02  λ=9.506171e-01  dt=1.115e-03  relΔE=1.288e-12  ||F||=1.534e-05
 step= 84000  E=1.905364747097e+02  Q=3.730000000000e+02  λ=9.506168e-01  dt=8.626e-04  relΔE=9.201e-13  ||F||=1.446e-05
 step= 84500  E=1.905364745995e+02  Q=3.730000000000e+02  λ=9.506165e-01  dt=1.335e-03  relΔE=1.312e-12  ||F||=1.395e-05
 step= 85000  E=1.905364745013e+02  Q=3.730000000000e+02  λ=9.506163e-01  dt=1.033e-03  relΔE=9.396e-13  ||F||=1.279e-05
 step= 85500  E=1.905364744075e+02  Q=3.730000000000e+02  λ=9.506160e-01  dt=7.999e-04  relΔE=6.750e-13  ||F||=1.213e-05
 step= 86000  E=1.905364743220e+02  Q=3.730000000000e+02  λ=9.506158e-01  dt=1.238e-03  relΔE=9.627e-13  ||F||=1.132e-05
 step= 86500  E=1.905364742435e+02  Q=3.730000000000e+02  λ=9.506156e-01  dt=9.583e-04  relΔE=6.902e-13  ||F||=1.066e-05
 step= 87000  E=1.905364741683e+02  Q=3.730000000000e+02  λ=9.506154e-01  dt=7.417e-04  relΔE=5.143e-13  ||F||=1.085e-05
 step= 87500  E=1.905364741016e+02  Q=3.730000000000e+02  λ=9.506152e-01  dt=1.148e-03  relΔE=7.109e-13  ||F||=9.439e-06
 step= 88000  E=1.905364740385e+02  Q=3.730000000000e+02  λ=9.506150e-01  dt=8.885e-04  relΔE=5.107e-13  ||F||=8.896e-06
 step= 88500  E=1.905364739784e+02  Q=3.730000000000e+02  λ=9.506149e-01  dt=1.375e-03  relΔE=7.302e-13  ||F||=1.583e-05
 step= 89000  E=1.905364739255e+02  Q=3.730000000000e+02  λ=9.506147e-01  dt=1.065e-03  relΔE=5.276e-13  ||F||=7.872e-06
 step= 89500  E=1.905364738742e+02  Q=3.730000000000e+02  λ=9.506146e-01  dt=8.239e-04  relΔE=3.808e-13  ||F||=7.483e-06
 step= 90000  E=1.905364738271e+02  Q=3.730000000000e+02  λ=9.506144e-01  dt=1.275e-03  relΔE=5.461e-13  ||F||=6.966e-06
 step= 90500  E=1.905364737839e+02  Q=3.730000000000e+02  λ=9.506143e-01  dt=9.871e-04  relΔE=3.935e-13  ||F||=6.563e-06
 step= 91000  E=1.905364737431e+02  Q=3.730000000000e+02  λ=9.506142e-01  dt=1.273e-03  relΔE=4.729e-13  ||F||=6.193e-06
 step= 91500  E=1.905364737057e+02  Q=3.730000000000e+02  λ=9.506140e-01  dt=9.855e-04  relΔE=3.419e-13  ||F||=5.819e-06
 step= 92000  E=1.905364736696e+02  Q=3.730000000000e+02  λ=9.506139e-01  dt=7.627e-04  relΔE=2.506e-13  ||F||=5.830e-06
 step= 92500  E=1.905364736370e+02  Q=3.730000000000e+02  λ=9.506138e-01  dt=1.181e-03  relΔE=3.555e-13  ||F||=5.151e-06
 step= 93000  E=1.905364736063e+02  Q=3.730000000000e+02  λ=9.506137e-01  dt=9.138e-04  relΔE=2.566e-13  ||F||=4.856e-06
 step= 93500  E=1.905364735769e+02  Q=3.730000000000e+02  λ=9.506136e-01  dt=1.414e-03  relΔE=3.312e-14  ||F||=1.631e-04
 step= 94000  E=1.905364735508e+02  Q=3.730000000000e+02  λ=9.506136e-01  dt=1.095e-03  relΔE=2.682e-13  ||F||=4.296e-06
 step= 94500  E=1.905364735255e+02  Q=3.730000000000e+02  λ=9.506135e-01  dt=8.473e-04  relΔE=1.944e-13  ||F||=4.074e-06
 step= 95000  E=1.905364735019e+02  Q=3.730000000000e+02  λ=9.506134e-01  dt=1.312e-03  relΔE=2.801e-13  ||F||=3.866e-06
 step= 95500  E=1.905364734804e+02  Q=3.730000000000e+02  λ=9.506133e-01  dt=1.015e-03  relΔE=2.032e-13  ||F||=3.583e-06
 step= 96000  E=1.905364734597e+02  Q=3.730000000000e+02  λ=9.506133e-01  dt=7.857e-04  relΔE=1.481e-13  ||F||=3.522e-06
 step= 96500  E=1.905364734406e+02  Q=3.730000000000e+02  λ=9.506132e-01  dt=1.216e-03  relΔE=2.126e-13  ||F||=3.172e-06
 step= 97000  E=1.905364734229e+02  Q=3.730000000000e+02  λ=9.506131e-01  dt=9.413e-04  relΔE=1.545e-13  ||F||=2.990e-06
 step= 97500  E=1.905364734058e+02  Q=3.730000000000e+02  λ=9.506131e-01  dt=7.285e-04  relΔE=1.162e-13  ||F||=3.453e-06
 step= 98000  E=1.905364733904e+02  Q=3.730000000000e+02  λ=9.506130e-01  dt=1.128e-03  relΔE=1.620e-13  ||F||=2.647e-06
 step= 98500  E=1.905364733757e+02  Q=3.730000000000e+02  λ=9.506130e-01  dt=8.728e-04  relΔE=1.174e-13  ||F||=2.503e-06
 step= 99000  E=1.905364733617e+02  Q=3.730000000000e+02  λ=9.506129e-01  dt=1.351e-03  relΔE=1.698e-13  ||F||=3.304e-06
 step= 99500  E=1.905364733491e+02  Q=3.730000000000e+02  λ=9.506129e-01  dt=1.046e-03  relΔE=1.238e-13  ||F||=2.209e-06
 step=100000  E=1.905364733368e+02  Q=3.730000000000e+02  λ=9.506129e-01  dt=8.093e-04  relΔE=8.980e-14  ||F||=2.161e-06
 step=100500  E=1.905364733255e+02  Q=3.730000000000e+02  λ=9.506128e-01  dt=1.253e-03  relΔE=1.302e-13  ||F||=1.955e-06
 step=101000  E=1.905364733150e+02  Q=3.730000000000e+02  λ=9.506128e-01  dt=9.696e-04  relΔE=9.457e-14  ||F||=1.844e-06
 step=101500  E=1.905364733049e+02  Q=3.730000000000e+02  λ=9.506127e-01  dt=7.504e-04  relΔE=7.011e-14  ||F||=2.095e-06
 step=102000  E=1.905364732957e+02  Q=3.730000000000e+02  λ=9.506127e-01  dt=1.162e-03  relΔE=9.964e-14  ||F||=1.632e-06
 step=102500  E=1.905364732869e+02  Q=3.730000000000e+02  λ=9.506127e-01  dt=8.990e-04  relΔE=7.250e-14  ||F||=1.544e-06
 step=103000  E=1.905364732784e+02  Q=3.730000000000e+02  λ=9.506126e-01  dt=1.392e-03  relΔE=9.651e-14  ||F||=2.755e-05
 step=103500  E=1.905364732710e+02  Q=3.730000000000e+02  λ=9.506126e-01  dt=1.077e-03  relΔE=7.652e-14  ||F||=1.362e-06
 step=104000  E=1.905364732636e+02  Q=3.730000000000e+02  λ=9.506126e-01  dt=8.336e-04  relΔE=5.609e-14  ||F||=1.306e-06
 step=104500  E=1.905364732568e+02  Q=3.730000000000e+02  λ=9.506126e-01  dt=1.290e-03  relΔE=8.100e-14  ||F||=1.209e-06
 step=105000  E=1.905364732505e+02  Q=3.730000000000e+02  λ=9.506126e-01  dt=9.987e-04  relΔE=5.862e-14  ||F||=1.138e-06
 step=105500  E=1.905364732444e+02  Q=3.730000000000e+02  λ=9.506125e-01  dt=7.730e-04  relΔE=4.326e-14  ||F||=1.197e-06
 step=106000  E=1.905364732388e+02  Q=3.730000000000e+02  λ=9.506125e-01  dt=1.197e-03  relΔE=6.235e-14  ||F||=1.006e-06
 step=106500  E=1.905364732335e+02  Q=3.730000000000e+02  λ=9.506125e-01  dt=9.261e-04  relΔE=4.490e-14  ||F||=9.516e-07
 step=107000  E=1.905364732284e+02  Q=3.730000000000e+02  λ=9.506125e-01  dt=7.168e-04  relΔE=3.580e-14  ||F||=1.851e-06
 step=107500  E=1.905364732239e+02  Q=3.730000000000e+02  λ=9.506125e-01  dt=1.109e-03  relΔE=4.788e-14  ||F||=8.403e-07
 step=108000  E=1.905364732194e+02  Q=3.730000000000e+02  λ=9.506124e-01  dt=8.587e-04  relΔE=3.461e-14  ||F||=8.070e-07
 step=108500  E=1.905364732153e+02  Q=3.730000000000e+02  λ=9.506124e-01  dt=1.329e-03  relΔE=5.027e-14  ||F||=1.022e-06
 step=109000  E=1.905364732115e+02  Q=3.730000000000e+02  λ=9.506124e-01  dt=1.029e-03  relΔE=3.684e-14  ||F||=7.019e-07
 step=109500  E=1.905364732078e+02  Q=3.730000000000e+02  λ=9.506124e-01  dt=7.962e-04  relΔE=2.685e-14  ||F||=7.541e-07
 step=110000  E=1.905364732043e+02  Q=3.730000000000e+02  λ=9.506124e-01  dt=1.233e-03  relΔE=3.878e-14  ||F||=6.214e-07
 step=110500  E=1.905364732011e+02  Q=3.730000000000e+02  λ=9.506124e-01  dt=9.539e-04  relΔE=2.819e-14  ||F||=5.869e-07
 step=111000  E=1.905364731980e+02  Q=3.730000000000e+02  λ=9.506124e-01  dt=7.383e-04  relΔE=2.103e-14  ||F||=9.314e-07
 step=111500  E=1.905364731952e+02  Q=3.730000000000e+02  λ=9.506124e-01  dt=1.143e-03  relΔE=3.043e-14  ||F||=5.189e-07
 step=112000  E=1.905364731926e+02  Q=3.730000000000e+02  λ=9.506123e-01  dt=8.845e-04  relΔE=2.163e-14  ||F||=4.965e-07
 step=112500  E=1.905364731900e+02  Q=3.730000000000e+02  λ=9.506123e-01  dt=1.369e-03  relΔE=3.133e-14  ||F||=5.174e-06
 step=113000  E=1.905364731877e+02  Q=3.730000000000e+02  λ=9.506123e-01  dt=1.060e-03  relΔE=2.327e-14  ||F||=4.334e-07
 step=113500  E=1.905364731854e+02  Q=3.730000000000e+02  λ=9.506123e-01  dt=8.202e-04  relΔE=1.686e-14  ||F||=4.586e-07
 step=114000  E=1.905364731833e+02  Q=3.730000000000e+02  λ=9.506123e-01  dt=1.270e-03  relΔE=2.491e-14  ||F||=3.843e-07
 step=114500  E=1.905364731813e+02  Q=3.730000000000e+02  λ=9.506123e-01  dt=9.826e-04  relΔE=1.790e-14  ||F||=3.629e-07
 step=115000  E=1.905364731795e+02  Q=3.730000000000e+02  λ=9.506123e-01  dt=7.605e-04  relΔE=1.343e-14  ||F||=4.834e-07
 step=115500  E=1.905364731777e+02  Q=3.730000000000e+02  λ=9.506123e-01  dt=1.177e-03  relΔE=1.880e-14  ||F||=3.206e-07
 step=116000  E=1.905364731761e+02  Q=3.730000000000e+02  λ=9.506123e-01  dt=9.111e-04  relΔE=1.372e-14  ||F||=3.044e-07
 step=116500  E=1.905364731745e+02  Q=3.730000000000e+02  λ=9.506123e-01  dt=7.052e-04  relΔE=1.447e-14  ||F||=9.568e-06
 step=117000  E=1.905364731731e+02  Q=3.730000000000e+02  λ=9.506123e-01  dt=1.092e-03  relΔE=1.462e-14  ||F||=2.678e-07
 step=117500  E=1.905364731717e+02  Q=3.730000000000e+02  λ=9.506123e-01  dt=8.449e-04  relΔE=1.089e-14  ||F||=2.737e-07
 step=118000  E=1.905364731704e+02  Q=3.730000000000e+02  λ=9.506123e-01  dt=1.308e-03  relΔE=1.566e-14  ||F||=3.781e-07
 step=118500  E=1.905364731692e+02  Q=3.730000000000e+02  λ=9.506123e-01  dt=1.012e-03  relΔE=1.134e-14  ||F||=2.246e-07
 step=119000  E=1.905364731681e+02  Q=3.730000000000e+02  λ=9.506123e-01  dt=7.834e-04  relΔE=8.353e-15  ||F||=2.833e-07
 step=119500  E=1.905364731670e+02  Q=3.730000000000e+02  λ=9.506123e-01  dt=1.011e-03  relΔE=1.014e-14  ||F||=1.988e-07
 step=120000  E=1.905364731660e+02  Q=3.730000000000e+02  λ=9.506122e-01  dt=7.821e-04  relΔE=7.757e-15  ||F||=2.896e-07
 step=120500  E=1.905364731650e+02  Q=3.730000000000e+02  λ=9.506122e-01  dt=1.211e-03  relΔE=1.089e-14  ||F||=1.760e-07
 step=121000  E=1.905364731641e+02  Q=3.730000000000e+02  λ=9.506122e-01  dt=9.370e-04  relΔE=7.757e-15  ||F||=1.669e-07
 step=121500  E=1.905364731633e+02  Q=3.730000000000e+02  λ=9.506122e-01  dt=7.252e-04  relΔE=5.818e-15  ||F||=5.028e-07
 step=122000  E=1.905364731625e+02  Q=3.730000000000e+02  λ=9.506122e-01  dt=1.123e-03  relΔE=8.503e-15  ||F||=1.470e-07
 step=122500  E=1.905364731618e+02  Q=3.730000000000e+02  λ=9.506122e-01  dt=8.689e-04  relΔE=6.116e-15  ||F||=1.439e-07
 step=123000  E=1.905364731610e+02  Q=3.730000000000e+02  λ=9.506122e-01  dt=1.345e-03  relΔE=8.652e-15  ||F||=5.241e-07
 step=123500  E=1.905364731604e+02  Q=3.730000000000e+02  λ=9.506122e-01  dt=1.041e-03  relΔE=6.265e-15  ||F||=1.230e-07
 step=124000  E=1.905364731598e+02  Q=3.730000000000e+02  λ=9.506122e-01  dt=8.057e-04  relΔE=4.326e-15  ||F||=1.635e-07
 step=124500  E=1.905364731592e+02  Q=3.730000000000e+02  λ=9.506122e-01  dt=1.247e-03  relΔE=7.011e-15  ||F||=1.089e-07
 step=125000  E=1.905364731586e+02  Q=3.730000000000e+02  λ=9.506122e-01  dt=9.652e-04  relΔE=4.923e-15  ||F||=1.030e-07
 step=125500  E=1.905364731581e+02  Q=3.730000000000e+02  λ=9.506122e-01  dt=7.470e-04  relΔE=3.431e-15  ||F||=2.513e-07
 step=126000  E=1.905364731576e+02  Q=3.730000000000e+02  λ=9.506122e-01  dt=1.156e-03  relΔE=5.221e-15  ||F||=9.099e-08
 step=126500  E=1.905364731571e+02  Q=3.730000000000e+02  λ=9.506122e-01  dt=8.950e-04  relΔE=3.729e-15  ||F||=8.822e-08
 step=127000  E=1.905364731567e+02  Q=3.730000000000e+02  λ=9.506122e-01  dt=1.385e-03  relΔE=4.624e-15  ||F||=1.012e-05
 step=127500  E=1.905364731563e+02  Q=3.730000000000e+02  λ=9.506122e-01  dt=1.072e-03  relΔE=4.326e-15  ||F||=7.610e-08
 step=128000  E=1.905364731559e+02  Q=3.730000000000e+02  λ=9.506122e-01  dt=8.299e-04  relΔE=2.983e-15  ||F||=8.236e-08
 step=128500  E=1.905364731555e+02  Q=3.730000000000e+02  λ=9.506122e-01  dt=1.285e-03  relΔE=4.475e-15  ||F||=7.346e-08
 step=129000  E=1.905364731552e+02  Q=3.730000000000e+02  λ=9.506122e-01  dt=9.942e-04  relΔE=2.834e-15  ||F||=6.392e-08
 step=129500  E=1.905364731549e+02  Q=3.730000000000e+02  λ=9.506122e-01  dt=7.695e-04  relΔE=2.238e-15  ||F||=1.197e-07
 step=130000  E=1.905364731546e+02  Q=3.730000000000e+02  λ=9.506122e-01  dt=1.191e-03  relΔE=3.282e-15  ||F||=5.636e-08
 step=130500  E=1.905364731543e+02  Q=3.730000000000e+02  λ=9.506122e-01  dt=9.219e-04  relΔE=2.387e-15  ||F||=5.415e-08
 step=131000  E=1.905364731540e+02  Q=3.730000000000e+02  λ=9.506122e-01  dt=7.135e-04  relΔE=2.088e-15  ||F||=4.037e-07
 Converged (aggressive): step=131089, E=1.905364731540e+02, Q=3.730000000000e+02, dt=8.562e-04, ||F||=4.999e-08

Stationary candidate (aggressive): E=1.905364731540e+02, Q=3.730000000000e+02, maxρ=4.263589e-01

=== Stability test (damped inertial dynamics) ===
Perturb eps=0.02, gamma=1
t=0: E=2.088672078019e+02, Q=3.730000000000e+02, maxρ=4.406147e-01, σ=3.028990e+00, Rc=1.826097e+01
 step=     1  E=2.088671154482e+02  Q=3.730000000000e+02  λ=1.340257e+00  maxρ=4.406146e-01  minρ=8.605e-15  σ=3.028990e+00  Rc=1.826097e+01
 step=   300  E=2.050809631142e+02  Q=3.730000000000e+02  λ=1.236241e+00  maxρ=4.398674e-01  minρ=8.650e-15  σ=3.028986e+00  Rc=1.826097e+01
 step=   600  E=1.974713667334e+02  Q=3.730000000000e+02  λ=1.048091e+00  maxρ=4.377604e-01  minρ=8.534e-15  σ=3.028981e+00  Rc=1.826098e+01
 step=   900  E=1.930287589500e+02  Q=3.730000000000e+02  λ=9.886076e-01  maxρ=4.346437e-01  minρ=8.349e-15  σ=3.028980e+00  Rc=1.826098e+01
 step=  1200  E=1.947401285162e+02  Q=3.730000000000e+02  λ=1.097620e+00  maxρ=4.332660e-01  minρ=8.185e-15  σ=3.028983e+00  Rc=1.826097e+01
 step=  1500  E=1.993081900352e+02  Q=3.730000000000e+02  λ=1.215142e+00  maxρ=4.353501e-01  minρ=8.086e-15  σ=3.028985e+00  Rc=1.826097e+01
 step=  1800  E=2.016314238440e+02  Q=3.730000000000e+02  λ=1.200282e+00  maxρ=4.367440e-01  minρ=7.947e-15  σ=3.028981e+00  Rc=1.826097e+01
 step=  2100  E=2.002545577856e+02  Q=3.730000000000e+02  λ=1.097550e+00  maxρ=4.345214e-01  minρ=7.479e-15  σ=3.028978e+00  Rc=1.826097e+01
 step=  2400  E=1.978488164966e+02  Q=3.730000000000e+02  λ=1.050708e+00  maxρ=4.300345e-01  minρ=7.172e-15  σ=3.028978e+00  Rc=1.826097e+01
 step=  2700  E=1.972619098398e+02  Q=3.730000000000e+02  λ=1.106822e+00  maxρ=4.326449e-01  minρ=7.210e-15  σ=3.028982e+00  Rc=1.826097e+01
 step=  3000  E=1.984231536077e+02  Q=3.730000000000e+02  λ=1.173454e+00  maxρ=4.380807e-01  minρ=6.857e-15  σ=3.028984e+00  Rc=1.826097e+01
 step=  3300  E=1.992908858409e+02  Q=3.730000000000e+02  λ=1.160126e+00  maxρ=4.392080e-01  minρ=6.428e-15  σ=3.028980e+00  Rc=1.826097e+01
 step=  3600  E=1.987499928749e+02  Q=3.730000000000e+02  λ=1.094139e+00  maxρ=4.359501e-01  minρ=5.448e-15  σ=3.028975e+00  Rc=1.826097e+01
 step=  3900  E=1.976487842999e+02  Q=3.730000000000e+02  λ=1.065454e+00  maxρ=4.356781e-01  minρ=4.863e-15  σ=3.028975e+00  Rc=1.826097e+01
 step=  4200  E=1.972617556336e+02  Q=3.730000000000e+02  λ=1.099523e+00  maxρ=4.341647e-01  minρ=4.793e-15  σ=3.028979e+00  Rc=1.826096e+01
 step=  4500  E=1.976690384084e+02  Q=3.730000000000e+02  λ=1.135733e+00  maxρ=4.332105e-01  minρ=3.713e-15  σ=3.028981e+00  Rc=1.826096e+01
 step=  4800  E=1.980086959418e+02  Q=3.730000000000e+02  λ=1.122389e+00  maxρ=4.350802e-01  minρ=3.248e-15  σ=3.028977e+00  Rc=1.826096e+01
 step=  5100  E=1.977898378980e+02  Q=3.730000000000e+02  λ=1.083494e+00  maxρ=4.354656e-01  minρ=1.000e-15  σ=3.028972e+00  Rc=1.826096e+01
 step=  5400  E=1.973672025484e+02  Q=3.730000000000e+02  λ=1.073368e+00  maxρ=4.349541e-01  minρ=1.000e-15  σ=3.028971e+00  Rc=1.826096e+01
 step=  5700  E=1.972229822506e+02  Q=3.730000000000e+02  λ=1.098403e+00  maxρ=4.334699e-01  minρ=1.000e-15  σ=3.028972e+00  Rc=1.826095e+01
 step=  6000  E=1.973064329981e+02  Q=3.730000000000e+02  λ=1.116454e+00  maxρ=4.324565e-01  minρ=1.000e-15  σ=3.028973e+00  Rc=1.826095e+01
 >>> No runaway detected in this horizon. Likely stable (within this model & box).

STABILITY: PASS
