
=== Aggressive relaxation to Q = 1911 ===
Initial: E=1.584565893904e+03, Q=1.911000000000e+03, dt=1.000e-04
 step=     1  E=1.584488792622e+03  Q=1.911000000000e+03  λ=1.815767e+00  dt=1.000e-04  relΔE=4.866e-05  ||F||=6.357e-01
 step=   500  E=1.508899869138e+03  Q=1.911000000000e+03  λ=1.677403e+00  dt=6.192e-04  relΔE=1.543e-04  ||F||=4.864e-01
 step=  1000  E=1.382529695438e+03  Q=1.911000000000e+03  λ=1.456043e+00  dt=9.584e-04  relΔE=1.046e-04  ||F||=3.081e-01
 step=  1500  E=1.315211389034e+03  Q=1.911000000000e+03  λ=1.347845e+00  dt=7.418e-04  relΔE=5.430e-05  ||F||=2.461e-01
 step=  2000  E=1.270808422142e+03  Q=1.911000000000e+03  λ=1.281717e+00  dt=1.148e-03  relΔE=6.357e-05  ||F||=2.103e-01
 step=  2500  E=1.235661118352e+03  Q=1.911000000000e+03  λ=1.232268e+00  dt=8.887e-04  relΔE=4.057e-05  ||F||=1.883e-01
 step=  3000  E=1.206290900114e+03  Q=1.911000000000e+03  λ=1.192832e+00  dt=1.376e-03  relΔE=5.327e-05  ||F||=1.815e-01
 step=  3500  E=1.182534915941e+03  Q=1.911000000000e+03  λ=1.161961e+00  dt=8.873e-04  relΔE=2.998e-05  ||F||=1.584e-01
 step=  4000  E=1.161417347577e+03  Q=1.911000000000e+03  λ=1.135310e+00  dt=1.373e-03  relΔE=4.041e-05  ||F||=2.277e-01
 step=  4500  E=1.143907565467e+03  Q=1.911000000000e+03  λ=1.113632e+00  dt=1.063e-03  relΔE=2.811e-05  ||F||=1.378e-01
 step=  5000  E=1.127781915004e+03  Q=1.911000000000e+03  λ=1.094038e+00  dt=8.227e-04  relΔE=1.949e-05  ||F||=1.295e-01
 step=  5500  E=1.113710900953e+03  Q=1.911000000000e+03  λ=1.077223e+00  dt=1.274e-03  relΔE=2.714e-05  ||F||=1.221e-01
 step=  6000  E=1.101250873891e+03  Q=1.911000000000e+03  λ=1.062508e+00  dt=9.857e-04  relΔE=1.906e-05  ||F||=1.157e-01
 step=  6500  E=1.089704853735e+03  Q=1.911000000000e+03  λ=1.049032e+00  dt=7.629e-04  relΔE=1.373e-05  ||F||=1.110e-01
 step=  7000  E=1.079629620260e+03  Q=1.911000000000e+03  λ=1.037407e+00  dt=1.181e-03  relΔE=1.904e-05  ||F||=1.046e-01
 step=  7500  E=1.070352306065e+03  Q=1.911000000000e+03  λ=1.026786e+00  dt=9.140e-04  relΔE=1.356e-05  ||F||=9.987e-02
 step=  8000  E=1.061617513915e+03  Q=1.911000000000e+03  λ=1.017046e+00  dt=1.415e-03  relΔE=1.373e-05  ||F||=6.207e-01
 step=  8500  E=1.054049159534e+03  Q=1.911000000000e+03  λ=1.008357e+00  dt=1.095e-03  relΔE=1.390e-05  ||F||=9.166e-02
 step=  9000  E=1.046782226602e+03  Q=1.911000000000e+03  λ=1.000228e+00  dt=8.475e-04  relΔE=1.001e-05  ||F||=8.811e-02
 step=  9500  E=1.040074228806e+03  Q=1.911000000000e+03  λ=9.927837e-01  dt=1.312e-03  relΔE=1.444e-05  ||F||=8.483e-02
 step= 10000  E=1.033980072265e+03  Q=1.911000000000e+03  λ=9.860525e-01  dt=1.015e-03  relΔE=1.048e-05  ||F||=8.187e-02
 step= 10500  E=1.028120285808e+03  Q=1.911000000000e+03  λ=9.796188e-01  dt=7.858e-04  relΔE=7.661e-06  ||F||=7.934e-02
 step= 11000  E=1.022741119385e+03  Q=1.911000000000e+03  λ=9.737520e-01  dt=1.216e-03  relΔE=1.112e-05  ||F||=7.665e-02
 step= 11500  E=1.017701602862e+03  Q=1.911000000000e+03  λ=9.682770e-01  dt=9.414e-04  relΔE=8.153e-06  ||F||=7.440e-02
 step= 12000  E=1.012780966703e+03  Q=1.911000000000e+03  λ=9.629588e-01  dt=7.286e-04  relΔE=6.450e-06  ||F||=7.513e-02
 step= 12500  E=1.008354168868e+03  Q=1.911000000000e+03  λ=9.582014e-01  dt=1.128e-03  relΔE=8.834e-06  ||F||=7.042e-02
 step= 13000  E=1.004020662115e+03  Q=1.911000000000e+03  λ=9.535594e-01  dt=8.730e-04  relΔE=6.540e-06  ||F||=6.873e-02
 step= 13500  E=9.998382803406e+02  Q=1.911000000000e+03  λ=9.491041e-01  dt=1.351e-03  relΔE=9.696e-06  ||F||=6.785e-02
 step= 14000  E=9.959916460264e+02  Q=1.911000000000e+03  λ=9.450166e-01  dt=1.046e-03  relΔE=7.233e-06  ||F||=6.577e-02
 step= 14500  E=9.921487419456e+02  Q=1.911000000000e+03  λ=9.409487e-01  dt=8.095e-04  relΔE=5.423e-06  ||F||=6.461e-02
 step= 15000  E=9.885040415218e+02  Q=1.911000000000e+03  λ=9.371081e-01  dt=1.253e-03  relΔE=8.120e-06  ||F||=6.343e-02
 step= 15500  E=9.850089033332e+02  Q=1.911000000000e+03  λ=9.334312e-01  dt=9.698e-04  relΔE=6.123e-06  ||F||=6.249e-02
 step= 16000  E=9.814988927546e+02  Q=1.911000000000e+03  λ=9.297489e-01  dt=7.506e-04  relΔE=4.743e-06  ||F||=6.243e-02
 step= 16500  E=9.782005062852e+02  Q=1.911000000000e+03  λ=9.262998e-01  dt=1.162e-03  relΔE=7.043e-06  ||F||=6.102e-02
 step= 17000  E=9.749100536829e+02  Q=1.911000000000e+03  λ=9.228605e-01  dt=8.992e-04  relΔE=5.379e-06  ||F||=6.052e-02
 step= 17500  E=9.715819790949e+02  Q=1.911000000000e+03  λ=9.193917e-01  dt=1.392e-03  relΔE=8.194e-06  ||F||=8.311e-02
 step= 18000  E=9.684647977922e+02  Q=1.911000000000e+03  λ=9.161371e-01  dt=1.077e-03  relΔE=6.352e-06  ||F||=5.988e-02
 step= 18500  E=9.652259067502e+02  Q=1.911000000000e+03  λ=9.127569e-01  dt=8.338e-04  relΔE=4.924e-06  ||F||=5.983e-02
 step= 19000  E=9.620277763989e+02  Q=1.911000000000e+03  λ=9.094207e-01  dt=1.291e-03  relΔE=7.648e-06  ||F||=5.983e-02
 step= 19500  E=9.588624945681e+02  Q=1.911000000000e+03  λ=9.061093e-01  dt=9.989e-04  relΔE=5.977e-06  ||F||=6.002e-02
 step= 20000  E=9.555738486102e+02  Q=1.911000000000e+03  λ=9.026618e-01  dt=7.731e-04  relΔE=4.739e-06  ||F||=6.066e-02
 step= 20500  E=9.523301866571e+02  Q=1.911000000000e+03  λ=8.992555e-01  dt=1.197e-03  relΔE=7.408e-06  ||F||=6.084e-02
 step= 21000  E=9.490119067595e+02  Q=1.911000000000e+03  λ=8.957543e-01  dt=9.263e-04  relΔE=5.874e-06  ||F||=6.148e-02
 step= 21500  E=9.454978553530e+02  Q=1.911000000000e+03  λ=8.923023e-01  dt=5.974e-04  relΔE=1.770e-05  ||F||=7.585e-01
 step= 22000  E=9.421133457863e+02  Q=1.911000000000e+03  λ=8.884323e-01  dt=9.248e-04  relΔE=6.234e-06  ||F||=6.315e-02
 step= 22500  E=9.383792353293e+02  Q=1.911000000000e+03  λ=8.845472e-01  dt=1.431e-03  relΔE=5.493e-06  ||F||=4.940e-01
 step= 23000  E=9.347374061448e+02  Q=1.911000000000e+03  λ=8.805283e-01  dt=1.108e-03  relΔE=8.057e-06  ||F||=6.534e-02
 step= 23500  E=9.308183796030e+02  Q=1.911000000000e+03  λ=8.762939e-01  dt=8.575e-04  relΔE=6.513e-06  ||F||=6.663e-02
 step= 24000  E=9.267421667443e+02  Q=1.911000000000e+03  λ=8.718734e-01  dt=1.327e-03  relΔE=1.053e-05  ||F||=6.801e-02
 step= 24500  E=9.226085138683e+02  Q=1.911000000000e+03  λ=8.673642e-01  dt=1.027e-03  relΔE=8.515e-06  ||F||=6.930e-02
 step= 25000  E=9.181696840540e+02  Q=1.911000000000e+03  λ=8.625037e-01  dt=7.951e-04  relΔE=6.929e-06  ||F||=7.089e-02
 step= 25500  E=9.136446408955e+02  Q=1.911000000000e+03  λ=8.575395e-01  dt=1.231e-03  relΔE=1.113e-05  ||F||=7.202e-02
 step= 26000  E=9.089755557451e+02  Q=1.911000000000e+03  λ=8.524003e-01  dt=9.526e-04  relΔE=8.954e-06  ||F||=7.325e-02
 step= 26500  E=9.039972651283e+02  Q=1.911000000000e+03  λ=8.469172e-01  dt=7.373e-04  relΔE=7.559e-06  ||F||=7.635e-02
 step= 27000  E=8.991125920782e+02  Q=1.911000000000e+03  λ=8.415460e-01  dt=1.141e-03  relΔE=1.141e-05  ||F||=7.514e-02
 step= 27500  E=8.940264862604e+02  Q=1.911000000000e+03  λ=8.359586e-01  dt=8.833e-04  relΔE=9.013e-06  ||F||=7.569e-02
 step= 28000  E=8.887924585100e+02  Q=1.911000000000e+03  λ=8.302383e-01  dt=1.367e-03  relΔE=1.407e-05  ||F||=8.090e-02
 step= 28500  E=8.838062339152e+02  Q=1.911000000000e+03  λ=8.248099e-01  dt=1.058e-03  relΔE=1.087e-05  ||F||=7.552e-02
 step= 29000  E=8.786906016914e+02  Q=1.911000000000e+03  λ=8.192816e-01  dt=8.190e-04  relΔE=8.313e-06  ||F||=7.484e-02
 step= 29500  E=8.737909421638e+02  Q=1.911000000000e+03  λ=8.140403e-01  dt=1.268e-03  relΔE=1.246e-05  ||F||=7.344e-02
 step= 30000  E=8.691345160547e+02  Q=1.911000000000e+03  λ=8.091055e-01  dt=9.812e-04  relΔE=9.231e-06  ||F||=7.166e-02
 step= 30500  E=8.646043852809e+02  Q=1.911000000000e+03  λ=8.043652e-01  dt=7.594e-04  relΔE=6.859e-06  ||F||=7.005e-02
 step= 31000  E=8.605397798882e+02  Q=1.911000000000e+03  λ=8.001769e-01  dt=1.176e-03  relΔE=9.645e-06  ||F||=6.659e-02
 step= 31500  E=8.567748374574e+02  Q=1.911000000000e+03  λ=7.963543e-01  dt=9.098e-04  relΔE=6.810e-06  ||F||=6.346e-02
 step= 32000  E=8.532802214376e+02  Q=1.911000000000e+03  λ=7.928930e-01  dt=1.408e-03  relΔE=8.663e-06  ||F||=2.098e-01
 step= 32500  E=8.503556041311e+02  Q=1.911000000000e+03  λ=7.900183e-01  dt=1.090e-03  relΔE=6.469e-06  ||F||=5.629e-02
 step= 33000  E=8.476902147841e+02  Q=1.911000000000e+03  λ=7.874732e-01  dt=8.436e-04  relΔE=4.357e-06  ||F||=5.243e-02
 step= 33500  E=8.454038954899e+02  Q=1.911000000000e+03  λ=7.853485e-01  dt=1.306e-03  relΔE=5.783e-06  ||F||=4.849e-02
 step= 34000  E=8.434968386576e+02  Q=1.911000000000e+03  λ=7.836245e-01  dt=1.011e-03  relΔE=3.804e-06  ||F||=4.465e-02
 step= 34500  E=8.418402353448e+02  Q=1.911000000000e+03  λ=7.821761e-01  dt=7.823e-04  relΔE=2.479e-06  ||F||=4.093e-02
 step= 35000  E=8.404982122959e+02  Q=1.911000000000e+03  λ=7.810479e-01  dt=1.211e-03  relΔE=3.162e-06  ||F||=3.713e-02
 step= 35500  E=8.393889807408e+02  Q=1.911000000000e+03  λ=7.801541e-01  dt=9.372e-04  relΔE=2.013e-06  ||F||=3.365e-02
 step= 36000  E=8.384523468400e+02  Q=1.911000000000e+03  λ=7.794383e-01  dt=7.254e-04  relΔE=1.505e-06  ||F||=3.347e-02
 step= 36500  E=8.377337124438e+02  Q=1.911000000000e+03  λ=7.789207e-01  dt=1.123e-03  relΔE=1.586e-06  ||F||=2.726e-02
 step= 37000  E=8.371359629901e+02  Q=1.911000000000e+03  λ=7.785197e-01  dt=8.690e-04  relΔE=9.849e-07  ||F||=2.441e-02
 step= 37500  E=8.366542872875e+02  Q=1.911000000000e+03  λ=7.782241e-01  dt=1.345e-03  relΔE=1.211e-06  ||F||=2.193e-02
 step= 38000  E=8.362841094426e+02  Q=1.911000000000e+03  λ=7.780195e-01  dt=1.041e-03  relΔE=7.473e-07  ||F||=1.941e-02
 step= 38500  E=8.359811698652e+02  Q=1.911000000000e+03  λ=7.778730e-01  dt=8.058e-04  relΔE=4.569e-07  ||F||=1.725e-02
 step= 39000  E=8.357457273906e+02  Q=1.911000000000e+03  λ=7.777775e-01  dt=1.247e-03  relΔE=5.553e-07  ||F||=1.528e-02
 step= 39500  E=8.355625630042e+02  Q=1.911000000000e+03  λ=7.777188e-01  dt=9.654e-04  relΔE=3.381e-07  ||F||=1.355e-02
 step= 40000  E=8.354144176867e+02  Q=1.911000000000e+03  λ=7.776855e-01  dt=7.472e-04  relΔE=2.097e-07  ||F||=1.213e-02
 step= 40500  E=8.353032182583e+02  Q=1.911000000000e+03  λ=7.776723e-01  dt=1.157e-03  relΔE=2.470e-07  ||F||=1.058e-02
 step= 41000  E=8.352148847823e+02  Q=1.911000000000e+03  λ=7.776721e-01  dt=8.952e-04  relΔE=1.490e-07  ||F||=9.340e-03
 step= 41500  E=8.351445145828e+02  Q=1.911000000000e+03  λ=7.776811e-01  dt=1.386e-03  relΔE=1.774e-07  ||F||=1.060e-02
 step= 42000  E=8.350927589119e+02  Q=1.911000000000e+03  λ=7.776952e-01  dt=1.072e-03  relΔE=1.079e-07  ||F||=7.260e-03
 step= 42500  E=8.350506448807e+02  Q=1.911000000000e+03  λ=7.777133e-01  dt=8.300e-04  relΔE=6.462e-08  ||F||=6.388e-03
 step= 43000  E=8.350185365305e+02  Q=1.911000000000e+03  λ=7.777327e-01  dt=1.285e-03  relΔE=7.740e-08  ||F||=5.619e-03
 step= 43500  E=8.349938987447e+02  Q=1.911000000000e+03  λ=7.777522e-01  dt=9.944e-04  relΔE=4.654e-08  ||F||=4.952e-03
 step= 44000  E=8.349744038356e+02  Q=1.911000000000e+03  λ=7.777718e-01  dt=1.283e-03  relΔE=4.637e-08  ||F||=4.353e-03
 step= 44500  E=8.349596596111e+02  Q=1.911000000000e+03  λ=7.777899e-01  dt=9.928e-04  relΔE=2.789e-08  ||F||=3.837e-03
 step= 45000  E=8.349478549726e+02  Q=1.911000000000e+03  λ=7.778074e-01  dt=7.684e-04  relΔE=1.691e-08  ||F||=3.397e-03
 step= 45500  E=8.349390220366e+02  Q=1.911000000000e+03  λ=7.778229e-01  dt=1.189e-03  relΔE=2.001e-08  ||F||=2.970e-03
 step= 46000  E=8.349320985639e+02  Q=1.911000000000e+03  λ=7.778370e-01  dt=9.206e-04  relΔE=1.201e-08  ||F||=2.616e-03
 step= 46500  E=8.349265839585e+02  Q=1.911000000000e+03  λ=7.778502e-01  dt=1.425e-03  relΔE=6.374e-09  ||F||=1.981e-02
 step= 47000  E=8.349225368273e+02  Q=1.911000000000e+03  λ=7.778608e-01  dt=1.103e-03  relΔE=8.655e-09  ||F||=2.029e-03
 step= 47500  E=8.349192686226e+02  Q=1.911000000000e+03  λ=7.778708e-01  dt=8.536e-04  relΔE=5.190e-09  ||F||=1.787e-03
 step= 48000  E=8.349167376967e+02  Q=1.911000000000e+03  λ=7.778794e-01  dt=1.321e-03  relΔE=6.223e-09  ||F||=1.574e-03
 step= 48500  E=8.349148185177e+02  Q=1.911000000000e+03  λ=7.778868e-01  dt=1.023e-03  relΔE=3.759e-09  ||F||=1.390e-03
 step= 49000  E=8.349132768966e+02  Q=1.911000000000e+03  λ=7.778933e-01  dt=7.915e-04  relΔE=2.273e-09  ||F||=1.230e-03
 step= 49500  E=8.349121044290e+02  Q=1.911000000000e+03  λ=7.778988e-01  dt=1.225e-03  relΔE=2.721e-09  ||F||=1.082e-03
 step= 50000  E=8.349111923139e+02  Q=1.911000000000e+03  λ=7.779035e-01  dt=9.483e-04  relΔE=1.645e-09  ||F||=9.572e-04
 step= 50500  E=8.349104582136e+02  Q=1.911000000000e+03  λ=7.779076e-01  dt=7.339e-04  relΔE=1.052e-09  ||F||=8.714e-04
 step= 51000  E=8.349099127354e+02  Q=1.911000000000e+03  λ=7.779109e-01  dt=1.136e-03  relΔE=1.199e-09  ||F||=7.485e-04
 step= 51500  E=8.349094736003e+02  Q=1.911000000000e+03  λ=7.779138e-01  dt=8.793e-04  relΔE=7.251e-10  ||F||=6.625e-04
 step= 52000  E=8.349091263467e+02  Q=1.911000000000e+03  λ=7.779162e-01  dt=1.361e-03  relΔE=8.729e-10  ||F||=6.032e-04
 step= 52500  E=8.349088660979e+02  Q=1.911000000000e+03  λ=7.779182e-01  dt=1.053e-03  relΔE=5.321e-10  ||F||=5.205e-04
 step= 53000  E=8.349086536393e+02  Q=1.911000000000e+03  λ=7.779198e-01  dt=8.153e-04  relΔE=3.224e-10  ||F||=4.617e-04
 step= 53500  E=8.349084903152e+02  Q=1.911000000000e+03  λ=7.779212e-01  dt=1.262e-03  relΔE=3.897e-10  ||F||=4.092e-04
 step= 54000  E=8.349083635769e+02  Q=1.911000000000e+03  λ=7.779223e-01  dt=9.768e-04  relΔE=2.372e-10  ||F||=3.641e-04
 step= 54500  E=8.349082608491e+02  Q=1.911000000000e+03  λ=7.779232e-01  dt=7.560e-04  relΔE=1.465e-10  ||F||=3.265e-04
 step= 55000  E=8.349081833463e+02  Q=1.911000000000e+03  λ=7.779239e-01  dt=1.170e-03  relΔE=1.744e-10  ||F||=2.878e-04
 step= 55500  E=8.349081215706e+02  Q=1.911000000000e+03  λ=7.779244e-01  dt=9.057e-04  relΔE=1.059e-10  ||F||=2.564e-04
 step= 56000  E=8.349080718856e+02  Q=1.911000000000e+03  λ=7.779249e-01  dt=1.402e-03  relΔE=1.206e-10  ||F||=6.592e-04
 step= 56500  E=8.349080351844e+02  Q=1.911000000000e+03  λ=7.779252e-01  dt=1.085e-03  relΔE=7.790e-11  ||F||=2.037e-04
 step= 57000  E=8.349080051071e+02  Q=1.911000000000e+03  λ=7.779254e-01  dt=8.398e-04  relΔE=4.707e-11  ||F||=1.816e-04
 step= 57500  E=8.349079818415e+02  Q=1.911000000000e+03  λ=7.779256e-01  dt=1.300e-03  relΔE=5.680e-11  ||F||=1.621e-04
 step= 58000  E=8.349079639678e+02  Q=1.911000000000e+03  λ=7.779257e-01  dt=1.006e-03  relΔE=3.436e-11  ||F||=1.450e-04
 step= 58500  E=8.349079496348e+02  Q=1.911000000000e+03  λ=7.779257e-01  dt=7.787e-04  relΔE=2.077e-11  ||F||=1.299e-04
 step= 59000  E=8.349079388233e+02  Q=1.911000000000e+03  λ=7.779257e-01  dt=1.205e-03  relΔE=2.472e-11  ||F||=1.159e-04
 step= 59500  E=8.349079304304e+02  Q=1.911000000000e+03  λ=7.779257e-01  dt=9.330e-04  relΔE=1.478e-11  ||F||=1.039e-04
 step= 60000  E=8.349079237771e+02  Q=1.911000000000e+03  λ=7.779257e-01  dt=7.221e-04  relΔE=9.838e-12  ||F||=9.737e-05
 step= 60500  E=8.349079189659e+02  Q=1.911000000000e+03  λ=7.779256e-01  dt=1.118e-03  relΔE=1.031e-11  ||F||=8.338e-05
 step= 61000  E=8.349079151869e+02  Q=1.911000000000e+03  λ=7.779255e-01  dt=8.651e-04  relΔE=6.004e-12  ||F||=7.475e-05
 step= 61500  E=8.349079123499e+02  Q=1.911000000000e+03  λ=7.779255e-01  dt=1.339e-03  relΔE=6.874e-12  ||F||=6.723e-05
 step= 62000  E=8.349079103242e+02  Q=1.911000000000e+03  λ=7.779254e-01  dt=1.036e-03  relΔE=3.910e-12  ||F||=6.025e-05
 step= 62500  E=8.349079088108e+02  Q=1.911000000000e+03  λ=7.779253e-01  dt=8.022e-04  relΔE=2.157e-12  ||F||=5.410e-05
 step= 63000  E=8.349079077651e+02  Q=1.911000000000e+03  λ=7.779252e-01  dt=1.242e-03  relΔE=2.291e-12  ||F||=4.859e-05
 step= 63500  E=8.349079070675e+02  Q=1.911000000000e+03  λ=7.779251e-01  dt=9.610e-04  relΔE=1.160e-12  ||F||=4.374e-05
 step= 64000  E=8.349079066183e+02  Q=1.911000000000e+03  λ=7.779250e-01  dt=7.438e-04  relΔE=5.389e-13  ||F||=3.940e-05
 step= 64500  E=8.349079063837e+02  Q=1.911000000000e+03  λ=7.779249e-01  dt=1.151e-03  relΔE=3.903e-13  ||F||=3.541e-05
 step= 65000  E=8.349079062947e+02  Q=1.911000000000e+03  λ=7.779248e-01  dt=8.911e-04  relΔE=5.215e-14  ||F||=3.189e-05
  !! dt è sceso sotto dt_min, mi fermo (stiffness).

Stationary candidate (aggressive): E=8.349079062913e+02, Q=1.911000000000e+03, maxρ=1.034270e+00

=== Stability test (damped inertial dynamics) ===
Perturb eps=0.02, gamma=1
t=0: E=9.285312970278e+02, Q=1.911000000000e+03, maxρ=1.068993e+00, σ=2.608353e+00, Rc=1.840484e+01
 step=     1  E=9.285308259851e+02  Q=1.911000000000e+03  λ=1.165489e+00  maxρ=1.068993e+00  minρ=4.793e-13  σ=2.608353e+00  Rc=1.840484e+01
 step=   300  E=9.092176350323e+02  Q=1.911000000000e+03  λ=1.062201e+00  maxρ=1.067179e+00  minρ=5.016e-13  σ=2.608350e+00  Rc=1.840485e+01
 step=   600  E=8.703803398109e+02  Q=1.911000000000e+03  λ=8.752072e-01  maxρ=1.062062e+00  minρ=5.436e-13  σ=2.608345e+00  Rc=1.840485e+01
 step=   900  E=8.476598135419e+02  Q=1.911000000000e+03  λ=8.157004e-01  maxρ=1.054495e+00  minρ=3.403e-13  σ=2.608343e+00  Rc=1.840485e+01
 step=  1200  E=8.563344834898e+02  Q=1.911000000000e+03  λ=9.236097e-01  maxρ=1.051172e+00  minρ=1.000e-15  σ=2.608346e+00  Rc=1.840484e+01
 step=  1500  E=8.796476931622e+02  Q=1.911000000000e+03  λ=1.040551e+00  maxρ=1.056167e+00  minρ=1.000e-15  σ=2.608347e+00  Rc=1.840484e+01
 step=  1800  E=8.915691115684e+02  Q=1.911000000000e+03  λ=1.026442e+00  maxρ=1.059545e+00  minρ=1.000e-15  σ=2.608345e+00  Rc=1.840484e+01
 step=  2100  E=8.845901383441e+02  Q=1.911000000000e+03  λ=9.246992e-01  maxρ=1.054148e+00  minρ=1.000e-15  σ=2.608341e+00  Rc=1.840484e+01
 step=  2400  E=8.722789141071e+02  Q=1.911000000000e+03  λ=8.776933e-01  maxρ=1.043236e+00  minρ=1.000e-15  σ=2.608342e+00  Rc=1.840484e+01
 step=  2700  E=8.692133121735e+02  Q=1.911000000000e+03  λ=9.327561e-01  maxρ=1.049915e+00  minρ=1.000e-15  σ=2.608345e+00  Rc=1.840484e+01
 step=  3000  E=8.751335680799e+02  Q=1.911000000000e+03  λ=9.989605e-01  maxρ=1.063101e+00  minρ=1.000e-15  σ=2.608346e+00  Rc=1.840484e+01
 step=  3300  E=8.796421938799e+02  Q=1.911000000000e+03  λ=9.864464e-01  maxρ=1.065827e+00  minρ=1.000e-15  σ=2.608342e+00  Rc=1.840484e+01
 step=  3600  E=8.769540987211e+02  Q=1.911000000000e+03  λ=9.214216e-01  maxρ=1.057979e+00  minρ=1.000e-15  σ=2.608338e+00  Rc=1.840484e+01
 step=  3900  E=8.713042527857e+02  Q=1.911000000000e+03  λ=8.925857e-01  maxρ=1.056917e+00  minρ=1.000e-15  σ=2.608338e+00  Rc=1.840484e+01
 step=  4200  E=8.692243832667e+02  Q=1.911000000000e+03  λ=9.256556e-01  maxρ=1.053238e+00  minρ=1.000e-15  σ=2.608342e+00  Rc=1.840483e+01
 step=  4500  E=8.712425379591e+02  Q=1.911000000000e+03  λ=9.613595e-01  maxρ=1.051120e+00  minρ=1.000e-15  σ=2.608343e+00  Rc=1.840483e+01
 step=  4800  E=8.730258858126e+02  Q=1.911000000000e+03  λ=9.485922e-01  maxρ=1.055500e+00  minρ=1.000e-15  σ=2.608339e+00  Rc=1.840483e+01
 step=  5100  E=8.720043249112e+02  Q=1.911000000000e+03  λ=9.105193e-01  maxρ=1.056412e+00  minρ=1.000e-15  σ=2.608334e+00  Rc=1.840483e+01
 step=  5400  E=8.698747300881e+02  Q=1.911000000000e+03  λ=9.004286e-01  maxρ=1.055159e+00  minρ=1.000e-15  σ=2.608333e+00  Rc=1.840483e+01
 step=  5700  E=8.690721053262e+02  Q=1.911000000000e+03  λ=9.248075e-01  maxρ=1.051545e+00  minρ=1.000e-15  σ=2.608334e+00  Rc=1.840482e+01
 step=  6000  E=8.694256506877e+02  Q=1.911000000000e+03  λ=9.424450e-01  maxρ=1.049233e+00  minρ=1.000e-15  σ=2.608335e+00  Rc=1.840482e+01
 >>> No runaway detected in this horizon. Likely stable (within this model & box).

STABILITY: PASS
