
=== Aggressive relaxation to Q = 1547 ===
Initial: E=1.263628643428e+03, Q=1.547000000000e+03, dt=1.000e-04
 step=     1  E=1.263582446323e+03  Q=1.547000000000e+03  λ=1.714669e+00  dt=1.000e-04  relΔE=3.656e-05  ||F||=5.470e-01
 step=   500  E=1.216056344616e+03  Q=1.547000000000e+03  λ=1.613916e+00  dt=6.192e-04  relΔE=1.257e-04  ||F||=4.381e-01
 step=  1000  E=1.128284442740e+03  Q=1.547000000000e+03  λ=1.436763e+00  dt=9.584e-04  relΔE=9.332e-05  ||F||=2.921e-01
 step=  1500  E=1.078433885305e+03  Q=1.547000000000e+03  λ=1.344216e+00  dt=7.418e-04  relΔE=5.021e-05  ||F||=2.382e-01
 step=  2000  E=1.044625753631e+03  Q=1.547000000000e+03  λ=1.285773e+00  dt=1.148e-03  relΔE=5.939e-05  ||F||=2.048e-01
 step=  2500  E=1.017495104703e+03  Q=1.547000000000e+03  λ=1.241266e+00  dt=8.887e-04  relΔE=3.833e-05  ||F||=1.846e-01
 step=  3000  E=9.945238082344e+02  Q=1.547000000000e+03  λ=1.205170e+00  dt=1.376e-03  relΔE=5.076e-05  ||F||=1.857e-01
 step=  3500  E=9.759821564521e+02  Q=1.547000000000e+03  λ=1.176894e+00  dt=1.065e-03  relΔE=3.457e-05  ||F||=1.568e-01
 step=  4000  E=9.592062064411e+02  Q=1.547000000000e+03  λ=1.151941e+00  dt=8.241e-04  relΔE=2.371e-05  ||F||=1.463e-01
 step=  4500  E=9.447537442320e+02  Q=1.547000000000e+03  λ=1.130900e+00  dt=1.276e-03  relΔE=3.273e-05  ||F||=1.372e-01
 step=  5000  E=9.321033494985e+02  Q=1.547000000000e+03  λ=1.112760e+00  dt=9.873e-04  relΔE=2.282e-05  ||F||=1.293e-01
 step=  5500  E=9.205004039823e+02  Q=1.547000000000e+03  λ=1.096359e+00  dt=7.641e-04  relΔE=1.617e-05  ||F||=1.230e-01
 step=  6000  E=9.104199131079e+02  Q=1.547000000000e+03  λ=1.082300e+00  dt=1.183e-03  relΔE=2.251e-05  ||F||=1.159e-01
 step=  6500  E=9.012323894620e+02  Q=1.547000000000e+03  λ=1.069605e+00  dt=9.154e-04  relΔE=1.594e-05  ||F||=1.103e-01
 step=  7000  E=8.926343358121e+02  Q=1.547000000000e+03  λ=1.058082e+00  dt=1.417e-03  relΔE=1.502e-05  ||F||=7.334e-01
 step=  7500  E=8.852289544043e+02  Q=1.547000000000e+03  λ=1.047805e+00  dt=1.097e-03  relΔE=1.615e-05  ||F||=1.006e-01
 step=  8000  E=8.781776347715e+02  Q=1.547000000000e+03  λ=1.038313e+00  dt=8.488e-04  relΔE=1.157e-05  ||F||=9.636e-02
 step=  8500  E=8.716997429146e+02  Q=1.547000000000e+03  λ=1.029667e+00  dt=1.314e-03  relΔE=1.661e-05  ||F||=9.250e-02
 step=  9000  E=8.658602484465e+02  Q=1.547000000000e+03  λ=1.021915e+00  dt=1.017e-03  relΔE=1.199e-05  ||F||=8.901e-02
 step=  9500  E=8.602627228809e+02  Q=1.547000000000e+03  λ=1.014532e+00  dt=7.871e-04  relΔE=8.738e-06  ||F||=8.608e-02
 step= 10000  E=8.551702172594e+02  Q=1.547000000000e+03  λ=1.007864e+00  dt=1.218e-03  relΔE=1.260e-05  ||F||=8.282e-02
 step= 10500  E=8.504200794467e+02  Q=1.547000000000e+03  λ=1.001671e+00  dt=9.430e-04  relΔE=9.182e-06  ||F||=8.015e-02
 step= 11000  E=8.458160805964e+02  Q=1.547000000000e+03  λ=9.957042e-01  dt=7.298e-04  relΔE=7.178e-06  ||F||=8.043e-02
 step= 11500  E=8.416944281079e+02  Q=1.547000000000e+03  λ=9.903954e-01  dt=1.130e-03  relΔE=9.837e-06  ||F||=7.540e-02
 step= 12000  E=8.376849326005e+02  Q=1.547000000000e+03  λ=9.852517e-01  dt=8.744e-04  relΔE=7.240e-06  ||F||=7.336e-02
 step= 12500  E=8.338397115690e+02  Q=1.547000000000e+03  λ=9.803498e-01  dt=1.353e-03  relΔE=1.067e-05  ||F||=7.257e-02
 step= 13000  E=8.303234370152e+02  Q=1.547000000000e+03  λ=9.758823e-01  dt=1.048e-03  relΔE=7.908e-06  ||F||=6.973e-02
 step= 13500  E=8.268468910407e+02  Q=1.547000000000e+03  λ=9.714864e-01  dt=8.108e-04  relΔE=5.890e-06  ||F||=6.827e-02
 step= 14000  E=8.235650193936e+02  Q=1.547000000000e+03  λ=9.673601e-01  dt=1.255e-03  relΔE=8.756e-06  ||F||=6.677e-02
 step= 14500  E=8.204453766323e+02  Q=1.547000000000e+03  λ=9.634490e-01  dt=9.713e-04  relΔE=6.555e-06  ||F||=6.554e-02
 step= 15000  E=8.173272206456e+02  Q=1.547000000000e+03  λ=9.595559e-01  dt=7.518e-04  relΔE=5.047e-06  ||F||=6.526e-02
 step= 15500  E=8.144259935633e+02  Q=1.547000000000e+03  λ=9.559504e-01  dt=1.164e-03  relΔE=7.420e-06  ||F||=6.347e-02
 step= 16000  E=8.115604151394e+02  Q=1.547000000000e+03  λ=9.523965e-01  dt=9.007e-04  relΔE=5.618e-06  ||F||=6.267e-02
 step= 16500  E=8.086844199253e+02  Q=1.547000000000e+03  λ=9.488469e-01  dt=1.394e-03  relΔE=8.447e-06  ||F||=9.733e-02
 step= 17000  E=8.060156723922e+02  Q=1.547000000000e+03  λ=9.455511e-01  dt=1.079e-03  relΔE=6.511e-06  ||F||=6.143e-02
 step= 17500  E=8.032740775776e+02  Q=1.547000000000e+03  λ=9.421741e-01  dt=8.352e-04  relΔE=4.998e-06  ||F||=6.107e-02
 step= 18000  E=8.005909192560e+02  Q=1.547000000000e+03  λ=9.388765e-01  dt=1.293e-03  relΔE=7.679e-06  ||F||=6.074e-02
 step= 18500  E=7.979678376559e+02  Q=1.547000000000e+03  λ=9.356493e-01  dt=1.001e-03  relΔE=5.937e-06  ||F||=6.061e-02
 step= 19000  E=7.952646329562e+02  Q=1.547000000000e+03  λ=9.323223e-01  dt=7.744e-04  relΔE=4.670e-06  ||F||=6.100e-02
 step= 19500  E=7.926357425702e+02  Q=1.547000000000e+03  λ=9.290858e-01  dt=1.199e-03  relΔE=7.194e-06  ||F||=6.075e-02
 step= 20000  E=7.899726782113e+02  Q=1.547000000000e+03  λ=9.257958e-01  dt=9.278e-04  relΔE=5.639e-06  ||F||=6.103e-02
 step= 20500  E=7.871862221499e+02  Q=1.547000000000e+03  λ=9.223614e-01  dt=7.181e-04  relΔE=6.677e-06  ||F||=2.059e-01
 step= 21000  E=7.845133863765e+02  Q=1.547000000000e+03  λ=9.190197e-01  dt=1.112e-03  relΔE=7.017e-06  ||F||=6.199e-02
 step= 21500  E=7.816837436544e+02  Q=1.547000000000e+03  λ=9.154803e-01  dt=8.603e-04  relΔE=5.581e-06  ||F||=6.272e-02
 step= 22000  E=7.787768417385e+02  Q=1.547000000000e+03  λ=9.118274e-01  dt=1.332e-03  relΔE=8.887e-06  ||F||=6.374e-02
 step= 22500  E=7.758740844919e+02  Q=1.547000000000e+03  λ=9.081504e-01  dt=1.031e-03  relΔE=7.105e-06  ||F||=6.441e-02
 step= 23000  E=7.727886135279e+02  Q=1.547000000000e+03  λ=9.042141e-01  dt=7.977e-04  relΔE=5.729e-06  ||F||=6.562e-02
 step= 23500  E=7.697955531828e+02  Q=1.547000000000e+03  λ=9.003698e-01  dt=1.029e-03  relΔE=7.630e-06  ||F||=6.654e-02
 step= 24000  E=7.663764859839e+02  Q=1.547000000000e+03  λ=8.959393e-01  dt=7.964e-04  relΔE=6.195e-06  ||F||=6.801e-02
 step= 24500  E=7.630084196024e+02  Q=1.547000000000e+03  λ=8.915434e-01  dt=1.233e-03  relΔE=9.929e-06  ||F||=6.905e-02
 step= 25000  E=7.595406749457e+02  Q=1.547000000000e+03  λ=8.869750e-01  dt=9.541e-04  relΔE=8.001e-06  ||F||=7.029e-02
 step= 25500  E=7.558136169614e+02  Q=1.547000000000e+03  λ=8.820266e-01  dt=7.385e-04  relΔE=6.774e-06  ||F||=7.339e-02
 step= 26000  E=7.521398816791e+02  Q=1.547000000000e+03  λ=8.771177e-01  dt=1.143e-03  relΔE=1.034e-05  ||F||=7.265e-02
 step= 26500  E=7.482652594484e+02  Q=1.547000000000e+03  λ=8.718994e-01  dt=8.847e-04  relΔE=8.271e-06  ||F||=7.367e-02
 step= 27000  E=7.442152678683e+02  Q=1.547000000000e+03  λ=8.664189e-01  dt=1.369e-03  relΔE=1.314e-05  ||F||=7.754e-02
 step= 27500  E=7.402751668617e+02  Q=1.547000000000e+03  λ=8.610517e-01  dt=1.060e-03  relΔE=1.037e-05  ||F||=7.496e-02
 step= 28000  E=7.361474030975e+02  Q=1.547000000000e+03  λ=8.554067e-01  dt=8.203e-04  relΔE=8.135e-06  ||F||=7.525e-02
 step= 28500  E=7.320727989789e+02  Q=1.547000000000e+03  λ=8.498241e-01  dt=1.270e-03  relΔE=1.256e-05  ||F||=7.494e-02
 step= 29000  E=7.280960519206e+02  Q=1.547000000000e+03  λ=8.443579e-01  dt=9.828e-04  relΔE=9.607e-06  ||F||=7.430e-02
 step= 29500  E=7.240759251478e+02  Q=1.547000000000e+03  λ=8.388283e-01  dt=7.607e-04  relΔE=7.390e-06  ||F||=7.389e-02
 step= 30000  E=7.203493676915e+02  Q=1.547000000000e+03  λ=8.337097e-01  dt=1.177e-03  relΔE=1.079e-05  ||F||=7.156e-02
 step= 30500  E=7.167570158190e+02  Q=1.547000000000e+03  λ=8.287762e-01  dt=9.113e-04  relΔE=7.914e-06  ||F||=6.948e-02
 step= 31000  E=7.133010207982e+02  Q=1.547000000000e+03  λ=8.240909e-01  dt=1.411e-03  relΔE=9.564e-06  ||F||=3.232e-01
 step= 31500  E=7.102986794720e+02  Q=1.547000000000e+03  λ=8.199484e-01  dt=1.092e-03  relΔE=8.116e-06  ||F||=6.400e-02
 step= 32000  E=7.074590448149e+02  Q=1.547000000000e+03  λ=8.160890e-01  dt=8.450e-04  relΔE=5.675e-06  ||F||=6.071e-02
 step= 32500  E=7.049343710283e+02  Q=1.547000000000e+03  λ=8.126807e-01  dt=1.308e-03  relΔE=7.803e-06  ||F||=5.713e-02
 step= 33000  E=7.027573509528e+02  Q=1.547000000000e+03  λ=8.097567e-01  dt=1.012e-03  relΔE=5.306e-06  ||F||=5.345e-02
 step= 33500  E=7.008080274434e+02  Q=1.547000000000e+03  λ=8.071589e-01  dt=7.835e-04  relΔE=3.570e-06  ||F||=4.977e-02
 step= 34000  E=6.991777431868e+02  Q=1.547000000000e+03  λ=8.050077e-01  dt=1.213e-03  relΔE=4.682e-06  ||F||=4.576e-02
 step= 34500  E=6.977962343830e+02  Q=1.547000000000e+03  λ=8.032006e-01  dt=9.387e-04  relΔE=3.059e-06  ||F||=4.199e-02
 step= 35000  E=6.966044046153e+02  Q=1.547000000000e+03  λ=8.016601e-01  dt=7.265e-04  relΔE=2.132e-06  ||F||=3.988e-02
 step= 35500  E=6.956666975819e+02  Q=1.547000000000e+03  λ=8.004649e-01  dt=1.125e-03  relΔE=2.519e-06  ||F||=3.476e-02
 step= 36000  E=6.948722079973e+02  Q=1.547000000000e+03  λ=7.994662e-01  dt=8.704e-04  relΔE=1.593e-06  ||F||=3.141e-02
 step= 36500  E=6.942211374965e+02  Q=1.547000000000e+03  λ=7.986629e-01  dt=1.347e-03  relΔE=1.991e-06  ||F||=2.838e-02
 step= 37000  E=6.937134680475e+02  Q=1.547000000000e+03  λ=7.980480e-01  dt=1.043e-03  relΔE=1.245e-06  ||F||=2.535e-02
 step= 37500  E=6.932923828953e+02  Q=1.547000000000e+03  λ=7.975495e-01  dt=8.071e-04  relΔE=7.719e-07  ||F||=2.268e-02
 step= 38000  E=6.929629673492e+02  Q=1.547000000000e+03  λ=7.971703e-01  dt=1.249e-03  relΔE=9.455e-07  ||F||=2.016e-02
 step= 38500  E=6.927034374226e+02  Q=1.547000000000e+03  λ=7.968800e-01  dt=9.670e-04  relΔE=5.800e-07  ||F||=1.795e-02
 step= 39000  E=6.924926581780e+02  Q=1.547000000000e+03  λ=7.966527e-01  dt=7.484e-04  relΔE=3.614e-07  ||F||=1.611e-02
 step= 39500  E=6.923333886185e+02  Q=1.547000000000e+03  λ=7.964881e-01  dt=1.158e-03  relΔE=4.284e-07  ||F||=1.409e-02
 step= 40000  E=6.922062373071e+02  Q=1.547000000000e+03  λ=7.963628e-01  dt=8.966e-04  relΔE=2.591e-07  ||F||=1.245e-02
 step= 40500  E=6.921048739993e+02  Q=1.547000000000e+03  λ=7.962690e-01  dt=1.388e-03  relΔE=3.063e-07  ||F||=1.872e-02
 step= 41000  E=6.920299385300e+02  Q=1.547000000000e+03  λ=7.962041e-01  dt=8.952e-04  relΔE=1.564e-07  ||F||=9.677e-03
 step= 41500  E=6.919689555056e+02  Q=1.547000000000e+03  λ=7.961558e-01  dt=1.386e-03  relΔE=1.853e-07  ||F||=1.201e-02
 step= 42000  E=6.919241451359e+02  Q=1.547000000000e+03  λ=7.961239e-01  dt=1.072e-03  relΔE=1.125e-07  ||F||=7.498e-03
 step= 42500  E=6.918878284453e+02  Q=1.547000000000e+03  λ=7.961013e-01  dt=8.300e-04  relΔE=6.705e-08  ||F||=6.578e-03
 step= 43000  E=6.918606207106e+02  Q=1.547000000000e+03  λ=7.960872e-01  dt=1.071e-03  relΔE=6.684e-08  ||F||=5.782e-03
 step= 43500  E=6.918391191874e+02  Q=1.547000000000e+03  λ=7.960785e-01  dt=8.287e-04  relΔE=3.981e-08  ||F||=5.072e-03
 step= 44000  E=6.918229959580e+02  Q=1.547000000000e+03  λ=7.960741e-01  dt=1.069e-03  relΔE=3.957e-08  ||F||=4.452e-03
 step= 44500  E=6.918102609357e+02  Q=1.547000000000e+03  λ=7.960725e-01  dt=8.273e-04  relΔE=2.350e-08  ||F||=3.899e-03
 step= 45000  E=6.918005760476e+02  Q=1.547000000000e+03  λ=7.960728e-01  dt=1.281e-03  relΔE=2.789e-08  ||F||=3.413e-03
 step= 45500  E=6.917932314617e+02  Q=1.547000000000e+03  λ=7.960745e-01  dt=9.912e-04  relΔE=1.662e-08  ||F||=2.994e-03
 step= 46000  E=6.917874172143e+02  Q=1.547000000000e+03  λ=7.960770e-01  dt=7.672e-04  relΔE=1.005e-08  ||F||=2.647e-03
 step= 46500  E=6.917831187108e+02  Q=1.547000000000e+03  λ=7.960799e-01  dt=1.188e-03  relΔE=1.169e-08  ||F||=2.294e-03
 step= 47000  E=6.917797791137e+02  Q=1.547000000000e+03  λ=7.960830e-01  dt=9.191e-04  relΔE=6.947e-09  ||F||=2.009e-03
 step= 47500  E=6.917771437480e+02  Q=1.547000000000e+03  λ=7.960863e-01  dt=1.423e-03  relΔE=5.426e-09  ||F||=1.186e-02
 step= 48000  E=6.917752359635e+02  Q=1.547000000000e+03  λ=7.960892e-01  dt=1.101e-03  relΔE=4.889e-09  ||F||=1.539e-03
 step= 48500  E=6.917737131591e+02  Q=1.547000000000e+03  λ=7.960922e-01  dt=8.522e-04  relΔE=2.895e-09  ||F||=1.346e-03
 step= 49000  E=6.917725491852e+02  Q=1.547000000000e+03  λ=7.960949e-01  dt=1.319e-03  relΔE=3.425e-09  ||F||=1.177e-03
 step= 49500  E=6.917716782803e+02  Q=1.547000000000e+03  λ=7.960974e-01  dt=1.021e-03  relΔE=2.041e-09  ||F||=1.032e-03
 step= 50000  E=6.917709886931e+02  Q=1.547000000000e+03  λ=7.960997e-01  dt=7.902e-04  relΔE=1.215e-09  ||F||=9.051e-04
 step= 50500  E=6.917704720134e+02  Q=1.547000000000e+03  λ=7.961017e-01  dt=1.223e-03  relΔE=1.433e-09  ||F||=7.899e-04
 step= 51000  E=6.917700768159e+02  Q=1.547000000000e+03  λ=7.961035e-01  dt=9.467e-04  relΔE=8.532e-10  ||F||=6.926e-04
 step= 51500  E=6.917697630397e+02  Q=1.547000000000e+03  λ=7.961052e-01  dt=7.327e-04  relΔE=5.374e-10  ||F||=6.255e-04
 step= 52000  E=6.917695341906e+02  Q=1.547000000000e+03  λ=7.961066e-01  dt=1.134e-03  relΔE=6.011e-10  ||F||=5.310e-04
 step= 52500  E=6.917693531518e+02  Q=1.547000000000e+03  λ=7.961079e-01  dt=8.779e-04  relΔE=3.569e-10  ||F||=4.652e-04
 step= 53000  E=6.917692126380e+02  Q=1.547000000000e+03  λ=7.961090e-01  dt=1.359e-03  relΔE=4.215e-10  ||F||=4.188e-04
 step= 53500  E=6.917691091843e+02  Q=1.547000000000e+03  λ=7.961099e-01  dt=1.052e-03  relΔE=2.521e-10  ||F||=3.573e-04
 step= 54000  E=6.917690266668e+02  Q=1.547000000000e+03  λ=7.961108e-01  dt=8.140e-04  relΔE=1.496e-10  ||F||=3.131e-04
 step= 54500  E=6.917689642882e+02  Q=1.547000000000e+03  λ=7.961115e-01  dt=1.260e-03  relΔE=1.774e-10  ||F||=2.743e-04
 step= 55000  E=6.917689167561e+02  Q=1.547000000000e+03  λ=7.961122e-01  dt=9.752e-04  relΔE=1.057e-10  ||F||=2.409e-04
 step= 55500  E=6.917688792063e+02  Q=1.547000000000e+03  λ=7.961127e-01  dt=7.548e-04  relΔE=6.410e-11  ||F||=2.137e-04
 step= 56000  E=6.917688514242e+02  Q=1.547000000000e+03  λ=7.961132e-01  dt=1.168e-03  relΔE=7.452e-11  ||F||=1.855e-04
 step= 56500  E=6.917688298110e+02  Q=1.547000000000e+03  λ=7.961136e-01  dt=9.043e-04  relΔE=4.430e-11  ||F||=1.630e-04
 step= 57000  E=6.917688127314e+02  Q=1.547000000000e+03  λ=7.961140e-01  dt=1.400e-03  relΔE=5.052e-11  ||F||=3.358e-04
 step= 57500  E=6.917688004166e+02  Q=1.547000000000e+03  λ=7.961142e-01  dt=1.083e-03  relΔE=3.115e-11  ||F||=1.259e-04
 step= 58000  E=6.917687905485e+02  Q=1.547000000000e+03  λ=7.961145e-01  dt=8.385e-04  relΔE=1.839e-11  ||F||=1.106e-04
 step= 58500  E=6.917687830921e+02  Q=1.547000000000e+03  λ=7.961147e-01  dt=1.298e-03  relΔE=2.167e-11  ||F||=9.719e-05
 step= 59000  E=6.917687774961e+02  Q=1.547000000000e+03  λ=7.961149e-01  dt=1.005e-03  relΔE=1.281e-11  ||F||=8.567e-05
 step= 59500  E=6.917687731166e+02  Q=1.547000000000e+03  λ=7.961151e-01  dt=7.775e-04  relΔE=7.584e-12  ||F||=7.575e-05
 step= 60000  E=6.917687698978e+02  Q=1.547000000000e+03  λ=7.961152e-01  dt=1.203e-03  relΔE=8.768e-12  ||F||=6.641e-05
 step= 60500  E=6.917687674560e+02  Q=1.547000000000e+03  λ=7.961153e-01  dt=9.315e-04  relΔE=5.102e-12  ||F||=5.858e-05
 step= 61000  E=6.917687655786e+02  Q=1.547000000000e+03  λ=7.961154e-01  dt=7.209e-04  relΔE=3.344e-12  ||F||=5.488e-05
 step= 61500  E=6.917687642593e+02  Q=1.547000000000e+03  λ=7.961155e-01  dt=1.116e-03  relΔE=3.359e-12  ||F||=4.561e-05
 step= 62000  E=6.917687632544e+02  Q=1.547000000000e+03  λ=7.961156e-01  dt=8.637e-04  relΔE=1.890e-12  ||F||=4.026e-05
 step= 62500  E=6.917687625284e+02  Q=1.547000000000e+03  λ=7.961156e-01  dt=1.337e-03  relΔE=2.077e-12  ||F||=3.571e-05
 step= 63000  E=6.917687620327e+02  Q=1.547000000000e+03  λ=7.961157e-01  dt=1.035e-03  relΔE=1.126e-12  ||F||=3.148e-05
 step= 63500  E=6.917687616815e+02  Q=1.547000000000e+03  λ=7.961157e-01  dt=8.009e-04  relΔE=5.818e-13  ||F||=2.783e-05
 step= 64000  E=6.917687614575e+02  Q=1.547000000000e+03  λ=7.961158e-01  dt=1.240e-03  relΔE=5.617e-13  ||F||=2.463e-05
 step= 64500  E=6.917687613250e+02  Q=1.547000000000e+03  λ=7.961158e-01  dt=9.595e-04  relΔE=2.409e-13  ||F||=2.185e-05
 step= 65000  E=6.917687612579e+02  Q=1.547000000000e+03  λ=7.961158e-01  dt=7.426e-04  relΔE=7.478e-14  ||F||=1.937e-05
  !! dt è sceso sotto dt_min, mi fermo (stiffness).

Stationary candidate (aggressive): E=6.917687612421e+02, Q=1.547000000000e+03, maxρ=9.516161e-01

=== Stability test (damped inertial dynamics) ===
Perturb eps=0.02, gamma=1
t=0: E=7.674817379001e+02, Q=1.547000000000e+03, maxρ=9.826768e-01, σ=2.583638e+00, Rc=1.842228e+01
 step=     1  E=7.674813570629e+02  Q=1.547000000000e+03  λ=1.183219e+00  maxρ=9.826767e-01  minρ=5.859e-15  σ=2.583638e+00  Rc=1.842228e+01
 step=   300  E=7.518665136176e+02  Q=1.547000000000e+03  λ=1.080076e+00  maxρ=9.810090e-01  minρ=5.803e-15  σ=2.583635e+00  Rc=1.842228e+01
 step=   600  E=7.204647944266e+02  Q=1.547000000000e+03  λ=8.933265e-01  maxρ=9.763068e-01  minρ=5.648e-15  σ=2.583630e+00  Rc=1.842228e+01
 step=   900  E=7.020905983630e+02  Q=1.547000000000e+03  λ=8.338543e-01  maxρ=9.693520e-01  minρ=5.428e-15  σ=2.583628e+00  Rc=1.842228e+01
 step=  1200  E=7.090987415791e+02  Q=1.547000000000e+03  λ=9.415779e-01  maxρ=9.662764e-01  minρ=5.186e-15  σ=2.583631e+00  Rc=1.842227e+01
 step=  1500  E=7.279444248743e+02  Q=1.547000000000e+03  λ=1.058388e+00  maxρ=9.714792e-01  minρ=4.953e-15  σ=2.583632e+00  Rc=1.842227e+01
 step=  1800  E=7.375813540764e+02  Q=1.547000000000e+03  λ=1.044367e+00  maxρ=9.745871e-01  minρ=4.741e-15  σ=2.583630e+00  Rc=1.842227e+01
 step=  2100  E=7.319364911583e+02  Q=1.547000000000e+03  λ=9.427746e-01  maxρ=9.696235e-01  minρ=4.406e-15  σ=2.583627e+00  Rc=1.842227e+01
 step=  2400  E=7.219820893579e+02  Q=1.547000000000e+03  λ=8.957551e-01  maxρ=9.598452e-01  minρ=4.003e-15  σ=2.583627e+00  Rc=1.842227e+01
 step=  2700  E=7.195105468234e+02  Q=1.547000000000e+03  λ=9.506746e-01  maxρ=9.651770e-01  minρ=3.707e-15  σ=2.583630e+00  Rc=1.842227e+01
 step=  3000  E=7.243116331778e+02  Q=1.547000000000e+03  λ=1.016839e+00  maxρ=9.772993e-01  minρ=3.219e-15  σ=2.583631e+00  Rc=1.842227e+01
 step=  3300  E=7.279671572123e+02  Q=1.547000000000e+03  λ=1.004471e+00  maxρ=9.798064e-01  minρ=2.493e-15  σ=2.583627e+00  Rc=1.842227e+01
 step=  3600  E=7.257875231782e+02  Q=1.547000000000e+03  λ=9.395833e-01  maxρ=9.725295e-01  minρ=1.357e-15  σ=2.583623e+00  Rc=1.842227e+01
 step=  3900  E=7.212003680440e+02  Q=1.547000000000e+03  λ=9.106786e-01  maxρ=9.724507e-01  minρ=1.000e-15  σ=2.583623e+00  Rc=1.842227e+01
 step=  4200  E=7.195059582118e+02  Q=1.547000000000e+03  λ=9.435602e-01  maxρ=9.690683e-01  minρ=1.000e-15  σ=2.583626e+00  Rc=1.842226e+01
 step=  4500  E=7.211454698952e+02  Q=1.547000000000e+03  λ=9.792123e-01  maxρ=9.669127e-01  minρ=1.000e-15  σ=2.583627e+00  Rc=1.842226e+01
 step=  4800  E=7.226072526653e+02  Q=1.547000000000e+03  λ=9.666042e-01  maxρ=9.708662e-01  minρ=1.000e-15  σ=2.583623e+00  Rc=1.842226e+01
 step=  5100  E=7.217903051053e+02  Q=1.547000000000e+03  λ=9.286930e-01  maxρ=9.718949e-01  minρ=1.000e-15  σ=2.583618e+00  Rc=1.842226e+01
 step=  5400  E=7.200552766521e+02  Q=1.547000000000e+03  λ=9.185569e-01  maxρ=9.707459e-01  minρ=1.000e-15  σ=2.583617e+00  Rc=1.842226e+01
 step=  5700  E=7.193849682825e+02  Q=1.547000000000e+03  λ=9.427483e-01  maxρ=9.674261e-01  minρ=1.000e-15  σ=2.583618e+00  Rc=1.842226e+01
 step=  6000  E=7.196652516733e+02  Q=1.547000000000e+03  λ=9.603012e-01  maxρ=9.652537e-01  minρ=1.000e-15  σ=2.583619e+00  Rc=1.842225e+01
 >>> No runaway detected in this horizon. Likely stable (within this model & box).

STABILITY: PASS
