
=== Aggressive relaxation to Q = 435 ===
Initial: E=3.649774853519e+02, Q=4.350000000000e+02, dt=1.000e-04
 step=     1  E=3.649719895050e+02  Q=4.350000000000e+02  λ=1.585673e+00  dt=1.000e-04  relΔE=1.506e-05  ||F||=3.559e-01
 step=   500  E=3.584969173831e+02  Q=4.350000000000e+02  λ=1.553697e+00  dt=6.192e-04  relΔE=6.547e-05  ||F||=3.238e-01
 step=  1000  E=3.423006023257e+02  Q=4.350000000000e+02  λ=1.475871e+00  dt=9.584e-04  relΔE=6.610e-05  ||F||=2.554e-01
 step=  1500  E=3.312306979984e+02  Q=4.350000000000e+02  λ=1.424727e+00  dt=1.236e-03  relΔE=6.556e-05  ||F||=2.203e-01
 step=  2000  E=3.222358482211e+02  Q=4.350000000000e+02  λ=1.384274e+00  dt=9.569e-04  relΔE=4.219e-05  ||F||=1.981e-01
 step=  2500  E=3.147889598934e+02  Q=4.350000000000e+02  λ=1.351434e+00  dt=7.406e-04  relΔE=2.907e-05  ||F||=1.848e-01
 step=  3000  E=3.085960750225e+02  Q=4.350000000000e+02  λ=1.324513e+00  dt=1.146e-03  relΔE=3.926e-05  ||F||=1.708e-01
 step=  3500  E=3.030283000521e+02  Q=4.350000000000e+02  λ=1.300521e+00  dt=8.873e-04  relΔE=2.742e-05  ||F||=1.608e-01
 step=  4000  E=2.979761904591e+02  Q=4.350000000000e+02  λ=1.278958e+00  dt=1.373e-03  relΔE=3.841e-05  ||F||=1.662e-01
 step=  4500  E=2.936637748586e+02  Q=4.350000000000e+02  λ=1.260646e+00  dt=1.063e-03  relΔE=2.725e-05  ||F||=1.441e-01
 step=  5000  E=2.896009104927e+02  Q=4.350000000000e+02  λ=1.243501e+00  dt=8.227e-04  relΔE=1.938e-05  ||F||=1.372e-01
 step=  5500  E=2.859755922289e+02  Q=4.350000000000e+02  λ=1.228303e+00  dt=1.274e-03  relΔE=2.752e-05  ||F||=1.306e-01
 step=  6000  E=2.827058490722e+02  Q=4.350000000000e+02  λ=1.214646e+00  dt=9.857e-04  relΔE=1.969e-05  ||F||=1.248e-01
 step=  6500  E=2.796231142393e+02  Q=4.350000000000e+02  λ=1.201832e+00  dt=7.629e-04  relΔE=1.438e-05  ||F||=1.206e-01
 step=  7000  E=2.768869220558e+02  Q=4.350000000000e+02  λ=1.190522e+00  dt=1.181e-03  relΔE=2.031e-05  ||F||=1.146e-01
 step=  7500  E=2.743315929429e+02  Q=4.350000000000e+02  λ=1.179992e+00  dt=9.140e-04  relΔE=1.467e-05  ||F||=1.102e-01
 step=  8000  E=2.718937262508e+02  Q=4.350000000000e+02  λ=1.170109e+00  dt=1.415e-03  relΔE=1.806e-05  ||F||=5.030e-01
 step=  8500  E=2.697531818935e+02  Q=4.350000000000e+02  λ=1.161255e+00  dt=1.095e-03  relΔE=1.545e-05  ||F||=1.025e-01
 step=  9000  E=2.676759315763e+02  Q=4.350000000000e+02  λ=1.152804e+00  dt=8.475e-04  relΔE=1.127e-05  ||F||=9.912e-02
 step=  9500  E=2.657311778175e+02  Q=4.350000000000e+02  λ=1.144935e+00  dt=1.312e-03  relΔE=1.649e-05  ||F||=9.605e-02
 step= 10000  E=2.639414787701e+02  Q=4.350000000000e+02  λ=1.137715e+00  dt=1.015e-03  relΔE=1.214e-05  ||F||=9.330e-02
 step= 10500  E=2.621974768470e+02  Q=4.350000000000e+02  λ=1.130712e+00  dt=7.858e-04  relΔE=9.011e-06  ||F||=9.109e-02
 step= 11000  E=2.605761495577e+02  Q=4.350000000000e+02  λ=1.124236e+00  dt=1.216e-03  relΔE=1.328e-05  ||F||=8.859e-02
 step= 11500  E=2.590304240742e+02  Q=4.350000000000e+02  λ=1.118081e+00  dt=9.414e-04  relΔE=9.888e-06  ||F||=8.664e-02
 step= 12000  E=2.575011255757e+02  Q=4.350000000000e+02  λ=1.112018e+00  dt=7.286e-04  relΔE=7.909e-06  ||F||=8.792e-02
 step= 12500  E=2.561010419443e+02  Q=4.350000000000e+02  λ=1.106491e+00  dt=1.128e-03  relΔE=1.109e-05  ||F||=8.336e-02
 step= 13000  E=2.547071186508e+02  Q=4.350000000000e+02  λ=1.101001e+00  dt=8.730e-04  relΔE=8.365e-06  ||F||=8.206e-02
 step= 13500  E=2.533377364799e+02  Q=4.350000000000e+02  λ=1.095629e+00  dt=1.351e-03  relΔE=1.265e-05  ||F||=8.167e-02
 step= 14000  E=2.520523694204e+02  Q=4.350000000000e+02  λ=1.090589e+00  dt=1.046e-03  relΔE=9.613e-06  ||F||=7.995e-02
 step= 14500  E=2.507513200396e+02  Q=4.350000000000e+02  λ=1.085492e+00  dt=8.095e-04  relΔE=7.355e-06  ||F||=7.929e-02
 step= 15000  E=2.494914134176e+02  Q=4.350000000000e+02  λ=1.080561e+00  dt=1.253e-03  relΔE=1.122e-05  ||F||=7.851e-02
 step= 15500  E=2.482620006539e+02  Q=4.350000000000e+02  λ=1.075735e+00  dt=9.698e-04  relΔE=8.617e-06  ||F||=7.802e-02
 step= 16000  E=2.470064774722e+02  Q=4.350000000000e+02  λ=1.070791e+00  dt=7.506e-04  relΔE=6.779e-06  ||F||=7.847e-02
 step= 16500  E=2.458086960140e+02  Q=4.350000000000e+02  λ=1.066057e+00  dt=1.162e-03  relΔE=1.025e-05  ||F||=7.734e-02
 step= 17000  E=2.445980033143e+02  Q=4.350000000000e+02  λ=1.061236e+00  dt=8.992e-04  relΔE=7.933e-06  ||F||=7.716e-02
 step= 17500  E=2.433602792349e+02  Q=4.350000000000e+02  λ=1.056277e+00  dt=1.392e-03  relΔE=1.218e-05  ||F||=1.206e-01
 step= 18000  E=2.421923475064e+02  Q=4.350000000000e+02  λ=1.051538e+00  dt=1.077e-03  relΔE=9.538e-06  ||F||=7.692e-02
 step= 18500  E=2.409765296986e+02  Q=4.350000000000e+02  λ=1.046553e+00  dt=8.338e-04  relΔE=7.415e-06  ||F||=7.689e-02
 step= 19000  E=2.397759321856e+02  Q=4.350000000000e+02  λ=1.041573e+00  dt=1.291e-03  relΔE=1.149e-05  ||F||=7.675e-02
 step= 19500  E=2.385956373977e+02  Q=4.350000000000e+02  λ=1.036600e+00  dt=9.989e-04  relΔE=8.909e-06  ||F||=7.662e-02
 step= 20000  E=2.373837103384e+02  Q=4.350000000000e+02  λ=1.031413e+00  dt=7.731e-04  relΔE=6.988e-06  ||F||=7.695e-02
 step= 20500  E=2.362152390283e+02  Q=4.350000000000e+02  λ=1.026334e+00  dt=1.197e-03  relΔE=1.064e-05  ||F||=7.612e-02
 step= 21000  E=2.350492105666e+02  Q=4.350000000000e+02  λ=1.021170e+00  dt=9.263e-04  relΔE=8.186e-06  ||F||=7.570e-02
 step= 21500  E=2.338623181237e+02  Q=4.350000000000e+02  λ=1.015820e+00  dt=7.169e-04  relΔE=8.078e-06  ||F||=1.121e-01
 step= 22000  E=2.327607542313e+02  Q=4.350000000000e+02  λ=1.010755e+00  dt=1.110e-03  relΔE=9.546e-06  ||F||=7.432e-02
 step= 22500  E=2.316565275243e+02  Q=4.350000000000e+02  λ=1.005577e+00  dt=7.157e-04  relΔE=6.038e-06  ||F||=7.343e-02
 step= 23000  E=2.305847883821e+02  Q=4.350000000000e+02  λ=1.000456e+00  dt=1.108e-03  relΔE=9.058e-06  ||F||=7.212e-02
 step= 23500  E=2.295338931884e+02  Q=4.350000000000e+02  λ=9.953249e-01  dt=8.575e-04  relΔE=6.762e-06  ||F||=7.067e-02
 step= 24000  E=2.285339961311e+02  Q=4.350000000000e+02  λ=9.903455e-01  dt=1.327e-03  relΔE=9.993e-06  ||F||=6.907e-02
 step= 24500  E=2.276125470014e+02  Q=4.350000000000e+02  λ=9.856527e-01  dt=1.027e-03  relΔE=7.338e-06  ||F||=6.697e-02
 step= 25000  E=2.267175967408e+02  Q=4.350000000000e+02  λ=9.809967e-01  dt=7.951e-04  relΔE=5.362e-06  ||F||=6.495e-02
 step= 25500  E=2.258990954751e+02  Q=4.350000000000e+02  λ=9.766489e-01  dt=1.231e-03  relΔE=7.678e-06  ||F||=6.235e-02
 step= 26000  E=2.251496323093e+02  Q=4.350000000000e+02  λ=9.725729e-01  dt=9.526e-04  relΔE=5.483e-06  ||F||=5.979e-02
 step= 26500  E=2.244392088793e+02  Q=4.350000000000e+02  λ=9.686188e-01  dt=7.373e-04  relΔE=4.065e-06  ||F||=5.847e-02
 step= 27000  E=2.238246411145e+02  Q=4.350000000000e+02  λ=9.651198e-01  dt=1.141e-03  relΔE=5.422e-06  ||F||=5.416e-02
 step= 27500  E=2.232602938487e+02  Q=4.350000000000e+02  λ=9.618228e-01  dt=8.833e-04  relΔE=3.763e-06  ||F||=5.123e-02
 step= 28000  E=2.227479081632e+02  Q=4.350000000000e+02  λ=9.587540e-01  dt=1.367e-03  relΔE=5.157e-06  ||F||=5.007e-02
 step= 28500  E=2.223160203742e+02  Q=4.350000000000e+02  λ=9.560922e-01  dt=1.058e-03  relΔE=3.528e-06  ||F||=4.522e-02
 step= 29000  E=2.219222116955e+02  Q=4.350000000000e+02  λ=9.535953e-01  dt=8.190e-04  relΔE=2.388e-06  ||F||=4.224e-02
 step= 29500  E=2.215854194554e+02  Q=4.350000000000e+02  λ=9.513963e-01  dt=1.268e-03  relΔE=3.199e-06  ||F||=3.927e-02
 step= 30000  E=2.212970652338e+02  Q=4.350000000000e+02  λ=9.494494e-01  dt=9.812e-04  relΔE=2.136e-06  ||F||=3.645e-02
 step= 30500  E=2.210427292152e+02  Q=4.350000000000e+02  λ=9.476720e-01  dt=7.594e-04  relΔE=1.439e-06  ||F||=3.400e-02
 step= 31000  E=2.208331316611e+02  Q=4.350000000000e+02  λ=9.461543e-01  dt=1.176e-03  relΔE=1.862e-06  ||F||=3.106e-02
 step= 31500  E=2.206528031778e+02  Q=4.350000000000e+02  λ=9.447950e-01  dt=9.098e-04  relΔE=1.221e-06  ||F||=2.858e-02
 step= 32000  E=2.204965580412e+02  Q=4.350000000000e+02  λ=9.435703e-01  dt=1.408e-03  relΔE=1.478e-06  ||F||=8.400e-02
 step= 32500  E=2.203725779812e+02  Q=4.350000000000e+02  λ=9.425481e-01  dt=1.090e-03  relΔE=1.034e-06  ||F||=2.401e-02
 step= 33000  E=2.202643532669e+02  Q=4.350000000000e+02  λ=9.416153e-01  dt=8.436e-04  relΔE=6.681e-07  ||F||=2.193e-02
 step= 33500  E=2.201745941961e+02  Q=4.350000000000e+02  λ=9.408023e-01  dt=1.306e-03  relΔE=8.598e-07  ||F||=1.999e-02
 step= 34000  E=2.201014530691e+02  Q=4.350000000000e+02  λ=9.401024e-01  dt=1.011e-03  relΔE=5.543e-07  ||F||=1.824e-02
 step= 34500  E=2.200388132300e+02  Q=4.350000000000e+02  λ=9.394681e-01  dt=7.823e-04  relΔE=3.584e-07  ||F||=1.667e-02
 step= 35000  E=2.199883359232e+02  Q=4.350000000000e+02  λ=9.389260e-01  dt=1.211e-03  relΔE=4.545e-07  ||F||=1.508e-02
 step= 35500  E=2.199465034162e+02  Q=4.350000000000e+02  λ=9.384472e-01  dt=9.372e-04  relΔE=2.909e-07  ||F||=1.372e-02
 step= 36000  E=2.199108803672e+02  Q=4.350000000000e+02  λ=9.380113e-01  dt=7.254e-04  relΔE=2.077e-07  ||F||=1.320e-02
 step= 36500  E=2.198830288995e+02  Q=4.350000000000e+02  λ=9.376472e-01  dt=1.123e-03  relΔE=2.369e-07  ||F||=1.130e-02
 step= 37000  E=2.198592724020e+02  Q=4.350000000000e+02  λ=9.373132e-01  dt=8.690e-04  relΔE=1.510e-07  ||F||=1.025e-02
 step= 37500  E=2.198395842744e+02  Q=4.350000000000e+02  λ=9.370154e-01  dt=1.345e-03  relΔE=1.917e-07  ||F||=9.372e-03
 step= 38000  E=2.198239206389e+02  Q=4.350000000000e+02  λ=9.367595e-01  dt=1.041e-03  relΔE=1.226e-07  ||F||=8.441e-03
 step= 38500  E=2.198105870107e+02  Q=4.350000000000e+02  λ=9.365240e-01  dt=8.058e-04  relΔE=7.826e-08  ||F||=7.663e-03
 step= 39000  E=2.197997530952e+02  Q=4.350000000000e+02  λ=9.363169e-01  dt=1.247e-03  relΔE=9.954e-08  ||F||=6.945e-03
 step= 39500  E=2.197909090990e+02  Q=4.350000000000e+02  λ=9.361334e-01  dt=9.654e-04  relΔE=6.370e-08  ||F||=6.313e-03
 step= 40000  E=2.197833704687e+02  Q=4.350000000000e+02  λ=9.359634e-01  dt=7.472e-04  relΔE=4.191e-08  ||F||=5.822e-03
 step= 40500  E=2.197773840887e+02  Q=4.350000000000e+02  λ=9.358168e-01  dt=1.157e-03  relΔE=5.205e-08  ||F||=5.211e-03
 step= 41000  E=2.197723477527e+02  Q=4.350000000000e+02  λ=9.356825e-01  dt=8.952e-04  relΔE=3.338e-08  ||F||=4.742e-03
 step= 41500  E=2.197680654333e+02  Q=4.350000000000e+02  λ=9.355583e-01  dt=1.386e-03  relΔE=4.251e-08  ||F||=5.228e-03
 step= 42000  E=2.197646965798e+02  Q=4.350000000000e+02  λ=9.354517e-01  dt=1.072e-03  relΔE=2.755e-08  ||F||=3.933e-03
 step= 42500  E=2.197617706501e+02  Q=4.350000000000e+02  λ=9.353511e-01  dt=8.300e-04  relΔE=1.774e-08  ||F||=3.585e-03
 step= 43000  E=2.197593693347e+02  Q=4.350000000000e+02  λ=9.352612e-01  dt=1.285e-03  relΔE=2.284e-08  ||F||=3.269e-03
 step= 43500  E=2.197573855049e+02  Q=4.350000000000e+02  λ=9.351803e-01  dt=9.944e-04  relΔE=1.480e-08  ||F||=2.989e-03
 step= 44000  E=2.197556768073e+02  Q=4.350000000000e+02  λ=9.351045e-01  dt=7.697e-04  relΔE=9.744e-09  ||F||=2.756e-03
 step= 44500  E=2.197542908079e+02  Q=4.350000000000e+02  λ=9.350378e-01  dt=1.191e-03  relΔE=1.244e-08  ||F||=2.501e-03
 step= 45000  E=2.197531017827e+02  Q=4.350000000000e+02  λ=9.349755e-01  dt=7.684e-04  relΔE=6.847e-09  ||F||=2.309e-03
 step= 45500  E=2.197521207513e+02  Q=4.350000000000e+02  λ=9.349199e-01  dt=1.189e-03  relΔE=8.816e-09  ||F||=2.104e-03
 step= 46000  E=2.197512828849e+02  Q=4.350000000000e+02  λ=9.348684e-01  dt=9.206e-04  relΔE=5.768e-09  ||F||=1.933e-03
 step= 46500  E=2.197505558794e+02  Q=4.350000000000e+02  λ=9.348200e-01  dt=1.425e-03  relΔE=2.157e-09  ||F||=1.756e-02
 step= 47000  E=2.197499709481e+02  Q=4.350000000000e+02  λ=9.347780e-01  dt=1.103e-03  relΔE=4.965e-09  ||F||=1.635e-03
 step= 47500  E=2.197494550743e+02  Q=4.350000000000e+02  λ=9.347380e-01  dt=8.536e-04  relΔE=3.266e-09  ||F||=1.506e-03
 step= 48000  E=2.197490166216e+02  Q=4.350000000000e+02  λ=9.347014e-01  dt=1.321e-03  relΔE=4.299e-09  ||F||=1.389e-03
 step= 48500  E=2.197486516476e+02  Q=4.350000000000e+02  λ=9.346685e-01  dt=1.023e-03  relΔE=2.849e-09  ||F||=1.283e-03
 step= 49000  E=2.197483297677e+02  Q=4.350000000000e+02  λ=9.346373e-01  dt=7.915e-04  relΔE=1.895e-09  ||F||=1.188e-03
 step= 49500  E=2.197480594032e+02  Q=4.350000000000e+02  λ=9.346092e-01  dt=1.225e-03  relΔE=2.501e-09  ||F||=1.095e-03
 step= 50000  E=2.197478284784e+02  Q=4.350000000000e+02  λ=9.345834e-01  dt=9.483e-04  relΔE=1.666e-09  ||F||=1.015e-03
 step= 50500  E=2.197476230245e+02  Q=4.350000000000e+02  λ=9.345588e-01  dt=7.339e-04  relΔE=1.163e-09  ||F||=9.638e-04
 step= 51000  E=2.197474545061e+02  Q=4.350000000000e+02  λ=9.345372e-01  dt=1.136e-03  relΔE=1.480e-09  ||F||=8.712e-04
 step= 51500  E=2.197473047479e+02  Q=4.350000000000e+02  λ=9.345167e-01  dt=8.793e-04  relΔE=9.897e-10  ||F||=8.084e-04
 step= 52000  E=2.197471736631e+02  Q=4.350000000000e+02  λ=9.344975e-01  dt=1.361e-03  relΔE=1.320e-09  ||F||=7.773e-04
 step= 52500  E=2.197470649724e+02  Q=4.350000000000e+02  λ=9.344805e-01  dt=1.053e-03  relΔE=8.885e-10  ||F||=6.973e-04
 step= 53000  E=2.197469668939e+02  Q=4.350000000000e+02  λ=9.344642e-01  dt=8.153e-04  relΔE=5.970e-10  ||F||=6.485e-04
 step= 53500  E=2.197468831300e+02  Q=4.350000000000e+02  λ=9.344494e-01  dt=1.262e-03  relΔE=8.007e-10  ||F||=6.024e-04
 step= 54000  E=2.197468110003e+02  Q=4.350000000000e+02  λ=9.344357e-01  dt=9.768e-04  relΔE=5.399e-10  ||F||=5.611e-04
 step= 54500  E=2.197467462543e+02  Q=4.350000000000e+02  λ=9.344227e-01  dt=7.560e-04  relΔE=3.707e-10  ||F||=5.278e-04
 step= 55000  E=2.197466918593e+02  Q=4.350000000000e+02  λ=9.344111e-01  dt=1.170e-03  relΔE=4.908e-10  ||F||=4.864e-04
 step= 55500  E=2.197466437331e+02  Q=4.350000000000e+02  λ=9.344002e-01  dt=9.057e-04  relΔE=3.318e-10  ||F||=4.535e-04
 step= 56000  E=2.197466004725e+02  Q=4.350000000000e+02  λ=9.343898e-01  dt=1.402e-03  relΔE=4.315e-10  ||F||=1.084e-03
 step= 56500  E=2.197465647667e+02  Q=4.350000000000e+02  λ=9.343807e-01  dt=1.085e-03  relΔE=3.039e-10  ||F||=3.942e-04
 step= 57000  E=2.197465321336e+02  Q=4.350000000000e+02  λ=9.343719e-01  dt=8.398e-04  relΔE=2.060e-10  ||F||=3.679e-04
 step= 57500  E=2.197465038164e+02  Q=4.350000000000e+02  λ=9.343638e-01  dt=1.300e-03  relΔE=2.788e-10  ||F||=3.429e-04
 step= 58000  E=2.197464794145e+02  Q=4.350000000000e+02  λ=9.343564e-01  dt=1.006e-03  relΔE=1.896e-10  ||F||=3.203e-04
 step= 58500  E=2.197464573121e+02  Q=4.350000000000e+02  λ=9.343493e-01  dt=7.787e-04  relΔE=1.299e-10  ||F||=3.004e-04
 step= 59000  E=2.197464384237e+02  Q=4.350000000000e+02  λ=9.343428e-01  dt=1.205e-03  relΔE=1.751e-10  ||F||=2.791e-04
 step= 59500  E=2.197464217574e+02  Q=4.350000000000e+02  λ=9.343369e-01  dt=9.330e-04  relΔE=1.193e-10  ||F||=2.609e-04
 step= 60000  E=2.197464066145e+02  Q=4.350000000000e+02  λ=9.343311e-01  dt=7.221e-04  relΔE=9.164e-11  ||F||=2.620e-04
 step= 60500  E=2.197463939807e+02  Q=4.350000000000e+02  λ=9.343261e-01  dt=1.118e-03  relΔE=1.109e-10  ||F||=2.277e-04
 step= 61000  E=2.197463824322e+02  Q=4.350000000000e+02  λ=9.343212e-01  dt=8.651e-04  relΔE=7.569e-11  ||F||=2.129e-04
 step= 61500  E=2.197463722118e+02  Q=4.350000000000e+02  λ=9.343166e-01  dt=1.339e-03  relΔE=1.031e-10  ||F||=2.008e-04
 step= 62000  E=2.197463634903e+02  Q=4.350000000000e+02  λ=9.343125e-01  dt=1.036e-03  relΔE=7.065e-11  ||F||=1.860e-04
 step= 62500  E=2.197463554990e+02  Q=4.350000000000e+02  λ=9.343086e-01  dt=8.022e-04  relΔE=4.844e-11  ||F||=1.742e-04
 step= 63000  E=2.197463485547e+02  Q=4.350000000000e+02  λ=9.343049e-01  dt=1.242e-03  relΔE=6.608e-11  ||F||=1.625e-04
 step= 63500  E=2.197463424561e+02  Q=4.350000000000e+02  λ=9.343016e-01  dt=9.610e-04  relΔE=4.535e-11  ||F||=1.520e-04
 step= 64000  E=2.197463368835e+02  Q=4.350000000000e+02  λ=9.342984e-01  dt=7.438e-04  relΔE=3.205e-11  ||F||=1.450e-04
 step= 64500  E=2.197463321401e+02  Q=4.350000000000e+02  λ=9.342955e-01  dt=1.151e-03  relΔE=4.268e-11  ||F||=1.330e-04
 step= 65000  E=2.197463278456e+02  Q=4.350000000000e+02  λ=9.342928e-01  dt=8.911e-04  relΔE=2.934e-11  ||F||=1.244e-04
 step= 65500  E=2.197463239456e+02  Q=4.350000000000e+02  λ=9.342902e-01  dt=1.379e-03  relΔE=4.012e-11  ||F||=1.416e-04
 step= 66000  E=2.197463206690e+02  Q=4.350000000000e+02  λ=9.342879e-01  dt=8.897e-04  relΔE=2.315e-11  ||F||=1.089e-04
 step= 66500  E=2.197463175867e+02  Q=4.350000000000e+02  λ=9.342856e-01  dt=1.377e-03  relΔE=3.172e-11  ||F||=1.322e-04
 step= 67000  E=2.197463149817e+02  Q=4.350000000000e+02  λ=9.342836e-01  dt=1.066e-03  relΔE=2.200e-11  ||F||=9.537e-05
 step= 67500  E=2.197463125472e+02  Q=4.350000000000e+02  λ=9.342816e-01  dt=8.250e-04  relΔE=1.520e-11  ||F||=8.930e-05
 step= 68000  E=2.197463104157e+02  Q=4.350000000000e+02  λ=9.342798e-01  dt=1.277e-03  relΔE=2.094e-11  ||F||=8.341e-05
 step= 68500  E=2.197463085265e+02  Q=4.350000000000e+02  λ=9.342782e-01  dt=9.883e-04  relΔE=1.450e-11  ||F||=7.810e-05
 step= 69000  E=2.197463067904e+02  Q=4.350000000000e+02  λ=9.342766e-01  dt=7.649e-04  relΔE=1.017e-11  ||F||=7.386e-05
 step= 69500  E=2.197463052884e+02  Q=4.350000000000e+02  λ=9.342751e-01  dt=1.184e-03  relΔE=1.389e-11  ||F||=6.837e-05
 step= 70000  E=2.197463039291e+02  Q=4.350000000000e+02  λ=9.342738e-01  dt=9.164e-04  relΔE=9.643e-12  ||F||=6.401e-05
 step= 70500  E=2.197463026719e+02  Q=4.350000000000e+02  λ=9.342725e-01  dt=1.419e-03  relΔE=9.585e-12  ||F||=5.005e-04
 step= 71000  E=2.197463016070e+02  Q=4.350000000000e+02  λ=9.342713e-01  dt=1.098e-03  relΔE=9.304e-12  ||F||=5.606e-05
 step= 71500  E=2.197463006118e+02  Q=4.350000000000e+02  λ=9.342702e-01  dt=8.498e-04  relΔE=6.474e-12  ||F||=5.248e-05
 step= 72000  E=2.197462997178e+02  Q=4.350000000000e+02  λ=9.342691e-01  dt=1.315e-03  relΔE=9.001e-12  ||F||=4.912e-05
 step= 72500  E=2.197462989337e+02  Q=4.350000000000e+02  λ=9.342682e-01  dt=1.018e-03  relΔE=6.288e-12  ||F||=4.596e-05
 step= 73000  E=2.197462982026e+02  Q=4.350000000000e+02  λ=9.342673e-01  dt=7.879e-04  relΔE=4.419e-12  ||F||=4.331e-05
 step= 73500  E=2.197462975572e+02  Q=4.350000000000e+02  λ=9.342664e-01  dt=1.220e-03  relΔE=6.128e-12  ||F||=4.024e-05
 step= 74000  E=2.197462969765e+02  Q=4.350000000000e+02  λ=9.342657e-01  dt=9.440e-04  relΔE=4.292e-12  ||F||=3.770e-05
 step= 74500  E=2.197462964336e+02  Q=4.350000000000e+02  λ=9.342649e-01  dt=7.306e-04  relΔE=3.176e-12  ||F||=3.732e-05
 step= 75000  E=2.197462959648e+02  Q=4.350000000000e+02  λ=9.342642e-01  dt=1.131e-03  relΔE=4.213e-12  ||F||=3.302e-05
 step= 75500  E=2.197462955280e+02  Q=4.350000000000e+02  λ=9.342636e-01  dt=8.753e-04  relΔE=2.960e-12  ||F||=3.094e-05
 step= 76000  E=2.197462951265e+02  Q=4.350000000000e+02  λ=9.342630e-01  dt=1.355e-03  relΔE=4.147e-12  ||F||=3.002e-05
 step= 76500  E=2.197462947767e+02  Q=4.350000000000e+02  λ=9.342624e-01  dt=1.049e-03  relΔE=2.924e-12  ||F||=2.709e-05
 step= 77000  E=2.197462944457e+02  Q=4.350000000000e+02  λ=9.342619e-01  dt=8.116e-04  relΔE=2.066e-12  ||F||=2.547e-05
 step= 77500  E=2.197462941496e+02  Q=4.350000000000e+02  λ=9.342614e-01  dt=1.256e-03  relΔE=2.900e-12  ||F||=2.372e-05
 step= 78000  E=2.197462938823e+02  Q=4.350000000000e+02  λ=9.342609e-01  dt=9.724e-04  relΔE=2.049e-12  ||F||=2.223e-05
 step= 78500  E=2.197462936308e+02  Q=4.350000000000e+02  λ=9.342605e-01  dt=7.526e-04  relΔE=1.481e-12  ||F||=2.149e-05
 step= 79000  E=2.197462934093e+02  Q=4.350000000000e+02  λ=9.342601e-01  dt=1.165e-03  relΔE=2.046e-12  ||F||=1.947e-05
 step= 79500  E=2.197462932041e+02  Q=4.350000000000e+02  λ=9.342597e-01  dt=9.017e-04  relΔE=1.449e-12  ||F||=1.824e-05
 step= 80000  E=2.197462930107e+02  Q=4.350000000000e+02  λ=9.342594e-01  dt=1.396e-03  relΔE=1.970e-12  ||F||=8.054e-05
 step= 80500  E=2.197462928434e+02  Q=4.350000000000e+02  λ=9.342591e-01  dt=1.080e-03  relΔE=1.456e-12  ||F||=1.598e-05
 step= 81000  E=2.197462926836e+02  Q=4.350000000000e+02  λ=9.342587e-01  dt=8.361e-04  relΔE=1.035e-12  ||F||=1.500e-05
 step= 81500  E=2.197462925380e+02  Q=4.350000000000e+02  λ=9.342585e-01  dt=1.294e-03  relΔE=1.467e-12  ||F||=1.400e-05
 step= 82000  E=2.197462924066e+02  Q=4.350000000000e+02  λ=9.342582e-01  dt=1.002e-03  relΔE=1.046e-12  ||F||=1.311e-05
 step= 82500  E=2.197462922821e+02  Q=4.350000000000e+02  λ=9.342579e-01  dt=7.752e-04  relΔE=7.529e-13  ||F||=1.258e-05
 step= 83000  E=2.197462921705e+02  Q=4.350000000000e+02  λ=9.342577e-01  dt=1.200e-03  relΔE=1.059e-12  ||F||=1.149e-05
 step= 83500  E=2.197462920675e+02  Q=4.350000000000e+02  λ=9.342575e-01  dt=9.288e-04  relΔE=7.560e-13  ||F||=1.077e-05
 step= 84000  E=2.197462919694e+02  Q=4.350000000000e+02  λ=9.342573e-01  dt=7.188e-04  relΔE=5.941e-13  ||F||=1.226e-05
 step= 84500  E=2.197462918836e+02  Q=4.350000000000e+02  λ=9.342571e-01  dt=1.113e-03  relΔE=7.703e-13  ||F||=9.432e-06
 step= 85000  E=2.197462918017e+02  Q=4.350000000000e+02  λ=9.342569e-01  dt=8.612e-04  relΔE=5.510e-13  ||F||=8.870e-06
 step= 85500  E=2.197462917256e+02  Q=4.350000000000e+02  λ=9.342567e-01  dt=1.333e-03  relΔE=7.864e-13  ||F||=8.642e-06
 step= 86000  E=2.197462916576e+02  Q=4.350000000000e+02  λ=9.342566e-01  dt=1.032e-03  relΔE=5.633e-13  ||F||=7.744e-06
 step= 86500  E=2.197462915925e+02  Q=4.350000000000e+02  λ=9.342564e-01  dt=7.986e-04  relΔE=4.053e-13  ||F||=7.346e-06
 step= 87000  E=2.197462915332e+02  Q=4.350000000000e+02  λ=9.342563e-01  dt=1.236e-03  relΔE=5.780e-13  ||F||=6.783e-06
 step= 87500  E=2.197462914787e+02  Q=4.350000000000e+02  λ=9.342562e-01  dt=9.567e-04  relΔE=4.149e-13  ||F||=6.359e-06
 step= 88000  E=2.197462914266e+02  Q=4.350000000000e+02  λ=9.342560e-01  dt=7.405e-04  relΔE=3.063e-13  ||F||=6.545e-06
 step= 88500  E=2.197462913803e+02  Q=4.350000000000e+02  λ=9.342559e-01  dt=1.146e-03  relΔE=4.268e-13  ||F||=5.572e-06
 step= 89000  E=2.197462913364e+02  Q=4.350000000000e+02  λ=9.342558e-01  dt=8.871e-04  relΔE=3.071e-13  ||F||=5.231e-06
 step= 89500  E=2.197462912947e+02  Q=4.350000000000e+02  λ=9.342557e-01  dt=1.373e-03  relΔE=4.390e-13  ||F||=1.255e-05
 step= 90000  E=2.197462912580e+02  Q=4.350000000000e+02  λ=9.342556e-01  dt=1.063e-03  relΔE=3.170e-13  ||F||=4.576e-06
 step= 90500  E=2.197462912224e+02  Q=4.350000000000e+02  λ=9.342555e-01  dt=8.226e-04  relΔE=2.288e-13  ||F||=4.339e-06
 step= 91000  E=2.197462911897e+02  Q=4.350000000000e+02  λ=9.342555e-01  dt=1.273e-03  relΔE=3.280e-13  ||F||=4.009e-06
 step= 91500  E=2.197462911597e+02  Q=4.350000000000e+02  λ=9.342554e-01  dt=9.855e-04  relΔE=2.366e-13  ||F||=3.760e-06
 step= 92000  E=2.197462911309e+02  Q=4.350000000000e+02  λ=9.342553e-01  dt=7.627e-04  relΔE=1.736e-13  ||F||=3.934e-06
 step= 92500  E=2.197462911050e+02  Q=4.350000000000e+02  λ=9.342552e-01  dt=1.181e-03  relΔE=2.443e-13  ||F||=3.293e-06
 step= 93000  E=2.197462910806e+02  Q=4.350000000000e+02  λ=9.342552e-01  dt=9.138e-04  relΔE=1.765e-13  ||F||=3.090e-06
 step= 93500  E=2.197462910574e+02  Q=4.350000000000e+02  λ=9.342551e-01  dt=1.414e-03  relΔE=9.054e-16  ||F||=1.406e-04
 step= 94000  E=2.197462910367e+02  Q=4.350000000000e+02  λ=9.342551e-01  dt=1.095e-03  relΔE=1.839e-13  ||F||=2.705e-06
 step= 94500  E=2.197462910167e+02  Q=4.350000000000e+02  λ=9.342550e-01  dt=8.473e-04  relΔE=1.327e-13  ||F||=2.567e-06
 step= 95000  E=2.197462909981e+02  Q=4.350000000000e+02  λ=9.342550e-01  dt=1.312e-03  relΔE=1.910e-13  ||F||=2.485e-06
 step= 95500  E=2.197462909813e+02  Q=4.350000000000e+02  λ=9.342549e-01  dt=1.015e-03  relΔE=1.380e-13  ||F||=2.223e-06
 step= 96000  E=2.197462909651e+02  Q=4.350000000000e+02  λ=9.342549e-01  dt=7.857e-04  relΔE=1.006e-13  ||F||=2.237e-06
 step= 96500  E=2.197462909502e+02  Q=4.350000000000e+02  λ=9.342548e-01  dt=1.216e-03  relΔE=1.441e-13  ||F||=1.947e-06
 step= 97000  E=2.197462909364e+02  Q=4.350000000000e+02  λ=9.342548e-01  dt=9.413e-04  relΔE=1.041e-13  ||F||=1.828e-06
 step= 97500  E=2.197462909231e+02  Q=4.350000000000e+02  λ=9.342548e-01  dt=7.285e-04  relΔE=7.851e-14  ||F||=2.480e-06
 step= 98000  E=2.197462909112e+02  Q=4.350000000000e+02  λ=9.342547e-01  dt=1.128e-03  relΔE=1.086e-13  ||F||=1.601e-06
 step= 98500  E=2.197462908999e+02  Q=4.350000000000e+02  λ=9.342547e-01  dt=8.728e-04  relΔE=7.916e-14  ||F||=1.516e-06
 step= 99000  E=2.197462908891e+02  Q=4.350000000000e+02  λ=9.342547e-01  dt=1.351e-03  relΔE=1.134e-13  ||F||=2.076e-06
 step= 99500  E=2.197462908794e+02  Q=4.350000000000e+02  λ=9.342547e-01  dt=1.046e-03  relΔE=8.200e-14  ||F||=1.316e-06
 step=100000  E=2.197462908701e+02  Q=4.350000000000e+02  λ=9.342546e-01  dt=8.093e-04  relΔE=5.975e-14  ||F||=1.297e-06
 step=100500  E=2.197462908615e+02  Q=4.350000000000e+02  λ=9.342546e-01  dt=1.253e-03  relΔE=8.614e-14  ||F||=1.153e-06
 step=101000  E=2.197462908535e+02  Q=4.350000000000e+02  λ=9.342546e-01  dt=9.696e-04  relΔE=6.182e-14  ||F||=1.083e-06
 step=101500  E=2.197462908458e+02  Q=4.350000000000e+02  λ=9.342546e-01  dt=7.504e-04  relΔE=4.656e-14  ||F||=1.423e-06
 step=102000  E=2.197462908389e+02  Q=4.350000000000e+02  λ=9.342546e-01  dt=1.162e-03  relΔE=6.493e-14  ||F||=9.477e-07
 step=102500  E=2.197462908323e+02  Q=4.350000000000e+02  λ=9.342545e-01  dt=8.990e-04  relΔE=4.682e-14  ||F||=8.961e-07
 step=103000  E=2.197462908260e+02  Q=4.350000000000e+02  λ=9.342545e-01  dt=1.392e-03  relΔE=6.182e-14  ||F||=2.384e-05
 step=103500  E=2.197462908204e+02  Q=4.350000000000e+02  λ=9.342545e-01  dt=1.077e-03  relΔE=4.941e-14  ||F||=7.792e-07
 step=104000  E=2.197462908150e+02  Q=4.350000000000e+02  λ=9.342545e-01  dt=8.336e-04  relΔE=3.570e-14  ||F||=7.643e-07
 step=104500  E=2.197462908099e+02  Q=4.350000000000e+02  λ=9.342545e-01  dt=1.290e-03  relΔE=5.161e-14  ||F||=6.904e-07
 step=105000  E=2.197462908053e+02  Q=4.350000000000e+02  λ=9.342545e-01  dt=9.987e-04  relΔE=3.777e-14  ||F||=6.409e-07
 step=105500  E=2.197462908008e+02  Q=4.350000000000e+02  λ=9.342544e-01  dt=7.730e-04  relΔE=2.768e-14  ||F||=7.855e-07
 step=106000  E=2.197462907967e+02  Q=4.350000000000e+02  λ=9.342544e-01  dt=1.197e-03  relΔE=3.906e-14  ||F||=5.615e-07
 step=106500  E=2.197462907929e+02  Q=4.350000000000e+02  λ=9.342544e-01  dt=9.261e-04  relΔE=2.871e-14  ||F||=5.285e-07
 step=107000  E=2.197462907892e+02  Q=4.350000000000e+02  λ=9.342544e-01  dt=7.168e-04  relΔE=2.263e-14  ||F||=1.459e-06
 step=107500  E=2.197462907859e+02  Q=4.350000000000e+02  λ=9.342544e-01  dt=1.109e-03  relΔE=2.949e-14  ||F||=4.619e-07
 step=108000  E=2.197462907827e+02  Q=4.350000000000e+02  λ=9.342544e-01  dt=8.587e-04  relΔE=2.160e-14  ||F||=4.507e-07
 step=108500  E=2.197462907797e+02  Q=4.350000000000e+02  λ=9.342544e-01  dt=1.329e-03  relΔE=3.117e-14  ||F||=6.236e-07
 step=109000  E=2.197462907770e+02  Q=4.350000000000e+02  λ=9.342544e-01  dt=1.029e-03  relΔE=2.263e-14  ||F||=3.804e-07
 step=109500  E=2.197462907744e+02  Q=4.350000000000e+02  λ=9.342544e-01  dt=7.962e-04  relΔE=1.656e-14  ||F||=4.345e-07
 step=110000  E=2.197462907720e+02  Q=4.350000000000e+02  λ=9.342544e-01  dt=1.233e-03  relΔE=2.432e-14  ||F||=3.331e-07
 step=110500  E=2.197462907698e+02  Q=4.350000000000e+02  λ=9.342544e-01  dt=9.539e-04  relΔE=1.746e-14  ||F||=3.143e-07
 step=111000  E=2.197462907676e+02  Q=4.350000000000e+02  λ=9.342544e-01  dt=7.383e-04  relΔE=1.280e-14  ||F||=5.678e-07
 step=111500  E=2.197462907656e+02  Q=4.350000000000e+02  λ=9.342544e-01  dt=1.143e-03  relΔE=1.759e-14  ||F||=2.739e-07
 step=112000  E=2.197462907638e+02  Q=4.350000000000e+02  λ=9.342543e-01  dt=8.845e-04  relΔE=1.306e-14  ||F||=2.626e-07
 step=112500  E=2.197462907620e+02  Q=4.350000000000e+02  λ=9.342543e-01  dt=1.369e-03  relΔE=1.927e-14  ||F||=2.878e-06
 step=113000  E=2.197462907604e+02  Q=4.350000000000e+02  λ=9.342543e-01  dt=1.060e-03  relΔE=1.384e-14  ||F||=2.255e-07
 step=113500  E=2.197462907589e+02  Q=4.350000000000e+02  λ=9.342543e-01  dt=8.202e-04  relΔE=1.022e-14  ||F||=2.583e-07
 step=114000  E=2.197462907574e+02  Q=4.350000000000e+02  λ=9.342543e-01  dt=1.270e-03  relΔE=1.410e-14  ||F||=1.978e-07
 step=114500  E=2.197462907561e+02  Q=4.350000000000e+02  λ=9.342543e-01  dt=9.826e-04  relΔE=1.099e-14  ||F||=1.860e-07
 step=115000  E=2.197462907548e+02  Q=4.350000000000e+02  λ=9.342543e-01  dt=7.605e-04  relΔE=7.502e-15  ||F||=3.518e-07
 step=115500  E=2.197462907537e+02  Q=4.350000000000e+02  λ=9.342543e-01  dt=1.177e-03  relΔE=1.099e-14  ||F||=1.626e-07
 step=116000  E=2.197462907526e+02  Q=4.350000000000e+02  λ=9.342543e-01  dt=9.111e-04  relΔE=7.890e-15  ||F||=1.557e-07
 step=116500  E=2.197462907515e+02  Q=4.350000000000e+02  λ=9.342543e-01  dt=7.052e-04  relΔE=8.666e-15  ||F||=7.975e-06
 step=117000  E=2.197462907506e+02  Q=4.350000000000e+02  λ=9.342543e-01  dt=1.092e-03  relΔE=8.666e-15  ||F||=1.338e-07
 step=117500  E=2.197462907497e+02  Q=4.350000000000e+02  λ=9.342543e-01  dt=8.449e-04  relΔE=6.208e-15  ||F||=1.541e-07
 step=118000  E=2.197462907488e+02  Q=4.350000000000e+02  λ=9.342543e-01  dt=1.308e-03  relΔE=8.278e-15  ||F||=2.175e-07
 step=118500  E=2.197462907481e+02  Q=4.350000000000e+02  λ=9.342543e-01  dt=8.435e-04  relΔE=5.691e-15  ||F||=1.124e-07
 step=119000  E=2.197462907473e+02  Q=4.350000000000e+02  λ=9.342543e-01  dt=1.306e-03  relΔE=7.631e-15  ||F||=1.034e-07
 step=119500  E=2.197462907466e+02  Q=4.350000000000e+02  λ=9.342543e-01  dt=1.011e-03  relΔE=5.432e-15  ||F||=9.707e-08
 step=120000  E=2.197462907460e+02  Q=4.350000000000e+02  λ=9.342543e-01  dt=7.821e-04  relΔE=4.139e-15  ||F||=1.485e-07
 step=120500  E=2.197462907454e+02  Q=4.350000000000e+02  λ=9.342543e-01  dt=1.211e-03  relΔE=5.820e-15  ||F||=8.501e-08
 step=121000  E=2.197462907448e+02  Q=4.350000000000e+02  λ=9.342543e-01  dt=9.370e-04  relΔE=4.398e-15  ||F||=8.102e-08
 step=121500  E=2.197462907442e+02  Q=4.350000000000e+02  λ=9.342543e-01  dt=7.252e-04  relΔE=3.104e-15  ||F||=3.300e-07
 step=122000  E=2.197462907438e+02  Q=4.350000000000e+02  λ=9.342543e-01  dt=1.123e-03  relΔE=4.656e-15  ||F||=6.990e-08
 step=122500  E=2.197462907433e+02  Q=4.350000000000e+02  λ=9.342543e-01  dt=8.689e-04  relΔE=3.363e-15  ||F||=7.307e-08
 step=123000  E=2.197462907428e+02  Q=4.350000000000e+02  λ=9.342543e-01  dt=1.345e-03  relΔE=4.398e-15  ||F||=4.195e-07
 step=123500  E=2.197462907424e+02  Q=4.350000000000e+02  λ=9.342543e-01  dt=1.041e-03  relΔE=3.751e-15  ||F||=5.774e-08
 step=124000  E=2.197462907420e+02  Q=4.350000000000e+02  λ=9.342543e-01  dt=8.057e-04  relΔE=2.328e-15  ||F||=9.567e-08
 step=124500  E=2.197462907417e+02  Q=4.350000000000e+02  λ=9.342543e-01  dt=1.247e-03  relΔE=4.139e-15  ||F||=5.049e-08
 Converged (aggressive): step=124625, E=2.197462907416e+02, Q=4.350000000000e+02, dt=8.979e-04, ||F||=4.998e-08

Stationary candidate (aggressive): E=2.197462907416e+02, Q=4.350000000000e+02, maxρ=4.721934e-01

=== Stability test (damped inertial dynamics) ===
Perturb eps=0.02, gamma=1
t=0: E=2.411013362824e+02, Q=4.350000000000e+02, maxρ=4.877312e-01, σ=2.934274e+00, Rc=1.829533e+01
 step=     1  E=2.411012287302e+02  Q=4.350000000000e+02  λ=1.323296e+00  maxρ=4.877312e-01  minρ=6.674e-15  σ=2.934274e+00  Rc=1.829533e+01
 step=   300  E=2.366918791555e+02  Q=4.350000000000e+02  λ=1.219482e+00  maxρ=4.869040e-01  minρ=6.708e-15  σ=2.934271e+00  Rc=1.829533e+01
 step=   600  E=2.278286871715e+02  Q=4.350000000000e+02  λ=1.031662e+00  maxρ=4.845717e-01  minρ=6.627e-15  σ=2.934265e+00  Rc=1.829534e+01
 step=   900  E=2.226517918842e+02  Q=4.350000000000e+02  λ=9.721909e-01  maxρ=4.811218e-01  minρ=6.477e-15  σ=2.934264e+00  Rc=1.829533e+01
 step=  1200  E=2.246418854121e+02  Q=4.350000000000e+02  λ=1.080913e+00  maxρ=4.795922e-01  minρ=6.341e-15  σ=2.934267e+00  Rc=1.829533e+01
 step=  1500  E=2.299619979912e+02  Q=4.350000000000e+02  λ=1.198266e+00  maxρ=4.820735e-01  minρ=6.254e-15  σ=2.934269e+00  Rc=1.829532e+01
 step=  1800  E=2.326704840214e+02  Q=4.350000000000e+02  λ=1.183586e+00  maxρ=4.836170e-01  minρ=6.144e-15  σ=2.934265e+00  Rc=1.829533e+01
 step=  2100  E=2.310685924159e+02  Q=4.350000000000e+02  λ=1.081108e+00  maxρ=4.811557e-01  minρ=5.772e-15  σ=2.934262e+00  Rc=1.829533e+01
 step=  2400  E=2.282650534320e+02  Q=4.350000000000e+02  λ=1.034229e+00  maxρ=4.762613e-01  minρ=5.515e-15  σ=2.934262e+00  Rc=1.829533e+01
 step=  2700  E=2.275792919442e+02  Q=4.350000000000e+02  λ=1.090081e+00  maxρ=4.789414e-01  minρ=5.502e-15  σ=2.934266e+00  Rc=1.829532e+01
 step=  3000  E=2.289332886422e+02  Q=4.350000000000e+02  λ=1.156616e+00  maxρ=4.849587e-01  minρ=5.208e-15  σ=2.934268e+00  Rc=1.829532e+01
 step=  3300  E=2.299486055581e+02  Q=4.350000000000e+02  λ=1.143506e+00  maxρ=4.862064e-01  minρ=4.859e-15  σ=2.934263e+00  Rc=1.829533e+01
 step=  3600  E=2.293209203388e+02  Q=4.350000000000e+02  λ=1.077760e+00  maxρ=4.825994e-01  minρ=4.081e-15  σ=2.934259e+00  Rc=1.829533e+01
 step=  3900  E=2.280346845079e+02  Q=4.350000000000e+02  λ=1.049015e+00  maxρ=4.825158e-01  minρ=3.610e-15  σ=2.934259e+00  Rc=1.829533e+01
 step=  4200  E=2.275778664353e+02  Q=4.350000000000e+02  λ=1.082813e+00  maxρ=4.808399e-01  minρ=3.547e-15  σ=2.934263e+00  Rc=1.829532e+01
 step=  4500  E=2.280506323848e+02  Q=4.350000000000e+02  λ=1.118907e+00  maxρ=4.797384e-01  minρ=2.696e-15  σ=2.934265e+00  Rc=1.829532e+01
 step=  4800  E=2.284508362992e+02  Q=4.350000000000e+02  λ=1.105742e+00  maxρ=4.817740e-01  minρ=2.324e-15  σ=2.934261e+00  Rc=1.829532e+01
 step=  5100  E=2.282011266840e+02  Q=4.350000000000e+02  λ=1.067072e+00  maxρ=4.822545e-01  minρ=1.000e-15  σ=2.934256e+00  Rc=1.829532e+01
 step=  5400  E=2.277084520805e+02  Q=4.350000000000e+02  λ=1.056932e+00  maxρ=4.816884e-01  minρ=1.000e-15  σ=2.934254e+00  Rc=1.829532e+01
 step=  5700  E=2.275350629955e+02  Q=4.350000000000e+02  λ=1.081760e+00  maxρ=4.800450e-01  minρ=1.000e-15  σ=2.934256e+00  Rc=1.829531e+01
 step=  6000  E=2.276285355016e+02  Q=4.350000000000e+02  λ=1.099699e+00  maxρ=4.789211e-01  minρ=1.000e-15  σ=2.934257e+00  Rc=1.829531e+01
 >>> No runaway detected in this horizon. Likely stable (within this model & box).

STABILITY: PASS
