
=== Aggressive relaxation to Q = 1056 ===
Initial: E=8.564630648045e+02, Q=1.056000000000e+03, dt=1.000e-04
 step=     1  E=8.564424426027e+02  Q=1.056000000000e+03  λ=1.610957e+00  dt=1.000e-04  relΔE=2.408e-05  ||F||=4.424e-01
 step=   500  E=8.337705616240e+02  Q=1.056000000000e+03  λ=1.549514e+00  dt=6.192e-04  relΔE=9.277e-05  ||F||=3.772e-01
 step=  1000  E=7.854824495944e+02  Q=1.056000000000e+03  λ=1.424948e+00  dt=9.584e-04  relΔE=7.895e-05  ||F||=2.714e-01
 step=  1500  E=7.552493596883e+02  Q=1.056000000000e+03  λ=1.352457e+00  dt=7.418e-04  relΔE=4.452e-05  ||F||=2.271e-01
 step=  2000  E=7.338944862505e+02  Q=1.056000000000e+03  λ=1.304206e+00  dt=1.148e-03  relΔE=5.414e-05  ||F||=1.984e-01
 step=  2500  E=7.163409253473e+02  Q=1.056000000000e+03  λ=1.266181e+00  dt=8.887e-04  relΔE=3.557e-05  ||F||=1.806e-01
 step=  3000  E=7.012106186395e+02  Q=1.056000000000e+03  λ=1.234524e+00  dt=1.376e-03  relΔE=4.780e-05  ||F||=1.818e-01
 step=  3500  E=6.888237100727e+02  Q=1.056000000000e+03  λ=1.209211e+00  dt=1.065e-03  relΔE=3.293e-05  ||F||=1.556e-01
 step=  4000  E=6.774841300837e+02  Q=1.056000000000e+03  λ=1.186498e+00  dt=8.241e-04  relΔE=2.281e-05  ||F||=1.460e-01
 step=  4500  E=6.676157767465e+02  Q=1.056000000000e+03  λ=1.167074e+00  dt=1.276e-03  relΔE=3.177e-05  ||F||=1.375e-01
 step=  5000  E=6.589036630467e+02  Q=1.056000000000e+03  λ=1.150132e+00  dt=9.873e-04  relΔE=2.232e-05  ||F||=1.301e-01
 step=  5500  E=6.508532119169e+02  Q=1.056000000000e+03  λ=1.134660e+00  dt=7.641e-04  relΔE=1.593e-05  ||F||=1.242e-01
 step=  6000  E=6.438135685038e+02  Q=1.056000000000e+03  λ=1.121283e+00  dt=1.183e-03  relΔE=2.229e-05  ||F||=1.174e-01
 step=  6500  E=6.373614964569e+02  Q=1.056000000000e+03  λ=1.109116e+00  dt=9.154e-04  relΔE=1.587e-05  ||F||=1.121e-01
 step=  7000  E=6.312939285140e+02  Q=1.056000000000e+03  λ=1.098038e+00  dt=1.417e-03  relΔE=1.450e-05  ||F||=7.723e-01
 step=  7500  E=6.260508342101e+02  Q=1.056000000000e+03  λ=1.088048e+00  dt=1.097e-03  relΔE=1.623e-05  ||F||=1.026e-01
 step=  8000  E=6.210241538529e+02  Q=1.056000000000e+03  λ=1.078780e+00  dt=8.488e-04  relΔE=1.167e-05  ||F||=9.851e-02
 step=  8500  E=6.164016846715e+02  Q=1.056000000000e+03  λ=1.070325e+00  dt=1.314e-03  relΔE=1.681e-05  ||F||=9.470e-02
 step=  9000  E=6.122088328345e+02  Q=1.056000000000e+03  λ=1.062692e+00  dt=1.017e-03  relΔE=1.218e-05  ||F||=9.129e-02
 step=  9500  E=6.081876648206e+02  Q=1.056000000000e+03  λ=1.055417e+00  dt=7.871e-04  relΔE=8.887e-06  ||F||=8.835e-02
 step= 10000  E=6.045130093136e+02  Q=1.056000000000e+03  λ=1.048815e+00  dt=1.218e-03  relΔE=1.288e-05  ||F||=8.522e-02
 step= 10500  E=6.010703790759e+02  Q=1.056000000000e+03  λ=1.042657e+00  dt=9.430e-04  relΔE=9.416e-06  ||F||=8.259e-02
 step= 11000  E=5.977292265102e+02  Q=1.056000000000e+03  λ=1.036717e+00  dt=7.298e-04  relΔE=7.485e-06  ||F||=8.359e-02
 step= 11500  E=5.947276138698e+02  Q=1.056000000000e+03  λ=1.031413e+00  dt=1.130e-03  relΔE=1.015e-05  ||F||=7.793e-02
 step= 12000  E=5.918000036495e+02  Q=1.056000000000e+03  λ=1.026262e+00  dt=8.744e-04  relΔE=7.497e-06  ||F||=7.594e-02
 step= 12500  E=5.889830239800e+02  Q=1.056000000000e+03  λ=1.021340e+00  dt=1.353e-03  relΔE=1.108e-05  ||F||=7.627e-02
 step= 13000  E=5.864056620373e+02  Q=1.056000000000e+03  λ=1.016853e+00  dt=1.048e-03  relΔE=8.242e-06  ||F||=7.241e-02
 step= 13500  E=5.838392342784e+02  Q=1.056000000000e+03  λ=1.012410e+00  dt=8.108e-04  relΔE=6.157e-06  ||F||=7.099e-02
 step= 14000  E=5.814086310373e+02  Q=1.056000000000e+03  λ=1.008227e+00  dt=1.255e-03  relΔE=9.189e-06  ||F||=6.956e-02
 step= 14500  E=5.790932425853e+02  Q=1.056000000000e+03  λ=1.004255e+00  dt=9.713e-04  relΔE=6.904e-06  ||F||=6.840e-02
 step= 15000  E=5.767744036028e+02  Q=1.056000000000e+03  λ=1.000296e+00  dt=7.518e-04  relΔE=5.315e-06  ||F||=6.810e-02
 step= 15500  E=5.746063756285e+02  Q=1.056000000000e+03  λ=9.966130e-01  dt=1.164e-03  relΔE=7.873e-06  ||F||=6.647e-02
 step= 16000  E=5.724574233068e+02  Q=1.056000000000e+03  λ=9.929701e-01  dt=9.007e-04  relΔE=5.983e-06  ||F||=6.574e-02
 step= 16500  E=5.702930385694e+02  Q=1.056000000000e+03  λ=9.893188e-01  dt=1.394e-03  relΔE=9.033e-06  ||F||=1.012e-01
 step= 17000  E=5.682777554821e+02  Q=1.056000000000e+03  λ=9.859158e-01  dt=1.079e-03  relΔE=6.986e-06  ||F||=6.466e-02
 step= 17500  E=5.662006614116e+02  Q=1.056000000000e+03  λ=9.824155e-01  dt=8.352e-04  relΔE=5.381e-06  ||F||=6.439e-02
 step= 18000  E=5.641614424538e+02  Q=1.056000000000e+03  λ=9.789838e-01  dt=1.293e-03  relΔE=8.294e-06  ||F||=6.414e-02
 step= 18500  E=5.621622310450e+02  Q=1.056000000000e+03  λ=9.756117e-01  dt=1.001e-03  relΔE=6.431e-06  ||F||=6.408e-02
 step= 19000  E=5.600968501011e+02  Q=1.056000000000e+03  λ=9.721209e-01  dt=7.744e-04  relΔE=5.076e-06  ||F||=6.461e-02
 step= 19500  E=5.580841264169e+02  Q=1.056000000000e+03  λ=9.687110e-01  dt=1.199e-03  relΔE=7.829e-06  ||F||=6.436e-02
 step= 20000  E=5.560423990649e+02  Q=1.056000000000e+03  λ=9.652314e-01  dt=9.278e-04  relΔE=6.145e-06  ||F||=6.470e-02
 step= 20500  E=5.539050988861e+02  Q=1.056000000000e+03  λ=9.615909e-01  dt=7.181e-04  relΔE=7.566e-06  ||F||=2.296e-01
 step= 21000  E=5.518541631501e+02  Q=1.056000000000e+03  λ=9.580273e-01  dt=1.112e-03  relΔE=7.649e-06  ||F||=6.570e-02
 step= 21500  E=5.496838142431e+02  Q=1.056000000000e+03  λ=9.542448e-01  dt=8.603e-04  relΔE=6.076e-06  ||F||=6.642e-02
 step= 22000  E=5.474648183876e+02  Q=1.056000000000e+03  λ=9.503433e-01  dt=1.332e-03  relΔE=9.647e-06  ||F||=6.736e-02
 step= 22500  E=5.452567760591e+02  Q=1.056000000000e+03  λ=9.464125e-01  dt=1.031e-03  relΔE=7.681e-06  ||F||=6.796e-02
 step= 23000  E=5.429163932784e+02  Q=1.056000000000e+03  λ=9.421960e-01  dt=7.977e-04  relΔE=6.166e-06  ||F||=6.907e-02
 step= 23500  E=5.405532146706e+02  Q=1.056000000000e+03  λ=9.378878e-01  dt=1.235e-03  relΔE=9.786e-06  ||F||=6.978e-02
 step= 24000  E=5.381468474108e+02  Q=1.056000000000e+03  λ=9.334359e-01  dt=9.557e-04  relΔE=7.810e-06  ||F||=7.070e-02
 step= 24500  E=5.355922823552e+02  Q=1.056000000000e+03  λ=9.286435e-01  dt=7.397e-04  relΔE=6.484e-06  ||F||=7.309e-02
 step= 25000  E=5.330882003800e+02  Q=1.056000000000e+03  λ=9.238831e-01  dt=1.145e-03  relΔE=9.902e-06  ||F||=7.239e-02
 step= 25500  E=5.304735803210e+02  Q=1.056000000000e+03  λ=9.188354e-01  dt=8.861e-04  relΔE=7.854e-06  ||F||=7.310e-02
 step= 26000  E=5.277617116179e+02  Q=1.056000000000e+03  λ=9.135311e-01  dt=1.372e-03  relΔE=1.237e-05  ||F||=7.971e-02
 step= 26500  E=5.251488196566e+02  Q=1.056000000000e+03  λ=9.083398e-01  dt=1.062e-03  relΔE=9.707e-06  ||F||=7.387e-02
 step= 27000  E=5.224190998752e+02  Q=1.056000000000e+03  λ=9.028427e-01  dt=8.217e-04  relΔE=7.566e-06  ||F||=7.394e-02
 step= 27500  E=5.197342662079e+02  Q=1.056000000000e+03  λ=8.973691e-01  dt=1.272e-03  relΔE=1.165e-05  ||F||=7.356e-02
 step= 28000  E=5.171167018942e+02  Q=1.056000000000e+03  λ=8.919561e-01  dt=9.844e-04  relΔE=8.899e-06  ||F||=7.289e-02
 step= 28500  E=5.144828817785e+02  Q=1.056000000000e+03  λ=8.864410e-01  dt=7.619e-04  relΔE=6.824e-06  ||F||=7.238e-02
 step= 29000  E=5.120268013284e+02  Q=1.056000000000e+03  λ=8.812411e-01  dt=1.179e-03  relΔE=1.002e-05  ||F||=7.031e-02
 step= 29500  E=5.096573592502e+02  Q=1.056000000000e+03  λ=8.761593e-01  dt=9.128e-04  relΔE=7.380e-06  ||F||=6.843e-02
 step= 30000  E=5.073603303294e+02  Q=1.056000000000e+03  λ=8.712065e-01  dt=1.413e-03  relΔE=9.641e-06  ||F||=2.517e-01
 step= 30500  E=5.053521605731e+02  Q=1.056000000000e+03  λ=8.667733e-01  dt=1.094e-03  relΔE=7.677e-06  ||F||=6.349e-02
 step= 31000  E=5.034347133508e+02  Q=1.056000000000e+03  λ=8.625175e-01  dt=8.464e-04  relΔE=5.419e-06  ||F||=6.052e-02
 step= 31500  E=5.017117137778e+02  Q=1.056000000000e+03  λ=8.586534e-01  dt=1.310e-03  relΔE=7.536e-06  ||F||=5.728e-02
 step= 32000  E=5.002087603023e+02  Q=1.056000000000e+03  λ=8.552383e-01  dt=1.014e-03  relΔE=5.186e-06  ||F||=5.391e-02
 step= 32500  E=4.988455527159e+02  Q=1.056000000000e+03  λ=8.521031e-01  dt=7.848e-04  relΔE=3.536e-06  ||F||=5.054e-02
 step= 33000  E=4.976917651798e+02  Q=1.056000000000e+03  λ=8.494180e-01  dt=1.215e-03  relΔE=4.703e-06  ||F||=4.679e-02
 step= 33500  E=4.966986272237e+02  Q=1.056000000000e+03  λ=8.470720e-01  dt=9.403e-04  relΔE=3.116e-06  ||F||=4.325e-02
 step= 34000  E=4.958286637549e+02  Q=1.056000000000e+03  λ=8.449860e-01  dt=7.277e-04  relΔE=2.295e-06  ||F||=4.226e-02
 step= 34500  E=4.951352255117e+02  Q=1.056000000000e+03  λ=8.432986e-01  dt=1.126e-03  relΔE=2.643e-06  ||F||=3.633e-02
 step= 35000  E=4.945385190899e+02  Q=1.056000000000e+03  λ=8.418190e-01  dt=8.719e-04  relΔE=1.697e-06  ||F||=3.307e-02
 step= 35500  E=4.940414904772e+02  Q=1.056000000000e+03  λ=8.405639e-01  dt=1.350e-03  relΔE=2.152e-06  ||F||=3.056e-02
 step= 36000  E=4.936498632406e+02  Q=1.056000000000e+03  λ=8.395522e-01  dt=1.045e-03  relΔE=1.366e-06  ||F||=2.708e-02
 step= 36500  E=4.933192570119e+02  Q=1.056000000000e+03  λ=8.386781e-01  dt=8.084e-04  relΔE=8.592e-07  ||F||=2.440e-02
 step= 37000  E=4.930565806832e+02  Q=1.056000000000e+03  λ=8.379661e-01  dt=1.251e-03  relΔE=1.068e-06  ||F||=2.186e-02
 step= 37500  E=4.928472391962e+02  Q=1.056000000000e+03  λ=8.373814e-01  dt=9.685e-04  relΔE=6.642e-07  ||F||=1.959e-02
 step= 38000  E=4.926745347505e+02  Q=1.056000000000e+03  λ=8.368835e-01  dt=7.496e-04  relΔE=4.190e-07  ||F||=1.769e-02
 step= 38500  E=4.925422738574e+02  Q=1.056000000000e+03  λ=8.364891e-01  dt=1.160e-03  relΔE=5.042e-07  ||F||=1.559e-02
 step= 39000  E=4.924353958695e+02  Q=1.056000000000e+03  λ=8.361575e-01  dt=8.981e-04  relΔE=3.092e-07  ||F||=1.387e-02
 step= 39500  E=4.923489048289e+02  Q=1.056000000000e+03  λ=8.358780e-01  dt=1.390e-03  relΔE=3.711e-07  ||F||=2.010e-02
 step= 40000  E=4.922844835984e+02  Q=1.056000000000e+03  λ=8.356594e-01  dt=1.076e-03  relΔE=2.302e-07  ||F||=1.093e-02
 step= 40500  E=4.922313997665e+02  Q=1.056000000000e+03  λ=8.354703e-01  dt=8.327e-04  relΔE=1.396e-07  ||F||=9.673e-03
 step= 41000  E=4.921904042110e+02  Q=1.056000000000e+03  λ=8.353162e-01  dt=1.289e-03  relΔE=1.690e-07  ||F||=8.552e-03
 step= 41500  E=4.921586925020e+02  Q=1.056000000000e+03  λ=8.351896e-01  dt=9.977e-04  relΔE=1.026e-07  ||F||=7.571e-03
 step= 42000  E=4.921331652398e+02  Q=1.056000000000e+03  λ=8.350810e-01  dt=7.722e-04  relΔE=6.234e-08  ||F||=6.708e-03
 step= 42500  E=4.921138585592e+02  Q=1.056000000000e+03  λ=8.349932e-01  dt=1.195e-03  relΔE=7.465e-08  ||F||=5.898e-03
 step= 43000  E=4.920986741200e+02  Q=1.056000000000e+03  λ=8.349189e-01  dt=9.251e-04  relΔE=4.506e-08  ||F||=5.207e-03
 step= 43500  E=4.920865135951e+02  Q=1.056000000000e+03  λ=8.348562e-01  dt=5.967e-04  relΔE=1.147e-07  ||F||=6.027e-02
 step= 44000  E=4.920776016972e+02  Q=1.056000000000e+03  λ=8.348035e-01  dt=9.236e-04  relΔE=2.726e-08  ||F||=4.050e-03
 step= 44500  E=4.920702402766e+02  Q=1.056000000000e+03  λ=8.347580e-01  dt=1.430e-03  relΔE=8.566e-09  ||F||=3.509e-02
 step= 45000  E=4.920648116585e+02  Q=1.056000000000e+03  λ=8.347205e-01  dt=1.106e-03  relΔE=1.970e-08  ||F||=3.142e-03
 step= 45500  E=4.920604437907e+02  Q=1.056000000000e+03  λ=8.346878e-01  dt=8.564e-04  relΔE=1.183e-08  ||F||=2.766e-03
 step= 46000  E=4.920570538669e+02  Q=1.056000000000e+03  λ=8.346598e-01  dt=1.326e-03  relΔE=1.418e-08  ||F||=2.435e-03
 step= 46500  E=4.920544889223e+02  Q=1.056000000000e+03  λ=8.346364e-01  dt=1.026e-03  relΔE=8.560e-09  ||F||=2.146e-03
 step= 47000  E=4.920524317611e+02  Q=1.056000000000e+03  λ=8.346156e-01  dt=7.941e-04  relΔE=5.149e-09  ||F||=1.890e-03
 step= 47500  E=4.920508617526e+02  Q=1.056000000000e+03  λ=8.345980e-01  dt=1.229e-03  relΔE=6.174e-09  ||F||=1.661e-03
 step= 48000  E=4.920496481236e+02  Q=1.056000000000e+03  λ=8.345827e-01  dt=9.514e-04  relΔE=3.725e-09  ||F||=1.465e-03
 step= 48500  E=4.920486735683e+02  Q=1.056000000000e+03  λ=8.345691e-01  dt=7.363e-04  relΔE=2.334e-09  ||F||=1.317e-03
 step= 49000  E=4.920479497507e+02  Q=1.056000000000e+03  λ=8.345578e-01  dt=1.140e-03  relΔE=2.701e-09  ||F||=1.136e-03
 step= 49500  E=4.920473702496e+02  Q=1.056000000000e+03  λ=8.345476e-01  dt=8.822e-04  relΔE=1.629e-09  ||F||=1.000e-03
 step= 50000  E=4.920469125677e+02  Q=1.056000000000e+03  λ=8.345386e-01  dt=1.366e-03  relΔE=1.954e-09  ||F||=9.163e-04
 step= 50500  E=4.920465705821e+02  Q=1.056000000000e+03  λ=8.345310e-01  dt=1.057e-03  relΔE=1.189e-09  ||F||=7.768e-04
 step= 51000  E=4.920462922116e+02  Q=1.056000000000e+03  λ=8.345241e-01  dt=8.180e-04  relΔE=7.190e-10  ||F||=6.846e-04
 step= 51500  E=4.920460782056e+02  Q=1.056000000000e+03  λ=8.345182e-01  dt=1.266e-03  relΔE=8.686e-10  ||F||=6.026e-04
 step= 52000  E=4.920459121987e+02  Q=1.056000000000e+03  λ=8.345130e-01  dt=9.800e-04  relΔE=5.287e-10  ||F||=5.323e-04
 step= 52500  E=4.920457776351e+02  Q=1.056000000000e+03  λ=8.345082e-01  dt=7.585e-04  relΔE=3.256e-10  ||F||=4.730e-04
 step= 53000  E=4.920456757208e+02  Q=1.056000000000e+03  λ=8.345042e-01  dt=1.174e-03  relΔE=3.911e-10  ||F||=4.141e-04
 step= 53500  E=4.920455941775e+02  Q=1.056000000000e+03  λ=8.345006e-01  dt=9.087e-04  relΔE=2.390e-10  ||F||=3.658e-04
 step= 54000  E=4.920455279949e+02  Q=1.056000000000e+03  λ=8.344973e-01  dt=1.407e-03  relΔE=2.770e-10  ||F||=9.378e-04
 step= 54500  E=4.920454785933e+02  Q=1.056000000000e+03  λ=8.344946e-01  dt=1.089e-03  relΔE=1.796e-10  ||F||=2.855e-04
 step= 55000  E=4.920454375358e+02  Q=1.056000000000e+03  λ=8.344921e-01  dt=8.426e-04  relΔE=1.103e-10  ||F||=2.522e-04
 step= 55500  E=4.920454051326e+02  Q=1.056000000000e+03  λ=8.344898e-01  dt=1.304e-03  relΔE=1.359e-10  ||F||=2.228e-04
 step= 56000  E=4.920453797633e+02  Q=1.056000000000e+03  λ=8.344879e-01  dt=1.009e-03  relΔE=8.445e-11  ||F||=1.975e-04
 step= 56500  E=4.920453587391e+02  Q=1.056000000000e+03  λ=8.344861e-01  dt=7.813e-04  relΔE=5.293e-11  ||F||=1.758e-04
 step= 57000  E=4.920453422956e+02  Q=1.056000000000e+03  λ=8.344846e-01  dt=1.209e-03  relΔE=6.537e-11  ||F||=1.548e-04
 step= 57500  E=4.920453289722e+02  Q=1.056000000000e+03  λ=8.344832e-01  dt=9.360e-04  relΔE=4.102e-11  ||F||=1.373e-04
 step= 58000  E=4.920453178058e+02  Q=1.056000000000e+03  λ=8.344819e-01  dt=7.244e-04  relΔE=2.858e-11  ||F||=1.307e-04
 step= 58500  E=4.920453091829e+02  Q=1.056000000000e+03  λ=8.344809e-01  dt=1.121e-03  relΔE=3.258e-11  ||F||=1.080e-04
 step= 59000  E=4.920453018957e+02  Q=1.056000000000e+03  λ=8.344799e-01  dt=8.679e-04  relΔE=2.068e-11  ||F||=9.595e-05
 step= 59500  E=4.920452958593e+02  Q=1.056000000000e+03  λ=8.344790e-01  dt=1.343e-03  relΔE=2.628e-11  ||F||=8.570e-05
 step= 60000  E=4.920452910413e+02  Q=1.056000000000e+03  λ=8.344782e-01  dt=1.040e-03  relΔE=1.690e-11  ||F||=7.581e-05
 step= 60500  E=4.920452869043e+02  Q=1.056000000000e+03  λ=8.344775e-01  dt=8.048e-04  relΔE=1.091e-11  ||F||=6.760e-05
 step= 61000  E=4.920452835103e+02  Q=1.056000000000e+03  λ=8.344769e-01  dt=1.246e-03  relΔE=1.406e-11  ||F||=5.998e-05
 step= 61500  E=4.920452806871e+02  Q=1.056000000000e+03  λ=8.344764e-01  dt=9.642e-04  relΔE=9.159e-12  ||F||=5.351e-05
 step= 62000  E=4.920452782380e+02  Q=1.056000000000e+03  λ=8.344759e-01  dt=7.462e-04  relΔE=6.159e-12  ||F||=4.914e-05
 step= 62500  E=4.920452762427e+02  Q=1.056000000000e+03  λ=8.344754e-01  dt=1.155e-03  relΔE=7.854e-12  ||F||=4.254e-05
 step= 63000  E=4.920452745179e+02  Q=1.056000000000e+03  λ=8.344750e-01  dt=8.940e-04  relΔE=5.186e-12  ||F||=3.802e-05
 step= 63500  E=4.920452730055e+02  Q=1.056000000000e+03  λ=8.344747e-01  dt=1.384e-03  relΔE=6.815e-12  ||F||=5.480e-05
 step= 64000  E=4.920452717789e+02  Q=1.056000000000e+03  λ=8.344744e-01  dt=1.071e-03  relΔE=4.574e-12  ||F||=3.037e-05
 step= 64500  E=4.920452706702e+02  Q=1.056000000000e+03  λ=8.344741e-01  dt=8.290e-04  relΔE=3.057e-12  ||F||=2.722e-05
 step= 65000  E=4.920452697263e+02  Q=1.056000000000e+03  λ=8.344738e-01  dt=1.283e-03  relΔE=4.092e-12  ||F||=2.428e-05
 step= 65500  E=4.920452689174e+02  Q=1.056000000000e+03  λ=8.344736e-01  dt=9.932e-04  relΔE=2.761e-12  ||F||=2.179e-05
 step= 66000  E=4.920452682014e+02  Q=1.056000000000e+03  λ=8.344734e-01  dt=1.281e-03  relΔE=3.108e-12  ||F||=1.953e-05
 step= 66500  E=4.920452675847e+02  Q=1.056000000000e+03  λ=8.344732e-01  dt=9.916e-04  relΔE=2.111e-12  ||F||=1.755e-05
 step= 67000  E=4.920452670251e+02  Q=1.056000000000e+03  λ=8.344731e-01  dt=7.674e-04  relΔE=1.453e-12  ||F||=1.621e-05
 step= 67500  E=4.920452665492e+02  Q=1.056000000000e+03  λ=8.344729e-01  dt=1.188e-03  relΔE=1.957e-12  ||F||=1.414e-05
 step= 68000  E=4.920452661247e+02  Q=1.056000000000e+03  λ=8.344728e-01  dt=9.194e-04  relΔE=1.339e-12  ||F||=1.273e-05
 step= 68500  E=4.920452657386e+02  Q=1.056000000000e+03  λ=8.344727e-01  dt=1.423e-03  relΔE=6.727e-13  ||F||=2.638e-04
 step= 69000  E=4.920452654141e+02  Q=1.056000000000e+03  λ=8.344726e-01  dt=1.102e-03  relΔE=1.260e-12  ||F||=1.029e-05
 step= 69500  E=4.920452651147e+02  Q=1.056000000000e+03  λ=8.344725e-01  dt=8.525e-04  relΔE=8.682e-13  ||F||=9.318e-06
 step= 70000  E=4.920452648485e+02  Q=1.056000000000e+03  λ=8.344724e-01  dt=1.320e-03  relΔE=1.194e-12  ||F||=8.467e-06
 step= 70500  E=4.920452646176e+02  Q=1.056000000000e+03  λ=8.344723e-01  dt=1.021e-03  relΔE=8.267e-13  ||F||=7.530e-06
 step= 71000  E=4.920452644045e+02  Q=1.056000000000e+03  λ=8.344722e-01  dt=7.905e-04  relΔE=5.758e-13  ||F||=7.008e-06
 step= 71500  E=4.920452642173e+02  Q=1.056000000000e+03  λ=8.344722e-01  dt=1.224e-03  relΔE=7.920e-13  ||F||=6.122e-06
 step= 72000  E=4.920452640507e+02  Q=1.056000000000e+03  λ=8.344721e-01  dt=9.471e-04  relΔE=5.500e-13  ||F||=5.542e-06
 step= 72500  E=4.920452638962e+02  Q=1.056000000000e+03  λ=8.344721e-01  dt=7.330e-04  relΔE=4.025e-13  ||F||=6.467e-06
 step= 73000  E=4.920452637638e+02  Q=1.056000000000e+03  λ=8.344720e-01  dt=1.135e-03  relΔE=5.304e-13  ||F||=4.516e-06
 step= 73500  E=4.920452636417e+02  Q=1.056000000000e+03  λ=8.344720e-01  dt=8.782e-04  relΔE=3.699e-13  ||F||=4.105e-06
 step= 74000  E=4.920452635300e+02  Q=1.056000000000e+03  λ=8.344719e-01  dt=1.359e-03  relΔE=5.136e-13  ||F||=5.344e-06
 step= 74500  E=4.920452634340e+02  Q=1.056000000000e+03  λ=8.344719e-01  dt=1.052e-03  relΔE=3.591e-13  ||F||=3.343e-06
 step= 75000  E=4.920452633436e+02  Q=1.056000000000e+03  λ=8.344719e-01  dt=8.143e-04  relΔE=2.515e-13  ||F||=3.170e-06
 step= 75500  E=4.920452632637e+02  Q=1.056000000000e+03  λ=8.344719e-01  dt=1.260e-03  relΔE=3.492e-13  ||F||=2.735e-06
 step= 76000  E=4.920452631923e+02  Q=1.056000000000e+03  λ=8.344718e-01  dt=9.756e-04  relΔE=2.448e-13  ||F||=2.483e-06
 step= 76500  E=4.920452631257e+02  Q=1.056000000000e+03  λ=8.344718e-01  dt=7.550e-04  relΔE=1.746e-13  ||F||=2.848e-06
 step= 77000  E=4.920452630677e+02  Q=1.056000000000e+03  λ=8.344718e-01  dt=1.169e-03  relΔE=2.388e-13  ||F||=2.035e-06
 step= 77500  E=4.920452630146e+02  Q=1.056000000000e+03  λ=8.344718e-01  dt=9.046e-04  relΔE=1.674e-13  ||F||=1.861e-06
 step= 78000  E=4.920452629651e+02  Q=1.056000000000e+03  λ=8.344718e-01  dt=1.400e-03  relΔE=2.201e-13  ||F||=3.131e-05
 step= 78500  E=4.920452629229e+02  Q=1.056000000000e+03  λ=8.344717e-01  dt=1.084e-03  relΔE=1.640e-13  ||F||=1.519e-06
 step= 79000  E=4.920452628831e+02  Q=1.056000000000e+03  λ=8.344717e-01  dt=8.388e-04  relΔE=1.153e-13  ||F||=1.413e-06
 step= 79500  E=4.920452628472e+02  Q=1.056000000000e+03  λ=8.344717e-01  dt=1.298e-03  relΔE=1.608e-13  ||F||=1.256e-06
 step= 80000  E=4.920452628154e+02  Q=1.056000000000e+03  λ=8.344717e-01  dt=1.005e-03  relΔE=1.134e-13  ||F||=1.136e-06
 step= 80500  E=4.920452627856e+02  Q=1.056000000000e+03  λ=8.344717e-01  dt=7.778e-04  relΔE=8.052e-14  ||F||=1.361e-06
 step= 81000  E=4.920452627593e+02  Q=1.056000000000e+03  λ=8.344717e-01  dt=1.204e-03  relΔE=1.110e-13  ||F||=9.344e-07
 step= 81500  E=4.920452627355e+02  Q=1.056000000000e+03  λ=8.344717e-01  dt=9.318e-04  relΔE=7.786e-14  ||F||=8.579e-07
 step= 82000  E=4.920452627131e+02  Q=1.056000000000e+03  λ=8.344717e-01  dt=7.212e-04  relΔE=6.157e-14  ||F||=2.488e-06
 step= 82500  E=4.920452626939e+02  Q=1.056000000000e+03  λ=8.344717e-01  dt=1.116e-03  relΔE=7.671e-14  ||F||=7.009e-07
 step= 83000  E=4.920452626759e+02  Q=1.056000000000e+03  λ=8.344717e-01  dt=8.640e-04  relΔE=5.395e-14  ||F||=6.684e-07
 step= 83500  E=4.920452626594e+02  Q=1.056000000000e+03  λ=8.344717e-01  dt=1.337e-03  relΔE=7.578e-14  ||F||=9.045e-07
 step= 84000  E=4.920452626450e+02  Q=1.056000000000e+03  λ=8.344717e-01  dt=1.035e-03  relΔE=5.314e-14  ||F||=5.274e-07
 step= 84500  E=4.920452626314e+02  Q=1.056000000000e+03  λ=8.344716e-01  dt=8.012e-04  relΔE=3.743e-14  ||F||=5.927e-07
 step= 85000  E=4.920452626193e+02  Q=1.056000000000e+03  λ=8.344716e-01  dt=1.240e-03  relΔE=5.245e-14  ||F||=4.343e-07
 step= 85500  E=4.920452626084e+02  Q=1.056000000000e+03  λ=8.344716e-01  dt=9.598e-04  relΔE=3.720e-14  ||F||=3.998e-07
 step= 86000  E=4.920452625982e+02  Q=1.056000000000e+03  λ=8.344716e-01  dt=7.429e-04  relΔE=2.692e-14  ||F||=9.417e-07
 step= 86500  E=4.920452625892e+02  Q=1.056000000000e+03  λ=8.344716e-01  dt=1.150e-03  relΔE=3.627e-14  ||F||=3.266e-07
 step= 87000  E=4.920452625810e+02  Q=1.056000000000e+03  λ=8.344716e-01  dt=8.900e-04  relΔE=2.565e-14  ||F||=3.106e-07
 step= 87500  E=4.920452625733e+02  Q=1.056000000000e+03  λ=8.344716e-01  dt=1.378e-03  relΔE=3.558e-14  ||F||=3.799e-06
 step= 88000  E=4.920452625667e+02  Q=1.056000000000e+03  λ=8.344716e-01  dt=1.066e-03  relΔE=2.542e-14  ||F||=2.465e-07
 step= 88500  E=4.920452625604e+02  Q=1.056000000000e+03  λ=8.344716e-01  dt=8.252e-04  relΔE=1.779e-14  ||F||=3.096e-07
 step= 89000  E=4.920452625548e+02  Q=1.056000000000e+03  λ=8.344716e-01  dt=1.277e-03  relΔE=2.507e-14  ||F||=2.049e-07
 step= 89500  E=4.920452625497e+02  Q=1.056000000000e+03  λ=8.344716e-01  dt=9.887e-04  relΔE=1.768e-14  ||F||=1.883e-07
 step= 90000  E=4.920452625450e+02  Q=1.056000000000e+03  λ=8.344716e-01  dt=7.652e-04  relΔE=1.259e-14  ||F||=4.196e-07
 step= 90500  E=4.920452625408e+02  Q=1.056000000000e+03  λ=8.344716e-01  dt=1.184e-03  relΔE=1.744e-14  ||F||=1.532e-07
 step= 91000  E=4.920452625370e+02  Q=1.056000000000e+03  λ=8.344716e-01  dt=9.168e-04  relΔE=1.213e-14  ||F||=1.483e-07
 step= 91500  E=4.920452625334e+02  Q=1.056000000000e+03  λ=8.344716e-01  dt=7.095e-04  relΔE=1.340e-14  ||F||=1.001e-05
 step= 92000  E=4.920452625304e+02  Q=1.056000000000e+03  λ=8.344716e-01  dt=1.098e-03  relΔE=1.213e-14  ||F||=1.157e-07
 step= 92500  E=4.920452625275e+02  Q=1.056000000000e+03  λ=8.344716e-01  dt=8.501e-04  relΔE=8.549e-15  ||F||=1.435e-07
 step= 93000  E=4.920452625248e+02  Q=1.056000000000e+03  λ=8.344716e-01  dt=1.316e-03  relΔE=1.201e-14  ||F||=2.538e-07
 step= 93500  E=4.920452625225e+02  Q=1.056000000000e+03  λ=8.344716e-01  dt=1.018e-03  relΔE=8.664e-15  ||F||=8.880e-08
 step= 94000  E=4.920452625203e+02  Q=1.056000000000e+03  λ=8.344716e-01  dt=7.882e-04  relΔE=6.007e-15  ||F||=1.645e-07
 step= 94500  E=4.920452625184e+02  Q=1.056000000000e+03  λ=8.344716e-01  dt=1.017e-03  relΔE=7.047e-15  ||F||=7.272e-08
 step= 95000  E=4.920452625166e+02  Q=1.056000000000e+03  λ=8.344716e-01  dt=7.869e-04  relΔE=4.852e-15  ||F||=1.589e-07
 step= 95500  E=4.920452625149e+02  Q=1.056000000000e+03  λ=8.344716e-01  dt=1.218e-03  relΔE=7.047e-15  ||F||=6.009e-08
 step= 96000  E=4.920452625135e+02  Q=1.056000000000e+03  λ=8.344716e-01  dt=9.428e-04  relΔE=5.083e-15  ||F||=5.808e-08
 step= 96500  E=4.920452625121e+02  Q=1.056000000000e+03  λ=8.344716e-01  dt=7.297e-04  relΔE=3.581e-15  ||F||=3.527e-07
 Converged (aggressive): step=96592, E=4.920452625119e+02, Q=1.056000000000e+03, dt=8.756e-04, ||F||=4.997e-08

Stationary candidate (aggressive): E=4.920452625119e+02, Q=1.056000000000e+03, maxρ=7.970013e-01

=== Stability test (damped inertial dynamics) ===
Perturb eps=0.02, gamma=1
t=0: E=5.436953062704e+02, Q=1.056000000000e+03, maxρ=8.222437e-01, σ=2.602639e+00, Rc=1.842258e+01
 step=     1  E=5.436950464848e+02  Q=1.056000000000e+03  λ=1.221377e+00  maxρ=8.222437e-01  minρ=2.537e-15  σ=2.602639e+00  Rc=1.842258e+01
 step=   300  E=5.330435356396e+02  Q=1.056000000000e+03  λ=1.118287e+00  maxρ=8.208487e-01  minρ=2.539e-15  σ=2.602636e+00  Rc=1.842259e+01
 step=   600  E=5.116236145272e+02  Q=1.056000000000e+03  λ=9.316348e-01  maxρ=8.169155e-01  minρ=2.488e-15  σ=2.602631e+00  Rc=1.842259e+01
 step=   900  E=4.990909988536e+02  Q=1.056000000000e+03  λ=8.721992e-01  maxρ=8.110981e-01  minρ=2.418e-15  σ=2.602629e+00  Rc=1.842259e+01
 step=  1200  E=5.038719314938e+02  Q=1.056000000000e+03  λ=9.798771e-01  maxρ=8.085053e-01  minρ=2.349e-15  σ=2.602632e+00  Rc=1.842258e+01
 step=  1500  E=5.167246061869e+02  Q=1.056000000000e+03  λ=1.096632e+00  maxρ=8.133856e-01  minρ=2.293e-15  σ=2.602633e+00  Rc=1.842258e+01
 step=  1800  E=5.232925060881e+02  Q=1.056000000000e+03  λ=1.082605e+00  maxρ=8.159884e-01  minρ=2.256e-15  σ=2.602631e+00  Rc=1.842258e+01
 step=  2100  E=5.194372403915e+02  Q=1.056000000000e+03  λ=9.810372e-01  maxρ=8.118338e-01  minρ=2.117e-15  σ=2.602627e+00  Rc=1.842258e+01
 step=  2400  E=5.126489622410e+02  Q=1.056000000000e+03  λ=9.340229e-01  maxρ=8.038709e-01  minρ=1.979e-15  σ=2.602628e+00  Rc=1.842258e+01
 step=  2700  E=5.109723568166e+02  Q=1.056000000000e+03  λ=9.889309e-01  maxρ=8.076127e-01  minρ=1.965e-15  σ=2.602631e+00  Rc=1.842258e+01
 step=  3000  E=5.142571104819e+02  Q=1.056000000000e+03  λ=1.055111e+00  maxρ=8.177571e-01  minρ=1.825e-15  σ=2.602631e+00  Rc=1.842258e+01
 step=  3300  E=5.167519332611e+02  Q=1.056000000000e+03  λ=1.042787e+00  maxρ=8.198569e-01  minρ=1.607e-15  σ=2.602628e+00  Rc=1.842258e+01
 step=  3600  E=5.152562390095e+02  Q=1.056000000000e+03  λ=9.779128e-01  maxρ=8.144386e-01  minρ=1.247e-15  σ=2.602623e+00  Rc=1.842258e+01
 step=  3900  E=5.121166774399e+02  Q=1.056000000000e+03  λ=9.489575e-01  maxρ=8.144436e-01  minρ=1.006e-15  σ=2.602624e+00  Rc=1.842258e+01
 step=  4200  E=5.109593642570e+02  Q=1.056000000000e+03  λ=9.817788e-01  maxρ=8.116135e-01  minρ=1.000e-15  σ=2.602627e+00  Rc=1.842257e+01
 step=  4500  E=5.120866542776e+02  Q=1.056000000000e+03  λ=1.017445e+00  maxρ=8.096155e-01  minρ=1.000e-15  σ=2.602628e+00  Rc=1.842257e+01
 step=  4800  E=5.130934280909e+02  Q=1.056000000000e+03  λ=1.004921e+00  maxρ=8.128738e-01  minρ=1.000e-15  σ=2.602624e+00  Rc=1.842257e+01
 step=  5100  E=5.125359842229e+02  Q=1.056000000000e+03  λ=9.670645e-01  maxρ=8.138993e-01  minρ=1.000e-15  σ=2.602619e+00  Rc=1.842257e+01
 step=  5400  E=5.113425318247e+02  Q=1.056000000000e+03  λ=9.568791e-01  maxρ=8.129417e-01  minρ=1.000e-15  σ=2.602617e+00  Rc=1.842257e+01
 step=  5700  E=5.108761348384e+02  Q=1.056000000000e+03  λ=9.809716e-01  maxρ=8.101664e-01  minρ=1.000e-15  σ=2.602619e+00  Rc=1.842256e+01
 step=  6000  E=5.110684163416e+02  Q=1.056000000000e+03  λ=9.984964e-01  maxρ=8.082962e-01  minρ=1.000e-15  σ=2.602619e+00  Rc=1.842256e+01
 >>> No runaway detected in this horizon. Likely stable (within this model & box).

STABILITY: PASS
