
=== Aggressive relaxation to Q = 1329 ===
Initial: E=1.079665521519e+03, Q=1.329000000000e+03, dt=1.000e-04
 step=     1  E=1.079632634717e+03  Q=1.329000000000e+03  λ=1.663014e+00  dt=1.000e-04  relΔE=3.046e-05  ||F||=4.980e-01
 step=   500  E=1.044784011969e+03  Q=1.329000000000e+03  λ=1.581373e+00  dt=6.192e-04  relΔE=1.102e-04  ||F||=4.101e-01
 step=  1000  E=9.763184764531e+02  Q=1.329000000000e+03  λ=1.428885e+00  dt=9.584e-04  relΔE=8.677e-05  ||F||=2.827e-01
 step=  1500  E=9.356565599176e+02  Q=1.329000000000e+03  λ=1.345306e+00  dt=7.418e-04  relΔE=4.753e-05  ||F||=2.329e-01
 step=  2000  E=9.076502238342e+02  Q=1.329000000000e+03  λ=1.291471e+00  dt=1.148e-03  relΔE=5.696e-05  ||F||=2.017e-01
 step=  2500  E=8.849443289521e+02  Q=1.329000000000e+03  λ=1.249894e+00  dt=8.887e-04  relΔE=3.704e-05  ||F||=1.825e-01
 step=  3000  E=8.655726603559e+02  Q=1.329000000000e+03  λ=1.215810e+00  dt=1.376e-03  relΔE=4.936e-05  ||F||=1.827e-01
 step=  3500  E=8.498416571347e+02  Q=1.329000000000e+03  λ=1.188885e+00  dt=1.065e-03  relΔE=3.377e-05  ||F||=1.560e-01
 step=  4000  E=8.355371396293e+02  Q=1.329000000000e+03  λ=1.164960e+00  dt=8.241e-04  relΔE=2.326e-05  ||F||=1.460e-01
 step=  4500  E=8.231604914509e+02  Q=1.329000000000e+03  λ=1.144668e+00  dt=1.276e-03  relΔE=3.223e-05  ||F||=1.371e-01
 step=  5000  E=8.122879147879e+02  Q=1.329000000000e+03  λ=1.127091e+00  dt=9.873e-04  relΔE=2.255e-05  ||F||=1.294e-01
 step=  5500  E=8.022719209449e+02  Q=1.329000000000e+03  λ=1.111113e+00  dt=7.641e-04  relΔE=1.615e-05  ||F||=1.238e-01
 step=  6000  E=7.935679466964e+02  Q=1.329000000000e+03  λ=1.097402e+00  dt=1.183e-03  relΔE=2.235e-05  ||F||=1.164e-01
 step=  6500  E=7.855929352854e+02  Q=1.329000000000e+03  λ=1.084948e+00  dt=9.154e-04  relΔE=1.586e-05  ||F||=1.109e-01
 step=  7000  E=7.781326172474e+02  Q=1.329000000000e+03  λ=1.073611e+00  dt=1.417e-03  relΔE=1.629e-05  ||F||=6.736e-01
 step=  7500  E=7.716923713304e+02  Q=1.329000000000e+03  λ=1.063532e+00  dt=1.097e-03  relΔE=1.614e-05  ||F||=1.013e-01
 step=  8000  E=7.655465111728e+02  Q=1.329000000000e+03  λ=1.054169e+00  dt=8.488e-04  relΔE=1.158e-05  ||F||=9.710e-02
 step=  8500  E=7.598918264081e+02  Q=1.329000000000e+03  λ=1.045625e+00  dt=1.314e-03  relΔE=1.664e-05  ||F||=9.328e-02
 step=  9000  E=7.547873637181e+02  Q=1.329000000000e+03  λ=1.037952e+00  dt=1.017e-03  relΔE=1.203e-05  ||F||=8.981e-02
 step=  9500  E=7.498881449798e+02  Q=1.329000000000e+03  λ=1.030635e+00  dt=7.871e-04  relΔE=8.779e-06  ||F||=8.692e-02
 step= 10000  E=7.454255484779e+02  Q=1.329000000000e+03  λ=1.024017e+00  dt=1.218e-03  relΔE=1.267e-05  ||F||=8.367e-02
 step= 10500  E=7.412582725102e+02  Q=1.329000000000e+03  λ=1.017865e+00  dt=9.430e-04  relΔE=9.246e-06  ||F||=8.102e-02
 step= 11000  E=7.372148990581e+02  Q=1.329000000000e+03  λ=1.011930e+00  dt=7.298e-04  relΔE=7.256e-06  ||F||=8.145e-02
 step= 11500  E=7.335910426097e+02  Q=1.329000000000e+03  λ=1.006644e+00  dt=1.130e-03  relΔE=9.928e-06  ||F||=7.630e-02
 step= 12000  E=7.300623365440e+02  Q=1.329000000000e+03  λ=1.001519e+00  dt=8.744e-04  relΔE=7.316e-06  ||F||=7.427e-02
 step= 12500  E=7.266747234922e+02  Q=1.329000000000e+03  λ=9.966305e-01  dt=1.353e-03  relΔE=1.079e-05  ||F||=7.358e-02
 step= 13000  E=7.235738080690e+02  Q=1.329000000000e+03  λ=9.921718e-01  dt=1.048e-03  relΔE=8.007e-06  ||F||=7.067e-02
 step= 13500  E=7.205049005655e+02  Q=1.329000000000e+03  λ=9.877814e-01  dt=8.108e-04  relΔE=5.971e-06  ||F||=6.923e-02
 step= 14000  E=7.176049281034e+02  Q=1.329000000000e+03  λ=9.836573e-01  dt=1.255e-03  relΔE=8.884e-06  ||F||=6.773e-02
 step= 14500  E=7.148456322795e+02  Q=1.329000000000e+03  λ=9.797455e-01  dt=9.713e-04  relΔE=6.658e-06  ||F||=6.652e-02
 step= 15000  E=7.120850419124e+02  Q=1.329000000000e+03  λ=9.758494e-01  dt=7.518e-04  relΔE=5.141e-06  ||F||=6.634e-02
 step= 15500  E=7.095138936860e+02  Q=1.329000000000e+03  λ=9.722383e-01  dt=1.164e-03  relΔE=7.551e-06  ||F||=6.448e-02
 step= 16000  E=7.069720908317e+02  Q=1.329000000000e+03  λ=9.686766e-01  dt=9.007e-04  relΔE=5.723e-06  ||F||=6.369e-02
 step= 16500  E=7.044187663997e+02  Q=1.329000000000e+03  λ=9.651171e-01  dt=1.394e-03  relΔE=8.606e-06  ||F||=1.014e-01
 step= 17000  E=7.020474217841e+02  Q=1.329000000000e+03  λ=9.618092e-01  dt=1.079e-03  relΔE=6.645e-06  ||F||=6.248e-02
 step= 17500  E=6.996095185650e+02  Q=1.329000000000e+03  λ=9.584176e-01  dt=8.352e-04  relΔE=5.106e-06  ||F||=6.215e-02
 step= 18000  E=6.972219236683e+02  Q=1.329000000000e+03  λ=9.551034e-01  dt=1.293e-03  relΔE=7.849e-06  ||F||=6.183e-02
 step= 18500  E=6.948864772553e+02  Q=1.329000000000e+03  λ=9.518577e-01  dt=1.001e-03  relΔE=6.072e-06  ||F||=6.171e-02
 step= 19000  E=6.924784442402e+02  Q=1.329000000000e+03  λ=9.485089e-01  dt=7.744e-04  relΔE=4.768e-06  ||F||=6.206e-02
 step= 19500  E=6.901362922143e+02  Q=1.329000000000e+03  λ=9.452493e-01  dt=1.199e-03  relΔE=7.362e-06  ||F||=6.187e-02
 step= 20000  E=6.877634502290e+02  Q=1.329000000000e+03  λ=9.419334e-01  dt=9.278e-04  relΔE=5.771e-06  ||F||=6.215e-02
 step= 20500  E=6.852818431094e+02  Q=1.329000000000e+03  λ=9.384747e-01  dt=7.181e-04  relΔE=7.160e-06  ||F||=2.229e-01
 step= 21000  E=6.829008790179e+02  Q=1.329000000000e+03  λ=9.350982e-01  dt=1.112e-03  relΔE=7.176e-06  ||F||=6.310e-02
 step= 21500  E=6.803803138790e+02  Q=1.329000000000e+03  λ=9.315218e-01  dt=8.603e-04  relΔE=5.704e-06  ||F||=6.382e-02
 step= 22000  E=6.777999155009e+02  Q=1.329000000000e+03  λ=9.278385e-01  dt=1.332e-03  relΔE=9.069e-06  ||F||=6.478e-02
 step= 22500  E=6.752265143433e+02  Q=1.329000000000e+03  λ=9.241300e-01  dt=1.031e-03  relΔE=7.239e-06  ||F||=6.544e-02
 step= 23000  E=6.724897729364e+02  Q=1.329000000000e+03  λ=9.201512e-01  dt=7.977e-04  relΔE=5.832e-06  ||F||=6.664e-02
 step= 23500  E=6.697137444368e+02  Q=1.329000000000e+03  λ=9.160806e-01  dt=1.235e-03  relΔE=9.304e-06  ||F||=6.750e-02
 step= 24000  E=6.668704375392e+02  Q=1.329000000000e+03  λ=9.118634e-01  dt=9.557e-04  relΔE=7.471e-06  ||F||=6.861e-02
 step= 24500  E=6.638296199665e+02  Q=1.329000000000e+03  λ=9.073059e-01  dt=7.397e-04  relΔE=6.236e-06  ||F||=7.112e-02
 step= 25000  E=6.608183530930e+02  Q=1.329000000000e+03  λ=9.027486e-01  dt=1.145e-03  relΔE=9.639e-06  ||F||=7.088e-02
 step= 25500  E=6.576506524943e+02  Q=1.329000000000e+03  λ=8.978981e-01  dt=8.861e-04  relΔE=7.730e-06  ||F||=7.197e-02
 step= 26000  E=6.543206233809e+02  Q=1.329000000000e+03  λ=8.927517e-01  dt=1.372e-03  relΔE=1.234e-05  ||F||=7.848e-02
 step= 26500  E=6.510689945435e+02  Q=1.329000000000e+03  λ=8.876678e-01  dt=1.062e-03  relΔE=9.813e-06  ||F||=7.372e-02
 step= 27000  E=6.476164454600e+02  Q=1.329000000000e+03  λ=8.822190e-01  dt=8.217e-04  relΔE=7.779e-06  ||F||=7.441e-02
 step= 27500  E=6.441749021580e+02  Q=1.329000000000e+03  λ=8.767451e-01  dt=1.272e-03  relΔE=1.217e-05  ||F||=7.461e-02
 step= 28000  E=6.407567425829e+02  Q=1.329000000000e+03  λ=8.712565e-01  dt=9.844e-04  relΔE=9.462e-06  ||F||=7.457e-02
 step= 28500  E=6.372489227930e+02  Q=1.329000000000e+03  λ=8.655822e-01  dt=7.619e-04  relΔE=7.408e-06  ||F||=7.481e-02
 step= 29000  E=6.339216813257e+02  Q=1.329000000000e+03  λ=8.601700e-01  dt=1.179e-03  relΔE=1.107e-05  ||F||=7.329e-02
 step= 29500  E=6.306571928712e+02  Q=1.329000000000e+03  λ=8.548223e-01  dt=9.128e-04  relΔE=8.308e-06  ||F||=7.199e-02
 step= 30000  E=6.274270354537e+02  Q=1.329000000000e+03  λ=8.495308e-01  dt=1.413e-03  relΔE=1.140e-05  ||F||=2.296e-01
 step= 30500  E=6.245488195127e+02  Q=1.329000000000e+03  λ=8.447493e-01  dt=1.094e-03  relΔE=8.966e-06  ||F||=6.800e-02
 step= 31000  E=6.217577673006e+02  Q=1.329000000000e+03  λ=8.401159e-01  dt=8.464e-04  relΔE=6.444e-06  ||F||=6.538e-02
 step= 31500  E=6.192092066113e+02  Q=1.329000000000e+03  λ=8.358764e-01  dt=1.310e-03  relΔE=9.101e-06  ||F||=6.234e-02
 step= 32000  E=6.169570397272e+02  Q=1.329000000000e+03  λ=8.321145e-01  dt=1.014e-03  relΔE=6.353e-06  ||F||=5.908e-02
 step= 32500  E=6.148817816247e+02  Q=1.329000000000e+03  λ=8.286406e-01  dt=7.848e-04  relΔE=4.394e-06  ||F||=5.576e-02
 step= 33000  E=6.131075434661e+02  Q=1.329000000000e+03  λ=8.256678e-01  dt=1.215e-03  relΔE=5.901e-06  ||F||=5.185e-02
 step= 33500  E=6.115677079622e+02  Q=1.329000000000e+03  λ=8.230797e-01  dt=9.403e-04  relΔE=3.947e-06  ||F||=4.814e-02
 step= 34000  E=6.102055900681e+02  Q=1.329000000000e+03  λ=8.207870e-01  dt=7.277e-04  relΔE=2.879e-06  ||F||=4.678e-02
 step= 34500  E=6.091120711039e+02  Q=1.329000000000e+03  λ=8.189455e-01  dt=1.126e-03  relΔE=3.392e-06  ||F||=4.070e-02
 step= 35000  E=6.081689854038e+02  Q=1.329000000000e+03  λ=8.173530e-01  dt=8.719e-04  relΔE=2.188e-06  ||F||=3.712e-02
 step= 35500  E=6.073797975707e+02  Q=1.329000000000e+03  λ=8.160201e-01  dt=1.350e-03  relΔE=2.783e-06  ||F||=3.406e-02
 step= 36000  E=6.067566623366e+02  Q=1.329000000000e+03  λ=8.149644e-01  dt=1.045e-03  relΔE=1.769e-06  ||F||=3.046e-02
 step= 36500  E=6.062303782232e+02  Q=1.329000000000e+03  λ=8.140715e-01  dt=8.084e-04  relΔE=1.111e-06  ||F||=2.742e-02
 step= 37000  E=6.058123812538e+02  Q=1.329000000000e+03  λ=8.133618e-01  dt=1.251e-03  relΔE=1.381e-06  ||F||=2.457e-02
 step= 37500  E=6.054798461559e+02  Q=1.329000000000e+03  λ=8.127952e-01  dt=9.685e-04  relΔE=8.578e-07  ||F||=2.200e-02
 step= 38000  E=6.052058312231e+02  Q=1.329000000000e+03  λ=8.123273e-01  dt=7.496e-04  relΔE=5.417e-07  ||F||=1.987e-02
 step= 38500  E=6.049970144713e+02  Q=1.329000000000e+03  λ=8.119701e-01  dt=1.160e-03  relΔE=6.467e-07  ||F||=1.744e-02
 step= 39000  E=6.048292145961e+02  Q=1.329000000000e+03  λ=8.116818e-01  dt=8.981e-04  relΔE=3.949e-07  ||F||=1.549e-02
 step= 39500  E=6.046938550678e+02  Q=1.329000000000e+03  λ=8.114488e-01  dt=1.390e-03  relΔE=4.737e-07  ||F||=1.930e-02
 step= 40000  E=6.045934734105e+02  Q=1.329000000000e+03  λ=8.112747e-01  dt=1.076e-03  relΔE=2.908e-07  ||F||=1.214e-02
 step= 40500  E=6.045113753783e+02  Q=1.329000000000e+03  λ=8.111318e-01  dt=8.327e-04  relΔE=1.753e-07  ||F||=1.071e-02
 step= 41000  E=6.044483922392e+02  Q=1.329000000000e+03  λ=8.110216e-01  dt=1.289e-03  relΔE=2.106e-07  ||F||=9.435e-03
 step= 41500  E=6.044000199391e+02  Q=1.329000000000e+03  λ=8.109363e-01  dt=9.977e-04  relΔE=1.269e-07  ||F||=8.323e-03
 step= 42000  E=6.043613829557e+02  Q=1.329000000000e+03  λ=8.108676e-01  dt=7.722e-04  relΔE=7.690e-08  ||F||=7.365e-03
 step= 42500  E=6.043323940647e+02  Q=1.329000000000e+03  λ=8.108156e-01  dt=1.195e-03  relΔE=9.087e-08  ||F||=6.432e-03
 step= 43000  E=6.043098185935e+02  Q=1.329000000000e+03  λ=8.107747e-01  dt=9.251e-04  relΔE=5.438e-08  ||F||=5.655e-03
 step= 43500  E=6.042919078409e+02  Q=1.329000000000e+03  λ=8.107429e-01  dt=1.432e-03  relΔE=1.157e-08  ||F||=5.134e-02
 step= 44000  E=6.042787902296e+02  Q=1.329000000000e+03  λ=8.107173e-01  dt=1.108e-03  relΔE=3.867e-08  ||F||=4.354e-03
 step= 44500  E=6.042684390091e+02  Q=1.329000000000e+03  λ=8.106977e-01  dt=7.148e-04  relΔE=1.925e-08  ||F||=3.824e-03
 step= 45000  E=6.042604366468e+02  Q=1.329000000000e+03  λ=8.106823e-01  dt=1.106e-03  relΔE=2.286e-08  ||F||=3.348e-03
 step= 45500  E=6.042542394623e+02  Q=1.329000000000e+03  λ=8.106701e-01  dt=8.564e-04  relΔE=1.357e-08  ||F||=2.931e-03
 step= 46000  E=6.042494926296e+02  Q=1.329000000000e+03  λ=8.106606e-01  dt=1.326e-03  relΔE=1.607e-08  ||F||=2.567e-03
 step= 46500  E=6.042459436794e+02  Q=1.329000000000e+03  λ=8.106532e-01  dt=1.026e-03  relΔE=9.584e-09  ||F||=2.249e-03
 step= 47000  E=6.042431326146e+02  Q=1.329000000000e+03  λ=8.106472e-01  dt=7.941e-04  relΔE=5.692e-09  ||F||=1.969e-03
 step= 47500  E=6.042410182912e+02  Q=1.329000000000e+03  λ=8.106425e-01  dt=1.229e-03  relΔE=6.735e-09  ||F||=1.720e-03
 step= 48000  E=6.042394035622e+02  Q=1.329000000000e+03  λ=8.106388e-01  dt=9.514e-04  relΔE=4.006e-09  ||F||=1.507e-03
 step= 48500  E=6.042381255045e+02  Q=1.329000000000e+03  λ=8.106358e-01  dt=7.363e-04  relΔE=2.481e-09  ||F||=1.348e-03
 step= 49000  E=6.042371908166e+02  Q=1.329000000000e+03  λ=8.106335e-01  dt=1.140e-03  relΔE=2.817e-09  ||F||=1.152e-03
 step= 49500  E=6.042364550277e+02  Q=1.329000000000e+03  λ=8.106315e-01  dt=8.822e-04  relΔE=1.671e-09  ||F||=1.008e-03
 step= 50000  E=6.042358824069e+02  Q=1.329000000000e+03  λ=8.106299e-01  dt=1.366e-03  relΔE=1.970e-09  ||F||=9.142e-04
 step= 50500  E=6.042354627626e+02  Q=1.329000000000e+03  λ=8.106287e-01  dt=1.057e-03  relΔE=1.177e-09  ||F||=7.705e-04
 step= 51000  E=6.042351279554e+02  Q=1.329000000000e+03  λ=8.106277e-01  dt=8.180e-04  relΔE=6.969e-10  ||F||=6.730e-04
 step= 51500  E=6.042348749793e+02  Q=1.329000000000e+03  λ=8.106268e-01  dt=1.266e-03  relΔE=8.257e-10  ||F||=5.877e-04
 step= 52000  E=6.042346831583e+02  Q=1.329000000000e+03  λ=8.106261e-01  dt=9.800e-04  relΔE=4.919e-10  ||F||=5.145e-04
 step= 52500  E=6.042345311966e+02  Q=1.329000000000e+03  λ=8.106255e-01  dt=7.585e-04  relΔE=2.978e-10  ||F||=4.543e-04
 step= 53000  E=6.042344187894e+02  Q=1.329000000000e+03  λ=8.106251e-01  dt=1.174e-03  relΔE=3.468e-10  ||F||=3.927e-04
 step= 53500  E=6.042343311165e+02  Q=1.329000000000e+03  λ=8.106247e-01  dt=9.087e-04  relΔE=2.065e-10  ||F||=3.434e-04
 step= 54000  E=6.042342618744e+02  Q=1.329000000000e+03  λ=8.106243e-01  dt=1.407e-03  relΔE=2.259e-10  ||F||=1.045e-03
 step= 54500  E=6.042342116314e+02  Q=1.329000000000e+03  λ=8.106240e-01  dt=1.089e-03  relΔE=1.464e-10  ||F||=2.623e-04
 step= 55000  E=6.042341711867e+02  Q=1.329000000000e+03  λ=8.106238e-01  dt=8.426e-04  relΔE=8.717e-11  ||F||=2.290e-04
 step= 55500  E=6.042341402493e+02  Q=1.329000000000e+03  λ=8.106236e-01  dt=1.304e-03  relΔE=1.038e-10  ||F||=1.999e-04
 step= 56000  E=6.042341168473e+02  Q=1.329000000000e+03  λ=8.106234e-01  dt=1.009e-03  relΔE=6.228e-11  ||F||=1.750e-04
 step= 56500  E=6.042340981516e+02  Q=1.329000000000e+03  λ=8.106233e-01  dt=7.813e-04  relΔE=3.758e-11  ||F||=1.537e-04
 step= 57000  E=6.042340840895e+02  Q=1.329000000000e+03  λ=8.106232e-01  dt=1.209e-03  relΔE=4.458e-11  ||F||=1.335e-04
 step= 57500  E=6.042340731518e+02  Q=1.329000000000e+03  λ=8.106231e-01  dt=9.360e-04  relΔE=2.683e-11  ||F||=1.168e-04
 step= 58000  E=6.042340643817e+02  Q=1.329000000000e+03  λ=8.106230e-01  dt=7.244e-04  relΔE=1.823e-11  ||F||=1.100e-04
 step= 58500  E=6.042340579173e+02  Q=1.329000000000e+03  λ=8.106229e-01  dt=1.121e-03  relΔE=1.945e-11  ||F||=8.913e-05
 step= 59000  E=6.042340527012e+02  Q=1.329000000000e+03  λ=8.106228e-01  dt=8.679e-04  relΔE=1.175e-11  ||F||=7.789e-05
 step= 59500  E=6.042340485945e+02  Q=1.329000000000e+03  λ=8.106228e-01  dt=1.343e-03  relΔE=1.417e-11  ||F||=6.846e-05
 step= 60000  E=6.042340454878e+02  Q=1.329000000000e+03  λ=8.106227e-01  dt=1.040e-03  relΔE=8.650e-12  ||F||=5.949e-05
 step= 60500  E=6.042340429578e+02  Q=1.329000000000e+03  λ=8.106227e-01  dt=8.048e-04  relΔE=5.277e-12  ||F||=5.206e-05
 step= 61000  E=6.042340409991e+02  Q=1.329000000000e+03  λ=8.106226e-01  dt=1.246e-03  relΔE=6.422e-12  ||F||=4.536e-05
 step= 61500  E=6.042340394593e+02  Q=1.329000000000e+03  λ=8.106226e-01  dt=9.642e-04  relΔE=3.946e-12  ||F||=3.970e-05
 step= 62000  E=6.042340382027e+02  Q=1.329000000000e+03  λ=8.106226e-01  dt=7.462e-04  relΔE=2.481e-12  ||F||=3.529e-05
 step= 62500  E=6.042340372385e+02  Q=1.329000000000e+03  λ=8.106225e-01  dt=1.155e-03  relΔE=2.996e-12  ||F||=3.031e-05
 step= 63000  E=6.042340364554e+02  Q=1.329000000000e+03  λ=8.106225e-01  dt=8.940e-04  relΔE=1.859e-12  ||F||=2.651e-05
 step= 63500  E=6.042340358101e+02  Q=1.329000000000e+03  λ=8.106225e-01  dt=1.384e-03  relΔE=2.286e-12  ||F||=3.804e-05
 step= 64000  E=6.042340353189e+02  Q=1.329000000000e+03  λ=8.106225e-01  dt=1.071e-03  relΔE=1.446e-12  ||F||=2.025e-05
 step= 64500  E=6.042340349030e+02  Q=1.329000000000e+03  λ=8.106225e-01  dt=8.290e-04  relΔE=9.054e-13  ||F||=1.771e-05
 step= 65000  E=6.042340345704e+02  Q=1.329000000000e+03  λ=8.106224e-01  dt=1.283e-03  relΔE=1.138e-12  ||F||=1.544e-05
 step= 65500  E=6.042340343023e+02  Q=1.329000000000e+03  λ=8.106224e-01  dt=9.932e-04  relΔE=7.216e-13  ||F||=1.352e-05
 step= 66000  E=6.042340340766e+02  Q=1.329000000000e+03  λ=8.106224e-01  dt=7.687e-04  relΔE=4.623e-13  ||F||=1.197e-05
 step= 66500  E=6.042340338966e+02  Q=1.329000000000e+03  λ=8.106224e-01  dt=1.190e-03  relΔE=5.835e-13  ||F||=1.032e-05
 step= 67000  E=6.042340337469e+02  Q=1.329000000000e+03  λ=8.106224e-01  dt=9.209e-04  relΔE=3.735e-13  ||F||=9.031e-06
 step= 67500  E=6.042340336192e+02  Q=1.329000000000e+03  λ=8.106224e-01  dt=5.940e-04  relΔE=9.270e-13  ||F||=1.831e-04
 step= 68000  E=6.042340335206e+02  Q=1.329000000000e+03  λ=8.106224e-01  dt=9.194e-04  relΔE=2.591e-13  ||F||=6.924e-06
 step= 68500  E=6.042340334319e+02  Q=1.329000000000e+03  λ=8.106224e-01  dt=1.423e-03  relΔE=4.271e-14  ||F||=1.330e-04
 step= 69000  E=6.042340333615e+02  Q=1.329000000000e+03  λ=8.106224e-01  dt=1.102e-03  relΔE=2.160e-13  ||F||=5.285e-06
 step= 69500  E=6.042340333010e+02  Q=1.329000000000e+03  λ=8.106224e-01  dt=7.104e-04  relΔE=1.176e-13  ||F||=4.659e-06
 step= 70000  E=6.042340332507e+02  Q=1.329000000000e+03  λ=8.106224e-01  dt=1.100e-03  relΔE=1.528e-13  ||F||=4.052e-06
 step= 70500  E=6.042340332071e+02  Q=1.329000000000e+03  λ=8.106224e-01  dt=8.511e-04  relΔE=1.003e-13  ||F||=3.549e-06
 step= 71000  E=6.042340331704e+02  Q=1.329000000000e+03  λ=8.106224e-01  dt=1.318e-03  relΔE=1.304e-13  ||F||=3.113e-06
 step= 71500  E=6.042340331402e+02  Q=1.329000000000e+03  λ=8.106224e-01  dt=1.020e-03  relΔE=8.580e-14  ||F||=2.709e-06
 step= 72000  E=6.042340331137e+02  Q=1.329000000000e+03  λ=8.106224e-01  dt=7.892e-04  relΔE=5.645e-14  ||F||=2.425e-06
 step= 72500  E=6.042340330916e+02  Q=1.329000000000e+03  λ=8.106224e-01  dt=1.222e-03  relΔE=7.432e-14  ||F||=2.069e-06
 step= 73000  E=6.042340330729e+02  Q=1.329000000000e+03  λ=8.106224e-01  dt=9.455e-04  relΔE=4.873e-14  ||F||=1.814e-06
 step= 73500  E=6.042340330565e+02  Q=1.329000000000e+03  λ=8.106224e-01  dt=7.318e-04  relΔE=3.406e-14  ||F||=1.982e-06
 step= 74000  E=6.042340330431e+02  Q=1.329000000000e+03  λ=8.106224e-01  dt=1.133e-03  relΔE=4.252e-14  ||F||=1.386e-06
 step= 74500  E=6.042340330314e+02  Q=1.329000000000e+03  λ=8.106224e-01  dt=8.767e-04  relΔE=2.860e-14  ||F||=1.219e-06
 step= 75000  E=6.042340330212e+02  Q=1.329000000000e+03  λ=8.106224e-01  dt=1.357e-03  relΔE=3.725e-14  ||F||=1.545e-06
 step= 75500  E=6.042340330129e+02  Q=1.329000000000e+03  λ=8.106224e-01  dt=1.050e-03  relΔE=2.502e-14  ||F||=9.290e-07
 step= 76000  E=6.042340330055e+02  Q=1.329000000000e+03  λ=8.106224e-01  dt=8.130e-04  relΔE=1.599e-14  ||F||=8.416e-07
 step= 76500  E=6.042340329993e+02  Q=1.329000000000e+03  λ=8.106224e-01  dt=1.258e-03  relΔE=2.183e-14  ||F||=7.100e-07
 step= 77000  E=6.042340329941e+02  Q=1.329000000000e+03  λ=8.106224e-01  dt=9.740e-04  relΔE=1.468e-14  ||F||=6.229e-07
 step= 77500  E=6.042340329895e+02  Q=1.329000000000e+03  λ=8.106224e-01  dt=7.538e-04  relΔE=9.596e-15  ||F||=6.548e-07
 step= 78000  E=6.042340329856e+02  Q=1.329000000000e+03  λ=8.106224e-01  dt=1.167e-03  relΔE=1.223e-14  ||F||=4.764e-07
 step= 78500  E=6.042340329823e+02  Q=1.329000000000e+03  λ=8.106224e-01  dt=9.031e-04  relΔE=7.902e-15  ||F||=4.195e-07
 step= 79000  E=6.042340329794e+02  Q=1.329000000000e+03  λ=8.106224e-01  dt=1.398e-03  relΔE=9.219e-15  ||F||=1.192e-05
 step= 79500  E=6.042340329771e+02  Q=1.329000000000e+03  λ=8.106224e-01  dt=1.082e-03  relΔE=6.773e-15  ||F||=3.199e-07
 step= 80000  E=6.042340329750e+02  Q=1.329000000000e+03  λ=8.106224e-01  dt=8.374e-04  relΔE=4.704e-15  ||F||=2.905e-07
 step= 80500  E=6.042340329733e+02  Q=1.329000000000e+03  λ=8.106224e-01  dt=1.296e-03  relΔE=5.833e-15  ||F||=2.516e-07
 step= 81000  E=6.042340329718e+02  Q=1.329000000000e+03  λ=8.106224e-01  dt=1.003e-03  relΔE=3.763e-15  ||F||=2.151e-07
 step= 81500  E=6.042340329705e+02  Q=1.329000000000e+03  λ=8.106224e-01  dt=7.765e-04  relΔE=2.446e-15  ||F||=2.355e-07
 step= 82000  E=6.042340329695e+02  Q=1.329000000000e+03  λ=8.106224e-01  dt=1.202e-03  relΔE=3.763e-15  ||F||=1.646e-07
 step= 82500  E=6.042340329686e+02  Q=1.329000000000e+03  λ=8.106224e-01  dt=9.303e-04  relΔE=2.634e-15  ||F||=1.453e-07
 step= 83000  E=6.042340329678e+02  Q=1.329000000000e+03  λ=8.106224e-01  dt=7.200e-04  relΔE=1.693e-15  ||F||=3.164e-07
 step= 83500  E=6.042340329672e+02  Q=1.329000000000e+03  λ=8.106224e-01  dt=1.115e-03  relΔE=2.258e-15  ||F||=1.109e-07
 step= 84000  E=6.042340329666e+02  Q=1.329000000000e+03  λ=8.106224e-01  dt=8.626e-04  relΔE=1.882e-15  ||F||=1.022e-07
 step= 84500  E=6.042340329662e+02  Q=1.329000000000e+03  λ=8.106224e-01  dt=1.335e-03  relΔE=1.505e-15  ||F||=1.711e-07
 step= 85000  E=6.042340329658e+02  Q=1.329000000000e+03  λ=8.106224e-01  dt=1.033e-03  relΔE=7.526e-16  ||F||=7.481e-08
 step= 85500  E=6.042340329655e+02  Q=1.329000000000e+03  λ=8.106224e-01  dt=7.999e-04  relΔE=5.645e-16  ||F||=7.846e-08
 step= 86000  E=6.042340329652e+02  Q=1.329000000000e+03  λ=8.106224e-01  dt=1.238e-03  relΔE=7.526e-16  ||F||=5.744e-08
 step= 86500  E=6.042340329650e+02  Q=1.329000000000e+03  λ=8.106224e-01  dt=9.583e-04  relΔE=1.129e-15  ||F||=5.065e-08
 Converged (aggressive): step=86534, E=6.042340329650e+02, Q=1.329000000000e+03, dt=9.583e-04, ||F||=4.999e-08

Stationary candidate (aggressive): E=6.042340329650e+02, Q=1.329000000000e+03, maxρ=8.904130e-01

=== Stability test (damped inertial dynamics) ===
Perturb eps=0.02, gamma=1
t=0: E=6.692489248032e+02, Q=1.329000000000e+03, maxρ=9.190279e-01, σ=2.581659e+00, Rc=1.842716e+01
 step=     1  E=6.692485978035e+02  Q=1.329000000000e+03  λ=1.197550e+00  maxρ=9.190279e-01  minρ=1.072e-15  σ=2.581659e+00  Rc=1.842716e+01
 step=   300  E=6.558411496821e+02  Q=1.329000000000e+03  λ=1.094460e+00  maxρ=9.174684e-01  minρ=1.078e-15  σ=2.581656e+00  Rc=1.842717e+01
 step=   600  E=6.288783605036e+02  Q=1.329000000000e+03  λ=9.078011e-01  maxρ=9.130715e-01  minρ=1.069e-15  σ=2.581650e+00  Rc=1.842717e+01
 step=   900  E=6.131010356191e+02  Q=1.329000000000e+03  λ=8.483480e-01  maxρ=9.065681e-01  minρ=1.050e-15  σ=2.581649e+00  Rc=1.842717e+01
 step=  1200  E=6.191174099224e+02  Q=1.329000000000e+03  λ=9.560102e-01  maxρ=9.036808e-01  minρ=1.035e-15  σ=2.581651e+00  Rc=1.842716e+01
 step=  1500  E=6.352973101720e+02  Q=1.329000000000e+03  λ=1.072771e+00  maxρ=9.088539e-01  minρ=1.027e-15  σ=2.581652e+00  Rc=1.842716e+01
 step=  1800  E=6.435695141008e+02  Q=1.329000000000e+03  λ=1.058771e+00  maxρ=9.117618e-01  minρ=1.015e-15  σ=2.581650e+00  Rc=1.842716e+01
 step=  2100  E=6.387204716471e+02  Q=1.329000000000e+03  λ=9.572251e-01  maxρ=9.071187e-01  minρ=1.000e-15  σ=2.581647e+00  Rc=1.842716e+01
 step=  2400  E=6.301738011947e+02  Q=1.329000000000e+03  λ=9.102033e-01  maxρ=8.981013e-01  minρ=1.000e-15  σ=2.581647e+00  Rc=1.842716e+01
 step=  2700  E=6.280564671025e+02  Q=1.329000000000e+03  λ=9.650820e-01  maxρ=9.026744e-01  minρ=1.000e-15  σ=2.581650e+00  Rc=1.842716e+01
 step=  3000  E=6.321855172673e+02  Q=1.329000000000e+03  λ=1.031241e+00  maxρ=9.140122e-01  minρ=1.000e-15  σ=2.581651e+00  Rc=1.842716e+01
 step=  3300  E=6.353270490715e+02  Q=1.329000000000e+03  λ=1.018923e+00  maxρ=9.163578e-01  minρ=1.000e-15  σ=2.581647e+00  Rc=1.842716e+01
 step=  3600  E=6.334510514055e+02  Q=1.329000000000e+03  λ=9.540751e-01  maxρ=9.099007e-01  minρ=1.000e-15  σ=2.581643e+00  Rc=1.842716e+01
 step=  3900  E=6.295043700695e+02  Q=1.329000000000e+03  λ=9.251380e-01  maxρ=9.099048e-01  minρ=1.000e-15  σ=2.581643e+00  Rc=1.842716e+01
 step=  4200  E=6.280460322559e+02  Q=1.329000000000e+03  λ=9.579534e-01  maxρ=9.067413e-01  minρ=1.000e-15  σ=2.581646e+00  Rc=1.842715e+01
 step=  4500  E=6.294585816772e+02  Q=1.329000000000e+03  λ=9.935958e-01  maxρ=9.046162e-01  minρ=1.000e-15  σ=2.581647e+00  Rc=1.842715e+01
 step=  4800  E=6.307215544063e+02  Q=1.329000000000e+03  λ=9.810530e-01  maxρ=9.082809e-01  minρ=1.000e-15  σ=2.581643e+00  Rc=1.842715e+01
 step=  5100  E=6.300221207360e+02  Q=1.329000000000e+03  λ=9.431993e-01  maxρ=9.093389e-01  minρ=1.000e-15  σ=2.581638e+00  Rc=1.842715e+01
 step=  5400  E=6.285260175512e+02  Q=1.329000000000e+03  λ=9.330376e-01  maxρ=9.082662e-01  minρ=1.000e-15  σ=2.581637e+00  Rc=1.842715e+01
 step=  5700  E=6.279425072661e+02  Q=1.329000000000e+03  λ=9.571527e-01  maxρ=9.051626e-01  minρ=1.000e-15  σ=2.581638e+00  Rc=1.842714e+01
 step=  6000  E=6.281822563004e+02  Q=1.329000000000e+03  λ=9.746758e-01  maxρ=9.031037e-01  minρ=1.000e-15  σ=2.581639e+00  Rc=1.842714e+01
 >>> No runaway detected in this horizon. Likely stable (within this model & box).

STABILITY: PASS
