
=== Aggressive relaxation to Q = 223 ===
Initial: E=1.943601468592e+02, Q=2.230000000000e+02, dt=1.000e-04
 step=     1  E=1.943573990884e+02  Q=2.230000000000e+02  λ=1.646005e+00  dt=1.000e-04  relΔE=1.414e-05  ||F||=3.515e-01
 step=   500  E=1.910804098903e+02  Q=2.230000000000e+02  λ=1.617566e+00  dt=6.192e-04  relΔE=6.286e-05  ||F||=3.235e-01
 step=  1000  E=1.826052725270e+02  Q=2.230000000000e+02  λ=1.545154e+00  dt=9.584e-04  relΔE=6.613e-05  ||F||=2.606e-01
 step=  1500  E=1.763968989494e+02  Q=2.230000000000e+02  λ=1.493220e+00  dt=7.418e-04  relΔE=4.090e-05  ||F||=2.290e-01
 step=  2000  E=1.716854854780e+02  Q=2.230000000000e+02  λ=1.454326e+00  dt=1.148e-03  relΔE=5.238e-05  ||F||=2.054e-01
 step=  2500  E=1.676309550098e+02  Q=2.230000000000e+02  λ=1.421034e+00  dt=8.887e-04  relΔE=3.569e-05  ||F||=1.904e-01
 step=  3000  E=1.640262119762e+02  Q=2.230000000000e+02  λ=1.391597e+00  dt=1.376e-03  relΔE=4.934e-05  ||F||=2.042e-01
 step=  3500  E=1.609694205527e+02  Q=2.230000000000e+02  λ=1.366654e+00  dt=8.873e-04  relΔE=2.900e-05  ||F||=1.683e-01
 step=  4000  E=1.581405764420e+02  Q=2.230000000000e+02  λ=1.343681e+00  dt=1.373e-03  relΔE=4.066e-05  ||F||=2.191e-01
 step=  4500  E=1.557084038866e+02  Q=2.230000000000e+02  λ=1.323925e+00  dt=1.063e-03  relΔE=2.907e-05  ||F||=1.514e-01
 step=  5000  E=1.534077851892e+02  Q=2.230000000000e+02  λ=1.305291e+00  dt=8.227e-04  relΔE=2.071e-05  ||F||=1.442e-01
 step=  5500  E=1.513499449800e+02  Q=2.230000000000e+02  λ=1.288679e+00  dt=1.274e-03  relΔE=2.954e-05  ||F||=1.375e-01
 step=  6000  E=1.494908826808e+02  Q=2.230000000000e+02  λ=1.273683e+00  dt=9.857e-04  relΔE=2.120e-05  ||F||=1.315e-01
 step=  6500  E=1.477342139655e+02  Q=2.230000000000e+02  λ=1.259548e+00  dt=7.629e-04  relΔE=1.545e-05  ||F||=1.269e-01
 step=  7000  E=1.461700898434e+02  Q=2.230000000000e+02  λ=1.247002e+00  dt=1.181e-03  relΔE=2.199e-05  ||F||=1.210e-01
 step=  7500  E=1.447077492802e+02  Q=2.230000000000e+02  λ=1.235285e+00  dt=9.140e-04  relΔE=1.594e-05  ||F||=1.166e-01
 step=  8000  E=1.433089775490e+02  Q=2.230000000000e+02  λ=1.224281e+00  dt=1.415e-03  relΔE=1.843e-05  ||F||=6.176e-01
 step=  8500  E=1.420785343715e+02  Q=2.230000000000e+02  λ=1.214304e+00  dt=1.095e-03  relΔE=1.694e-05  ||F||=1.088e-01
 step=  9000  E=1.408724236017e+02  Q=2.230000000000e+02  λ=1.204709e+00  dt=8.475e-04  relΔE=1.244e-05  ||F||=1.055e-01
 step=  9500  E=1.397398978422e+02  Q=2.230000000000e+02  λ=1.195734e+00  dt=1.312e-03  relΔE=1.832e-05  ||F||=1.026e-01
 step= 10000  E=1.386922315429e+02  Q=2.230000000000e+02  λ=1.187440e+00  dt=1.015e-03  relΔE=1.359e-05  ||F||=9.996e-02
 step= 10500  E=1.376605968910e+02  Q=2.230000000000e+02  λ=1.179294e+00  dt=7.858e-04  relΔE=1.019e-05  ||F||=9.804e-02
 step= 11000  E=1.366946149644e+02  Q=2.230000000000e+02  λ=1.171692e+00  dt=1.216e-03  relΔE=1.514e-05  ||F||=9.571e-02
 step= 11500  E=1.357667731025e+02  Q=2.230000000000e+02  λ=1.164394e+00  dt=9.414e-04  relΔE=1.139e-05  ||F||=9.403e-02
 step= 12000  E=1.348379099695e+02  Q=2.230000000000e+02  λ=1.157100e+00  dt=7.286e-04  relΔE=9.252e-06  ||F||=9.612e-02
 step= 12500  E=1.339808255472e+02  Q=2.230000000000e+02  λ=1.150378e+00  dt=1.128e-03  relΔE=1.303e-05  ||F||=9.128e-02
 step= 13000  E=1.331195904639e+02  Q=2.230000000000e+02  λ=1.143615e+00  dt=8.730e-04  relΔE=9.920e-06  ||F||=9.023e-02
 step= 13500  E=1.322692793389e+02  Q=2.230000000000e+02  λ=1.136937e+00  dt=1.351e-03  relΔE=1.510e-05  ||F||=9.047e-02
 step= 14000  E=1.314667132133e+02  Q=2.230000000000e+02  λ=1.130609e+00  dt=1.046e-03  relΔE=1.155e-05  ||F||=8.838e-02
 step= 14500  E=1.306494852517e+02  Q=2.230000000000e+02  λ=1.124141e+00  dt=8.095e-04  relΔE=8.869e-06  ||F||=8.778e-02
 step= 15000  E=1.298588271259e+02  Q=2.230000000000e+02  λ=1.117857e+00  dt=1.253e-03  relΔE=1.352e-05  ||F||=8.684e-02
 step= 15500  E=1.290891371241e+02  Q=2.230000000000e+02  λ=1.111691e+00  dt=9.698e-04  relΔE=1.035e-05  ||F||=8.611e-02
 step= 16000  E=1.283081565089e+02  Q=2.230000000000e+02  λ=1.105384e+00  dt=7.506e-04  relΔE=8.095e-06  ||F||=8.632e-02
 step= 16500  E=1.275709824918e+02  Q=2.230000000000e+02  λ=1.099380e+00  dt=1.162e-03  relΔE=1.207e-05  ||F||=8.446e-02
 step= 17000  E=1.268381914483e+02  Q=2.230000000000e+02  λ=1.093339e+00  dt=8.992e-04  relΔE=9.190e-06  ||F||=8.353e-02
 step= 17500  E=1.261020458135e+02  Q=2.230000000000e+02  λ=1.087210e+00  dt=1.392e-03  relΔE=1.374e-05  ||F||=1.418e-01
 step= 18000  E=1.254267456762e+02  Q=2.230000000000e+02  λ=1.081494e+00  dt=1.077e-03  relΔE=1.052e-05  ||F||=8.118e-02
 step= 18500  E=1.247427585536e+02  Q=2.230000000000e+02  λ=1.075629e+00  dt=8.338e-04  relΔE=7.909e-06  ||F||=7.980e-02
 step= 19000  E=1.240922914811e+02  Q=2.230000000000e+02  λ=1.069973e+00  dt=1.291e-03  relΔE=1.179e-05  ||F||=7.812e-02
 step= 19500  E=1.234794308904e+02  Q=2.230000000000e+02  λ=1.064553e+00  dt=9.989e-04  relΔE=8.757e-06  ||F||=7.632e-02
 step= 20000  E=1.228770292003e+02  Q=2.230000000000e+02  λ=1.059137e+00  dt=7.731e-04  relΔE=6.547e-06  ||F||=7.484e-02
 step= 20500  E=1.223258427165e+02  Q=2.230000000000e+02  λ=1.054102e+00  dt=1.197e-03  relΔE=9.437e-06  ||F||=7.205e-02
 step= 21000  E=1.218057787874e+02  Q=2.230000000000e+02  λ=1.049261e+00  dt=9.263e-04  relΔE=6.855e-06  ||F||=6.965e-02
 step= 21500  E=1.213059915797e+02  Q=2.230000000000e+02  λ=1.044551e+00  dt=7.169e-04  relΔE=8.165e-06  ||F||=2.523e-01
 step= 22000  E=1.208697159865e+02  Q=2.230000000000e+02  λ=1.040314e+00  dt=1.110e-03  relΔE=7.053e-06  ||F||=6.430e-02
 step= 22500  E=1.204598564387e+02  Q=2.230000000000e+02  λ=1.036279e+00  dt=7.157e-04  relΔE=4.177e-06  ||F||=6.151e-02
 step= 23000  E=1.200864683972e+02  Q=2.230000000000e+02  λ=1.032534e+00  dt=1.108e-03  relΔE=5.863e-06  ||F||=5.848e-02
 step= 23500  E=1.197441693779e+02  Q=2.230000000000e+02  λ=1.029026e+00  dt=8.575e-04  relΔE=4.087e-06  ||F||=5.542e-02
 step= 24000  E=1.194388178429e+02  Q=2.230000000000e+02  λ=1.025832e+00  dt=1.327e-03  relΔE=5.650e-06  ||F||=5.241e-02
 step= 24500  E=1.191748091770e+02  Q=2.230000000000e+02  λ=1.023005e+00  dt=1.027e-03  relΔE=3.892e-06  ||F||=4.929e-02
 step= 25000  E=1.189341227454e+02  Q=2.230000000000e+02  λ=1.020367e+00  dt=7.951e-04  relΔE=2.666e-06  ||F||=4.633e-02
 step= 25500  E=1.187265409377e+02  Q=2.230000000000e+02  λ=1.018039e+00  dt=1.231e-03  relΔE=3.598e-06  ||F||=4.322e-02
 step= 26000  E=1.185468446128e+02  Q=2.230000000000e+02  λ=1.015968e+00  dt=9.526e-04  relΔE=2.430e-06  ||F||=4.034e-02
 step= 26500  E=1.183855434569e+02  Q=2.230000000000e+02  λ=1.014058e+00  dt=7.373e-04  relΔE=1.695e-06  ||F||=3.830e-02
 step= 27000  E=1.182525847987e+02  Q=2.230000000000e+02  λ=1.012440e+00  dt=1.141e-03  relΔE=2.170e-06  ||F||=3.478e-02
 step= 27500  E=1.181356774567e+02  Q=2.230000000000e+02  λ=1.010972e+00  dt=8.833e-04  relΔE=1.440e-06  ||F||=3.219e-02
 step= 28000  E=1.180341022988e+02  Q=2.230000000000e+02  λ=1.009655e+00  dt=1.367e-03  relΔE=1.894e-06  ||F||=3.082e-02
 step= 28500  E=1.179514539552e+02  Q=2.230000000000e+02  λ=1.008544e+00  dt=1.058e-03  relΔE=1.251e-06  ||F||=2.739e-02
 step= 29000  E=1.178784913731e+02  Q=2.230000000000e+02  λ=1.007528e+00  dt=8.190e-04  relΔE=8.206e-07  ||F||=2.521e-02
 step= 29500  E=1.178178645903e+02  Q=2.230000000000e+02  λ=1.006650e+00  dt=1.268e-03  relΔE=1.069e-06  ||F||=2.312e-02
 step= 30000  E=1.177672620876e+02  Q=2.230000000000e+02  λ=1.005885e+00  dt=9.812e-04  relΔE=6.976e-07  ||F||=2.122e-02
 step= 30500  E=1.177234165620e+02  Q=2.230000000000e+02  λ=1.005192e+00  dt=7.594e-04  relΔE=4.610e-07  ||F||=1.961e-02
 step= 31000  E=1.176880080415e+02  Q=2.230000000000e+02  λ=1.004606e+00  dt=1.176e-03  relΔE=5.869e-07  ||F||=1.778e-02
 step= 31500  E=1.176579121900e+02  Q=2.230000000000e+02  λ=1.004081e+00  dt=9.098e-04  relΔE=3.798e-07  ||F||=1.625e-02
 step= 32000  E=1.176321184567e+02  Q=2.230000000000e+02  λ=1.003609e+00  dt=1.408e-03  relΔE=4.532e-07  ||F||=4.907e-02
 step= 32500  E=1.176118105100e+02  Q=2.230000000000e+02  λ=1.003213e+00  dt=1.090e-03  relΔE=3.163e-07  ||F||=1.355e-02
 step= 33000  E=1.175941762678e+02  Q=2.230000000000e+02  λ=1.002850e+00  dt=8.436e-04  relΔE=2.036e-07  ||F||=1.235e-02
 step= 33500  E=1.175795924766e+02  Q=2.230000000000e+02  λ=1.002531e+00  dt=1.306e-03  relΔE=2.614e-07  ||F||=1.125e-02
 step= 34000  E=1.175677342542e+02  Q=2.230000000000e+02  λ=1.002254e+00  dt=1.011e-03  relΔE=1.686e-07  ||F||=1.027e-02
 step= 34500  E=1.175575484022e+02  Q=2.230000000000e+02  λ=1.001999e+00  dt=7.823e-04  relΔE=1.089e-07  ||F||=9.379e-03
 step= 35000  E=1.175493157800e+02  Q=2.230000000000e+02  λ=1.001778e+00  dt=1.211e-03  relΔE=1.390e-07  ||F||=8.517e-03
 step= 35500  E=1.175424604904e+02  Q=2.230000000000e+02  λ=1.001581e+00  dt=9.372e-04  relΔE=8.947e-08  ||F||=7.765e-03
 step= 36000  E=1.175365855836e+02  Q=2.230000000000e+02  λ=1.001398e+00  dt=7.254e-04  relΔE=6.408e-08  ||F||=7.488e-03
 step= 36500  E=1.175319577598e+02  Q=2.230000000000e+02  λ=1.001243e+00  dt=1.123e-03  relΔE=7.394e-08  ||F||=6.447e-03
 step= 37000  E=1.175279802520e+02  Q=2.230000000000e+02  λ=1.001098e+00  dt=8.690e-04  relΔE=4.757e-08  ||F||=5.877e-03
 step= 37500  E=1.175246460553e+02  Q=2.230000000000e+02  λ=1.000967e+00  dt=1.345e-03  relΔE=6.106e-08  ||F||=5.380e-03
 step= 38000  E=1.175219667105e+02  Q=2.230000000000e+02  λ=1.000852e+00  dt=1.041e-03  relΔE=3.952e-08  ||F||=4.893e-03
 step= 38500  E=1.175196527834e+02  Q=2.230000000000e+02  λ=1.000745e+00  dt=8.058e-04  relΔE=2.552e-08  ||F||=4.468e-03
 step= 39000  E=1.175177505810e+02  Q=2.230000000000e+02  λ=1.000649e+00  dt=1.247e-03  relΔE=3.292e-08  ||F||=4.078e-03
 step= 39500  E=1.175161760782e+02  Q=2.230000000000e+02  λ=1.000562e+00  dt=9.654e-04  relΔE=2.137e-08  ||F||=3.734e-03
 step= 40000  E=1.175148152832e+02  Q=2.230000000000e+02  λ=1.000481e+00  dt=7.472e-04  relΔE=1.417e-08  ||F||=3.457e-03
 step= 40500  E=1.175137162054e+02  Q=2.230000000000e+02  λ=1.000409e+00  dt=1.157e-03  relΔE=1.803e-08  ||F||=3.131e-03
 step= 41000  E=1.175127746814e+02  Q=2.230000000000e+02  λ=1.000342e+00  dt=8.952e-04  relΔE=1.176e-08  ||F||=2.874e-03
 step= 41500  E=1.175119621155e+02  Q=2.230000000000e+02  λ=1.000279e+00  dt=1.386e-03  relΔE=1.526e-08  ||F||=3.166e-03
 step= 42000  E=1.175113099682e+02  Q=2.230000000000e+02  λ=1.000224e+00  dt=1.072e-03  relΔE=1.007e-08  ||F||=2.428e-03
 step= 42500  E=1.175107324787e+02  Q=2.230000000000e+02  λ=1.000172e+00  dt=8.300e-04  relΔE=6.618e-09  ||F||=2.237e-03
 step= 43000  E=1.175102486477e+02  Q=2.230000000000e+02  λ=1.000124e+00  dt=1.285e-03  relΔE=8.702e-09  ||F||=2.060e-03
 step= 43500  E=1.175098408602e+02  Q=2.230000000000e+02  λ=1.000080e+00  dt=9.944e-04  relΔE=5.763e-09  ||F||=1.905e-03
 step= 44000  E=1.175094845231e+02  Q=2.230000000000e+02  λ=1.000039e+00  dt=1.283e-03  relΔE=6.361e-09  ||F||=1.762e-03
 step= 44500  E=1.175091858178e+02  Q=2.230000000000e+02  λ=1.000001e+00  dt=9.928e-04  relΔE=4.242e-09  ||F||=1.634e-03
 step= 45000  E=1.175089194288e+02  Q=2.230000000000e+02  λ=9.999654e-01  dt=7.684e-04  relΔE=2.864e-09  ||F||=1.526e-03
 step= 45500  E=1.175086970040e+02  Q=2.230000000000e+02  λ=9.999331e-01  dt=1.189e-03  relΔE=3.789e-09  ||F||=1.409e-03
 step= 46000  E=1.175085021291e+02  Q=2.230000000000e+02  λ=9.999028e-01  dt=9.206e-04  relΔE=2.548e-09  ||F||=1.313e-03
 step= 46500  E=1.175083280393e+02  Q=2.230000000000e+02  λ=9.998737e-01  dt=1.425e-03  relΔE=1.382e-09  ||F||=1.119e-02
 step= 47000  E=1.175081839430e+02  Q=2.230000000000e+02  λ=9.998481e-01  dt=1.103e-03  relΔE=2.324e-09  ||F||=1.144e-03
 step= 47500  E=1.175080528943e+02  Q=2.230000000000e+02  λ=9.998232e-01  dt=8.536e-04  relΔE=1.577e-09  ||F||=1.071e-03
 step= 48000  E=1.175079379853e+02  Q=2.230000000000e+02  λ=9.998000e-01  dt=1.321e-03  relΔE=2.141e-09  ||F||=1.004e-03
 step= 48500  E=1.175078395432e+02  Q=2.230000000000e+02  λ=9.997789e-01  dt=1.023e-03  relΔE=1.465e-09  ||F||=9.416e-04
 step= 49000  E=1.175077495747e+02  Q=2.230000000000e+02  λ=9.997584e-01  dt=7.915e-04  relΔE=1.009e-09  ||F||=8.875e-04
 step= 49500  E=1.175076715347e+02  Q=2.230000000000e+02  λ=9.997397e-01  dt=1.225e-03  relΔE=1.376e-09  ||F||=8.323e-04
 step= 50000  E=1.175076024727e+02  Q=2.230000000000e+02  λ=9.997222e-01  dt=9.483e-04  relΔE=9.480e-10  ||F||=7.848e-04
 step= 50500  E=1.175075389175e+02  Q=2.230000000000e+02  λ=9.997052e-01  dt=7.339e-04  relΔE=6.853e-10  ||F||=7.589e-04
 step= 51000  E=1.175074847596e+02  Q=2.230000000000e+02  λ=9.996899e-01  dt=1.136e-03  relΔE=9.043e-10  ||F||=6.991e-04
 step= 51500  E=1.175074350952e+02  Q=2.230000000000e+02  λ=9.996753e-01  dt=8.793e-04  relΔE=6.271e-10  ||F||=6.612e-04
 step= 52000  E=1.175073898679e+02  Q=2.230000000000e+02  λ=9.996612e-01  dt=1.361e-03  relΔE=8.680e-10  ||F||=6.512e-04
 step= 52500  E=1.175073509758e+02  Q=2.230000000000e+02  λ=9.996486e-01  dt=1.053e-03  relΔE=6.057e-10  ||F||=5.926e-04
 step= 53000  E=1.175073146035e+02  Q=2.230000000000e+02  λ=9.996362e-01  dt=8.153e-04  relΔE=4.228e-10  ||F||=5.624e-04
 step= 53500  E=1.175072823113e+02  Q=2.230000000000e+02  λ=9.996247e-01  dt=1.262e-03  relΔE=5.885e-10  ||F||=5.327e-04
 step= 54000  E=1.175072534805e+02  Q=2.230000000000e+02  λ=9.996140e-01  dt=9.768e-04  relΔE=4.119e-10  ||F||=5.061e-04
 step= 54500  E=1.175072265681e+02  Q=2.230000000000e+02  λ=9.996036e-01  dt=7.560e-04  relΔE=2.962e-10  ||F||=4.878e-04
 step= 55000  E=1.175072031139e+02  Q=2.230000000000e+02  λ=9.995941e-01  dt=1.170e-03  relΔE=4.039e-10  ||F||=4.569e-04
 step= 55500  E=1.175071815424e+02  Q=2.230000000000e+02  λ=9.995850e-01  dt=9.057e-04  relΔE=2.836e-10  ||F||=4.347e-04
 step= 56000  E=1.175071614257e+02  Q=2.230000000000e+02  λ=9.995761e-01  dt=1.402e-03  relΔE=3.802e-10  ||F||=1.157e-03
 step= 56500  E=1.175071442068e+02  Q=2.230000000000e+02  λ=9.995682e-01  dt=1.085e-03  relΔE=2.800e-10  ||F||=3.938e-04
 step= 57000  E=1.175071278248e+02  Q=2.230000000000e+02  λ=9.995604e-01  dt=8.398e-04  relΔE=1.971e-10  ||F||=3.751e-04
 step= 57500  E=1.175071130615e+02  Q=2.230000000000e+02  λ=9.995531e-01  dt=1.300e-03  relΔE=2.770e-10  ||F||=3.571e-04
 step= 58000  E=1.175070998589e+02  Q=2.230000000000e+02  λ=9.995463e-01  dt=1.006e-03  relΔE=1.955e-10  ||F||=3.405e-04
 step= 58500  E=1.175070874797e+02  Q=2.230000000000e+02  λ=9.995396e-01  dt=7.787e-04  relΔE=1.389e-10  ||F||=3.259e-04
 step= 59000  E=1.175070764724e+02  Q=2.230000000000e+02  λ=9.995335e-01  dt=1.205e-03  relΔE=1.944e-10  ||F||=3.094e-04
 step= 59500  E=1.175070664144e+02  Q=2.230000000000e+02  λ=9.995277e-01  dt=9.330e-04  relΔE=1.374e-10  ||F||=2.952e-04
 step= 60000  E=1.175070569219e+02  Q=2.230000000000e+02  λ=9.995219e-01  dt=7.221e-04  relΔE=1.094e-10  ||F||=3.013e-04
 step= 60500  E=1.175070487114e+02  Q=2.230000000000e+02  λ=9.995168e-01  dt=1.118e-03  relΔE=1.371e-10  ||F||=2.687e-04
 step= 61000  E=1.175070409658e+02  Q=2.230000000000e+02  λ=9.995118e-01  dt=8.651e-04  relΔE=9.701e-11  ||F||=2.565e-04
 step= 61500  E=1.175070338263e+02  Q=2.230000000000e+02  λ=9.995069e-01  dt=1.339e-03  relΔE=1.369e-10  ||F||=2.469e-04
 step= 62000  E=1.175070275353e+02  Q=2.230000000000e+02  λ=9.995025e-01  dt=1.036e-03  relΔE=9.708e-11  ||F||=2.336e-04
 step= 62500  E=1.175070215625e+02  Q=2.230000000000e+02  λ=9.994982e-01  dt=8.022e-04  relΔE=6.900e-11  ||F||=2.236e-04
 step= 63000  E=1.175070161929e+02  Q=2.230000000000e+02  λ=9.994941e-01  dt=1.242e-03  relΔE=9.721e-11  ||F||=2.129e-04
 step= 63500  E=1.175070113303e+02  Q=2.230000000000e+02  λ=9.994903e-01  dt=9.610e-04  relΔE=6.895e-11  ||F||=2.034e-04
 step= 64000  E=1.175070067245e+02  Q=2.230000000000e+02  λ=9.994865e-01  dt=7.438e-04  relΔE=5.048e-11  ||F||=1.979e-04
 step= 64500  E=1.175070026742e+02  Q=2.230000000000e+02  λ=9.994831e-01  dt=1.151e-03  relΔE=6.924e-11  ||F||=1.855e-04
 step= 65000  E=1.175069989004e+02  Q=2.230000000000e+02  λ=9.994797e-01  dt=8.911e-04  relΔE=4.913e-11  ||F||=1.772e-04
 step= 65500  E=1.175069953529e+02  Q=2.230000000000e+02  λ=9.994765e-01  dt=1.379e-03  relΔE=6.937e-11  ||F||=1.985e-04
 step= 66000  E=1.175069922749e+02  Q=2.230000000000e+02  λ=9.994736e-01  dt=8.897e-04  relΔE=4.120e-11  ||F||=1.617e-04
 step= 66500  E=1.175069893046e+02  Q=2.230000000000e+02  λ=9.994706e-01  dt=1.377e-03  relΔE=5.823e-11  ||F||=1.901e-04
 step= 67000  E=1.175069867227e+02  Q=2.230000000000e+02  λ=9.994680e-01  dt=8.882e-04  relΔE=3.463e-11  ||F||=1.476e-04
 step= 67500  E=1.175069842186e+02  Q=2.230000000000e+02  λ=9.994653e-01  dt=1.375e-03  relΔE=4.901e-11  ||F||=1.636e-04
 step= 68000  E=1.175069820401e+02  Q=2.230000000000e+02  λ=9.994629e-01  dt=8.868e-04  relΔE=2.913e-11  ||F||=1.348e-04
 step= 68500  E=1.175069799299e+02  Q=2.230000000000e+02  λ=9.994605e-01  dt=1.373e-03  relΔE=4.120e-11  ||F||=1.640e-04
 step= 69000  E=1.175069780864e+02  Q=2.230000000000e+02  λ=9.994583e-01  dt=1.062e-03  relΔE=2.944e-11  ||F||=1.231e-04
 step= 69500  E=1.175069763185e+02  Q=2.230000000000e+02  λ=9.994562e-01  dt=8.223e-04  relΔE=2.095e-11  ||F||=1.177e-04
 step= 70000  E=1.175069747182e+02  Q=2.230000000000e+02  λ=9.994541e-01  dt=1.273e-03  relΔE=2.972e-11  ||F||=1.123e-04
 step= 70500  E=1.175069732644e+02  Q=2.230000000000e+02  λ=9.994522e-01  dt=9.851e-04  relΔE=2.116e-11  ||F||=1.074e-04
 step= 71000  E=1.175069718871e+02  Q=2.230000000000e+02  λ=9.994503e-01  dt=7.625e-04  relΔE=1.535e-11  ||F||=1.038e-04
 step= 71500  E=1.175069706619e+02  Q=2.230000000000e+02  λ=9.994486e-01  dt=1.180e-03  relΔE=2.141e-11  ||F||=9.804e-05
 step= 72000  E=1.175069695242e+02  Q=2.230000000000e+02  λ=9.994469e-01  dt=9.135e-04  relΔE=1.526e-11  ||F||=9.373e-05
 step= 72500  E=1.175069684446e+02  Q=2.230000000000e+02  λ=9.994452e-01  dt=1.414e-03  relΔE=1.413e-11  ||F||=7.374e-04
 step= 73000  E=1.175069675073e+02  Q=2.230000000000e+02  λ=9.994437e-01  dt=1.094e-03  relΔE=1.547e-11  ||F||=8.558e-05
 step= 73500  E=1.175069666092e+02  Q=2.230000000000e+02  λ=9.994423e-01  dt=8.470e-04  relΔE=1.103e-11  ||F||=8.180e-05
 step= 74000  E=1.175069657844e+02  Q=2.230000000000e+02  λ=9.994409e-01  dt=1.311e-03  relΔE=1.570e-11  ||F||=7.814e-05
 step= 74500  E=1.175069650419e+02  Q=2.230000000000e+02  λ=9.994395e-01  dt=1.015e-03  relΔE=1.121e-11  ||F||=7.469e-05
 step= 75000  E=1.175069643366e+02  Q=2.230000000000e+02  λ=9.994383e-01  dt=7.854e-04  relΔE=8.056e-12  ||F||=7.174e-05
 step= 75500  E=1.175069636995e+02  Q=2.230000000000e+02  λ=9.994371e-01  dt=1.216e-03  relΔE=1.140e-11  ||F||=6.818e-05
 step= 76000  E=1.175069631146e+02  Q=2.230000000000e+02  λ=9.994359e-01  dt=9.409e-04  relΔE=8.144e-12  ||F||=6.520e-05
 step= 76500  E=1.175069625563e+02  Q=2.230000000000e+02  λ=9.994348e-01  dt=7.283e-04  relΔE=6.198e-12  ||F||=6.503e-05
 step= 77000  E=1.175069620660e+02  Q=2.230000000000e+02  λ=9.994338e-01  dt=1.127e-03  relΔE=8.304e-12  ||F||=5.954e-05
 step= 77500  E=1.175069616003e+02  Q=2.230000000000e+02  λ=9.994328e-01  dt=8.725e-04  relΔE=5.939e-12  ||F||=5.694e-05
 step= 78000  E=1.175069611646e+02  Q=2.230000000000e+02  λ=9.994318e-01  dt=1.351e-03  relΔE=8.467e-12  ||F||=5.605e-05
 step= 78500  E=1.175069607785e+02  Q=2.230000000000e+02  λ=9.994309e-01  dt=1.045e-03  relΔE=6.068e-12  ||F||=5.198e-05
 step= 79000  E=1.175069604077e+02  Q=2.230000000000e+02  λ=9.994300e-01  dt=8.090e-04  relΔE=4.356e-12  ||F||=4.981e-05
 step= 79500  E=1.175069600704e+02  Q=2.230000000000e+02  λ=9.994292e-01  dt=1.252e-03  relΔE=6.208e-12  ||F||=4.746e-05
 step= 80000  E=1.175069597614e+02  Q=2.230000000000e+02  λ=9.994284e-01  dt=9.692e-04  relΔE=4.450e-12  ||F||=4.538e-05
 step= 80500  E=1.175069594661e+02  Q=2.230000000000e+02  λ=9.994276e-01  dt=7.502e-04  relΔE=3.288e-12  ||F||=4.438e-05
 step= 81000  E=1.175069592031e+02  Q=2.230000000000e+02  λ=9.994269e-01  dt=1.161e-03  relΔE=4.565e-12  ||F||=4.144e-05
 step= 81500  E=1.175069589559e+02  Q=2.230000000000e+02  λ=9.994262e-01  dt=8.987e-04  relΔE=3.275e-12  ||F||=3.963e-05
 step= 82000  E=1.175069587204e+02  Q=2.230000000000e+02  λ=9.994255e-01  dt=1.391e-03  relΔE=4.614e-12  ||F||=8.821e-05
 step= 82500  E=1.175069585140e+02  Q=2.230000000000e+02  λ=9.994249e-01  dt=1.077e-03  relΔE=3.371e-12  ||F||=3.619e-05
 step= 83000  E=1.175069583142e+02  Q=2.230000000000e+02  λ=9.994243e-01  dt=8.333e-04  relΔE=2.424e-12  ||F||=3.464e-05
 step= 83500  E=1.175069581305e+02  Q=2.230000000000e+02  λ=9.994237e-01  dt=1.290e-03  relΔE=3.472e-12  ||F||=3.305e-05
 step= 84000  E=1.175069579629e+02  Q=2.230000000000e+02  λ=9.994232e-01  dt=9.984e-04  relΔE=2.498e-12  ||F||=3.160e-05
 step= 84500  E=1.175069578026e+02  Q=2.230000000000e+02  λ=9.994227e-01  dt=7.727e-04  relΔE=1.822e-12  ||F||=3.057e-05
 step= 85000  E=1.175069576574e+02  Q=2.230000000000e+02  λ=9.994222e-01  dt=1.196e-03  relΔE=2.582e-12  ||F||=2.886e-05
 step= 85500  E=1.175069575222e+02  Q=2.230000000000e+02  λ=9.994217e-01  dt=9.258e-04  relΔE=1.859e-12  ||F||=2.760e-05
 step= 86000  E=1.175069573920e+02  Q=2.230000000000e+02  λ=9.994212e-01  dt=7.165e-04  relΔE=1.629e-12  ||F||=3.291e-05
 step= 86500  E=1.175069572775e+02  Q=2.230000000000e+02  λ=9.994208e-01  dt=1.109e-03  relΔE=1.929e-12  ||F||=2.521e-05
 step= 87000  E=1.175069571671e+02  Q=2.230000000000e+02  λ=9.994204e-01  dt=8.584e-04  relΔE=1.391e-12  ||F||=2.412e-05
 step= 87500  E=1.175069570638e+02  Q=2.230000000000e+02  λ=9.994200e-01  dt=1.329e-03  relΔE=2.002e-12  ||F||=2.312e-05
 step= 88000  E=1.175069569704e+02  Q=2.230000000000e+02  λ=9.994196e-01  dt=1.028e-03  relΔE=1.446e-12  ||F||=2.202e-05
 step= 88500  E=1.175069568804e+02  Q=2.230000000000e+02  λ=9.994192e-01  dt=7.960e-04  relΔE=1.052e-12  ||F||=2.121e-05
 step= 89000  E=1.175069567979e+02  Q=2.230000000000e+02  λ=9.994189e-01  dt=1.232e-03  relΔE=1.507e-12  ||F||=2.011e-05
 step= 89500  E=1.175069567216e+02  Q=2.230000000000e+02  λ=9.994186e-01  dt=9.536e-04  relΔE=1.090e-12  ||F||=1.923e-05
 step= 90000  E=1.175069566479e+02  Q=2.230000000000e+02  λ=9.994182e-01  dt=7.381e-04  relΔE=8.173e-13  ||F||=1.907e-05
 step= 90500  E=1.175069565818e+02  Q=2.230000000000e+02  λ=9.994180e-01  dt=1.142e-03  relΔE=1.139e-12  ||F||=1.757e-05
 step= 91000  E=1.175069565184e+02  Q=2.230000000000e+02  λ=9.994177e-01  dt=1.474e-03  relΔE=1.361e-12  ||F||=8.545e-05
 step= 91500  E=1.175069564606e+02  Q=2.230000000000e+02  λ=9.994174e-01  dt=1.141e-03  relΔE=9.953e-13  ||F||=1.606e-05
 step= 92000  E=1.175069564055e+02  Q=2.230000000000e+02  λ=9.994171e-01  dt=8.828e-04  relΔE=7.224e-13  ||F||=1.537e-05
 step= 92500  E=1.175069563527e+02  Q=2.230000000000e+02  λ=9.994169e-01  dt=1.366e-03  relΔE=1.043e-12  ||F||=1.795e-05
 step= 93000  E=1.175069563057e+02  Q=2.230000000000e+02  λ=9.994166e-01  dt=1.058e-03  relΔE=7.585e-13  ||F||=1.403e-05
 step= 93500  E=1.175069562596e+02  Q=2.230000000000e+02  λ=9.994164e-01  dt=8.186e-04  relΔE=5.517e-13  ||F||=1.347e-05
 step= 94000  E=1.175069562172e+02  Q=2.230000000000e+02  λ=9.994162e-01  dt=1.267e-03  relΔE=7.985e-13  ||F||=1.281e-05
 step= 94500  E=1.175069561777e+02  Q=2.230000000000e+02  λ=9.994160e-01  dt=9.807e-04  relΔE=5.805e-13  ||F||=1.225e-05
 step= 95000  E=1.175069561396e+02  Q=2.230000000000e+02  λ=9.994158e-01  dt=7.590e-04  relΔE=4.293e-13  ||F||=1.200e-05
 step= 95500  E=1.175069561050e+02  Q=2.230000000000e+02  λ=9.994156e-01  dt=1.175e-03  relΔE=6.124e-13  ||F||=1.119e-05
 step= 96000  E=1.175069560721e+02  Q=2.230000000000e+02  λ=9.994154e-01  dt=9.093e-04  relΔE=4.455e-13  ||F||=1.071e-05
 step= 96500  E=1.175069560403e+02  Q=2.230000000000e+02  λ=9.994152e-01  dt=1.408e-03  relΔE=3.922e-13  ||F||=1.482e-04
 step= 97000  E=1.175069560120e+02  Q=2.230000000000e+02  λ=9.994151e-01  dt=1.089e-03  relΔE=4.721e-13  ||F||=9.781e-06
 step= 97500  E=1.175069559843e+02  Q=2.230000000000e+02  λ=9.994149e-01  dt=8.432e-04  relΔE=3.445e-13  ||F||=9.376e-06
 step= 98000  E=1.175069559583e+02  Q=2.230000000000e+02  λ=9.994147e-01  dt=1.305e-03  relΔE=5.009e-13  ||F||=8.958e-06
 step= 98500  E=1.175069559344e+02  Q=2.230000000000e+02  λ=9.994146e-01  dt=1.010e-03  relΔE=3.655e-13  ||F||=8.546e-06
 step= 99000  E=1.175069559112e+02  Q=2.230000000000e+02  λ=9.994145e-01  dt=7.818e-04  relΔE=2.685e-13  ||F||=8.280e-06
 step= 99500  E=1.175069558898e+02  Q=2.230000000000e+02  λ=9.994143e-01  dt=1.210e-03  relΔE=3.887e-13  ||F||=7.806e-06
 step=100000  E=1.175069558697e+02  Q=2.230000000000e+02  λ=9.994142e-01  dt=9.367e-04  relΔE=2.840e-13  ||F||=7.469e-06
 step=100500  E=1.175069558500e+02  Q=2.230000000000e+02  λ=9.994141e-01  dt=7.250e-04  relΔE=2.188e-13  ||F||=7.828e-06
 step=101000  E=1.175069558323e+02  Q=2.230000000000e+02  λ=9.994140e-01  dt=1.122e-03  relΔE=3.031e-13  ||F||=6.823e-06
 step=101500  E=1.175069558152e+02  Q=2.230000000000e+02  λ=9.994138e-01  dt=8.685e-04  relΔE=2.219e-13  ||F||=6.533e-06
 step=102000  E=1.175069557987e+02  Q=2.230000000000e+02  λ=9.994137e-01  dt=1.344e-03  relΔE=3.240e-13  ||F||=6.852e-06
 step=102500  E=1.175069557839e+02  Q=2.230000000000e+02  λ=9.994136e-01  dt=1.041e-03  relΔE=2.368e-13  ||F||=5.963e-06
 step=103000  E=1.175069557692e+02  Q=2.230000000000e+02  λ=9.994135e-01  dt=8.054e-04  relΔE=1.739e-13  ||F||=5.745e-06
 step=103500  E=1.175069557556e+02  Q=2.230000000000e+02  λ=9.994135e-01  dt=1.247e-03  relΔE=2.543e-13  ||F||=5.447e-06
 step=104000  E=1.175069557429e+02  Q=2.230000000000e+02  λ=9.994134e-01  dt=9.649e-04  relΔE=1.860e-13  ||F||=5.211e-06
 step=104500  E=1.175069557304e+02  Q=2.230000000000e+02  λ=9.994133e-01  dt=7.468e-04  relΔE=1.390e-13  ||F||=5.209e-06
 step=105000  E=1.175069557191e+02  Q=2.230000000000e+02  λ=9.994132e-01  dt=1.156e-03  relΔE=2.003e-13  ||F||=4.761e-06
 step=105500  E=1.175069557081e+02  Q=2.230000000000e+02  λ=9.994131e-01  dt=8.947e-04  relΔE=1.465e-13  ||F||=4.556e-06
 step=106000  E=1.175069556975e+02  Q=2.230000000000e+02  λ=9.994130e-01  dt=1.385e-03  relΔE=2.067e-13  ||F||=2.803e-05
 step=106500  E=1.175069556880e+02  Q=2.230000000000e+02  λ=9.994130e-01  dt=1.072e-03  relΔE=1.577e-13  ||F||=4.162e-06
 step=107000  E=1.175069556786e+02  Q=2.230000000000e+02  λ=9.994129e-01  dt=8.296e-04  relΔE=1.156e-13  ||F||=4.002e-06
 step=107500  E=1.175069556697e+02  Q=2.230000000000e+02  λ=9.994128e-01  dt=1.284e-03  relΔE=1.689e-13  ||F||=3.804e-06
 step=108000  E=1.175069556615e+02  Q=2.230000000000e+02  λ=9.994128e-01  dt=9.939e-04  relΔE=1.241e-13  ||F||=3.637e-06
 step=108500  E=1.175069556534e+02  Q=2.230000000000e+02  λ=9.994127e-01  dt=7.692e-04  relΔE=9.215e-14  ||F||=3.585e-06
 step=109000  E=1.175069556459e+02  Q=2.230000000000e+02  λ=9.994127e-01  dt=1.191e-03  relΔE=1.342e-13  ||F||=3.323e-06
 step=109500  E=1.175069556388e+02  Q=2.230000000000e+02  λ=9.994126e-01  dt=9.216e-04  relΔE=9.880e-14  ||F||=3.181e-06
 step=110000  E=1.175069556319e+02  Q=2.230000000000e+02  λ=9.994126e-01  dt=7.133e-04  relΔE=8.260e-14  ||F||=4.297e-06
 step=110500  E=1.175069556256e+02  Q=2.230000000000e+02  λ=9.994125e-01  dt=1.104e-03  relΔE=1.068e-13  ||F||=2.906e-06
 step=111000  E=1.175069556194e+02  Q=2.230000000000e+02  λ=9.994125e-01  dt=8.545e-04  relΔE=7.873e-14  ||F||=2.793e-06
 step=111500  E=1.175069556135e+02  Q=2.230000000000e+02  λ=9.994124e-01  dt=1.323e-03  relΔE=1.154e-13  ||F||=2.791e-06
 step=112000  E=1.175069556081e+02  Q=2.230000000000e+02  λ=9.994124e-01  dt=1.024e-03  relΔE=8.514e-14  ||F||=2.540e-06
 step=112500  E=1.175069556028e+02  Q=2.230000000000e+02  λ=9.994123e-01  dt=7.924e-04  relΔE=6.289e-14  ||F||=2.485e-06
 step=113000  E=1.175069555978e+02  Q=2.230000000000e+02  λ=9.994123e-01  dt=1.227e-03  relΔE=9.215e-14  ||F||=2.321e-06
 step=113500  E=1.175069555931e+02  Q=2.230000000000e+02  λ=9.994123e-01  dt=9.493e-04  relΔE=6.797e-14  ||F||=2.221e-06
 step=114000  E=1.175069555885e+02  Q=2.230000000000e+02  λ=9.994122e-01  dt=7.347e-04  relΔE=5.128e-14  ||F||=2.368e-06
 step=114500  E=1.175069555842e+02  Q=2.230000000000e+02  λ=9.994122e-01  dt=1.137e-03  relΔE=7.353e-14  ||F||=2.029e-06
 step=115000  E=1.175069555801e+02  Q=2.230000000000e+02  λ=9.994122e-01  dt=8.802e-04  relΔE=5.430e-14  ||F||=1.945e-06
 step=115500  E=1.175069555761e+02  Q=2.230000000000e+02  λ=9.994121e-01  dt=1.363e-03  relΔE=7.921e-14  ||F||=3.933e-06
 step=116000  E=1.175069555725e+02  Q=2.230000000000e+02  λ=9.994121e-01  dt=1.055e-03  relΔE=5.878e-14  ||F||=1.775e-06
 step=116500  E=1.175069555690e+02  Q=2.230000000000e+02  λ=9.994121e-01  dt=8.162e-04  relΔE=4.342e-14  ||F||=1.715e-06
 step=117000  E=1.175069555657e+02  Q=2.230000000000e+02  λ=9.994120e-01  dt=1.053e-03  relΔE=5.333e-14  ||F||=1.623e-06
 step=117500  E=1.175069555624e+02  Q=2.230000000000e+02  λ=9.994120e-01  dt=8.149e-04  relΔE=3.918e-14  ||F||=1.573e-06
 step=118000  E=1.175069555594e+02  Q=2.230000000000e+02  λ=9.994120e-01  dt=1.261e-03  relΔE=5.781e-14  ||F||=1.484e-06
 step=118500  E=1.175069555565e+02  Q=2.230000000000e+02  λ=9.994120e-01  dt=9.763e-04  relΔE=4.330e-14  ||F||=1.420e-06
 step=119000  E=1.175069555537e+02  Q=2.230000000000e+02  λ=9.994119e-01  dt=1.259e-03  relΔE=5.249e-14  ||F||=1.382e-06
 step=119500  E=1.175069555511e+02  Q=2.230000000000e+02  λ=9.994119e-01  dt=9.747e-04  relΔE=3.882e-14  ||F||=1.299e-06
 step=120000  E=1.175069555485e+02  Q=2.230000000000e+02  λ=9.994119e-01  dt=7.544e-04  relΔE=2.915e-14  ||F||=1.461e-06
 step=120500  E=1.175069555462e+02  Q=2.230000000000e+02  λ=9.994119e-01  dt=1.168e-03  relΔE=4.257e-14  ||F||=1.187e-06
 step=121000  E=1.175069555439e+02  Q=2.230000000000e+02  λ=9.994119e-01  dt=9.038e-04  relΔE=3.096e-14  ||F||=1.137e-06
 step=121500  E=1.175069555416e+02  Q=2.230000000000e+02  λ=9.994118e-01  dt=1.399e-03  relΔE=2.310e-14  ||F||=4.587e-05
 step=122000  E=1.175069555396e+02  Q=2.230000000000e+02  λ=9.994118e-01  dt=1.083e-03  relΔE=3.435e-14  ||F||=1.038e-06
 step=122500  E=1.175069555376e+02  Q=2.230000000000e+02  λ=9.994118e-01  dt=8.380e-04  relΔE=2.479e-14  ||F||=1.008e-06
 step=123000  E=1.175069555357e+02  Q=2.230000000000e+02  λ=9.994118e-01  dt=1.297e-03  relΔE=3.689e-14  ||F||=9.713e-07
 step=123500  E=1.175069555339e+02  Q=2.230000000000e+02  λ=9.994118e-01  dt=1.004e-03  relΔE=2.745e-14  ||F||=9.083e-07
 step=124000  E=1.175069555322e+02  Q=2.230000000000e+02  λ=9.994118e-01  dt=7.771e-04  relΔE=2.056e-14  ||F||=9.199e-07
 step=124500  E=1.175069555305e+02  Q=2.230000000000e+02  λ=9.994117e-01  dt=1.203e-03  relΔE=2.987e-14  ||F||=8.301e-07
 step=125000  E=1.175069555290e+02  Q=2.230000000000e+02  λ=9.994117e-01  dt=9.310e-04  relΔE=2.201e-14  ||F||=7.950e-07
 step=125500  E=1.175069555274e+02  Q=2.230000000000e+02  λ=9.994117e-01  dt=7.205e-04  relΔE=1.705e-14  ||F||=1.165e-06
 step=126000  E=1.175069555260e+02  Q=2.230000000000e+02  λ=9.994117e-01  dt=1.115e-03  relΔE=2.419e-14  ||F||=7.263e-07
 step=126500  E=1.175069555247e+02  Q=2.230000000000e+02  λ=9.994117e-01  dt=8.632e-04  relΔE=1.802e-14  ||F||=6.992e-07
 step=127000  E=1.175069555233e+02  Q=2.230000000000e+02  λ=9.994117e-01  dt=1.336e-03  relΔE=2.661e-14  ||F||=8.543e-07
 step=127500  E=1.175069555221e+02  Q=2.230000000000e+02  λ=9.994117e-01  dt=1.034e-03  relΔE=1.959e-14  ||F||=6.354e-07
 step=128000  E=1.175069555209e+02  Q=2.230000000000e+02  λ=9.994117e-01  dt=8.004e-04  relΔE=1.451e-14  ||F||=6.484e-07
 step=128500  E=1.175069555198e+02  Q=2.230000000000e+02  λ=9.994117e-01  dt=1.239e-03  relΔE=2.128e-14  ||F||=5.807e-07
 step=129000  E=1.175069555187e+02  Q=2.230000000000e+02  λ=9.994116e-01  dt=9.590e-04  relΔE=1.548e-14  ||F||=5.562e-07
 step=129500  E=1.175069555177e+02  Q=2.230000000000e+02  λ=9.994116e-01  dt=7.422e-04  relΔE=1.185e-14  ||F||=7.233e-07
 step=130000  E=1.175069555167e+02  Q=2.230000000000e+02  λ=9.994116e-01  dt=1.149e-03  relΔE=1.669e-14  ||F||=5.081e-07
 step=130500  E=1.175069555157e+02  Q=2.230000000000e+02  λ=9.994116e-01  dt=8.892e-04  relΔE=1.294e-14  ||F||=4.881e-07
 step=131000  E=1.175069555148e+02  Q=2.230000000000e+02  λ=9.994116e-01  dt=1.376e-03  relΔE=1.766e-14  ||F||=8.956e-06
 step=131500  E=1.175069555140e+02  Q=2.230000000000e+02  λ=9.994116e-01  dt=1.065e-03  relΔE=1.379e-14  ||F||=4.446e-07
 step=132000  E=1.175069555131e+02  Q=2.230000000000e+02  λ=9.994116e-01  dt=8.245e-04  relΔE=1.028e-14  ||F||=4.331e-07
 step=132500  E=1.175069555124e+02  Q=2.230000000000e+02  λ=9.994116e-01  dt=1.276e-03  relΔE=1.560e-14  ||F||=4.072e-07
 step=133000  E=1.175069555116e+02  Q=2.230000000000e+02  λ=9.994116e-01  dt=9.878e-04  relΔE=1.149e-14  ||F||=3.891e-07
 step=133500  E=1.175069555109e+02  Q=2.230000000000e+02  λ=9.994116e-01  dt=7.645e-04  relΔE=8.586e-15  ||F||=4.499e-07
 step=134000  E=1.175069555102e+02  Q=2.230000000000e+02  λ=9.994116e-01  dt=1.183e-03  relΔE=1.221e-14  ||F||=3.556e-07
 step=134500  E=1.175069555096e+02  Q=2.230000000000e+02  λ=9.994116e-01  dt=9.159e-04  relΔE=9.312e-15  ||F||=3.407e-07
 step=135000  E=1.175069555089e+02  Q=2.230000000000e+02  λ=9.994116e-01  dt=7.089e-04  relΔE=7.740e-15  ||F||=9.468e-07
 step=135500  E=1.175069555083e+02  Q=2.230000000000e+02  λ=9.994116e-01  dt=1.097e-03  relΔE=9.917e-15  ||F||=3.112e-07
 step=136000  E=1.175069555078e+02  Q=2.230000000000e+02  λ=9.994115e-01  dt=8.493e-04  relΔE=7.135e-15  ||F||=3.081e-07
 step=136500  E=1.175069555072e+02  Q=2.230000000000e+02  λ=9.994115e-01  dt=1.315e-03  relΔE=1.125e-14  ||F||=4.058e-07
 step=137000  E=1.175069555067e+02  Q=2.230000000000e+02  λ=9.994115e-01  dt=1.018e-03  relΔE=8.103e-15  ||F||=2.725e-07
 step=137500  E=1.175069555062e+02  Q=2.230000000000e+02  λ=9.994115e-01  dt=7.875e-04  relΔE=5.563e-15  ||F||=2.896e-07
 step=138000  E=1.175069555057e+02  Q=2.230000000000e+02  λ=9.994115e-01  dt=1.219e-03  relΔE=8.345e-15  ||F||=2.489e-07
 step=138500  E=1.175069555053e+02  Q=2.230000000000e+02  λ=9.994115e-01  dt=9.435e-04  relΔE=6.289e-15  ||F||=2.386e-07
 step=139000  E=1.175069555048e+02  Q=2.230000000000e+02  λ=9.994115e-01  dt=7.302e-04  relΔE=4.837e-15  ||F||=4.329e-07
 step=139500  E=1.175069555044e+02  Q=2.230000000000e+02  λ=9.994115e-01  dt=1.130e-03  relΔE=7.014e-15  ||F||=2.179e-07
 step=140000  E=1.175069555040e+02  Q=2.230000000000e+02  λ=9.994115e-01  dt=8.748e-04  relΔE=5.321e-15  ||F||=2.100e-07
 step=140500  E=1.175069555036e+02  Q=2.230000000000e+02  λ=9.994115e-01  dt=1.354e-03  relΔE=7.982e-15  ||F||=9.623e-07
 step=141000  E=1.175069555033e+02  Q=2.230000000000e+02  λ=9.994115e-01  dt=1.048e-03  relΔE=5.442e-15  ||F||=1.907e-07
 step=141500  E=1.175069555029e+02  Q=2.230000000000e+02  λ=9.994115e-01  dt=8.112e-04  relΔE=4.233e-15  ||F||=1.936e-07
 step=142000  E=1.175069555026e+02  Q=2.230000000000e+02  λ=9.994115e-01  dt=1.256e-03  relΔE=6.168e-15  ||F||=1.744e-07
 step=142500  E=1.175069555023e+02  Q=2.230000000000e+02  λ=9.994115e-01  dt=9.719e-04  relΔE=4.717e-15  ||F||=1.670e-07
 step=143000  E=1.175069555020e+02  Q=2.230000000000e+02  λ=9.994115e-01  dt=1.254e-03  relΔE=5.200e-15  ||F||=2.185e-07
 step=143500  E=1.175069555017e+02  Q=2.230000000000e+02  λ=9.994115e-01  dt=9.703e-04  relΔE=4.354e-15  ||F||=1.530e-07
 step=144000  E=1.175069555014e+02  Q=2.230000000000e+02  λ=9.994115e-01  dt=7.510e-04  relΔE=3.507e-15  ||F||=3.144e-07
 step=144500  E=1.175069555011e+02  Q=2.230000000000e+02  λ=9.994115e-01  dt=1.162e-03  relΔE=4.475e-15  ||F||=1.397e-07
 step=145000  E=1.175069555009e+02  Q=2.230000000000e+02  λ=9.994115e-01  dt=7.497e-04  relΔE=2.902e-15  ||F||=1.910e-07
 step=145500  E=1.175069555007e+02  Q=2.230000000000e+02  λ=9.994115e-01  dt=1.161e-03  relΔE=4.354e-15  ||F||=1.279e-07
 step=146000  E=1.175069555004e+02  Q=2.230000000000e+02  λ=9.994115e-01  dt=8.982e-04  relΔE=3.023e-15  ||F||=1.239e-07
 step=146500  E=1.175069555002e+02  Q=2.230000000000e+02  λ=9.994115e-01  dt=1.390e-03  relΔE=1.451e-15  ||F||=1.592e-05
 step=147000  E=1.175069555000e+02  Q=2.230000000000e+02  λ=9.994115e-01  dt=1.076e-03  relΔE=3.507e-15  ||F||=1.120e-07
 step=147500  E=1.175069554998e+02  Q=2.230000000000e+02  λ=9.994115e-01  dt=8.329e-04  relΔE=2.540e-15  ||F||=1.105e-07
 step=148000  E=1.175069554996e+02  Q=2.230000000000e+02  λ=9.994115e-01  dt=1.289e-03  relΔE=3.870e-15  ||F||=1.205e-07
 step=148500  E=1.175069554994e+02  Q=2.230000000000e+02  λ=9.994115e-01  dt=9.978e-04  relΔE=2.902e-15  ||F||=9.811e-08
 step=149000  E=1.175069554992e+02  Q=2.230000000000e+02  λ=9.994115e-01  dt=7.723e-04  relΔE=2.177e-15  ||F||=1.229e-07
 step=149500  E=1.175069554991e+02  Q=2.230000000000e+02  λ=9.994115e-01  dt=1.195e-03  relΔE=3.265e-15  ||F||=8.966e-08
 step=150000  E=1.175069554989e+02  Q=2.230000000000e+02  λ=9.994115e-01  dt=9.252e-04  relΔE=2.298e-15  ||F||=8.614e-08
 step=150500  E=1.175069554987e+02  Q=2.230000000000e+02  λ=9.994115e-01  dt=7.161e-04  relΔE=1.693e-15  ||F||=3.357e-07
 step=151000  E=1.175069554986e+02  Q=2.230000000000e+02  λ=9.994115e-01  dt=1.108e-03  relΔE=2.177e-15  ||F||=7.851e-08
 step=151500  E=1.175069554985e+02  Q=2.230000000000e+02  λ=9.994115e-01  dt=8.579e-04  relΔE=1.935e-15  ||F||=7.680e-08
 step=152000  E=1.175069554983e+02  Q=2.230000000000e+02  λ=9.994115e-01  dt=1.328e-03  relΔE=2.782e-15  ||F||=1.243e-07
 step=152500  E=1.175069554982e+02  Q=2.230000000000e+02  λ=9.994115e-01  dt=1.028e-03  relΔE=2.056e-15  ||F||=6.879e-08
 step=153000  E=1.175069554981e+02  Q=2.230000000000e+02  λ=9.994115e-01  dt=7.955e-04  relΔE=1.935e-15  ||F||=7.716e-08
 step=153500  E=1.175069554979e+02  Q=2.230000000000e+02  λ=9.994115e-01  dt=1.231e-03  relΔE=2.419e-15  ||F||=6.286e-08
 step=154000  E=1.175069554978e+02  Q=2.230000000000e+02  λ=9.994115e-01  dt=9.531e-04  relΔE=1.572e-15  ||F||=6.031e-08
 step=154500  E=1.175069554977e+02  Q=2.230000000000e+02  λ=9.994115e-01  dt=7.376e-04  relΔE=1.330e-15  ||F||=1.582e-07
 step=155000  E=1.175069554976e+02  Q=2.230000000000e+02  λ=9.994115e-01  dt=1.142e-03  relΔE=2.056e-15  ||F||=5.504e-08
 step=155500  E=1.175069554975e+02  Q=2.230000000000e+02  λ=9.994115e-01  dt=8.837e-04  relΔE=1.572e-15  ||F||=5.371e-08
 step=156000  E=1.175069554974e+02  Q=2.230000000000e+02  λ=9.994115e-01  dt=1.368e-03  relΔE=2.177e-15  ||F||=2.530e-06
 Converged (aggressive): step=156105, E=1.175069554974e+02, Q=2.230000000000e+02, dt=9.849e-04, ||F||=4.999e-08

Stationary candidate (aggressive): E=1.175069554974e+02, Q=2.230000000000e+02, maxρ=2.991380e-01

=== Stability test (damped inertial dynamics) ===
Perturb eps=0.02, gamma=1
t=0: E=1.285061984293e+02, Q=2.230000000000e+02, maxρ=3.097200e-01, σ=3.418748e+00, Rc=1.813655e+01
 step=     1  E=1.285061429428e+02  Q=2.230000000000e+02  λ=1.391236e+00  maxρ=3.097200e-01  minρ=1.697e-14  σ=3.418748e+00  Rc=1.813655e+01
 step=   300  E=1.262316324155e+02  Q=2.230000000000e+02  λ=1.286480e+00  maxρ=3.091947e-01  minρ=1.708e-14  σ=3.418744e+00  Rc=1.813656e+01
 step=   600  E=1.216623041982e+02  Q=2.230000000000e+02  λ=1.097139e+00  maxρ=3.077135e-01  minρ=1.704e-14  σ=3.418738e+00  Rc=1.813656e+01
 step=   900  E=1.189993842516e+02  Q=2.230000000000e+02  λ=1.037624e+00  maxρ=3.055225e-01  minρ=1.669e-14  σ=3.418737e+00  Rc=1.813656e+01
 step=  1200  E=1.200331274565e+02  Q=2.230000000000e+02  λ=1.147704e+00  maxρ=3.045644e-01  minρ=1.642e-14  σ=3.418741e+00  Rc=1.813655e+01
 step=  1500  E=1.227765587874e+02  Q=2.230000000000e+02  λ=1.265828e+00  maxρ=3.056270e-01  minρ=1.635e-14  σ=3.418743e+00  Rc=1.813655e+01
 step=  1800  E=1.241658675747e+02  Q=2.230000000000e+02  λ=1.250287e+00  maxρ=3.066058e-01  minρ=1.624e-14  σ=3.418739e+00  Rc=1.813655e+01
 step=  2100  E=1.233350389221e+02  Q=2.230000000000e+02  λ=1.146615e+00  maxρ=3.050457e-01  minρ=1.538e-14  σ=3.418735e+00  Rc=1.813655e+01
 step=  2400  E=1.218936891302e+02  Q=2.230000000000e+02  λ=1.099916e+00  maxρ=3.018682e-01  minρ=1.503e-14  σ=3.418736e+00  Rc=1.813655e+01
 step=  2700  E=1.215467858276e+02  Q=2.230000000000e+02  λ=1.157009e+00  maxρ=3.040425e-01  minρ=1.501e-14  σ=3.418741e+00  Rc=1.813655e+01
 step=  3000  E=1.222426060132e+02  Q=2.230000000000e+02  λ=1.224021e+00  maxρ=3.078628e-01  minρ=1.470e-14  σ=3.418743e+00  Rc=1.813655e+01
 step=  3300  E=1.227548950755e+02  Q=2.230000000000e+02  λ=1.209898e+00  maxρ=3.086556e-01  minρ=1.433e-14  σ=3.418738e+00  Rc=1.813655e+01
 step=  3600  E=1.224245243574e+02  Q=2.230000000000e+02  λ=1.143013e+00  maxρ=3.065012e-01  minρ=1.279e-14  σ=3.418733e+00  Rc=1.813656e+01
 step=  3900  E=1.217689297398e+02  Q=2.230000000000e+02  λ=1.114522e+00  maxρ=3.056751e-01  minρ=1.201e-14  σ=3.418733e+00  Rc=1.813655e+01
 step=  4200  E=1.215479362179e+02  Q=2.230000000000e+02  λ=1.149573e+00  maxρ=3.046128e-01  minρ=1.217e-14  σ=3.418738e+00  Rc=1.813655e+01
 step=  4500  E=1.217966625673e+02  Q=2.230000000000e+02  λ=1.186226e+00  maxρ=3.042674e-01  minρ=1.036e-14  σ=3.418740e+00  Rc=1.813654e+01
 step=  4800  E=1.219929563075e+02  Q=2.230000000000e+02  λ=1.172251e+00  maxρ=3.054390e-01  minρ=9.728e-15  σ=3.418737e+00  Rc=1.813655e+01
 step=  5100  E=1.218515605368e+02  Q=2.230000000000e+02  λ=1.132544e+00  maxρ=3.055858e-01  minρ=1.002e-14  σ=3.418732e+00  Rc=1.813655e+01
 step=  5400  E=1.215974097743e+02  Q=2.230000000000e+02  λ=1.122453e+00  maxρ=3.052260e-01  minρ=7.633e-15  σ=3.418730e+00  Rc=1.813655e+01
 step=  5700  E=1.215200054149e+02  Q=2.230000000000e+02  λ=1.148206e+00  maxρ=3.041834e-01  minρ=1.000e-15  σ=3.418732e+00  Rc=1.813654e+01
 step=  6000  E=1.215771829391e+02  Q=2.230000000000e+02  λ=1.166660e+00  maxρ=3.034766e-01  minρ=1.000e-15  σ=3.418733e+00  Rc=1.813654e+01
 >>> No runaway detected in this horizon. Likely stable (within this model & box).

STABILITY: PASS
