
=== Aggressive relaxation to Q = 597 ===
Initial: E=1.694691786193e+03, Q=5.970000000000e+02, dt=1.000e-04
 step=     1  E=1.694593759887e+03  Q=5.970000000000e+02  λ=5.599799e+00  dt=1.000e-04  relΔE=5.784e-05  ||F||=1.282e+00
 step=   500  E=1.584975123760e+03  Q=5.970000000000e+02  λ=5.228609e+00  dt=6.192e-04  relΔE=2.408e-04  ||F||=1.113e+00
 step=  1000  E=1.331448095929e+03  Q=5.970000000000e+02  λ=4.368330e+00  dt=9.584e-04  relΔE=2.496e-04  ||F||=8.351e-01
 step=  1500  E=1.163453087504e+03  Q=5.970000000000e+02  λ=3.803626e+00  dt=7.418e-04  relΔE=2.387e-04  ||F||=2.556e+00
 step=  2000  E=1.050929032992e+03  Q=5.970000000000e+02  λ=3.423129e+00  dt=1.148e-03  relΔE=1.902e-04  ||F||=5.917e-01
 step=  2500  E=9.621747378281e+02  Q=5.970000000000e+02  λ=3.126354e+00  dt=8.887e-04  relΔE=1.241e-04  ||F||=5.198e-01
 step=  3000  E=8.923634946860e+02  Q=5.970000000000e+02  λ=2.894200e+00  dt=1.376e-03  relΔE=1.650e-04  ||F||=4.646e-01
 step=  3500  E=8.375456798513e+02  Q=5.970000000000e+02  λ=2.712312e+00  dt=1.065e-03  relΔE=1.119e-04  ||F||=4.206e-01
 step=  4000  E=7.906535078279e+02  Q=5.970000000000e+02  λ=2.557273e+00  dt=8.241e-04  relΔE=7.677e-05  ||F||=3.848e-01
 step=  4500  E=7.531303189412e+02  Q=5.970000000000e+02  λ=2.433714e+00  dt=1.063e-03  relΔE=8.990e-05  ||F||=3.578e-01
 step=  5000  E=7.178819704070e+02  Q=5.970000000000e+02  λ=2.317943e+00  dt=8.227e-04  relΔE=6.466e-05  ||F||=3.368e-01
 step=  5500  E=6.883368910299e+02  Q=5.970000000000e+02  λ=2.221300e+00  dt=1.061e-03  relΔE=7.993e-05  ||F||=3.228e-01
 step=  6000  E=6.587036005288e+02  Q=5.970000000000e+02  λ=2.124439e+00  dt=8.214e-04  relΔE=6.087e-05  ||F||=3.133e-01
 step=  6500  E=6.314244735954e+02  Q=5.970000000000e+02  λ=2.035173e+00  dt=1.271e-03  relΔE=9.304e-05  ||F||=3.048e-01
 step=  7000  E=6.059458104006e+02  Q=5.970000000000e+02  λ=1.951060e+00  dt=9.841e-04  relΔE=6.980e-05  ||F||=2.940e-01
 step=  7500  E=5.819232396490e+02  Q=5.970000000000e+02  λ=1.870759e+00  dt=7.616e-04  relΔE=5.141e-05  ||F||=2.812e-01
 step=  8000  E=5.623322859565e+02  Q=5.970000000000e+02  λ=1.804278e+00  dt=1.179e-03  relΔE=6.601e-05  ||F||=2.516e-01
 step=  8500  E=5.462519943014e+02  Q=5.970000000000e+02  λ=1.748664e+00  dt=9.125e-04  relΔE=4.018e-05  ||F||=2.199e-01
 step=  9000  E=5.342760000128e+02  Q=5.970000000000e+02  λ=1.706488e+00  dt=1.412e-03  relΔE=4.477e-05  ||F||=1.949e-01
 step=  9500  E=5.263770112251e+02  Q=5.970000000000e+02  λ=1.678043e+00  dt=1.093e-03  relΔE=2.362e-05  ||F||=1.512e-01
 step= 10000  E=5.210676542326e+02  Q=5.970000000000e+02  λ=1.658487e+00  dt=8.461e-04  relΔE=1.161e-05  ||F||=1.199e-01
 step= 10500  E=5.178109331758e+02  Q=5.970000000000e+02  λ=1.646171e+00  dt=1.310e-03  relΔE=1.094e-05  ||F||=9.325e-02
 step= 11000  E=5.158966061464e+02  Q=5.970000000000e+02  λ=1.638677e+00  dt=1.014e-03  relΔE=5.050e-06  ||F||=7.187e-02
 step= 11500  E=5.147380739704e+02  Q=5.970000000000e+02  λ=1.633951e+00  dt=7.845e-04  relΔE=2.249e-06  ||F||=5.446e-02
 step= 12000  E=5.141006673587e+02  Q=5.970000000000e+02  λ=1.631212e+00  dt=1.214e-03  relΔE=1.983e-06  ||F||=4.106e-02
 step= 12500  E=5.137336636618e+02  Q=5.970000000000e+02  λ=1.629525e+00  dt=9.399e-04  relΔE=8.641e-07  ||F||=3.079e-02
 step= 13000  E=5.135235743233e+02  Q=5.970000000000e+02  λ=1.628478e+00  dt=1.455e-03  relΔE=6.672e-07  ||F||=6.984e-02
 step= 13500  E=5.134132179287e+02  Q=5.970000000000e+02  λ=1.627865e+00  dt=1.126e-03  relΔE=3.206e-07  ||F||=1.712e-02
 step= 14000  E=5.133493624029e+02  Q=5.970000000000e+02  λ=1.627464e+00  dt=8.715e-04  relΔE=1.364e-07  ||F||=1.268e-02
 step= 14500  E=5.133143042129e+02  Q=5.970000000000e+02  λ=1.627210e+00  dt=1.349e-03  relΔE=1.157e-07  ||F||=9.382e-03
 step= 15000  E=5.132954827561e+02  Q=5.970000000000e+02  λ=1.627047e+00  dt=1.044e-03  relΔE=4.981e-08  ||F||=6.986e-03
 step= 15500  E=5.132847514925e+02  Q=5.970000000000e+02  λ=1.626935e+00  dt=8.081e-04  relΔE=2.103e-08  ||F||=5.152e-03
 step= 16000  E=5.132790008541e+02  Q=5.970000000000e+02  λ=1.626860e+00  dt=1.251e-03  relΔE=1.795e-08  ||F||=3.817e-03
 step= 16500  E=5.132758285182e+02  Q=5.970000000000e+02  λ=1.626808e+00  dt=9.682e-04  relΔE=7.692e-09  ||F||=2.832e-03
 step= 17000  E=5.132740225713e+02  Q=5.970000000000e+02  λ=1.626770e+00  dt=7.493e-04  relΔE=3.516e-09  ||F||=2.178e-03
 step= 17500  E=5.132730790899e+02  Q=5.970000000000e+02  λ=1.626744e+00  dt=1.160e-03  relΔE=2.821e-09  ||F||=1.552e-03
 step= 18000  E=5.132725328428e+02  Q=5.970000000000e+02  λ=1.626724e+00  dt=8.978e-04  relΔE=1.213e-09  ||F||=1.148e-03
 step= 18500  E=5.132722262376e+02  Q=5.970000000000e+02  λ=1.626709e+00  dt=1.390e-03  relΔE=1.048e-09  ||F||=8.535e-04
 step= 19000  E=5.132720587751e+02  Q=5.970000000000e+02  λ=1.626699e+00  dt=1.076e-03  relΔE=4.666e-10  ||F||=6.350e-04
 step= 19500  E=5.132719594892e+02  Q=5.970000000000e+02  λ=1.626690e+00  dt=8.324e-04  relΔE=2.076e-10  ||F||=4.727e-04
 step= 20000  E=5.132719023592e+02  Q=5.970000000000e+02  λ=1.626684e+00  dt=1.289e-03  relΔE=1.895e-10  ||F||=3.544e-04
 step= 20500  E=5.132718686375e+02  Q=5.970000000000e+02  λ=1.626679e+00  dt=9.973e-04  relΔE=8.942e-11  ||F||=2.687e-04
 step= 21000  E=5.132718471493e+02  Q=5.970000000000e+02  λ=1.626676e+00  dt=7.719e-04  relΔE=4.340e-11  ||F||=2.055e-04
 step= 21500  E=5.132718340930e+02  Q=5.970000000000e+02  λ=1.626673e+00  dt=1.195e-03  relΔE=4.341e-11  ||F||=1.580e-04
 step= 22000  E=5.132718252336e+02  Q=5.970000000000e+02  λ=1.626670e+00  dt=9.248e-04  relΔE=2.270e-11  ||F||=1.240e-04
 step= 22500  E=5.132718190120e+02  Q=5.970000000000e+02  λ=1.626668e+00  dt=1.431e-03  relΔE=2.441e-11  ||F||=1.469e-04
 step= 23000  E=5.132718147620e+02  Q=5.970000000000e+02  λ=1.626667e+00  dt=1.108e-03  relΔE=1.405e-11  ||F||=8.104e-05
 step= 23500  E=5.132718114656e+02  Q=5.970000000000e+02  λ=1.626665e+00  dt=8.575e-04  relΔE=8.229e-12  ||F||=6.753e-05
 step= 24000  E=5.132718089454e+02  Q=5.970000000000e+02  λ=1.626664e+00  dt=1.327e-03  relΔE=9.944e-12  ||F||=5.742e-05
 step= 24500  E=5.132718069901e+02  Q=5.970000000000e+02  λ=1.626663e+00  dt=1.027e-03  relΔE=6.189e-12  ||F||=4.985e-05
 step= 25000  E=5.132718053518e+02  Q=5.970000000000e+02  λ=1.626663e+00  dt=7.951e-04  relΔE=3.920e-12  ||F||=4.398e-05
 step= 25500  E=5.132718040451e+02  Q=5.970000000000e+02  λ=1.626662e+00  dt=1.231e-03  relΔE=5.025e-12  ||F||=3.886e-05
 step= 26000  E=5.132718029471e+02  Q=5.970000000000e+02  λ=1.626661e+00  dt=7.938e-04  relΔE=2.743e-12  ||F||=3.507e-05
 step= 26500  E=5.132718020208e+02  Q=5.970000000000e+02  λ=1.626661e+00  dt=1.229e-03  relΔE=3.597e-12  ||F||=3.139e-05
 step= 27000  E=5.132718012216e+02  Q=5.970000000000e+02  λ=1.626660e+00  dt=9.510e-04  relΔE=2.386e-12  ||F||=2.839e-05
 step= 27500  E=5.132718005160e+02  Q=5.970000000000e+02  λ=1.626660e+00  dt=1.472e-03  relΔE=2.693e-13  ||F||=4.308e-04
 step= 28000  E=5.132717999358e+02  Q=5.970000000000e+02  λ=1.626660e+00  dt=1.139e-03  relΔE=2.140e-12  ||F||=2.338e-05
 step= 28500  E=5.132717994129e+02  Q=5.970000000000e+02  λ=1.626659e+00  dt=8.818e-04  relΔE=1.444e-12  ||F||=2.126e-05
 step= 29000  E=5.132717989549e+02  Q=5.970000000000e+02  λ=1.626659e+00  dt=1.365e-03  relΔE=1.955e-12  ||F||=1.937e-05
 step= 29500  E=5.132717985639e+02  Q=5.970000000000e+02  λ=1.626659e+00  dt=1.056e-03  relΔE=1.335e-12  ||F||=1.765e-05
 step= 30000  E=5.132717982081e+02  Q=5.970000000000e+02  λ=1.626659e+00  dt=8.177e-04  relΔE=9.114e-13  ||F||=1.612e-05
 step= 30500  E=5.132717978989e+02  Q=5.970000000000e+02  λ=1.626658e+00  dt=1.266e-03  relΔE=1.249e-12  ||F||=1.466e-05
 step= 31000  E=5.132717976267e+02  Q=5.970000000000e+02  λ=1.626658e+00  dt=9.796e-04  relΔE=8.592e-13  ||F||=1.339e-05
 step= 31500  E=5.132717973752e+02  Q=5.970000000000e+02  λ=1.626658e+00  dt=7.582e-04  relΔE=6.306e-13  ||F||=1.433e-05
 step= 32000  E=5.132717971626e+02  Q=5.970000000000e+02  λ=1.626658e+00  dt=1.174e-03  relΔE=8.180e-13  ||F||=1.115e-05
 step= 32500  E=5.132717969667e+02  Q=5.970000000000e+02  λ=1.626658e+00  dt=9.084e-04  relΔE=5.661e-13  ||F||=1.018e-05
 step= 33000  E=5.132717967893e+02  Q=5.970000000000e+02  λ=1.626658e+00  dt=1.406e-03  relΔE=7.830e-13  ||F||=1.085e-05
 step= 33500  E=5.132717966366e+02  Q=5.970000000000e+02  λ=1.626657e+00  dt=1.088e-03  relΔE=5.460e-13  ||F||=8.489e-06
 step= 34000  E=5.132717964943e+02  Q=5.970000000000e+02  λ=1.626657e+00  dt=8.423e-04  relΔE=3.792e-13  ||F||=7.770e-06
 step= 34500  E=5.132717963678e+02  Q=5.970000000000e+02  λ=1.626657e+00  dt=1.304e-03  relΔE=5.280e-13  ||F||=7.072e-06
 step= 35000  E=5.132717962555e+02  Q=5.970000000000e+02  λ=1.626657e+00  dt=1.009e-03  relΔE=3.683e-13  ||F||=6.468e-06
 step= 35500  E=5.132717961506e+02  Q=5.970000000000e+02  λ=1.626657e+00  dt=7.810e-04  relΔE=2.594e-13  ||F||=6.174e-06
 step= 36000  E=5.132717960595e+02  Q=5.970000000000e+02  λ=1.626657e+00  dt=1.209e-03  relΔE=3.599e-13  ||F||=5.395e-06
 step= 36500  E=5.132717959758e+02  Q=5.970000000000e+02  λ=1.626657e+00  dt=9.357e-04  relΔE=2.525e-13  ||F||=4.929e-06
 step= 37000  E=5.132717958981e+02  Q=5.970000000000e+02  λ=1.626657e+00  dt=1.448e-03  relΔE=3.351e-13  ||F||=3.402e-05
 step= 37500  E=5.132717958315e+02  Q=5.970000000000e+02  λ=1.626657e+00  dt=1.121e-03  relΔE=2.474e-13  ||F||=4.114e-06
 step= 38000  E=5.132717957688e+02  Q=5.970000000000e+02  λ=1.626657e+00  dt=8.676e-04  relΔE=1.734e-13  ||F||=3.761e-06
 step= 38500  E=5.132717957121e+02  Q=5.970000000000e+02  λ=1.626657e+00  dt=1.343e-03  relΔE=2.432e-13  ||F||=3.434e-06
 step= 39000  E=5.132717956619e+02  Q=5.970000000000e+02  λ=1.626657e+00  dt=1.039e-03  relΔE=1.710e-13  ||F||=3.138e-06
 step= 39500  E=5.132717956147e+02  Q=5.970000000000e+02  λ=1.626657e+00  dt=8.045e-04  relΔE=1.203e-13  ||F||=2.942e-06
 step= 40000  E=5.132717955730e+02  Q=5.970000000000e+02  λ=1.626657e+00  dt=1.245e-03  relΔE=1.690e-13  ||F||=2.618e-06
 step= 40500  E=5.132717955350e+02  Q=5.970000000000e+02  λ=1.626657e+00  dt=9.638e-04  relΔE=1.196e-13  ||F||=2.394e-06
 step= 41000  E=5.132717954992e+02  Q=5.970000000000e+02  λ=1.626657e+00  dt=7.460e-04  relΔE=9.524e-14  ||F||=5.268e-06
 step= 41500  E=5.132717954685e+02  Q=5.970000000000e+02  λ=1.626657e+00  dt=1.155e-03  relΔE=1.181e-13  ||F||=1.999e-06
 step= 42000  E=5.132717954395e+02  Q=5.970000000000e+02  λ=1.626656e+00  dt=8.937e-04  relΔE=8.284e-14  ||F||=1.829e-06
 step= 42500  E=5.132717954130e+02  Q=5.970000000000e+02  λ=1.626656e+00  dt=1.383e-03  relΔE=1.167e-13  ||F||=1.748e-06
 step= 43000  E=5.132717953896e+02  Q=5.970000000000e+02  λ=1.626656e+00  dt=1.071e-03  relΔE=8.284e-14  ||F||=1.525e-06
 step= 43500  E=5.132717953676e+02  Q=5.970000000000e+02  λ=1.626656e+00  dt=8.287e-04  relΔE=5.825e-14  ||F||=1.426e-06
 step= 44000  E=5.132717953478e+02  Q=5.970000000000e+02  λ=1.626656e+00  dt=1.283e-03  relΔE=8.173e-14  ||F||=1.273e-06
 step= 44500  E=5.132717953300e+02  Q=5.970000000000e+02  λ=1.626656e+00  dt=9.928e-04  relΔE=5.803e-14  ||F||=1.164e-06
 step= 45000  E=5.132717953132e+02  Q=5.970000000000e+02  λ=1.626656e+00  dt=7.684e-04  relΔE=4.120e-14  ||F||=1.446e-06
 step= 45500  E=5.132717952986e+02  Q=5.970000000000e+02  λ=1.626656e+00  dt=1.189e-03  relΔE=5.781e-14  ||F||=9.723e-07
 step= 46000  E=5.132717952849e+02  Q=5.970000000000e+02  λ=1.626656e+00  dt=9.206e-04  relΔE=4.031e-14  ||F||=8.891e-07
 step= 46500  E=5.132717952722e+02  Q=5.970000000000e+02  λ=1.626656e+00  dt=1.425e-03  relΔE=5.692e-14  ||F||=3.898e-06
 step= 47000  E=5.132717952611e+02  Q=5.970000000000e+02  λ=1.626656e+00  dt=1.103e-03  relΔE=4.031e-14  ||F||=7.422e-07
 step= 47500  E=5.132717952506e+02  Q=5.970000000000e+02  λ=1.626656e+00  dt=8.536e-04  relΔE=2.879e-14  ||F||=6.916e-07
 step= 48000  E=5.132717952416e+02  Q=5.970000000000e+02  λ=1.626656e+00  dt=1.101e-03  relΔE=3.389e-14  ||F||=6.217e-07
 step= 48500  E=5.132717952328e+02  Q=5.970000000000e+02  λ=1.626656e+00  dt=8.522e-04  relΔE=2.370e-14  ||F||=5.673e-07
 step= 49000  E=5.132717952248e+02  Q=5.970000000000e+02  λ=1.626656e+00  dt=1.319e-03  relΔE=3.367e-14  ||F||=5.182e-07
 step= 49500  E=5.132717952177e+02  Q=5.970000000000e+02  λ=1.626656e+00  dt=1.021e-03  relΔE=2.370e-14  ||F||=4.741e-07
 step= 50000  E=5.132717952110e+02  Q=5.970000000000e+02  λ=1.626656e+00  dt=7.902e-04  relΔE=1.661e-14  ||F||=4.323e-07
 step= 50500  E=5.132717952051e+02  Q=5.970000000000e+02  λ=1.626656e+00  dt=1.223e-03  relΔE=2.348e-14  ||F||=3.955e-07
 step= 51000  E=5.132717951996e+02  Q=5.970000000000e+02  λ=1.626656e+00  dt=9.467e-04  relΔE=1.661e-14  ||F||=3.615e-07
 step= 51500  E=5.132717951945e+02  Q=5.970000000000e+02  λ=1.626656e+00  dt=1.465e-03  relΔE=2.193e-14  ||F||=3.701e-05
 step= 52000  E=5.132717951900e+02  Q=5.970000000000e+02  λ=1.626656e+00  dt=1.134e-03  relΔE=1.683e-14  ||F||=3.019e-07
 step= 52500  E=5.132717951858e+02  Q=5.970000000000e+02  λ=1.626656e+00  dt=8.779e-04  relΔE=1.130e-14  ||F||=2.756e-07
 step= 53000  E=5.132717951820e+02  Q=5.970000000000e+02  λ=1.626656e+00  dt=1.359e-03  relΔE=1.706e-14  ||F||=2.517e-07
 step= 53500  E=5.132717951786e+02  Q=5.970000000000e+02  λ=1.626656e+00  dt=1.052e-03  relΔE=1.152e-14  ||F||=2.304e-07
 step= 54000  E=5.132717951754e+02  Q=5.970000000000e+02  λ=1.626656e+00  dt=8.140e-04  relΔE=8.195e-15  ||F||=2.102e-07
 step= 54500  E=5.132717951725e+02  Q=5.970000000000e+02  λ=1.626656e+00  dt=1.260e-03  relΔE=1.152e-14  ||F||=1.922e-07
 step= 55000  E=5.132717951699e+02  Q=5.970000000000e+02  λ=1.626656e+00  dt=9.752e-04  relΔE=8.417e-15  ||F||=1.758e-07
 step= 55500  E=5.132717951674e+02  Q=5.970000000000e+02  λ=1.626656e+00  dt=7.548e-04  relΔE=5.759e-15  ||F||=1.603e-07
 step= 56000  E=5.132717951653e+02  Q=5.970000000000e+02  λ=1.626656e+00  dt=1.168e-03  relΔE=8.195e-15  ||F||=1.469e-07
 step= 56500  E=5.132717951632e+02  Q=5.970000000000e+02  λ=1.626656e+00  dt=9.043e-04  relΔE=5.759e-15  ||F||=1.341e-07
 step= 57000  E=5.132717951614e+02  Q=5.970000000000e+02  λ=1.626656e+00  dt=1.400e-03  relΔE=8.860e-15  ||F||=1.465e-07
 step= 57500  E=5.132717951597e+02  Q=5.970000000000e+02  λ=1.626656e+00  dt=1.083e-03  relΔE=5.980e-15  ||F||=1.122e-07
 step= 58000  E=5.132717951582e+02  Q=5.970000000000e+02  λ=1.626656e+00  dt=8.385e-04  relΔE=4.208e-15  ||F||=1.024e-07
 step= 58500  E=5.132717951568e+02  Q=5.970000000000e+02  λ=1.626656e+00  dt=1.298e-03  relΔE=5.759e-15  ||F||=9.360e-08
 step= 59000  E=5.132717951555e+02  Q=5.970000000000e+02  λ=1.626656e+00  dt=1.005e-03  relΔE=4.430e-15  ||F||=8.568e-08
 step= 59500  E=5.132717951543e+02  Q=5.970000000000e+02  λ=1.626656e+00  dt=7.775e-04  relΔE=3.322e-15  ||F||=7.817e-08
 step= 60000  E=5.132717951533e+02  Q=5.970000000000e+02  λ=1.626656e+00  dt=1.203e-03  relΔE=4.208e-15  ||F||=7.158e-08
 step= 60500  E=5.132717951523e+02  Q=5.970000000000e+02  λ=1.626656e+00  dt=9.315e-04  relΔE=3.322e-15  ||F||=6.544e-08
 step= 61000  E=5.132717951514e+02  Q=5.970000000000e+02  λ=1.626656e+00  dt=1.442e-03  relΔE=4.208e-15  ||F||=3.021e-06
 step= 61500  E=5.132717951506e+02  Q=5.970000000000e+02  λ=1.626656e+00  dt=1.116e-03  relΔE=3.101e-15  ||F||=5.471e-08
 Converged (aggressive): step=61998, E=5.132717951498e+02, Q=5.970000000000e+02, dt=7.197e-04, ||F||=5.000e-08

Stationary candidate (aggressive): E=5.132717951498e+02, Q=5.970000000000e+02, maxρ=6.889121e-01

=== Stability test (damped inertial dynamics) ===
Perturb eps=0.02, gamma=1
t=0: E=5.422108660993e+02, Q=5.970000000000e+02, maxρ=7.107614e-01, σ=2.518463e+00, Rc=1.883165e+01
 step=     1  E=5.422107211321e+02  Q=5.970000000000e+02  λ=2.010731e+00  maxρ=7.107614e-01  minρ=1.000e-15  σ=2.518463e+00  Rc=1.883165e+01
 step=   300  E=5.362656881797e+02  Q=5.970000000000e+02  λ=1.908655e+00  maxρ=7.095558e-01  minρ=1.000e-15  σ=2.518460e+00  Rc=1.883166e+01
 step=   600  E=5.242984286192e+02  Q=5.970000000000e+02  λ=1.723639e+00  maxρ=7.061569e-01  minρ=1.000e-15  σ=2.518454e+00  Rc=1.883166e+01
 step=   900  E=5.172650731163e+02  Q=5.970000000000e+02  λ=1.664245e+00  maxρ=7.011301e-01  minρ=1.000e-15  σ=2.518452e+00  Rc=1.883166e+01
 step=  1200  E=5.198824434160e+02  Q=5.970000000000e+02  λ=1.770408e+00  maxρ=6.986620e-01  minρ=1.000e-15  σ=2.518455e+00  Rc=1.883165e+01
 step=  1500  E=5.270270347439e+02  Q=5.970000000000e+02  λ=1.886197e+00  maxρ=7.028491e-01  minρ=1.000e-15  σ=2.518457e+00  Rc=1.883165e+01
 step=  1800  E=5.307034742188e+02  Q=5.970000000000e+02  λ=1.872928e+00  maxρ=7.051003e-01  minρ=1.000e-15  σ=2.518455e+00  Rc=1.883165e+01
 step=  2100  E=5.285849079779e+02  Q=5.970000000000e+02  λ=1.772596e+00  maxρ=7.015131e-01  minρ=1.000e-15  σ=2.518451e+00  Rc=1.883165e+01
 step=  2400  E=5.248246795212e+02  Q=5.970000000000e+02  λ=1.725581e+00  maxρ=6.946088e-01  minρ=1.000e-15  σ=2.518451e+00  Rc=1.883165e+01
 step=  2700  E=5.239053695651e+02  Q=5.970000000000e+02  λ=1.779506e+00  maxρ=6.959809e-01  minρ=1.000e-15  σ=2.518454e+00  Rc=1.883165e+01
 step=  3000  E=5.257508321846e+02  Q=5.970000000000e+02  λ=1.845401e+00  maxρ=7.034947e-01  minρ=1.000e-15  σ=2.518455e+00  Rc=1.883165e+01
 step=  3300  E=5.271485258306e+02  Q=5.970000000000e+02  λ=1.834043e+00  maxρ=7.052945e-01  minρ=1.000e-15  σ=2.518451e+00  Rc=1.883165e+01
 step=  3600  E=5.262967579919e+02  Q=5.970000000000e+02  λ=1.770016e+00  maxρ=7.039600e-01  minρ=1.000e-15  σ=2.518446e+00  Rc=1.883165e+01
 step=  3900  E=5.245047208525e+02  Q=5.970000000000e+02  λ=1.740510e+00  maxρ=7.039661e-01  minρ=1.000e-15  σ=2.518447e+00  Rc=1.883164e+01
 step=  4200  E=5.238257764962e+02  Q=5.970000000000e+02  λ=1.772063e+00  maxρ=7.015239e-01  minρ=1.000e-15  σ=2.518450e+00  Rc=1.883164e+01
 step=  4500  E=5.244608455388e+02  Q=5.970000000000e+02  λ=1.807430e+00  maxρ=6.996472e-01  minρ=1.000e-15  σ=2.518451e+00  Rc=1.883164e+01
 step=  4800  E=5.250618406486e+02  Q=5.970000000000e+02  λ=1.795944e+00  maxρ=7.024610e-01  minρ=1.000e-15  σ=2.518447e+00  Rc=1.883164e+01
 step=  5100  E=5.247796674730e+02  Q=5.970000000000e+02  λ=1.759069e+00  maxρ=7.034935e-01  minρ=1.000e-15  σ=2.518442e+00  Rc=1.883163e+01
 step=  5400  E=5.240983008531e+02  Q=5.970000000000e+02  λ=1.748598e+00  maxρ=7.026737e-01  minρ=1.000e-15  σ=2.518441e+00  Rc=1.883163e+01
 step=  5700  E=5.237932751642e+02  Q=5.970000000000e+02  λ=1.771654e+00  maxρ=7.002860e-01  minρ=1.000e-15  σ=2.518443e+00  Rc=1.883163e+01
 step=  6000  E=5.238749894961e+02  Q=5.970000000000e+02  λ=1.788785e+00  maxρ=6.975519e-01  minρ=1.000e-15  σ=2.518444e+00  Rc=1.883162e+01
 >>> No runaway detected in this horizon. Likely stable (within this model & box).

STABILITY: PASS
