
=== Aggressive relaxation to Q = 1467 ===
Initial: E=4.149006460235e+03, Q=1.467000000000e+03, dt=1.000e-04
 step=     1  E=4.148747926751e+03  Q=1.467000000000e+03  λ=5.721473e+00  dt=1.000e-04  relΔE=6.231e-05  ||F||=1.328e+00
 step=   500  E=3.858205723935e+03  Q=1.467000000000e+03  λ=5.293543e+00  dt=6.192e-04  relΔE=2.627e-04  ||F||=1.158e+00
 step=  1000  E=3.196069497936e+03  Q=1.467000000000e+03  λ=4.330399e+00  dt=9.584e-04  relΔE=2.671e-04  ||F||=8.538e-01
 step=  1500  E=2.771816486470e+03  Q=1.467000000000e+03  λ=3.724281e+00  dt=7.418e-04  relΔE=2.462e-04  ||F||=2.535e+00
 step=  2000  E=2.495769419219e+03  Q=1.467000000000e+03  λ=3.329526e+00  dt=1.148e-03  relΔE=1.942e-04  ||F||=5.877e-01
 step=  2500  E=2.282144251757e+03  Q=1.467000000000e+03  λ=3.028197e+00  dt=8.887e-04  relΔE=1.251e-04  ||F||=5.126e-01
 step=  3000  E=2.115883685189e+03  Q=1.467000000000e+03  λ=2.795566e+00  dt=1.376e-03  relΔE=1.647e-04  ||F||=4.562e-01
 step=  3500  E=1.989833999286e+03  Q=1.467000000000e+03  λ=2.619905e+00  dt=8.873e-04  relΔE=9.272e-05  ||F||=4.125e-01
 step=  4000  E=1.878539709388e+03  Q=1.467000000000e+03  λ=2.465861e+00  dt=1.373e-03  relΔE=1.260e-04  ||F||=3.758e-01
 step=  4500  E=1.790742647767e+03  Q=1.467000000000e+03  λ=2.344708e+00  dt=8.858e-04  relΔE=7.325e-05  ||F||=3.481e-01
 step=  5000  E=1.709451826930e+03  Q=1.467000000000e+03  λ=2.233233e+00  dt=1.371e-03  relΔE=1.040e-04  ||F||=3.258e-01
 step=  5500  E=1.639548495839e+03  Q=1.467000000000e+03  λ=2.137632e+00  dt=1.061e-03  relΔE=7.628e-05  ||F||=3.105e-01
 step=  6000  E=1.573073844010e+03  Q=1.467000000000e+03  λ=2.046963e+00  dt=8.214e-04  relΔE=5.786e-05  ||F||=3.011e-01
 step=  6500  E=1.510826683287e+03  Q=1.467000000000e+03  λ=1.962119e+00  dt=1.271e-03  relΔE=8.951e-05  ||F||=2.950e-01
 step=  7000  E=1.451241828572e+03  Q=1.467000000000e+03  λ=1.880495e+00  dt=9.841e-04  relΔE=6.951e-05  ||F||=2.896e-01
 step=  7500  E=1.392349708447e+03  Q=1.467000000000e+03  λ=1.799423e+00  dt=7.616e-04  relΔE=5.503e-05  ||F||=2.872e-01
 step=  8000  E=1.341497718504e+03  Q=1.467000000000e+03  λ=1.729280e+00  dt=1.179e-03  relΔE=7.422e-05  ||F||=2.629e-01
 step=  8500  E=1.297084246715e+03  Q=1.467000000000e+03  λ=1.668084e+00  dt=9.125e-04  relΔE=4.814e-05  ||F||=2.366e-01
 step=  9000  E=1.262214869291e+03  Q=1.467000000000e+03  λ=1.620532e+00  dt=1.412e-03  relΔE=5.649e-05  ||F||=2.099e-01
 step=  9500  E=1.238315523458e+03  Q=1.467000000000e+03  λ=1.588402e+00  dt=1.093e-03  relΔE=3.081e-05  ||F||=1.690e-01
 step= 10000  E=1.221856348698e+03  Q=1.467000000000e+03  λ=1.566777e+00  dt=8.461e-04  relΔE=1.545e-05  ||F||=1.351e-01
 step= 10500  E=1.211658961196e+03  Q=1.467000000000e+03  λ=1.553796e+00  dt=1.310e-03  relΔE=1.469e-05  ||F||=1.054e-01
 step= 11000  E=1.205642430408e+03  Q=1.467000000000e+03  λ=1.546423e+00  dt=1.014e-03  relΔE=6.790e-06  ||F||=8.128e-02
 step= 11500  E=1.202006345455e+03  Q=1.467000000000e+03  λ=1.542194e+00  dt=7.845e-04  relΔE=3.023e-06  ||F||=6.156e-02
 step= 12000  E=1.200015881569e+03  Q=1.467000000000e+03  λ=1.540034e+00  dt=1.214e-03  relΔE=2.653e-06  ||F||=4.629e-02
 step= 12500  E=1.198871501983e+03  Q=1.467000000000e+03  λ=1.538895e+00  dt=9.399e-04  relΔE=1.153e-06  ||F||=3.467e-02
 step= 13000  E=1.198216715545e+03  Q=1.467000000000e+03  λ=1.538319e+00  dt=1.455e-03  relΔE=8.433e-07  ||F||=9.547e-02
 step= 13500  E=1.197872035398e+03  Q=1.467000000000e+03  λ=1.538051e+00  dt=1.126e-03  relΔE=4.318e-07  ||F||=1.937e-02
 step= 14000  E=1.197669680069e+03  Q=1.467000000000e+03  λ=1.537919e+00  dt=8.715e-04  relΔE=1.870e-07  ||F||=1.448e-02
 step= 14500  E=1.197556162877e+03  Q=1.467000000000e+03  λ=1.537857e+00  dt=1.349e-03  relΔE=1.640e-07  ||F||=1.090e-02
 step= 15000  E=1.197492521840e+03  Q=1.467000000000e+03  λ=1.537824e+00  dt=1.044e-03  relΔE=7.419e-08  ||F||=8.331e-03
 step= 15500  E=1.197454022607e+03  Q=1.467000000000e+03  λ=1.537802e+00  dt=8.081e-04  relΔE=3.388e-08  ||F||=6.398e-03
 step= 16000  E=1.197431407433e+03  Q=1.467000000000e+03  λ=1.537783e+00  dt=1.251e-03  relΔE=3.214e-08  ||F||=5.010e-03
 step= 16500  E=1.197417327527e+03  Q=1.467000000000e+03  λ=1.537764e+00  dt=9.682e-04  relΔE=1.583e-08  ||F||=3.998e-03
 step= 17000  E=1.197407926139e+03  Q=1.467000000000e+03  λ=1.537744e+00  dt=7.493e-04  relΔE=8.987e-09  ||F||=3.446e-03
 step= 17500  E=1.197401968474e+03  Q=1.467000000000e+03  λ=1.537724e+00  dt=1.160e-03  relΔE=8.548e-09  ||F||=2.690e-03
 step= 18000  E=1.197397654375e+03  Q=1.467000000000e+03  λ=1.537704e+00  dt=8.978e-04  relΔE=4.684e-09  ||F||=2.267e-03
 step= 18500  E=1.197394533888e+03  Q=1.467000000000e+03  λ=1.537684e+00  dt=1.390e-03  relΔE=5.284e-09  ||F||=1.953e-03
 step= 19000  E=1.197392298981e+03  Q=1.467000000000e+03  λ=1.537665e+00  dt=1.076e-03  relΔE=3.087e-09  ||F||=1.689e-03
 step= 19500  E=1.197390547121e+03  Q=1.467000000000e+03  λ=1.537647e+00  dt=8.324e-04  relΔE=1.825e-09  ||F||=1.479e-03
 step= 20000  E=1.197389213148e+03  Q=1.467000000000e+03  λ=1.537630e+00  dt=1.289e-03  relΔE=2.189e-09  ||F||=1.306e-03
 step= 20500  E=1.197388186412e+03  Q=1.467000000000e+03  λ=1.537615e+00  dt=9.973e-04  relΔE=1.333e-09  ||F||=1.162e-03
 step= 21000  E=1.197387347775e+03  Q=1.467000000000e+03  λ=1.537600e+00  dt=7.719e-04  relΔE=8.233e-10  ||F||=1.041e-03
 step= 21500  E=1.197386712718e+03  Q=1.467000000000e+03  λ=1.537588e+00  dt=1.195e-03  relΔE=1.001e-09  ||F||=9.252e-04
 step= 22000  E=1.197386195144e+03  Q=1.467000000000e+03  λ=1.537576e+00  dt=9.248e-04  relΔE=6.169e-10  ||F||=8.284e-04
 step= 22500  E=1.197385774664e+03  Q=1.467000000000e+03  λ=1.537565e+00  dt=1.431e-03  relΔE=7.522e-10  ||F||=9.846e-04
 step= 23000  E=1.197385455014e+03  Q=1.467000000000e+03  λ=1.537556e+00  dt=1.108e-03  relΔE=4.719e-10  ||F||=6.670e-04
 step= 23500  E=1.197385189274e+03  Q=1.467000000000e+03  λ=1.537547e+00  dt=8.575e-04  relΔE=2.916e-10  ||F||=5.986e-04
 step= 24000  E=1.197384978187e+03  Q=1.467000000000e+03  λ=1.537539e+00  dt=1.327e-03  relΔE=3.605e-10  ||F||=5.376e-04
 step= 24500  E=1.197384812706e+03  Q=1.467000000000e+03  λ=1.537532e+00  dt=1.027e-03  relΔE=2.239e-10  ||F||=4.841e-04
 step= 25000  E=1.197384675746e+03  Q=1.467000000000e+03  λ=1.537526e+00  dt=7.951e-04  relΔE=1.385e-10  ||F||=4.354e-04
 step= 25500  E=1.197384569846e+03  Q=1.467000000000e+03  λ=1.537520e+00  dt=1.231e-03  relΔE=1.709e-10  ||F||=3.913e-04
 step= 26000  E=1.197384484440e+03  Q=1.467000000000e+03  λ=1.537515e+00  dt=9.526e-04  relΔE=1.056e-10  ||F||=3.521e-04
 step= 26500  E=1.197384414409e+03  Q=1.467000000000e+03  λ=1.537510e+00  dt=1.475e-03  relΔE=4.108e-11  ||F||=2.265e-03
 step= 27000  E=1.197384361661e+03  Q=1.467000000000e+03  λ=1.537506e+00  dt=1.141e-03  relΔE=8.003e-11  ||F||=2.850e-04
 step= 27500  E=1.197384318110e+03  Q=1.467000000000e+03  λ=1.537503e+00  dt=8.833e-04  relΔE=4.902e-11  ||F||=2.562e-04
 step= 28000  E=1.197384283694e+03  Q=1.467000000000e+03  λ=1.537499e+00  dt=1.367e-03  relΔE=5.986e-11  ||F||=2.305e-04
 step= 28500  E=1.197384257258e+03  Q=1.467000000000e+03  λ=1.537496e+00  dt=1.058e-03  relΔE=3.669e-11  ||F||=2.077e-04
 step= 29000  E=1.197384235738e+03  Q=1.467000000000e+03  λ=1.537494e+00  dt=8.190e-04  relΔE=2.226e-11  ||F||=1.867e-04
 step= 29500  E=1.197384219171e+03  Q=1.467000000000e+03  λ=1.537491e+00  dt=1.268e-03  relΔE=2.693e-11  ||F||=1.680e-04
 step= 30000  E=1.197384206348e+03  Q=1.467000000000e+03  λ=1.537489e+00  dt=9.812e-04  relΔE=1.626e-11  ||F||=1.514e-04
 step= 30500  E=1.197384196017e+03  Q=1.467000000000e+03  λ=1.537487e+00  dt=7.594e-04  relΔE=1.006e-11  ||F||=1.378e-04
 step= 31000  E=1.197384188470e+03  Q=1.467000000000e+03  λ=1.537486e+00  dt=1.176e-03  relΔE=1.155e-11  ||F||=1.226e-04
 step= 31500  E=1.197384182515e+03  Q=1.467000000000e+03  λ=1.537484e+00  dt=9.098e-04  relΔE=6.782e-12  ||F||=1.103e-04
 step= 32000  E=1.197384177972e+03  Q=1.467000000000e+03  λ=1.537483e+00  dt=1.408e-03  relΔE=7.834e-12  ||F||=1.008e-04
 step= 32500  E=1.197384174721e+03  Q=1.467000000000e+03  λ=1.537481e+00  dt=1.090e-03  relΔE=4.511e-12  ||F||=8.941e-05
 step= 33000  E=1.197384172256e+03  Q=1.467000000000e+03  λ=1.537480e+00  dt=8.436e-04  relΔE=2.517e-12  ||F||=8.040e-05
 step= 33500  E=1.197384170513e+03  Q=1.467000000000e+03  λ=1.537479e+00  dt=1.306e-03  relΔE=2.729e-12  ||F||=7.234e-05
 step= 34000  E=1.197384169334e+03  Q=1.467000000000e+03  λ=1.537478e+00  dt=1.011e-03  relΔE=1.426e-12  ||F||=6.521e-05
 step= 34500  E=1.197384168539e+03  Q=1.467000000000e+03  λ=1.537477e+00  dt=7.823e-04  relΔE=6.874e-13  ||F||=5.863e-05
 step= 35000  E=1.197384168089e+03  Q=1.467000000000e+03  λ=1.537477e+00  dt=1.211e-03  relΔE=5.769e-13  ||F||=5.282e-05
 step= 35500  E=1.197384167870e+03  Q=1.467000000000e+03  λ=1.537476e+00  dt=9.372e-04  relΔE=1.631e-13  ||F||=4.756e-05
  !! dt fell below dt_min: stiffness-limited termination.

Stationary candidate (aggressive): E=1.197384167827e+03, Q=1.467000000000e+03, maxρ=1.056243e+00

=== Stability test (damped inertial dynamics) ===
Perturb eps=0.02, gamma=1
t=0: E=1.268611541503e+03, Q=1.467000000000e+03, maxρ=1.091788e+00, σ=2.478076e+00, Rc=1.883264e+01
 step=     1  E=1.268611184717e+03  Q=1.467000000000e+03  λ=1.922067e+00  maxρ=1.091788e+00  minρ=1.000e-15  σ=2.478076e+00  Rc=1.883264e+01
 step=   300  E=1.253979169302e+03  Q=1.467000000000e+03  λ=1.819866e+00  maxρ=1.089935e+00  minρ=1.000e-15  σ=2.478072e+00  Rc=1.883264e+01
 step=   600  E=1.224521499141e+03  Q=1.467000000000e+03  λ=1.634616e+00  maxρ=1.084710e+00  minρ=1.000e-15  σ=2.478067e+00  Rc=1.883264e+01
 step=   900  E=1.207200513235e+03  Q=1.467000000000e+03  λ=1.575121e+00  maxρ=1.076982e+00  minρ=1.000e-15  σ=2.478065e+00  Rc=1.883264e+01
 step=  1200  E=1.213633813542e+03  Q=1.467000000000e+03  λ=1.681369e+00  maxρ=1.073254e+00  minρ=1.000e-15  σ=2.478068e+00  Rc=1.883264e+01
 step=  1500  E=1.231226178037e+03  Q=1.467000000000e+03  λ=1.797279e+00  maxρ=1.078294e+00  minρ=1.000e-15  σ=2.478070e+00  Rc=1.883263e+01
 step=  1800  E=1.240300946201e+03  Q=1.467000000000e+03  λ=1.784043e+00  maxρ=1.081745e+00  minρ=1.000e-15  σ=2.478068e+00  Rc=1.883263e+01
 step=  2100  E=1.235110075390e+03  Q=1.467000000000e+03  λ=1.683689e+00  maxρ=1.076238e+00  minρ=1.000e-15  σ=2.478065e+00  Rc=1.883263e+01
 step=  2400  E=1.225849345822e+03  Q=1.467000000000e+03  λ=1.636676e+00  maxρ=1.065055e+00  minρ=1.000e-15  σ=2.478065e+00  Rc=1.883263e+01
 step=  2700  E=1.223549583338e+03  Q=1.467000000000e+03  λ=1.690600e+00  maxρ=1.067884e+00  minρ=1.000e-15  σ=2.478068e+00  Rc=1.883263e+01
 step=  3000  E=1.228054386914e+03  Q=1.467000000000e+03  λ=1.756421e+00  maxρ=1.080770e+00  minρ=1.000e-15  σ=2.478069e+00  Rc=1.883263e+01
 step=  3300  E=1.231492396609e+03  Q=1.467000000000e+03  λ=1.744962e+00  maxρ=1.083528e+00  minρ=1.000e-15  σ=2.478065e+00  Rc=1.883263e+01
 step=  3600  E=1.229431447789e+03  Q=1.467000000000e+03  λ=1.680945e+00  maxρ=1.079349e+00  minρ=1.000e-15  σ=2.478061e+00  Rc=1.883263e+01
 step=  3900  E=1.225057948201e+03  Q=1.467000000000e+03  λ=1.651586e+00  maxρ=1.079351e+00  minρ=1.000e-15  σ=2.478062e+00  Rc=1.883263e+01
 step=  4200  E=1.223388328215e+03  Q=1.467000000000e+03  λ=1.683254e+00  maxρ=1.075598e+00  minρ=1.000e-15  σ=2.478066e+00  Rc=1.883262e+01
 step=  4500  E=1.224917592553e+03  Q=1.467000000000e+03  λ=1.718537e+00  maxρ=1.072956e+00  minρ=1.000e-15  σ=2.478067e+00  Rc=1.883262e+01
 step=  4800  E=1.226364865367e+03  Q=1.467000000000e+03  λ=1.706843e+00  maxρ=1.077607e+00  minρ=1.000e-15  σ=2.478064e+00  Rc=1.883262e+01
 step=  5100  E=1.225673301862e+03  Q=1.467000000000e+03  λ=1.669884e+00  maxρ=1.078834e+00  minρ=1.000e-15  σ=2.478059e+00  Rc=1.883262e+01
 step=  5400  E=1.224028218490e+03  Q=1.467000000000e+03  λ=1.659564e+00  maxρ=1.077563e+00  minρ=1.000e-15  σ=2.478058e+00  Rc=1.883261e+01
 step=  5700  E=1.223302623428e+03  Q=1.467000000000e+03  λ=1.682830e+00  maxρ=1.073886e+00  minρ=1.000e-15  σ=2.478061e+00  Rc=1.883261e+01
 step=  6000  E=1.223496825187e+03  Q=1.467000000000e+03  λ=1.699975e+00  maxρ=1.069774e+00  minρ=1.000e-15  σ=2.478063e+00  Rc=1.883260e+01
 >>> No runaway detected in this horizon. Likely stable (within this model & box).

STABILITY: PASS
