
=== Aggressive relaxation to Q = 897 ===
Initial: E=2.535296236502e+03, Q=8.970000000000e+02, dt=1.000e-04
 step=     1  E=2.535146467177e+03  Q=8.970000000000e+02  λ=5.615783e+00  dt=1.000e-04  relΔE=5.907e-05  ||F||=1.292e+00
 step=   500  E=2.367171269784e+03  Q=8.970000000000e+02  λ=5.230131e+00  dt=6.192e-04  relΔE=2.475e-04  ||F||=1.125e+00
 step=  1000  E=1.979806251827e+03  Q=8.970000000000e+02  λ=4.340256e+00  dt=9.584e-04  relΔE=2.551e-04  ||F||=8.399e-01
 step=  1500  E=1.725965842927e+03  Q=8.970000000000e+02  λ=3.761037e+00  dt=7.418e-04  relΔE=1.836e-04  ||F||=1.042e+00
 step=  2000  E=1.557798678067e+03  Q=8.970000000000e+02  λ=3.379865e+00  dt=1.148e-03  relΔE=1.910e-04  ||F||=5.889e-01
 step=  2500  E=1.426043326416e+03  Q=8.970000000000e+02  λ=3.082926e+00  dt=8.887e-04  relΔE=1.240e-04  ||F||=5.160e-01
 step=  3000  E=1.322832141659e+03  Q=8.970000000000e+02  λ=2.851847e+00  dt=1.376e-03  relΔE=1.643e-04  ||F||=4.604e-01
 step=  3500  E=1.241916997904e+03  Q=8.970000000000e+02  λ=2.671261e+00  dt=1.065e-03  relΔE=1.111e-04  ||F||=4.164e-01
 step=  4000  E=1.173039409006e+03  Q=8.970000000000e+02  λ=2.518210e+00  dt=8.241e-04  relΔE=7.600e-05  ||F||=3.805e-01
 step=  4500  E=1.115428589699e+03  Q=8.970000000000e+02  λ=2.390853e+00  dt=1.276e-03  relΔE=1.059e-04  ||F||=3.521e-01
 step=  5000  E=1.066045529065e+03  Q=8.970000000000e+02  λ=2.281980e+00  dt=9.873e-04  relΔE=7.590e-05  ||F||=3.311e-01
 step=  5500  E=1.022012768599e+03  Q=8.970000000000e+02  λ=2.185364e+00  dt=1.274e-03  relΔE=9.339e-05  ||F||=3.167e-01
 step=  6000  E=9.802218953424e+02  Q=8.970000000000e+02  λ=2.093783e+00  dt=9.857e-04  relΔE=7.086e-05  ||F||=3.071e-01
 step=  6500  E=9.395153602959e+02  Q=8.970000000000e+02  λ=2.004491e+00  dt=7.629e-04  relΔE=5.672e-05  ||F||=3.059e-01
 step=  7000  E=9.025707530993e+02  Q=8.970000000000e+02  λ=1.923057e+00  dt=1.181e-03  relΔE=8.348e-05  ||F||=2.922e-01
 step=  7500  E=8.671615217159e+02  Q=8.970000000000e+02  λ=1.844148e+00  dt=9.140e-04  relΔE=6.137e-05  ||F||=2.791e-01
 step=  8000  E=8.353242425752e+02  Q=8.970000000000e+02  λ=1.772432e+00  dt=1.415e-03  relΔE=8.406e-05  ||F||=2.749e-01
 step=  8500  E=8.101826451587e+02  Q=8.970000000000e+02  λ=1.715026e+00  dt=1.095e-03  relΔE=5.347e-05  ||F||=2.301e-01
 step=  9000  E=7.903283109697e+02  Q=8.970000000000e+02  λ=1.669215e+00  dt=8.475e-04  relΔE=3.091e-05  ||F||=1.964e-01
 step=  9500  E=7.764299777447e+02  Q=8.970000000000e+02  λ=1.636868e+00  dt=1.312e-03  relΔE=3.298e-05  ||F||=1.616e-01
 step= 10000  E=7.674412604201e+02  Q=8.970000000000e+02  λ=1.615726e+00  dt=1.015e-03  relΔE=1.664e-05  ||F||=1.297e-01
 step= 10500  E=7.616135510641e+02  Q=8.970000000000e+02  λ=1.601895e+00  dt=7.858e-04  relΔE=7.887e-06  ||F||=1.011e-01
 step= 11000  E=7.582441717391e+02  Q=8.970000000000e+02  λ=1.593822e+00  dt=1.216e-03  relΔE=7.256e-06  ||F||=7.778e-02
 step= 11500  E=7.562423241524e+02  Q=8.970000000000e+02  λ=1.588956e+00  dt=9.414e-04  relΔE=3.244e-06  ||F||=5.903e-02
 step= 12000  E=7.550745822755e+02  Q=8.970000000000e+02  λ=1.586083e+00  dt=1.457e-03  relΔE=2.447e-06  ||F||=1.553e-01
 step= 12500  E=7.544549475090e+02  Q=8.970000000000e+02  λ=1.584508e+00  dt=1.128e-03  relΔE=1.232e-06  ||F||=3.319e-02
 step= 13000  E=7.540943780087e+02  Q=8.970000000000e+02  λ=1.583571e+00  dt=8.730e-04  relΔE=5.253e-07  ||F||=2.462e-02
 step= 13500  E=7.538964292591e+02  Q=8.970000000000e+02  λ=1.583037e+00  dt=1.351e-03  relΔE=4.448e-07  ||F||=1.820e-02
 step= 14000  E=7.537905528675e+02  Q=8.970000000000e+02  λ=1.582736e+00  dt=1.046e-03  relΔE=1.905e-07  ||F||=1.353e-02
 step= 14500  E=7.537305468945e+02  Q=8.970000000000e+02  λ=1.582554e+00  dt=8.095e-04  relΔE=7.990e-08  ||F||=9.951e-03
 step= 15000  E=7.536986612933e+02  Q=8.970000000000e+02  λ=1.582449e+00  dt=1.253e-03  relΔE=6.754e-08  ||F||=7.346e-03
 step= 15500  E=7.536812609567e+02  Q=8.970000000000e+02  λ=1.582386e+00  dt=9.698e-04  relΔE=2.865e-08  ||F||=5.432e-03
 step= 16000  E=7.536714539938e+02  Q=8.970000000000e+02  λ=1.582346e+00  dt=7.506e-04  relΔE=1.298e-08  ||F||=4.162e-03
 step= 16500  E=7.536664009578e+02  Q=8.970000000000e+02  λ=1.582322e+00  dt=1.162e-03  relΔE=1.022e-08  ||F||=2.953e-03
 step= 17000  E=7.536635219823e+02  Q=8.970000000000e+02  λ=1.582306e+00  dt=8.992e-04  relΔE=4.319e-09  ||F||=2.176e-03
 step= 17500  E=7.536619368075e+02  Q=8.970000000000e+02  λ=1.582295e+00  dt=1.392e-03  relΔE=3.649e-09  ||F||=1.615e-03
 step= 18000  E=7.536610920860e+02  Q=8.970000000000e+02  λ=1.582288e+00  dt=1.077e-03  relΔE=1.585e-09  ||F||=1.196e-03
 step= 18500  E=7.536606047614e+02  Q=8.970000000000e+02  λ=1.582284e+00  dt=8.338e-04  relΔE=6.817e-10  ||F||=8.880e-04
 step= 19000  E=7.536603346533e+02  Q=8.970000000000e+02  λ=1.582281e+00  dt=1.291e-03  relΔE=5.963e-10  ||F||=6.648e-04
 step= 19500  E=7.536601826374e+02  Q=8.970000000000e+02  λ=1.582278e+00  dt=9.989e-04  relΔE=2.667e-10  ||F||=5.037e-04
 step= 20000  E=7.536600916052e+02  Q=8.970000000000e+02  λ=1.582277e+00  dt=7.731e-04  relΔE=1.207e-10  ||F||=3.849e-04
 step= 20500  E=7.536600403369e+02  Q=8.970000000000e+02  λ=1.582276e+00  dt=1.197e-03  relΔE=1.110e-10  ||F||=2.971e-04
 step= 21000  E=7.536600086480e+02  Q=8.970000000000e+02  λ=1.582276e+00  dt=9.263e-04  relΔE=5.229e-11  ||F||=2.338e-04
 step= 21500  E=7.536599888189e+02  Q=8.970000000000e+02  λ=1.582275e+00  dt=1.434e-03  relΔE=4.963e-11  ||F||=2.404e-04
 step= 22000  E=7.536599769184e+02  Q=8.970000000000e+02  λ=1.582275e+00  dt=1.110e-03  relΔE=2.492e-11  ||F||=1.539e-04
 step= 22500  E=7.536599689598e+02  Q=8.970000000000e+02  λ=1.582275e+00  dt=8.589e-04  relΔE=1.246e-11  ||F||=1.285e-04
 step= 23000  E=7.536599638024e+02  Q=8.970000000000e+02  λ=1.582275e+00  dt=1.329e-03  relΔE=1.263e-11  ||F||=1.094e-04
 step= 23500  E=7.536599604745e+02  Q=8.970000000000e+02  λ=1.582275e+00  dt=1.029e-03  relΔE=6.479e-12  ||F||=9.483e-05
 step= 24000  E=7.536599582129e+02  Q=8.970000000000e+02  λ=1.582275e+00  dt=7.964e-04  relΔE=3.270e-12  ||F||=8.301e-05
 step= 24500  E=7.536599567956e+02  Q=8.970000000000e+02  λ=1.582275e+00  dt=1.233e-03  relΔE=3.230e-12  ||F||=7.339e-05
 step= 25000  E=7.536599558996e+02  Q=8.970000000000e+02  λ=1.582276e+00  dt=9.541e-04  relΔE=1.518e-12  ||F||=6.537e-05
 step= 25500  E=7.536599553654e+02  Q=8.970000000000e+02  λ=1.582276e+00  dt=6.154e-04  relΔE=2.247e-12  ||F||=3.433e-04
 step= 26000  E=7.536599551225e+02  Q=8.970000000000e+02  λ=1.582276e+00  dt=9.526e-04  relΔE=3.447e-13  ||F||=5.262e-05
  !! dt fell below dt_min: stiffness-limited termination.

Stationary candidate (aggressive): E=7.536599550491e+02, Q=8.970000000000e+02, maxρ=8.513409e-01

=== Stability test (damped inertial dynamics) ===
Perturb eps=0.02, gamma=1
t=0: E=7.971244285370e+02, Q=8.970000000000e+02, maxρ=8.785041e-01, σ=2.448966e+00, Rc=1.884081e+01
 step=     1  E=7.971242108663e+02  Q=8.970000000000e+02  λ=1.966047e+00  maxρ=8.785040e-01  minρ=1.000e-15  σ=2.448966e+00  Rc=1.884081e+01
 step=   300  E=7.881974493013e+02  Q=8.970000000000e+02  λ=1.864082e+00  maxρ=8.770135e-01  minρ=1.000e-15  σ=2.448963e+00  Rc=1.884082e+01
 step=   600  E=7.702261663769e+02  Q=8.970000000000e+02  λ=1.679241e+00  maxρ=8.728114e-01  minρ=1.000e-15  σ=2.448957e+00  Rc=1.884082e+01
 step=   900  E=7.596598581056e+02  Q=8.970000000000e+02  λ=1.619841e+00  maxρ=8.665966e-01  minρ=1.000e-15  σ=2.448955e+00  Rc=1.884082e+01
 step=  1200  E=7.635845710530e+02  Q=8.970000000000e+02  λ=1.725829e+00  maxρ=8.635568e-01  minρ=1.000e-15  σ=2.448958e+00  Rc=1.884081e+01
 step=  1500  E=7.743128733863e+02  Q=8.970000000000e+02  λ=1.841520e+00  maxρ=8.686289e-01  minρ=1.000e-15  σ=2.448960e+00  Rc=1.884081e+01
 step=  1800  E=7.798394419234e+02  Q=8.970000000000e+02  λ=1.828367e+00  maxρ=8.714102e-01  minρ=1.000e-15  σ=2.448958e+00  Rc=1.884080e+01
 step=  2100  E=7.766634408894e+02  Q=8.970000000000e+02  λ=1.728201e+00  maxρ=8.669757e-01  minρ=1.000e-15  σ=2.448955e+00  Rc=1.884081e+01
 step=  2400  E=7.710155624156e+02  Q=8.970000000000e+02  λ=1.681176e+00  maxρ=8.583987e-01  minρ=1.000e-15  σ=2.448955e+00  Rc=1.884081e+01
 step=  2700  E=7.696295054302e+02  Q=8.970000000000e+02  λ=1.734936e+00  maxρ=8.601629e-01  minρ=1.000e-15  σ=2.448958e+00  Rc=1.884080e+01
 step=  3000  E=7.723988154327e+02  Q=8.970000000000e+02  λ=1.800744e+00  maxρ=8.696262e-01  minρ=1.000e-15  σ=2.448958e+00  Rc=1.884080e+01
 step=  3300  E=7.745022583899e+02  Q=8.970000000000e+02  λ=1.789499e+00  maxρ=8.718489e-01  minρ=1.000e-15  σ=2.448955e+00  Rc=1.884080e+01
 step=  3600  E=7.732283722477e+02  Q=8.970000000000e+02  λ=1.725631e+00  maxρ=8.699483e-01  minρ=1.000e-15  σ=2.448951e+00  Rc=1.884080e+01
 step=  3900  E=7.705362994462e+02  Q=8.970000000000e+02  λ=1.696123e+00  maxρ=8.699540e-01  minρ=1.000e-15  σ=2.448952e+00  Rc=1.884080e+01
 step=  4200  E=7.695109180985e+02  Q=8.970000000000e+02  λ=1.727524e+00  maxρ=8.669339e-01  minρ=1.000e-15  σ=2.448956e+00  Rc=1.884080e+01
 step=  4500  E=7.704617297300e+02  Q=8.970000000000e+02  λ=1.762797e+00  maxρ=8.646374e-01  minρ=1.000e-15  σ=2.448957e+00  Rc=1.884079e+01
 step=  4800  E=7.713681306764e+02  Q=8.970000000000e+02  λ=1.751392e+00  maxρ=8.681126e-01  minρ=1.000e-15  σ=2.448953e+00  Rc=1.884079e+01
 step=  5100  E=7.709496941852e+02  Q=8.970000000000e+02  λ=1.714656e+00  maxρ=8.693856e-01  minρ=1.000e-15  σ=2.448948e+00  Rc=1.884079e+01
 step=  5400  E=7.699255859626e+02  Q=8.970000000000e+02  λ=1.704199e+00  maxρ=8.683690e-01  minρ=1.000e-15  σ=2.448948e+00  Rc=1.884079e+01
 step=  5700  E=7.694606251060e+02  Q=8.970000000000e+02  λ=1.727139e+00  maxρ=8.654146e-01  minρ=1.000e-15  σ=2.448951e+00  Rc=1.884078e+01
 step=  6000  E=7.695788281061e+02  Q=8.970000000000e+02  λ=1.744185e+00  maxρ=8.620512e-01  minρ=1.000e-15  σ=2.448952e+00  Rc=1.884078e+01
 >>> No runaway detected in this horizon. Likely stable (within this model & box).

STABILITY: PASS
