
=== Aggressive relaxation to Q = 1067 ===
Initial: E=3.013542091173e+03, Q=1.067000000000e+03, dt=1.000e-04
 step=     1  E=3.013361582949e+03  Q=1.067000000000e+03  λ=5.639374e+00  dt=1.000e-04  relΔE=5.990e-05  ||F||=1.301e+00
 step=   500  E=2.810637568020e+03  Q=1.067000000000e+03  λ=5.243075e+00  dt=6.192e-04  relΔE=2.518e-04  ||F||=1.134e+00
 step=  1000  E=2.345457640710e+03  Q=1.067000000000e+03  λ=4.335454e+00  dt=9.584e-04  relΔE=2.588e-04  ||F||=8.443e-01
 step=  1500  E=2.041742979879e+03  Q=1.067000000000e+03  λ=3.747621e+00  dt=7.418e-04  relΔE=1.781e-04  ||F||=8.009e-01
 step=  2000  E=1.841500221865e+03  Q=1.067000000000e+03  λ=3.363287e+00  dt=1.148e-03  relΔE=1.920e-04  ||F||=5.886e-01
 step=  2500  E=1.685183133697e+03  Q=1.067000000000e+03  λ=3.064980e+00  dt=8.887e-04  relΔE=1.243e-04  ||F||=5.150e-01
 step=  3000  E=1.562895124396e+03  Q=1.067000000000e+03  λ=2.833265e+00  dt=1.376e-03  relΔE=1.644e-04  ||F||=4.594e-01
 step=  3500  E=1.467464864142e+03  Q=1.067000000000e+03  λ=2.653089e+00  dt=1.065e-03  relΔE=1.110e-04  ||F||=4.148e-01
 step=  4000  E=1.386115440973e+03  Q=1.067000000000e+03  λ=2.500223e+00  dt=8.241e-04  relΔE=7.584e-05  ||F||=3.788e-01
 step=  4500  E=1.318431938578e+03  Q=1.067000000000e+03  λ=2.373728e+00  dt=1.276e-03  relΔE=1.055e-04  ||F||=3.502e-01
 step=  5000  E=1.260288590880e+03  Q=1.067000000000e+03  λ=2.265380e+00  dt=9.873e-04  relΔE=7.540e-05  ||F||=3.290e-01
 step=  5500  E=1.208628571376e+03  Q=1.067000000000e+03  λ=2.169585e+00  dt=1.274e-03  relΔE=9.256e-05  ||F||=3.143e-01
 step=  6000  E=1.159673621434e+03  Q=1.067000000000e+03  λ=2.078937e+00  dt=9.857e-04  relΔE=7.014e-05  ||F||=3.047e-01
 step=  6500  E=1.111961173684e+03  Q=1.067000000000e+03  λ=1.990538e+00  dt=7.629e-04  relΔE=5.650e-05  ||F||=3.046e-01
 step=  7000  E=1.068519107853e+03  Q=1.067000000000e+03  λ=1.909723e+00  dt=1.181e-03  relΔE=8.334e-05  ||F||=2.913e-01
 step=  7500  E=1.026395117464e+03  Q=1.067000000000e+03  λ=1.830616e+00  dt=9.140e-04  relΔE=6.194e-05  ||F||=2.797e-01
 step=  8000  E=9.881210520913e+02  Q=1.067000000000e+03  λ=1.758152e+00  dt=1.415e-03  relΔE=8.597e-05  ||F||=2.812e-01
 step=  8500  E=9.574857650390e+02  Q=1.067000000000e+03  λ=1.699588e+00  dt=1.095e-03  relΔE=5.539e-05  ||F||=2.334e-01
 step=  9000  E=9.330583291691e+02  Q=1.067000000000e+03  λ=1.652656e+00  dt=8.475e-04  relΔE=3.237e-05  ||F||=2.002e-01
 step=  9500  E=9.158409114643e+02  Q=1.067000000000e+03  λ=1.619528e+00  dt=1.312e-03  relΔE=3.482e-05  ||F||=1.654e-01
 step= 10000  E=9.046267751395e+02  Q=1.067000000000e+03  λ=1.597918e+00  dt=1.015e-03  relΔE=1.764e-05  ||F||=1.330e-01
 step= 10500  E=8.973293486401e+02  Q=1.067000000000e+03  λ=1.583888e+00  dt=7.858e-04  relΔE=8.397e-06  ||F||=1.039e-01
 step= 11000  E=8.931137156057e+02  Q=1.067000000000e+03  λ=1.575822e+00  dt=1.216e-03  relΔE=7.706e-06  ||F||=7.977e-02
 step= 11500  E=8.906134410820e+02  Q=1.067000000000e+03  λ=1.571059e+00  dt=9.414e-04  relΔE=3.446e-06  ||F||=6.054e-02
 step= 12000  E=8.891524137307e+02  Q=1.067000000000e+03  λ=1.568313e+00  dt=1.457e-03  relΔE=2.489e-06  ||F||=1.785e-01
 step= 12500  E=8.883793239861e+02  Q=1.067000000000e+03  λ=1.566852e+00  dt=1.128e-03  relΔE=1.305e-06  ||F||=3.398e-02
 step= 13000  E=8.879300553080e+02  Q=1.067000000000e+03  λ=1.566020e+00  dt=8.730e-04  relΔE=5.556e-07  ||F||=2.519e-02
 step= 13500  E=8.876835732598e+02  Q=1.067000000000e+03  λ=1.565570e+00  dt=1.351e-03  relΔE=4.704e-07  ||F||=1.862e-02
 step= 14000  E=8.875515449221e+02  Q=1.067000000000e+03  λ=1.565332e+00  dt=1.046e-03  relΔE=2.015e-07  ||F||=1.385e-02
 step= 14500  E=8.874767938327e+02  Q=1.067000000000e+03  λ=1.565199e+00  dt=8.095e-04  relΔE=8.484e-08  ||F||=1.021e-02
 step= 15000  E=8.874368340352e+02  Q=1.067000000000e+03  λ=1.565129e+00  dt=1.253e-03  relΔE=7.214e-08  ||F||=7.559e-03
 step= 15500  E=8.874148602351e+02  Q=1.067000000000e+03  λ=1.565090e+00  dt=9.698e-04  relΔE=3.091e-08  ||F||=5.619e-03
 step= 16000  E=8.874023165048e+02  Q=1.067000000000e+03  λ=1.565067e+00  dt=7.506e-04  relΔE=1.418e-08  ||F||=4.334e-03
 step= 16500  E=8.873957249046e+02  Q=1.067000000000e+03  λ=1.565055e+00  dt=1.162e-03  relΔE=1.148e-08  ||F||=3.122e-03
 step= 17000  E=8.873918591505e+02  Q=1.067000000000e+03  λ=1.565047e+00  dt=8.992e-04  relΔE=5.028e-09  ||F||=2.346e-03
 step= 17500  E=8.873896383539e+02  Q=1.067000000000e+03  λ=1.565042e+00  dt=1.392e-03  relΔE=4.471e-09  ||F||=1.789e-03
 step= 18000  E=8.873883823851e+02  Q=1.067000000000e+03  λ=1.565038e+00  dt=1.077e-03  relΔE=2.076e-09  ||F||=1.377e-03
 step= 18500  E=8.873876005359e+02  Q=1.067000000000e+03  λ=1.565036e+00  dt=8.338e-04  relΔE=9.781e-10  ||F||=1.076e-03
 step= 19000  E=8.873871205965e+02  Q=1.067000000000e+03  λ=1.565034e+00  dt=1.291e-03  relΔE=9.573e-10  ||F||=8.582e-04
 step= 19500  E=8.873868159157e+02  Q=1.067000000000e+03  λ=1.565032e+00  dt=9.989e-04  relΔE=4.895e-10  ||F||=7.010e-04
 step= 20000  E=8.873866045007e+02  Q=1.067000000000e+03  λ=1.565030e+00  dt=7.731e-04  relΔE=2.599e-10  ||F||=5.851e-04
 step= 20500  E=8.873864648025e+02  Q=1.067000000000e+03  λ=1.565029e+00  dt=1.197e-03  relΔE=2.803e-10  ||F||=4.929e-04
 step= 21000  E=8.873863626451e+02  Q=1.067000000000e+03  λ=1.565028e+00  dt=9.263e-04  relΔE=1.570e-10  ||F||=4.239e-04
 step= 21500  E=8.873862864213e+02  Q=1.067000000000e+03  λ=1.565027e+00  dt=1.434e-03  relΔE=1.767e-10  ||F||=5.275e-04
 step= 22000  E=8.873862323115e+02  Q=1.067000000000e+03  λ=1.565026e+00  dt=1.110e-03  relΔE=1.051e-10  ||F||=3.252e-04
 step= 22500  E=8.873861895693e+02  Q=1.067000000000e+03  λ=1.565025e+00  dt=8.589e-04  relΔE=6.185e-11  ||F||=2.879e-04
 step= 23000  E=8.873861570750e+02  Q=1.067000000000e+03  λ=1.565025e+00  dt=1.329e-03  relΔE=7.347e-11  ||F||=2.564e-04
 step= 23500  E=8.873861325356e+02  Q=1.067000000000e+03  λ=1.565024e+00  dt=1.029e-03  relΔE=4.408e-11  ||F||=2.296e-04
 step= 24000  E=8.873861128961e+02  Q=1.067000000000e+03  λ=1.565024e+00  dt=7.964e-04  relΔE=2.642e-11  ||F||=2.059e-04
 step= 24500  E=8.873860982013e+02  Q=1.067000000000e+03  λ=1.565023e+00  dt=1.233e-03  relΔE=3.152e-11  ||F||=1.848e-04
 step= 25000  E=8.873860868113e+02  Q=1.067000000000e+03  λ=1.565023e+00  dt=7.951e-04  relΔE=1.577e-11  ||F||=1.666e-04
 step= 25500  E=8.873860780188e+02  Q=1.067000000000e+03  λ=1.565023e+00  dt=1.231e-03  relΔE=1.872e-11  ||F||=1.499e-04
 step= 26000  E=8.873860712376e+02  Q=1.067000000000e+03  λ=1.565022e+00  dt=9.526e-04  relΔE=1.106e-11  ||F||=1.351e-04
 step= 26500  E=8.873860659388e+02  Q=1.067000000000e+03  λ=1.565022e+00  dt=1.475e-03  relΔE=3.945e-12  ||F||=7.395e-04
 step= 27000  E=8.873860621733e+02  Q=1.067000000000e+03  λ=1.565022e+00  dt=1.141e-03  relΔE=7.455e-12  ||F||=1.097e-04
 step= 27500  E=8.873860593096e+02  Q=1.067000000000e+03  λ=1.565022e+00  dt=7.361e-04  relΔE=3.530e-12  ||F||=9.889e-05
 step= 28000  E=8.873860572553e+02  Q=1.067000000000e+03  λ=1.565022e+00  dt=1.139e-03  relΔE=3.935e-12  ||F||=8.932e-05
 step= 28500  E=8.873860557632e+02  Q=1.067000000000e+03  λ=1.565022e+00  dt=8.818e-04  relΔE=2.102e-12  ||F||=8.046e-05
 step= 29000  E=8.873860547555e+02  Q=1.067000000000e+03  λ=1.565021e+00  dt=1.365e-03  relΔE=2.128e-12  ||F||=7.249e-05
 step= 29500  E=8.873860541341e+02  Q=1.067000000000e+03  λ=1.565021e+00  dt=1.056e-03  relΔE=9.969e-13  ||F||=6.547e-05
 step= 30000  E=8.873860537766e+02  Q=1.067000000000e+03  λ=1.565021e+00  dt=8.177e-04  relΔE=3.786e-13  ||F||=5.897e-05
 step= 30500  E=8.873860536364e+02  Q=1.067000000000e+03  λ=1.565021e+00  dt=1.266e-03  relΔE=1.358e-13  ||F||=5.320e-05
  !! dt fell below dt_min: stiffness-limited termination.

Stationary candidate (aggressive): E=8.873860536265e+02, Q=1.067000000000e+03, maxρ=9.237005e-01

=== Stability test (damped inertial dynamics) ===
Perturb eps=0.02, gamma=1
t=0: E=9.391075511377e+02, Q=1.067000000000e+03, maxρ=9.535669e-01, σ=2.443884e+00, Rc=1.884058e+01
 step=     1  E=9.391072921161e+02  Q=1.067000000000e+03  λ=1.948919e+00  maxρ=9.535669e-01  minρ=1.000e-15  σ=2.443884e+00  Rc=1.884058e+01
 step=   300  E=9.284846624952e+02  Q=1.067000000000e+03  λ=1.846921e+00  maxρ=9.519487e-01  minρ=1.000e-15  σ=2.443880e+00  Rc=1.884058e+01
 step=   600  E=9.070987689436e+02  Q=1.067000000000e+03  λ=1.662022e+00  maxρ=9.473868e-01  minρ=1.000e-15  σ=2.443874e+00  Rc=1.884059e+01
 step=   900  E=8.945236913887e+02  Q=1.067000000000e+03  λ=1.602600e+00  maxρ=9.406399e-01  minρ=1.000e-15  σ=2.443873e+00  Rc=1.884059e+01
 step=  1200  E=8.991928539404e+02  Q=1.067000000000e+03  λ=1.708614e+00  maxρ=9.373520e-01  minρ=1.000e-15  σ=2.443876e+00  Rc=1.884058e+01
 step=  1500  E=9.119605294301e+02  Q=1.067000000000e+03  λ=1.824335e+00  maxρ=9.425889e-01  minρ=1.000e-15  σ=2.443878e+00  Rc=1.884057e+01
 step=  1800  E=9.185409614276e+02  Q=1.067000000000e+03  λ=1.811184e+00  maxρ=9.456066e-01  minρ=1.000e-15  σ=2.443876e+00  Rc=1.884057e+01
 step=  2100  E=9.147651692720e+02  Q=1.067000000000e+03  λ=1.711007e+00  maxρ=9.407937e-01  minρ=1.000e-15  σ=2.443873e+00  Rc=1.884057e+01
 step=  2400  E=9.080435024296e+02  Q=1.067000000000e+03  λ=1.663984e+00  maxρ=9.313724e-01  minρ=1.000e-15  σ=2.443873e+00  Rc=1.884057e+01
 step=  2700  E=9.063884266917e+02  Q=1.067000000000e+03  λ=1.717750e+00  maxρ=9.334254e-01  minρ=1.000e-15  σ=2.443876e+00  Rc=1.884057e+01
 step=  3000  E=9.096778595922e+02  Q=1.067000000000e+03  λ=1.783545e+00  maxρ=9.439499e-01  minρ=1.000e-15  σ=2.443876e+00  Rc=1.884057e+01
 step=  3300  E=9.121802678490e+02  Q=1.067000000000e+03  λ=1.772272e+00  maxρ=9.463614e-01  minρ=1.000e-15  σ=2.443873e+00  Rc=1.884057e+01
 step=  3600  E=9.106698019340e+02  Q=1.067000000000e+03  λ=1.708400e+00  maxρ=9.438956e-01  minρ=1.000e-15  σ=2.443869e+00  Rc=1.884057e+01
 step=  3900  E=9.074723945955e+02  Q=1.067000000000e+03  λ=1.678925e+00  maxρ=9.439005e-01  minρ=1.000e-15  σ=2.443870e+00  Rc=1.884057e+01
 step=  4200  E=9.062528435177e+02  Q=1.067000000000e+03  λ=1.710358e+00  maxρ=9.406221e-01  minρ=1.000e-15  σ=2.443874e+00  Rc=1.884057e+01
 step=  4500  E=9.073790529317e+02  Q=1.067000000000e+03  λ=1.745616e+00  maxρ=9.381754e-01  minρ=1.000e-15  σ=2.443875e+00  Rc=1.884056e+01
 step=  4800  E=9.084522798860e+02  Q=1.067000000000e+03  λ=1.734162e+00  maxρ=9.419891e-01  minρ=1.000e-15  σ=2.443872e+00  Rc=1.884056e+01
 step=  5100  E=9.079544518478e+02  Q=1.067000000000e+03  λ=1.697401e+00  maxρ=9.433239e-01  minρ=1.000e-15  σ=2.443867e+00  Rc=1.884056e+01
 step=  5400  E=9.067408850340e+02  Q=1.067000000000e+03  λ=1.686976e+00  maxρ=9.422183e-01  minρ=1.000e-15  σ=2.443866e+00  Rc=1.884056e+01
 step=  5700  E=9.061919884573e+02  Q=1.067000000000e+03  λ=1.709968e+00  maxρ=9.390100e-01  minρ=1.000e-15  σ=2.443870e+00  Rc=1.884055e+01
 step=  6000  E=9.063318376144e+02  Q=1.067000000000e+03  λ=1.727021e+00  maxρ=9.353753e-01  minρ=1.000e-15  σ=2.443871e+00  Rc=1.884055e+01
 >>> No runaway detected in this horizon. Likely stable (within this model & box).

STABILITY: PASS
