
=== Aggressive relaxation to Q = 818 ===
Initial: E=2.313653683044e+03, Q=8.180000000000e+02, dt=1.000e-04
 step=     1  E=2.313517814691e+03  Q=8.180000000000e+02  λ=5.607917e+00  dt=1.000e-04  relΔE=5.872e-05  ||F||=1.289e+00
 step=   500  E=2.161248125014e+03  Q=8.180000000000e+02  λ=5.226624e+00  dt=6.192e-04  relΔE=2.456e-04  ||F||=1.122e+00
 step=  1000  E=1.810287223734e+03  Q=8.180000000000e+02  λ=4.346604e+00  dt=9.584e-04  relΔE=2.537e-04  ||F||=8.387e-01
 step=  1500  E=1.579175102792e+03  Q=8.180000000000e+02  λ=3.770731e+00  dt=7.418e-04  relΔE=1.932e-04  ||F||=1.131e+00
 step=  2000  E=1.425544752995e+03  Q=8.180000000000e+02  λ=3.390162e+00  dt=1.148e-03  relΔE=1.907e-04  ||F||=5.895e-01
 step=  2500  E=1.305050305304e+03  Q=8.180000000000e+02  λ=3.093372e+00  dt=8.887e-04  relΔE=1.240e-04  ||F||=5.169e-01
 step=  3000  E=1.210565867154e+03  Q=8.180000000000e+02  λ=2.862119e+00  dt=1.376e-03  relΔE=1.644e-04  ||F||=4.615e-01
 step=  3500  E=1.136526247338e+03  Q=8.180000000000e+02  λ=2.681439e+00  dt=1.065e-03  relΔE=1.112e-04  ||F||=4.174e-01
 step=  4000  E=1.073299567602e+03  Q=8.180000000000e+02  λ=2.527789e+00  dt=8.241e-04  relΔE=7.617e-05  ||F||=3.815e-01
 step=  4500  E=1.022811857283e+03  Q=8.180000000000e+02  λ=2.405659e+00  dt=1.063e-03  relΔE=8.894e-05  ||F||=3.544e-01
 step=  5000  E=9.755389903371e+02  Q=8.180000000000e+02  λ=2.291651e+00  dt=8.227e-04  relΔE=6.365e-05  ||F||=3.328e-01
 step=  5500  E=9.341805392574e+02  Q=8.180000000000e+02  λ=2.192397e+00  dt=1.274e-03  relΔE=9.386e-05  ||F||=3.178e-01
 step=  6000  E=8.962636270153e+02  Q=8.180000000000e+02  λ=2.101480e+00  dt=9.857e-04  relΔE=7.129e-05  ||F||=3.084e-01
 step=  6500  E=8.588278066128e+02  Q=8.180000000000e+02  λ=2.011605e+00  dt=7.629e-04  relΔE=5.617e-05  ||F||=3.047e-01
 step=  7000  E=8.249590357014e+02  Q=8.180000000000e+02  λ=1.929867e+00  dt=1.181e-03  relΔE=8.356e-05  ||F||=2.927e-01
 step=  7500  E=7.926107662300e+02  Q=8.180000000000e+02  λ=1.850882e+00  dt=9.140e-04  relΔE=6.104e-05  ||F||=2.787e-01
 step=  8000  E=7.638103792275e+02  Q=8.180000000000e+02  λ=1.779715e+00  dt=1.415e-03  relΔE=8.299e-05  ||F||=2.677e-01
 step=  8500  E=7.411768044854e+02  Q=8.180000000000e+02  λ=1.722927e+00  dt=1.095e-03  relΔE=5.235e-05  ||F||=2.280e-01
 step=  9000  E=7.234485562343e+02  Q=8.180000000000e+02  λ=1.677871e+00  dt=8.475e-04  relΔE=3.005e-05  ||F||=1.940e-01
 step=  9500  E=7.111173705921e+02  Q=8.180000000000e+02  λ=1.646159e+00  dt=1.312e-03  relΔE=3.194e-05  ||F||=1.594e-01
 step= 10000  E=7.031479604618e+02  Q=8.180000000000e+02  λ=1.625366e+00  dt=1.015e-03  relΔE=1.605e-05  ||F||=1.277e-01
 step= 10500  E=6.980003199636e+02  Q=8.180000000000e+02  λ=1.611745e+00  dt=7.858e-04  relΔE=7.615e-06  ||F||=9.962e-02
 step= 11000  E=6.950262696570e+02  Q=8.180000000000e+02  λ=1.603747e+00  dt=1.216e-03  relΔE=6.986e-06  ||F||=7.652e-02
 step= 11500  E=6.932613754653e+02  Q=8.180000000000e+02  λ=1.598894e+00  dt=9.414e-04  relΔE=3.128e-06  ||F||=5.811e-02
 step= 12000  E=6.922279436834e+02  Q=8.180000000000e+02  λ=1.595987e+00  dt=1.457e-03  relΔE=2.310e-06  ||F||=1.629e-01
 step= 12500  E=6.916797736822e+02  Q=8.180000000000e+02  λ=1.594372e+00  dt=1.128e-03  relΔE=1.190e-06  ||F||=3.269e-02
 step= 13000  E=6.913604491994e+02  Q=8.180000000000e+02  λ=1.593394e+00  dt=8.730e-04  relΔE=5.078e-07  ||F||=2.427e-02
 step= 13500  E=6.911848920380e+02  Q=8.180000000000e+02  λ=1.592824e+00  dt=1.351e-03  relΔE=4.306e-07  ||F||=1.796e-02
 step= 14000  E=6.910908625440e+02  Q=8.180000000000e+02  λ=1.592495e+00  dt=1.046e-03  relΔE=1.847e-07  ||F||=1.335e-02
 step= 14500  E=6.910375060546e+02  Q=8.180000000000e+02  λ=1.592290e+00  dt=8.095e-04  relΔE=7.758e-08  ||F||=9.831e-03
 step= 15000  E=6.910091582314e+02  Q=8.180000000000e+02  λ=1.592168e+00  dt=1.253e-03  relΔE=6.565e-08  ||F||=7.261e-03
 step= 15500  E=6.909936197117e+02  Q=8.180000000000e+02  λ=1.592091e+00  dt=9.698e-04  relΔE=2.781e-08  ||F||=5.364e-03
 step= 16000  E=6.909849032605e+02  Q=8.180000000000e+02  λ=1.592040e+00  dt=7.506e-04  relΔE=1.237e-08  ||F||=4.070e-03
 step= 16500  E=6.909804108762e+02  Q=8.180000000000e+02  λ=1.592009e+00  dt=1.162e-03  relΔE=9.901e-09  ||F||=2.911e-03
 step= 17000  E=6.909778550096e+02  Q=8.180000000000e+02  λ=1.591987e+00  dt=8.992e-04  relΔE=4.165e-09  ||F||=2.139e-03
 step= 17500  E=6.909764582319e+02  Q=8.180000000000e+02  λ=1.591972e+00  dt=1.392e-03  relΔE=3.500e-09  ||F||=1.578e-03
 step= 18000  E=6.909757175162e+02  Q=8.180000000000e+02  λ=1.591963e+00  dt=1.077e-03  relΔE=1.505e-09  ||F||=1.163e-03
 step= 18500  E=6.909752957957e+02  Q=8.180000000000e+02  λ=1.591956e+00  dt=8.338e-04  relΔE=6.383e-10  ||F||=8.550e-04
 step= 19000  E=6.909750657795e+02  Q=8.180000000000e+02  λ=1.591951e+00  dt=1.291e-03  relΔE=5.467e-10  ||F||=6.302e-04
 step= 19500  E=6.909749396440e+02  Q=8.180000000000e+02  λ=1.591947e+00  dt=9.989e-04  relΔE=2.380e-10  ||F||=4.675e-04
 step= 20000  E=6.909748663785e+02  Q=8.180000000000e+02  λ=1.591945e+00  dt=7.731e-04  relΔE=1.037e-10  ||F||=3.465e-04
 step= 20500  E=6.909748268432e+02  Q=8.180000000000e+02  λ=1.591943e+00  dt=1.197e-03  relΔE=9.085e-11  ||F||=2.564e-04
 step= 21000  E=6.909748036824e+02  Q=8.180000000000e+02  λ=1.591942e+00  dt=9.263e-04  relΔE=4.029e-11  ||F||=1.909e-04
 step= 21500  E=6.909747901345e+02  Q=8.180000000000e+02  λ=1.591941e+00  dt=1.434e-03  relΔE=3.539e-11  ||F||=2.047e-04
 step= 22000  E=6.909747826281e+02  Q=8.180000000000e+02  λ=1.591940e+00  dt=1.110e-03  relΔE=1.637e-11  ||F||=1.080e-04
 step= 22500  E=6.909747780441e+02  Q=8.180000000000e+02  λ=1.591940e+00  dt=8.589e-04  relΔE=7.411e-12  ||F||=8.214e-05
 step= 23000  E=6.909747753714e+02  Q=8.180000000000e+02  λ=1.591940e+00  dt=1.329e-03  relΔE=6.708e-12  ||F||=6.338e-05
 step= 23500  E=6.909747738425e+02  Q=8.180000000000e+02  λ=1.591940e+00  dt=1.029e-03  relΔE=3.032e-12  ||F||=4.998e-05
 step= 24000  E=6.909747729387e+02  Q=8.180000000000e+02  λ=1.591940e+00  dt=7.964e-04  relΔE=1.300e-12  ||F||=3.995e-05
 step= 24500  E=6.909747724669e+02  Q=8.180000000000e+02  λ=1.591940e+00  dt=1.233e-03  relΔE=1.034e-12  ||F||=3.267e-05
 step= 25000  E=6.909747722403e+02  Q=8.180000000000e+02  λ=1.591940e+00  dt=9.541e-04  relΔE=3.286e-13  ||F||=2.728e-05
 step= 25500  E=6.909747721695e+02  Q=8.180000000000e+02  λ=1.591940e+00  dt=7.385e-04  relΔE=2.583e-14  ||F||=2.338e-05
  !! dt fell below dt_min: stiffness-limited termination.

Stationary candidate (aggressive): E=6.909747721688e+02, Q=8.180000000000e+02, maxρ=8.133590e-01

=== Stability test (damped inertial dynamics) ===
Perturb eps=0.02, gamma=1
t=0: E=7.306090244050e+02, Q=8.180000000000e+02, maxρ=8.391988e-01, σ=2.458210e+00, Rc=1.883984e+01
 step=     1  E=7.306088259098e+02  Q=8.180000000000e+02  λ=1.975713e+00  maxρ=8.391987e-01  minρ=1.000e-15  σ=2.458210e+00  Rc=1.883984e+01
 step=   300  E=7.224684891083e+02  Q=8.180000000000e+02  λ=1.873743e+00  maxρ=8.377750e-01  minρ=1.000e-15  σ=2.458206e+00  Rc=1.883985e+01
 step=   600  E=7.060807249998e+02  Q=8.180000000000e+02  λ=1.688897e+00  maxρ=8.337612e-01  minρ=1.000e-15  σ=2.458200e+00  Rc=1.883985e+01
 step=   900  E=6.964461312150e+02  Q=8.180000000000e+02  λ=1.629504e+00  maxρ=8.278249e-01  minρ=1.000e-15  σ=2.458198e+00  Rc=1.883985e+01
 step=  1200  E=7.000258820137e+02  Q=8.180000000000e+02  λ=1.735506e+00  maxρ=8.249172e-01  minρ=1.000e-15  σ=2.458201e+00  Rc=1.883984e+01
 step=  1500  E=7.098087555951e+02  Q=8.180000000000e+02  λ=1.851200e+00  maxρ=8.298375e-01  minρ=1.000e-15  σ=2.458204e+00  Rc=1.883984e+01
 step=  1800  E=7.148469975307e+02  Q=8.180000000000e+02  λ=1.838032e+00  maxρ=8.324948e-01  minρ=1.000e-15  σ=2.458201e+00  Rc=1.883984e+01
 step=  2100  E=7.119495355563e+02  Q=8.180000000000e+02  λ=1.737850e+00  maxρ=8.282586e-01  minρ=1.000e-15  σ=2.458198e+00  Rc=1.883984e+01
 step=  2400  E=7.067995685558e+02  Q=8.180000000000e+02  λ=1.690826e+00  maxρ=8.200967e-01  minρ=1.000e-15  σ=2.458198e+00  Rc=1.883984e+01
 step=  2700  E=7.055373659947e+02  Q=8.180000000000e+02  λ=1.744604e+00  maxρ=8.217416e-01  minρ=1.000e-15  σ=2.458201e+00  Rc=1.883984e+01
 step=  3000  E=7.080640976415e+02  Q=8.180000000000e+02  λ=1.810425e+00  maxρ=8.307020e-01  minρ=1.000e-15  σ=2.458201e+00  Rc=1.883984e+01
 step=  3300  E=7.099818658712e+02  Q=8.180000000000e+02  λ=1.799174e+00  maxρ=8.328257e-01  minρ=1.000e-15  σ=2.458198e+00  Rc=1.883984e+01
 step=  3600  E=7.088185766281e+02  Q=8.180000000000e+02  λ=1.735289e+00  maxρ=8.311337e-01  minρ=1.000e-15  σ=2.458194e+00  Rc=1.883984e+01
 step=  3900  E=7.063625642101e+02  Q=8.180000000000e+02  λ=1.705772e+00  maxρ=8.311397e-01  minρ=1.000e-15  σ=2.458194e+00  Rc=1.883983e+01
 step=  4200  E=7.054280016536e+02  Q=8.180000000000e+02  λ=1.737182e+00  maxρ=8.282550e-01  minρ=1.000e-15  σ=2.458198e+00  Rc=1.883983e+01
 step=  4500  E=7.062963902170e+02  Q=8.180000000000e+02  λ=1.772470e+00  maxρ=8.260478e-01  minρ=1.000e-15  σ=2.458199e+00  Rc=1.883983e+01
 step=  4800  E=7.071236076835e+02  Q=8.180000000000e+02  λ=1.761069e+00  maxρ=8.293685e-01  minρ=1.000e-15  σ=2.458195e+00  Rc=1.883983e+01
 step=  5100  E=7.067414728165e+02  Q=8.180000000000e+02  λ=1.724323e+00  maxρ=8.305856e-01  minρ=1.000e-15  σ=2.458190e+00  Rc=1.883983e+01
 step=  5400  E=7.058066739448e+02  Q=8.180000000000e+02  λ=1.713856e+00  maxρ=8.296154e-01  minρ=1.000e-15  σ=2.458189e+00  Rc=1.883982e+01
 step=  5700  E=7.053825192712e+02  Q=8.180000000000e+02  λ=1.736796e+00  maxρ=8.267940e-01  minρ=1.000e-15  σ=2.458192e+00  Rc=1.883982e+01
 step=  6000  E=7.054909344607e+02  Q=8.180000000000e+02  λ=1.753850e+00  maxρ=8.235754e-01  minρ=1.000e-15  σ=2.458193e+00  Rc=1.883981e+01
 >>> No runaway detected in this horizon. Likely stable (within this model & box).

STABILITY: PASS
