
=== Aggressive relaxation to Q = 1036 ===
Initial: E=2.926177305823e+03, Q=1.036000000000e+03, dt=1.000e-04
 step=     1  E=2.926002494665e+03  Q=1.036000000000e+03  λ=5.634468e+00  dt=1.000e-04  relΔE=5.974e-05  ||F||=1.299e+00
 step=   500  E=2.729717988175e+03  Q=1.036000000000e+03  λ=5.240238e+00  dt=6.192e-04  relΔE=2.510e-04  ||F||=1.132e+00
 step=  1000  E=2.279146336207e+03  Q=1.036000000000e+03  λ=4.336519e+00  dt=9.584e-04  relΔE=2.582e-04  ||F||=8.436e-01
 step=  1500  E=1.984392443852e+03  Q=1.036000000000e+03  λ=3.750181e+00  dt=7.418e-04  relΔE=1.959e-04  ||F||=1.139e+00
 step=  2000  E=1.789908665717e+03  Q=1.036000000000e+03  λ=3.365955e+00  dt=1.148e-03  relΔE=1.918e-04  ||F||=5.886e-01
 step=  2500  E=1.638109604204e+03  Q=1.036000000000e+03  λ=3.067992e+00  dt=8.887e-04  relΔE=1.242e-04  ||F||=5.151e-01
 step=  3000  E=1.519424645743e+03  Q=1.036000000000e+03  λ=2.836656e+00  dt=1.376e-03  relΔE=1.644e-04  ||F||=4.593e-01
 step=  3500  E=1.426513992009e+03  Q=1.036000000000e+03  λ=2.656195e+00  dt=1.065e-03  relΔE=1.110e-04  ||F||=4.150e-01
 step=  4000  E=1.347517513238e+03  Q=1.036000000000e+03  λ=2.503474e+00  dt=8.241e-04  relΔE=7.584e-05  ||F||=3.791e-01
 step=  4500  E=1.284460361494e+03  Q=1.036000000000e+03  λ=2.382174e+00  dt=1.063e-03  relΔE=8.836e-05  ||F||=3.517e-01
 step=  5000  E=1.225560954801e+03  Q=1.036000000000e+03  λ=2.269248e+00  dt=8.227e-04  relΔE=6.303e-05  ||F||=3.298e-01
 step=  5500  E=1.174179497417e+03  Q=1.036000000000e+03  λ=2.171242e+00  dt=1.274e-03  relΔE=9.265e-05  ||F||=3.146e-01
 step=  6000  E=1.127174080000e+03  Q=1.036000000000e+03  λ=2.081686e+00  dt=9.857e-04  relΔE=7.026e-05  ||F||=3.051e-01
 step=  6500  E=1.080716594749e+03  Q=1.036000000000e+03  λ=1.993114e+00  dt=7.629e-04  relΔE=5.553e-05  ||F||=3.020e-01
 step=  7000  E=1.038411081966e+03  Q=1.036000000000e+03  λ=1.912124e+00  dt=1.181e-03  relΔE=8.336e-05  ||F||=2.914e-01
 step=  7500  E=9.974969069524e+02  Q=1.036000000000e+03  λ=1.833030e+00  dt=9.140e-04  relΔE=6.185e-05  ||F||=2.796e-01
 step=  8000  E=9.604389213296e+02  Q=1.036000000000e+03  λ=1.760768e+00  dt=1.415e-03  relΔE=8.575e-05  ||F||=2.710e-01
 step=  8500  E=9.307826408144e+02  Q=1.036000000000e+03  λ=1.702341e+00  dt=1.095e-03  relΔE=5.510e-05  ||F||=2.329e-01
 step=  9000  E=9.071777200002e+02  Q=1.036000000000e+03  λ=1.655551e+00  dt=8.475e-04  relΔE=3.215e-05  ||F||=1.997e-01
 step=  9500  E=8.905356366788e+02  Q=1.036000000000e+03  λ=1.622470e+00  dt=1.312e-03  relΔE=3.453e-05  ||F||=1.648e-01
 step= 10000  E=8.797235865520e+02  Q=1.036000000000e+03  λ=1.600908e+00  dt=1.015e-03  relΔE=1.748e-05  ||F||=1.325e-01
 step= 10500  E=8.726972190627e+02  Q=1.036000000000e+03  λ=1.586899e+00  dt=7.858e-04  relΔE=8.309e-06  ||F||=1.034e-01
 step= 11000  E=8.686317214361e+02  Q=1.036000000000e+03  λ=1.578811e+00  dt=1.216e-03  relΔE=7.642e-06  ||F||=7.950e-02
 step= 11500  E=8.662175759051e+02  Q=1.036000000000e+03  λ=1.574013e+00  dt=9.414e-04  relΔE=3.415e-06  ||F||=6.032e-02
 step= 12000  E=8.648099719042e+02  Q=1.036000000000e+03  λ=1.571233e+00  dt=1.457e-03  relΔE=2.691e-06  ||F||=1.335e-01
 step= 12500  E=8.640636146360e+02  Q=1.036000000000e+03  λ=1.569753e+00  dt=1.128e-03  relΔE=1.293e-06  ||F||=3.386e-02
 step= 13000  E=8.636304305005e+02  Q=1.036000000000e+03  λ=1.568900e+00  dt=8.730e-04  relΔE=5.507e-07  ||F||=2.510e-02
 step= 13500  E=8.633930470800e+02  Q=1.036000000000e+03  λ=1.568435e+00  dt=1.351e-03  relΔE=4.665e-07  ||F||=1.856e-02
 step= 14000  E=8.632657308776e+02  Q=1.036000000000e+03  λ=1.568186e+00  dt=1.046e-03  relΔE=1.997e-07  ||F||=1.380e-02
 step= 14500  E=8.631937032439e+02  Q=1.036000000000e+03  λ=1.568044e+00  dt=8.095e-04  relΔE=8.394e-08  ||F||=1.016e-02
 step= 15000  E=8.631552571313e+02  Q=1.036000000000e+03  λ=1.567968e+00  dt=1.253e-03  relΔE=7.128e-08  ||F||=7.519e-03
 step= 15500  E=8.631341442564e+02  Q=1.036000000000e+03  λ=1.567925e+00  dt=9.698e-04  relΔE=3.043e-08  ||F||=5.579e-03
 step= 16000  E=8.631221607954e+02  Q=1.036000000000e+03  λ=1.567900e+00  dt=7.506e-04  relΔE=1.423e-08  ||F||=4.356e-03
 step= 16500  E=8.631158939024e+02  Q=1.036000000000e+03  λ=1.567886e+00  dt=1.162e-03  relΔE=1.118e-08  ||F||=3.082e-03
 step= 17000  E=8.631122472108e+02  Q=1.036000000000e+03  λ=1.567877e+00  dt=8.992e-04  relΔE=4.850e-09  ||F||=2.305e-03
 step= 17500  E=8.631101746759e+02  Q=1.036000000000e+03  λ=1.567872e+00  dt=1.392e-03  relΔE=4.259e-09  ||F||=1.752e-03
 step= 18000  E=8.631090192184e+02  Q=1.036000000000e+03  λ=1.567868e+00  dt=1.077e-03  relΔE=1.946e-09  ||F||=1.332e-03
 step= 18500  E=8.631083123322e+02  Q=1.036000000000e+03  λ=1.567865e+00  dt=8.338e-04  relΔE=8.993e-10  ||F||=1.030e-03
 step= 19000  E=8.631078880552e+02  Q=1.036000000000e+03  λ=1.567863e+00  dt=1.291e-03  relΔE=8.607e-10  ||F||=8.119e-04
 step= 19500  E=8.631076243152e+02  Q=1.036000000000e+03  λ=1.567862e+00  dt=9.989e-04  relΔE=4.292e-10  ||F||=6.547e-04
 step= 20000  E=8.631074461628e+02  Q=1.036000000000e+03  λ=1.567861e+00  dt=7.731e-04  relΔE=2.226e-10  ||F||=5.401e-04
 step= 20500  E=8.631073312741e+02  Q=1.036000000000e+03  λ=1.567860e+00  dt=1.197e-03  relΔE=2.342e-10  ||F||=4.496e-04
 step= 21000  E=8.631072491218e+02  Q=1.036000000000e+03  λ=1.567859e+00  dt=9.263e-04  relΔE=1.284e-10  ||F||=3.831e-04
 step= 21500  E=8.631071891202e+02  Q=1.036000000000e+03  λ=1.567858e+00  dt=1.434e-03  relΔE=1.427e-10  ||F||=4.099e-04
 step= 22000  E=8.631071471288e+02  Q=1.036000000000e+03  λ=1.567858e+00  dt=1.110e-03  relΔE=8.303e-11  ||F||=2.901e-04
 step= 22500  E=8.631071145327e+02  Q=1.036000000000e+03  λ=1.567857e+00  dt=8.589e-04  relΔE=4.824e-11  ||F||=2.559e-04
 step= 23000  E=8.631070899937e+02  Q=1.036000000000e+03  λ=1.567857e+00  dt=1.329e-03  relΔE=5.662e-11  ||F||=2.272e-04
 step= 23500  E=8.631070716922e+02  Q=1.036000000000e+03  λ=1.567857e+00  dt=1.029e-03  relΔE=3.362e-11  ||F||=2.032e-04
 step= 24000  E=8.631070571949e+02  Q=1.036000000000e+03  λ=1.567856e+00  dt=7.964e-04  relΔE=1.995e-11  ||F||=1.821e-04
 step= 24500  E=8.631070464566e+02  Q=1.036000000000e+03  λ=1.567856e+00  dt=1.233e-03  relΔE=2.355e-11  ||F||=1.632e-04
 step= 25000  E=8.631070381713e+02  Q=1.036000000000e+03  λ=1.567856e+00  dt=9.541e-04  relΔE=1.392e-11  ||F||=1.468e-04
 step= 25500  E=8.631070316738e+02  Q=1.036000000000e+03  λ=1.567856e+00  dt=7.385e-04  relΔE=1.251e-11  ||F||=3.775e-04
 step= 26000  E=8.631070270548e+02  Q=1.036000000000e+03  λ=1.567856e+00  dt=1.143e-03  relΔE=9.484e-12  ||F||=1.190e-04
 step= 26500  E=8.631070234555e+02  Q=1.036000000000e+03  λ=1.567856e+00  dt=8.847e-04  relΔE=5.425e-12  ||F||=1.071e-04
 step= 27000  E=8.631070208174e+02  Q=1.036000000000e+03  λ=1.567856e+00  dt=1.369e-03  relΔE=6.091e-12  ||F||=9.652e-05
 step= 27500  E=8.631070189712e+02  Q=1.036000000000e+03  λ=1.567855e+00  dt=1.060e-03  relΔE=3.365e-12  ||F||=8.715e-05
 step= 28000  E=8.631070176396e+02  Q=1.036000000000e+03  λ=1.567855e+00  dt=8.203e-04  relΔE=1.773e-12  ||F||=7.851e-05
 step= 28500  E=8.631070167687e+02  Q=1.036000000000e+03  λ=1.567855e+00  dt=1.270e-03  relΔE=1.763e-12  ||F||=7.081e-05
 step= 29000  E=8.631070162368e+02  Q=1.036000000000e+03  λ=1.567855e+00  dt=9.828e-04  relΔE=7.933e-13  ||F||=6.396e-05
 step= 29500  E=8.631070159473e+02  Q=1.036000000000e+03  λ=1.567855e+00  dt=7.607e-04  relΔE=2.761e-13  ||F||=5.765e-05
 step= 30000  E=8.631070158597e+02  Q=1.036000000000e+03  λ=1.567855e+00  dt=1.177e-03  relΔE=3.280e-14  ||F||=5.205e-05
  !! dt fell below dt_min: stiffness-limited termination.

Stationary candidate (aggressive): E=8.631070158591e+02, Q=1.036000000000e+03, maxρ=9.113560e-01

=== Stability test (damped inertial dynamics) ===
Perturb eps=0.02, gamma=1
t=0: E=9.133213231045e+02, Q=1.036000000000e+03, maxρ=9.407433e-01, σ=2.443626e+00, Rc=1.884082e+01
 step=     1  E=9.133210716322e+02  Q=1.036000000000e+03  λ=1.951719e+00  maxρ=9.407433e-01  minρ=1.000e-15  σ=2.443626e+00  Rc=1.884082e+01
 step=   300  E=9.030080519923e+02  Q=1.036000000000e+03  λ=1.849731e+00  maxρ=9.391469e-01  minρ=1.000e-15  σ=2.443623e+00  Rc=1.884082e+01
 step=   600  E=8.822455390969e+02  Q=1.036000000000e+03  λ=1.664848e+00  maxρ=9.346465e-01  minρ=1.000e-15  σ=2.443617e+00  Rc=1.884082e+01
 step=   900  E=8.700371499725e+02  Q=1.036000000000e+03  λ=1.605431e+00  maxρ=9.279905e-01  minρ=1.000e-15  σ=2.443615e+00  Rc=1.884082e+01
 step=  1200  E=8.745703365815e+02  Q=1.036000000000e+03  λ=1.711435e+00  maxρ=9.247446e-01  minρ=1.000e-15  σ=2.443618e+00  Rc=1.884082e+01
 step=  1500  E=8.869656252955e+02  Q=1.036000000000e+03  λ=1.827148e+00  maxρ=9.299656e-01  minρ=1.000e-15  σ=2.443620e+00  Rc=1.884081e+01
 step=  1800  E=8.933535803073e+02  Q=1.036000000000e+03  λ=1.813999e+00  maxρ=9.329430e-01  minρ=1.000e-15  σ=2.443618e+00  Rc=1.884081e+01
 step=  2100  E=8.896872124757e+02  Q=1.036000000000e+03  λ=1.713828e+00  maxρ=9.281947e-01  minρ=1.000e-15  σ=2.443615e+00  Rc=1.884081e+01
 step=  2400  E=8.831615943937e+02  Q=1.036000000000e+03  λ=1.666804e+00  maxρ=9.189227e-01  minρ=1.000e-15  σ=2.443615e+00  Rc=1.884081e+01
 step=  2700  E=8.815558225734e+02  Q=1.036000000000e+03  λ=1.720566e+00  maxρ=9.209204e-01  minρ=1.000e-15  σ=2.443618e+00  Rc=1.884081e+01
 step=  3000  E=8.847505921344e+02  Q=1.036000000000e+03  λ=1.786361e+00  maxρ=9.312535e-01  minρ=1.000e-15  σ=2.443619e+00  Rc=1.884081e+01
 step=  3300  E=8.871803052264e+02  Q=1.036000000000e+03  λ=1.775097e+00  maxρ=9.336328e-01  minρ=1.000e-15  σ=2.443615e+00  Rc=1.884081e+01
 step=  3600  E=8.857128415977e+02  Q=1.036000000000e+03  λ=1.711229e+00  maxρ=9.312801e-01  minρ=1.000e-15  σ=2.443612e+00  Rc=1.884081e+01
 step=  3900  E=8.826073209672e+02  Q=1.036000000000e+03  λ=1.681747e+00  maxρ=9.312851e-01  minρ=1.000e-15  σ=2.443612e+00  Rc=1.884081e+01
 step=  4200  E=8.814230504651e+02  Q=1.036000000000e+03  λ=1.713169e+00  maxρ=9.280509e-01  minρ=1.000e-15  σ=2.443616e+00  Rc=1.884080e+01
 step=  4500  E=8.825174726873e+02  Q=1.036000000000e+03  λ=1.748429e+00  maxρ=9.256278e-01  minρ=1.000e-15  σ=2.443618e+00  Rc=1.884080e+01
 step=  4800  E=8.835606378665e+02  Q=1.036000000000e+03  λ=1.736987e+00  maxρ=9.293740e-01  minρ=1.000e-15  σ=2.443614e+00  Rc=1.884080e+01
 step=  5100  E=8.830774156168e+02  Q=1.036000000000e+03  λ=1.700234e+00  maxρ=9.307082e-01  minρ=1.000e-15  σ=2.443609e+00  Rc=1.884080e+01
 step=  5400  E=8.818981204543e+02  Q=1.036000000000e+03  λ=1.689803e+00  maxρ=9.296178e-01  minρ=1.000e-15  σ=2.443609e+00  Rc=1.884079e+01
 step=  5700  E=8.813641359316e+02  Q=1.036000000000e+03  λ=1.712782e+00  maxρ=9.264528e-01  minρ=1.000e-15  σ=2.443612e+00  Rc=1.884079e+01
 step=  6000  E=8.814999782483e+02  Q=1.036000000000e+03  λ=1.729831e+00  maxρ=9.228640e-01  minρ=1.000e-15  σ=2.443613e+00  Rc=1.884079e+01
 >>> No runaway detected in this horizon. Likely stable (within this model & box).

STABILITY: PASS
