
=== Aggressive relaxation to Q = 282 ===
Initial: E=8.102841855122e+02, Q=2.820000000000e+02, dt=1.000e-04
 step=     1  E=8.102382155883e+02  Q=2.820000000000e+02  λ=5.648394e+00  dt=1.000e-04  relΔE=5.673e-05  ||F||=1.277e+00
 step=   500  E=7.589024395549e+02  Q=2.820000000000e+02  λ=5.285349e+00  dt=6.192e-04  relΔE=2.354e-04  ||F||=1.108e+00
 step=  1000  E=6.400279270713e+02  Q=2.820000000000e+02  λ=4.444320e+00  dt=9.584e-04  relΔE=2.468e-04  ||F||=8.376e-01
 step=  1500  E=5.597055889879e+02  Q=2.820000000000e+02  λ=3.878217e+00  dt=7.418e-04  relΔE=1.738e-04  ||F||=8.040e-01
 step=  2000  E=5.053113405618e+02  Q=2.820000000000e+02  λ=3.496488e+00  dt=1.148e-03  relΔE=1.915e-04  ||F||=5.989e-01
 step=  2500  E=4.622753982204e+02  Q=2.820000000000e+02  λ=3.195122e+00  dt=8.887e-04  relΔE=1.255e-04  ||F||=5.272e-01
 step=  3000  E=4.283170611263e+02  Q=2.820000000000e+02  λ=2.958232e+00  dt=1.376e-03  relΔE=1.674e-04  ||F||=4.717e-01
 step=  3500  E=4.016035286079e+02  Q=2.820000000000e+02  λ=2.772026e+00  dt=1.065e-03  relΔE=1.138e-04  ||F||=4.274e-01
 step=  4000  E=3.787082383402e+02  Q=2.820000000000e+02  λ=2.612796e+00  dt=8.241e-04  relΔE=7.837e-05  ||F||=3.915e-01
 step=  4500  E=3.603153959014e+02  Q=2.820000000000e+02  λ=2.485254e+00  dt=1.063e-03  relΔE=9.239e-05  ||F||=3.651e-01
 step=  5000  E=3.429040125009e+02  Q=2.820000000000e+02  λ=2.364696e+00  dt=8.227e-04  relΔE=6.719e-05  ||F||=3.452e-01
 step=  5500  E=3.274538009058e+02  Q=2.820000000000e+02  λ=2.258054e+00  dt=1.274e-03  relΔE=1.006e-04  ||F||=3.318e-01
 step=  6000  E=3.131941987043e+02  Q=2.820000000000e+02  λ=2.159472e+00  dt=9.857e-04  relΔE=7.650e-05  ||F||=3.216e-01
 step=  6500  E=2.993385198409e+02  Q=2.820000000000e+02  λ=2.063248e+00  dt=7.629e-04  relΔE=5.871e-05  ||F||=3.133e-01
 step=  7000  E=2.874022878100e+02  Q=2.820000000000e+02  λ=1.979604e+00  dt=1.181e-03  relΔE=8.154e-05  ||F||=2.906e-01
 step=  7500  E=2.768900189156e+02  Q=2.820000000000e+02  λ=1.904761e+00  dt=9.140e-04  relΔE=5.398e-05  ||F||=2.638e-01
 step=  8000  E=2.684472023612e+02  Q=2.820000000000e+02  λ=1.843601e+00  dt=1.415e-03  relΔE=6.538e-05  ||F||=2.436e-01
 step=  8500  E=2.624821452168e+02  Q=2.820000000000e+02  λ=1.799394e+00  dt=1.095e-03  relΔE=3.708e-05  ||F||=1.945e-01
 step=  9000  E=2.582178455419e+02  Q=2.820000000000e+02  λ=1.767048e+00  dt=8.475e-04  relΔE=1.940e-05  ||F||=1.586e-01
 step=  9500  E=2.554636810614e+02  Q=2.820000000000e+02  λ=1.745601e+00  dt=1.312e-03  relΔE=1.924e-05  ||F||=1.263e-01
 step= 10000  E=2.537745940615e+02  Q=2.820000000000e+02  λ=1.732007e+00  dt=1.015e-03  relΔE=9.259e-06  ||F||=9.924e-02
 step= 10500  E=2.527141557761e+02  Q=2.820000000000e+02  λ=1.723146e+00  dt=7.858e-04  relΔE=4.279e-06  ||F||=7.653e-02
 step= 11000  E=2.521115043516e+02  Q=2.820000000000e+02  λ=1.717879e+00  dt=1.216e-03  relΔE=3.892e-06  ||F||=5.858e-02
 step= 11500  E=2.517541331999e+02  Q=2.820000000000e+02  λ=1.714577e+00  dt=9.414e-04  relΔE=1.746e-06  ||F||=4.456e-02
 step= 12000  E=2.515437298907e+02  Q=2.820000000000e+02  λ=1.712507e+00  dt=1.457e-03  relΔE=1.292e-06  ||F||=1.298e-01
 step= 12500  E=2.514300400873e+02  Q=2.820000000000e+02  λ=1.711287e+00  dt=1.128e-03  relΔE=6.864e-07  ||F||=2.550e-02
 step= 13000  E=2.513622573744e+02  Q=2.820000000000e+02  λ=1.710498e+00  dt=8.730e-04  relΔE=3.012e-07  ||F||=1.919e-02
 step= 13500  E=2.513238596698e+02  Q=2.820000000000e+02  λ=1.710006e+00  dt=1.351e-03  relΔE=2.647e-07  ||F||=1.446e-02
 step= 14000  E=2.513024243810e+02  Q=2.820000000000e+02  λ=1.709702e+00  dt=1.046e-03  relΔE=1.184e-07  ||F||=1.098e-02
 step= 14500  E=2.512896928323e+02  Q=2.820000000000e+02  λ=1.709503e+00  dt=8.095e-04  relΔE=5.259e-08  ||F||=8.316e-03
 step= 15000  E=2.512824724565e+02  Q=2.820000000000e+02  λ=1.709381e+00  dt=1.253e-03  relΔE=4.777e-08  ||F||=6.366e-03
 step= 15500  E=2.512781981951e+02  Q=2.820000000000e+02  λ=1.709304e+00  dt=9.698e-04  relΔE=2.220e-08  ||F||=4.930e-03
 step= 16000  E=2.512755252182e+02  Q=2.820000000000e+02  λ=1.709257e+00  dt=7.506e-04  relΔE=1.150e-08  ||F||=4.053e-03
 step= 16500  E=2.512739445765e+02  Q=2.820000000000e+02  λ=1.709233e+00  dt=1.162e-03  relΔE=1.044e-08  ||F||=3.088e-03
 step= 17000  E=2.512728743245e+02  Q=2.820000000000e+02  λ=1.709221e+00  dt=8.992e-04  relΔE=5.380e-09  ||F||=2.520e-03
 step= 17500  E=2.512721401993e+02  Q=2.820000000000e+02  λ=1.709218e+00  dt=1.392e-03  relΔE=5.804e-09  ||F||=2.117e-03
 step= 18000  E=2.512716313533e+02  Q=2.820000000000e+02  λ=1.709222e+00  dt=1.077e-03  relΔE=3.320e-09  ||F||=1.812e-03
 step= 18500  E=2.512712373279e+02  Q=2.820000000000e+02  λ=1.709230e+00  dt=8.338e-04  relΔE=1.967e-09  ||F||=1.588e-03
 step= 19000  E=2.512709327995e+02  Q=2.820000000000e+02  λ=1.709240e+00  dt=1.291e-03  relΔE=2.419e-09  ||F||=1.419e-03
 step= 19500  E=2.512706906381e+02  Q=2.820000000000e+02  λ=1.709252e+00  dt=9.989e-04  relΔE=1.535e-09  ||F||=1.287e-03
 step= 20000  E=2.512704830212e+02  Q=2.820000000000e+02  λ=1.709266e+00  dt=7.731e-04  relΔE=1.006e-09  ||F||=1.187e-03
 step= 20500  E=2.512703161028e+02  Q=2.820000000000e+02  λ=1.709279e+00  dt=1.197e-03  relΔE=1.298e-09  ||F||=1.086e-03
 step= 21000  E=2.512701708314e+02  Q=2.820000000000e+02  λ=1.709292e+00  dt=9.263e-04  relΔE=8.585e-10  ||F||=1.006e-03
 step= 21500  E=2.512700435989e+02  Q=2.820000000000e+02  λ=1.709306e+00  dt=1.434e-03  relΔE=1.130e-09  ||F||=1.256e-03
 step= 22000  E=2.512699391839e+02  Q=2.820000000000e+02  λ=1.709319e+00  dt=1.110e-03  relΔE=7.653e-10  ||F||=8.712e-04
 step= 22500  E=2.512698452572e+02  Q=2.820000000000e+02  λ=1.709332e+00  dt=8.589e-04  relΔE=5.130e-10  ||F||=8.123e-04
 step= 23000  E=2.512697642466e+02  Q=2.820000000000e+02  λ=1.709344e+00  dt=1.329e-03  relΔE=6.889e-10  ||F||=7.581e-04
 step= 23500  E=2.512696952772e+02  Q=2.820000000000e+02  λ=1.709356e+00  dt=1.029e-03  relΔE=4.647e-10  ||F||=7.091e-04
 step= 24000  E=2.512696331389e+02  Q=2.820000000000e+02  λ=1.709367e+00  dt=7.964e-04  relΔE=3.142e-10  ||F||=6.641e-04
 step= 24500  E=2.512695807677e+02  Q=2.820000000000e+02  λ=1.709377e+00  dt=1.233e-03  relΔE=4.215e-10  ||F||=6.196e-04
 step= 25000  E=2.512695346982e+02  Q=2.820000000000e+02  λ=1.709387e+00  dt=9.541e-04  relΔE=2.843e-10  ||F||=5.796e-04
 step= 25500  E=2.512694933463e+02  Q=2.820000000000e+02  λ=1.709397e+00  dt=6.154e-04  relΔE=6.929e-10  ||F||=5.661e-03
 step= 26000  E=2.512694601323e+02  Q=2.820000000000e+02  λ=1.709406e+00  dt=9.526e-04  relΔE=2.161e-10  ||F||=5.081e-04
 step= 26500  E=2.512694285956e+02  Q=2.820000000000e+02  λ=1.709414e+00  dt=6.144e-04  relΔE=4.554e-10  ||F||=4.456e-03
 step= 27000  E=2.512694032985e+02  Q=2.820000000000e+02  λ=1.709422e+00  dt=9.510e-04  relΔE=1.642e-10  ||F||=4.455e-04
 step= 27500  E=2.512693793757e+02  Q=2.820000000000e+02  λ=1.709430e+00  dt=1.472e-03  relΔE=5.771e-11  ||F||=3.224e-03
 step= 28000  E=2.512693596347e+02  Q=2.820000000000e+02  λ=1.709436e+00  dt=1.139e-03  relΔE=1.491e-10  ||F||=3.902e-04
 step= 28500  E=2.512693417888e+02  Q=2.820000000000e+02  λ=1.709443e+00  dt=8.818e-04  relΔE=1.003e-10  ||F||=3.649e-04
 step= 29000  E=2.512693262820e+02  Q=2.820000000000e+02  λ=1.709449e+00  dt=1.365e-03  relΔE=1.349e-10  ||F||=3.415e-04
 step= 29500  E=2.512693131474e+02  Q=2.820000000000e+02  λ=1.709455e+00  dt=1.056e-03  relΔE=9.101e-11  ||F||=3.198e-04
 step= 30000  E=2.512693013602e+02  Q=2.820000000000e+02  λ=1.709460e+00  dt=8.177e-04  relΔE=6.121e-11  ||F||=2.993e-04
 step= 30500  E=2.512692913086e+02  Q=2.820000000000e+02  λ=1.709466e+00  dt=1.266e-03  relΔE=8.222e-11  ||F||=2.800e-04
 step= 31000  E=2.512692826191e+02  Q=2.820000000000e+02  λ=1.709470e+00  dt=9.796e-04  relΔE=5.533e-11  ||F||=2.623e-04
 step= 31500  E=2.512692748029e+02  Q=2.820000000000e+02  λ=1.709475e+00  dt=7.582e-04  relΔE=3.851e-11  ||F||=2.495e-04
 step= 32000  E=2.512692683703e+02  Q=2.820000000000e+02  λ=1.709479e+00  dt=1.174e-03  relΔE=4.985e-11  ||F||=2.298e-04
 step= 32500  E=2.512692626108e+02  Q=2.820000000000e+02  λ=1.709483e+00  dt=9.084e-04  relΔE=3.340e-11  ||F||=2.150e-04
 step= 33000  E=2.512692575724e+02  Q=2.820000000000e+02  λ=1.709487e+00  dt=1.406e-03  relΔE=4.461e-11  ||F||=2.070e-04
 step= 33500  E=2.512692533821e+02  Q=2.820000000000e+02  λ=1.709490e+00  dt=1.088e-03  relΔE=2.997e-11  ||F||=1.885e-04
 step= 34000  E=2.512692496404e+02  Q=2.820000000000e+02  λ=1.709494e+00  dt=8.423e-04  relΔE=2.002e-11  ||F||=1.763e-04
 step= 34500  E=2.512692464314e+02  Q=2.820000000000e+02  λ=1.709497e+00  dt=1.304e-03  relΔE=2.672e-11  ||F||=1.650e-04
 step= 35000  E=2.512692437131e+02  Q=2.820000000000e+02  λ=1.709499e+00  dt=1.009e-03  relΔE=1.786e-11  ||F||=1.546e-04
 step= 35500  E=2.512692412836e+02  Q=2.820000000000e+02  λ=1.709502e+00  dt=7.810e-04  relΔE=1.198e-11  ||F||=1.452e-04
 step= 36000  E=2.512692392771e+02  Q=2.820000000000e+02  λ=1.709505e+00  dt=1.209e-03  relΔE=1.581e-11  ||F||=1.355e-04
 step= 36500  E=2.512692375240e+02  Q=2.820000000000e+02  λ=1.709507e+00  dt=9.357e-04  relΔE=1.050e-11  ||F||=1.269e-04
 step= 37000  E=2.512692359828e+02  Q=2.820000000000e+02  λ=1.709509e+00  dt=1.448e-03  relΔE=1.330e-11  ||F||=2.281e-04
 step= 37500  E=2.512692347355e+02  Q=2.820000000000e+02  λ=1.709511e+00  dt=1.121e-03  relΔE=9.198e-12  ||F||=1.112e-04
 step= 38000  E=2.512692336285e+02  Q=2.820000000000e+02  λ=1.709513e+00  dt=8.676e-04  relΔE=6.057e-12  ||F||=1.041e-04
 step= 38500  E=2.512692326893e+02  Q=2.820000000000e+02  λ=1.709515e+00  dt=1.343e-03  relΔE=7.954e-12  ||F||=9.738e-05
 step= 39000  E=2.512692319109e+02  Q=2.820000000000e+02  λ=1.709517e+00  dt=1.039e-03  relΔE=5.226e-12  ||F||=9.126e-05
 step= 39500  E=2.512692312313e+02  Q=2.820000000000e+02  λ=1.709518e+00  dt=8.045e-04  relΔE=3.412e-12  ||F||=8.542e-05
 step= 40000  E=2.512692306735e+02  Q=2.820000000000e+02  λ=1.709520e+00  dt=1.245e-03  relΔE=4.432e-12  ||F||=7.996e-05
 step= 40500  E=2.512692302047e+02  Q=2.820000000000e+02  λ=1.709521e+00  dt=9.638e-04  relΔE=2.871e-12  ||F||=7.489e-05
 step= 41000  E=2.512692298006e+02  Q=2.820000000000e+02  λ=1.709523e+00  dt=7.460e-04  relΔE=2.047e-12  ||F||=7.243e-05
 step= 41500  E=2.512692294844e+02  Q=2.820000000000e+02  λ=1.709524e+00  dt=1.155e-03  relΔE=2.359e-12  ||F||=6.565e-05
 step= 42000  E=2.512692292144e+02  Q=2.820000000000e+02  λ=1.709525e+00  dt=8.937e-04  relΔE=1.492e-12  ||F||=6.144e-05
 step= 42500  E=2.512692289939e+02  Q=2.820000000000e+02  λ=1.709526e+00  dt=1.383e-03  relΔE=1.865e-12  ||F||=5.754e-05
 step= 43000  E=2.512692288217e+02  Q=2.820000000000e+02  λ=1.709527e+00  dt=1.071e-03  relΔE=1.159e-12  ||F||=5.388e-05
 step= 43500  E=2.512692286808e+02  Q=2.820000000000e+02  λ=1.709528e+00  dt=8.287e-04  relΔE=7.046e-13  ||F||=5.042e-05
 step= 44000  E=2.512692285725e+02  Q=2.820000000000e+02  λ=1.709529e+00  dt=1.283e-03  relΔE=8.383e-13  ||F||=4.721e-05
 step= 44500  E=2.512692284912e+02  Q=2.820000000000e+02  λ=1.709530e+00  dt=9.928e-04  relΔE=4.858e-13  ||F||=4.424e-05
 step= 45000  E=2.512692284296e+02  Q=2.820000000000e+02  λ=1.709530e+00  dt=7.684e-04  relΔE=2.715e-13  ||F||=4.145e-05
 step= 45500  E=2.512692283891e+02  Q=2.820000000000e+02  λ=1.709531e+00  dt=1.189e-03  relΔE=2.742e-13  ||F||=3.877e-05
 step= 46000  E=2.512692283631e+02  Q=2.820000000000e+02  λ=1.709532e+00  dt=9.206e-04  relΔE=1.214e-13  ||F||=3.630e-05
 step= 46500  E=2.512692283500e+02  Q=2.820000000000e+02  λ=1.709532e+00  dt=1.425e-03  relΔE=6.809e-14  ||F||=3.438e-05
  !! dt fell below dt_min: stiffness-limited termination.

Stationary candidate (aggressive): E=2.512692283477e+02, Q=2.820000000000e+02, maxρ=4.419449e-01

=== Stability test (damped inertial dynamics) ===
Perturb eps=0.02, gamma=1
t=0: E=2.649899069444e+02, Q=2.820000000000e+02, maxρ=4.567265e-01, σ=2.826324e+00, Rc=1.879195e+01
 step=     1  E=2.649898381264e+02  Q=2.820000000000e+02  λ=2.095639e+00  maxρ=4.567265e-01  minρ=1.000e-15  σ=2.826324e+00  Rc=1.879195e+01
 step=   300  E=2.621678669483e+02  Q=2.820000000000e+02  λ=1.992895e+00  maxρ=4.559520e-01  minρ=1.000e-15  σ=2.826320e+00  Rc=1.879196e+01
 step=   600  E=2.564893429761e+02  Q=2.820000000000e+02  λ=1.806780e+00  maxρ=4.537682e-01  minρ=1.000e-15  σ=2.826314e+00  Rc=1.879196e+01
 step=   900  E=2.531567850952e+02  Q=2.820000000000e+02  λ=1.747300e+00  maxρ=4.505383e-01  minρ=1.000e-15  σ=2.826313e+00  Rc=1.879196e+01
 step=  1200  E=2.544055243557e+02  Q=2.820000000000e+02  λ=1.854394e+00  maxρ=4.489612e-01  minρ=1.000e-15  σ=2.826317e+00  Rc=1.879195e+01
 step=  1500  E=2.577978247833e+02  Q=2.820000000000e+02  λ=1.970780e+00  maxρ=4.511163e-01  minρ=1.000e-15  σ=2.826319e+00  Rc=1.879195e+01
 step=  1800  E=2.595387322196e+02  Q=2.820000000000e+02  λ=1.956994e+00  maxρ=4.525618e-01  minρ=1.000e-15  σ=2.826316e+00  Rc=1.879195e+01
 step=  2100  E=2.585301471392e+02  Q=2.820000000000e+02  λ=1.855843e+00  maxρ=4.502602e-01  minρ=1.000e-15  σ=2.826312e+00  Rc=1.879195e+01
 step=  2400  E=2.567469435118e+02  Q=2.820000000000e+02  λ=1.808881e+00  maxρ=4.456013e-01  minρ=1.000e-15  σ=2.826312e+00  Rc=1.879195e+01
 step=  2700  E=2.563119543223e+02  Q=2.820000000000e+02  λ=1.863600e+00  maxρ=4.467255e-01  minρ=1.000e-15  σ=2.826317e+00  Rc=1.879195e+01
 step=  3000  E=2.571830840349e+02  Q=2.820000000000e+02  λ=1.929830e+00  maxρ=4.518819e-01  minρ=1.000e-15  σ=2.826318e+00  Rc=1.879195e+01
 step=  3300  E=2.578386603510e+02  Q=2.820000000000e+02  λ=1.917821e+00  maxρ=4.530395e-01  minρ=1.000e-15  σ=2.826314e+00  Rc=1.879195e+01
 step=  3600  E=2.574334922510e+02  Q=2.820000000000e+02  λ=1.853035e+00  maxρ=4.515913e-01  minρ=1.000e-15  σ=2.826309e+00  Rc=1.879195e+01
 step=  3900  E=2.565922624272e+02  Q=2.820000000000e+02  λ=1.823702e+00  maxρ=4.515954e-01  minρ=1.000e-15  σ=2.826310e+00  Rc=1.879194e+01
 step=  4200  E=2.562796443465e+02  Q=2.820000000000e+02  λ=1.856111e+00  maxρ=4.500287e-01  minρ=1.000e-15  σ=2.826315e+00  Rc=1.879194e+01
 step=  4500  E=2.565789123446e+02  Q=2.820000000000e+02  λ=1.891842e+00  maxρ=4.489029e-01  minρ=1.000e-15  σ=2.826317e+00  Rc=1.879194e+01
 step=  4800  E=2.568517330937e+02  Q=2.820000000000e+02  λ=1.879742e+00  maxρ=4.508343e-01  minρ=1.000e-15  σ=2.826313e+00  Rc=1.879194e+01
 step=  5100  E=2.567099342680e+02  Q=2.820000000000e+02  λ=1.842108e+00  maxρ=4.513714e-01  minρ=1.000e-15  σ=2.826308e+00  Rc=1.879194e+01
 step=  5400  E=2.563938796848e+02  Q=2.820000000000e+02  λ=1.831726e+00  maxρ=4.508455e-01  minρ=1.000e-15  σ=2.826307e+00  Rc=1.879193e+01
 step=  5700  E=2.562644837101e+02  Q=2.820000000000e+02  λ=1.855557e+00  maxρ=4.493134e-01  minρ=1.000e-15  σ=2.826310e+00  Rc=1.879193e+01
 step=  6000  E=2.563090020544e+02  Q=2.820000000000e+02  λ=1.873111e+00  maxρ=4.475674e-01  minρ=1.000e-15  σ=2.826312e+00  Rc=1.879192e+01
 >>> No runaway detected in this horizon. Likely stable (within this model & box).

STABILITY: PASS
