
=== Aggressive relaxation to Q = 1834 ===
Initial: E=5.207551702928e+03, Q=1.834000000000e+03, dt=1.000e-04
 step=     1  E=5.207212170076e+03  Q=1.834000000000e+03  λ=5.819705e+00  dt=1.000e-04  relΔE=6.520e-05  ||F||=1.361e+00
 step=   500  E=4.827053407040e+03  Q=1.834000000000e+03  λ=5.355005e+00  dt=6.192e-04  relΔE=2.738e-04  ||F||=1.182e+00
 step=  1000  E=3.971788629708e+03  Q=1.834000000000e+03  λ=4.337130e+00  dt=9.584e-04  relΔE=2.748e-04  ||F||=8.634e-01
 step=  1500  E=3.432672050208e+03  Q=1.834000000000e+03  λ=3.708403e+00  dt=7.418e-04  relΔE=1.945e-04  ||F||=1.065e+00
 step=  2000  E=3.085717391302e+03  Q=1.834000000000e+03  λ=3.308218e+00  dt=1.148e-03  relΔE=1.965e-04  ||F||=5.880e-01
 step=  2500  E=2.818795199943e+03  Q=1.834000000000e+03  λ=3.002926e+00  dt=8.887e-04  relΔE=1.260e-04  ||F||=5.115e-01
 step=  3000  E=2.612249559104e+03  Q=1.834000000000e+03  λ=2.768766e+00  dt=1.376e-03  relΔE=1.655e-04  ||F||=4.545e-01
 step=  3500  E=2.452137309526e+03  Q=1.834000000000e+03  λ=2.588150e+00  dt=1.065e-03  relΔE=1.111e-04  ||F||=4.092e-01
 step=  4000  E=2.316337755047e+03  Q=1.834000000000e+03  λ=2.435855e+00  dt=8.241e-04  relΔE=7.557e-05  ||F||=3.729e-01
 step=  4500  E=2.208578845005e+03  Q=1.834000000000e+03  λ=2.315720e+00  dt=1.063e-03  relΔE=8.764e-05  ||F||=3.452e-01
 step=  5000  E=2.108338992588e+03  Q=1.834000000000e+03  λ=2.204398e+00  dt=8.227e-04  relΔE=6.226e-05  ||F||=3.231e-01
 step=  5500  E=2.025202297713e+03  Q=1.834000000000e+03  λ=2.112511e+00  dt=1.061e-03  relΔE=7.611e-05  ||F||=3.083e-01
 step=  6000  E=1.942318720145e+03  Q=1.834000000000e+03  λ=2.021023e+00  dt=8.214e-04  relΔE=5.778e-05  ||F||=2.990e-01
 step=  6500  E=1.865426844785e+03  Q=1.834000000000e+03  λ=1.936191e+00  dt=1.271e-03  relΔE=8.973e-05  ||F||=2.935e-01
 step=  7000  E=1.791503666746e+03  Q=1.834000000000e+03  λ=1.854291e+00  dt=9.841e-04  relΔE=7.002e-05  ||F||=2.888e-01
 step=  7500  E=1.718209365750e+03  Q=1.834000000000e+03  λ=1.772944e+00  dt=7.616e-04  relΔE=5.443e-05  ||F||=2.836e-01
 step=  8000  E=1.654706669778e+03  Q=1.834000000000e+03  λ=1.702803e+00  dt=1.179e-03  relΔE=7.497e-05  ||F||=2.624e-01
 step=  8500  E=1.599523917798e+03  Q=1.834000000000e+03  λ=1.642571e+00  dt=9.125e-04  relΔE=4.832e-05  ||F||=2.354e-01
 step=  9000  E=1.556562833488e+03  Q=1.834000000000e+03  λ=1.596862e+00  dt=1.412e-03  relΔE=5.612e-05  ||F||=2.101e-01
 step=  9500  E=1.527417266576e+03  Q=1.834000000000e+03  λ=1.566862e+00  dt=1.093e-03  relΔE=3.030e-05  ||F||=1.665e-01
 step= 10000  E=1.507555766634e+03  Q=1.834000000000e+03  λ=1.547326e+00  dt=8.461e-04  relΔE=1.506e-05  ||F||=1.325e-01
 step= 10500  E=1.495312721725e+03  Q=1.834000000000e+03  λ=1.535975e+00  dt=1.310e-03  relΔE=1.425e-05  ||F||=1.032e-01
 step= 11000  E=1.488115507934e+03  Q=1.834000000000e+03  λ=1.529762e+00  dt=1.014e-03  relΔE=6.579e-06  ||F||=7.950e-02
 step= 11500  E=1.483761821728e+03  Q=1.834000000000e+03  λ=1.526342e+00  dt=7.845e-04  relΔE=2.934e-06  ||F||=6.026e-02
 step= 12000  E=1.481362277838e+03  Q=1.834000000000e+03  λ=1.524673e+00  dt=1.214e-03  relΔE=2.599e-06  ||F||=4.554e-02
 step= 12500  E=1.479969570665e+03  Q=1.834000000000e+03  λ=1.523838e+00  dt=9.399e-04  relΔE=1.147e-06  ||F||=3.437e-02
 step= 13000  E=1.479157685047e+03  Q=1.834000000000e+03  λ=1.523432e+00  dt=1.455e-03  relΔE=9.170e-07  ||F||=7.572e-02
 step= 13500  E=1.478717237733e+03  Q=1.834000000000e+03  λ=1.523243e+00  dt=1.126e-03  relΔE=4.550e-07  ||F||=1.976e-02
 step= 14000  E=1.478449021916e+03  Q=1.834000000000e+03  λ=1.523138e+00  dt=8.715e-04  relΔE=2.065e-07  ||F||=1.513e-02
 step= 14500  E=1.478289912291e+03  Q=1.834000000000e+03  λ=1.523067e+00  dt=1.349e-03  relΔE=1.924e-07  ||F||=1.174e-02
 step= 15000  E=1.478194695062e+03  Q=1.834000000000e+03  λ=1.523006e+00  dt=1.044e-03  relΔE=9.367e-08  ||F||=9.309e-03
 step= 15500  E=1.478132200516e+03  Q=1.834000000000e+03  λ=1.522943e+00  dt=8.081e-04  relΔE=4.671e-08  ||F||=7.475e-03
 step= 16000  E=1.478092015546e+03  Q=1.834000000000e+03  λ=1.522879e+00  dt=1.251e-03  relΔE=4.869e-08  ||F||=6.135e-03
 step= 16500  E=1.478064476184e+03  Q=1.834000000000e+03  λ=1.522813e+00  dt=9.682e-04  relΔE=2.640e-08  ||F||=5.138e-03
 step= 17000  E=1.478044233868e+03  Q=1.834000000000e+03  λ=1.522745e+00  dt=7.493e-04  relΔE=1.627e-08  ||F||=4.610e-03
 step= 17500  E=1.478030231391e+03  Q=1.834000000000e+03  λ=1.522682e+00  dt=1.160e-03  relΔE=1.696e-08  ||F||=3.768e-03
 step= 18000  E=1.478019303954e+03  Q=1.834000000000e+03  λ=1.522618e+00  dt=8.978e-04  relΔE=9.954e-09  ||F||=3.285e-03
 step= 18500  E=1.478010889339e+03  Q=1.834000000000e+03  λ=1.522558e+00  dt=1.390e-03  relΔE=1.187e-08  ||F||=2.900e-03
 step= 19000  E=1.478004554577e+03  Q=1.834000000000e+03  λ=1.522504e+00  dt=1.076e-03  relΔE=7.228e-09  ||F||=2.563e-03
 step= 19500  E=1.477999414121e+03  Q=1.834000000000e+03  λ=1.522452e+00  dt=8.324e-04  relΔE=4.413e-09  ||F||=2.279e-03
 step= 20000  E=1.477995373926e+03  Q=1.834000000000e+03  λ=1.522405e+00  dt=1.289e-03  relΔE=5.429e-09  ||F||=2.034e-03
 step= 20500  E=1.477992201272e+03  Q=1.834000000000e+03  λ=1.522362e+00  dt=9.973e-04  relΔE=3.369e-09  ||F||=1.824e-03
 step= 21000  E=1.477989565552e+03  Q=1.834000000000e+03  λ=1.522322e+00  dt=7.719e-04  relΔE=2.120e-09  ||F||=1.647e-03
 step= 21500  E=1.477987542221e+03  Q=1.834000000000e+03  λ=1.522287e+00  dt=1.195e-03  relΔE=2.599e-09  ||F||=1.468e-03
 step= 22000  E=1.477985874644e+03  Q=1.834000000000e+03  λ=1.522255e+00  dt=9.248e-04  relΔE=1.619e-09  ||F||=1.319e-03
 step= 22500  E=1.477984506185e+03  Q=1.834000000000e+03  λ=1.522226e+00  dt=1.431e-03  relΔE=1.988e-09  ||F||=1.682e-03
 step= 23000  E=1.477983456627e+03  Q=1.834000000000e+03  λ=1.522200e+00  dt=1.108e-03  relΔE=1.261e-09  ||F||=1.067e-03
 step= 23500  E=1.477982576333e+03  Q=1.834000000000e+03  λ=1.522176e+00  dt=8.575e-04  relΔE=7.861e-10  ||F||=9.597e-04
 step= 24000  E=1.477981870930e+03  Q=1.834000000000e+03  λ=1.522155e+00  dt=1.327e-03  relΔE=9.804e-10  ||F||=8.635e-04
 step= 24500  E=1.477981313091e+03  Q=1.834000000000e+03  λ=1.522136e+00  dt=1.027e-03  relΔE=6.143e-10  ||F||=7.788e-04
 step= 25000  E=1.477980847125e+03  Q=1.834000000000e+03  λ=1.522119e+00  dt=7.951e-04  relΔE=3.833e-10  ||F||=7.012e-04
 step= 25500  E=1.477980482817e+03  Q=1.834000000000e+03  λ=1.522104e+00  dt=1.231e-03  relΔE=4.780e-10  ||F||=6.314e-04
 step= 26000  E=1.477980188573e+03  Q=1.834000000000e+03  λ=1.522090e+00  dt=7.938e-04  relΔE=2.501e-10  ||F||=5.706e-04
 step= 26500  E=1.477979950661e+03  Q=1.834000000000e+03  λ=1.522078e+00  dt=1.229e-03  relΔE=3.115e-10  ||F||=5.139e-04
 step= 27000  E=1.477979758737e+03  Q=1.834000000000e+03  λ=1.522067e+00  dt=7.925e-04  relΔE=1.628e-10  ||F||=4.644e-04
 step= 27500  E=1.477979603951e+03  Q=1.834000000000e+03  λ=1.522057e+00  dt=1.227e-03  relΔE=2.026e-10  ||F||=4.184e-04
 step= 28000  E=1.477979477873e+03  Q=1.834000000000e+03  λ=1.522048e+00  dt=9.495e-04  relΔE=1.261e-10  ||F||=3.772e-04
 step= 28500  E=1.477979373884e+03  Q=1.834000000000e+03  λ=1.522039e+00  dt=1.470e-03  relΔE=9.396e-11  ||F||=1.910e-03
 step= 29000  E=1.477979294998e+03  Q=1.834000000000e+03  λ=1.522032e+00  dt=1.138e-03  relΔE=9.721e-11  ||F||=3.064e-04
 step= 29500  E=1.477979229210e+03  Q=1.834000000000e+03  λ=1.522026e+00  dt=8.804e-04  relΔE=6.011e-11  ||F||=2.759e-04
 step= 30000  E=1.477979176714e+03  Q=1.834000000000e+03  λ=1.522020e+00  dt=1.363e-03  relΔE=7.418e-11  ||F||=2.486e-04
 step= 30500  E=1.477979135890e+03  Q=1.834000000000e+03  λ=1.522014e+00  dt=1.055e-03  relΔE=4.595e-11  ||F||=2.244e-04
 step= 31000  E=1.477979102326e+03  Q=1.834000000000e+03  λ=1.522010e+00  dt=8.164e-04  relΔE=2.824e-11  ||F||=2.021e-04
 step= 31500  E=1.477979076133e+03  Q=1.834000000000e+03  λ=1.522005e+00  dt=1.264e-03  relΔE=3.465e-11  ||F||=1.822e-04
 step= 32000  E=1.477979055534e+03  Q=1.834000000000e+03  λ=1.522001e+00  dt=9.780e-04  relΔE=2.125e-11  ||F||=1.644e-04
 step= 32500  E=1.477979038658e+03  Q=1.834000000000e+03  λ=1.521998e+00  dt=7.570e-04  relΔE=1.369e-11  ||F||=1.515e-04
 step= 33000  E=1.477979026109e+03  Q=1.834000000000e+03  λ=1.521995e+00  dt=1.172e-03  relΔE=1.571e-11  ||F||=1.336e-04
 step= 33500  E=1.477979015948e+03  Q=1.834000000000e+03  λ=1.521992e+00  dt=9.069e-04  relΔE=9.466e-12  ||F||=1.204e-04
 step= 34000  E=1.477979007982e+03  Q=1.834000000000e+03  λ=1.521989e+00  dt=1.404e-03  relΔE=1.129e-11  ||F||=1.100e-04
 step= 34500  E=1.477979002075e+03  Q=1.834000000000e+03  λ=1.521987e+00  dt=1.086e-03  relΔE=6.753e-12  ||F||=9.792e-05
 step= 35000  E=1.477978997400e+03  Q=1.834000000000e+03  λ=1.521985e+00  dt=8.409e-04  relΔE=3.964e-12  ||F||=8.820e-05
 step= 35500  E=1.477978993900e+03  Q=1.834000000000e+03  λ=1.521983e+00  dt=1.302e-03  relΔE=4.599e-12  ||F||=7.949e-05
 step= 36000  E=1.477978991336e+03  Q=1.834000000000e+03  λ=1.521981e+00  dt=1.007e-03  relΔE=2.638e-12  ||F||=7.178e-05
 step= 36500  E=1.477978989394e+03  Q=1.834000000000e+03  λ=1.521980e+00  dt=7.797e-04  relΔE=1.474e-12  ||F||=6.468e-05
 step= 37000  E=1.477978988068e+03  Q=1.834000000000e+03  λ=1.521978e+00  dt=1.207e-03  relΔE=1.591e-12  ||F||=5.833e-05
 step= 37500  E=1.477978987143e+03  Q=1.834000000000e+03  λ=1.521977e+00  dt=9.342e-04  relΔE=8.194e-13  ||F||=5.259e-05
 step= 38000  E=1.477978986536e+03  Q=1.834000000000e+03  λ=1.521976e+00  dt=1.446e-03  relΔE=7.466e-13  ||F||=5.937e-05
 step= 38500  E=1.477978986206e+03  Q=1.834000000000e+03  λ=1.521975e+00  dt=1.119e-03  relΔE=3.129e-13  ||F||=4.278e-05
 step= 39000  E=1.477978986054e+03  Q=1.834000000000e+03  λ=1.521974e+00  dt=8.662e-04  relΔE=7.231e-14  ||F||=3.854e-05
  !! dt fell below dt_min: stiffness-limited termination.

Stationary candidate (aggressive): E=1.477978986036e+03, Q=1.834000000000e+03, maxρ=1.145435e+00

=== Stability test (damped inertial dynamics) ===
Perturb eps=0.02, gamma=1
t=0: E=1.567189265580e+03, Q=1.834000000000e+03, maxρ=1.185435e+00, σ=2.540499e+00, Rc=1.882112e+01
 step=     1  E=1.567188818550e+03  Q=1.834000000000e+03  λ=1.907424e+00  maxρ=1.185435e+00  minρ=1.000e-15  σ=2.540499e+00  Rc=1.882112e+01
 step=   300  E=1.548856108375e+03  Q=1.834000000000e+03  λ=1.804961e+00  maxρ=1.183422e+00  minρ=1.000e-15  σ=2.540496e+00  Rc=1.882112e+01
 step=   600  E=1.511950148264e+03  Q=1.834000000000e+03  λ=1.619266e+00  maxρ=1.177747e+00  minρ=1.000e-15  σ=2.540490e+00  Rc=1.882112e+01
 step=   900  E=1.490254670673e+03  Q=1.834000000000e+03  λ=1.559698e+00  maxρ=1.169354e+00  minρ=1.000e-15  σ=2.540489e+00  Rc=1.882112e+01
 step=  1200  E=1.498323233999e+03  Q=1.834000000000e+03  λ=1.666274e+00  maxρ=1.165342e+00  minρ=1.000e-15  σ=2.540492e+00  Rc=1.882111e+01
 step=  1500  E=1.520371927762e+03  Q=1.834000000000e+03  λ=1.782425e+00  maxρ=1.169814e+00  minρ=1.000e-15  σ=2.540494e+00  Rc=1.882111e+01
 step=  1800  E=1.531748527310e+03  Q=1.834000000000e+03  λ=1.769044e+00  maxρ=1.173557e+00  minρ=1.000e-15  σ=2.540492e+00  Rc=1.882111e+01
 step=  2100  E=1.525251503301e+03  Q=1.834000000000e+03  λ=1.668425e+00  maxρ=1.167581e+00  minρ=1.000e-15  σ=2.540488e+00  Rc=1.882111e+01
 step=  2400  E=1.513647198218e+03  Q=1.834000000000e+03  λ=1.621426e+00  maxρ=1.155238e+00  minρ=1.000e-15  σ=2.540488e+00  Rc=1.882111e+01
 step=  2700  E=1.510746472885e+03  Q=1.834000000000e+03  λ=1.675594e+00  maxρ=1.158890e+00  minρ=1.000e-15  σ=2.540491e+00  Rc=1.882111e+01
 step=  3000  E=1.516360159872e+03  Q=1.834000000000e+03  λ=1.741487e+00  maxρ=1.173434e+00  minρ=1.000e-15  σ=2.540492e+00  Rc=1.882111e+01
 step=  3300  E=1.520652544780e+03  Q=1.834000000000e+03  λ=1.729786e+00  maxρ=1.176427e+00  minρ=1.000e-15  σ=2.540489e+00  Rc=1.882111e+01
 step=  3600  E=1.518090185230e+03  Q=1.834000000000e+03  λ=1.665541e+00  maxρ=1.170501e+00  minρ=1.000e-15  σ=2.540485e+00  Rc=1.882111e+01
 step=  3900  E=1.512649872987e+03  Q=1.834000000000e+03  λ=1.636300e+00  maxρ=1.170500e+00  minρ=1.000e-15  σ=2.540486e+00  Rc=1.882110e+01
 step=  4200  E=1.510575656672e+03  Q=1.834000000000e+03  λ=1.668278e+00  maxρ=1.166426e+00  minρ=1.000e-15  σ=2.540489e+00  Rc=1.882110e+01
 step=  4500  E=1.512465894930e+03  Q=1.834000000000e+03  λ=1.703631e+00  maxρ=1.163720e+00  minρ=1.000e-15  σ=2.540491e+00  Rc=1.882110e+01
 step=  4800  E=1.514236260558e+03  Q=1.834000000000e+03  λ=1.691655e+00  maxρ=1.169068e+00  minρ=1.000e-15  σ=2.540487e+00  Rc=1.882110e+01
 step=  5100  E=1.513358207903e+03  Q=1.834000000000e+03  λ=1.654430e+00  maxρ=1.170088e+00  minρ=1.000e-15  σ=2.540483e+00  Rc=1.882109e+01
 step=  5400  E=1.511332593161e+03  Q=1.834000000000e+03  λ=1.644212e+00  maxρ=1.168702e+00  minρ=1.000e-15  σ=2.540482e+00  Rc=1.882109e+01
 step=  5700  E=1.510469120724e+03  Q=1.834000000000e+03  λ=1.667810e+00  maxρ=1.164708e+00  minρ=1.000e-15  σ=2.540485e+00  Rc=1.882108e+01
 step=  6000  E=1.510718245007e+03  Q=1.834000000000e+03  λ=1.685088e+00  maxρ=1.160292e+00  minρ=1.000e-15  σ=2.540486e+00  Rc=1.882108e+01
 >>> No runaway detected in this horizon. Likely stable (within this model & box).

STABILITY: PASS
