
=== Aggressive relaxation to Q = 1075 ===
Initial: E=3.036100344027e+03, Q=1.075000000000e+03, dt=1.000e-04
 step=     1  E=3.035918358485e+03  Q=1.075000000000e+03  λ=5.640680e+00  dt=1.000e-04  relΔE=5.994e-05  ||F||=1.301e+00
 step=   500  E=2.831524728768e+03  Q=1.075000000000e+03  λ=5.243838e+00  dt=6.192e-04  relΔE=2.520e-04  ||F||=1.134e+00
 step=  1000  E=2.362560689883e+03  Q=1.075000000000e+03  λ=4.335201e+00  dt=9.584e-04  relΔE=2.590e-04  ||F||=8.445e-01
 step=  1500  E=2.056499739762e+03  Q=1.075000000000e+03  λ=3.747006e+00  dt=7.418e-04  relΔE=1.792e-04  ||F||=8.054e-01
 step=  2000  E=1.854741910287e+03  Q=1.075000000000e+03  λ=3.362502e+00  dt=1.148e-03  relΔE=1.920e-04  ||F||=5.885e-01
 step=  2500  E=1.697277195508e+03  Q=1.075000000000e+03  λ=3.064141e+00  dt=8.887e-04  relΔE=1.243e-04  ||F||=5.149e-01
 step=  3000  E=1.574104964995e+03  Q=1.075000000000e+03  λ=2.832415e+00  dt=1.376e-03  relΔE=1.644e-04  ||F||=4.594e-01
 step=  3500  E=1.477992098665e+03  Q=1.075000000000e+03  λ=2.652249e+00  dt=1.065e-03  relΔE=1.109e-04  ||F||=4.147e-01
 step=  4000  E=1.396062249366e+03  Q=1.075000000000e+03  λ=2.499395e+00  dt=8.241e-04  relΔE=7.585e-05  ||F||=3.788e-01
 step=  4500  E=1.327834811741e+03  Q=1.075000000000e+03  λ=2.372799e+00  dt=1.276e-03  relΔE=1.055e-04  ||F||=3.501e-01
 step=  5000  E=1.269292146398e+03  Q=1.075000000000e+03  λ=2.264491e+00  dt=9.873e-04  relΔE=7.537e-05  ||F||=3.289e-01
 step=  5500  E=1.214823879741e+03  Q=1.075000000000e+03  λ=2.164141e+00  dt=7.641e-04  relΔE=5.672e-05  ||F||=3.174e-01
 step=  6000  E=1.166789895013e+03  Q=1.075000000000e+03  λ=2.075951e+00  dt=1.183e-03  relΔE=8.412e-05  ||F||=3.044e-01
 step=  6500  E=1.119840597466e+03  Q=1.075000000000e+03  λ=1.989576e+00  dt=9.154e-04  relΔE=6.499e-05  ||F||=2.979e-01
 step=  7000  E=1.074156436965e+03  Q=1.075000000000e+03  λ=1.905207e+00  dt=1.417e-03  relΔE=9.980e-05  ||F||=3.076e-01
 step=  7500  E=1.033011026201e+03  Q=1.075000000000e+03  λ=1.828464e+00  dt=1.097e-03  relΔE=7.424e-05  ||F||=2.794e-01
 step=  8000  E=9.948888664293e+02  Q=1.075000000000e+03  λ=1.756721e+00  dt=8.488e-04  relΔE=5.165e-05  ||F||=2.600e-01
 step=  8500  E=9.633039234626e+02  Q=1.075000000000e+03  λ=1.696884e+00  dt=1.314e-03  relΔE=6.596e-05  ||F||=2.324e-01
 step=  9000  E=9.394785801498e+02  Q=1.075000000000e+03  λ=1.651456e+00  dt=1.017e-03  relΔE=3.873e-05  ||F||=1.999e-01
 step=  9500  E=9.219301616080e+02  Q=1.075000000000e+03  λ=1.617932e+00  dt=7.871e-04  relΔE=2.084e-05  ||F||=1.651e-01
 step= 10000  E=9.107602074667e+02  Q=1.075000000000e+03  λ=1.596624e+00  dt=1.218e-03  relΔE=2.091e-05  ||F||=1.321e-01
 step= 10500  E=9.036456413798e+02  Q=1.075000000000e+03  λ=1.583069e+00  dt=9.430e-04  relΔE=9.983e-06  ||F||=1.033e-01
 step= 11000  E=8.992639950139e+02  Q=1.075000000000e+03  λ=1.574807e+00  dt=1.460e-03  relΔE=7.568e-06  ||F||=3.098e-01
 step= 11500  E=8.968575115200e+02  Q=1.075000000000e+03  λ=1.570235e+00  dt=1.130e-03  relΔE=4.090e-06  ||F||=6.019e-02
 step= 12000  E=8.954230786412e+02  Q=1.075000000000e+03  λ=1.567556e+00  dt=8.744e-04  relΔE=1.781e-06  ||F||=4.511e-02
 step= 12500  E=8.946219147983e+02  Q=1.075000000000e+03  λ=1.566078e+00  dt=1.353e-03  relΔE=1.530e-06  ||F||=3.359e-02
 step= 13000  E=8.941884931539e+02  Q=1.075000000000e+03  λ=1.565288e+00  dt=1.048e-03  relΔE=6.616e-07  ||F||=2.509e-02
 step= 13500  E=8.939410797453e+02  Q=1.075000000000e+03  λ=1.564844e+00  dt=8.108e-04  relΔE=2.794e-07  ||F||=1.852e-02
 step= 14000  E=8.938086104669e+02  Q=1.075000000000e+03  λ=1.564611e+00  dt=1.255e-03  relΔE=2.376e-07  ||F||=1.372e-02
 step= 14500  E=8.937358702201e+02  Q=1.075000000000e+03  λ=1.564485e+00  dt=9.713e-04  relΔE=1.012e-07  ||F||=1.018e-02
 step= 15000  E=8.936947570181e+02  Q=1.075000000000e+03  λ=1.564414e+00  dt=7.518e-04  relΔE=4.535e-08  ||F||=7.750e-03
 step= 15500  E=8.936733936161e+02  Q=1.075000000000e+03  λ=1.564378e+00  dt=1.164e-03  relΔE=3.667e-08  ||F||=5.586e-03
 step= 16000  E=8.936610952399e+02  Q=1.075000000000e+03  λ=1.564357e+00  dt=9.007e-04  relΔE=1.569e-08  ||F||=4.149e-03
 step= 16500  E=8.936542201532e+02  Q=1.075000000000e+03  λ=1.564345e+00  dt=1.394e-03  relΔE=1.351e-08  ||F||=3.122e-03
 step= 17000  E=8.936504741829e+02  Q=1.075000000000e+03  λ=1.564337e+00  dt=1.079e-03  relΔE=6.029e-09  ||F||=2.345e-03
 step= 17500  E=8.936482420682e+02  Q=1.075000000000e+03  λ=1.564332e+00  dt=8.352e-04  relΔE=2.698e-09  ||F||=1.782e-03
 step= 18000  E=8.936469459955e+02  Q=1.075000000000e+03  λ=1.564329e+00  dt=1.293e-03  relΔE=2.487e-09  ||F||=1.376e-03
 step= 18500  E=8.936461730317e+02  Q=1.075000000000e+03  λ=1.564326e+00  dt=1.001e-03  relΔE=1.193e-09  ||F||=1.085e-03
 step= 19000  E=8.936456716138e+02  Q=1.075000000000e+03  λ=1.564324e+00  dt=7.744e-04  relΔE=5.898e-10  ||F||=8.703e-04
 step= 19500  E=8.936453607656e+02  Q=1.075000000000e+03  λ=1.564322e+00  dt=1.199e-03  relΔE=6.008e-10  ||F||=7.096e-04
 step= 20000  E=8.936451463620e+02  Q=1.075000000000e+03  λ=1.564320e+00  dt=9.278e-04  relΔE=3.185e-10  ||F||=5.915e-04
 step= 20500  E=8.936449943396e+02  Q=1.075000000000e+03  λ=1.564319e+00  dt=1.436e-03  relΔE=3.412e-10  ||F||=7.760e-04
 step= 21000  E=8.936448906489e+02  Q=1.075000000000e+03  λ=1.564318e+00  dt=1.112e-03  relΔE=1.968e-10  ||F||=4.334e-04
 step= 21500  E=8.936448112324e+02  Q=1.075000000000e+03  λ=1.564317e+00  dt=8.603e-04  relΔE=1.131e-10  ||F||=3.779e-04
 step= 22000  E=8.936447519967e+02  Q=1.075000000000e+03  λ=1.564316e+00  dt=1.332e-03  relΔE=1.321e-10  ||F||=3.328e-04
 step= 22500  E=8.936447078421e+02  Q=1.075000000000e+03  λ=1.564315e+00  dt=1.031e-03  relΔE=7.854e-11  ||F||=2.958e-04
 step= 23000  E=8.936446727693e+02  Q=1.075000000000e+03  λ=1.564314e+00  dt=7.977e-04  relΔE=4.682e-11  ||F||=2.636e-04
 step= 23500  E=8.936446464914e+02  Q=1.075000000000e+03  λ=1.564314e+00  dt=1.235e-03  relΔE=5.601e-11  ||F||=2.357e-04
 step= 24000  E=8.936446259650e+02  Q=1.075000000000e+03  λ=1.564313e+00  dt=9.557e-04  relΔE=3.364e-11  ||F||=2.115e-04
 step= 24500  E=8.936446095754e+02  Q=1.075000000000e+03  λ=1.564313e+00  dt=7.397e-04  relΔE=3.007e-11  ||F||=5.651e-04
 step= 25000  E=8.936445976142e+02  Q=1.075000000000e+03  λ=1.564312e+00  dt=1.145e-03  relΔE=2.412e-11  ||F||=1.708e-04
 step= 25500  E=8.936445879975e+02  Q=1.075000000000e+03  λ=1.564312e+00  dt=8.861e-04  relΔE=1.432e-11  ||F||=1.536e-04
 step= 26000  E=8.936445806329e+02  Q=1.075000000000e+03  λ=1.564312e+00  dt=1.372e-03  relΔE=1.689e-11  ||F||=1.383e-04
 step= 26500  E=8.936445751773e+02  Q=1.075000000000e+03  λ=1.564311e+00  dt=1.062e-03  relΔE=9.944e-12  ||F||=1.247e-04
 step= 27000  E=8.936445709433e+02  Q=1.075000000000e+03  λ=1.564311e+00  dt=8.217e-04  relΔE=5.747e-12  ||F||=1.123e-04
 step= 27500  E=8.936445678476e+02  Q=1.075000000000e+03  λ=1.564311e+00  dt=1.272e-03  relΔE=6.546e-12  ||F||=1.012e-04
 step= 28000  E=8.936445656065e+02  Q=1.075000000000e+03  λ=1.564311e+00  dt=9.844e-04  relΔE=3.665e-12  ||F||=9.132e-05
 step= 28500  E=8.936445639552e+02  Q=1.075000000000e+03  λ=1.564310e+00  dt=7.619e-04  relΔE=2.030e-12  ||F||=8.266e-05
 step= 29000  E=8.936445628826e+02  Q=1.075000000000e+03  λ=1.564310e+00  dt=1.179e-03  relΔE=2.043e-12  ||F||=7.421e-05
 step= 29500  E=8.936445621677e+02  Q=1.075000000000e+03  λ=1.564310e+00  dt=9.128e-04  relΔE=9.716e-13  ||F||=6.689e-05
 step= 30000  E=8.936445617504e+02  Q=1.075000000000e+03  λ=1.564310e+00  dt=1.413e-03  relΔE=7.784e-13  ||F||=6.068e-05
 step= 30500  E=8.936445615708e+02  Q=1.075000000000e+03  λ=1.564310e+00  dt=1.094e-03  relΔE=1.983e-13  ||F||=5.442e-05
  !! dt fell below dt_min: stiffness-limited termination.

Stationary candidate (aggressive): E=8.936445615433e+02, Q=1.075000000000e+03, maxρ=9.268296e-01

=== Stability test (damped inertial dynamics) ===
Perturb eps=0.02, gamma=1
t=0: E=9.457551195909e+02, Q=1.075000000000e+03, maxρ=9.568187e-01, σ=2.444023e+00, Rc=1.884051e+01
 step=     1  E=9.457548586205e+02  Q=1.075000000000e+03  λ=1.948217e+00  maxρ=9.568186e-01  minρ=1.000e-15  σ=2.444023e+00  Rc=1.884051e+01
 step=   300  E=9.350523032487e+02  Q=1.075000000000e+03  λ=1.846217e+00  maxρ=9.551949e-01  minρ=1.000e-15  σ=2.444020e+00  Rc=1.884051e+01
 step=   600  E=9.135054853624e+02  Q=1.075000000000e+03  λ=1.661313e+00  maxρ=9.506174e-01  minρ=1.000e-15  σ=2.444014e+00  Rc=1.884051e+01
 step=   900  E=9.008357510586e+02  Q=1.075000000000e+03  λ=1.601890e+00  maxρ=9.438475e-01  minρ=1.000e-15  σ=2.444012e+00  Rc=1.884051e+01
 step=  1200  E=9.055400207718e+02  Q=1.075000000000e+03  λ=1.707906e+00  maxρ=9.405490e-01  minρ=1.000e-15  σ=2.444015e+00  Rc=1.884051e+01
 step=  1500  E=9.184038323929e+02  Q=1.075000000000e+03  λ=1.823630e+00  maxρ=9.457890e-01  minρ=1.000e-15  σ=2.444017e+00  Rc=1.884050e+01
 step=  1800  E=9.250339572127e+02  Q=1.075000000000e+03  λ=1.810478e+00  maxρ=9.488169e-01  minρ=1.000e-15  σ=2.444015e+00  Rc=1.884050e+01
 step=  2100  E=9.212299222814e+02  Q=1.075000000000e+03  λ=1.710300e+00  maxρ=9.439877e-01  minρ=1.000e-15  σ=2.444012e+00  Rc=1.884050e+01
 step=  2400  E=9.144576448030e+02  Q=1.075000000000e+03  λ=1.663276e+00  maxρ=9.345281e-01  minρ=1.000e-15  σ=2.444012e+00  Rc=1.884050e+01
 step=  2700  E=9.127898281101e+02  Q=1.075000000000e+03  λ=1.717044e+00  maxρ=9.365956e-01  minρ=1.000e-15  σ=2.444015e+00  Rc=1.884050e+01
 step=  3000  E=9.161036775483e+02  Q=1.075000000000e+03  λ=1.782838e+00  maxρ=9.471692e-01  minρ=1.000e-15  σ=2.444016e+00  Rc=1.884050e+01
 step=  3300  E=9.186248416348e+02  Q=1.075000000000e+03  λ=1.771564e+00  maxρ=9.495890e-01  minρ=1.000e-15  σ=2.444013e+00  Rc=1.884050e+01
 step=  3600  E=9.171032879117e+02  Q=1.075000000000e+03  λ=1.707690e+00  maxρ=9.470934e-01  minρ=1.000e-15  σ=2.444009e+00  Rc=1.884050e+01
 step=  3900  E=9.138821865277e+02  Q=1.075000000000e+03  λ=1.678217e+00  maxρ=9.470982e-01  minρ=1.000e-15  σ=2.444010e+00  Rc=1.884050e+01
 step=  4200  E=9.126535400435e+02  Q=1.075000000000e+03  λ=1.709653e+00  maxρ=9.438086e-01  minρ=1.000e-15  σ=2.444014e+00  Rc=1.884049e+01
 step=  4500  E=9.137879386049e+02  Q=1.075000000000e+03  λ=1.744911e+00  maxρ=9.413561e-01  minρ=1.000e-15  σ=2.444015e+00  Rc=1.884049e+01
 step=  4800  E=9.148688975219e+02  Q=1.075000000000e+03  λ=1.733453e+00  maxρ=9.451872e-01  minρ=1.000e-15  σ=2.444011e+00  Rc=1.884049e+01
 step=  5100  E=9.143672908598e+02  Q=1.075000000000e+03  λ=1.696690e+00  maxρ=9.465219e-01  minρ=1.000e-15  σ=2.444006e+00  Rc=1.884049e+01
 step=  5400  E=9.131448997543e+02  Q=1.075000000000e+03  λ=1.686267e+00  maxρ=9.454124e-01  minρ=1.000e-15  σ=2.444006e+00  Rc=1.884048e+01
 step=  5700  E=9.125921835713e+02  Q=1.075000000000e+03  λ=1.709263e+00  maxρ=9.421930e-01  minρ=1.000e-15  σ=2.444009e+00  Rc=1.884048e+01
 step=  6000  E=9.127330711884e+02  Q=1.075000000000e+03  λ=1.726317e+00  maxρ=9.385468e-01  minρ=1.000e-15  σ=2.444011e+00  Rc=1.884047e+01
 >>> No runaway detected in this horizon. Likely stable (within this model & box).

STABILITY: PASS
