
=== Aggressive relaxation to Q = 653 ===
Initial: E=1.227892663068e+03, Q=6.530000000000e+02, dt=1.000e-04
 step=     1  E=1.227853303237e+03  Q=6.530000000000e+02  λ=3.689707e+00  dt=1.000e-04  relΔE=3.205e-05  ||F||=7.766e-01
 step=   500  E=1.180432499537e+03  Q=6.530000000000e+02  λ=3.538544e+00  dt=6.192e-04  relΔE=1.491e-04  ||F||=7.230e-01
 step=  1000  E=1.052503641570e+03  Q=6.530000000000e+02  λ=3.134037e+00  dt=9.584e-04  relΔE=1.791e-04  ||F||=6.014e-01
 step=  1500  E=9.539835483327e+02  Q=6.530000000000e+02  λ=2.826325e+00  dt=7.418e-04  relΔE=1.242e-04  ||F||=5.434e-01
 step=  2000  E=8.831808135180e+02  Q=6.530000000000e+02  λ=2.607497e+00  dt=1.148e-03  relΔE=1.475e-04  ||F||=4.568e-01
 step=  2500  E=8.252183177594e+02  Q=6.530000000000e+02  λ=2.429493e+00  dt=8.887e-04  relΔE=9.788e-05  ||F||=4.088e-01
 step=  3000  E=7.778820538904e+02  Q=6.530000000000e+02  λ=2.285216e+00  dt=1.376e-03  relΔE=1.314e-04  ||F||=3.775e-01
 step=  3500  E=7.400816535445e+02  Q=6.530000000000e+02  λ=2.170438e+00  dt=1.065e-03  relΔE=8.970e-05  ||F||=3.385e-01
 step=  4000  E=7.072099880693e+02  Q=6.530000000000e+02  λ=2.071105e+00  dt=8.241e-04  relΔE=6.159e-05  ||F||=3.117e-01
 step=  4500  E=6.793575929239e+02  Q=6.530000000000e+02  λ=1.987388e+00  dt=1.276e-03  relΔE=8.530e-05  ||F||=2.890e-01
 step=  5000  E=6.556162157253e+02  Q=6.530000000000e+02  λ=1.916206e+00  dt=9.873e-04  relΔE=5.981e-05  ||F||=2.702e-01
 step=  5500  E=6.339409245107e+02  Q=6.530000000000e+02  λ=1.851480e+00  dt=7.641e-04  relΔE=4.314e-05  ||F||=2.566e-01
 step=  6000  E=6.153927428950e+02  Q=6.530000000000e+02  λ=1.796367e+00  dt=1.183e-03  relΔE=6.097e-05  ||F||=2.415e-01
 step=  6500  E=5.981595646195e+02  Q=6.530000000000e+02  λ=1.745298e+00  dt=9.154e-04  relΔE=4.461e-05  ||F||=2.315e-01
 step=  7000  E=5.818000557879e+02  Q=6.530000000000e+02  λ=1.697103e+00  dt=1.417e-03  relΔE=6.505e-05  ||F||=4.066e-01
 step=  7500  E=5.671125083832e+02  Q=6.530000000000e+02  λ=1.653774e+00  dt=1.097e-03  relΔE=5.030e-05  ||F||=2.186e-01
 step=  8000  E=5.524906265502e+02  Q=6.530000000000e+02  λ=1.610687e+00  dt=8.488e-04  relΔE=3.855e-05  ||F||=2.147e-01
 step=  8500  E=5.383996015685e+02  Q=6.530000000000e+02  λ=1.569064e+00  dt=1.314e-03  relΔE=5.926e-05  ||F||=2.113e-01
 step=  9000  E=5.250785245142e+02  Q=6.530000000000e+02  λ=1.529367e+00  dt=1.017e-03  relΔE=4.537e-05  ||F||=2.075e-01
 step=  9500  E=5.118808866288e+02  Q=6.530000000000e+02  λ=1.489598e+00  dt=7.871e-04  relΔE=3.437e-05  ||F||=2.027e-01
 step= 10000  E=4.998439528469e+02  Q=6.530000000000e+02  λ=1.452843e+00  dt=1.218e-03  relΔE=5.016e-05  ||F||=1.945e-01
 step= 10500  E=4.888184613991e+02  Q=6.530000000000e+02  λ=1.418575e+00  dt=9.430e-04  relΔE=3.554e-05  ||F||=1.840e-01
 step= 11000  E=4.788254644920e+02  Q=6.530000000000e+02  λ=1.387098e+00  dt=7.298e-04  relΔE=3.663e-05  ||F||=5.824e-01
 step= 11500  E=4.708829901331e+02  Q=6.530000000000e+02  λ=1.361368e+00  dt=1.130e-03  relΔE=3.133e-05  ||F||=1.549e-01
 step= 12000  E=4.642115550260e+02  Q=6.530000000000e+02  λ=1.339428e+00  dt=8.744e-04  relΔE=1.941e-05  ||F||=1.376e-01
 step= 12500  E=4.590361095055e+02  Q=6.530000000000e+02  λ=1.322067e+00  dt=1.353e-03  relΔE=2.301e-05  ||F||=1.201e-01
 step= 13000  E=4.553681656645e+02  Q=6.530000000000e+02  λ=1.309465e+00  dt=8.730e-04  relΔE=1.115e-05  ||F||=1.034e-01
 step= 13500  E=4.525183155252e+02  Q=6.530000000000e+02  λ=1.299446e+00  dt=1.351e-03  relΔE=1.231e-05  ||F||=8.719e-02
 step= 14000  E=4.505800766123e+02  Q=6.530000000000e+02  λ=1.292423e+00  dt=1.046e-03  relΔE=6.702e-06  ||F||=7.284e-02
 step= 14500  E=4.492043463398e+02  Q=6.530000000000e+02  λ=1.287271e+00  dt=8.095e-04  relΔE=3.544e-06  ||F||=6.011e-02
 step= 15000  E=4.482865885466e+02  Q=6.530000000000e+02  λ=1.283699e+00  dt=1.253e-03  relΔE=3.687e-06  ||F||=4.922e-02
 step= 15500  E=4.476789150430e+02  Q=6.530000000000e+02  λ=1.281218e+00  dt=9.698e-04  relΔE=1.905e-06  ||F||=4.019e-02
 step= 16000  E=4.472626475847e+02  Q=6.530000000000e+02  λ=1.279419e+00  dt=7.506e-04  relΔE=1.006e-06  ||F||=3.321e-02
 step= 16500  E=4.470043433153e+02  Q=6.530000000000e+02  λ=1.278227e+00  dt=1.162e-03  relΔE=9.782e-07  ||F||=2.628e-02
 step= 17000  E=4.468302969851e+02  Q=6.530000000000e+02  λ=1.277358e+00  dt=8.992e-04  relΔE=4.901e-07  ||F||=2.114e-02
 step= 17500  E=4.467168058799e+02  Q=6.530000000000e+02  λ=1.276736e+00  dt=1.392e-03  relΔE=4.859e-07  ||F||=1.856e-02
 step= 18000  E=4.466464648334e+02  Q=6.530000000000e+02  λ=1.276307e+00  dt=1.077e-03  relΔE=2.455e-07  ||F||=1.366e-02
 step= 18500  E=4.465994169095e+02  Q=6.530000000000e+02  λ=1.275983e+00  dt=8.338e-04  relΔE=1.221e-07  ||F||=1.094e-02
 step= 19000  E=4.465693057084e+02  Q=6.530000000000e+02  λ=1.275745e+00  dt=1.291e-03  relΔE=1.216e-07  ||F||=8.772e-03
 step= 19500  E=4.465502238543e+02  Q=6.530000000000e+02  λ=1.275570e+00  dt=9.989e-04  relΔE=6.135e-08  ||F||=7.076e-03
 step= 20000  E=4.465373697129e+02  Q=6.530000000000e+02  λ=1.275431e+00  dt=7.731e-04  relΔE=3.099e-08  ||F||=5.711e-03
 step= 20500  E=4.465293348316e+02  Q=6.530000000000e+02  λ=1.275328e+00  dt=1.197e-03  relΔE=3.117e-08  ||F||=4.598e-03
 step= 21000  E=4.465239510537e+02  Q=6.530000000000e+02  λ=1.275245e+00  dt=9.263e-04  relΔE=1.592e-08  ||F||=3.728e-03
 step= 21500  E=4.465202996573e+02  Q=6.530000000000e+02  λ=1.275178e+00  dt=1.434e-03  relΔE=1.386e-08  ||F||=1.242e-02
 step= 22000  E=4.465179854600e+02  Q=6.530000000000e+02  λ=1.275126e+00  dt=1.110e-03  relΔE=8.592e-09  ||F||=2.492e-03
 step= 22500  E=4.465163441886e+02  Q=6.530000000000e+02  λ=1.275082e+00  dt=8.589e-04  relΔE=4.551e-09  ||F||=2.056e-03
 step= 23000  E=4.465152101263e+02  Q=6.530000000000e+02  λ=1.275046e+00  dt=1.329e-03  relΔE=4.905e-09  ||F||=1.711e-03
 step= 23500  E=4.465144311161e+02  Q=6.530000000000e+02  λ=1.275016e+00  dt=1.029e-03  relΔE=2.720e-09  ||F||=1.442e-03
 step= 24000  E=4.465138514972e+02  Q=6.530000000000e+02  λ=1.274991e+00  dt=7.964e-04  relΔE=1.528e-09  ||F||=1.224e-03
 step= 24500  E=4.465134358018e+02  Q=6.530000000000e+02  λ=1.274969e+00  dt=1.233e-03  relΔE=1.756e-09  ||F||=1.050e-03
 step= 25000  E=4.465131236402e+02  Q=6.530000000000e+02  λ=1.274951e+00  dt=9.541e-04  relΔE=1.032e-09  ||F||=9.112e-04
 step= 25500  E=4.465128764321e+02  Q=6.530000000000e+02  λ=1.274935e+00  dt=7.385e-04  relΔE=6.963e-10  ||F||=8.604e-04
 step= 26000  E=4.465126946753e+02  Q=6.530000000000e+02  λ=1.274922e+00  dt=1.143e-03  relΔE=7.496e-10  ||F||=7.031e-04
 step= 26500  E=4.465125454185e+02  Q=6.530000000000e+02  λ=1.274910e+00  dt=8.847e-04  relΔE=4.619e-10  ||F||=6.245e-04
 step= 27000  E=4.465124250762e+02  Q=6.530000000000e+02  λ=1.274899e+00  dt=1.369e-03  relΔE=5.755e-10  ||F||=5.626e-04
 step= 27500  E=4.465123305847e+02  Q=6.530000000000e+02  λ=1.274890e+00  dt=1.060e-03  relΔE=3.648e-10  ||F||=5.024e-04
 step= 28000  E=4.465122506547e+02  Q=6.530000000000e+02  λ=1.274882e+00  dt=8.203e-04  relΔE=2.322e-10  ||F||=4.534e-04
 step= 28500  E=4.465121853898e+02  Q=6.530000000000e+02  λ=1.274875e+00  dt=1.270e-03  relΔE=2.973e-10  ||F||=4.103e-04
 step= 29000  E=4.465121319346e+02  Q=6.530000000000e+02  λ=1.274869e+00  dt=9.828e-04  relΔE=1.922e-10  ||F||=3.730e-04
 step= 29500  E=4.465120855378e+02  Q=6.530000000000e+02  λ=1.274863e+00  dt=7.607e-04  relΔE=1.262e-10  ||F||=3.422e-04
 step= 30000  E=4.465120483804e+02  Q=6.530000000000e+02  λ=1.274858e+00  dt=1.177e-03  relΔE=1.619e-10  ||F||=3.092e-04
 step= 30500  E=4.465120163430e+02  Q=6.530000000000e+02  λ=1.274853e+00  dt=9.113e-04  relΔE=1.056e-10  ||F||=2.821e-04
 step= 31000  E=4.465119887862e+02  Q=6.530000000000e+02  λ=1.274849e+00  dt=1.411e-03  relΔE=1.364e-10  ||F||=3.799e-04
 step= 31500  E=4.465119665688e+02  Q=6.530000000000e+02  λ=1.274845e+00  dt=1.092e-03  relΔE=9.056e-11  ||F||=2.354e-04
 step= 32000  E=4.465119470462e+02  Q=6.530000000000e+02  λ=1.274842e+00  dt=8.450e-04  relΔE=5.944e-11  ||F||=2.151e-04
 step= 32500  E=4.465119304980e+02  Q=6.530000000000e+02  λ=1.274839e+00  dt=1.308e-03  relΔE=7.813e-11  ||F||=1.966e-04
 step= 33000  E=4.465119167350e+02  Q=6.530000000000e+02  λ=1.274836e+00  dt=1.012e-03  relΔE=5.165e-11  ||F||=1.801e-04
 step= 33500  E=4.465119045827e+02  Q=6.530000000000e+02  λ=1.274834e+00  dt=7.835e-04  relΔE=3.420e-11  ||F||=1.651e-04
 step= 34000  E=4.465118945188e+02  Q=6.530000000000e+02  λ=1.274832e+00  dt=1.213e-03  relΔE=4.510e-11  ||F||=1.507e-04
 step= 34500  E=4.465118859096e+02  Q=6.530000000000e+02  λ=1.274830e+00  dt=7.823e-04  relΔE=2.507e-11  ||F||=1.385e-04
 step= 35000  E=4.465118785018e+02  Q=6.530000000000e+02  λ=1.274828e+00  dt=1.211e-03  relΔE=3.321e-11  ||F||=1.266e-04
 step= 35500  E=4.465118720798e+02  Q=6.530000000000e+02  λ=1.274826e+00  dt=9.372e-04  relΔE=2.209e-11  ||F||=1.159e-04
 step= 36000  E=4.465118663946e+02  Q=6.530000000000e+02  λ=1.274824e+00  dt=1.451e-03  relΔE=1.447e-11  ||F||=9.241e-04
 step= 36500  E=4.465118617601e+02  Q=6.530000000000e+02  λ=1.274823e+00  dt=1.123e-03  relΔE=1.964e-11  ||F||=9.713e-05
 step= 37000  E=4.465118576047e+02  Q=6.530000000000e+02  λ=1.274822e+00  dt=8.690e-04  relΔE=1.312e-11  ||F||=8.887e-05
 step= 37500  E=4.465118540120e+02  Q=6.530000000000e+02  λ=1.274821e+00  dt=1.345e-03  relΔE=1.754e-11  ||F||=8.141e-05
 step= 38000  E=4.465118509860e+02  Q=6.530000000000e+02  λ=1.274820e+00  dt=1.041e-03  relΔE=1.180e-11  ||F||=7.452e-05
 step= 38500  E=4.465118482714e+02  Q=6.530000000000e+02  λ=1.274819e+00  dt=8.058e-04  relΔE=7.943e-12  ||F||=6.833e-05
 step= 39000  E=4.465118459551e+02  Q=6.530000000000e+02  λ=1.274818e+00  dt=1.247e-03  relΔE=1.067e-11  ||F||=6.241e-05
 step= 39500  E=4.465118439520e+02  Q=6.530000000000e+02  λ=1.274817e+00  dt=9.654e-04  relΔE=7.215e-12  ||F||=5.719e-05
 step= 40000  E=4.465118421350e+02  Q=6.530000000000e+02  λ=1.274816e+00  dt=7.472e-04  relΔE=5.102e-12  ||F||=5.480e-05
 step= 40500  E=4.465118406289e+02  Q=6.530000000000e+02  λ=1.274816e+00  dt=1.157e-03  relΔE=6.610e-12  ||F||=4.793e-05
 step= 41000  E=4.465118392655e+02  Q=6.530000000000e+02  λ=1.274815e+00  dt=8.952e-04  relΔE=4.485e-12  ||F||=4.387e-05
 step= 41500  E=4.465118380562e+02  Q=6.530000000000e+02  λ=1.274814e+00  dt=1.386e-03  relΔE=6.084e-12  ||F||=4.389e-05
 step= 42000  E=4.465118370321e+02  Q=6.530000000000e+02  λ=1.274814e+00  dt=1.072e-03  relΔE=4.161e-12  ||F||=3.678e-05
 step= 42500  E=4.465118360999e+02  Q=6.530000000000e+02  λ=1.274813e+00  dt=8.300e-04  relΔE=2.842e-12  ||F||=3.370e-05
 step= 43000  E=4.465118352832e+02  Q=6.530000000000e+02  λ=1.274813e+00  dt=1.285e-03  relΔE=3.881e-12  ||F||=3.079e-05
 step= 43500  E=4.465118345734e+02  Q=6.530000000000e+02  λ=1.274812e+00  dt=9.944e-04  relΔE=2.666e-12  ||F||=2.823e-05
 step= 44000  E=4.465118339195e+02  Q=6.530000000000e+02  λ=1.274812e+00  dt=7.697e-04  relΔE=1.858e-12  ||F||=2.647e-05
 step= 44500  E=4.465118333623e+02  Q=6.530000000000e+02  λ=1.274812e+00  dt=1.191e-03  relΔE=2.517e-12  ||F||=2.365e-05
 step= 45000  E=4.465118328575e+02  Q=6.530000000000e+02  λ=1.274811e+00  dt=9.221e-04  relΔE=1.735e-12  ||F||=2.166e-05
 step= 45500  E=4.465118323964e+02  Q=6.530000000000e+02  λ=1.274811e+00  dt=1.427e-03  relΔE=2.241e-12  ||F||=9.775e-05
 step= 46000  E=4.465118320067e+02  Q=6.530000000000e+02  λ=1.274811e+00  dt=1.105e-03  relΔE=1.655e-12  ||F||=1.815e-05
 step= 46500  E=4.465118316441e+02  Q=6.530000000000e+02  λ=1.274811e+00  dt=8.550e-04  relΔE=1.146e-12  ||F||=1.663e-05
 step= 47000  E=4.465118313206e+02  Q=6.530000000000e+02  λ=1.274811e+00  dt=1.323e-03  relΔE=1.587e-12  ||F||=1.521e-05
 step= 47500  E=4.465118310377e+02  Q=6.530000000000e+02  λ=1.274810e+00  dt=1.024e-03  relΔE=1.105e-12  ||F||=1.393e-05
 step= 48000  E=4.465118307746e+02  Q=6.530000000000e+02  λ=1.274810e+00  dt=7.928e-04  relΔE=7.693e-13  ||F||=1.286e-05
 step= 48500  E=4.465118305440e+02  Q=6.530000000000e+02  λ=1.274810e+00  dt=1.227e-03  relΔE=1.068e-12  ||F||=1.167e-05
 step= 49000  E=4.465118303365e+02  Q=6.530000000000e+02  λ=1.274810e+00  dt=9.498e-04  relΔE=7.452e-13  ||F||=1.069e-05
 step= 49500  E=4.465118301425e+02  Q=6.530000000000e+02  λ=1.274810e+00  dt=7.351e-04  relΔE=5.792e-13  ||F||=1.321e-05
 step= 50000  E=4.465118299773e+02  Q=6.530000000000e+02  λ=1.274810e+00  dt=1.138e-03  relΔE=7.267e-13  ||F||=8.959e-06
 step= 50500  E=4.465118298223e+02  Q=6.530000000000e+02  λ=1.274809e+00  dt=8.807e-04  relΔE=5.078e-13  ||F||=8.209e-06
 step= 51000  E=4.465118296818e+02  Q=6.530000000000e+02  λ=1.274809e+00  dt=1.363e-03  relΔE=7.096e-13  ||F||=7.740e-06
 step= 51500  E=4.465118295585e+02  Q=6.530000000000e+02  λ=1.274809e+00  dt=1.055e-03  relΔE=4.983e-13  ||F||=6.874e-06
 step= 52000  E=4.465118294434e+02  Q=6.530000000000e+02  λ=1.274809e+00  dt=8.166e-04  relΔE=3.500e-13  ||F||=6.342e-06
 step= 52500  E=4.465118293401e+02  Q=6.530000000000e+02  λ=1.274809e+00  dt=1.264e-03  relΔE=4.897e-13  ||F||=5.755e-06
 step= 53000  E=4.465118292479e+02  Q=6.530000000000e+02  λ=1.274809e+00  dt=9.784e-04  relΔE=3.441e-13  ||F||=5.276e-06
 step= 53500  E=4.465118291609e+02  Q=6.530000000000e+02  λ=1.274809e+00  dt=7.572e-04  relΔE=2.461e-13  ||F||=5.318e-06
 step= 54000  E=4.465118290854e+02  Q=6.530000000000e+02  λ=1.274809e+00  dt=1.172e-03  relΔE=3.398e-13  ||F||=4.420e-06
 step= 54500  E=4.465118290151e+02  Q=6.530000000000e+02  λ=1.274809e+00  dt=9.072e-04  relΔE=2.397e-13  ||F||=4.049e-06
 step= 55000  E=4.465118289500e+02  Q=6.530000000000e+02  λ=1.274809e+00  dt=1.404e-03  relΔE=3.343e-13  ||F||=1.219e-05
 step= 55500  E=4.465118288934e+02  Q=6.530000000000e+02  λ=1.274809e+00  dt=1.087e-03  relΔE=2.376e-13  ||F||=3.392e-06
 step= 56000  E=4.465118288401e+02  Q=6.530000000000e+02  λ=1.274809e+00  dt=8.412e-04  relΔE=1.675e-13  ||F||=3.120e-06
 step= 56500  E=4.465118287918e+02  Q=6.530000000000e+02  λ=1.274809e+00  dt=1.302e-03  relΔE=2.356e-13  ||F||=2.841e-06
 step= 57000  E=4.465118287487e+02  Q=6.530000000000e+02  λ=1.274809e+00  dt=1.008e-03  relΔE=1.666e-13  ||F||=2.603e-06
 step= 57500  E=4.465118287080e+02  Q=6.530000000000e+02  λ=1.274809e+00  dt=7.800e-04  relΔE=1.180e-13  ||F||=2.528e-06
 step= 58000  E=4.465118286721e+02  Q=6.530000000000e+02  λ=1.274809e+00  dt=1.207e-03  relΔE=1.656e-13  ||F||=2.180e-06
 step= 58500  E=4.465118286390e+02  Q=6.530000000000e+02  λ=1.274809e+00  dt=9.345e-04  relΔE=1.170e-13  ||F||=1.998e-06
 step= 59000  E=4.465118286079e+02  Q=6.530000000000e+02  λ=1.274808e+00  dt=1.447e-03  relΔE=9.675e-14  ||F||=6.299e-05
 step= 59500  E=4.465118285810e+02  Q=6.530000000000e+02  λ=1.274808e+00  dt=1.120e-03  relΔE=1.169e-13  ||F||=1.673e-06
 step= 60000  E=4.465118285556e+02  Q=6.530000000000e+02  λ=1.274808e+00  dt=8.665e-04  relΔE=8.275e-14  ||F||=1.537e-06
 step= 60500  E=4.465118285323e+02  Q=6.530000000000e+02  λ=1.274808e+00  dt=1.341e-03  relΔE=1.161e-13  ||F||=1.450e-06
 step= 61000  E=4.465118285116e+02  Q=6.530000000000e+02  λ=1.274808e+00  dt=1.038e-03  relΔE=8.262e-14  ||F||=1.284e-06
 step= 61500  E=4.465118284922e+02  Q=6.530000000000e+02  λ=1.274808e+00  dt=8.035e-04  relΔE=5.818e-14  ||F||=1.256e-06
 step= 62000  E=4.465118284747e+02  Q=6.530000000000e+02  λ=1.274808e+00  dt=1.244e-03  relΔE=8.211e-14  ||F||=1.075e-06
 step= 62500  E=4.465118284588e+02  Q=6.530000000000e+02  λ=1.274808e+00  dt=9.626e-04  relΔE=5.843e-14  ||F||=9.858e-07
 step= 63000  E=4.465118284438e+02  Q=6.530000000000e+02  λ=1.274808e+00  dt=7.450e-04  relΔE=4.430e-14  ||F||=2.124e-06
 step= 63500  E=4.465118284307e+02  Q=6.530000000000e+02  λ=1.274808e+00  dt=1.153e-03  relΔE=5.843e-14  ||F||=8.255e-07
 step= 64000  E=4.465118284184e+02  Q=6.530000000000e+02  λ=1.274808e+00  dt=8.926e-04  relΔE=4.163e-14  ||F||=7.615e-07
 step= 64500  E=4.465118284070e+02  Q=6.530000000000e+02  λ=1.274808e+00  dt=1.382e-03  relΔE=5.856e-14  ||F||=1.919e-06
 step= 65000  E=4.465118283970e+02  Q=6.530000000000e+02  λ=1.274808e+00  dt=1.069e-03  relΔE=4.087e-14  ||F||=6.335e-07
 step= 65500  E=4.465118283876e+02  Q=6.530000000000e+02  λ=1.274808e+00  dt=8.276e-04  relΔE=2.915e-14  ||F||=6.001e-07
 step= 66000  E=4.465118283790e+02  Q=6.530000000000e+02  λ=1.274808e+00  dt=1.281e-03  relΔE=4.099e-14  ||F||=5.309e-07
 step= 66500  E=4.465118283713e+02  Q=6.530000000000e+02  λ=1.274808e+00  dt=9.916e-04  relΔE=2.903e-14  ||F||=4.863e-07
 step= 67000  E=4.465118283640e+02  Q=6.530000000000e+02  λ=1.274808e+00  dt=7.674e-04  relΔE=2.126e-14  ||F||=6.616e-07
 step= 67500  E=4.465118283575e+02  Q=6.530000000000e+02  λ=1.274808e+00  dt=1.188e-03  relΔE=2.941e-14  ||F||=4.073e-07
 step= 68000  E=4.465118283515e+02  Q=6.530000000000e+02  λ=1.274808e+00  dt=9.194e-04  relΔE=2.062e-14  ||F||=3.757e-07
 step= 68500  E=4.465118283459e+02  Q=6.530000000000e+02  λ=1.274808e+00  dt=1.423e-03  relΔE=2.839e-14  ||F||=7.377e-06
 step= 69000  E=4.465118283410e+02  Q=6.530000000000e+02  λ=1.274808e+00  dt=1.102e-03  relΔE=2.113e-14  ||F||=3.126e-07
 step= 69500  E=4.465118283364e+02  Q=6.530000000000e+02  λ=1.274808e+00  dt=8.525e-04  relΔE=1.489e-14  ||F||=3.043e-07
 step= 70000  E=4.465118283322e+02  Q=6.530000000000e+02  λ=1.274808e+00  dt=1.320e-03  relΔE=2.126e-14  ||F||=2.701e-07
 step= 70500  E=4.465118283284e+02  Q=6.530000000000e+02  λ=1.274808e+00  dt=1.021e-03  relΔE=1.502e-14  ||F||=2.400e-07
 step= 71000  E=4.465118283248e+02  Q=6.530000000000e+02  λ=1.274808e+00  dt=7.905e-04  relΔE=1.082e-14  ||F||=3.108e-07
 step= 71500  E=4.465118283216e+02  Q=6.530000000000e+02  λ=1.274808e+00  dt=1.224e-03  relΔE=1.489e-14  ||F||=2.009e-07
 step= 72000  E=4.465118283187e+02  Q=6.530000000000e+02  λ=1.274808e+00  dt=9.471e-04  relΔE=1.082e-14  ||F||=1.850e-07
 step= 72500  E=4.465118283159e+02  Q=6.530000000000e+02  λ=1.274808e+00  dt=7.330e-04  relΔE=8.911e-15  ||F||=1.305e-06
 step= 73000  E=4.465118283135e+02  Q=6.530000000000e+02  λ=1.274808e+00  dt=1.135e-03  relΔE=1.044e-14  ||F||=1.542e-07
 step= 73500  E=4.465118283113e+02  Q=6.530000000000e+02  λ=1.274808e+00  dt=8.782e-04  relΔE=7.511e-15  ||F||=1.514e-07
 step= 74000  E=4.465118283092e+02  Q=6.530000000000e+02  λ=1.274808e+00  dt=1.359e-03  relΔE=1.031e-14  ||F||=2.408e-07
 step= 74500  E=4.465118283073e+02  Q=6.530000000000e+02  λ=1.274808e+00  dt=1.052e-03  relΔE=7.511e-15  ||F||=1.184e-07
 step= 75000  E=4.465118283056e+02  Q=6.530000000000e+02  λ=1.274808e+00  dt=8.143e-04  relΔE=5.474e-15  ||F||=1.574e-07
 step= 75500  E=4.465118283040e+02  Q=6.530000000000e+02  λ=1.274808e+00  dt=1.260e-03  relΔE=7.384e-15  ||F||=9.923e-08
 step= 76000  E=4.465118283026e+02  Q=6.530000000000e+02  λ=1.274808e+00  dt=9.756e-04  relΔE=5.092e-15  ||F||=9.122e-08
 step= 76500  E=4.465118283012e+02  Q=6.530000000000e+02  λ=1.274808e+00  dt=7.550e-04  relΔE=3.819e-15  ||F||=4.042e-07
 step= 77000  E=4.465118283000e+02  Q=6.530000000000e+02  λ=1.274808e+00  dt=1.169e-03  relΔE=5.729e-15  ||F||=7.609e-08
 step= 77500  E=4.465118282989e+02  Q=6.530000000000e+02  λ=1.274808e+00  dt=9.046e-04  relΔE=3.437e-15  ||F||=7.418e-08
 step= 78000  E=4.465118282979e+02  Q=6.530000000000e+02  λ=1.274808e+00  dt=1.400e-03  relΔE=5.092e-15  ||F||=9.326e-07
 step= 78500  E=4.465118282970e+02  Q=6.530000000000e+02  λ=1.274808e+00  dt=9.031e-04  relΔE=2.546e-15  ||F||=5.852e-08
 step= 79000  E=4.465118282961e+02  Q=6.530000000000e+02  λ=1.274808e+00  dt=1.398e-03  relΔE=4.583e-15  ||F||=2.201e-07
 Converged (aggressive): step=79471, E=4.465118282954e+02, Q=6.530000000000e+02, dt=9.017e-04, ||F||=4.994e-08

Stationary candidate (aggressive): E=4.465118282954e+02, Q=6.530000000000e+02, maxρ=6.851822e-01

=== Stability test (damped inertial dynamics) ===
Perturb eps=0.02, gamma=1
t=0: E=4.782773520247e+02, Q=6.530000000000e+02, maxρ=7.068947e-01, σ=2.559592e+00, Rc=1.870283e+01
 step=     1  E=4.782771926421e+02  Q=6.530000000000e+02  λ=1.660044e+00  maxρ=7.068947e-01  minρ=1.000e-15  σ=2.559592e+00  Rc=1.870283e+01
 step=   300  E=4.717414976183e+02  Q=6.530000000000e+02  λ=1.557560e+00  maxρ=7.056956e-01  minρ=1.000e-15  σ=2.559589e+00  Rc=1.870283e+01
 step=   600  E=4.585902805004e+02  Q=6.530000000000e+02  λ=1.371878e+00  maxρ=7.023150e-01  minρ=1.000e-15  σ=2.559583e+00  Rc=1.870283e+01
 step=   900  E=4.508745745652e+02  Q=6.530000000000e+02  λ=1.312450e+00  maxρ=6.973151e-01  minρ=1.000e-15  σ=2.559581e+00  Rc=1.870283e+01
 step=  1200  E=4.537745339619e+02  Q=6.530000000000e+02  λ=1.419215e+00  maxρ=6.949513e-01  minρ=1.000e-15  σ=2.559584e+00  Rc=1.870282e+01
 step=  1500  E=4.616428217954e+02  Q=6.530000000000e+02  λ=1.535413e+00  maxρ=6.991324e-01  minρ=1.000e-15  σ=2.559586e+00  Rc=1.870282e+01
 step=  1800  E=4.656807625249e+02  Q=6.530000000000e+02  λ=1.521868e+00  maxρ=7.013711e-01  minρ=1.000e-15  σ=2.559584e+00  Rc=1.870282e+01
 step=  2100  E=4.633358629928e+02  Q=6.530000000000e+02  λ=1.421035e+00  maxρ=6.978019e-01  minρ=1.000e-15  σ=2.559580e+00  Rc=1.870282e+01
 step=  2400  E=4.591862425005e+02  Q=6.530000000000e+02  λ=1.373979e+00  maxρ=6.909456e-01  minρ=1.000e-15  σ=2.559580e+00  Rc=1.870282e+01
 step=  2700  E=4.581664013296e+02  Q=6.530000000000e+02  λ=1.428268e+00  maxρ=6.924795e-01  minρ=1.000e-15  σ=2.559583e+00  Rc=1.870282e+01
 step=  3000  E=4.601924145459e+02  Q=6.530000000000e+02  λ=1.494304e+00  maxρ=7.010194e-01  minρ=1.000e-15  σ=2.559584e+00  Rc=1.870282e+01
 step=  3300  E=4.617325401978e+02  Q=6.530000000000e+02  λ=1.482621e+00  maxρ=7.028161e-01  minρ=1.000e-15  σ=2.559580e+00  Rc=1.870282e+01
 step=  3600  E=4.608074500822e+02  Q=6.530000000000e+02  λ=1.418281e+00  maxρ=7.001584e-01  minρ=1.000e-15  σ=2.559576e+00  Rc=1.870282e+01
 step=  3900  E=4.588523096186e+02  Q=6.530000000000e+02  λ=1.388955e+00  maxρ=7.001642e-01  minρ=1.000e-15  σ=2.559576e+00  Rc=1.870282e+01
 step=  4200  E=4.581131189724e+02  Q=6.530000000000e+02  λ=1.420949e+00  maxρ=6.977340e-01  minρ=1.000e-15  σ=2.559579e+00  Rc=1.870281e+01
 step=  4500  E=4.588030206803e+02  Q=6.530000000000e+02  λ=1.456412e+00  maxρ=6.958695e-01  minρ=1.000e-15  σ=2.559581e+00  Rc=1.870281e+01
 step=  4800  E=4.594473986541e+02  Q=6.530000000000e+02  λ=1.444547e+00  maxρ=6.986922e-01  minρ=1.000e-15  σ=2.559576e+00  Rc=1.870281e+01
 step=  5100  E=4.591304555374e+02  Q=6.530000000000e+02  λ=1.407327e+00  maxρ=6.996943e-01  minρ=1.000e-15  σ=2.559571e+00  Rc=1.870281e+01
 step=  5400  E=4.583932702264e+02  Q=6.530000000000e+02  λ=1.396984e+00  maxρ=6.988764e-01  minρ=1.000e-15  σ=2.559570e+00  Rc=1.870281e+01
 step=  5700  E=4.580774770554e+02  Q=6.530000000000e+02  λ=1.420433e+00  maxρ=6.964978e-01  minρ=1.000e-15  σ=2.559572e+00  Rc=1.870280e+01
 step=  6000  E=4.581742134872e+02  Q=6.530000000000e+02  λ=1.437697e+00  maxρ=6.940735e-01  minρ=1.000e-15  σ=2.559573e+00  Rc=1.870280e+01
 >>> No runaway detected in this horizon. Likely stable (within this model & box).

STABILITY: PASS
