
=== Aggressive relaxation to Q = 1573 ===
Initial: E=2.950800140485e+03, Q=1.573000000000e+03, dt=1.000e-04
 step=     1  E=2.950681622721e+03  Q=1.573000000000e+03  λ=3.838097e+00  dt=1.000e-04  relΔE=4.016e-05  ||F||=8.683e-01
 step=   500  E=2.812659395376e+03  Q=1.573000000000e+03  λ=3.624144e+00  dt=6.192e-04  relΔE=1.774e-04  ||F||=7.843e-01
 step=  1000  E=2.464671264607e+03  Q=1.573000000000e+03  λ=3.116258e+00  dt=9.584e-04  relΔE=2.003e-04  ||F||=6.271e-01
 step=  1500  E=2.213473605535e+03  Q=1.573000000000e+03  λ=2.765200e+00  dt=7.418e-04  relΔE=1.285e-04  ||F||=5.415e-01
 step=  2000  E=2.039106822128e+03  Q=1.573000000000e+03  λ=2.526747e+00  dt=1.148e-03  relΔE=1.552e-04  ||F||=4.586e-01
 step=  2500  E=1.900083398500e+03  Q=1.573000000000e+03  λ=2.338959e+00  dt=8.887e-04  relΔE=1.010e-04  ||F||=4.060e-01
 step=  3000  E=1.788628305500e+03  Q=1.573000000000e+03  λ=2.190197e+00  dt=1.376e-03  relΔE=1.337e-04  ||F||=3.710e-01
 step=  3500  E=1.700696495666e+03  Q=1.573000000000e+03  λ=2.073666e+00  dt=1.065e-03  relΔE=9.029e-05  ||F||=3.317e-01
 step=  4000  E=1.625009769112e+03  Q=1.573000000000e+03  λ=1.974115e+00  dt=8.241e-04  relΔE=6.146e-05  ||F||=3.041e-01
 step=  4500  E=1.561428424319e+03  Q=1.573000000000e+03  λ=1.891120e+00  dt=1.276e-03  relΔE=8.442e-05  ||F||=2.808e-01
 step=  5000  E=1.507679162782e+03  Q=1.573000000000e+03  λ=1.821265e+00  dt=9.873e-04  relΔE=5.876e-05  ||F||=2.617e-01
 step=  5500  E=1.458890937958e+03  Q=1.573000000000e+03  λ=1.758209e+00  dt=7.641e-04  relΔE=4.196e-05  ||F||=2.473e-01
 step=  6000  E=1.417478929184e+03  Q=1.573000000000e+03  λ=1.705015e+00  dt=1.183e-03  relΔE=5.884e-05  ||F||=2.320e-01
 step=  6500  E=1.379346593583e+03  Q=1.573000000000e+03  λ=1.656206e+00  dt=9.154e-04  relΔE=4.260e-05  ||F||=2.213e-01
 step=  7000  E=1.343540579877e+03  Q=1.573000000000e+03  λ=1.610655e+00  dt=1.417e-03  relΔE=6.198e-05  ||F||=3.274e-01
 step=  7500  E=1.311594282369e+03  Q=1.573000000000e+03  λ=1.570031e+00  dt=1.097e-03  relΔE=4.718e-05  ||F||=2.075e-01
 step=  8000  E=1.279887059493e+03  Q=1.573000000000e+03  λ=1.529793e+00  dt=8.488e-04  relΔE=3.612e-05  ||F||=2.038e-01
 step=  8500  E=1.249154606826e+03  Q=1.573000000000e+03  λ=1.490796e+00  dt=1.314e-03  relΔE=5.608e-05  ||F||=2.017e-01
 step=  9000  E=1.219593430051e+03  Q=1.573000000000e+03  λ=1.453104e+00  dt=1.017e-03  relΔE=4.391e-05  ||F||=2.004e-01
 step=  9500  E=1.189392432255e+03  Q=1.573000000000e+03  λ=1.414400e+00  dt=7.871e-04  relΔE=3.448e-05  ||F||=1.994e-01
 step= 10000  E=1.160638096942e+03  Q=1.573000000000e+03  λ=1.377391e+00  dt=1.218e-03  relΔE=5.289e-05  ||F||=1.961e-01
 step= 10500  E=1.132912845728e+03  Q=1.573000000000e+03  λ=1.341518e+00  dt=9.430e-04  relΔE=3.965e-05  ||F||=1.906e-01
 step= 11000  E=1.106309291632e+03  Q=1.573000000000e+03  λ=1.307281e+00  dt=7.298e-04  relΔE=4.773e-05  ||F||=6.983e-01
 step= 11500  E=1.084027071490e+03  Q=1.573000000000e+03  λ=1.278329e+00  dt=1.130e-03  relΔE=3.919e-05  ||F||=1.694e-01
 step= 12000  E=1.064387677667e+03  Q=1.573000000000e+03  λ=1.253157e+00  dt=8.744e-04  relΔE=2.547e-05  ||F||=1.538e-01
 step= 12500  E=1.048550337368e+03  Q=1.573000000000e+03  λ=1.233128e+00  dt=1.353e-03  relΔE=3.135e-05  ||F||=1.364e-01
 step= 13000  E=1.037006073801e+03  Q=1.573000000000e+03  λ=1.218739e+00  dt=8.730e-04  relΔE=1.557e-05  ||F||=1.188e-01
 step= 13500  E=1.027869584514e+03  Q=1.573000000000e+03  λ=1.207607e+00  dt=1.351e-03  relΔE=1.750e-05  ||F||=1.009e-01
 step= 14000  E=1.021590373154e+03  Q=1.573000000000e+03  λ=1.200147e+00  dt=1.046e-03  relΔE=9.603e-06  ||F||=8.459e-02
 step= 14500  E=1.017118857784e+03  Q=1.573000000000e+03  λ=1.195010e+00  dt=8.095e-04  relΔE=5.082e-06  ||F||=6.980e-02
 step= 15000  E=1.014255702282e+03  Q=1.573000000000e+03  λ=1.191856e+00  dt=1.044e-03  relΔE=4.475e-06  ||F||=5.758e-02
 step= 15500  E=1.012203908112e+03  Q=1.573000000000e+03  λ=1.189708e+00  dt=8.081e-04  relΔE=2.268e-06  ||F||=4.654e-02
 step= 16000  E=1.010898343616e+03  Q=1.573000000000e+03  λ=1.188432e+00  dt=1.251e-03  relΔE=2.283e-06  ||F||=3.751e-02
 step= 16500  E=1.010059305586e+03  Q=1.573000000000e+03  λ=1.187679e+00  dt=9.682e-04  relΔE=1.145e-06  ||F||=3.017e-02
 step= 17000  E=1.009501428729e+03  Q=1.573000000000e+03  λ=1.187233e+00  dt=7.493e-04  relΔE=5.915e-07  ||F||=2.467e-02
 step= 17500  E=1.009163722896e+03  Q=1.573000000000e+03  λ=1.187002e+00  dt=1.160e-03  relΔE=5.589e-07  ||F||=1.925e-02
 step= 18000  E=1.008941312368e+03  Q=1.573000000000e+03  λ=1.186879e+00  dt=8.978e-04  relΔE=2.744e-07  ||F||=1.533e-02
 step= 18500  E=1.008798892811e+03  Q=1.573000000000e+03  λ=1.186821e+00  dt=1.390e-03  relΔE=2.673e-07  ||F||=1.279e-02
 step= 19000  E=1.008711979184e+03  Q=1.573000000000e+03  λ=1.186801e+00  dt=1.076e-03  relΔE=1.328e-07  ||F||=9.739e-03
 step= 19500  E=1.008654748156e+03  Q=1.573000000000e+03  λ=1.186798e+00  dt=8.324e-04  relΔE=6.523e-08  ||F||=7.755e-03
 step= 20000  E=1.008618532564e+03  Q=1.573000000000e+03  λ=1.186803e+00  dt=1.289e-03  relΔE=6.437e-08  ||F||=6.191e-03
 step= 20500  E=1.008595740849e+03  Q=1.573000000000e+03  λ=1.186810e+00  dt=9.973e-04  relΔE=3.224e-08  ||F||=4.979e-03
 step= 21000  E=1.008580497353e+03  Q=1.573000000000e+03  λ=1.186817e+00  dt=7.719e-04  relΔE=1.623e-08  ||F||=4.016e-03
 step= 21500  E=1.008570988580e+03  Q=1.573000000000e+03  λ=1.186822e+00  dt=1.195e-03  relΔE=1.631e-08  ||F||=3.235e-03
 step= 22000  E=1.008564614942e+03  Q=1.573000000000e+03  λ=1.186825e+00  dt=9.248e-04  relΔE=8.342e-09  ||F||=2.631e-03
 step= 22500  E=1.008560277576e+03  Q=1.573000000000e+03  λ=1.186827e+00  dt=1.431e-03  relΔE=7.684e-09  ||F||=7.375e-03
 step= 23000  E=1.008557514594e+03  Q=1.573000000000e+03  λ=1.186826e+00  dt=1.108e-03  relΔE=4.543e-09  ||F||=1.776e-03
 step= 23500  E=1.008555544188e+03  Q=1.573000000000e+03  λ=1.186825e+00  dt=8.575e-04  relΔE=2.419e-09  ||F||=1.475e-03
 step= 24000  E=1.008554180125e+03  Q=1.573000000000e+03  λ=1.186822e+00  dt=1.327e-03  relΔE=2.617e-09  ||F||=1.236e-03
 step= 24500  E=1.008553239055e+03  Q=1.573000000000e+03  λ=1.186819e+00  dt=1.027e-03  relΔE=1.453e-09  ||F||=1.049e-03
 step= 25000  E=1.008552538870e+03  Q=1.573000000000e+03  λ=1.186815e+00  dt=7.951e-04  relΔE=8.148e-10  ||F||=8.959e-04
 step= 25500  E=1.008552040407e+03  Q=1.573000000000e+03  λ=1.186811e+00  dt=1.231e-03  relΔE=9.258e-10  ||F||=7.705e-04
 step= 26000  E=1.008551670559e+03  Q=1.573000000000e+03  λ=1.186807e+00  dt=9.526e-04  relΔE=5.360e-10  ||F||=6.694e-04
 step= 26500  E=1.008551383227e+03  Q=1.573000000000e+03  λ=1.186803e+00  dt=7.373e-04  relΔE=3.681e-10  ||F||=6.502e-04
 step= 27000  E=1.008551177067e+03  Q=1.573000000000e+03  λ=1.186800e+00  dt=1.141e-03  relΔE=3.702e-10  ||F||=5.139e-04
 step= 27500  E=1.008551012882e+03  Q=1.573000000000e+03  λ=1.186796e+00  dt=8.833e-04  relΔE=2.202e-10  ||F||=4.536e-04
 step= 28000  E=1.008550885612e+03  Q=1.573000000000e+03  λ=1.186792e+00  dt=1.367e-03  relΔE=2.633e-10  ||F||=4.059e-04
 step= 28500  E=1.008550789897e+03  Q=1.573000000000e+03  λ=1.186789e+00  dt=1.058e-03  relΔE=1.596e-10  ||F||=3.584e-04
 step= 29000  E=1.008550712727e+03  Q=1.573000000000e+03  λ=1.186786e+00  dt=8.190e-04  relΔE=9.648e-11  ||F||=3.197e-04
 step= 29500  E=1.008550652994e+03  Q=1.573000000000e+03  λ=1.186783e+00  dt=1.268e-03  relΔE=1.169e-10  ||F||=2.858e-04
 step= 30000  E=1.008550606727e+03  Q=1.573000000000e+03  λ=1.186780e+00  dt=9.812e-04  relΔE=7.121e-11  ||F||=2.564e-04
 step= 30500  E=1.008550569064e+03  Q=1.573000000000e+03  λ=1.186778e+00  dt=7.594e-04  relΔE=4.407e-11  ||F||=2.319e-04
 step= 31000  E=1.008550540845e+03  Q=1.573000000000e+03  λ=1.186776e+00  dt=1.176e-03  relΔE=5.244e-11  ||F||=2.066e-04
 step= 31500  E=1.008550518168e+03  Q=1.573000000000e+03  λ=1.186774e+00  dt=9.098e-04  relΔE=3.174e-11  ||F||=1.857e-04
 step= 32000  E=1.008550500169e+03  Q=1.573000000000e+03  λ=1.186772e+00  dt=1.408e-03  relΔE=3.790e-11  ||F||=2.034e-04
 step= 32500  E=1.008550486783e+03  Q=1.573000000000e+03  λ=1.186770e+00  dt=1.090e-03  relΔE=2.305e-11  ||F||=1.505e-04
 step= 33000  E=1.008550476044e+03  Q=1.573000000000e+03  λ=1.186768e+00  dt=8.436e-04  relΔE=1.375e-11  ||F||=1.354e-04
 step= 33500  E=1.008550468085e+03  Q=1.573000000000e+03  λ=1.186767e+00  dt=1.088e-03  relΔE=1.371e-11  ||F||=1.223e-04
 step= 34000  E=1.008550461743e+03  Q=1.573000000000e+03  λ=1.186766e+00  dt=8.423e-04  relΔE=8.049e-12  ||F||=1.102e-04
 step= 34500  E=1.008550457121e+03  Q=1.573000000000e+03  λ=1.186765e+00  dt=1.086e-03  relΔE=7.863e-12  ||F||=9.960e-05
 step= 35000  E=1.008550453523e+03  Q=1.573000000000e+03  λ=1.186764e+00  dt=8.409e-04  relΔE=4.492e-12  ||F||=8.972e-05
 step= 35500  E=1.008550450895e+03  Q=1.573000000000e+03  λ=1.186763e+00  dt=1.302e-03  relΔE=5.019e-12  ||F||=8.082e-05
 step= 36000  E=1.008550449058e+03  Q=1.573000000000e+03  λ=1.186762e+00  dt=1.007e-03  relΔE=2.744e-12  ||F||=7.299e-05
 step= 36500  E=1.008550447746e+03  Q=1.573000000000e+03  λ=1.186761e+00  dt=7.797e-04  relΔE=1.424e-12  ||F||=6.574e-05
 step= 37000  E=1.008550446922e+03  Q=1.573000000000e+03  λ=1.186760e+00  dt=1.207e-03  relΔE=1.373e-12  ||F||=5.929e-05
 step= 37500  E=1.008550446430e+03  Q=1.573000000000e+03  λ=1.186760e+00  dt=9.342e-04  relΔE=5.753e-13  ||F||=5.348e-05
 step= 38000  E=1.008550446193e+03  Q=1.573000000000e+03  λ=1.186759e+00  dt=1.446e-03  relΔE=1.346e-13  ||F||=1.076e-04
  !! dt fell below dt_min: stiffness-limited termination.

Stationary candidate (aggressive): E=1.008550446152e+03, Q=1.573000000000e+03, maxρ=1.041760e+00

=== Stability test (damped inertial dynamics) ===
Perturb eps=0.02, gamma=1
t=0: E=1.085172084351e+03, Q=1.573000000000e+03, maxρ=1.076699e+00, σ=2.509442e+00, Rc=1.870594e+01
 step=     1  E=1.085171699924e+03  Q=1.573000000000e+03  λ=1.572388e+00  maxρ=1.076699e+00  minρ=1.791e-15  σ=2.509442e+00  Rc=1.870594e+01
 step=   300  E=1.069407385450e+03  Q=1.573000000000e+03  λ=1.469813e+00  maxρ=1.074871e+00  minρ=1.128e-14  σ=2.509438e+00  Rc=1.870595e+01
 step=   600  E=1.037682659920e+03  Q=1.573000000000e+03  λ=1.283954e+00  maxρ=1.069718e+00  minρ=1.000e-15  σ=2.509433e+00  Rc=1.870595e+01
 step=   900  E=1.019062141339e+03  Q=1.573000000000e+03  λ=1.224437e+00  maxρ=1.062097e+00  minρ=1.000e-15  σ=2.509431e+00  Rc=1.870595e+01
 step=  1200  E=1.026048997553e+03  Q=1.573000000000e+03  λ=1.331252e+00  maxρ=1.058553e+00  minρ=1.000e-15  σ=2.509434e+00  Rc=1.870594e+01
 step=  1500  E=1.045035945602e+03  Q=1.573000000000e+03  λ=1.447545e+00  maxρ=1.063610e+00  minρ=1.000e-15  σ=2.509436e+00  Rc=1.870594e+01
 step=  1800  E=1.054801191485e+03  Q=1.573000000000e+03  λ=1.434047e+00  maxρ=1.067014e+00  minρ=1.000e-15  σ=2.509434e+00  Rc=1.870594e+01
 step=  2100  E=1.049166901539e+03  Q=1.573000000000e+03  λ=1.333216e+00  maxρ=1.061580e+00  minρ=1.000e-15  σ=2.509431e+00  Rc=1.870594e+01
 step=  2400  E=1.039150532358e+03  Q=1.573000000000e+03  λ=1.286152e+00  maxρ=1.050593e+00  minρ=1.000e-15  σ=2.509431e+00  Rc=1.870594e+01
 step=  2700  E=1.036654145262e+03  Q=1.573000000000e+03  λ=1.340415e+00  maxρ=1.054605e+00  minρ=1.000e-15  σ=2.509434e+00  Rc=1.870594e+01
 step=  3000  E=1.041506290437e+03  Q=1.573000000000e+03  λ=1.406379e+00  maxρ=1.067844e+00  minρ=1.000e-15  σ=2.509435e+00  Rc=1.870594e+01
 step=  3300  E=1.045221477140e+03  Q=1.573000000000e+03  λ=1.394630e+00  maxρ=1.070575e+00  minρ=1.000e-15  σ=2.509431e+00  Rc=1.870594e+01
 step=  3600  E=1.043025355615e+03  Q=1.573000000000e+03  λ=1.330321e+00  maxρ=1.064562e+00  minρ=1.000e-15  σ=2.509427e+00  Rc=1.870594e+01
 step=  3900  E=1.038343913795e+03  Q=1.573000000000e+03  λ=1.301118e+00  maxρ=1.064564e+00  minρ=1.000e-15  σ=2.509428e+00  Rc=1.870593e+01
 step=  4200  E=1.036559878450e+03  Q=1.573000000000e+03  λ=1.333189e+00  maxρ=1.060861e+00  minρ=1.000e-15  σ=2.509432e+00  Rc=1.870593e+01
 step=  4500  E=1.038190269653e+03  Q=1.573000000000e+03  λ=1.368568e+00  maxρ=1.058247e+00  minρ=1.000e-15  σ=2.509433e+00  Rc=1.870593e+01
 step=  4800  E=1.039715007398e+03  Q=1.573000000000e+03  λ=1.356535e+00  maxρ=1.062935e+00  minρ=1.000e-15  σ=2.509429e+00  Rc=1.870593e+01
 step=  5100  E=1.038955590170e+03  Q=1.573000000000e+03  λ=1.319259e+00  maxρ=1.064045e+00  minρ=1.000e-15  σ=2.509425e+00  Rc=1.870593e+01
 step=  5400  E=1.037209350878e+03  Q=1.573000000000e+03  λ=1.309048e+00  maxρ=1.062788e+00  minρ=1.000e-15  σ=2.509424e+00  Rc=1.870592e+01
 step=  5700  E=1.036471154362e+03  Q=1.573000000000e+03  λ=1.332669e+00  maxρ=1.059157e+00  minρ=1.000e-15  σ=2.509427e+00  Rc=1.870592e+01
 step=  6000  E=1.036696421135e+03  Q=1.573000000000e+03  λ=1.349940e+00  maxρ=1.055654e+00  minρ=1.000e-15  σ=2.509428e+00  Rc=1.870591e+01
 >>> No runaway detected in this horizon. Likely stable (within this model & box).

STABILITY: PASS
