
=== Aggressive relaxation to Q = 1379 ===
Initial: E=2.580884249998e+03, Q=1.379000000000e+03, dt=1.000e-04
 step=     1  E=2.580786393233e+03  Q=1.379000000000e+03  λ=3.790940e+00  dt=1.000e-04  relΔE=3.792e-05  ||F||=8.427e-01
 step=   500  E=2.465518647329e+03  Q=1.379000000000e+03  λ=3.594218e+00  dt=6.192e-04  relΔE=1.704e-04  ||F||=7.688e-01
 step=  1000  E=2.169061105234e+03  Q=1.379000000000e+03  λ=3.111384e+00  dt=9.584e-04  relΔE=1.956e-04  ||F||=6.208e-01
 step=  1500  E=1.951781960561e+03  Q=1.379000000000e+03  λ=2.769988e+00  dt=7.418e-04  relΔE=1.313e-04  ||F||=5.499e-01
 step=  2000  E=1.800315419432e+03  Q=1.379000000000e+03  λ=2.536571e+00  dt=1.148e-03  relΔE=1.533e-04  ||F||=4.574e-01
 step=  2500  E=1.678661614341e+03  Q=1.379000000000e+03  λ=2.351203e+00  dt=8.887e-04  relΔE=1.001e-04  ||F||=4.058e-01
 step=  3000  E=1.580910798399e+03  Q=1.379000000000e+03  λ=2.203917e+00  dt=1.376e-03  relΔE=1.329e-04  ||F||=3.726e-01
 step=  3500  E=1.503584373356e+03  Q=1.379000000000e+03  λ=2.088170e+00  dt=1.065e-03  relΔE=8.991e-05  ||F||=3.324e-01
 step=  4000  E=1.436890722558e+03  Q=1.379000000000e+03  λ=1.989046e+00  dt=8.241e-04  relΔE=6.132e-05  ||F||=3.051e-01
 step=  4500  E=1.380771802959e+03  Q=1.379000000000e+03  λ=1.906242e+00  dt=1.276e-03  relΔE=8.432e-05  ||F||=2.819e-01
 step=  5000  E=1.333268046082e+03  Q=1.379000000000e+03  λ=1.836436e+00  dt=9.873e-04  relΔE=5.876e-05  ||F||=2.628e-01
 step=  5500  E=1.290147854235e+03  Q=1.379000000000e+03  λ=1.773410e+00  dt=7.641e-04  relΔE=4.183e-05  ||F||=2.480e-01
 step=  6000  E=1.253465672208e+03  Q=1.379000000000e+03  λ=1.720115e+00  dt=1.183e-03  relΔE=5.897e-05  ||F||=2.332e-01
 step=  6500  E=1.219612336765e+03  Q=1.379000000000e+03  λ=1.671100e+00  dt=9.154e-04  relΔE=4.273e-05  ||F||=2.226e-01
 step=  7000  E=1.187843110543e+03  Q=1.379000000000e+03  λ=1.625395e+00  dt=1.417e-03  relΔE=6.197e-05  ||F||=3.587e-01
 step=  7500  E=1.159487743957e+03  Q=1.379000000000e+03  λ=1.584606e+00  dt=1.097e-03  relΔE=4.737e-05  ||F||=2.088e-01
 step=  8000  E=1.131390961184e+03  Q=1.379000000000e+03  λ=1.544284e+00  dt=8.488e-04  relΔE=3.624e-05  ||F||=2.050e-01
 step=  8500  E=1.104115692251e+03  Q=1.379000000000e+03  λ=1.505143e+00  dt=1.314e-03  relΔE=5.618e-05  ||F||=2.027e-01
 step=  9000  E=1.078008642260e+03  Q=1.379000000000e+03  λ=1.467484e+00  dt=1.017e-03  relΔE=4.388e-05  ||F||=2.012e-01
 step=  9500  E=1.051344586429e+03  Q=1.379000000000e+03  λ=1.428790e+00  dt=7.871e-04  relΔE=3.433e-05  ||F||=1.998e-01
 step= 10000  E=1.026077887162e+03  Q=1.379000000000e+03  λ=1.391899e+00  dt=1.218e-03  relΔE=5.249e-05  ||F||=1.961e-01
 step= 10500  E=1.001761370356e+03  Q=1.379000000000e+03  λ=1.356109e+00  dt=9.430e-04  relΔE=3.922e-05  ||F||=1.904e-01
 step= 11000  E=9.785392901167e+02  Q=1.379000000000e+03  λ=1.321931e+00  dt=7.298e-04  relΔE=4.342e-05  ||F||=6.306e-01
 step= 11500  E=9.590788321358e+02  Q=1.379000000000e+03  λ=1.292938e+00  dt=1.130e-03  relΔE=3.864e-05  ||F||=1.690e-01
 step= 12000  E=9.421202021153e+02  Q=1.379000000000e+03  λ=1.267807e+00  dt=7.286e-04  relΔE=2.101e-05  ||F||=1.538e-01
 step= 12500  E=9.286575851031e+02  Q=1.379000000000e+03  λ=1.247965e+00  dt=1.128e-03  relΔE=2.612e-05  ||F||=1.368e-01
 step= 13000  E=9.178937219999e+02  Q=1.379000000000e+03  λ=1.232196e+00  dt=8.730e-04  relΔE=1.539e-05  ||F||=1.187e-01
 step= 13500  E=9.099588805513e+02  Q=1.379000000000e+03  λ=1.220709e+00  dt=1.351e-03  relΔE=1.737e-05  ||F||=1.011e-01
 step= 14000  E=9.045723515779e+02  Q=1.379000000000e+03  λ=1.213003e+00  dt=8.715e-04  relΔE=8.049e-06  ||F||=8.526e-02
 step= 14500  E=9.005610609454e+02  Q=1.379000000000e+03  λ=1.207373e+00  dt=1.349e-03  relΔE=8.507e-06  ||F||=7.038e-02
 step= 15000  E=8.979397395376e+02  Q=1.379000000000e+03  λ=1.203772e+00  dt=1.044e-03  relΔE=4.453e-06  ||F||=5.772e-02
 step= 15500  E=8.961443521723e+02  Q=1.379000000000e+03  λ=1.201374e+00  dt=8.081e-04  relΔE=2.271e-06  ||F||=4.680e-02
 step= 16000  E=8.949898957002e+02  Q=1.379000000000e+03  λ=1.199890e+00  dt=1.251e-03  relΔE=2.284e-06  ||F||=3.770e-02
 step= 16500  E=8.942467850209e+02  Q=1.379000000000e+03  λ=1.198975e+00  dt=9.682e-04  relΔE=1.144e-06  ||F||=3.032e-02
 step= 17000  E=8.937532379556e+02  Q=1.379000000000e+03  λ=1.198403e+00  dt=7.493e-04  relΔE=5.840e-07  ||F||=2.463e-02
 step= 17500  E=8.934552618998e+02  Q=1.379000000000e+03  λ=1.198083e+00  dt=1.160e-03  relΔE=5.562e-07  ||F||=1.930e-02
 step= 18000  E=8.932595321079e+02  Q=1.379000000000e+03  λ=1.197892e+00  dt=8.978e-04  relΔE=2.716e-07  ||F||=1.532e-02
 step= 18500  E=8.931350977169e+02  Q=1.379000000000e+03  λ=1.197786e+00  dt=1.390e-03  relΔE=2.627e-07  ||F||=1.294e-02
 step= 19000  E=8.930598263999e+02  Q=1.379000000000e+03  λ=1.197733e+00  dt=1.076e-03  relΔE=1.295e-07  ||F||=9.660e-03
 step= 19500  E=8.930106348805e+02  Q=1.379000000000e+03  λ=1.197706e+00  dt=8.324e-04  relΔE=6.282e-08  ||F||=7.644e-03
 step= 20000  E=8.929800175763e+02  Q=1.379000000000e+03  λ=1.197695e+00  dt=1.289e-03  relΔE=6.103e-08  ||F||=6.054e-03
 step= 20500  E=8.929610538905e+02  Q=1.379000000000e+03  λ=1.197693e+00  dt=9.973e-04  relΔE=2.996e-08  ||F||=4.819e-03
 step= 21000  E=8.929486518442e+02  Q=1.379000000000e+03  λ=1.197694e+00  dt=7.719e-04  relΔE=1.470e-08  ||F||=3.836e-03
 step= 21500  E=8.929411299533e+02  Q=1.379000000000e+03  λ=1.197697e+00  dt=1.195e-03  relΔE=1.432e-08  ||F||=3.041e-03
 step= 22000  E=8.929362564095e+02  Q=1.379000000000e+03  λ=1.197700e+00  dt=9.248e-04  relΔE=7.056e-09  ||F||=2.425e-03
 step= 22500  E=8.929330759892e+02  Q=1.379000000000e+03  λ=1.197702e+00  dt=1.431e-03  relΔE=6.054e-09  ||F||=7.282e-03
 step= 23000  E=8.929311483775e+02  Q=1.379000000000e+03  λ=1.197704e+00  dt=1.108e-03  relΔE=3.486e-09  ||F||=1.556e-03
 step= 23500  E=8.929298463554e+02  Q=1.379000000000e+03  λ=1.197705e+00  dt=8.575e-04  relΔE=1.746e-09  ||F||=1.252e-03
 step= 24000  E=8.929290008372e+02  Q=1.379000000000e+03  λ=1.197706e+00  dt=1.327e-03  relΔE=1.767e-09  ||F||=1.013e-03
 step= 24500  E=8.929284565613e+02  Q=1.379000000000e+03  λ=1.197706e+00  dt=1.027e-03  relΔE=9.138e-10  ||F||=8.293e-04
 step= 25000  E=8.929280805416e+02  Q=1.379000000000e+03  λ=1.197706e+00  dt=7.951e-04  relΔE=4.738e-10  ||F||=6.804e-04
 step= 25500  E=8.929278328208e+02  Q=1.379000000000e+03  λ=1.197706e+00  dt=1.231e-03  relΔE=4.989e-10  ||F||=5.632e-04
 step= 26000  E=8.929276627160e+02  Q=1.379000000000e+03  λ=1.197705e+00  dt=9.526e-04  relΔE=2.674e-10  ||F||=4.711e-04
 step= 26500  E=8.929275404883e+02  Q=1.379000000000e+03  λ=1.197704e+00  dt=7.373e-04  relΔE=1.596e-10  ||F||=4.179e-04
 step= 27000  E=8.929274590854e+02  Q=1.379000000000e+03  λ=1.197703e+00  dt=1.141e-03  relΔE=1.593e-10  ||F||=3.376e-04
 step= 27500  E=8.929273985890e+02  Q=1.379000000000e+03  λ=1.197702e+00  dt=8.833e-04  relΔE=8.842e-11  ||F||=2.892e-04
 step= 28000  E=8.929273547352e+02  Q=1.379000000000e+03  λ=1.197701e+00  dt=1.367e-03  relΔE=9.908e-11  ||F||=2.516e-04
 step= 28500  E=8.929273237345e+02  Q=1.379000000000e+03  λ=1.197700e+00  dt=1.058e-03  relΔE=5.664e-11  ||F||=2.180e-04
 step= 29000  E=8.929273001405e+02  Q=1.379000000000e+03  λ=1.197700e+00  dt=8.190e-04  relΔE=3.234e-11  ||F||=1.909e-04
 step= 29500  E=8.929272828613e+02  Q=1.379000000000e+03  λ=1.197699e+00  dt=1.268e-03  relΔE=3.713e-11  ||F||=1.681e-04
 step= 30000  E=8.929272701667e+02  Q=1.379000000000e+03  λ=1.197698e+00  dt=9.812e-04  relΔE=2.148e-11  ||F||=1.491e-04
 step= 30500  E=8.929272603665e+02  Q=1.379000000000e+03  λ=1.197697e+00  dt=7.594e-04  relΔE=1.259e-11  ||F||=1.334e-04
 step= 31000  E=8.929272534144e+02  Q=1.379000000000e+03  λ=1.197696e+00  dt=1.176e-03  relΔE=1.418e-11  ||F||=1.181e-04
 step= 31500  E=8.929272481459e+02  Q=1.379000000000e+03  λ=1.197696e+00  dt=9.098e-04  relΔE=8.073e-12  ||F||=1.055e-04
 step= 32000  E=8.929272442202e+02  Q=1.379000000000e+03  λ=1.197695e+00  dt=1.408e-03  relΔE=8.950e-12  ||F||=1.160e-04
 step= 32500  E=8.929272415217e+02  Q=1.379000000000e+03  λ=1.197695e+00  dt=1.090e-03  relΔE=5.029e-12  ||F||=8.481e-05
 step= 33000  E=8.929272395422e+02  Q=1.379000000000e+03  λ=1.197694e+00  dt=8.436e-04  relΔE=2.698e-12  ||F||=7.610e-05
 step= 33500  E=8.929272382021e+02  Q=1.379000000000e+03  λ=1.197694e+00  dt=1.306e-03  relΔE=2.774e-12  ||F||=6.837e-05
 step= 34000  E=8.929272373519e+02  Q=1.379000000000e+03  λ=1.197693e+00  dt=1.011e-03  relΔE=1.342e-12  ||F||=6.161e-05
 step= 34500  E=8.929272368351e+02  Q=1.379000000000e+03  λ=1.197693e+00  dt=7.823e-04  relΔE=5.565e-13  ||F||=5.538e-05
 step= 35000  E=8.929272365993e+02  Q=1.379000000000e+03  λ=1.197693e+00  dt=1.211e-03  relΔE=3.138e-13  ||F||=4.993e-05
  !! dt fell below dt_min: stiffness-limited termination.

Stationary candidate (aggressive): E=8.929272365524e+02, Q=1.379000000000e+03, maxρ=9.881052e-01

=== Stability test (damped inertial dynamics) ===
Perturb eps=0.02, gamma=1
t=0: E=9.600495228865e+02, Q=1.379000000000e+03, maxρ=1.020644e+00, σ=2.490656e+00, Rc=1.871178e+01
 step=     1  E=9.600491861649e+02  Q=1.379000000000e+03  λ=1.582994e+00  maxρ=1.020644e+00  minρ=1.000e-15  σ=2.490656e+00  Rc=1.871178e+01
 step=   300  E=9.462410941791e+02  Q=1.379000000000e+03  λ=1.480517e+00  maxρ=1.018912e+00  minρ=1.000e-15  σ=2.490653e+00  Rc=1.871178e+01
 step=   600  E=9.184527176766e+02  Q=1.379000000000e+03  λ=1.294828e+00  maxρ=1.014028e+00  minρ=1.000e-15  σ=2.490647e+00  Rc=1.871179e+01
 step=   900  E=9.021415138133e+02  Q=1.379000000000e+03  λ=1.235341e+00  maxρ=1.006805e+00  minρ=1.000e-15  σ=2.490646e+00  Rc=1.871179e+01
 step=  1200  E=9.082593978425e+02  Q=1.379000000000e+03  λ=1.342036e+00  maxρ=1.003430e+00  minρ=1.000e-15  σ=2.490649e+00  Rc=1.871178e+01
 step=  1500  E=9.248878966592e+02  Q=1.379000000000e+03  λ=1.458237e+00  maxρ=1.008637e+00  minρ=1.000e-15  σ=2.490651e+00  Rc=1.871178e+01
 step=  1800  E=9.334383316536e+02  Q=1.379000000000e+03  λ=1.444789e+00  maxρ=1.011865e+00  minρ=1.000e-15  σ=2.490648e+00  Rc=1.871177e+01
 step=  2100  E=9.285003035377e+02  Q=1.379000000000e+03  λ=1.344052e+00  maxρ=1.006712e+00  minρ=1.000e-15  σ=2.490645e+00  Rc=1.871178e+01
 step=  2400  E=9.197274749876e+02  Q=1.379000000000e+03  λ=1.296984e+00  maxρ=9.964678e-01  minρ=1.000e-15  σ=2.490645e+00  Rc=1.871178e+01
 step=  2700  E=9.175478035582e+02  Q=1.379000000000e+03  λ=1.351161e+00  maxρ=9.997155e-01  minρ=1.000e-15  σ=2.490649e+00  Rc=1.871177e+01
 step=  3000  E=9.218079644454e+02  Q=1.379000000000e+03  λ=1.417103e+00  maxρ=1.012266e+00  minρ=1.000e-15  σ=2.490649e+00  Rc=1.871177e+01
 step=  3300  E=9.250665896882e+02  Q=1.379000000000e+03  λ=1.405446e+00  maxρ=1.014856e+00  minρ=1.000e-15  σ=2.490646e+00  Rc=1.871178e+01
 step=  3600  E=9.231360954193e+02  Q=1.379000000000e+03  λ=1.341218e+00  maxρ=1.009728e+00  minρ=1.000e-15  σ=2.490642e+00  Rc=1.871178e+01
 step=  3900  E=9.190229825609e+02  Q=1.379000000000e+03  λ=1.311965e+00  maxρ=1.009731e+00  minρ=1.000e-15  σ=2.490643e+00  Rc=1.871177e+01
 step=  4200  E=9.174549911601e+02  Q=1.379000000000e+03  λ=1.343918e+00  maxρ=1.006221e+00  minρ=1.000e-15  σ=2.490646e+00  Rc=1.871177e+01
 step=  4500  E=9.188912388464e+02  Q=1.379000000000e+03  λ=1.379275e+00  maxρ=1.003675e+00  minρ=1.000e-15  σ=2.490648e+00  Rc=1.871177e+01
 step=  4800  E=9.202399008918e+02  Q=1.379000000000e+03  λ=1.367353e+00  maxρ=1.007997e+00  minρ=1.000e-15  σ=2.490644e+00  Rc=1.871176e+01
 step=  5100  E=9.195780824574e+02  Q=1.379000000000e+03  λ=1.330178e+00  maxρ=1.009178e+00  minρ=1.000e-15  σ=2.490639e+00  Rc=1.871176e+01
 step=  5400  E=9.180377802753e+02  Q=1.379000000000e+03  λ=1.319925e+00  maxρ=1.007989e+00  minρ=1.000e-15  σ=2.490638e+00  Rc=1.871176e+01
 step=  5700  E=9.173776952928e+02  Q=1.379000000000e+03  λ=1.343416e+00  maxρ=1.004548e+00  minρ=1.000e-15  σ=2.490641e+00  Rc=1.871175e+01
 step=  6000  E=9.175734985039e+02  Q=1.379000000000e+03  λ=1.360637e+00  maxρ=1.001190e+00  minρ=1.000e-15  σ=2.490642e+00  Rc=1.871175e+01
 >>> No runaway detected in this horizon. Likely stable (within this model & box).

STABILITY: PASS
