
=== Aggressive relaxation to Q = 588 ===
Initial: E=1.107991860288e+03, Q=5.880000000000e+02, dt=1.000e-04
 step=     1  E=1.107956723804e+03  Q=5.880000000000e+02  λ=3.690132e+00  dt=1.000e-04  relΔE=3.171e-05  ||F||=7.732e-01
 step=   500  E=1.065594109131e+03  Q=5.880000000000e+02  λ=3.541503e+00  dt=6.192e-04  relΔE=1.476e-04  ||F||=7.204e-01
 step=  1000  E=9.516915921732e+02  Q=5.880000000000e+02  λ=3.144266e+00  dt=7.987e-04  relΔE=1.493e-04  ||F||=6.028e-01
 step=  1500  E=8.657376180543e+02  Q=5.880000000000e+02  λ=2.848025e+00  dt=1.236e-03  relΔE=1.886e-04  ||F||=5.193e-01
 step=  2000  E=8.002844044669e+02  Q=5.880000000000e+02  λ=2.624130e+00  dt=9.569e-04  relΔE=1.233e-04  ||F||=4.589e-01
 step=  2500  E=7.466029628658e+02  Q=5.880000000000e+02  λ=2.441858e+00  dt=7.406e-04  relΔE=8.770e-05  ||F||=4.255e-01
 step=  3000  E=7.053327501912e+02  Q=5.880000000000e+02  λ=2.302658e+00  dt=1.146e-03  relΔE=1.104e-04  ||F||=3.724e-01
 step=  3500  E=6.699541739278e+02  Q=5.880000000000e+02  λ=2.183779e+00  dt=8.873e-04  relΔE=7.512e-05  ||F||=3.403e-01
 step=  4000  E=6.399073745337e+02  Q=5.880000000000e+02  λ=2.083382e+00  dt=1.373e-03  relΔE=1.030e-04  ||F||=3.189e-01
 step=  4500  E=6.151426067688e+02  Q=5.880000000000e+02  λ=2.000834e+00  dt=1.063e-03  relΔE=7.163e-05  ||F||=2.909e-01
 step=  5000  E=5.929853717857e+02  Q=5.880000000000e+02  λ=1.927260e+00  dt=8.227e-04  relΔE=5.019e-05  ||F||=2.717e-01
 step=  5500  E=5.736584825281e+02  Q=5.880000000000e+02  λ=1.863393e+00  dt=1.274e-03  relΔE=7.111e-05  ||F||=2.557e-01
 step=  6000  E=5.566551421411e+02  Q=5.880000000000e+02  λ=1.807338e+00  dt=9.857e-04  relΔE=5.125e-05  ||F||=2.431e-01
 step=  6500  E=5.405720837666e+02  Q=5.880000000000e+02  λ=1.754527e+00  dt=7.629e-04  relΔE=3.831e-05  ||F||=2.355e-01
 step=  7000  E=5.262878145725e+02  Q=5.880000000000e+02  λ=1.707828e+00  dt=1.181e-03  relΔE=5.597e-05  ||F||=2.257e-01
 step=  7500  E=5.124655340346e+02  Q=5.880000000000e+02  λ=1.662674e+00  dt=9.140e-04  relΔE=4.240e-05  ||F||=2.203e-01
 step=  8000  E=4.989187108443e+02  Q=5.880000000000e+02  λ=1.618499e+00  dt=1.415e-03  relΔE=6.364e-05  ||F||=3.882e-01
 step=  8500  E=4.864848719776e+02  Q=5.880000000000e+02  λ=1.577648e+00  dt=1.095e-03  relΔE=4.984e-05  ||F||=2.126e-01
 step=  9000  E=4.740605438007e+02  Q=5.880000000000e+02  λ=1.536556e+00  dt=8.475e-04  relΔE=3.801e-05  ||F||=2.083e-01
 step=  9500  E=4.622396001219e+02  Q=5.880000000000e+02  λ=1.497042e+00  dt=1.312e-03  relΔE=5.688e-05  ||F||=2.023e-01
 step= 10000  E=4.514870223022e+02  Q=5.880000000000e+02  λ=1.460511e+00  dt=1.015e-03  relΔE=4.144e-05  ||F||=1.939e-01
 step= 10500  E=4.414305397840e+02  Q=5.880000000000e+02  λ=1.425757e+00  dt=7.858e-04  relΔE=2.924e-05  ||F||=1.831e-01
 step= 11000  E=4.329536582928e+02  Q=5.880000000000e+02  λ=1.395937e+00  dt=1.216e-03  relΔE=3.908e-05  ||F||=1.685e-01
 step= 11500  E=4.258141873149e+02  Q=5.880000000000e+02  λ=1.370288e+00  dt=9.414e-04  relΔE=2.514e-05  ||F||=1.524e-01
 step= 12000  E=4.199256140553e+02  Q=5.880000000000e+02  λ=1.348783e+00  dt=7.286e-04  relΔE=2.472e-05  ||F||=4.907e-01
 step= 12500  E=4.156503921282e+02  Q=5.880000000000e+02  λ=1.332652e+00  dt=1.128e-03  relΔE=1.829e-05  ||F||=1.173e-01
 step= 13000  E=4.123696484025e+02  Q=5.880000000000e+02  λ=1.320032e+00  dt=7.275e-04  relΔE=8.710e-06  ||F||=1.004e-01
 step= 13500  E=4.100381800547e+02  Q=5.880000000000e+02  λ=1.310828e+00  dt=1.126e-03  relΔE=9.706e-06  ||F||=8.493e-02
 step= 14000  E=4.083442372454e+02  Q=5.880000000000e+02  λ=1.303918e+00  dt=8.715e-04  relΔE=5.227e-06  ||F||=7.069e-02
 step= 14500  E=4.071790354139e+02  Q=5.880000000000e+02  λ=1.298990e+00  dt=1.349e-03  relΔE=5.509e-06  ||F||=5.836e-02
 step= 15000  E=4.064119841200e+02  Q=5.880000000000e+02  λ=1.295596e+00  dt=1.044e-03  relΔE=2.889e-06  ||F||=4.790e-02
 step= 15500  E=4.058830968248e+02  Q=5.880000000000e+02  λ=1.293132e+00  dt=8.081e-04  relΔE=1.482e-06  ||F||=3.897e-02
 step= 16000  E=4.055393109901e+02  Q=5.880000000000e+02  λ=1.291429e+00  dt=1.251e-03  relΔE=1.508e-06  ||F||=3.158e-02
 step= 16500  E=4.053157319710e+02  Q=5.880000000000e+02  λ=1.290237e+00  dt=9.682e-04  relΔE=7.672e-07  ||F||=2.559e-02
 step= 17000  E=4.051645301894e+02  Q=5.880000000000e+02  λ=1.289358e+00  dt=7.493e-04  relΔE=3.990e-07  ||F||=2.098e-02
 step= 17500  E=4.050714737661e+02  Q=5.880000000000e+02  λ=1.288761e+00  dt=1.160e-03  relΔE=3.873e-07  ||F||=1.660e-02
 step= 18000  E=4.050090257958e+02  Q=5.880000000000e+02  λ=1.288312e+00  dt=8.978e-04  relΔE=1.935e-07  ||F||=1.333e-02
 step= 18500  E=4.049683346051e+02  Q=5.880000000000e+02  λ=1.287979e+00  dt=1.390e-03  relΔE=1.922e-07  ||F||=1.151e-02
 step= 19000  E=4.049430405950e+02  Q=5.880000000000e+02  λ=1.287739e+00  dt=1.076e-03  relΔE=9.748e-08  ||F||=8.632e-03
 step= 19500  E=4.049260177093e+02  Q=5.880000000000e+02  λ=1.287551e+00  dt=8.324e-04  relΔE=4.888e-08  ||F||=6.942e-03
 step= 20000  E=4.049150105756e+02  Q=5.880000000000e+02  λ=1.287407e+00  dt=1.289e-03  relΔE=4.931e-08  ||F||=5.599e-03
 step= 20500  E=4.049079364935e+02  Q=5.880000000000e+02  λ=1.287297e+00  dt=9.973e-04  relΔE=2.528e-08  ||F||=4.551e-03
 step= 21000  E=4.049030802477e+02  Q=5.880000000000e+02  λ=1.287205e+00  dt=7.719e-04  relΔE=1.303e-08  ||F||=3.709e-03
 step= 21500  E=4.048999709244e+02  Q=5.880000000000e+02  λ=1.287135e+00  dt=1.195e-03  relΔE=1.348e-08  ||F||=3.026e-03
 step= 22000  E=4.048978233254e+02  Q=5.880000000000e+02  λ=1.287077e+00  dt=9.248e-04  relΔE=7.108e-09  ||F||=2.492e-03
 step= 22500  E=4.048963168284e+02  Q=5.880000000000e+02  λ=1.287027e+00  dt=1.431e-03  relΔE=6.965e-09  ||F||=6.366e-03
 step= 23000  E=4.048953197349e+02  Q=5.880000000000e+02  λ=1.286988e+00  dt=1.108e-03  relΔE=4.168e-09  ||F||=1.733e-03
 step= 23500  E=4.048945800971e+02  Q=5.880000000000e+02  λ=1.286954e+00  dt=8.575e-04  relΔE=2.319e-09  ||F||=1.465e-03
 step= 24000  E=4.048940423044e+02  Q=5.880000000000e+02  λ=1.286926e+00  dt=1.327e-03  relΔE=2.634e-09  ||F||=1.251e-03
 step= 24500  E=4.048936527022e+02  Q=5.880000000000e+02  λ=1.286902e+00  dt=1.027e-03  relΔE=1.540e-09  ||F||=1.083e-03
 step= 25000  E=4.048933466041e+02  Q=5.880000000000e+02  λ=1.286880e+00  dt=7.951e-04  relΔE=9.132e-10  ||F||=9.440e-04
 step= 25500  E=4.048931155665e+02  Q=5.880000000000e+02  λ=1.286863e+00  dt=1.231e-03  relΔE=1.103e-09  ||F||=8.305e-04
 step= 26000  E=4.048929332254e+02  Q=5.880000000000e+02  λ=1.286847e+00  dt=9.526e-04  relΔE=6.788e-10  ||F||=7.377e-04
 step= 26500  E=4.048927824699e+02  Q=5.880000000000e+02  λ=1.286833e+00  dt=7.373e-04  relΔE=4.951e-10  ||F||=7.407e-04
 step= 27000  E=4.048926670653e+02  Q=5.880000000000e+02  λ=1.286821e+00  dt=1.141e-03  relΔE=5.335e-10  ||F||=5.928e-04
 step= 27500  E=4.048925689597e+02  Q=5.880000000000e+02  λ=1.286810e+00  dt=8.833e-04  relΔE=3.394e-10  ||F||=5.352e-04
 step= 28000  E=4.048924875850e+02  Q=5.880000000000e+02  λ=1.286800e+00  dt=1.367e-03  relΔE=4.344e-10  ||F||=4.902e-04
 step= 28500  E=4.048924220798e+02  Q=5.880000000000e+02  λ=1.286792e+00  dt=1.058e-03  relΔE=2.817e-10  ||F||=4.418e-04
 step= 29000  E=4.048923654923e+02  Q=5.880000000000e+02  λ=1.286785e+00  dt=8.190e-04  relΔE=1.828e-10  ||F||=4.027e-04
 step= 29500  E=4.048923183918e+02  Q=5.880000000000e+02  λ=1.286778e+00  dt=1.268e-03  relΔE=2.379e-10  ||F||=3.675e-04
 step= 30000  E=4.048922792695e+02  Q=5.880000000000e+02  λ=1.286772e+00  dt=9.812e-04  relΔE=1.560e-10  ||F||=3.366e-04
 step= 30500  E=4.048922448228e+02  Q=5.880000000000e+02  λ=1.286766e+00  dt=7.594e-04  relΔE=1.048e-10  ||F||=3.128e-04
 step= 31000  E=4.048922169737e+02  Q=5.880000000000e+02  λ=1.286761e+00  dt=1.176e-03  relΔE=1.345e-10  ||F||=2.824e-04
 step= 31500  E=4.048921926525e+02  Q=5.880000000000e+02  λ=1.286757e+00  dt=9.098e-04  relΔE=8.858e-11  ||F||=2.589e-04
 step= 32000  E=4.048921715589e+02  Q=5.880000000000e+02  λ=1.286753e+00  dt=1.408e-03  relΔE=1.157e-10  ||F||=3.341e-04
 step= 32500  E=4.048921544053e+02  Q=5.880000000000e+02  λ=1.286749e+00  dt=1.090e-03  relΔE=7.733e-11  ||F||=2.180e-04
 step= 33000  E=4.048921391889e+02  Q=5.880000000000e+02  λ=1.286746e+00  dt=8.436e-04  relΔE=5.115e-11  ||F||=2.000e-04
 step= 33500  E=4.048921266766e+02  Q=5.880000000000e+02  λ=1.286743e+00  dt=1.088e-03  relΔE=5.678e-11  ||F||=1.840e-04
 step= 34000  E=4.048921155001e+02  Q=5.880000000000e+02  λ=1.286740e+00  dt=8.423e-04  relΔE=3.769e-11  ||F||=1.689e-04
 step= 34500  E=4.048921062563e+02  Q=5.880000000000e+02  λ=1.286737e+00  dt=1.086e-03  relΔE=4.195e-11  ||F||=1.555e-04
 step= 35000  E=4.048920979753e+02  Q=5.880000000000e+02  λ=1.286735e+00  dt=8.409e-04  relΔE=2.792e-11  ||F||=1.428e-04
 step= 35500  E=4.048920908522e+02  Q=5.880000000000e+02  λ=1.286733e+00  dt=1.302e-03  relΔE=3.720e-11  ||F||=1.310e-04
 step= 36000  E=4.048920848392e+02  Q=5.880000000000e+02  λ=1.286731e+00  dt=1.007e-03  relΔE=2.490e-11  ||F||=1.205e-04
 step= 36500  E=4.048920794586e+02  Q=5.880000000000e+02  λ=1.286729e+00  dt=7.797e-04  relΔE=1.673e-11  ||F||=1.111e-04
 step= 37000  E=4.048920749617e+02  Q=5.880000000000e+02  λ=1.286728e+00  dt=1.207e-03  relΔE=2.230e-11  ||F||=1.016e-04
 step= 37500  E=4.048920710173e+02  Q=5.880000000000e+02  λ=1.286726e+00  dt=9.342e-04  relΔE=1.497e-11  ||F||=9.331e-05
 step= 38000  E=4.048920674963e+02  Q=5.880000000000e+02  λ=1.286725e+00  dt=1.446e-03  relΔE=1.103e-11  ||F||=7.301e-04
 step= 38500  E=4.048920646022e+02  Q=5.880000000000e+02  λ=1.286723e+00  dt=1.119e-03  relΔE=1.356e-11  ||F||=7.872e-05
 step= 39000  E=4.048920619791e+02  Q=5.880000000000e+02  λ=1.286722e+00  dt=8.662e-04  relΔE=9.135e-12  ||F||=7.227e-05
 step= 39500  E=4.048920596948e+02  Q=5.880000000000e+02  λ=1.286721e+00  dt=1.341e-03  relΔE=1.232e-11  ||F||=6.642e-05
 step= 40000  E=4.048920577531e+02  Q=5.880000000000e+02  λ=1.286720e+00  dt=1.038e-03  relΔE=8.363e-12  ||F||=6.098e-05
 step= 40500  E=4.048920559966e+02  Q=5.880000000000e+02  λ=1.286719e+00  dt=8.032e-04  relΔE=5.676e-12  ||F||=5.609e-05
 step= 41000  E=4.048920544866e+02  Q=5.880000000000e+02  λ=1.286719e+00  dt=1.243e-03  relΔE=7.696e-12  ||F||=5.141e-05
 step= 41500  E=4.048920531645e+02  Q=5.880000000000e+02  λ=1.286718e+00  dt=9.623e-04  relΔE=5.244e-12  ||F||=4.725e-05
 step= 42000  E=4.048920519575e+02  Q=5.880000000000e+02  λ=1.286717e+00  dt=7.448e-04  relΔE=3.821e-12  ||F||=4.664e-05
 step= 42500  E=4.048920509496e+02  Q=5.880000000000e+02  λ=1.286717e+00  dt=1.153e-03  relΔE=4.883e-12  ||F||=3.985e-05
 step= 43000  E=4.048920500302e+02  Q=5.880000000000e+02  λ=1.286716e+00  dt=8.923e-04  relΔE=3.340e-12  ||F||=3.660e-05
 step= 43500  E=4.048920492082e+02  Q=5.880000000000e+02  λ=1.286715e+00  dt=1.381e-03  relΔE=4.567e-12  ||F||=3.599e-05
 step= 44000  E=4.048920485066e+02  Q=5.880000000000e+02  λ=1.286715e+00  dt=1.069e-03  relΔE=3.146e-12  ||F||=3.088e-05
 step= 44500  E=4.048920478632e+02  Q=5.880000000000e+02  λ=1.286715e+00  dt=8.273e-04  relΔE=2.164e-12  ||F||=2.838e-05
 step= 45000  E=4.048920472955e+02  Q=5.880000000000e+02  λ=1.286714e+00  dt=1.281e-03  relΔE=2.978e-12  ||F||=2.602e-05
 step= 45500  E=4.048920467978e+02  Q=5.880000000000e+02  λ=1.286714e+00  dt=9.912e-04  relΔE=2.059e-12  ||F||=2.393e-05
 step= 46000  E=4.048920463365e+02  Q=5.880000000000e+02  λ=1.286713e+00  dt=7.672e-04  relΔE=1.446e-12  ||F||=2.260e-05
 step= 46500  E=4.048920459411e+02  Q=5.880000000000e+02  λ=1.286713e+00  dt=1.188e-03  relΔE=1.970e-12  ||F||=2.018e-05
 step= 47000  E=4.048920455807e+02  Q=5.880000000000e+02  λ=1.286713e+00  dt=9.191e-04  relΔE=1.367e-12  ||F||=1.853e-05
 step= 47500  E=4.048920452492e+02  Q=5.880000000000e+02  λ=1.286713e+00  dt=1.423e-03  relΔE=1.835e-12  ||F||=6.342e-05
 step= 48000  E=4.048920449671e+02  Q=5.880000000000e+02  λ=1.286712e+00  dt=1.101e-03  relΔE=1.321e-12  ||F||=1.564e-05
 step= 48500  E=4.048920447034e+02  Q=5.880000000000e+02  λ=1.286712e+00  dt=8.522e-04  relΔE=9.191e-13  ||F||=1.437e-05
 step= 49000  E=4.048920444668e+02  Q=5.880000000000e+02  λ=1.286712e+00  dt=1.319e-03  relΔE=1.280e-12  ||F||=1.318e-05
 step= 49500  E=4.048920442584e+02  Q=5.880000000000e+02  λ=1.286712e+00  dt=1.021e-03  relΔE=8.951e-13  ||F||=1.212e-05
 step= 50000  E=4.048920440636e+02  Q=5.880000000000e+02  λ=1.286712e+00  dt=7.902e-04  relΔE=6.278e-13  ||F||=1.125e-05
 step= 50500  E=4.048920438924e+02  Q=5.880000000000e+02  λ=1.286711e+00  dt=1.223e-03  relΔE=8.753e-13  ||F||=1.021e-05
 step= 51000  E=4.048920437370e+02  Q=5.880000000000e+02  λ=1.286711e+00  dt=9.467e-04  relΔE=6.134e-13  ||F||=9.386e-06
 step= 51500  E=4.048920435913e+02  Q=5.880000000000e+02  λ=1.286711e+00  dt=7.327e-04  relΔE=5.154e-13  ||F||=1.659e-05
 step= 52000  E=4.048920434666e+02  Q=5.880000000000e+02  λ=1.286711e+00  dt=1.134e-03  relΔE=6.038e-13  ||F||=7.916e-06
 step= 52500  E=4.048920433492e+02  Q=5.880000000000e+02  λ=1.286711e+00  dt=8.779e-04  relΔE=4.244e-13  ||F||=7.276e-06
 step= 53000  E=4.048920432422e+02  Q=5.880000000000e+02  λ=1.286711e+00  dt=1.359e-03  relΔE=5.954e-13  ||F||=6.936e-06
 step= 53500  E=4.048920431480e+02  Q=5.880000000000e+02  λ=1.286711e+00  dt=1.052e-03  relΔE=4.196e-13  ||F||=6.132e-06
 step= 54000  E=4.048920430596e+02  Q=5.880000000000e+02  λ=1.286711e+00  dt=8.140e-04  relΔE=2.959e-13  ||F||=5.666e-06
 step= 54500  E=4.048920429801e+02  Q=5.880000000000e+02  λ=1.286710e+00  dt=1.260e-03  relΔE=4.161e-13  ||F||=5.168e-06
 step= 55000  E=4.048920429085e+02  Q=5.880000000000e+02  λ=1.286710e+00  dt=9.752e-04  relΔE=2.934e-13  ||F||=4.752e-06
 step= 55500  E=4.048920428408e+02  Q=5.880000000000e+02  λ=1.286710e+00  dt=7.548e-04  relΔE=2.142e-13  ||F||=5.224e-06
 step= 56000  E=4.048920427820e+02  Q=5.880000000000e+02  λ=1.286710e+00  dt=1.168e-03  relΔE=2.924e-13  ||F||=4.007e-06
 step= 56500  E=4.048920427272e+02  Q=5.880000000000e+02  λ=1.286710e+00  dt=7.536e-04  relΔE=1.801e-13  ||F||=4.770e-06
 step= 57000  E=4.048920426781e+02  Q=5.880000000000e+02  λ=1.286710e+00  dt=1.166e-03  relΔE=2.443e-13  ||F||=3.387e-06
 step= 57500  E=4.048920426320e+02  Q=5.880000000000e+02  λ=1.286710e+00  dt=9.028e-04  relΔE=1.723e-13  ||F||=3.114e-06
 step= 58000  E=4.048920425893e+02  Q=5.880000000000e+02  λ=1.286710e+00  dt=1.397e-03  relΔE=2.429e-13  ||F||=7.800e-06
 step= 58500  E=4.048920425518e+02  Q=5.880000000000e+02  λ=1.286710e+00  dt=1.082e-03  relΔE=1.724e-13  ||F||=2.624e-06
 step= 59000  E=4.048920425165e+02  Q=5.880000000000e+02  λ=1.286710e+00  dt=8.371e-04  relΔE=1.219e-13  ||F||=2.428e-06
 step= 59500  E=4.048920424843e+02  Q=5.880000000000e+02  λ=1.286710e+00  dt=1.296e-03  relΔE=1.727e-13  ||F||=2.212e-06
 step= 60000  E=4.048920424554e+02  Q=5.880000000000e+02  λ=1.286710e+00  dt=1.003e-03  relΔE=1.223e-13  ||F||=2.033e-06
 step= 60500  E=4.048920424280e+02  Q=5.880000000000e+02  λ=1.286710e+00  dt=7.762e-04  relΔE=8.774e-14  ||F||=2.156e-06
 step= 61000  E=4.048920424039e+02  Q=5.880000000000e+02  λ=1.286710e+00  dt=1.202e-03  relΔE=1.231e-13  ||F||=1.714e-06
 step= 61500  E=4.048920423814e+02  Q=5.880000000000e+02  λ=1.286710e+00  dt=9.299e-04  relΔE=8.704e-14  ||F||=1.576e-06
 step= 62000  E=4.048920423603e+02  Q=5.880000000000e+02  λ=1.286710e+00  dt=1.439e-03  relΔE=8.929e-14  ||F||=4.513e-05
 step= 62500  E=4.048920423420e+02  Q=5.880000000000e+02  λ=1.286710e+00  dt=1.114e-03  relΔE=8.774e-14  ||F||=1.328e-06
 step= 63000  E=4.048920423245e+02  Q=5.880000000000e+02  λ=1.286710e+00  dt=8.623e-04  relΔE=6.191e-14  ||F||=1.227e-06
 step= 63500  E=4.048920423086e+02  Q=5.880000000000e+02  λ=1.286710e+00  dt=1.335e-03  relΔE=8.817e-14  ||F||=1.137e-06
 step= 64000  E=4.048920422943e+02  Q=5.880000000000e+02  λ=1.286710e+00  dt=1.033e-03  relΔE=6.261e-14  ||F||=1.029e-06
 step= 64500  E=4.048920422808e+02  Q=5.880000000000e+02  λ=1.286710e+00  dt=7.996e-04  relΔE=4.450e-14  ||F||=1.024e-06
 step= 65000  E=4.048920422687e+02  Q=5.880000000000e+02  λ=1.286710e+00  dt=1.238e-03  relΔE=6.290e-14  ||F||=8.673e-07
 step= 65500  E=4.048920422576e+02  Q=5.880000000000e+02  λ=1.286710e+00  dt=9.579e-04  relΔE=4.464e-14  ||F||=7.979e-07
 step= 66000  E=4.048920422470e+02  Q=5.880000000000e+02  λ=1.286710e+00  dt=7.414e-04  relΔE=3.496e-14  ||F||=1.984e-06
 step= 66500  E=4.048920422379e+02  Q=5.880000000000e+02  λ=1.286710e+00  dt=1.148e-03  relΔE=4.549e-14  ||F||=6.724e-07
 step= 67000  E=4.048920422292e+02  Q=5.880000000000e+02  λ=1.286710e+00  dt=8.882e-04  relΔE=3.257e-14  ||F||=6.250e-07
 step= 67500  E=4.048920422211e+02  Q=5.880000000000e+02  λ=1.286710e+00  dt=1.375e-03  relΔE=4.563e-14  ||F||=1.124e-06
 step= 68000  E=4.048920422140e+02  Q=5.880000000000e+02  λ=1.286710e+00  dt=1.064e-03  relΔE=3.229e-14  ||F||=5.209e-07
 step= 68500  E=4.048920422073e+02  Q=5.880000000000e+02  λ=1.286710e+00  dt=8.236e-04  relΔE=2.302e-14  ||F||=5.007e-07
 step= 69000  E=4.048920422012e+02  Q=5.880000000000e+02  λ=1.286710e+00  dt=1.275e-03  relΔE=3.271e-14  ||F||=4.393e-07
 step= 69500  E=4.048920421956e+02  Q=5.880000000000e+02  λ=1.286710e+00  dt=9.867e-04  relΔE=2.373e-14  ||F||=4.039e-07
 step= 70000  E=4.048920421904e+02  Q=5.880000000000e+02  λ=1.286710e+00  dt=7.637e-04  relΔE=1.685e-14  ||F||=6.285e-07
 step= 70500  E=4.048920421857e+02  Q=5.880000000000e+02  λ=1.286710e+00  dt=1.182e-03  relΔE=2.316e-14  ||F||=3.403e-07
 step= 71000  E=4.048920421814e+02  Q=5.880000000000e+02  λ=1.286710e+00  dt=9.149e-04  relΔE=1.699e-14  ||F||=3.159e-07
 step= 71500  E=4.048920421773e+02  Q=5.880000000000e+02  λ=1.286710e+00  dt=1.416e-03  relΔE=2.316e-14  ||F||=5.767e-06
 step= 72000  E=4.048920421737e+02  Q=5.880000000000e+02  λ=1.286710e+00  dt=1.096e-03  relΔE=1.657e-14  ||F||=2.637e-07
 step= 72500  E=4.048920421703e+02  Q=5.880000000000e+02  λ=1.286710e+00  dt=8.484e-04  relΔE=1.151e-14  ||F||=2.538e-07
 step= 73000  E=4.048920421672e+02  Q=5.880000000000e+02  λ=1.286710e+00  dt=1.313e-03  relΔE=1.699e-14  ||F||=2.262e-07
 step= 73500  E=4.048920421645e+02  Q=5.880000000000e+02  λ=1.286710e+00  dt=1.016e-03  relΔE=1.193e-14  ||F||=2.044e-07
 step= 74000  E=4.048920421618e+02  Q=5.880000000000e+02  λ=1.286710e+00  dt=7.867e-04  relΔE=8.704e-15  ||F||=3.304e-07
 step= 74500  E=4.048920421595e+02  Q=5.880000000000e+02  λ=1.286710e+00  dt=1.218e-03  relΔE=1.221e-14  ||F||=1.722e-07
 step= 75000  E=4.048920421573e+02  Q=5.880000000000e+02  λ=1.286710e+00  dt=9.425e-04  relΔE=8.564e-15  ||F||=1.593e-07
 step= 75500  E=4.048920421552e+02  Q=5.880000000000e+02  λ=1.286710e+00  dt=7.294e-04  relΔE=9.827e-15  ||F||=9.585e-06
 step= 76000  E=4.048920421534e+02  Q=5.880000000000e+02  λ=1.286710e+00  dt=1.129e-03  relΔE=8.423e-15  ||F||=1.335e-07
 step= 76500  E=4.048920421517e+02  Q=5.880000000000e+02  λ=1.286710e+00  dt=8.739e-04  relΔE=6.318e-15  ||F||=1.339e-07
 step= 77000  E=4.048920421501e+02  Q=5.880000000000e+02  λ=1.286710e+00  dt=1.353e-03  relΔE=9.125e-15  ||F||=1.882e-07
 step= 77500  E=4.048920421487e+02  Q=5.880000000000e+02  λ=1.286710e+00  dt=1.047e-03  relΔE=5.896e-15  ||F||=1.035e-07
 step= 78000  E=4.048920421474e+02  Q=5.880000000000e+02  λ=1.286710e+00  dt=8.103e-04  relΔE=4.493e-15  ||F||=1.469e-07
 step= 78500  E=4.048920421462e+02  Q=5.880000000000e+02  λ=1.286710e+00  dt=1.254e-03  relΔE=6.318e-15  ||F||=8.723e-08
 step= 79000  E=4.048920421451e+02  Q=5.880000000000e+02  λ=1.286710e+00  dt=9.708e-04  relΔE=4.352e-15  ||F||=8.056e-08
 step= 79500  E=4.048920421441e+02  Q=5.880000000000e+02  λ=1.286710e+00  dt=7.514e-04  relΔE=3.089e-15  ||F||=3.533e-07
 step= 80000  E=4.048920421432e+02  Q=5.880000000000e+02  λ=1.286710e+00  dt=1.163e-03  relΔE=4.633e-15  ||F||=6.756e-08
 step= 80500  E=4.048920421423e+02  Q=5.880000000000e+02  λ=1.286710e+00  dt=9.002e-04  relΔE=2.948e-15  ||F||=6.571e-08
 step= 81000  E=4.048920421415e+02  Q=5.880000000000e+02  λ=1.286710e+00  dt=1.393e-03  relΔE=4.493e-15  ||F||=6.112e-07
 step= 81500  E=4.048920421408e+02  Q=5.880000000000e+02  λ=1.286710e+00  dt=1.078e-03  relΔE=3.229e-15  ||F||=5.240e-08
 Converged (aggressive): step=81851, E=4.048920421403e+02, Q=5.880000000000e+02, dt=9.661e-04, ||F||=4.996e-08

Stationary candidate (aggressive): E=4.048920421403e+02, Q=5.880000000000e+02, maxρ=6.459781e-01

=== Stability test (damped inertial dynamics) ===
Perturb eps=0.02, gamma=1
t=0: E=4.335052678136e+02, Q=5.880000000000e+02, maxρ=6.665202e-01, σ=2.590185e+00, Rc=1.869680e+01
 step=     1  E=4.335051242291e+02  Q=5.880000000000e+02  λ=1.672140e+00  maxρ=6.665202e-01  minρ=1.000e-15  σ=2.590185e+00  Rc=1.869680e+01
 step=   300  E=4.276173021630e+02  Q=5.880000000000e+02  λ=1.569591e+00  maxρ=6.653896e-01  minρ=1.000e-15  σ=2.590181e+00  Rc=1.869680e+01
 step=   600  E=4.157702165061e+02  Q=5.880000000000e+02  λ=1.383802e+00  maxρ=6.622023e-01  minρ=1.000e-15  σ=2.590175e+00  Rc=1.869681e+01
 step=   900  E=4.088207298140e+02  Q=5.880000000000e+02  λ=1.324368e+00  maxρ=6.574881e-01  minρ=1.000e-15  σ=2.590174e+00  Rc=1.869681e+01
 step=  1200  E=4.114346385853e+02  Q=5.880000000000e+02  λ=1.431227e+00  maxρ=6.552596e-01  minρ=1.000e-15  σ=2.590177e+00  Rc=1.869680e+01
 step=  1500  E=4.185230671298e+02  Q=5.880000000000e+02  λ=1.547482e+00  maxρ=6.591504e-01  minρ=1.000e-15  σ=2.590179e+00  Rc=1.869680e+01
 step=  1800  E=4.221596018016e+02  Q=5.880000000000e+02  λ=1.533883e+00  maxρ=6.612612e-01  minρ=1.000e-15  σ=2.590176e+00  Rc=1.869680e+01
 step=  2100  E=4.200463503233e+02  Q=5.880000000000e+02  λ=1.432967e+00  maxρ=6.578964e-01  minρ=1.000e-15  σ=2.590172e+00  Rc=1.869680e+01
 step=  2400  E=4.163085548112e+02  Q=5.880000000000e+02  λ=1.385917e+00  maxρ=6.514104e-01  minρ=1.000e-15  σ=2.590173e+00  Rc=1.869680e+01
 step=  2700  E=4.153904748322e+02  Q=5.880000000000e+02  λ=1.440289e+00  maxρ=6.528785e-01  minρ=1.000e-15  σ=2.590176e+00  Rc=1.869680e+01
 step=  3000  E=4.172149086264e+02  Q=5.880000000000e+02  λ=1.506360e+00  maxρ=6.609547e-01  minρ=1.000e-15  σ=2.590176e+00  Rc=1.869679e+01
 step=  3300  E=4.186005971869e+02  Q=5.880000000000e+02  λ=1.494611e+00  maxρ=6.626491e-01  minρ=1.000e-15  σ=2.590172e+00  Rc=1.869680e+01
 step=  3600  E=4.177666220245e+02  Q=5.880000000000e+02  λ=1.430193e+00  maxρ=6.600954e-01  minρ=1.000e-15  σ=2.590168e+00  Rc=1.869680e+01
 step=  3900  E=4.160069870544e+02  Q=5.880000000000e+02  λ=1.400882e+00  maxρ=6.601010e-01  minρ=1.000e-15  σ=2.590168e+00  Rc=1.869679e+01
 step=  4200  E=4.153432655366e+02  Q=5.880000000000e+02  λ=1.432962e+00  maxρ=6.578101e-01  minρ=1.000e-15  σ=2.590172e+00  Rc=1.869679e+01
 step=  4500  E=4.159647919259e+02  Q=5.880000000000e+02  λ=1.468464e+00  maxρ=6.560590e-01  minρ=1.000e-15  σ=2.590173e+00  Rc=1.869679e+01
 step=  4800  E=4.165429878190e+02  Q=5.880000000000e+02  λ=1.456541e+00  maxρ=6.587360e-01  minρ=1.000e-15  σ=2.590169e+00  Rc=1.869679e+01
 step=  5100  E=4.162556481476e+02  Q=5.880000000000e+02  λ=1.419246e+00  maxρ=6.596656e-01  minρ=1.000e-15  σ=2.590164e+00  Rc=1.869679e+01
 step=  5400  E=4.155926210542e+02  Q=5.880000000000e+02  λ=1.408907e+00  maxρ=6.588948e-01  minρ=1.000e-15  σ=2.590162e+00  Rc=1.869678e+01
 step=  5700  E=4.153110705798e+02  Q=5.880000000000e+02  λ=1.432430e+00  maxρ=6.566525e-01  minρ=1.000e-15  σ=2.590165e+00  Rc=1.869678e+01
 step=  6000  E=4.153995756296e+02  Q=5.880000000000e+02  λ=1.449736e+00  maxρ=6.543596e-01  minρ=1.000e-15  σ=2.590165e+00  Rc=1.869677e+01
 >>> No runaway detected in this horizon. Likely stable (within this model & box).

STABILITY: PASS
