
=== Aggressive relaxation to Q = 1750 ===
Initial: E=3.292512359922e+03, Q=1.750000000000e+03, dt=1.000e-04
 step=     1  E=3.292372481237e+03  Q=1.750000000000e+03  λ=3.885821e+00  dt=1.000e-04  relΔE=4.248e-05  ||F||=8.944e-01
 step=   500  E=3.131462635264e+03  Q=1.750000000000e+03  λ=3.654373e+00  dt=6.192e-04  relΔE=1.840e-04  ||F||=7.992e-01
 step=  1000  E=2.736643693151e+03  Q=1.750000000000e+03  λ=3.126048e+00  dt=7.987e-04  relΔE=1.721e-04  ||F||=6.361e-01
 step=  1500  E=2.460311661145e+03  Q=1.750000000000e+03  λ=2.774714e+00  dt=1.236e-03  relΔE=2.074e-04  ||F||=5.321e-01
 step=  2000  E=2.259685943785e+03  Q=1.750000000000e+03  λ=2.525018e+00  dt=9.569e-04  relΔE=1.314e-04  ||F||=4.613e-01
 step=  2500  E=2.100390769858e+03  Q=1.750000000000e+03  λ=2.329755e+00  dt=7.406e-04  relΔE=9.586e-05  ||F||=4.342e-01
 step=  3000  E=1.980899657617e+03  Q=1.750000000000e+03  λ=2.185052e+00  dt=1.146e-03  relΔE=1.129e-04  ||F||=3.658e-01
 step=  3500  E=1.879938160975e+03  Q=1.750000000000e+03  λ=2.063748e+00  dt=8.873e-04  relΔE=7.575e-05  ||F||=3.318e-01
 step=  4000  E=1.795520601182e+03  Q=1.750000000000e+03  λ=1.963235e+00  dt=1.373e-03  relΔE=1.027e-04  ||F||=3.071e-01
 step=  4500  E=1.726464877276e+03  Q=1.750000000000e+03  λ=1.881440e+00  dt=1.063e-03  relΔE=7.075e-05  ||F||=2.807e-01
 step=  5000  E=1.665307339397e+03  Q=1.750000000000e+03  λ=1.809447e+00  dt=8.227e-04  relΔE=4.910e-05  ||F||=2.611e-01
 step=  5500  E=1.612431323618e+03  Q=1.750000000000e+03  λ=1.747620e+00  dt=1.274e-03  relΔE=6.888e-05  ||F||=2.446e-01
 step=  6000  E=1.566357024414e+03  Q=1.750000000000e+03  λ=1.693952e+00  dt=9.857e-04  relΔE=4.909e-05  ||F||=2.313e-01
 step=  6500  E=1.523248393445e+03  Q=1.750000000000e+03  λ=1.643990e+00  dt=7.629e-04  relΔE=3.601e-05  ||F||=2.221e-01
 step=  7000  E=1.485334904908e+03  Q=1.750000000000e+03  λ=1.600279e+00  dt=1.181e-03  relΔE=5.230e-05  ||F||=2.124e-01
 step=  7500  E=1.449025623941e+03  Q=1.750000000000e+03  λ=1.558490e+00  dt=9.140e-04  relΔE=3.929e-05  ||F||=2.067e-01
 step=  8000  E=1.413523935224e+03  Q=1.750000000000e+03  λ=1.517769e+00  dt=1.415e-03  relΔE=5.897e-05  ||F||=3.660e-01
 step=  8500  E=1.380682391488e+03  Q=1.750000000000e+03  λ=1.479927e+00  dt=1.095e-03  relΔE=4.679e-05  ||F||=2.011e-01
 step=  9000  E=1.347075569606e+03  Q=1.750000000000e+03  λ=1.441125e+00  dt=8.475e-04  relΔE=3.674e-05  ||F||=2.001e-01
 step=  9500  E=1.313897805011e+03  Q=1.750000000000e+03  λ=1.402698e+00  dt=1.312e-03  relΔE=5.754e-05  ||F||=1.988e-01
 step= 10000  E=1.282110149156e+03  Q=1.750000000000e+03  λ=1.365689e+00  dt=1.015e-03  relΔE=4.444e-05  ||F||=1.962e-01
 step= 10500  E=1.250481725377e+03  Q=1.750000000000e+03  λ=1.328823e+00  dt=7.858e-04  relΔE=3.355e-05  ||F||=1.914e-01
 step= 11000  E=1.222017903247e+03  Q=1.750000000000e+03  λ=1.295778e+00  dt=1.216e-03  relΔE=4.802e-05  ||F||=1.819e-01
 step= 11500  E=1.196521736140e+03  Q=1.750000000000e+03  λ=1.266379e+00  dt=9.414e-04  relΔE=3.291e-05  ||F||=1.694e-01
 step= 12000  E=1.174304200206e+03  Q=1.750000000000e+03  λ=1.242453e+00  dt=6.072e-04  relΔE=7.678e-05  ||F||=1.693e+00
 step= 12500  E=1.157874385668e+03  Q=1.750000000000e+03  λ=1.222815e+00  dt=9.399e-04  relΔE=2.206e-05  ||F||=1.365e-01
 step= 13000  E=1.144089464910e+03  Q=1.750000000000e+03  λ=1.207892e+00  dt=7.275e-04  relΔE=1.943e-05  ||F||=3.954e-01
 step= 13500  E=1.134536147564e+03  Q=1.750000000000e+03  λ=1.197765e+00  dt=1.126e-03  relΔE=1.459e-05  ||F||=1.004e-01
 step= 14000  E=1.127457655830e+03  Q=1.750000000000e+03  λ=1.190585e+00  dt=8.715e-04  relΔE=7.922e-06  ||F||=8.383e-02
 step= 14500  E=1.122587129288e+03  Q=1.750000000000e+03  λ=1.185883e+00  dt=1.349e-03  relΔE=8.358e-06  ||F||=6.915e-02
 step= 15000  E=1.119381674195e+03  Q=1.750000000000e+03  λ=1.182965e+00  dt=1.044e-03  relΔE=4.362e-06  ||F||=5.662e-02
 step= 15500  E=1.117193489374e+03  Q=1.750000000000e+03  λ=1.181119e+00  dt=8.081e-04  relΔE=2.219e-06  ||F||=4.586e-02
 step= 16000  E=1.115782933942e+03  Q=1.750000000000e+03  λ=1.180042e+00  dt=1.251e-03  relΔE=2.236e-06  ||F||=3.698e-02
 step= 16500  E=1.114876045712e+03  Q=1.750000000000e+03  λ=1.179433e+00  dt=9.682e-04  relΔE=1.124e-06  ||F||=2.979e-02
 step= 17000  E=1.114269978408e+03  Q=1.750000000000e+03  λ=1.179090e+00  dt=7.493e-04  relΔE=5.717e-07  ||F||=2.415e-02
 step= 17500  E=1.113901202474e+03  Q=1.750000000000e+03  λ=1.178927e+00  dt=1.160e-03  relΔE=5.539e-07  ||F||=1.909e-02
 step= 18000  E=1.113657101480e+03  Q=1.750000000000e+03  λ=1.178852e+00  dt=8.978e-04  relΔE=2.740e-07  ||F||=1.526e-02
 step= 18500  E=1.113499386946e+03  Q=1.750000000000e+03  λ=1.178826e+00  dt=1.390e-03  relΔE=2.697e-07  ||F||=1.290e-02
 step= 19000  E=1.113402017183e+03  Q=1.750000000000e+03  λ=1.178824e+00  dt=1.076e-03  relΔE=1.358e-07  ||F||=9.811e-03
 step= 19500  E=1.113336954606e+03  Q=1.750000000000e+03  λ=1.178832e+00  dt=8.324e-04  relΔE=6.782e-08  ||F||=7.880e-03
 step= 20000  E=1.113295009720e+03  Q=1.750000000000e+03  λ=1.178841e+00  dt=1.289e-03  relΔE=6.833e-08  ||F||=6.357e-03
 step= 20500  E=1.113268009924e+03  Q=1.750000000000e+03  λ=1.178848e+00  dt=9.973e-04  relΔE=3.507e-08  ||F||=5.177e-03
 step= 21000  E=1.113249452721e+03  Q=1.750000000000e+03  λ=1.178853e+00  dt=7.719e-04  relΔE=1.823e-08  ||F||=4.244e-03
 step= 21500  E=1.113237499372e+03  Q=1.750000000000e+03  λ=1.178854e+00  dt=1.195e-03  relΔE=1.891e-08  ||F||=3.475e-03
 step= 22000  E=1.113229192006e+03  Q=1.750000000000e+03  λ=1.178852e+00  dt=9.248e-04  relΔE=1.006e-08  ||F||=2.882e-03
 step= 22500  E=1.113223300794e+03  Q=1.750000000000e+03  λ=1.178847e+00  dt=1.431e-03  relΔE=9.719e-09  ||F||=8.114e-03
 step= 23000  E=1.113219378676e+03  Q=1.750000000000e+03  λ=1.178840e+00  dt=1.108e-03  relΔE=5.982e-09  ||F||=2.034e-03
 step= 23500  E=1.113216450997e+03  Q=1.750000000000e+03  λ=1.178832e+00  dt=8.575e-04  relΔE=3.338e-09  ||F||=1.730e-03
 step= 24000  E=1.113214326209e+03  Q=1.750000000000e+03  λ=1.178823e+00  dt=1.327e-03  relΔE=3.786e-09  ||F||=1.484e-03
 step= 24500  E=1.113212791430e+03  Q=1.750000000000e+03  λ=1.178814e+00  dt=1.027e-03  relΔE=2.197e-09  ||F||=1.287e-03
 step= 25000  E=1.113211598327e+03  Q=1.750000000000e+03  λ=1.178805e+00  dt=7.951e-04  relΔE=1.284e-09  ||F||=1.121e-03
 step= 25500  E=1.113210713233e+03  Q=1.750000000000e+03  λ=1.178796e+00  dt=1.231e-03  relΔE=1.520e-09  ||F||=9.832e-04
 step= 26000  E=1.113210030973e+03  Q=1.750000000000e+03  λ=1.178787e+00  dt=9.526e-04  relΔE=9.107e-10  ||F||=8.679e-04
 step= 26500  E=1.113209483878e+03  Q=1.750000000000e+03  λ=1.178778e+00  dt=7.373e-04  relΔE=6.045e-10  ||F||=8.086e-04
 step= 27000  E=1.113209079560e+03  Q=1.750000000000e+03  λ=1.178770e+00  dt=1.141e-03  relΔE=6.672e-10  ||F||=6.838e-04
 step= 27500  E=1.113208748971e+03  Q=1.750000000000e+03  λ=1.178762e+00  dt=8.833e-04  relΔE=4.066e-10  ||F||=6.094e-04
 step= 28000  E=1.113208486809e+03  Q=1.750000000000e+03  λ=1.178755e+00  dt=1.367e-03  relΔE=4.967e-10  ||F||=5.481e-04
 step= 28500  E=1.113208285414e+03  Q=1.750000000000e+03  λ=1.178748e+00  dt=1.058e-03  relΔE=3.067e-10  ||F||=4.883e-04
 step= 29000  E=1.113208120313e+03  Q=1.750000000000e+03  λ=1.178742e+00  dt=8.190e-04  relΔE=1.887e-10  ||F||=4.380e-04
 step= 29500  E=1.113207990229e+03  Q=1.750000000000e+03  λ=1.178736e+00  dt=1.268e-03  relΔE=2.322e-10  ||F||=3.930e-04
 step= 30000  E=1.113207888124e+03  Q=1.750000000000e+03  λ=1.178731e+00  dt=9.812e-04  relΔE=1.437e-10  ||F||=3.539e-04
 step= 30500  E=1.113207803578e+03  Q=1.750000000000e+03  λ=1.178726e+00  dt=7.594e-04  relΔE=8.973e-11  ||F||=3.201e-04
 step= 31000  E=1.113207739248e+03  Q=1.750000000000e+03  λ=1.178722e+00  dt=1.176e-03  relΔE=1.092e-10  ||F||=2.865e-04
 step= 31500  E=1.113207686700e+03  Q=1.750000000000e+03  λ=1.178718e+00  dt=9.098e-04  relΔE=6.719e-11  ||F||=2.580e-04
 step= 32000  E=1.113207644272e+03  Q=1.750000000000e+03  λ=1.178714e+00  dt=1.408e-03  relΔE=8.174e-11  ||F||=2.869e-04
 step= 32500  E=1.113207612115e+03  Q=1.750000000000e+03  λ=1.178711e+00  dt=1.090e-03  relΔE=5.068e-11  ||F||=2.096e-04
 step= 33000  E=1.113207585732e+03  Q=1.750000000000e+03  λ=1.178708e+00  dt=8.436e-04  relΔE=3.095e-11  ||F||=1.888e-04
 step= 33500  E=1.113207565042e+03  Q=1.750000000000e+03  λ=1.178706e+00  dt=1.306e-03  relΔE=3.763e-11  ||F||=1.701e-04
 step= 34000  E=1.113207549128e+03  Q=1.750000000000e+03  λ=1.178703e+00  dt=1.011e-03  relΔE=2.292e-11  ||F||=1.536e-04
 step= 34500  E=1.113207536229e+03  Q=1.750000000000e+03  λ=1.178701e+00  dt=7.823e-04  relΔE=1.388e-11  ||F||=1.387e-04
 step= 35000  E=1.113207526535e+03  Q=1.750000000000e+03  λ=1.178699e+00  dt=1.211e-03  relΔE=1.656e-11  ||F||=1.249e-04
 step= 35500  E=1.113207518960e+03  Q=1.750000000000e+03  λ=1.178697e+00  dt=9.372e-04  relΔE=9.862e-12  ||F||=1.127e-04
 step= 36000  E=1.113207513005e+03  Q=1.750000000000e+03  λ=1.178696e+00  dt=1.451e-03  relΔE=4.609e-12  ||F||=6.126e-04
 step= 36500  E=1.113207508736e+03  Q=1.750000000000e+03  λ=1.178694e+00  dt=1.123e-03  relΔE=6.757e-12  ||F||=9.167e-05
 step= 37000  E=1.113207505427e+03  Q=1.750000000000e+03  λ=1.178693e+00  dt=8.690e-04  relΔE=3.857e-12  ||F||=8.263e-05
 step= 37500  E=1.113207503012e+03  Q=1.750000000000e+03  λ=1.178692e+00  dt=1.345e-03  relΔE=4.300e-12  ||F||=7.450e-05
 step= 38000  E=1.113207501335e+03  Q=1.750000000000e+03  λ=1.178691e+00  dt=1.041e-03  relΔE=2.346e-12  ||F||=6.730e-05
 step= 38500  E=1.113207500145e+03  Q=1.750000000000e+03  λ=1.178690e+00  dt=8.058e-04  relΔE=1.209e-12  ||F||=6.066e-05
 step= 39000  E=1.113207499392e+03  Q=1.750000000000e+03  λ=1.178689e+00  dt=1.247e-03  relΔE=1.153e-12  ||F||=5.472e-05
 step= 39500  E=1.113207498957e+03  Q=1.750000000000e+03  λ=1.178688e+00  dt=9.654e-04  relΔE=4.730e-13  ||F||=4.943e-05
 step= 40000  E=1.113207498755e+03  Q=1.750000000000e+03  λ=1.178687e+00  dt=7.472e-04  relΔE=1.172e-13  ||F||=4.453e-05
  !! dt fell below dt_min: stiffness-limited termination.

Stationary candidate (aggressive): E=1.113207498728e+03, Q=1.750000000000e+03, maxρ=1.084292e+00

=== Stability test (damped inertial dynamics) ===
Perturb eps=0.02, gamma=1
t=0: E=1.198513341697e+03, Q=1.750000000000e+03, maxρ=1.121268e+00, σ=2.532532e+00, Rc=1.869945e+01
 step=     1  E=1.198512913633e+03  Q=1.750000000000e+03  λ=1.564658e+00  maxρ=1.121268e+00  minρ=1.000e-15  σ=2.532532e+00  Rc=1.869945e+01
 step=   300  E=1.180959277367e+03  Q=1.750000000000e+03  λ=1.461977e+00  maxρ=1.119364e+00  minρ=1.000e-15  σ=2.532529e+00  Rc=1.869945e+01
 step=   600  E=1.145634541730e+03  Q=1.750000000000e+03  λ=1.275940e+00  maxρ=1.113997e+00  minρ=1.000e-15  σ=2.532523e+00  Rc=1.869946e+01
 step=   900  E=1.124903206958e+03  Q=1.750000000000e+03  λ=1.216395e+00  maxρ=1.106059e+00  minρ=1.000e-15  σ=2.532522e+00  Rc=1.869945e+01
 step=  1200  E=1.132686545094e+03  Q=1.750000000000e+03  λ=1.323342e+00  maxρ=1.102383e+00  minρ=1.000e-15  σ=2.532524e+00  Rc=1.869945e+01
 step=  1500  E=1.153831291540e+03  Q=1.750000000000e+03  λ=1.439731e+00  maxρ=1.107230e+00  minρ=1.000e-15  σ=2.532526e+00  Rc=1.869944e+01
 step=  1800  E=1.164707247429e+03  Q=1.750000000000e+03  λ=1.426174e+00  maxρ=1.110772e+00  minρ=1.000e-15  σ=2.532524e+00  Rc=1.869944e+01
 step=  2100  E=1.158435817848e+03  Q=1.750000000000e+03  λ=1.325237e+00  maxρ=1.105115e+00  minρ=1.000e-15  σ=2.532521e+00  Rc=1.869944e+01
 step=  2400  E=1.147282161461e+03  Q=1.750000000000e+03  λ=1.278179e+00  maxρ=1.093500e+00  minρ=1.000e-15  σ=2.532521e+00  Rc=1.869944e+01
 step=  2700  E=1.144495333656e+03  Q=1.750000000000e+03  λ=1.332540e+00  maxρ=1.098239e+00  minρ=1.000e-15  σ=2.532524e+00  Rc=1.869944e+01
 step=  3000  E=1.149886578063e+03  Q=1.750000000000e+03  λ=1.398533e+00  maxρ=1.112026e+00  minρ=1.000e-15  σ=2.532525e+00  Rc=1.869944e+01
 step=  3300  E=1.154017250900e+03  Q=1.750000000000e+03  λ=1.386686e+00  maxρ=1.114869e+00  minρ=1.000e-15  σ=2.532522e+00  Rc=1.869944e+01
 step=  3600  E=1.151579051579e+03  Q=1.750000000000e+03  λ=1.322285e+00  maxρ=1.108029e+00  minρ=1.000e-15  σ=2.532518e+00  Rc=1.869944e+01
 step=  3900  E=1.146381429331e+03  Q=1.750000000000e+03  λ=1.293130e+00  maxρ=1.108029e+00  minρ=1.000e-15  σ=2.532518e+00  Rc=1.869944e+01
 step=  4200  E=1.144402347841e+03  Q=1.750000000000e+03  λ=1.325326e+00  maxρ=1.104173e+00  minρ=1.000e-15  σ=2.532522e+00  Rc=1.869944e+01
 step=  4500  E=1.146208575327e+03  Q=1.750000000000e+03  λ=1.360735e+00  maxρ=1.101520e+00  minρ=1.000e-15  σ=2.532523e+00  Rc=1.869943e+01
 step=  4800  E=1.147889993419e+03  Q=1.750000000000e+03  λ=1.348589e+00  maxρ=1.106526e+00  minρ=1.000e-15  σ=2.532520e+00  Rc=1.869943e+01
 step=  5100  E=1.147039415391e+03  Q=1.750000000000e+03  λ=1.311205e+00  maxρ=1.107552e+00  minρ=1.000e-15  σ=2.532515e+00  Rc=1.869943e+01
 step=  5400  E=1.145108020410e+03  Q=1.750000000000e+03  λ=1.301033e+00  maxρ=1.106240e+00  minρ=1.000e-15  σ=2.532514e+00  Rc=1.869943e+01
 step=  5700  E=1.144303445862e+03  Q=1.750000000000e+03  λ=1.324787e+00  maxρ=1.102458e+00  minρ=1.000e-15  σ=2.532517e+00  Rc=1.869942e+01
 step=  6000  E=1.144556912966e+03  Q=1.750000000000e+03  λ=1.342112e+00  maxρ=1.098845e+00  minρ=1.000e-15  σ=2.532518e+00  Rc=1.869942e+01
 >>> No runaway detected in this horizon. Likely stable (within this model & box).

STABILITY: PASS
