
=== Aggressive relaxation to Q = 1679 ===
Initial: E=3.154932479635e+03, Q=1.679000000000e+03, dt=1.000e-04
 step=     1  E=3.154801478883e+03  Q=1.679000000000e+03  λ=3.866188e+00  dt=1.000e-04  relΔE=4.152e-05  ||F||=8.836e-01
 step=   500  E=3.003329030116e+03  Q=1.679000000000e+03  λ=3.641959e+00  dt=6.192e-04  relΔE=1.813e-04  ||F||=7.932e-01
 step=  1000  E=2.626405930270e+03  Q=1.679000000000e+03  λ=3.120499e+00  dt=9.584e-04  relΔE=2.030e-04  ||F||=6.307e-01
 step=  1500  E=2.355383614543e+03  Q=1.679000000000e+03  λ=2.762960e+00  dt=7.418e-04  relΔE=1.338e-04  ||F||=5.525e-01
 step=  2000  E=2.168675680231e+03  Q=1.679000000000e+03  λ=2.522222e+00  dt=1.148e-03  relΔE=1.562e-04  ||F||=4.592e-01
 step=  2500  E=2.019817586593e+03  Q=1.679000000000e+03  λ=2.332750e+00  dt=8.887e-04  relΔE=1.015e-04  ||F||=4.061e-01
 step=  3000  E=1.900892898453e+03  Q=1.679000000000e+03  λ=2.183231e+00  dt=1.376e-03  relΔE=1.342e-04  ||F||=3.705e-01
 step=  3500  E=1.807194014905e+03  Q=1.679000000000e+03  λ=2.066297e+00  dt=1.065e-03  relΔE=9.049e-05  ||F||=3.314e-01
 step=  4000  E=1.726629018352e+03  Q=1.679000000000e+03  λ=1.966527e+00  dt=8.241e-04  relΔE=6.153e-05  ||F||=3.036e-01
 step=  4500  E=1.658988824095e+03  Q=1.679000000000e+03  λ=1.883413e+00  dt=1.276e-03  relΔE=8.448e-05  ||F||=2.803e-01
 step=  5000  E=1.601857537366e+03  Q=1.679000000000e+03  λ=1.813528e+00  dt=9.873e-04  relΔE=5.877e-05  ||F||=2.611e-01
 step=  5500  E=1.550025466931e+03  Q=1.679000000000e+03  λ=1.750482e+00  dt=7.641e-04  relΔE=4.184e-05  ||F||=2.464e-01
 step=  6000  E=1.506054058477e+03  Q=1.679000000000e+03  λ=1.697331e+00  dt=1.183e-03  relΔE=5.879e-05  ||F||=2.313e-01
 step=  6500  E=1.465576165489e+03  Q=1.679000000000e+03  λ=1.648574e+00  dt=9.154e-04  relΔE=4.255e-05  ||F||=2.207e-01
 step=  7000  E=1.427522185124e+03  Q=1.679000000000e+03  λ=1.603027e+00  dt=1.417e-03  relΔE=6.159e-05  ||F||=3.641e-01
 step=  7500  E=1.393613990274e+03  Q=1.679000000000e+03  λ=1.562434e+00  dt=1.097e-03  relΔE=4.713e-05  ||F||=2.069e-01
 step=  8000  E=1.359992517180e+03  Q=1.679000000000e+03  λ=1.522274e+00  dt=8.488e-04  relΔE=3.610e-05  ||F||=2.033e-01
 step=  8500  E=1.327291606199e+03  Q=1.679000000000e+03  λ=1.483216e+00  dt=1.314e-03  relΔE=5.612e-05  ||F||=2.013e-01
 step=  9000  E=1.295841440794e+03  Q=1.679000000000e+03  λ=1.445475e+00  dt=1.017e-03  relΔE=4.399e-05  ||F||=2.002e-01
 step=  9500  E=1.263667689720e+03  Q=1.679000000000e+03  λ=1.406689e+00  dt=7.871e-04  relΔE=3.461e-05  ||F||=1.993e-01
 step= 10000  E=1.232997535270e+03  Q=1.679000000000e+03  λ=1.369592e+00  dt=1.218e-03  relΔE=5.313e-05  ||F||=1.960e-01
 step= 10500  E=1.203404303283e+03  Q=1.679000000000e+03  λ=1.333668e+00  dt=9.430e-04  relΔE=3.985e-05  ||F||=1.907e-01
 step= 11000  E=1.175015411055e+03  Q=1.679000000000e+03  λ=1.299280e+00  dt=7.298e-04  relΔE=3.525e-05  ||F||=2.722e-01
 step= 11500  E=1.151253255503e+03  Q=1.679000000000e+03  λ=1.270663e+00  dt=1.130e-03  relΔE=3.931e-05  ||F||=1.692e-01
 step= 12000  E=1.130572673124e+03  Q=1.679000000000e+03  λ=1.246016e+00  dt=7.286e-04  relΔE=2.130e-05  ||F||=1.537e-01
 step= 12500  E=1.114195232878e+03  Q=1.679000000000e+03  λ=1.226841e+00  dt=1.128e-03  relΔE=2.638e-05  ||F||=1.365e-01
 step= 13000  E=1.101339348695e+03  Q=1.679000000000e+03  λ=1.212087e+00  dt=7.275e-04  relΔE=1.295e-05  ||F||=1.184e-01
 step= 13500  E=1.092017801144e+03  Q=1.679000000000e+03  λ=1.201689e+00  dt=1.126e-03  relΔE=1.470e-05  ||F||=1.010e-01
 step= 14000  E=1.085140278077e+03  Q=1.679000000000e+03  λ=1.194260e+00  dt=8.715e-04  relΔE=7.990e-06  ||F||=8.432e-02
 step= 14500  E=1.080410317680e+03  Q=1.679000000000e+03  λ=1.189370e+00  dt=1.349e-03  relΔE=8.438e-06  ||F||=6.961e-02
 step= 15000  E=1.077298919968e+03  Q=1.679000000000e+03  λ=1.186312e+00  dt=1.044e-03  relΔE=4.408e-06  ||F||=5.701e-02
 step= 15500  E=1.075168250157e+03  Q=1.679000000000e+03  λ=1.184354e+00  dt=8.081e-04  relΔE=2.242e-06  ||F||=4.617e-02
 step= 16000  E=1.073797324929e+03  Q=1.679000000000e+03  λ=1.183199e+00  dt=1.251e-03  relΔE=2.257e-06  ||F||=3.721e-02
 step= 16500  E=1.072916625103e+03  Q=1.679000000000e+03  λ=1.182534e+00  dt=9.682e-04  relΔE=1.134e-06  ||F||=2.996e-02
 step= 17000  E=1.072328905338e+03  Q=1.679000000000e+03  λ=1.182152e+00  dt=7.493e-04  relΔE=5.755e-07  ||F||=2.427e-02
 step= 17500  E=1.071972062436e+03  Q=1.679000000000e+03  λ=1.181963e+00  dt=1.160e-03  relΔE=5.561e-07  ||F||=1.916e-02
 step= 18000  E=1.071736553278e+03  Q=1.679000000000e+03  λ=1.181870e+00  dt=8.978e-04  relΔE=2.742e-07  ||F||=1.529e-02
 step= 18500  E=1.071584995586e+03  Q=1.679000000000e+03  λ=1.181833e+00  dt=1.390e-03  relΔE=2.686e-07  ||F||=1.290e-02
 step= 19000  E=1.071491902852e+03  Q=1.679000000000e+03  λ=1.181825e+00  dt=1.076e-03  relΔE=1.345e-07  ||F||=9.777e-03
 step= 19500  E=1.071430093337e+03  Q=1.679000000000e+03  λ=1.181830e+00  dt=8.324e-04  relΔE=6.668e-08  ||F||=7.824e-03
 step= 20000  E=1.071390562822e+03  Q=1.679000000000e+03  λ=1.181839e+00  dt=1.289e-03  relΔE=6.659e-08  ||F||=6.284e-03
 step= 20500  E=1.071365359231e+03  Q=1.679000000000e+03  λ=1.181847e+00  dt=9.973e-04  relΔE=3.382e-08  ||F||=5.090e-03
 step= 21000  E=1.071348249383e+03  Q=1.679000000000e+03  λ=1.181853e+00  dt=7.719e-04  relΔE=1.725e-08  ||F||=4.133e-03
 step= 21500  E=1.071337343923e+03  Q=1.679000000000e+03  λ=1.181856e+00  dt=1.195e-03  relΔE=1.777e-08  ||F||=3.372e-03
 step= 22000  E=1.071329886274e+03  Q=1.679000000000e+03  λ=1.181857e+00  dt=9.248e-04  relΔE=9.307e-09  ||F||=2.775e-03
 step= 22500  E=1.071324683122e+03  Q=1.679000000000e+03  λ=1.181855e+00  dt=1.431e-03  relΔE=8.565e-09  ||F||=8.706e-03
 step= 23000  E=1.071321279580e+03  Q=1.679000000000e+03  λ=1.181851e+00  dt=1.108e-03  relΔE=5.354e-09  ||F||=1.926e-03
 step= 23500  E=1.071318778611e+03  Q=1.679000000000e+03  λ=1.181846e+00  dt=8.575e-04  relΔE=2.936e-09  ||F||=1.624e-03
 step= 24000  E=1.071316992264e+03  Q=1.679000000000e+03  λ=1.181840e+00  dt=1.327e-03  relΔE=3.274e-09  ||F||=1.381e-03
 step= 24500  E=1.071315724563e+03  Q=1.679000000000e+03  λ=1.181834e+00  dt=1.027e-03  relΔE=1.871e-09  ||F||=1.189e-03
 step= 25000  E=1.071314753741e+03  Q=1.679000000000e+03  λ=1.181827e+00  dt=7.951e-04  relΔE=1.079e-09  ||F||=1.030e-03
 step= 25500  E=1.071314043409e+03  Q=1.679000000000e+03  λ=1.181820e+00  dt=1.231e-03  relΔE=1.259e-09  ||F||=8.966e-04
 step= 26000  E=1.071313503094e+03  Q=1.679000000000e+03  λ=1.181814e+00  dt=9.526e-04  relΔE=7.462e-10  ||F||=7.875e-04
 step= 26500  E=1.071313073601e+03  Q=1.679000000000e+03  λ=1.181807e+00  dt=7.373e-04  relΔE=5.154e-10  ||F||=7.648e-04
 step= 27000  E=1.071312759274e+03  Q=1.679000000000e+03  λ=1.181801e+00  dt=1.141e-03  relΔE=5.364e-10  ||F||=6.153e-04
 step= 27500  E=1.071312504477e+03  Q=1.679000000000e+03  λ=1.181795e+00  dt=8.833e-04  relΔE=3.245e-10  ||F||=5.468e-04
 step= 28000  E=1.071312303827e+03  Q=1.679000000000e+03  λ=1.181789e+00  dt=1.367e-03  relΔE=3.937e-10  ||F||=4.912e-04
 step= 28500  E=1.071312150829e+03  Q=1.679000000000e+03  λ=1.181784e+00  dt=1.058e-03  relΔE=2.417e-10  ||F||=4.363e-04
 step= 29000  E=1.071312025926e+03  Q=1.679000000000e+03  λ=1.181779e+00  dt=8.190e-04  relΔE=1.479e-10  ||F||=3.905e-04
 step= 29500  E=1.071311928011e+03  Q=1.679000000000e+03  λ=1.181774e+00  dt=1.268e-03  relΔE=1.811e-10  ||F||=3.501e-04
 step= 30000  E=1.071311851554e+03  Q=1.679000000000e+03  λ=1.181770e+00  dt=9.812e-04  relΔE=1.116e-10  ||F||=3.149e-04
 step= 30500  E=1.071311788480e+03  Q=1.679000000000e+03  λ=1.181767e+00  dt=7.594e-04  relΔE=6.990e-11  ||F||=2.856e-04
 step= 31000  E=1.071311740784e+03  Q=1.679000000000e+03  λ=1.181763e+00  dt=1.176e-03  relΔE=8.391e-11  ||F||=2.545e-04
 step= 31500  E=1.071311702030e+03  Q=1.679000000000e+03  λ=1.181760e+00  dt=9.098e-04  relΔE=5.136e-11  ||F||=2.290e-04
 step= 32000  E=1.071311670903e+03  Q=1.679000000000e+03  λ=1.181757e+00  dt=1.408e-03  relΔE=6.208e-11  ||F||=2.580e-04
 step= 32500  E=1.071311647478e+03  Q=1.679000000000e+03  λ=1.181755e+00  dt=1.090e-03  relΔE=3.830e-11  ||F||=1.859e-04
 step= 33000  E=1.071311628355e+03  Q=1.679000000000e+03  λ=1.181752e+00  dt=8.436e-04  relΔE=2.321e-11  ||F||=1.674e-04
 step= 33500  E=1.071311613962e+03  Q=1.679000000000e+03  λ=1.181750e+00  dt=1.088e-03  relΔE=2.356e-11  ||F||=1.513e-04
 step= 34000  E=1.071311602264e+03  Q=1.679000000000e+03  λ=1.181748e+00  dt=8.423e-04  relΔE=1.415e-11  ||F||=1.363e-04
 step= 34500  E=1.071311593528e+03  Q=1.679000000000e+03  λ=1.181747e+00  dt=1.086e-03  relΔE=1.419e-11  ||F||=1.233e-04
 step= 35000  E=1.071311586523e+03  Q=1.679000000000e+03  λ=1.181745e+00  dt=8.409e-04  relΔE=8.390e-12  ||F||=1.111e-04
 step= 35500  E=1.071311581202e+03  Q=1.679000000000e+03  λ=1.181744e+00  dt=1.302e-03  relΔE=9.803e-12  ||F||=1.001e-04
 step= 36000  E=1.071311577289e+03  Q=1.679000000000e+03  λ=1.181742e+00  dt=1.007e-03  relΔE=5.689e-12  ||F||=9.043e-05
 step= 36500  E=1.071311574285e+03  Q=1.679000000000e+03  λ=1.181741e+00  dt=7.797e-04  relΔE=3.222e-12  ||F||=8.150e-05
 step= 37000  E=1.071311572186e+03  Q=1.679000000000e+03  λ=1.181740e+00  dt=1.207e-03  relΔE=3.555e-12  ||F||=7.350e-05
 step= 37500  E=1.071311570691e+03  Q=1.679000000000e+03  λ=1.181739e+00  dt=9.342e-04  relΔE=1.894e-12  ||F||=6.631e-05
 step= 38000  E=1.071311569663e+03  Q=1.679000000000e+03  λ=1.181738e+00  dt=1.446e-03  relΔE=7.772e-13  ||F||=2.509e-04
 step= 38500  E=1.071311569058e+03  Q=1.679000000000e+03  λ=1.181737e+00  dt=1.119e-03  relΔE=8.625e-13  ||F||=5.395e-05
 step= 39000  E=1.071311568720e+03  Q=1.679000000000e+03  λ=1.181737e+00  dt=8.662e-04  relΔE=3.065e-13  ||F||=4.862e-05
 step= 39500  E=1.071311568604e+03  Q=1.679000000000e+03  λ=1.181736e+00  dt=1.341e-03  relΔE=5.667e-14  ||F||=4.383e-05
  !! dt fell below dt_min: stiffness-limited termination.

Stationary candidate (aggressive): E=1.071311568602e+03, Q=1.679000000000e+03, maxρ=1.067893e+00

=== Stability test (damped inertial dynamics) ===
Perturb eps=0.02, gamma=1
t=0: E=1.153132031029e+03, Q=1.679000000000e+03, maxρ=1.104069e+00, σ=2.522697e+00, Rc=1.870216e+01
 step=     1  E=1.153131620482e+03  Q=1.679000000000e+03  λ=1.567566e+00  maxρ=1.104069e+00  minρ=1.000e-15  σ=2.522697e+00  Rc=1.870216e+01
 step=   300  E=1.136296235250e+03  Q=1.679000000000e+03  λ=1.464929e+00  maxρ=1.102194e+00  minρ=1.000e-15  σ=2.522694e+00  Rc=1.870216e+01
 step=   600  E=1.102416517268e+03  Q=1.679000000000e+03  λ=1.278966e+00  maxρ=1.096910e+00  minρ=1.000e-15  σ=2.522688e+00  Rc=1.870216e+01
 step=   900  E=1.082532304049e+03  Q=1.679000000000e+03  λ=1.219432e+00  maxρ=1.089094e+00  minρ=1.000e-15  σ=2.522687e+00  Rc=1.870216e+01
 step=  1200  E=1.089995727509e+03  Q=1.679000000000e+03  λ=1.326324e+00  maxρ=1.085469e+00  minρ=1.000e-15  σ=2.522690e+00  Rc=1.870216e+01
 step=  1500  E=1.110274255180e+03  Q=1.679000000000e+03  λ=1.442673e+00  maxρ=1.090407e+00  minρ=1.000e-15  σ=2.522692e+00  Rc=1.870215e+01
 step=  1800  E=1.120704440710e+03  Q=1.679000000000e+03  λ=1.429141e+00  maxρ=1.093896e+00  minρ=1.000e-15  σ=2.522689e+00  Rc=1.870215e+01
 step=  2100  E=1.114688822581e+03  Q=1.679000000000e+03  λ=1.328248e+00  maxρ=1.088325e+00  minρ=1.000e-15  σ=2.522686e+00  Rc=1.870215e+01
 step=  2400  E=1.103991661970e+03  Q=1.679000000000e+03  λ=1.281189e+00  maxρ=1.076956e+00  minρ=1.000e-15  σ=2.522686e+00  Rc=1.870215e+01
 step=  2700  E=1.101321469057e+03  Q=1.679000000000e+03  λ=1.335508e+00  maxρ=1.081401e+00  minρ=1.000e-15  σ=2.522689e+00  Rc=1.870215e+01
 step=  3000  E=1.106496548353e+03  Q=1.679000000000e+03  λ=1.401488e+00  maxρ=1.094977e+00  minρ=1.000e-15  σ=2.522690e+00  Rc=1.870215e+01
 step=  3300  E=1.110460679935e+03  Q=1.679000000000e+03  λ=1.389682e+00  maxρ=1.097777e+00  minρ=1.000e-15  σ=2.522687e+00  Rc=1.870215e+01
 step=  3600  E=1.108119584159e+03  Q=1.679000000000e+03  λ=1.325320e+00  maxρ=1.091269e+00  minρ=1.000e-15  σ=2.522683e+00  Rc=1.870215e+01
 step=  3900  E=1.103128779018e+03  Q=1.679000000000e+03  λ=1.296145e+00  maxρ=1.091270e+00  minρ=1.000e-15  σ=2.522683e+00  Rc=1.870215e+01
 step=  4200  E=1.101227701901e+03  Q=1.679000000000e+03  λ=1.328289e+00  maxρ=1.087473e+00  minρ=1.000e-15  σ=2.522687e+00  Rc=1.870214e+01
 step=  4500  E=1.102963518623e+03  Q=1.679000000000e+03  λ=1.363686e+00  maxρ=1.084834e+00  minρ=1.000e-15  σ=2.522688e+00  Rc=1.870214e+01
 step=  4800  E=1.104582515993e+03  Q=1.679000000000e+03  λ=1.351586e+00  maxρ=1.089714e+00  minρ=1.000e-15  σ=2.522685e+00  Rc=1.870214e+01
 step=  5100  E=1.103768747657e+03  Q=1.679000000000e+03  λ=1.314247e+00  maxρ=1.090775e+00  minρ=1.000e-15  σ=2.522680e+00  Rc=1.870214e+01
 step=  5400  E=1.101911333794e+03  Q=1.679000000000e+03  λ=1.304059e+00  maxρ=1.089485e+00  minρ=1.000e-15  σ=2.522679e+00  Rc=1.870214e+01
 step=  5700  E=1.101132844079e+03  Q=1.679000000000e+03  λ=1.327758e+00  maxρ=1.085761e+00  minρ=1.000e-15  σ=2.522682e+00  Rc=1.870213e+01
 step=  6000  E=1.101374842203e+03  Q=1.679000000000e+03  λ=1.345061e+00  maxρ=1.082190e+00  minρ=1.000e-15  σ=2.522683e+00  Rc=1.870213e+01
 >>> No runaway detected in this horizon. Likely stable (within this model & box).

STABILITY: PASS
