
=== Aggressive relaxation to Q = 1608 ===
Initial: E=3.018038175480e+03, Q=1.608000000000e+03, dt=1.000e-04
 step=     1  E=3.017915634719e+03  Q=1.608000000000e+03  λ=3.847204e+00  dt=1.000e-04  relΔE=4.060e-05  ||F||=8.733e-01
 step=   500  E=2.875535022712e+03  Q=1.608000000000e+03  λ=3.629924e+00  dt=6.192e-04  relΔE=1.787e-04  ||F||=7.872e-01
 step=  1000  E=2.517942271121e+03  Q=1.608000000000e+03  λ=3.117395e+00  dt=9.584e-04  relΔE=2.012e-04  ||F||=6.282e-01
 step=  1500  E=2.260214740536e+03  Q=1.608000000000e+03  λ=2.764169e+00  dt=7.418e-04  relΔE=1.311e-04  ||F||=5.470e-01
 step=  2000  E=2.081738199968e+03  Q=1.608000000000e+03  λ=2.524903e+00  dt=1.148e-03  relΔE=1.555e-04  ||F||=4.587e-01
 step=  2500  E=1.939583826711e+03  Q=1.608000000000e+03  λ=2.336705e+00  dt=8.887e-04  relΔE=1.012e-04  ||F||=4.060e-01
 step=  3000  E=1.825685957434e+03  Q=1.608000000000e+03  λ=2.187723e+00  dt=1.376e-03  relΔE=1.339e-04  ||F||=3.699e-01
 step=  3500  E=1.735852880529e+03  Q=1.608000000000e+03  λ=2.071065e+00  dt=1.065e-03  relΔE=9.034e-05  ||F||=3.316e-01
 step=  4000  E=1.658571176681e+03  Q=1.608000000000e+03  λ=1.971465e+00  dt=8.241e-04  relΔE=6.147e-05  ||F||=3.039e-01
 step=  4500  E=1.593651021776e+03  Q=1.608000000000e+03  λ=1.888435e+00  dt=1.276e-03  relΔE=8.443e-05  ||F||=2.806e-01
 step=  5000  E=1.538792961496e+03  Q=1.608000000000e+03  λ=1.818584e+00  dt=9.873e-04  relΔE=5.876e-05  ||F||=2.615e-01
 step=  5500  E=1.489006924084e+03  Q=1.608000000000e+03  λ=1.755545e+00  dt=7.641e-04  relΔE=4.199e-05  ||F||=2.472e-01
 step=  6000  E=1.446752624826e+03  Q=1.608000000000e+03  λ=1.702372e+00  dt=1.183e-03  relΔE=5.882e-05  ||F||=2.317e-01
 step=  6500  E=1.407848898028e+03  Q=1.608000000000e+03  λ=1.653587e+00  dt=9.154e-04  relΔE=4.258e-05  ||F||=2.211e-01
 step=  7000  E=1.371274316570e+03  Q=1.608000000000e+03  λ=1.608032e+00  dt=1.417e-03  relΔE=6.113e-05  ||F||=4.169e-01
 step=  7500  E=1.338687839063e+03  Q=1.608000000000e+03  λ=1.567406e+00  dt=1.097e-03  relΔE=4.716e-05  ||F||=2.073e-01
 step=  8000  E=1.306380634584e+03  Q=1.608000000000e+03  λ=1.527237e+00  dt=8.488e-04  relΔE=3.611e-05  ||F||=2.037e-01
 step=  8500  E=1.274973019035e+03  Q=1.608000000000e+03  λ=1.488190e+00  dt=1.314e-03  relΔE=5.609e-05  ||F||=2.016e-01
 step=  9000  E=1.244834984489e+03  Q=1.608000000000e+03  λ=1.450542e+00  dt=1.017e-03  relΔE=4.393e-05  ||F||=2.003e-01
 step=  9500  E=1.213946203078e+03  Q=1.608000000000e+03  λ=1.411766e+00  dt=7.871e-04  relΔE=3.452e-05  ||F||=1.994e-01
 step= 10000  E=1.184561999898e+03  Q=1.608000000000e+03  λ=1.374731e+00  dt=1.218e-03  relΔE=5.297e-05  ||F||=1.961e-01
 step= 10500  E=1.156222261578e+03  Q=1.608000000000e+03  λ=1.338844e+00  dt=9.430e-04  relΔE=3.972e-05  ||F||=1.906e-01
 step= 11000  E=1.129032731923e+03  Q=1.608000000000e+03  λ=1.304431e+00  dt=7.298e-04  relΔE=3.504e-05  ||F||=2.711e-01
 step= 11500  E=1.106259361225e+03  Q=1.608000000000e+03  λ=1.275716e+00  dt=1.130e-03  relΔE=3.923e-05  ||F||=1.693e-01
 step= 12000  E=1.086414346528e+03  Q=1.608000000000e+03  λ=1.250890e+00  dt=7.286e-04  relΔE=2.129e-05  ||F||=1.539e-01
 step= 12500  E=1.070673735509e+03  Q=1.608000000000e+03  λ=1.231486e+00  dt=1.128e-03  relΔE=2.641e-05  ||F||=1.368e-01
 step= 13000  E=1.058296710725e+03  Q=1.608000000000e+03  λ=1.216479e+00  dt=7.275e-04  relΔE=1.299e-05  ||F||=1.187e-01
 step= 13500  E=1.049307759994e+03  Q=1.608000000000e+03  λ=1.205842e+00  dt=1.126e-03  relΔE=1.477e-05  ||F||=1.013e-01
 step= 14000  E=1.042666250794e+03  Q=1.608000000000e+03  λ=1.198195e+00  dt=8.715e-04  relΔE=8.036e-06  ||F||=8.470e-02
 step= 14500  E=1.038093482379e+03  Q=1.608000000000e+03  λ=1.193125e+00  dt=1.349e-03  relΔE=8.494e-06  ||F||=6.996e-02
 step= 15000  E=1.035083266298e+03  Q=1.608000000000e+03  λ=1.189930e+00  dt=1.044e-03  relΔE=4.440e-06  ||F||=5.731e-02
 step= 15500  E=1.033021203274e+03  Q=1.608000000000e+03  λ=1.187863e+00  dt=8.081e-04  relΔE=2.258e-06  ||F||=4.641e-02
 step= 16000  E=1.031694563660e+03  Q=1.608000000000e+03  λ=1.186629e+00  dt=1.251e-03  relΔE=2.273e-06  ||F||=3.740e-02
 step= 16500  E=1.030842817066e+03  Q=1.608000000000e+03  λ=1.185907e+00  dt=9.682e-04  relΔE=1.141e-06  ||F||=3.010e-02
 step= 17000  E=1.030275077709e+03  Q=1.608000000000e+03  λ=1.185483e+00  dt=7.493e-04  relΔE=5.787e-07  ||F||=2.437e-02
 step= 17500  E=1.029930975029e+03  Q=1.608000000000e+03  λ=1.185266e+00  dt=1.160e-03  relΔE=5.575e-07  ||F||=1.921e-02
 step= 18000  E=1.029704445844e+03  Q=1.608000000000e+03  λ=1.185154e+00  dt=8.978e-04  relΔE=2.740e-07  ||F||=1.530e-02
 step= 18500  E=1.029559171291e+03  Q=1.608000000000e+03  λ=1.185104e+00  dt=1.390e-03  relΔE=2.674e-07  ||F||=1.293e-02
 step= 19000  E=1.029470338921e+03  Q=1.608000000000e+03  λ=1.185088e+00  dt=1.076e-03  relΔE=1.332e-07  ||F||=9.745e-03
 step= 19500  E=1.029411694685e+03  Q=1.608000000000e+03  λ=1.185088e+00  dt=8.324e-04  relΔE=6.561e-08  ||F||=7.772e-03
 step= 20000  E=1.029374461308e+03  Q=1.608000000000e+03  λ=1.185095e+00  dt=1.289e-03  relΔE=6.498e-08  ||F||=6.216e-03
 step= 20500  E=1.029350959807e+03  Q=1.608000000000e+03  λ=1.185102e+00  dt=9.973e-04  relΔE=3.271e-08  ||F||=5.012e-03
 step= 21000  E=1.029335130823e+03  Q=1.608000000000e+03  λ=1.185109e+00  dt=7.719e-04  relΔE=1.651e-08  ||F||=4.049e-03
 step= 21500  E=1.029325187924e+03  Q=1.608000000000e+03  λ=1.185114e+00  dt=1.195e-03  relΔE=1.674e-08  ||F||=3.276e-03
 step= 22000  E=1.029318486922e+03  Q=1.608000000000e+03  λ=1.185117e+00  dt=9.248e-04  relΔE=8.630e-09  ||F||=2.675e-03
 step= 22500  E=1.029313893441e+03  Q=1.608000000000e+03  λ=1.185117e+00  dt=1.431e-03  relΔE=8.179e-09  ||F||=6.922e-03
 step= 23000  E=1.029310936066e+03  Q=1.608000000000e+03  λ=1.185116e+00  dt=1.108e-03  relΔE=4.790e-09  ||F||=1.823e-03
 step= 23500  E=1.029308805759e+03  Q=1.608000000000e+03  λ=1.185113e+00  dt=8.575e-04  relΔE=2.576e-09  ||F||=1.522e-03
 step= 24000  E=1.029307315393e+03  Q=1.608000000000e+03  λ=1.185110e+00  dt=1.327e-03  relΔE=2.818e-09  ||F||=1.282e-03
 step= 24500  E=1.029306276137e+03  Q=1.608000000000e+03  λ=1.185106e+00  dt=1.027e-03  relΔE=1.581e-09  ||F||=1.094e-03
 step= 25000  E=1.029305494793e+03  Q=1.608000000000e+03  λ=1.185101e+00  dt=7.951e-04  relΔE=8.943e-10  ||F||=9.382e-04
 step= 25500  E=1.029304932886e+03  Q=1.608000000000e+03  λ=1.185096e+00  dt=1.231e-03  relΔE=1.028e-09  ||F||=8.114e-04
 step= 26000  E=1.029304511563e+03  Q=1.608000000000e+03  λ=1.185091e+00  dt=9.526e-04  relΔE=6.002e-10  ||F||=7.077e-04
 step= 26500  E=1.029304181841e+03  Q=1.608000000000e+03  λ=1.185086e+00  dt=7.373e-04  relΔE=4.102e-10  ||F||=6.844e-04
 step= 27000  E=1.029303943494e+03  Q=1.608000000000e+03  λ=1.185082e+00  dt=1.141e-03  relΔE=4.209e-10  ||F||=5.471e-04
 step= 27500  E=1.029303752359e+03  Q=1.608000000000e+03  λ=1.185078e+00  dt=8.833e-04  relΔE=2.520e-10  ||F||=4.841e-04
 step= 28000  E=1.029303603288e+03  Q=1.608000000000e+03  λ=1.185073e+00  dt=1.367e-03  relΔE=3.030e-10  ||F||=4.337e-04
 step= 28500  E=1.029303490571e+03  Q=1.608000000000e+03  λ=1.185069e+00  dt=1.058e-03  relΔE=1.846e-10  ||F||=3.840e-04
 step= 29000  E=1.029303399253e+03  Q=1.608000000000e+03  λ=1.185066e+00  dt=8.190e-04  relΔE=1.121e-10  ||F||=3.430e-04
 step= 29500  E=1.029303328250e+03  Q=1.608000000000e+03  λ=1.185062e+00  dt=1.268e-03  relΔE=1.364e-10  ||F||=3.070e-04
 step= 30000  E=1.029303273023e+03  Q=1.608000000000e+03  λ=1.185059e+00  dt=9.812e-04  relΔE=8.346e-11  ||F||=2.757e-04
 step= 30500  E=1.029303227877e+03  Q=1.608000000000e+03  λ=1.185056e+00  dt=7.594e-04  relΔE=5.170e-11  ||F||=2.492e-04
 step= 31000  E=1.029303193916e+03  Q=1.608000000000e+03  λ=1.185054e+00  dt=1.176e-03  relΔE=6.198e-11  ||F||=2.224e-04
 step= 31500  E=1.029303166506e+03  Q=1.608000000000e+03  λ=1.185051e+00  dt=9.098e-04  relΔE=3.768e-11  ||F||=2.000e-04
 step= 32000  E=1.029303144622e+03  Q=1.608000000000e+03  λ=1.185049e+00  dt=1.408e-03  relΔE=4.500e-11  ||F||=2.475e-04
 step= 32500  E=1.029303128604e+03  Q=1.608000000000e+03  λ=1.185047e+00  dt=9.084e-04  relΔE=2.315e-11  ||F||=1.625e-04
 step= 33000  E=1.029303115224e+03  Q=1.608000000000e+03  λ=1.185046e+00  dt=1.406e-03  relΔE=2.754e-11  ||F||=1.791e-04
 step= 33500  E=1.029303105478e+03  Q=1.608000000000e+03  λ=1.185044e+00  dt=9.069e-04  relΔE=1.397e-11  ||F||=1.322e-04
 step= 34000  E=1.029303097455e+03  Q=1.608000000000e+03  λ=1.185042e+00  dt=1.404e-03  relΔE=1.644e-11  ||F||=1.334e-04
 step= 34500  E=1.029303091689e+03  Q=1.608000000000e+03  λ=1.185041e+00  dt=9.054e-04  relΔE=8.177e-12  ||F||=1.077e-04
 step= 35000  E=1.029303087028e+03  Q=1.608000000000e+03  λ=1.185040e+00  dt=1.402e-03  relΔE=9.402e-12  ||F||=1.092e-04
 step= 35500  E=1.029303083763e+03  Q=1.608000000000e+03  λ=1.185039e+00  dt=9.039e-04  relΔE=4.555e-12  ||F||=8.772e-05
 step= 36000  E=1.029303081208e+03  Q=1.608000000000e+03  λ=1.185038e+00  dt=1.399e-03  relΔE=5.037e-12  ||F||=8.774e-05
 step= 36500  E=1.029303079466e+03  Q=1.608000000000e+03  λ=1.185037e+00  dt=1.083e-03  relΔE=2.765e-12  ||F||=7.135e-05
 step= 37000  E=1.029303078223e+03  Q=1.608000000000e+03  λ=1.185036e+00  dt=8.382e-04  relΔE=1.425e-12  ||F||=6.428e-05
 step= 37500  E=1.029303077427e+03  Q=1.608000000000e+03  λ=1.185035e+00  dt=1.297e-03  relΔE=1.357e-12  ||F||=5.793e-05
 step= 38000  E=1.029303076973e+03  Q=1.608000000000e+03  λ=1.185035e+00  dt=1.004e-03  relΔE=5.611e-13  ||F||=5.233e-05
 step= 38500  E=1.029303076760e+03  Q=1.608000000000e+03  λ=1.185034e+00  dt=7.772e-04  relΔE=1.392e-13  ||F||=4.711e-05
  !! dt fell below dt_min: stiffness-limited termination.

Stationary candidate (aggressive): E=1.029303076729e+03, Q=1.608000000000e+03, maxρ=1.050618e+00

=== Stability test (damped inertial dynamics) ===
Perturb eps=0.02, gamma=1
t=0: E=1.107640670278e+03, Q=1.608000000000e+03, maxρ=1.085971e+00, σ=2.513614e+00, Rc=1.870473e+01
 step=     1  E=1.107640277230e+03  Q=1.608000000000e+03  λ=1.570728e+00  maxρ=1.085971e+00  minρ=1.000e-15  σ=2.513614e+00  Rc=1.870473e+01
 step=   300  E=1.091522475404e+03  Q=1.608000000000e+03  λ=1.468133e+00  maxρ=1.084127e+00  minρ=1.000e-15  σ=2.513611e+00  Rc=1.870474e+01
 step=   600  E=1.059086514391e+03  Q=1.608000000000e+03  λ=1.282240e+00  maxρ=1.078930e+00  minρ=1.000e-15  σ=2.513606e+00  Rc=1.870474e+01
 step=   900  E=1.040048878686e+03  Q=1.608000000000e+03  λ=1.222718e+00  maxρ=1.071243e+00  minρ=1.000e-15  σ=2.513604e+00  Rc=1.870474e+01
 step=  1200  E=1.047192953053e+03  Q=1.608000000000e+03  λ=1.329557e+00  maxρ=1.067671e+00  minρ=1.000e-15  σ=2.513607e+00  Rc=1.870473e+01
 step=  1500  E=1.066606143222e+03  Q=1.608000000000e+03  λ=1.445868e+00  maxρ=1.072692e+00  minρ=1.000e-15  σ=2.513609e+00  Rc=1.870473e+01
 step=  1800  E=1.076590862319e+03  Q=1.608000000000e+03  λ=1.432360e+00  maxρ=1.076124e+00  minρ=1.000e-15  σ=2.513607e+00  Rc=1.870473e+01
 step=  2100  E=1.070830737037e+03  Q=1.608000000000e+03  λ=1.331509e+00  maxρ=1.070644e+00  minρ=1.000e-15  σ=2.513604e+00  Rc=1.870473e+01
 step=  2400  E=1.060589678359e+03  Q=1.608000000000e+03  λ=1.284447e+00  maxρ=1.059529e+00  minρ=1.000e-15  σ=2.513604e+00  Rc=1.870473e+01
 step=  2700  E=1.058035951685e+03  Q=1.608000000000e+03  λ=1.338727e+00  maxρ=1.063683e+00  minρ=1.000e-15  σ=2.513607e+00  Rc=1.870472e+01
 step=  3000  E=1.062994758704e+03  Q=1.608000000000e+03  λ=1.404697e+00  maxρ=1.077036e+00  minρ=1.000e-15  σ=2.513608e+00  Rc=1.870472e+01
 step=  3300  E=1.066792184692e+03  Q=1.608000000000e+03  λ=1.392929e+00  maxρ=1.079790e+00  minρ=1.000e-15  σ=2.513604e+00  Rc=1.870473e+01
 step=  3600  E=1.064548189273e+03  Q=1.608000000000e+03  λ=1.328604e+00  maxρ=1.073615e+00  minρ=1.000e-15  σ=2.513600e+00  Rc=1.870473e+01
 step=  3900  E=1.059764515687e+03  Q=1.608000000000e+03  λ=1.299410e+00  maxρ=1.073616e+00  minρ=1.000e-15  σ=2.513601e+00  Rc=1.870472e+01
 step=  4200  E=1.057941756640e+03  Q=1.608000000000e+03  λ=1.331504e+00  maxρ=1.069881e+00  minρ=1.000e-15  σ=2.513605e+00  Rc=1.870472e+01
 step=  4500  E=1.059607002646e+03  Q=1.608000000000e+03  λ=1.366889e+00  maxρ=1.067258e+00  minρ=1.000e-15  σ=2.513606e+00  Rc=1.870472e+01
 step=  4800  E=1.061163009465e+03  Q=1.608000000000e+03  λ=1.354833e+00  maxρ=1.072010e+00  minρ=1.000e-15  σ=2.513602e+00  Rc=1.870471e+01
 step=  5100  E=1.060385726157e+03  Q=1.608000000000e+03  λ=1.317537e+00  maxρ=1.073105e+00  minρ=1.000e-15  σ=2.513598e+00  Rc=1.870471e+01
 step=  5400  E=1.058602678704e+03  Q=1.608000000000e+03  λ=1.307334e+00  maxρ=1.071837e+00  minρ=1.000e-15  σ=2.513597e+00  Rc=1.870471e+01
 step=  5700  E=1.057850996010e+03  Q=1.608000000000e+03  λ=1.330980e+00  maxρ=1.068174e+00  minρ=1.000e-15  σ=2.513599e+00  Rc=1.870470e+01
 step=  6000  E=1.058081736376e+03  Q=1.608000000000e+03  λ=1.348262e+00  maxρ=1.064647e+00  minρ=1.000e-15  σ=2.513601e+00  Rc=1.870470e+01
 >>> No runaway detected in this horizon. Likely stable (within this model & box).

STABILITY: PASS
