
=== Aggressive relaxation to Q = 512 ===
Initial: E=9.677235114296e+02, Q=5.120000000000e+02, dt=1.000e-04
 step=     1  E=9.676931764926e+02  Q=5.120000000000e+02  λ=3.693999e+00  dt=1.000e-04  relΔE=3.135e-05  ||F||=7.699e-01
 step=   500  E=9.310946372757e+02  Q=5.120000000000e+02  λ=3.547974e+00  dt=6.192e-04  relΔE=1.461e-04  ||F||=7.178e-01
 step=  1000  E=8.318252956326e+02  Q=5.120000000000e+02  λ=3.153694e+00  dt=9.584e-04  relΔE=1.766e-04  ||F||=5.996e-01
 step=  1500  E=7.548376086701e+02  Q=5.120000000000e+02  λ=2.850733e+00  dt=7.418e-04  relΔE=1.236e-04  ||F||=5.446e-01
 step=  2000  E=6.991466116829e+02  Q=5.120000000000e+02  λ=2.633486e+00  dt=1.148e-03  relΔE=1.472e-04  ||F||=4.584e-01
 step=  2500  E=6.533539305167e+02  Q=5.120000000000e+02  λ=2.455770e+00  dt=8.887e-04  relΔE=9.797e-05  ||F||=4.109e-01
 step=  3000  E=6.157967099109e+02  Q=5.120000000000e+02  λ=2.310966e+00  dt=1.376e-03  relΔE=1.319e-04  ||F||=3.809e-01
 step=  3500  E=5.857464615224e+02  Q=5.120000000000e+02  λ=2.195449e+00  dt=1.065e-03  relΔE=9.017e-05  ||F||=3.410e-01
 step=  4000  E=5.595759584741e+02  Q=5.120000000000e+02  λ=2.095261e+00  dt=8.241e-04  relΔE=6.206e-05  ||F||=3.143e-01
 step=  4500  E=5.374065576275e+02  Q=5.120000000000e+02  λ=2.010792e+00  dt=1.276e-03  relΔE=8.602e-05  ||F||=2.915e-01
 step=  5000  E=5.184560441555e+02  Q=5.120000000000e+02  λ=1.938731e+00  dt=9.873e-04  relΔE=6.042e-05  ||F||=2.727e-01
 step=  5500  E=5.011462016278e+02  Q=5.120000000000e+02  λ=1.873143e+00  dt=7.641e-04  relΔE=4.351e-05  ||F||=2.587e-01
 step=  6000  E=4.862804235373e+02  Q=5.120000000000e+02  λ=1.817072e+00  dt=1.183e-03  relΔE=6.193e-05  ||F||=2.443e-01
 step=  6500  E=4.724255145043e+02  Q=5.120000000000e+02  λ=1.764932e+00  dt=9.154e-04  relΔE=4.549e-05  ||F||=2.346e-01
 step=  7000  E=4.592282628676e+02  Q=5.120000000000e+02  λ=1.715538e+00  dt=1.417e-03  relΔE=6.645e-05  ||F||=4.273e-01
 step=  7500  E=4.473486045399e+02  Q=5.120000000000e+02  λ=1.670973e+00  dt=1.097e-03  relΔE=5.161e-05  ||F||=2.221e-01
 step=  8000  E=4.355352145785e+02  Q=5.120000000000e+02  λ=1.626668e+00  dt=8.488e-04  relΔE=3.951e-05  ||F||=2.180e-01
 step=  8500  E=4.241605277383e+02  Q=5.120000000000e+02  λ=1.583856e+00  dt=1.314e-03  relΔE=6.043e-05  ||F||=2.139e-01
 step=  9000  E=4.135284034914e+02  Q=5.120000000000e+02  λ=1.543433e+00  dt=1.017e-03  relΔE=4.577e-05  ||F||=2.089e-01
 step=  9500  E=4.031128219136e+02  Q=5.120000000000e+02  λ=1.503338e+00  dt=7.871e-04  relΔE=3.408e-05  ||F||=2.023e-01
 step= 10000  E=3.938054427668e+02  Q=5.120000000000e+02  λ=1.466980e+00  dt=1.218e-03  relΔE=4.869e-05  ||F||=1.921e-01
 step= 10500  E=3.854805907285e+02  Q=5.120000000000e+02  λ=1.433830e+00  dt=9.430e-04  relΔE=3.366e-05  ||F||=1.796e-01
 step= 11000  E=3.781050410556e+02  Q=5.120000000000e+02  λ=1.403892e+00  dt=7.298e-04  relΔE=2.757e-05  ||F||=2.497e-01
 step= 11500  E=3.723896207356e+02  Q=5.120000000000e+02  λ=1.380189e+00  dt=1.130e-03  relΔE=2.819e-05  ||F||=1.476e-01
 step= 12000  E=3.677381182305e+02  Q=5.120000000000e+02  λ=1.360452e+00  dt=7.286e-04  relΔE=1.429e-05  ||F||=1.300e-01
 step= 12500  E=3.642557041336e+02  Q=5.120000000000e+02  λ=1.345335e+00  dt=1.128e-03  relΔE=1.678e-05  ||F||=1.127e-01
 step= 13000  E=3.616280442200e+02  Q=5.120000000000e+02  λ=1.333604e+00  dt=7.275e-04  relΔE=7.924e-06  ||F||=9.608e-02
 step= 13500  E=3.597732460727e+02  Q=5.120000000000e+02  λ=1.325081e+00  dt=1.126e-03  relΔE=8.776e-06  ||F||=8.106e-02
 step= 14000  E=3.584308781898e+02  Q=5.120000000000e+02  λ=1.318686e+00  dt=8.715e-04  relΔE=4.705e-06  ||F||=6.734e-02
 step= 14500  E=3.575125384497e+02  Q=5.120000000000e+02  λ=1.314130e+00  dt=1.349e-03  relΔE=4.947e-06  ||F||=5.551e-02
 step= 15000  E=3.569220955070e+02  Q=5.120000000000e+02  λ=1.311052e+00  dt=8.701e-04  relΔE=2.184e-06  ||F||=4.582e-02
 step= 15500  E=3.564981887960e+02  Q=5.120000000000e+02  λ=1.308718e+00  dt=1.347e-03  relΔE=2.231e-06  ||F||=3.725e-02
 step= 16000  E=3.562284094442e+02  Q=5.120000000000e+02  λ=1.307125e+00  dt=1.042e-03  relΔE=1.146e-06  ||F||=3.029e-02
 step= 16500  E=3.560455081224e+02  Q=5.120000000000e+02  λ=1.305957e+00  dt=8.068e-04  relΔE=5.792e-07  ||F||=2.446e-02
 step= 17000  E=3.559279786976e+02  Q=5.120000000000e+02  λ=1.305134e+00  dt=1.249e-03  relΔE=5.839e-07  ||F||=1.973e-02
 step= 17500  E=3.558521096739e+02  Q=5.120000000000e+02  λ=1.304542e+00  dt=9.666e-04  relΔE=2.954e-07  ||F||=1.595e-02
 step= 18000  E=3.558009276381e+02  Q=5.120000000000e+02  λ=1.304091e+00  dt=7.481e-04  relΔE=1.553e-07  ||F||=1.315e-02
 step= 18500  E=3.557694710839e+02  Q=5.120000000000e+02  λ=1.303774e+00  dt=1.158e-03  relΔE=1.490e-07  ||F||=1.034e-02
 step= 19000  E=3.557483192735e+02  Q=5.120000000000e+02  λ=1.303526e+00  dt=8.963e-04  relΔE=7.485e-08  ||F||=8.323e-03
 step= 19500  E=3.557344261707e+02  Q=5.120000000000e+02  λ=1.303335e+00  dt=1.387e-03  relΔE=7.498e-08  ||F||=7.040e-03
 step= 20000  E=3.557256924693e+02  Q=5.120000000000e+02  λ=1.303191e+00  dt=1.074e-03  relΔE=3.844e-08  ||F||=5.439e-03
 step= 20500  E=3.557197448876e+02  Q=5.120000000000e+02  λ=1.303074e+00  dt=8.311e-04  relΔE=1.959e-08  ||F||=4.408e-03
 step= 21000  E=3.557158291257e+02  Q=5.120000000000e+02  λ=1.302981e+00  dt=1.286e-03  relΔE=2.017e-08  ||F||=3.590e-03
 step= 21500  E=3.557132547084e+02  Q=5.120000000000e+02  λ=1.302907e+00  dt=9.957e-04  relΔE=1.060e-08  ||F||=2.952e-03
 step= 22000  E=3.557114358800e+02  Q=5.120000000000e+02  λ=1.302844e+00  dt=7.706e-04  relΔE=5.653e-09  ||F||=2.446e-03
 step= 22500  E=3.557102334446e+02  Q=5.120000000000e+02  λ=1.302794e+00  dt=1.193e-03  relΔE=6.039e-09  ||F||=2.026e-03
 step= 23000  E=3.557093709210e+02  Q=5.120000000000e+02  λ=1.302751e+00  dt=9.233e-04  relΔE=3.318e-09  ||F||=1.702e-03
 step= 23500  E=3.557087387934e+02  Q=5.120000000000e+02  λ=1.302714e+00  dt=1.429e-03  relΔE=3.450e-09  ||F||=4.160e-03
 step= 24000  E=3.557083004920e+02  Q=5.120000000000e+02  λ=1.302684e+00  dt=1.106e-03  relΔE=2.135e-09  ||F||=1.239e-03
 step= 24500  E=3.557079588240e+02  Q=5.120000000000e+02  λ=1.302658e+00  dt=8.561e-04  relΔE=1.248e-09  ||F||=1.073e-03
 step= 25000  E=3.557076982623e+02  Q=5.120000000000e+02  λ=1.302635e+00  dt=1.325e-03  relΔE=1.488e-09  ||F||=9.387e-04
 step= 25500  E=3.557075003039e+02  Q=5.120000000000e+02  λ=1.302615e+00  dt=1.026e-03  relΔE=9.104e-10  ||F||=8.313e-04
 step= 26000  E=3.557073377159e+02  Q=5.120000000000e+02  λ=1.302598e+00  dt=7.938e-04  relΔE=5.635e-10  ||F||=7.408e-04
 step= 26500  E=3.557072098569e+02  Q=5.120000000000e+02  λ=1.302583e+00  dt=1.229e-03  relΔE=7.072e-10  ||F||=6.646e-04
 step= 27000  E=3.557071052653e+02  Q=5.120000000000e+02  λ=1.302569e+00  dt=9.510e-04  relΔE=4.502e-10  ||F||=6.006e-04
 step= 27500  E=3.557070159209e+02  Q=5.120000000000e+02  λ=1.302557e+00  dt=7.361e-04  relΔE=3.235e-10  ||F||=5.856e-04
 step= 28000  E=3.557069456819e+02  Q=5.120000000000e+02  λ=1.302547e+00  dt=1.139e-03  relΔE=3.739e-10  ||F||=4.965e-04
 step= 28500  E=3.557068844498e+02  Q=5.120000000000e+02  λ=1.302537e+00  dt=8.818e-04  relΔE=2.431e-10  ||F||=4.534e-04
 step= 29000  E=3.557068326666e+02  Q=5.120000000000e+02  λ=1.302528e+00  dt=1.365e-03  relΔE=3.173e-10  ||F||=4.191e-04
 step= 29500  E=3.557067902228e+02  Q=5.120000000000e+02  λ=1.302521e+00  dt=1.056e-03  relΔE=2.092e-10  ||F||=3.811e-04
 step= 30000  E=3.557067529773e+02  Q=5.120000000000e+02  λ=1.302514e+00  dt=8.177e-04  relΔE=1.378e-10  ||F||=3.501e-04
 step= 30500  E=3.557067215266e+02  Q=5.120000000000e+02  λ=1.302508e+00  dt=1.266e-03  relΔE=1.818e-10  ||F||=3.218e-04
 step= 31000  E=3.557066950678e+02  Q=5.120000000000e+02  λ=1.302502e+00  dt=9.796e-04  relΔE=1.207e-10  ||F||=2.965e-04
 step= 31500  E=3.557066714914e+02  Q=5.120000000000e+02  λ=1.302497e+00  dt=7.582e-04  relΔE=8.163e-11  ||F||=2.764e-04
 step= 32000  E=3.557066521942e+02  Q=5.120000000000e+02  λ=1.302492e+00  dt=1.174e-03  relΔE=1.063e-10  ||F||=2.515e-04
 step= 32500  E=3.557066351950e+02  Q=5.120000000000e+02  λ=1.302488e+00  dt=9.084e-04  relΔE=7.075e-11  ||F||=2.318e-04
 step= 33000  E=3.557066203208e+02  Q=5.120000000000e+02  λ=1.302484e+00  dt=1.406e-03  relΔE=9.359e-11  ||F||=2.714e-04
 step= 33500  E=3.557066080743e+02  Q=5.120000000000e+02  λ=1.302480e+00  dt=1.088e-03  relΔE=6.295e-11  ||F||=1.971e-04
 step= 34000  E=3.557065971277e+02  Q=5.120000000000e+02  λ=1.302477e+00  dt=8.423e-04  relΔE=4.203e-11  ||F||=1.817e-04
 step= 34500  E=3.557065880588e+02  Q=5.120000000000e+02  λ=1.302474e+00  dt=1.086e-03  relΔE=4.705e-11  ||F||=1.680e-04
 step= 35000  E=3.557065798650e+02  Q=5.120000000000e+02  λ=1.302471e+00  dt=8.409e-04  relΔE=3.150e-11  ||F||=1.549e-04
 step= 35500  E=3.557065727878e+02  Q=5.120000000000e+02  λ=1.302468e+00  dt=1.302e-03  relΔE=4.218e-11  ||F||=1.427e-04
 step= 36000  E=3.557065667897e+02  Q=5.120000000000e+02  λ=1.302466e+00  dt=1.007e-03  relΔE=2.839e-11  ||F||=1.318e-04
 step= 36500  E=3.557065613799e+02  Q=5.120000000000e+02  λ=1.302464e+00  dt=7.797e-04  relΔE=1.920e-11  ||F||=1.222e-04
 step= 37000  E=3.557065568423e+02  Q=5.120000000000e+02  λ=1.302462e+00  dt=1.207e-03  relΔE=2.568e-11  ||F||=1.121e-04
 step= 37500  E=3.557065528440e+02  Q=5.120000000000e+02  λ=1.302460e+00  dt=9.342e-04  relΔE=1.732e-11  ||F||=1.035e-04
 step= 38000  E=3.557065492612e+02  Q=5.120000000000e+02  λ=1.302459e+00  dt=1.446e-03  relΔE=1.063e-11  ||F||=8.684e-04
 step= 38500  E=3.557065462997e+02  Q=5.120000000000e+02  λ=1.302457e+00  dt=1.119e-03  relΔE=1.581e-11  ||F||=8.805e-05
 step= 39000  E=3.557065436109e+02  Q=5.120000000000e+02  λ=1.302456e+00  dt=8.662e-04  relΔE=1.069e-11  ||F||=8.119e-05
 step= 39500  E=3.557065412541e+02  Q=5.120000000000e+02  λ=1.302454e+00  dt=1.341e-03  relΔE=1.448e-11  ||F||=7.494e-05
 step= 40000  E=3.557065392467e+02  Q=5.120000000000e+02  λ=1.302453e+00  dt=1.038e-03  relΔE=9.857e-12  ||F||=6.912e-05
 step= 40500  E=3.557065374250e+02  Q=5.120000000000e+02  λ=1.302452e+00  dt=8.032e-04  relΔE=6.710e-12  ||F||=6.384e-05
 step= 41000  E=3.557065358519e+02  Q=5.120000000000e+02  λ=1.302451e+00  dt=1.243e-03  relΔE=9.124e-12  ||F||=5.878e-05
 step= 41500  E=3.557065344748e+02  Q=5.120000000000e+02  λ=1.302450e+00  dt=9.623e-04  relΔE=6.234e-12  ||F||=5.427e-05
 step= 42000  E=3.557065332140e+02  Q=5.120000000000e+02  λ=1.302449e+00  dt=7.448e-04  relΔE=4.512e-12  ||F||=5.296e-05
 step= 42500  E=3.557065321574e+02  Q=5.120000000000e+02  λ=1.302448e+00  dt=1.153e-03  relΔE=5.833e-12  ||F||=4.618e-05
 step= 43000  E=3.557065311914e+02  Q=5.120000000000e+02  λ=1.302448e+00  dt=8.923e-04  relΔE=3.998e-12  ||F||=4.259e-05
 step= 43500  E=3.557065303260e+02  Q=5.120000000000e+02  λ=1.302447e+00  dt=1.381e-03  relΔE=5.479e-12  ||F||=4.154e-05
 step= 44000  E=3.557065295860e+02  Q=5.120000000000e+02  λ=1.302446e+00  dt=1.069e-03  relΔE=3.780e-12  ||F||=3.625e-05
 step= 44500  E=3.557065289062e+02  Q=5.120000000000e+02  λ=1.302446e+00  dt=8.273e-04  relΔE=2.604e-12  ||F||=3.346e-05
 step= 45000  E=3.557065283046e+02  Q=5.120000000000e+02  λ=1.302445e+00  dt=1.281e-03  relΔE=3.590e-12  ||F||=3.082e-05
 step= 45500  E=3.557065277779e+02  Q=5.120000000000e+02  λ=1.302445e+00  dt=9.912e-04  relΔE=2.486e-12  ||F||=2.847e-05
 step= 46000  E=3.557065272882e+02  Q=5.120000000000e+02  λ=1.302444e+00  dt=7.672e-04  relΔE=1.745e-12  ||F||=2.681e-05
 step= 46500  E=3.557065268680e+02  Q=5.120000000000e+02  λ=1.302444e+00  dt=1.188e-03  relΔE=2.386e-12  ||F||=2.422e-05
 step= 47000  E=3.557065264838e+02  Q=5.120000000000e+02  λ=1.302443e+00  dt=9.191e-04  relΔE=1.657e-12  ||F||=2.234e-05
 step= 47500  E=3.557065261311e+02  Q=5.120000000000e+02  λ=1.302443e+00  dt=1.423e-03  relΔE=2.241e-12  ||F||=6.438e-05
 step= 48000  E=3.557065258296e+02  Q=5.120000000000e+02  λ=1.302443e+00  dt=1.101e-03  relΔE=1.605e-12  ||F||=1.901e-05
 step= 48500  E=3.557065255482e+02  Q=5.120000000000e+02  λ=1.302443e+00  dt=8.522e-04  relΔE=1.119e-12  ||F||=1.754e-05
 step= 49000  E=3.557065252947e+02  Q=5.120000000000e+02  λ=1.302442e+00  dt=1.319e-03  relΔE=1.560e-12  ||F||=1.617e-05
 step= 49500  E=3.557065250714e+02  Q=5.120000000000e+02  λ=1.302442e+00  dt=1.021e-03  relΔE=1.093e-12  ||F||=1.493e-05
 step= 50000  E=3.557065248624e+02  Q=5.120000000000e+02  λ=1.302442e+00  dt=7.902e-04  relΔE=7.688e-13  ||F||=1.393e-05
 step= 50500  E=3.557065246784e+02  Q=5.120000000000e+02  λ=1.302442e+00  dt=1.223e-03  relΔE=1.071e-12  ||F||=1.270e-05
 step= 51000  E=3.557065245112e+02  Q=5.120000000000e+02  λ=1.302441e+00  dt=9.467e-04  relΔE=7.527e-13  ||F||=1.172e-05
 step= 51500  E=3.557065243542e+02  Q=5.120000000000e+02  λ=1.302441e+00  dt=7.327e-04  relΔE=6.718e-13  ||F||=3.238e-05
 step= 52000  E=3.557065242197e+02  Q=5.120000000000e+02  λ=1.302441e+00  dt=1.134e-03  relΔE=7.426e-13  ||F||=9.973e-06
 step= 52500  E=3.557065240925e+02  Q=5.120000000000e+02  λ=1.302441e+00  dt=8.779e-04  relΔE=5.229e-13  ||F||=9.206e-06
 step= 53000  E=3.557065239766e+02  Q=5.120000000000e+02  λ=1.302441e+00  dt=1.359e-03  relΔE=7.356e-13  ||F||=8.651e-06
 step= 53500  E=3.557065238742e+02  Q=5.120000000000e+02  λ=1.302441e+00  dt=1.052e-03  relΔE=5.189e-13  ||F||=7.827e-06
 step= 54000  E=3.557065237780e+02  Q=5.120000000000e+02  λ=1.302440e+00  dt=8.140e-04  relΔE=3.658e-13  ||F||=7.260e-06
 step= 54500  E=3.557065236951e+02  Q=5.120000000000e+02  λ=1.302440e+00  dt=1.050e-03  relΔE=4.327e-13  ||F||=6.680e-06
 step= 55000  E=3.557065236139e+02  Q=5.120000000000e+02  λ=1.302440e+00  dt=8.127e-04  relΔE=3.059e-13  ||F||=6.221e-06
 step= 55500  E=3.557065235447e+02  Q=5.120000000000e+02  λ=1.302440e+00  dt=1.048e-03  relΔE=3.610e-13  ||F||=5.696e-06
 step= 56000  E=3.557065234769e+02  Q=5.120000000000e+02  λ=1.302440e+00  dt=8.114e-04  relΔE=2.555e-13  ||F||=5.284e-06
 step= 56500  E=3.557065234161e+02  Q=5.120000000000e+02  λ=1.302440e+00  dt=1.256e-03  relΔE=3.615e-13  ||F||=4.839e-06
 step= 57000  E=3.557065233613e+02  Q=5.120000000000e+02  λ=1.302440e+00  dt=9.720e-04  relΔE=2.560e-13  ||F||=4.469e-06
 step= 57500  E=3.557065233090e+02  Q=5.120000000000e+02  λ=1.302440e+00  dt=7.523e-04  relΔE=1.868e-13  ||F||=4.815e-06
 step= 58000  E=3.557065232635e+02  Q=5.120000000000e+02  λ=1.302440e+00  dt=1.165e-03  relΔE=2.574e-13  ||F||=3.802e-06
 step= 58500  E=3.557065232206e+02  Q=5.120000000000e+02  λ=1.302440e+00  dt=9.013e-04  relΔE=1.823e-13  ||F||=3.509e-06
 step= 59000  E=3.557065231807e+02  Q=5.120000000000e+02  λ=1.302440e+00  dt=1.395e-03  relΔE=2.587e-13  ||F||=6.953e-06
 step= 59500  E=3.557065231456e+02  Q=5.120000000000e+02  λ=1.302440e+00  dt=1.080e-03  relΔE=1.841e-13  ||F||=2.984e-06
 step= 60000  E=3.557065231122e+02  Q=5.120000000000e+02  λ=1.302440e+00  dt=8.358e-04  relΔE=1.314e-13  ||F||=2.777e-06
 step= 60500  E=3.557065230818e+02  Q=5.120000000000e+02  λ=1.302439e+00  dt=1.294e-03  relΔE=1.854e-13  ||F||=2.538e-06
 step= 61000  E=3.557065230544e+02  Q=5.120000000000e+02  λ=1.302439e+00  dt=1.001e-03  relΔE=1.326e-13  ||F||=2.343e-06
 step= 61500  E=3.557065230283e+02  Q=5.120000000000e+02  λ=1.302439e+00  dt=7.750e-04  relΔE=9.460e-14  ||F||=2.395e-06
 step= 62000  E=3.557065230052e+02  Q=5.120000000000e+02  λ=1.302439e+00  dt=1.200e-03  relΔE=1.341e-13  ||F||=1.993e-06
 step= 62500  E=3.557065229837e+02  Q=5.120000000000e+02  λ=1.302439e+00  dt=9.284e-04  relΔE=9.540e-14  ||F||=1.840e-06
 step= 63000  E=3.557065229633e+02  Q=5.120000000000e+02  λ=1.302439e+00  dt=1.437e-03  relΔE=1.167e-13  ||F||=3.364e-05
 step= 63500  E=3.557065229455e+02  Q=5.120000000000e+02  λ=1.302439e+00  dt=1.112e-03  relΔE=9.668e-14  ||F||=1.565e-06
 step= 64000  E=3.557065229286e+02  Q=5.120000000000e+02  λ=1.302439e+00  dt=8.609e-04  relΔE=6.872e-14  ||F||=1.451e-06
 step= 64500  E=3.557065229130e+02  Q=5.120000000000e+02  λ=1.302439e+00  dt=1.333e-03  relΔE=9.748e-14  ||F||=1.345e-06
 step= 65000  E=3.557065228991e+02  Q=5.120000000000e+02  λ=1.302439e+00  dt=1.031e-03  relΔE=6.920e-14  ||F||=1.228e-06
 step= 65500  E=3.557065228858e+02  Q=5.120000000000e+02  λ=1.302439e+00  dt=7.983e-04  relΔE=4.954e-14  ||F||=1.230e-06
 step= 66000  E=3.557065228738e+02  Q=5.120000000000e+02  λ=1.302439e+00  dt=1.236e-03  relΔE=7.111e-14  ||F||=1.045e-06
 step= 66500  E=3.557065228628e+02  Q=5.120000000000e+02  λ=1.302439e+00  dt=9.564e-04  relΔE=4.986e-14  ||F||=9.649e-07
 step= 67000  E=3.557065228523e+02  Q=5.120000000000e+02  λ=1.302439e+00  dt=7.402e-04  relΔE=4.091e-14  ||F||=2.551e-06
 step= 67500  E=3.557065228432e+02  Q=5.120000000000e+02  λ=1.302439e+00  dt=1.146e-03  relΔE=5.162e-14  ||F||=8.205e-07
 step= 68000  E=3.557065228344e+02  Q=5.120000000000e+02  λ=1.302439e+00  dt=8.868e-04  relΔE=3.644e-14  ||F||=7.641e-07
 step= 68500  E=3.557065228263e+02  Q=5.120000000000e+02  λ=1.302439e+00  dt=1.373e-03  relΔE=5.290e-14  ||F||=1.219e-06
 step= 69000  E=3.557065228191e+02  Q=5.120000000000e+02  λ=1.302439e+00  dt=1.062e-03  relΔE=3.660e-14  ||F||=6.441e-07
 step= 69500  E=3.557065228123e+02  Q=5.120000000000e+02  λ=1.302439e+00  dt=8.223e-04  relΔE=2.701e-14  ||F||=6.187e-07
 step= 70000  E=3.557065228060e+02  Q=5.120000000000e+02  λ=1.302439e+00  dt=1.273e-03  relΔE=3.819e-14  ||F||=5.479e-07
 step= 70500  E=3.557065228004e+02  Q=5.120000000000e+02  λ=1.302439e+00  dt=9.851e-04  relΔE=2.733e-14  ||F||=5.059e-07
 step= 71000  E=3.557065227949e+02  Q=5.120000000000e+02  λ=1.302439e+00  dt=7.625e-04  relΔE=1.966e-14  ||F||=8.144e-07
 step= 71500  E=3.557065227901e+02  Q=5.120000000000e+02  λ=1.302439e+00  dt=1.180e-03  relΔE=2.781e-14  ||F||=4.302e-07
 step= 72000  E=3.557065227856e+02  Q=5.120000000000e+02  λ=1.302439e+00  dt=9.135e-04  relΔE=1.966e-14  ||F||=3.992e-07
 step= 72500  E=3.557065227814e+02  Q=5.120000000000e+02  λ=1.302439e+00  dt=1.414e-03  relΔE=2.781e-14  ||F||=4.973e-06
 step= 73000  E=3.557065227777e+02  Q=5.120000000000e+02  λ=1.302439e+00  dt=1.094e-03  relΔE=2.030e-14  ||F||=3.378e-07
 step= 73500  E=3.557065227741e+02  Q=5.120000000000e+02  λ=1.302439e+00  dt=8.470e-04  relΔE=1.406e-14  ||F||=3.256e-07
 step= 74000  E=3.557065227708e+02  Q=5.120000000000e+02  λ=1.302439e+00  dt=1.311e-03  relΔE=1.998e-14  ||F||=2.911e-07
 step= 74500  E=3.557065227679e+02  Q=5.120000000000e+02  λ=1.302439e+00  dt=1.015e-03  relΔE=1.470e-14  ||F||=2.653e-07
 step= 75000  E=3.557065227651e+02  Q=5.120000000000e+02  λ=1.302439e+00  dt=7.854e-04  relΔE=1.103e-14  ||F||=3.707e-07
 step= 75500  E=3.557065227625e+02  Q=5.120000000000e+02  λ=1.302439e+00  dt=1.216e-03  relΔE=1.534e-14  ||F||=2.255e-07
 step= 76000  E=3.557065227602e+02  Q=5.120000000000e+02  λ=1.302439e+00  dt=9.409e-04  relΔE=9.908e-15  ||F||=2.096e-07
 step= 76500  E=3.557065227580e+02  Q=5.120000000000e+02  λ=1.302439e+00  dt=6.069e-04  relΔE=2.876e-14  ||F||=3.684e-05
 step= 77000  E=3.557065227561e+02  Q=5.120000000000e+02  λ=1.302439e+00  dt=9.394e-04  relΔE=8.789e-15  ||F||=1.781e-07
 step= 77500  E=3.557065227542e+02  Q=5.120000000000e+02  λ=1.302439e+00  dt=6.059e-04  relΔE=2.173e-14  ||F||=3.011e-05
 step= 78000  E=3.557065227526e+02  Q=5.120000000000e+02  λ=1.302439e+00  dt=9.379e-04  relΔE=7.191e-15  ||F||=1.517e-07
 step= 78500  E=3.557065227509e+02  Q=5.120000000000e+02  λ=1.302439e+00  dt=1.452e-03  relΔE=4.155e-15  ||F||=2.114e-05
 step= 79000  E=3.557065227495e+02  Q=5.120000000000e+02  λ=1.302439e+00  dt=1.124e-03  relΔE=7.990e-15  ||F||=1.287e-07
 step= 79500  E=3.557065227482e+02  Q=5.120000000000e+02  λ=1.302439e+00  dt=8.696e-04  relΔE=5.753e-15  ||F||=1.264e-07
 step= 80000  E=3.557065227469e+02  Q=5.120000000000e+02  λ=1.302439e+00  dt=1.346e-03  relΔE=8.310e-15  ||F||=1.617e-07
 step= 80500  E=3.557065227458e+02  Q=5.120000000000e+02  λ=1.302439e+00  dt=1.042e-03  relΔE=6.232e-15  ||F||=1.012e-07
 step= 81000  E=3.557065227447e+02  Q=5.120000000000e+02  λ=1.302439e+00  dt=8.064e-04  relΔE=3.675e-15  ||F||=1.397e-07
 step= 81500  E=3.557065227438e+02  Q=5.120000000000e+02  λ=1.302439e+00  dt=1.248e-03  relΔE=5.593e-15  ||F||=8.594e-08
 step= 82000  E=3.557065227429e+02  Q=5.120000000000e+02  λ=1.302439e+00  dt=9.661e-04  relΔE=4.634e-15  ||F||=7.987e-08
 step= 82500  E=3.557065227420e+02  Q=5.120000000000e+02  λ=1.302439e+00  dt=7.477e-04  relΔE=3.356e-15  ||F||=5.050e-07
 step= 83000  E=3.557065227413e+02  Q=5.120000000000e+02  λ=1.302439e+00  dt=1.157e-03  relΔE=4.315e-15  ||F||=6.748e-08
 step= 83500  E=3.557065227406e+02  Q=5.120000000000e+02  λ=1.302439e+00  dt=8.958e-04  relΔE=3.036e-15  ||F||=6.589e-08
 step= 84000  E=3.557065227399e+02  Q=5.120000000000e+02  λ=1.302439e+00  dt=1.387e-03  relΔE=4.475e-15  ||F||=4.714e-07
 step= 84500  E=3.557065227394e+02  Q=5.120000000000e+02  λ=1.302439e+00  dt=1.073e-03  relΔE=2.876e-15  ||F||=5.303e-08
 Converged (aggressive): step=84872, E=3.557065227389e+02, Q=5.120000000000e+02, dt=9.614e-04, ||F||=4.999e-08

Stationary candidate (aggressive): E=3.557065227389e+02, Q=5.120000000000e+02, maxρ=5.962917e-01

=== Stability test (damped inertial dynamics) ===
Perturb eps=0.02, gamma=1
t=0: E=3.806354036397e+02, Q=5.120000000000e+02, maxρ=6.153917e-01, σ=2.637720e+00, Rc=1.868756e+01
 step=     1  E=3.806352785186e+02  Q=5.120000000000e+02  λ=1.688184e+00  maxρ=6.153917e-01  minρ=1.000e-15  σ=2.637720e+00  Rc=1.868756e+01
 step=   300  E=3.755046349225e+02  Q=5.120000000000e+02  λ=1.585530e+00  maxρ=6.143479e-01  minρ=1.000e-15  σ=2.637716e+00  Rc=1.868756e+01
 step=   600  E=3.651817164988e+02  Q=5.120000000000e+02  λ=1.399570e+00  maxρ=6.114052e-01  minρ=1.000e-15  σ=2.637710e+00  Rc=1.868756e+01
 step=   900  E=3.591277514908e+02  Q=5.120000000000e+02  λ=1.340126e+00  maxρ=6.070528e-01  minρ=1.000e-15  σ=2.637709e+00  Rc=1.868756e+01
 step=  1200  E=3.614073913865e+02  Q=5.120000000000e+02  λ=1.447132e+00  maxρ=6.049966e-01  minρ=1.000e-15  σ=2.637712e+00  Rc=1.868755e+01
 step=  1500  E=3.675844391580e+02  Q=5.120000000000e+02  λ=1.563480e+00  maxρ=6.084916e-01  minρ=1.000e-15  σ=2.637714e+00  Rc=1.868755e+01
 step=  1800  E=3.707519212491e+02  Q=5.120000000000e+02  λ=1.549795e+00  maxρ=6.104403e-01  minρ=1.000e-15  σ=2.637711e+00  Rc=1.868755e+01
 step=  2100  E=3.689094836970e+02  Q=5.120000000000e+02  λ=1.448749e+00  maxρ=6.073343e-01  minρ=1.000e-15  σ=2.637708e+00  Rc=1.868755e+01
 step=  2400  E=3.656529929088e+02  Q=5.120000000000e+02  λ=1.401710e+00  maxρ=6.013055e-01  minρ=1.000e-15  σ=2.637708e+00  Rc=1.868755e+01
 step=  2700  E=3.648536730236e+02  Q=5.120000000000e+02  λ=1.456209e+00  maxρ=6.027043e-01  minρ=1.000e-15  σ=2.637711e+00  Rc=1.868755e+01
 step=  3000  E=3.664422535810e+02  Q=5.120000000000e+02  λ=1.522334e+00  maxρ=6.102173e-01  minρ=1.000e-15  σ=2.637712e+00  Rc=1.868755e+01
 step=  3300  E=3.676473227286e+02  Q=5.120000000000e+02  λ=1.510481e+00  maxρ=6.117820e-01  minρ=1.000e-15  σ=2.637708e+00  Rc=1.868755e+01
 step=  3600  E=3.669200062276e+02  Q=5.120000000000e+02  λ=1.445941e+00  maxρ=6.093208e-01  minρ=1.000e-15  σ=2.637703e+00  Rc=1.868755e+01
 step=  3900  E=3.653891940245e+02  Q=5.120000000000e+02  λ=1.416656e+00  maxρ=6.093262e-01  minρ=1.000e-15  σ=2.637704e+00  Rc=1.868755e+01
 step=  4200  E=3.648138292270e+02  Q=5.120000000000e+02  λ=1.448873e+00  maxρ=6.072116e-01  minρ=1.000e-15  σ=2.637707e+00  Rc=1.868754e+01
 step=  4500  E=3.653552447808e+02  Q=5.120000000000e+02  λ=1.484435e+00  maxρ=6.056090e-01  minρ=1.000e-15  σ=2.637709e+00  Rc=1.868754e+01
 step=  4800  E=3.658557475714e+02  Q=5.120000000000e+02  λ=1.472417e+00  maxρ=6.081098e-01  minρ=1.000e-15  σ=2.637705e+00  Rc=1.868754e+01
 step=  5100  E=3.656028978073e+02  Q=5.120000000000e+02  λ=1.435002e+00  maxρ=6.089386e-01  minρ=1.000e-15  σ=2.637699e+00  Rc=1.868754e+01
 step=  5400  E=3.650267967268e+02  Q=5.120000000000e+02  λ=1.424675e+00  maxρ=6.082273e-01  minρ=1.000e-15  σ=2.637698e+00  Rc=1.868754e+01
 step=  5700  E=3.647856077928e+02  Q=5.120000000000e+02  λ=1.448315e+00  maxρ=6.061577e-01  minρ=1.000e-15  σ=2.637700e+00  Rc=1.868753e+01
 step=  6000  E=3.648645431110e+02  Q=5.120000000000e+02  λ=1.465688e+00  maxρ=6.040338e-01  minρ=1.000e-15  σ=2.637701e+00  Rc=1.868753e+01
 >>> No runaway detected in this horizon. Likely stable (within this model & box).

STABILITY: PASS
