
=== Aggressive relaxation to Q = 44 ===
Initial: E=1.687212107251e+02, Q=4.400000000000e+01, dt=1.000e-04
 step=     1  E=1.687073755353e+02  Q=4.400000000000e+01  λ=7.606887e+00  dt=1.000e-04  relΔE=8.200e-05  ||F||=1.773e+00
 step=   500  E=1.541913156231e+02  Q=4.400000000000e+01  λ=6.950389e+00  dt=6.192e-04  relΔE=3.113e-04  ||F||=1.455e+00
 step=  1000  E=1.240376601955e+02  Q=4.400000000000e+01  λ=5.586193e+00  dt=9.584e-04  relΔE=2.986e-04  ||F||=1.027e+00
 step=  1500  E=1.056425402419e+02  Q=4.400000000000e+01  λ=4.773660e+00  dt=1.484e-03  relΔE=7.311e-05  ||F||=6.642e+00
 step=  2000  E=9.362848307715e+01  Q=4.400000000000e+01  λ=4.213683e+00  dt=1.148e-03  relΔE=2.221e-04  ||F||=7.030e-01
 step=  2500  E=8.441566421820e+01  Q=4.400000000000e+01  λ=3.798262e+00  dt=8.887e-04  relΔE=1.441e-04  ||F||=6.111e-01
 step=  3000  E=7.731150760671e+01  Q=4.400000000000e+01  λ=3.478524e+00  dt=1.376e-03  relΔE=1.912e-04  ||F||=5.415e-01
 step=  3500  E=7.177535462563e+01  Q=4.400000000000e+01  λ=3.229148e+00  dt=1.065e-03  relΔE=1.305e-04  ||F||=4.898e-01
 step=  4000  E=6.699794999835e+01  Q=4.400000000000e+01  λ=3.014154e+00  dt=8.241e-04  relΔE=9.267e-05  ||F||=4.533e-01
 step=  4500  E=6.286766588985e+01  Q=4.400000000000e+01  λ=2.828637e+00  dt=1.276e-03  relΔE=1.380e-04  ||F||=4.307e-01
 step=  5000  E=5.912609067577e+01  Q=4.400000000000e+01  λ=2.660276e+00  dt=9.873e-04  relΔE=1.034e-04  ||F||=4.110e-01
 step=  5500  E=5.569373850358e+01  Q=4.400000000000e+01  λ=2.505304e+00  dt=7.641e-04  relΔE=7.523e-05  ||F||=3.871e-01
 step=  6000  E=5.306877504785e+01  Q=4.400000000000e+01  λ=2.386033e+00  dt=1.183e-03  relΔE=8.908e-05  ||F||=3.302e-01
 step=  6500  E=5.112611857452e+01  Q=4.400000000000e+01  λ=2.296761e+00  dt=9.154e-04  relΔE=4.804e-05  ||F||=2.705e-01
 step=  7000  E=4.987074089997e+01  Q=4.400000000000e+01  λ=2.238424e+00  dt=1.417e-03  relΔE=4.621e-05  ||F||=2.140e-01
 step=  7500  E=4.915507738155e+01  Q=4.400000000000e+01  λ=2.204655e+00  dt=1.097e-03  relΔE=2.111e-05  ||F||=1.607e-01
 step=  8000  E=4.873587718552e+01  Q=4.400000000000e+01  λ=2.184591e+00  dt=8.488e-04  relΔE=9.094e-06  ||F||=1.193e-01
 step=  8500  E=4.850759296873e+01  Q=4.400000000000e+01  λ=2.173510e+00  dt=1.314e-03  relΔE=7.735e-06  ||F||=8.825e-02
 step=  9000  E=4.838427889156e+01  Q=4.400000000000e+01  λ=2.167436e+00  dt=1.017e-03  relΔE=3.337e-06  ||F||=6.580e-02
 step=  9500  E=4.831311013562e+01  Q=4.400000000000e+01  λ=2.163909e+00  dt=7.871e-04  relΔE=1.455e-06  ||F||=4.935e-02
 step= 10000  E=4.827386353322e+01  Q=4.400000000000e+01  λ=2.161979e+00  dt=1.218e-03  relΔE=1.332e-06  ||F||=3.793e-02
 step= 10500  E=4.824950355423e+01  Q=4.400000000000e+01  λ=2.160817e+00  dt=9.430e-04  relΔE=6.485e-07  ||F||=3.007e-02
 step= 11000  E=4.823328881577e+01  Q=4.400000000000e+01  λ=2.160093e+00  dt=1.460e-03  relΔE=6.494e-07  ||F||=5.152e-02
 step= 11500  E=4.822246219657e+01  Q=4.400000000000e+01  λ=2.159654e+00  dt=1.130e-03  relΔE=3.883e-07  ||F||=2.126e-02
 step= 12000  E=4.821386395749e+01  Q=4.400000000000e+01  λ=2.159349e+00  dt=8.744e-04  relΔE=2.363e-07  ||F||=1.885e-02
 step= 12500  E=4.820693273504e+01  Q=4.400000000000e+01  λ=2.159139e+00  dt=1.353e-03  relΔE=3.039e-07  ||F||=1.718e-02
 step= 13000  E=4.820119123105e+01  Q=4.400000000000e+01  λ=2.158992e+00  dt=1.048e-03  relΔE=2.034e-07  ||F||=1.598e-02
 step= 13500  E=4.819599597351e+01  Q=4.400000000000e+01  λ=2.158879e+00  dt=8.108e-04  relΔE=1.392e-07  ||F||=1.503e-02
 step= 14000  E=4.819149424853e+01  Q=4.400000000000e+01  λ=2.158797e+00  dt=1.255e-03  relΔE=1.931e-07  ||F||=1.423e-02
 step= 14500  E=4.818741868602e+01  Q=4.400000000000e+01  λ=2.158735e+00  dt=9.713e-04  relΔE=1.355e-07  ||F||=1.355e-02
 step= 15000  E=4.818358523113e+01  Q=4.400000000000e+01  λ=2.158688e+00  dt=7.518e-04  relΔE=1.075e-07  ||F||=1.401e-02
 step= 15500  E=4.818027902810e+01  Q=4.400000000000e+01  λ=2.158654e+00  dt=1.164e-03  relΔE=1.355e-07  ||F||=1.238e-02
 step= 16000  E=4.817712918012e+01  Q=4.400000000000e+01  λ=2.158629e+00  dt=9.007e-04  relΔE=9.627e-08  ||F||=1.186e-02
 step= 16500  E=4.817422340313e+01  Q=4.400000000000e+01  λ=2.158612e+00  dt=1.394e-03  relΔE=1.370e-07  ||F||=1.139e-02
 step= 17000  E=4.817162980332e+01  Q=4.400000000000e+01  λ=2.158602e+00  dt=1.079e-03  relΔE=9.792e-08  ||F||=1.092e-02
 step= 17500  E=4.816916132360e+01  Q=4.400000000000e+01  λ=2.158598e+00  dt=8.352e-04  relΔE=6.996e-08  ||F||=1.050e-02
 step= 18000  E=4.816690740585e+01  Q=4.400000000000e+01  λ=2.158598e+00  dt=1.293e-03  relΔE=1.001e-07  ||F||=1.009e-02
 step= 18500  E=4.816484670593e+01  Q=4.400000000000e+01  λ=2.158601e+00  dt=1.001e-03  relΔE=7.180e-08  ||F||=9.715e-03
 step= 19000  E=4.816286551758e+01  Q=4.400000000000e+01  λ=2.158609e+00  dt=7.744e-04  relΔE=5.248e-08  ||F||=9.445e-03
 step= 19500  E=4.816111163883e+01  Q=4.400000000000e+01  λ=2.158619e+00  dt=1.199e-03  relΔE=7.399e-08  ||F||=9.010e-03
 step= 20000  E=4.815944306906e+01  Q=4.400000000000e+01  λ=2.158631e+00  dt=9.278e-04  relΔE=5.320e-08  ||F||=8.684e-03
 step= 20500  E=4.815786242095e+01  Q=4.400000000000e+01  λ=2.158646e+00  dt=1.436e-03  relΔE=7.621e-08  ||F||=9.555e-03
 step= 21000  E=4.815647915605e+01  Q=4.400000000000e+01  λ=2.158662e+00  dt=9.263e-04  relΔE=4.604e-08  ||F||=8.085e-03
 step= 21500  E=4.815511517187e+01  Q=4.400000000000e+01  λ=2.158680e+00  dt=1.434e-03  relΔE=6.620e-08  ||F||=8.486e-03
 step= 22000  E=4.815389380589e+01  Q=4.400000000000e+01  λ=2.158699e+00  dt=1.110e-03  relΔE=4.795e-08  ||F||=7.539e-03
 step= 22500  E=4.815271358175e+01  Q=4.400000000000e+01  λ=2.158719e+00  dt=8.589e-04  relΔE=3.463e-08  ||F||=7.282e-03
 step= 23000  E=4.815161986397e+01  Q=4.400000000000e+01  λ=2.158741e+00  dt=1.329e-03  relΔE=5.005e-08  ||F||=7.036e-03
 step= 23500  E=4.815061531292e+01  Q=4.400000000000e+01  λ=2.158763e+00  dt=1.029e-03  relΔE=3.625e-08  ||F||=6.807e-03
 step= 24000  E=4.814964216780e+01  Q=4.400000000000e+01  λ=2.158786e+00  dt=7.964e-04  relΔE=2.637e-08  ||F||=6.599e-03
 step= 24500  E=4.814876284920e+01  Q=4.400000000000e+01  λ=2.158809e+00  dt=1.233e-03  relΔE=3.802e-08  ||F||=6.369e-03
 step= 25000  E=4.814792978970e+01  Q=4.400000000000e+01  λ=2.158832e+00  dt=9.541e-04  relΔE=2.758e-08  ||F||=6.166e-03
 step= 25500  E=4.814712524836e+01  Q=4.400000000000e+01  λ=2.158857e+00  dt=1.477e-03  relΔE=2.443e-08  ||F||=3.392e-02
 step= 26000  E=4.814641277301e+01  Q=4.400000000000e+01  λ=2.158880e+00  dt=1.143e-03  relΔE=2.907e-08  ||F||=5.783e-03
 step= 26500  E=4.814571668548e+01  Q=4.400000000000e+01  λ=2.158905e+00  dt=8.847e-04  relΔE=2.111e-08  ||F||=5.602e-03
 step= 27000  E=4.814506373338e+01  Q=4.400000000000e+01  λ=2.158929e+00  dt=1.369e-03  relΔE=3.067e-08  ||F||=5.429e-03
 step= 27500  E=4.814446599528e+01  Q=4.400000000000e+01  λ=2.158953e+00  dt=1.060e-03  relΔE=2.234e-08  ||F||=5.265e-03
 step= 28000  E=4.814388638963e+01  Q=4.400000000000e+01  λ=2.158978e+00  dt=8.203e-04  relΔE=1.627e-08  ||F||=5.107e-03
 step= 28500  E=4.814335156598e+01  Q=4.400000000000e+01  λ=2.159003e+00  dt=1.270e-03  relΔE=2.367e-08  ||F||=4.951e-03
 step= 29000  E=4.814285029321e+01  Q=4.400000000000e+01  λ=2.159027e+00  dt=9.828e-04  relΔE=1.726e-08  ||F||=4.806e-03
 step= 29500  E=4.814236027432e+01  Q=4.400000000000e+01  λ=2.159052e+00  dt=7.607e-04  relΔE=1.361e-08  ||F||=4.861e-03
 step= 30000  E=4.814192303987e+01  Q=4.400000000000e+01  λ=2.159075e+00  dt=1.177e-03  relΔE=1.835e-08  ||F||=4.527e-03
 step= 30500  E=4.814149774405e+01  Q=4.400000000000e+01  λ=2.159099e+00  dt=9.113e-04  relΔE=1.338e-08  ||F||=4.396e-03
 step= 31000  E=4.814109230453e+01  Q=4.400000000000e+01  λ=2.159123e+00  dt=1.411e-03  relΔE=1.952e-08  ||F||=4.300e-03
 step= 31500  E=4.814072400086e+01  Q=4.400000000000e+01  λ=2.159146e+00  dt=1.092e-03  relΔE=1.428e-08  ||F||=4.148e-03
 step= 32000  E=4.814036475220e+01  Q=4.400000000000e+01  λ=2.159169e+00  dt=8.450e-04  relΔE=1.043e-08  ||F||=4.029e-03
 step= 32500  E=4.814002855838e+01  Q=4.400000000000e+01  λ=2.159192e+00  dt=1.308e-03  relΔE=1.524e-08  ||F||=3.915e-03
 step= 33000  E=4.813971583858e+01  Q=4.400000000000e+01  λ=2.159215e+00  dt=1.012e-03  relΔE=1.115e-08  ||F||=3.807e-03
 step= 33500  E=4.813940967571e+01  Q=4.400000000000e+01  λ=2.159238e+00  dt=7.835e-04  relΔE=8.208e-09  ||F||=3.713e-03
 step= 34000  E=4.813913182603e+01  Q=4.400000000000e+01  λ=2.159259e+00  dt=1.213e-03  relΔE=1.194e-08  ||F||=3.599e-03
 step= 34500  E=4.813886400176e+01  Q=4.400000000000e+01  λ=2.159281e+00  dt=9.387e-04  relΔE=8.739e-09  ||F||=3.500e-03
 step= 35000  E=4.813860436248e+01  Q=4.400000000000e+01  λ=2.159303e+00  dt=1.453e-03  relΔE=1.262e-08  ||F||=4.964e-03
 step= 35500  E=4.813837119920e+01  Q=4.400000000000e+01  λ=2.159324e+00  dt=1.125e-03  relΔE=9.377e-09  ||F||=3.312e-03
 step= 36000  E=4.813814209383e+01  Q=4.400000000000e+01  λ=2.159345e+00  dt=8.704e-04  relΔE=6.869e-09  ||F||=3.223e-03
 step= 36500  E=4.813792594907e+01  Q=4.400000000000e+01  λ=2.159365e+00  dt=1.347e-03  relΔE=1.007e-08  ||F||=3.135e-03
 step= 37000  E=4.813772556646e+01  Q=4.400000000000e+01  λ=2.159385e+00  dt=1.043e-03  relΔE=7.386e-09  ||F||=3.053e-03
 step= 37500  E=4.813752935430e+01  Q=4.400000000000e+01  λ=2.159405e+00  dt=8.071e-04  relΔE=5.432e-09  ||F||=2.976e-03
 step= 38000  E=4.813734862827e+01  Q=4.400000000000e+01  λ=2.159425e+00  dt=1.249e-03  relΔE=7.946e-09  ||F||=2.893e-03
 step= 38500  E=4.813717632439e+01  Q=4.400000000000e+01  λ=2.159444e+00  dt=9.670e-04  relΔE=5.833e-09  ||F||=2.818e-03
 step= 39000  E=4.813700722860e+01  Q=4.400000000000e+01  λ=2.159463e+00  dt=7.484e-04  relΔE=5.082e-09  ||F||=3.269e-03
 step= 39500  E=4.813685591638e+01  Q=4.400000000000e+01  λ=2.159481e+00  dt=1.158e-03  relΔE=6.287e-09  ||F||=2.673e-03
 step= 40000  E=4.813670686983e+01  Q=4.400000000000e+01  λ=2.159500e+00  dt=8.966e-04  relΔE=4.616e-09  ||F||=2.603e-03
 step= 40500  E=4.813656489793e+01  Q=4.400000000000e+01  λ=2.159518e+00  dt=1.388e-03  relΔE=6.777e-09  ||F||=2.538e-03
 step= 41000  E=4.813643429680e+01  Q=4.400000000000e+01  λ=2.159535e+00  dt=1.074e-03  relΔE=4.984e-09  ||F||=2.472e-03
 step= 41500  E=4.813630627171e+01  Q=4.400000000000e+01  λ=2.159552e+00  dt=8.314e-04  relΔE=3.663e-09  ||F||=2.408e-03
 step= 42000  E=4.813618613818e+01  Q=4.400000000000e+01  λ=2.159569e+00  dt=1.287e-03  relΔE=5.381e-09  ||F||=2.346e-03
 step= 42500  E=4.813607369464e+01  Q=4.400000000000e+01  λ=2.159586e+00  dt=9.960e-04  relΔE=3.959e-09  ||F||=2.288e-03
 step= 43000  E=4.813596766158e+01  Q=4.400000000000e+01  λ=2.159602e+00  dt=1.285e-03  relΔE=4.858e-09  ||F||=2.231e-03
 step= 43500  E=4.813586437655e+01  Q=4.400000000000e+01  λ=2.159618e+00  dt=9.944e-04  relΔE=3.573e-09  ||F||=2.175e-03
 step= 44000  E=4.813576867001e+01  Q=4.400000000000e+01  λ=2.159633e+00  dt=1.283e-03  relΔE=4.386e-09  ||F||=2.122e-03
 step= 44500  E=4.813567528596e+01  Q=4.400000000000e+01  λ=2.159649e+00  dt=9.928e-04  relΔE=3.227e-09  ||F||=2.069e-03
 step= 45000  E=4.813558429144e+01  Q=4.400000000000e+01  λ=2.159664e+00  dt=7.684e-04  relΔE=2.428e-09  ||F||=2.041e-03
 step= 45500  E=4.813550200126e+01  Q=4.400000000000e+01  λ=2.159679e+00  dt=1.189e-03  relΔE=3.495e-09  ||F||=1.967e-03
 step= 46000  E=4.813542143669e+01  Q=4.400000000000e+01  λ=2.159693e+00  dt=9.206e-04  relΔE=2.572e-09  ||F||=1.919e-03
 step= 46500  E=4.813534382803e+01  Q=4.400000000000e+01  λ=2.159708e+00  dt=1.425e-03  relΔE=3.782e-09  ||F||=1.923e-03
 step= 47000  E=4.813527297011e+01  Q=4.400000000000e+01  λ=2.159721e+00  dt=1.103e-03  relΔE=2.790e-09  ||F||=1.826e-03
 step= 47500  E=4.813520316882e+01  Q=4.400000000000e+01  λ=2.159735e+00  dt=8.536e-04  relΔE=2.055e-09  ||F||=1.781e-03
 step= 48000  E=4.813513733746e+01  Q=4.400000000000e+01  λ=2.159749e+00  dt=1.321e-03  relΔE=3.025e-09  ||F||=1.737e-03
 step= 48500  E=4.813507574089e+01  Q=4.400000000000e+01  λ=2.159762e+00  dt=1.023e-03  relΔE=2.230e-09  ||F||=1.695e-03
 step= 49000  E=4.813501493304e+01  Q=4.400000000000e+01  λ=2.159775e+00  dt=7.915e-04  relΔE=1.653e-09  ||F||=1.659e-03
 step= 49500  E=4.813495917612e+01  Q=4.400000000000e+01  λ=2.159787e+00  dt=1.225e-03  relΔE=2.421e-09  ||F||=1.614e-03
 step= 50000  E=4.813490533320e+01  Q=4.400000000000e+01  λ=2.159800e+00  dt=9.483e-04  relΔE=1.785e-09  ||F||=1.575e-03
 step= 50500  E=4.813485254425e+01  Q=4.400000000000e+01  λ=2.159812e+00  dt=1.468e-03  relΔE=2.303e-09  ||F||=5.152e-03
 step= 51000  E=4.813480503835e+01  Q=4.400000000000e+01  λ=2.159824e+00  dt=1.136e-03  relΔE=1.940e-09  ||F||=1.500e-03
 step= 51500  E=4.813475804565e+01  Q=4.400000000000e+01  λ=2.159836e+00  dt=8.793e-04  relΔE=1.430e-09  ||F||=1.464e-03
 step= 52000  E=4.813471327996e+01  Q=4.400000000000e+01  λ=2.159847e+00  dt=1.361e-03  relΔE=2.107e-09  ||F||=1.429e-03
 step= 52500  E=4.813467163983e+01  Q=4.400000000000e+01  λ=2.159858e+00  dt=1.053e-03  relΔE=1.555e-09  ||F||=1.395e-03
 step= 53000  E=4.813463074951e+01  Q=4.400000000000e+01  λ=2.159869e+00  dt=8.153e-04  relΔE=1.148e-09  ||F||=1.363e-03
 step= 53500  E=4.813459260547e+01  Q=4.400000000000e+01  λ=2.159880e+00  dt=1.262e-03  relΔE=1.692e-09  ||F||=1.330e-03
 step= 54000  E=4.813455627198e+01  Q=4.400000000000e+01  λ=2.159890e+00  dt=9.768e-04  relΔE=1.248e-09  ||F||=1.298e-03
 step= 54500  E=4.813452037869e+01  Q=4.400000000000e+01  λ=2.159901e+00  dt=7.560e-04  relΔE=1.031e-09  ||F||=1.354e-03
 step= 55000  E=4.813448803584e+01  Q=4.400000000000e+01  λ=2.159911e+00  dt=1.170e-03  relΔE=1.359e-09  ||F||=1.238e-03
 step= 55500  E=4.813445610044e+01  Q=4.400000000000e+01  λ=2.159921e+00  dt=9.057e-04  relΔE=1.003e-09  ||F||=1.208e-03
 step= 56000  E=4.813442544466e+01  Q=4.400000000000e+01  λ=2.159931e+00  dt=1.402e-03  relΔE=1.478e-09  ||F||=1.185e-03
 step= 56500  E=4.813439721084e+01  Q=4.400000000000e+01  λ=2.159940e+00  dt=1.085e-03  relΔE=1.092e-09  ||F||=1.153e-03
 step= 57000  E=4.813436939746e+01  Q=4.400000000000e+01  λ=2.159949e+00  dt=8.398e-04  relΔE=8.063e-10  ||F||=1.126e-03
 step= 57500  E=4.813434317975e+01  Q=4.400000000000e+01  λ=2.159958e+00  dt=1.300e-03  relΔE=1.190e-09  ||F||=1.099e-03
 step= 58000  E=4.813431848351e+01  Q=4.400000000000e+01  λ=2.159967e+00  dt=1.006e-03  relΔE=8.787e-10  ||F||=1.074e-03
 step= 58500  E=4.813429405569e+01  Q=4.400000000000e+01  λ=2.159976e+00  dt=7.787e-04  relΔE=6.610e-10  ||F||=1.059e-03
 step= 59000  E=4.813427176434e+01  Q=4.400000000000e+01  λ=2.159985e+00  dt=1.205e-03  relΔE=9.578e-10  ||F||=1.024e-03
 step= 59500  E=4.813425003904e+01  Q=4.400000000000e+01  λ=2.159993e+00  dt=9.330e-04  relΔE=7.072e-10  ||F||=1.000e-03
 step= 60000  E=4.813422885048e+01  Q=4.400000000000e+01  λ=2.160001e+00  dt=1.444e-03  relΔE=1.037e-09  ||F||=1.227e-03
 step= 60500  E=4.813420961370e+01  Q=4.400000000000e+01  λ=2.160009e+00  dt=1.118e-03  relΔE=7.714e-10  ||F||=9.548e-04
 step= 61000  E=4.813419055832e+01  Q=4.400000000000e+01  λ=2.160017e+00  dt=8.651e-04  relΔE=5.696e-10  ||F||=9.326e-04
 step= 61500  E=4.813417247515e+01  Q=4.400000000000e+01  λ=2.160025e+00  dt=1.339e-03  relΔE=8.410e-10  ||F||=9.109e-04
 step= 62000  E=4.813415557456e+01  Q=4.400000000000e+01  λ=2.160032e+00  dt=1.036e-03  relΔE=6.216e-10  ||F||=8.902e-04
 step= 62500  E=4.813413887233e+01  Q=4.400000000000e+01  λ=2.160040e+00  dt=8.022e-04  relΔE=4.611e-10  ||F||=8.717e-04
 step= 63000  E=4.813412343181e+01  Q=4.400000000000e+01  λ=2.160047e+00  dt=1.242e-03  relΔE=6.782e-10  ||F||=8.497e-04
 step= 63500  E=4.813410861547e+01  Q=4.400000000000e+01  λ=2.160054e+00  dt=8.009e-04  relΔE=4.197e-10  ||F||=8.324e-04
 step= 64000  E=4.813409453619e+01  Q=4.400000000000e+01  λ=2.160061e+00  dt=1.240e-03  relΔE=6.176e-10  ||F||=8.116e-04
 step= 64500  E=4.813408100789e+01  Q=4.400000000000e+01  λ=2.160067e+00  dt=7.996e-04  relΔE=3.834e-10  ||F||=7.964e-04
 step= 65000  E=4.813406818454e+01  Q=4.400000000000e+01  λ=2.160074e+00  dt=1.238e-03  relΔE=5.625e-10  ||F||=7.753e-04
 step= 65500  E=4.813405579862e+01  Q=4.400000000000e+01  λ=2.160080e+00  dt=9.579e-04  relΔE=4.157e-10  ||F||=7.577e-04
 step= 66000  E=4.813404362838e+01  Q=4.400000000000e+01  λ=2.160087e+00  dt=1.483e-03  relΔE=1.308e-10  ||F||=5.874e-03
 step= 66500  E=4.813403260882e+01  Q=4.400000000000e+01  λ=2.160093e+00  dt=1.148e-03  relΔE=4.541e-10  ||F||=7.235e-04
 step= 67000  E=4.813402169089e+01  Q=4.400000000000e+01  λ=2.160099e+00  dt=8.882e-04  relΔE=3.355e-10  ||F||=7.070e-04
 step= 67500  E=4.813401127178e+01  Q=4.400000000000e+01  λ=2.160105e+00  dt=1.375e-03  relΔE=4.956e-10  ||F||=6.910e-04
 step= 68000  E=4.813400158357e+01  Q=4.400000000000e+01  λ=2.160111e+00  dt=1.064e-03  relΔE=3.666e-10  ||F||=6.753e-04
 step= 68500  E=4.813399203647e+01  Q=4.400000000000e+01  λ=2.160117e+00  dt=8.236e-04  relΔE=2.712e-10  ||F||=6.603e-04
 step= 69000  E=4.813398308325e+01  Q=4.400000000000e+01  λ=2.160122e+00  dt=1.275e-03  relΔE=4.004e-10  ||F||=6.449e-04
 step= 69500  E=4.813397457806e+01  Q=4.400000000000e+01  λ=2.160128e+00  dt=9.867e-04  relΔE=2.961e-10  ||F||=6.305e-04
 step= 70000  E=4.813396616214e+01  Q=4.400000000000e+01  λ=2.160133e+00  dt=7.637e-04  relΔE=2.254e-10  ||F||=6.257e-04
 step= 70500  E=4.813395851495e+01  Q=4.400000000000e+01  λ=2.160138e+00  dt=1.182e-03  relΔE=3.236e-10  ||F||=6.023e-04
 step= 71000  E=4.813395099660e+01  Q=4.400000000000e+01  λ=2.160143e+00  dt=9.149e-04  relΔE=2.392e-10  ||F||=5.887e-04
 step= 71500  E=4.813394372446e+01  Q=4.400000000000e+01  λ=2.160148e+00  dt=1.416e-03  relΔE=3.533e-10  ||F||=5.844e-04
 step= 72000  E=4.813393704700e+01  Q=4.400000000000e+01  λ=2.160153e+00  dt=1.096e-03  relΔE=2.616e-10  ||F||=5.625e-04
 step= 72500  E=4.813393045344e+01  Q=4.400000000000e+01  λ=2.160158e+00  dt=8.484e-04  relΔE=1.934e-10  ||F||=5.498e-04
 step= 73000  E=4.813392420996e+01  Q=4.400000000000e+01  λ=2.160163e+00  dt=1.313e-03  relΔE=2.859e-10  ||F||=5.373e-04
 step= 73500  E=4.813391833760e+01  Q=4.400000000000e+01  λ=2.160167e+00  dt=1.016e-03  relΔE=2.115e-10  ||F||=5.254e-04
 step= 74000  E=4.813391252229e+01  Q=4.400000000000e+01  λ=2.160172e+00  dt=7.867e-04  relΔE=1.577e-10  ||F||=5.158e-04
 step= 74500  E=4.813390718312e+01  Q=4.400000000000e+01  λ=2.160176e+00  dt=1.218e-03  relΔE=2.313e-10  ||F||=5.021e-04
 step= 75000  E=4.813390199042e+01  Q=4.400000000000e+01  λ=2.160181e+00  dt=9.425e-04  relΔE=1.710e-10  ||F||=4.908e-04
 step= 75500  E=4.813389690602e+01  Q=4.400000000000e+01  λ=2.160185e+00  dt=1.459e-03  relΔE=2.460e-10  ||F||=8.621e-04
 step= 76000  E=4.813389230170e+01  Q=4.400000000000e+01  λ=2.160189e+00  dt=1.129e-03  relΔE=1.871e-10  ||F||=4.691e-04
 step= 76500  E=4.813388772354e+01  Q=4.400000000000e+01  λ=2.160193e+00  dt=8.739e-04  relΔE=1.383e-10  ||F||=4.586e-04
 step= 77000  E=4.813388336917e+01  Q=4.400000000000e+01  λ=2.160197e+00  dt=1.353e-03  relΔE=2.045e-10  ||F||=4.483e-04
 step= 77500  E=4.813387929886e+01  Q=4.400000000000e+01  λ=2.160201e+00  dt=1.047e-03  relΔE=1.514e-10  ||F||=4.384e-04
 step= 78000  E=4.813387528226e+01  Q=4.400000000000e+01  λ=2.160205e+00  dt=8.103e-04  relΔE=1.121e-10  ||F||=4.289e-04
 step= 78500  E=4.813387153800e+01  Q=4.400000000000e+01  λ=2.160208e+00  dt=1.254e-03  relΔE=1.655e-10  ||F||=4.190e-04
 step= 79000  E=4.813386795363e+01  Q=4.400000000000e+01  λ=2.160212e+00  dt=9.708e-04  relΔE=1.225e-10  ||F||=4.097e-04
 step= 79500  E=4.813386440679e+01  Q=4.400000000000e+01  λ=2.160216e+00  dt=7.514e-04  relΔE=1.010e-10  ||F||=4.260e-04
 step= 80000  E=4.813386120342e+01  Q=4.400000000000e+01  λ=2.160219e+00  dt=1.163e-03  relΔE=1.340e-10  ||F||=3.917e-04
 step= 80500  E=4.813385802833e+01  Q=4.400000000000e+01  λ=2.160222e+00  dt=9.002e-04  relΔE=9.911e-11  ||F||=3.829e-04
 step= 81000  E=4.813385498185e+01  Q=4.400000000000e+01  λ=2.160226e+00  dt=1.393e-03  relΔE=1.465e-10  ||F||=3.747e-04
 step= 81500  E=4.813385215732e+01  Q=4.400000000000e+01  λ=2.160229e+00  dt=1.078e-03  relΔE=1.085e-10  ||F||=3.661e-04
 step= 82000  E=4.813384937284e+01  Q=4.400000000000e+01  λ=2.160232e+00  dt=8.347e-04  relΔE=8.028e-11  ||F||=3.581e-04
 step= 82500  E=4.813384674640e+01  Q=4.400000000000e+01  λ=2.160235e+00  dt=1.292e-03  relΔE=1.187e-10  ||F||=3.500e-04
 step= 83000  E=4.813384426645e+01  Q=4.400000000000e+01  λ=2.160238e+00  dt=1.000e-03  relΔE=8.783e-11  ||F||=3.423e-04
 step= 83500  E=4.813384180556e+01  Q=4.400000000000e+01  λ=2.160241e+00  dt=7.740e-04  relΔE=6.588e-11  ||F||=3.371e-04
 step= 84000  E=4.813383955783e+01  Q=4.400000000000e+01  λ=2.160244e+00  dt=1.198e-03  relΔE=9.612e-11  ||F||=3.273e-04
 step= 84500  E=4.813383737163e+01  Q=4.400000000000e+01  λ=2.160247e+00  dt=7.727e-04  relΔE=5.928e-11  ||F||=3.201e-04
 step= 85000  E=4.813383530219e+01  Q=4.400000000000e+01  λ=2.160250e+00  dt=1.196e-03  relΔE=8.775e-11  ||F||=3.131e-04
 step= 85500  E=4.813383330339e+01  Q=4.400000000000e+01  λ=2.160253e+00  dt=7.715e-04  relΔE=5.412e-11  ||F||=3.062e-04
 step= 86000  E=4.813383141144e+01  Q=4.400000000000e+01  λ=2.160255e+00  dt=1.194e-03  relΔE=8.011e-11  ||F||=2.995e-04
 step= 86500  E=4.813382957048e+01  Q=4.400000000000e+01  λ=2.160258e+00  dt=9.242e-04  relΔE=5.926e-11  ||F||=2.928e-04
 step= 87000  E=4.813382778076e+01  Q=4.400000000000e+01  λ=2.160260e+00  dt=1.431e-03  relΔE=8.744e-11  ||F||=3.104e-04
 step= 87500  E=4.813382614621e+01  Q=4.400000000000e+01  λ=2.160263e+00  dt=1.107e-03  relΔE=6.489e-11  ||F||=2.801e-04
 step= 88000  E=4.813382452613e+01  Q=4.400000000000e+01  λ=2.160265e+00  dt=8.570e-04  relΔE=4.800e-11  ||F||=2.739e-04
 step= 88500  E=4.813382298913e+01  Q=4.400000000000e+01  λ=2.160268e+00  dt=1.327e-03  relΔE=7.099e-11  ||F||=2.678e-04
 step= 89000  E=4.813382154697e+01  Q=4.400000000000e+01  λ=2.160270e+00  dt=1.027e-03  relΔE=5.256e-11  ||F||=2.619e-04
 step= 89500  E=4.813382011693e+01  Q=4.400000000000e+01  λ=2.160273e+00  dt=7.947e-04  relΔE=3.907e-11  ||F||=2.568e-04
 step= 90000  E=4.813381879881e+01  Q=4.400000000000e+01  λ=2.160275e+00  dt=1.230e-03  relΔE=5.752e-11  ||F||=2.505e-04
 step= 90500  E=4.813381752259e+01  Q=4.400000000000e+01  λ=2.160277e+00  dt=9.520e-04  relΔE=4.257e-11  ||F||=2.450e-04
 step= 91000  E=4.813381626570e+01  Q=4.400000000000e+01  λ=2.160279e+00  dt=1.474e-03  relΔE=4.822e-11  ||F||=1.069e-03
 step= 91500  E=4.813381513192e+01  Q=4.400000000000e+01  λ=2.160281e+00  dt=1.141e-03  relΔE=4.661e-11  ||F||=2.343e-04
 step= 92000  E=4.813381400420e+01  Q=4.400000000000e+01  λ=2.160283e+00  dt=8.828e-04  relΔE=3.447e-11  ||F||=2.291e-04
 step= 92500  E=4.813381292587e+01  Q=4.400000000000e+01  λ=2.160285e+00  dt=1.366e-03  relΔE=5.099e-11  ||F||=2.240e-04
 step= 93000  E=4.813381192277e+01  Q=4.400000000000e+01  λ=2.160287e+00  dt=1.058e-03  relΔE=3.775e-11  ||F||=2.192e-04
 step= 93500  E=4.813381093128e+01  Q=4.400000000000e+01  λ=2.160289e+00  dt=8.186e-04  relΔE=2.796e-11  ||F||=2.144e-04
 step= 94000  E=4.813381000378e+01  Q=4.400000000000e+01  λ=2.160291e+00  dt=1.267e-03  relΔE=4.132e-11  ||F||=2.096e-04
 step= 94500  E=4.813380911977e+01  Q=4.400000000000e+01  λ=2.160293e+00  dt=9.807e-04  relΔE=3.058e-11  ||F||=2.050e-04
 step= 95000  E=4.813380824330e+01  Q=4.400000000000e+01  λ=2.160295e+00  dt=7.590e-04  relΔE=2.391e-11  ||F||=2.063e-04
 step= 95500  E=4.813380745008e+01  Q=4.400000000000e+01  λ=2.160297e+00  dt=1.175e-03  relΔE=3.348e-11  ||F||=1.961e-04
 step= 96000  E=4.813380666532e+01  Q=4.400000000000e+01  λ=2.160298e+00  dt=9.093e-04  relΔE=2.477e-11  ||F||=1.918e-04
 step= 96500  E=4.813380590897e+01  Q=4.400000000000e+01  λ=2.160300e+00  dt=1.408e-03  relΔE=3.662e-11  ||F||=1.887e-04
 step= 97000  E=4.813380521178e+01  Q=4.400000000000e+01  λ=2.160302e+00  dt=1.089e-03  relΔE=2.713e-11  ||F||=1.835e-04
 step= 97500  E=4.813380452309e+01  Q=4.400000000000e+01  λ=2.160303e+00  dt=8.432e-04  relΔE=2.007e-11  ||F||=1.795e-04
 step= 98000  E=4.813380387149e+01  Q=4.400000000000e+01  λ=2.160305e+00  dt=1.305e-03  relΔE=2.968e-11  ||F||=1.755e-04
 step= 98500  E=4.813380325804e+01  Q=4.400000000000e+01  λ=2.160306e+00  dt=1.010e-03  relΔE=2.198e-11  ||F||=1.717e-04
 step= 99000  E=4.813380264875e+01  Q=4.400000000000e+01  λ=2.160308e+00  dt=7.818e-04  relΔE=1.649e-11  ||F||=1.691e-04
 step= 99500  E=4.813380209109e+01  Q=4.400000000000e+01  λ=2.160309e+00  dt=1.210e-03  relΔE=2.406e-11  ||F||=1.642e-04
 step=100000  E=4.813380154715e+01  Q=4.400000000000e+01  λ=2.160311e+00  dt=9.367e-04  relΔE=1.780e-11  ||F||=1.606e-04
 step=100500  E=4.813380101487e+01  Q=4.400000000000e+01  λ=2.160312e+00  dt=1.450e-03  relΔE=2.592e-11  ||F||=2.373e-04
 step=101000  E=4.813380053205e+01  Q=4.400000000000e+01  λ=2.160314e+00  dt=1.122e-03  relΔE=1.949e-11  ||F||=1.537e-04
 step=101500  E=4.813380005230e+01  Q=4.400000000000e+01  λ=2.160315e+00  dt=8.685e-04  relΔE=1.441e-11  ||F||=1.503e-04
 step=102000  E=4.813379959546e+01  Q=4.400000000000e+01  λ=2.160316e+00  dt=1.344e-03  relΔE=2.132e-11  ||F||=1.470e-04
 step=102500  E=4.813379916855e+01  Q=4.400000000000e+01  λ=2.160318e+00  dt=1.041e-03  relΔE=1.578e-11  ||F||=1.438e-04
 step=103000  E=4.813379874631e+01  Q=4.400000000000e+01  λ=2.160319e+00  dt=8.054e-04  relΔE=1.170e-11  ||F||=1.408e-04
 step=103500  E=4.813379835393e+01  Q=4.400000000000e+01  λ=2.160320e+00  dt=1.247e-03  relΔE=1.727e-11  ||F||=1.375e-04
 step=104000  E=4.813379797683e+01  Q=4.400000000000e+01  λ=2.160321e+00  dt=9.649e-04  relΔE=1.278e-11  ||F||=1.346e-04
 step=104500  E=4.813379760414e+01  Q=4.400000000000e+01  λ=2.160323e+00  dt=7.468e-04  relΔE=1.494e-11  ||F||=5.185e-04
 step=105000  E=4.813379726790e+01  Q=4.400000000000e+01  λ=2.160324e+00  dt=1.156e-03  relΔE=1.399e-11  ||F||=1.287e-04
 step=105500  E=4.813379693407e+01  Q=4.400000000000e+01  λ=2.160325e+00  dt=8.947e-04  relΔE=1.035e-11  ||F||=1.259e-04
 step=106000  E=4.813379661420e+01  Q=4.400000000000e+01  λ=2.160326e+00  dt=1.385e-03  relΔE=1.530e-11  ||F||=1.232e-04
 step=106500  E=4.813379631747e+01  Q=4.400000000000e+01  λ=2.160327e+00  dt=1.072e-03  relΔE=1.133e-11  ||F||=1.205e-04
 step=107000  E=4.813379602467e+01  Q=4.400000000000e+01  λ=2.160328e+00  dt=8.296e-04  relΔE=8.385e-12  ||F||=1.179e-04
 step=107500  E=4.813379574887e+01  Q=4.400000000000e+01  λ=2.160329e+00  dt=1.284e-03  relΔE=1.240e-11  ||F||=1.152e-04
 step=108000  E=4.813379548804e+01  Q=4.400000000000e+01  λ=2.160330e+00  dt=9.939e-04  relΔE=9.174e-12  ||F||=1.128e-04
 step=108500  E=4.813379522874e+01  Q=4.400000000000e+01  λ=2.160331e+00  dt=7.692e-04  relΔE=7.048e-12  ||F||=1.124e-04
 step=109000  E=4.813379499328e+01  Q=4.400000000000e+01  λ=2.160332e+00  dt=1.191e-03  relΔE=1.004e-11  ||F||=1.079e-04
 step=109500  E=4.813379476168e+01  Q=4.400000000000e+01  λ=2.160333e+00  dt=9.216e-04  relΔE=7.424e-12  ||F||=1.055e-04
 step=110000  E=4.813379453718e+01  Q=4.400000000000e+01  λ=2.160334e+00  dt=1.427e-03  relΔE=1.096e-11  ||F||=1.082e-04
 step=110500  E=4.813379433159e+01  Q=4.400000000000e+01  λ=2.160335e+00  dt=1.104e-03  relΔE=8.125e-12  ||F||=1.010e-04
 step=111000  E=4.813379412818e+01  Q=4.400000000000e+01  λ=2.160336e+00  dt=8.545e-04  relΔE=6.009e-12  ||F||=9.876e-05
 step=111500  E=4.813379393528e+01  Q=4.400000000000e+01  λ=2.160337e+00  dt=1.323e-03  relΔE=8.885e-12  ||F||=9.658e-05
 step=112000  E=4.813379375429e+01  Q=4.400000000000e+01  λ=2.160338e+00  dt=1.024e-03  relΔE=6.576e-12  ||F||=9.450e-05
 step=112500  E=4.813379357490e+01  Q=4.400000000000e+01  λ=2.160339e+00  dt=7.924e-04  relΔE=4.885e-12  ||F||=9.264e-05
 step=113000  E=4.813379340959e+01  Q=4.400000000000e+01  λ=2.160339e+00  dt=1.227e-03  relΔE=7.192e-12  ||F||=9.041e-05
 step=113500  E=4.813379324964e+01  Q=4.400000000000e+01  λ=2.160340e+00  dt=9.493e-04  relΔE=5.320e-12  ||F||=8.844e-05
 step=114000  E=4.813379309209e+01  Q=4.400000000000e+01  λ=2.160341e+00  dt=1.469e-03  relΔE=6.488e-12  ||F||=3.375e-04
 step=114500  E=4.813379294998e+01  Q=4.400000000000e+01  λ=2.160342e+00  dt=1.137e-03  relΔE=5.819e-12  ||F||=8.463e-05
 step=115000  E=4.813379280880e+01  Q=4.400000000000e+01  λ=2.160343e+00  dt=8.802e-04  relΔE=4.302e-12  ||F||=8.277e-05
 step=115500  E=4.813379267409e+01  Q=4.400000000000e+01  λ=2.160343e+00  dt=1.363e-03  relΔE=6.359e-12  ||F||=8.096e-05
 step=116000  E=4.813379254845e+01  Q=4.400000000000e+01  λ=2.160344e+00  dt=1.055e-03  relΔE=4.706e-12  ||F||=7.922e-05
 step=116500  E=4.813379242456e+01  Q=4.400000000000e+01  λ=2.160345e+00  dt=8.162e-04  relΔE=3.485e-12  ||F||=7.754e-05
 step=117000  E=4.813379230888e+01  Q=4.400000000000e+01  λ=2.160345e+00  dt=1.263e-03  relΔE=5.144e-12  ||F||=7.579e-05
 step=117500  E=4.813379219841e+01  Q=4.400000000000e+01  λ=2.160346e+00  dt=9.778e-04  relΔE=3.805e-12  ||F||=7.415e-05
 step=118000  E=4.813379208901e+01  Q=4.400000000000e+01  λ=2.160347e+00  dt=7.568e-04  relΔE=3.111e-12  ||F||=7.631e-05
 step=118500  E=4.813379199026e+01  Q=4.400000000000e+01  λ=2.160347e+00  dt=1.172e-03  relΔE=4.160e-12  ||F||=7.095e-05
 step=119000  E=4.813379189241e+01  Q=4.400000000000e+01  λ=2.160348e+00  dt=9.067e-04  relΔE=3.074e-12  ||F||=6.940e-05
 step=119500  E=4.813379179844e+01  Q=4.400000000000e+01  λ=2.160349e+00  dt=1.404e-03  relΔE=4.542e-12  ||F||=6.808e-05
 step=120000  E=4.813379171163e+01  Q=4.400000000000e+01  λ=2.160349e+00  dt=1.086e-03  relΔE=3.361e-12  ||F||=6.642e-05
 step=120500  E=4.813379162609e+01  Q=4.400000000000e+01  λ=2.160350e+00  dt=8.408e-04  relΔE=2.485e-12  ||F||=6.497e-05
 step=121000  E=4.813379154524e+01  Q=4.400000000000e+01  λ=2.160351e+00  dt=1.301e-03  relΔE=3.672e-12  ||F||=6.354e-05
 step=121500  E=4.813379146907e+01  Q=4.400000000000e+01  λ=2.160351e+00  dt=1.007e-03  relΔE=2.715e-12  ||F||=6.217e-05
 step=122000  E=4.813379139365e+01  Q=4.400000000000e+01  λ=2.160352e+00  dt=7.796e-04  relΔE=2.033e-12  ||F||=6.118e-05
 step=122500  E=4.813379132465e+01  Q=4.400000000000e+01  λ=2.160352e+00  dt=1.207e-03  relΔE=2.966e-12  ||F||=5.949e-05
 step=123000  E=4.813379125742e+01  Q=4.400000000000e+01  λ=2.160353e+00  dt=9.340e-04  relΔE=2.192e-12  ||F||=5.820e-05
 step=123500  E=4.813379119171e+01  Q=4.400000000000e+01  λ=2.160353e+00  dt=1.446e-03  relΔE=3.202e-12  ||F||=7.852e-05
 step=124000  E=4.813379113210e+01  Q=4.400000000000e+01  λ=2.160354e+00  dt=1.119e-03  relΔE=2.395e-12  ||F||=5.570e-05
 step=124500  E=4.813379107301e+01  Q=4.400000000000e+01  λ=2.160354e+00  dt=8.660e-04  relΔE=1.770e-12  ||F||=5.448e-05
 step=125000  E=4.813379101690e+01  Q=4.400000000000e+01  λ=2.160355e+00  dt=1.341e-03  relΔE=2.613e-12  ||F||=5.328e-05
 step=125500  E=4.813379096437e+01  Q=4.400000000000e+01  λ=2.160355e+00  dt=1.038e-03  relΔE=1.932e-12  ||F||=5.214e-05
 step=126000  E=4.813379091252e+01  Q=4.400000000000e+01  λ=2.160356e+00  dt=8.030e-04  relΔE=1.432e-12  ||F||=5.107e-05
 step=126500  E=4.813379086451e+01  Q=4.400000000000e+01  λ=2.160356e+00  dt=1.243e-03  relΔE=2.109e-12  ||F||=4.989e-05
 step=127000  E=4.813379081832e+01  Q=4.400000000000e+01  λ=2.160357e+00  dt=9.621e-04  relΔE=1.558e-12  ||F||=4.881e-05
 step=127500  E=4.813379077279e+01  Q=4.400000000000e+01  λ=2.160357e+00  dt=7.446e-04  relΔE=1.774e-12  ||F||=1.827e-04
 step=128000  E=4.813379073179e+01  Q=4.400000000000e+01  λ=2.160357e+00  dt=1.153e-03  relΔE=1.701e-12  ||F||=4.671e-05
 step=128500  E=4.813379069109e+01  Q=4.400000000000e+01  λ=2.160358e+00  dt=8.921e-04  relΔE=1.256e-12  ||F||=4.569e-05
 step=129000  E=4.813379065227e+01  Q=4.400000000000e+01  λ=2.160358e+00  dt=1.381e-03  relΔE=1.854e-12  ||F||=4.470e-05
 step=129500  E=4.813379061621e+01  Q=4.400000000000e+01  λ=2.160359e+00  dt=1.069e-03  relΔE=1.370e-12  ||F||=4.373e-05
 step=130000  E=4.813379058070e+01  Q=4.400000000000e+01  λ=2.160359e+00  dt=8.272e-04  relΔE=1.012e-12  ||F||=4.278e-05
 step=130500  E=4.813379054739e+01  Q=4.400000000000e+01  λ=2.160359e+00  dt=1.280e-03  relΔE=1.493e-12  ||F||=4.184e-05
 step=131000  E=4.813379051587e+01  Q=4.400000000000e+01  λ=2.160360e+00  dt=9.910e-04  relΔE=1.103e-12  ||F||=4.094e-05
 step=131500  E=4.813379048463e+01  Q=4.400000000000e+01  λ=2.160360e+00  dt=7.670e-04  relΔE=8.339e-13  ||F||=4.049e-05
 step=132000  E=4.813379045632e+01  Q=4.400000000000e+01  λ=2.160361e+00  dt=1.187e-03  relΔE=1.202e-12  ||F||=3.917e-05
 step=132500  E=4.813379042853e+01  Q=4.400000000000e+01  λ=2.160361e+00  dt=9.189e-04  relΔE=8.873e-13  ||F||=3.832e-05
 step=133000  E=4.813379040166e+01  Q=4.400000000000e+01  λ=2.160361e+00  dt=1.422e-03  relΔE=1.308e-12  ||F||=3.834e-05
 step=133500  E=4.813379037709e+01  Q=4.400000000000e+01  λ=2.160362e+00  dt=1.101e-03  relΔE=9.668e-13  ||F||=3.668e-05
 step=134000  E=4.813379035281e+01  Q=4.400000000000e+01  λ=2.160362e+00  dt=8.521e-04  relΔE=7.133e-13  ||F||=3.588e-05
 step=134500  E=4.813379032988e+01  Q=4.400000000000e+01  λ=2.160362e+00  dt=1.319e-03  relΔE=1.052e-12  ||F||=3.509e-05
 step=135000  E=4.813379030840e+01  Q=4.400000000000e+01  λ=2.160363e+00  dt=1.021e-03  relΔE=7.771e-13  ||F||=3.434e-05
 step=135500  E=4.813379028715e+01  Q=4.400000000000e+01  λ=2.160363e+00  dt=7.901e-04  relΔE=5.762e-13  ||F||=3.367e-05
 step=136000  E=4.813379026767e+01  Q=4.400000000000e+01  λ=2.160363e+00  dt=1.223e-03  relΔE=8.457e-13  ||F||=3.286e-05
 step=136500  E=4.813379024881e+01  Q=4.400000000000e+01  λ=2.160363e+00  dt=9.466e-04  relΔE=6.232e-13  ||F||=3.214e-05
 step=137000  E=4.813379023033e+01  Q=4.400000000000e+01  λ=2.160364e+00  dt=1.465e-03  relΔE=8.662e-13  ||F||=7.921e-05
 step=137500  E=4.813379021370e+01  Q=4.400000000000e+01  λ=2.160364e+00  dt=1.134e-03  relΔE=6.783e-13  ||F||=3.076e-05
 step=138000  E=4.813379019719e+01  Q=4.400000000000e+01  λ=2.160364e+00  dt=8.777e-04  relΔE=5.000e-13  ||F||=3.009e-05
 step=138500  E=4.813379018151e+01  Q=4.400000000000e+01  λ=2.160365e+00  dt=1.359e-03  relΔE=7.372e-13  ||F||=2.943e-05
 step=139000  E=4.813379016693e+01  Q=4.400000000000e+01  λ=2.160365e+00  dt=1.052e-03  relΔE=5.440e-13  ||F||=2.880e-05
 step=139500  E=4.813379015261e+01  Q=4.400000000000e+01  λ=2.160365e+00  dt=8.138e-04  relΔE=4.012e-13  ||F||=2.818e-05
 step=140000  E=4.813379013927e+01  Q=4.400000000000e+01  λ=2.160365e+00  dt=1.260e-03  relΔE=5.903e-13  ||F||=2.756e-05
 step=140500  E=4.813379012656e+01  Q=4.400000000000e+01  λ=2.160366e+00  dt=9.750e-04  relΔE=4.355e-13  ||F||=2.696e-05
 step=141000  E=4.813379011403e+01  Q=4.400000000000e+01  λ=2.160366e+00  dt=7.546e-04  relΔE=3.454e-13  ||F||=2.730e-05
 step=141500  E=4.813379010276e+01  Q=4.400000000000e+01  λ=2.160366e+00  dt=1.168e-03  relΔE=4.725e-13  ||F||=2.581e-05
 step=142000  E=4.813379009164e+01  Q=4.400000000000e+01  λ=2.160366e+00  dt=9.041e-04  relΔE=3.476e-13  ||F||=2.524e-05
 step=142500  E=4.813379008100e+01  Q=4.400000000000e+01  λ=2.160367e+00  dt=1.399e-03  relΔE=5.118e-13  ||F||=2.472e-05
 step=143000  E=4.813379007121e+01  Q=4.400000000000e+01  λ=2.160367e+00  dt=1.083e-03  relΔE=3.773e-13  ||F||=2.416e-05
 step=143500  E=4.813379006158e+01  Q=4.400000000000e+01  λ=2.160367e+00  dt=8.383e-04  relΔE=2.777e-13  ||F||=2.363e-05
 step=144000  E=4.813379005254e+01  Q=4.400000000000e+01  λ=2.160367e+00  dt=1.298e-03  relΔE=4.086e-13  ||F||=2.312e-05
 step=144500  E=4.813379004405e+01  Q=4.400000000000e+01  λ=2.160367e+00  dt=1.004e-03  relΔE=3.013e-13  ||F||=2.262e-05
 step=145000  E=4.813379003569e+01  Q=4.400000000000e+01  λ=2.160368e+00  dt=7.773e-04  relΔE=2.231e-13  ||F||=2.219e-05
 step=145500  E=4.813379002807e+01  Q=4.400000000000e+01  λ=2.160368e+00  dt=1.203e-03  relΔE=3.258e-13  ||F||=2.165e-05
 step=146000  E=4.813379002068e+01  Q=4.400000000000e+01  λ=2.160368e+00  dt=9.313e-04  relΔE=2.399e-13  ||F||=2.118e-05
 step=146500  E=4.813379001350e+01  Q=4.400000000000e+01  λ=2.160368e+00  dt=1.442e-03  relΔE=3.503e-13  ||F||=2.317e-05
 step=147000  E=4.813379000701e+01  Q=4.400000000000e+01  λ=2.160368e+00  dt=1.116e-03  relΔE=2.595e-13  ||F||=2.027e-05
 step=147500  E=4.813379000061e+01  Q=4.400000000000e+01  λ=2.160369e+00  dt=8.635e-04  relΔE=1.903e-13  ||F||=1.983e-05
 step=148000  E=4.813378999457e+01  Q=4.400000000000e+01  λ=2.160369e+00  dt=1.337e-03  relΔE=2.802e-13  ||F||=1.939e-05
 step=148500  E=4.813378998896e+01  Q=4.400000000000e+01  λ=2.160369e+00  dt=1.035e-03  relΔE=2.058e-13  ||F||=1.898e-05
 step=149000  E=4.813378998363e+01  Q=4.400000000000e+01  λ=2.160369e+00  dt=1.335e-03  relΔE=2.518e-13  ||F||=1.857e-05
 step=149500  E=4.813378997854e+01  Q=4.400000000000e+01  λ=2.160369e+00  dt=1.033e-03  relΔE=1.853e-13  ||F||=1.817e-05
 step=150000  E=4.813378997355e+01  Q=4.400000000000e+01  λ=2.160369e+00  dt=7.994e-04  relΔE=1.358e-13  ||F||=1.777e-05
 step=150500  E=4.813378996897e+01  Q=4.400000000000e+01  λ=2.160370e+00  dt=1.237e-03  relΔE=1.993e-13  ||F||=1.739e-05
 step=151000  E=4.813378996459e+01  Q=4.400000000000e+01  λ=2.160370e+00  dt=9.577e-04  relΔE=1.463e-13  ||F||=1.701e-05
 step=151500  E=4.813378996029e+01  Q=4.400000000000e+01  λ=2.160370e+00  dt=1.483e-03  relΔE=1.634e-13  ||F||=2.282e-04
 step=152000  E=4.813378995647e+01  Q=4.400000000000e+01  λ=2.160370e+00  dt=1.147e-03  relΔE=1.578e-13  ||F||=1.628e-05
 step=152500  E=4.813378995269e+01  Q=4.400000000000e+01  λ=2.160370e+00  dt=8.881e-04  relΔE=1.153e-13  ||F||=1.592e-05
 step=153000  E=4.813378994912e+01  Q=4.400000000000e+01  λ=2.160370e+00  dt=1.375e-03  relΔE=1.690e-13  ||F||=1.557e-05
 step=153500  E=4.813378994583e+01  Q=4.400000000000e+01  λ=2.160371e+00  dt=1.064e-03  relΔE=1.237e-13  ||F||=1.524e-05
 step=154000  E=4.813378994262e+01  Q=4.400000000000e+01  λ=2.160371e+00  dt=8.235e-04  relΔE=9.034e-14  ||F||=1.491e-05
 step=154500  E=4.813378993963e+01  Q=4.400000000000e+01  λ=2.160371e+00  dt=1.275e-03  relΔE=1.329e-13  ||F||=1.458e-05
 step=155000  E=4.813378993684e+01  Q=4.400000000000e+01  λ=2.160371e+00  dt=9.865e-04  relΔE=9.728e-14  ||F||=1.427e-05
 step=155500  E=4.813378993408e+01  Q=4.400000000000e+01  λ=2.160371e+00  dt=7.636e-04  relΔE=7.071e-14  ||F||=1.395e-05
 step=156000  E=4.813378993162e+01  Q=4.400000000000e+01  λ=2.160371e+00  dt=1.182e-03  relΔE=1.036e-13  ||F||=1.366e-05
 step=156500  E=4.813378992922e+01  Q=4.400000000000e+01  λ=2.160371e+00  dt=9.148e-04  relΔE=7.558e-14  ||F||=1.336e-05
 step=157000  E=4.813378992694e+01  Q=4.400000000000e+01  λ=2.160371e+00  dt=1.416e-03  relΔE=1.104e-13  ||F||=1.307e-05
 step=157500  E=4.813378992486e+01  Q=4.400000000000e+01  λ=2.160372e+00  dt=1.096e-03  relΔE=8.060e-14  ||F||=1.279e-05
 step=158000  E=4.813378992284e+01  Q=4.400000000000e+01  λ=2.160372e+00  dt=8.482e-04  relΔE=5.890e-14  ||F||=1.251e-05
 step=158500  E=4.813378992095e+01  Q=4.400000000000e+01  λ=2.160372e+00  dt=1.313e-03  relΔE=8.606e-14  ||F||=1.224e-05
 step=159000  E=4.813378991920e+01  Q=4.400000000000e+01  λ=2.160372e+00  dt=1.016e-03  relΔE=6.259e-14  ||F||=1.197e-05
 step=159500  E=4.813378991750e+01  Q=4.400000000000e+01  λ=2.160372e+00  dt=7.865e-04  relΔE=4.517e-14  ||F||=1.171e-05
 step=160000  E=4.813378991596e+01  Q=4.400000000000e+01  λ=2.160372e+00  dt=1.217e-03  relΔE=6.628e-14  ||F||=1.146e-05
 step=160500  E=4.813378991448e+01  Q=4.400000000000e+01  λ=2.160372e+00  dt=9.423e-04  relΔE=4.798e-14  ||F||=1.121e-05
 step=161000  E=4.813378991306e+01  Q=4.400000000000e+01  λ=2.160372e+00  dt=1.459e-03  relΔE=6.923e-14  ||F||=2.142e-05
 step=161500  E=4.813378991180e+01  Q=4.400000000000e+01  λ=2.160372e+00  dt=1.129e-03  relΔE=5.049e-14  ||F||=1.073e-05
 step=162000  E=4.813378991057e+01  Q=4.400000000000e+01  λ=2.160372e+00  dt=8.737e-04  relΔE=3.676e-14  ||F||=1.050e-05
 step=162500  E=4.813378990943e+01  Q=4.400000000000e+01  λ=2.160373e+00  dt=1.352e-03  relΔE=5.359e-14  ||F||=1.027e-05
 step=163000  E=4.813378990838e+01  Q=4.400000000000e+01  λ=2.160373e+00  dt=1.047e-03  relΔE=3.882e-14  ||F||=1.005e-05
 step=163500  E=4.813378990737e+01  Q=4.400000000000e+01  λ=2.160373e+00  dt=8.102e-04  relΔE=2.790e-14  ||F||=9.828e-06
 step=164000  E=4.813378990644e+01  Q=4.400000000000e+01  λ=2.160373e+00  dt=1.254e-03  relΔE=4.030e-14  ||F||=9.617e-06
 step=164500  E=4.813378990558e+01  Q=4.400000000000e+01  λ=2.160373e+00  dt=9.706e-04  relΔE=2.923e-14  ||F||=9.411e-06
 step=165000  E=4.813378990475e+01  Q=4.400000000000e+01  λ=2.160373e+00  dt=7.512e-04  relΔE=2.081e-14  ||F||=9.206e-06
 step=165500  E=4.813378990402e+01  Q=4.400000000000e+01  λ=2.160373e+00  dt=1.163e-03  relΔE=3.041e-14  ||F||=9.008e-06
 step=166000  E=4.813378990332e+01  Q=4.400000000000e+01  λ=2.160373e+00  dt=9.000e-04  relΔE=2.214e-14  ||F||=8.812e-06
 step=166500  E=4.813378990267e+01  Q=4.400000000000e+01  λ=2.160373e+00  dt=1.393e-03  relΔE=3.100e-14  ||F||=8.620e-06
 step=167000  E=4.813378990208e+01  Q=4.400000000000e+01  λ=2.160373e+00  dt=1.078e-03  relΔE=2.214e-14  ||F||=8.437e-06
 step=167500  E=4.813378990152e+01  Q=4.400000000000e+01  λ=2.160373e+00  dt=8.345e-04  relΔE=1.550e-14  ||F||=8.253e-06
 step=168000  E=4.813378990101e+01  Q=4.400000000000e+01  λ=2.160373e+00  dt=1.292e-03  relΔE=2.170e-14  ||F||=8.075e-06
 step=168500  E=4.813378990055e+01  Q=4.400000000000e+01  λ=2.160374e+00  dt=9.998e-04  relΔE=1.580e-14  ||F||=7.903e-06
 step=169000  E=4.813378990011e+01  Q=4.400000000000e+01  λ=2.160374e+00  dt=7.738e-04  relΔE=1.151e-14  ||F||=7.728e-06
 step=169500  E=4.813378989972e+01  Q=4.400000000000e+01  λ=2.160374e+00  dt=1.198e-03  relΔE=1.580e-14  ||F||=7.565e-06
 step=170000  E=4.813378989936e+01  Q=4.400000000000e+01  λ=2.160374e+00  dt=9.271e-04  relΔE=1.122e-14  ||F||=7.402e-06
 step=170500  E=4.813378989903e+01  Q=4.400000000000e+01  λ=2.160374e+00  dt=1.435e-03  relΔE=1.609e-14  ||F||=7.344e-06
 step=171000  E=4.813378989875e+01  Q=4.400000000000e+01  λ=2.160374e+00  dt=1.111e-03  relΔE=1.122e-14  ||F||=7.087e-06
 step=171500  E=4.813378989848e+01  Q=4.400000000000e+01  λ=2.160374e+00  dt=8.596e-04  relΔE=7.086e-15  ||F||=6.932e-06
 step=172000  E=4.813378989824e+01  Q=4.400000000000e+01  λ=2.160374e+00  dt=1.331e-03  relΔE=1.092e-14  ||F||=6.782e-06
 step=172500  E=4.813378989803e+01  Q=4.400000000000e+01  λ=2.160374e+00  dt=1.030e-03  relΔE=7.086e-15  ||F||=6.638e-06
 step=173000  E=4.813378989784e+01  Q=4.400000000000e+01  λ=2.160374e+00  dt=7.971e-04  relΔE=5.167e-15  ||F||=6.493e-06
 step=173500  E=4.813378989768e+01  Q=4.400000000000e+01  λ=2.160374e+00  dt=1.234e-03  relΔE=6.790e-15  ||F||=6.355e-06
 step=174000  E=4.813378989754e+01  Q=4.400000000000e+01  λ=2.160374e+00  dt=9.550e-04  relΔE=4.724e-15  ||F||=6.219e-06
 step=174500  E=4.813378989741e+01  Q=4.400000000000e+01  λ=2.160374e+00  dt=7.391e-04  relΔE=3.543e-15  ||F||=2.264e-05
 step=175000  E=4.813378989732e+01  Q=4.400000000000e+01  λ=2.160374e+00  dt=1.144e-03  relΔE=3.838e-15  ||F||=5.955e-06
 step=175500  E=4.813378989723e+01  Q=4.400000000000e+01  λ=2.160374e+00  dt=8.855e-04  relΔE=2.510e-15  ||F||=5.826e-06
 step=176000  E=4.813378989717e+01  Q=4.400000000000e+01  λ=2.160374e+00  dt=1.371e-03  relΔE=2.214e-15  ||F||=5.700e-06
 step=176500  E=4.813378989712e+01  Q=4.400000000000e+01  λ=2.160375e+00  dt=1.061e-03  relΔE=1.919e-15  ||F||=5.580e-06
 step=177000  E=4.813378989708e+01  Q=4.400000000000e+01  λ=2.160375e+00  dt=8.211e-04  relΔE=8.857e-16  ||F||=5.460e-06
  !! dt fell below dt_min: stiffness-limited termination.

Stationary candidate (aggressive): E=4.813378989706e+01, Q=4.400000000000e+01, maxρ=1.375801e-01

=== Stability test (damped inertial dynamics) ===
Perturb eps=0.02, gamma=1
t=0: E=5.029252336265e+01, Q=4.400000000000e+01, maxρ=1.429463e-01, σ=4.474967e+00, Rc=1.880227e+01
 step=     1  E=5.029251250248e+01  Q=4.400000000000e+01  λ=2.552443e+00  maxρ=1.429463e-01  minρ=1.000e-15  σ=4.474967e+00  Rc=1.880227e+01
 step=   300  E=4.984731184610e+01  Q=4.400000000000e+01  λ=2.447688e+00  maxρ=1.427038e-01  minρ=1.000e-15  σ=4.474962e+00  Rc=1.880227e+01
 step=   600  E=4.895269175211e+01  Q=4.400000000000e+01  λ=2.258330e+00  maxρ=1.420202e-01  minρ=1.000e-15  σ=4.474955e+00  Rc=1.880227e+01
 step=   900  E=4.843033714255e+01  Q=4.400000000000e+01  λ=2.198768e+00  maxρ=1.410090e-01  minρ=1.000e-15  σ=4.474955e+00  Rc=1.880227e+01
 step=  1200  E=4.863014721545e+01  Q=4.400000000000e+01  λ=2.308803e+00  maxρ=1.405121e-01  minρ=1.000e-15  σ=4.474961e+00  Rc=1.880226e+01
 step=  1500  E=4.916377379498e+01  Q=4.400000000000e+01  λ=2.426853e+00  maxρ=1.406588e-01  minρ=1.000e-15  σ=4.474963e+00  Rc=1.880226e+01
 step=  1800  E=4.943351861213e+01  Q=4.400000000000e+01  λ=2.411123e+00  maxρ=1.411098e-01  minρ=1.000e-15  σ=4.474958e+00  Rc=1.880226e+01
 step=  2100  E=4.927193389077e+01  Q=4.400000000000e+01  λ=2.307230e+00  maxρ=1.403926e-01  minρ=1.000e-15  σ=4.474951e+00  Rc=1.880226e+01
 step=  2400  E=4.899398038910e+01  Q=4.400000000000e+01  λ=2.260601e+00  maxρ=1.390773e-01  minρ=1.000e-15  σ=4.474953e+00  Rc=1.880226e+01
 step=  2700  E=4.893051100268e+01  Q=4.400000000000e+01  λ=2.318218e+00  maxρ=1.398039e-01  minρ=1.000e-15  σ=4.474960e+00  Rc=1.880226e+01
 step=  3000  E=4.906802524624e+01  Q=4.400000000000e+01  λ=2.385798e+00  maxρ=1.410818e-01  minρ=1.000e-15  σ=4.474963e+00  Rc=1.880226e+01
 step=  3300  E=4.916576005981e+01  Q=4.400000000000e+01  λ=2.371634e+00  maxρ=1.414433e-01  minρ=1.000e-15  σ=4.474958e+00  Rc=1.880226e+01
 step=  3600  E=4.909722237496e+01  Q=4.400000000000e+01  λ=2.304049e+00  maxρ=1.406588e-01  minρ=1.000e-15  σ=4.474951e+00  Rc=1.880226e+01
 step=  3900  E=4.896680838440e+01  Q=4.400000000000e+01  λ=2.274968e+00  maxρ=1.405856e-01  minρ=1.000e-15  σ=4.474952e+00  Rc=1.880226e+01
 step=  4200  E=4.892395371349e+01  Q=4.400000000000e+01  λ=2.310208e+00  maxρ=1.400973e-01  minρ=1.000e-15  σ=4.474960e+00  Rc=1.880226e+01
 step=  4500  E=4.897379460893e+01  Q=4.400000000000e+01  λ=2.347508e+00  maxρ=1.398259e-01  minρ=1.000e-15  σ=4.474965e+00  Rc=1.880226e+01
 step=  4800  E=4.901251207547e+01  Q=4.400000000000e+01  λ=2.333732e+00  maxρ=1.405724e-01  minρ=1.000e-15  σ=4.474961e+00  Rc=1.880226e+01
 step=  5100  E=4.898455929691e+01  Q=4.400000000000e+01  λ=2.293535e+00  maxρ=1.405937e-01  minρ=1.000e-15  σ=4.474953e+00  Rc=1.880226e+01
 step=  5400  E=4.893508764333e+01  Q=4.400000000000e+01  λ=2.283027e+00  maxρ=1.404291e-01  minρ=1.000e-15  σ=4.474951e+00  Rc=1.880225e+01
 step=  5700  E=4.892064210127e+01  Q=4.400000000000e+01  λ=2.309094e+00  maxρ=1.399510e-01  minρ=1.000e-15  σ=4.474955e+00  Rc=1.880225e+01
 step=  6000  E=4.893159934657e+01  Q=4.400000000000e+01  λ=2.328144e+00  maxρ=1.400298e-01  minρ=1.000e-15  σ=4.474958e+00  Rc=1.880225e+01
 >>> No runaway detected in this horizon. Likely stable (within this model & box).

STABILITY: PASS
