
=== Aggressive relaxation to Q = 910 ===
Initial: E=3.375618180434e+03, Q=9.100000000000e+02, dt=1.000e-04
 step=     1  E=3.375330254214e+03  Q=9.100000000000e+02  λ=7.383913e+00  dt=1.000e-04  relΔE=8.530e-05  ||F||=1.779e+00
 step=   500  E=3.073180819142e+03  Q=9.100000000000e+02  λ=6.709290e+00  dt=6.192e-04  relΔE=3.245e-04  ||F||=1.458e+00
 step=  1000  E=2.459975343842e+03  Q=9.100000000000e+02  λ=5.333326e+00  dt=9.584e-04  relΔE=3.014e-04  ||F||=1.010e+00
 step=  1500  E=2.096001755237e+03  Q=9.100000000000e+02  λ=4.531075e+00  dt=1.484e-03  relΔE=1.564e-04  ||F||=5.381e+00
 step=  2000  E=1.862987755939e+03  Q=9.100000000000e+02  λ=4.000713e+00  dt=1.148e-03  relΔE=2.161e-04  ||F||=6.801e-01
 step=  2500  E=1.684850245729e+03  Q=9.100000000000e+02  λ=3.606089e+00  dt=8.887e-04  relΔE=1.391e-04  ||F||=5.899e-01
 step=  3000  E=1.548058373321e+03  Q=9.100000000000e+02  λ=3.304773e+00  dt=1.376e-03  relΔE=1.836e-04  ||F||=5.222e-01
 step=  3500  E=1.441664870849e+03  Q=9.100000000000e+02  λ=3.071000e+00  dt=1.065e-03  relΔE=1.241e-04  ||F||=4.708e-01
 step=  4000  E=1.351331099348e+03  Q=9.100000000000e+02  λ=2.873302e+00  dt=8.241e-04  relΔE=8.589e-05  ||F||=4.310e-01
 step=  4500  E=1.275433854043e+03  Q=9.100000000000e+02  λ=2.708028e+00  dt=1.276e-03  relΔE=1.233e-04  ||F||=4.033e-01
 step=  5000  E=1.207611754835e+03  Q=9.100000000000e+02  λ=2.560596e+00  dt=9.873e-04  relΔE=9.256e-05  ||F||=3.864e-01
 step=  5500  E=1.142125404990e+03  Q=9.100000000000e+02  λ=2.418235e+00  dt=7.641e-04  relΔE=7.398e-05  ||F||=3.822e-01
 step=  6000  E=1.083782383463e+03  Q=9.100000000000e+02  λ=2.290822e+00  dt=1.183e-03  relΔE=1.077e-04  ||F||=3.607e-01
 step=  6500  E=1.029848874579e+03  Q=9.100000000000e+02  λ=2.171764e+00  dt=9.154e-04  relΔE=7.546e-05  ||F||=3.346e-01
 step=  7000  E=9.853288422799e+02  Q=9.100000000000e+02  λ=2.072565e+00  dt=1.417e-03  relΔE=9.364e-05  ||F||=2.969e-01
 step=  7500  E=9.541182995564e+02  Q=9.100000000000e+02  λ=2.002309e+00  dt=1.097e-03  relΔE=5.163e-05  ||F||=2.434e-01
 step=  8000  E=9.331031449601e+02  Q=9.100000000000e+02  λ=1.954728e+00  dt=8.488e-04  relΔE=2.509e-05  ||F||=1.907e-01
 step=  8500  E=9.207657503104e+02  Q=9.100000000000e+02  λ=1.926704e+00  dt=1.314e-03  relΔE=2.238e-05  ||F||=1.438e-01
 step=  9000  E=9.140272174648e+02  Q=9.100000000000e+02  λ=1.911324e+00  dt=1.017e-03  relΔE=9.493e-06  ||F||=1.061e-01
 step=  9500  E=9.103266406995e+02  Q=9.100000000000e+02  λ=1.902855e+00  dt=7.871e-04  relΔE=3.799e-06  ||F||=7.612e-02
 step= 10000  E=9.085050233494e+02  Q=9.100000000000e+02  λ=1.898673e+00  dt=1.218e-03  relΔE=3.002e-06  ||F||=5.432e-02
 step= 10500  E=9.075685895857e+02  Q=9.100000000000e+02  λ=1.896508e+00  dt=9.430e-04  relΔE=1.163e-06  ||F||=3.839e-02
 step= 11000  E=9.070933412002e+02  Q=9.100000000000e+02  λ=1.895401e+00  dt=1.460e-03  relΔE=8.471e-07  ||F||=5.201e-02
 step= 11500  E=9.068713635723e+02  Q=9.100000000000e+02  λ=1.894875e+00  dt=1.130e-03  relΔE=3.412e-07  ||F||=1.898e-02
 step= 12000  E=9.067565911497e+02  Q=9.100000000000e+02  λ=1.894597e+00  dt=8.744e-04  relΔE=1.297e-07  ||F||=1.329e-02
 step= 12500  E=9.067001050507e+02  Q=9.100000000000e+02  λ=1.894456e+00  dt=1.353e-03  relΔE=9.954e-08  ||F||=9.350e-03
 step= 13000  E=9.066724482933e+02  Q=9.100000000000e+02  λ=1.894384e+00  dt=1.048e-03  relΔE=3.939e-08  ||F||=6.678e-03
 step= 13500  E=9.066578146001e+02  Q=9.100000000000e+02  λ=1.894343e+00  dt=8.108e-04  relΔE=1.562e-08  ||F||=4.776e-03
 step= 14000  E=9.066503571711e+02  Q=9.100000000000e+02  λ=1.894321e+00  dt=1.255e-03  relΔE=1.301e-08  ||F||=3.501e-03
 step= 14500  E=9.066462522363e+02  Q=9.100000000000e+02  λ=1.894309e+00  dt=9.713e-04  relΔE=5.679e-09  ||F||=2.630e-03
 step= 15000  E=9.066438090394e+02  Q=9.100000000000e+02  λ=1.894301e+00  dt=7.518e-04  relΔE=2.907e-09  ||F||=2.190e-03
 step= 15500  E=9.066423959094e+02  Q=9.100000000000e+02  λ=1.894296e+00  dt=1.164e-03  relΔE=2.571e-09  ||F||=1.623e-03
 step= 16000  E=9.066414330701e+02  Q=9.100000000000e+02  λ=1.894293e+00  dt=9.007e-04  relΔE=1.339e-09  ||F||=1.337e-03
 step= 16500  E=9.066407647257e+02  Q=9.100000000000e+02  λ=1.894291e+00  dt=1.394e-03  relΔE=1.469e-09  ||F||=1.133e-03
 step= 17000  E=9.066402947836e+02  Q=9.100000000000e+02  λ=1.894290e+00  dt=1.079e-03  relΔE=8.477e-10  ||F||=9.820e-04
 step= 17500  E=9.066399289718e+02  Q=9.100000000000e+02  λ=1.894289e+00  dt=8.352e-04  relΔE=4.989e-10  ||F||=8.615e-04
 step= 18000  E=9.066396516543e+02  Q=9.100000000000e+02  λ=1.894289e+00  dt=1.293e-03  relΔE=6.002e-10  ||F||=7.640e-04
 step= 18500  E=9.066394367596e+02  Q=9.100000000000e+02  λ=1.894289e+00  dt=1.001e-03  relΔE=3.666e-10  ||F||=6.829e-04
 step= 19000  E=9.066392607173e+02  Q=9.100000000000e+02  λ=1.894289e+00  dt=7.744e-04  relΔE=2.280e-10  ||F||=6.160e-04
 step= 19500  E=9.066391272532e+02  Q=9.100000000000e+02  λ=1.894289e+00  dt=1.199e-03  relΔE=2.771e-10  ||F||=5.495e-04
 step= 20000  E=9.066390185613e+02  Q=9.100000000000e+02  λ=1.894290e+00  dt=7.731e-04  relΔE=1.431e-10  ||F||=4.951e-04
 step= 20500  E=9.066389329120e+02  Q=9.100000000000e+02  λ=1.894290e+00  dt=1.197e-03  relΔE=1.773e-10  ||F||=4.463e-04
 step= 21000  E=9.066388632201e+02  Q=9.100000000000e+02  λ=1.894290e+00  dt=7.719e-04  relΔE=9.155e-11  ||F||=4.026e-04
 step= 21500  E=9.066388082342e+02  Q=9.100000000000e+02  λ=1.894291e+00  dt=1.195e-03  relΔE=1.134e-10  ||F||=3.633e-04
 step= 22000  E=9.066387633734e+02  Q=9.100000000000e+02  λ=1.894291e+00  dt=9.248e-04  relΔE=6.995e-11  ||F||=3.275e-04
 step= 22500  E=9.066387270577e+02  Q=9.100000000000e+02  λ=1.894291e+00  dt=1.431e-03  relΔE=8.556e-11  ||F||=3.202e-04
 step= 23000  E=9.066386994787e+02  Q=9.100000000000e+02  λ=1.894292e+00  dt=1.108e-03  relΔE=5.299e-11  ||F||=2.665e-04
 step= 23500  E=9.066386768004e+02  Q=9.100000000000e+02  λ=1.894292e+00  dt=8.575e-04  relΔE=3.240e-11  ||F||=2.402e-04
 step= 24000  E=9.066386590103e+02  Q=9.100000000000e+02  λ=1.894292e+00  dt=1.327e-03  relΔE=3.952e-11  ||F||=2.166e-04
 step= 24500  E=9.066386452663e+02  Q=9.100000000000e+02  λ=1.894292e+00  dt=1.027e-03  relΔE=2.412e-11  ||F||=1.957e-04
 step= 25000  E=9.066386340938e+02  Q=9.100000000000e+02  λ=1.894293e+00  dt=7.951e-04  relΔE=1.458e-11  ||F||=1.765e-04
 step= 25500  E=9.066386256940e+02  Q=9.100000000000e+02  λ=1.894293e+00  dt=1.231e-03  relΔE=1.752e-11  ||F||=1.592e-04
 step= 26000  E=9.066386191041e+02  Q=9.100000000000e+02  λ=1.894293e+00  dt=9.526e-04  relΔE=1.046e-11  ||F||=1.437e-04
 step= 26500  E=9.066386139021e+02  Q=9.100000000000e+02  λ=1.894293e+00  dt=1.475e-03  relΔE=8.017e-12  ||F||=5.744e-04
 step= 27000  E=9.066386101689e+02  Q=9.100000000000e+02  λ=1.894294e+00  dt=1.141e-03  relΔE=7.232e-12  ||F||=1.170e-04
 step= 27500  E=9.066386072551e+02  Q=9.100000000000e+02  λ=1.894294e+00  dt=8.833e-04  relΔE=4.151e-12  ||F||=1.055e-04
 step= 28000  E=9.066386051126e+02  Q=9.100000000000e+02  λ=1.894294e+00  dt=1.367e-03  relΔE=4.668e-12  ||F||=9.510e-05
 step= 28500  E=9.066386036097e+02  Q=9.100000000000e+02  λ=1.894294e+00  dt=1.058e-03  relΔE=2.573e-12  ||F||=8.596e-05
 step= 29000  E=9.066386025312e+02  Q=9.100000000000e+02  λ=1.894294e+00  dt=8.190e-04  relΔE=1.347e-12  ||F||=7.747e-05
 step= 29500  E=9.066386018340e+02  Q=9.100000000000e+02  λ=1.894294e+00  dt=1.268e-03  relΔE=1.324e-12  ||F||=6.994e-05
 step= 30000  E=9.066386014137e+02  Q=9.100000000000e+02  λ=1.894294e+00  dt=9.812e-04  relΔE=5.764e-13  ||F||=6.318e-05
 step= 30500  E=9.066386011974e+02  Q=9.100000000000e+02  λ=1.894294e+00  dt=7.594e-04  relΔE=1.826e-13  ||F||=5.698e-05
  !! dt fell below dt_min: stiffness-limited termination.

Stationary candidate (aggressive): E=9.066386011470e+02, Q=9.100000000000e+02, maxρ=8.853705e-01

=== Stability test (damped inertial dynamics) ===
Perturb eps=0.02, gamma=1
t=0: E=9.506213199529e+02, Q=9.100000000000e+02, maxρ=9.137666e-01, σ=2.423027e+00, Rc=1.891847e+01
 step=     1  E=9.506210999455e+02  Q=9.100000000000e+02  λ=2.277242e+00  maxρ=9.137666e-01  minρ=1.000e-15  σ=2.423027e+00  Rc=1.891847e+01
 step=   300  E=9.415980321873e+02  Q=9.100000000000e+02  λ=2.175565e+00  maxρ=9.122161e-01  minρ=1.000e-15  σ=2.423023e+00  Rc=1.891847e+01
 step=   600  E=9.234280221895e+02  Q=9.100000000000e+02  λ=1.991199e+00  maxρ=9.078452e-01  minρ=1.000e-15  σ=2.423017e+00  Rc=1.891848e+01
 step=   900  E=9.127315913444e+02  Q=9.100000000000e+02  λ=1.931829e+00  maxρ=9.013810e-01  minρ=1.000e-15  σ=2.423015e+00  Rc=1.891847e+01
 step=  1200  E=9.166756764794e+02  Q=9.100000000000e+02  λ=2.037393e+00  maxρ=8.981295e-01  minρ=1.000e-15  σ=2.423018e+00  Rc=1.891847e+01
 step=  1500  E=9.275042661815e+02  Q=9.100000000000e+02  λ=2.152783e+00  maxρ=9.032997e-01  minρ=1.000e-15  σ=2.423021e+00  Rc=1.891846e+01
 step=  1800  E=9.330929167647e+02  Q=9.100000000000e+02  λ=2.139809e+00  maxρ=9.061925e-01  minρ=1.000e-15  σ=2.423019e+00  Rc=1.891846e+01
 step=  2100  E=9.298997700541e+02  Q=9.100000000000e+02  λ=2.039997e+00  maxρ=9.015816e-01  minρ=1.000e-15  σ=2.423015e+00  Rc=1.891846e+01
 step=  2400  E=9.242105258393e+02  Q=9.100000000000e+02  λ=1.993025e+00  maxρ=8.926130e-01  minρ=1.000e-15  σ=2.423016e+00  Rc=1.891846e+01
 step=  2700  E=9.228213661467e+02  Q=9.100000000000e+02  λ=2.046552e+00  maxρ=8.943201e-01  minρ=1.000e-15  σ=2.423018e+00  Rc=1.891846e+01
 step=  3000  E=9.256212162889e+02  Q=9.100000000000e+02  λ=2.112254e+00  maxρ=9.031579e-01  minρ=1.000e-15  σ=2.423019e+00  Rc=1.891846e+01
 step=  3300  E=9.277377594794e+02  Q=9.100000000000e+02  λ=2.101204e+00  maxρ=9.054626e-01  minρ=1.000e-15  σ=2.423016e+00  Rc=1.891846e+01
 step=  3600  E=9.264344673237e+02  Q=9.100000000000e+02  λ=2.037528e+00  maxρ=9.047119e-01  minρ=1.000e-15  σ=2.423012e+00  Rc=1.891846e+01
 step=  3900  E=9.237003935688e+02  Q=9.100000000000e+02  λ=2.007905e+00  maxρ=9.047177e-01  minρ=1.000e-15  σ=2.423013e+00  Rc=1.891846e+01
 step=  4200  E=9.226636249156e+02  Q=9.100000000000e+02  λ=2.039036e+00  maxρ=9.015774e-01  minρ=1.000e-15  σ=2.423017e+00  Rc=1.891845e+01
 step=  4500  E=9.236383351002e+02  Q=9.100000000000e+02  λ=2.074270e+00  maxρ=8.992022e-01  minρ=1.000e-15  σ=2.423018e+00  Rc=1.891845e+01
 step=  4800  E=9.245698938912e+02  Q=9.100000000000e+02  λ=2.063119e+00  maxρ=9.028154e-01  minρ=1.000e-15  σ=2.423014e+00  Rc=1.891845e+01
 step=  5100  E=9.241479806111e+02  Q=9.100000000000e+02  λ=2.026587e+00  maxρ=9.041395e-01  minρ=1.000e-15  σ=2.423010e+00  Rc=1.891845e+01
 step=  5400  E=9.230964387743e+02  Q=9.100000000000e+02  λ=2.016019e+00  maxρ=9.030839e-01  minρ=1.000e-15  σ=2.423009e+00  Rc=1.891844e+01
 step=  5700  E=9.226075836298e+02  Q=9.100000000000e+02  λ=2.038697e+00  maxρ=9.000142e-01  minρ=1.000e-15  σ=2.423013e+00  Rc=1.891844e+01
 step=  6000  E=9.227243286724e+02  Q=9.100000000000e+02  λ=2.055678e+00  maxρ=8.964348e-01  minρ=1.000e-15  σ=2.423015e+00  Rc=1.891843e+01
 >>> No runaway detected in this horizon. Likely stable (within this model & box).

STABILITY: PASS
