
=== Aggressive relaxation to Q = 69 ===
Initial: E=2.635277501395e+02, Q=6.900000000000e+01, dt=1.000e-04
 step=     1  E=2.635060917545e+02  Q=6.900000000000e+01  λ=7.565294e+00  dt=1.000e-04  relΔE=8.219e-05  ||F||=1.772e+00
 step=   500  E=2.408244080410e+02  Q=6.900000000000e+01  λ=6.911203e+00  dt=6.192e-04  relΔE=3.109e-04  ||F||=1.451e+00
 step=  1000  E=1.938768904550e+02  Q=6.900000000000e+01  λ=5.557240e+00  dt=9.584e-04  relΔE=2.971e-04  ||F||=1.023e+00
 step=  1500  E=1.652157124169e+02  Q=6.900000000000e+01  λ=4.763057e+00  dt=6.182e-04  relΔE=5.779e-04  ||F||=8.178e+00
 step=  2000  E=1.469237931666e+02  Q=6.900000000000e+01  λ=4.206818e+00  dt=7.974e-04  relΔE=1.569e-04  ||F||=7.093e-01
 step=  2500  E=1.327695971227e+02  Q=6.900000000000e+01  λ=3.800862e+00  dt=1.234e-03  relΔE=2.009e-04  ||F||=6.131e-01
 step=  3000  E=1.216884905803e+02  Q=6.900000000000e+01  λ=3.482909e+00  dt=9.553e-04  relΔE=1.334e-04  ||F||=5.437e-01
 step=  3500  E=1.125752987717e+02  Q=6.900000000000e+01  λ=3.225694e+00  dt=1.479e-03  relΔE=9.488e-05  ||F||=3.069e+00
 step=  4000  E=1.054093541838e+02  Q=6.900000000000e+01  λ=3.016666e+00  dt=1.145e-03  relΔE=1.281e-04  ||F||=4.530e-01
 step=  4500  E=9.887912521393e+01  Q=6.900000000000e+01  λ=2.829802e+00  dt=8.858e-04  relΔE=9.496e-05  ||F||=4.294e-01
 step=  5000  E=9.291676880009e+01  Q=6.900000000000e+01  λ=2.659360e+00  dt=1.371e-03  relΔE=1.430e-04  ||F||=4.106e-01
 step=  5500  E=8.772165148228e+01  Q=6.900000000000e+01  λ=2.510098e+00  dt=1.061e-03  relΔE=1.020e-04  ||F||=3.830e-01
 step=  6000  E=8.328014092317e+01  Q=6.900000000000e+01  λ=2.381483e+00  dt=8.214e-04  relΔE=6.469e-05  ||F||=3.378e-01
 step=  6500  E=8.008259942318e+01  Q=6.900000000000e+01  λ=2.287891e+00  dt=1.271e-03  relΔE=7.201e-05  ||F||=2.809e-01
 step=  7000  E=7.798145305502e+01  Q=6.900000000000e+01  λ=2.225420e+00  dt=9.841e-04  relΔE=3.594e-05  ||F||=2.226e-01
 step=  7500  E=7.667156442896e+01  Q=6.900000000000e+01  λ=2.185840e+00  dt=7.616e-04  relΔE=1.726e-05  ||F||=1.741e-01
 step=  8000  E=7.596559191595e+01  Q=6.900000000000e+01  λ=2.164132e+00  dt=1.179e-03  relΔE=1.433e-05  ||F||=1.267e-01
 step=  8500  E=7.556174611716e+01  Q=6.900000000000e+01  λ=2.151452e+00  dt=9.125e-04  relΔE=6.060e-06  ||F||=9.342e-02
 step=  9000  E=7.534136504909e+01  Q=6.900000000000e+01  λ=2.144400e+00  dt=1.412e-03  relΔE=5.060e-06  ||F||=6.907e-02
 step=  9500  E=7.522562494273e+01  Q=6.900000000000e+01  λ=2.140629e+00  dt=1.093e-03  relΔE=2.183e-06  ||F||=5.111e-02
 step= 10000  E=7.515878448511e+01  Q=6.900000000000e+01  λ=2.138439e+00  dt=8.461e-04  relΔE=9.511e-07  ||F||=3.832e-02
 step= 10500  E=7.512065931980e+01  Q=6.900000000000e+01  λ=2.137211e+00  dt=1.310e-03  relΔE=8.744e-07  ||F||=2.952e-02
 step= 11000  E=7.509765633184e+01  Q=6.900000000000e+01  λ=2.136508e+00  dt=1.014e-03  relΔE=4.329e-07  ||F||=2.361e-02
 step= 11500  E=7.508194228805e+01  Q=6.900000000000e+01  λ=2.136075e+00  dt=7.845e-04  relΔE=2.305e-07  ||F||=1.958e-02
 step= 12000  E=7.507119308236e+01  Q=6.900000000000e+01  λ=2.135826e+00  dt=1.214e-03  relΔE=2.642e-07  ||F||=1.685e-02
 step= 12500  E=7.506276326037e+01  Q=6.900000000000e+01  λ=2.135670e+00  dt=9.399e-04  relΔE=1.622e-07  ||F||=1.501e-02
 step= 13000  E=7.505574514088e+01  Q=6.900000000000e+01  λ=2.135575e+00  dt=1.455e-03  relΔE=2.034e-07  ||F||=2.425e-02
 step= 13500  E=7.505010006531e+01  Q=6.900000000000e+01  λ=2.135522e+00  dt=1.126e-03  relΔE=1.398e-07  ||F||=1.273e-02
 step= 14000  E=7.504497575970e+01  Q=6.900000000000e+01  λ=2.135495e+00  dt=8.715e-04  relΔE=9.528e-08  ||F||=1.195e-02
 step= 14500  E=7.504043869100e+01  Q=6.900000000000e+01  λ=2.135485e+00  dt=1.349e-03  relΔE=1.317e-07  ||F||=1.129e-02
 step= 15000  E=7.503646353917e+01  Q=6.900000000000e+01  λ=2.135489e+00  dt=1.044e-03  relΔE=9.202e-08  ||F||=1.073e-02
 step= 15500  E=7.503273947556e+01  Q=6.900000000000e+01  λ=2.135502e+00  dt=8.081e-04  relΔE=6.462e-08  ||F||=1.022e-02
 step= 16000  E=7.502945443748e+01  Q=6.900000000000e+01  λ=2.135521e+00  dt=1.251e-03  relΔE=9.079e-08  ||F||=9.739e-03
 step= 16500  E=7.502645261326e+01  Q=6.900000000000e+01  λ=2.135546e+00  dt=9.682e-04  relΔE=6.411e-08  ||F||=9.303e-03
 step= 17000  E=7.502361434278e+01  Q=6.900000000000e+01  λ=2.135576e+00  dt=7.493e-04  relΔE=5.231e-08  ||F||=1.034e-02
 step= 17500  E=7.502116718673e+01  Q=6.900000000000e+01  λ=2.135607e+00  dt=1.160e-03  relΔE=6.421e-08  ||F||=8.506e-03
 step= 18000  E=7.501883901767e+01  Q=6.900000000000e+01  λ=2.135641e+00  dt=8.978e-04  relΔE=4.551e-08  ||F||=8.140e-03
 step= 18500  E=7.501669752230e+01  Q=6.900000000000e+01  λ=2.135677e+00  dt=1.390e-03  relΔE=6.455e-08  ||F||=7.799e-03
 step= 19000  E=7.501484067012e+01  Q=6.900000000000e+01  λ=2.135713e+00  dt=8.963e-04  relΔE=3.838e-08  ||F||=7.482e-03
 step= 19500  E=7.501301224454e+01  Q=6.900000000000e+01  λ=2.135751e+00  dt=1.387e-03  relΔE=5.451e-08  ||F||=7.170e-03
 step= 20000  E=7.501139556563e+01  Q=6.900000000000e+01  λ=2.135789e+00  dt=1.074e-03  relΔE=3.887e-08  ||F||=6.880e-03
 step= 20500  E=7.500986321830e+01  Q=6.900000000000e+01  λ=2.135828e+00  dt=8.311e-04  relΔE=2.770e-08  ||F||=6.602e-03
 step= 21000  E=7.500853281100e+01  Q=6.900000000000e+01  λ=2.135865e+00  dt=1.072e-03  relΔE=3.304e-08  ||F||=6.348e-03
 step= 21500  E=7.500720975893e+01  Q=6.900000000000e+01  λ=2.135904e+00  dt=8.297e-04  relΔE=2.356e-08  ||F||=6.094e-03
 step= 22000  E=7.500602302610e+01  Q=6.900000000000e+01  λ=2.135943e+00  dt=1.284e-03  relΔE=3.363e-08  ||F||=5.852e-03
 step= 22500  E=7.500493988437e+01  Q=6.900000000000e+01  λ=2.135981e+00  dt=9.941e-04  relΔE=2.407e-08  ||F||=5.627e-03
 step= 23000  E=7.500389879779e+01  Q=6.900000000000e+01  λ=2.136020e+00  dt=7.694e-04  relΔE=1.759e-08  ||F||=5.471e-03
 step= 23500  E=7.500298330516e+01  Q=6.900000000000e+01  λ=2.136056e+00  dt=1.191e-03  relΔE=2.465e-08  ||F||=5.203e-03
 step= 24000  E=7.500211092237e+01  Q=6.900000000000e+01  λ=2.136093e+00  dt=9.218e-04  relΔE=1.766e-08  ||F||=5.005e-03
 step= 24500  E=7.500129211045e+01  Q=6.900000000000e+01  λ=2.136130e+00  dt=1.427e-03  relΔE=2.524e-08  ||F||=5.097e-03
 step= 25000  E=7.500056617881e+01  Q=6.900000000000e+01  λ=2.136165e+00  dt=1.104e-03  relΔE=1.816e-08  ||F||=4.638e-03
 step= 25500  E=7.499986838444e+01  Q=6.900000000000e+01  λ=2.136201e+00  dt=8.547e-04  relΔE=1.303e-08  ||F||=4.465e-03
 step= 26000  E=7.499922620964e+01  Q=6.900000000000e+01  λ=2.136236e+00  dt=1.323e-03  relΔE=1.870e-08  ||F||=4.300e-03
 step= 26500  E=7.499864110683e+01  Q=6.900000000000e+01  λ=2.136269e+00  dt=1.024e-03  relΔE=1.345e-08  ||F||=4.145e-03
 step= 27000  E=7.499807858915e+01  Q=6.900000000000e+01  λ=2.136303e+00  dt=7.925e-04  relΔE=9.693e-09  ||F||=4.001e-03
 step= 27500  E=7.499757399226e+01  Q=6.900000000000e+01  λ=2.136335e+00  dt=1.227e-03  relΔE=1.389e-08  ||F||=3.850e-03
 step= 28000  E=7.499709906677e+01  Q=6.900000000000e+01  λ=2.136367e+00  dt=9.495e-04  relΔE=9.998e-09  ||F||=3.712e-03
 step= 28500  E=7.499664446227e+01  Q=6.900000000000e+01  λ=2.136399e+00  dt=1.470e-03  relΔE=1.294e-08  ||F||=1.084e-02
 step= 29000  E=7.499624506561e+01  Q=6.900000000000e+01  λ=2.136429e+00  dt=1.138e-03  relΔE=1.036e-08  ||F||=3.453e-03
 step= 29500  E=7.499585842599e+01  Q=6.900000000000e+01  λ=2.136459e+00  dt=8.804e-04  relΔE=7.461e-09  ||F||=3.331e-03
 step= 30000  E=7.499549908025e+01  Q=6.900000000000e+01  λ=2.136488e+00  dt=1.363e-03  relΔE=1.075e-08  ||F||=3.213e-03
 step= 30500  E=7.499517287975e+01  Q=6.900000000000e+01  λ=2.136516e+00  dt=1.055e-03  relΔE=7.756e-09  ||F||=3.103e-03
 step= 31000  E=7.499485877333e+01  Q=6.900000000000e+01  λ=2.136544e+00  dt=8.164e-04  relΔE=5.596e-09  ||F||=2.996e-03
 step= 31500  E=7.499457269881e+01  Q=6.900000000000e+01  λ=2.136571e+00  dt=1.264e-03  relΔE=8.065e-09  ||F||=2.891e-03
 step= 32000  E=7.499430608405e+01  Q=6.900000000000e+01  λ=2.136597e+00  dt=9.780e-04  relΔE=5.823e-09  ||F||=2.792e-03
 step= 32500  E=7.499404869578e+01  Q=6.900000000000e+01  λ=2.136623e+00  dt=7.570e-04  relΔE=4.539e-09  ||F||=2.809e-03
 step= 33000  E=7.499382131282e+01  Q=6.900000000000e+01  λ=2.136647e+00  dt=1.172e-03  relΔE=6.069e-09  ||F||=2.605e-03
 step= 33500  E=7.499360178751e+01  Q=6.900000000000e+01  λ=2.136672e+00  dt=9.069e-04  relΔE=4.382e-09  ||F||=2.516e-03
 step= 34000  E=7.499339551133e+01  Q=6.900000000000e+01  λ=2.136696e+00  dt=1.404e-03  relΔE=6.325e-09  ||F||=2.440e-03
 step= 34500  E=7.499320929002e+01  Q=6.900000000000e+01  λ=2.136718e+00  dt=1.086e-03  relΔE=4.577e-09  ||F||=2.350e-03
 step= 35000  E=7.499303007337e+01  Q=6.900000000000e+01  λ=2.136741e+00  dt=8.409e-04  relΔE=3.308e-09  ||F||=2.271e-03
 step= 35500  E=7.499286418358e+01  Q=6.900000000000e+01  λ=2.136763e+00  dt=1.302e-03  relΔE=4.781e-09  ||F||=2.194e-03
 step= 36000  E=7.499271152104e+01  Q=6.900000000000e+01  λ=2.136784e+00  dt=1.007e-03  relΔE=3.461e-09  ||F||=2.122e-03
 step= 36500  E=7.499256335306e+01  Q=6.900000000000e+01  λ=2.136805e+00  dt=7.797e-04  relΔE=2.533e-09  ||F||=2.064e-03
 step= 37000  E=7.499243090628e+01  Q=6.900000000000e+01  λ=2.136824e+00  dt=1.207e-03  relΔE=3.622e-09  ||F||=1.984e-03
 step= 37500  E=7.499230432538e+01  Q=6.900000000000e+01  λ=2.136844e+00  dt=9.342e-04  relΔE=2.621e-09  ||F||=1.918e-03
 step= 38000  E=7.499218322253e+01  Q=6.900000000000e+01  λ=2.136863e+00  dt=1.446e-03  relΔE=3.748e-09  ||F||=2.590e-03
 step= 38500  E=7.499207575130e+01  Q=6.900000000000e+01  λ=2.136881e+00  dt=1.119e-03  relΔE=2.748e-09  ||F||=1.795e-03
 step= 39000  E=7.499197121044e+01  Q=6.900000000000e+01  λ=2.136899e+00  dt=8.662e-04  relΔE=1.989e-09  ||F||=1.736e-03
 step= 39500  E=7.499187381098e+01  Q=6.900000000000e+01  λ=2.136917e+00  dt=1.341e-03  relΔE=2.879e-09  ||F||=1.679e-03
 step= 40000  E=7.499178466949e+01  Q=6.900000000000e+01  λ=2.136934e+00  dt=1.038e-03  relΔE=2.087e-09  ||F||=1.625e-03
 step= 40500  E=7.499169825844e+01  Q=6.900000000000e+01  λ=2.136950e+00  dt=8.032e-04  relΔE=1.516e-09  ||F||=1.574e-03
 step= 41000  E=7.499161981114e+01  Q=6.900000000000e+01  λ=2.136966e+00  dt=1.243e-03  relΔE=2.191e-09  ||F||=1.521e-03
 step= 41500  E=7.499154586741e+01  Q=6.900000000000e+01  λ=2.136982e+00  dt=9.623e-04  relΔE=1.588e-09  ||F||=1.472e-03
 step= 42000  E=7.499147426491e+01  Q=6.900000000000e+01  λ=2.136997e+00  dt=7.448e-04  relΔE=1.749e-09  ||F||=4.868e-03
 step= 42500  E=7.499141099695e+01  Q=6.900000000000e+01  λ=2.137011e+00  dt=1.153e-03  relΔE=1.669e-09  ||F||=1.379e-03
 step= 43000  E=7.499135017580e+01  Q=6.900000000000e+01  λ=2.137026e+00  dt=7.435e-04  relΔE=1.009e-09  ||F||=1.335e-03
 step= 43500  E=7.499129391047e+01  Q=6.900000000000e+01  λ=2.137039e+00  dt=1.151e-03  relΔE=1.464e-09  ||F||=1.293e-03
 step= 44000  E=7.499123972734e+01  Q=6.900000000000e+01  λ=2.137053e+00  dt=8.908e-04  relΔE=1.062e-09  ||F||=1.252e-03
 step= 44500  E=7.499118897959e+01  Q=6.900000000000e+01  λ=2.137066e+00  dt=1.379e-03  relΔE=1.539e-09  ||F||=1.212e-03
 step= 45000  E=7.499114268461e+01  Q=6.900000000000e+01  λ=2.137078e+00  dt=1.067e-03  relΔE=1.117e-09  ||F||=1.174e-03
 step= 45500  E=7.499109795310e+01  Q=6.900000000000e+01  λ=2.137091e+00  dt=8.260e-04  relΔE=8.108e-10  ||F||=1.136e-03
 step= 46000  E=7.499105667961e+01  Q=6.900000000000e+01  λ=2.137103e+00  dt=1.279e-03  relΔE=1.176e-09  ||F||=1.100e-03
 step= 46500  E=7.499101828898e+01  Q=6.900000000000e+01  λ=2.137114e+00  dt=9.896e-04  relΔE=8.536e-10  ||F||=1.066e-03
 step= 47000  E=7.499098091012e+01  Q=6.900000000000e+01  λ=2.137126e+00  dt=7.659e-04  relΔE=6.488e-10  ||F||=1.057e-03
 step= 47500  E=7.499094765011e+01  Q=6.900000000000e+01  λ=2.137137e+00  dt=1.186e-03  relΔE=8.991e-10  ||F||=9.994e-04
 step= 48000  E=7.499091545857e+01  Q=6.900000000000e+01  λ=2.137147e+00  dt=9.176e-04  relΔE=6.524e-10  ||F||=9.678e-04
 step= 48500  E=7.499088493099e+01  Q=6.900000000000e+01  λ=2.137158e+00  dt=1.420e-03  relΔE=9.454e-10  ||F||=9.654e-04
 step= 49000  E=7.499085744791e+01  Q=6.900000000000e+01  λ=2.137167e+00  dt=1.099e-03  relΔE=6.878e-10  ||F||=9.081e-04
 step= 49500  E=7.499083076035e+01  Q=6.900000000000e+01  λ=2.137177e+00  dt=8.508e-04  relΔE=4.992e-10  ||F||=8.796e-04
 step= 50000  E=7.499080594978e+01  Q=6.900000000000e+01  λ=2.137187e+00  dt=1.317e-03  relΔE=7.245e-10  ||F||=8.519e-04
 step= 50500  E=7.499078303292e+01  Q=6.900000000000e+01  λ=2.137196e+00  dt=1.019e-03  relΔE=5.265e-10  ||F||=8.256e-04
 step= 51000  E=7.499076074735e+01  Q=6.900000000000e+01  λ=2.137205e+00  dt=7.889e-04  relΔE=3.856e-10  ||F||=8.033e-04
 step= 51500  E=7.499074065646e+01  Q=6.900000000000e+01  λ=2.137213e+00  dt=1.221e-03  relΔE=5.552e-10  ||F||=7.748e-04
 step= 52000  E=7.499072148405e+01  Q=6.900000000000e+01  λ=2.137222e+00  dt=9.452e-04  relΔE=4.032e-10  ||F||=7.507e-04
 step= 52500  E=7.499070298633e+01  Q=6.900000000000e+01  λ=2.137230e+00  dt=1.463e-03  relΔE=5.311e-10  ||F||=2.140e-03
 step= 53000  E=7.499068659250e+01  Q=6.900000000000e+01  λ=2.137238e+00  dt=1.132e-03  relΔE=4.255e-10  ||F||=7.048e-04
 step= 53500  E=7.499067058318e+01  Q=6.900000000000e+01  λ=2.137245e+00  dt=8.764e-04  relΔE=3.089e-10  ||F||=6.828e-04
 step= 54000  E=7.499065558499e+01  Q=6.900000000000e+01  λ=2.137253e+00  dt=1.357e-03  relΔE=4.486e-10  ||F||=6.615e-04
 step= 54500  E=7.499064183578e+01  Q=6.900000000000e+01  λ=2.137260e+00  dt=1.050e-03  relΔE=3.262e-10  ||F||=6.413e-04
 step= 55000  E=7.499062850474e+01  Q=6.900000000000e+01  λ=2.137267e+00  dt=8.127e-04  relΔE=2.374e-10  ||F||=6.219e-04
 step= 55500  E=7.499061630248e+01  Q=6.900000000000e+01  λ=2.137274e+00  dt=1.258e-03  relΔE=3.442e-10  ||F||=6.021e-04
 step= 56000  E=7.499060482336e+01  Q=6.900000000000e+01  λ=2.137280e+00  dt=9.736e-04  relΔE=2.502e-10  ||F||=5.836e-04
 step= 56500  E=7.499059367064e+01  Q=6.900000000000e+01  λ=2.137287e+00  dt=7.536e-04  relΔE=2.066e-10  ||F||=6.083e-04
 step= 57000  E=7.499058377185e+01  Q=6.900000000000e+01  λ=2.137293e+00  dt=1.166e-03  relΔE=2.642e-10  ||F||=5.482e-04
 step= 57500  E=7.499057414491e+01  Q=6.900000000000e+01  λ=2.137299e+00  dt=9.028e-04  relΔE=1.919e-10  ||F||=5.312e-04
 step= 58000  E=7.499056504808e+01  Q=6.900000000000e+01  λ=2.137305e+00  dt=1.397e-03  relΔE=2.787e-10  ||F||=5.159e-04
 step= 58500  E=7.499055679526e+01  Q=6.900000000000e+01  λ=2.137310e+00  dt=1.082e-03  relΔE=2.028e-10  ||F||=4.991e-04
 step= 59000  E=7.499054878095e+01  Q=6.900000000000e+01  λ=2.137316e+00  dt=8.371e-04  relΔE=1.473e-10  ||F||=4.838e-04
 step= 59500  E=7.499054134596e+01  Q=6.900000000000e+01  λ=2.137321e+00  dt=1.296e-03  relΔE=2.140e-10  ||F||=4.688e-04
 step= 60000  E=7.499053445729e+01  Q=6.900000000000e+01  λ=2.137326e+00  dt=1.003e-03  relΔE=1.557e-10  ||F||=4.546e-04
 step= 60500  E=7.499052775188e+01  Q=6.900000000000e+01  λ=2.137331e+00  dt=7.762e-04  relΔE=1.142e-10  ||F||=4.428e-04
 step= 61000  E=7.499052172721e+01  Q=6.900000000000e+01  λ=2.137336e+00  dt=1.202e-03  relΔE=1.644e-10  ||F||=4.271e-04
 step= 61500  E=7.499051593014e+01  Q=6.900000000000e+01  λ=2.137341e+00  dt=9.299e-04  relΔE=1.195e-10  ||F||=4.140e-04
 step= 62000  E=7.499051038969e+01  Q=6.900000000000e+01  λ=2.137346e+00  dt=1.439e-03  relΔE=1.728e-10  ||F||=4.659e-04
 step= 62500  E=7.499050552994e+01  Q=6.900000000000e+01  λ=2.137350e+00  dt=9.284e-04  relΔE=1.054e-10  ||F||=3.893e-04
 step= 63000  E=7.499050061173e+01  Q=6.900000000000e+01  λ=2.137354e+00  dt=1.437e-03  relΔE=1.525e-10  ||F||=4.196e-04
 step= 63500  E=7.499049631495e+01  Q=6.900000000000e+01  λ=2.137358e+00  dt=9.269e-04  relΔE=9.288e-11  ||F||=3.661e-04
 step= 64000  E=7.499049197908e+01  Q=6.900000000000e+01  λ=2.137362e+00  dt=1.435e-03  relΔE=1.346e-10  ||F||=3.827e-04
 step= 64500  E=7.499048810410e+01  Q=6.900000000000e+01  λ=2.137366e+00  dt=1.111e-03  relΔE=9.814e-11  ||F||=3.441e-04
 step= 65000  E=7.499048433628e+01  Q=6.900000000000e+01  λ=2.137370e+00  dt=8.595e-04  relΔE=7.130e-11  ||F||=3.335e-04
 step= 65500  E=7.499048081469e+01  Q=6.900000000000e+01  λ=2.137374e+00  dt=1.330e-03  relΔE=1.036e-10  ||F||=3.233e-04
 step= 66000  E=7.499047757316e+01  Q=6.900000000000e+01  λ=2.137377e+00  dt=1.030e-03  relΔE=7.538e-11  ||F||=3.136e-04
 step= 66500  E=7.499047441946e+01  Q=6.900000000000e+01  λ=2.137381e+00  dt=7.970e-04  relΔE=5.496e-11  ||F||=3.045e-04
 step= 67000  E=7.499047155624e+01  Q=6.900000000000e+01  λ=2.137384e+00  dt=1.234e-03  relΔE=7.961e-11  ||F||=2.947e-04
 step= 67500  E=7.499046884005e+01  Q=6.900000000000e+01  λ=2.137388e+00  dt=9.548e-04  relΔE=5.788e-11  ||F||=2.858e-04
 step= 68000  E=7.499046620822e+01  Q=6.900000000000e+01  λ=2.137391e+00  dt=1.478e-03  relΔE=4.964e-11  ||F||=1.596e-03
 step= 68500  E=7.499046387389e+01  Q=6.900000000000e+01  λ=2.137394e+00  dt=1.144e-03  relΔE=6.116e-11  ||F||=2.686e-04
 step= 69000  E=7.499046159523e+01  Q=6.900000000000e+01  λ=2.137397e+00  dt=8.853e-04  relΔE=4.443e-11  ||F||=2.604e-04
 step= 69500  E=7.499045945744e+01  Q=6.900000000000e+01  λ=2.137400e+00  dt=1.370e-03  relΔE=6.455e-11  ||F||=2.525e-04
 step= 70000  E=7.499045749893e+01  Q=6.900000000000e+01  λ=2.137403e+00  dt=1.061e-03  relΔE=4.697e-11  ||F||=2.449e-04
 step= 70500  E=7.499045560197e+01  Q=6.900000000000e+01  λ=2.137405e+00  dt=8.209e-04  relΔE=3.417e-11  ||F||=2.375e-04
 step= 71000  E=7.499045385720e+01  Q=6.900000000000e+01  λ=2.137408e+00  dt=1.271e-03  relΔE=4.960e-11  ||F||=2.302e-04
 step= 71500  E=7.499045222312e+01  Q=6.900000000000e+01  λ=2.137411e+00  dt=9.835e-04  relΔE=3.607e-11  ||F||=2.232e-04
 step= 72000  E=7.499045063061e+01  Q=6.900000000000e+01  λ=2.137413e+00  dt=7.612e-04  relΔE=2.864e-11  ||F||=2.265e-04
 step= 72500  E=7.499044921583e+01  Q=6.900000000000e+01  λ=2.137416e+00  dt=1.178e-03  relΔE=3.809e-11  ||F||=2.099e-04
 step= 73000  E=7.499044784311e+01  Q=6.900000000000e+01  λ=2.137418e+00  dt=9.120e-04  relΔE=2.768e-11  ||F||=2.035e-04
 step= 73500  E=7.499044654013e+01  Q=6.900000000000e+01  λ=2.137420e+00  dt=1.412e-03  relΔE=4.017e-11  ||F||=1.996e-04
 step= 74000  E=7.499044536239e+01  Q=6.900000000000e+01  λ=2.137422e+00  dt=1.093e-03  relΔE=2.924e-11  ||F||=1.914e-04
 step= 74500  E=7.499044422085e+01  Q=6.900000000000e+01  λ=2.137425e+00  dt=8.456e-04  relΔE=2.124e-11  ||F||=1.856e-04
 step= 75000  E=7.499044315744e+01  Q=6.900000000000e+01  λ=2.137427e+00  dt=1.309e-03  relΔE=3.086e-11  ||F||=1.799e-04
 step= 75500  E=7.499044217540e+01  Q=6.900000000000e+01  λ=2.137429e+00  dt=1.013e-03  relΔE=2.244e-11  ||F||=1.745e-04
 step= 76000  E=7.499044121896e+01  Q=6.900000000000e+01  λ=2.137431e+00  dt=7.841e-04  relΔE=1.645e-11  ||F||=1.700e-04
 step= 76500  E=7.499044035693e+01  Q=6.900000000000e+01  λ=2.137433e+00  dt=1.214e-03  relΔE=2.369e-11  ||F||=1.641e-04
 step= 77000  E=7.499043953329e+01  Q=6.900000000000e+01  λ=2.137434e+00  dt=9.394e-04  relΔE=1.721e-11  ||F||=1.591e-04
 step= 77500  E=7.499043873994e+01  Q=6.900000000000e+01  λ=2.137436e+00  dt=1.454e-03  relΔE=2.429e-11  ||F||=2.777e-04
 step= 78000  E=7.499043803517e+01  Q=6.900000000000e+01  λ=2.137438e+00  dt=1.125e-03  relΔE=1.817e-11  ||F||=1.497e-04
 step= 78500  E=7.499043734656e+01  Q=6.900000000000e+01  λ=2.137440e+00  dt=8.711e-04  relΔE=1.319e-11  ||F||=1.451e-04
 step= 79000  E=7.499043670265e+01  Q=6.900000000000e+01  λ=2.137441e+00  dt=1.348e-03  relΔE=1.916e-11  ||F||=1.407e-04
 step= 79500  E=7.499043611203e+01  Q=6.900000000000e+01  λ=2.137443e+00  dt=1.044e-03  relΔE=1.393e-11  ||F||=1.365e-04
 step= 80000  E=7.499043553837e+01  Q=6.900000000000e+01  λ=2.137444e+00  dt=8.077e-04  relΔE=1.014e-11  ||F||=1.325e-04
 step= 80500  E=7.499043501521e+01  Q=6.900000000000e+01  λ=2.137446e+00  dt=1.250e-03  relΔE=1.469e-11  ||F||=1.283e-04
 step= 81000  E=7.499043452145e+01  Q=6.900000000000e+01  λ=2.137447e+00  dt=9.677e-04  relΔE=1.067e-11  ||F||=1.245e-04
 step= 81500  E=7.499043404265e+01  Q=6.900000000000e+01  λ=2.137449e+00  dt=7.489e-04  relΔE=1.247e-11  ||F||=4.964e-04
 step= 82000  E=7.499043361853e+01  Q=6.900000000000e+01  λ=2.137450e+00  dt=1.159e-03  relΔE=1.126e-11  ||F||=1.171e-04
 step= 82500  E=7.499043320526e+01  Q=6.900000000000e+01  λ=2.137451e+00  dt=8.973e-04  relΔE=8.169e-12  ||F||=1.135e-04
 step= 83000  E=7.499043281662e+01  Q=6.900000000000e+01  λ=2.137453e+00  dt=1.389e-03  relΔE=1.185e-11  ||F||=1.102e-04
 step= 83500  E=7.499043246291e+01  Q=6.900000000000e+01  λ=2.137454e+00  dt=1.075e-03  relΔE=8.615e-12  ||F||=1.068e-04
 step= 84000  E=7.499043212026e+01  Q=6.900000000000e+01  λ=2.137455e+00  dt=8.320e-04  relΔE=6.256e-12  ||F||=1.036e-04
 step= 84500  E=7.499043181797e+01  Q=6.900000000000e+01  λ=2.137456e+00  dt=1.073e-03  relΔE=7.583e-12  ||F||=1.005e-04
 step= 85000  E=7.499043151205e+01  Q=6.900000000000e+01  λ=2.137457e+00  dt=8.306e-04  relΔE=5.494e-12  ||F||=9.742e-05
 step= 85500  E=7.499043123048e+01  Q=6.900000000000e+01  λ=2.137458e+00  dt=1.286e-03  relΔE=7.970e-12  ||F||=9.446e-05
 step= 86000  E=7.499043097129e+01  Q=6.900000000000e+01  λ=2.137460e+00  dt=9.951e-04  relΔE=5.787e-12  ||F||=9.164e-05
 step= 86500  E=7.499043071989e+01  Q=6.900000000000e+01  λ=2.137461e+00  dt=7.702e-04  relΔE=4.270e-12  ||F||=8.957e-05
 step= 87000  E=7.499043049518e+01  Q=6.900000000000e+01  λ=2.137462e+00  dt=1.192e-03  relΔE=6.092e-12  ||F||=8.619e-05
 step= 87500  E=7.499043027860e+01  Q=6.900000000000e+01  λ=2.137463e+00  dt=9.227e-04  relΔE=4.418e-12  ||F||=8.358e-05
 step= 88000  E=7.499043007278e+01  Q=6.900000000000e+01  λ=2.137463e+00  dt=1.428e-03  relΔE=6.396e-12  ||F||=8.362e-05
 step= 88500  E=7.499042988797e+01  Q=6.900000000000e+01  λ=2.137464e+00  dt=1.105e-03  relΔE=4.650e-12  ||F||=7.863e-05
 step= 89000  E=7.499042970866e+01  Q=6.900000000000e+01  λ=2.137465e+00  dt=8.556e-04  relΔE=3.370e-12  ||F||=7.624e-05
 step= 89500  E=7.499042954172e+01  Q=6.900000000000e+01  λ=2.137466e+00  dt=1.324e-03  relΔE=4.884e-12  ||F||=7.392e-05
 step= 90000  E=7.499042938842e+01  Q=6.900000000000e+01  λ=2.137467e+00  dt=1.025e-03  relΔE=3.545e-12  ||F||=7.173e-05
 step= 90500  E=7.499042923950e+01  Q=6.900000000000e+01  λ=2.137468e+00  dt=7.934e-04  relΔE=2.581e-12  ||F||=6.970e-05
 step= 91000  E=7.499042910502e+01  Q=6.900000000000e+01  λ=2.137469e+00  dt=1.228e-03  relΔE=3.723e-12  ||F||=6.746e-05
 step= 91500  E=7.499042897748e+01  Q=6.900000000000e+01  λ=2.137469e+00  dt=9.505e-04  relΔE=2.698e-12  ||F||=6.543e-05
 step= 92000  E=7.499042885442e+01  Q=6.900000000000e+01  λ=2.137470e+00  dt=1.471e-03  relΔE=3.329e-12  ||F||=2.266e-04
 step= 92500  E=7.499042874570e+01  Q=6.900000000000e+01  λ=2.137471e+00  dt=1.139e-03  relΔE=2.833e-12  ||F||=6.155e-05
 step= 93000  E=7.499042863989e+01  Q=6.900000000000e+01  λ=2.137471e+00  dt=8.814e-04  relΔE=2.050e-12  ||F||=5.968e-05
 step= 93500  E=7.499042854101e+01  Q=6.900000000000e+01  λ=2.137472e+00  dt=1.364e-03  relΔE=2.968e-12  ||F||=5.787e-05
 step= 94000  E=7.499042845073e+01  Q=6.900000000000e+01  λ=2.137473e+00  dt=1.056e-03  relΔE=2.151e-12  ||F||=5.615e-05
 step= 94500  E=7.499042836356e+01  Q=6.900000000000e+01  λ=2.137473e+00  dt=8.172e-04  relΔE=1.558e-12  ||F||=5.447e-05
 step= 95000  E=7.499042828379e+01  Q=6.900000000000e+01  λ=2.137474e+00  dt=1.265e-03  relΔE=2.252e-12  ||F||=5.281e-05
 step= 95500  E=7.499042820942e+01  Q=6.900000000000e+01  λ=2.137475e+00  dt=9.791e-04  relΔE=1.630e-12  ||F||=5.123e-05
 step= 96000  E=7.499042813726e+01  Q=6.900000000000e+01  λ=2.137475e+00  dt=7.578e-04  relΔE=1.269e-12  ||F||=5.129e-05
 step= 96500  E=7.499042807347e+01  Q=6.900000000000e+01  λ=2.137476e+00  dt=1.173e-03  relΔE=1.706e-12  ||F||=4.819e-05
 step= 97000  E=7.499042801181e+01  Q=6.900000000000e+01  λ=2.137476e+00  dt=9.079e-04  relΔE=1.233e-12  ||F||=4.673e-05
 step= 97500  E=7.499042795374e+01  Q=6.900000000000e+01  λ=2.137477e+00  dt=1.405e-03  relΔE=1.781e-12  ||F||=4.546e-05
 step= 98000  E=7.499042790145e+01  Q=6.900000000000e+01  λ=2.137477e+00  dt=1.088e-03  relΔE=1.289e-12  ||F||=4.397e-05
 step= 98500  E=7.499042785094e+01  Q=6.900000000000e+01  λ=2.137478e+00  dt=8.418e-04  relΔE=9.301e-13  ||F||=4.264e-05
 step= 99000  E=7.499042780435e+01  Q=6.900000000000e+01  λ=2.137478e+00  dt=1.303e-03  relΔE=1.344e-12  ||F||=4.134e-05
 step= 99500  E=7.499042776148e+01  Q=6.900000000000e+01  λ=2.137479e+00  dt=1.009e-03  relΔE=9.710e-13  ||F||=4.012e-05
 step=100000  E=7.499042772001e+01  Q=6.900000000000e+01  λ=2.137479e+00  dt=7.806e-04  relΔE=7.099e-13  ||F||=3.911e-05
 step=100500  E=7.499042768299e+01  Q=6.900000000000e+01  λ=2.137480e+00  dt=1.208e-03  relΔE=1.011e-12  ||F||=3.773e-05
 step=101000  E=7.499042764776e+01  Q=6.900000000000e+01  λ=2.137480e+00  dt=9.352e-04  relΔE=7.288e-13  ||F||=3.660e-05
 step=101500  E=7.499042761418e+01  Q=6.900000000000e+01  λ=2.137481e+00  dt=1.448e-03  relΔE=1.038e-12  ||F||=4.681e-05
 step=102000  E=7.499042758446e+01  Q=6.900000000000e+01  λ=2.137481e+00  dt=1.120e-03  relΔE=7.576e-13  ||F||=3.443e-05
 step=102500  E=7.499042755574e+01  Q=6.900000000000e+01  λ=2.137481e+00  dt=8.671e-04  relΔE=5.456e-13  ||F||=3.339e-05
 step=103000  E=7.499042752912e+01  Q=6.900000000000e+01  λ=2.137482e+00  dt=1.342e-03  relΔE=7.857e-13  ||F||=3.237e-05
 step=103500  E=7.499042750491e+01  Q=6.900000000000e+01  λ=2.137482e+00  dt=1.039e-03  relΔE=5.659e-13  ||F||=3.142e-05
 step=104000  E=7.499042748159e+01  Q=6.900000000000e+01  λ=2.137482e+00  dt=8.041e-04  relΔE=4.076e-13  ||F||=3.048e-05
 step=104500  E=7.499042746056e+01  Q=6.900000000000e+01  λ=2.137483e+00  dt=1.245e-03  relΔE=5.844e-13  ||F||=2.955e-05
 step=105000  E=7.499042744092e+01  Q=6.900000000000e+01  λ=2.137483e+00  dt=9.633e-04  relΔE=4.205e-13  ||F||=2.866e-05
 step=105500  E=7.499042742206e+01  Q=6.900000000000e+01  λ=2.137483e+00  dt=7.456e-04  relΔE=4.188e-13  ||F||=1.265e-04
 step=106000  E=7.499042740558e+01  Q=6.900000000000e+01  λ=2.137484e+00  dt=1.154e-03  relΔE=4.334e-13  ||F||=2.696e-05
 step=106500  E=7.499042738986e+01  Q=6.900000000000e+01  λ=2.137484e+00  dt=7.443e-04  relΔE=2.592e-13  ||F||=2.616e-05
 step=107000  E=7.499042737566e+01  Q=6.900000000000e+01  λ=2.137484e+00  dt=1.152e-03  relΔE=3.726e-13  ||F||=2.539e-05
 step=107500  E=7.499042736191e+01  Q=6.900000000000e+01  λ=2.137485e+00  dt=8.918e-04  relΔE=2.661e-13  ||F||=2.462e-05
 step=108000  E=7.499042734924e+01  Q=6.900000000000e+01  λ=2.137485e+00  dt=1.380e-03  relΔE=3.803e-13  ||F||=2.387e-05
 step=108500  E=7.499042733783e+01  Q=6.900000000000e+01  λ=2.137485e+00  dt=1.068e-03  relΔE=2.725e-13  ||F||=2.316e-05
 step=109000  E=7.499042732696e+01  Q=6.900000000000e+01  λ=2.137485e+00  dt=8.269e-04  relΔE=1.950e-13  ||F||=2.245e-05
 step=109500  E=7.499042731710e+01  Q=6.900000000000e+01  λ=2.137486e+00  dt=1.280e-03  relΔE=2.784e-13  ||F||=2.178e-05
 step=110000  E=7.499042730810e+01  Q=6.900000000000e+01  λ=2.137486e+00  dt=9.907e-04  relΔE=1.986e-13  ||F||=2.113e-05
 step=110500  E=7.499042729949e+01  Q=6.900000000000e+01  λ=2.137486e+00  dt=7.667e-04  relΔE=1.402e-13  ||F||=2.047e-05
 step=111000  E=7.499042729200e+01  Q=6.900000000000e+01  λ=2.137486e+00  dt=1.187e-03  relΔE=2.007e-13  ||F||=1.987e-05
 step=111500  E=7.499042728489e+01  Q=6.900000000000e+01  λ=2.137487e+00  dt=9.186e-04  relΔE=1.425e-13  ||F||=1.927e-05
 step=112000  E=7.499042727830e+01  Q=6.900000000000e+01  λ=2.137487e+00  dt=1.422e-03  relΔE=2.013e-13  ||F||=1.868e-05
 step=112500  E=7.499042727250e+01  Q=6.900000000000e+01  λ=2.137487e+00  dt=1.101e-03  relΔE=1.427e-13  ||F||=1.813e-05
 step=113000  E=7.499042726702e+01  Q=6.900000000000e+01  λ=2.137487e+00  dt=8.518e-04  relΔE=1.008e-13  ||F||=1.757e-05
 step=113500  E=7.499042726208e+01  Q=6.900000000000e+01  λ=2.137488e+00  dt=1.318e-03  relΔE=1.425e-13  ||F||=1.704e-05
 step=114000  E=7.499042725765e+01  Q=6.900000000000e+01  λ=2.137488e+00  dt=1.020e-03  relΔE=1.001e-13  ||F||=1.654e-05
 step=114500  E=7.499042725348e+01  Q=6.900000000000e+01  λ=2.137488e+00  dt=7.898e-04  relΔE=6.993e-14  ||F||=1.603e-05
 step=115000  E=7.499042724983e+01  Q=6.900000000000e+01  λ=2.137488e+00  dt=1.223e-03  relΔE=9.854e-14  ||F||=1.556e-05
 step=115500  E=7.499042724649e+01  Q=6.900000000000e+01  λ=2.137488e+00  dt=9.462e-04  relΔE=6.917e-14  ||F||=1.509e-05
 step=116000  E=7.499042724339e+01  Q=6.900000000000e+01  λ=2.137488e+00  dt=1.465e-03  relΔE=9.570e-14  ||F||=3.549e-05
 step=116500  E=7.499042724076e+01  Q=6.900000000000e+01  λ=2.137489e+00  dt=1.134e-03  relΔE=6.727e-14  ||F||=1.420e-05
 step=117000  E=7.499042723830e+01  Q=6.900000000000e+01  λ=2.137489e+00  dt=8.774e-04  relΔE=4.681e-14  ||F||=1.377e-05
 step=117500  E=7.499042723613e+01  Q=6.900000000000e+01  λ=2.137489e+00  dt=1.358e-03  relΔE=6.386e-14  ||F||=1.335e-05
 step=118000  E=7.499042723424e+01  Q=6.900000000000e+01  λ=2.137489e+00  dt=1.051e-03  relΔE=4.378e-14  ||F||=1.296e-05
 step=118500  E=7.499042723252e+01  Q=6.900000000000e+01  λ=2.137489e+00  dt=8.136e-04  relΔE=2.956e-14  ||F||=1.256e-05
 step=119000  E=7.499042723104e+01  Q=6.900000000000e+01  λ=2.137489e+00  dt=1.259e-03  relΔE=4.036e-14  ||F||=1.219e-05
 step=119500  E=7.499042722976e+01  Q=6.900000000000e+01  λ=2.137489e+00  dt=9.747e-04  relΔE=2.691e-14  ||F||=1.183e-05
 step=120000  E=7.499042722861e+01  Q=6.900000000000e+01  λ=2.137490e+00  dt=7.544e-04  relΔE=1.800e-14  ||F||=1.146e-05
 step=120500  E=7.499042722769e+01  Q=6.900000000000e+01  λ=2.137490e+00  dt=1.168e-03  relΔE=2.312e-14  ||F||=1.113e-05
 step=121000  E=7.499042722689e+01  Q=6.900000000000e+01  λ=2.137490e+00  dt=9.038e-04  relΔE=1.535e-14  ||F||=1.079e-05
 step=121500  E=7.499042722622e+01  Q=6.900000000000e+01  λ=2.137490e+00  dt=1.399e-03  relΔE=1.895e-14  ||F||=1.047e-05
 step=122000  E=7.499042722571e+01  Q=6.900000000000e+01  λ=2.137490e+00  dt=1.083e-03  relΔE=1.156e-14  ||F||=1.016e-05
 step=122500  E=7.499042722529e+01  Q=6.900000000000e+01  λ=2.137490e+00  dt=8.380e-04  relΔE=6.822e-15  ||F||=9.855e-06
 step=123000  E=7.499042722499e+01  Q=6.900000000000e+01  λ=2.137490e+00  dt=1.297e-03  relΔE=7.391e-15  ||F||=9.561e-06
 step=123500  E=7.499042722479e+01  Q=6.900000000000e+01  λ=2.137490e+00  dt=1.004e-03  relΔE=3.601e-15  ||F||=9.281e-06
 step=124000  E=7.499042722468e+01  Q=6.900000000000e+01  λ=2.137491e+00  dt=7.771e-04  relΔE=1.137e-15  ||F||=8.998e-06
  !! dt fell below dt_min: stiffness-limited termination.

Stationary candidate (aggressive): E=7.499042722465e+01, Q=6.900000000000e+01, maxρ=1.859009e-01

=== Stability test (damped inertial dynamics) ===
Perturb eps=0.02, gamma=1
t=0: E=7.836781522247e+01, Q=6.900000000000e+01, maxρ=1.929415e-01, σ=3.900139e+00, Rc=1.881778e+01
 step=     1  E=7.836779824772e+01  Q=6.900000000000e+01  λ=2.527899e+00  maxρ=1.929415e-01  minρ=1.000e-15  σ=3.900139e+00  Rc=1.881778e+01
 step=   300  E=7.767186598191e+01  Q=6.900000000000e+01  λ=2.423722e+00  maxρ=1.926143e-01  minρ=1.000e-15  σ=3.900135e+00  Rc=1.881778e+01
 step=   600  E=7.627275106602e+01  Q=6.900000000000e+01  λ=2.235281e+00  maxρ=1.916917e-01  minρ=1.000e-15  σ=3.900128e+00  Rc=1.881779e+01
 step=   900  E=7.545439207182e+01  Q=6.900000000000e+01  λ=2.175707e+00  maxρ=1.903270e-01  minρ=1.000e-15  σ=3.900127e+00  Rc=1.881778e+01
 step=  1200  E=7.576517815380e+01  Q=6.900000000000e+01  λ=2.284866e+00  maxρ=1.896530e-01  minρ=1.000e-15  σ=3.900133e+00  Rc=1.881778e+01
 step=  1500  E=7.660009774313e+01  Q=6.900000000000e+01  λ=2.402451e+00  maxρ=1.899942e-01  minρ=1.000e-15  σ=3.900136e+00  Rc=1.881778e+01
 step=  1800  E=7.702445258999e+01  Q=6.900000000000e+01  λ=2.387329e+00  maxρ=1.906034e-01  minρ=1.000e-15  σ=3.900131e+00  Rc=1.881778e+01
 step=  2100  E=7.677347052187e+01  Q=6.900000000000e+01  λ=2.284257e+00  maxρ=1.896345e-01  minρ=1.000e-15  σ=3.900125e+00  Rc=1.881778e+01
 step=  2400  E=7.633745698578e+01  Q=6.900000000000e+01  λ=2.237521e+00  maxρ=1.877972e-01  minρ=1.000e-15  σ=3.900126e+00  Rc=1.881778e+01
 step=  2700  E=7.623538637113e+01  Q=6.900000000000e+01  λ=2.294271e+00  maxρ=1.885790e-01  minρ=1.000e-15  σ=3.900132e+00  Rc=1.881778e+01
 step=  3000  E=7.644975129166e+01  Q=6.900000000000e+01  λ=2.361449e+00  maxρ=1.904583e-01  minρ=1.000e-15  σ=3.900136e+00  Rc=1.881778e+01
 step=  3300  E=7.660501523605e+01  Q=6.900000000000e+01  λ=2.347917e+00  maxρ=1.909462e-01  minρ=1.000e-15  σ=3.900130e+00  Rc=1.881778e+01
 step=  3600  E=7.650031801064e+01  Q=6.900000000000e+01  λ=2.281149e+00  maxρ=1.899586e-01  minρ=1.000e-15  σ=3.900124e+00  Rc=1.881778e+01
 step=  3900  E=7.629569364511e+01  Q=6.900000000000e+01  λ=2.251992e+00  maxρ=1.899598e-01  minρ=1.000e-15  σ=3.900125e+00  Rc=1.881778e+01
 step=  4200  E=7.622557621149e+01  Q=6.900000000000e+01  λ=2.286406e+00  maxρ=1.893002e-01  minρ=1.000e-15  σ=3.900132e+00  Rc=1.881777e+01
 step=  4500  E=7.630176845673e+01  Q=6.900000000000e+01  λ=2.323245e+00  maxρ=1.889117e-01  minρ=1.000e-15  σ=3.900136e+00  Rc=1.881777e+01
 step=  4800  E=7.636393431443e+01  Q=6.900000000000e+01  λ=2.309941e+00  maxρ=1.898771e-01  minρ=1.000e-15  σ=3.900132e+00  Rc=1.881777e+01
 step=  5100  E=7.632301350408e+01  Q=6.900000000000e+01  λ=2.270475e+00  maxρ=1.899494e-01  minρ=1.000e-15  σ=3.900125e+00  Rc=1.881777e+01
 step=  5400  E=7.624610100636e+01  Q=6.900000000000e+01  λ=2.260020e+00  maxρ=1.897274e-01  minρ=1.000e-15  σ=3.900123e+00  Rc=1.881777e+01
 step=  5700  E=7.622121880065e+01  Q=6.900000000000e+01  λ=2.285483e+00  maxρ=1.890820e-01  minρ=1.000e-15  σ=3.900127e+00  Rc=1.881776e+01
 step=  6000  E=7.623642648898e+01  Q=6.900000000000e+01  λ=2.304128e+00  maxρ=1.886305e-01  minρ=1.000e-15  σ=3.900129e+00  Rc=1.881776e+01
 >>> No runaway detected in this horizon. Likely stable (within this model & box).

STABILITY: PASS
