
=== Aggressive relaxation to Q = 107 ===
Initial: E=4.068040537236e+02, Q=1.070000000000e+02, dt=1.000e-04
 step=     1  E=4.067705222624e+02  Q=1.070000000000e+02  λ=7.519971e+00  dt=1.000e-04  relΔE=8.243e-05  ||F||=1.770e+00
 step=   500  E=3.717205101033e+02  Q=1.070000000000e+02  λ=6.868039e+00  dt=6.192e-04  relΔE=3.108e-04  ||F||=1.447e+00
 step=  1000  E=2.995301667999e+02  Q=1.070000000000e+02  λ=5.525359e+00  dt=9.584e-04  relΔE=2.959e-04  ||F||=1.019e+00
 step=  1500  E=2.555292102260e+02  Q=1.070000000000e+02  λ=4.724802e+00  dt=1.484e-03  relΔE=1.089e-04  ||F||=6.145e+00
 step=  2000  E=2.267481708817e+02  Q=1.070000000000e+02  λ=4.176500e+00  dt=1.148e-03  relΔE=2.201e-04  ||F||=6.984e-01
 step=  2500  E=2.045913852643e+02  Q=1.070000000000e+02  λ=3.766697e+00  dt=8.887e-04  relΔE=1.429e-04  ||F||=6.075e-01
 step=  3000  E=1.875084263136e+02  Q=1.070000000000e+02  λ=3.451486e+00  dt=1.376e-03  relΔE=1.896e-04  ||F||=5.387e-01
 step=  3500  E=1.741904789975e+02  Q=1.070000000000e+02  λ=3.205648e+00  dt=1.065e-03  relΔE=1.292e-04  ||F||=4.870e-01
 step=  4000  E=1.627467497805e+02  Q=1.070000000000e+02  λ=2.994698e+00  dt=8.241e-04  relΔE=9.121e-05  ||F||=4.495e-01
 step=  4500  E=1.529007305287e+02  Q=1.070000000000e+02  λ=2.813644e+00  dt=1.276e-03  relΔE=1.349e-04  ||F||=4.260e-01
 step=  5000  E=1.439750855460e+02  Q=1.070000000000e+02  λ=2.649298e+00  dt=9.873e-04  relΔE=1.020e-04  ||F||=4.084e-01
 step=  5500  E=1.355980669952e+02  Q=1.070000000000e+02  λ=2.494483e+00  dt=7.641e-04  relΔE=7.858e-05  ||F||=3.961e-01
 step=  6000  E=1.289155889150e+02  Q=1.070000000000e+02  λ=2.369970e+00  dt=1.183e-03  relΔE=9.584e-05  ||F||=3.423e-01
 step=  6500  E=1.237097036461e+02  Q=1.070000000000e+02  λ=2.271558e+00  dt=9.154e-04  relΔE=5.466e-05  ||F||=2.879e-01
 step=  7000  E=1.201815598465e+02  Q=1.070000000000e+02  λ=2.203813e+00  dt=1.417e-03  relΔE=5.504e-05  ||F||=2.338e-01
 step=  7500  E=1.181031666201e+02  Q=1.070000000000e+02  λ=2.163066e+00  dt=1.097e-03  relΔE=2.587e-05  ||F||=1.768e-01
 step=  8000  E=1.168605997171e+02  Q=1.070000000000e+02  λ=2.138180e+00  dt=8.488e-04  relΔE=1.126e-05  ||F||=1.319e-01
 step=  8500  E=1.161848305162e+02  Q=1.070000000000e+02  λ=2.124318e+00  dt=1.314e-03  relΔE=9.521e-06  ||F||=9.717e-02
 step=  9000  E=1.158246283850e+02  Q=1.070000000000e+02  λ=2.116713e+00  dt=1.017e-03  relΔE=3.999e-06  ||F||=7.146e-02
 step=  9500  E=1.156247506678e+02  Q=1.070000000000e+02  λ=2.112375e+00  dt=7.871e-04  relΔE=1.660e-06  ||F||=5.229e-02
 step= 10000  E=1.155213009053e+02  Q=1.070000000000e+02  λ=2.110080e+00  dt=1.218e-03  relΔE=1.402e-06  ||F||=3.860e-02
 step= 10500  E=1.154628786923e+02  Q=1.070000000000e+02  λ=2.108772e+00  dt=9.430e-04  relΔE=6.114e-07  ||F||=2.896e-02
 step= 11000  E=1.154285549376e+02  Q=1.070000000000e+02  λ=2.108025e+00  dt=1.460e-03  relΔE=5.359e-07  ||F||=4.225e-02
 step= 11500  E=1.154087503116e+02  Q=1.070000000000e+02  λ=2.107626e+00  dt=1.130e-03  relΔE=2.748e-07  ||F||=1.773e-02
 step= 12000  E=1.153951607246e+02  Q=1.070000000000e+02  λ=2.107395e+00  dt=8.744e-04  relΔE=1.451e-07  ||F||=1.464e-02
 step= 12500  E=1.153855732158e+02  Q=1.070000000000e+02  λ=2.107274e+00  dt=1.353e-03  relΔE=1.658e-07  ||F||=1.259e-02
 step= 13000  E=1.153783947261e+02  Q=1.070000000000e+02  λ=2.107218e+00  dt=1.048e-03  relΔE=1.016e-07  ||F||=1.120e-02
 step= 13500  E=1.153724069712e+02  Q=1.070000000000e+02  λ=2.107200e+00  dt=8.108e-04  relΔE=6.503e-08  ||F||=1.019e-02
 step= 14000  E=1.153674835298e+02  Q=1.070000000000e+02  λ=2.107209e+00  dt=1.255e-03  relΔE=8.609e-08  ||F||=9.425e-03
 step= 14500  E=1.153632189092e+02  Q=1.070000000000e+02  λ=2.107233e+00  dt=9.713e-04  relΔE=5.828e-08  ||F||=8.816e-03
 step= 15000  E=1.153593298555e+02  Q=1.070000000000e+02  λ=2.107269e+00  dt=7.518e-04  relΔE=4.932e-08  ||F||=1.036e-02
 step= 15500  E=1.153560655326e+02  Q=1.070000000000e+02  λ=2.107309e+00  dt=1.164e-03  relΔE=5.517e-08  ||F||=7.839e-03
 step= 16000  E=1.153530320836e+02  Q=1.070000000000e+02  λ=2.107356e+00  dt=9.007e-04  relΔE=3.828e-08  ||F||=7.423e-03
 step= 16500  E=1.153502999594e+02  Q=1.070000000000e+02  λ=2.107406e+00  dt=1.394e-03  relΔE=5.326e-08  ||F||=7.049e-03
 step= 17000  E=1.153479106969e+02  Q=1.070000000000e+02  λ=2.107456e+00  dt=1.079e-03  relΔE=3.727e-08  ||F||=6.693e-03
 step= 17500  E=1.153456851328e+02  Q=1.070000000000e+02  λ=2.107508e+00  dt=8.352e-04  relΔE=2.605e-08  ||F||=6.361e-03
 step= 18000  E=1.153436963522e+02  Q=1.070000000000e+02  λ=2.107560e+00  dt=1.293e-03  relΔE=3.647e-08  ||F||=6.051e-03
 step= 18500  E=1.153419173441e+02  Q=1.070000000000e+02  λ=2.107611e+00  dt=1.001e-03  relΔE=2.560e-08  ||F||=5.763e-03
 step= 19000  E=1.153402444270e+02  Q=1.070000000000e+02  λ=2.107664e+00  dt=7.744e-04  relΔE=1.834e-08  ||F||=5.547e-03
 step= 19500  E=1.153387959894e+02  Q=1.070000000000e+02  λ=2.107713e+00  dt=1.199e-03  relΔE=2.523e-08  ||F||=5.228e-03
 step= 20000  E=1.153374477936e+02  Q=1.070000000000e+02  λ=2.107762e+00  dt=7.731e-04  relΔE=1.712e-08  ||F||=1.900e-02
 step= 20500  E=1.153362553300e+02  Q=1.070000000000e+02  λ=2.107809e+00  dt=1.197e-03  relΔE=2.084e-08  ||F||=4.755e-03
 step= 21000  E=1.153351392595e+02  Q=1.070000000000e+02  λ=2.107857e+00  dt=7.719e-04  relΔE=1.358e-08  ||F||=1.328e-02
 step= 21500  E=1.153341513247e+02  Q=1.070000000000e+02  λ=2.107901e+00  dt=1.195e-03  relΔE=1.725e-08  ||F||=4.331e-03
 step= 22000  E=1.153332242530e+02  Q=1.070000000000e+02  λ=2.107947e+00  dt=7.706e-04  relΔE=1.391e-08  ||F||=4.972e-02
 step= 22500  E=1.153324034266e+02  Q=1.070000000000e+02  λ=2.107988e+00  dt=1.193e-03  relΔE=1.432e-08  ||F||=3.950e-03
 step= 23000  E=1.153316332312e+02  Q=1.070000000000e+02  λ=2.108031e+00  dt=9.233e-04  relΔE=1.010e-08  ||F||=3.771e-03
 step= 23500  E=1.153309185525e+02  Q=1.070000000000e+02  λ=2.108072e+00  dt=1.429e-03  relΔE=1.421e-08  ||F||=3.838e-03
 step= 24000  E=1.153302956319e+02  Q=1.070000000000e+02  λ=2.108111e+00  dt=1.106e-03  relΔE=1.007e-08  ||F||=3.441e-03
 step= 24500  E=1.153297059416e+02  Q=1.070000000000e+02  λ=2.108150e+00  dt=8.561e-04  relΔE=7.113e-09  ||F||=3.287e-03
 step= 25000  E=1.153291718131e+02  Q=1.070000000000e+02  λ=2.108187e+00  dt=1.325e-03  relΔE=1.005e-08  ||F||=3.141e-03
 step= 25500  E=1.153286927092e+02  Q=1.070000000000e+02  λ=2.108222e+00  dt=1.026e-03  relΔE=7.115e-09  ||F||=3.004e-03
 step= 26000  E=1.153282393630e+02  Q=1.070000000000e+02  λ=2.108257e+00  dt=7.938e-04  relΔE=5.048e-09  ||F||=2.877e-03
 step= 26500  E=1.153278391501e+02  Q=1.070000000000e+02  λ=2.108290e+00  dt=1.229e-03  relΔE=7.120e-09  ||F||=2.746e-03
 step= 27000  E=1.153274683566e+02  Q=1.070000000000e+02  λ=2.108323e+00  dt=9.510e-04  relΔE=5.042e-09  ||F||=2.627e-03
 step= 27500  E=1.153271193512e+02  Q=1.070000000000e+02  λ=2.108355e+00  dt=1.472e-03  relΔE=5.973e-09  ||F||=9.446e-03
 step= 28000  E=1.153268174564e+02  Q=1.070000000000e+02  λ=2.108384e+00  dt=1.139e-03  relΔE=5.059e-09  ||F||=2.405e-03
 step= 28500  E=1.153265303929e+02  Q=1.070000000000e+02  λ=2.108413e+00  dt=8.818e-04  relΔE=3.583e-09  ||F||=2.301e-03
 step= 29000  E=1.153262675552e+02  Q=1.070000000000e+02  λ=2.108441e+00  dt=1.365e-03  relΔE=5.075e-09  ||F||=2.202e-03
 step= 29500  E=1.153260328992e+02  Q=1.070000000000e+02  λ=2.108467e+00  dt=1.056e-03  relΔE=3.604e-09  ||F||=2.109e-03
 step= 30000  E=1.153258106241e+02  Q=1.070000000000e+02  λ=2.108494e+00  dt=8.177e-04  relΔE=2.556e-09  ||F||=2.019e-03
 step= 30500  E=1.153256112919e+02  Q=1.070000000000e+02  λ=2.108519e+00  dt=1.266e-03  relΔE=3.623e-09  ||F||=1.933e-03
 step= 31000  E=1.153254290791e+02  Q=1.070000000000e+02  λ=2.108542e+00  dt=9.796e-04  relΔE=2.573e-09  ||F||=1.851e-03
 step= 31500  E=1.153252561025e+02  Q=1.070000000000e+02  λ=2.108566e+00  dt=7.582e-04  relΔE=1.923e-09  ||F||=1.822e-03
 step= 32000  E=1.153251057186e+02  Q=1.070000000000e+02  λ=2.108588e+00  dt=1.174e-03  relΔE=2.593e-09  ||F||=1.699e-03
 step= 32500  E=1.153249629106e+02  Q=1.070000000000e+02  λ=2.108610e+00  dt=9.084e-04  relΔE=1.840e-09  ||F||=1.627e-03
 step= 33000  E=1.153248310367e+02  Q=1.070000000000e+02  λ=2.108630e+00  dt=1.406e-03  relΔE=2.610e-09  ||F||=1.565e-03
 step= 33500  E=1.153247141545e+02  Q=1.070000000000e+02  λ=2.108650e+00  dt=1.088e-03  relΔE=1.857e-09  ||F||=1.494e-03
 step= 34000  E=1.153246032959e+02  Q=1.070000000000e+02  λ=2.108669e+00  dt=8.423e-04  relΔE=1.319e-09  ||F||=1.431e-03
 step= 34500  E=1.153245027409e+02  Q=1.070000000000e+02  λ=2.108688e+00  dt=1.304e-03  relΔE=1.873e-09  ||F||=1.371e-03
 step= 35000  E=1.153244116650e+02  Q=1.070000000000e+02  λ=2.108705e+00  dt=1.009e-03  relΔE=1.333e-09  ||F||=1.315e-03
 step= 35500  E=1.153243249081e+02  Q=1.070000000000e+02  λ=2.108723e+00  dt=7.810e-04  relΔE=9.542e-10  ||F||=1.265e-03
 step= 36000  E=1.153242485248e+02  Q=1.070000000000e+02  λ=2.108739e+00  dt=1.209e-03  relΔE=1.346e-09  ||F||=1.208e-03
 step= 36500  E=1.153241768975e+02  Q=1.070000000000e+02  λ=2.108754e+00  dt=9.357e-04  relΔE=9.572e-10  ||F||=1.158e-03
 step= 37000  E=1.153241096737e+02  Q=1.070000000000e+02  λ=2.108770e+00  dt=1.448e-03  relΔE=1.345e-09  ||F||=1.513e-03
 step= 37500  E=1.153240509883e+02  Q=1.070000000000e+02  λ=2.108784e+00  dt=1.121e-03  relΔE=9.684e-10  ||F||=1.065e-03
 step= 38000  E=1.153239949110e+02  Q=1.070000000000e+02  λ=2.108798e+00  dt=8.676e-04  relΔE=6.882e-10  ||F||=1.021e-03
 step= 38500  E=1.153239436639e+02  Q=1.070000000000e+02  λ=2.108812e+00  dt=1.343e-03  relΔE=9.785e-10  ||F||=9.785e-04
 step= 39000  E=1.153238975458e+02  Q=1.070000000000e+02  λ=2.108825e+00  dt=1.039e-03  relΔE=6.970e-10  ||F||=9.390e-04
 step= 39500  E=1.153238536383e+02  Q=1.070000000000e+02  λ=2.108837e+00  dt=8.045e-04  relΔE=4.974e-10  ||F||=9.020e-04
 step= 40000  E=1.153238145079e+02  Q=1.070000000000e+02  λ=2.108849e+00  dt=1.245e-03  relΔE=7.051e-10  ||F||=8.635e-04
 step= 40500  E=1.153237783310e+02  Q=1.070000000000e+02  λ=2.108860e+00  dt=9.638e-04  relΔE=5.020e-10  ||F||=8.284e-04
 step= 41000  E=1.153237438947e+02  Q=1.070000000000e+02  λ=2.108872e+00  dt=7.460e-04  relΔE=5.225e-10  ||F||=2.578e-03
 step= 41500  E=1.153237140764e+02  Q=1.070000000000e+02  λ=2.108882e+00  dt=1.155e-03  relΔE=5.084e-10  ||F||=7.623e-04
 step= 42000  E=1.153236858446e+02  Q=1.070000000000e+02  λ=2.108892e+00  dt=7.448e-04  relΔE=3.017e-10  ||F||=7.315e-04
 step= 42500  E=1.153236602391e+02  Q=1.070000000000e+02  λ=2.108902e+00  dt=1.153e-03  relΔE=4.299e-10  ||F||=7.022e-04
 step= 43000  E=1.153236360389e+02  Q=1.070000000000e+02  λ=2.108912e+00  dt=8.923e-04  relΔE=3.058e-10  ||F||=6.734e-04
 step= 43500  E=1.153236137964e+02  Q=1.070000000000e+02  λ=2.108921e+00  dt=1.381e-03  relΔE=4.349e-10  ||F||=6.462e-04
 step= 44000  E=1.153235938861e+02  Q=1.070000000000e+02  λ=2.108929e+00  dt=1.069e-03  relΔE=3.100e-10  ||F||=6.201e-04
 step= 44500  E=1.153235750295e+02  Q=1.070000000000e+02  λ=2.108938e+00  dt=8.273e-04  relΔE=2.207e-10  ||F||=5.949e-04
 step= 45000  E=1.153235579138e+02  Q=1.070000000000e+02  λ=2.108946e+00  dt=1.281e-03  relΔE=3.140e-10  ||F||=5.707e-04
 step= 45500  E=1.153235423351e+02  Q=1.070000000000e+02  λ=2.108953e+00  dt=9.912e-04  relΔE=2.237e-10  ||F||=5.479e-04
 step= 46000  E=1.153235274377e+02  Q=1.070000000000e+02  λ=2.108961e+00  dt=7.672e-04  relΔE=1.666e-10  ||F||=5.379e-04
 step= 46500  E=1.153235144341e+02  Q=1.070000000000e+02  λ=2.108968e+00  dt=1.188e-03  relΔE=2.267e-10  ||F||=5.045e-04
 step= 47000  E=1.153235021010e+02  Q=1.070000000000e+02  λ=2.108975e+00  dt=9.191e-04  relΔE=1.614e-10  ||F||=4.840e-04
 step= 47500  E=1.153234906182e+02  Q=1.070000000000e+02  λ=2.108982e+00  dt=1.423e-03  relΔE=2.293e-10  ||F||=4.758e-04
 step= 48000  E=1.153234804681e+02  Q=1.070000000000e+02  λ=2.108988e+00  dt=1.101e-03  relΔE=1.636e-10  ||F||=4.459e-04
 step= 48500  E=1.153234708266e+02  Q=1.070000000000e+02  λ=2.108994e+00  dt=8.522e-04  relΔE=1.164e-10  ||F||=4.278e-04
 step= 49000  E=1.153234620141e+02  Q=1.070000000000e+02  λ=2.109000e+00  dt=1.319e-03  relΔE=1.657e-10  ||F||=4.105e-04
 step= 49500  E=1.153234540549e+02  Q=1.070000000000e+02  λ=2.109005e+00  dt=1.021e-03  relΔE=1.181e-10  ||F||=3.942e-04
 step= 50000  E=1.153234464646e+02  Q=1.070000000000e+02  λ=2.109011e+00  dt=7.902e-04  relΔE=8.446e-11  ||F||=3.793e-04
 step= 50500  E=1.153234397404e+02  Q=1.070000000000e+02  λ=2.109016e+00  dt=1.223e-03  relΔE=1.196e-10  ||F||=3.631e-04
 step= 51000  E=1.153234334590e+02  Q=1.070000000000e+02  λ=2.109021e+00  dt=9.467e-04  relΔE=8.517e-11  ||F||=3.486e-04
 step= 51500  E=1.153234275275e+02  Q=1.070000000000e+02  λ=2.109026e+00  dt=1.465e-03  relΔE=1.120e-10  ||F||=8.820e-04
 step= 52000  E=1.153234223696e+02  Q=1.070000000000e+02  λ=2.109030e+00  dt=1.134e-03  relΔE=8.633e-11  ||F||=3.212e-04
 step= 52500  E=1.153234174326e+02  Q=1.070000000000e+02  λ=2.109035e+00  dt=8.779e-04  relΔE=6.140e-11  ||F||=3.082e-04
 step= 53000  E=1.153234129009e+02  Q=1.070000000000e+02  λ=2.109039e+00  dt=1.359e-03  relΔE=8.735e-11  ||F||=2.958e-04
 step= 53500  E=1.153234088313e+02  Q=1.070000000000e+02  λ=2.109043e+00  dt=1.052e-03  relΔE=6.225e-11  ||F||=2.841e-04
 step= 54000  E=1.153234049700e+02  Q=1.070000000000e+02  λ=2.109047e+00  dt=8.140e-04  relΔE=4.431e-11  ||F||=2.728e-04
 step= 54500  E=1.153234014993e+02  Q=1.070000000000e+02  λ=2.109051e+00  dt=1.260e-03  relΔE=6.300e-11  ||F||=2.617e-04
 step= 55000  E=1.153233983096e+02  Q=1.070000000000e+02  λ=2.109054e+00  dt=9.752e-04  relΔE=4.486e-11  ||F||=2.513e-04
 step= 55500  E=1.153233952715e+02  Q=1.070000000000e+02  λ=2.109058e+00  dt=7.548e-04  relΔE=3.616e-11  ||F||=2.583e-04
 step= 56000  E=1.153233926313e+02  Q=1.070000000000e+02  λ=2.109061e+00  dt=1.168e-03  relΔE=4.541e-11  ||F||=2.316e-04
 step= 56500  E=1.153233901168e+02  Q=1.070000000000e+02  λ=2.109064e+00  dt=9.043e-04  relΔE=3.229e-11  ||F||=2.223e-04
 step= 57000  E=1.153233877911e+02  Q=1.070000000000e+02  λ=2.109067e+00  dt=1.400e-03  relΔE=4.588e-11  ||F||=2.140e-04
 step= 57500  E=1.153233857261e+02  Q=1.070000000000e+02  λ=2.109070e+00  dt=1.083e-03  relΔE=3.269e-11  ||F||=2.050e-04
 step= 58000  E=1.153233837658e+02  Q=1.070000000000e+02  λ=2.109073e+00  dt=8.385e-04  relΔE=2.324e-11  ||F||=1.967e-04
 step= 58500  E=1.153233819856e+02  Q=1.070000000000e+02  λ=2.109076e+00  dt=1.298e-03  relΔE=3.303e-11  ||F||=1.889e-04
 step= 59000  E=1.153233803702e+02  Q=1.070000000000e+02  λ=2.109078e+00  dt=1.005e-03  relΔE=2.351e-11  ||F||=1.814e-04
 step= 59500  E=1.153233788314e+02  Q=1.070000000000e+02  λ=2.109081e+00  dt=7.775e-04  relΔE=1.690e-11  ||F||=1.751e-04
 step= 60000  E=1.153233774798e+02  Q=1.070000000000e+02  λ=2.109083e+00  dt=1.203e-03  relΔE=2.376e-11  ||F||=1.672e-04
 step= 60500  E=1.153233762095e+02  Q=1.070000000000e+02  λ=2.109086e+00  dt=9.315e-04  relΔE=1.688e-11  ||F||=1.605e-04
 step= 61000  E=1.153233750194e+02  Q=1.070000000000e+02  λ=2.109088e+00  dt=1.442e-03  relΔE=2.379e-11  ||F||=1.907e-04
 step= 61500  E=1.153233739798e+02  Q=1.070000000000e+02  λ=2.109090e+00  dt=1.116e-03  relΔE=1.705e-11  ||F||=1.480e-04
 step= 62000  E=1.153233729888e+02  Q=1.070000000000e+02  λ=2.109092e+00  dt=8.637e-04  relΔE=1.210e-11  ||F||=1.421e-04
 step= 62500  E=1.153233720848e+02  Q=1.070000000000e+02  λ=2.109094e+00  dt=1.337e-03  relΔE=1.718e-11  ||F||=1.364e-04
 step= 63000  E=1.153233712722e+02  Q=1.070000000000e+02  λ=2.109096e+00  dt=1.035e-03  relΔE=1.222e-11  ||F||=1.310e-04
 step= 63500  E=1.153233704985e+02  Q=1.070000000000e+02  λ=2.109098e+00  dt=8.009e-04  relΔE=8.710e-12  ||F||=1.260e-04
 step= 64000  E=1.153233698129e+02  Q=1.070000000000e+02  λ=2.109099e+00  dt=1.240e-03  relΔE=1.230e-11  ||F||=1.207e-04
 step= 64500  E=1.153233691831e+02  Q=1.070000000000e+02  λ=2.109101e+00  dt=7.996e-04  relΔE=7.282e-12  ||F||=1.160e-04
 step= 65000  E=1.153233686009e+02  Q=1.070000000000e+02  λ=2.109103e+00  dt=1.238e-03  relΔE=1.034e-11  ||F||=1.114e-04
 step= 65500  E=1.153233680665e+02  Q=1.070000000000e+02  λ=2.109104e+00  dt=9.579e-04  relΔE=7.333e-12  ||F||=1.070e-04
 step= 66000  E=1.153233675628e+02  Q=1.070000000000e+02  λ=2.109106e+00  dt=1.483e-03  relΔE=2.267e-12  ||F||=9.157e-04
 step= 66500  E=1.153233671253e+02  Q=1.070000000000e+02  λ=2.109107e+00  dt=1.148e-03  relΔE=7.371e-12  ||F||=9.863e-05
 step= 67000  E=1.153233667095e+02  Q=1.070000000000e+02  λ=2.109109e+00  dt=8.882e-04  relΔE=5.219e-12  ||F||=9.468e-05
 step= 67500  E=1.153233663293e+02  Q=1.070000000000e+02  λ=2.109110e+00  dt=1.375e-03  relΔE=7.388e-12  ||F||=9.090e-05
 step= 68000  E=1.153233659904e+02  Q=1.070000000000e+02  λ=2.109111e+00  dt=1.064e-03  relΔE=5.239e-12  ||F||=8.732e-05
 step= 68500  E=1.153233656705e+02  Q=1.070000000000e+02  λ=2.109112e+00  dt=8.236e-04  relΔE=3.708e-12  ||F||=8.384e-05
 step= 69000  E=1.153233653833e+02  Q=1.070000000000e+02  λ=2.109113e+00  dt=1.275e-03  relΔE=5.245e-12  ||F||=8.048e-05
 step= 69500  E=1.153233651222e+02  Q=1.070000000000e+02  λ=2.109115e+00  dt=9.867e-04  relΔE=3.712e-12  ||F||=7.731e-05
 step= 70000  E=1.153233648748e+02  Q=1.070000000000e+02  λ=2.109116e+00  dt=7.637e-04  relΔE=2.721e-12  ||F||=7.537e-05
 step= 70500  E=1.153233646604e+02  Q=1.070000000000e+02  λ=2.109117e+00  dt=1.182e-03  relΔE=3.709e-12  ||F||=7.128e-05
 step= 71000  E=1.153233644586e+02  Q=1.070000000000e+02  λ=2.109118e+00  dt=9.149e-04  relΔE=2.618e-12  ||F||=6.844e-05
 step= 71500  E=1.153233642723e+02  Q=1.070000000000e+02  λ=2.109119e+00  dt=1.416e-03  relΔE=3.689e-12  ||F||=6.624e-05
 step= 72000  E=1.153233641090e+02  Q=1.070000000000e+02  λ=2.109120e+00  dt=1.096e-03  relΔE=2.608e-12  ||F||=6.312e-05
 step= 72500  E=1.153233639552e+02  Q=1.070000000000e+02  λ=2.109120e+00  dt=8.484e-04  relΔE=1.838e-12  ||F||=6.059e-05
 step= 73000  E=1.153233638162e+02  Q=1.070000000000e+02  λ=2.109121e+00  dt=1.313e-03  relΔE=2.588e-12  ||F||=5.817e-05
 step= 73500  E=1.153233636920e+02  Q=1.070000000000e+02  λ=2.109122e+00  dt=1.016e-03  relΔE=1.825e-12  ||F||=5.589e-05
 step= 74000  E=1.153233635746e+02  Q=1.070000000000e+02  λ=2.109123e+00  dt=7.867e-04  relΔE=1.296e-12  ||F||=5.385e-05
 step= 74500  E=1.153233634722e+02  Q=1.070000000000e+02  λ=2.109124e+00  dt=1.218e-03  relΔE=1.805e-12  ||F||=5.152e-05
 step= 75000  E=1.153233633777e+02  Q=1.070000000000e+02  λ=2.109124e+00  dt=9.425e-04  relΔE=1.268e-12  ||F||=4.948e-05
 step= 75500  E=1.153233632896e+02  Q=1.070000000000e+02  λ=2.109125e+00  dt=1.459e-03  relΔE=1.720e-12  ||F||=8.173e-05
 step= 76000  E=1.153233632141e+02  Q=1.070000000000e+02  λ=2.109126e+00  dt=1.129e-03  relΔE=1.247e-12  ||F||=4.563e-05
 step= 76500  E=1.153233631430e+02  Q=1.070000000000e+02  λ=2.109126e+00  dt=8.739e-04  relΔE=8.728e-13  ||F||=4.380e-05
 step= 77000  E=1.153233630789e+02  Q=1.070000000000e+02  λ=2.109127e+00  dt=1.353e-03  relΔE=1.220e-12  ||F||=4.205e-05
 step= 77500  E=1.153233630223e+02  Q=1.070000000000e+02  λ=2.109127e+00  dt=1.047e-03  relΔE=8.536e-13  ||F||=4.041e-05
 step= 78000  E=1.153233629695e+02  Q=1.070000000000e+02  λ=2.109128e+00  dt=8.103e-04  relΔE=5.962e-13  ||F||=3.881e-05
 step= 78500  E=1.153233629232e+02  Q=1.070000000000e+02  λ=2.109129e+00  dt=1.254e-03  relΔE=8.292e-13  ||F||=3.725e-05
 step= 79000  E=1.153233628816e+02  Q=1.070000000000e+02  λ=2.109129e+00  dt=9.708e-04  relΔE=5.772e-13  ||F||=3.578e-05
 step= 79500  E=1.153233628427e+02  Q=1.070000000000e+02  λ=2.109130e+00  dt=7.514e-04  relΔE=4.403e-13  ||F||=3.576e-05
 step= 80000  E=1.153233628099e+02  Q=1.070000000000e+02  λ=2.109130e+00  dt=1.163e-03  relΔE=5.550e-13  ||F||=3.299e-05
 step= 80500  E=1.153233627795e+02  Q=1.070000000000e+02  λ=2.109131e+00  dt=9.002e-04  relΔE=3.835e-13  ||F||=3.168e-05
 step= 81000  E=1.153233627522e+02  Q=1.070000000000e+02  λ=2.109131e+00  dt=1.393e-03  relΔE=5.279e-13  ||F||=3.042e-05
 step= 81500  E=1.153233627287e+02  Q=1.070000000000e+02  λ=2.109131e+00  dt=1.078e-03  relΔE=3.633e-13  ||F||=2.922e-05
 step= 82000  E=1.153233627071e+02  Q=1.070000000000e+02  λ=2.109132e+00  dt=8.347e-04  relΔE=2.493e-13  ||F||=2.805e-05
 step= 82500  E=1.153233626883e+02  Q=1.070000000000e+02  λ=2.109132e+00  dt=1.292e-03  relΔE=3.404e-13  ||F||=2.693e-05
 step= 83000  E=1.153233626719e+02  Q=1.070000000000e+02  λ=2.109133e+00  dt=1.000e-03  relΔE=2.317e-13  ||F||=2.587e-05
 step= 83500  E=1.153233626570e+02  Q=1.070000000000e+02  λ=2.109133e+00  dt=7.740e-04  relΔE=1.586e-13  ||F||=2.489e-05
 step= 84000  E=1.153233626446e+02  Q=1.070000000000e+02  λ=2.109133e+00  dt=1.198e-03  relΔE=2.123e-13  ||F||=2.386e-05
 step= 84500  E=1.153233626335e+02  Q=1.070000000000e+02  λ=2.109134e+00  dt=9.273e-04  relΔE=1.417e-13  ||F||=2.291e-05
 step= 85000  E=1.153233626238e+02  Q=1.070000000000e+02  λ=2.109134e+00  dt=1.435e-03  relΔE=1.880e-13  ||F||=2.227e-05
 step= 85500  E=1.153233626161e+02  Q=1.070000000000e+02  λ=2.109134e+00  dt=9.258e-04  relΔE=1.046e-13  ||F||=2.116e-05
 step= 86000  E=1.153233626090e+02  Q=1.070000000000e+02  λ=2.109135e+00  dt=1.433e-03  relΔE=1.358e-13  ||F||=2.033e-05
 step= 86500  E=1.153233626035e+02  Q=1.070000000000e+02  λ=2.109135e+00  dt=9.242e-04  relΔE=7.357e-14  ||F||=1.954e-05
 step= 87000  E=1.153233625986e+02  Q=1.070000000000e+02  λ=2.109135e+00  dt=1.431e-03  relΔE=9.328e-14  ||F||=1.876e-05
 step= 87500  E=1.153233625947e+02  Q=1.070000000000e+02  λ=2.109135e+00  dt=1.107e-03  relΔE=5.804e-14  ||F||=1.802e-05
 step= 88000  E=1.153233625916e+02  Q=1.070000000000e+02  λ=2.109136e+00  dt=8.570e-04  relΔE=3.524e-14  ||F||=1.730e-05
 step= 88500  E=1.153233625892e+02  Q=1.070000000000e+02  λ=2.109136e+00  dt=1.327e-03  relΔE=4.029e-14  ||F||=1.661e-05
 step= 89000  E=1.153233625875e+02  Q=1.070000000000e+02  λ=2.109136e+00  dt=1.027e-03  relΔE=2.156e-14  ||F||=1.596e-05
 step= 89500  E=1.153233625864e+02  Q=1.070000000000e+02  λ=2.109136e+00  dt=7.947e-04  relΔE=9.735e-15  ||F||=1.532e-05
 step= 90000  E=1.153233625858e+02  Q=1.070000000000e+02  λ=2.109136e+00  dt=1.230e-03  relΔE=6.777e-15  ||F||=1.472e-05
  !! dt fell below dt_min: stiffness-limited termination.

Stationary candidate (aggressive): E=1.153233625857e+02, Q=1.070000000000e+02, maxρ=2.483862e-01

=== Stability test (damped inertial dynamics) ===
Perturb eps=0.02, gamma=1
t=0: E=1.205473907140e+02, Q=1.070000000000e+02, maxρ=2.574666e-01, σ=3.455974e+00, Rc=1.883586e+01
 step=     1  E=1.205473644862e+02  Q=1.070000000000e+02  λ=2.497862e+00  maxρ=2.574666e-01  minρ=1.000e-15  σ=3.455974e+00  Rc=1.883586e+01
 step=   300  E=1.194719713149e+02  Q=1.070000000000e+02  λ=2.394261e+00  maxρ=2.570300e-01  minρ=1.000e-15  σ=3.455969e+00  Rc=1.883586e+01
 step=   600  E=1.173090078532e+02  Q=1.070000000000e+02  λ=2.206748e+00  maxρ=2.557989e-01  minρ=1.000e-15  σ=3.455963e+00  Rc=1.883586e+01
 step=   900  E=1.160416787126e+02  Q=1.070000000000e+02  λ=2.147186e+00  maxρ=2.539779e-01  minρ=1.000e-15  σ=3.455962e+00  Rc=1.883586e+01
 step=  1200  E=1.165193828432e+02  Q=1.070000000000e+02  λ=2.255487e+00  maxρ=2.530735e-01  minρ=1.000e-15  σ=3.455967e+00  Rc=1.883586e+01
 step=  1500  E=1.178102252177e+02  Q=1.070000000000e+02  λ=2.372585e+00  maxρ=2.537526e-01  minρ=1.000e-15  σ=3.455970e+00  Rc=1.883585e+01
 step=  1800  E=1.184695220023e+02  Q=1.070000000000e+02  λ=2.358023e+00  maxρ=2.545662e-01  minρ=1.000e-15  σ=3.455966e+00  Rc=1.883585e+01
 step=  2100  E=1.180840496897e+02  Q=1.070000000000e+02  λ=2.255752e+00  maxρ=2.532720e-01  minρ=1.000e-15  σ=3.455960e+00  Rc=1.883585e+01
 step=  2400  E=1.174085882031e+02  Q=1.070000000000e+02  λ=2.208938e+00  maxρ=2.507232e-01  minρ=1.000e-15  σ=3.455961e+00  Rc=1.883585e+01
 step=  2700  E=1.172473800992e+02  Q=1.070000000000e+02  λ=2.264868e+00  maxρ=2.514566e-01  minρ=1.000e-15  σ=3.455967e+00  Rc=1.883585e+01
 step=  3000  E=1.175780905972e+02  Q=1.070000000000e+02  λ=2.331657e+00  maxρ=2.542054e-01  minρ=1.000e-15  σ=3.455969e+00  Rc=1.883585e+01
 step=  3300  E=1.178213704204e+02  Q=1.070000000000e+02  λ=2.318725e+00  maxρ=2.548563e-01  minρ=1.000e-15  σ=3.455965e+00  Rc=1.883585e+01
 step=  3600  E=1.176625896046e+02  Q=1.070000000000e+02  λ=2.252739e+00  maxρ=2.538055e-01  minρ=1.000e-15  σ=3.455958e+00  Rc=1.883585e+01
 step=  3900  E=1.173450374870e+02  Q=1.070000000000e+02  λ=2.223510e+00  maxρ=2.538073e-01  minρ=1.000e-15  σ=3.455959e+00  Rc=1.883585e+01
 step=  4200  E=1.172324922887e+02  Q=1.070000000000e+02  λ=2.257133e+00  maxρ=2.529265e-01  minρ=1.000e-15  σ=3.455965e+00  Rc=1.883585e+01
 step=  4500  E=1.173483762463e+02  Q=1.070000000000e+02  λ=2.293537e+00  maxρ=2.523733e-01  minρ=1.000e-15  σ=3.455969e+00  Rc=1.883585e+01
 step=  4800  E=1.174471465493e+02  Q=1.070000000000e+02  λ=2.280699e+00  maxρ=2.535956e-01  minρ=1.000e-15  σ=3.455965e+00  Rc=1.883584e+01
 step=  5100  E=1.173876047052e+02  Q=1.070000000000e+02  λ=2.241940e+00  maxρ=2.537602e-01  minρ=1.000e-15  σ=3.455959e+00  Rc=1.883584e+01
 step=  5400  E=1.172686345904e+02  Q=1.070000000000e+02  λ=2.231517e+00  maxρ=2.534642e-01  minρ=1.000e-15  σ=3.455957e+00  Rc=1.883584e+01
 step=  5700  E=1.172263329784e+02  Q=1.070000000000e+02  λ=2.256370e+00  maxρ=2.526026e-01  minρ=1.000e-15  σ=3.455961e+00  Rc=1.883584e+01
 step=  6000  E=1.172471608670e+02  Q=1.070000000000e+02  λ=2.274615e+00  maxρ=2.516090e-01  minρ=1.000e-15  σ=3.455963e+00  Rc=1.883583e+01
 >>> No runaway detected in this horizon. Likely stable (within this model & box).

STABILITY: PASS
