
=== Aggressive relaxation to Q = 1521 ===
Initial: E=5.647175695160e+03, Q=1.521000000000e+03, dt=1.000e-04
 step=     1  E=5.646679926617e+03  Q=1.521000000000e+03  λ=7.501393e+00  dt=1.000e-04  relΔE=8.779e-05  ||F||=1.806e+00
 step=   500  E=5.121833131259e+03  Q=1.521000000000e+03  λ=6.778398e+00  dt=6.192e-04  relΔE=3.400e-04  ||F||=1.490e+00
 step=  1000  E=4.058913046148e+03  Q=1.521000000000e+03  λ=5.314757e+00  dt=9.584e-04  relΔE=3.122e-04  ||F||=1.022e+00
 step=  1500  E=3.443323326888e+03  Q=1.521000000000e+03  λ=4.485114e+00  dt=1.484e-03  relΔE=1.447e-04  ||F||=5.584e+00
 step=  2000  E=3.055120167381e+03  Q=1.521000000000e+03  λ=3.944715e+00  dt=1.148e-03  relΔE=2.182e-04  ||F||=6.770e-01
 step=  2500  E=2.761155021037e+03  Q=1.521000000000e+03  λ=3.547433e+00  dt=8.887e-04  relΔE=1.396e-04  ||F||=5.851e-01
 step=  3000  E=2.536774611933e+03  Q=1.521000000000e+03  λ=3.246268e+00  dt=1.376e-03  relΔE=1.834e-04  ||F||=5.167e-01
 step=  3500  E=2.363249269180e+03  Q=1.521000000000e+03  λ=3.014176e+00  dt=1.065e-03  relΔE=1.234e-04  ||F||=4.650e-01
 step=  4000  E=2.216079412617e+03  Q=1.521000000000e+03  λ=2.818273e+00  dt=8.241e-04  relΔE=8.502e-05  ||F||=4.248e-01
 step=  4500  E=2.093168283495e+03  Q=1.521000000000e+03  λ=2.655554e+00  dt=1.276e-03  relΔE=1.214e-04  ||F||=3.965e-01
 step=  5000  E=1.983759376607e+03  Q=1.521000000000e+03  λ=2.510972e+00  dt=9.873e-04  relΔE=9.084e-05  ||F||=3.795e-01
 step=  5500  E=1.877814166360e+03  Q=1.521000000000e+03  λ=2.371001e+00  dt=7.641e-04  relΔE=7.436e-05  ||F||=3.802e-01
 step=  6000  E=1.782404094110e+03  Q=1.521000000000e+03  λ=2.244636e+00  dt=1.183e-03  relΔE=1.083e-04  ||F||=3.589e-01
 step=  6500  E=1.692065260864e+03  Q=1.521000000000e+03  λ=2.124498e+00  dt=9.154e-04  relΔE=7.792e-05  ||F||=3.371e-01
 step=  7000  E=1.615618045097e+03  Q=1.521000000000e+03  λ=2.023316e+00  dt=1.417e-03  relΔE=9.891e-05  ||F||=3.051e-01
 step=  7500  E=1.561342658471e+03  Q=1.521000000000e+03  λ=1.952340e+00  dt=1.097e-03  relΔE=5.532e-05  ||F||=2.493e-01
 step=  8000  E=1.524378059911e+03  Q=1.521000000000e+03  λ=1.905169e+00  dt=8.488e-04  relΔE=2.700e-05  ||F||=1.956e-01
 step=  8500  E=1.502696292507e+03  Q=1.521000000000e+03  λ=1.878484e+00  dt=1.314e-03  relΔE=2.408e-05  ||F||=1.474e-01
 step=  9000  E=1.490871929798e+03  Q=1.521000000000e+03  λ=1.864570e+00  dt=1.017e-03  relΔE=1.021e-05  ||F||=1.087e-01
 step=  9500  E=1.484374582466e+03  Q=1.521000000000e+03  λ=1.857386e+00  dt=7.871e-04  relΔE=4.112e-06  ||F||=7.823e-02
 step= 10000  E=1.481172435358e+03  Q=1.521000000000e+03  λ=1.854124e+00  dt=1.218e-03  relΔE=3.258e-06  ||F||=5.589e-02
 step= 10500  E=1.479504345156e+03  Q=1.521000000000e+03  λ=1.852585e+00  dt=9.430e-04  relΔE=1.283e-06  ||F||=3.984e-02
 step= 11000  E=1.478638299090e+03  Q=1.521000000000e+03  λ=1.851876e+00  dt=1.460e-03  relΔE=9.625e-07  ||F||=5.674e-02
 step= 11500  E=1.478217206877e+03  Q=1.521000000000e+03  λ=1.851562e+00  dt=1.130e-03  relΔE=4.094e-07  ||F||=2.054e-02
 step= 12000  E=1.477984821938e+03  Q=1.521000000000e+03  λ=1.851391e+00  dt=8.744e-04  relΔE=1.688e-07  ||F||=1.499e-02
 step= 12500  E=1.477859046008e+03  Q=1.521000000000e+03  λ=1.851282e+00  dt=1.353e-03  relΔE=1.459e-07  ||F||=1.120e-02
 step= 13000  E=1.477788284038e+03  Q=1.521000000000e+03  λ=1.851196e+00  dt=1.048e-03  relΔE=6.744e-08  ||F||=8.655e-03
 step= 13500  E=1.477743695851e+03  Q=1.521000000000e+03  λ=1.851114e+00  dt=8.108e-04  relΔE=3.269e-08  ||F||=6.852e-03
 step= 14000  E=1.477715622106e+03  Q=1.521000000000e+03  λ=1.851037e+00  dt=1.255e-03  relΔE=3.388e-08  ||F||=5.611e-03
 step= 14500  E=1.477696254385e+03  Q=1.521000000000e+03  λ=1.850964e+00  dt=9.713e-04  relΔE=1.851e-08  ||F||=4.718e-03
 step= 15000  E=1.477681889508e+03  Q=1.521000000000e+03  λ=1.850891e+00  dt=7.518e-04  relΔE=1.151e-08  ||F||=4.265e-03
 step= 15500  E=1.477671760239e+03  Q=1.521000000000e+03  λ=1.850827e+00  dt=1.164e-03  relΔE=1.231e-08  ||F||=3.524e-03
 step= 16000  E=1.477663707514e+03  Q=1.521000000000e+03  λ=1.850765e+00  dt=9.007e-04  relΔE=7.347e-09  ||F||=3.098e-03
 step= 16500  E=1.477657437463e+03  Q=1.521000000000e+03  λ=1.850708e+00  dt=1.394e-03  relΔE=8.884e-09  ||F||=2.745e-03
 step= 17000  E=1.477652647695e+03  Q=1.521000000000e+03  λ=1.850659e+00  dt=1.079e-03  relΔE=5.459e-09  ||F||=2.446e-03
 step= 17500  E=1.477648728287e+03  Q=1.521000000000e+03  λ=1.850612e+00  dt=8.352e-04  relΔE=3.352e-09  ||F||=2.181e-03
 step= 18000  E=1.477645646104e+03  Q=1.521000000000e+03  λ=1.850571e+00  dt=1.293e-03  relΔE=4.139e-09  ||F||=1.951e-03
 step= 18500  E=1.477643210451e+03  Q=1.521000000000e+03  λ=1.850535e+00  dt=1.001e-03  relΔE=2.570e-09  ||F||=1.750e-03
 step= 19000  E=1.477641188237e+03  Q=1.521000000000e+03  λ=1.850501e+00  dt=7.744e-04  relΔE=1.621e-09  ||F||=1.582e-03
 step= 19500  E=1.477639641322e+03  Q=1.521000000000e+03  λ=1.850472e+00  dt=1.199e-03  relΔE=1.977e-09  ||F||=1.407e-03
 step= 20000  E=1.477638370759e+03  Q=1.521000000000e+03  λ=1.850446e+00  dt=7.731e-04  relΔE=1.038e-09  ||F||=1.276e-03
 step= 20500  E=1.477637369555e+03  Q=1.521000000000e+03  λ=1.850423e+00  dt=1.197e-03  relΔE=1.279e-09  ||F||=1.137e-03
 step= 21000  E=1.477636546364e+03  Q=1.521000000000e+03  λ=1.850402e+00  dt=7.719e-04  relΔE=6.696e-10  ||F||=1.030e-03
 step= 21500  E=1.477635897509e+03  Q=1.521000000000e+03  λ=1.850384e+00  dt=1.195e-03  relΔE=8.276e-10  ||F||=9.192e-04
 step= 22000  E=1.477635363316e+03  Q=1.521000000000e+03  λ=1.850367e+00  dt=7.706e-04  relΔE=4.355e-10  ||F||=8.823e-04
 step= 22500  E=1.477634942953e+03  Q=1.521000000000e+03  λ=1.850352e+00  dt=1.193e-03  relΔE=5.353e-10  ||F||=7.440e-04
 step= 23000  E=1.477634595989e+03  Q=1.521000000000e+03  λ=1.850339e+00  dt=9.233e-04  relΔE=3.322e-10  ||F||=6.684e-04
 step= 23500  E=1.477634313800e+03  Q=1.521000000000e+03  λ=1.850327e+00  dt=1.429e-03  relΔE=4.101e-10  ||F||=6.391e-04
 step= 24000  E=1.477634097267e+03  Q=1.521000000000e+03  λ=1.850316e+00  dt=1.106e-03  relΔE=2.562e-10  ||F||=5.404e-04
 step= 24500  E=1.477633917129e+03  Q=1.521000000000e+03  λ=1.850307e+00  dt=8.561e-04  relΔE=1.585e-10  ||F||=4.853e-04
 step= 25000  E=1.477633774212e+03  Q=1.521000000000e+03  λ=1.850298e+00  dt=1.325e-03  relΔE=1.960e-10  ||F||=4.361e-04
 step= 25500  E=1.477633662047e+03  Q=1.521000000000e+03  λ=1.850290e+00  dt=1.026e-03  relΔE=1.217e-10  ||F||=3.928e-04
 step= 26000  E=1.477633569023e+03  Q=1.521000000000e+03  λ=1.850283e+00  dt=7.938e-04  relΔE=7.536e-11  ||F||=3.536e-04
 step= 26500  E=1.477633497620e+03  Q=1.521000000000e+03  λ=1.850277e+00  dt=1.229e-03  relΔE=9.264e-11  ||F||=3.174e-04
 step= 27000  E=1.477633439852e+03  Q=1.521000000000e+03  λ=1.850272e+00  dt=9.510e-04  relΔE=5.707e-11  ||F||=2.855e-04
 step= 27500  E=1.477633392681e+03  Q=1.521000000000e+03  λ=1.850267e+00  dt=1.472e-03  relΔE=6.124e-11  ||F||=7.884e-04
 step= 28000  E=1.477633357380e+03  Q=1.521000000000e+03  λ=1.850262e+00  dt=1.139e-03  relΔE=4.303e-11  ||F||=2.310e-04
 step= 28500  E=1.477633328242e+03  Q=1.521000000000e+03  λ=1.850258e+00  dt=8.818e-04  relΔE=2.625e-11  ||F||=2.075e-04
 step= 29000  E=1.477633305328e+03  Q=1.521000000000e+03  λ=1.850255e+00  dt=1.365e-03  relΔE=3.192e-11  ||F||=1.865e-04
 step= 29500  E=1.477633287767e+03  Q=1.521000000000e+03  λ=1.850252e+00  dt=1.056e-03  relΔE=1.946e-11  ||F||=1.680e-04
 step= 30000  E=1.477633273573e+03  Q=1.521000000000e+03  λ=1.850249e+00  dt=8.177e-04  relΔE=1.173e-11  ||F||=1.510e-04
 step= 30500  E=1.477633262751e+03  Q=1.521000000000e+03  λ=1.850246e+00  dt=1.266e-03  relΔE=1.410e-11  ||F||=1.358e-04
 step= 31000  E=1.477633254388e+03  Q=1.521000000000e+03  λ=1.850244e+00  dt=9.796e-04  relΔE=8.436e-12  ||F||=1.223e-04
 step= 31500  E=1.477633247745e+03  Q=1.521000000000e+03  λ=1.850242e+00  dt=7.582e-04  relΔE=5.266e-12  ||F||=1.119e-04
 step= 32000  E=1.477633242950e+03  Q=1.521000000000e+03  λ=1.850240e+00  dt=1.174e-03  relΔE=5.856e-12  ||F||=9.895e-05
 step= 32500  E=1.477633239210e+03  Q=1.521000000000e+03  λ=1.850238e+00  dt=9.084e-04  relΔE=3.383e-12  ||F||=8.895e-05
 step= 33000  E=1.477633236419e+03  Q=1.521000000000e+03  λ=1.850237e+00  dt=1.406e-03  relΔE=3.833e-12  ||F||=8.007e-05
 step= 33500  E=1.477633234457e+03  Q=1.521000000000e+03  λ=1.850235e+00  dt=1.088e-03  relΔE=2.146e-12  ||F||=7.203e-05
 step= 34000  E=1.477633233020e+03  Q=1.521000000000e+03  λ=1.850234e+00  dt=8.423e-04  relΔE=1.152e-12  ||F||=6.473e-05
 step= 34500  E=1.477633232051e+03  Q=1.521000000000e+03  λ=1.850233e+00  dt=1.304e-03  relΔE=1.181e-12  ||F||=5.822e-05
 step= 35000  E=1.477633231440e+03  Q=1.521000000000e+03  λ=1.850232e+00  dt=1.009e-03  relΔE=5.626e-13  ||F||=5.245e-05
 step= 35500  E=1.477633231077e+03  Q=1.521000000000e+03  λ=1.850231e+00  dt=7.810e-04  relΔE=2.236e-13  ||F||=4.711e-05
 step= 36000  E=1.477633230925e+03  Q=1.521000000000e+03  λ=1.850230e+00  dt=1.209e-03  relΔE=1.049e-13  ||F||=4.244e-05
  !! dt fell below dt_min: stiffness-limited termination.

Stationary candidate (aggressive): E=1.477633230905e+03, Q=1.521000000000e+03, maxρ=1.100154e+00

=== Stability test (damped inertial dynamics) ===
Perturb eps=0.02, gamma=1
t=0: E=1.551350817542e+03, Q=1.521000000000e+03, maxρ=1.137759e+00, σ=2.481580e+00, Rc=1.890807e+01
 step=     1  E=1.551350448669e+03  Q=1.521000000000e+03  λ=2.234341e+00  maxρ=1.137759e+00  minρ=1.000e-15  σ=2.481580e+00  Rc=1.890807e+01
 step=   300  E=1.536222024217e+03  Q=1.521000000000e+03  λ=2.132326e+00  maxρ=1.135827e+00  minρ=1.000e-15  σ=2.481576e+00  Rc=1.890807e+01
 step=   600  E=1.505757275318e+03  Q=1.521000000000e+03  λ=1.947375e+00  maxρ=1.130382e+00  minρ=1.000e-15  σ=2.481570e+00  Rc=1.890807e+01
 step=   900  E=1.487822903553e+03  Q=1.521000000000e+03  λ=1.887880e+00  maxρ=1.122328e+00  minρ=1.000e-15  σ=2.481568e+00  Rc=1.890807e+01
 step=  1200  E=1.494437709934e+03  Q=1.521000000000e+03  λ=1.993830e+00  maxρ=1.118341e+00  minρ=1.000e-15  σ=2.481571e+00  Rc=1.890807e+01
 step=  1500  E=1.512603011696e+03  Q=1.521000000000e+03  λ=2.109534e+00  maxρ=1.123187e+00  minρ=1.000e-15  σ=2.481574e+00  Rc=1.890806e+01
 step=  1800  E=1.521992645111e+03  Q=1.521000000000e+03  λ=2.096422e+00  maxρ=1.126783e+00  minρ=1.000e-15  σ=2.481572e+00  Rc=1.890806e+01
 step=  2100  E=1.516657524550e+03  Q=1.521000000000e+03  λ=1.996321e+00  maxρ=1.121047e+00  minρ=1.000e-15  σ=2.481568e+00  Rc=1.890806e+01
 step=  2400  E=1.507115259454e+03  Q=1.521000000000e+03  λ=1.949367e+00  maxρ=1.109221e+00  minρ=1.000e-15  σ=2.481568e+00  Rc=1.890806e+01
 step=  2700  E=1.504750453570e+03  Q=1.521000000000e+03  λ=2.003152e+00  maxρ=1.112146e+00  minρ=1.000e-15  σ=2.481571e+00  Rc=1.890806e+01
 step=  3000  E=1.509398475876e+03  Q=1.521000000000e+03  λ=2.068894e+00  maxρ=1.124561e+00  minρ=1.000e-15  σ=2.481572e+00  Rc=1.890806e+01
 step=  3300  E=1.512931841303e+03  Q=1.521000000000e+03  λ=2.057534e+00  maxρ=1.127427e+00  minρ=1.000e-15  σ=2.481569e+00  Rc=1.890806e+01
 step=  3600  E=1.510781493800e+03  Q=1.521000000000e+03  λ=1.993620e+00  maxρ=1.124211e+00  minρ=1.000e-15  σ=2.481565e+00  Rc=1.890806e+01
 step=  3900  E=1.506251072289e+03  Q=1.521000000000e+03  λ=1.964194e+00  maxρ=1.124212e+00  minρ=1.000e-15  σ=2.481566e+00  Rc=1.890805e+01
 step=  4200  E=1.504530030736e+03  Q=1.521000000000e+03  λ=1.995714e+00  maxρ=1.120303e+00  minρ=1.000e-15  σ=2.481570e+00  Rc=1.890805e+01
 step=  4500  E=1.506125359983e+03  Q=1.521000000000e+03  λ=2.030985e+00  maxρ=1.117610e+00  minρ=1.000e-15  σ=2.481571e+00  Rc=1.890805e+01
 step=  4800  E=1.507633261459e+03  Q=1.521000000000e+03  λ=2.019432e+00  maxρ=1.122470e+00  minρ=1.000e-15  σ=2.481567e+00  Rc=1.890805e+01
 step=  5100  E=1.506916091922e+03  Q=1.521000000000e+03  λ=1.982572e+00  maxρ=1.123731e+00  minρ=1.000e-15  σ=2.481563e+00  Rc=1.890804e+01
 step=  5400  E=1.505199264477e+03  Q=1.521000000000e+03  λ=1.972182e+00  maxρ=1.122406e+00  minρ=1.000e-15  σ=2.481562e+00  Rc=1.890804e+01
 step=  5700  E=1.504432221239e+03  Q=1.521000000000e+03  λ=1.995318e+00  maxρ=1.118579e+00  minρ=1.000e-15  σ=2.481566e+00  Rc=1.890803e+01
 step=  6000  E=1.504630324955e+03  Q=1.521000000000e+03  λ=2.012450e+00  maxρ=1.114206e+00  minρ=1.000e-15  σ=2.481567e+00  Rc=1.890803e+01
 >>> No runaway detected in this horizon. Likely stable (within this model & box).

STABILITY: PASS
