
=== Aggressive relaxation to Q = 1941 ===
Initial: E=7.234240687783e+03, Q=1.941000000000e+03, dt=1.000e-04
 step=     1  E=7.233588201703e+03  Q=1.941000000000e+03  λ=7.618066e+00  dt=1.000e-04  relΔE=9.019e-05  ||F||=1.834e+00
 step=   500  E=6.540773700677e+03  Q=1.941000000000e+03  λ=6.849809e+00  dt=6.192e-04  relΔE=3.517e-04  ||F||=1.516e+00
 step=  1000  E=5.143956360047e+03  Q=1.941000000000e+03  λ=5.315573e+00  dt=9.584e-04  relΔE=3.194e-04  ||F||=1.030e+00
 step=  1500  E=4.350958519258e+03  Q=1.941000000000e+03  λ=4.467045e+00  dt=1.484e-03  relΔE=1.279e-04  ||F||=5.832e+00
 step=  2000  E=3.855085533590e+03  Q=1.941000000000e+03  λ=3.918115e+00  dt=1.148e-03  relΔE=2.201e-04  ||F||=6.761e-01
 step=  2500  E=3.481784258606e+03  Q=1.941000000000e+03  λ=3.517898e+00  dt=8.887e-04  relΔE=1.403e-04  ||F||=5.830e-01
 step=  3000  E=3.197886232966e+03  Q=1.941000000000e+03  λ=3.215806e+00  dt=1.376e-03  relΔE=1.838e-04  ||F||=5.142e-01
 step=  3500  E=2.978891363974e+03  Q=1.941000000000e+03  λ=2.983711e+00  dt=1.065e-03  relΔE=1.235e-04  ||F||=4.622e-01
 step=  4000  E=2.793740195640e+03  Q=1.941000000000e+03  λ=2.788492e+00  dt=8.241e-04  relΔE=8.484e-05  ||F||=4.217e-01
 step=  4500  E=2.638850091556e+03  Q=1.941000000000e+03  λ=2.626089e+00  dt=1.276e-03  relΔE=1.211e-04  ||F||=3.937e-01
 step=  5000  E=2.501141668802e+03  Q=1.941000000000e+03  λ=2.481921e+00  dt=9.873e-04  relΔE=9.077e-05  ||F||=3.771e-01
 step=  5500  E=2.367553409972e+03  Q=1.941000000000e+03  λ=2.342048e+00  dt=7.641e-04  relΔE=7.345e-05  ||F||=3.755e-01
 step=  6000  E=2.246375314586e+03  Q=1.941000000000e+03  λ=2.215013e+00  dt=1.183e-03  relΔE=1.092e-04  ||F||=3.581e-01
 step=  6500  E=2.131573804556e+03  Q=1.941000000000e+03  λ=2.094802e+00  dt=9.154e-04  relΔE=7.852e-05  ||F||=3.362e-01
 step=  7000  E=2.035041990653e+03  Q=1.941000000000e+03  λ=1.995364e+00  dt=1.417e-03  relΔE=9.875e-05  ||F||=2.999e-01
 step=  7500  E=1.967117802512e+03  Q=1.941000000000e+03  λ=1.927472e+00  dt=1.097e-03  relΔE=5.434e-05  ||F||=2.455e-01
 step=  8000  E=1.921738918299e+03  Q=1.941000000000e+03  λ=1.884239e+00  dt=8.488e-04  relΔE=2.614e-05  ||F||=1.913e-01
 step=  8500  E=1.895394794698e+03  Q=1.941000000000e+03  λ=1.860718e+00  dt=1.314e-03  relΔE=2.310e-05  ||F||=1.435e-01
 step=  9000  E=1.881107403245e+03  Q=1.941000000000e+03  λ=1.848927e+00  dt=1.017e-03  relΔE=9.773e-06  ||F||=1.057e-01
 step=  9500  E=1.873238218938e+03  Q=1.941000000000e+03  λ=1.843061e+00  dt=7.871e-04  relΔE=3.966e-06  ||F||=7.640e-02
 step= 10000  E=1.869314070523e+03  Q=1.941000000000e+03  λ=1.840477e+00  dt=1.218e-03  relΔE=3.197e-06  ||F||=5.506e-02
 step= 10500  E=1.867222365460e+03  Q=1.941000000000e+03  λ=1.839261e+00  dt=9.430e-04  relΔE=1.298e-06  ||F||=3.986e-02
 step= 11000  E=1.866094094881e+03  Q=1.941000000000e+03  λ=1.838660e+00  dt=1.460e-03  relΔE=1.025e-06  ||F||=5.633e-02
 step= 11500  E=1.865513865787e+03  Q=1.941000000000e+03  λ=1.838330e+00  dt=1.130e-03  relΔE=4.637e-07  ||F||=2.175e-02
 step= 12000  E=1.865169433290e+03  Q=1.941000000000e+03  λ=1.838080e+00  dt=8.744e-04  relΔE=2.085e-07  ||F||=1.657e-02
 step= 12500  E=1.864963909699e+03  Q=1.941000000000e+03  λ=1.837859e+00  dt=1.353e-03  relΔE=1.991e-07  ||F||=1.302e-02
 step= 13000  E=1.864836303870e+03  Q=1.941000000000e+03  λ=1.837653e+00  dt=1.048e-03  relΔE=1.020e-07  ||F||=1.059e-02
 step= 13500  E=1.864746973098e+03  Q=1.941000000000e+03  λ=1.837444e+00  dt=8.108e-04  relΔE=5.459e-08  ||F||=8.812e-03
 step= 14000  E=1.864685411967e+03  Q=1.941000000000e+03  λ=1.837249e+00  dt=1.255e-03  relΔE=6.137e-08  ||F||=7.513e-03
 step= 14500  E=1.864639721026e+03  Q=1.941000000000e+03  λ=1.837064e+00  dt=9.713e-04  relΔE=3.572e-08  ||F||=6.518e-03
 step= 15000  E=1.864603867677e+03  Q=1.941000000000e+03  λ=1.836884e+00  dt=7.518e-04  relΔE=2.467e-08  ||F||=6.333e-03
 step= 15500  E=1.864577615934e+03  Q=1.941000000000e+03  λ=1.836728e+00  dt=1.164e-03  relΔE=2.571e-08  ||F||=5.058e-03
 step= 16000  E=1.864556169449e+03  Q=1.941000000000e+03  λ=1.836580e+00  dt=9.007e-04  relΔE=1.570e-08  ||F||=4.496e-03
 step= 16500  E=1.864539098317e+03  Q=1.941000000000e+03  λ=1.836446e+00  dt=1.394e-03  relΔE=1.930e-08  ||F||=4.013e-03
 step= 17000  E=1.864525891388e+03  Q=1.941000000000e+03  λ=1.836328e+00  dt=1.079e-03  relΔE=1.200e-08  ||F||=3.595e-03
 step= 17500  E=1.864514966172e+03  Q=1.941000000000e+03  λ=1.836219e+00  dt=8.352e-04  relΔE=7.440e-09  ||F||=3.219e-03
 step= 18000  E=1.864506286521e+03  Q=1.941000000000e+03  λ=1.836122e+00  dt=1.293e-03  relΔE=9.262e-09  ||F||=2.889e-03
 step= 18500  E=1.864499391639e+03  Q=1.941000000000e+03  λ=1.836036e+00  dt=1.001e-03  relΔE=5.795e-09  ||F||=2.599e-03
 step= 19000  E=1.864493615880e+03  Q=1.941000000000e+03  λ=1.835957e+00  dt=7.744e-04  relΔE=3.669e-09  ||F||=2.353e-03
 step= 19500  E=1.864489166553e+03  Q=1.941000000000e+03  λ=1.835889e+00  dt=1.199e-03  relΔE=4.524e-09  ||F||=2.102e-03
 step= 20000  E=1.864485477137e+03  Q=1.941000000000e+03  λ=1.835827e+00  dt=9.278e-04  relΔE=2.829e-09  ||F||=1.891e-03
 step= 20500  E=1.864482441424e+03  Q=1.941000000000e+03  λ=1.835770e+00  dt=1.436e-03  relΔE=3.515e-09  ||F||=1.936e-03
 step= 21000  E=1.864480137758e+03  Q=1.941000000000e+03  λ=1.835723e+00  dt=9.263e-04  relΔE=1.857e-09  ||F||=1.536e-03
 step= 21500  E=1.864478143998e+03  Q=1.941000000000e+03  λ=1.835677e+00  dt=1.434e-03  relΔE=2.313e-09  ||F||=1.497e-03
 step= 22000  E=1.864476601779e+03  Q=1.941000000000e+03  λ=1.835638e+00  dt=1.110e-03  relΔE=1.460e-09  ||F||=1.247e-03
 step= 22500  E=1.864475303684e+03  Q=1.941000000000e+03  λ=1.835602e+00  dt=8.589e-04  relΔE=9.126e-10  ||F||=1.123e-03
 step= 23000  E=1.864474263156e+03  Q=1.941000000000e+03  λ=1.835570e+00  dt=1.329e-03  relΔE=1.143e-09  ||F||=1.011e-03
 step= 23500  E=1.864473434535e+03  Q=1.941000000000e+03  λ=1.835542e+00  dt=1.029e-03  relΔE=7.182e-10  ||F||=9.129e-04
 step= 24000  E=1.864472739938e+03  Q=1.941000000000e+03  λ=1.835516e+00  dt=7.964e-04  relΔE=4.510e-10  ||F||=8.239e-04
 step= 24500  E=1.864472197479e+03  Q=1.941000000000e+03  λ=1.835493e+00  dt=1.233e-03  relΔE=5.629e-10  ||F||=7.414e-04
 step= 25000  E=1.864471752878e+03  Q=1.941000000000e+03  λ=1.835472e+00  dt=9.541e-04  relΔE=3.527e-10  ||F||=6.687e-04
 step= 25500  E=1.864471382947e+03  Q=1.941000000000e+03  λ=1.835453e+00  dt=1.477e-03  relΔE=3.463e-10  ||F||=2.493e-03
 step= 26000  E=1.864471100394e+03  Q=1.941000000000e+03  λ=1.835437e+00  dt=1.143e-03  relΔE=2.764e-10  ||F||=5.439e-04
 step= 26500  E=1.864470862645e+03  Q=1.941000000000e+03  λ=1.835421e+00  dt=8.847e-04  relΔE=1.726e-10  ||F||=4.901e-04
 step= 27000  E=1.864470670791e+03  Q=1.941000000000e+03  λ=1.835408e+00  dt=1.369e-03  relΔE=2.153e-10  ||F||=4.417e-04
 step= 27500  E=1.864470519831e+03  Q=1.941000000000e+03  λ=1.835396e+00  dt=1.060e-03  relΔE=1.349e-10  ||F||=3.990e-04
 step= 28000  E=1.864470394048e+03  Q=1.941000000000e+03  λ=1.835384e+00  dt=8.203e-04  relΔE=8.409e-11  ||F||=3.597e-04
 step= 28500  E=1.864470294976e+03  Q=1.941000000000e+03  λ=1.835375e+00  dt=1.270e-03  relΔE=1.048e-10  ||F||=3.244e-04
 step= 29000  E=1.864470215236e+03  Q=1.941000000000e+03  λ=1.835366e+00  dt=9.828e-04  relΔE=6.536e-11  ||F||=2.929e-04
 step= 29500  E=1.864470148931e+03  Q=1.941000000000e+03  λ=1.835358e+00  dt=7.607e-04  relΔE=4.281e-11  ||F||=2.706e-04
 step= 30000  E=1.864470098486e+03  Q=1.941000000000e+03  λ=1.835351e+00  dt=1.177e-03  relΔE=5.045e-11  ||F||=2.383e-04
 step= 30500  E=1.864470056628e+03  Q=1.941000000000e+03  λ=1.835344e+00  dt=9.113e-04  relΔE=3.123e-11  ||F||=2.149e-04
 step= 31000  E=1.864470022877e+03  Q=1.941000000000e+03  λ=1.835338e+00  dt=1.411e-03  relΔE=3.849e-11  ||F||=1.956e-04
 step= 31500  E=1.864469996958e+03  Q=1.941000000000e+03  λ=1.835333e+00  dt=1.092e-03  relΔE=2.388e-11  ||F||=1.750e-04
 step= 32000  E=1.864469975547e+03  Q=1.941000000000e+03  λ=1.835328e+00  dt=8.450e-04  relΔE=1.466e-11  ||F||=1.577e-04
 step= 32500  E=1.864469958767e+03  Q=1.941000000000e+03  λ=1.835324e+00  dt=1.308e-03  relΔE=1.798e-11  ||F||=1.423e-04
 step= 33000  E=1.864469945658e+03  Q=1.941000000000e+03  λ=1.835320e+00  dt=1.012e-03  relΔE=1.102e-11  ||F||=1.286e-04
 step= 33500  E=1.864469934960e+03  Q=1.941000000000e+03  λ=1.835316e+00  dt=7.835e-04  relΔE=6.722e-12  ||F||=1.161e-04
 step= 34000  E=1.864469926910e+03  Q=1.941000000000e+03  λ=1.835313e+00  dt=1.213e-03  relΔE=8.116e-12  ||F||=1.046e-04
 step= 34500  E=1.864469920497e+03  Q=1.941000000000e+03  λ=1.835310e+00  dt=9.387e-04  relΔE=4.883e-12  ||F||=9.440e-05
 step= 35000  E=1.864469915419e+03  Q=1.941000000000e+03  λ=1.835308e+00  dt=1.453e-03  relΔE=5.687e-12  ||F||=1.219e-04
 step= 35500  E=1.864469911724e+03  Q=1.941000000000e+03  λ=1.835306e+00  dt=1.125e-03  relΔE=3.452e-12  ||F||=7.689e-05
 step= 36000  E=1.864469908793e+03  Q=1.941000000000e+03  λ=1.835304e+00  dt=8.704e-04  relΔE=2.012e-12  ||F||=6.931e-05
 step= 36500  E=1.864469906614e+03  Q=1.941000000000e+03  λ=1.835302e+00  dt=1.347e-03  relΔE=2.313e-12  ||F||=6.251e-05
 step= 37000  E=1.864469905038e+03  Q=1.941000000000e+03  λ=1.835300e+00  dt=1.043e-03  relΔE=1.310e-12  ||F||=5.649e-05
 step= 37500  E=1.864469903866e+03  Q=1.941000000000e+03  λ=1.835298e+00  dt=8.071e-04  relΔE=7.161e-13  ||F||=5.092e-05
 step= 38000  E=1.864469903075e+03  Q=1.941000000000e+03  λ=1.835297e+00  dt=1.249e-03  relΔE=7.539e-13  ||F||=4.597e-05
 step= 38500  E=1.864469902549e+03  Q=1.941000000000e+03  λ=1.835296e+00  dt=9.670e-04  relΔE=3.721e-13  ||F||=4.151e-05
 step= 39000  E=1.864469902221e+03  Q=1.941000000000e+03  λ=1.835295e+00  dt=7.484e-04  relΔE=1.745e-13  ||F||=3.780e-05
 step= 39500  E=1.864469902067e+03  Q=1.941000000000e+03  λ=1.835294e+00  dt=1.158e-03  relΔE=1.020e-13  ||F||=3.381e-05
  !! dt fell below dt_min: stiffness-limited termination.

Stationary candidate (aggressive): E=1.864469902026e+03, Q=1.941000000000e+03, maxρ=1.195875e+00

=== Stability test (damped inertial dynamics) ===
Perturb eps=0.02, gamma=1
t=0: E=1.958770329159e+03, Q=1.941000000000e+03, maxρ=1.238546e+00, σ=2.571188e+00, Rc=1.889594e+01
 step=     1  E=1.958769857058e+03  Q=1.941000000000e+03  λ=2.220544e+00  maxρ=1.238546e+00  minρ=1.000e-15  σ=2.571188e+00  Rc=1.889594e+01
 step=   300  E=1.939408104373e+03  Q=1.941000000000e+03  λ=2.118179e+00  maxρ=1.236442e+00  minρ=1.000e-15  σ=2.571185e+00  Rc=1.889594e+01
 step=   600  E=1.900421714365e+03  Q=1.941000000000e+03  λ=1.932637e+00  maxρ=1.230512e+00  minρ=1.000e-15  σ=2.571179e+00  Rc=1.889595e+01
 step=   900  E=1.877478469474e+03  Q=1.941000000000e+03  λ=1.873049e+00  maxρ=1.221742e+00  minρ=1.000e-15  σ=2.571177e+00  Rc=1.889595e+01
 step=  1200  E=1.885956433304e+03  Q=1.941000000000e+03  λ=1.979440e+00  maxρ=1.217447e+00  minρ=1.000e-15  σ=2.571181e+00  Rc=1.889594e+01
 step=  1500  E=1.909214030575e+03  Q=1.941000000000e+03  λ=2.095464e+00  maxρ=1.221488e+00  minρ=1.000e-15  σ=2.571183e+00  Rc=1.889594e+01
 step=  1800  E=1.921238537864e+03  Q=1.941000000000e+03  λ=2.082153e+00  maxρ=1.225397e+00  minρ=1.000e-15  σ=2.571181e+00  Rc=1.889593e+01
 step=  2100  E=1.914418036876e+03  Q=1.941000000000e+03  λ=1.981693e+00  maxρ=1.219157e+00  minρ=1.000e-15  σ=2.571177e+00  Rc=1.889593e+01
 step=  2400  E=1.902203733102e+03  Q=1.941000000000e+03  λ=1.934758e+00  maxρ=1.206537e+00  minρ=1.000e-15  σ=2.571177e+00  Rc=1.889593e+01
 step=  2700  E=1.899152387527e+03  Q=1.941000000000e+03  λ=1.988874e+00  maxρ=1.209570e+00  minρ=1.000e-15  σ=2.571180e+00  Rc=1.889593e+01
 step=  3000  E=1.905060897630e+03  Q=1.941000000000e+03  λ=2.054720e+00  maxρ=1.224142e+00  minρ=1.000e-15  σ=2.571181e+00  Rc=1.889593e+01
 step=  3300  E=1.909562256133e+03  Q=1.941000000000e+03  λ=2.043038e+00  maxρ=1.227259e+00  minρ=1.000e-15  σ=2.571178e+00  Rc=1.889593e+01
 step=  3600  E=1.906836074725e+03  Q=1.941000000000e+03  λ=1.978814e+00  maxρ=1.222036e+00  minρ=1.000e-15  σ=2.571174e+00  Rc=1.889593e+01
 step=  3900  E=1.901090540811e+03  Q=1.941000000000e+03  λ=1.949538e+00  maxρ=1.222033e+00  minρ=1.000e-15  σ=2.571175e+00  Rc=1.889593e+01
 step=  4200  E=1.898911724039e+03  Q=1.941000000000e+03  λ=1.981470e+00  maxρ=1.217779e+00  minρ=1.000e-15  σ=2.571179e+00  Rc=1.889592e+01
 step=  4500  E=1.900918192061e+03  Q=1.941000000000e+03  λ=2.016840e+00  maxρ=1.215049e+00  minρ=1.000e-15  σ=2.571180e+00  Rc=1.889592e+01
 step=  4800  E=1.902789173911e+03  Q=1.941000000000e+03  λ=2.004918e+00  maxρ=1.220707e+00  minρ=1.000e-15  σ=2.571177e+00  Rc=1.889592e+01
 step=  5100  E=1.901855508111e+03  Q=1.941000000000e+03  λ=1.967704e+00  maxρ=1.221693e+00  minρ=1.000e-15  σ=2.571172e+00  Rc=1.889592e+01
 step=  5400  E=1.899707649054e+03  Q=1.941000000000e+03  λ=1.957444e+00  maxρ=1.220246e+00  minρ=1.000e-15  σ=2.571171e+00  Rc=1.889591e+01
 step=  5700  E=1.898789598190e+03  Q=1.941000000000e+03  λ=1.981020e+00  maxρ=1.216076e+00  minρ=1.000e-15  σ=2.571175e+00  Rc=1.889591e+01
 step=  6000  E=1.899051464933e+03  Q=1.941000000000e+03  λ=1.998329e+00  maxρ=1.211377e+00  minρ=1.000e-15  σ=2.571176e+00  Rc=1.889590e+01
 >>> No runaway detected in this horizon. Likely stable (within this model & box).

STABILITY: PASS
