
=== Aggressive relaxation to Q = 1678 ===
Initial: E=6.237586759961e+03, Q=1.678000000000e+03, dt=1.000e-04
 step=     1  E=6.237034023936e+03  Q=1.678000000000e+03  λ=7.542421e+00  dt=1.000e-04  relΔE=8.861e-05  ||F||=1.815e+00
 step=   500  E=5.650998642500e+03  Q=1.678000000000e+03  λ=6.803603e+00  dt=6.192e-04  relΔE=3.443e-04  ||F||=1.500e+00
 step=  1000  E=4.465032529444e+03  Q=1.678000000000e+03  λ=5.313438e+00  dt=9.584e-04  relΔE=3.149e-04  ||F||=1.025e+00
 step=  1500  E=3.784118297979e+03  Q=1.678000000000e+03  λ=4.479505e+00  dt=1.484e-03  relΔE=1.032e-04  ||F||=6.114e+00
 step=  2000  E=3.355491641921e+03  Q=1.678000000000e+03  λ=3.933554e+00  dt=1.148e-03  relΔE=2.189e-04  ||F||=6.765e-01
 step=  2500  E=3.032330959177e+03  Q=1.678000000000e+03  λ=3.535810e+00  dt=8.887e-04  relΔE=1.399e-04  ||F||=5.843e-01
 step=  3000  E=2.785334066705e+03  Q=1.678000000000e+03  λ=3.233965e+00  dt=1.376e-03  relΔE=1.835e-04  ||F||=5.157e-01
 step=  3500  E=2.594786139552e+03  Q=1.678000000000e+03  λ=3.001966e+00  dt=1.065e-03  relΔE=1.234e-04  ||F||=4.638e-01
 step=  4000  E=2.433503790031e+03  Q=1.678000000000e+03  λ=2.806564e+00  dt=8.241e-04  relΔE=8.489e-05  ||F||=4.235e-01
 step=  4500  E=2.298490086629e+03  Q=1.678000000000e+03  λ=2.643889e+00  dt=1.276e-03  relΔE=1.212e-04  ||F||=3.953e-01
 step=  5000  E=2.178671219053e+03  Q=1.678000000000e+03  λ=2.499770e+00  dt=9.873e-04  relΔE=9.073e-05  ||F||=3.784e-01
 step=  5500  E=2.062349452489e+03  Q=1.678000000000e+03  λ=2.359875e+00  dt=7.641e-04  relΔE=7.406e-05  ||F||=3.785e-01
 step=  6000  E=1.957404950631e+03  Q=1.678000000000e+03  λ=2.233407e+00  dt=1.183e-03  relΔE=1.086e-04  ||F||=3.585e-01
 step=  6500  E=1.857862208762e+03  Q=1.678000000000e+03  λ=2.113181e+00  dt=9.154e-04  relΔE=7.822e-05  ||F||=3.370e-01
 step=  7000  E=1.773660695756e+03  Q=1.678000000000e+03  λ=2.012384e+00  dt=1.417e-03  relΔE=9.912e-05  ||F||=3.040e-01
 step=  7500  E=1.713995759558e+03  Q=1.678000000000e+03  λ=1.942272e+00  dt=1.097e-03  relΔE=5.518e-05  ||F||=2.484e-01
 step=  8000  E=1.673645958302e+03  Q=1.678000000000e+03  λ=1.896398e+00  dt=8.488e-04  relΔE=2.682e-05  ||F||=1.945e-01
 step=  8500  E=1.650028856471e+03  Q=1.678000000000e+03  λ=1.870777e+00  dt=1.314e-03  relΔE=2.385e-05  ||F||=1.464e-01
 step=  9000  E=1.637161336565e+03  Q=1.678000000000e+03  λ=1.857603e+00  dt=1.017e-03  relΔE=1.009e-05  ||F||=1.078e-01
 step=  9500  E=1.630109450856e+03  Q=1.678000000000e+03  λ=1.850925e+00  dt=7.871e-04  relΔE=4.068e-06  ||F||=7.763e-02
 step= 10000  E=1.626615111133e+03  Q=1.678000000000e+03  λ=1.847933e+00  dt=1.218e-03  relΔE=3.248e-06  ||F||=5.568e-02
 step= 10500  E=1.624781627061e+03  Q=1.678000000000e+03  λ=1.846535e+00  dt=9.430e-04  relΔE=1.292e-06  ||F||=3.989e-02
 step= 11000  E=1.623816836667e+03  Q=1.678000000000e+03  λ=1.845887e+00  dt=1.460e-03  relΔE=9.543e-07  ||F||=7.279e-02
 step= 11500  E=1.623339848929e+03  Q=1.678000000000e+03  λ=1.845583e+00  dt=1.130e-03  relΔE=4.285e-07  ||F||=2.097e-02
 step= 12000  E=1.623069111007e+03  Q=1.678000000000e+03  λ=1.845397e+00  dt=8.744e-04  relΔE=1.824e-07  ||F||=1.555e-02
 step= 12500  E=1.622917305539e+03  Q=1.678000000000e+03  λ=1.845257e+00  dt=1.353e-03  relΔE=1.640e-07  ||F||=1.185e-02
 step= 13000  E=1.622828300097e+03  Q=1.678000000000e+03  λ=1.845135e+00  dt=1.048e-03  relΔE=7.905e-08  ||F||=9.352e-03
 step= 13500  E=1.622769729908e+03  Q=1.678000000000e+03  λ=1.845014e+00  dt=8.108e-04  relΔE=3.998e-08  ||F||=7.563e-03
 step= 14000  E=1.622731316251e+03  Q=1.678000000000e+03  λ=1.844900e+00  dt=1.255e-03  relΔE=4.303e-08  ||F||=6.310e-03
 step= 14500  E=1.622703908028e+03  Q=1.678000000000e+03  λ=1.844790e+00  dt=9.713e-04  relΔE=2.421e-08  ||F||=5.385e-03
 step= 15000  E=1.622683019043e+03  Q=1.678000000000e+03  λ=1.844682e+00  dt=7.518e-04  relΔE=1.573e-08  ||F||=5.046e-03
 step= 15500  E=1.622668048299e+03  Q=1.678000000000e+03  λ=1.844587e+00  dt=1.164e-03  relΔE=1.672e-08  ||F||=4.095e-03
 step= 16000  E=1.622655975317e+03  Q=1.678000000000e+03  λ=1.844497e+00  dt=9.007e-04  relΔE=1.008e-08  ||F||=3.618e-03
 step= 16500  E=1.622646481580e+03  Q=1.678000000000e+03  λ=1.844414e+00  dt=1.394e-03  relΔE=1.227e-08  ||F||=3.218e-03
 step= 17000  E=1.622639196906e+03  Q=1.678000000000e+03  λ=1.844342e+00  dt=1.079e-03  relΔE=7.580e-09  ||F||=2.871e-03
 step= 17500  E=1.622633208130e+03  Q=1.678000000000e+03  λ=1.844274e+00  dt=8.352e-04  relΔE=4.673e-09  ||F||=2.565e-03
 step= 18000  E=1.622628482317e+03  Q=1.678000000000e+03  λ=1.844215e+00  dt=1.293e-03  relΔE=5.787e-09  ||F||=2.297e-03
 step= 18500  E=1.622624737232e+03  Q=1.678000000000e+03  λ=1.844162e+00  dt=1.001e-03  relΔE=3.603e-09  ||F||=2.062e-03
 step= 19000  E=1.622621619948e+03  Q=1.678000000000e+03  λ=1.844113e+00  dt=7.744e-04  relΔE=2.278e-09  ||F||=1.867e-03
 step= 19500  E=1.622619229646e+03  Q=1.678000000000e+03  λ=1.844071e+00  dt=1.199e-03  relΔE=2.786e-09  ||F||=1.661e-03
 step= 20000  E=1.622617261826e+03  Q=1.678000000000e+03  λ=1.844033e+00  dt=7.731e-04  relΔE=1.466e-09  ||F||=1.508e-03
 step= 20500  E=1.622615707545e+03  Q=1.678000000000e+03  λ=1.844000e+00  dt=1.197e-03  relΔE=1.810e-09  ||F||=1.343e-03
 step= 21000  E=1.622614426537e+03  Q=1.678000000000e+03  λ=1.843969e+00  dt=7.719e-04  relΔE=9.503e-10  ||F||=1.218e-03
 step= 21500  E=1.622613414274e+03  Q=1.678000000000e+03  λ=1.843942e+00  dt=1.195e-03  relΔE=1.177e-09  ||F||=1.088e-03
 step= 22000  E=1.622612578690e+03  Q=1.678000000000e+03  λ=1.843918e+00  dt=7.706e-04  relΔE=6.216e-10  ||F||=1.036e-03
 step= 22500  E=1.622611919309e+03  Q=1.678000000000e+03  λ=1.843897e+00  dt=1.193e-03  relΔE=7.658e-10  ||F||=8.819e-04
 step= 23000  E=1.622611373440e+03  Q=1.678000000000e+03  λ=1.843877e+00  dt=9.233e-04  relΔE=4.767e-10  ||F||=7.929e-04
 step= 23500  E=1.622610928034e+03  Q=1.678000000000e+03  λ=1.843859e+00  dt=1.429e-03  relΔE=5.905e-10  ||F||=7.606e-04
 step= 24000  E=1.622610585080e+03  Q=1.678000000000e+03  λ=1.843844e+00  dt=1.106e-03  relΔE=3.701e-10  ||F||=6.420e-04
 step= 24500  E=1.622610298716e+03  Q=1.678000000000e+03  λ=1.843830e+00  dt=8.561e-04  relΔE=2.299e-10  ||F||=5.771e-04
 step= 25000  E=1.622610070604e+03  Q=1.678000000000e+03  λ=1.843817e+00  dt=1.325e-03  relΔE=2.856e-10  ||F||=5.190e-04
 step= 25500  E=1.622609890800e+03  Q=1.678000000000e+03  λ=1.843806e+00  dt=1.026e-03  relΔE=1.781e-10  ||F||=4.678e-04
 step= 26000  E=1.622609740969e+03  Q=1.678000000000e+03  λ=1.843796e+00  dt=7.938e-04  relΔE=1.108e-10  ||F||=4.214e-04
 step= 26500  E=1.622609625360e+03  Q=1.678000000000e+03  λ=1.843787e+00  dt=1.229e-03  relΔE=1.370e-10  ||F||=3.786e-04
 step= 27000  E=1.622609531300e+03  Q=1.678000000000e+03  λ=1.843779e+00  dt=9.510e-04  relΔE=8.490e-11  ||F||=3.408e-04
 step= 27500  E=1.622609453998e+03  Q=1.678000000000e+03  λ=1.843771e+00  dt=1.472e-03  relΔE=9.196e-11  ||F||=9.498e-04
 step= 28000  E=1.622609395743e+03  Q=1.678000000000e+03  λ=1.843765e+00  dt=1.139e-03  relΔE=6.491e-11  ||F||=2.762e-04
 step= 28500  E=1.622609347279e+03  Q=1.678000000000e+03  λ=1.843759e+00  dt=8.818e-04  relΔE=3.993e-11  ||F||=2.484e-04
 step= 29000  E=1.622609308826e+03  Q=1.678000000000e+03  λ=1.843753e+00  dt=1.365e-03  relΔE=4.903e-11  ||F||=2.234e-04
 step= 29500  E=1.622609279058e+03  Q=1.678000000000e+03  λ=1.843749e+00  dt=1.056e-03  relΔE=3.021e-11  ||F||=2.014e-04
 step= 30000  E=1.622609254717e+03  Q=1.678000000000e+03  λ=1.843744e+00  dt=8.177e-04  relΔE=1.844e-11  ||F||=1.811e-04
 step= 30500  E=1.622609235907e+03  Q=1.678000000000e+03  λ=1.843741e+00  dt=1.266e-03  relΔE=2.249e-11  ||F||=1.631e-04
 step= 31000  E=1.622609221144e+03  Q=1.678000000000e+03  λ=1.843737e+00  dt=9.796e-04  relΔE=1.368e-11  ||F||=1.470e-04
 step= 31500  E=1.622609209183e+03  Q=1.678000000000e+03  λ=1.843734e+00  dt=7.582e-04  relΔE=8.970e-12  ||F||=1.365e-04
 step= 32000  E=1.622609200375e+03  Q=1.678000000000e+03  λ=1.843731e+00  dt=1.174e-03  relΔE=9.938e-12  ||F||=1.191e-04
 step= 32500  E=1.622609193299e+03  Q=1.678000000000e+03  λ=1.843729e+00  dt=9.084e-04  relΔE=5.918e-12  ||F||=1.072e-04
 step= 33000  E=1.622609187840e+03  Q=1.678000000000e+03  λ=1.843726e+00  dt=1.406e-03  relΔE=6.975e-12  ||F||=9.662e-05
 step= 33500  E=1.622609183830e+03  Q=1.678000000000e+03  λ=1.843724e+00  dt=1.088e-03  relΔE=4.104e-12  ||F||=8.691e-05
 step= 34000  E=1.622609180717e+03  Q=1.678000000000e+03  λ=1.843723e+00  dt=8.423e-04  relΔE=2.361e-12  ||F||=7.817e-05
 step= 34500  E=1.622609178439e+03  Q=1.678000000000e+03  λ=1.843721e+00  dt=1.304e-03  relΔE=2.674e-12  ||F||=7.037e-05
 step= 35000  E=1.622609176812e+03  Q=1.678000000000e+03  λ=1.843720e+00  dt=1.009e-03  relΔE=1.486e-12  ||F||=6.344e-05
 step= 35500  E=1.622609175627e+03  Q=1.678000000000e+03  λ=1.843718e+00  dt=7.810e-04  relΔE=7.949e-13  ||F||=5.711e-05
 step= 36000  E=1.622609174865e+03  Q=1.678000000000e+03  λ=1.843717e+00  dt=1.209e-03  relΔE=7.986e-13  ||F||=5.142e-05
 step= 36500  E=1.622609174375e+03  Q=1.678000000000e+03  λ=1.843716e+00  dt=9.357e-04  relΔE=3.659e-13  ||F||=4.630e-05
 step= 37000  E=1.622609174104e+03  Q=1.678000000000e+03  λ=1.843715e+00  dt=1.448e-03  relΔE=2.619e-13  ||F||=4.348e-05
 step= 37500  E=1.622609174008e+03  Q=1.678000000000e+03  λ=1.843714e+00  dt=1.121e-03  relΔE=3.854e-14  ||F||=3.756e-05
  !! dt fell below dt_min: stiffness-limited termination.

Stationary candidate (aggressive): E=1.622609174003e+03, Q=1.678000000000e+03, maxρ=1.139588e+00

=== Stability test (damped inertial dynamics) ===
Perturb eps=0.02, gamma=1
t=0: E=1.704008932971e+03, Q=1.678000000000e+03, maxρ=1.179199e+00, σ=2.512158e+00, Rc=1.890371e+01
 step=     1  E=1.704008525589e+03  Q=1.678000000000e+03  λ=2.228239e+00  maxρ=1.179199e+00  minρ=1.000e-15  σ=2.512158e+00  Rc=1.890371e+01
 step=   300  E=1.687300810153e+03  Q=1.678000000000e+03  λ=2.126098e+00  maxρ=1.177197e+00  minρ=1.000e-15  σ=2.512155e+00  Rc=1.890372e+01
 step=   600  E=1.653656564558e+03  Q=1.678000000000e+03  λ=1.940934e+00  maxρ=1.171552e+00  minρ=1.000e-15  σ=2.512149e+00  Rc=1.890372e+01
 step=   900  E=1.633852384449e+03  Q=1.678000000000e+03  λ=1.881403e+00  maxρ=1.163204e+00  minρ=1.000e-15  σ=2.512147e+00  Rc=1.890372e+01
 step=  1200  E=1.641160941021e+03  Q=1.678000000000e+03  λ=1.987509e+00  maxρ=1.159089e+00  minρ=1.000e-15  σ=2.512150e+00  Rc=1.890371e+01
 step=  1500  E=1.661225612671e+03  Q=1.678000000000e+03  λ=2.103328e+00  maxρ=1.163659e+00  minρ=1.000e-15  σ=2.512153e+00  Rc=1.890371e+01
 step=  1800  E=1.671598826440e+03  Q=1.678000000000e+03  λ=2.090148e+00  maxρ=1.167383e+00  minρ=1.000e-15  σ=2.512151e+00  Rc=1.890370e+01
 step=  2100  E=1.665710112513e+03  Q=1.678000000000e+03  λ=1.989922e+00  maxρ=1.161440e+00  minρ=1.000e-15  σ=2.512147e+00  Rc=1.890371e+01
 step=  2400  E=1.655170989447e+03  Q=1.678000000000e+03  λ=1.942975e+00  maxρ=1.149114e+00  minρ=1.000e-15  σ=2.512147e+00  Rc=1.890371e+01
 step=  2700  E=1.652550303077e+03  Q=1.678000000000e+03  λ=1.996875e+00  maxρ=1.152253e+00  minρ=1.000e-15  σ=2.512150e+00  Rc=1.890370e+01
 step=  3000  E=1.657669809960e+03  Q=1.678000000000e+03  λ=2.062650e+00  maxρ=1.165508e+00  minρ=1.000e-15  σ=2.512151e+00  Rc=1.890370e+01
 step=  3300  E=1.661565578681e+03  Q=1.678000000000e+03  λ=2.051174e+00  maxρ=1.168478e+00  minρ=1.000e-15  σ=2.512148e+00  Rc=1.890370e+01
 step=  3600  E=1.659199952796e+03  Q=1.678000000000e+03  λ=1.987153e+00  maxρ=1.164512e+00  minρ=1.000e-15  σ=2.512144e+00  Rc=1.890370e+01
 step=  3900  E=1.654214029744e+03  Q=1.678000000000e+03  λ=1.957785e+00  maxρ=1.164511e+00  minρ=1.000e-15  σ=2.512145e+00  Rc=1.890370e+01
 step=  4200  E=1.652320713793e+03  Q=1.678000000000e+03  λ=1.989453e+00  maxρ=1.160460e+00  minρ=1.000e-15  σ=2.512149e+00  Rc=1.890370e+01
 step=  4500  E=1.654070715988e+03  Q=1.678000000000e+03  λ=2.024755e+00  maxρ=1.157743e+00  minρ=1.000e-15  σ=2.512150e+00  Rc=1.890369e+01
 step=  4800  E=1.655717011582e+03  Q=1.678000000000e+03  λ=2.013066e+00  maxρ=1.162915e+00  minρ=1.000e-15  σ=2.512146e+00  Rc=1.890369e+01
 step=  5100  E=1.654920206336e+03  Q=1.678000000000e+03  λ=1.976080e+00  maxρ=1.164080e+00  minρ=1.000e-15  σ=2.512142e+00  Rc=1.890369e+01
 step=  5400  E=1.653040158868e+03  Q=1.678000000000e+03  λ=1.965740e+00  maxρ=1.162705e+00  minρ=1.000e-15  σ=2.512141e+00  Rc=1.890368e+01
 step=  5700  E=1.652213146247e+03  Q=1.678000000000e+03  λ=1.989036e+00  maxρ=1.158737e+00  minρ=1.000e-15  σ=2.512145e+00  Rc=1.890368e+01
 step=  6000  E=1.652434211834e+03  Q=1.678000000000e+03  λ=2.006231e+00  maxρ=1.154228e+00  minρ=1.000e-15  σ=2.512146e+00  Rc=1.890368e+01
 >>> No runaway detected in this horizon. Likely stable (within this model & box).

STABILITY: PASS
