
=== Aggressive relaxation to Q = 1668 ===
Initial: E=6.199883757980e+03, Q=1.668000000000e+03, dt=1.000e-04
 step=     1  E=6.199334704088e+03  Q=1.668000000000e+03  λ=7.539708e+00  dt=1.000e-04  relΔE=8.856e-05  ||F||=1.815e+00
 step=   500  E=5.617251448652e+03  Q=1.668000000000e+03  λ=6.801938e+00  dt=6.192e-04  relΔE=3.440e-04  ||F||=1.499e+00
 step=  1000  E=4.439299307834e+03  Q=1.668000000000e+03  λ=5.313599e+00  dt=9.584e-04  relΔE=3.147e-04  ||F||=1.024e+00
 step=  1500  E=3.762719412887e+03  Q=1.668000000000e+03  λ=4.481250e+00  dt=1.484e-03  relΔE=8.695e-05  ||F||=6.305e+00
 step=  2000  E=3.336457824345e+03  Q=1.668000000000e+03  λ=3.934277e+00  dt=1.148e-03  relΔE=2.188e-04  ||F||=6.765e-01
 step=  2500  E=3.015169495610e+03  Q=1.668000000000e+03  λ=3.536584e+00  dt=8.887e-04  relΔE=1.399e-04  ||F||=5.843e-01
 step=  3000  E=2.769583541014e+03  Q=1.668000000000e+03  λ=3.234748e+00  dt=1.376e-03  relΔE=1.834e-04  ||F||=5.158e-01
 step=  3500  E=2.580103893825e+03  Q=1.668000000000e+03  λ=3.002728e+00  dt=1.065e-03  relΔE=1.234e-04  ||F||=4.639e-01
 step=  4000  E=2.419721987444e+03  Q=1.668000000000e+03  λ=2.807303e+00  dt=8.241e-04  relΔE=8.491e-05  ||F||=4.236e-01
 step=  4500  E=2.285464689385e+03  Q=1.668000000000e+03  λ=2.644611e+00  dt=1.276e-03  relΔE=1.212e-04  ||F||=3.954e-01
 step=  5000  E=2.166312208369e+03  Q=1.668000000000e+03  λ=2.500472e+00  dt=9.873e-04  relΔE=9.074e-05  ||F||=3.785e-01
 step=  5500  E=2.050774996816e+03  Q=1.668000000000e+03  λ=2.360723e+00  dt=7.641e-04  relΔE=7.289e-05  ||F||=3.754e-01
 step=  6000  E=1.946304254407e+03  Q=1.668000000000e+03  λ=2.234105e+00  dt=1.183e-03  relΔE=1.086e-04  ||F||=3.586e-01
 step=  6500  E=1.847245814053e+03  Q=1.668000000000e+03  λ=2.113761e+00  dt=9.154e-04  relΔE=7.819e-05  ||F||=3.369e-01
 step=  7000  E=1.763652973958e+03  Q=1.668000000000e+03  λ=2.013078e+00  dt=1.417e-03  relΔE=9.912e-05  ||F||=3.040e-01
 step=  7500  E=1.704314197786e+03  Q=1.668000000000e+03  λ=1.942891e+00  dt=1.097e-03  relΔE=5.521e-05  ||F||=2.485e-01
 step=  8000  E=1.664171158241e+03  Q=1.668000000000e+03  λ=1.896926e+00  dt=8.488e-04  relΔE=2.684e-05  ||F||=1.946e-01
 step=  8500  E=1.640668354487e+03  Q=1.668000000000e+03  λ=1.871230e+00  dt=1.314e-03  relΔE=2.387e-05  ||F||=1.465e-01
 step=  9000  E=1.627861262157e+03  Q=1.668000000000e+03  λ=1.858004e+00  dt=1.017e-03  relΔE=1.010e-05  ||F||=1.079e-01
 step=  9500  E=1.620842951205e+03  Q=1.668000000000e+03  λ=1.851293e+00  dt=7.871e-04  relΔE=4.070e-06  ||F||=7.765e-02
 step= 10000  E=1.617365920151e+03  Q=1.668000000000e+03  λ=1.848284e+00  dt=1.218e-03  relΔE=3.250e-06  ||F||=5.570e-02
 step= 10500  E=1.615540700343e+03  Q=1.668000000000e+03  λ=1.846877e+00  dt=9.430e-04  relΔE=1.291e-06  ||F||=3.987e-02
 step= 11000  E=1.614583726340e+03  Q=1.668000000000e+03  λ=1.846226e+00  dt=1.460e-03  relΔE=9.637e-07  ||F||=6.759e-02
 step= 11500  E=1.614109925788e+03  Q=1.668000000000e+03  λ=1.845922e+00  dt=1.130e-03  relΔE=4.269e-07  ||F||=2.093e-02
 step= 12000  E=1.613842212236e+03  Q=1.668000000000e+03  λ=1.845737e+00  dt=8.744e-04  relΔE=1.815e-07  ||F||=1.551e-02
 step= 12500  E=1.613692005858e+03  Q=1.668000000000e+03  λ=1.845600e+00  dt=1.353e-03  relΔE=1.627e-07  ||F||=1.180e-02
 step= 13000  E=1.613604306755e+03  Q=1.668000000000e+03  λ=1.845481e+00  dt=1.048e-03  relΔE=7.822e-08  ||F||=9.305e-03
 step= 13500  E=1.613546743700e+03  Q=1.668000000000e+03  λ=1.845363e+00  dt=8.108e-04  relΔE=3.952e-08  ||F||=7.521e-03
 step= 14000  E=1.613509076035e+03  Q=1.668000000000e+03  λ=1.845251e+00  dt=1.255e-03  relΔE=4.238e-08  ||F||=6.264e-03
 step= 14500  E=1.613482281057e+03  Q=1.668000000000e+03  λ=1.845143e+00  dt=9.713e-04  relΔE=2.382e-08  ||F||=5.342e-03
 step= 15000  E=1.613461846443e+03  Q=1.668000000000e+03  λ=1.845038e+00  dt=7.518e-04  relΔE=1.685e-08  ||F||=5.721e-03
 step= 15500  E=1.613447218028e+03  Q=1.668000000000e+03  λ=1.844946e+00  dt=1.164e-03  relΔE=1.641e-08  ||F||=4.058e-03
 step= 16000  E=1.613435439443e+03  Q=1.668000000000e+03  λ=1.844857e+00  dt=9.007e-04  relΔE=9.891e-09  ||F||=3.584e-03
 step= 16500  E=1.613426190922e+03  Q=1.668000000000e+03  λ=1.844776e+00  dt=1.394e-03  relΔE=1.204e-08  ||F||=3.186e-03
 step= 17000  E=1.613419085009e+03  Q=1.668000000000e+03  λ=1.844705e+00  dt=1.079e-03  relΔE=7.434e-09  ||F||=2.844e-03
 step= 17500  E=1.613413246076e+03  Q=1.668000000000e+03  λ=1.844640e+00  dt=8.352e-04  relΔE=4.581e-09  ||F||=2.540e-03
 step= 18000  E=1.613408634202e+03  Q=1.668000000000e+03  λ=1.844581e+00  dt=1.293e-03  relΔE=5.671e-09  ||F||=2.274e-03
 step= 18500  E=1.613404989726e+03  Q=1.668000000000e+03  λ=1.844529e+00  dt=1.001e-03  relΔE=3.531e-09  ||F||=2.042e-03
 step= 19000  E=1.613401952086e+03  Q=1.668000000000e+03  λ=1.844481e+00  dt=7.744e-04  relΔE=2.229e-09  ||F||=1.847e-03
 step= 19500  E=1.613399623424e+03  Q=1.668000000000e+03  λ=1.844441e+00  dt=1.199e-03  relΔE=2.729e-09  ||F||=1.644e-03
 step= 20000  E=1.613397704344e+03  Q=1.668000000000e+03  λ=1.844403e+00  dt=7.731e-04  relΔE=1.451e-09  ||F||=1.581e-03
 step= 20500  E=1.613396192743e+03  Q=1.668000000000e+03  λ=1.844371e+00  dt=1.197e-03  relΔE=1.773e-09  ||F||=1.330e-03
 step= 21000  E=1.613394943840e+03  Q=1.668000000000e+03  λ=1.844341e+00  dt=7.719e-04  relΔE=9.376e-10  ||F||=1.262e-03
 step= 21500  E=1.613393959715e+03  Q=1.668000000000e+03  λ=1.844315e+00  dt=1.195e-03  relΔE=1.153e-09  ||F||=1.077e-03
 step= 22000  E=1.613393146263e+03  Q=1.668000000000e+03  λ=1.844291e+00  dt=7.706e-04  relΔE=6.064e-10  ||F||=1.015e-03
 step= 22500  E=1.613392504530e+03  Q=1.668000000000e+03  λ=1.844270e+00  dt=1.193e-03  relΔE=7.495e-10  ||F||=8.730e-04
 step= 23000  E=1.613391973885e+03  Q=1.668000000000e+03  λ=1.844251e+00  dt=9.233e-04  relΔE=4.666e-10  ||F||=7.849e-04
 step= 23500  E=1.613391539911e+03  Q=1.668000000000e+03  λ=1.844233e+00  dt=1.429e-03  relΔE=5.777e-10  ||F||=7.515e-04
 step= 24000  E=1.613391206334e+03  Q=1.668000000000e+03  λ=1.844218e+00  dt=1.106e-03  relΔE=3.620e-10  ||F||=6.354e-04
 step= 24500  E=1.613390927867e+03  Q=1.668000000000e+03  λ=1.844204e+00  dt=8.561e-04  relΔE=2.248e-10  ||F||=5.711e-04
 step= 25000  E=1.613390706103e+03  Q=1.668000000000e+03  λ=1.844192e+00  dt=1.325e-03  relΔE=2.792e-10  ||F||=5.135e-04
 step= 25500  E=1.613390531348e+03  Q=1.668000000000e+03  λ=1.844181e+00  dt=1.026e-03  relΔE=1.740e-10  ||F||=4.628e-04
 step= 26000  E=1.613390385769e+03  Q=1.668000000000e+03  λ=1.844171e+00  dt=7.938e-04  relΔE=1.083e-10  ||F||=4.169e-04
 step= 26500  E=1.613390273477e+03  Q=1.668000000000e+03  λ=1.844162e+00  dt=1.229e-03  relΔE=1.338e-10  ||F||=3.746e-04
 step= 27000  E=1.613390182145e+03  Q=1.668000000000e+03  λ=1.844154e+00  dt=9.510e-04  relΔE=8.289e-11  ||F||=3.372e-04
 step= 27500  E=1.613390107113e+03  Q=1.668000000000e+03  λ=1.844147e+00  dt=1.472e-03  relΔE=9.006e-11  ||F||=9.295e-04
 step= 28000  E=1.613390050524e+03  Q=1.668000000000e+03  λ=1.844141e+00  dt=1.139e-03  relΔE=6.330e-11  ||F||=2.732e-04
 step= 28500  E=1.613390003601e+03  Q=1.668000000000e+03  λ=1.844135e+00  dt=8.818e-04  relΔE=3.894e-11  ||F||=2.457e-04
 step= 29000  E=1.613389966330e+03  Q=1.668000000000e+03  λ=1.844130e+00  dt=1.365e-03  relΔE=4.779e-11  ||F||=2.209e-04
 step= 29500  E=1.613389937493e+03  Q=1.668000000000e+03  λ=1.844125e+00  dt=1.056e-03  relΔE=2.942e-11  ||F||=1.992e-04
 step= 30000  E=1.613389913898e+03  Q=1.668000000000e+03  λ=1.844121e+00  dt=8.177e-04  relΔE=1.795e-11  ||F||=1.791e-04
 step= 30500  E=1.613389895732e+03  Q=1.668000000000e+03  λ=1.844117e+00  dt=1.266e-03  relΔE=2.187e-11  ||F||=1.613e-04
 step= 31000  E=1.613389881443e+03  Q=1.668000000000e+03  λ=1.844114e+00  dt=9.796e-04  relΔE=1.329e-11  ||F||=1.453e-04
 step= 31500  E=1.613389869907e+03  Q=1.668000000000e+03  λ=1.844111e+00  dt=7.582e-04  relΔE=8.481e-12  ||F||=1.335e-04
 step= 32000  E=1.613389861402e+03  Q=1.668000000000e+03  λ=1.844108e+00  dt=1.174e-03  relΔE=9.631e-12  ||F||=1.177e-04
 step= 32500  E=1.613389854595e+03  Q=1.668000000000e+03  λ=1.844106e+00  dt=9.084e-04  relΔE=5.729e-12  ||F||=1.059e-04
 step= 33000  E=1.613389849345e+03  Q=1.668000000000e+03  λ=1.844103e+00  dt=1.406e-03  relΔE=6.739e-12  ||F||=9.546e-05
 step= 33500  E=1.613389845496e+03  Q=1.668000000000e+03  λ=1.844101e+00  dt=1.088e-03  relΔE=3.956e-12  ||F||=8.591e-05
 step= 34000  E=1.613389842513e+03  Q=1.668000000000e+03  λ=1.844100e+00  dt=8.423e-04  relΔE=2.270e-12  ||F||=7.726e-05
 step= 34500  E=1.613389840341e+03  Q=1.668000000000e+03  λ=1.844098e+00  dt=1.304e-03  relΔE=2.560e-12  ||F||=6.954e-05
 step= 35000  E=1.613389838799e+03  Q=1.668000000000e+03  λ=1.844097e+00  dt=1.009e-03  relΔE=1.415e-12  ||F||=6.270e-05
 step= 35500  E=1.613389837680e+03  Q=1.668000000000e+03  λ=1.844095e+00  dt=7.810e-04  relΔE=7.497e-13  ||F||=5.643e-05
 step= 36000  E=1.613389836968e+03  Q=1.668000000000e+03  λ=1.844094e+00  dt=1.209e-03  relΔE=7.445e-13  ||F||=5.081e-05
 step= 36500  E=1.613389836519e+03  Q=1.668000000000e+03  λ=1.844093e+00  dt=9.357e-04  relΔE=3.329e-13  ||F||=4.574e-05
 step= 37000  E=1.613389836279e+03  Q=1.668000000000e+03  λ=1.844092e+00  dt=1.448e-03  relΔE=2.217e-13  ||F||=4.310e-05
 step= 37500  E=1.613389836206e+03  Q=1.668000000000e+03  λ=1.844091e+00  dt=1.121e-03  relΔE=1.437e-14  ||F||=3.711e-05
  !! dt fell below dt_min: stiffness-limited termination.

Stationary candidate (aggressive): E=1.613389836205e+03, Q=1.668000000000e+03, maxρ=1.137218e+00

=== Stability test (damped inertial dynamics) ===
Perturb eps=0.02, gamma=1
t=0: E=1.694299837471e+03, Q=1.668000000000e+03, maxρ=1.176706e+00, σ=2.510094e+00, Rc=1.890400e+01
 step=     1  E=1.694299432545e+03  Q=1.668000000000e+03  λ=2.228590e+00  maxρ=1.176706e+00  minρ=1.000e-15  σ=2.510094e+00  Rc=1.890400e+01
 step=   300  E=1.677692426169e+03  Q=1.668000000000e+03  λ=2.126457e+00  maxρ=1.174708e+00  minρ=1.000e-15  σ=2.510090e+00  Rc=1.890400e+01
 step=   600  E=1.644250919099e+03  Q=1.668000000000e+03  λ=1.941306e+00  maxρ=1.169075e+00  minρ=1.000e-15  σ=2.510084e+00  Rc=1.890400e+01
 step=   900  E=1.624565934460e+03  Q=1.668000000000e+03  λ=1.881778e+00  maxρ=1.160745e+00  minρ=1.000e-15  σ=2.510082e+00  Rc=1.890400e+01
 step=  1200  E=1.631830207283e+03  Q=1.668000000000e+03  λ=1.987874e+00  maxρ=1.156637e+00  minρ=1.000e-15  σ=2.510086e+00  Rc=1.890400e+01
 step=  1500  E=1.651773744270e+03  Q=1.668000000000e+03  λ=2.103685e+00  maxρ=1.161226e+00  minρ=1.000e-15  σ=2.510088e+00  Rc=1.890399e+01
 step=  1800  E=1.662084251783e+03  Q=1.668000000000e+03  λ=2.090510e+00  maxρ=1.164943e+00  minρ=1.000e-15  σ=2.510086e+00  Rc=1.890399e+01
 step=  2100  E=1.656230852756e+03  Q=1.668000000000e+03  λ=1.990292e+00  maxρ=1.159012e+00  minρ=1.000e-15  σ=2.510083e+00  Rc=1.890399e+01
 step=  2400  E=1.645755297805e+03  Q=1.668000000000e+03  λ=1.943344e+00  maxρ=1.146700e+00  minρ=1.000e-15  σ=2.510083e+00  Rc=1.890399e+01
 step=  2700  E=1.643150945975e+03  Q=1.668000000000e+03  λ=1.997237e+00  maxρ=1.149842e+00  minρ=1.000e-15  σ=2.510086e+00  Rc=1.890399e+01
 step=  3000  E=1.648240440849e+03  Q=1.668000000000e+03  λ=2.063010e+00  maxρ=1.163045e+00  minρ=1.000e-15  σ=2.510086e+00  Rc=1.890399e+01
 step=  3300  E=1.652113146656e+03  Q=1.668000000000e+03  λ=2.051541e+00  maxρ=1.166008e+00  minρ=1.000e-15  σ=2.510083e+00  Rc=1.890399e+01
 step=  3600  E=1.649761224529e+03  Q=1.668000000000e+03  λ=1.987527e+00  maxρ=1.162090e+00  minρ=1.000e-15  σ=2.510079e+00  Rc=1.890399e+01
 step=  3900  E=1.644804261040e+03  Q=1.668000000000e+03  λ=1.958155e+00  maxρ=1.162090e+00  minρ=1.000e-15  σ=2.510080e+00  Rc=1.890399e+01
 step=  4200  E=1.642921876190e+03  Q=1.668000000000e+03  λ=1.989814e+00  maxρ=1.158047e+00  minρ=1.000e-15  σ=2.510084e+00  Rc=1.890398e+01
 step=  4500  E=1.644662068109e+03  Q=1.668000000000e+03  λ=2.025113e+00  maxρ=1.155331e+00  minρ=1.000e-15  σ=2.510085e+00  Rc=1.890398e+01
 step=  4800  E=1.646299650431e+03  Q=1.668000000000e+03  λ=2.013434e+00  maxρ=1.160484e+00  minρ=1.000e-15  σ=2.510082e+00  Rc=1.890398e+01
 step=  5100  E=1.645507963518e+03  Q=1.668000000000e+03  λ=1.976456e+00  maxρ=1.161655e+00  minρ=1.000e-15  σ=2.510077e+00  Rc=1.890398e+01
 step=  5400  E=1.643638231777e+03  Q=1.668000000000e+03  λ=1.966112e+00  maxρ=1.160284e+00  minρ=1.000e-15  σ=2.510076e+00  Rc=1.890397e+01
 step=  5700  E=1.642814908878e+03  Q=1.668000000000e+03  λ=1.989398e+00  maxρ=1.156324e+00  minρ=1.000e-15  σ=2.510080e+00  Rc=1.890396e+01
 step=  6000  E=1.643034482572e+03  Q=1.668000000000e+03  λ=2.006589e+00  maxρ=1.151823e+00  minρ=1.000e-15  σ=2.510081e+00  Rc=1.890396e+01
 >>> No runaway detected in this horizon. Likely stable (within this model & box).

STABILITY: PASS
