
=== Aggressive relaxation to Q = 982 ===
Initial: E=3.047677659592e+03, Q=9.820000000000e+02, dt=1.000e-04
 step=     1  E=3.047471871180e+03  Q=9.820000000000e+02  λ=6.183584e+00  dt=1.000e-04  relΔE=6.752e-05  ||F||=1.448e+00
 step=   500  E=2.821325045851e+03  Q=9.820000000000e+02  λ=5.709704e+00  dt=6.192e-04  relΔE=2.748e-04  ||F||=1.237e+00
 step=  1000  E=2.320934622690e+03  Q=9.820000000000e+02  λ=4.659174e+00  dt=9.584e-04  relΔE=2.726e-04  ||F||=8.985e-01
 step=  1500  E=2.006477932143e+03  Q=9.820000000000e+02  λ=4.002883e+00  dt=7.418e-04  relΔE=2.011e-04  ||F||=1.164e+00
 step=  2000  E=1.800852832318e+03  Q=9.820000000000e+02  λ=3.576294e+00  dt=1.148e-03  relΔE=2.002e-04  ||F||=6.195e-01
 step=  2500  E=1.643035536452e+03  Q=9.820000000000e+02  λ=3.250660e+00  dt=7.406e-04  relΔE=1.081e-04  ||F||=5.415e-01
 step=  3000  E=1.522188849390e+03  Q=9.820000000000e+02  λ=3.002940e+00  dt=1.146e-03  relΔE=1.435e-04  ||F||=4.826e-01
 step=  3500  E=1.422070760319e+03  Q=9.820000000000e+02  λ=2.798390e+00  dt=8.873e-04  relΔE=9.647e-05  ||F||=4.347e-01
 step=  4000  E=1.339785210537e+03  Q=9.820000000000e+02  λ=2.631182e+00  dt=1.373e-03  relΔE=1.320e-04  ||F||=3.971e-01
 step=  4500  E=1.271998958018e+03  Q=9.820000000000e+02  λ=2.493797e+00  dt=1.063e-03  relΔE=9.276e-05  ||F||=3.683e-01
 step=  5000  E=1.210950137649e+03  Q=9.820000000000e+02  λ=2.370591e+00  dt=8.227e-04  relΔE=6.716e-05  ||F||=3.476e-01
 step=  5500  E=1.156342488172e+03  Q=9.820000000000e+02  λ=2.260868e+00  dt=1.274e-03  relΔE=1.006e-04  ||F||=3.342e-01
 step=  6000  E=1.105501639049e+03  Q=9.820000000000e+02  λ=2.158624e+00  dt=9.857e-04  relΔE=7.737e-05  ||F||=3.257e-01
 step=  6500  E=1.055238908764e+03  Q=9.820000000000e+02  λ=2.057142e+00  dt=7.629e-04  relΔE=6.152e-05  ||F||=3.227e-01
 step=  7000  E=1.010567024245e+03  Q=9.820000000000e+02  λ=1.966284e+00  dt=1.181e-03  relΔE=8.817e-05  ||F||=3.037e-01
 step=  7500  E=9.697572845635e+02  Q=9.820000000000e+02  λ=1.882339e+00  dt=9.140e-04  relΔE=6.072e-05  ||F||=2.806e-01
 step=  8000  E=9.359947926227e+02  Q=9.820000000000e+02  λ=1.812311e+00  dt=1.415e-03  relΔE=7.556e-05  ||F||=2.565e-01
 step=  8500  E=9.118162306505e+02  Q=9.820000000000e+02  λ=1.761718e+00  dt=1.095e-03  relΔE=4.303e-05  ||F||=2.093e-01
 step=  9000  E=8.947030497717e+02  Q=9.820000000000e+02  λ=1.725747e+00  dt=8.475e-04  relΔE=2.214e-05  ||F||=1.690e-01
 step=  9500  E=8.839480820270e+02  Q=9.820000000000e+02  λ=1.703098e+00  dt=1.312e-03  relΔE=2.121e-05  ||F||=1.322e-01
 step= 10000  E=8.776213009494e+02  Q=9.820000000000e+02  λ=1.689732e+00  dt=1.015e-03  relΔE=9.737e-06  ||F||=1.014e-01
 step= 10500  E=8.738485614919e+02  Q=9.820000000000e+02  λ=1.681757e+00  dt=7.858e-04  relΔE=4.258e-06  ||F||=7.607e-02
 step= 11000  E=8.718347374172e+02  Q=9.820000000000e+02  λ=1.677500e+00  dt=1.216e-03  relΔE=3.631e-06  ||F||=5.638e-02
 step= 11500  E=8.707122441138e+02  Q=9.820000000000e+02  λ=1.675121e+00  dt=9.414e-04  relΔE=1.524e-06  ||F||=4.149e-02
 step= 12000  E=8.700948037850e+02  Q=9.820000000000e+02  λ=1.673814e+00  dt=1.457e-03  relΔE=1.148e-06  ||F||=8.376e-02
 step= 12500  E=8.697839309148e+02  Q=9.820000000000e+02  λ=1.673148e+00  dt=1.128e-03  relΔE=5.204e-07  ||F||=2.212e-02
 step= 13000  E=8.696114583709e+02  Q=9.820000000000e+02  λ=1.672776e+00  dt=8.730e-04  relΔE=2.120e-07  ||F||=1.604e-02
 step= 13500  E=8.695207379333e+02  Q=9.820000000000e+02  λ=1.672579e+00  dt=1.351e-03  relΔE=1.726e-07  ||F||=1.163e-02
 step= 14000  E=8.694738986572e+02  Q=9.820000000000e+02  λ=1.672474e+00  dt=1.046e-03  relΔE=7.143e-08  ||F||=8.494e-03
 step= 14500  E=8.694482055561e+02  Q=9.820000000000e+02  λ=1.672414e+00  dt=8.095e-04  relΔE=2.917e-08  ||F||=6.164e-03
 step= 15000  E=8.694348682345e+02  Q=9.820000000000e+02  λ=1.672382e+00  dt=1.253e-03  relΔE=2.426e-08  ||F||=4.513e-03
 step= 15500  E=8.694276457433e+02  Q=9.820000000000e+02  λ=1.672363e+00  dt=9.698e-04  relΔE=1.023e-08  ||F||=3.328e-03
 step= 16000  E=8.694235755739e+02  Q=9.820000000000e+02  λ=1.672351e+00  dt=7.506e-04  relΔE=4.785e-09  ||F||=2.608e-03
 step= 16500  E=8.694214267627e+02  Q=9.820000000000e+02  λ=1.672344e+00  dt=1.162e-03  relΔE=3.839e-09  ||F||=1.859e-03
 step= 17000  E=8.694201395979e+02  Q=9.820000000000e+02  λ=1.672340e+00  dt=8.992e-04  relΔE=1.733e-09  ||F||=1.420e-03
 step= 17500  E=8.694193719628e+02  Q=9.820000000000e+02  λ=1.672336e+00  dt=1.392e-03  relΔE=1.623e-09  ||F||=1.111e-03
 step= 18000  E=8.694189103059e+02  Q=9.820000000000e+02  λ=1.672334e+00  dt=1.077e-03  relΔE=8.064e-10  ||F||=8.902e-04
 step= 18500  E=8.694185999409e+02  Q=9.820000000000e+02  λ=1.672333e+00  dt=8.338e-04  relΔE=4.132e-10  ||F||=7.287e-04
 step= 19000  E=8.694183920898e+02  Q=9.820000000000e+02  λ=1.672332e+00  dt=1.291e-03  relΔE=4.431e-10  ||F||=6.114e-04
 step= 19500  E=8.694182473766e+02  Q=9.820000000000e+02  λ=1.672331e+00  dt=9.989e-04  relΔE=2.475e-10  ||F||=5.243e-04
 step= 20000  E=8.694181378580e+02  Q=9.820000000000e+02  λ=1.672330e+00  dt=7.731e-04  relΔE=1.437e-10  ||F||=4.590e-04
 step= 20500  E=8.694180598122e+02  Q=9.820000000000e+02  λ=1.672330e+00  dt=1.197e-03  relΔE=1.654e-10  ||F||=4.005e-04
 step= 21000  E=8.694179988154e+02  Q=9.820000000000e+02  λ=1.672329e+00  dt=9.263e-04  relΔE=9.808e-11  ||F||=3.550e-04
 step= 21500  E=8.694179509548e+02  Q=9.820000000000e+02  λ=1.672329e+00  dt=1.434e-03  relΔE=1.161e-10  ||F||=3.900e-04
 step= 22000  E=8.694179155825e+02  Q=9.820000000000e+02  λ=1.672329e+00  dt=1.110e-03  relΔE=7.092e-11  ||F||=2.835e-04
 step= 22500  E=8.694178868800e+02  Q=9.820000000000e+02  λ=1.672329e+00  dt=8.589e-04  relΔE=4.278e-11  ||F||=2.542e-04
 step= 23000  E=8.694178646067e+02  Q=9.820000000000e+02  λ=1.672329e+00  dt=1.329e-03  relΔE=5.170e-11  ||F||=2.284e-04
 step= 23500  E=8.694178475431e+02  Q=9.820000000000e+02  λ=1.672329e+00  dt=1.029e-03  relΔE=3.136e-11  ||F||=2.059e-04
 step= 24000  E=8.694178337504e+02  Q=9.820000000000e+02  λ=1.672329e+00  dt=7.964e-04  relΔE=1.888e-11  ||F||=1.853e-04
 step= 24500  E=8.694178233881e+02  Q=9.820000000000e+02  λ=1.672329e+00  dt=1.233e-03  relΔE=2.265e-11  ||F||=1.671e-04
 step= 25000  E=8.694178152775e+02  Q=9.820000000000e+02  λ=1.672329e+00  dt=9.541e-04  relΔE=1.352e-11  ||F||=1.507e-04
 step= 25500  E=8.694178088717e+02  Q=9.820000000000e+02  λ=1.672329e+00  dt=6.154e-04  relΔE=2.512e-11  ||F||=1.054e-03
 step= 26000  E=8.694178043605e+02  Q=9.820000000000e+02  λ=1.672329e+00  dt=9.526e-04  relΔE=7.871e-12  ||F||=1.228e-04
 step= 26500  E=8.694178006685e+02  Q=9.820000000000e+02  λ=1.672329e+00  dt=1.475e-03  relΔE=5.217e-12  ||F||=5.035e-04
 step= 27000  E=8.694177980784e+02  Q=9.820000000000e+02  λ=1.672329e+00  dt=1.141e-03  relΔE=5.183e-12  ||F||=9.997e-05
 step= 27500  E=8.694177961193e+02  Q=9.820000000000e+02  λ=1.672329e+00  dt=8.833e-04  relΔE=2.871e-12  ||F||=9.012e-05
 step= 28000  E=8.694177947355e+02  Q=9.820000000000e+02  λ=1.672329e+00  dt=1.367e-03  relΔE=3.068e-12  ||F||=8.125e-05
 step= 28500  E=8.694177938239e+02  Q=9.820000000000e+02  λ=1.672329e+00  dt=1.058e-03  relΔE=1.575e-12  ||F||=7.344e-05
 step= 29000  E=8.694177932265e+02  Q=9.820000000000e+02  λ=1.672329e+00  dt=8.190e-04  relΔE=7.272e-13  ||F||=6.618e-05
 step= 29500  E=8.694177929005e+02  Q=9.820000000000e+02  λ=1.672329e+00  dt=1.268e-03  relΔE=5.552e-13  ||F||=5.974e-05
 step= 30000  E=8.694177927703e+02  Q=9.820000000000e+02  λ=1.672329e+00  dt=9.812e-04  relΔE=1.011e-13  ||F||=5.398e-05
  !! dt fell below dt_min: stiffness-limited termination.

Stationary candidate (aggressive): E=8.694177927608e+02, Q=9.820000000000e+02, maxρ=8.986781e-01

=== Stability test (damped inertial dynamics) ===
Perturb eps=0.02, gamma=1
t=0: E=9.169686801323e+02, Q=9.820000000000e+02, maxρ=9.275783e-01, σ=2.436128e+00, Rc=1.886815e+01
 step=     1  E=9.169684420930e+02  Q=9.820000000000e+02  λ=2.055877e+00  maxρ=9.275782e-01  minρ=1.000e-15  σ=2.436128e+00  Rc=1.886815e+01
 step=   300  E=9.072061484562e+02  Q=9.820000000000e+02  λ=1.953996e+00  maxρ=9.260043e-01  minρ=1.000e-15  σ=2.436124e+00  Rc=1.886816e+01
 step=   600  E=8.875507177945e+02  Q=9.820000000000e+02  λ=1.769291e+00  maxρ=9.215670e-01  minρ=1.000e-15  σ=2.436118e+00  Rc=1.886816e+01
 step=   900  E=8.759887119355e+02  Q=9.820000000000e+02  λ=1.709890e+00  maxρ=9.150045e-01  minρ=1.000e-15  σ=2.436116e+00  Rc=1.886816e+01
 step=  1200  E=8.802717439893e+02  Q=9.820000000000e+02  λ=1.815743e+00  maxρ=9.117706e-01  minρ=1.000e-15  σ=2.436119e+00  Rc=1.886815e+01
 step=  1500  E=8.919992422536e+02  Q=9.820000000000e+02  λ=1.931345e+00  maxρ=9.169702e-01  minρ=1.000e-15  σ=2.436122e+00  Rc=1.886815e+01
 step=  1800  E=8.980460244975e+02  Q=9.820000000000e+02  λ=1.918257e+00  maxρ=9.199063e-01  minρ=1.000e-15  σ=2.436120e+00  Rc=1.886815e+01
 step=  2100  E=8.945806546126e+02  Q=9.820000000000e+02  λ=1.818210e+00  maxρ=9.152248e-01  minρ=1.000e-15  σ=2.436117e+00  Rc=1.886815e+01
 step=  2400  E=8.884105959107e+02  Q=9.820000000000e+02  λ=1.771202e+00  maxρ=9.061028e-01  minρ=1.000e-15  σ=2.436117e+00  Rc=1.886815e+01
 step=  2700  E=8.868962418945e+02  Q=9.820000000000e+02  λ=1.824881e+00  maxρ=9.079855e-01  minρ=1.000e-15  σ=2.436120e+00  Rc=1.886815e+01
 step=  3000  E=8.899224561026e+02  Q=9.820000000000e+02  λ=1.890644e+00  maxρ=9.177582e-01  minρ=1.000e-15  σ=2.436120e+00  Rc=1.886814e+01
 step=  3300  E=8.922195884201e+02  Q=9.820000000000e+02  λ=1.879457e+00  maxρ=9.201021e-01  minρ=1.000e-15  σ=2.436117e+00  Rc=1.886815e+01
 step=  3600  E=8.908236395683e+02  Q=9.820000000000e+02  λ=1.815658e+00  maxρ=9.183200e-01  minρ=1.000e-15  σ=2.436113e+00  Rc=1.886815e+01
 step=  3900  E=8.878773804422e+02  Q=9.820000000000e+02  λ=1.786126e+00  maxρ=9.183254e-01  minρ=1.000e-15  σ=2.436114e+00  Rc=1.886814e+01
 step=  4200  E=8.867554899672e+02  Q=9.820000000000e+02  λ=1.817444e+00  maxρ=9.151368e-01  minρ=1.000e-15  σ=2.436118e+00  Rc=1.886814e+01
 step=  4500  E=8.877974685650e+02  Q=9.820000000000e+02  λ=1.852692e+00  maxρ=9.127373e-01  minρ=1.000e-15  σ=2.436119e+00  Rc=1.886814e+01
 step=  4800  E=8.887921344588e+02  Q=9.820000000000e+02  λ=1.841353e+00  maxρ=9.164048e-01  minρ=1.000e-15  σ=2.436116e+00  Rc=1.886813e+01
 step=  5100  E=8.883355391335e+02  Q=9.820000000000e+02  λ=1.804680e+00  maxρ=9.177477e-01  minρ=1.000e-15  σ=2.436111e+00  Rc=1.886813e+01
 step=  5400  E=8.872121446828e+02  Q=9.820000000000e+02  λ=1.794203e+00  maxρ=9.166739e-01  minρ=1.000e-15  σ=2.436111e+00  Rc=1.886813e+01
 step=  5700  E=8.866984371627e+02  Q=9.820000000000e+02  λ=1.817076e+00  maxρ=9.135548e-01  minρ=1.000e-15  σ=2.436114e+00  Rc=1.886812e+01
 step=  6000  E=8.868258875489e+02  Q=9.820000000000e+02  λ=1.834098e+00  maxρ=9.099841e-01  minρ=1.000e-15  σ=2.436115e+00  Rc=1.886812e+01
 >>> No runaway detected in this horizon. Likely stable (within this model & box).

STABILITY: PASS
