
=== Aggressive relaxation to Q = 1763 ===
Initial: E=5.492367686490e+03, Q=1.763000000000e+03, dt=1.000e-04
 step=     1  E=5.491971959873e+03  Q=1.763000000000e+03  λ=6.356401e+00  dt=1.000e-04  relΔE=7.205e-05  ||F||=1.498e+00
 step=   500  E=5.055561426253e+03  Q=1.763000000000e+03  λ=5.815566e+00  dt=6.192e-04  relΔE=2.961e-04  ||F||=1.283e+00
 step=  1000  E=4.103233126106e+03  Q=1.763000000000e+03  λ=4.654157e+00  dt=9.584e-04  relΔE=2.882e-04  ||F||=9.168e-01
 step=  1500  E=3.523565847418e+03  Q=1.763000000000e+03  λ=3.960358e+00  dt=7.418e-04  relΔE=2.663e-04  ||F||=2.739e+00
 step=  2000  E=3.153320876998e+03  Q=1.763000000000e+03  λ=3.516553e+00  dt=1.148e-03  relΔE=2.044e-04  ||F||=6.183e-01
 step=  2500  E=2.869279989003e+03  Q=1.763000000000e+03  λ=3.180810e+00  dt=8.887e-04  relΔE=1.309e-04  ||F||=5.364e-01
 step=  3000  E=2.651252192022e+03  Q=1.763000000000e+03  λ=2.925182e+00  dt=1.376e-03  relΔE=1.719e-04  ||F||=4.753e-01
 step=  3500  E=2.481798857887e+03  Q=1.763000000000e+03  λ=2.727390e+00  dt=1.065e-03  relΔE=1.154e-04  ||F||=4.279e-01
 step=  4000  E=2.338692901003e+03  Q=1.763000000000e+03  λ=2.561263e+00  dt=8.241e-04  relΔE=7.871e-05  ||F||=3.900e-01
 step=  4500  E=2.219910154288e+03  Q=1.763000000000e+03  λ=2.424203e+00  dt=1.276e-03  relΔE=1.098e-04  ||F||=3.606e-01
 step=  5000  E=2.117324867067e+03  Q=1.763000000000e+03  λ=2.306193e+00  dt=9.873e-04  relΔE=7.919e-05  ||F||=3.400e-01
 step=  5500  E=2.020731071014e+03  Q=1.763000000000e+03  λ=2.195439e+00  dt=7.641e-04  relΔE=6.209e-05  ||F||=3.346e-01
 step=  6000  E=1.934475762548e+03  Q=1.763000000000e+03  λ=2.096664e+00  dt=1.183e-03  relΔE=9.166e-05  ||F||=3.195e-01
 step=  6500  E=1.848934805848e+03  Q=1.763000000000e+03  λ=1.998338e+00  dt=9.154e-04  relΔE=7.152e-05  ||F||=3.136e-01
 step=  7000  E=1.766341527853e+03  Q=1.763000000000e+03  λ=1.903282e+00  dt=1.417e-03  relΔE=1.079e-04  ||F||=3.212e-01
 step=  7500  E=1.694826835888e+03  Q=1.763000000000e+03  λ=1.821069e+00  dt=1.097e-03  relΔE=7.587e-05  ||F||=2.825e-01
 step=  8000  E=1.633533482646e+03  Q=1.763000000000e+03  λ=1.751487e+00  dt=8.488e-04  relΔE=4.781e-05  ||F||=2.503e-01
 step=  8500  E=1.588038990315e+03  Q=1.763000000000e+03  λ=1.701116e+00  dt=1.314e-03  relΔE=5.391e-05  ||F||=2.106e-01
 step=  9000  E=1.557627322331e+03  Q=1.763000000000e+03  λ=1.668547e+00  dt=1.017e-03  relΔE=2.782e-05  ||F||=1.703e-01
 step=  9500  E=1.537832625451e+03  Q=1.763000000000e+03  λ=1.648309e+00  dt=7.871e-04  relΔE=1.321e-05  ||F||=1.326e-01
 step= 10000  E=1.526507068561e+03  Q=1.763000000000e+03  λ=1.637411e+00  dt=1.218e-03  relΔE=1.198e-05  ||F||=1.011e-01
 step= 10500  E=1.519908900978e+03  Q=1.763000000000e+03  λ=1.631513e+00  dt=9.430e-04  relΔE=5.252e-06  ||F||=7.590e-02
 step= 11000  E=1.516142033624e+03  Q=1.763000000000e+03  λ=1.628478e+00  dt=1.460e-03  relΔE=4.045e-06  ||F||=1.666e-01
 step= 11500  E=1.514180562366e+03  Q=1.763000000000e+03  λ=1.627064e+00  dt=1.130e-03  relΔE=1.923e-06  ||F||=4.188e-02
 step= 12000  E=1.513053412248e+03  Q=1.763000000000e+03  λ=1.626368e+00  dt=8.744e-04  relΔE=8.158e-07  ||F||=3.099e-02
 step= 12500  E=1.512433475798e+03  Q=1.763000000000e+03  λ=1.626039e+00  dt=1.353e-03  relΔE=6.991e-07  ||F||=2.305e-02
 step= 13000  E=1.512094590162e+03  Q=1.763000000000e+03  λ=1.625875e+00  dt=1.048e-03  relΔE=3.099e-07  ||F||=1.744e-02
 step= 13500  E=1.511893041087e+03  Q=1.763000000000e+03  λ=1.625770e+00  dt=8.108e-04  relΔE=1.390e-07  ||F||=1.327e-02
 step= 14000  E=1.511776595648e+03  Q=1.763000000000e+03  λ=1.625689e+00  dt=1.255e-03  relΔE=1.303e-07  ||F||=1.033e-02
 step= 14500  E=1.511704764520e+03  Q=1.763000000000e+03  λ=1.625612e+00  dt=9.713e-04  relΔE=6.396e-08  ||F||=8.227e-03
 step= 15000  E=1.511656769536e+03  Q=1.763000000000e+03  λ=1.625533e+00  dt=7.518e-04  relΔE=3.620e-08  ||F||=7.075e-03
 step= 15500  E=1.511626198968e+03  Q=1.763000000000e+03  λ=1.625457e+00  dt=1.164e-03  relΔE=3.490e-08  ||F||=5.557e-03
 step= 16000  E=1.511603871492e+03  Q=1.763000000000e+03  λ=1.625379e+00  dt=9.007e-04  relΔE=1.935e-08  ||F||=4.707e-03
 step= 16500  E=1.511587503346e+03  Q=1.763000000000e+03  λ=1.625303e+00  dt=1.394e-03  relΔE=2.210e-08  ||F||=4.061e-03
 step= 17000  E=1.511575622785e+03  Q=1.763000000000e+03  λ=1.625233e+00  dt=1.079e-03  relΔE=1.306e-08  ||F||=3.539e-03
 step= 17500  E=1.511566228552e+03  Q=1.763000000000e+03  λ=1.625165e+00  dt=8.352e-04  relΔE=7.801e-09  ||F||=3.112e-03
 step= 18000  E=1.511558988404e+03  Q=1.763000000000e+03  λ=1.625103e+00  dt=1.293e-03  relΔE=9.457e-09  ||F||=2.757e-03
 step= 18500  E=1.511553367671e+03  Q=1.763000000000e+03  λ=1.625047e+00  dt=1.001e-03  relΔE=5.807e-09  ||F||=2.459e-03
 step= 19000  E=1.511548735017e+03  Q=1.763000000000e+03  λ=1.624993e+00  dt=7.744e-04  relΔE=3.628e-09  ||F||=2.212e-03
 step= 19500  E=1.511545207051e+03  Q=1.763000000000e+03  λ=1.624947e+00  dt=1.199e-03  relΔE=4.420e-09  ||F||=1.964e-03
 step= 20000  E=1.511542316563e+03  Q=1.763000000000e+03  λ=1.624904e+00  dt=9.278e-04  relΔE=2.742e-09  ||F||=1.761e-03
 step= 20500  E=1.511539949865e+03  Q=1.763000000000e+03  λ=1.624865e+00  dt=1.436e-03  relΔE=3.370e-09  ||F||=2.007e-03
 step= 21000  E=1.511538139322e+03  Q=1.763000000000e+03  λ=1.624831e+00  dt=1.112e-03  relΔE=2.124e-09  ||F||=1.420e-03
 step= 21500  E=1.511536624375e+03  Q=1.763000000000e+03  λ=1.624799e+00  dt=8.603e-04  relΔE=1.321e-09  ||F||=1.275e-03
 step= 22000  E=1.511535412466e+03  Q=1.763000000000e+03  λ=1.624771e+00  dt=1.332e-03  relΔE=1.646e-09  ||F||=1.146e-03
 step= 22500  E=1.511534455274e+03  Q=1.763000000000e+03  λ=1.624746e+00  dt=1.031e-03  relΔE=1.030e-09  ||F||=1.033e-03
 step= 23000  E=1.511533656523e+03  Q=1.763000000000e+03  λ=1.624723e+00  dt=7.977e-04  relΔE=6.428e-10  ||F||=9.292e-04
 step= 23500  E=1.511533033291e+03  Q=1.763000000000e+03  λ=1.624703e+00  dt=1.235e-03  relΔE=8.007e-10  ||F||=8.356e-04
 step= 24000  E=1.511532528684e+03  Q=1.763000000000e+03  λ=1.624685e+00  dt=7.964e-04  relΔE=4.187e-10  ||F||=7.543e-04
 step= 24500  E=1.511532121913e+03  Q=1.763000000000e+03  λ=1.624669e+00  dt=1.233e-03  relΔE=5.217e-10  ||F||=6.787e-04
 step= 25000  E=1.511531790368e+03  Q=1.763000000000e+03  λ=1.624654e+00  dt=9.541e-04  relΔE=3.254e-10  ||F||=6.113e-04
 step= 25500  E=1.511531516513e+03  Q=1.763000000000e+03  λ=1.624641e+00  dt=1.477e-03  relΔE=1.107e-11  ||F||=4.803e-03
 step= 26000  E=1.511531306974e+03  Q=1.763000000000e+03  λ=1.624629e+00  dt=1.143e-03  relΔE=2.525e-10  ||F||=4.957e-04
 step= 26500  E=1.511531132391e+03  Q=1.763000000000e+03  λ=1.624619e+00  dt=8.847e-04  relΔE=1.568e-10  ||F||=4.460e-04
 step= 27000  E=1.511530992197e+03  Q=1.763000000000e+03  λ=1.624609e+00  dt=1.369e-03  relΔE=1.945e-10  ||F||=4.014e-04
 step= 27500  E=1.511530882593e+03  Q=1.763000000000e+03  λ=1.624601e+00  dt=1.060e-03  relΔE=1.212e-10  ||F||=3.621e-04
 step= 28000  E=1.511530791867e+03  Q=1.763000000000e+03  λ=1.624593e+00  dt=8.203e-04  relΔE=7.502e-11  ||F||=3.259e-04
 step= 28500  E=1.511530720613e+03  Q=1.763000000000e+03  λ=1.624586e+00  dt=1.270e-03  relΔE=9.288e-11  ||F||=2.935e-04
 step= 29000  E=1.511530663886e+03  Q=1.763000000000e+03  λ=1.624580e+00  dt=9.828e-04  relΔE=5.753e-11  ||F||=2.647e-04
 step= 29500  E=1.511530617011e+03  Q=1.763000000000e+03  λ=1.624574e+00  dt=7.607e-04  relΔE=3.689e-11  ||F||=2.425e-04
 step= 30000  E=1.511530581604e+03  Q=1.763000000000e+03  λ=1.624569e+00  dt=1.177e-03  relΔE=4.367e-11  ||F||=2.147e-04
 step= 30500  E=1.511530552560e+03  Q=1.763000000000e+03  λ=1.624565e+00  dt=9.113e-04  relΔE=2.678e-11  ||F||=1.934e-04
 step= 31000  E=1.511530529317e+03  Q=1.763000000000e+03  λ=1.624560e+00  dt=1.411e-03  relΔE=3.262e-11  ||F||=1.778e-04
 step= 31500  E=1.511530511682e+03  Q=1.763000000000e+03  λ=1.624557e+00  dt=1.092e-03  relΔE=2.001e-11  ||F||=1.570e-04
 step= 32000  E=1.511530497348e+03  Q=1.763000000000e+03  λ=1.624553e+00  dt=8.450e-04  relΔE=1.212e-11  ||F||=1.414e-04
 step= 32500  E=1.511530486216e+03  Q=1.763000000000e+03  λ=1.624551e+00  dt=1.308e-03  relΔE=1.463e-11  ||F||=1.273e-04
 step= 33000  E=1.511530477701e+03  Q=1.763000000000e+03  λ=1.624548e+00  dt=1.012e-03  relΔE=8.814e-12  ||F||=1.149e-04
 step= 33500  E=1.511530470873e+03  Q=1.763000000000e+03  λ=1.624545e+00  dt=7.835e-04  relΔE=5.273e-12  ||F||=1.036e-04
 step= 34000  E=1.511530465849e+03  Q=1.763000000000e+03  λ=1.624543e+00  dt=1.213e-03  relΔE=6.190e-12  ||F||=9.322e-05
 step= 34500  E=1.511530461966e+03  Q=1.763000000000e+03  λ=1.624541e+00  dt=9.387e-04  relΔE=3.612e-12  ||F||=8.400e-05
 step= 35000  E=1.511530458990e+03  Q=1.763000000000e+03  λ=1.624540e+00  dt=1.453e-03  relΔE=3.847e-12  ||F||=1.517e-04
 step= 35500  E=1.511530456920e+03  Q=1.763000000000e+03  λ=1.624538e+00  dt=1.125e-03  relΔE=2.339e-12  ||F||=6.823e-05
 step= 36000  E=1.511530455368e+03  Q=1.763000000000e+03  λ=1.624537e+00  dt=8.704e-04  relΔE=1.276e-12  ||F||=6.142e-05
 step= 36500  E=1.511530454295e+03  Q=1.763000000000e+03  λ=1.624535e+00  dt=1.347e-03  relΔE=1.337e-12  ||F||=5.530e-05
 step= 37000  E=1.511530453603e+03  Q=1.763000000000e+03  λ=1.624534e+00  dt=1.043e-03  relΔE=6.620e-13  ||F||=4.992e-05
 step= 37500  E=1.511530453171e+03  Q=1.763000000000e+03  λ=1.624533e+00  dt=8.071e-04  relΔE=2.857e-13  ||F||=4.491e-05
 step= 38000  E=1.511530452959e+03  Q=1.763000000000e+03  λ=1.624532e+00  dt=1.249e-03  relΔE=1.810e-13  ||F||=4.050e-05
  !! dt fell below dt_min: stiffness-limited termination.

Stationary candidate (aggressive): E=1.511530452904e+03, Q=1.763000000000e+03, maxρ=1.139995e+00

=== Stability test (damped inertial dynamics) ===
Perturb eps=0.02, gamma=1
t=0: E=1.597202198148e+03, Q=1.763000000000e+03, maxρ=1.179679e+00, σ=2.527285e+00, Rc=1.885075e+01
 step=     1  E=1.597201769040e+03  Q=1.763000000000e+03  λ=2.009633e+00  maxρ=1.179679e+00  minρ=1.000e-15  σ=2.527285e+00  Rc=1.885075e+01
 step=   300  E=1.579603648866e+03  Q=1.763000000000e+03  λ=1.907290e+00  maxρ=1.177676e+00  minρ=1.000e-15  σ=2.527281e+00  Rc=1.885075e+01
 step=   600  E=1.544172880173e+03  Q=1.763000000000e+03  λ=1.721794e+00  maxρ=1.172029e+00  minρ=1.000e-15  σ=2.527276e+00  Rc=1.885075e+01
 step=   900  E=1.523334841955e+03  Q=1.763000000000e+03  λ=1.662240e+00  maxρ=1.163677e+00  minρ=1.000e-15  σ=2.527274e+00  Rc=1.885075e+01
 step=  1200  E=1.531063602409e+03  Q=1.763000000000e+03  λ=1.768641e+00  maxρ=1.159642e+00  minρ=1.000e-15  σ=2.527277e+00  Rc=1.885075e+01
 step=  1500  E=1.552218289805e+03  Q=1.763000000000e+03  λ=1.884670e+00  maxρ=1.164177e+00  minρ=1.000e-15  σ=2.527279e+00  Rc=1.885074e+01
 step=  1800  E=1.563141207050e+03  Q=1.763000000000e+03  λ=1.871366e+00  maxρ=1.167903e+00  minρ=1.000e-15  σ=2.527277e+00  Rc=1.885074e+01
 step=  2100  E=1.556916015212e+03  Q=1.763000000000e+03  λ=1.770894e+00  maxρ=1.161956e+00  minρ=1.000e-15  σ=2.527274e+00  Rc=1.885074e+01
 step=  2400  E=1.545789126874e+03  Q=1.763000000000e+03  λ=1.723911e+00  maxρ=1.149638e+00  minρ=1.000e-15  σ=2.527274e+00  Rc=1.885074e+01
 step=  2700  E=1.543012654191e+03  Q=1.763000000000e+03  λ=1.777973e+00  maxρ=1.152927e+00  minρ=1.000e-15  σ=2.527277e+00  Rc=1.885074e+01
 step=  3000  E=1.548403759326e+03  Q=1.763000000000e+03  λ=1.843822e+00  maxρ=1.167164e+00  minρ=1.000e-15  σ=2.527278e+00  Rc=1.885074e+01
 step=  3300  E=1.552520052849e+03  Q=1.763000000000e+03  λ=1.832210e+00  maxρ=1.170140e+00  minρ=1.000e-15  σ=2.527274e+00  Rc=1.885074e+01
 step=  3600  E=1.550049902171e+03  Q=1.763000000000e+03  λ=1.768055e+00  maxρ=1.164937e+00  minρ=1.000e-15  σ=2.527271e+00  Rc=1.885074e+01
 step=  3900  E=1.544816096617e+03  Q=1.763000000000e+03  λ=1.738767e+00  maxρ=1.164936e+00  minρ=1.000e-15  σ=2.527271e+00  Rc=1.885074e+01
 step=  4200  E=1.542822014536e+03  Q=1.763000000000e+03  λ=1.770622e+00  maxρ=1.160883e+00  minρ=1.000e-15  σ=2.527275e+00  Rc=1.885073e+01
 step=  4500  E=1.544646072306e+03  Q=1.763000000000e+03  λ=1.805950e+00  maxρ=1.158174e+00  minρ=1.000e-15  σ=2.527276e+00  Rc=1.885073e+01
 step=  4800  E=1.546358922938e+03  Q=1.763000000000e+03  λ=1.794084e+00  maxρ=1.163434e+00  minρ=1.000e-15  σ=2.527273e+00  Rc=1.885073e+01
 step=  5100  E=1.545518794064e+03  Q=1.763000000000e+03  λ=1.756956e+00  maxρ=1.164513e+00  minρ=1.000e-15  σ=2.527268e+00  Rc=1.885073e+01
 step=  5400  E=1.543561711120e+03  Q=1.763000000000e+03  λ=1.746696e+00  maxρ=1.163135e+00  minρ=1.000e-15  σ=2.527268e+00  Rc=1.885072e+01
 step=  5700  E=1.542716564635e+03  Q=1.763000000000e+03  λ=1.770176e+00  maxρ=1.159162e+00  minρ=1.000e-15  σ=2.527271e+00  Rc=1.885072e+01
 step=  6000  E=1.542952468454e+03  Q=1.763000000000e+03  λ=1.787416e+00  maxρ=1.154727e+00  minρ=1.000e-15  σ=2.527272e+00  Rc=1.885071e+01
 >>> No runaway detected in this horizon. Likely stable (within this model & box).

STABILITY: PASS
