
=== Aggressive relaxation to Q = 119 ===
Initial: E=3.799156403704e+02, Q=1.190000000000e+02, dt=1.000e-04
 step=     1  E=3.798912060538e+02  Q=1.190000000000e+02  λ=6.298859e+00  dt=1.000e-04  relΔE=6.432e-05  ||F||=1.433e+00
 step=   500  E=3.531410947788e+02  Q=1.190000000000e+02  λ=5.852043e+00  dt=6.192e-04  relΔE=2.593e-04  ||F||=1.222e+00
 step=  1000  E=2.932914063785e+02  Q=1.190000000000e+02  λ=4.852623e+00  dt=9.584e-04  relΔE=2.648e-04  ||F||=9.041e-01
 step=  1500  E=2.540472305552e+02  Q=1.190000000000e+02  λ=4.229508e+00  dt=6.182e-04  relΔE=5.896e-04  ||F||=8.122e+00
 step=  2000  E=2.283581301399e+02  Q=1.190000000000e+02  λ=3.772409e+00  dt=9.569e-04  relΔE=1.702e-04  ||F||=6.401e-01
 step=  2500  E=2.072663630300e+02  Q=1.190000000000e+02  λ=3.435012e+00  dt=6.172e-04  relΔE=3.304e-04  ||F||=5.222e+00
 step=  3000  E=1.920707353402e+02  Q=1.190000000000e+02  λ=3.170830e+00  dt=9.553e-04  relΔE=1.241e-04  ||F||=5.016e-01
 step=  3500  E=1.787056183101e+02  Q=1.190000000000e+02  λ=2.958030e+00  dt=6.162e-04  relΔE=2.554e-04  ||F||=4.277e+00
 step=  4000  E=1.685301019423e+02  Q=1.190000000000e+02  λ=2.781476e+00  dt=9.538e-04  relΔE=9.727e-05  ||F||=4.164e-01
 step=  4500  E=1.590204260705e+02  Q=1.190000000000e+02  λ=2.628243e+00  dt=1.476e-03  relΔE=4.237e-05  ||F||=3.001e+00
 step=  5000  E=1.509808565771e+02  Q=1.190000000000e+02  λ=2.491988e+00  dt=1.143e-03  relΔE=1.037e-04  ||F||=3.718e-01
 step=  5500  E=1.432789199727e+02  Q=1.190000000000e+02  λ=2.364935e+00  dt=8.844e-04  relΔE=7.842e-05  ||F||=3.580e-01
 step=  6000  E=1.362095227489e+02  Q=1.190000000000e+02  λ=2.248037e+00  dt=1.369e-03  relΔE=1.151e-04  ||F||=3.400e-01
 step=  6500  E=1.301835649352e+02  Q=1.190000000000e+02  λ=2.147434e+00  dt=1.060e-03  relΔE=7.882e-05  ||F||=3.125e-01
 step=  7000  E=1.251561245217e+02  Q=1.190000000000e+02  λ=2.062476e+00  dt=8.201e-04  relΔE=4.882e-05  ||F||=2.741e-01
 step=  7500  E=1.215088777064e+02  Q=1.190000000000e+02  λ=1.999941e+00  dt=1.269e-03  relΔE=5.493e-05  ||F||=2.303e-01
 step=  8000  E=1.190401494229e+02  Q=1.190000000000e+02  λ=1.956790e+00  dt=9.825e-04  relΔE=2.859e-05  ||F||=1.869e-01
 step=  8500  E=1.174090046508e+02  Q=1.190000000000e+02  λ=1.927699e+00  dt=7.604e-04  relΔE=1.451e-05  ||F||=1.505e-01
 step=  9000  E=1.164679319343e+02  Q=1.190000000000e+02  λ=1.910540e+00  dt=1.177e-03  relΔE=1.296e-05  ||F||=1.137e-01
 step=  9500  E=1.158927366622e+02  Q=1.190000000000e+02  λ=1.899766e+00  dt=9.110e-04  relΔE=5.862e-06  ||F||=8.672e-02
 step= 10000  E=1.155575894069e+02  Q=1.190000000000e+02  λ=1.893311e+00  dt=1.410e-03  relΔE=5.188e-06  ||F||=6.675e-02
 step= 10500  E=1.153725714622e+02  Q=1.190000000000e+02  λ=1.889630e+00  dt=1.091e-03  relΔE=2.335e-06  ||F||=4.988e-02
 step= 11000  E=1.152622206627e+02  Q=1.190000000000e+02  λ=1.887371e+00  dt=8.447e-04  relΔE=1.036e-06  ||F||=3.775e-02
 step= 11500  E=1.151989999553e+02  Q=1.190000000000e+02  λ=1.886048e+00  dt=1.308e-03  relΔE=9.365e-07  ||F||=2.883e-02
 step= 12000  E=1.151622550593e+02  Q=1.190000000000e+02  λ=1.885274e+00  dt=1.012e-03  relΔE=4.387e-07  ||F||=2.243e-02
 step= 12500  E=1.151389498523e+02  Q=1.190000000000e+02  λ=1.884797e+00  dt=7.833e-04  relΔE=2.116e-07  ||F||=1.770e-02
 step= 13000  E=1.151246832243e+02  Q=1.190000000000e+02  λ=1.884528e+00  dt=1.212e-03  relΔE=2.147e-07  ||F||=1.433e-02
 step= 13500  E=1.151148641519e+02  Q=1.190000000000e+02  λ=1.884371e+00  dt=9.384e-04  relΔE=1.157e-07  ||F||=1.196e-02
 step= 14000  E=1.151076574862e+02  Q=1.190000000000e+02  λ=1.884286e+00  dt=1.453e-03  relΔE=1.258e-07  ||F||=2.290e-02
 step= 14500  E=1.151024722192e+02  Q=1.190000000000e+02  λ=1.884250e+00  dt=1.124e-03  relΔE=8.020e-08  ||F||=9.098e-03
 step= 15000  E=1.150981536805e+02  Q=1.190000000000e+02  λ=1.884243e+00  dt=8.701e-04  relΔE=5.068e-08  ||F||=8.223e-03
 step= 15500  E=1.150945706204e+02  Q=1.190000000000e+02  λ=1.884255e+00  dt=1.347e-03  relΔE=6.629e-08  ||F||=7.561e-03
 step= 16000  E=1.150915719026e+02  Q=1.190000000000e+02  λ=1.884281e+00  dt=1.042e-03  relΔE=4.455e-08  ||F||=7.047e-03
 step= 16500  E=1.150888628808e+02  Q=1.190000000000e+02  λ=1.884315e+00  dt=8.068e-04  relΔE=3.039e-08  ||F||=6.617e-03
 step= 17000  E=1.150865280722e+02  Q=1.190000000000e+02  λ=1.884355e+00  dt=1.249e-03  relΔE=4.174e-08  ||F||=6.234e-03
 step= 17500  E=1.150844387611e+02  Q=1.190000000000e+02  λ=1.884398e+00  dt=9.666e-04  relΔE=2.896e-08  ||F||=5.903e-03
 step= 18000  E=1.150824979328e+02  Q=1.190000000000e+02  λ=1.884445e+00  dt=7.481e-04  relΔE=2.232e-08  ||F||=5.938e-03
 step= 18500  E=1.150808451050e+02  Q=1.190000000000e+02  λ=1.884490e+00  dt=1.158e-03  relΔE=2.817e-08  ||F||=5.321e-03
 step= 19000  E=1.150792952518e+02  Q=1.190000000000e+02  λ=1.884538e+00  dt=8.963e-04  relΔE=1.970e-08  ||F||=5.059e-03
 step= 19500  E=1.150778859951e+02  Q=1.190000000000e+02  λ=1.884585e+00  dt=1.387e-03  relΔE=2.758e-08  ||F||=4.825e-03
 step= 20000  E=1.150766486897e+02  Q=1.190000000000e+02  λ=1.884631e+00  dt=1.074e-03  relΔE=1.940e-08  ||F||=4.587e-03
 step= 20500  E=1.150754920128e+02  Q=1.190000000000e+02  λ=1.884677e+00  dt=8.311e-04  relΔE=1.362e-08  ||F||=4.370e-03
 step= 21000  E=1.150744529539e+02  Q=1.190000000000e+02  λ=1.884722e+00  dt=1.286e-03  relΔE=1.914e-08  ||F||=4.164e-03
 step= 21500  E=1.150735212055e+02  Q=1.190000000000e+02  λ=1.884765e+00  dt=9.957e-04  relΔE=1.348e-08  ||F||=3.973e-03
 step= 22000  E=1.150726419983e+02  Q=1.190000000000e+02  λ=1.884809e+00  dt=7.706e-04  relΔE=9.610e-09  ||F||=3.814e-03
 step= 22500  E=1.150718776638e+02  Q=1.190000000000e+02  λ=1.884850e+00  dt=1.193e-03  relΔE=1.336e-08  ||F||=3.615e-03
 step= 23000  E=1.150711653246e+02  Q=1.190000000000e+02  λ=1.884890e+00  dt=7.694e-04  relΔE=8.956e-09  ||F||=4.266e-03
 step= 23500  E=1.150705327059e+02  Q=1.190000000000e+02  λ=1.884928e+00  dt=1.191e-03  relΔE=1.109e-08  ||F||=3.296e-03
 step= 24000  E=1.150699401911e+02  Q=1.190000000000e+02  λ=1.884966e+00  dt=9.218e-04  relΔE=7.821e-09  ||F||=3.147e-03
 step= 24500  E=1.150693904555e+02  Q=1.190000000000e+02  λ=1.885003e+00  dt=1.427e-03  relΔE=1.100e-08  ||F||=3.237e-03
 step= 25000  E=1.150689187570e+02  Q=1.190000000000e+02  λ=1.885037e+00  dt=9.203e-04  relΔE=6.505e-09  ||F||=2.873e-03
 step= 25500  E=1.150684618814e+02  Q=1.190000000000e+02  λ=1.885072e+00  dt=1.424e-03  relΔE=9.140e-09  ||F||=3.178e-03
 step= 26000  E=1.150680624529e+02  Q=1.190000000000e+02  λ=1.885104e+00  dt=1.103e-03  relΔE=6.494e-09  ||F||=2.623e-03
 step= 26500  E=1.150676847358e+02  Q=1.190000000000e+02  λ=1.885136e+00  dt=8.533e-04  relΔE=4.586e-09  ||F||=2.506e-03
 step= 27000  E=1.150673414681e+02  Q=1.190000000000e+02  λ=1.885167e+00  dt=1.321e-03  relΔE=6.479e-09  ||F||=2.395e-03
 step= 27500  E=1.150670341313e+02  Q=1.190000000000e+02  λ=1.885196e+00  dt=1.022e-03  relΔE=4.588e-09  ||F||=2.291e-03
 step= 28000  E=1.150667428908e+02  Q=1.190000000000e+02  λ=1.885225e+00  dt=7.912e-04  relΔE=3.257e-09  ||F||=2.194e-03
 step= 28500  E=1.150664862443e+02  Q=1.190000000000e+02  λ=1.885252e+00  dt=1.225e-03  relΔE=4.589e-09  ||F||=2.094e-03
 step= 29000  E=1.150662481598e+02  Q=1.190000000000e+02  λ=1.885278e+00  dt=9.479e-04  relΔE=3.248e-09  ||F||=2.003e-03
 step= 29500  E=1.150660244838e+02  Q=1.190000000000e+02  λ=1.885304e+00  dt=1.467e-03  relΔE=2.972e-09  ||F||=1.067e-02
 step= 30000  E=1.150658311183e+02  Q=1.190000000000e+02  λ=1.885328e+00  dt=1.136e-03  relΔE=3.256e-09  ||F||=1.833e-03
 step= 30500  E=1.150656468356e+02  Q=1.190000000000e+02  λ=1.885352e+00  dt=8.790e-04  relΔE=2.305e-09  ||F||=1.753e-03
 step= 31000  E=1.150654786637e+02  Q=1.190000000000e+02  λ=1.885375e+00  dt=1.361e-03  relΔE=3.262e-09  ||F||=1.677e-03
 step= 31500  E=1.150653286775e+02  Q=1.190000000000e+02  λ=1.885396e+00  dt=1.053e-03  relΔE=2.315e-09  ||F||=1.605e-03
 step= 32000  E=1.150651866836e+02  Q=1.190000000000e+02  λ=1.885417e+00  dt=8.150e-04  relΔE=1.642e-09  ||F||=1.537e-03
 step= 32500  E=1.150650594980e+02  Q=1.190000000000e+02  λ=1.885437e+00  dt=1.262e-03  relΔE=2.323e-09  ||F||=1.470e-03
 step= 33000  E=1.150649433252e+02  Q=1.190000000000e+02  λ=1.885456e+00  dt=9.764e-04  relΔE=1.648e-09  ||F||=1.408e-03
 step= 33500  E=1.150648329023e+02  Q=1.190000000000e+02  λ=1.885475e+00  dt=7.557e-04  relΔE=1.269e-09  ||F||=1.408e-03
 step= 34000  E=1.150647372083e+02  Q=1.190000000000e+02  λ=1.885493e+00  dt=1.170e-03  relΔE=1.657e-09  ||F||=1.290e-03
 step= 34500  E=1.150646464605e+02  Q=1.190000000000e+02  λ=1.885510e+00  dt=9.054e-04  relΔE=1.174e-09  ||F||=1.235e-03
 step= 35000  E=1.150645626486e+02  Q=1.190000000000e+02  λ=1.885526e+00  dt=1.402e-03  relΔE=1.663e-09  ||F||=1.194e-03
 step= 35500  E=1.150644885865e+02  Q=1.190000000000e+02  λ=1.885542e+00  dt=1.085e-03  relΔE=1.182e-09  ||F||=1.133e-03
 step= 36000  E=1.150644184139e+02  Q=1.190000000000e+02  λ=1.885557e+00  dt=8.395e-04  relΔE=8.386e-10  ||F||=1.085e-03
 step= 36500  E=1.150643546943e+02  Q=1.190000000000e+02  λ=1.885572e+00  dt=1.300e-03  relΔE=1.189e-09  ||F||=1.039e-03
 step= 37000  E=1.150642972176e+02  Q=1.190000000000e+02  λ=1.885586e+00  dt=1.006e-03  relΔE=8.448e-10  ||F||=9.953e-04
 step= 37500  E=1.150642425457e+02  Q=1.190000000000e+02  λ=1.885599e+00  dt=7.785e-04  relΔE=6.049e-10  ||F||=9.578e-04
 step= 38000  E=1.150641944894e+02  Q=1.190000000000e+02  λ=1.885612e+00  dt=1.205e-03  relΔE=8.508e-10  ||F||=9.132e-04
 step= 38500  E=1.150641494868e+02  Q=1.190000000000e+02  λ=1.885625e+00  dt=9.326e-04  relΔE=6.039e-10  ||F||=8.748e-04
 step= 39000  E=1.150641072709e+02  Q=1.190000000000e+02  λ=1.885637e+00  dt=1.444e-03  relΔE=8.469e-10  ||F||=1.162e-03
 step= 39500  E=1.150640704776e+02  Q=1.190000000000e+02  λ=1.885648e+00  dt=1.117e-03  relΔE=6.088e-10  ||F||=8.031e-04
 step= 40000  E=1.150640354346e+02  Q=1.190000000000e+02  λ=1.885659e+00  dt=8.648e-04  relΔE=4.319e-10  ||F||=7.693e-04
 step= 40500  E=1.150640034180e+02  Q=1.190000000000e+02  λ=1.885670e+00  dt=1.339e-03  relΔE=6.129e-10  ||F||=7.369e-04
 step= 41000  E=1.150639747063e+02  Q=1.190000000000e+02  λ=1.885679e+00  dt=1.036e-03  relΔE=4.358e-10  ||F||=7.066e-04
 step= 41500  E=1.150639474480e+02  Q=1.190000000000e+02  λ=1.885689e+00  dt=8.019e-04  relΔE=3.098e-10  ||F||=6.776e-04
 step= 42000  E=1.150639231430e+02  Q=1.190000000000e+02  λ=1.885699e+00  dt=1.241e-03  relΔE=4.392e-10  ||F||=6.487e-04
 step= 42500  E=1.150639007127e+02  Q=1.190000000000e+02  λ=1.885707e+00  dt=9.607e-04  relΔE=3.120e-10  ||F||=6.218e-04
 step= 43000  E=1.150638794308e+02  Q=1.190000000000e+02  λ=1.885716e+00  dt=7.435e-04  relΔE=2.779e-10  ||F||=9.469e-04
 step= 43500  E=1.150638610218e+02  Q=1.190000000000e+02  λ=1.885724e+00  dt=1.151e-03  relΔE=3.147e-10  ||F||=5.712e-04
 step= 44000  E=1.150638434569e+02  Q=1.190000000000e+02  λ=1.885732e+00  dt=8.908e-04  relΔE=2.234e-10  ||F||=5.473e-04
 step= 44500  E=1.150638273087e+02  Q=1.190000000000e+02  λ=1.885740e+00  dt=1.379e-03  relΔE=3.170e-10  ||F||=5.247e-04
 step= 45000  E=1.150638128915e+02  Q=1.190000000000e+02  λ=1.885747e+00  dt=1.067e-03  relΔE=2.254e-10  ||F||=5.029e-04
 step= 45500  E=1.150637992829e+02  Q=1.190000000000e+02  λ=1.885754e+00  dt=8.260e-04  relΔE=1.601e-10  ||F||=4.821e-04
 step= 46000  E=1.150637869465e+02  Q=1.190000000000e+02  λ=1.885761e+00  dt=1.279e-03  relΔE=2.272e-10  ||F||=4.619e-04
 step= 46500  E=1.150637757575e+02  Q=1.190000000000e+02  λ=1.885767e+00  dt=9.896e-04  relΔE=1.615e-10  ||F||=4.430e-04
 step= 47000  E=1.150637650960e+02  Q=1.190000000000e+02  λ=1.885774e+00  dt=7.659e-04  relΔE=1.185e-10  ||F||=4.317e-04
 step= 47500  E=1.150637557899e+02  Q=1.190000000000e+02  λ=1.885779e+00  dt=1.186e-03  relΔE=1.629e-10  ||F||=4.071e-04
 step= 48000  E=1.150637469967e+02  Q=1.190000000000e+02  λ=1.885785e+00  dt=9.176e-04  relΔE=1.157e-10  ||F||=3.903e-04
 step= 48500  E=1.150637388175e+02  Q=1.190000000000e+02  λ=1.885791e+00  dt=1.420e-03  relΔE=1.638e-10  ||F||=3.912e-04
 step= 49000  E=1.150637316263e+02  Q=1.190000000000e+02  λ=1.885796e+00  dt=1.099e-03  relΔE=1.167e-10  ||F||=3.588e-04
 step= 49500  E=1.150637247932e+02  Q=1.190000000000e+02  λ=1.885801e+00  dt=8.508e-04  relΔE=8.282e-11  ||F||=3.439e-04
 step= 50000  E=1.150637185724e+02  Q=1.190000000000e+02  λ=1.885806e+00  dt=1.317e-03  relΔE=1.175e-10  ||F||=3.296e-04
 step= 50500  E=1.150637129616e+02  Q=1.190000000000e+02  λ=1.885810e+00  dt=1.019e-03  relΔE=8.356e-11  ||F||=3.162e-04
 step= 51000  E=1.150637076329e+02  Q=1.190000000000e+02  λ=1.885815e+00  dt=7.889e-04  relΔE=5.970e-11  ||F||=3.041e-04
 step= 51500  E=1.150637029250e+02  Q=1.190000000000e+02  λ=1.885819e+00  dt=1.221e-03  relΔE=8.421e-11  ||F||=2.906e-04
 step= 52000  E=1.150636985372e+02  Q=1.190000000000e+02  λ=1.885823e+00  dt=9.452e-04  relΔE=5.979e-11  ||F||=2.787e-04
 step= 52500  E=1.150636944016e+02  Q=1.190000000000e+02  λ=1.885827e+00  dt=1.463e-03  relΔE=7.506e-11  ||F||=8.613e-04
 step= 53000  E=1.150636908180e+02  Q=1.190000000000e+02  λ=1.885831e+00  dt=1.132e-03  relΔE=6.026e-11  ||F||=2.563e-04
 step= 53500  E=1.150636873991e+02  Q=1.190000000000e+02  λ=1.885834e+00  dt=8.764e-04  relΔE=4.274e-11  ||F||=2.456e-04
 step= 54000  E=1.150636842648e+02  Q=1.190000000000e+02  λ=1.885838e+00  dt=1.357e-03  relΔE=6.061e-11  ||F||=2.355e-04
 step= 54500  E=1.150636814675e+02  Q=1.190000000000e+02  λ=1.885841e+00  dt=1.050e-03  relΔE=4.308e-11  ||F||=2.259e-04
 step= 55000  E=1.150636788162e+02  Q=1.190000000000e+02  λ=1.885844e+00  dt=8.127e-04  relΔE=3.057e-11  ||F||=2.167e-04
 step= 55500  E=1.150636764379e+02  Q=1.190000000000e+02  λ=1.885847e+00  dt=1.258e-03  relΔE=4.333e-11  ||F||=2.077e-04
 step= 56000  E=1.150636742612e+02  Q=1.190000000000e+02  λ=1.885850e+00  dt=9.736e-04  relΔE=3.076e-11  ||F||=1.992e-04
 step= 56500  E=1.150636721941e+02  Q=1.190000000000e+02  λ=1.885853e+00  dt=7.536e-04  relΔE=2.380e-11  ||F||=1.997e-04
 step= 57000  E=1.150636704019e+02  Q=1.190000000000e+02  λ=1.885856e+00  dt=1.166e-03  relΔE=3.094e-11  ||F||=1.832e-04
 step= 57500  E=1.150636687026e+02  Q=1.190000000000e+02  λ=1.885858e+00  dt=9.028e-04  relΔE=2.193e-11  ||F||=1.757e-04
 step= 58000  E=1.150636671337e+02  Q=1.190000000000e+02  λ=1.885861e+00  dt=1.397e-03  relΔE=3.105e-11  ||F||=1.696e-04
 step= 58500  E=1.150636657477e+02  Q=1.190000000000e+02  λ=1.885863e+00  dt=1.082e-03  relΔE=2.205e-11  ||F||=1.616e-04
 step= 59000  E=1.150636644360e+02  Q=1.190000000000e+02  λ=1.885866e+00  dt=8.371e-04  relΔE=1.562e-11  ||F||=1.549e-04
 step= 59500  E=1.150636632462e+02  Q=1.190000000000e+02  λ=1.885868e+00  dt=1.296e-03  relΔE=2.212e-11  ||F||=1.485e-04
 step= 60000  E=1.150636621746e+02  Q=1.190000000000e+02  λ=1.885870e+00  dt=1.003e-03  relΔE=1.569e-11  ||F||=1.425e-04
 step= 60500  E=1.150636611562e+02  Q=1.190000000000e+02  λ=1.885872e+00  dt=7.762e-04  relΔE=1.122e-11  ||F||=1.373e-04
 step= 61000  E=1.150636602637e+02  Q=1.190000000000e+02  λ=1.885874e+00  dt=1.202e-03  relΔE=1.574e-11  ||F||=1.311e-04
 step= 61500  E=1.150636594291e+02  Q=1.190000000000e+02  λ=1.885876e+00  dt=9.299e-04  relΔE=1.114e-11  ||F||=1.257e-04
 step= 62000  E=1.150636586503e+02  Q=1.190000000000e+02  λ=1.885877e+00  dt=1.439e-03  relΔE=1.562e-11  ||F||=1.524e-04
 step= 62500  E=1.150636579726e+02  Q=1.190000000000e+02  λ=1.885879e+00  dt=1.114e-03  relΔE=1.116e-11  ||F||=1.156e-04
 step= 63000  E=1.150636573294e+02  Q=1.190000000000e+02  λ=1.885881e+00  dt=8.623e-04  relΔE=7.891e-12  ||F||=1.109e-04
 step= 63500  E=1.150636567441e+02  Q=1.190000000000e+02  λ=1.885882e+00  dt=1.335e-03  relΔE=1.115e-11  ||F||=1.063e-04
 step= 64000  E=1.150636562212e+02  Q=1.190000000000e+02  λ=1.885884e+00  dt=1.033e-03  relΔE=7.896e-12  ||F||=1.020e-04
 step= 64500  E=1.150636557259e+02  Q=1.190000000000e+02  λ=1.885885e+00  dt=7.996e-04  relΔE=5.601e-12  ||F||=9.800e-05
 step= 65000  E=1.150636552881e+02  Q=1.190000000000e+02  λ=1.885887e+00  dt=1.238e-03  relΔE=7.879e-12  ||F||=9.381e-05
 step= 65500  E=1.150636548858e+02  Q=1.190000000000e+02  λ=1.885888e+00  dt=9.579e-04  relΔE=5.567e-12  ||F||=9.000e-05
 step= 66000  E=1.150636545072e+02  Q=1.190000000000e+02  λ=1.885889e+00  dt=1.483e-03  relΔE=2.219e-13  ||F||=7.779e-04
 step= 66500  E=1.150636541795e+02  Q=1.190000000000e+02  λ=1.885890e+00  dt=1.148e-03  relΔE=5.546e-12  ||F||=8.279e-05
 step= 67000  E=1.150636538736e+02  Q=1.190000000000e+02  λ=1.885892e+00  dt=7.402e-04  relΔE=3.262e-12  ||F||=7.943e-05
 step= 67500  E=1.150636535986e+02  Q=1.190000000000e+02  λ=1.885893e+00  dt=1.146e-03  relΔE=4.605e-12  ||F||=7.622e-05
 step= 68000  E=1.150636533437e+02  Q=1.190000000000e+02  λ=1.885894e+00  dt=7.390e-04  relΔE=2.705e-12  ||F||=7.312e-05
 step= 68500  E=1.150636531155e+02  Q=1.190000000000e+02  λ=1.885895e+00  dt=1.144e-03  relΔE=3.815e-12  ||F||=7.018e-05
 step= 69000  E=1.150636529013e+02  Q=1.190000000000e+02  λ=1.885896e+00  dt=8.853e-04  relΔE=2.682e-12  ||F||=6.728e-05
 step= 69500  E=1.150636527076e+02  Q=1.190000000000e+02  λ=1.885897e+00  dt=1.370e-03  relΔE=3.768e-12  ||F||=6.452e-05
 step= 70000  E=1.150636525360e+02  Q=1.190000000000e+02  λ=1.885898e+00  dt=1.061e-03  relΔE=2.653e-12  ||F||=6.191e-05
 step= 70500  E=1.150636523754e+02  Q=1.190000000000e+02  λ=1.885899e+00  dt=8.209e-04  relΔE=1.864e-12  ||F||=5.938e-05
 step= 71000  E=1.150636522323e+02  Q=1.190000000000e+02  λ=1.885899e+00  dt=1.271e-03  relΔE=2.613e-12  ||F||=5.693e-05
 step= 71500  E=1.150636521033e+02  Q=1.190000000000e+02  λ=1.885900e+00  dt=9.835e-04  relΔE=1.834e-12  ||F||=5.463e-05
 step= 72000  E=1.150636519823e+02  Q=1.190000000000e+02  λ=1.885901e+00  dt=7.612e-04  relΔE=1.325e-12  ||F||=5.299e-05
 step= 72500  E=1.150636518782e+02  Q=1.190000000000e+02  λ=1.885902e+00  dt=1.178e-03  relΔE=1.798e-12  ||F||=5.025e-05
 step= 73000  E=1.150636517813e+02  Q=1.190000000000e+02  λ=1.885903e+00  dt=9.120e-04  relΔE=1.257e-12  ||F||=4.819e-05
 step= 73500  E=1.150636516926e+02  Q=1.190000000000e+02  λ=1.885903e+00  dt=1.412e-03  relΔE=1.752e-12  ||F||=4.694e-05
 step= 74000  E=1.150636516159e+02  Q=1.190000000000e+02  λ=1.885904e+00  dt=1.093e-03  relΔE=1.225e-12  ||F||=4.434e-05
 step= 74500  E=1.150636515443e+02  Q=1.190000000000e+02  λ=1.885904e+00  dt=8.456e-04  relΔE=8.534e-13  ||F||=4.252e-05
 step= 75000  E=1.150636514805e+02  Q=1.190000000000e+02  λ=1.885905e+00  dt=1.309e-03  relΔE=1.186e-12  ||F||=4.077e-05
 step= 75500  E=1.150636514242e+02  Q=1.190000000000e+02  λ=1.885906e+00  dt=1.013e-03  relΔE=8.250e-13  ||F||=3.913e-05
 step= 76000  E=1.150636513718e+02  Q=1.190000000000e+02  λ=1.885906e+00  dt=7.841e-04  relΔE=5.758e-13  ||F||=3.760e-05
 step= 76500  E=1.150636513267e+02  Q=1.190000000000e+02  λ=1.885907e+00  dt=1.214e-03  relΔE=7.914e-13  ||F||=3.599e-05
 step= 77000  E=1.150636512858e+02  Q=1.190000000000e+02  λ=1.885907e+00  dt=9.394e-04  relΔE=5.468e-13  ||F||=3.453e-05
 step= 77500  E=1.150636512484e+02  Q=1.190000000000e+02  λ=1.885908e+00  dt=1.454e-03  relΔE=7.147e-13  ||F||=6.129e-05
 step= 78000  E=1.150636512169e+02  Q=1.190000000000e+02  λ=1.885908e+00  dt=1.125e-03  relΔE=5.177e-13  ||F||=3.177e-05
 step= 78500  E=1.150636511878e+02  Q=1.190000000000e+02  λ=1.885909e+00  dt=8.711e-04  relΔE=3.542e-13  ||F||=3.046e-05
 step= 79000  E=1.150636511622e+02  Q=1.190000000000e+02  λ=1.885909e+00  dt=1.348e-03  relΔE=4.835e-13  ||F||=2.921e-05
 step= 79500  E=1.150636511402e+02  Q=1.190000000000e+02  λ=1.885910e+00  dt=1.044e-03  relΔE=3.299e-13  ||F||=2.803e-05
 step= 80000  E=1.150636511202e+02  Q=1.190000000000e+02  λ=1.885910e+00  dt=8.077e-04  relΔE=2.233e-13  ||F||=2.688e-05
 step= 80500  E=1.150636511032e+02  Q=1.190000000000e+02  λ=1.885910e+00  dt=1.250e-03  relΔE=3.010e-13  ||F||=2.578e-05
 step= 81000  E=1.150636510884e+02  Q=1.190000000000e+02  λ=1.885911e+00  dt=9.677e-04  relΔE=2.017e-13  ||F||=2.474e-05
 step= 81500  E=1.150636510751e+02  Q=1.190000000000e+02  λ=1.885911e+00  dt=7.489e-04  relΔE=1.533e-13  ||F||=2.440e-05
 step= 82000  E=1.150636510644e+02  Q=1.190000000000e+02  λ=1.885911e+00  dt=1.159e-03  relΔE=1.771e-13  ||F||=2.276e-05
 step= 82500  E=1.150636510550e+02  Q=1.190000000000e+02  λ=1.885912e+00  dt=8.973e-04  relΔE=1.158e-13  ||F||=2.182e-05
 step= 83000  E=1.150636510470e+02  Q=1.190000000000e+02  λ=1.885912e+00  dt=1.389e-03  relΔE=1.498e-13  ||F||=2.093e-05
 step= 83500  E=1.150636510406e+02  Q=1.190000000000e+02  λ=1.885912e+00  dt=1.075e-03  relΔE=9.584e-14  ||F||=2.008e-05
 step= 84000  E=1.150636510352e+02  Q=1.190000000000e+02  λ=1.885913e+00  dt=8.320e-04  relΔE=5.941e-14  ||F||=1.926e-05
 step= 84500  E=1.150636510309e+02  Q=1.190000000000e+02  λ=1.885913e+00  dt=1.288e-03  relΔE=7.188e-14  ||F||=1.847e-05
 step= 85000  E=1.150636510277e+02  Q=1.190000000000e+02  λ=1.885913e+00  dt=9.968e-04  relΔE=4.224e-14  ||F||=1.773e-05
 step= 85500  E=1.150636510252e+02  Q=1.190000000000e+02  λ=1.885913e+00  dt=7.715e-04  relΔE=2.322e-14  ||F||=1.699e-05
 step= 86000  E=1.150636510236e+02  Q=1.190000000000e+02  λ=1.885914e+00  dt=1.194e-03  relΔE=2.310e-14  ||F||=1.631e-05
 step= 86500  E=1.150636510227e+02  Q=1.190000000000e+02  λ=1.885914e+00  dt=9.242e-04  relΔE=9.139e-15  ||F||=1.564e-05
 step= 87000  E=1.150636510223e+02  Q=1.190000000000e+02  λ=1.885914e+00  dt=1.431e-03  relΔE=1.235e-15  ||F||=1.501e-05
  !! dt fell below dt_min: stiffness-limited termination.

Stationary candidate (aggressive): E=1.150636510223e+02, Q=1.190000000000e+02, maxρ=2.576813e-01

=== Stability test (damped inertial dynamics) ===
Perturb eps=0.02, gamma=1
t=0: E=1.208800851973e+02, Q=1.190000000000e+02, maxρ=2.670501e-01, σ=3.419042e+00, Rc=1.877490e+01
 step=     1  E=1.208800559771e+02  Q=1.190000000000e+02  λ=2.274910e+00  maxρ=2.670501e-01  minρ=1.000e-15  σ=3.419042e+00  Rc=1.877490e+01
 step=   300  E=1.196819972835e+02  Q=1.190000000000e+02  λ=2.171206e+00  maxρ=2.665972e-01  minρ=1.000e-15  σ=3.419038e+00  Rc=1.877490e+01
 step=   600  E=1.172726366187e+02  Q=1.190000000000e+02  λ=1.983526e+00  maxρ=2.653203e-01  minρ=1.000e-15  σ=3.419031e+00  Rc=1.877490e+01
 step=   900  E=1.158618630269e+02  Q=1.190000000000e+02  λ=1.923961e+00  maxρ=2.634315e-01  minρ=1.000e-15  σ=3.419031e+00  Rc=1.877490e+01
 step=  1200  E=1.163957468485e+02  Q=1.190000000000e+02  λ=2.032425e+00  maxρ=2.625115e-01  minρ=1.000e-15  σ=3.419036e+00  Rc=1.877490e+01
 step=  1500  E=1.178351161246e+02  Q=1.190000000000e+02  λ=2.149638e+00  maxρ=2.632520e-01  minρ=1.000e-15  σ=3.419039e+00  Rc=1.877489e+01
 step=  1800  E=1.185695842382e+02  Q=1.190000000000e+02  λ=2.135016e+00  maxρ=2.640958e-01  minρ=1.000e-15  σ=3.419034e+00  Rc=1.877489e+01
 step=  2100  E=1.181387921073e+02  Q=1.190000000000e+02  λ=2.032616e+00  maxρ=2.627531e-01  minρ=1.000e-15  σ=3.419029e+00  Rc=1.877489e+01
 step=  2400  E=1.173845456369e+02  Q=1.190000000000e+02  λ=1.985769e+00  maxρ=2.600930e-01  minρ=1.000e-15  σ=3.419029e+00  Rc=1.877489e+01
 step=  2700  E=1.172039430560e+02  Q=1.190000000000e+02  λ=2.041758e+00  maxρ=2.608965e-01  minρ=1.000e-15  σ=3.419035e+00  Rc=1.877489e+01
 step=  3000  E=1.175726250381e+02  Q=1.190000000000e+02  λ=2.108571e+00  maxρ=2.639539e-01  minρ=1.000e-15  σ=3.419038e+00  Rc=1.877489e+01
 step=  3300  E=1.178448372042e+02  Q=1.190000000000e+02  λ=2.095586e+00  maxρ=2.646304e-01  minρ=1.000e-15  σ=3.419033e+00  Rc=1.877489e+01
 step=  3600  E=1.176692144722e+02  Q=1.190000000000e+02  λ=2.029569e+00  maxρ=2.633052e-01  minρ=1.000e-15  σ=3.419027e+00  Rc=1.877489e+01
 step=  3900  E=1.173160126252e+02  Q=1.190000000000e+02  λ=2.000396e+00  maxρ=2.633070e-01  minρ=1.000e-15  σ=3.419027e+00  Rc=1.877489e+01
 step=  4200  E=1.171902868625e+02  Q=1.190000000000e+02  λ=2.034088e+00  maxρ=2.623930e-01  minρ=1.000e-15  σ=3.419034e+00  Rc=1.877489e+01
 step=  4500  E=1.173185947890e+02  Q=1.190000000000e+02  λ=2.070472e+00  maxρ=2.618146e-01  minρ=1.000e-15  σ=3.419037e+00  Rc=1.877489e+01
 step=  4800  E=1.174281376476e+02  Q=1.190000000000e+02  λ=2.057552e+00  maxρ=2.630892e-01  minρ=1.000e-15  σ=3.419034e+00  Rc=1.877489e+01
 step=  5100  E=1.173620256490e+02  Q=1.190000000000e+02  λ=2.018762e+00  maxρ=2.632533e-01  minρ=1.000e-15  σ=3.419027e+00  Rc=1.877488e+01
 step=  5400  E=1.172301808067e+02  Q=1.190000000000e+02  λ=2.008396e+00  maxρ=2.629458e-01  minρ=1.000e-15  σ=3.419026e+00  Rc=1.877488e+01
 step=  5700  E=1.171836037170e+02  Q=1.190000000000e+02  λ=2.033307e+00  maxρ=2.620513e-01  minρ=1.000e-15  σ=3.419029e+00  Rc=1.877488e+01
 step=  6000  E=1.172067844210e+02  Q=1.190000000000e+02  λ=2.051531e+00  maxρ=2.610371e-01  minρ=1.000e-15  σ=3.419031e+00  Rc=1.877487e+01
 >>> No runaway detected in this horizon. Likely stable (within this model & box).

STABILITY: PASS
