
=== Aggressive relaxation to Q = 1250 ===
Initial: E=3.879136565324e+03, Q=1.250000000000e+03, dt=1.000e-04
 step=     1  E=3.878869661357e+03  Q=1.250000000000e+03  λ=6.230030e+00  dt=1.000e-04  relΔE=6.880e-05  ||F||=1.461e+00
 step=   500  E=3.584778014459e+03  Q=1.250000000000e+03  λ=5.737040e+00  dt=6.192e-04  relΔE=2.816e-04  ||F||=1.252e+00
 step=  1000  E=2.937535010355e+03  Q=1.250000000000e+03  λ=4.654209e+00  dt=9.584e-04  relΔE=2.783e-04  ||F||=9.051e-01
 step=  1500  E=2.532861649702e+03  Q=1.250000000000e+03  λ=3.985494e+00  dt=7.418e-04  relΔE=2.589e-04  ||F||=2.707e+00
 step=  2000  E=2.270919020887e+03  Q=1.250000000000e+03  λ=3.551133e+00  dt=1.148e-03  relΔE=2.015e-04  ||F||=6.186e-01
 step=  2500  E=2.069009606177e+03  Q=1.250000000000e+03  λ=3.220577e+00  dt=8.887e-04  relΔE=1.298e-04  ||F||=5.388e-01
 step=  3000  E=1.912503986657e+03  Q=1.250000000000e+03  λ=2.966171e+00  dt=1.376e-03  relΔE=1.712e-04  ||F||=4.785e-01
 step=  3500  E=1.793857818963e+03  Q=1.250000000000e+03  λ=2.773937e+00  dt=8.873e-04  relΔE=9.645e-05  ||F||=4.327e-01
 step=  4000  E=1.689205824990e+03  Q=1.250000000000e+03  λ=2.605433e+00  dt=1.373e-03  relΔE=1.316e-04  ||F||=3.943e-01
 step=  4500  E=1.604022685766e+03  Q=1.250000000000e+03  λ=2.468688e+00  dt=1.063e-03  relΔE=9.219e-05  ||F||=3.655e-01
 step=  5000  E=1.527511536132e+03  Q=1.250000000000e+03  λ=2.346410e+00  dt=8.227e-04  relΔE=6.658e-05  ||F||=3.445e-01
 step=  5500  E=1.459321832014e+03  Q=1.250000000000e+03  λ=2.237921e+00  dt=1.274e-03  relΔE=9.949e-05  ||F||=3.309e-01
 step=  6000  E=1.395835850266e+03  Q=1.250000000000e+03  λ=2.136846e+00  dt=9.857e-04  relΔE=7.661e-05  ||F||=3.228e-01
 step=  6500  E=1.332863557950e+03  Q=1.250000000000e+03  λ=2.036269e+00  dt=7.629e-04  relΔE=6.112e-05  ||F||=3.204e-01
 step=  7000  E=1.276273559168e+03  Q=1.250000000000e+03  λ=1.945403e+00  dt=1.181e-03  relΔE=8.901e-05  ||F||=3.039e-01
 step=  7500  E=1.223889602630e+03  Q=1.250000000000e+03  λ=1.860676e+00  dt=9.140e-04  relΔE=6.221e-05  ||F||=2.828e-01
 step=  8000  E=1.179959793633e+03  Q=1.250000000000e+03  λ=1.789514e+00  dt=1.415e-03  relΔE=7.849e-05  ||F||=2.580e-01
 step=  8500  E=1.148132721941e+03  Q=1.250000000000e+03  λ=1.737999e+00  dt=1.095e-03  relΔE=4.509e-05  ||F||=2.131e-01
 step=  9000  E=1.125496350372e+03  Q=1.250000000000e+03  λ=1.701651e+00  dt=8.475e-04  relΔE=2.333e-05  ||F||=1.725e-01
 step=  9500  E=1.111232060182e+03  Q=1.250000000000e+03  λ=1.679067e+00  dt=1.312e-03  relΔE=2.240e-05  ||F||=1.350e-01
 step= 10000  E=1.102833162947e+03  Q=1.250000000000e+03  λ=1.665992e+00  dt=1.015e-03  relΔE=1.028e-05  ||F||=1.036e-01
 step= 10500  E=1.097832522604e+03  Q=1.250000000000e+03  λ=1.658401e+00  dt=7.858e-04  relΔE=4.480e-06  ||F||=7.752e-02
 step= 11000  E=1.095160524643e+03  Q=1.250000000000e+03  λ=1.654483e+00  dt=1.216e-03  relΔE=3.835e-06  ||F||=5.757e-02
 step= 11500  E=1.093669558997e+03  Q=1.250000000000e+03  λ=1.652386e+00  dt=9.414e-04  relΔE=1.610e-06  ||F||=4.236e-02
 step= 12000  E=1.092849530625e+03  Q=1.250000000000e+03  λ=1.651301e+00  dt=1.457e-03  relΔE=1.190e-06  ||F||=9.498e-02
 step= 12500  E=1.092434712806e+03  Q=1.250000000000e+03  λ=1.650785e+00  dt=1.128e-03  relΔE=5.549e-07  ||F||=2.269e-02
 step= 13000  E=1.092202676601e+03  Q=1.250000000000e+03  λ=1.650522e+00  dt=8.730e-04  relΔE=2.287e-07  ||F||=1.655e-02
 step= 13500  E=1.092078811932e+03  Q=1.250000000000e+03  λ=1.650395e+00  dt=1.351e-03  relΔE=1.897e-07  ||F||=1.212e-02
 step= 14000  E=1.092013418512e+03  Q=1.250000000000e+03  λ=1.650333e+00  dt=1.046e-03  relΔE=8.092e-08  ||F||=8.988e-03
 step= 14500  E=1.091976139318e+03  Q=1.250000000000e+03  λ=1.650299e+00  dt=8.095e-04  relΔE=3.454e-08  ||F||=6.672e-03
 step= 15000  E=1.091955782484e+03  Q=1.250000000000e+03  λ=1.650278e+00  dt=1.253e-03  relΔE=3.055e-08  ||F||=5.043e-03
 step= 15500  E=1.091943939483e+03  Q=1.250000000000e+03  λ=1.650263e+00  dt=9.698e-04  relΔE=1.401e-08  ||F||=3.882e-03
 step= 16000  E=1.091936593920e+03  Q=1.250000000000e+03  λ=1.650249e+00  dt=7.506e-04  relΔE=7.331e-09  ||F||=3.210e-03
 step= 16500  E=1.091932230078e+03  Q=1.250000000000e+03  λ=1.650237e+00  dt=1.162e-03  relΔE=6.647e-09  ||F||=2.448e-03
 step= 17000  E=1.091929245630e+03  Q=1.250000000000e+03  λ=1.650225e+00  dt=8.992e-04  relΔE=3.460e-09  ||F||=2.011e-03
 step= 17500  E=1.091927182623e+03  Q=1.250000000000e+03  λ=1.650214e+00  dt=1.392e-03  relΔE=3.748e-09  ||F||=1.692e-03
 step= 18000  E=1.091925754224e+03  Q=1.250000000000e+03  λ=1.650204e+00  dt=1.077e-03  relΔE=2.126e-09  ||F||=1.449e-03
 step= 18500  E=1.091924664183e+03  Q=1.250000000000e+03  λ=1.650193e+00  dt=8.338e-04  relΔE=1.230e-09  ||F||=1.257e-03
 step= 19000  E=1.091923849646e+03  Q=1.250000000000e+03  λ=1.650184e+00  dt=1.291e-03  relΔE=1.456e-09  ||F||=1.103e-03
 step= 19500  E=1.091923228645e+03  Q=1.250000000000e+03  λ=1.650176e+00  dt=9.989e-04  relΔE=8.775e-10  ||F||=9.774e-04
 step= 20000  E=1.091922726473e+03  Q=1.250000000000e+03  λ=1.650168e+00  dt=7.731e-04  relΔE=5.375e-10  ||F||=8.731e-04
 step= 20500  E=1.091922348454e+03  Q=1.250000000000e+03  λ=1.650161e+00  dt=1.197e-03  relΔE=6.509e-10  ||F||=7.756e-04
 step= 21000  E=1.091922041711e+03  Q=1.250000000000e+03  λ=1.650155e+00  dt=9.263e-04  relΔE=3.995e-10  ||F||=6.939e-04
 step= 21500  E=1.091921793789e+03  Q=1.250000000000e+03  λ=1.650149e+00  dt=1.434e-03  relΔE=4.878e-10  ||F||=7.136e-04
 step= 22000  E=1.091921605422e+03  Q=1.250000000000e+03  λ=1.650144e+00  dt=1.110e-03  relΔE=3.036e-10  ||F||=5.584e-04
 step= 22500  E=1.091921449567e+03  Q=1.250000000000e+03  λ=1.650139e+00  dt=8.589e-04  relΔE=1.869e-10  ||F||=5.010e-04
 step= 23000  E=1.091921326189e+03  Q=1.250000000000e+03  λ=1.650135e+00  dt=1.329e-03  relΔE=2.303e-10  ||F||=4.499e-04
 step= 23500  E=1.091921229798e+03  Q=1.250000000000e+03  λ=1.650131e+00  dt=1.029e-03  relΔE=1.425e-10  ||F||=4.051e-04
 step= 24000  E=1.091921152138e+03  Q=1.250000000000e+03  λ=1.650128e+00  dt=1.327e-03  relΔE=1.466e-10  ||F||=3.646e-04
 step= 24500  E=1.091921090773e+03  Q=1.250000000000e+03  λ=1.650125e+00  dt=1.027e-03  relΔE=9.049e-11  ||F||=3.284e-04
 step= 25000  E=1.091921040276e+03  Q=1.250000000000e+03  λ=1.650123e+00  dt=7.951e-04  relΔE=5.552e-11  ||F||=2.953e-04
 step= 25500  E=1.091921001579e+03  Q=1.250000000000e+03  λ=1.650120e+00  dt=1.231e-03  relΔE=6.798e-11  ||F||=2.656e-04
 step= 26000  E=1.091920970624e+03  Q=1.250000000000e+03  λ=1.650118e+00  dt=9.526e-04  relΔE=4.156e-11  ||F||=2.390e-04
 step= 26500  E=1.091920945557e+03  Q=1.250000000000e+03  λ=1.650116e+00  dt=1.475e-03  relΔE=1.458e-11  ||F||=1.480e-03
 step= 27000  E=1.091920926909e+03  Q=1.250000000000e+03  λ=1.650115e+00  dt=1.141e-03  relΔE=3.071e-11  ||F||=1.935e-04
 step= 27500  E=1.091920911740e+03  Q=1.250000000000e+03  λ=1.650113e+00  dt=8.833e-04  relΔE=1.850e-11  ||F||=1.740e-04
 step= 28000  E=1.091920899967e+03  Q=1.250000000000e+03  λ=1.650112e+00  dt=1.367e-03  relΔE=2.216e-11  ||F||=1.565e-04
 step= 28500  E=1.091920891110e+03  Q=1.250000000000e+03  λ=1.650110e+00  dt=1.058e-03  relΔE=1.328e-11  ||F||=1.411e-04
 step= 29000  E=1.091920884072e+03  Q=1.250000000000e+03  λ=1.650109e+00  dt=8.190e-04  relΔE=7.830e-12  ||F||=1.268e-04
 step= 29500  E=1.091920878833e+03  Q=1.250000000000e+03  λ=1.650108e+00  dt=1.268e-03  relΔE=9.158e-12  ||F||=1.141e-04
 step= 30000  E=1.091920874912e+03  Q=1.250000000000e+03  λ=1.650108e+00  dt=9.812e-04  relΔE=5.300e-12  ||F||=1.028e-04
 step= 30500  E=1.091920871911e+03  Q=1.250000000000e+03  λ=1.650107e+00  dt=7.594e-04  relΔE=3.134e-12  ||F||=9.347e-05
 step= 31000  E=1.091920869850e+03  Q=1.250000000000e+03  λ=1.650106e+00  dt=1.176e-03  relΔE=3.322e-12  ||F||=8.327e-05
 step= 31500  E=1.091920868350e+03  Q=1.250000000000e+03  λ=1.650105e+00  dt=9.098e-04  relΔE=1.771e-12  ||F||=7.491e-05
 step= 32000  E=1.091920867331e+03  Q=1.250000000000e+03  λ=1.650105e+00  dt=1.408e-03  relΔE=1.778e-12  ||F||=6.759e-05
 step= 32500  E=1.091920866714e+03  Q=1.250000000000e+03  λ=1.650104e+00  dt=1.090e-03  relΔE=8.271e-13  ||F||=6.072e-05
 step= 33000  E=1.091920866362e+03  Q=1.250000000000e+03  λ=1.650104e+00  dt=8.436e-04  relΔE=3.080e-13  ||F||=5.459e-05
 step= 33500  E=1.091920866229e+03  Q=1.250000000000e+03  λ=1.650103e+00  dt=1.306e-03  relΔE=9.579e-14  ||F||=4.914e-05
  !! dt fell below dt_min: stiffness-limited termination.

Stationary candidate (aggressive): E=1.091920866222e+03, Q=1.250000000000e+03, maxρ=9.999035e-01

=== Stability test (damped inertial dynamics) ===
Perturb eps=0.02, gamma=1
t=0: E=1.152507325759e+03, Q=1.250000000000e+03, maxρ=1.032897e+00, σ=2.448357e+00, Rc=1.886476e+01
 step=     1  E=1.152507022436e+03  Q=1.250000000000e+03  λ=2.034035e+00  maxρ=1.032897e+00  minρ=1.000e-15  σ=2.448357e+00  Rc=1.886476e+01
 step=   300  E=1.140067323669e+03  Q=1.250000000000e+03  λ=1.932045e+00  maxρ=1.031144e+00  minρ=1.000e-15  σ=2.448353e+00  Rc=1.886476e+01
 step=   600  E=1.115020795353e+03  Q=1.250000000000e+03  λ=1.747150e+00  maxρ=1.026202e+00  minρ=1.000e-15  σ=2.448347e+00  Rc=1.886476e+01
 step=   900  E=1.100286714646e+03  Q=1.250000000000e+03  λ=1.687702e+00  maxρ=1.018892e+00  minρ=1.000e-15  σ=2.448345e+00  Rc=1.886476e+01
 step=  1200  E=1.105744043624e+03  Q=1.250000000000e+03  λ=1.793673e+00  maxρ=1.015314e+00  minρ=1.000e-15  σ=2.448348e+00  Rc=1.886475e+01
 step=  1500  E=1.120690960726e+03  Q=1.250000000000e+03  λ=1.909377e+00  maxρ=1.020530e+00  minρ=1.000e-15  σ=2.448351e+00  Rc=1.886475e+01
 step=  1800  E=1.128403244434e+03  Q=1.250000000000e+03  λ=1.896254e+00  maxρ=1.023797e+00  minρ=1.000e-15  σ=2.448349e+00  Rc=1.886475e+01
 step=  2100  E=1.123994115494e+03  Q=1.250000000000e+03  λ=1.796124e+00  maxρ=1.018586e+00  minρ=1.000e-15  σ=2.448345e+00  Rc=1.886475e+01
 step=  2400  E=1.116130520328e+03  Q=1.250000000000e+03  λ=1.749121e+00  maxρ=1.008191e+00  minρ=1.000e-15  σ=2.448345e+00  Rc=1.886475e+01
 step=  2700  E=1.114188946531e+03  Q=1.250000000000e+03  λ=1.802872e+00  maxρ=1.010577e+00  minρ=1.000e-15  σ=2.448348e+00  Rc=1.886475e+01
 step=  3000  E=1.118030690619e+03  Q=1.250000000000e+03  λ=1.868638e+00  maxρ=1.021974e+00  minρ=1.000e-15  σ=2.448349e+00  Rc=1.886475e+01
 step=  3300  E=1.120953992876e+03  Q=1.250000000000e+03  λ=1.857351e+00  maxρ=1.024582e+00  minρ=1.000e-15  σ=2.448346e+00  Rc=1.886475e+01
 step=  3600  E=1.119186682071e+03  Q=1.250000000000e+03  λ=1.793487e+00  maxρ=1.021768e+00  minρ=1.000e-15  σ=2.448342e+00  Rc=1.886475e+01
 step=  3900  E=1.115448523703e+03  Q=1.250000000000e+03  λ=1.764028e+00  maxρ=1.021771e+00  minρ=1.000e-15  σ=2.448343e+00  Rc=1.886474e+01
 step=  4200  E=1.114023256401e+03  Q=1.250000000000e+03  λ=1.795469e+00  maxρ=1.018221e+00  minρ=1.000e-15  σ=2.448347e+00  Rc=1.886474e+01
 step=  4500  E=1.115338832910e+03  Q=1.250000000000e+03  λ=1.830718e+00  maxρ=1.015645e+00  minρ=1.000e-15  σ=2.448348e+00  Rc=1.886474e+01
 step=  4800  E=1.116590658241e+03  Q=1.250000000000e+03  λ=1.819242e+00  maxρ=1.019880e+00  minρ=1.000e-15  σ=2.448344e+00  Rc=1.886474e+01
 step=  5100  E=1.116006704831e+03  Q=1.250000000000e+03  λ=1.782467e+00  maxρ=1.021214e+00  minρ=1.000e-15  σ=2.448339e+00  Rc=1.886473e+01
 step=  5400  E=1.114588872440e+03  Q=1.250000000000e+03  λ=1.772057e+00  maxρ=1.020015e+00  minρ=1.000e-15  σ=2.448339e+00  Rc=1.886473e+01
 step=  5700  E=1.113948877980e+03  Q=1.250000000000e+03  λ=1.795082e+00  maxρ=1.016539e+00  minρ=1.000e-15  σ=2.448342e+00  Rc=1.886472e+01
 step=  6000  E=1.114111258781e+03  Q=1.250000000000e+03  λ=1.812149e+00  maxρ=1.012594e+00  minρ=1.000e-15  σ=2.448344e+00  Rc=1.886472e+01
 >>> No runaway detected in this horizon. Likely stable (within this model & box).

STABILITY: PASS
