
=== Aggressive relaxation to Q = 136 ===
Initial: E=4.333883739031e+02, Q=1.360000000000e+02, dt=1.000e-04
 step=     1  E=4.333604691811e+02  Q=1.360000000000e+02  λ=6.284182e+00  dt=1.000e-04  relΔE=6.439e-05  ||F||=1.433e+00
 step=   500  E=4.028279149100e+02  Q=1.360000000000e+02  λ=5.837824e+00  dt=6.192e-04  relΔE=2.594e-04  ||F||=1.221e+00
 step=  1000  E=3.346064101748e+02  Q=1.360000000000e+02  λ=4.840735e+00  dt=9.584e-04  relΔE=2.644e-04  ||F||=9.027e-01
 step=  1500  E=2.899093644185e+02  Q=1.360000000000e+02  λ=4.220346e+00  dt=6.182e-04  relΔE=5.974e-04  ||F||=8.197e+00
 step=  2000  E=2.606843411725e+02  Q=1.360000000000e+02  λ=3.764650e+00  dt=9.569e-04  relΔE=1.699e-04  ||F||=6.391e-01
 step=  2500  E=2.366394446081e+02  Q=1.360000000000e+02  λ=3.434043e+00  dt=6.172e-04  relΔE=4.325e-04  ||F||=6.310e+00
 step=  3000  E=2.193031660203e+02  Q=1.360000000000e+02  λ=3.164542e+00  dt=9.553e-04  relΔE=1.238e-04  ||F||=5.009e-01
 step=  3500  E=2.041178308295e+02  Q=1.360000000000e+02  λ=2.950307e+00  dt=1.479e-03  relΔE=3.854e-05  ||F||=3.647e+00
 step=  4000  E=1.922012146330e+02  Q=1.360000000000e+02  λ=2.772575e+00  dt=1.145e-03  relΔE=1.161e-04  ||F||=4.149e-01
 step=  4500  E=1.817318189731e+02  Q=1.360000000000e+02  λ=2.621346e+00  dt=7.382e-04  relΔE=6.938e-05  ||F||=3.883e-01
 step=  5000  E=1.725212060380e+02  Q=1.360000000000e+02  λ=2.488677e+00  dt=1.143e-03  relΔE=1.032e-04  ||F||=3.708e-01
 step=  5500  E=1.637627860517e+02  Q=1.360000000000e+02  λ=2.362376e+00  dt=8.844e-04  relΔE=7.809e-05  ||F||=3.572e-01
 step=  6000  E=1.556897029014e+02  Q=1.360000000000e+02  λ=2.245689e+00  dt=1.369e-03  relΔE=1.152e-04  ||F||=3.402e-01
 step=  6500  E=1.487715662757e+02  Q=1.360000000000e+02  λ=2.144722e+00  dt=1.060e-03  relΔE=7.953e-05  ||F||=3.139e-01
 step=  7000  E=1.429533899163e+02  Q=1.360000000000e+02  λ=2.058744e+00  dt=8.201e-04  relΔE=4.980e-05  ||F||=2.768e-01
 step=  7500  E=1.386835783425e+02  Q=1.360000000000e+02  λ=1.994691e+00  dt=1.269e-03  relΔE=5.663e-05  ||F||=2.337e-01
 step=  8000  E=1.357680644365e+02  Q=1.360000000000e+02  λ=1.950076e+00  dt=9.825e-04  relΔE=2.972e-05  ||F||=1.904e-01
 step=  8500  E=1.338288826680e+02  Q=1.360000000000e+02  λ=1.919773e+00  dt=7.604e-04  relΔE=1.522e-05  ||F||=1.539e-01
 step=  9000  E=1.327065490936e+02  Q=1.360000000000e+02  λ=1.901824e+00  dt=1.177e-03  relΔE=1.361e-05  ||F||=1.164e-01
 step=  9500  E=1.320180060863e+02  Q=1.360000000000e+02  λ=1.890496e+00  dt=9.110e-04  relΔE=6.160e-06  ||F||=8.875e-02
 step= 10000  E=1.316167146236e+02  Q=1.360000000000e+02  λ=1.883691e+00  dt=1.410e-03  relΔE=5.437e-06  ||F||=6.852e-02
 step= 10500  E=1.313960672471e+02  Q=1.360000000000e+02  λ=1.879813e+00  dt=1.091e-03  relΔE=2.435e-06  ||F||=5.085e-02
 step= 11000  E=1.312655877684e+02  Q=1.360000000000e+02  λ=1.877439e+00  dt=8.447e-04  relΔE=1.072e-06  ||F||=3.834e-02
 step= 11500  E=1.311914575881e+02  Q=1.360000000000e+02  λ=1.876049e+00  dt=1.308e-03  relΔE=9.572e-07  ||F||=2.910e-02
 step= 12000  E=1.311489661574e+02  Q=1.360000000000e+02  λ=1.875237e+00  dt=1.012e-03  relΔE=4.401e-07  ||F||=2.242e-02
 step= 12500  E=1.311226610951e+02  Q=1.360000000000e+02  λ=1.874738e+00  dt=7.833e-04  relΔE=2.069e-07  ||F||=1.747e-02
 step= 13000  E=1.311069704488e+02  Q=1.360000000000e+02  λ=1.874458e+00  dt=1.212e-03  relΔE=2.040e-07  ||F||=1.394e-02
 step= 13500  E=1.310965170360e+02  Q=1.360000000000e+02  λ=1.874295e+00  dt=9.384e-04  relΔE=1.062e-07  ||F||=1.143e-02
 step= 14000  E=1.310891113733e+02  Q=1.360000000000e+02  λ=1.874207e+00  dt=1.453e-03  relΔE=1.121e-07  ||F||=2.027e-02
 step= 14500  E=1.310839593816e+02  Q=1.360000000000e+02  λ=1.874170e+00  dt=1.124e-03  relΔE=6.890e-08  ||F||=8.417e-03
 step= 15000  E=1.310797896262e+02  Q=1.360000000000e+02  λ=1.874163e+00  dt=8.701e-04  relΔE=4.241e-08  ||F||=7.507e-03
 step= 15500  E=1.310764103424e+02  Q=1.360000000000e+02  λ=1.874176e+00  dt=1.347e-03  relΔE=5.435e-08  ||F||=6.834e-03
 step= 16000  E=1.310736320963e+02  Q=1.360000000000e+02  λ=1.874202e+00  dt=1.042e-03  relΔE=3.597e-08  ||F||=6.321e-03
 step= 16500  E=1.310711559954e+02  Q=1.360000000000e+02  λ=1.874237e+00  dt=8.068e-04  relΔE=2.424e-08  ||F||=5.900e-03
 step= 17000  E=1.310690442202e+02  Q=1.360000000000e+02  λ=1.874277e+00  dt=1.249e-03  relΔE=3.300e-08  ||F||=5.535e-03
 step= 17500  E=1.310671700821e+02  Q=1.360000000000e+02  λ=1.874320e+00  dt=9.666e-04  relΔE=2.272e-08  ||F||=5.221e-03
 step= 18000  E=1.310654413832e+02  Q=1.360000000000e+02  λ=1.874366e+00  dt=7.481e-04  relΔE=1.734e-08  ||F||=5.224e-03
 step= 18500  E=1.310639783970e+02  Q=1.360000000000e+02  λ=1.874411e+00  dt=1.158e-03  relΔE=2.183e-08  ||F||=4.678e-03
 step= 19000  E=1.310626142360e+02  Q=1.360000000000e+02  λ=1.874458e+00  dt=8.963e-04  relΔE=1.518e-08  ||F||=4.435e-03
 step= 19500  E=1.310613806126e+02  Q=1.360000000000e+02  λ=1.874504e+00  dt=1.387e-03  relΔE=2.114e-08  ||F||=4.218e-03
 step= 20000  E=1.310603032051e+02  Q=1.360000000000e+02  λ=1.874549e+00  dt=1.074e-03  relΔE=1.479e-08  ||F||=4.001e-03
 step= 20500  E=1.310593012235e+02  Q=1.360000000000e+02  λ=1.874594e+00  dt=8.311e-04  relΔE=1.033e-08  ||F||=3.802e-03
 step= 21000  E=1.310584058255e+02  Q=1.360000000000e+02  λ=1.874637e+00  dt=1.286e-03  relΔE=1.444e-08  ||F||=3.613e-03
 step= 21500  E=1.310576070502e+02  Q=1.360000000000e+02  λ=1.874679e+00  dt=9.957e-04  relΔE=1.012e-08  ||F||=3.439e-03
 step= 22000  E=1.310568572784e+02  Q=1.360000000000e+02  λ=1.874721e+00  dt=7.706e-04  relΔE=7.175e-09  ||F||=3.292e-03
 step= 22500  E=1.310562089148e+02  Q=1.360000000000e+02  λ=1.874759e+00  dt=1.193e-03  relΔE=9.928e-09  ||F||=3.112e-03
 step= 23000  E=1.310556078319e+02  Q=1.360000000000e+02  λ=1.874798e+00  dt=7.694e-04  relΔE=6.609e-09  ||F||=3.712e-03
 step= 23500  E=1.310550768627e+02  Q=1.360000000000e+02  λ=1.874834e+00  dt=1.191e-03  relΔE=8.151e-09  ||F||=2.823e-03
 step= 24000  E=1.310545822113e+02  Q=1.360000000000e+02  λ=1.874869e+00  dt=9.218e-04  relΔE=5.717e-09  ||F||=2.688e-03
 step= 24500  E=1.310541258112e+02  Q=1.360000000000e+02  λ=1.874904e+00  dt=1.427e-03  relΔE=7.994e-09  ||F||=2.756e-03
 step= 25000  E=1.310537363422e+02  Q=1.360000000000e+02  λ=1.874936e+00  dt=9.203e-04  relΔE=4.703e-09  ||F||=2.441e-03
 step= 25500  E=1.310533611886e+02  Q=1.360000000000e+02  λ=1.874968e+00  dt=1.424e-03  relΔE=6.571e-09  ||F||=2.691e-03
 step= 26000  E=1.310530350450e+02  Q=1.360000000000e+02  λ=1.874998e+00  dt=1.103e-03  relΔE=4.642e-09  ||F||=2.216e-03
 step= 26500  E=1.310527283635e+02  Q=1.360000000000e+02  λ=1.875027e+00  dt=8.533e-04  relΔE=3.260e-09  ||F||=2.112e-03
 step= 27000  E=1.310524512583e+02  Q=1.360000000000e+02  λ=1.875055e+00  dt=1.321e-03  relΔE=4.579e-09  ||F||=2.012e-03
 step= 27500  E=1.310522045824e+02  Q=1.360000000000e+02  λ=1.875082e+00  dt=1.022e-03  relΔE=3.224e-09  ||F||=1.919e-03
 step= 28000  E=1.310519721884e+02  Q=1.360000000000e+02  λ=1.875108e+00  dt=7.912e-04  relΔE=2.275e-09  ||F||=1.833e-03
 step= 28500  E=1.310517686032e+02  Q=1.360000000000e+02  λ=1.875133e+00  dt=1.225e-03  relΔE=3.187e-09  ||F||=1.744e-03
 step= 29000  E=1.310515808487e+02  Q=1.360000000000e+02  λ=1.875156e+00  dt=9.479e-04  relΔE=2.242e-09  ||F||=1.663e-03
 step= 29500  E=1.310514055268e+02  Q=1.360000000000e+02  λ=1.875180e+00  dt=1.467e-03  relΔE=2.021e-09  ||F||=8.892e-03
 step= 30000  E=1.310512548583e+02  Q=1.360000000000e+02  λ=1.875201e+00  dt=1.136e-03  relΔE=2.221e-09  ||F||=1.513e-03
 step= 30500  E=1.310511121324e+02  Q=1.360000000000e+02  λ=1.875222e+00  dt=8.790e-04  relΔE=1.562e-09  ||F||=1.443e-03
 step= 31000  E=1.310509826838e+02  Q=1.360000000000e+02  λ=1.875242e+00  dt=1.361e-03  relΔE=2.198e-09  ||F||=1.376e-03
 step= 31500  E=1.310508679376e+02  Q=1.360000000000e+02  λ=1.875261e+00  dt=1.053e-03  relΔE=1.550e-09  ||F||=1.314e-03
 step= 32000  E=1.310507599697e+02  Q=1.360000000000e+02  λ=1.875280e+00  dt=8.150e-04  relΔE=1.093e-09  ||F||=1.255e-03
 step= 32500  E=1.310506638698e+02  Q=1.360000000000e+02  λ=1.875297e+00  dt=1.262e-03  relΔE=1.536e-09  ||F||=1.196e-03
 step= 33000  E=1.310505766312e+02  Q=1.360000000000e+02  λ=1.875314e+00  dt=9.764e-04  relΔE=1.083e-09  ||F||=1.142e-03
 step= 33500  E=1.310504943209e+02  Q=1.360000000000e+02  λ=1.875330e+00  dt=7.557e-04  relΔE=8.030e-10  ||F||=1.119e-03
 step= 34000  E=1.310504232904e+02  Q=1.360000000000e+02  λ=1.875345e+00  dt=1.170e-03  relΔE=1.075e-09  ||F||=1.040e-03
 step= 34500  E=1.310503565173e+02  Q=1.360000000000e+02  λ=1.875360e+00  dt=9.054e-04  relΔE=7.573e-10  ||F||=9.927e-04
 step= 35000  E=1.310502951669e+02  Q=1.360000000000e+02  λ=1.875375e+00  dt=1.402e-03  relΔE=1.066e-09  ||F||=9.533e-04
 step= 35500  E=1.310502412916e+02  Q=1.360000000000e+02  λ=1.875388e+00  dt=1.085e-03  relΔE=7.526e-10  ||F||=9.049e-04
 step= 36000  E=1.310501905858e+02  Q=1.360000000000e+02  λ=1.875401e+00  dt=8.395e-04  relΔE=5.302e-10  ||F||=8.638e-04
 step= 36500  E=1.310501448914e+02  Q=1.360000000000e+02  λ=1.875414e+00  dt=1.300e-03  relΔE=7.470e-10  ||F||=8.245e-04
 step= 37000  E=1.310501038406e+02  Q=1.360000000000e+02  λ=1.875425e+00  dt=1.006e-03  relΔE=5.272e-10  ||F||=7.877e-04
 step= 37500  E=1.310500651185e+02  Q=1.360000000000e+02  λ=1.875437e+00  dt=7.785e-04  relΔE=3.743e-10  ||F||=7.549e-04
 step= 38000  E=1.310500312538e+02  Q=1.360000000000e+02  λ=1.875448e+00  dt=1.205e-03  relΔE=5.239e-10  ||F||=7.182e-04
 step= 38500  E=1.310499998041e+02  Q=1.360000000000e+02  λ=1.875458e+00  dt=9.326e-04  relΔE=3.693e-10  ||F||=6.858e-04
 step= 39000  E=1.310499704985e+02  Q=1.360000000000e+02  λ=1.875468e+00  dt=1.444e-03  relΔE=5.109e-10  ||F||=1.042e-03
 step= 39500  E=1.310499451340e+02  Q=1.360000000000e+02  λ=1.875477e+00  dt=1.117e-03  relΔE=3.673e-10  ||F||=6.256e-04
 step= 40000  E=1.310499211346e+02  Q=1.360000000000e+02  λ=1.875487e+00  dt=8.648e-04  relΔE=2.588e-10  ||F||=5.974e-04
 step= 40500  E=1.310498993886e+02  Q=1.360000000000e+02  λ=1.875495e+00  dt=1.339e-03  relΔE=3.647e-10  ||F||=5.704e-04
 step= 41000  E=1.310498799946e+02  Q=1.360000000000e+02  λ=1.875504e+00  dt=1.036e-03  relΔE=2.576e-10  ||F||=5.452e-04
 step= 41500  E=1.310498616877e+02  Q=1.360000000000e+02  λ=1.875512e+00  dt=8.019e-04  relΔE=1.820e-10  ||F||=5.213e-04
 step= 42000  E=1.310498455004e+02  Q=1.360000000000e+02  λ=1.875519e+00  dt=1.241e-03  relΔE=2.559e-10  ||F||=4.973e-04
 step= 42500  E=1.310498306666e+02  Q=1.360000000000e+02  λ=1.875527e+00  dt=9.607e-04  relΔE=1.805e-10  ||F||=4.752e-04
 step= 43000  E=1.310498167022e+02  Q=1.360000000000e+02  λ=1.875534e+00  dt=7.435e-04  relΔE=1.972e-10  ||F||=1.585e-03
 step= 43500  E=1.310498046957e+02  Q=1.360000000000e+02  λ=1.875540e+00  dt=1.151e-03  relΔE=1.795e-10  ||F||=4.337e-04
 step= 44000  E=1.310497934544e+02  Q=1.360000000000e+02  λ=1.875547e+00  dt=7.423e-04  relΔE=1.056e-10  ||F||=4.145e-04
 step= 44500  E=1.310497833653e+02  Q=1.360000000000e+02  λ=1.875553e+00  dt=1.149e-03  relΔE=1.490e-10  ||F||=3.962e-04
 step= 45000  E=1.310497740191e+02  Q=1.360000000000e+02  λ=1.875558e+00  dt=7.411e-04  relΔE=8.762e-11  ||F||=3.787e-04
 step= 45500  E=1.310497656322e+02  Q=1.360000000000e+02  λ=1.875564e+00  dt=1.147e-03  relΔE=1.237e-10  ||F||=3.621e-04
 step= 46000  E=1.310497577586e+02  Q=1.360000000000e+02  λ=1.875569e+00  dt=8.879e-04  relΔE=8.713e-11  ||F||=3.458e-04
 step= 46500  E=1.310497506025e+02  Q=1.360000000000e+02  λ=1.875574e+00  dt=1.374e-03  relΔE=1.227e-10  ||F||=3.304e-04
 step= 47000  E=1.310497442509e+02  Q=1.360000000000e+02  λ=1.875579e+00  dt=1.064e-03  relΔE=8.661e-11  ||F||=3.158e-04
 step= 47500  E=1.310497382954e+02  Q=1.360000000000e+02  λ=1.875584e+00  dt=8.233e-04  relΔE=6.103e-11  ||F||=3.017e-04
 step= 48000  E=1.310497329518e+02  Q=1.360000000000e+02  λ=1.875588e+00  dt=1.274e-03  relΔE=8.595e-11  ||F||=2.882e-04
 step= 48500  E=1.310497281302e+02  Q=1.360000000000e+02  λ=1.875593e+00  dt=9.864e-04  relΔE=6.062e-11  ||F||=2.755e-04
 step= 49000  E=1.310497235724e+02  Q=1.360000000000e+02  λ=1.875597e+00  dt=7.634e-04  relΔE=4.394e-11  ||F||=2.669e-04
 step= 49500  E=1.310497196317e+02  Q=1.360000000000e+02  λ=1.875601e+00  dt=1.182e-03  relΔE=6.016e-11  ||F||=2.516e-04
 step= 50000  E=1.310497159375e+02  Q=1.360000000000e+02  λ=1.875604e+00  dt=9.146e-04  relΔE=4.236e-11  ||F||=2.404e-04
 step= 50500  E=1.310497125308e+02  Q=1.360000000000e+02  λ=1.875608e+00  dt=1.416e-03  relΔE=5.953e-11  ||F||=2.353e-04
 step= 51000  E=1.310497095523e+02  Q=1.360000000000e+02  λ=1.875611e+00  dt=1.096e-03  relΔE=4.202e-11  ||F||=2.195e-04
 step= 51500  E=1.310497067539e+02  Q=1.360000000000e+02  λ=1.875615e+00  dt=8.481e-04  relΔE=2.957e-11  ||F||=2.098e-04
 step= 52000  E=1.310497042288e+02  Q=1.360000000000e+02  λ=1.875618e+00  dt=1.313e-03  relΔE=4.160e-11  ||F||=2.004e-04
 step= 52500  E=1.310497019736e+02  Q=1.360000000000e+02  λ=1.875621e+00  dt=1.016e-03  relΔE=2.932e-11  ||F||=1.916e-04
 step= 53000  E=1.310496998447e+02  Q=1.360000000000e+02  λ=1.875624e+00  dt=7.864e-04  relΔE=2.071e-11  ||F||=1.834e-04
 step= 53500  E=1.310496979809e+02  Q=1.360000000000e+02  λ=1.875626e+00  dt=1.217e-03  relΔE=2.901e-11  ||F||=1.750e-04
 step= 54000  E=1.310496962626e+02  Q=1.360000000000e+02  λ=1.875629e+00  dt=9.421e-04  relΔE=2.041e-11  ||F||=1.672e-04
 step= 54500  E=1.310496946579e+02  Q=1.360000000000e+02  λ=1.875631e+00  dt=1.458e-03  relΔE=2.609e-11  ||F||=4.528e-04
 step= 55000  E=1.310496932793e+02  Q=1.360000000000e+02  λ=1.875634e+00  dt=1.129e-03  relΔE=2.018e-11  ||F||=1.527e-04
 step= 55500  E=1.310496919781e+02  Q=1.360000000000e+02  λ=1.875636e+00  dt=8.736e-04  relΔE=1.417e-11  ||F||=1.459e-04
 step= 56000  E=1.310496907974e+02  Q=1.360000000000e+02  λ=1.875638e+00  dt=1.352e-03  relΔE=1.989e-11  ||F||=1.394e-04
 step= 56500  E=1.310496897523e+02  Q=1.360000000000e+02  λ=1.875640e+00  dt=1.047e-03  relΔE=1.399e-11  ||F||=1.333e-04
 step= 57000  E=1.310496887724e+02  Q=1.360000000000e+02  λ=1.875642e+00  dt=8.100e-04  relΔE=9.837e-12  ||F||=1.275e-04
 step= 57500  E=1.310496879049e+02  Q=1.360000000000e+02  λ=1.875644e+00  dt=1.254e-03  relΔE=1.378e-11  ||F||=1.218e-04
 step= 58000  E=1.310496871174e+02  Q=1.360000000000e+02  λ=1.875646e+00  dt=9.705e-04  relΔE=9.678e-12  ||F||=1.164e-04
 step= 58500  E=1.310496863788e+02  Q=1.360000000000e+02  λ=1.875648e+00  dt=7.511e-04  relΔE=7.444e-12  ||F||=1.161e-04
 step= 59000  E=1.310496857457e+02  Q=1.360000000000e+02  λ=1.875649e+00  dt=1.163e-03  relΔE=9.516e-12  ||F||=1.063e-04
 step= 59500  E=1.310496851515e+02  Q=1.360000000000e+02  λ=1.875651e+00  dt=8.999e-04  relΔE=6.664e-12  ||F||=1.016e-04
 step= 60000  E=1.310496846111e+02  Q=1.360000000000e+02  λ=1.875653e+00  dt=1.393e-03  relΔE=9.322e-12  ||F||=9.732e-05
 step= 60500  E=1.310496841380e+02  Q=1.360000000000e+02  λ=1.875654e+00  dt=1.078e-03  relΔE=6.539e-12  ||F||=9.285e-05
 step= 61000  E=1.310496836961e+02  Q=1.360000000000e+02  λ=1.875655e+00  dt=8.344e-04  relΔE=4.574e-12  ||F||=8.873e-05
 step= 61500  E=1.310496833015e+02  Q=1.360000000000e+02  λ=1.875657e+00  dt=1.292e-03  relΔE=6.389e-12  ||F||=8.478e-05
 step= 62000  E=1.310496829499e+02  Q=1.360000000000e+02  λ=1.875658e+00  dt=9.996e-04  relΔE=4.471e-12  ||F||=8.108e-05
 step= 62500  E=1.310496826205e+02  Q=1.360000000000e+02  λ=1.875659e+00  dt=7.737e-04  relΔE=3.166e-12  ||F||=7.793e-05
 step= 63000  E=1.310496823363e+02  Q=1.360000000000e+02  λ=1.875660e+00  dt=1.198e-03  relΔE=4.355e-12  ||F||=7.406e-05
 step= 63500  E=1.310496820745e+02  Q=1.360000000000e+02  λ=1.875661e+00  dt=9.269e-04  relΔE=3.035e-12  ||F||=7.079e-05
 step= 64000  E=1.310496818340e+02  Q=1.360000000000e+02  λ=1.875663e+00  dt=1.435e-03  relΔE=4.201e-12  ||F||=7.783e-05
 step= 64500  E=1.310496816279e+02  Q=1.360000000000e+02  λ=1.875663e+00  dt=1.111e-03  relΔE=2.946e-12  ||F||=6.468e-05
 step= 65000  E=1.310496814354e+02  Q=1.360000000000e+02  λ=1.875664e+00  dt=8.595e-04  relΔE=2.046e-12  ||F||=6.180e-05
 step= 65500  E=1.310496812637e+02  Q=1.360000000000e+02  λ=1.875665e+00  dt=1.330e-03  relΔE=2.839e-12  ||F||=5.906e-05
 step= 66000  E=1.310496811129e+02  Q=1.360000000000e+02  λ=1.875666e+00  dt=1.030e-03  relΔE=1.973e-12  ||F||=5.649e-05
 step= 66500  E=1.310496809772e+02  Q=1.360000000000e+02  λ=1.875667e+00  dt=1.328e-03  relΔE=2.282e-12  ||F||=5.403e-05
 step= 67000  E=1.310496808541e+02  Q=1.360000000000e+02  λ=1.875668e+00  dt=1.028e-03  relΔE=1.579e-12  ||F||=5.164e-05
 step= 67500  E=1.310496807421e+02  Q=1.360000000000e+02  λ=1.875669e+00  dt=7.957e-04  relΔE=1.095e-12  ||F||=4.942e-05
 step= 68000  E=1.310496806455e+02  Q=1.360000000000e+02  λ=1.875669e+00  dt=1.232e-03  relΔE=1.504e-12  ||F||=4.717e-05
 step= 68500  E=1.310496805584e+02  Q=1.360000000000e+02  λ=1.875670e+00  dt=9.533e-04  relΔE=1.036e-12  ||F||=4.509e-05
 step= 69000  E=1.310496804788e+02  Q=1.360000000000e+02  λ=1.875671e+00  dt=1.476e-03  relΔE=6.120e-13  ||F||=2.627e-04
 step= 69500  E=1.310496804120e+02  Q=1.360000000000e+02  λ=1.875671e+00  dt=1.142e-03  relΔE=9.759e-13  ||F||=4.120e-05
 step= 70000  E=1.310496803507e+02  Q=1.360000000000e+02  λ=1.875672e+00  dt=8.839e-04  relΔE=6.667e-13  ||F||=3.937e-05
 step= 70500  E=1.310496802965e+02  Q=1.360000000000e+02  λ=1.875673e+00  dt=1.368e-03  relΔE=9.070e-13  ||F||=3.762e-05
 step= 71000  E=1.310496802501e+02  Q=1.360000000000e+02  λ=1.875673e+00  dt=1.059e-03  relΔE=6.185e-13  ||F||=3.598e-05
 step= 71500  E=1.310496802081e+02  Q=1.360000000000e+02  λ=1.875674e+00  dt=8.196e-04  relΔE=4.194e-13  ||F||=3.439e-05
 step= 72000  E=1.310496801722e+02  Q=1.360000000000e+02  λ=1.875674e+00  dt=1.269e-03  relΔE=5.650e-13  ||F||=3.286e-05
 step= 72500  E=1.310496801411e+02  Q=1.360000000000e+02  λ=1.875675e+00  dt=9.819e-04  relΔE=3.793e-13  ||F||=3.143e-05
 step= 73000  E=1.310496801132e+02  Q=1.360000000000e+02  λ=1.875675e+00  dt=7.600e-04  relΔE=2.609e-13  ||F||=3.024e-05
 step= 73500  E=1.310496800904e+02  Q=1.360000000000e+02  λ=1.875676e+00  dt=1.176e-03  relΔE=3.359e-13  ||F||=2.871e-05
 step= 74000  E=1.310496800703e+02  Q=1.360000000000e+02  λ=1.875676e+00  dt=9.105e-04  relΔE=2.210e-13  ||F||=2.744e-05
 step= 74500  E=1.310496800531e+02  Q=1.360000000000e+02  λ=1.875677e+00  dt=1.409e-03  relΔE=2.882e-13  ||F||=2.633e-05
 step= 75000  E=1.310496800392e+02  Q=1.360000000000e+02  λ=1.875677e+00  dt=1.091e-03  relΔE=1.863e-13  ||F||=2.508e-05
 step= 75500  E=1.310496800273e+02  Q=1.360000000000e+02  λ=1.875677e+00  dt=8.443e-04  relΔE=1.184e-13  ||F||=2.396e-05
 step= 76000  E=1.310496800177e+02  Q=1.360000000000e+02  λ=1.875678e+00  dt=1.307e-03  relΔE=1.475e-13  ||F||=2.290e-05
 step= 76500  E=1.310496800101e+02  Q=1.360000000000e+02  λ=1.875678e+00  dt=1.011e-03  relΔE=9.022e-14  ||F||=2.190e-05
 step= 77000  E=1.310496800041e+02  Q=1.360000000000e+02  λ=1.875678e+00  dt=7.828e-04  relΔE=5.292e-14  ||F||=2.093e-05
 step= 77500  E=1.310496799998e+02  Q=1.360000000000e+02  λ=1.875679e+00  dt=1.212e-03  relΔE=5.921e-14  ||F||=2.001e-05
 step= 78000  E=1.310496799967e+02  Q=1.360000000000e+02  λ=1.875679e+00  dt=9.379e-04  relΔE=2.928e-14  ||F||=1.913e-05
 step= 78500  E=1.310496799948e+02  Q=1.360000000000e+02  λ=1.875679e+00  dt=1.452e-03  relΔE=2.451e-14  ||F||=2.016e-05
 step= 79000  E=1.310496799940e+02  Q=1.360000000000e+02  λ=1.875680e+00  dt=1.124e-03  relΔE=5.205e-15  ||F||=1.748e-05
  !! dt fell below dt_min: stiffness-limited termination.

Stationary candidate (aggressive): E=1.310496799939e+02, Q=1.360000000000e+02, maxρ=2.812736e-01

=== Stability test (damped inertial dynamics) ===
Perturb eps=0.02, gamma=1
t=0: E=1.376915550906e+02, Q=1.360000000000e+02, maxρ=2.913743e-01, σ=3.304677e+00, Rc=1.878214e+01
 step=     1  E=1.376915217348e+02  Q=1.360000000000e+02  λ=2.264160e+00  maxρ=2.913743e-01  minρ=1.000e-15  σ=3.304677e+00  Rc=1.878214e+01
 step=   300  E=1.363238613260e+02  Q=1.360000000000e+02  λ=2.160631e+00  maxρ=2.908801e-01  minρ=1.000e-15  σ=3.304673e+00  Rc=1.878214e+01
 step=   600  E=1.335730708270e+02  Q=1.360000000000e+02  λ=1.973233e+00  maxρ=2.894869e-01  minρ=1.000e-15  σ=3.304666e+00  Rc=1.878214e+01
 step=   900  E=1.319615775724e+02  Q=1.360000000000e+02  λ=1.913678e+00  maxρ=2.874261e-01  minρ=1.000e-15  σ=3.304665e+00  Rc=1.878214e+01
 step=  1200  E=1.325700760327e+02  Q=1.360000000000e+02  λ=2.021885e+00  maxρ=2.864204e-01  minρ=1.000e-15  σ=3.304670e+00  Rc=1.878213e+01
 step=  1500  E=1.342133528319e+02  Q=1.360000000000e+02  λ=2.138949e+00  maxρ=2.873150e-01  minρ=1.000e-15  σ=3.304673e+00  Rc=1.878213e+01
 step=  1800  E=1.350529644361e+02  Q=1.360000000000e+02  λ=2.124486e+00  maxρ=2.882360e-01  minρ=1.000e-15  σ=3.304669e+00  Rc=1.878213e+01
 step=  2100  E=1.345619979322e+02  Q=1.360000000000e+02  λ=2.022322e+00  maxρ=2.867704e-01  minρ=1.000e-15  σ=3.304664e+00  Rc=1.878213e+01
 step=  2400  E=1.337004625568e+02  Q=1.360000000000e+02  λ=1.975455e+00  maxρ=2.838305e-01  minρ=1.000e-15  σ=3.304664e+00  Rc=1.878213e+01
 step=  2700  E=1.334932393429e+02  Q=1.360000000000e+02  λ=2.031207e+00  maxρ=2.845873e-01  minρ=1.000e-15  σ=3.304670e+00  Rc=1.878213e+01
 step=  3000  E=1.339140738833e+02  Q=1.360000000000e+02  λ=2.097908e+00  maxρ=2.880166e-01  minρ=1.000e-15  σ=3.304672e+00  Rc=1.878213e+01
 step=  3300  E=1.342260095883e+02  Q=1.360000000000e+02  λ=2.085100e+00  maxρ=2.887547e-01  minρ=1.000e-15  σ=3.304668e+00  Rc=1.878213e+01
 step=  3600  E=1.340264351252e+02  Q=1.360000000000e+02  λ=2.019311e+00  maxρ=2.874119e-01  minρ=1.000e-15  σ=3.304662e+00  Rc=1.878213e+01
 step=  3900  E=1.336225973719e+02  Q=1.360000000000e+02  λ=1.990112e+00  maxρ=2.874141e-01  minρ=1.000e-15  σ=3.304662e+00  Rc=1.878213e+01
 step=  4200  E=1.334775966680e+02  Q=1.360000000000e+02  λ=2.023572e+00  maxρ=2.864165e-01  minρ=1.000e-15  σ=3.304668e+00  Rc=1.878212e+01
 step=  4500  E=1.336235907949e+02  Q=1.360000000000e+02  λ=2.059833e+00  maxρ=2.857720e-01  minρ=1.000e-15  σ=3.304672e+00  Rc=1.878212e+01
 step=  4800  E=1.337497689083e+02  Q=1.360000000000e+02  λ=2.047056e+00  maxρ=2.871371e-01  minρ=1.000e-15  σ=3.304668e+00  Rc=1.878212e+01
 step=  5100  E=1.336755794328e+02  Q=1.360000000000e+02  λ=2.008474e+00  maxρ=2.873426e-01  minρ=1.000e-15  σ=3.304662e+00  Rc=1.878212e+01
 step=  5400  E=1.335248128260e+02  Q=1.360000000000e+02  λ=1.998110e+00  maxρ=2.870071e-01  minρ=1.000e-15  σ=3.304660e+00  Rc=1.878212e+01
 step=  5700  E=1.334700735384e+02  Q=1.360000000000e+02  λ=2.022834e+00  maxρ=2.860310e-01  minρ=1.000e-15  σ=3.304664e+00  Rc=1.878211e+01
 step=  6000  E=1.334955925221e+02  Q=1.360000000000e+02  λ=2.040941e+00  maxρ=2.849218e-01  minρ=1.000e-15  σ=3.304666e+00  Rc=1.878211e+01
 >>> No runaway detected in this horizon. Likely stable (within this model & box).

STABILITY: PASS
