
=== Aggressive relaxation to Q = 1962 ===
Initial: E=6.127655239844e+03, Q=1.962000000000e+03, dt=1.000e-04
 step=     1  E=6.127204062960e+03  Q=1.962000000000e+03  λ=6.414850e+00  dt=1.000e-04  relΔE=7.363e-05  ||F||=1.517e+00
 step=   500  E=5.630455996984e+03  Q=1.962000000000e+03  λ=5.851665e+00  dt=6.192e-04  relΔE=3.021e-04  ||F||=1.297e+00
 step=  1000  E=4.555768013516e+03  Q=1.962000000000e+03  λ=4.661346e+00  dt=9.584e-04  relΔE=2.924e-04  ||F||=9.223e-01
 step=  1500  E=3.904656204745e+03  Q=1.962000000000e+03  λ=3.952786e+00  dt=7.418e-04  relΔE=2.103e-04  ||F||=1.176e+00
 step=  2000  E=3.491113775513e+03  Q=1.962000000000e+03  λ=3.507110e+00  dt=1.148e-03  relΔE=2.057e-04  ||F||=6.186e-01
 step=  2500  E=3.178925872738e+03  Q=1.962000000000e+03  λ=3.173260e+00  dt=7.406e-04  relΔE=1.098e-04  ||F||=5.370e-01
 step=  3000  E=2.942531539826e+03  Q=1.962000000000e+03  λ=2.922609e+00  dt=1.146e-03  relΔE=1.446e-04  ||F||=4.765e-01
 step=  3500  E=2.747983040282e+03  Q=1.962000000000e+03  λ=2.717347e+00  dt=8.873e-04  relΔE=9.654e-05  ||F||=4.277e-01
 step=  4000  E=2.589528765111e+03  Q=1.962000000000e+03  λ=2.551297e+00  dt=1.373e-03  relΔE=1.314e-04  ||F||=3.894e-01
 step=  4500  E=2.459521488907e+03  Q=1.962000000000e+03  λ=2.415545e+00  dt=1.063e-03  relΔE=9.176e-05  ||F||=3.604e-01
 step=  5000  E=2.342882514922e+03  Q=1.962000000000e+03  λ=2.294312e+00  dt=8.227e-04  relΔE=6.609e-05  ||F||=3.393e-01
 step=  5500  E=2.238840892794e+03  Q=1.962000000000e+03  λ=2.186617e+00  dt=1.274e-03  relΔE=9.889e-05  ||F||=3.261e-01
 step=  6000  E=2.141925256442e+03  Q=1.962000000000e+03  λ=2.086182e+00  dt=9.857e-04  relΔE=7.658e-05  ||F||=3.190e-01
 step=  6500  E=2.044750690964e+03  Q=1.962000000000e+03  λ=1.985261e+00  dt=7.629e-04  relΔE=6.204e-05  ||F||=3.192e-01
 step=  7000  E=1.956656088990e+03  Q=1.962000000000e+03  λ=1.893771e+00  dt=1.181e-03  relΔE=9.073e-05  ||F||=3.033e-01
 step=  7500  E=1.874686566245e+03  Q=1.962000000000e+03  λ=1.809079e+00  dt=9.140e-04  relΔE=6.352e-05  ||F||=2.823e-01
 step=  8000  E=1.806242983145e+03  Q=1.962000000000e+03  λ=1.739769e+00  dt=1.415e-03  relΔE=7.941e-05  ||F||=2.567e-01
 step=  8500  E=1.757307498520e+03  Q=1.962000000000e+03  λ=1.691725e+00  dt=1.095e-03  relΔE=4.490e-05  ||F||=2.100e-01
 step=  9000  E=1.723089458275e+03  Q=1.962000000000e+03  λ=1.659633e+00  dt=8.475e-04  relΔE=2.282e-05  ||F||=1.685e-01
 step=  9500  E=1.701860543177e+03  Q=1.962000000000e+03  λ=1.640893e+00  dt=1.312e-03  relΔE=2.162e-05  ||F||=1.310e-01
 step= 10000  E=1.689485991948e+03  Q=1.962000000000e+03  λ=1.630733e+00  dt=1.015e-03  relΔE=9.864e-06  ||F||=1.002e-01
 step= 10500  E=1.682137038001e+03  Q=1.962000000000e+03  λ=1.625242e+00  dt=7.858e-04  relΔE=4.306e-06  ||F||=7.508e-02
 step= 11000  E=1.678184109412e+03  Q=1.962000000000e+03  λ=1.622622e+00  dt=1.216e-03  relΔE=3.731e-06  ||F||=5.610e-02
 step= 11500  E=1.675939155012e+03  Q=1.962000000000e+03  λ=1.621327e+00  dt=9.414e-04  relΔE=1.606e-06  ||F||=4.180e-02
 step= 12000  E=1.674663889137e+03  Q=1.962000000000e+03  λ=1.620701e+00  dt=1.457e-03  relΔE=1.257e-06  ||F||=8.945e-02
 step= 12500  E=1.673985817591e+03  Q=1.962000000000e+03  λ=1.620398e+00  dt=1.128e-03  relΔE=6.127e-07  ||F||=2.357e-02
 step= 13000  E=1.673577907096e+03  Q=1.962000000000e+03  λ=1.620214e+00  dt=8.730e-04  relΔE=2.753e-07  ||F||=1.796e-02
 step= 13500  E=1.673337915737e+03  Q=1.962000000000e+03  λ=1.620077e+00  dt=1.351e-03  relΔE=2.567e-07  ||F||=1.394e-02
 step= 14000  E=1.673193427558e+03  Q=1.962000000000e+03  λ=1.619956e+00  dt=1.046e-03  relΔE=1.261e-07  ||F||=1.110e-02
 step= 14500  E=1.673097336158e+03  Q=1.962000000000e+03  λ=1.619831e+00  dt=8.095e-04  relΔE=6.399e-08  ||F||=8.993e-03
 step= 15000  E=1.673034257126e+03  Q=1.962000000000e+03  λ=1.619709e+00  dt=1.253e-03  relΔE=6.825e-08  ||F||=7.467e-03
 step= 15500  E=1.672989929022e+03  Q=1.962000000000e+03  λ=1.619587e+00  dt=9.698e-04  relΔE=3.792e-08  ||F||=6.329e-03
 step= 16000  E=1.672956612604e+03  Q=1.962000000000e+03  λ=1.619465e+00  dt=7.506e-04  relΔE=2.358e-08  ||F||=5.700e-03
 step= 16500  E=1.672933001484e+03  Q=1.962000000000e+03  λ=1.619354e+00  dt=1.162e-03  relΔE=2.550e-08  ||F||=4.747e-03
 step= 17000  E=1.672914190153e+03  Q=1.962000000000e+03  λ=1.619245e+00  dt=8.992e-04  relΔE=1.523e-08  ||F||=4.174e-03
 step= 17500  E=1.672899491466e+03  Q=1.962000000000e+03  λ=1.619144e+00  dt=1.392e-03  relΔE=1.842e-08  ||F||=3.713e-03
 step= 18000  E=1.672888298622e+03  Q=1.962000000000e+03  λ=1.619054e+00  dt=1.077e-03  relΔE=1.135e-08  ||F||=3.296e-03
 step= 18500  E=1.672879101915e+03  Q=1.962000000000e+03  λ=1.618969e+00  dt=8.338e-04  relΔE=6.986e-09  ||F||=2.942e-03
 step= 19000  E=1.672871837751e+03  Q=1.962000000000e+03  λ=1.618892e+00  dt=1.291e-03  relΔE=8.655e-09  ||F||=2.634e-03
 step= 19500  E=1.672866083093e+03  Q=1.962000000000e+03  λ=1.618823e+00  dt=9.989e-04  relΔE=5.398e-09  ||F||=2.367e-03
 step= 20000  E=1.672861286006e+03  Q=1.962000000000e+03  λ=1.618759e+00  dt=7.731e-04  relΔE=3.395e-09  ||F||=2.136e-03
 step= 20500  E=1.672857587892e+03  Q=1.962000000000e+03  λ=1.618704e+00  dt=1.197e-03  relΔE=4.200e-09  ||F||=1.911e-03
 step= 21000  E=1.672854528574e+03  Q=1.962000000000e+03  λ=1.618653e+00  dt=9.263e-04  relΔE=2.625e-09  ||F||=1.719e-03
 step= 21500  E=1.672852009789e+03  Q=1.962000000000e+03  λ=1.618606e+00  dt=1.434e-03  relΔE=3.246e-09  ||F||=1.983e-03
 step= 22000  E=1.672850071511e+03  Q=1.962000000000e+03  λ=1.618566e+00  dt=1.110e-03  relΔE=2.058e-09  ||F||=1.394e-03
 step= 22500  E=1.672848440992e+03  Q=1.962000000000e+03  λ=1.618529e+00  dt=8.589e-04  relΔE=1.286e-09  ||F||=1.255e-03
 step= 23000  E=1.672847128854e+03  Q=1.962000000000e+03  λ=1.618495e+00  dt=1.329e-03  relΔE=1.609e-09  ||F||=1.130e-03
 step= 23500  E=1.672846089116e+03  Q=1.962000000000e+03  λ=1.618466e+00  dt=1.029e-03  relΔE=1.012e-09  ||F||=1.020e-03
 step= 24000  E=1.672845217795e+03  Q=1.962000000000e+03  λ=1.618439e+00  dt=7.964e-04  relΔE=6.338e-10  ||F||=9.192e-04
 step= 24500  E=1.672844534921e+03  Q=1.962000000000e+03  λ=1.618415e+00  dt=1.233e-03  relΔE=7.933e-10  ||F||=8.282e-04
 step= 25000  E=1.672843975717e+03  Q=1.962000000000e+03  λ=1.618393e+00  dt=9.541e-04  relΔE=4.972e-10  ||F||=7.470e-04
 step= 25500  E=1.672843511513e+03  Q=1.962000000000e+03  λ=1.618373e+00  dt=1.477e-03  relΔE=1.397e-11  ||F||=5.950e-03
 step= 26000  E=1.672843154440e+03  Q=1.962000000000e+03  λ=1.618357e+00  dt=1.143e-03  relΔE=3.898e-10  ||F||=6.075e-04
 step= 26500  E=1.672842855316e+03  Q=1.962000000000e+03  λ=1.618341e+00  dt=8.847e-04  relΔE=2.435e-10  ||F||=5.475e-04
 step= 27000  E=1.672842613396e+03  Q=1.962000000000e+03  λ=1.618326e+00  dt=1.369e-03  relΔE=3.038e-10  ||F||=4.936e-04
 step= 27500  E=1.672842423601e+03  Q=1.962000000000e+03  λ=1.618314e+00  dt=1.060e-03  relΔE=1.906e-10  ||F||=4.458e-04
 step= 28000  E=1.672842265201e+03  Q=1.962000000000e+03  λ=1.618302e+00  dt=8.203e-04  relΔE=1.188e-10  ||F||=4.018e-04
 step= 28500  E=1.672842139720e+03  Q=1.962000000000e+03  λ=1.618292e+00  dt=1.270e-03  relΔE=1.481e-10  ||F||=3.624e-04
 step= 29000  E=1.672842039329e+03  Q=1.962000000000e+03  λ=1.618283e+00  dt=9.828e-04  relΔE=9.252e-11  ||F||=3.273e-04
 step= 29500  E=1.672841955629e+03  Q=1.962000000000e+03  λ=1.618274e+00  dt=7.607e-04  relΔE=5.910e-11  ||F||=2.989e-04
 step= 30000  E=1.672841891738e+03  Q=1.962000000000e+03  λ=1.618267e+00  dt=1.177e-03  relΔE=7.157e-11  ||F||=2.664e-04
 step= 30500  E=1.672841838727e+03  Q=1.962000000000e+03  λ=1.618260e+00  dt=9.113e-04  relΔE=4.436e-11  ||F||=2.403e-04
 step= 31000  E=1.672841795924e+03  Q=1.962000000000e+03  λ=1.618254e+00  dt=1.411e-03  relΔE=5.474e-11  ||F||=2.192e-04
 step= 31500  E=1.672841762975e+03  Q=1.962000000000e+03  λ=1.618249e+00  dt=1.092e-03  relΔE=3.400e-11  ||F||=1.957e-04
 step= 32000  E=1.672841735783e+03  Q=1.962000000000e+03  λ=1.618244e+00  dt=8.450e-04  relΔE=2.092e-11  ||F||=1.765e-04
 step= 32500  E=1.672841714345e+03  Q=1.962000000000e+03  λ=1.618239e+00  dt=1.308e-03  relΔE=2.569e-11  ||F||=1.592e-04
 step= 33000  E=1.672841697635e+03  Q=1.962000000000e+03  λ=1.618235e+00  dt=1.012e-03  relΔE=1.579e-11  ||F||=1.439e-04
 step= 33500  E=1.672841683942e+03  Q=1.962000000000e+03  λ=1.618232e+00  dt=7.835e-04  relΔE=9.701e-12  ||F||=1.301e-04
 step= 34000  E=1.672841673597e+03  Q=1.962000000000e+03  λ=1.618228e+00  dt=1.213e-03  relΔE=1.169e-11  ||F||=1.171e-04
 step= 34500  E=1.672841665352e+03  Q=1.962000000000e+03  λ=1.618226e+00  dt=9.387e-04  relΔE=7.062e-12  ||F||=1.057e-04
 step= 35000  E=1.672841658780e+03  Q=1.962000000000e+03  λ=1.618223e+00  dt=1.453e-03  relΔE=8.039e-12  ||F||=1.815e-04
 step= 35500  E=1.672841653979e+03  Q=1.962000000000e+03  λ=1.618220e+00  dt=1.125e-03  relΔE=5.040e-12  ||F||=8.610e-05
 step= 36000  E=1.672841650155e+03  Q=1.962000000000e+03  λ=1.618218e+00  dt=8.704e-04  relΔE=2.959e-12  ||F||=7.763e-05
 step= 36500  E=1.672841647279e+03  Q=1.962000000000e+03  λ=1.618216e+00  dt=1.347e-03  relΔE=3.429e-12  ||F||=7.002e-05
 step= 37000  E=1.672841645184e+03  Q=1.962000000000e+03  λ=1.618215e+00  dt=1.043e-03  relΔE=1.966e-12  ||F||=6.329e-05
 step= 37500  E=1.672841643605e+03  Q=1.962000000000e+03  λ=1.618213e+00  dt=8.071e-04  relΔE=1.093e-12  ||F||=5.706e-05
 step= 38000  E=1.672841642516e+03  Q=1.962000000000e+03  λ=1.618212e+00  dt=1.249e-03  relΔE=1.178e-12  ||F||=5.152e-05
 step= 38500  E=1.672841641770e+03  Q=1.962000000000e+03  λ=1.618210e+00  dt=9.670e-04  relΔE=6.044e-13  ||F||=4.653e-05
 step= 39000  E=1.672841641280e+03  Q=1.962000000000e+03  λ=1.618209e+00  dt=7.484e-04  relΔE=3.170e-13  ||F||=4.259e-05
 step= 39500  E=1.672841641021e+03  Q=1.962000000000e+03  λ=1.618208e+00  dt=1.158e-03  relΔE=2.198e-13  ||F||=3.790e-05
 step= 40000  E=1.672841640909e+03  Q=1.962000000000e+03  λ=1.618207e+00  dt=8.966e-04  relΔE=4.281e-14  ||F||=3.419e-05
  !! dt fell below dt_min: stiffness-limited termination.

Stationary candidate (aggressive): E=1.672841640899e+03, Q=1.962000000000e+03, maxρ=1.181118e+00

=== Stability test (damped inertial dynamics) ===
Perturb eps=0.02, gamma=1
t=0: E=1.768284540548e+03, Q=1.962000000000e+03, maxρ=1.223028e+00, σ=2.569011e+00, Rc=1.884426e+01
 step=     1  E=1.768284062385e+03  Q=1.962000000000e+03  λ=2.003821e+00  maxρ=1.223028e+00  minρ=1.000e-15  σ=2.569011e+00  Rc=1.884426e+01
 step=   300  E=1.748674310037e+03  Q=1.962000000000e+03  λ=1.901319e+00  maxρ=1.220951e+00  minρ=1.000e-15  σ=2.569008e+00  Rc=1.884426e+01
 step=   600  E=1.709195247567e+03  Q=1.962000000000e+03  λ=1.715555e+00  maxρ=1.215095e+00  minρ=1.000e-15  σ=2.569002e+00  Rc=1.884426e+01
 step=   900  E=1.685980560332e+03  Q=1.962000000000e+03  λ=1.655963e+00  maxρ=1.206435e+00  minρ=1.000e-15  σ=2.569000e+00  Rc=1.884426e+01
 step=  1200  E=1.694599257797e+03  Q=1.962000000000e+03  λ=1.762567e+00  maxρ=1.202271e+00  minρ=1.000e-15  σ=2.569004e+00  Rc=1.884425e+01
 step=  1500  E=1.718176083924e+03  Q=1.962000000000e+03  λ=1.878741e+00  maxρ=1.206426e+00  minρ=1.000e-15  σ=2.569006e+00  Rc=1.884425e+01
 step=  1800  E=1.730349487133e+03  Q=1.962000000000e+03  λ=1.865342e+00  maxρ=1.210287e+00  minρ=1.000e-15  σ=2.569004e+00  Rc=1.884425e+01
 step=  2100  E=1.723414778221e+03  Q=1.962000000000e+03  λ=1.764702e+00  maxρ=1.204124e+00  minρ=1.000e-15  σ=2.569000e+00  Rc=1.884425e+01
 step=  2400  E=1.711015423226e+03  Q=1.962000000000e+03  λ=1.717727e+00  maxρ=1.191588e+00  minρ=1.000e-15  σ=2.569000e+00  Rc=1.884425e+01
 step=  2700  E=1.707912034752e+03  Q=1.962000000000e+03  λ=1.771946e+00  maxρ=1.195036e+00  minρ=1.000e-15  σ=2.569003e+00  Rc=1.884425e+01
 step=  3000  E=1.713902557160e+03  Q=1.962000000000e+03  λ=1.837846e+00  maxρ=1.210031e+00  minρ=1.000e-15  σ=2.569004e+00  Rc=1.884424e+01
 step=  3300  E=1.718479638177e+03  Q=1.962000000000e+03  λ=1.826088e+00  maxρ=1.213116e+00  minρ=1.000e-15  σ=2.569001e+00  Rc=1.884425e+01
 step=  3600  E=1.715737342137e+03  Q=1.962000000000e+03  λ=1.761787e+00  maxρ=1.206965e+00  minρ=1.000e-15  σ=2.568997e+00  Rc=1.884425e+01
 step=  3900  E=1.709928156938e+03  Q=1.962000000000e+03  λ=1.732563e+00  maxρ=1.206962e+00  minρ=1.000e-15  σ=2.568998e+00  Rc=1.884424e+01
 step=  4200  E=1.707717479570e+03  Q=1.962000000000e+03  λ=1.764606e+00  maxρ=1.202760e+00  minρ=1.000e-15  σ=2.569001e+00  Rc=1.884424e+01
 step=  4500  E=1.709735331264e+03  Q=1.962000000000e+03  λ=1.799985e+00  maxρ=1.200041e+00  minρ=1.000e-15  σ=2.569003e+00  Rc=1.884424e+01
 step=  4800  E=1.711617856649e+03  Q=1.962000000000e+03  λ=1.787954e+00  maxρ=1.205657e+00  minρ=1.000e-15  σ=2.568999e+00  Rc=1.884423e+01
 step=  5100  E=1.710673943633e+03  Q=1.962000000000e+03  λ=1.750664e+00  maxρ=1.206604e+00  minρ=1.000e-15  σ=2.568995e+00  Rc=1.884423e+01
 step=  5400  E=1.708514694421e+03  Q=1.962000000000e+03  λ=1.740458e+00  maxρ=1.205174e+00  minρ=1.000e-15  σ=2.568994e+00  Rc=1.884423e+01
 step=  5700  E=1.707601700780e+03  Q=1.962000000000e+03  λ=1.764136e+00  maxρ=1.201053e+00  minρ=1.000e-15  σ=2.568997e+00  Rc=1.884422e+01
 step=  6000  E=1.707868973327e+03  Q=1.962000000000e+03  λ=1.781458e+00  maxρ=1.196481e+00  minρ=1.000e-15  σ=2.568999e+00  Rc=1.884422e+01
 >>> No runaway detected in this horizon. Likely stable (within this model & box).

STABILITY: PASS
