
=== Aggressive relaxation to Q = 86 ===
Initial: E=2.757194471114e+02, Q=8.600000000000e+01, dt=1.000e-04
 step=     1  E=2.757017543999e+02  Q=8.600000000000e+01  λ=6.333469e+00  dt=1.000e-04  relΔE=6.417e-05  ||F||=1.434e+00
 step=   500  E=2.563047974143e+02  Q=8.600000000000e+01  λ=5.885311e+00  dt=6.192e-04  relΔE=2.594e-04  ||F||=1.225e+00
 step=  1000  E=2.127696270506e+02  Q=8.600000000000e+01  λ=4.879650e+00  dt=9.584e-04  relΔE=2.658e-04  ||F||=9.077e-01
 step=  1500  E=1.841701220120e+02  Q=8.600000000000e+01  λ=4.220904e+00  dt=7.418e-04  relΔE=1.972e-04  ||F||=1.153e+00
 step=  2000  E=1.650742042747e+02  Q=8.600000000000e+01  λ=3.781597e+00  dt=1.148e-03  relΔE=2.043e-04  ||F||=6.403e-01
 step=  2500  E=1.502465901318e+02  Q=8.600000000000e+01  λ=3.440759e+00  dt=7.406e-04  relΔE=1.115e-04  ||F||=5.619e-01
 step=  3000  E=1.388243162208e+02  Q=8.600000000000e+01  λ=3.178840e+00  dt=1.146e-03  relΔE=1.490e-04  ||F||=5.019e-01
 step=  3500  E=1.293244221047e+02  Q=8.600000000000e+01  λ=2.960933e+00  dt=8.873e-04  relΔE=1.009e-04  ||F||=4.531e-01
 step=  4000  E=1.214645966048e+02  Q=8.600000000000e+01  λ=2.781035e+00  dt=1.373e-03  relΔE=1.400e-04  ||F||=4.160e-01
 step=  4500  E=1.150689199409e+02  Q=8.600000000000e+01  λ=2.634555e+00  dt=8.858e-04  relΔE=8.426e-05  ||F||=3.908e-01
 step=  5000  E=1.091185032948e+02  Q=8.600000000000e+01  λ=2.498593e+00  dt=1.143e-03  relΔE=1.049e-04  ||F||=3.739e-01
 step=  5500  E=1.035101610388e+02  Q=8.600000000000e+01  λ=2.370279e+00  dt=8.844e-04  relΔE=7.910e-05  ||F||=3.594e-01
 step=  6000  E=9.838592204241e+01  Q=8.600000000000e+01  λ=2.252749e+00  dt=1.369e-03  relΔE=1.147e-04  ||F||=3.393e-01
 step=  6500  E=9.408637406682e+01  Q=8.600000000000e+01  λ=2.153224e+00  dt=1.060e-03  relΔE=7.701e-05  ||F||=3.089e-01
 step=  7000  E=9.057477197959e+01  Q=8.600000000000e+01  λ=2.071022e+00  dt=8.201e-04  relΔE=4.657e-05  ||F||=2.679e-01
 step=  7500  E=8.808585848920e+01  Q=8.600000000000e+01  λ=2.011990e+00  dt=1.269e-03  relΔE=5.126e-05  ||F||=2.228e-01
 step=  8000  E=8.642728613681e+01  Q=8.600000000000e+01  λ=1.971957e+00  dt=9.825e-04  relΔE=2.620e-05  ||F||=1.793e-01
 step=  8500  E=8.534804953820e+01  Q=8.600000000000e+01  λ=1.945436e+00  dt=7.604e-04  relΔE=1.314e-05  ||F||=1.436e-01
 step=  9000  E=8.473035550051e+01  Q=8.600000000000e+01  λ=1.929960e+00  dt=1.177e-03  relΔE=1.167e-05  ||F||=1.083e-01
 step=  9500  E=8.435369789048e+01  Q=8.600000000000e+01  λ=1.920304e+00  dt=9.110e-04  relΔE=5.279e-06  ||F||=8.258e-02
 step= 10000  E=8.413348173342e+01  Q=8.600000000000e+01  λ=1.914533e+00  dt=1.410e-03  relΔE=4.701e-06  ||F||=6.393e-02
 step= 10500  E=8.401072315540e+01  Q=8.600000000000e+01  λ=1.911239e+00  dt=1.091e-03  relΔE=2.144e-06  ||F||=4.799e-02
 step= 11000  E=8.393621010862e+01  Q=8.600000000000e+01  λ=1.909207e+00  dt=8.447e-04  relΔE=9.737e-07  ||F||=3.673e-02
 step= 11500  E=8.389235709843e+01  Q=8.600000000000e+01  λ=1.908010e+00  dt=1.308e-03  relΔE=9.110e-07  ||F||=2.855e-02
 step= 12000  E=8.386576491645e+01  Q=8.600000000000e+01  λ=1.907298e+00  dt=1.012e-03  relΔE=4.467e-07  ||F||=2.272e-02
 step= 12500  E=8.384800889911e+01  Q=8.600000000000e+01  λ=1.906852e+00  dt=7.833e-04  relΔE=2.292e-07  ||F||=1.850e-02
 step= 13000  E=8.383641218691e+01  Q=8.600000000000e+01  λ=1.906594e+00  dt=1.212e-03  relΔE=2.485e-07  ||F||=1.548e-02
 step= 13500  E=8.382785475233e+01  Q=8.600000000000e+01  λ=1.906436e+00  dt=9.384e-04  relΔE=1.437e-07  ||F||=1.338e-02
 step= 14000  E=8.382112142653e+01  Q=8.600000000000e+01  λ=1.906344e+00  dt=1.453e-03  relΔE=1.672e-07  ||F||=2.622e-02
 step= 14500  E=8.381597323264e+01  Q=8.600000000000e+01  λ=1.906299e+00  dt=1.124e-03  relΔE=1.123e-07  ||F||=1.081e-02
 step= 15000  E=8.381147118997e+01  Q=8.600000000000e+01  λ=1.906281e+00  dt=8.701e-04  relΔE=7.413e-08  ||F||=9.984e-03
 step= 15500  E=8.380758460860e+01  Q=8.600000000000e+01  λ=1.906282e+00  dt=1.347e-03  relΔE=1.002e-07  ||F||=9.332e-03
 step= 16000  E=8.380424616282e+01  Q=8.600000000000e+01  λ=1.906297e+00  dt=1.042e-03  relΔE=6.903e-08  ||F||=8.804e-03
 step= 16500  E=8.380115818322e+01  Q=8.600000000000e+01  λ=1.906321e+00  dt=8.068e-04  relΔE=4.800e-08  ||F||=8.346e-03
 step= 17000  E=8.379844963965e+01  Q=8.600000000000e+01  λ=1.906351e+00  dt=1.249e-03  relΔE=6.702e-08  ||F||=7.927e-03
 step= 17500  E=8.379599040062e+01  Q=8.600000000000e+01  λ=1.906385e+00  dt=9.666e-04  relΔE=4.712e-08  ||F||=7.556e-03
 step= 18000  E=8.379367413268e+01  Q=8.600000000000e+01  λ=1.906425e+00  dt=7.481e-04  relΔE=3.829e-08  ||F||=7.943e-03
 step= 18500  E=8.379167968601e+01  Q=8.600000000000e+01  λ=1.906463e+00  dt=1.158e-03  relΔE=4.692e-08  ||F||=6.890e-03
 step= 19000  E=8.378978983401e+01  Q=8.600000000000e+01  λ=1.906505e+00  dt=8.963e-04  relΔE=3.318e-08  ||F||=6.587e-03
 step= 19500  E=8.378805233369e+01  Q=8.600000000000e+01  λ=1.906548e+00  dt=1.387e-03  relΔE=4.697e-08  ||F||=6.318e-03
 step= 20000  E=8.378651241456e+01  Q=8.600000000000e+01  λ=1.906589e+00  dt=1.074e-03  relΔE=3.337e-08  ||F||=6.035e-03
 step= 20500  E=8.378505379985e+01  Q=8.600000000000e+01  λ=1.906632e+00  dt=8.311e-04  relΔE=2.369e-08  ||F||=5.781e-03
 step= 21000  E=8.378373285053e+01  Q=8.600000000000e+01  λ=1.906675e+00  dt=1.286e-03  relΔE=3.365e-08  ||F||=5.537e-03
 step= 21500  E=8.378253414844e+01  Q=8.600000000000e+01  λ=1.906716e+00  dt=9.957e-04  relΔE=2.395e-08  ||F||=5.311e-03
 step= 22000  E=8.378138900044e+01  Q=8.600000000000e+01  λ=1.906759e+00  dt=7.706e-04  relΔE=1.741e-08  ||F||=5.148e-03
 step= 22500  E=8.378038528338e+01  Q=8.600000000000e+01  λ=1.906799e+00  dt=1.193e-03  relΔE=2.427e-08  ||F||=4.884e-03
 step= 23000  E=8.377943745292e+01  Q=8.600000000000e+01  λ=1.906840e+00  dt=9.233e-04  relΔE=1.729e-08  ||F||=4.686e-03
 step= 23500  E=8.377854914639e+01  Q=8.600000000000e+01  λ=1.906880e+00  dt=1.429e-03  relΔE=2.456e-08  ||F||=4.960e-03
 step= 24000  E=8.377777916022e+01  Q=8.600000000000e+01  λ=1.906917e+00  dt=9.218e-04  relΔE=1.468e-08  ||F||=4.322e-03
 step= 24500  E=8.377702642435e+01  Q=8.600000000000e+01  λ=1.906956e+00  dt=1.427e-03  relΔE=2.089e-08  ||F||=4.542e-03
 step= 25000  E=8.377636010027e+01  Q=8.600000000000e+01  λ=1.906992e+00  dt=1.104e-03  relΔE=1.497e-08  ||F||=3.989e-03
 step= 25500  E=8.377572334319e+01  Q=8.600000000000e+01  λ=1.907029e+00  dt=8.547e-04  relΔE=1.069e-08  ||F||=3.831e-03
 step= 26000  E=8.377513750825e+01  Q=8.600000000000e+01  λ=1.907064e+00  dt=1.323e-03  relΔE=1.528e-08  ||F||=3.681e-03
 step= 26500  E=8.377460851088e+01  Q=8.600000000000e+01  λ=1.907098e+00  dt=1.024e-03  relΔE=1.094e-08  ||F||=3.541e-03
 step= 27000  E=8.377410068506e+01  Q=8.600000000000e+01  λ=1.907133e+00  dt=7.925e-04  relΔE=7.865e-09  ||F||=3.413e-03
 step= 27500  E=8.377364805544e+01  Q=8.600000000000e+01  λ=1.907165e+00  dt=1.227e-03  relΔE=1.120e-08  ||F||=3.273e-03
 step= 28000  E=8.377322381640e+01  Q=8.600000000000e+01  λ=1.907196e+00  dt=9.495e-04  relΔE=8.019e-09  ||F||=3.149e-03
 step= 28500  E=8.377281977564e+01  Q=8.600000000000e+01  λ=1.907228e+00  dt=1.470e-03  relΔE=8.157e-09  ||F||=1.530e-02
 step= 29000  E=8.377246656269e+01  Q=8.600000000000e+01  λ=1.907257e+00  dt=1.138e-03  relΔE=8.232e-09  ||F||=2.915e-03
 step= 29500  E=8.377212633231e+01  Q=8.600000000000e+01  λ=1.907287e+00  dt=8.804e-04  relΔE=5.897e-09  ||F||=2.805e-03
 step= 30000  E=8.377181112717e+01  Q=8.600000000000e+01  λ=1.907315e+00  dt=1.363e-03  relΔE=8.450e-09  ||F||=2.700e-03
 step= 30500  E=8.377152698999e+01  Q=8.600000000000e+01  λ=1.907343e+00  dt=1.055e-03  relΔE=6.069e-09  ||F||=2.600e-03
 step= 31000  E=8.377125495525e+01  Q=8.600000000000e+01  λ=1.907370e+00  dt=8.164e-04  relΔE=4.358e-09  ||F||=2.504e-03
 step= 31500  E=8.377100793970e+01  Q=8.600000000000e+01  λ=1.907395e+00  dt=1.264e-03  relΔE=6.246e-09  ||F||=2.410e-03
 step= 32000  E=8.377077913259e+01  Q=8.600000000000e+01  λ=1.907420e+00  dt=9.780e-04  relΔE=4.486e-09  ||F||=2.322e-03
 step= 32500  E=8.377055966515e+01  Q=8.600000000000e+01  λ=1.907446e+00  dt=7.570e-04  relΔE=3.374e-09  ||F||=2.291e-03
 step= 33000  E=8.377036636255e+01  Q=8.600000000000e+01  λ=1.907469e+00  dt=1.172e-03  relΔE=4.627e-09  ||F||=2.155e-03
 step= 33500  E=8.377018115230e+01  Q=8.600000000000e+01  λ=1.907492e+00  dt=9.069e-04  relΔE=3.323e-09  ||F||=2.076e-03
 step= 34000  E=8.377000759445e+01  Q=8.600000000000e+01  λ=1.907514e+00  dt=1.404e-03  relΔE=4.770e-09  ||F||=2.017e-03
 step= 34500  E=8.376985220575e+01  Q=8.600000000000e+01  λ=1.907535e+00  dt=1.086e-03  relΔE=3.434e-09  ||F||=1.928e-03
 step= 35000  E=8.376970304488e+01  Q=8.600000000000e+01  λ=1.907557e+00  dt=8.409e-04  relΔE=2.469e-09  ||F||=1.859e-03
 step= 35500  E=8.376956593962e+01  Q=8.600000000000e+01  λ=1.907577e+00  dt=1.302e-03  relΔE=3.547e-09  ||F||=1.791e-03
 step= 36000  E=8.376944045998e+01  Q=8.600000000000e+01  λ=1.907596e+00  dt=1.007e-03  relΔE=2.554e-09  ||F||=1.728e-03
 step= 36500  E=8.376931949000e+01  Q=8.600000000000e+01  λ=1.907616e+00  dt=7.797e-04  relΔE=1.850e-09  ||F||=1.672e-03
 step= 37000  E=8.376921155026e+01  Q=8.600000000000e+01  λ=1.907634e+00  dt=1.207e-03  relΔE=2.643e-09  ||F||=1.606e-03
 step= 37500  E=8.376910924709e+01  Q=8.600000000000e+01  λ=1.907652e+00  dt=9.342e-04  relΔE=1.902e-09  ||F||=1.549e-03
 step= 38000  E=8.376901193341e+01  Q=8.600000000000e+01  λ=1.907669e+00  dt=1.446e-03  relΔE=2.663e-09  ||F||=2.725e-03
 step= 38500  E=8.376892605027e+01  Q=8.600000000000e+01  λ=1.907686e+00  dt=1.119e-03  relΔE=1.971e-09  ||F||=1.441e-03
 step= 39000  E=8.376884300028e+01  Q=8.600000000000e+01  λ=1.907702e+00  dt=8.662e-04  relΔE=1.418e-09  ||F||=1.389e-03
 step= 39500  E=8.376876613701e+01  Q=8.600000000000e+01  λ=1.907718e+00  dt=1.341e-03  relΔE=2.041e-09  ||F||=1.340e-03
 step= 40000  E=8.376869615169e+01  Q=8.600000000000e+01  λ=1.907733e+00  dt=1.038e-03  relΔE=1.472e-09  ||F||=1.293e-03
 step= 40500  E=8.376862875158e+01  Q=8.600000000000e+01  λ=1.907748e+00  dt=8.032e-04  relΔE=1.062e-09  ||F||=1.249e-03
 step= 41000  E=8.376856779664e+01  Q=8.600000000000e+01  λ=1.907762e+00  dt=1.243e-03  relΔE=1.526e-09  ||F||=1.204e-03
 step= 41500  E=8.376851073180e+01  Q=8.600000000000e+01  λ=1.907775e+00  dt=9.623e-04  relΔE=1.100e-09  ||F||=1.162e-03
 step= 42000  E=8.376845585354e+01  Q=8.600000000000e+01  λ=1.907789e+00  dt=7.448e-04  relΔE=9.442e-10  ||F||=1.335e-03
 step= 42500  E=8.376840764561e+01  Q=8.600000000000e+01  λ=1.907802e+00  dt=1.153e-03  relΔE=1.142e-09  ||F||=1.082e-03
 step= 43000  E=8.376836097315e+01  Q=8.600000000000e+01  λ=1.907814e+00  dt=8.923e-04  relΔE=8.226e-10  ||F||=1.044e-03
 step= 43500  E=8.376831736079e+01  Q=8.600000000000e+01  λ=1.907826e+00  dt=1.381e-03  relΔE=1.185e-09  ||F||=1.009e-03
 step= 44000  E=8.376827800499e+01  Q=8.600000000000e+01  λ=1.907838e+00  dt=1.069e-03  relΔE=8.550e-10  ||F||=9.727e-04
 step= 44500  E=8.376824020088e+01  Q=8.600000000000e+01  λ=1.907849e+00  dt=8.273e-04  relΔE=6.164e-10  ||F||=9.390e-04
 step= 45000  E=8.376820697751e+01  Q=8.600000000000e+01  λ=1.907860e+00  dt=1.067e-03  relΔE=7.424e-10  ||F||=9.075e-04
 step= 45500  E=8.376817368701e+01  Q=8.600000000000e+01  λ=1.907870e+00  dt=8.260e-04  relΔE=5.352e-10  ||F||=8.760e-04
 step= 46000  E=8.376814485618e+01  Q=8.600000000000e+01  λ=1.907880e+00  dt=1.065e-03  relΔE=6.444e-10  ||F||=8.465e-04
 step= 46500  E=8.376811588467e+01  Q=8.600000000000e+01  λ=1.907890e+00  dt=8.247e-04  relΔE=4.647e-10  ||F||=8.173e-04
 step= 47000  E=8.376808964232e+01  Q=8.600000000000e+01  λ=1.907900e+00  dt=1.277e-03  relΔE=6.691e-10  ||F||=7.884e-04
 step= 47500  E=8.376806544275e+01  Q=8.600000000000e+01  λ=1.907909e+00  dt=9.880e-04  relΔE=4.829e-10  ||F||=7.616e-04
 step= 48000  E=8.376804199046e+01  Q=8.600000000000e+01  λ=1.907918e+00  dt=7.647e-04  relΔE=3.594e-10  ||F||=7.472e-04
 step= 48500  E=8.376802122785e+01  Q=8.600000000000e+01  λ=1.907927e+00  dt=1.184e-03  relΔE=5.024e-10  ||F||=7.100e-04
 step= 49000  E=8.376800130432e+01  Q=8.600000000000e+01  λ=1.907935e+00  dt=9.161e-04  relΔE=3.623e-10  ||F||=6.855e-04
 step= 49500  E=8.376798247890e+01  Q=8.600000000000e+01  λ=1.907943e+00  dt=1.418e-03  relΔE=5.216e-10  ||F||=6.854e-04
 step= 50000  E=8.376796566182e+01  Q=8.600000000000e+01  λ=1.907951e+00  dt=1.098e-03  relΔE=3.772e-10  ||F||=6.394e-04
 step= 50500  E=8.376794941028e+01  Q=8.600000000000e+01  λ=1.907959e+00  dt=8.495e-04  relΔE=2.721e-10  ||F||=6.175e-04
 step= 51000  E=8.376793438321e+01  Q=8.600000000000e+01  λ=1.907966e+00  dt=1.315e-03  relΔE=3.922e-10  ||F||=5.961e-04
 step= 51500  E=8.376792064487e+01  Q=8.600000000000e+01  λ=1.907973e+00  dt=1.018e-03  relΔE=2.833e-10  ||F||=5.760e-04
 step= 52000  E=8.376790736552e+01  Q=8.600000000000e+01  λ=1.907980e+00  dt=7.877e-04  relΔE=2.056e-10  ||F||=5.579e-04
 step= 52500  E=8.376789544250e+01  Q=8.600000000000e+01  λ=1.907987e+00  dt=1.219e-03  relΔE=2.949e-10  ||F||=5.373e-04
 step= 53000  E=8.376788413608e+01  Q=8.600000000000e+01  λ=1.907993e+00  dt=9.437e-04  relΔE=2.128e-10  ||F||=5.189e-04
 step= 53500  E=8.376787331751e+01  Q=8.600000000000e+01  λ=1.907999e+00  dt=1.461e-03  relΔE=2.639e-10  ||F||=1.806e-03
 step= 54000  E=8.376786378424e+01  Q=8.600000000000e+01  λ=1.908005e+00  dt=1.131e-03  relΔE=2.216e-10  ||F||=4.842e-04
 step= 54500  E=8.376785453996e+01  Q=8.600000000000e+01  λ=1.908011e+00  dt=8.750e-04  relΔE=1.599e-10  ||F||=4.676e-04
 step= 55000  E=8.376784592306e+01  Q=8.600000000000e+01  λ=1.908017e+00  dt=1.354e-03  relΔE=2.306e-10  ||F||=4.516e-04
 step= 55500  E=8.376783810174e+01  Q=8.600000000000e+01  λ=1.908022e+00  dt=1.048e-03  relΔE=1.666e-10  ||F||=4.365e-04
 step= 56000  E=8.376783054386e+01  Q=8.600000000000e+01  λ=1.908027e+00  dt=8.114e-04  relΔE=1.205e-10  ||F||=4.221e-04
 step= 56500  E=8.376782367455e+01  Q=8.600000000000e+01  λ=1.908032e+00  dt=1.256e-03  relΔE=1.734e-10  ||F||=4.072e-04
 step= 57000  E=8.376781727078e+01  Q=8.600000000000e+01  λ=1.908037e+00  dt=9.720e-04  relΔE=1.252e-10  ||F||=3.935e-04
 step= 57500  E=8.376781108173e+01  Q=8.600000000000e+01  λ=1.908042e+00  dt=7.523e-04  relΔE=9.785e-11  ||F||=3.966e-04
 step= 58000  E=8.376780562236e+01  Q=8.600000000000e+01  λ=1.908047e+00  dt=1.165e-03  relΔE=1.304e-10  ||F||=3.673e-04
 step= 58500  E=8.376780035406e+01  Q=8.600000000000e+01  λ=1.908051e+00  dt=9.013e-04  relΔE=9.409e-11  ||F||=3.548e-04
 step= 59000  E=8.376779540293e+01  Q=8.600000000000e+01  λ=1.908055e+00  dt=1.395e-03  relΔE=1.356e-10  ||F||=3.444e-04
 step= 59500  E=8.376779094935e+01  Q=8.600000000000e+01  λ=1.908060e+00  dt=1.080e-03  relΔE=9.805e-11  ||F||=3.313e-04
 step= 60000  E=8.376778665332e+01  Q=8.600000000000e+01  λ=1.908064e+00  dt=8.358e-04  relΔE=7.076e-11  ||F||=3.201e-04
 step= 60500  E=8.376778269049e+01  Q=8.600000000000e+01  λ=1.908067e+00  dt=1.294e-03  relΔE=1.020e-10  ||F||=3.091e-04
 step= 61000  E=8.376777905468e+01  Q=8.600000000000e+01  λ=1.908071e+00  dt=1.001e-03  relΔE=7.371e-11  ||F||=2.988e-04
 step= 61500  E=8.376777552975e+01  Q=8.600000000000e+01  λ=1.908075e+00  dt=7.750e-04  relΔE=5.422e-11  ||F||=2.915e-04
 step= 62000  E=8.376777239014e+01  Q=8.600000000000e+01  λ=1.908078e+00  dt=1.200e-03  relΔE=7.675e-11  ||F||=2.789e-04
 step= 62500  E=8.376776939481e+01  Q=8.600000000000e+01  λ=1.908082e+00  dt=9.284e-04  relΔE=5.538e-11  ||F||=2.695e-04
 step= 63000  E=8.376776654073e+01  Q=8.600000000000e+01  λ=1.908085e+00  dt=1.437e-03  relΔE=7.909e-11  ||F||=3.502e-04
 step= 63500  E=8.376776401266e+01  Q=8.600000000000e+01  λ=1.908088e+00  dt=1.112e-03  relΔE=5.769e-11  ||F||=2.517e-04
 step= 64000  E=8.376776156153e+01  Q=8.600000000000e+01  λ=1.908091e+00  dt=8.609e-04  relΔE=4.161e-11  ||F||=2.431e-04
 step= 64500  E=8.376775928939e+01  Q=8.600000000000e+01  λ=1.908094e+00  dt=1.333e-03  relΔE=6.000e-11  ||F||=2.349e-04
 step= 65000  E=8.376775721781e+01  Q=8.600000000000e+01  λ=1.908097e+00  dt=1.031e-03  relΔE=4.334e-11  ||F||=2.271e-04
 step= 65500  E=8.376775521519e+01  Q=8.600000000000e+01  λ=1.908100e+00  dt=7.983e-04  relΔE=3.139e-11  ||F||=2.198e-04
 step= 66000  E=8.376775340715e+01  Q=8.600000000000e+01  λ=1.908102e+00  dt=1.236e-03  relΔE=4.510e-11  ||F||=2.120e-04
 step= 66500  E=8.376775170813e+01  Q=8.600000000000e+01  λ=1.908105e+00  dt=9.564e-04  relΔE=3.255e-11  ||F||=2.049e-04
 step= 67000  E=8.376775007275e+01  Q=8.600000000000e+01  λ=1.908108e+00  dt=6.168e-04  relΔE=8.681e-11  ||F||=2.098e-03
 step= 67500  E=8.376774866394e+01  Q=8.600000000000e+01  λ=1.908110e+00  dt=9.548e-04  relΔE=2.827e-11  ||F||=1.915e-04
 step= 68000  E=8.376774724276e+01  Q=8.600000000000e+01  λ=1.908112e+00  dt=1.478e-03  relΔE=1.886e-11  ||F||=1.239e-03
 step= 68500  E=8.376774598934e+01  Q=8.600000000000e+01  λ=1.908114e+00  dt=1.144e-03  relΔE=2.942e-11  ||F||=1.788e-04
 step= 69000  E=8.376774477665e+01  Q=8.600000000000e+01  λ=1.908117e+00  dt=8.853e-04  relΔE=2.121e-11  ||F||=1.728e-04
 step= 69500  E=8.376774364578e+01  Q=8.600000000000e+01  λ=1.908119e+00  dt=1.370e-03  relΔE=3.057e-11  ||F||=1.670e-04
 step= 70000  E=8.376774262139e+01  Q=8.600000000000e+01  λ=1.908121e+00  dt=1.061e-03  relΔE=2.207e-11  ||F||=1.614e-04
 step= 70500  E=8.376774163485e+01  Q=8.600000000000e+01  λ=1.908123e+00  dt=8.209e-04  relΔE=1.593e-11  ||F||=1.560e-04
 step= 71000  E=8.376774073255e+01  Q=8.600000000000e+01  λ=1.908125e+00  dt=1.271e-03  relΔE=2.294e-11  ||F||=1.507e-04
 step= 71500  E=8.376773989736e+01  Q=8.600000000000e+01  λ=1.908126e+00  dt=9.835e-04  relΔE=1.655e-11  ||F||=1.457e-04
 step= 72000  E=8.376773909055e+01  Q=8.600000000000e+01  λ=1.908128e+00  dt=7.612e-04  relΔE=1.239e-11  ||F||=1.434e-04
 step= 72500  E=8.376773837650e+01  Q=8.600000000000e+01  λ=1.908130e+00  dt=1.178e-03  relΔE=1.720e-11  ||F||=1.360e-04
 step= 73000  E=8.376773769098e+01  Q=8.600000000000e+01  λ=1.908132e+00  dt=9.120e-04  relΔE=1.239e-11  ||F||=1.315e-04
 step= 73500  E=8.376773704550e+01  Q=8.600000000000e+01  λ=1.908133e+00  dt=1.412e-03  relΔE=1.783e-11  ||F||=1.295e-04
 step= 74000  E=8.376773646703e+01  Q=8.600000000000e+01  λ=1.908135e+00  dt=1.093e-03  relΔE=1.288e-11  ||F||=1.228e-04
 step= 74500  E=8.376773591092e+01  Q=8.600000000000e+01  λ=1.908136e+00  dt=8.456e-04  relΔE=9.278e-12  ||F||=1.187e-04
 step= 75000  E=8.376773539718e+01  Q=8.600000000000e+01  λ=1.908138e+00  dt=1.309e-03  relΔE=1.336e-11  ||F||=1.147e-04
 step= 75500  E=8.376773492689e+01  Q=8.600000000000e+01  λ=1.908139e+00  dt=1.013e-03  relΔE=9.635e-12  ||F||=1.109e-04
 step= 76000  E=8.376773447321e+01  Q=8.600000000000e+01  λ=1.908141e+00  dt=7.841e-04  relΔE=6.983e-12  ||F||=1.074e-04
 step= 76500  E=8.376773406696e+01  Q=8.600000000000e+01  λ=1.908142e+00  dt=1.214e-03  relΔE=9.994e-12  ||F||=1.035e-04
 step= 77000  E=8.376773368253e+01  Q=8.600000000000e+01  λ=1.908143e+00  dt=9.394e-04  relΔE=7.198e-12  ||F||=1.001e-04
 step= 77500  E=8.376773331572e+01  Q=8.600000000000e+01  λ=1.908144e+00  dt=1.454e-03  relΔE=9.884e-12  ||F||=2.078e-04
 step= 78000  E=8.376773299270e+01  Q=8.600000000000e+01  λ=1.908145e+00  dt=1.125e-03  relΔE=7.464e-12  ||F||=9.349e-05
 step= 78500  E=8.376773267999e+01  Q=8.600000000000e+01  λ=1.908147e+00  dt=8.711e-04  relΔE=5.370e-12  ||F||=9.033e-05
 step= 79000  E=8.376773239015e+01  Q=8.600000000000e+01  λ=1.908148e+00  dt=1.348e-03  relΔE=7.724e-12  ||F||=8.728e-05
 step= 79500  E=8.376773212693e+01  Q=8.600000000000e+01  λ=1.908149e+00  dt=1.044e-03  relΔE=5.565e-12  ||F||=8.440e-05
 step= 80000  E=8.376773187383e+01  Q=8.600000000000e+01  λ=1.908150e+00  dt=8.077e-04  relΔE=4.008e-12  ||F||=8.161e-05
 step= 80500  E=8.376773164440e+01  Q=8.600000000000e+01  λ=1.908151e+00  dt=1.250e-03  relΔE=5.756e-12  ||F||=7.882e-05
 step= 81000  E=8.376773143103e+01  Q=8.600000000000e+01  λ=1.908152e+00  dt=9.677e-04  relΔE=4.142e-12  ||F||=7.620e-05
 step= 81500  E=8.376773122563e+01  Q=8.600000000000e+01  λ=1.908153e+00  dt=7.489e-04  relΔE=3.367e-12  ||F||=7.914e-05
 step= 82000  E=8.376773104548e+01  Q=8.600000000000e+01  λ=1.908154e+00  dt=1.159e-03  relΔE=4.283e-12  ||F||=7.119e-05
 step= 82500  E=8.376773087171e+01  Q=8.600000000000e+01  λ=1.908155e+00  dt=8.973e-04  relΔE=3.076e-12  ||F||=6.879e-05
 step= 83000  E=8.376773070975e+01  Q=8.600000000000e+01  λ=1.908155e+00  dt=1.389e-03  relΔE=4.416e-12  ||F||=6.662e-05
 step= 83500  E=8.376773056428e+01  Q=8.600000000000e+01  λ=1.908156e+00  dt=1.075e-03  relΔE=3.177e-12  ||F||=6.427e-05
 step= 84000  E=8.376773042483e+01  Q=8.600000000000e+01  λ=1.908157e+00  dt=8.320e-04  relΔE=2.281e-12  ||F||=6.212e-05
 step= 84500  E=8.376773029698e+01  Q=8.600000000000e+01  λ=1.908158e+00  dt=1.288e-03  relΔE=3.273e-12  ||F||=6.002e-05
 step= 85000  E=8.376773017999e+01  Q=8.600000000000e+01  λ=1.908158e+00  dt=9.968e-04  relΔE=2.352e-12  ||F||=5.804e-05
 step= 85500  E=8.376773006724e+01  Q=8.600000000000e+01  λ=1.908159e+00  dt=7.715e-04  relΔE=1.713e-12  ||F||=5.644e-05
 step= 86000  E=8.376772996750e+01  Q=8.600000000000e+01  λ=1.908160e+00  dt=1.194e-03  relΔE=2.420e-12  ||F||=5.421e-05
 step= 86500  E=8.376772987352e+01  Q=8.600000000000e+01  λ=1.908161e+00  dt=7.702e-04  relΔE=1.447e-12  ||F||=5.241e-05
 step= 87000  E=8.376772978692e+01  Q=8.600000000000e+01  λ=1.908161e+00  dt=1.192e-03  relΔE=2.077e-12  ||F||=5.068e-05
 step= 87500  E=8.376772970537e+01  Q=8.600000000000e+01  λ=1.908162e+00  dt=9.227e-04  relΔE=1.488e-12  ||F||=4.898e-05
 step= 88000  E=8.376772962867e+01  Q=8.600000000000e+01  λ=1.908162e+00  dt=1.428e-03  relΔE=2.120e-12  ||F||=5.324e-05
 step= 88500  E=8.376772956263e+01  Q=8.600000000000e+01  λ=1.908163e+00  dt=9.212e-04  relΔE=1.274e-12  ||F||=4.580e-05
 step= 89000  E=8.376772949625e+01  Q=8.600000000000e+01  λ=1.908164e+00  dt=1.426e-03  relΔE=1.819e-12  ||F||=4.489e-05
 step= 89500  E=8.376772943811e+01  Q=8.600000000000e+01  λ=1.908164e+00  dt=1.104e-03  relΔE=1.304e-12  ||F||=4.277e-05
 step= 90000  E=8.376772938257e+01  Q=8.600000000000e+01  λ=1.908165e+00  dt=8.542e-04  relΔE=9.314e-13  ||F||=4.133e-05
 step= 90500  E=8.376772933153e+01  Q=8.600000000000e+01  λ=1.908165e+00  dt=1.322e-03  relΔE=1.331e-12  ||F||=3.994e-05
 step= 91000  E=8.376772928542e+01  Q=8.600000000000e+01  λ=1.908166e+00  dt=1.023e-03  relΔE=9.512e-13  ||F||=3.863e-05
 step= 91500  E=8.376772924129e+01  Q=8.600000000000e+01  λ=1.908166e+00  dt=7.921e-04  relΔE=6.820e-13  ||F||=3.739e-05
 step= 92000  E=8.376772920201e+01  Q=8.600000000000e+01  λ=1.908167e+00  dt=1.226e-03  relΔE=9.685e-13  ||F||=3.608e-05
 step= 92500  E=8.376772916540e+01  Q=8.600000000000e+01  λ=1.908167e+00  dt=9.490e-04  relΔE=6.903e-13  ||F||=3.488e-05
 step= 93000  E=8.376772913063e+01  Q=8.600000000000e+01  λ=1.908167e+00  dt=1.469e-03  relΔE=7.181e-13  ||F||=1.486e-04
 step= 93500  E=8.376772910044e+01  Q=8.600000000000e+01  λ=1.908168e+00  dt=1.137e-03  relΔE=7.006e-13  ||F||=3.258e-05
 step= 94000  E=8.376772907159e+01  Q=8.600000000000e+01  λ=1.908168e+00  dt=8.799e-04  relΔE=4.981e-13  ||F||=3.149e-05
 step= 94500  E=8.376772904509e+01  Q=8.600000000000e+01  λ=1.908169e+00  dt=1.362e-03  relΔE=7.073e-13  ||F||=3.043e-05
 step= 95000  E=8.376772902138e+01  Q=8.600000000000e+01  λ=1.908169e+00  dt=1.054e-03  relΔE=5.030e-13  ||F||=2.942e-05
 step= 95500  E=8.376772899894e+01  Q=8.600000000000e+01  λ=1.908169e+00  dt=8.159e-04  relΔE=3.568e-13  ||F||=2.845e-05
 step= 96000  E=8.376772897880e+01  Q=8.600000000000e+01  λ=1.908170e+00  dt=1.263e-03  relΔE=5.054e-13  ||F||=2.748e-05
 step= 96500  E=8.376772896044e+01  Q=8.600000000000e+01  λ=1.908170e+00  dt=9.775e-04  relΔE=3.583e-13  ||F||=2.657e-05
 step= 97000  E=8.376772894305e+01  Q=8.600000000000e+01  λ=1.908170e+00  dt=7.566e-04  relΔE=2.682e-13  ||F||=2.615e-05
 step= 97500  E=8.376772892800e+01  Q=8.600000000000e+01  λ=1.908171e+00  dt=1.171e-03  relΔE=3.574e-13  ||F||=2.483e-05
 step= 98000  E=8.376772891381e+01  Q=8.600000000000e+01  λ=1.908171e+00  dt=9.064e-04  relΔE=2.518e-13  ||F||=2.399e-05
 step= 98500  E=8.376772890079e+01  Q=8.600000000000e+01  λ=1.908171e+00  dt=1.403e-03  relΔE=3.534e-13  ||F||=2.332e-05
 step= 99000  E=8.376772888939e+01  Q=8.600000000000e+01  λ=1.908172e+00  dt=1.086e-03  relΔE=2.489e-13  ||F||=2.242e-05
 step= 99500  E=8.376772887871e+01  Q=8.600000000000e+01  λ=1.908172e+00  dt=8.404e-04  relΔE=1.744e-13  ||F||=2.166e-05
 step=100000  E=8.376772886912e+01  Q=8.600000000000e+01  λ=1.908172e+00  dt=1.301e-03  relΔE=2.440e-13  ||F||=2.094e-05
 step=100500  E=8.376772886059e+01  Q=8.600000000000e+01  λ=1.908172e+00  dt=1.007e-03  relΔE=1.705e-13  ||F||=2.025e-05
 step=101000  E=8.376772885262e+01  Q=8.600000000000e+01  λ=1.908173e+00  dt=7.793e-04  relΔE=1.199e-13  ||F||=1.962e-05
 step=101500  E=8.376772884576e+01  Q=8.600000000000e+01  λ=1.908173e+00  dt=1.206e-03  relΔE=1.652e-13  ||F||=1.891e-05
 step=102000  E=8.376772883949e+01  Q=8.600000000000e+01  λ=1.908173e+00  dt=9.336e-04  relΔE=1.138e-13  ||F||=1.828e-05
 step=102500  E=8.376772883376e+01  Q=8.600000000000e+01  λ=1.908173e+00  dt=1.445e-03  relΔE=1.551e-13  ||F||=2.172e-05
 step=103000  E=8.376772882891e+01  Q=8.600000000000e+01  λ=1.908173e+00  dt=1.119e-03  relΔE=1.082e-13  ||F||=1.708e-05
 step=103500  E=8.376772882446e+01  Q=8.600000000000e+01  λ=1.908174e+00  dt=8.657e-04  relΔE=7.380e-14  ||F||=1.651e-05
 step=104000  E=8.376772882055e+01  Q=8.600000000000e+01  λ=1.908174e+00  dt=1.340e-03  relΔE=1.008e-13  ||F||=1.595e-05
 step=104500  E=8.376772881720e+01  Q=8.600000000000e+01  λ=1.908174e+00  dt=1.037e-03  relΔE=6.871e-14  ||F||=1.543e-05
 step=105000  E=8.376772881418e+01  Q=8.600000000000e+01  λ=1.908174e+00  dt=8.027e-04  relΔE=4.563e-14  ||F||=1.491e-05
 step=105500  E=8.376772881165e+01  Q=8.600000000000e+01  λ=1.908174e+00  dt=1.243e-03  relΔE=6.107e-14  ||F||=1.441e-05
 step=106000  E=8.376772880948e+01  Q=8.600000000000e+01  λ=1.908175e+00  dt=9.617e-04  relΔE=3.970e-14  ||F||=1.393e-05
 step=106500  E=8.376772880758e+01  Q=8.600000000000e+01  λ=1.908175e+00  dt=7.443e-04  relΔE=3.003e-14  ||F||=1.881e-05
 step=107000  E=8.376772880610e+01  Q=8.600000000000e+01  λ=1.908175e+00  dt=1.152e-03  relΔE=3.325e-14  ||F||=1.302e-05
 step=107500  E=8.376772880484e+01  Q=8.600000000000e+01  λ=1.908175e+00  dt=8.918e-04  relΔE=2.087e-14  ||F||=1.258e-05
 step=108000  E=8.376772880384e+01  Q=8.600000000000e+01  λ=1.908175e+00  dt=1.380e-03  relΔE=2.443e-14  ||F||=1.216e-05
 step=108500  E=8.376772880311e+01  Q=8.600000000000e+01  λ=1.908175e+00  dt=1.068e-03  relΔE=1.425e-14  ||F||=1.176e-05
 step=109000  E=8.376772880257e+01  Q=8.600000000000e+01  λ=1.908176e+00  dt=8.269e-04  relΔE=7.295e-15  ||F||=1.136e-05
 step=109500  E=8.376772880223e+01  Q=8.600000000000e+01  λ=1.908176e+00  dt=1.280e-03  relΔE=6.786e-15  ||F||=1.098e-05
 step=110000  E=8.376772880207e+01  Q=8.600000000000e+01  λ=1.908176e+00  dt=9.907e-04  relΔE=1.018e-15  ||F||=1.062e-05
  !! dt fell below dt_min: stiffness-limited termination.

Stationary candidate (aggressive): E=8.376772880205e+01, Q=8.600000000000e+01, maxρ=2.078926e-01

=== Stability test (damped inertial dynamics) ===
Perturb eps=0.02, gamma=1
t=0: E=8.797914592496e+01, Q=8.600000000000e+01, maxρ=2.156630e-01, σ=3.730386e+00, Rc=1.875847e+01
 step=     1  E=8.797912475096e+01  Q=8.600000000000e+01  λ=2.298409e+00  maxρ=2.156630e-01  minρ=1.000e-15  σ=3.730386e+00  Rc=1.875847e+01
 step=   300  E=8.711103113834e+01  Q=8.600000000000e+01  λ=2.194281e+00  maxρ=2.152972e-01  minρ=1.000e-15  σ=3.730381e+00  Rc=1.875847e+01
 step=   600  E=8.536582098510e+01  Q=8.600000000000e+01  λ=2.005919e+00  maxρ=2.142659e-01  minρ=1.000e-15  σ=3.730375e+00  Rc=1.875847e+01
 step=   900  E=8.434522389594e+01  Q=8.600000000000e+01  λ=1.946344e+00  maxρ=2.127405e-01  minρ=1.000e-15  σ=3.730374e+00  Rc=1.875847e+01
 step=  1200  E=8.473358210378e+01  Q=8.600000000000e+01  λ=2.055438e+00  maxρ=2.120008e-01  minρ=1.000e-15  σ=3.730380e+00  Rc=1.875847e+01
 step=  1500  E=8.577616536743e+01  Q=8.600000000000e+01  λ=2.173010e+00  maxρ=2.124533e-01  minρ=1.000e-15  σ=3.730382e+00  Rc=1.875846e+01
 step=  1800  E=8.630629240084e+01  Q=8.600000000000e+01  λ=2.157978e+00  maxρ=2.131344e-01  minρ=1.000e-15  σ=3.730377e+00  Rc=1.875846e+01
 step=  2100  E=8.599276340109e+01  Q=8.600000000000e+01  λ=2.054993e+00  maxρ=2.120508e-01  minρ=1.000e-15  σ=3.730371e+00  Rc=1.875846e+01
 step=  2400  E=8.544721053607e+01  Q=8.600000000000e+01  λ=2.008202e+00  maxρ=2.099657e-01  minρ=1.000e-15  σ=3.730372e+00  Rc=1.875846e+01
 step=  2700  E=8.531833537671e+01  Q=8.600000000000e+01  λ=2.064789e+00  maxρ=2.108160e-01  minρ=1.000e-15  σ=3.730379e+00  Rc=1.875846e+01
 step=  3000  E=8.558576094652e+01  Q=8.600000000000e+01  λ=2.131885e+00  maxρ=2.131283e-01  minρ=1.000e-15  σ=3.730382e+00  Rc=1.875846e+01
 step=  3300  E=8.578104556745e+01  Q=8.600000000000e+01  λ=2.118462e+00  maxρ=2.136747e-01  minρ=1.000e-15  σ=3.730377e+00  Rc=1.875846e+01
 step=  3600  E=8.565206540941e+01  Q=8.600000000000e+01  λ=2.051875e+00  maxρ=2.124310e-01  minρ=1.000e-15  σ=3.730371e+00  Rc=1.875846e+01
 step=  3900  E=8.539695097081e+01  Q=8.600000000000e+01  λ=2.022755e+00  maxρ=2.124323e-01  minρ=1.000e-15  σ=3.730371e+00  Rc=1.875846e+01
 step=  4200  E=8.530829338463e+01  Q=8.600000000000e+01  λ=2.057024e+00  maxρ=2.116947e-01  minρ=1.000e-15  σ=3.730378e+00  Rc=1.875846e+01
 step=  4500  E=8.540232066264e+01  Q=8.600000000000e+01  λ=2.093724e+00  maxρ=2.112502e-01  minρ=1.000e-15  σ=3.730382e+00  Rc=1.875846e+01
 step=  4800  E=8.548010163711e+01  Q=8.600000000000e+01  λ=2.080464e+00  maxρ=2.123224e-01  minρ=1.000e-15  σ=3.730378e+00  Rc=1.875846e+01
 step=  5100  E=8.543006043885e+01  Q=8.600000000000e+01  λ=2.041159e+00  maxρ=2.124106e-01  minρ=1.000e-15  σ=3.730372e+00  Rc=1.875846e+01
 step=  5400  E=8.533463082213e+01  Q=8.600000000000e+01  λ=2.030771e+00  maxρ=2.121621e-01  minρ=1.000e-15  σ=3.730370e+00  Rc=1.875845e+01
 step=  5700  E=8.530315106352e+01  Q=8.600000000000e+01  λ=2.056127e+00  maxρ=2.114399e-01  minρ=1.000e-15  σ=3.730373e+00  Rc=1.875845e+01
 step=  6000  E=8.532149731777e+01  Q=8.600000000000e+01  λ=2.074642e+00  maxρ=2.107073e-01  minρ=1.000e-15  σ=3.730375e+00  Rc=1.875845e+01
 >>> No runaway detected in this horizon. Likely stable (within this model & box).

STABILITY: PASS
