
=== Aggressive relaxation to Q = 931 ===
Initial: E=2.890095405553e+03, Q=9.310000000000e+02, dt=1.000e-04
 step=     1  E=2.889900885807e+03  Q=9.310000000000e+02  λ=6.176863e+00  dt=1.000e-04  relΔE=6.731e-05  ||F||=1.446e+00
 step=   500  E=2.676267946116e+03  Q=9.310000000000e+02  λ=5.706141e+00  dt=6.192e-04  relΔE=2.736e-04  ||F||=1.235e+00
 step=  1000  E=2.205458111142e+03  Q=9.310000000000e+02  λ=4.666318e+00  dt=9.584e-04  relΔE=2.722e-04  ||F||=8.987e-01
 step=  1500  E=1.906311290696e+03  Q=9.310000000000e+02  λ=4.009288e+00  dt=7.418e-04  relΔE=2.014e-04  ||F||=1.167e+00
 step=  2000  E=1.711118020963e+03  Q=9.310000000000e+02  λ=3.583051e+00  dt=1.148e-03  relΔE=2.001e-04  ||F||=6.201e-01
 step=  2500  E=1.559334461322e+03  Q=9.310000000000e+02  λ=3.253445e+00  dt=8.887e-04  relΔE=1.294e-04  ||F||=5.411e-01
 step=  3000  E=1.441685968059e+03  Q=9.310000000000e+02  λ=2.999577e+00  dt=1.376e-03  relΔE=1.712e-04  ||F||=4.813e-01
 step=  3500  E=1.349622417014e+03  Q=9.310000000000e+02  λ=2.801508e+00  dt=1.065e-03  relΔE=1.156e-04  ||F||=4.347e-01
 step=  4000  E=1.271458270543e+03  Q=9.310000000000e+02  λ=2.634055e+00  dt=8.241e-04  relΔE=7.924e-05  ||F||=3.970e-01
 step=  4500  E=1.206156176310e+03  Q=9.310000000000e+02  λ=2.494875e+00  dt=1.276e-03  relΔE=1.112e-04  ||F||=3.682e-01
 step=  5000  E=1.149552543630e+03  Q=9.310000000000e+02  λ=2.374554e+00  dt=9.873e-04  relΔE=8.067e-05  ||F||=3.480e-01
 step=  5500  E=1.096121415031e+03  Q=9.310000000000e+02  λ=2.261358e+00  dt=7.641e-04  relΔE=6.274e-05  ||F||=3.408e-01
 step=  6000  E=1.048387637599e+03  Q=9.310000000000e+02  λ=2.160357e+00  dt=1.183e-03  relΔE=9.308e-05  ||F||=3.261e-01
 step=  6500  E=1.001680110493e+03  Q=9.310000000000e+02  λ=2.060979e+00  dt=9.154e-04  relΔE=7.141e-05  ||F||=3.174e-01
 step=  7000  E=9.575888033687e+02  Q=9.310000000000e+02  λ=1.966452e+00  dt=1.417e-03  relΔE=1.051e-04  ||F||=3.150e-01
 step=  7500  E=9.202470474687e+02  Q=9.310000000000e+02  λ=1.885389e+00  dt=1.097e-03  relΔE=7.219e-05  ||F||=2.794e-01
 step=  8000  E=8.888122153922e+02  Q=9.310000000000e+02  λ=1.816443e+00  dt=8.488e-04  relΔE=4.479e-05  ||F||=2.459e-01
 step=  8500  E=8.656691678713e+02  Q=9.310000000000e+02  λ=1.765284e+00  dt=1.314e-03  relΔE=5.027e-05  ||F||=2.066e-01
 step=  9000  E=8.501911558002e+02  Q=9.310000000000e+02  λ=1.730778e+00  dt=1.017e-03  relΔE=2.600e-05  ||F||=1.674e-01
 step=  9500  E=8.400664034013e+02  Q=9.310000000000e+02  λ=1.708080e+00  dt=7.871e-04  relΔE=1.240e-05  ||F||=1.306e-01
 step= 10000  E=8.342413261242e+02  Q=9.310000000000e+02  λ=1.694964e+00  dt=1.218e-03  relΔE=1.130e-05  ||F||=9.987e-02
 step= 10500  E=8.308374603552e+02  Q=9.310000000000e+02  λ=1.687245e+00  dt=9.430e-04  relΔE=4.954e-06  ||F||=7.499e-02
 step= 11000  E=8.288996312903e+02  Q=9.310000000000e+02  λ=1.682835e+00  dt=1.460e-03  relΔE=3.725e-06  ||F||=1.766e-01
 step= 11500  E=8.279015143358e+02  Q=9.310000000000e+02  λ=1.680522e+00  dt=1.130e-03  relΔE=1.777e-06  ||F||=4.095e-02
 step= 12000  E=8.273381502357e+02  Q=9.310000000000e+02  λ=1.679206e+00  dt=8.744e-04  relΔE=7.317e-07  ||F||=2.985e-02
 step= 12500  E=8.270401947127e+02  Q=9.310000000000e+02  λ=1.678497e+00  dt=1.353e-03  relΔE=5.990e-07  ||F||=2.170e-02
 step= 13000  E=8.268859455810e+02  Q=9.310000000000e+02  λ=1.678120e+00  dt=1.048e-03  relΔE=2.480e-07  ||F||=1.586e-02
 step= 13500  E=8.268014725838e+02  Q=9.310000000000e+02  λ=1.677907e+00  dt=8.108e-04  relΔE=1.004e-07  ||F||=1.146e-02
 step= 14000  E=8.267580517277e+02  Q=9.310000000000e+02  λ=1.677791e+00  dt=1.255e-03  relΔE=8.228e-08  ||F||=8.333e-03
 step= 14500  E=8.267350495267e+02  Q=9.310000000000e+02  λ=1.677726e+00  dt=9.713e-04  relΔE=3.389e-08  ||F||=6.072e-03
 step= 15000  E=8.267224567221e+02  Q=9.310000000000e+02  λ=1.677688e+00  dt=7.518e-04  relΔE=1.536e-08  ||F||=4.667e-03
 step= 15500  E=8.267161077355e+02  Q=9.310000000000e+02  λ=1.677666e+00  dt=1.164e-03  relΔE=1.161e-08  ||F||=3.238e-03
 step= 16000  E=8.267125246829e+02  Q=9.310000000000e+02  λ=1.677653e+00  dt=9.007e-04  relΔE=4.873e-09  ||F||=2.381e-03
 step= 16500  E=8.267105550452e+02  Q=9.310000000000e+02  λ=1.677645e+00  dt=1.394e-03  relΔE=4.154e-09  ||F||=1.777e-03
 step= 17000  E=8.267094861708e+02  Q=9.310000000000e+02  λ=1.677640e+00  dt=1.079e-03  relΔE=1.854e-09  ||F||=1.339e-03
 step= 17500  E=8.267088460701e+02  Q=9.310000000000e+02  λ=1.677636e+00  dt=8.352e-04  relΔE=8.413e-10  ||F||=1.026e-03
 step= 18000  E=8.267084671471e+02  Q=9.310000000000e+02  λ=1.677634e+00  dt=1.293e-03  relΔE=7.978e-10  ||F||=8.056e-04
 step= 18500  E=8.267082329169e+02  Q=9.310000000000e+02  λ=1.677633e+00  dt=1.001e-03  relΔE=3.975e-10  ||F||=6.499e-04
 step= 19000  E=8.267080742780e+02  Q=9.310000000000e+02  λ=1.677632e+00  dt=7.744e-04  relΔE=2.072e-10  ||F||=5.381e-04
 step= 19500  E=8.267079710519e+02  Q=9.310000000000e+02  λ=1.677632e+00  dt=1.199e-03  relΔE=2.208e-10  ||F||=4.512e-04
 step= 20000  E=8.267078962644e+02  Q=9.310000000000e+02  λ=1.677632e+00  dt=9.278e-04  relΔE=1.228e-10  ||F||=3.877e-04
 step= 20500  E=8.267078407214e+02  Q=9.310000000000e+02  λ=1.677632e+00  dt=1.436e-03  relΔE=1.383e-10  ||F||=4.459e-04
 step= 21000  E=8.267078013156e+02  Q=9.310000000000e+02  λ=1.677632e+00  dt=1.112e-03  relΔE=8.188e-11  ||F||=2.982e-04
 step= 21500  E=8.267077702331e+02  Q=9.310000000000e+02  λ=1.677632e+00  dt=8.603e-04  relΔE=4.822e-11  ||F||=2.647e-04
 step= 22000  E=8.267077465921e+02  Q=9.310000000000e+02  λ=1.677632e+00  dt=1.332e-03  relΔE=5.732e-11  ||F||=2.364e-04
 step= 22500  E=8.267077287246e+02  Q=9.310000000000e+02  λ=1.677632e+00  dt=1.031e-03  relΔE=3.441e-11  ||F||=2.123e-04
 step= 23000  E=8.267077144413e+02  Q=9.310000000000e+02  λ=1.677633e+00  dt=7.977e-04  relΔE=2.056e-11  ||F||=1.907e-04
 step= 23500  E=8.267077037278e+02  Q=9.310000000000e+02  λ=1.677633e+00  dt=1.235e-03  relΔE=2.457e-11  ||F||=1.717e-04
 step= 24000  E=8.267076954003e+02  Q=9.310000000000e+02  λ=1.677633e+00  dt=9.557e-04  relΔE=1.465e-11  ||F||=1.548e-04
 step= 24500  E=8.267076888237e+02  Q=9.310000000000e+02  λ=1.677633e+00  dt=1.479e-03  relΔE=3.552e-12  ||F||=9.292e-04
 step= 25000  E=8.267076840744e+02  Q=9.310000000000e+02  λ=1.677634e+00  dt=1.145e-03  relΔE=1.017e-11  ||F||=1.259e-04
 step= 25500  E=8.267076803559e+02  Q=9.310000000000e+02  λ=1.677634e+00  dt=8.861e-04  relΔE=5.887e-12  ||F||=1.136e-04
 step= 26000  E=8.267076775928e+02  Q=9.310000000000e+02  λ=1.677634e+00  dt=1.372e-03  relΔE=6.700e-12  ||F||=1.024e-04
 step= 26500  E=8.267076756271e+02  Q=9.310000000000e+02  λ=1.677634e+00  dt=1.062e-03  relΔE=3.762e-12  ||F||=9.262e-05
 step= 27000  E=8.267076741836e+02  Q=9.310000000000e+02  λ=1.677634e+00  dt=8.217e-04  relΔE=2.030e-12  ||F||=8.354e-05
 step= 27500  E=8.267076732130e+02  Q=9.310000000000e+02  λ=1.677635e+00  dt=1.272e-03  relΔE=2.096e-12  ||F||=7.546e-05
 step= 28000  E=8.267076725891e+02  Q=9.310000000000e+02  λ=1.677635e+00  dt=9.844e-04  relΔE=1.005e-12  ||F||=6.821e-05
 step= 28500  E=8.267076722161e+02  Q=9.310000000000e+02  λ=1.677635e+00  dt=7.619e-04  relΔE=4.152e-13  ||F||=6.162e-05
 step= 29000  E=8.267076720583e+02  Q=9.310000000000e+02  λ=1.677635e+00  dt=1.179e-03  relΔE=2.013e-13  ||F||=5.564e-05
  !! dt fell below dt_min: stiffness-limited termination.

Stationary candidate (aggressive): E=8.267076720350e+02, Q=9.310000000000e+02, maxρ=8.763992e-01

=== Stability test (damped inertial dynamics) ===
Perturb eps=0.02, gamma=1
t=0: E=8.717837217882e+02, Q=9.310000000000e+02, maxρ=9.044687e-01, σ=2.437668e+00, Rc=1.886822e+01
 step=     1  E=8.717834961375e+02  Q=9.310000000000e+02  λ=2.061144e+00  maxρ=9.044687e-01  minρ=1.000e-15  σ=2.437668e+00  Rc=1.886822e+01
 step=   300  E=8.625292951706e+02  Q=9.310000000000e+02  λ=1.959273e+00  maxρ=9.029341e-01  minρ=1.000e-15  σ=2.437664e+00  Rc=1.886822e+01
 step=   600  E=8.438969994567e+02  Q=9.310000000000e+02  λ=1.774585e+00  maxρ=8.986075e-01  minρ=1.000e-15  σ=2.437658e+00  Rc=1.886822e+01
 step=   900  E=8.329371525732e+02  Q=9.310000000000e+02  λ=1.715192e+00  maxρ=8.922089e-01  minρ=1.000e-15  σ=2.437656e+00  Rc=1.886822e+01
 step=  1200  E=8.369975947474e+02  Q=9.310000000000e+02  λ=1.821037e+00  maxρ=8.890521e-01  minρ=1.000e-15  σ=2.437659e+00  Rc=1.886821e+01
 step=  1500  E=8.481143869791e+02  Q=9.310000000000e+02  λ=1.936630e+00  maxρ=8.941999e-01  minρ=1.000e-15  σ=2.437661e+00  Rc=1.886821e+01
 step=  1800  E=8.538453822801e+02  Q=9.310000000000e+02  λ=1.923541e+00  maxρ=8.970632e-01  minρ=1.000e-15  σ=2.437660e+00  Rc=1.886821e+01
 step=  2100  E=8.505593927742e+02  Q=9.310000000000e+02  λ=1.823497e+00  maxρ=8.924981e-01  minρ=1.000e-15  σ=2.437656e+00  Rc=1.886821e+01
 step=  2400  E=8.447106758044e+02  Q=9.310000000000e+02  λ=1.776488e+00  maxρ=8.836357e-01  minρ=1.000e-15  σ=2.437656e+00  Rc=1.886821e+01
 step=  2700  E=8.432766763272e+02  Q=9.310000000000e+02  λ=1.830166e+00  maxρ=8.854314e-01  minρ=1.000e-15  σ=2.437659e+00  Rc=1.886821e+01
 step=  3000  E=8.461470071542e+02  Q=9.310000000000e+02  λ=1.895933e+00  maxρ=8.948871e-01  minρ=1.000e-15  σ=2.437660e+00  Rc=1.886821e+01
 step=  3300  E=8.483247628605e+02  Q=9.310000000000e+02  λ=1.884754e+00  maxρ=8.971729e-01  minρ=1.000e-15  σ=2.437657e+00  Rc=1.886821e+01
 step=  3600  E=8.470000103178e+02  Q=9.310000000000e+02  λ=1.820956e+00  maxρ=8.955524e-01  minρ=1.000e-15  σ=2.437653e+00  Rc=1.886821e+01
 step=  3900  E=8.442054502629e+02  Q=9.310000000000e+02  λ=1.791414e+00  maxρ=8.955580e-01  minρ=1.000e-15  σ=2.437654e+00  Rc=1.886820e+01
 step=  4200  E=8.431417732428e+02  Q=9.310000000000e+02  λ=1.822723e+00  maxρ=8.924489e-01  minρ=1.000e-15  σ=2.437658e+00  Rc=1.886820e+01
 step=  4500  E=8.441309192513e+02  Q=9.310000000000e+02  λ=1.857976e+00  maxρ=8.900958e-01  minρ=1.000e-15  σ=2.437659e+00  Rc=1.886820e+01
 step=  4800  E=8.450752569385e+02  Q=9.310000000000e+02  λ=1.846651e+00  maxρ=8.936728e-01  minρ=1.000e-15  σ=2.437655e+00  Rc=1.886820e+01
 step=  5100  E=8.446424073354e+02  Q=9.310000000000e+02  λ=1.809986e+00  maxρ=8.949830e-01  minρ=1.000e-15  σ=2.437651e+00  Rc=1.886820e+01
 step=  5400  E=8.435761287778e+02  Q=9.310000000000e+02  λ=1.799499e+00  maxρ=8.939366e-01  minρ=1.000e-15  σ=2.437650e+00  Rc=1.886819e+01
 step=  5700  E=8.430879893261e+02  Q=9.310000000000e+02  λ=1.822356e+00  maxρ=8.908957e-01  minρ=1.000e-15  σ=2.437654e+00  Rc=1.886819e+01
 step=  6000  E=8.432090197703e+02  Q=9.310000000000e+02  λ=1.839376e+00  maxρ=8.874091e-01  minρ=1.000e-15  σ=2.437655e+00  Rc=1.886818e+01
 >>> No runaway detected in this horizon. Likely stable (within this model & box).

STABILITY: PASS
