
=== Aggressive relaxation to Q = 1406 ===
Initial: E=4.366341085362e+03, Q=1.406000000000e+03, dt=1.000e-04
 step=     1  E=4.366036866281e+03  Q=1.406000000000e+03  λ=6.264061e+00  dt=1.000e-04  relΔE=6.967e-05  ||F||=1.471e+00
 step=   500  E=4.030510381975e+03  Q=1.406000000000e+03  λ=5.758053e+00  dt=6.192e-04  relΔE=2.859e-04  ||F||=1.261e+00
 step=  1000  E=3.292976854460e+03  Q=1.406000000000e+03  λ=4.651786e+00  dt=9.584e-04  relΔE=2.813e-04  ||F||=9.084e-01
 step=  1500  E=2.835916031884e+03  Q=1.406000000000e+03  λ=3.972983e+00  dt=7.418e-04  relΔE=2.028e-04  ||F||=1.150e+00
 step=  2000  E=2.541368488311e+03  Q=1.406000000000e+03  λ=3.538888e+00  dt=1.148e-03  relΔE=2.023e-04  ||F||=6.183e-01
 step=  2500  E=2.316995954646e+03  Q=1.406000000000e+03  λ=3.210352e+00  dt=7.406e-04  relΔE=1.087e-04  ||F||=5.388e-01
 step=  3000  E=2.146073256357e+03  Q=1.406000000000e+03  λ=2.961957e+00  dt=1.146e-03  relΔE=1.437e-04  ||F||=4.792e-01
 step=  3500  E=2.006570131927e+03  Q=1.406000000000e+03  λ=2.760004e+00  dt=7.394e-04  relΔE=8.039e-05  ||F||=4.316e-01
 step=  4000  E=1.894001337485e+03  Q=1.406000000000e+03  λ=2.598050e+00  dt=1.145e-03  relΔE=1.100e-04  ||F||=3.942e-01
 step=  4500  E=1.795830513174e+03  Q=1.406000000000e+03  λ=2.457281e+00  dt=8.858e-04  relΔE=7.676e-05  ||F||=3.645e-01
 step=  5000  E=1.710587252193e+03  Q=1.406000000000e+03  λ=2.335736e+00  dt=1.371e-03  relΔE=1.105e-04  ||F||=3.433e-01
 step=  5500  E=1.635535950277e+03  Q=1.406000000000e+03  λ=2.228929e+00  dt=1.061e-03  relΔE=8.264e-05  ||F||=3.297e-01
 step=  6000  E=1.562965081274e+03  Q=1.406000000000e+03  λ=2.125740e+00  dt=8.214e-04  relΔE=6.373e-05  ||F||=3.217e-01
 step=  6500  E=1.494527679299e+03  Q=1.406000000000e+03  λ=2.028252e+00  dt=1.271e-03  relΔE=9.886e-05  ||F||=3.150e-01
 step=  7000  E=1.430013501990e+03  Q=1.406000000000e+03  λ=1.935755e+00  dt=9.841e-04  relΔE=7.460e-05  ||F||=3.042e-01
 step=  7500  E=1.369568708862e+03  Q=1.406000000000e+03  λ=1.848783e+00  dt=7.616e-04  relΔE=5.521e-05  ||F||=2.914e-01
 step=  8000  E=1.321745274687e+03  Q=1.406000000000e+03  λ=1.780127e+00  dt=1.179e-03  relΔE=6.693e-05  ||F||=2.531e-01
 step=  8500  E=1.284370367220e+03  Q=1.406000000000e+03  λ=1.726844e+00  dt=9.125e-04  relΔE=3.828e-05  ||F||=2.145e-01
 step=  9000  E=1.258399262904e+03  Q=1.406000000000e+03  λ=1.690434e+00  dt=1.412e-03  relΔE=3.947e-05  ||F||=1.785e-01
 step=  9500  E=1.242535789228e+03  Q=1.406000000000e+03  λ=1.668654e+00  dt=1.093e-03  relΔE=1.921e-05  ||F||=1.365e-01
 step= 10000  E=1.232678286198e+03  Q=1.406000000000e+03  λ=1.655526e+00  dt=8.461e-04  relΔE=8.705e-06  ||F||=1.040e-01
 step= 10500  E=1.227076802239e+03  Q=1.406000000000e+03  λ=1.648370e+00  dt=1.310e-03  relΔE=7.612e-06  ||F||=7.801e-02
 step= 11000  E=1.224004908178e+03  Q=1.406000000000e+03  λ=1.644641e+00  dt=1.014e-03  relΔE=3.281e-06  ||F||=5.814e-02
 step= 11500  E=1.222264588153e+03  Q=1.406000000000e+03  λ=1.642672e+00  dt=7.845e-04  relΔE=1.374e-06  ||F||=4.273e-02
 step= 12000  E=1.221360898329e+03  Q=1.406000000000e+03  λ=1.641739e+00  dt=1.214e-03  relΔE=1.151e-06  ||F||=3.141e-02
 step= 12500  E=1.220862785339e+03  Q=1.406000000000e+03  λ=1.641278e+00  dt=9.399e-04  relΔE=4.806e-07  ||F||=2.306e-02
 step= 13000  E=1.220588248986e+03  Q=1.406000000000e+03  λ=1.641057e+00  dt=1.455e-03  relΔE=3.550e-07  ||F||=5.457e-02
 step= 13500  E=1.220446875213e+03  Q=1.406000000000e+03  λ=1.640955e+00  dt=1.126e-03  relΔE=1.717e-07  ||F||=1.259e-02
 step= 14000  E=1.220365017683e+03  Q=1.406000000000e+03  λ=1.640899e+00  dt=8.715e-04  relΔE=7.406e-08  ||F||=9.393e-03
 step= 14500  E=1.220318826412e+03  Q=1.406000000000e+03  λ=1.640865e+00  dt=1.349e-03  relΔE=6.577e-08  ||F||=7.115e-03
 step= 15000  E=1.220292422079e+03  Q=1.406000000000e+03  λ=1.640838e+00  dt=1.044e-03  relΔE=3.066e-08  ||F||=5.522e-03
 step= 15500  E=1.220275776520e+03  Q=1.406000000000e+03  λ=1.640812e+00  dt=8.081e-04  relΔE=1.471e-08  ||F||=4.350e-03
 step= 16000  E=1.220265464036e+03  Q=1.406000000000e+03  λ=1.640788e+00  dt=1.251e-03  relΔE=1.488e-08  ||F||=3.520e-03
 step= 16500  E=1.220258556452e+03  Q=1.406000000000e+03  λ=1.640763e+00  dt=9.682e-04  relΔE=7.882e-09  ||F||=2.915e-03
 step= 17000  E=1.220253594012e+03  Q=1.406000000000e+03  λ=1.640739e+00  dt=7.493e-04  relΔE=4.883e-09  ||F||=2.674e-03
 step= 17500  E=1.220250204422e+03  Q=1.406000000000e+03  λ=1.640716e+00  dt=1.160e-03  relΔE=4.932e-09  ||F||=2.115e-03
 step= 18000  E=1.220247579189e+03  Q=1.406000000000e+03  λ=1.640694e+00  dt=8.978e-04  relΔE=2.875e-09  ||F||=1.839e-03
 step= 18500  E=1.220245574880e+03  Q=1.406000000000e+03  λ=1.640674e+00  dt=1.390e-03  relΔE=3.412e-09  ||F||=1.618e-03
 step= 19000  E=1.220244069765e+03  Q=1.406000000000e+03  λ=1.640655e+00  dt=1.076e-03  relΔE=2.070e-09  ||F||=1.432e-03
 step= 19500  E=1.220242850393e+03  Q=1.406000000000e+03  λ=1.640638e+00  dt=8.324e-04  relΔE=1.259e-09  ||F||=1.273e-03
 step= 20000  E=1.220241899836e+03  Q=1.406000000000e+03  λ=1.640622e+00  dt=1.289e-03  relΔE=1.542e-09  ||F||=1.136e-03
 step= 20500  E=1.220241155211e+03  Q=1.406000000000e+03  λ=1.640608e+00  dt=9.973e-04  relΔE=9.529e-10  ||F||=1.018e-03
 step= 21000  E=1.220240538783e+03  Q=1.406000000000e+03  λ=1.640595e+00  dt=7.719e-04  relΔE=5.954e-10  ||F||=9.172e-04
 step= 21500  E=1.220240068642e+03  Q=1.406000000000e+03  λ=1.640583e+00  dt=1.195e-03  relΔE=7.274e-10  ||F||=8.176e-04
 step= 22000  E=1.220239683404e+03  Q=1.406000000000e+03  λ=1.640573e+00  dt=9.248e-04  relΔE=4.502e-10  ||F||=7.338e-04
 step= 22500  E=1.220239369734e+03  Q=1.406000000000e+03  λ=1.640563e+00  dt=1.431e-03  relΔE=5.538e-10  ||F||=7.301e-04
 step= 23000  E=1.220239130154e+03  Q=1.406000000000e+03  λ=1.640555e+00  dt=1.108e-03  relΔE=3.458e-10  ||F||=5.925e-04
 step= 23500  E=1.220238931117e+03  Q=1.406000000000e+03  λ=1.640548e+00  dt=8.575e-04  relΔE=2.137e-10  ||F||=5.320e-04
 step= 24000  E=1.220238772856e+03  Q=1.406000000000e+03  λ=1.640541e+00  dt=1.327e-03  relΔE=2.641e-10  ||F||=4.779e-04
 step= 24500  E=1.220238648843e+03  Q=1.406000000000e+03  λ=1.640535e+00  dt=1.027e-03  relΔE=1.638e-10  ||F||=4.303e-04
 step= 25000  E=1.220238548838e+03  Q=1.406000000000e+03  λ=1.640530e+00  dt=1.325e-03  relΔE=1.689e-10  ||F||=3.873e-04
 step= 25500  E=1.220238469598e+03  Q=1.406000000000e+03  λ=1.640525e+00  dt=1.026e-03  relΔE=1.045e-10  ||F||=3.489e-04
 step= 26000  E=1.220238404150e+03  Q=1.406000000000e+03  λ=1.640521e+00  dt=7.938e-04  relΔE=6.456e-11  ||F||=3.142e-04
 step= 26500  E=1.220238353977e+03  Q=1.406000000000e+03  λ=1.640517e+00  dt=1.229e-03  relΔE=7.900e-11  ||F||=2.821e-04
 step= 27000  E=1.220238313608e+03  Q=1.406000000000e+03  λ=1.640513e+00  dt=9.510e-04  relΔE=4.845e-11  ||F||=2.538e-04
 step= 27500  E=1.220238280834e+03  Q=1.406000000000e+03  λ=1.640510e+00  dt=1.472e-03  relΔE=3.141e-11  ||F||=1.307e-03
 step= 28000  E=1.220238256368e+03  Q=1.406000000000e+03  λ=1.640507e+00  dt=1.139e-03  relΔE=3.611e-11  ||F||=2.054e-04
 step= 28500  E=1.220238236383e+03  Q=1.406000000000e+03  λ=1.640505e+00  dt=8.818e-04  relΔE=2.188e-11  ||F||=1.846e-04
 step= 29000  E=1.220238220738e+03  Q=1.406000000000e+03  λ=1.640503e+00  dt=1.365e-03  relΔE=2.637e-11  ||F||=1.660e-04
 step= 29500  E=1.220238208883e+03  Q=1.406000000000e+03  λ=1.640501e+00  dt=1.056e-03  relΔE=1.592e-11  ||F||=1.496e-04
 step= 30000  E=1.220238199398e+03  Q=1.406000000000e+03  λ=1.640499e+00  dt=8.177e-04  relΔE=9.484e-12  ||F||=1.344e-04
 step= 30500  E=1.220238192260e+03  Q=1.406000000000e+03  λ=1.640497e+00  dt=1.266e-03  relΔE=1.122e-11  ||F||=1.209e-04
 step= 31000  E=1.220238186852e+03  Q=1.406000000000e+03  λ=1.640496e+00  dt=9.796e-04  relΔE=6.597e-12  ||F||=1.089e-04
 step= 31500  E=1.220238182628e+03  Q=1.406000000000e+03  λ=1.640494e+00  dt=7.582e-04  relΔE=4.052e-12  ||F||=9.967e-05
 step= 32000  E=1.220238179663e+03  Q=1.406000000000e+03  λ=1.640493e+00  dt=1.174e-03  relΔE=4.339e-12  ||F||=8.818e-05
 step= 32500  E=1.220238177428e+03  Q=1.406000000000e+03  λ=1.640492e+00  dt=9.084e-04  relΔE=2.407e-12  ||F||=7.929e-05
 step= 33000  E=1.220238175836e+03  Q=1.406000000000e+03  λ=1.640491e+00  dt=1.406e-03  relΔE=2.574e-12  ||F||=7.153e-05
 step= 33500  E=1.220238174792e+03  Q=1.406000000000e+03  λ=1.640490e+00  dt=1.088e-03  relΔE=1.328e-12  ||F||=6.423e-05
 step= 34000  E=1.220238174104e+03  Q=1.406000000000e+03  λ=1.640490e+00  dt=8.423e-04  relΔE=6.222e-13  ||F||=5.774e-05
 step= 34500  E=1.220238173716e+03  Q=1.406000000000e+03  λ=1.640489e+00  dt=1.304e-03  relΔE=4.897e-13  ||F||=5.194e-05
 step= 35000  E=1.220238173552e+03  Q=1.406000000000e+03  λ=1.640488e+00  dt=1.009e-03  relΔE=1.096e-13  ||F||=4.682e-05
  !! dt fell below dt_min: stiffness-limited termination.

Stationary candidate (aggressive): E=1.220238173534e+03, Q=1.406000000000e+03, maxρ=1.048777e+00

=== Stability test (damped inertial dynamics) ===
Perturb eps=0.02, gamma=1
t=0: E=1.288435456768e+03, Q=1.406000000000e+03, maxρ=1.083959e+00, σ=2.466602e+00, Rc=1.886118e+01
 step=     1  E=1.288435115305e+03  Q=1.406000000000e+03  λ=2.024736e+00  maxρ=1.083959e+00  minρ=1.000e-15  σ=2.466602e+00  Rc=1.886118e+01
 step=   300  E=1.274431245458e+03  Q=1.406000000000e+03  λ=1.922653e+00  maxρ=1.082119e+00  minρ=1.000e-15  σ=2.466598e+00  Rc=1.886118e+01
 step=   600  E=1.246235523924e+03  Q=1.406000000000e+03  λ=1.737597e+00  maxρ=1.076931e+00  minρ=1.000e-15  σ=2.466592e+00  Rc=1.886119e+01
 step=   900  E=1.229649327914e+03  Q=1.406000000000e+03  λ=1.678117e+00  maxρ=1.069259e+00  minρ=1.000e-15  σ=2.466591e+00  Rc=1.886118e+01
 step=  1200  E=1.235793995276e+03  Q=1.406000000000e+03  λ=1.784198e+00  maxρ=1.065519e+00  minρ=1.000e-15  σ=2.466594e+00  Rc=1.886118e+01
 step=  1500  E=1.252622653894e+03  Q=1.406000000000e+03  λ=1.899989e+00  maxρ=1.070598e+00  minρ=1.000e-15  σ=2.466596e+00  Rc=1.886117e+01
 step=  1800  E=1.261308618588e+03  Q=1.406000000000e+03  λ=1.886824e+00  maxρ=1.074025e+00  minρ=1.000e-15  σ=2.466594e+00  Rc=1.886117e+01
 step=  2100  E=1.256348861651e+03  Q=1.406000000000e+03  λ=1.786608e+00  maxρ=1.068558e+00  minρ=1.000e-15  σ=2.466591e+00  Rc=1.886117e+01
 step=  2400  E=1.247495762757e+03  Q=1.406000000000e+03  λ=1.739611e+00  maxρ=1.057485e+00  minρ=1.000e-15  σ=2.466591e+00  Rc=1.886117e+01
 step=  2700  E=1.245302183847e+03  Q=1.406000000000e+03  λ=1.793438e+00  maxρ=1.060186e+00  minρ=1.000e-15  σ=2.466594e+00  Rc=1.886117e+01
 step=  3000  E=1.249616284923e+03  Q=1.406000000000e+03  λ=1.859220e+00  maxρ=1.072488e+00  minρ=1.000e-15  σ=2.466594e+00  Rc=1.886117e+01
 step=  3300  E=1.252903157091e+03  Q=1.406000000000e+03  λ=1.847847e+00  maxρ=1.075225e+00  minρ=1.000e-15  σ=2.466591e+00  Rc=1.886117e+01
 step=  3600  E=1.250921395317e+03  Q=1.406000000000e+03  λ=1.783912e+00  maxρ=1.071715e+00  minρ=1.000e-15  σ=2.466587e+00  Rc=1.886117e+01
 step=  3900  E=1.246725991668e+03  Q=1.406000000000e+03  λ=1.754504e+00  maxρ=1.071718e+00  minρ=1.000e-15  σ=2.466588e+00  Rc=1.886117e+01
 step=  4200  E=1.245126112364e+03  Q=1.406000000000e+03  λ=1.786054e+00  maxρ=1.067992e+00  minρ=1.000e-15  σ=2.466592e+00  Rc=1.886116e+01
 step=  4500  E=1.246598121793e+03  Q=1.406000000000e+03  λ=1.821317e+00  maxρ=1.065354e+00  minρ=1.000e-15  σ=2.466593e+00  Rc=1.886116e+01
 step=  4800  E=1.247994194222e+03  Q=1.406000000000e+03  λ=1.809733e+00  maxρ=1.069916e+00  minρ=1.000e-15  σ=2.466589e+00  Rc=1.886116e+01
 step=  5100  E=1.247334071178e+03  Q=1.406000000000e+03  λ=1.772866e+00  maxρ=1.071192e+00  minρ=1.000e-15  σ=2.466585e+00  Rc=1.886116e+01
 step=  5400  E=1.245749105954e+03  Q=1.406000000000e+03  λ=1.762501e+00  maxρ=1.069931e+00  minρ=1.000e-15  σ=2.466584e+00  Rc=1.886115e+01
 step=  5700  E=1.245041805168e+03  Q=1.406000000000e+03  λ=1.785650e+00  maxρ=1.066282e+00  minρ=1.000e-15  σ=2.466588e+00  Rc=1.886115e+01
 step=  6000  E=1.245225538782e+03  Q=1.406000000000e+03  λ=1.802761e+00  maxρ=1.062163e+00  minρ=1.000e-15  σ=2.466589e+00  Rc=1.886114e+01
 >>> No runaway detected in this horizon. Likely stable (within this model & box).

STABILITY: PASS
