
=== Aggressive relaxation to Q = 1817 ===
Initial: E=5.664185485145e+03, Q=1.817000000000e+03, dt=1.000e-04
 step=     1  E=5.663775057389e+03  Q=1.817000000000e+03  λ=6.371825e+00  dt=1.000e-04  relΔE=7.246e-05  ||F||=1.503e+00
 step=   500  E=5.211299262827e+03  Q=1.817000000000e+03  λ=5.825129e+00  dt=6.192e-04  relΔE=2.977e-04  ||F||=1.287e+00
 step=  1000  E=4.223501936179e+03  Q=1.817000000000e+03  λ=4.652895e+00  dt=9.584e-04  relΔE=2.890e-04  ||F||=9.174e-01
 step=  1500  E=3.625306340918e+03  Q=1.817000000000e+03  λ=3.980261e+00  dt=6.182e-04  relΔE=5.734e-04  ||F||=7.623e+00
 step=  2000  E=3.251579553194e+03  Q=1.817000000000e+03  λ=3.521037e+00  dt=9.569e-04  relΔE=1.713e-04  ||F||=6.201e-01
 step=  2500  E=2.952892700967e+03  Q=1.817000000000e+03  λ=3.186871e+00  dt=1.481e-03  relΔE=2.376e-05  ||F||=4.647e+00
 step=  3000  E=2.735061684849e+03  Q=1.817000000000e+03  λ=2.929620e+00  dt=1.146e-03  relΔE=1.441e-04  ||F||=4.766e-01
 step=  3500  E=2.554955056578e+03  Q=1.817000000000e+03  λ=2.725318e+00  dt=8.873e-04  relΔE=9.633e-05  ||F||=4.281e-01
 step=  4000  E=2.407701175127e+03  Q=1.817000000000e+03  λ=2.559385e+00  dt=1.373e-03  relΔE=1.312e-04  ||F||=3.900e-01
 step=  4500  E=2.286959399018e+03  Q=1.817000000000e+03  λ=2.423799e+00  dt=1.063e-03  relΔE=9.168e-05  ||F||=3.610e-01
 step=  5000  E=2.178569302922e+03  Q=1.817000000000e+03  λ=2.302642e+00  dt=8.227e-04  relΔE=6.610e-05  ||F||=3.400e-01
 step=  5500  E=2.082025486088e+03  Q=1.817000000000e+03  λ=2.195181e+00  dt=1.274e-03  relΔE=9.880e-05  ||F||=3.266e-01
 step=  6000  E=1.991908256259e+03  Q=1.817000000000e+03  λ=2.094771e+00  dt=9.857e-04  relΔE=7.641e-05  ||F||=3.194e-01
 step=  6500  E=1.901906631998e+03  Q=1.817000000000e+03  λ=1.994252e+00  dt=7.629e-04  relΔE=6.152e-05  ||F||=3.185e-01
 step=  7000  E=1.820301371303e+03  Q=1.817000000000e+03  λ=1.903005e+00  dt=1.181e-03  relΔE=9.035e-05  ||F||=3.033e-01
 step=  7500  E=1.744301713266e+03  Q=1.817000000000e+03  λ=1.818229e+00  dt=9.140e-04  relΔE=6.339e-05  ||F||=2.827e-01
 step=  8000  E=1.680622115873e+03  Q=1.817000000000e+03  λ=1.748276e+00  dt=1.415e-03  relΔE=7.962e-05  ||F||=2.575e-01
 step=  8500  E=1.634854668589e+03  Q=1.817000000000e+03  λ=1.699211e+00  dt=1.095e-03  relΔE=4.527e-05  ||F||=2.113e-01
 step=  9000  E=1.602681530036e+03  Q=1.817000000000e+03  λ=1.665998e+00  dt=8.475e-04  relΔE=2.313e-05  ||F||=1.700e-01
 step=  9500  E=1.582638729874e+03  Q=1.817000000000e+03  λ=1.646335e+00  dt=1.312e-03  relΔE=2.199e-05  ||F||=1.324e-01
 step= 10000  E=1.570931191619e+03  Q=1.817000000000e+03  λ=1.635533e+00  dt=1.015e-03  relΔE=1.004e-05  ||F||=1.013e-01
 step= 10500  E=1.563979945522e+03  Q=1.817000000000e+03  λ=1.629620e+00  dt=7.858e-04  relΔE=4.382e-06  ||F||=7.590e-02
 step= 11000  E=1.560251752794e+03  Q=1.817000000000e+03  λ=1.626765e+00  dt=1.216e-03  relΔE=3.775e-06  ||F||=5.654e-02
 step= 11500  E=1.558148811151e+03  Q=1.817000000000e+03  λ=1.625346e+00  dt=9.414e-04  relΔE=1.614e-06  ||F||=4.199e-02
 step= 12000  E=1.556963302348e+03  Q=1.817000000000e+03  λ=1.624662e+00  dt=1.457e-03  relΔE=1.287e-06  ||F||=7.432e-02
 step= 12500  E=1.556341747063e+03  Q=1.817000000000e+03  λ=1.624349e+00  dt=1.128e-03  relΔE=5.987e-07  ||F||=2.335e-02
 step= 13000  E=1.555974663146e+03  Q=1.817000000000e+03  λ=1.624177e+00  dt=8.730e-04  relΔE=2.633e-07  ||F||=1.759e-02
 step= 13500  E=1.555763796275e+03  Q=1.817000000000e+03  λ=1.624066e+00  dt=1.351e-03  relΔE=2.390e-07  ||F||=1.347e-02
 step= 14000  E=1.555640341370e+03  Q=1.817000000000e+03  λ=1.623976e+00  dt=1.046e-03  relΔE=1.141e-07  ||F||=1.058e-02
 step= 14500  E=1.555560697346e+03  Q=1.817000000000e+03  λ=1.623886e+00  dt=8.095e-04  relΔE=5.611e-08  ||F||=8.436e-03
 step= 15000  E=1.555510062067e+03  Q=1.817000000000e+03  λ=1.623798e+00  dt=1.253e-03  relΔE=5.814e-08  ||F||=6.904e-03
 step= 15500  E=1.555475357887e+03  Q=1.817000000000e+03  λ=1.623709e+00  dt=9.698e-04  relΔE=3.146e-08  ||F||=5.776e-03
 step= 16000  E=1.555449933258e+03  Q=1.817000000000e+03  λ=1.623619e+00  dt=7.506e-04  relΔE=1.905e-08  ||F||=5.132e-03
 step= 16500  E=1.555432260114e+03  Q=1.817000000000e+03  λ=1.623537e+00  dt=1.162e-03  relΔE=2.036e-08  ||F||=4.251e-03
 step= 17000  E=1.555418383363e+03  Q=1.817000000000e+03  λ=1.623455e+00  dt=8.992e-04  relΔE=1.201e-08  ||F||=3.714e-03
 step= 17500  E=1.555407675154e+03  Q=1.817000000000e+03  λ=1.623379e+00  dt=1.392e-03  relΔE=1.439e-08  ||F||=3.280e-03
 step= 18000  E=1.555399566510e+03  Q=1.817000000000e+03  λ=1.623310e+00  dt=1.077e-03  relΔE=8.795e-09  ||F||=2.910e-03
 step= 18500  E=1.555392957075e+03  Q=1.817000000000e+03  λ=1.623245e+00  dt=8.338e-04  relΔE=5.385e-09  ||F||=2.590e-03
 step= 19000  E=1.555387763250e+03  Q=1.817000000000e+03  λ=1.623187e+00  dt=1.291e-03  relΔE=6.641e-09  ||F||=2.315e-03
 step= 19500  E=1.555383671245e+03  Q=1.817000000000e+03  λ=1.623135e+00  dt=9.989e-04  relΔE=4.127e-09  ||F||=2.076e-03
 step= 20000  E=1.555380262717e+03  Q=1.817000000000e+03  λ=1.623085e+00  dt=7.731e-04  relΔE=2.593e-09  ||F||=1.873e-03
 step= 20500  E=1.555377647795e+03  Q=1.817000000000e+03  λ=1.623043e+00  dt=1.197e-03  relΔE=3.189e-09  ||F||=1.672e-03
 step= 21000  E=1.555375491132e+03  Q=1.817000000000e+03  λ=1.623004e+00  dt=9.263e-04  relΔE=1.987e-09  ||F||=1.502e-03
 step= 21500  E=1.555373723139e+03  Q=1.817000000000e+03  λ=1.622968e+00  dt=1.434e-03  relΔE=2.458e-09  ||F||=1.581e-03
 step= 22000  E=1.555372362634e+03  Q=1.817000000000e+03  λ=1.622938e+00  dt=1.110e-03  relΔE=1.549e-09  ||F||=1.215e-03
 step= 22500  E=1.555371224914e+03  Q=1.817000000000e+03  λ=1.622909e+00  dt=8.589e-04  relΔE=9.654e-10  ||F||=1.093e-03
 step= 23000  E=1.555370340289e+03  Q=1.817000000000e+03  λ=1.622885e+00  dt=1.108e-03  relΔE=1.011e-09  ||F||=9.864e-04
 step= 23500  E=1.555369597120e+03  Q=1.817000000000e+03  λ=1.622862e+00  dt=8.575e-04  relΔE=6.307e-10  ||F||=8.874e-04
 step= 24000  E=1.555368999070e+03  Q=1.817000000000e+03  λ=1.622841e+00  dt=1.327e-03  relΔE=7.868e-10  ||F||=7.986e-04
 step= 24500  E=1.555368525995e+03  Q=1.817000000000e+03  λ=1.622823e+00  dt=1.027e-03  relΔE=4.927e-10  ||F||=7.202e-04
 step= 25000  E=1.555368140639e+03  Q=1.817000000000e+03  λ=1.622807e+00  dt=1.325e-03  relΔE=5.135e-10  ||F||=6.492e-04
 step= 25500  E=1.555367831939e+03  Q=1.817000000000e+03  λ=1.622792e+00  dt=1.026e-03  relΔE=3.214e-10  ||F||=5.858e-04
 step= 26000  E=1.555367573864e+03  Q=1.817000000000e+03  λ=1.622778e+00  dt=7.938e-04  relΔE=2.011e-10  ||F||=5.285e-04
 step= 26500  E=1.555367373368e+03  Q=1.817000000000e+03  λ=1.622767e+00  dt=1.229e-03  relΔE=2.495e-10  ||F||=4.751e-04
 step= 27000  E=1.555367209677e+03  Q=1.817000000000e+03  λ=1.622756e+00  dt=9.510e-04  relΔE=1.554e-10  ||F||=4.281e-04
 step= 27500  E=1.555367074554e+03  Q=1.817000000000e+03  λ=1.622746e+00  dt=1.472e-03  relΔE=1.047e-10  ||F||=2.308e-03
 step= 28000  E=1.555366971830e+03  Q=1.817000000000e+03  λ=1.622738e+00  dt=1.139e-03  relΔE=1.202e-10  ||F||=3.476e-04
 step= 28500  E=1.555366886065e+03  Q=1.817000000000e+03  λ=1.622730e+00  dt=8.818e-04  relΔE=7.442e-11  ||F||=3.130e-04
 step= 29000  E=1.555366817507e+03  Q=1.817000000000e+03  λ=1.622723e+00  dt=1.365e-03  relΔE=9.203e-11  ||F||=2.819e-04
 step= 29500  E=1.555366764065e+03  Q=1.817000000000e+03  λ=1.622716e+00  dt=1.056e-03  relΔE=5.715e-11  ||F||=2.544e-04
 step= 30000  E=1.555366720016e+03  Q=1.817000000000e+03  λ=1.622711e+00  dt=8.177e-04  relΔE=3.522e-11  ||F||=2.291e-04
 step= 30500  E=1.555366685576e+03  Q=1.817000000000e+03  λ=1.622706e+00  dt=1.266e-03  relΔE=4.338e-11  ||F||=2.064e-04
 step= 31000  E=1.555366658318e+03  Q=1.817000000000e+03  λ=1.622701e+00  dt=9.796e-04  relΔE=2.671e-11  ||F||=1.863e-04
 step= 31500  E=1.555366635918e+03  Q=1.817000000000e+03  λ=1.622697e+00  dt=7.582e-04  relΔE=1.724e-11  ||F||=1.715e-04
 step= 32000  E=1.555366619153e+03  Q=1.817000000000e+03  λ=1.622693e+00  dt=1.174e-03  relΔE=1.994e-11  ||F||=1.513e-04
 step= 32500  E=1.555366605532e+03  Q=1.817000000000e+03  λ=1.622690e+00  dt=9.084e-04  relΔE=1.210e-11  ||F||=1.363e-04
 step= 33000  E=1.555366594755e+03  Q=1.817000000000e+03  λ=1.622687e+00  dt=1.406e-03  relΔE=1.456e-11  ||F||=1.242e-04
 step= 33500  E=1.555366586685e+03  Q=1.817000000000e+03  λ=1.622684e+00  dt=1.088e-03  relΔE=8.799e-12  ||F||=1.108e-04
 step= 34000  E=1.555366580227e+03  Q=1.817000000000e+03  λ=1.622682e+00  dt=8.423e-04  relΔE=5.233e-12  ||F||=9.976e-05
 step= 34500  E=1.555366575325e+03  Q=1.817000000000e+03  λ=1.622679e+00  dt=1.304e-03  relΔE=6.176e-12  ||F||=8.989e-05
 step= 35000  E=1.555366571657e+03  Q=1.817000000000e+03  λ=1.622677e+00  dt=1.009e-03  relΔE=3.618e-12  ||F||=8.114e-05
 step= 35500  E=1.555366568810e+03  Q=1.817000000000e+03  λ=1.622676e+00  dt=7.810e-04  relΔE=2.095e-12  ||F||=7.325e-05
 step= 36000  E=1.555366566803e+03  Q=1.817000000000e+03  λ=1.622674e+00  dt=1.209e-03  relΔE=2.341e-12  ||F||=6.591e-05
 step= 36500  E=1.555366565328e+03  Q=1.817000000000e+03  λ=1.622673e+00  dt=9.357e-04  relΔE=1.282e-12  ||F||=5.941e-05
 step= 37000  E=1.555366564282e+03  Q=1.817000000000e+03  λ=1.622671e+00  dt=1.448e-03  relΔE=1.301e-12  ||F||=7.083e-05
 step= 37500  E=1.555366563629e+03  Q=1.817000000000e+03  λ=1.622670e+00  dt=1.121e-03  relΔE=6.637e-13  ||F||=4.830e-05
 step= 38000  E=1.555366563216e+03  Q=1.817000000000e+03  λ=1.622669e+00  dt=8.676e-04  relΔE=2.862e-13  ||F||=4.349e-05
 step= 38500  E=1.555366563011e+03  Q=1.817000000000e+03  λ=1.622668e+00  dt=1.343e-03  relΔE=1.789e-13  ||F||=3.919e-05
  !! dt fell below dt_min: stiffness-limited termination.

Stationary candidate (aggressive): E=1.555366562959e+03, Q=1.817000000000e+03, maxρ=1.151750e+00

=== Stability test (damped inertial dynamics) ===
Perturb eps=0.02, gamma=1
t=0: E=1.643687794952e+03, Q=1.817000000000e+03, maxρ=1.192058e+00, σ=2.538152e+00, Rc=1.884902e+01
 step=     1  E=1.643687352546e+03  Q=1.817000000000e+03  λ=2.007907e+00  maxρ=1.192058e+00  minρ=1.000e-15  σ=2.538152e+00  Rc=1.884902e+01
 step=   300  E=1.625543903402e+03  Q=1.817000000000e+03  λ=1.905521e+00  maxρ=1.190034e+00  minρ=1.000e-15  σ=2.538148e+00  Rc=1.884902e+01
 step=   600  E=1.589015612159e+03  Q=1.817000000000e+03  λ=1.719953e+00  maxρ=1.184327e+00  minρ=1.000e-15  σ=2.538142e+00  Rc=1.884902e+01
 step=   900  E=1.567533058600e+03  Q=1.817000000000e+03  λ=1.660389e+00  maxρ=1.175887e+00  minρ=1.000e-15  σ=2.538141e+00  Rc=1.884902e+01
 step=  1200  E=1.575502814144e+03  Q=1.817000000000e+03  λ=1.766844e+00  maxρ=1.171816e+00  minρ=1.000e-15  σ=2.538144e+00  Rc=1.884901e+01
 step=  1500  E=1.597314058439e+03  Q=1.817000000000e+03  λ=1.882912e+00  maxρ=1.176251e+00  minρ=1.000e-15  σ=2.538146e+00  Rc=1.884901e+01
 step=  1800  E=1.608576119830e+03  Q=1.817000000000e+03  λ=1.869583e+00  maxρ=1.180015e+00  minρ=1.000e-15  σ=2.538144e+00  Rc=1.884901e+01
 step=  2100  E=1.602158722265e+03  Q=1.817000000000e+03  λ=1.769066e+00  maxρ=1.174006e+00  minρ=1.000e-15  σ=2.538141e+00  Rc=1.884901e+01
 step=  2400  E=1.590686868691e+03  Q=1.817000000000e+03  λ=1.722085e+00  maxρ=1.161623e+00  minρ=1.000e-15  σ=2.538141e+00  Rc=1.884901e+01
 step=  2700  E=1.587821757394e+03  Q=1.817000000000e+03  λ=1.776189e+00  maxρ=1.164894e+00  minρ=1.000e-15  σ=2.538144e+00  Rc=1.884901e+01
 step=  3000  E=1.593375525877e+03  Q=1.817000000000e+03  λ=1.842051e+00  maxρ=1.179406e+00  minρ=1.000e-15  σ=2.538145e+00  Rc=1.884900e+01
 step=  3300  E=1.597616965369e+03  Q=1.817000000000e+03  λ=1.830400e+00  maxρ=1.182414e+00  minρ=1.000e-15  σ=2.538141e+00  Rc=1.884901e+01
 step=  3600  E=1.595073012348e+03  Q=1.817000000000e+03  λ=1.766206e+00  maxρ=1.176952e+00  minρ=1.000e-15  σ=2.538138e+00  Rc=1.884900e+01
 step=  3900  E=1.589682885112e+03  Q=1.817000000000e+03  λ=1.736936e+00  maxρ=1.176950e+00  minρ=1.000e-15  σ=2.538138e+00  Rc=1.884900e+01
 step=  4200  E=1.587629811434e+03  Q=1.817000000000e+03  λ=1.768841e+00  maxρ=1.172854e+00  minρ=1.000e-15  σ=2.538142e+00  Rc=1.884900e+01
 step=  4500  E=1.589506582976e+03  Q=1.817000000000e+03  λ=1.804182e+00  maxρ=1.170141e+00  minρ=1.000e-15  σ=2.538143e+00  Rc=1.884899e+01
 step=  4800  E=1.591265916881e+03  Q=1.817000000000e+03  λ=1.792272e+00  maxρ=1.175500e+00  minρ=1.000e-15  σ=2.538140e+00  Rc=1.884899e+01
 step=  5100  E=1.590397869359e+03  Q=1.817000000000e+03  λ=1.755101e+00  maxρ=1.176544e+00  minρ=1.000e-15  σ=2.538135e+00  Rc=1.884899e+01
 step=  5400  E=1.588385597811e+03  Q=1.817000000000e+03  λ=1.744855e+00  maxρ=1.175151e+00  minρ=1.000e-15  σ=2.538135e+00  Rc=1.884899e+01
 step=  5700  E=1.587521438778e+03  Q=1.817000000000e+03  λ=1.768389e+00  maxρ=1.171136e+00  minρ=1.000e-15  σ=2.538138e+00  Rc=1.884898e+01
 step=  6000  E=1.587765680479e+03  Q=1.817000000000e+03  λ=1.785651e+00  maxρ=1.166662e+00  minρ=1.000e-15  σ=2.538139e+00  Rc=1.884898e+01
 >>> No runaway detected in this horizon. Likely stable (within this model & box).

STABILITY: PASS
