
=== Aggressive relaxation to Q = 895 ===
Initial: E=2.778959159291e+03, Q=8.950000000000e+02, dt=1.000e-04
 step=     1  E=2.778772533536e+03  Q=8.950000000000e+02  λ=6.172603e+00  dt=1.000e-04  relΔE=6.716e-05  ||F||=1.444e+00
 step=   500  E=2.573899929233e+03  Q=8.950000000000e+02  λ=5.704015e+00  dt=6.192e-04  relΔE=2.727e-04  ||F||=1.233e+00
 step=  1000  E=2.122338666336e+03  Q=8.950000000000e+02  λ=4.668514e+00  dt=9.584e-04  relΔE=2.715e-04  ||F||=8.980e-01
 step=  1500  E=1.834979064211e+03  Q=8.950000000000e+02  λ=4.038164e+00  dt=6.182e-04  relΔE=5.357e-04  ||F||=7.442e+00
 step=  2000  E=1.651181932605e+03  Q=8.950000000000e+02  λ=3.596043e+00  dt=9.569e-04  relΔE=1.674e-04  ||F||=6.224e-01
 step=  2500  E=1.501684268565e+03  Q=8.950000000000e+02  λ=3.260198e+00  dt=7.406e-04  relΔE=1.586e-04  ||F||=1.777e+00
 step=  3000  E=1.392234788656e+03  Q=8.950000000000e+02  λ=3.013449e+00  dt=1.146e-03  relΔE=1.436e-04  ||F||=4.836e-01
 step=  3500  E=1.300571658816e+03  Q=8.950000000000e+02  λ=2.808568e+00  dt=8.873e-04  relΔE=9.661e-05  ||F||=4.358e-01
 step=  4000  E=1.225189004868e+03  Q=8.950000000000e+02  λ=2.640956e+00  dt=1.373e-03  relΔE=1.323e-04  ||F||=3.982e-01
 step=  4500  E=1.163045368997e+03  Q=8.950000000000e+02  λ=2.503124e+00  dt=1.063e-03  relΔE=9.304e-05  ||F||=3.695e-01
 step=  5000  E=1.106953076829e+03  Q=8.950000000000e+02  λ=2.379228e+00  dt=8.227e-04  relΔE=6.751e-05  ||F||=3.490e-01
 step=  5500  E=1.056799643839e+03  Q=8.950000000000e+02  λ=2.268926e+00  dt=1.274e-03  relΔE=1.011e-04  ||F||=3.355e-01
 step=  6000  E=1.010096808721e+03  Q=8.950000000000e+02  λ=2.166108e+00  dt=9.857e-04  relΔE=7.773e-05  ||F||=3.268e-01
 step=  6500  E=9.640346057173e+02  Q=8.950000000000e+02  λ=2.064268e+00  dt=7.629e-04  relΔE=6.289e-05  ||F||=3.268e-01
 step=  7000  E=9.233122017926e+02  Q=8.950000000000e+02  λ=1.973502e+00  dt=1.181e-03  relΔE=8.783e-05  ||F||=3.035e-01
 step=  7500  E=8.862964649504e+02  Q=8.950000000000e+02  λ=1.889961e+00  dt=9.140e-04  relΔE=6.005e-05  ||F||=2.795e-01
 step=  8000  E=8.558801909784e+02  Q=8.950000000000e+02  λ=1.820600e+00  dt=1.415e-03  relΔE=7.422e-05  ||F||=2.516e-01
 step=  8500  E=8.342206386538e+02  Q=8.950000000000e+02  λ=1.770627e+00  dt=1.095e-03  relΔE=4.202e-05  ||F||=2.072e-01
 step=  9000  E=8.189393433249e+02  Q=8.950000000000e+02  λ=1.735076e+00  dt=8.475e-04  relΔE=2.153e-05  ||F||=1.670e-01
 step=  9500  E=8.093792982400e+02  Q=8.950000000000e+02  λ=1.712683e+00  dt=1.312e-03  relΔE=2.058e-05  ||F||=1.305e-01
 step= 10000  E=8.037602673196e+02  Q=8.950000000000e+02  λ=1.699397e+00  dt=1.015e-03  relΔE=9.439e-06  ||F||=1.001e-01
 step= 10500  E=8.004138854834e+02  Q=8.950000000000e+02  λ=1.691415e+00  dt=7.858e-04  relΔE=4.124e-06  ||F||=7.505e-02
 step= 11000  E=7.986239825197e+02  Q=8.950000000000e+02  λ=1.687101e+00  dt=1.216e-03  relΔE=3.525e-06  ||F||=5.569e-02
 step= 11500  E=7.976256775277e+02  Q=8.950000000000e+02  λ=1.684655e+00  dt=9.414e-04  relΔE=1.481e-06  ||F||=4.099e-02
 step= 12000  E=7.970761152552e+02  Q=8.950000000000e+02  λ=1.683285e+00  dt=1.457e-03  relΔE=1.136e-06  ||F||=7.460e-02
 step= 12500  E=7.967993355537e+02  Q=8.950000000000e+02  λ=1.682571e+00  dt=1.128e-03  relΔE=5.057e-07  ||F||=2.186e-02
 step= 13000  E=7.966458377504e+02  Q=8.950000000000e+02  λ=1.682161e+00  dt=8.730e-04  relΔE=2.059e-07  ||F||=1.585e-02
 step= 13500  E=7.965651899226e+02  Q=8.950000000000e+02  λ=1.681935e+00  dt=1.351e-03  relΔE=1.672e-07  ||F||=1.147e-02
 step= 14000  E=7.965237099750e+02  Q=8.950000000000e+02  λ=1.681811e+00  dt=1.046e-03  relΔE=6.904e-08  ||F||=8.370e-03
 step= 14500  E=7.965010001630e+02  Q=8.950000000000e+02  λ=1.681738e+00  dt=8.095e-04  relΔE=2.798e-08  ||F||=6.050e-03
 step= 15000  E=7.964893294589e+02  Q=8.950000000000e+02  λ=1.681696e+00  dt=1.253e-03  relΔE=2.303e-08  ||F||=4.405e-03
 step= 15500  E=7.964830900136e+02  Q=8.950000000000e+02  λ=1.681671e+00  dt=9.698e-04  relΔE=9.561e-09  ||F||=3.221e-03
 step= 16000  E=7.964796418334e+02  Q=8.950000000000e+02  λ=1.681655e+00  dt=7.506e-04  relΔE=4.366e-09  ||F||=2.483e-03
 step= 16500  E=7.964778723594e+02  Q=8.950000000000e+02  λ=1.681646e+00  dt=1.162e-03  relΔE=3.387e-09  ||F||=1.745e-03
 step= 17000  E=7.964768520716e+02  Q=8.950000000000e+02  λ=1.681640e+00  dt=8.992e-04  relΔE=1.462e-09  ||F||=1.301e-03
 step= 17500  E=7.964762734551e+02  Q=8.950000000000e+02  λ=1.681637e+00  dt=1.392e-03  relΔE=1.294e-09  ||F||=9.875e-04
 step= 18000  E=7.964759457980e+02  Q=8.950000000000e+02  λ=1.681634e+00  dt=1.077e-03  relΔE=6.034e-10  ||F||=7.648e-04
 step= 18500  E=7.964757397818e+02  Q=8.950000000000e+02  λ=1.681633e+00  dt=8.338e-04  relΔE=2.884e-10  ||F||=6.038e-04
 step= 19000  E=7.964756112781e+02  Q=8.950000000000e+02  λ=1.681632e+00  dt=1.291e-03  relΔE=2.889e-10  ||F||=4.897e-04
 step= 19500  E=7.964755274047e+02  Q=8.950000000000e+02  λ=1.681632e+00  dt=9.989e-04  relΔE=1.517e-10  ||F||=4.080e-04
 step= 20000  E=7.964754675762e+02  Q=8.950000000000e+02  λ=1.681632e+00  dt=7.731e-04  relΔE=8.320e-11  ||F||=3.487e-04
 step= 20500  E=7.964754270488e+02  Q=8.950000000000e+02  λ=1.681632e+00  dt=1.197e-03  relΔE=9.166e-11  ||F||=2.993e-04
 step= 21000  E=7.964753966427e+02  Q=8.950000000000e+02  λ=1.681633e+00  dt=9.263e-04  relΔE=5.237e-11  ||F||=2.622e-04
 step= 21500  E=7.964753735871e+02  Q=8.950000000000e+02  λ=1.681633e+00  dt=1.434e-03  relΔE=6.008e-11  ||F||=2.889e-04
 step= 22000  E=7.964753570216e+02  Q=8.950000000000e+02  λ=1.681633e+00  dt=1.110e-03  relΔE=3.579e-11  ||F||=2.068e-04
 step= 22500  E=7.964753439025e+02  Q=8.950000000000e+02  λ=1.681634e+00  dt=8.589e-04  relΔE=2.109e-11  ||F||=1.850e-04
 step= 23000  E=7.964753339535e+02  Q=8.950000000000e+02  λ=1.681634e+00  dt=1.329e-03  relΔE=2.491e-11  ||F||=1.661e-04
 step= 23500  E=7.964753265005e+02  Q=8.950000000000e+02  λ=1.681635e+00  dt=1.029e-03  relΔE=1.478e-11  ||F||=1.497e-04
 step= 24000  E=7.964753207753e+02  Q=8.950000000000e+02  λ=1.681635e+00  dt=1.327e-03  relΔE=1.452e-11  ||F||=1.351e-04
 step= 24500  E=7.964753164331e+02  Q=8.950000000000e+02  λ=1.681635e+00  dt=1.027e-03  relΔE=8.495e-12  ||F||=1.220e-04
 step= 25000  E=7.964753130734e+02  Q=8.950000000000e+02  λ=1.681636e+00  dt=7.951e-04  relΔE=4.895e-12  ||F||=1.101e-04
 step= 25500  E=7.964753106768e+02  Q=8.950000000000e+02  λ=1.681636e+00  dt=1.231e-03  relΔE=5.537e-12  ||F||=9.940e-05
 step= 26000  E=7.964753089279e+02  Q=8.950000000000e+02  λ=1.681636e+00  dt=7.938e-04  relΔE=2.573e-12  ||F||=8.995e-05
 step= 26500  E=7.964753076949e+02  Q=8.950000000000e+02  λ=1.681636e+00  dt=1.229e-03  relΔE=2.756e-12  ||F||=8.131e-05
 step= 27000  E=7.964753068507e+02  Q=8.950000000000e+02  λ=1.681637e+00  dt=9.510e-04  relΔE=1.400e-12  ||F||=7.349e-05
 step= 27500  E=7.964753063053e+02  Q=8.950000000000e+02  λ=1.681637e+00  dt=1.472e-03  relΔE=5.518e-13  ||F||=2.387e-04
 step= 28000  E=7.964753060206e+02  Q=8.950000000000e+02  λ=1.681637e+00  dt=1.139e-03  relΔE=4.880e-13  ||F||=6.004e-05
 step= 28500  E=7.964753059051e+02  Q=8.950000000000e+02  λ=1.681637e+00  dt=8.818e-04  relΔE=7.722e-14  ||F||=5.422e-05
  !! dt fell below dt_min: stiffness-limited termination.

Stationary candidate (aggressive): E=7.964753058989e+02, Q=8.950000000000e+02, maxρ=8.599935e-01

=== Stability test (damped inertial dynamics) ===
Perturb eps=0.02, gamma=1
t=0: E=8.398055267308e+02, Q=8.950000000000e+02, maxρ=8.874660e-01, σ=2.439741e+00, Rc=1.886811e+01
 step=     1  E=8.398053098186e+02  Q=8.950000000000e+02  λ=2.065127e+00  maxρ=8.874659e-01  minρ=1.000e-15  σ=2.439741e+00  Rc=1.886811e+01
 step=   300  E=8.309094943907e+02  Q=8.950000000000e+02  λ=1.963260e+00  maxρ=8.859602e-01  minρ=1.000e-15  σ=2.439738e+00  Rc=1.886811e+01
 step=   600  E=8.129988808490e+02  Q=8.950000000000e+02  λ=1.778581e+00  maxρ=8.817152e-01  minρ=1.000e-15  σ=2.439732e+00  Rc=1.886811e+01
 step=   900  E=8.024637978036e+02  Q=8.950000000000e+02  λ=1.719192e+00  maxρ=8.754370e-01  minρ=1.000e-15  σ=2.439730e+00  Rc=1.886811e+01
 step=  1200  E=8.063672757726e+02  Q=8.950000000000e+02  λ=1.825035e+00  maxρ=8.723373e-01  minρ=1.000e-15  σ=2.439733e+00  Rc=1.886811e+01
 step=  1500  E=8.170533520407e+02  Q=8.950000000000e+02  λ=1.940624e+00  maxρ=8.774370e-01  minρ=1.000e-15  σ=2.439735e+00  Rc=1.886810e+01
 step=  1800  E=8.225616712445e+02  Q=8.950000000000e+02  λ=1.927533e+00  maxρ=8.802467e-01  minρ=1.000e-15  σ=2.439733e+00  Rc=1.886810e+01
 step=  2100  E=8.194022748565e+02  Q=8.950000000000e+02  λ=1.827488e+00  maxρ=8.757674e-01  minρ=1.000e-15  σ=2.439730e+00  Rc=1.886810e+01
 step=  2400  E=8.137802087213e+02  Q=8.950000000000e+02  λ=1.780479e+00  maxρ=8.670918e-01  minρ=1.000e-15  σ=2.439730e+00  Rc=1.886810e+01
 step=  2700  E=8.124027369268e+02  Q=8.950000000000e+02  λ=1.834158e+00  maxρ=8.688284e-01  minρ=1.000e-15  σ=2.439733e+00  Rc=1.886810e+01
 step=  3000  E=8.151628892880e+02  Q=8.950000000000e+02  λ=1.899930e+00  maxρ=8.780589e-01  minρ=1.000e-15  σ=2.439734e+00  Rc=1.886810e+01
 step=  3300  E=8.172563391110e+02  Q=8.950000000000e+02  λ=1.888754e+00  maxρ=8.803020e-01  minρ=1.000e-15  σ=2.439730e+00  Rc=1.886810e+01
 step=  3600  E=8.159819545055e+02  Q=8.950000000000e+02  λ=1.824954e+00  maxρ=8.787869e-01  minρ=1.000e-15  σ=2.439727e+00  Rc=1.886810e+01
 step=  3900  E=8.132946755007e+02  Q=8.950000000000e+02  λ=1.795406e+00  maxρ=8.787926e-01  minρ=1.000e-15  σ=2.439728e+00  Rc=1.886810e+01
 step=  4200  E=8.122721804399e+02  Q=8.950000000000e+02  λ=1.826711e+00  maxρ=8.757420e-01  minρ=1.000e-15  σ=2.439732e+00  Rc=1.886809e+01
 step=  4500  E=8.132238799743e+02  Q=8.950000000000e+02  λ=1.861968e+00  maxρ=8.734248e-01  minρ=1.000e-15  σ=2.439733e+00  Rc=1.886809e+01
 step=  4800  E=8.141324236760e+02  Q=8.950000000000e+02  λ=1.850652e+00  maxρ=8.769351e-01  minρ=1.000e-15  σ=2.439729e+00  Rc=1.886809e+01
 step=  5100  E=8.137162442139e+02  Q=8.950000000000e+02  λ=1.813989e+00  maxρ=8.782211e-01  minρ=1.000e-15  σ=2.439724e+00  Rc=1.886809e+01
 step=  5400  E=8.126904908134e+02  Q=8.950000000000e+02  λ=1.803495e+00  maxρ=8.771948e-01  minρ=1.000e-15  σ=2.439724e+00  Rc=1.886808e+01
 step=  5700  E=8.122206894409e+02  Q=8.950000000000e+02  λ=1.826345e+00  maxρ=8.742114e-01  minρ=1.000e-15  σ=2.439727e+00  Rc=1.886808e+01
 step=  6000  E=8.123372286202e+02  Q=8.950000000000e+02  λ=1.843365e+00  maxρ=8.707873e-01  minρ=1.000e-15  σ=2.439729e+00  Rc=1.886808e+01
 >>> No runaway detected in this horizon. Likely stable (within this model & box).

STABILITY: PASS
