
=== Aggressive relaxation to Q = 1866 ===
Initial: E=5.820458305532e+03, Q=1.866000000000e+03, dt=1.000e-04
 step=     1  E=5.820034319847e+03  Q=1.866000000000e+03  λ=6.386110e+00  dt=1.000e-04  relΔE=7.284e-05  ||F||=1.508e+00
 step=   500  E=5.352784984099e+03  Q=1.866000000000e+03  λ=5.833963e+00  dt=6.192e-04  relΔE=2.992e-04  ||F||=1.290e+00
 step=  1000  E=4.338545688575e+03  Q=1.866000000000e+03  λ=4.658828e+00  dt=9.584e-04  relΔE=2.906e-04  ||F||=9.200e-01
 step=  1500  E=3.721360715674e+03  Q=1.866000000000e+03  λ=3.955148e+00  dt=7.418e-04  relΔE=2.018e-04  ||F||=1.111e+00
 step=  2000  E=3.328666011914e+03  Q=1.866000000000e+03  λ=3.511708e+00  dt=1.148e-03  relΔE=2.051e-04  ||F||=6.185e-01
 step=  2500  E=3.028322637224e+03  Q=1.866000000000e+03  λ=3.175140e+00  dt=8.887e-04  relΔE=1.312e-04  ||F||=5.363e-01
 step=  3000  E=2.797499255353e+03  Q=1.866000000000e+03  λ=2.918618e+00  dt=1.376e-03  relΔE=1.721e-04  ||F||=4.749e-01
 step=  3500  E=2.618509294754e+03  Q=1.866000000000e+03  λ=2.720615e+00  dt=1.065e-03  relΔE=1.155e-04  ||F||=4.274e-01
 step=  4000  E=2.467445238169e+03  Q=1.866000000000e+03  λ=2.554435e+00  dt=8.241e-04  relΔE=7.871e-05  ||F||=3.894e-01
 step=  4500  E=2.347515766545e+03  Q=1.866000000000e+03  λ=2.423254e+00  dt=1.063e-03  relΔE=9.185e-05  ||F||=3.612e-01
 step=  5000  E=2.236191211761e+03  Q=1.866000000000e+03  λ=2.302016e+00  dt=1.371e-03  relΔE=1.101e-04  ||F||=3.406e-01
 step=  5500  E=2.138711604213e+03  Q=1.866000000000e+03  λ=2.196063e+00  dt=1.061e-03  relΔE=8.239e-05  ||F||=3.268e-01
 step=  6000  E=2.043821463337e+03  Q=1.866000000000e+03  λ=2.092975e+00  dt=8.214e-04  relΔE=6.380e-05  ||F||=3.195e-01
 step=  6500  E=1.953993071928e+03  Q=1.866000000000e+03  λ=1.995264e+00  dt=1.271e-03  relΔE=9.956e-05  ||F||=3.137e-01
 step=  7000  E=1.868949528697e+03  Q=1.866000000000e+03  λ=1.902464e+00  dt=9.841e-04  relΔE=7.551e-05  ||F||=3.037e-01
 step=  7500  E=1.788952095768e+03  Q=1.866000000000e+03  λ=1.815565e+00  dt=7.616e-04  relΔE=5.467e-05  ||F||=2.876e-01
 step=  8000  E=1.725896825675e+03  Q=1.866000000000e+03  λ=1.748172e+00  dt=1.179e-03  relΔE=6.718e-05  ||F||=2.515e-01
 step=  8500  E=1.677194682178e+03  Q=1.866000000000e+03  λ=1.697472e+00  dt=9.125e-04  relΔE=3.794e-05  ||F||=2.118e-01
 step=  9000  E=1.643788404707e+03  Q=1.866000000000e+03  λ=1.664116e+00  dt=1.412e-03  relΔE=3.860e-05  ||F||=1.763e-01
 step=  9500  E=1.623636758071e+03  Q=1.866000000000e+03  λ=1.644990e+00  dt=1.093e-03  relΔE=1.862e-05  ||F||=1.334e-01
 step= 10000  E=1.611170955628e+03  Q=1.866000000000e+03  λ=1.633918e+00  dt=8.461e-04  relΔE=8.390e-06  ||F||=1.014e-01
 step= 10500  E=1.604114563403e+03  Q=1.866000000000e+03  λ=1.628171e+00  dt=1.310e-03  relΔE=7.344e-06  ||F||=7.606e-02
 step= 11000  E=1.600231912184e+03  Q=1.866000000000e+03  λ=1.625326e+00  dt=1.014e-03  relΔE=3.194e-06  ||F||=5.693e-02
 step= 11500  E=1.597999504169e+03  Q=1.866000000000e+03  λ=1.623896e+00  dt=7.845e-04  relΔE=1.362e-06  ||F||=4.223e-02
 step= 12000  E=1.596816789703e+03  Q=1.866000000000e+03  λ=1.623247e+00  dt=1.214e-03  relΔE=1.170e-06  ||F||=3.145e-02
 step= 12500  E=1.596142945514e+03  Q=1.866000000000e+03  λ=1.622925e+00  dt=9.399e-04  relΔE=5.095e-07  ||F||=2.358e-02
 step= 13000  E=1.595752535196e+03  Q=1.866000000000e+03  λ=1.622747e+00  dt=1.455e-03  relΔE=4.136e-07  ||F||=4.925e-02
 step= 13500  E=1.595537573497e+03  Q=1.866000000000e+03  λ=1.622630e+00  dt=1.126e-03  relΔE=2.084e-07  ||F||=1.377e-02
 step= 14000  E=1.595401780862e+03  Q=1.866000000000e+03  λ=1.622528e+00  dt=8.715e-04  relΔE=9.909e-08  ||F||=1.079e-02
 step= 14500  E=1.595316736974e+03  Q=1.866000000000e+03  λ=1.622428e+00  dt=1.349e-03  relΔE=9.862e-08  ||F||=8.658e-03
 step= 15000  E=1.595262034737e+03  Q=1.866000000000e+03  λ=1.622330e+00  dt=1.044e-03  relΔE=5.184e-08  ||F||=7.137e-03
 step= 15500  E=1.595223056217e+03  Q=1.866000000000e+03  λ=1.622228e+00  dt=8.081e-04  relΔE=2.812e-08  ||F||=5.978e-03
 step= 16000  E=1.595195880234e+03  Q=1.866000000000e+03  λ=1.622131e+00  dt=1.251e-03  relΔE=3.177e-08  ||F||=5.110e-03
 step= 16500  E=1.595175698175e+03  Q=1.866000000000e+03  λ=1.622037e+00  dt=9.682e-04  relΔE=1.849e-08  ||F||=4.434e-03
 step= 17000  E=1.595159869387e+03  Q=1.866000000000e+03  λ=1.621945e+00  dt=7.493e-04  relΔE=1.268e-08  ||F||=4.294e-03
 step= 17500  E=1.595148316002e+03  Q=1.866000000000e+03  λ=1.621864e+00  dt=1.160e-03  relΔE=1.322e-08  ||F||=3.432e-03
 step= 18000  E=1.595138921449e+03  Q=1.866000000000e+03  λ=1.621786e+00  dt=8.978e-04  relΔE=8.052e-09  ||F||=3.047e-03
 step= 18500  E=1.595131452968e+03  Q=1.866000000000e+03  λ=1.621714e+00  dt=1.390e-03  relΔE=9.867e-09  ||F||=2.721e-03
 step= 19000  E=1.595125703456e+03  Q=1.866000000000e+03  λ=1.621651e+00  dt=1.076e-03  relΔE=6.126e-09  ||F||=2.433e-03
 step= 19500  E=1.595120942203e+03  Q=1.866000000000e+03  λ=1.621592e+00  dt=8.324e-04  relΔE=3.793e-09  ||F||=2.178e-03
 step= 20000  E=1.595117174295e+03  Q=1.866000000000e+03  λ=1.621539e+00  dt=1.289e-03  relΔE=4.716e-09  ||F||=1.954e-03
 step= 20500  E=1.595114177627e+03  Q=1.866000000000e+03  λ=1.621492e+00  dt=9.973e-04  relΔE=2.947e-09  ||F||=1.758e-03
 step= 21000  E=1.595111673137e+03  Q=1.866000000000e+03  λ=1.621448e+00  dt=7.719e-04  relΔE=1.858e-09  ||F||=1.588e-03
 step= 21500  E=1.595109744157e+03  Q=1.866000000000e+03  λ=1.621410e+00  dt=1.195e-03  relΔE=2.294e-09  ||F||=1.421e-03
 step= 22000  E=1.595108149053e+03  Q=1.866000000000e+03  λ=1.621375e+00  dt=9.248e-04  relΔE=1.433e-09  ||F||=1.278e-03
 step= 22500  E=1.595106836646e+03  Q=1.866000000000e+03  λ=1.621343e+00  dt=1.431e-03  relΔE=1.774e-09  ||F||=1.386e-03
 step= 23000  E=1.595105842632e+03  Q=1.866000000000e+03  λ=1.621316e+00  dt=9.233e-04  relΔE=9.373e-10  ||F||=1.038e-03
 step= 23500  E=1.595104986013e+03  Q=1.866000000000e+03  λ=1.621291e+00  dt=1.429e-03  relΔE=1.165e-09  ||F||=1.025e-03
 step= 24000  E=1.595104333250e+03  Q=1.866000000000e+03  λ=1.621269e+00  dt=9.218e-04  relΔE=6.136e-10  ||F||=8.441e-04
 step= 24500  E=1.595103771691e+03  Q=1.866000000000e+03  λ=1.621248e+00  dt=1.427e-03  relΔE=7.626e-10  ||F||=8.304e-04
 step= 25000  E=1.595103337112e+03  Q=1.866000000000e+03  λ=1.621231e+00  dt=1.104e-03  relΔE=4.800e-10  ||F||=6.856e-04
 step= 25500  E=1.595102972865e+03  Q=1.866000000000e+03  λ=1.621214e+00  dt=8.547e-04  relΔE=2.993e-10  ||F||=6.172e-04
 step= 26000  E=1.595102681479e+03  Q=1.866000000000e+03  λ=1.621199e+00  dt=1.323e-03  relΔE=3.733e-10  ||F||=5.559e-04
 step= 26500  E=1.595102450663e+03  Q=1.866000000000e+03  λ=1.621186e+00  dt=1.024e-03  relΔE=2.337e-10  ||F||=5.017e-04
 step= 27000  E=1.595102257759e+03  Q=1.866000000000e+03  λ=1.621174e+00  dt=7.925e-04  relΔE=1.462e-10  ||F||=4.529e-04
 step= 27500  E=1.595102108085e+03  Q=1.866000000000e+03  λ=1.621164e+00  dt=1.227e-03  relΔE=1.813e-10  ||F||=4.073e-04
 step= 28000  E=1.595101985919e+03  Q=1.866000000000e+03  λ=1.621154e+00  dt=9.495e-04  relΔE=1.129e-10  ||F||=3.672e-04
 step= 28500  E=1.595101885001e+03  Q=1.866000000000e+03  λ=1.621145e+00  dt=1.470e-03  relΔE=9.839e-11  ||F||=1.602e-03
 step= 29000  E=1.595101808485e+03  Q=1.866000000000e+03  λ=1.621138e+00  dt=1.138e-03  relΔE=8.721e-11  ||F||=2.985e-04
 step= 29500  E=1.595101744577e+03  Q=1.866000000000e+03  λ=1.621131e+00  dt=8.804e-04  relΔE=5.397e-11  ||F||=2.688e-04
 step= 30000  E=1.595101693550e+03  Q=1.866000000000e+03  λ=1.621124e+00  dt=1.363e-03  relΔE=6.667e-11  ||F||=2.422e-04
 step= 30500  E=1.595101653761e+03  Q=1.866000000000e+03  λ=1.621119e+00  dt=1.055e-03  relΔE=4.133e-11  ||F||=2.187e-04
 step= 31000  E=1.595101621040e+03  Q=1.866000000000e+03  λ=1.621114e+00  dt=8.164e-04  relΔE=2.544e-11  ||F||=1.971e-04
 step= 31500  E=1.595101595576e+03  Q=1.866000000000e+03  λ=1.621109e+00  dt=1.264e-03  relΔE=3.124e-11  ||F||=1.776e-04
 step= 32000  E=1.595101575417e+03  Q=1.866000000000e+03  λ=1.621105e+00  dt=9.780e-04  relΔE=1.918e-11  ||F||=1.603e-04
 step= 32500  E=1.595101558931e+03  Q=1.866000000000e+03  λ=1.621101e+00  dt=7.570e-04  relΔE=1.253e-11  ||F||=1.485e-04
 step= 33000  E=1.595101546649e+03  Q=1.866000000000e+03  λ=1.621098e+00  dt=1.172e-03  relΔE=1.422e-11  ||F||=1.303e-04
 step= 33500  E=1.595101536678e+03  Q=1.866000000000e+03  λ=1.621095e+00  dt=9.069e-04  relΔE=8.579e-12  ||F||=1.174e-04
 step= 34000  E=1.595101528867e+03  Q=1.866000000000e+03  λ=1.621092e+00  dt=1.404e-03  relΔE=1.026e-11  ||F||=1.067e-04
 step= 34500  E=1.595101523049e+03  Q=1.866000000000e+03  λ=1.621090e+00  dt=1.086e-03  relΔE=6.151e-12  ||F||=9.555e-05
 step= 35000  E=1.595101518428e+03  Q=1.866000000000e+03  λ=1.621087e+00  dt=8.409e-04  relΔE=3.621e-12  ||F||=8.607e-05
 step= 35500  E=1.595101514965e+03  Q=1.866000000000e+03  λ=1.621085e+00  dt=1.302e-03  relΔE=4.219e-12  ||F||=7.760e-05
 step= 36000  E=1.595101512411e+03  Q=1.866000000000e+03  λ=1.621084e+00  dt=1.007e-03  relΔE=2.432e-12  ||F||=7.007e-05
 step= 36500  E=1.595101510465e+03  Q=1.866000000000e+03  λ=1.621082e+00  dt=7.797e-04  relΔE=1.372e-12  ||F||=6.320e-05
 step= 37000  E=1.595101509130e+03  Q=1.866000000000e+03  λ=1.621080e+00  dt=1.207e-03  relΔE=1.491e-12  ||F||=5.696e-05
 step= 37500  E=1.595101508184e+03  Q=1.866000000000e+03  λ=1.621079e+00  dt=9.342e-04  relΔE=7.786e-13  ||F||=5.136e-05
 step= 38000  E=1.595101507552e+03  Q=1.866000000000e+03  λ=1.621078e+00  dt=1.446e-03  relΔE=7.300e-13  ||F||=5.846e-05
 step= 38500  E=1.595101507196e+03  Q=1.866000000000e+03  λ=1.621077e+00  dt=1.119e-03  relΔE=3.234e-13  ||F||=4.179e-05
 step= 39000  E=1.595101507015e+03  Q=1.866000000000e+03  λ=1.621076e+00  dt=8.662e-04  relΔE=9.422e-14  ||F||=3.765e-05
  !! dt fell below dt_min: stiffness-limited termination.

Stationary candidate (aggressive): E=1.595101506977e+03, Q=1.866000000000e+03, maxρ=1.162021e+00

=== Stability test (damped inertial dynamics) ===
Perturb eps=0.02, gamma=1
t=0: E=1.685828206620e+03, Q=1.866000000000e+03, maxρ=1.202882e+00, σ=2.548318e+00, Rc=1.884742e+01
 step=     1  E=1.685827752139e+03  Q=1.866000000000e+03  λ=2.006441e+00  maxρ=1.202882e+00  minρ=1.000e-15  σ=2.548318e+00  Rc=1.884742e+01
 step=   300  E=1.667189113691e+03  Q=1.866000000000e+03  λ=1.904016e+00  maxρ=1.200840e+00  minρ=1.000e-15  σ=2.548315e+00  Rc=1.884742e+01
 step=   600  E=1.629664260616e+03  Q=1.866000000000e+03  λ=1.718382e+00  maxρ=1.195081e+00  minρ=1.000e-15  σ=2.548309e+00  Rc=1.884743e+01
 step=   900  E=1.607596599446e+03  Q=1.866000000000e+03  λ=1.658808e+00  maxρ=1.186564e+00  minρ=1.000e-15  σ=2.548307e+00  Rc=1.884742e+01
 step=  1200  E=1.615785354485e+03  Q=1.866000000000e+03  λ=1.765313e+00  maxρ=1.182460e+00  minρ=1.000e-15  σ=2.548310e+00  Rc=1.884742e+01
 step=  1500  E=1.638192826616e+03  Q=1.866000000000e+03  λ=1.881417e+00  maxρ=1.186802e+00  minρ=1.000e-15  σ=2.548313e+00  Rc=1.884741e+01
 step=  1800  E=1.649762758130e+03  Q=1.866000000000e+03  λ=1.868065e+00  maxρ=1.190600e+00  minρ=1.000e-15  σ=2.548311e+00  Rc=1.884741e+01
 step=  2100  E=1.643170745898e+03  Q=1.866000000000e+03  λ=1.767507e+00  maxρ=1.184537e+00  minρ=1.000e-15  σ=2.548307e+00  Rc=1.884741e+01
 step=  2400  E=1.631385653394e+03  Q=1.866000000000e+03  λ=1.720528e+00  maxρ=1.172098e+00  minρ=1.000e-15  σ=2.548307e+00  Rc=1.884741e+01
 step=  2700  E=1.628440054239e+03  Q=1.866000000000e+03  λ=1.774670e+00  maxρ=1.175361e+00  minρ=1.000e-15  σ=2.548310e+00  Rc=1.884741e+01
 step=  3000  E=1.634141411435e+03  Q=1.866000000000e+03  λ=1.840544e+00  maxρ=1.190110e+00  minρ=1.000e-15  σ=2.548311e+00  Rc=1.884741e+01
 step=  3300  E=1.638496339284e+03  Q=1.866000000000e+03  λ=1.828857e+00  maxρ=1.193144e+00  minρ=1.000e-15  σ=2.548308e+00  Rc=1.884741e+01
 step=  3600  E=1.635885395328e+03  Q=1.866000000000e+03  λ=1.764628e+00  maxρ=1.187449e+00  minρ=1.000e-15  σ=2.548304e+00  Rc=1.884741e+01
 step=  3900  E=1.630353550263e+03  Q=1.866000000000e+03  λ=1.735374e+00  maxρ=1.187447e+00  minρ=1.000e-15  σ=2.548304e+00  Rc=1.884741e+01
 step=  4200  E=1.628247087862e+03  Q=1.866000000000e+03  λ=1.767325e+00  maxρ=1.183314e+00  minρ=1.000e-15  σ=2.548308e+00  Rc=1.884740e+01
 step=  4500  E=1.630171603873e+03  Q=1.866000000000e+03  λ=1.802678e+00  maxρ=1.180598e+00  minρ=1.000e-15  σ=2.548310e+00  Rc=1.884740e+01
 step=  4800  E=1.631972825777e+03  Q=1.866000000000e+03  λ=1.790728e+00  maxρ=1.186045e+00  minρ=1.000e-15  σ=2.548306e+00  Rc=1.884740e+01
 step=  5100  E=1.631079287533e+03  Q=1.866000000000e+03  λ=1.753516e+00  maxρ=1.187057e+00  minρ=1.000e-15  σ=2.548301e+00  Rc=1.884740e+01
 step=  5400  E=1.629017156302e+03  Q=1.866000000000e+03  λ=1.743284e+00  maxρ=1.185651e+00  minρ=1.000e-15  σ=2.548301e+00  Rc=1.884739e+01
 step=  5700  E=1.628136138299e+03  Q=1.866000000000e+03  λ=1.766867e+00  maxρ=1.181598e+00  minρ=1.000e-15  σ=2.548304e+00  Rc=1.884739e+01
 step=  6000  E=1.628388056252e+03  Q=1.866000000000e+03  λ=1.784149e+00  maxρ=1.177090e+00  minρ=1.000e-15  σ=2.548305e+00  Rc=1.884738e+01
 >>> No runaway detected in this horizon. Likely stable (within this model & box).

STABILITY: PASS
