
=== Aggressive relaxation to Q = 334 ===
Initial: E=1.049941370309e+03, Q=3.340000000000e+02, dt=1.000e-04
 step=     1  E=1.049872982580e+03  Q=3.340000000000e+02  λ=6.189585e+00  dt=1.000e-04  relΔE=6.513e-05  ||F||=1.431e+00
 step=   500  E=9.752089508798e+02  Q=3.340000000000e+02  λ=5.743060e+00  dt=6.192e-04  relΔE=2.614e-04  ||F||=1.217e+00
 step=  1000  E=8.093791235186e+02  Q=3.340000000000e+02  λ=4.750205e+00  dt=9.584e-04  relΔE=2.632e-04  ||F||=8.938e-01
 step=  1500  E=7.019511385298e+02  Q=3.340000000000e+02  λ=4.112039e+00  dt=7.418e-04  relΔE=2.403e-04  ||F||=2.548e+00
 step=  2000  E=6.304645404534e+02  Q=3.340000000000e+02  λ=3.684772e+00  dt=1.148e-03  relΔE=2.001e-04  ||F||=6.284e-01
 step=  2500  E=5.749900411855e+02  Q=3.340000000000e+02  λ=3.355984e+00  dt=7.406e-04  relΔE=1.091e-04  ||F||=5.517e-01
 step=  3000  E=5.322087167157e+02  Q=3.340000000000e+02  λ=3.103471e+00  dt=1.146e-03  relΔE=1.457e-04  ||F||=4.930e-01
 step=  3500  E=4.966282684916e+02  Q=3.340000000000e+02  λ=2.893704e+00  dt=8.873e-04  relΔE=9.851e-05  ||F||=4.451e-01
 step=  4000  E=4.672081089733e+02  Q=3.340000000000e+02  λ=2.720862e+00  dt=1.373e-03  relΔE=1.358e-04  ||F||=4.077e-01
 step=  4500  E=4.427744266908e+02  Q=3.340000000000e+02  λ=2.577460e+00  dt=1.063e-03  relΔE=9.662e-05  ||F||=3.803e-01
 step=  5000  E=4.204495327200e+02  Q=3.340000000000e+02  λ=2.446792e+00  dt=8.227e-04  relΔE=7.121e-05  ||F||=3.616e-01
 step=  5500  E=4.002593467369e+02  Q=3.340000000000e+02  λ=2.328919e+00  dt=1.274e-03  relΔE=1.077e-04  ||F||=3.488e-01
 step=  6000  E=3.815259448578e+02  Q=3.340000000000e+02  λ=2.219159e+00  dt=9.857e-04  relΔE=8.166e-05  ||F||=3.370e-01
 step=  6500  E=3.636617542437e+02  Q=3.340000000000e+02  λ=2.113674e+00  dt=7.629e-04  relΔE=6.264e-05  ||F||=3.279e-01
 step=  7000  E=3.488997408268e+02  Q=3.340000000000e+02  λ=2.025399e+00  dt=1.181e-03  relΔE=8.070e-05  ||F||=2.927e-01
 step=  7500  E=3.366403633716e+02  Q=3.340000000000e+02  λ=1.950698e+00  dt=9.140e-04  relΔE=4.974e-05  ||F||=2.566e-01
 step=  8000  E=3.275071775049e+02  Q=3.340000000000e+02  λ=1.893932e+00  dt=1.415e-03  relΔE=5.542e-05  ||F||=2.234e-01
 step=  8500  E=3.215412745868e+02  Q=3.340000000000e+02  λ=1.855907e+00  dt=1.095e-03  relΔE=2.891e-05  ||F||=1.747e-01
 step=  9000  E=3.176019808173e+02  Q=3.340000000000e+02  λ=1.830129e+00  dt=8.475e-04  relΔE=1.394e-05  ||F||=1.370e-01
 step=  9500  E=3.152401206305e+02  Q=3.340000000000e+02  λ=1.814189e+00  dt=1.312e-03  relΔE=1.285e-05  ||F||=1.053e-01
 step= 10000  E=3.138855707497e+02  Q=3.340000000000e+02  λ=1.804677e+00  dt=1.015e-03  relΔE=5.785e-06  ||F||=8.016e-02
 step= 10500  E=3.130864006183e+02  Q=3.340000000000e+02  λ=1.798795e+00  dt=7.858e-04  relΔE=2.512e-06  ||F||=5.996e-02
 step= 11000  E=3.126581170885e+02  Q=3.340000000000e+02  λ=1.795455e+00  dt=1.216e-03  relΔE=2.164e-06  ||F||=4.469e-02
 step= 11500  E=3.124165361672e+02  Q=3.340000000000e+02  λ=1.793431e+00  dt=9.414e-04  relΔE=9.208e-07  ||F||=3.311e-02
 step= 12000  E=3.122815369506e+02  Q=3.340000000000e+02  λ=1.792201e+00  dt=1.457e-03  relΔE=6.795e-07  ||F||=8.087e-02
 step= 12500  E=3.122120256309e+02  Q=3.340000000000e+02  λ=1.791497e+00  dt=1.128e-03  relΔE=3.292e-07  ||F||=1.807e-02
 step= 13000  E=3.121722982111e+02  Q=3.340000000000e+02  λ=1.791049e+00  dt=8.730e-04  relΔE=1.382e-07  ||F||=1.330e-02
 step= 13500  E=3.121507626897e+02  Q=3.340000000000e+02  λ=1.790776e+00  dt=1.351e-03  relΔE=1.167e-07  ||F||=9.818e-03
 step= 14000  E=3.121391809414e+02  Q=3.340000000000e+02  λ=1.790611e+00  dt=1.046e-03  relΔE=5.040e-08  ||F||=7.329e-03
 step= 14500  E=3.121325234179e+02  Q=3.340000000000e+02  λ=1.790506e+00  dt=8.095e-04  relΔE=2.174e-08  ||F||=5.466e-03
 step= 15000  E=3.121288413817e+02  Q=3.340000000000e+02  λ=1.790445e+00  dt=1.253e-03  relΔE=1.935e-08  ||F||=4.142e-03
 step= 15500  E=3.121266956381e+02  Q=3.340000000000e+02  λ=1.790408e+00  dt=9.698e-04  relΔE=8.912e-09  ||F||=3.193e-03
 step= 16000  E=3.121253570824e+02  Q=3.340000000000e+02  λ=1.790389e+00  dt=7.506e-04  relΔE=4.854e-09  ||F||=2.711e-03
 step= 16500  E=3.121245591643e+02  Q=3.340000000000e+02  λ=1.790381e+00  dt=1.162e-03  relΔE=4.279e-09  ||F||=2.021e-03
 step= 17000  E=3.121240055896e+02  Q=3.340000000000e+02  λ=1.790380e+00  dt=8.992e-04  relΔE=2.264e-09  ||F||=1.674e-03
 step= 17500  E=3.121236147778e+02  Q=3.340000000000e+02  λ=1.790385e+00  dt=1.392e-03  relΔE=2.525e-09  ||F||=1.429e-03
 step= 18000  E=3.121233351666e+02  Q=3.340000000000e+02  λ=1.790392e+00  dt=1.077e-03  relΔE=1.490e-09  ||F||=1.246e-03
 step= 18500  E=3.121231117544e+02  Q=3.340000000000e+02  λ=1.790401e+00  dt=8.338e-04  relΔE=9.057e-10  ||F||=1.108e-03
 step= 19000  E=3.121229353905e+02  Q=3.340000000000e+02  λ=1.790411e+00  dt=1.291e-03  relΔE=1.135e-09  ||F||=1.000e-03
 step= 19500  E=3.121227931132e+02  Q=3.340000000000e+02  λ=1.790422e+00  dt=9.989e-04  relΔE=7.273e-10  ||F||=9.130e-04
 step= 20000  E=3.121226701095e+02  Q=3.340000000000e+02  λ=1.790433e+00  dt=7.731e-04  relΔE=4.785e-10  ||F||=8.445e-04
 step= 20500  E=3.121225712807e+02  Q=3.340000000000e+02  λ=1.790444e+00  dt=1.197e-03  relΔE=6.159e-10  ||F||=7.724e-04
 step= 21000  E=3.121224855200e+02  Q=3.340000000000e+02  λ=1.790455e+00  dt=9.263e-04  relΔE=4.050e-10  ||F||=7.142e-04
 step= 21500  E=3.121224111522e+02  Q=3.340000000000e+02  λ=1.790466e+00  dt=1.434e-03  relΔE=5.311e-10  ||F||=7.614e-04
 step= 22000  E=3.121223505380e+02  Q=3.340000000000e+02  λ=1.790475e+00  dt=1.110e-03  relΔE=3.541e-10  ||F||=6.138e-04
 step= 22500  E=3.121222967243e+02  Q=3.340000000000e+02  λ=1.790485e+00  dt=8.589e-04  relΔE=2.344e-10  ||F||=5.694e-04
 step= 23000  E=3.121222509242e+02  Q=3.340000000000e+02  λ=1.790494e+00  dt=1.329e-03  relΔE=3.106e-10  ||F||=5.286e-04
 step= 23500  E=3.121222124501e+02  Q=3.340000000000e+02  λ=1.790502e+00  dt=1.029e-03  relΔE=2.066e-10  ||F||=4.917e-04
 step= 24000  E=3.121221790621e+02  Q=3.340000000000e+02  λ=1.790510e+00  dt=1.327e-03  relΔE=2.287e-10  ||F||=4.571e-04
 step= 24500  E=3.121221507221e+02  Q=3.340000000000e+02  λ=1.790517e+00  dt=1.027e-03  relΔE=1.522e-10  ||F||=4.254e-04
 step= 25000  E=3.121221254733e+02  Q=3.340000000000e+02  λ=1.790524e+00  dt=7.951e-04  relΔE=1.012e-10  ||F||=3.958e-04
 step= 25500  E=3.121221045684e+02  Q=3.340000000000e+02  λ=1.790531e+00  dt=1.231e-03  relΔE=1.338e-10  ||F||=3.674e-04
 step= 26000  E=3.121220864572e+02  Q=3.340000000000e+02  λ=1.790537e+00  dt=9.526e-04  relΔE=8.873e-11  ||F||=3.416e-04
 step= 26500  E=3.121220705073e+02  Q=3.340000000000e+02  λ=1.790543e+00  dt=1.475e-03  relΔE=5.892e-11  ||F||=1.960e-03
 step= 27000  E=3.121220575793e+02  Q=3.340000000000e+02  λ=1.790548e+00  dt=1.141e-03  relΔE=7.787e-11  ||F||=2.953e-04
 step= 27500  E=3.121220461018e+02  Q=3.340000000000e+02  λ=1.790553e+00  dt=8.833e-04  relΔE=5.147e-11  ||F||=2.744e-04
 step= 28000  E=3.121220362822e+02  Q=3.340000000000e+02  λ=1.790558e+00  dt=1.367e-03  relΔE=6.794e-11  ||F||=2.551e-04
 step= 28500  E=3.121220281267e+02  Q=3.340000000000e+02  λ=1.790562e+00  dt=1.058e-03  relΔE=4.499e-11  ||F||=2.374e-04
 step= 29000  E=3.121220209468e+02  Q=3.340000000000e+02  λ=1.790566e+00  dt=8.190e-04  relΔE=2.968e-11  ||F||=2.207e-04
 step= 29500  E=3.121220149436e+02  Q=3.340000000000e+02  λ=1.790570e+00  dt=1.268e-03  relΔE=3.907e-11  ||F||=2.052e-04
 step= 30000  E=3.121220098588e+02  Q=3.340000000000e+02  λ=1.790573e+00  dt=9.812e-04  relΔE=2.575e-11  ||F||=1.909e-04
 step= 30500  E=3.121220053831e+02  Q=3.340000000000e+02  λ=1.790576e+00  dt=7.594e-04  relΔE=1.771e-11  ||F||=1.810e-04
 step= 31000  E=3.121220017798e+02  Q=3.340000000000e+02  λ=1.790579e+00  dt=1.176e-03  relΔE=2.219e-11  ||F||=1.651e-04
 step= 31500  E=3.121219986277e+02  Q=3.340000000000e+02  λ=1.790582e+00  dt=9.098e-04  relΔE=1.452e-11  ||F||=1.535e-04
 step= 32000  E=3.121219959412e+02  Q=3.340000000000e+02  λ=1.790585e+00  dt=1.408e-03  relΔE=1.891e-11  ||F||=1.443e-04
 step= 32500  E=3.121219937602e+02  Q=3.340000000000e+02  λ=1.790587e+00  dt=1.090e-03  relΔE=1.237e-11  ||F||=1.329e-04
 step= 33000  E=3.121219918637e+02  Q=3.340000000000e+02  λ=1.790590e+00  dt=8.436e-04  relΔE=8.027e-12  ||F||=1.235e-04
 step= 33500  E=3.121219902876e+02  Q=3.340000000000e+02  λ=1.790592e+00  dt=1.306e-03  relΔE=1.039e-11  ||F||=1.148e-04
 step= 34000  E=3.121219889936e+02  Q=3.340000000000e+02  λ=1.790594e+00  dt=1.011e-03  relΔE=6.721e-12  ||F||=1.069e-04
 step= 34500  E=3.121219878765e+02  Q=3.340000000000e+02  λ=1.790596e+00  dt=7.823e-04  relΔE=4.338e-12  ||F||=9.956e-05
 step= 35000  E=3.121219869879e+02  Q=3.340000000000e+02  λ=1.790597e+00  dt=1.211e-03  relΔE=5.517e-12  ||F||=9.246e-05
 step= 35500  E=3.121219862419e+02  Q=3.340000000000e+02  λ=1.790599e+00  dt=9.372e-04  relΔE=3.505e-12  ||F||=8.600e-05
 step= 36000  E=3.121219856175e+02  Q=3.340000000000e+02  λ=1.790600e+00  dt=1.451e-03  relΔE=4.297e-12  ||F||=1.175e-04
 step= 36500  E=3.121219851370e+02  Q=3.340000000000e+02  λ=1.790602e+00  dt=1.123e-03  relΔE=2.769e-12  ||F||=7.442e-05
 step= 37000  E=3.121219847343e+02  Q=3.340000000000e+02  λ=1.790603e+00  dt=8.690e-04  relΔE=1.710e-12  ||F||=6.918e-05
 step= 37500  E=3.121219844162e+02  Q=3.340000000000e+02  λ=1.790604e+00  dt=1.345e-03  relΔE=2.085e-12  ||F||=6.432e-05
 step= 38000  E=3.121219841725e+02  Q=3.340000000000e+02  λ=1.790605e+00  dt=1.041e-03  relΔE=1.256e-12  ||F||=5.989e-05
 step= 38500  E=3.121219839794e+02  Q=3.340000000000e+02  λ=1.790606e+00  dt=8.058e-04  relΔE=7.349e-13  ||F||=5.567e-05
 step= 39000  E=3.121219838391e+02  Q=3.340000000000e+02  λ=1.790607e+00  dt=1.247e-03  relΔE=8.330e-13  ||F||=5.179e-05
 step= 39500  E=3.121219837381e+02  Q=3.340000000000e+02  λ=1.790608e+00  dt=9.654e-04  relΔE=4.506e-13  ||F||=4.821e-05
 step= 40000  E=3.121219836680e+02  Q=3.340000000000e+02  λ=1.790609e+00  dt=7.472e-04  relΔE=2.435e-13  ||F||=4.517e-05
 step= 40500  E=3.121219836284e+02  Q=3.340000000000e+02  λ=1.790610e+00  dt=1.157e-03  relΔE=1.874e-13  ||F||=4.171e-05
 step= 41000  E=3.121219836096e+02  Q=3.340000000000e+02  λ=1.790611e+00  dt=8.952e-04  relΔE=4.371e-14  ||F||=3.878e-05
  !! dt fell below dt_min: stiffness-limited termination.

Stationary candidate (aggressive): E=3.121219836074e+02, Q=3.340000000000e+02, maxρ=4.980032e-01

=== Stability test (damped inertial dynamics) ===
Perturb eps=0.02, gamma=1
t=0: E=3.283398389701e+02, Q=3.340000000000e+02, maxρ=5.143613e-01, σ=2.717693e+00, Rc=1.883376e+01
 step=     1  E=3.283397576914e+02  Q=3.340000000000e+02  λ=2.175792e+00  maxρ=5.143613e-01  minρ=1.000e-15  σ=2.717693e+00  Rc=1.883376e+01
 step=   300  E=3.250066700020e+02  Q=3.340000000000e+02  λ=2.073359e+00  maxρ=5.134890e-01  minρ=1.000e-15  σ=2.717690e+00  Rc=1.883376e+01
 step=   600  E=3.182982386397e+02  Q=3.340000000000e+02  λ=1.887753e+00  maxρ=5.110297e-01  minρ=1.000e-15  σ=2.717683e+00  Rc=1.883377e+01
 step=   900  E=3.143577405405e+02  Q=3.340000000000e+02  λ=1.828308e+00  maxρ=5.073923e-01  minρ=1.000e-15  σ=2.717682e+00  Rc=1.883376e+01
 step=  1200  E=3.158274025244e+02  Q=3.340000000000e+02  λ=1.934962e+00  maxρ=5.055943e-01  minρ=1.000e-15  σ=2.717686e+00  Rc=1.883376e+01
 step=  1500  E=3.198320238026e+02  Q=3.340000000000e+02  λ=2.051059e+00  maxρ=5.082280e-01  minρ=1.000e-15  σ=2.717688e+00  Rc=1.883375e+01
 step=  1800  E=3.218904074504e+02  Q=3.340000000000e+02  λ=2.037503e+00  maxρ=5.098565e-01  minρ=1.000e-15  σ=2.717685e+00  Rc=1.883375e+01
 step=  2100  E=3.207024560908e+02  Q=3.340000000000e+02  λ=1.936734e+00  maxρ=5.072635e-01  minρ=1.000e-15  σ=2.717681e+00  Rc=1.883375e+01
 step=  2400  E=3.185977681340e+02  Q=3.340000000000e+02  λ=1.889769e+00  maxρ=5.021018e-01  minρ=1.000e-15  σ=2.717682e+00  Rc=1.883375e+01
 step=  2700  E=3.180844819475e+02  Q=3.340000000000e+02  λ=1.944149e+00  maxρ=5.032383e-01  minρ=1.000e-15  σ=2.717685e+00  Rc=1.883375e+01
 step=  3000  E=3.191151431228e+02  Q=3.340000000000e+02  λ=2.010236e+00  maxρ=5.087016e-01  minρ=1.000e-15  σ=2.717687e+00  Rc=1.883375e+01
 step=  3300  E=3.198915734931e+02  Q=3.340000000000e+02  λ=1.998506e+00  maxρ=5.100038e-01  minρ=1.000e-15  σ=2.717683e+00  Rc=1.883375e+01
 step=  3600  E=3.194119237488e+02  Q=3.340000000000e+02  λ=1.934032e+00  maxρ=5.088724e-01  minρ=1.000e-15  σ=2.717678e+00  Rc=1.883375e+01
 step=  3900  E=3.184133320978e+02  Q=3.340000000000e+02  λ=1.904606e+00  maxρ=5.088771e-01  minρ=1.000e-15  σ=2.717679e+00  Rc=1.883375e+01
 step=  4200  E=3.180399841924e+02  Q=3.340000000000e+02  λ=1.936646e+00  maxρ=5.071122e-01  minρ=1.000e-15  σ=2.717684e+00  Rc=1.883375e+01
 step=  4500  E=3.183953394721e+02  Q=3.340000000000e+02  λ=1.972241e+00  maxρ=5.058117e-01  minρ=1.000e-15  σ=2.717686e+00  Rc=1.883374e+01
 step=  4800  E=3.187239436929e+02  Q=3.340000000000e+02  λ=1.960421e+00  maxρ=5.079090e-01  minρ=1.000e-15  σ=2.717682e+00  Rc=1.883374e+01
 step=  5100  E=3.185599422118e+02  Q=3.340000000000e+02  λ=1.923102e+00  maxρ=5.085935e-01  minρ=1.000e-15  σ=2.717677e+00  Rc=1.883374e+01
 step=  5400  E=3.181824695212e+02  Q=3.340000000000e+02  λ=1.912660e+00  maxρ=5.080017e-01  minρ=1.000e-15  σ=2.717676e+00  Rc=1.883374e+01
 step=  5700  E=3.180217890332e+02  Q=3.340000000000e+02  λ=1.936160e+00  maxρ=5.062764e-01  minρ=1.000e-15  σ=2.717679e+00  Rc=1.883373e+01
 step=  6000  E=3.180715943493e+02  Q=3.340000000000e+02  λ=1.953555e+00  maxρ=5.042883e-01  minρ=1.000e-15  σ=2.717681e+00  Rc=1.883373e+01
 >>> No runaway detected in this horizon. Likely stable (within this model & box).

STABILITY: PASS
