
=== Aggressive relaxation to Q = 935 ===
Initial: E=2.902448704705e+03, Q=9.350000000000e+02, dt=1.000e-04
 step=     1  E=2.902253304826e+03  Q=9.350000000000e+02  λ=6.177362e+00  dt=1.000e-04  relΔE=6.732e-05  ||F||=1.446e+00
 step=   500  E=2.687643314324e+03  Q=9.350000000000e+02  λ=5.706397e+00  dt=6.192e-04  relΔE=2.736e-04  ||F||=1.235e+00
 step=  1000  E=2.214185564482e+03  Q=9.350000000000e+02  λ=4.664987e+00  dt=9.584e-04  relΔE=2.721e-04  ||F||=8.985e-01
 step=  1500  E=1.914134898496e+03  Q=9.350000000000e+02  λ=4.011727e+00  dt=7.418e-04  relΔE=2.649e-04  ||F||=2.817e+00
 step=  2000  E=1.717983089150e+03  Q=9.350000000000e+02  λ=3.582109e+00  dt=1.148e-03  relΔE=2.001e-04  ||F||=6.199e-01
 step=  2500  E=1.567471283838e+03  Q=9.350000000000e+02  λ=3.256529e+00  dt=7.406e-04  relΔE=1.081e-04  ||F||=5.420e-01
 step=  3000  E=1.452157761941e+03  Q=9.350000000000e+02  λ=3.008687e+00  dt=1.146e-03  relΔE=1.436e-04  ||F||=4.832e-01
 step=  3500  E=1.357668639796e+03  Q=9.350000000000e+02  λ=2.806199e+00  dt=7.394e-04  relΔE=8.062e-05  ||F||=4.359e-01
 step=  4000  E=1.281180162050e+03  Q=9.350000000000e+02  λ=2.643173e+00  dt=1.145e-03  relΔE=1.107e-04  ||F||=3.988e-01
 step=  4500  E=1.214255482993e+03  Q=9.350000000000e+02  λ=2.500922e+00  dt=8.858e-04  relΔE=7.754e-05  ||F||=3.694e-01
 step=  5000  E=1.155915556956e+03  Q=9.350000000000e+02  λ=2.377573e+00  dt=1.371e-03  relΔE=1.122e-04  ||F||=3.486e-01
 step=  5500  E=1.104379763679e+03  Q=9.350000000000e+02  λ=2.268807e+00  dt=1.061e-03  relΔE=8.412e-05  ||F||=3.352e-01
 step=  6000  E=1.054488636444e+03  Q=9.350000000000e+02  λ=2.163576e+00  dt=8.214e-04  relΔE=6.473e-05  ||F||=3.266e-01
 step=  6500  E=1.007844805864e+03  Q=9.350000000000e+02  λ=2.064899e+00  dt=1.271e-03  relΔE=9.925e-05  ||F||=3.178e-01
 step=  7000  E=9.646149406051e+02  Q=9.350000000000e+02  λ=1.972538e+00  dt=9.841e-04  relΔE=7.348e-05  ||F||=3.041e-01
 step=  7500  E=9.248748824702e+02  Q=9.350000000000e+02  λ=1.886717e+00  dt=7.616e-04  relΔE=5.242e-05  ||F||=2.861e-01
 step=  8000  E=8.940664789383e+02  Q=9.350000000000e+02  λ=1.819540e+00  dt=1.179e-03  relΔE=6.321e-05  ||F||=2.481e-01
 step=  8500  E=8.703081007709e+02  Q=9.350000000000e+02  λ=1.767216e+00  dt=9.125e-04  relΔE=3.566e-05  ||F||=2.089e-01
 step=  9000  E=8.539807300999e+02  Q=9.350000000000e+02  λ=1.731047e+00  dt=1.412e-03  relΔE=3.654e-05  ||F||=1.719e-01
 step=  9500  E=8.440115499529e+02  Q=9.350000000000e+02  λ=1.708801e+00  dt=1.093e-03  relΔE=1.774e-05  ||F||=1.326e-01
 step= 10000  E=8.378259540011e+02  Q=9.350000000000e+02  λ=1.694933e+00  dt=8.461e-04  relΔE=8.042e-06  ||F||=1.011e-01
 step= 10500  E=8.343068221028e+02  Q=9.350000000000e+02  λ=1.687010e+00  dt=1.310e-03  relΔE=7.038e-06  ||F||=7.585e-02
 step= 11000  E=8.323774379858e+02  Q=9.350000000000e+02  λ=1.682630e+00  dt=1.014e-03  relΔE=3.035e-06  ||F||=5.654e-02
 step= 11500  E=8.312827862891e+02  Q=9.350000000000e+02  λ=1.680125e+00  dt=7.845e-04  relΔE=1.268e-06  ||F||=4.151e-02
 step= 12000  E=8.307181185136e+02  Q=9.350000000000e+02  λ=1.678818e+00  dt=1.214e-03  relΔE=1.052e-06  ||F||=3.037e-02
 step= 12500  E=8.304102155344e+02  Q=9.350000000000e+02  λ=1.678092e+00  dt=9.399e-04  relΔE=4.330e-07  ||F||=2.214e-02
 step= 13000  E=8.302438056965e+02  Q=9.350000000000e+02  λ=1.677691e+00  dt=1.455e-03  relΔE=3.354e-07  ||F||=3.387e-02
 step= 13500  E=8.301605749729e+02  Q=9.350000000000e+02  λ=1.677483e+00  dt=1.126e-03  relΔE=1.451e-07  ||F||=1.169e-02
 step= 14000  E=8.301146702671e+02  Q=9.350000000000e+02  λ=1.677363e+00  dt=8.715e-04  relΔE=5.898e-08  ||F||=8.465e-03
 step= 14500  E=8.300905349452e+02  Q=9.350000000000e+02  λ=1.677296e+00  dt=1.349e-03  relΔE=4.809e-08  ||F||=6.138e-03
 step= 15000  E=8.300780252665e+02  Q=9.350000000000e+02  λ=1.677258e+00  dt=1.044e-03  relΔE=2.003e-08  ||F||=4.496e-03
 step= 15500  E=8.300711082941e+02  Q=9.350000000000e+02  λ=1.677236e+00  dt=8.081e-04  relΔE=8.265e-09  ||F||=3.278e-03
 step= 16000  E=8.300674686346e+02  Q=9.350000000000e+02  λ=1.677222e+00  dt=1.251e-03  relΔE=6.991e-09  ||F||=2.420e-03
 step= 16500  E=8.300654591253e+02  Q=9.350000000000e+02  λ=1.677214e+00  dt=9.682e-04  relΔE=3.019e-09  ||F||=1.805e-03
 step= 17000  E=8.300642938289e+02  Q=9.350000000000e+02  λ=1.677209e+00  dt=7.493e-04  relΔE=1.472e-09  ||F||=1.447e-03
 step= 17500  E=8.300636573033e+02  Q=9.350000000000e+02  λ=1.677206e+00  dt=1.160e-03  relΔE=1.215e-09  ||F||=1.047e-03
 step= 18000  E=8.300632592979e+02  Q=9.350000000000e+02  λ=1.677204e+00  dt=8.978e-04  relΔE=5.752e-10  ||F||=8.209e-04
 step= 18500  E=8.300630095485e+02  Q=9.350000000000e+02  λ=1.677202e+00  dt=1.390e-03  relΔE=5.672e-10  ||F||=6.618e-04
 step= 19000  E=8.300628516690e+02  Q=9.350000000000e+02  λ=1.677201e+00  dt=1.076e-03  relΔE=2.962e-10  ||F||=5.456e-04
 step= 19500  E=8.300627400863e+02  Q=9.350000000000e+02  λ=1.677201e+00  dt=8.324e-04  relΔE=1.590e-10  ||F||=4.595e-04
 step= 20000  E=8.300626622991e+02  Q=9.350000000000e+02  λ=1.677201e+00  dt=1.289e-03  relΔE=1.771e-10  ||F||=3.948e-04
 step= 20500  E=8.300626061430e+02  Q=9.350000000000e+02  λ=1.677201e+00  dt=9.973e-04  relΔE=1.017e-10  ||F||=3.450e-04
 step= 21000  E=8.300625626800e+02  Q=9.350000000000e+02  λ=1.677201e+00  dt=7.719e-04  relΔE=6.009e-11  ||F||=3.061e-04
 step= 21500  E=8.300625312259e+02  Q=9.350000000000e+02  λ=1.677201e+00  dt=1.195e-03  relΔE=7.007e-11  ||F||=2.703e-04
 step= 22000  E=8.300625064248e+02  Q=9.350000000000e+02  λ=1.677201e+00  dt=9.248e-04  relΔE=4.172e-11  ||F||=2.414e-04
 step= 22500  E=8.300624869904e+02  Q=9.350000000000e+02  λ=1.677201e+00  dt=1.431e-03  relΔE=4.947e-11  ||F||=2.464e-04
 step= 23000  E=8.300624726385e+02  Q=9.350000000000e+02  λ=1.677202e+00  dt=1.108e-03  relΔE=2.994e-11  ||F||=1.946e-04
 step= 23500  E=8.300624611050e+02  Q=9.350000000000e+02  λ=1.677202e+00  dt=8.575e-04  relΔE=1.788e-11  ||F||=1.750e-04
 step= 24000  E=8.300624522672e+02  Q=9.350000000000e+02  λ=1.677202e+00  dt=1.327e-03  relΔE=2.129e-11  ||F||=1.576e-04
 step= 24500  E=8.300624456072e+02  Q=9.350000000000e+02  λ=1.677202e+00  dt=1.027e-03  relΔE=1.267e-11  ||F||=1.424e-04
 step= 25000  E=8.300624403349e+02  Q=9.350000000000e+02  λ=1.677203e+00  dt=7.951e-04  relΔE=7.458e-12  ||F||=1.284e-04
 step= 25500  E=8.300624364927e+02  Q=9.350000000000e+02  λ=1.677203e+00  dt=1.231e-03  relΔE=8.651e-12  ||F||=1.158e-04
 step= 26000  E=8.300624335852e+02  Q=9.350000000000e+02  λ=1.677203e+00  dt=9.526e-04  relΔE=4.960e-12  ||F||=1.046e-04
 step= 26500  E=8.300624313962e+02  Q=9.350000000000e+02  λ=1.677203e+00  dt=1.475e-03  relΔE=1.692e-12  ||F||=5.055e-04
 step= 27000  E=8.300624299128e+02  Q=9.350000000000e+02  λ=1.677203e+00  dt=1.141e-03  relΔE=3.036e-12  ||F||=8.526e-05
 step= 27500  E=8.300624288463e+02  Q=9.350000000000e+02  λ=1.677203e+00  dt=8.833e-04  relΔE=1.580e-12  ||F||=7.692e-05
 step= 28000  E=8.300624281495e+02  Q=9.350000000000e+02  λ=1.677204e+00  dt=1.367e-03  relΔE=1.527e-12  ||F||=6.940e-05
 step= 28500  E=8.300624277470e+02  Q=9.350000000000e+02  λ=1.677204e+00  dt=1.058e-03  relΔE=6.533e-13  ||F||=6.278e-05
 step= 29000  E=8.300624275466e+02  Q=9.350000000000e+02  λ=1.677204e+00  dt=8.190e-04  relΔE=1.865e-13  ||F||=5.663e-05
  !! dt fell below dt_min: stiffness-limited termination.

Stationary candidate (aggressive): E=8.300624275063e+02, Q=9.350000000000e+02, maxρ=8.781866e-01

=== Stability test (damped inertial dynamics) ===
Perturb eps=0.02, gamma=1
t=0: E=8.753325150134e+02, Q=9.350000000000e+02, maxρ=9.063219e-01, σ=2.437490e+00, Rc=1.886822e+01
 step=     1  E=8.753322883915e+02  Q=9.350000000000e+02  λ=2.060715e+00  maxρ=9.063219e-01  minρ=1.000e-15  σ=2.437490e+00  Rc=1.886822e+01
 step=   300  E=8.660382531826e+02  Q=9.350000000000e+02  λ=1.958843e+00  maxρ=9.047841e-01  minρ=1.000e-15  σ=2.437486e+00  Rc=1.886822e+01
 step=   600  E=8.473257435690e+02  Q=9.350000000000e+02  λ=1.774155e+00  maxρ=9.004487e-01  minρ=1.000e-15  σ=2.437480e+00  Rc=1.886823e+01
 step=   900  E=8.363186859355e+02  Q=9.350000000000e+02  λ=1.714761e+00  maxρ=8.940369e-01  minρ=1.000e-15  σ=2.437478e+00  Rc=1.886822e+01
 step=  1200  E=8.403965765600e+02  Q=9.350000000000e+02  λ=1.820606e+00  maxρ=8.908739e-01  minρ=1.000e-15  σ=2.437481e+00  Rc=1.886822e+01
 step=  1500  E=8.515612449702e+02  Q=9.350000000000e+02  λ=1.936200e+00  maxρ=8.960264e-01  minρ=1.000e-15  σ=2.437484e+00  Rc=1.886821e+01
 step=  1800  E=8.573169939477e+02  Q=9.350000000000e+02  λ=1.923111e+00  maxρ=8.988956e-01  minρ=1.000e-15  σ=2.437482e+00  Rc=1.886821e+01
 step=  2100  E=8.540169371748e+02  Q=9.350000000000e+02  λ=1.823067e+00  maxρ=8.943212e-01  minρ=1.000e-15  σ=2.437478e+00  Rc=1.886821e+01
 step=  2400  E=8.481430276925e+02  Q=9.350000000000e+02  λ=1.776059e+00  maxρ=8.854382e-01  minρ=1.000e-15  σ=2.437478e+00  Rc=1.886821e+01
 step=  2700  E=8.467027374611e+02  Q=9.350000000000e+02  λ=1.829736e+00  maxρ=8.872406e-01  minρ=1.000e-15  σ=2.437481e+00  Rc=1.886821e+01
 step=  3000  E=8.495853029944e+02  Q=9.350000000000e+02  λ=1.895503e+00  maxρ=8.967212e-01  minρ=1.000e-15  σ=2.437482e+00  Rc=1.886821e+01
 step=  3300  E=8.517724239970e+02  Q=9.350000000000e+02  λ=1.884323e+00  maxρ=8.990116e-01  minρ=1.000e-15  σ=2.437479e+00  Rc=1.886821e+01
 step=  3600  E=8.504420807648e+02  Q=9.350000000000e+02  λ=1.820526e+00  maxρ=8.973790e-01  minρ=1.000e-15  σ=2.437475e+00  Rc=1.886821e+01
 step=  3900  E=8.476356107765e+02  Q=9.350000000000e+02  λ=1.790984e+00  maxρ=8.973845e-01  minρ=1.000e-15  σ=2.437476e+00  Rc=1.886821e+01
 step=  4200  E=8.465673625530e+02  Q=9.350000000000e+02  λ=1.822294e+00  maxρ=8.942691e-01  minρ=1.000e-15  σ=2.437480e+00  Rc=1.886820e+01
 step=  4500  E=8.475606614698e+02  Q=9.350000000000e+02  λ=1.857546e+00  maxρ=8.919122e-01  minρ=1.000e-15  σ=2.437481e+00  Rc=1.886820e+01
 step=  4800  E=8.485089626156e+02  Q=9.350000000000e+02  λ=1.846221e+00  maxρ=8.954965e-01  minρ=1.000e-15  σ=2.437477e+00  Rc=1.886820e+01
 step=  5100  E=8.480742561314e+02  Q=9.350000000000e+02  λ=1.809555e+00  maxρ=8.968093e-01  minρ=1.000e-15  σ=2.437473e+00  Rc=1.886820e+01
 step=  5400  E=8.470034853603e+02  Q=9.350000000000e+02  λ=1.799069e+00  maxρ=8.957606e-01  minρ=1.000e-15  σ=2.437472e+00  Rc=1.886819e+01
 step=  5700  E=8.465133230701e+02  Q=9.350000000000e+02  λ=1.821927e+00  maxρ=8.927135e-01  minρ=1.000e-15  σ=2.437476e+00  Rc=1.886819e+01
 step=  6000  E=8.466348545847e+02  Q=9.350000000000e+02  λ=1.838947e+00  maxρ=8.892202e-01  minρ=1.000e-15  σ=2.437477e+00  Rc=1.886819e+01
 >>> No runaway detected in this horizon. Likely stable (within this model & box).

STABILITY: PASS
