
=== Aggressive relaxation to Q = 1671 ===
Initial: E=5.200584284293e+03, Q=1.671000000000e+03, dt=1.000e-04
 step=     1  E=5.200213049539e+03  Q=1.671000000000e+03  λ=6.330934e+00  dt=1.000e-04  relΔE=7.138e-05  ||F||=1.491e+00
 step=   500  E=4.790665890978e+03  Q=1.671000000000e+03  λ=5.799731e+00  dt=6.192e-04  relΔE=2.934e-04  ||F||=1.277e+00
 step=  1000  E=3.896518627906e+03  Q=1.671000000000e+03  λ=4.654913e+00  dt=9.584e-04  relΔE=2.867e-04  ||F||=9.152e-01
 step=  1500  E=3.347980356270e+03  Q=1.671000000000e+03  λ=3.961981e+00  dt=7.418e-04  relΔE=2.133e-04  ||F||=1.218e+00
 step=  2000  E=2.996857866508e+03  Q=1.671000000000e+03  λ=3.522150e+00  dt=1.148e-03  relΔE=2.039e-04  ||F||=6.183e-01
 step=  2500  E=2.730682338607e+03  Q=1.671000000000e+03  λ=3.191139e+00  dt=7.406e-04  relΔE=1.092e-04  ||F||=5.378e-01
 step=  3000  E=2.528512192883e+03  Q=1.671000000000e+03  λ=2.941736e+00  dt=1.146e-03  relΔE=1.441e-04  ||F||=4.778e-01
 step=  3500  E=2.362150418709e+03  Q=1.671000000000e+03  λ=2.737437e+00  dt=8.873e-04  relΔE=9.638e-05  ||F||=4.293e-01
 step=  4000  E=2.225903263497e+03  Q=1.671000000000e+03  λ=2.571195e+00  dt=1.373e-03  relΔE=1.313e-04  ||F||=3.912e-01
 step=  4500  E=2.114151637744e+03  Q=1.671000000000e+03  λ=2.435301e+00  dt=1.063e-03  relΔE=9.180e-05  ||F||=3.621e-01
 step=  5000  E=2.013832063729e+03  Q=1.671000000000e+03  λ=2.313868e+00  dt=8.227e-04  relΔE=6.613e-05  ||F||=3.410e-01
 step=  5500  E=1.924522531131e+03  Q=1.671000000000e+03  λ=2.206230e+00  dt=1.274e-03  relΔE=9.882e-05  ||F||=3.275e-01
 step=  6000  E=1.841264223294e+03  Q=1.671000000000e+03  λ=2.105801e+00  dt=9.857e-04  relΔE=7.632e-05  ||F||=3.200e-01
 step=  6500  E=1.758149948803e+03  Q=1.671000000000e+03  λ=2.005292e+00  dt=7.629e-04  relΔE=6.159e-05  ||F||=3.195e-01
 step=  7000  E=1.682958483023e+03  Q=1.671000000000e+03  λ=1.914153e+00  dt=1.181e-03  relΔE=9.004e-05  ||F||=3.036e-01
 step=  7500  E=1.612863016435e+03  Q=1.671000000000e+03  λ=1.829161e+00  dt=9.140e-04  relΔE=6.332e-05  ||F||=2.833e-01
 step=  8000  E=1.553916029041e+03  Q=1.671000000000e+03  λ=1.758439e+00  dt=1.415e-03  relΔE=7.992e-05  ||F||=2.598e-01
 step=  8500  E=1.511360589708e+03  Q=1.671000000000e+03  λ=1.708284e+00  dt=1.095e-03  relΔE=4.575e-05  ||F||=2.130e-01
 step=  9000  E=1.481186984631e+03  Q=1.671000000000e+03  λ=1.673761e+00  dt=8.475e-04  relΔE=2.350e-05  ||F||=1.718e-01
 step=  9500  E=1.462349035135e+03  Q=1.671000000000e+03  λ=1.653076e+00  dt=1.312e-03  relΔE=2.245e-05  ||F||=1.341e-01
 step= 10000  E=1.451282432702e+03  Q=1.671000000000e+03  λ=1.641514e+00  dt=1.015e-03  relΔE=1.026e-05  ||F||=1.026e-01
 step= 10500  E=1.444720604491e+03  Q=1.671000000000e+03  λ=1.635104e+00  dt=7.858e-04  relΔE=4.472e-06  ||F||=7.685e-02
 step= 11000  E=1.441206558126e+03  Q=1.671000000000e+03  λ=1.631960e+00  dt=1.216e-03  relΔE=3.844e-06  ||F||=5.718e-02
 step= 11500  E=1.439231557661e+03  Q=1.671000000000e+03  λ=1.630375e+00  dt=9.414e-04  relΔE=1.631e-06  ||F||=4.231e-02
 step= 12000  E=1.438129490139e+03  Q=1.671000000000e+03  λ=1.629609e+00  dt=1.457e-03  relΔE=1.230e-06  ||F||=9.566e-02
 step= 12500  E=1.437558598098e+03  Q=1.671000000000e+03  λ=1.629263e+00  dt=1.128e-03  relΔE=5.903e-07  ||F||=2.323e-02
 step= 13000  E=1.437227648871e+03  Q=1.671000000000e+03  λ=1.629089e+00  dt=8.730e-04  relΔE=2.544e-07  ||F||=1.733e-02
 step= 13500  E=1.437041430856e+03  Q=1.671000000000e+03  λ=1.628991e+00  dt=1.351e-03  relΔE=2.247e-07  ||F||=1.309e-02
 step= 14000  E=1.436935698962e+03  Q=1.671000000000e+03  λ=1.628924e+00  dt=1.046e-03  relΔE=1.039e-07  ||F||=1.012e-02
 step= 14500  E=1.436869737739e+03  Q=1.671000000000e+03  λ=1.628862e+00  dt=8.095e-04  relΔE=4.934e-08  ||F||=7.925e-03
 step= 15000  E=1.436829281894e+03  Q=1.671000000000e+03  λ=1.628802e+00  dt=1.253e-03  relΔE=4.935e-08  ||F||=6.373e-03
 step= 15500  E=1.436802495711e+03  Q=1.671000000000e+03  λ=1.628742e+00  dt=9.698e-04  relΔE=2.584e-08  ||F||=5.244e-03
 step= 16000  E=1.436783478804e+03  Q=1.671000000000e+03  λ=1.628679e+00  dt=7.506e-04  relΔE=1.521e-08  ||F||=4.595e-03
 step= 16500  E=1.436770599059e+03  Q=1.671000000000e+03  λ=1.628622e+00  dt=1.162e-03  relΔE=1.588e-08  ||F||=3.763e-03
 step= 17000  E=1.436760687796e+03  Q=1.671000000000e+03  λ=1.628564e+00  dt=8.992e-04  relΔE=9.202e-09  ||F||=3.259e-03
 step= 17500  E=1.436753158040e+03  Q=1.671000000000e+03  λ=1.628510e+00  dt=1.392e-03  relΔE=1.088e-08  ||F||=2.860e-03
 step= 18000  E=1.436747520853e+03  Q=1.671000000000e+03  λ=1.628461e+00  dt=1.077e-03  relΔE=6.588e-09  ||F||=2.526e-03
 step= 18500  E=1.436742964941e+03  Q=1.671000000000e+03  λ=1.628414e+00  dt=8.338e-04  relΔE=4.004e-09  ||F||=2.241e-03
 step= 19000  E=1.436739407914e+03  Q=1.671000000000e+03  λ=1.628372e+00  dt=1.291e-03  relΔE=4.910e-09  ||F||=1.998e-03
 step= 19500  E=1.436736619296e+03  Q=1.671000000000e+03  λ=1.628334e+00  dt=9.989e-04  relΔE=3.038e-09  ||F||=1.789e-03
 step= 20000  E=1.436734306158e+03  Q=1.671000000000e+03  λ=1.628298e+00  dt=7.731e-04  relΔE=1.908e-09  ||F||=1.614e-03
 step= 20500  E=1.436732537622e+03  Q=1.671000000000e+03  λ=1.628267e+00  dt=1.197e-03  relΔE=2.331e-09  ||F||=1.436e-03
 step= 21000  E=1.436731084017e+03  Q=1.671000000000e+03  λ=1.628239e+00  dt=9.263e-04  relΔE=1.448e-09  ||F||=1.289e-03
 step= 21500  E=1.436729895600e+03  Q=1.671000000000e+03  λ=1.628213e+00  dt=1.434e-03  relΔE=1.786e-09  ||F||=1.337e-03
 step= 22000  E=1.436728983756e+03  Q=1.671000000000e+03  λ=1.628191e+00  dt=1.110e-03  relΔE=1.122e-09  ||F||=1.041e-03
 step= 22500  E=1.436728222344e+03  Q=1.671000000000e+03  λ=1.628170e+00  dt=8.589e-04  relΔE=6.974e-10  ||F||=9.348e-04
 step= 23000  E=1.436727613985e+03  Q=1.671000000000e+03  λ=1.628152e+00  dt=1.329e-03  relΔE=8.674e-10  ||F||=8.401e-04
 step= 23500  E=1.436727134177e+03  Q=1.671000000000e+03  λ=1.628135e+00  dt=1.029e-03  relΔE=5.419e-10  ||F||=7.569e-04
 step= 24000  E=1.436726743249e+03  Q=1.671000000000e+03  λ=1.628121e+00  dt=1.327e-03  relΔE=5.630e-10  ||F||=6.814e-04
 step= 24500  E=1.436726431818e+03  Q=1.671000000000e+03  λ=1.628108e+00  dt=1.027e-03  relΔE=3.517e-10  ||F||=6.142e-04
 step= 25000  E=1.436726171695e+03  Q=1.671000000000e+03  λ=1.628095e+00  dt=7.951e-04  relΔE=2.193e-10  ||F||=5.534e-04
 step= 25500  E=1.436725970172e+03  Q=1.671000000000e+03  λ=1.628085e+00  dt=1.231e-03  relΔE=2.715e-10  ||F||=4.971e-04
 step= 26000  E=1.436725806040e+03  Q=1.671000000000e+03  λ=1.628075e+00  dt=9.526e-04  relΔE=1.687e-10  ||F||=4.474e-04
 step= 26500  E=1.436725670988e+03  Q=1.671000000000e+03  λ=1.628067e+00  dt=1.475e-03  relΔE=9.936e-11  ||F||=2.561e-03
 step= 27000  E=1.436725568622e+03  Q=1.671000000000e+03  λ=1.628059e+00  dt=1.141e-03  relΔE=1.298e-10  ||F||=3.626e-04
 step= 27500  E=1.436725483317e+03  Q=1.671000000000e+03  λ=1.628052e+00  dt=8.833e-04  relΔE=8.013e-11  ||F||=3.261e-04
 step= 28000  E=1.436725415229e+03  Q=1.671000000000e+03  λ=1.628046e+00  dt=1.367e-03  relΔE=9.879e-11  ||F||=2.934e-04
 step= 28500  E=1.436725362465e+03  Q=1.671000000000e+03  λ=1.628040e+00  dt=1.058e-03  relΔE=6.118e-11  ||F||=2.646e-04
 step= 29000  E=1.436725318980e+03  Q=1.671000000000e+03  λ=1.628035e+00  dt=8.190e-04  relΔE=3.758e-11  ||F||=2.380e-04
 step= 29500  E=1.436725285146e+03  Q=1.671000000000e+03  λ=1.628031e+00  dt=1.268e-03  relΔE=4.612e-11  ||F||=2.142e-04
 step= 30000  E=1.436725258456e+03  Q=1.671000000000e+03  λ=1.628027e+00  dt=9.812e-04  relΔE=2.829e-11  ||F||=1.931e-04
 step= 30500  E=1.436725236631e+03  Q=1.671000000000e+03  λ=1.628023e+00  dt=7.594e-04  relΔE=1.807e-11  ||F||=1.771e-04
 step= 31000  E=1.436725220341e+03  Q=1.671000000000e+03  λ=1.628020e+00  dt=1.176e-03  relΔE=2.097e-11  ||F||=1.565e-04
 step= 31500  E=1.436725207148e+03  Q=1.671000000000e+03  λ=1.628017e+00  dt=9.098e-04  relΔE=1.266e-11  ||F||=1.408e-04
 step= 32000  E=1.436725196789e+03  Q=1.671000000000e+03  λ=1.628014e+00  dt=1.408e-03  relΔE=1.516e-11  ||F||=1.282e-04
 step= 32500  E=1.436725189064e+03  Q=1.671000000000e+03  λ=1.628012e+00  dt=1.090e-03  relΔE=9.105e-12  ||F||=1.143e-04
 step= 33000  E=1.436725182920e+03  Q=1.671000000000e+03  λ=1.628010e+00  dt=8.436e-04  relΔE=5.377e-12  ||F||=1.028e-04
 step= 33500  E=1.436725178287e+03  Q=1.671000000000e+03  λ=1.628008e+00  dt=1.306e-03  relΔE=6.291e-12  ||F||=9.254e-05
 step= 34000  E=1.436725174861e+03  Q=1.671000000000e+03  λ=1.628006e+00  dt=1.011e-03  relΔE=3.650e-12  ||F||=8.347e-05
 step= 34500  E=1.436725172229e+03  Q=1.671000000000e+03  λ=1.628004e+00  dt=7.823e-04  relΔE=2.077e-12  ||F||=7.517e-05
 step= 35000  E=1.436725170396e+03  Q=1.671000000000e+03  λ=1.628003e+00  dt=1.211e-03  relΔE=2.292e-12  ||F||=6.766e-05
 step= 35500  E=1.436725169080e+03  Q=1.671000000000e+03  λ=1.628002e+00  dt=9.372e-04  relΔE=1.226e-12  ||F||=6.094e-05
 step= 36000  E=1.436725168171e+03  Q=1.671000000000e+03  λ=1.628001e+00  dt=1.451e-03  relΔE=1.167e-12  ||F||=8.361e-05
 step= 36500  E=1.436725167630e+03  Q=1.671000000000e+03  λ=1.628000e+00  dt=1.123e-03  relΔE=5.745e-13  ||F||=4.944e-05
 step= 37000  E=1.436725167317e+03  Q=1.671000000000e+03  λ=1.627999e+00  dt=8.690e-04  relΔE=2.149e-13  ||F||=4.448e-05
 step= 37500  E=1.436725167197e+03  Q=1.671000000000e+03  λ=1.627998e+00  dt=1.345e-03  relΔE=6.758e-14  ||F||=4.004e-05
  !! dt fell below dt_min: stiffness-limited termination.

Stationary candidate (aggressive): E=1.436725167191e+03, Q=1.671000000000e+03, maxρ=1.118841e+00

=== Stability test (damped inertial dynamics) ===
Perturb eps=0.02, gamma=1
t=0: E=1.517886585340e+03, Q=1.671000000000e+03, maxρ=1.157430e+00, σ=2.509660e+00, Rc=1.885364e+01
 step=     1  E=1.517886178864e+03  Q=1.671000000000e+03  λ=2.012868e+00  maxρ=1.157430e+00  minρ=1.000e-15  σ=2.509660e+00  Rc=1.885364e+01
 step=   300  E=1.501216168802e+03  Q=1.671000000000e+03  λ=1.910596e+00  maxρ=1.155465e+00  minρ=1.000e-15  σ=2.509657e+00  Rc=1.885364e+01
 step=   600  E=1.467653431253e+03  Q=1.671000000000e+03  λ=1.725220e+00  maxρ=1.149925e+00  minρ=1.000e-15  σ=2.509651e+00  Rc=1.885364e+01
 step=   900  E=1.447912689315e+03  Q=1.671000000000e+03  λ=1.665685e+00  maxρ=1.141731e+00  minρ=1.000e-15  σ=2.509649e+00  Rc=1.885364e+01
 step=  1200  E=1.455231710414e+03  Q=1.671000000000e+03  λ=1.771997e+00  maxρ=1.137763e+00  minρ=1.000e-15  σ=2.509652e+00  Rc=1.885363e+01
 step=  1500  E=1.475269094134e+03  Q=1.671000000000e+03  λ=1.887961e+00  maxρ=1.142460e+00  minρ=1.000e-15  σ=2.509655e+00  Rc=1.885363e+01
 step=  1800  E=1.485614606216e+03  Q=1.671000000000e+03  λ=1.874697e+00  maxρ=1.146116e+00  minρ=1.000e-15  σ=2.509652e+00  Rc=1.885363e+01
 step=  2100  E=1.479716355183e+03  Q=1.671000000000e+03  λ=1.774297e+00  maxρ=1.140281e+00  minρ=1.000e-15  σ=2.509649e+00  Rc=1.885363e+01
 step=  2400  E=1.469176591452e+03  Q=1.671000000000e+03  λ=1.727310e+00  maxρ=1.128158e+00  minρ=1.000e-15  σ=2.509649e+00  Rc=1.885363e+01
 step=  2700  E=1.466550926679e+03  Q=1.671000000000e+03  λ=1.781306e+00  maxρ=1.131402e+00  minρ=1.000e-15  σ=2.509652e+00  Rc=1.885363e+01
 step=  3000  E=1.471664819468e+03  Q=1.671000000000e+03  λ=1.847134e+00  maxρ=1.145160e+00  minρ=1.000e-15  σ=2.509653e+00  Rc=1.885362e+01
 step=  3300  E=1.475567713380e+03  Q=1.671000000000e+03  λ=1.835588e+00  maxρ=1.148081e+00  minρ=1.000e-15  σ=2.509650e+00  Rc=1.885363e+01
 step=  3600  E=1.473223283406e+03  Q=1.671000000000e+03  λ=1.771495e+00  maxρ=1.143319e+00  minρ=1.000e-15  σ=2.509646e+00  Rc=1.885362e+01
 step=  3900  E=1.468256193663e+03  Q=1.671000000000e+03  λ=1.742176e+00  maxρ=1.143319e+00  minρ=1.000e-15  σ=2.509646e+00  Rc=1.885362e+01
 step=  4200  E=1.466362994824e+03  Q=1.671000000000e+03  λ=1.773947e+00  maxρ=1.139342e+00  minρ=1.000e-15  σ=2.509650e+00  Rc=1.885362e+01
 step=  4500  E=1.468096970900e+03  Q=1.671000000000e+03  λ=1.809256e+00  maxρ=1.136644e+00  minρ=1.000e-15  σ=2.509652e+00  Rc=1.885361e+01
 step=  4800  E=1.469729813591e+03  Q=1.671000000000e+03  λ=1.797465e+00  maxρ=1.141731e+00  minρ=1.000e-15  σ=2.509648e+00  Rc=1.885361e+01
 step=  5100  E=1.468936831638e+03  Q=1.671000000000e+03  λ=1.760409e+00  maxρ=1.142866e+00  minρ=1.000e-15  σ=2.509643e+00  Rc=1.885361e+01
 step=  5400  E=1.467074391549e+03  Q=1.671000000000e+03  λ=1.750122e+00  maxρ=1.141516e+00  minρ=1.000e-15  σ=2.509643e+00  Rc=1.885361e+01
 step=  5700  E=1.466262711851e+03  Q=1.671000000000e+03  λ=1.773513e+00  maxρ=1.137618e+00  minρ=1.000e-15  σ=2.509646e+00  Rc=1.885360e+01
 step=  6000  E=1.466484694124e+03  Q=1.671000000000e+03  λ=1.790717e+00  maxρ=1.133255e+00  minρ=1.000e-15  σ=2.509647e+00  Rc=1.885360e+01
 >>> No runaway detected in this horizon. Likely stable (within this model & box).

STABILITY: PASS
