
=== Aggressive relaxation to Q = 1497 ===
Initial: E=2.233521162713e+03, Q=1.497000000000e+03, dt=1.000e-04
 step=     1  E=2.233447968061e+03  Q=1.497000000000e+03  λ=3.054979e+00  dt=1.000e-04  relΔE=3.277e-05  ||F||=6.996e-01
 step=   500  E=2.149017347560e+03  Q=1.497000000000e+03  λ=2.906629e+00  dt=6.192e-04  relΔE=1.413e-04  ||F||=6.274e-01
 step=  1000  E=1.936392241990e+03  Q=1.497000000000e+03  λ=2.562861e+00  dt=9.584e-04  relΔE=1.615e-04  ||F||=5.116e-01
 step=  1500  E=1.775390449794e+03  Q=1.497000000000e+03  λ=2.319004e+00  dt=7.418e-04  relΔE=1.055e-04  ||F||=4.503e-01
 step=  2000  E=1.659474964071e+03  Q=1.497000000000e+03  λ=2.148940e+00  dt=1.148e-03  relΔE=1.299e-04  ||F||=3.879e-01
 step=  2500  E=1.564803248605e+03  Q=1.497000000000e+03  λ=2.012461e+00  dt=8.887e-04  relΔE=8.539e-05  ||F||=3.472e-01
 step=  3000  E=1.487141446454e+03  Q=1.497000000000e+03  λ=1.902210e+00  dt=1.376e-03  relΔE=1.136e-04  ||F||=3.453e-01
 step=  3500  E=1.425367372976e+03  Q=1.497000000000e+03  λ=1.815324e+00  dt=1.065e-03  relΔE=7.714e-05  ||F||=2.878e-01
 step=  4000  E=1.371499501778e+03  Q=1.497000000000e+03  λ=1.740258e+00  dt=8.241e-04  relΔE=5.267e-05  ||F||=2.651e-01
 step=  4500  E=1.325722024702e+03  Q=1.497000000000e+03  λ=1.677036e+00  dt=1.276e-03  relΔE=7.242e-05  ||F||=2.457e-01
 step=  5000  E=1.286924073023e+03  Q=1.497000000000e+03  λ=1.623742e+00  dt=9.873e-04  relΔE=5.037e-05  ||F||=2.294e-01
 step=  5500  E=1.251631627694e+03  Q=1.497000000000e+03  λ=1.575569e+00  dt=7.641e-04  relΔE=3.556e-05  ||F||=2.161e-01
 step=  6000  E=1.221609287526e+03  Q=1.497000000000e+03  λ=1.534866e+00  dt=1.183e-03  relΔE=4.970e-05  ||F||=2.029e-01
 step=  6500  E=1.194335169392e+03  Q=1.497000000000e+03  λ=1.498038e+00  dt=9.154e-04  relΔE=3.539e-05  ||F||=1.924e-01
 step=  7000  E=1.168988147166e+03  Q=1.497000000000e+03  λ=1.464252e+00  dt=1.417e-03  relΔE=4.431e-05  ||F||=7.383e-01
 step=  7500  E=1.147050459807e+03  Q=1.497000000000e+03  λ=1.434706e+00  dt=1.097e-03  relΔE=3.702e-05  ||F||=1.762e-01
 step=  8000  E=1.125883700227e+03  Q=1.497000000000e+03  λ=1.406538e+00  dt=8.488e-04  relΔE=2.726e-05  ||F||=1.703e-01
 step=  8500  E=1.105983134976e+03  Q=1.497000000000e+03  λ=1.380188e+00  dt=1.314e-03  relΔE=4.065e-05  ||F||=1.657e-01
 step=  9000  E=1.087503963385e+03  Q=1.497000000000e+03  λ=1.355750e+00  dt=1.017e-03  relΔE=3.075e-05  ||F||=1.624e-01
 step=  9500  E=1.068989936161e+03  Q=1.497000000000e+03  λ=1.331296e+00  dt=7.871e-04  relΔE=2.371e-05  ||F||=1.607e-01
 step= 10000  E=1.051306623762e+03  Q=1.497000000000e+03  λ=1.307943e+00  dt=1.218e-03  relΔE=3.652e-05  ||F||=1.590e-01
 step= 10500  E=1.033824913477e+03  Q=1.497000000000e+03  λ=1.284758e+00  dt=9.430e-04  relΔE=2.857e-05  ||F||=1.585e-01
 step= 11000  E=1.015745113421e+03  Q=1.497000000000e+03  λ=1.260665e+00  dt=7.298e-04  relΔE=2.557e-05  ||F||=1.705e-01
 step= 11500  E=9.986942215393e+02  Q=1.497000000000e+03  λ=1.237814e+00  dt=1.130e-03  relΔE=3.527e-05  ||F||=1.581e-01
 step= 12000  E=9.811281887864e+02  Q=1.497000000000e+03  λ=1.214088e+00  dt=8.744e-04  relΔE=2.751e-05  ||F||=1.573e-01
 step= 12500  E=9.637645947809e+02  Q=1.497000000000e+03  λ=1.190513e+00  dt=1.353e-03  relΔE=4.223e-05  ||F||=1.572e-01
 step= 13000  E=9.475406141220e+02  Q=1.497000000000e+03  λ=1.168341e+00  dt=1.048e-03  relΔE=3.174e-05  ||F||=1.517e-01
 step= 13500  E=9.318121520785e+02  Q=1.497000000000e+03  λ=1.146788e+00  dt=8.108e-04  relΔE=2.320e-05  ||F||=1.462e-01
 step= 14000  E=9.176087007341e+02  Q=1.497000000000e+03  λ=1.127343e+00  dt=1.255e-03  relΔE=3.264e-05  ||F||=1.383e-01
 step= 14500  E=9.052460392501e+02  Q=1.497000000000e+03  λ=1.110438e+00  dt=9.713e-04  relΔE=2.223e-05  ||F||=1.289e-01
 step= 15000  E=8.943285848116e+02  Q=1.497000000000e+03  λ=1.095594e+00  dt=7.518e-04  relΔE=1.489e-05  ||F||=1.192e-01
 step= 15500  E=8.857668668731e+02  Q=1.497000000000e+03  λ=1.084061e+00  dt=1.164e-03  relΔE=1.837e-05  ||F||=1.059e-01
 step= 16000  E=8.787692765021e+02  Q=1.497000000000e+03  λ=1.074727e+00  dt=9.007e-04  relΔE=1.121e-05  ||F||=9.366e-02
 step= 16500  E=8.732768970669e+02  Q=1.497000000000e+03  λ=1.067519e+00  dt=1.394e-03  relΔE=1.305e-05  ||F||=1.310e-01
 step= 17000  E=8.693419595908e+02  Q=1.497000000000e+03  λ=1.062429e+00  dt=1.079e-03  relΔE=7.686e-06  ||F||=7.045e-02
 step= 17500  E=8.663386075955e+02  Q=1.497000000000e+03  λ=1.058631e+00  dt=8.352e-04  relΔE=4.335e-06  ||F||=6.004e-02
 step= 18000  E=8.642546621438e+02  Q=1.497000000000e+03  λ=1.056066e+00  dt=1.077e-03  relΔE=4.055e-06  ||F||=5.106e-02
 step= 18500  E=8.627010758048e+02  Q=1.497000000000e+03  λ=1.054212e+00  dt=8.338e-04  relΔE=2.214e-06  ||F||=4.285e-02
 step= 19000  E=8.616167786971e+02  Q=1.497000000000e+03  λ=1.052971e+00  dt=1.291e-03  relΔE=2.386e-06  ||F||=3.573e-02
 step= 19500  E=8.608803685976e+02  Q=1.497000000000e+03  λ=1.052168e+00  dt=9.989e-04  relΔE=1.285e-06  ||F||=2.979e-02
 step= 20000  E=8.603535706369e+02  Q=1.497000000000e+03  λ=1.051629e+00  dt=7.731e-04  relΔE=6.820e-07  ||F||=2.466e-02
 step= 20500  E=8.600061267999e+02  Q=1.497000000000e+03  λ=1.051301e+00  dt=1.197e-03  relΔE=7.180e-07  ||F||=2.033e-02
 step= 21000  E=8.597667586192e+02  Q=1.497000000000e+03  λ=1.051097e+00  dt=9.263e-04  relΔE=3.775e-07  ||F||=1.675e-02
 step= 21500  E=8.596005252663e+02  Q=1.497000000000e+03  λ=1.050980e+00  dt=1.434e-03  relΔE=1.333e-07  ||F||=1.184e-01
 step= 22000  E=8.594942550184e+02  Q=1.497000000000e+03  λ=1.050909e+00  dt=1.110e-03  relΔE=2.061e-07  ||F||=1.130e-02
 step= 22500  E=8.594197267345e+02  Q=1.497000000000e+03  λ=1.050875e+00  dt=8.589e-04  relΔE=1.070e-07  ||F||=9.253e-03
 step= 23000  E=8.593697568395e+02  Q=1.497000000000e+03  λ=1.050860e+00  dt=1.329e-03  relΔE=1.108e-07  ||F||=7.581e-03
 step= 23500  E=8.593370987432e+02  Q=1.497000000000e+03  λ=1.050858e+00  dt=1.029e-03  relΔE=5.796e-08  ||F||=6.219e-03
 step= 24000  E=8.593144719709e+02  Q=1.497000000000e+03  λ=1.050861e+00  dt=7.964e-04  relΔE=3.005e-08  ||F||=5.089e-03
 step= 24500  E=8.592995375677e+02  Q=1.497000000000e+03  λ=1.050867e+00  dt=1.233e-03  relΔE=3.121e-08  ||F||=4.167e-03
 step= 25000  E=8.592895594765e+02  Q=1.497000000000e+03  λ=1.050875e+00  dt=9.541e-04  relΔE=1.631e-08  ||F||=3.423e-03
 step= 25500  E=8.592825946971e+02  Q=1.497000000000e+03  λ=1.050882e+00  dt=7.385e-04  relΔE=8.960e-09  ||F||=2.886e-03
 step= 26000  E=8.592781527760e+02  Q=1.497000000000e+03  λ=1.050888e+00  dt=1.143e-03  relΔE=8.878e-09  ||F||=2.306e-03
 step= 26500  E=8.592750359232e+02  Q=1.497000000000e+03  λ=1.050893e+00  dt=8.847e-04  relΔE=4.639e-09  ||F||=1.894e-03
 step= 27000  E=8.592729131534e+02  Q=1.497000000000e+03  λ=1.050898e+00  dt=1.369e-03  relΔE=4.842e-09  ||F||=1.646e-03
 step= 27500  E=8.592715223660e+02  Q=1.497000000000e+03  λ=1.050901e+00  dt=1.060e-03  relΔE=2.578e-09  ||F||=1.290e-03
 step= 28000  E=8.592705391314e+02  Q=1.497000000000e+03  λ=1.050904e+00  dt=8.203e-04  relΔE=1.363e-09  ||F||=1.066e-03
 step= 28500  E=8.592698689044e+02  Q=1.497000000000e+03  λ=1.050906e+00  dt=1.270e-03  relΔE=1.449e-09  ||F||=8.842e-04
 step= 29000  E=8.592694146523e+02  Q=1.497000000000e+03  λ=1.050908e+00  dt=9.828e-04  relΔE=7.807e-10  ||F||=7.386e-04
 step= 29500  E=8.592690875122e+02  Q=1.497000000000e+03  λ=1.050908e+00  dt=7.607e-04  relΔE=4.228e-10  ||F||=6.191e-04
 step= 30000  E=8.592688680036e+02  Q=1.497000000000e+03  λ=1.050909e+00  dt=1.177e-03  relΔE=4.563e-10  ||F||=5.183e-04
 step= 30500  E=8.592687103116e+02  Q=1.497000000000e+03  λ=1.050909e+00  dt=9.113e-04  relΔE=2.495e-10  ||F||=4.373e-04
 step= 31000  E=8.592685960961e+02  Q=1.497000000000e+03  λ=1.050909e+00  dt=1.411e-03  relΔE=2.551e-10  ||F||=1.074e-03
 step= 31500  E=8.592685189349e+02  Q=1.497000000000e+03  λ=1.050909e+00  dt=1.092e-03  relΔE=1.523e-10  ||F||=3.160e-04
 step= 32000  E=8.592684611561e+02  Q=1.497000000000e+03  λ=1.050909e+00  dt=8.450e-04  relΔE=8.479e-11  ||F||=2.704e-04
 step= 32500  E=8.592684195091e+02  Q=1.497000000000e+03  λ=1.050908e+00  dt=1.308e-03  relΔE=9.487e-11  ||F||=2.327e-04
 step= 33000  E=8.592683899884e+02  Q=1.497000000000e+03  λ=1.050908e+00  dt=1.012e-03  relΔE=5.381e-11  ||F||=2.018e-04
 step= 33500  E=8.592683676561e+02  Q=1.497000000000e+03  λ=1.050908e+00  dt=7.835e-04  relΔE=3.054e-11  ||F||=1.758e-04
 step= 34000  E=8.592683517592e+02  Q=1.497000000000e+03  λ=1.050907e+00  dt=1.213e-03  relΔE=3.452e-11  ||F||=1.534e-04
 step= 34500  E=8.592683400183e+02  Q=1.497000000000e+03  λ=1.050907e+00  dt=9.387e-04  relΔE=1.964e-11  ||F||=1.348e-04
 step= 35000  E=8.592683311357e+02  Q=1.497000000000e+03  λ=1.050906e+00  dt=7.265e-04  relΔE=1.277e-11  ||F||=1.273e-04
 step= 35500  E=8.592683250127e+02  Q=1.497000000000e+03  λ=1.050906e+00  dt=1.125e-03  relΔE=1.256e-11  ||F||=1.051e-04
 step= 36000  E=8.592683203773e+02  Q=1.497000000000e+03  λ=1.050905e+00  dt=8.704e-04  relΔE=7.007e-12  ||F||=9.320e-05
 step= 36500  E=8.592683170490e+02  Q=1.497000000000e+03  λ=1.050905e+00  dt=1.347e-03  relΔE=7.694e-12  ||F||=8.321e-05
 step= 37000  E=8.592683147677e+02  Q=1.497000000000e+03  λ=1.050904e+00  dt=1.043e-03  relΔE=4.183e-12  ||F||=7.403e-05
 step= 37500  E=8.592683131486e+02  Q=1.497000000000e+03  λ=1.050904e+00  dt=8.071e-04  relΔE=2.182e-12  ||F||=6.613e-05
 step= 38000  E=8.592683120937e+02  Q=1.497000000000e+03  λ=1.050904e+00  dt=1.249e-03  relΔE=2.154e-12  ||F||=5.918e-05
 step= 38500  E=8.592683114534e+02  Q=1.497000000000e+03  λ=1.050903e+00  dt=9.670e-04  relΔE=9.732e-13  ||F||=5.315e-05
 step= 39000  E=8.592683110995e+02  Q=1.497000000000e+03  λ=1.050903e+00  dt=7.484e-04  relΔE=3.514e-13  ||F||=4.771e-05
 step= 39500  E=8.592683109808e+02  Q=1.497000000000e+03  λ=1.050903e+00  dt=1.158e-03  relΔE=8.071e-14  ||F||=4.289e-05
  !! dt fell below dt_min: stiffness-limited termination.

Stationary candidate (aggressive): E=8.592683109773e+02, Q=1.497000000000e+03, maxρ=9.986135e-01

=== Stability test (damped inertial dynamics) ===
Perturb eps=0.02, gamma=1
t=0: E=9.322693396041e+02, Q=1.497000000000e+03, maxρ=1.031633e+00, σ=2.517321e+00, Rc=1.863605e+01
 step=     1  E=9.322689730802e+02  Q=1.497000000000e+03  λ=1.436831e+00  maxρ=1.031633e+00  minρ=1.000e-15  σ=2.517321e+00  Rc=1.863605e+01
 step=   300  E=9.172394159928e+02  Q=1.497000000000e+03  λ=1.334132e+00  maxρ=1.029882e+00  minρ=1.000e-15  σ=2.517318e+00  Rc=1.863605e+01
 step=   600  E=8.869993028303e+02  Q=1.497000000000e+03  λ=1.148081e+00  maxρ=1.024946e+00  minρ=1.000e-15  σ=2.517313e+00  Rc=1.863605e+01
 step=   900  E=8.692657603469e+02  Q=1.497000000000e+03  λ=1.088581e+00  maxρ=1.017644e+00  minρ=1.000e-15  σ=2.517311e+00  Rc=1.863605e+01
 step=  1200  E=8.759518520383e+02  Q=1.497000000000e+03  λ=1.195607e+00  maxρ=1.014297e+00  minρ=1.000e-15  σ=2.517314e+00  Rc=1.863605e+01
 step=  1500  E=8.940660766274e+02  Q=1.497000000000e+03  λ=1.312023e+00  maxρ=1.019468e+00  minρ=1.000e-15  σ=2.517315e+00  Rc=1.863604e+01
 step=  1800  E=9.033664033446e+02  Q=1.497000000000e+03  λ=1.298411e+00  maxρ=1.022730e+00  minρ=1.000e-15  σ=2.517313e+00  Rc=1.863604e+01
 step=  2100  E=8.979736610355e+02  Q=1.497000000000e+03  λ=1.197399e+00  maxρ=1.017522e+00  minρ=1.000e-15  σ=2.517310e+00  Rc=1.863604e+01
 step=  2400  E=8.884102490992e+02  Q=1.497000000000e+03  λ=1.150324e+00  maxρ=1.007131e+00  minρ=1.000e-15  σ=2.517310e+00  Rc=1.863604e+01
 step=  2700  E=8.860299690827e+02  Q=1.497000000000e+03  λ=1.204721e+00  maxρ=1.011356e+00  minρ=1.000e-15  σ=2.517313e+00  Rc=1.863604e+01
 step=  3000  E=8.906609924212e+02  Q=1.497000000000e+03  λ=1.270740e+00  maxρ=1.024054e+00  minρ=1.000e-15  σ=2.517314e+00  Rc=1.863604e+01
 step=  3300  E=8.942048888583e+02  Q=1.497000000000e+03  λ=1.258879e+00  maxρ=1.026676e+00  minρ=1.000e-15  σ=2.517311e+00  Rc=1.863604e+01
 step=  3600  E=8.921122380647e+02  Q=1.497000000000e+03  λ=1.194456e+00  maxρ=1.020472e+00  minρ=1.000e-15  σ=2.517307e+00  Rc=1.863604e+01
 step=  3900  E=8.876559304250e+02  Q=1.497000000000e+03  λ=1.165306e+00  maxρ=1.020475e+00  minρ=1.000e-15  σ=2.517307e+00  Rc=1.863604e+01
 step=  4200  E=8.859657955112e+02  Q=1.497000000000e+03  λ=1.197533e+00  maxρ=1.016926e+00  minρ=1.000e-15  σ=2.517311e+00  Rc=1.863603e+01
 step=  4500  E=8.875244035356e+02  Q=1.497000000000e+03  λ=1.232967e+00  maxρ=1.014371e+00  minρ=1.000e-15  σ=2.517312e+00  Rc=1.863603e+01
 step=  4800  E=8.889706154211e+02  Q=1.497000000000e+03  λ=1.220825e+00  maxρ=1.018822e+00  minρ=1.000e-15  σ=2.517309e+00  Rc=1.863603e+01
 step=  5100  E=8.882359293919e+02  Q=1.497000000000e+03  λ=1.183429e+00  maxρ=1.019931e+00  minρ=1.000e-15  σ=2.517304e+00  Rc=1.863603e+01
 step=  5400  E=8.865703850133e+02  Q=1.497000000000e+03  λ=1.173231e+00  maxρ=1.018727e+00  minρ=1.000e-15  σ=2.517303e+00  Rc=1.863603e+01
 step=  5700  E=8.858779776276e+02  Q=1.497000000000e+03  λ=1.196956e+00  maxρ=1.015246e+00  minρ=1.000e-15  σ=2.517305e+00  Rc=1.863602e+01
 step=  6000  E=8.861039269332e+02  Q=1.497000000000e+03  λ=1.214276e+00  maxρ=1.012219e+00  minρ=1.000e-15  σ=2.517306e+00  Rc=1.863602e+01
 >>> No runaway detected in this horizon. Likely stable (within this model & box).

STABILITY: PASS
