
=== Aggressive relaxation to Q = 785 ===
Initial: E=1.171677911947e+03, Q=7.850000000000e+02, dt=1.000e-04
 step=     1  E=1.171649220586e+03  Q=7.850000000000e+02  λ=2.931490e+00  dt=1.000e-04  relΔE=2.449e-05  ||F||=6.048e-01
 step=   500  E=1.136664076853e+03  Q=7.850000000000e+02  λ=2.832902e+00  dt=6.192e-04  relΔE=1.156e-04  ||F||=5.698e-01
 step=  1000  E=1.039083523144e+03  Q=7.850000000000e+02  λ=2.565649e+00  dt=9.584e-04  relΔE=1.440e-04  ||F||=4.886e-01
 step=  1500  E=9.602897331380e+02  Q=7.850000000000e+02  λ=2.355667e+00  dt=7.418e-04  relΔE=9.783e-05  ||F||=4.405e-01
 step=  2000  E=9.015567182589e+02  Q=7.850000000000e+02  λ=2.201876e+00  dt=1.148e-03  relΔE=1.227e-04  ||F||=3.839e-01
 step=  2500  E=8.524542853102e+02  Q=7.850000000000e+02  λ=2.074622e+00  dt=8.887e-04  relΔE=8.210e-05  ||F||=3.470e-01
 step=  3000  E=8.114621732470e+02  Q=7.850000000000e+02  λ=1.969497e+00  dt=1.376e-03  relΔE=1.107e-04  ||F||=3.464e-01
 step=  3500  E=7.784268806554e+02  Q=7.850000000000e+02  λ=1.885264e+00  dt=1.065e-03  relΔE=7.596e-05  ||F||=2.914e-01
 step=  4000  E=7.493275755404e+02  Q=7.850000000000e+02  λ=1.811554e+00  dt=8.241e-04  relΔE=5.231e-05  ||F||=2.697e-01
 step=  4500  E=7.243956426362e+02  Q=7.850000000000e+02  λ=1.748827e+00  dt=1.276e-03  relΔE=7.245e-05  ||F||=2.508e-01
 step=  5000  E=7.031235258078e+02  Q=7.850000000000e+02  λ=1.695500e+00  dt=9.873e-04  relΔE=5.070e-05  ||F||=2.350e-01
 step=  5500  E=6.836598928055e+02  Q=7.850000000000e+02  λ=1.646943e+00  dt=7.641e-04  relΔE=3.601e-05  ||F||=2.220e-01
 step=  6000  E=6.670115405792e+02  Q=7.850000000000e+02  λ=1.605638e+00  dt=1.183e-03  relΔE=5.061e-05  ||F||=2.089e-01
 step=  6500  E=6.518040627263e+02  Q=7.850000000000e+02  λ=1.568026e+00  dt=9.154e-04  relΔE=3.626e-05  ||F||=1.987e-01
 step=  7000  E=6.375984740674e+02  Q=7.850000000000e+02  λ=1.533214e+00  dt=1.417e-03  relΔE=4.902e-05  ||F||=5.614e-01
 step=  7500  E=6.252011913494e+02  Q=7.850000000000e+02  λ=1.502700e+00  dt=1.097e-03  relΔE=3.847e-05  ||F||=1.831e-01
 step=  8000  E=6.131726334335e+02  Q=7.850000000000e+02  λ=1.473334e+00  dt=8.488e-04  relΔE=2.854e-05  ||F||=1.775e-01
 step=  8500  E=6.017916074048e+02  Q=7.850000000000e+02  λ=1.445677e+00  dt=1.314e-03  relΔE=4.284e-05  ||F||=1.733e-01
 step=  9000  E=5.911719077492e+02  Q=7.850000000000e+02  λ=1.419884e+00  dt=1.017e-03  relΔE=3.256e-05  ||F||=1.701e-01
 step=  9500  E=5.805225694764e+02  Q=7.850000000000e+02  λ=1.394020e+00  dt=7.871e-04  relΔE=2.510e-05  ||F||=1.683e-01
 step= 10000  E=5.703576999323e+02  Q=7.850000000000e+02  λ=1.369291e+00  dt=1.218e-03  relΔE=3.860e-05  ||F||=1.662e-01
 step= 10500  E=5.603697628573e+02  Q=7.850000000000e+02  λ=1.344819e+00  dt=9.430e-04  relΔE=2.990e-05  ||F||=1.648e-01
 step= 11000  E=5.502106625254e+02  Q=7.850000000000e+02  λ=1.319709e+00  dt=7.298e-04  relΔE=2.541e-05  ||F||=1.718e-01
 step= 11500  E=5.408261973094e+02  Q=7.850000000000e+02  λ=1.296258e+00  dt=1.130e-03  relΔE=3.541e-05  ||F||=1.610e-01
 step= 12000  E=5.314213327932e+02  Q=7.850000000000e+02  λ=1.272406e+00  dt=8.744e-04  relΔE=2.676e-05  ||F||=1.577e-01
 step= 12500  E=5.224364064962e+02  Q=7.850000000000e+02  λ=1.249289e+00  dt=1.353e-03  relΔE=3.957e-05  ||F||=1.543e-01
 step= 13000  E=5.143568013252e+02  Q=7.850000000000e+02  λ=1.228128e+00  dt=1.048e-03  relΔE=2.860e-05  ||F||=1.465e-01
 step= 13500  E=5.068104287256e+02  Q=7.850000000000e+02  λ=1.208031e+00  dt=8.108e-04  relΔE=2.005e-05  ||F||=1.384e-01
 step= 14000  E=5.002391092013e+02  Q=7.850000000000e+02  λ=1.190247e+00  dt=1.255e-03  relΔE=2.717e-05  ||F||=1.287e-01
 step= 14500  E=4.947237513478e+02  Q=7.850000000000e+02  λ=1.175038e+00  dt=9.713e-04  relΔE=1.789e-05  ||F||=1.180e-01
 step= 15000  E=4.899845452072e+02  Q=7.850000000000e+02  λ=1.161736e+00  dt=7.518e-04  relΔE=1.155e-05  ||F||=1.073e-01
 step= 15500  E=4.863482078903e+02  Q=7.850000000000e+02  λ=1.151347e+00  dt=1.164e-03  relΔE=1.406e-05  ||F||=9.477e-02
 step= 16000  E=4.834300742951e+02  Q=7.850000000000e+02  λ=1.142832e+00  dt=9.007e-04  relΔE=8.447e-06  ||F||=8.325e-02
 step= 16500  E=4.811668930038e+02  Q=7.850000000000e+02  λ=1.136091e+00  dt=1.394e-03  relΔE=9.785e-06  ||F||=1.008e-01
 step= 17000  E=4.795517838572e+02  Q=7.850000000000e+02  λ=1.131149e+00  dt=1.079e-03  relΔE=5.711e-06  ||F||=6.229e-02
 step= 17500  E=4.783188505945e+02  Q=7.850000000000e+02  λ=1.127273e+00  dt=8.352e-04  relΔE=3.223e-06  ||F||=5.311e-02
 step= 18000  E=4.774322887910e+02  Q=7.850000000000e+02  λ=1.124397e+00  dt=1.293e-03  relΔE=3.581e-06  ||F||=4.496e-02
 step= 18500  E=4.768125584308e+02  Q=7.850000000000e+02  λ=1.122307e+00  dt=1.001e-03  relΔE=1.984e-06  ||F||=3.801e-02
 step= 19000  E=4.763679366248e+02  Q=7.850000000000e+02  λ=1.120744e+00  dt=1.291e-03  relΔE=1.810e-06  ||F||=3.195e-02
 step= 19500  E=4.760573561687e+02  Q=7.850000000000e+02  λ=1.119595e+00  dt=9.989e-04  relΔE=9.862e-07  ||F||=2.679e-02
 step= 20000  E=4.758377472981e+02  Q=7.850000000000e+02  λ=1.118735e+00  dt=1.289e-03  relΔE=8.879e-07  ||F||=2.238e-02
 step= 20500  E=4.756862175842e+02  Q=7.850000000000e+02  λ=1.118101e+00  dt=9.973e-04  relΔE=4.793e-07  ||F||=1.868e-02
 step= 21000  E=4.755771725482e+02  Q=7.850000000000e+02  λ=1.117608e+00  dt=7.719e-04  relΔE=2.562e-07  ||F||=1.552e-02
 step= 21500  E=4.755045986140e+02  Q=7.850000000000e+02  λ=1.117250e+00  dt=1.195e-03  relΔE=2.725e-07  ||F||=1.286e-02
 step= 22000  E=4.754539694285e+02  Q=7.850000000000e+02  λ=1.116975e+00  dt=9.248e-04  relΔE=1.454e-07  ||F||=1.067e-02
 step= 22500  E=4.754181815583e+02  Q=7.850000000000e+02  λ=1.116760e+00  dt=1.431e-03  relΔE=7.057e-08  ||F||=6.938e-02
 step= 23000  E=4.753948421257e+02  Q=7.850000000000e+02  λ=1.116599e+00  dt=1.108e-03  relΔE=8.269e-08  ||F||=7.345e-03
 step= 23500  E=4.753780753076e+02  Q=7.850000000000e+02  λ=1.116469e+00  dt=8.575e-04  relΔE=4.411e-08  ||F||=6.093e-03
 step= 24000  E=4.753665121009e+02  Q=7.850000000000e+02  λ=1.116366e+00  dt=1.327e-03  relΔE=4.716e-08  ||F||=5.067e-03
 step= 24500  E=4.753586806546e+02  Q=7.850000000000e+02  λ=1.116286e+00  dt=1.027e-03  relΔE=2.558e-08  ||F||=4.231e-03
 step= 25000  E=4.753530325090e+02  Q=7.850000000000e+02  λ=1.116219e+00  dt=7.951e-04  relΔE=1.384e-08  ||F||=3.533e-03
 step= 25500  E=4.753491353328e+02  Q=7.850000000000e+02  λ=1.116165e+00  dt=1.231e-03  relΔE=1.509e-08  ||F||=2.960e-03
 step= 26000  E=4.753463934077e+02  Q=7.850000000000e+02  λ=1.116120e+00  dt=9.526e-04  relΔE=8.337e-09  ||F||=2.497e-03
 step= 26500  E=4.753443598027e+02  Q=7.850000000000e+02  λ=1.116082e+00  dt=7.373e-04  relΔE=4.955e-09  ||F||=2.189e-03
 step= 27000  E=4.753429734310e+02  Q=7.850000000000e+02  λ=1.116052e+00  dt=1.141e-03  relΔE=5.193e-09  ||F||=1.792e-03
 step= 27500  E=4.753419250005e+02  Q=7.850000000000e+02  λ=1.116025e+00  dt=8.833e-04  relΔE=2.942e-09  ||F||=1.528e-03
 step= 28000  E=4.753411475500e+02  Q=7.850000000000e+02  λ=1.116002e+00  dt=1.367e-03  relΔE=3.360e-09  ||F||=1.370e-03
 step= 28500  E=4.753405880243e+02  Q=7.850000000000e+02  λ=1.115983e+00  dt=1.058e-03  relΔE=1.967e-09  ||F||=1.134e-03
 step= 29000  E=4.753401509091e+02  Q=7.850000000000e+02  λ=1.115967e+00  dt=8.190e-04  relΔE=1.156e-09  ||F||=9.845e-04
 step= 29500  E=4.753398191712e+02  Q=7.850000000000e+02  λ=1.115953e+00  dt=1.268e-03  relΔE=1.375e-09  ||F||=8.590e-04
 step= 30000  E=4.753395669691e+02  Q=7.850000000000e+02  λ=1.115940e+00  dt=9.812e-04  relΔE=8.320e-10  ||F||=7.561e-04
 step= 30500  E=4.753393618216e+02  Q=7.850000000000e+02  λ=1.115929e+00  dt=7.594e-04  relΔE=5.125e-10  ||F||=6.719e-04
 step= 31000  E=4.753392060408e+02  Q=7.850000000000e+02  λ=1.115920e+00  dt=1.176e-03  relΔE=6.238e-10  ||F||=5.922e-04
 step= 31500  E=4.753390790979e+02  Q=7.850000000000e+02  λ=1.115912e+00  dt=9.098e-04  relΔE=3.878e-10  ||F||=5.279e-04
 step= 32000  E=4.753389742847e+02  Q=7.850000000000e+02  λ=1.115904e+00  dt=1.408e-03  relΔE=4.627e-10  ||F||=1.238e-03
 step= 32500  E=4.753388935586e+02  Q=7.850000000000e+02  λ=1.115898e+00  dt=1.090e-03  relΔE=3.069e-10  ||F||=4.241e-04
 step= 33000  E=4.753388248951e+02  Q=7.850000000000e+02  λ=1.115892e+00  dt=8.436e-04  relΔE=1.947e-10  ||F||=3.816e-04
 step= 33500  E=4.753387684135e+02  Q=7.850000000000e+02  λ=1.115887e+00  dt=1.306e-03  relΔE=2.483e-10  ||F||=3.441e-04
 step= 34000  E=4.753387229139e+02  Q=7.850000000000e+02  λ=1.115883e+00  dt=1.011e-03  relΔE=1.599e-10  ||F||=3.117e-04
 step= 34500  E=4.753386836966e+02  Q=7.850000000000e+02  λ=1.115879e+00  dt=7.823e-04  relΔE=1.035e-10  ||F||=2.831e-04
 step= 35000  E=4.753386519086e+02  Q=7.850000000000e+02  λ=1.115875e+00  dt=1.211e-03  relΔE=1.333e-10  ||F||=2.560e-04
 step= 35500  E=4.753386251011e+02  Q=7.850000000000e+02  λ=1.115872e+00  dt=9.372e-04  relΔE=8.665e-11  ||F||=2.327e-04
 step= 36000  E=4.753386018508e+02  Q=7.850000000000e+02  λ=1.115869e+00  dt=7.254e-04  relΔE=6.423e-11  ||F||=2.349e-04
 step= 36500  E=4.753385833441e+02  Q=7.850000000000e+02  λ=1.115867e+00  dt=1.123e-03  relΔE=7.372e-11  ||F||=1.925e-04
 step= 37000  E=4.753385670912e+02  Q=7.850000000000e+02  λ=1.115864e+00  dt=8.690e-04  relΔE=4.823e-11  ||F||=1.752e-04
 step= 37500  E=4.753385533045e+02  Q=7.850000000000e+02  λ=1.115862e+00  dt=1.345e-03  relΔE=6.316e-11  ||F||=1.607e-04
 step= 38000  E=4.753385419308e+02  Q=7.850000000000e+02  λ=1.115860e+00  dt=1.041e-03  relΔE=4.167e-11  ||F||=1.455e-04
 step= 38500  E=4.753385319713e+02  Q=7.850000000000e+02  λ=1.115859e+00  dt=8.058e-04  relΔE=2.748e-11  ||F||=1.328e-04
 step= 39000  E=4.753385235698e+02  Q=7.850000000000e+02  λ=1.115857e+00  dt=1.247e-03  relΔE=3.625e-11  ||F||=1.209e-04
 step= 39500  E=4.753385164827e+02  Q=7.850000000000e+02  λ=1.115856e+00  dt=9.654e-04  relΔE=2.405e-11  ||F||=1.104e-04
 step= 40000  E=4.753385101715e+02  Q=7.850000000000e+02  λ=1.115855e+00  dt=7.472e-04  relΔE=1.641e-11  ||F||=1.031e-04
 step= 40500  E=4.753385050153e+02  Q=7.850000000000e+02  λ=1.115853e+00  dt=1.157e-03  relΔE=2.121e-11  ||F||=9.191e-05
 step= 41000  E=4.753385004848e+02  Q=7.850000000000e+02  λ=1.115852e+00  dt=7.460e-04  relΔE=1.315e-11  ||F||=9.227e-05
 step= 41500  E=4.753384966571e+02  Q=7.850000000000e+02  λ=1.115852e+00  dt=1.155e-03  relΔE=1.579e-11  ||F||=7.674e-05
 step= 42000  E=4.753384932494e+02  Q=7.850000000000e+02  λ=1.115851e+00  dt=8.937e-04  relΔE=1.056e-11  ||F||=7.003e-05
 step= 42500  E=4.753384902582e+02  Q=7.850000000000e+02  λ=1.115850e+00  dt=1.383e-03  relΔE=1.406e-11  ||F||=8.839e-05
 step= 43000  E=4.753384877764e+02  Q=7.850000000000e+02  λ=1.115849e+00  dt=1.071e-03  relΔE=9.515e-12  ||F||=5.836e-05
 step= 43500  E=4.753384855445e+02  Q=7.850000000000e+02  λ=1.115849e+00  dt=8.287e-04  relΔE=6.403e-12  ||F||=5.327e-05
 step= 44000  E=4.753384836083e+02  Q=7.850000000000e+02  λ=1.115848e+00  dt=1.283e-03  relΔE=8.629e-12  ||F||=4.857e-05
 step= 44500  E=4.753384819538e+02  Q=7.850000000000e+02  λ=1.115847e+00  dt=9.928e-04  relΔE=5.846e-12  ||F||=4.440e-05
 step= 45000  E=4.753384804536e+02  Q=7.850000000000e+02  λ=1.115847e+00  dt=7.684e-04  relΔE=3.990e-12  ||F||=4.093e-05
 step= 45500  E=4.753384791857e+02  Q=7.850000000000e+02  λ=1.115847e+00  dt=1.189e-03  relΔE=5.376e-12  ||F||=3.698e-05
 step= 46000  E=4.753384780557e+02  Q=7.850000000000e+02  λ=1.115846e+00  dt=9.206e-04  relΔE=3.660e-12  ||F||=3.377e-05
 step= 46500  E=4.753384770340e+02  Q=7.850000000000e+02  λ=1.115846e+00  dt=1.425e-03  relΔE=3.740e-12  ||F||=2.713e-04
 step= 47000  E=4.753384761821e+02  Q=7.850000000000e+02  λ=1.115845e+00  dt=1.103e-03  relΔE=3.409e-12  ||F||=2.815e-05
 step= 47500  E=4.753384753998e+02  Q=7.850000000000e+02  λ=1.115845e+00  dt=8.536e-04  relΔE=2.332e-12  ||F||=2.570e-05
 step= 48000  E=4.753384747074e+02  Q=7.850000000000e+02  λ=1.115845e+00  dt=1.321e-03  relΔE=3.194e-12  ||F||=2.348e-05
 step= 48500  E=4.753384741090e+02  Q=7.850000000000e+02  λ=1.115845e+00  dt=1.023e-03  relΔE=2.198e-12  ||F||=2.142e-05
 step= 49000  E=4.753384735608e+02  Q=7.850000000000e+02  λ=1.115844e+00  dt=7.915e-04  relΔE=1.515e-12  ||F||=1.965e-05
 step= 49500  E=4.753384730822e+02  Q=7.850000000000e+02  λ=1.115844e+00  dt=1.225e-03  relΔE=2.084e-12  ||F||=1.784e-05
 step= 50000  E=4.753384726573e+02  Q=7.850000000000e+02  λ=1.115844e+00  dt=9.483e-04  relΔE=1.440e-12  ||F||=1.630e-05
 step= 50500  E=4.753384722637e+02  Q=7.850000000000e+02  λ=1.115844e+00  dt=7.339e-04  relΔE=1.070e-12  ||F||=1.736e-05
 step= 51000  E=4.753384719308e+02  Q=7.850000000000e+02  λ=1.115844e+00  dt=1.136e-03  relΔE=1.379e-12  ||F||=1.358e-05
 step= 51500  E=4.753384716218e+02  Q=7.850000000000e+02  λ=1.115844e+00  dt=8.793e-04  relΔE=9.567e-13  ||F||=1.241e-05
 step= 52000  E=4.753384713429e+02  Q=7.850000000000e+02  λ=1.115843e+00  dt=1.361e-03  relΔE=1.325e-12  ||F||=1.299e-05
 step= 52500  E=4.753384711013e+02  Q=7.850000000000e+02  λ=1.115843e+00  dt=1.053e-03  relΔE=9.230e-13  ||F||=1.033e-05
 step= 53000  E=4.753384708773e+02  Q=7.850000000000e+02  λ=1.115843e+00  dt=8.153e-04  relΔE=6.436e-13  ||F||=9.469e-06
 step= 53500  E=4.753384706771e+02  Q=7.850000000000e+02  λ=1.115843e+00  dt=1.262e-03  relΔE=8.952e-13  ||F||=8.605e-06
 step= 54000  E=4.753384705001e+02  Q=7.850000000000e+02  λ=1.115843e+00  dt=9.768e-04  relΔE=6.254e-13  ||F||=7.867e-06
 step= 54500  E=4.753384703339e+02  Q=7.850000000000e+02  λ=1.115843e+00  dt=7.560e-04  relΔE=4.449e-13  ||F||=7.768e-06
 step= 55000  E=4.753384701905e+02  Q=7.850000000000e+02  λ=1.115843e+00  dt=1.170e-03  relΔE=6.100e-13  ||F||=6.553e-06
 step= 55500  E=4.753384700580e+02  Q=7.850000000000e+02  λ=1.115843e+00  dt=9.057e-04  relΔE=4.264e-13  ||F||=5.988e-06
 step= 56000  E=4.753384699358e+02  Q=7.850000000000e+02  λ=1.115843e+00  dt=1.402e-03  relΔE=5.884e-13  ||F||=2.324e-05
 step= 56500  E=4.753384698304e+02  Q=7.850000000000e+02  λ=1.115843e+00  dt=1.085e-03  relΔE=4.185e-13  ||F||=4.988e-06
 step= 57000  E=4.753384697316e+02  Q=7.850000000000e+02  λ=1.115843e+00  dt=8.398e-04  relΔE=2.937e-13  ||F||=4.568e-06
 step= 57500  E=4.753384696422e+02  Q=7.850000000000e+02  λ=1.115843e+00  dt=1.300e-03  relΔE=4.107e-13  ||F||=4.160e-06
 step= 58000  E=4.753384695631e+02  Q=7.850000000000e+02  λ=1.115842e+00  dt=1.006e-03  relΔE=2.893e-13  ||F||=3.796e-06
 step= 58500  E=4.753384694887e+02  Q=7.850000000000e+02  λ=1.115842e+00  dt=7.787e-04  relΔE=2.041e-13  ||F||=3.706e-06
 step= 59000  E=4.753384694233e+02  Q=7.850000000000e+02  λ=1.115842e+00  dt=1.205e-03  relΔE=2.852e-13  ||F||=3.162e-06
 step= 59500  E=4.753384693634e+02  Q=7.850000000000e+02  λ=1.115842e+00  dt=9.330e-04  relΔE=2.009e-13  ||F||=2.890e-06
 step= 60000  E=4.753384693072e+02  Q=7.850000000000e+02  λ=1.115842e+00  dt=7.221e-04  relΔE=1.745e-13  ||F||=1.321e-05
 step= 60500  E=4.753384692590e+02  Q=7.850000000000e+02  λ=1.115842e+00  dt=1.118e-03  relΔE=1.983e-13  ||F||=2.407e-06
 step= 61000  E=4.753384692133e+02  Q=7.850000000000e+02  λ=1.115842e+00  dt=8.651e-04  relΔE=1.398e-13  ||F||=2.220e-06
 step= 61500  E=4.753384691719e+02  Q=7.850000000000e+02  λ=1.115842e+00  dt=1.339e-03  relΔE=1.964e-13  ||F||=2.160e-06
 step= 62000  E=4.753384691352e+02  Q=7.850000000000e+02  λ=1.115842e+00  dt=1.036e-03  relΔE=1.382e-13  ||F||=1.831e-06
 step= 62500  E=4.753384691008e+02  Q=7.850000000000e+02  λ=1.115842e+00  dt=8.022e-04  relΔE=9.734e-14  ||F||=1.731e-06
 step= 63000  E=4.753384690699e+02  Q=7.850000000000e+02  λ=1.115842e+00  dt=1.242e-03  relΔE=1.369e-13  ||F||=1.525e-06
 step= 63500  E=4.753384690420e+02  Q=7.850000000000e+02  λ=1.115842e+00  dt=9.610e-04  relΔE=9.686e-14  ||F||=1.395e-06
 step= 64000  E=4.753384690157e+02  Q=7.850000000000e+02  λ=1.115842e+00  dt=7.438e-04  relΔE=7.056e-14  ||F||=2.095e-06
 step= 64500  E=4.753384689929e+02  Q=7.850000000000e+02  λ=1.115842e+00  dt=1.151e-03  relΔE=9.651e-14  ||F||=1.161e-06
 step= 65000  E=4.753384689715e+02  Q=7.850000000000e+02  λ=1.115842e+00  dt=8.911e-04  relΔE=6.792e-14  ||F||=1.070e-06
 step= 65500  E=4.753384689517e+02  Q=7.850000000000e+02  λ=1.115842e+00  dt=1.379e-03  relΔE=9.519e-14  ||F||=3.420e-06
 step= 66000  E=4.753384689344e+02  Q=7.850000000000e+02  λ=1.115842e+00  dt=1.068e-03  relΔE=6.780e-14  ||F||=8.838e-07
 step= 66500  E=4.753384689182e+02  Q=7.850000000000e+02  λ=1.115842e+00  dt=8.263e-04  relΔE=4.783e-14  ||F||=8.306e-07
 step= 67000  E=4.753384689034e+02  Q=7.850000000000e+02  λ=1.115842e+00  dt=1.279e-03  relΔE=6.709e-14  ||F||=7.382e-07
 step= 67500  E=4.753384688902e+02  Q=7.850000000000e+02  λ=1.115842e+00  dt=9.899e-04  relΔE=4.759e-14  ||F||=6.730e-07
 step= 68000  E=4.753384688777e+02  Q=7.850000000000e+02  λ=1.115842e+00  dt=7.662e-04  relΔE=3.384e-14  ||F||=8.689e-07
 step= 68500  E=4.753384688668e+02  Q=7.850000000000e+02  λ=1.115842e+00  dt=1.186e-03  relΔE=4.736e-14  ||F||=5.603e-07
 step= 69000  E=4.753384688566e+02  Q=7.850000000000e+02  λ=1.115842e+00  dt=9.179e-04  relΔE=3.289e-14  ||F||=5.150e-07
 step= 69500  E=4.753384688471e+02  Q=7.850000000000e+02  λ=1.115842e+00  dt=1.421e-03  relΔE=4.126e-14  ||F||=1.944e-05
 step= 70000  E=4.753384688389e+02  Q=7.850000000000e+02  λ=1.115842e+00  dt=1.100e-03  relΔE=3.313e-14  ||F||=4.266e-07
 step= 70500  E=4.753384688311e+02  Q=7.850000000000e+02  λ=1.115842e+00  dt=8.511e-04  relΔE=2.308e-14  ||F||=4.039e-07
 step= 71000  E=4.753384688240e+02  Q=7.850000000000e+02  λ=1.115842e+00  dt=1.318e-03  relΔE=3.289e-14  ||F||=3.931e-07
 step= 71500  E=4.753384688177e+02  Q=7.850000000000e+02  λ=1.115842e+00  dt=1.020e-03  relΔE=2.380e-14  ||F||=3.249e-07
 step= 72000  E=4.753384688118e+02  Q=7.850000000000e+02  λ=1.115842e+00  dt=7.892e-04  relΔE=1.698e-14  ||F||=4.116e-07
 step= 72500  E=4.753384688064e+02  Q=7.850000000000e+02  λ=1.115842e+00  dt=1.222e-03  relΔE=2.320e-14  ||F||=2.704e-07
 step= 73000  E=4.753384688016e+02  Q=7.850000000000e+02  λ=1.115842e+00  dt=9.455e-04  relΔE=1.626e-14  ||F||=2.485e-07
 step= 73500  E=4.753384687970e+02  Q=7.850000000000e+02  λ=1.115842e+00  dt=7.318e-04  relΔE=1.327e-14  ||F||=1.137e-06
 step= 74000  E=4.753384687931e+02  Q=7.850000000000e+02  λ=1.115842e+00  dt=1.133e-03  relΔE=1.686e-14  ||F||=2.059e-07
 step= 74500  E=4.753384687893e+02  Q=7.850000000000e+02  λ=1.115842e+00  dt=8.767e-04  relΔE=1.172e-14  ||F||=2.024e-07
 step= 75000  E=4.753384687859e+02  Q=7.850000000000e+02  λ=1.115842e+00  dt=1.357e-03  relΔE=1.650e-14  ||F||=6.191e-07
 step= 75500  E=4.753384687829e+02  Q=7.850000000000e+02  λ=1.115842e+00  dt=1.050e-03  relΔE=1.148e-14  ||F||=1.569e-07
 step= 76000  E=4.753384687800e+02  Q=7.850000000000e+02  λ=1.115842e+00  dt=8.130e-04  relΔE=8.012e-15  ||F||=2.023e-07
 step= 76500  E=4.753384687775e+02  Q=7.850000000000e+02  λ=1.115842e+00  dt=1.258e-03  relΔE=1.196e-14  ||F||=1.311e-07
 step= 77000  E=4.753384687752e+02  Q=7.850000000000e+02  λ=1.115842e+00  dt=9.740e-04  relΔE=7.893e-15  ||F||=1.205e-07
 step= 77500  E=4.753384687730e+02  Q=7.850000000000e+02  λ=1.115842e+00  dt=7.538e-04  relΔE=5.979e-15  ||F||=3.744e-07
 step= 78000  E=4.753384687710e+02  Q=7.850000000000e+02  λ=1.115842e+00  dt=1.167e-03  relΔE=7.414e-15  ||F||=9.940e-08
 step= 78500  E=4.753384687693e+02  Q=7.850000000000e+02  λ=1.115842e+00  dt=9.031e-04  relΔE=5.860e-15  ||F||=9.770e-08
 step= 79000  E=4.753384687676e+02  Q=7.850000000000e+02  λ=1.115842e+00  dt=1.398e-03  relΔE=8.012e-15  ||F||=2.395e-06
 step= 79500  E=4.753384687661e+02  Q=7.850000000000e+02  λ=1.115842e+00  dt=1.082e-03  relΔE=5.979e-15  ||F||=7.578e-08
 step= 80000  E=4.753384687648e+02  Q=7.850000000000e+02  λ=1.115842e+00  dt=8.374e-04  relΔE=4.185e-15  ||F||=8.825e-08
 step= 80500  E=4.753384687635e+02  Q=7.850000000000e+02  λ=1.115842e+00  dt=1.296e-03  relΔE=5.740e-15  ||F||=6.928e-08
 step= 81000  E=4.753384687624e+02  Q=7.850000000000e+02  λ=1.115842e+00  dt=1.003e-03  relΔE=4.185e-15  ||F||=5.826e-08
 step= 81500  E=4.753384687614e+02  Q=7.850000000000e+02  λ=1.115842e+00  dt=7.765e-04  relΔE=3.229e-15  ||F||=1.545e-07
 Converged (aggressive): step=81787, E=4.753384687608e+02, Q=7.850000000000e+02, dt=9.661e-04, ||F||=5.000e-08

Stationary candidate (aggressive): E=4.753384687608e+02, Q=7.850000000000e+02, maxρ=7.355128e-01

=== Stability test (damped inertial dynamics) ===
Perturb eps=0.02, gamma=1
t=0: E=5.135803207190e+02, Q=7.850000000000e+02, maxρ=7.587699e-01, σ=2.552545e+00, Rc=1.863411e+01
 step=     1  E=5.135801287124e+02  Q=7.850000000000e+02  λ=1.501470e+00  maxρ=7.587699e-01  minρ=1.000e-15  σ=2.552545e+00  Rc=1.863411e+01
 step=   300  E=5.057068951545e+02  Q=7.850000000000e+02  λ=1.398843e+00  maxρ=7.574827e-01  minρ=1.000e-15  σ=2.552542e+00  Rc=1.863411e+01
 step=   600  E=4.898667710183e+02  Q=7.850000000000e+02  λ=1.212930e+00  maxρ=7.538538e-01  minρ=1.000e-15  σ=2.552536e+00  Rc=1.863411e+01
 step=   900  E=4.805802755054e+02  Q=7.850000000000e+02  λ=1.153496e+00  maxρ=7.484864e-01  minρ=1.000e-15  σ=2.552535e+00  Rc=1.863411e+01
 step=  1200  E=4.840851792925e+02  Q=7.850000000000e+02  λ=1.260476e+00  maxρ=7.459950e-01  minρ=1.000e-15  σ=2.552537e+00  Rc=1.863411e+01
 step=  1500  E=4.935710782570e+02  Q=7.850000000000e+02  λ=1.376817e+00  maxρ=7.505214e-01  minρ=1.000e-15  σ=2.552539e+00  Rc=1.863410e+01
 step=  1800  E=4.984339682110e+02  Q=7.850000000000e+02  λ=1.363174e+00  maxρ=7.529240e-01  minρ=1.000e-15  σ=2.552537e+00  Rc=1.863410e+01
 step=  2100  E=4.956014300073e+02  Q=7.850000000000e+02  λ=1.262170e+00  maxρ=7.490918e-01  minρ=1.000e-15  σ=2.552533e+00  Rc=1.863410e+01
 step=  2400  E=4.905944480649e+02  Q=7.850000000000e+02  λ=1.215102e+00  maxρ=7.417498e-01  minρ=1.000e-15  σ=2.552533e+00  Rc=1.863410e+01
 step=  2700  E=4.893608151829e+02  Q=7.850000000000e+02  λ=1.269511e+00  maxρ=7.438251e-01  minρ=1.000e-15  σ=2.552536e+00  Rc=1.863410e+01
 step=  3000  E=4.917994996306e+02  Q=7.850000000000e+02  λ=1.335578e+00  maxρ=7.531662e-01  minρ=1.000e-15  σ=2.552537e+00  Rc=1.863410e+01
 step=  3300  E=4.936560427256e+02  Q=7.850000000000e+02  λ=1.323770e+00  maxρ=7.550975e-01  minρ=1.000e-15  σ=2.552533e+00  Rc=1.863410e+01
 step=  3600  E=4.925469625919e+02  Q=7.850000000000e+02  λ=1.259332e+00  maxρ=7.515960e-01  minρ=1.000e-15  σ=2.552529e+00  Rc=1.863410e+01
 step=  3900  E=4.901996253986e+02  Q=7.850000000000e+02  λ=1.230093e+00  maxρ=7.516017e-01  minρ=1.000e-15  σ=2.552529e+00  Rc=1.863410e+01
 step=  4200  E=4.893143035496e+02  Q=7.850000000000e+02  λ=1.262254e+00  maxρ=7.489920e-01  minρ=1.000e-15  σ=2.552533e+00  Rc=1.863409e+01
 step=  4500  E=4.901431956867e+02  Q=7.850000000000e+02  λ=1.297743e+00  maxρ=7.469886e-01  minρ=1.000e-15  σ=2.552534e+00  Rc=1.863409e+01
 step=  4800  E=4.909120752980e+02  Q=7.850000000000e+02  λ=1.285730e+00  maxρ=7.500486e-01  minρ=1.000e-15  σ=2.552530e+00  Rc=1.863409e+01
 step=  5100  E=4.905255933827e+02  Q=7.850000000000e+02  λ=1.248386e+00  maxρ=7.510931e-01  minρ=1.000e-15  σ=2.552524e+00  Rc=1.863409e+01
 step=  5400  E=4.896409671112e+02  Q=7.850000000000e+02  λ=1.238092e+00  maxρ=7.502132e-01  minρ=1.000e-15  σ=2.552523e+00  Rc=1.863409e+01
 step=  5700  E=4.892688508933e+02  Q=7.850000000000e+02  λ=1.261681e+00  maxρ=7.476572e-01  minρ=1.000e-15  σ=2.552525e+00  Rc=1.863408e+01
 step=  6000  E=4.893899217745e+02  Q=7.850000000000e+02  λ=1.278987e+00  maxρ=7.453374e-01  minρ=1.000e-15  σ=2.552526e+00  Rc=1.863408e+01
 >>> No runaway detected in this horizon. Likely stable (within this model & box).

STABILITY: PASS
