
=== Aggressive relaxation to Q = 982 ===
Initial: E=1.461321775514e+03, Q=9.820000000000e+02, dt=1.000e-04
 step=     1  E=1.461283383138e+03  Q=9.820000000000e+02  λ=2.952717e+00  dt=1.000e-04  relΔE=2.627e-05  ||F||=6.256e-01
 step=   500  E=1.415002526465e+03  Q=9.820000000000e+02  λ=2.843268e+00  dt=6.192e-04  relΔE=1.217e-04  ||F||=5.833e-01
 step=  1000  E=1.288694344215e+03  Q=9.820000000000e+02  λ=2.557163e+00  dt=9.584e-04  relΔE=1.485e-04  ||F||=4.941e-01
 step=  1500  E=1.188538845865e+03  Q=9.820000000000e+02  λ=2.338627e+00  dt=7.418e-04  relΔE=9.908e-05  ||F||=4.409e-01
 step=  2000  E=1.114548082038e+03  Q=9.820000000000e+02  λ=2.180654e+00  dt=1.148e-03  relΔE=1.244e-04  ||F||=3.842e-01
 step=  2500  E=1.053196426521e+03  Q=9.820000000000e+02  λ=2.051302e+00  dt=8.887e-04  relΔE=8.280e-05  ||F||=3.463e-01
 step=  3000  E=1.002237581576e+03  Q=9.820000000000e+02  λ=1.945155e+00  dt=1.376e-03  relΔE=1.111e-04  ||F||=3.565e-01
 step=  3500  E=9.613324204052e+02  Q=9.820000000000e+02  λ=1.860532e+00  dt=1.065e-03  relΔE=7.605e-05  ||F||=2.897e-01
 step=  4000  E=9.253992262862e+02  Q=9.820000000000e+02  λ=1.786754e+00  dt=8.241e-04  relΔE=5.223e-05  ||F||=2.678e-01
 step=  4500  E=8.946784661062e+02  Q=9.820000000000e+02  λ=1.724150e+00  dt=1.276e-03  relΔE=7.219e-05  ||F||=2.488e-01
 step=  5000  E=8.685223440213e+02  Q=9.820000000000e+02  λ=1.671074e+00  dt=9.873e-04  relΔE=5.042e-05  ||F||=2.328e-01
 step=  5500  E=8.446334538236e+02  Q=9.820000000000e+02  λ=1.622857e+00  dt=7.641e-04  relΔE=3.579e-05  ||F||=2.199e-01
 step=  6000  E=8.242349850201e+02  Q=9.820000000000e+02  λ=1.581931e+00  dt=1.183e-03  relΔE=5.013e-05  ||F||=2.066e-01
 step=  6500  E=8.056369573348e+02  Q=9.820000000000e+02  λ=1.544747e+00  dt=9.154e-04  relΔE=3.584e-05  ||F||=1.963e-01
 step=  7000  E=7.883042306872e+02  Q=9.820000000000e+02  λ=1.510417e+00  dt=1.417e-03  relΔE=4.838e-05  ||F||=5.489e-01
 step=  7500  E=7.732173974179e+02  Q=9.820000000000e+02  λ=1.480419e+00  dt=1.097e-03  relΔE=3.780e-05  ||F||=1.805e-01
 step=  8000  E=7.586202387623e+02  Q=9.820000000000e+02  λ=1.451635e+00  dt=8.488e-04  relΔE=2.795e-05  ||F||=1.747e-01
 step=  8500  E=7.448486843287e+02  Q=9.820000000000e+02  λ=1.424613e+00  dt=1.314e-03  relΔE=4.183e-05  ||F||=1.703e-01
 step=  9000  E=7.320273631180e+02  Q=9.820000000000e+02  λ=1.399484e+00  dt=1.017e-03  relΔE=3.172e-05  ||F||=1.671e-01
 step=  9500  E=7.191686605522e+02  Q=9.820000000000e+02  λ=1.374301e+00  dt=7.871e-04  relΔE=2.448e-05  ||F||=1.653e-01
 step= 10000  E=7.069034685601e+02  Q=9.820000000000e+02  λ=1.350264e+00  dt=1.218e-03  relΔE=3.761e-05  ||F||=1.633e-01
 step= 10500  E=6.948319628876e+02  Q=9.820000000000e+02  λ=1.326469e+00  dt=9.430e-04  relΔE=2.925e-05  ||F||=1.623e-01
 step= 11000  E=6.824499192374e+02  Q=9.820000000000e+02  λ=1.301887e+00  dt=7.298e-04  relΔE=2.589e-05  ||F||=1.736e-01
 step= 11500  E=6.709123101065e+02  Q=9.820000000000e+02  λ=1.278769e+00  dt=1.130e-03  relΔE=3.528e-05  ||F||=1.600e-01
 step= 12000  E=6.592075347109e+02  Q=9.820000000000e+02  λ=1.255018e+00  dt=8.744e-04  relΔE=2.705e-05  ||F||=1.579e-01
 step= 12500  E=6.478494834919e+02  Q=9.820000000000e+02  λ=1.231697e+00  dt=1.353e-03  relΔE=4.069e-05  ||F||=1.562e-01
 step= 13000  E=6.374448104772e+02  Q=9.820000000000e+02  λ=1.210012e+00  dt=1.048e-03  relΔE=2.996e-05  ||F||=1.493e-01
 step= 13500  E=6.275563444571e+02  Q=9.820000000000e+02  λ=1.189130e+00  dt=8.108e-04  relΔE=2.144e-05  ||F||=1.424e-01
 step= 14000  E=6.187928637644e+02  Q=9.820000000000e+02  λ=1.170402e+00  dt=1.255e-03  relΔE=2.960e-05  ||F||=1.336e-01
 step= 14500  E=6.112874650276e+02  Q=9.820000000000e+02  λ=1.154141e+00  dt=9.713e-04  relΔE=1.984e-05  ||F||=1.235e-01
 step= 15000  E=6.047460358596e+02  Q=9.820000000000e+02  λ=1.139800e+00  dt=7.518e-04  relΔE=1.312e-05  ||F||=1.136e-01
 step= 15500  E=5.996653382523e+02  Q=9.820000000000e+02  λ=1.128540e+00  dt=1.164e-03  relΔE=1.605e-05  ||F||=1.005e-01
 step= 16000  E=5.955382048328e+02  Q=9.820000000000e+02  λ=1.119274e+00  dt=9.007e-04  relΔE=9.740e-06  ||F||=8.871e-02
 step= 16500  E=5.923089151438e+02  Q=9.820000000000e+02  λ=1.111945e+00  dt=1.394e-03  relΔE=1.130e-05  ||F||=1.238e-01
 step= 17000  E=5.899962790038e+02  Q=9.820000000000e+02  λ=1.106610e+00  dt=1.079e-03  relΔE=6.660e-06  ||F||=6.670e-02
 step= 17500  E=5.882280212423e+02  Q=9.820000000000e+02  λ=1.102473e+00  dt=8.352e-04  relΔE=3.765e-06  ||F||=5.692e-02
 step= 18000  E=5.869968157540e+02  Q=9.820000000000e+02  λ=1.099546e+00  dt=1.077e-03  relΔE=3.535e-06  ||F||=4.851e-02
 step= 18500  E=5.860745575910e+02  Q=9.820000000000e+02  λ=1.097308e+00  dt=8.338e-04  relΔE=1.940e-06  ||F||=4.082e-02
 step= 19000  E=5.854270699729e+02  Q=9.820000000000e+02  λ=1.095701e+00  dt=1.291e-03  relΔE=2.104e-06  ||F||=3.414e-02
 step= 19500  E=5.849838472850e+02  Q=9.820000000000e+02  λ=1.094568e+00  dt=9.989e-04  relΔE=1.140e-06  ||F||=2.855e-02
 step= 20000  E=5.846727478182e+02  Q=9.820000000000e+02  λ=1.093748e+00  dt=1.289e-03  relΔE=1.020e-06  ||F||=2.378e-02
 step= 20500  E=5.844595877553e+02  Q=9.820000000000e+02  λ=1.093163e+00  dt=9.973e-04  relΔE=5.465e-07  ||F||=1.977e-02
 step= 21000  E=5.843074782091e+02  Q=9.820000000000e+02  λ=1.092727e+00  dt=7.719e-04  relΔE=2.892e-07  ||F||=1.634e-02
 step= 21500  E=5.842072429634e+02  Q=9.820000000000e+02  λ=1.092423e+00  dt=1.195e-03  relΔE=3.046e-07  ||F||=1.347e-02
 step= 22000  E=5.841380233249e+02  Q=9.820000000000e+02  λ=1.092200e+00  dt=9.248e-04  relΔE=1.605e-07  ||F||=1.111e-02
 step= 22500  E=5.840898426013e+02  Q=9.820000000000e+02  λ=1.092034e+00  dt=1.431e-03  relΔE=9.324e-08  ||F||=6.495e-02
 step= 23000  E=5.840588923988e+02  Q=9.820000000000e+02  λ=1.091916e+00  dt=1.108e-03  relΔE=8.858e-08  ||F||=7.536e-03
 step= 23500  E=5.840370152268e+02  Q=9.820000000000e+02  λ=1.091826e+00  dt=8.575e-04  relΔE=4.636e-08  ||F||=6.193e-03
 step= 24000  E=5.840222134985e+02  Q=9.820000000000e+02  λ=1.091758e+00  dt=1.327e-03  relΔE=4.848e-08  ||F||=5.096e-03
 step= 24500  E=5.840124442403e+02  Q=9.820000000000e+02  λ=1.091707e+00  dt=1.027e-03  relΔE=2.569e-08  ||F||=4.204e-03
 step= 25000  E=5.840055617310e+02  Q=9.820000000000e+02  λ=1.091667e+00  dt=7.951e-04  relΔE=1.349e-08  ||F||=3.459e-03
 step= 25500  E=5.840009629747e+02  Q=9.820000000000e+02  λ=1.091636e+00  dt=1.231e-03  relΔE=1.424e-08  ||F||=2.852e-03
 step= 26000  E=5.839978328001e+02  Q=9.820000000000e+02  λ=1.091612e+00  dt=9.526e-04  relΔE=7.584e-09  ||F||=2.361e-03
 step= 26500  E=5.839956067409e+02  Q=9.820000000000e+02  λ=1.091592e+00  dt=7.373e-04  relΔE=4.328e-09  ||F||=2.028e-03
 step= 27000  E=5.839941520167e+02  Q=9.820000000000e+02  λ=1.091576e+00  dt=1.141e-03  relΔE=4.329e-09  ||F||=1.622e-03
 step= 27500  E=5.839931044433e+02  Q=9.820000000000e+02  λ=1.091563e+00  dt=8.833e-04  relΔE=2.332e-09  ||F||=1.348e-03
 step= 28000  E=5.839923667194e+02  Q=9.820000000000e+02  λ=1.091553e+00  dt=1.367e-03  relΔE=2.521e-09  ||F||=1.159e-03
 step= 28500  E=5.839918647189e+02  Q=9.820000000000e+02  λ=1.091544e+00  dt=1.058e-03  relΔE=1.394e-09  ||F||=9.438e-04
 step= 29000  E=5.839914949555e+02  Q=9.820000000000e+02  λ=1.091537e+00  dt=8.190e-04  relΔE=7.710e-10  ||F||=7.935e-04
 step= 29500  E=5.839912312507e+02  Q=9.820000000000e+02  λ=1.091531e+00  dt=1.268e-03  relΔE=8.624e-10  ||F||=6.701e-04
 step= 30000  E=5.839910423935e+02  Q=9.820000000000e+02  λ=1.091525e+00  dt=9.812e-04  relΔE=4.915e-10  ||F||=5.707e-04
 step= 30500  E=5.839908976353e+02  Q=9.820000000000e+02  λ=1.091521e+00  dt=7.594e-04  relΔE=2.860e-10  ||F||=4.913e-04
 step= 31000  E=5.839907942351e+02  Q=9.820000000000e+02  λ=1.091517e+00  dt=1.176e-03  relΔE=3.280e-10  ||F||=4.184e-04
 step= 31500  E=5.839907142068e+02  Q=9.820000000000e+02  λ=1.091514e+00  dt=9.098e-04  relΔE=1.933e-10  ||F||=3.614e-04
 step= 32000  E=5.839906516282e+02  Q=9.820000000000e+02  λ=1.091511e+00  dt=1.408e-03  relΔE=2.213e-10  ||F||=7.747e-04
 step= 32500  E=5.839906055329e+02  Q=9.820000000000e+02  λ=1.091509e+00  dt=1.090e-03  relΔE=1.396e-10  ||F||=2.742e-04
 step= 33000  E=5.839905678943e+02  Q=9.820000000000e+02  λ=1.091507e+00  dt=8.436e-04  relΔE=8.520e-11  ||F||=2.404e-04
 step= 33500  E=5.839905380733e+02  Q=9.820000000000e+02  λ=1.091505e+00  dt=1.306e-03  relΔE=1.051e-10  ||F||=2.118e-04
 step= 34000  E=5.839905147474e+02  Q=9.820000000000e+02  λ=1.091503e+00  dt=1.011e-03  relΔE=6.581e-11  ||F||=1.879e-04
 step= 34500  E=5.839904951618e+02  Q=9.820000000000e+02  λ=1.091502e+00  dt=7.823e-04  relΔE=4.149e-11  ||F||=1.673e-04
 step= 35000  E=5.839904796092e+02  Q=9.820000000000e+02  λ=1.091501e+00  dt=1.211e-03  relΔE=5.249e-11  ||F||=1.488e-04
 step= 35500  E=5.839904667588e+02  Q=9.820000000000e+02  λ=1.091500e+00  dt=9.372e-04  relΔE=3.359e-11  ||F||=1.332e-04
 step= 36000  E=5.839904557520e+02  Q=9.820000000000e+02  λ=1.091499e+00  dt=7.254e-04  relΔE=2.725e-11  ||F||=2.093e-04
 step= 36500  E=5.839904470998e+02  Q=9.820000000000e+02  λ=1.091498e+00  dt=1.123e-03  relΔE=2.795e-11  ||F||=1.074e-04
 step= 37000  E=5.839904395551e+02  Q=9.820000000000e+02  λ=1.091497e+00  dt=8.690e-04  relΔE=1.816e-11  ||F||=9.663e-05
 step= 37500  E=5.839904331862e+02  Q=9.820000000000e+02  λ=1.091497e+00  dt=1.345e-03  relΔE=2.366e-11  ||F||=8.822e-05
 step= 38000  E=5.839904280997e+02  Q=9.820000000000e+02  λ=1.091496e+00  dt=8.676e-04  relΔE=1.303e-11  ||F||=7.890e-05
 step= 38500  E=5.839904234737e+02  Q=9.820000000000e+02  λ=1.091496e+00  dt=1.343e-03  relΔE=1.711e-11  ||F||=7.175e-05
 step= 39000  E=5.839904196739e+02  Q=9.820000000000e+02  λ=1.091495e+00  dt=1.039e-03  relΔE=1.134e-11  ||F||=6.449e-05
 step= 39500  E=5.839904163252e+02  Q=9.820000000000e+02  λ=1.091495e+00  dt=8.045e-04  relΔE=7.526e-12  ||F||=5.844e-05
 step= 40000  E=5.839904134864e+02  Q=9.820000000000e+02  λ=1.091494e+00  dt=1.245e-03  relΔE=9.993e-12  ||F||=5.282e-05
 step= 40500  E=5.839904110705e+02  Q=9.820000000000e+02  λ=1.091494e+00  dt=9.638e-04  relΔE=6.681e-12  ||F||=4.792e-05
 step= 41000  E=5.839904089998e+02  Q=9.820000000000e+02  λ=1.091494e+00  dt=1.243e-03  relΔE=7.476e-12  ||F||=4.353e-05
 step= 41500  E=5.839904071714e+02  Q=9.820000000000e+02  λ=1.091493e+00  dt=9.623e-04  relΔE=5.021e-12  ||F||=3.949e-05
 step= 42000  E=5.839904055352e+02  Q=9.820000000000e+02  λ=1.091493e+00  dt=7.448e-04  relΔE=3.474e-12  ||F||=3.719e-05
 step= 42500  E=5.839904041804e+02  Q=9.820000000000e+02  λ=1.091493e+00  dt=1.153e-03  relΔE=4.556e-12  ||F||=3.248e-05
 step= 43000  E=5.839904029626e+02  Q=9.820000000000e+02  λ=1.091493e+00  dt=8.923e-04  relΔE=3.080e-12  ||F||=2.947e-05
 step= 43500  E=5.839904018845e+02  Q=9.820000000000e+02  λ=1.091493e+00  dt=1.381e-03  relΔE=4.153e-12  ||F||=3.831e-05
 step= 44000  E=5.839904009774e+02  Q=9.820000000000e+02  λ=1.091492e+00  dt=1.069e-03  relΔE=2.838e-12  ||F||=2.426e-05
 step= 44500  E=5.839904001537e+02  Q=9.820000000000e+02  λ=1.091492e+00  dt=8.273e-04  relΔE=1.932e-12  ||F||=2.204e-05
 step= 45000  E=5.839903994310e+02  Q=9.820000000000e+02  λ=1.091492e+00  dt=1.281e-03  relΔE=2.633e-12  ||F||=1.997e-05
 step= 45500  E=5.839903988064e+02  Q=9.820000000000e+02  λ=1.091492e+00  dt=9.912e-04  relΔE=1.804e-12  ||F||=1.815e-05
 step= 46000  E=5.839903982329e+02  Q=9.820000000000e+02  λ=1.091492e+00  dt=7.672e-04  relΔE=1.252e-12  ||F||=1.700e-05
 step= 46500  E=5.839903977443e+02  Q=9.820000000000e+02  λ=1.091492e+00  dt=1.188e-03  relΔE=1.696e-12  ||F||=1.495e-05
 step= 47000  E=5.839903973035e+02  Q=9.820000000000e+02  λ=1.091492e+00  dt=9.191e-04  relΔE=1.166e-12  ||F||=1.358e-05
 step= 47500  E=5.839903969006e+02  Q=9.820000000000e+02  λ=1.091492e+00  dt=1.423e-03  relΔE=1.348e-12  ||F||=1.221e-04
 step= 48000  E=5.839903965618e+02  Q=9.820000000000e+02  λ=1.091492e+00  dt=1.101e-03  relΔE=1.108e-12  ||F||=1.119e-05
 step= 48500  E=5.839903962471e+02  Q=9.820000000000e+02  λ=1.091492e+00  dt=8.522e-04  relΔE=7.653e-13  ||F||=1.017e-05
 step= 49000  E=5.839903959666e+02  Q=9.820000000000e+02  λ=1.091492e+00  dt=1.319e-03  relΔE=1.056e-12  ||F||=9.265e-06
 step= 49500  E=5.839903957225e+02  Q=9.820000000000e+02  λ=1.091491e+00  dt=1.021e-03  relΔE=7.324e-13  ||F||=8.373e-06
 step= 50000  E=5.839903954962e+02  Q=9.820000000000e+02  λ=1.091491e+00  dt=7.902e-04  relΔE=5.100e-13  ||F||=7.747e-06
 step= 50500  E=5.839903952980e+02  Q=9.820000000000e+02  λ=1.091491e+00  dt=1.223e-03  relΔE=7.041e-13  ||F||=6.896e-06
 step= 51000  E=5.839903951204e+02  Q=9.820000000000e+02  λ=1.091491e+00  dt=9.467e-04  relΔE=4.904e-13  ||F||=6.268e-06
 step= 51500  E=5.839903949551e+02  Q=9.820000000000e+02  λ=1.091491e+00  dt=7.327e-04  relΔE=3.670e-13  ||F||=7.724e-06
 step= 52000  E=5.839903948145e+02  Q=9.820000000000e+02  λ=1.091491e+00  dt=1.134e-03  relΔE=4.740e-13  ||F||=5.165e-06
 step= 52500  E=5.839903946834e+02  Q=9.820000000000e+02  λ=1.091491e+00  dt=8.779e-04  relΔE=3.306e-13  ||F||=4.699e-06
 step= 53000  E=5.839903945647e+02  Q=9.820000000000e+02  λ=1.091491e+00  dt=1.359e-03  relΔE=4.590e-13  ||F||=5.382e-06
 step= 53500  E=5.839903944613e+02  Q=9.820000000000e+02  λ=1.091491e+00  dt=1.052e-03  relΔE=3.212e-13  ||F||=3.865e-06
 step= 54000  E=5.839903943651e+02  Q=9.820000000000e+02  λ=1.091491e+00  dt=8.140e-04  relΔE=2.247e-13  ||F||=3.557e-06
 step= 54500  E=5.839903942792e+02  Q=9.820000000000e+02  λ=1.091491e+00  dt=1.260e-03  relΔE=3.132e-13  ||F||=3.183e-06
 step= 55000  E=5.839903942028e+02  Q=9.820000000000e+02  λ=1.091491e+00  dt=9.752e-04  relΔE=2.192e-13  ||F||=2.894e-06
 step= 55500  E=5.839903941311e+02  Q=9.820000000000e+02  λ=1.091491e+00  dt=7.548e-04  relΔE=1.557e-13  ||F||=3.090e-06
 step= 56000  E=5.839903940692e+02  Q=9.820000000000e+02  λ=1.091491e+00  dt=1.168e-03  relΔE=2.143e-13  ||F||=2.385e-06
 step= 56500  E=5.839903940119e+02  Q=9.820000000000e+02  λ=1.091491e+00  dt=9.043e-04  relΔE=1.495e-13  ||F||=2.170e-06
 step= 57000  E=5.839903939590e+02  Q=9.820000000000e+02  λ=1.091491e+00  dt=1.400e-03  relΔE=2.056e-13  ||F||=1.637e-05
 step= 57500  E=5.839903939136e+02  Q=9.820000000000e+02  λ=1.091491e+00  dt=1.083e-03  relΔE=1.468e-13  ||F||=1.785e-06
 step= 58000  E=5.839903938708e+02  Q=9.820000000000e+02  λ=1.091491e+00  dt=8.385e-04  relΔE=1.028e-13  ||F||=1.643e-06
 step= 58500  E=5.839903938323e+02  Q=9.820000000000e+02  λ=1.091491e+00  dt=1.298e-03  relΔE=1.441e-13  ||F||=1.478e-06
 step= 59000  E=5.839903937982e+02  Q=9.820000000000e+02  λ=1.091491e+00  dt=1.005e-03  relΔE=1.010e-13  ||F||=1.337e-06
 step= 59500  E=5.839903937662e+02  Q=9.820000000000e+02  λ=1.091491e+00  dt=7.775e-04  relΔE=7.125e-14  ||F||=1.381e-06
 step= 60000  E=5.839903937380e+02  Q=9.820000000000e+02  λ=1.091491e+00  dt=1.203e-03  relΔE=9.948e-14  ||F||=1.101e-06
 step= 60500  E=5.839903937123e+02  Q=9.820000000000e+02  λ=1.091491e+00  dt=9.315e-04  relΔE=7.008e-14  ||F||=1.003e-06
 step= 61000  E=5.839903936883e+02  Q=9.820000000000e+02  λ=1.091491e+00  dt=6.008e-04  relΔE=1.882e-13  ||F||=8.169e-05
 step= 61500  E=5.839903936683e+02  Q=9.820000000000e+02  λ=1.091491e+00  dt=9.299e-04  relΔE=5.723e-14  ||F||=8.289e-07
 step= 62000  E=5.839903936486e+02  Q=9.820000000000e+02  λ=1.091491e+00  dt=1.439e-03  relΔE=5.061e-15  ||F||=6.457e-05
 step= 62500  E=5.839903936316e+02  Q=9.820000000000e+02  λ=1.091491e+00  dt=1.114e-03  relΔE=5.587e-14  ||F||=6.814e-07
 step= 63000  E=5.839903936156e+02  Q=9.820000000000e+02  λ=1.091491e+00  dt=8.623e-04  relΔE=3.971e-14  ||F||=6.388e-07
 step= 63500  E=5.839903936011e+02  Q=9.820000000000e+02  λ=1.091491e+00  dt=1.335e-03  relΔE=5.587e-14  ||F||=7.091e-07
 step= 64000  E=5.839903935883e+02  Q=9.820000000000e+02  λ=1.091491e+00  dt=1.033e-03  relΔE=3.971e-14  ||F||=5.102e-07
 step= 64500  E=5.839903935764e+02  Q=9.820000000000e+02  λ=1.091491e+00  dt=7.996e-04  relΔE=2.745e-14  ||F||=5.374e-07
 step= 65000  E=5.839903935657e+02  Q=9.820000000000e+02  λ=1.091491e+00  dt=1.238e-03  relΔE=3.835e-14  ||F||=4.201e-07
 step= 65500  E=5.839903935561e+02  Q=9.820000000000e+02  λ=1.091491e+00  dt=9.579e-04  relΔE=2.725e-14  ||F||=3.826e-07
 step= 66000  E=5.839903935470e+02  Q=9.820000000000e+02  λ=1.091491e+00  dt=7.414e-04  relΔE=1.927e-14  ||F||=9.434e-07
 step= 66500  E=5.839903935392e+02  Q=9.820000000000e+02  λ=1.091491e+00  dt=1.148e-03  relΔE=2.628e-14  ||F||=3.146e-07
 step= 67000  E=5.839903935319e+02  Q=9.820000000000e+02  λ=1.091491e+00  dt=8.882e-04  relΔE=1.849e-14  ||F||=2.930e-07
 step= 67500  E=5.839903935252e+02  Q=9.820000000000e+02  λ=1.091491e+00  dt=1.375e-03  relΔE=2.609e-14  ||F||=1.761e-06
 step= 68000  E=5.839903935194e+02  Q=9.820000000000e+02  λ=1.091491e+00  dt=1.064e-03  relΔE=1.869e-14  ||F||=2.357e-07
 step= 68500  E=5.839903935139e+02  Q=9.820000000000e+02  λ=1.091491e+00  dt=8.236e-04  relΔE=1.265e-14  ||F||=2.593e-07
 step= 69000  E=5.839903935089e+02  Q=9.820000000000e+02  λ=1.091491e+00  dt=1.275e-03  relΔE=1.810e-14  ||F||=1.958e-07
 step= 69500  E=5.839903935045e+02  Q=9.820000000000e+02  λ=1.091491e+00  dt=9.867e-04  relΔE=1.246e-14  ||F||=1.770e-07
 step= 70000  E=5.839903935004e+02  Q=9.820000000000e+02  λ=1.091491e+00  dt=7.637e-04  relΔE=8.566e-15  ||F||=3.732e-07
 step= 70500  E=5.839903934968e+02  Q=9.820000000000e+02  λ=1.091491e+00  dt=1.182e-03  relΔE=1.265e-14  ||F||=1.453e-07
 step= 71000  E=5.839903934934e+02  Q=9.820000000000e+02  λ=1.091491e+00  dt=9.149e-04  relΔE=8.760e-15  ||F||=1.366e-07
 step= 71500  E=5.839903934903e+02  Q=9.820000000000e+02  λ=1.091491e+00  dt=1.416e-03  relΔE=1.188e-14  ||F||=7.048e-06
 step= 72000  E=5.839903934877e+02  Q=9.820000000000e+02  λ=1.091491e+00  dt=1.096e-03  relΔE=8.566e-15  ||F||=1.089e-07
 step= 72500  E=5.839903934851e+02  Q=9.820000000000e+02  λ=1.091491e+00  dt=8.484e-04  relΔE=5.840e-15  ||F||=1.112e-07
 step= 73000  E=5.839903934829e+02  Q=9.820000000000e+02  λ=1.091491e+00  dt=1.313e-03  relΔE=8.760e-15  ||F||=1.087e-07
 step= 73500  E=5.839903934808e+02  Q=9.820000000000e+02  λ=1.091491e+00  dt=1.016e-03  relΔE=6.230e-15  ||F||=8.190e-08
 step= 74000  E=5.839903934789e+02  Q=9.820000000000e+02  λ=1.091491e+00  dt=7.867e-04  relΔE=3.699e-15  ||F||=1.860e-07
 step= 74500  E=5.839903934772e+02  Q=9.820000000000e+02  λ=1.091491e+00  dt=1.218e-03  relΔE=5.646e-15  ||F||=6.713e-08
 step= 75000  E=5.839903934757e+02  Q=9.820000000000e+02  λ=1.091491e+00  dt=9.425e-04  relΔE=4.088e-15  ||F||=6.319e-08
 step= 75500  E=5.839903934743e+02  Q=9.820000000000e+02  λ=1.091491e+00  dt=7.294e-04  relΔE=3.115e-15  ||F||=5.616e-07
 step= 76000  E=5.839903934730e+02  Q=9.820000000000e+02  λ=1.091491e+00  dt=1.129e-03  relΔE=4.283e-15  ||F||=5.030e-08
 Converged (aggressive): step=76152, E=5.839903934727e+02, Q=9.820000000000e+02, dt=9.756e-04, ||F||=4.990e-08

Stationary candidate (aggressive): E=5.839903934727e+02, Q=9.820000000000e+02, maxρ=8.254710e-01

=== Stability test (damped inertial dynamics) ===
Perturb eps=0.02, gamma=1
t=0: E=6.318220992982e+02, Q=9.820000000000e+02, maxρ=8.517189e-01, σ=2.516460e+00, Rc=1.864185e+01
 step=     1  E=6.318218591743e+02  Q=9.820000000000e+02  λ=1.476978e+00  maxρ=8.517188e-01  minρ=1.000e-15  σ=2.516460e+00  Rc=1.864185e+01
 step=   300  E=6.219754596048e+02  Q=9.820000000000e+02  λ=1.374404e+00  maxρ=8.502738e-01  minρ=1.000e-15  σ=2.516457e+00  Rc=1.864186e+01
 step=   600  E=6.021644470210e+02  Q=9.820000000000e+02  λ=1.188573e+00  maxρ=8.461996e-01  minρ=1.000e-15  σ=2.516451e+00  Rc=1.864186e+01
 step=   900  E=5.905474835161e+02  Q=9.820000000000e+02  λ=1.129132e+00  maxρ=8.401739e-01  minρ=1.000e-15  σ=2.516449e+00  Rc=1.864186e+01
 step=  1200  E=5.949277908814e+02  Q=9.820000000000e+02  λ=1.236025e+00  maxρ=8.373832e-01  minρ=1.000e-15  σ=2.516452e+00  Rc=1.864185e+01
 step=  1500  E=6.067916134269e+02  Q=9.820000000000e+02  λ=1.352322e+00  maxρ=8.423679e-01  minρ=1.000e-15  σ=2.516454e+00  Rc=1.864185e+01
 step=  1800  E=6.128773271643e+02  Q=9.820000000000e+02  λ=1.338741e+00  maxρ=8.450641e-01  minρ=1.000e-15  σ=2.516451e+00  Rc=1.864185e+01
 step=  2100  E=6.093380374620e+02  Q=9.820000000000e+02  λ=1.237820e+00  maxρ=8.407623e-01  minρ=1.000e-15  σ=2.516448e+00  Rc=1.864185e+01
 step=  2400  E=6.030746733397e+02  Q=9.820000000000e+02  λ=1.190744e+00  maxρ=8.324806e-01  minρ=1.000e-15  σ=2.516448e+00  Rc=1.864185e+01
 step=  2700  E=6.015275335694e+02  Q=9.820000000000e+02  λ=1.245066e+00  maxρ=8.349779e-01  minρ=1.000e-15  σ=2.516451e+00  Rc=1.864185e+01
 step=  3000  E=6.045756665313e+02  Q=9.820000000000e+02  λ=1.311089e+00  maxρ=8.454630e-01  minρ=1.000e-15  σ=2.516452e+00  Rc=1.864185e+01
 step=  3300  E=6.069005883839e+02  Q=9.820000000000e+02  λ=1.299338e+00  maxρ=8.476298e-01  minρ=1.000e-15  σ=2.516448e+00  Rc=1.864185e+01
 step=  3600  E=6.055177051692e+02  Q=9.820000000000e+02  λ=1.234983e+00  maxρ=8.435278e-01  minρ=1.000e-15  σ=2.516444e+00  Rc=1.864185e+01
 step=  3900  E=6.025822518698e+02  Q=9.820000000000e+02  λ=1.205745e+00  maxρ=8.435332e-01  minρ=1.000e-15  σ=2.516444e+00  Rc=1.864185e+01
 step=  4200  E=6.014711598948e+02  Q=9.820000000000e+02  λ=1.237831e+00  maxρ=8.406031e-01  minρ=1.000e-15  σ=2.516447e+00  Rc=1.864184e+01
 step=  4500  E=6.025046311209e+02  Q=9.820000000000e+02  λ=1.273269e+00  maxρ=8.383731e-01  minρ=1.000e-15  σ=2.516448e+00  Rc=1.864184e+01
 step=  4800  E=6.034673736802e+02  Q=9.820000000000e+02  λ=1.261291e+00  maxρ=8.418360e-01  minρ=1.000e-15  σ=2.516444e+00  Rc=1.864184e+01
 step=  5100  E=6.029876067318e+02  Q=9.820000000000e+02  λ=1.224013e+00  maxρ=8.429769e-01  minρ=1.000e-15  σ=2.516439e+00  Rc=1.864184e+01
 step=  5400  E=6.018825191399e+02  Q=9.820000000000e+02  λ=1.213733e+00  maxρ=8.419874e-01  minρ=1.000e-15  σ=2.516437e+00  Rc=1.864183e+01
 step=  5700  E=6.014145026286e+02  Q=9.820000000000e+02  λ=1.237274e+00  maxρ=8.391169e-01  minρ=1.000e-15  σ=2.516439e+00  Rc=1.864183e+01
 step=  6000  E=6.015628973088e+02  Q=9.820000000000e+02  λ=1.254540e+00  maxρ=8.365407e-01  minρ=1.000e-15  σ=2.516440e+00  Rc=1.864183e+01
 >>> No runaway detected in this horizon. Likely stable (within this model & box).

STABILITY: PASS
