
=== Aggressive relaxation to Q = 430 ===
Initial: E=6.518711903507e+02, Q=4.300000000000e+02, dt=1.000e-04
 step=     1  E=6.518566940721e+02  Q=4.300000000000e+02  λ=2.939233e+00  dt=1.000e-04  relΔE=2.224e-05  ||F||=5.809e-01
 step=   500  E=6.339537996273e+02  Q=4.300000000000e+02  λ=2.854116e+00  dt=6.192e-04  relΔE=1.072e-04  ||F||=5.536e-01
 step=  1000  E=5.824994715920e+02  Q=4.300000000000e+02  λ=2.611641e+00  dt=9.584e-04  relΔE=1.376e-04  ||F||=4.833e-01
 step=  1500  E=5.398437122662e+02  Q=4.300000000000e+02  λ=2.413046e+00  dt=7.418e-04  relΔE=9.361e-05  ||F||=4.364e-01
 step=  2000  E=5.074084209275e+02  Q=4.300000000000e+02  λ=2.263541e+00  dt=1.148e-03  relΔE=1.211e-04  ||F||=3.865e-01
 step=  2500  E=4.799953046074e+02  Q=4.300000000000e+02  λ=2.137886e+00  dt=8.887e-04  relΔE=8.182e-05  ||F||=3.512e-01
 step=  3000  E=4.569028146611e+02  Q=4.300000000000e+02  λ=2.032771e+00  dt=1.376e-03  relΔE=1.111e-04  ||F||=3.631e-01
 step=  3500  E=4.381730340587e+02  Q=4.300000000000e+02  λ=1.947764e+00  dt=1.065e-03  relΔE=7.672e-05  ||F||=2.969e-01
 step=  4000  E=4.215898397280e+02  Q=4.300000000000e+02  λ=1.872829e+00  dt=8.241e-04  relΔE=5.310e-05  ||F||=2.754e-01
 step=  4500  E=4.073246554031e+02  Q=4.300000000000e+02  λ=1.808682e+00  dt=1.276e-03  relΔE=7.385e-05  ||F||=2.566e-01
 step=  5000  E=3.951121190214e+02  Q=4.300000000000e+02  λ=1.753874e+00  dt=9.873e-04  relΔE=5.188e-05  ||F||=2.407e-01
 step=  5500  E=3.838995469773e+02  Q=4.300000000000e+02  λ=1.703726e+00  dt=7.641e-04  relΔE=3.701e-05  ||F||=2.279e-01
 step=  6000  E=3.742699896617e+02  Q=4.300000000000e+02  λ=1.660842e+00  dt=1.183e-03  relΔE=5.229e-05  ||F||=2.149e-01
 step=  6500  E=3.654283347065e+02  Q=4.300000000000e+02  λ=1.621546e+00  dt=9.154e-04  relΔE=3.772e-05  ||F||=2.050e-01
 step=  7000  E=3.571125813596e+02  Q=4.300000000000e+02  λ=1.584886e+00  dt=1.417e-03  relΔE=5.156e-05  ||F||=5.726e-01
 step=  7500  E=3.497964680487e+02  Q=4.300000000000e+02  λ=1.552459e+00  dt=1.097e-03  relΔE=4.075e-05  ||F||=1.905e-01
 step=  8000  E=3.426359851050e+02  Q=4.300000000000e+02  λ=1.520935e+00  dt=8.488e-04  relΔE=3.054e-05  ||F||=1.855e-01
 step=  8500  E=3.358065559845e+02  Q=4.300000000000e+02  λ=1.490952e+00  dt=1.314e-03  relΔE=4.622e-05  ||F||=1.817e-01
 step=  9000  E=3.294017228029e+02  Q=4.300000000000e+02  λ=1.462781e+00  dt=1.017e-03  relΔE=3.528e-05  ||F||=1.786e-01
 step=  9500  E=3.229800721251e+02  Q=4.300000000000e+02  λ=1.434452e+00  dt=7.871e-04  relΔE=2.714e-05  ||F||=1.763e-01
 step= 10000  E=3.168977171719e+02  Q=4.300000000000e+02  λ=1.407480e+00  dt=1.218e-03  relΔE=4.128e-05  ||F||=1.731e-01
 step= 10500  E=3.110217460910e+02  Q=4.300000000000e+02  λ=1.381142e+00  dt=9.430e-04  relΔE=3.131e-05  ||F||=1.698e-01
 step= 11000  E=3.052098387892e+02  Q=4.300000000000e+02  λ=1.354764e+00  dt=7.298e-04  relΔE=2.578e-05  ||F||=1.741e-01
 step= 11500  E=3.000423239605e+02  Q=4.300000000000e+02  λ=1.330968e+00  dt=1.130e-03  relΔE=3.438e-05  ||F||=1.596e-01
 step= 12000  E=2.951028938995e+02  Q=4.300000000000e+02  λ=1.307803e+00  dt=8.744e-04  relΔE=2.463e-05  ||F||=1.523e-01
 step= 12500  E=2.906398850844e+02  Q=4.300000000000e+02  λ=1.286490e+00  dt=1.353e-03  relΔE=3.427e-05  ||F||=1.452e-01
 step= 13000  E=2.868599177694e+02  Q=4.300000000000e+02  λ=1.268039e+00  dt=1.048e-03  relΔE=2.327e-05  ||F||=1.334e-01
 step= 13500  E=2.835370003528e+02  Q=4.300000000000e+02  λ=1.251466e+00  dt=8.108e-04  relΔE=1.530e-05  ||F||=1.222e-01
 step= 14000  E=2.808110510841e+02  Q=4.300000000000e+02  λ=1.237566e+00  dt=1.255e-03  relΔE=1.950e-05  ||F||=1.104e-01
 step= 14500  E=2.786443210975e+02  Q=4.300000000000e+02  λ=1.226226e+00  dt=9.713e-04  relΔE=1.216e-05  ||F||=9.867e-02
 step= 15000  E=2.768708608272e+02  Q=4.300000000000e+02  λ=1.216691e+00  dt=7.518e-04  relΔE=7.554e-06  ||F||=8.815e-02
 step= 15500  E=2.755659740030e+02  Q=4.300000000000e+02  λ=1.209471e+00  dt=1.164e-03  relΔE=8.757e-06  ||F||=7.607e-02
 step= 16000  E=2.745517304212e+02  Q=4.300000000000e+02  λ=1.203664e+00  dt=9.007e-04  relΔE=5.102e-06  ||F||=6.588e-02
 step= 16500  E=2.737829406951e+02  Q=4.300000000000e+02  λ=1.199100e+00  dt=1.394e-03  relΔE=5.750e-06  ||F||=8.760e-02
 step= 17000  E=2.732454055118e+02  Q=4.300000000000e+02  λ=1.195761e+00  dt=1.079e-03  relΔE=3.318e-06  ||F||=4.842e-02
 step= 17500  E=2.728390270864e+02  Q=4.300000000000e+02  λ=1.193114e+00  dt=8.352e-04  relΔE=1.855e-06  ||F||=4.112e-02
 step= 18000  E=2.725484758868e+02  Q=4.300000000000e+02  λ=1.191115e+00  dt=1.293e-03  relΔE=2.053e-06  ||F||=3.475e-02
 step= 18500  E=2.723455224283e+02  Q=4.300000000000e+02  λ=1.189626e+00  dt=1.001e-03  relΔE=1.139e-06  ||F||=2.940e-02
 step= 19000  E=2.721994160969e+02  Q=4.300000000000e+02  λ=1.188475e+00  dt=1.291e-03  relΔE=1.044e-06  ||F||=2.478e-02
 step= 19500  E=2.720967714445e+02  Q=4.300000000000e+02  λ=1.187598e+00  dt=9.989e-04  relΔE=5.740e-07  ||F||=2.088e-02
 step= 20000  E=2.720214895528e+02  Q=4.300000000000e+02  λ=1.186894e+00  dt=7.731e-04  relΔE=3.128e-07  ||F||=1.751e-02
 step= 20500  E=2.719704220809e+02  Q=4.300000000000e+02  λ=1.186366e+00  dt=1.197e-03  relΔE=3.392e-07  ||F||=1.465e-02
 step= 21000  E=2.719340942059e+02  Q=4.300000000000e+02  λ=1.185946e+00  dt=9.263e-04  relΔE=1.846e-07  ||F||=1.228e-02
 step= 21500  E=2.719079241854e+02  Q=4.300000000000e+02  λ=1.185606e+00  dt=1.434e-03  relΔE=5.818e-08  ||F||=9.181e-02
 step= 22000  E=2.718904775605e+02  Q=4.300000000000e+02  λ=1.185344e+00  dt=1.110e-03  relΔE=1.094e-07  ||F||=8.631e-03
 step= 22500  E=2.718776835112e+02  Q=4.300000000000e+02  λ=1.185126e+00  dt=8.589e-04  relΔE=5.961e-08  ||F||=7.238e-03
 step= 23000  E=2.718686645944e+02  Q=4.300000000000e+02  λ=1.184948e+00  dt=1.329e-03  relΔE=6.517e-08  ||F||=6.089e-03
 step= 23500  E=2.718624185561e+02  Q=4.300000000000e+02  λ=1.184805e+00  dt=1.029e-03  relΔE=3.617e-08  ||F||=5.144e-03
 step= 24000  E=2.718578058581e+02  Q=4.300000000000e+02  λ=1.184681e+00  dt=7.964e-04  relΔE=2.006e-08  ||F||=4.352e-03
 step= 24500  E=2.718545430424e+02  Q=4.300000000000e+02  λ=1.184580e+00  dt=1.233e-03  relΔE=2.243e-08  ||F||=3.694e-03
 step= 25000  E=2.718521858837e+02  Q=4.300000000000e+02  λ=1.184494e+00  dt=9.541e-04  relΔE=1.273e-08  ||F||=3.160e-03
 step= 25500  E=2.718503892810e+02  Q=4.300000000000e+02  λ=1.184419e+00  dt=7.385e-04  relΔE=7.704e-09  ||F||=2.795e-03
 step= 26000  E=2.718491253174e+02  Q=4.300000000000e+02  λ=1.184357e+00  dt=1.143e-03  relΔE=8.424e-09  ||F||=2.342e-03
 step= 26500  E=2.718481386509e+02  Q=4.300000000000e+02  λ=1.184302e+00  dt=8.847e-04  relΔE=4.934e-09  ||F||=2.034e-03
 step= 27000  E=2.718473813578e+02  Q=4.300000000000e+02  λ=1.184253e+00  dt=1.369e-03  relΔE=5.840e-09  ||F||=1.856e-03
 step= 27500  E=2.718468165207e+02  Q=4.300000000000e+02  λ=1.184212e+00  dt=1.060e-03  relΔE=3.542e-09  ||F||=1.568e-03
 step= 28000  E=2.718463592379e+02  Q=4.300000000000e+02  λ=1.184175e+00  dt=8.203e-04  relΔE=2.163e-09  ||F||=1.390e-03
 step= 28500  E=2.718459978786e+02  Q=4.300000000000e+02  λ=1.184143e+00  dt=1.270e-03  relΔE=2.675e-09  ||F||=1.240e-03
 step= 29000  E=2.718457123675e+02  Q=4.300000000000e+02  λ=1.184114e+00  dt=9.828e-04  relΔE=1.683e-09  ||F||=1.116e-03
 step= 29500  E=2.718454707909e+02  Q=4.300000000000e+02  λ=1.184088e+00  dt=7.607e-04  relΔE=1.079e-09  ||F||=1.014e-03
 step= 30000  E=2.718452799418e+02  Q=4.300000000000e+02  λ=1.184066e+00  dt=1.177e-03  relΔE=1.365e-09  ||F||=9.141e-04
 step= 30500  E=2.718451182793e+02  Q=4.300000000000e+02  λ=1.184045e+00  dt=9.113e-04  relΔE=8.820e-10  ||F||=8.333e-04
 step= 31000  E=2.718449795548e+02  Q=4.300000000000e+02  λ=1.184026e+00  dt=1.411e-03  relΔE=1.075e-09  ||F||=2.240e-03
 step= 31500  E=2.718448687372e+02  Q=4.300000000000e+02  λ=1.184010e+00  dt=1.092e-03  relΔE=7.523e-10  ||F||=6.999e-04
 step= 32000  E=2.718447707720e+02  Q=4.300000000000e+02  λ=1.183995e+00  dt=8.450e-04  relΔE=4.951e-10  ||F||=6.439e-04
 step= 32500  E=2.718446875833e+02  Q=4.300000000000e+02  λ=1.183981e+00  dt=1.308e-03  relΔE=6.536e-10  ||F||=5.934e-04
 step= 33000  E=2.718446180698e+02  Q=4.300000000000e+02  λ=1.183969e+00  dt=1.012e-03  relΔE=4.352e-10  ||F||=5.488e-04
 step= 33500  E=2.718445562152e+02  Q=4.300000000000e+02  λ=1.183957e+00  dt=7.835e-04  relΔE=2.904e-10  ||F||=5.083e-04
 step= 34000  E=2.718445043163e+02  Q=4.300000000000e+02  λ=1.183947e+00  dt=1.213e-03  relΔE=3.866e-10  ||F||=4.700e-04
 step= 34500  E=2.718444593194e+02  Q=4.300000000000e+02  λ=1.183938e+00  dt=9.387e-04  relΔE=2.589e-10  ||F||=4.360e-04
 step= 35000  E=2.718444190625e+02  Q=4.300000000000e+02  λ=1.183929e+00  dt=7.265e-04  relΔE=1.965e-10  ||F||=4.423e-04
 step= 35500  E=2.718443861043e+02  Q=4.300000000000e+02  λ=1.183921e+00  dt=1.125e-03  relΔE=2.331e-10  ||F||=3.755e-04
 step= 36000  E=2.718443563759e+02  Q=4.300000000000e+02  λ=1.183914e+00  dt=8.704e-04  relΔE=1.566e-10  ||F||=3.487e-04
 step= 36500  E=2.718443304887e+02  Q=4.300000000000e+02  λ=1.183907e+00  dt=1.347e-03  relΔE=2.103e-10  ||F||=3.260e-04
 step= 37000  E=2.718443086060e+02  Q=4.300000000000e+02  λ=1.183901e+00  dt=1.043e-03  relΔE=1.421e-10  ||F||=3.011e-04
 step= 37500  E=2.718442889898e+02  Q=4.300000000000e+02  λ=1.183895e+00  dt=8.071e-04  relΔE=9.592e-11  ||F||=2.801e-04
 step= 38000  E=2.718442720713e+02  Q=4.300000000000e+02  λ=1.183890e+00  dt=1.249e-03  relΔE=1.292e-10  ||F||=2.601e-04
 step= 38500  E=2.718442574986e+02  Q=4.300000000000e+02  λ=1.183885e+00  dt=9.670e-04  relΔE=8.748e-11  ||F||=2.421e-04
 step= 39000  E=2.718442442773e+02  Q=4.300000000000e+02  λ=1.183880e+00  dt=7.484e-04  relΔE=6.034e-11  ||F||=2.279e-04
 step= 39500  E=2.718442332613e+02  Q=4.300000000000e+02  λ=1.183876e+00  dt=1.158e-03  relΔE=8.004e-11  ||F||=2.094e-04
 step= 40000  E=2.718442233563e+02  Q=4.300000000000e+02  λ=1.183872e+00  dt=8.966e-04  relΔE=5.420e-11  ||F||=1.947e-04
 step= 40500  E=2.718442145478e+02  Q=4.300000000000e+02  λ=1.183869e+00  dt=1.388e-03  relΔE=7.288e-11  ||F||=2.499e-04
 step= 41000  E=2.718442073213e+02  Q=4.300000000000e+02  λ=1.183866e+00  dt=8.952e-04  relΔE=4.170e-11  ||F||=1.688e-04
 step= 41500  E=2.718442005484e+02  Q=4.300000000000e+02  λ=1.183863e+00  dt=1.386e-03  relΔE=5.628e-11  ||F||=1.991e-04
 step= 42000  E=2.718441948444e+02  Q=4.300000000000e+02  λ=1.183860e+00  dt=1.072e-03  relΔE=3.851e-11  ||F||=1.461e-04
 step= 42500  E=2.718441896592e+02  Q=4.300000000000e+02  λ=1.183857e+00  dt=8.300e-04  relΔE=2.619e-11  ||F||=1.359e-04
 step= 43000  E=2.718441851177e+02  Q=4.300000000000e+02  λ=1.183855e+00  dt=1.285e-03  relΔE=3.560e-11  ||F||=1.263e-04
 step= 43500  E=2.718441812093e+02  Q=4.300000000000e+02  λ=1.183853e+00  dt=9.944e-04  relΔE=2.432e-11  ||F||=1.177e-04
 step= 44000  E=2.718441776327e+02  Q=4.300000000000e+02  λ=1.183850e+00  dt=7.697e-04  relΔE=1.668e-11  ||F||=1.099e-04
 step= 44500  E=2.718441745878e+02  Q=4.300000000000e+02  λ=1.183849e+00  dt=1.191e-03  relΔE=2.264e-11  ||F||=1.018e-04
 step= 45000  E=2.718441718676e+02  Q=4.300000000000e+02  λ=1.183847e+00  dt=9.221e-04  relΔE=1.548e-11  ||F||=9.473e-05
 step= 45500  E=2.718441693936e+02  Q=4.300000000000e+02  λ=1.183845e+00  dt=1.427e-03  relΔE=1.594e-11  ||F||=5.689e-04
 step= 46000  E=2.718441673239e+02  Q=4.300000000000e+02  λ=1.183843e+00  dt=1.105e-03  relΔE=1.452e-11  ||F||=8.200e-05
 step= 46500  E=2.718441654185e+02  Q=4.300000000000e+02  λ=1.183842e+00  dt=8.550e-04  relΔE=9.956e-12  ||F||=7.627e-05
 step= 47000  E=2.718441637291e+02  Q=4.300000000000e+02  λ=1.183841e+00  dt=1.323e-03  relΔE=1.365e-11  ||F||=7.101e-05
 step= 47500  E=2.718441622696e+02  Q=4.300000000000e+02  λ=1.183839e+00  dt=1.024e-03  relΔE=9.406e-12  ||F||=6.603e-05
 step= 48000  E=2.718441609295e+02  Q=4.300000000000e+02  λ=1.183838e+00  dt=7.928e-04  relΔE=6.484e-12  ||F||=6.152e-05
 step= 48500  E=2.718441597598e+02  Q=4.300000000000e+02  λ=1.183837e+00  dt=1.227e-03  relΔE=8.918e-12  ||F||=5.712e-05
 step= 49000  E=2.718441587214e+02  Q=4.300000000000e+02  λ=1.183836e+00  dt=9.498e-04  relΔE=6.161e-12  ||F||=5.317e-05
 step= 49500  E=2.718441577612e+02  Q=4.300000000000e+02  λ=1.183835e+00  dt=7.351e-04  relΔE=4.492e-12  ||F||=5.200e-05
 step= 50000  E=2.718441569479e+02  Q=4.300000000000e+02  λ=1.183834e+00  dt=1.138e-03  relΔE=5.890e-12  ||F||=4.602e-05
 step= 50500  E=2.718441561967e+02  Q=4.300000000000e+02  λ=1.183834e+00  dt=8.807e-04  relΔE=4.079e-12  ||F||=4.281e-05
 step= 51000  E=2.718441555178e+02  Q=4.300000000000e+02  λ=1.183833e+00  dt=1.363e-03  relΔE=5.647e-12  ||F||=4.155e-05
 step= 51500  E=2.718441549298e+02  Q=4.300000000000e+02  λ=1.183832e+00  dt=1.055e-03  relΔE=3.932e-12  ||F||=3.706e-05
 step= 52000  E=2.718441543856e+02  Q=4.300000000000e+02  λ=1.183832e+00  dt=8.166e-04  relΔE=2.735e-12  ||F||=3.450e-05
 step= 52500  E=2.718441538995e+02  Q=4.300000000000e+02  λ=1.183831e+00  dt=1.264e-03  relΔE=3.803e-12  ||F||=3.204e-05
 step= 53000  E=2.718441534701e+02  Q=4.300000000000e+02  λ=1.183830e+00  dt=9.784e-04  relΔE=2.656e-12  ||F||=2.984e-05
 step= 53500  E=2.718441530675e+02  Q=4.300000000000e+02  λ=1.183830e+00  dt=7.572e-04  relΔE=1.880e-12  ||F||=2.827e-05
 step= 54000  E=2.718441527195e+02  Q=4.300000000000e+02  λ=1.183829e+00  dt=1.172e-03  relΔE=2.592e-12  ||F||=2.582e-05
 step= 54500  E=2.718441523980e+02  Q=4.300000000000e+02  λ=1.183829e+00  dt=9.072e-04  relΔE=1.814e-12  ||F||=2.403e-05
 step= 55000  E=2.718441521008e+02  Q=4.300000000000e+02  λ=1.183829e+00  dt=1.404e-03  relΔE=2.461e-12  ||F||=7.482e-05
 step= 55500  E=2.718441518450e+02  Q=4.300000000000e+02  λ=1.183828e+00  dt=1.087e-03  relΔE=1.784e-12  ||F||=2.080e-05
 step= 56000  E=2.718441516043e+02  Q=4.300000000000e+02  λ=1.183828e+00  dt=8.412e-04  relΔE=1.253e-12  ||F||=1.936e-05
 step= 56500  E=2.718441513863e+02  Q=4.300000000000e+02  λ=1.183827e+00  dt=1.302e-03  relΔE=1.760e-12  ||F||=1.799e-05
 step= 57000  E=2.718441511926e+02  Q=4.300000000000e+02  λ=1.183827e+00  dt=1.008e-03  relΔE=1.242e-12  ||F||=1.675e-05
 step= 57500  E=2.718441510101e+02  Q=4.300000000000e+02  λ=1.183827e+00  dt=7.800e-04  relΔE=8.793e-13  ||F||=1.574e-05
 step= 58000  E=2.718441508485e+02  Q=4.300000000000e+02  λ=1.183827e+00  dt=1.207e-03  relΔE=1.234e-12  ||F||=1.449e-05
 step= 58500  E=2.718441507002e+02  Q=4.300000000000e+02  λ=1.183826e+00  dt=9.345e-04  relΔE=8.720e-13  ||F||=1.349e-05
 step= 59000  E=2.718441505603e+02  Q=4.300000000000e+02  λ=1.183826e+00  dt=7.233e-04  relΔE=7.935e-13  ||F||=3.321e-05
 step= 59500  E=2.718441504396e+02  Q=4.300000000000e+02  λ=1.183826e+00  dt=1.120e-03  relΔE=8.728e-13  ||F||=1.167e-05
 step= 60000  E=2.718441503261e+02  Q=4.300000000000e+02  λ=1.183826e+00  dt=7.221e-04  relΔE=5.167e-13  ||F||=1.090e-05
 step= 60500  E=2.718441502242e+02  Q=4.300000000000e+02  λ=1.183825e+00  dt=1.118e-03  relΔE=7.325e-13  ||F||=1.012e-05
 step= 61000  E=2.718441501287e+02  Q=4.300000000000e+02  λ=1.183825e+00  dt=7.209e-04  relΔE=4.339e-13  ||F||=9.454e-06
 step= 61500  E=2.718441500429e+02  Q=4.300000000000e+02  λ=1.183825e+00  dt=1.116e-03  relΔE=6.166e-13  ||F||=8.777e-06
 step= 62000  E=2.718441499613e+02  Q=4.300000000000e+02  λ=1.183825e+00  dt=8.637e-04  relΔE=4.383e-13  ||F||=8.182e-06
 step= 62500  E=2.718441498864e+02  Q=4.300000000000e+02  λ=1.183825e+00  dt=1.337e-03  relΔE=6.221e-13  ||F||=7.715e-06
 step= 63000  E=2.718441498194e+02  Q=4.300000000000e+02  λ=1.183825e+00  dt=1.035e-03  relΔE=4.433e-13  ||F||=7.066e-06
 step= 63500  E=2.718441497560e+02  Q=4.300000000000e+02  λ=1.183825e+00  dt=8.009e-04  relΔE=3.164e-13  ||F||=6.614e-06
 step= 64000  E=2.718441496983e+02  Q=4.300000000000e+02  λ=1.183824e+00  dt=1.240e-03  relΔE=4.496e-13  ||F||=6.111e-06
 step= 64500  E=2.718441496457e+02  Q=4.300000000000e+02  λ=1.183824e+00  dt=9.595e-04  relΔE=3.214e-13  ||F||=5.691e-06
 step= 65000  E=2.718441495954e+02  Q=4.300000000000e+02  λ=1.183824e+00  dt=7.426e-04  relΔE=2.405e-13  ||F||=6.337e-06
 step= 65500  E=2.718441495513e+02  Q=4.300000000000e+02  λ=1.183824e+00  dt=1.149e-03  relΔE=3.270e-13  ||F||=4.924e-06
 step= 66000  E=2.718441495093e+02  Q=4.300000000000e+02  λ=1.183824e+00  dt=8.897e-04  relΔE=2.331e-13  ||F||=4.587e-06
 step= 66500  E=2.718441494702e+02  Q=4.300000000000e+02  λ=1.183824e+00  dt=1.377e-03  relΔE=3.329e-13  ||F||=7.263e-06
 step= 67000  E=2.718441494354e+02  Q=4.300000000000e+02  λ=1.183824e+00  dt=1.066e-03  relΔE=2.390e-13  ||F||=3.965e-06
 step= 67500  E=2.718441494022e+02  Q=4.300000000000e+02  λ=1.183824e+00  dt=8.250e-04  relΔE=1.706e-13  ||F||=3.705e-06
 step= 68000  E=2.718441493717e+02  Q=4.300000000000e+02  λ=1.183824e+00  dt=1.277e-03  relΔE=2.444e-13  ||F||=3.430e-06
 step= 68500  E=2.718441493441e+02  Q=4.300000000000e+02  λ=1.183824e+00  dt=9.883e-04  relΔE=1.752e-13  ||F||=3.193e-06
 step= 69000  E=2.718441493175e+02  Q=4.300000000000e+02  λ=1.183824e+00  dt=7.649e-04  relΔE=1.265e-13  ||F||=3.213e-06
 step= 69500  E=2.718441492938e+02  Q=4.300000000000e+02  λ=1.183824e+00  dt=1.184e-03  relΔE=1.798e-13  ||F||=2.763e-06
 step= 70000  E=2.718441492716e+02  Q=4.300000000000e+02  λ=1.183824e+00  dt=9.164e-04  relΔE=1.282e-13  ||F||=2.574e-06
 step= 70500  E=2.718441492504e+02  Q=4.300000000000e+02  λ=1.183824e+00  dt=1.419e-03  relΔE=1.700e-13  ||F||=3.036e-05
 step= 71000  E=2.718441492319e+02  Q=4.300000000000e+02  λ=1.183824e+00  dt=1.098e-03  relΔE=1.322e-13  ||F||=2.225e-06
 step= 71500  E=2.718441492140e+02  Q=4.300000000000e+02  λ=1.183823e+00  dt=8.498e-04  relΔE=9.535e-14  ||F||=2.082e-06
 step= 72000  E=2.718441491975e+02  Q=4.300000000000e+02  λ=1.183823e+00  dt=1.315e-03  relΔE=1.357e-13  ||F||=1.950e-06
 step= 72500  E=2.718441491825e+02  Q=4.300000000000e+02  λ=1.183823e+00  dt=1.018e-03  relΔE=9.765e-14  ||F||=1.792e-06
 step= 73000  E=2.718441491682e+02  Q=4.300000000000e+02  λ=1.183823e+00  dt=7.879e-04  relΔE=7.047e-14  ||F||=1.783e-06
 step= 73500  E=2.718441491552e+02  Q=4.300000000000e+02  λ=1.183823e+00  dt=1.220e-03  relΔE=1.010e-13  ||F||=1.550e-06
 step= 74000  E=2.718441491431e+02  Q=4.300000000000e+02  λ=1.183823e+00  dt=9.440e-04  relΔE=7.256e-14  ||F||=1.444e-06
 step= 74500  E=2.718441491316e+02  Q=4.300000000000e+02  λ=1.183823e+00  dt=7.306e-04  relΔE=5.771e-14  ||F||=3.038e-06
 step= 75000  E=2.718441491214e+02  Q=4.300000000000e+02  λ=1.183823e+00  dt=1.131e-03  relΔE=7.465e-14  ||F||=1.249e-06
 step= 75500  E=2.718441491116e+02  Q=4.300000000000e+02  λ=1.183823e+00  dt=8.753e-04  relΔE=5.395e-14  ||F||=1.173e-06
 step= 76000  E=2.718441491025e+02  Q=4.300000000000e+02  λ=1.183823e+00  dt=1.355e-03  relΔE=7.695e-14  ||F||=1.571e-06
 step= 76500  E=2.718441490943e+02  Q=4.300000000000e+02  λ=1.183823e+00  dt=1.049e-03  relΔE=5.541e-14  ||F||=1.006e-06
 step= 77000  E=2.718441490865e+02  Q=4.300000000000e+02  λ=1.183823e+00  dt=8.116e-04  relΔE=3.973e-14  ||F||=9.637e-07
 step= 77500  E=2.718441490792e+02  Q=4.300000000000e+02  λ=1.183823e+00  dt=1.256e-03  relΔE=5.729e-14  ||F||=8.700e-07
 step= 78000  E=2.718441490726e+02  Q=4.300000000000e+02  λ=1.183823e+00  dt=9.724e-04  relΔE=4.140e-14  ||F||=8.105e-07
 step= 78500  E=2.718441490663e+02  Q=4.300000000000e+02  λ=1.183823e+00  dt=7.526e-04  relΔE=3.032e-14  ||F||=1.138e-06
 step= 79000  E=2.718441490606e+02  Q=4.300000000000e+02  λ=1.183823e+00  dt=1.165e-03  relΔE=4.224e-14  ||F||=7.008e-07
 step= 79500  E=2.718441490552e+02  Q=4.300000000000e+02  λ=1.183823e+00  dt=9.017e-04  relΔE=3.053e-14  ||F||=6.556e-07
 step= 80000  E=2.718441490501e+02  Q=4.300000000000e+02  λ=1.183823e+00  dt=1.396e-03  relΔE=4.349e-14  ||F||=5.903e-06
 step= 80500  E=2.718441490456e+02  Q=4.300000000000e+02  λ=1.183823e+00  dt=1.080e-03  relΔE=3.137e-14  ||F||=5.645e-07
 step= 81000  E=2.718441490412e+02  Q=4.300000000000e+02  λ=1.183823e+00  dt=8.361e-04  relΔE=2.258e-14  ||F||=5.471e-07
 step= 81500  E=2.718441490372e+02  Q=4.300000000000e+02  λ=1.183823e+00  dt=1.294e-03  relΔE=3.283e-14  ||F||=4.930e-07
 step= 82000  E=2.718441490336e+02  Q=4.300000000000e+02  λ=1.183823e+00  dt=1.002e-03  relΔE=2.279e-14  ||F||=4.550e-07
 step= 82500  E=2.718441490300e+02  Q=4.300000000000e+02  λ=1.183823e+00  dt=7.752e-04  relΔE=1.736e-14  ||F||=5.784e-07
 step= 83000  E=2.718441490269e+02  Q=4.300000000000e+02  λ=1.183823e+00  dt=1.200e-03  relΔE=2.488e-14  ||F||=3.933e-07
 step= 83500  E=2.718441490239e+02  Q=4.300000000000e+02  λ=1.183823e+00  dt=9.288e-04  relΔE=1.756e-14  ||F||=3.684e-07
 step= 84000  E=2.718441490210e+02  Q=4.300000000000e+02  λ=1.183823e+00  dt=1.438e-03  relΔE=3.764e-15  ||F||=3.610e-05
 step= 84500  E=2.718441490185e+02  Q=4.300000000000e+02  λ=1.183823e+00  dt=1.113e-03  relΔE=1.777e-14  ||F||=3.168e-07
 step= 85000  E=2.718441490161e+02  Q=4.300000000000e+02  λ=1.183823e+00  dt=8.612e-04  relΔE=1.317e-14  ||F||=3.101e-07
 step= 85500  E=2.718441490138e+02  Q=4.300000000000e+02  λ=1.183823e+00  dt=1.333e-03  relΔE=1.903e-14  ||F||=3.488e-07
 step= 86000  E=2.718441490118e+02  Q=4.300000000000e+02  λ=1.183823e+00  dt=1.032e-03  relΔE=1.317e-14  ||F||=2.553e-07
 step= 86500  E=2.718441490098e+02  Q=4.300000000000e+02  λ=1.183823e+00  dt=7.986e-04  relΔE=9.828e-15  ||F||=2.893e-07
 step= 87000  E=2.718441490080e+02  Q=4.300000000000e+02  λ=1.183823e+00  dt=1.236e-03  relΔE=1.359e-14  ||F||=2.207e-07
 step= 87500  E=2.718441490064e+02  Q=4.300000000000e+02  λ=1.183823e+00  dt=9.567e-04  relΔE=1.046e-14  ||F||=2.064e-07
 step= 88000  E=2.718441490048e+02  Q=4.300000000000e+02  λ=1.183823e+00  dt=7.405e-04  relΔE=7.528e-15  ||F||=7.591e-07
 step= 88500  E=2.718441490034e+02  Q=4.300000000000e+02  λ=1.183823e+00  dt=1.146e-03  relΔE=1.066e-14  ||F||=1.778e-07
 step= 89000  E=2.718441490020e+02  Q=4.300000000000e+02  λ=1.183823e+00  dt=8.871e-04  relΔE=7.946e-15  ||F||=1.739e-07
 step= 89500  E=2.718441490008e+02  Q=4.300000000000e+02  λ=1.183823e+00  dt=1.373e-03  relΔE=1.129e-14  ||F||=1.227e-06
 step= 90000  E=2.718441489996e+02  Q=4.300000000000e+02  λ=1.183823e+00  dt=1.063e-03  relΔE=7.737e-15  ||F||=1.433e-07
 step= 90500  E=2.718441489985e+02  Q=4.300000000000e+02  λ=1.183823e+00  dt=8.226e-04  relΔE=5.855e-15  ||F||=1.561e-07
 step= 91000  E=2.718441489975e+02  Q=4.300000000000e+02  λ=1.183823e+00  dt=1.273e-03  relΔE=7.946e-15  ||F||=1.255e-07
 step= 91500  E=2.718441489966e+02  Q=4.300000000000e+02  λ=1.183823e+00  dt=9.855e-04  relΔE=5.855e-15  ||F||=1.160e-07
 step= 92000  E=2.718441489957e+02  Q=4.300000000000e+02  λ=1.183823e+00  dt=7.627e-04  relΔE=4.600e-15  ||F||=2.514e-07
 step= 92500  E=2.718441489949e+02  Q=4.300000000000e+02  λ=1.183823e+00  dt=1.181e-03  relΔE=6.273e-15  ||F||=9.982e-08
 step= 93000  E=2.718441489942e+02  Q=4.300000000000e+02  λ=1.183823e+00  dt=9.138e-04  relΔE=4.809e-15  ||F||=9.744e-08
 step= 93500  E=2.718441489934e+02  Q=4.300000000000e+02  λ=1.183823e+00  dt=1.414e-03  relΔE=5.855e-15  ||F||=5.088e-06
 step= 94000  E=2.718441489928e+02  Q=4.300000000000e+02  λ=1.183823e+00  dt=1.095e-03  relΔE=4.809e-15  ||F||=8.051e-08
 step= 94500  E=2.718441489922e+02  Q=4.300000000000e+02  λ=1.183823e+00  dt=8.473e-04  relΔE=2.927e-15  ||F||=8.972e-08
 step= 95000  E=2.718441489916e+02  Q=4.300000000000e+02  λ=1.183823e+00  dt=1.312e-03  relΔE=4.391e-15  ||F||=8.941e-08
 step= 95500  E=2.718441489911e+02  Q=4.300000000000e+02  λ=1.183823e+00  dt=1.015e-03  relΔE=3.137e-15  ||F||=6.503e-08
 step= 96000  E=2.718441489906e+02  Q=4.300000000000e+02  λ=1.183823e+00  dt=7.857e-04  relΔE=2.509e-15  ||F||=1.375e-07
 step= 96500  E=2.718441489902e+02  Q=4.300000000000e+02  λ=1.183823e+00  dt=1.216e-03  relΔE=3.973e-15  ||F||=5.606e-08
 step= 97000  E=2.718441489897e+02  Q=4.300000000000e+02  λ=1.183823e+00  dt=9.413e-04  relΔE=2.300e-15  ||F||=5.454e-08
 Converged (aggressive): step=97395, E=2.718441489894e+02, Q=4.300000000000e+02, dt=8.432e-04, ||F||=4.999e-08

Stationary candidate (aggressive): E=2.718441489894e+02, Q=4.300000000000e+02, maxρ=5.188963e-01

=== Stability test (damped inertial dynamics) ===
Perturb eps=0.02, gamma=1
t=0: E=2.928414946575e+02, Q=4.300000000000e+02, maxρ=5.357913e-01, σ=2.761266e+00, Rc=1.858590e+01
 step=     1  E=2.928413891412e+02  Q=4.300000000000e+02  λ=1.570802e+00  maxρ=5.357912e-01  minρ=1.000e-15  σ=2.761266e+00  Rc=1.858590e+01
 step=   300  E=2.885149440632e+02  Q=4.300000000000e+02  λ=1.467722e+00  maxρ=5.348825e-01  minρ=1.000e-15  σ=2.761262e+00  Rc=1.858591e+01
 step=   600  E=2.798129620358e+02  Q=4.300000000000e+02  λ=1.281073e+00  maxρ=5.323205e-01  minρ=1.000e-15  σ=2.761257e+00  Rc=1.858591e+01
 step=   900  E=2.747167911319e+02  Q=4.300000000000e+02  λ=1.221600e+00  maxρ=5.285310e-01  minρ=1.000e-15  σ=2.761255e+00  Rc=1.858591e+01
 step=  1200  E=2.766498127030e+02  Q=4.300000000000e+02  λ=1.329226e+00  maxρ=5.267767e-01  minρ=1.000e-15  σ=2.761258e+00  Rc=1.858590e+01
 step=  1500  E=2.818628450733e+02  Q=4.300000000000e+02  λ=1.445960e+00  maxρ=5.296284e-01  minρ=1.000e-15  σ=2.761260e+00  Rc=1.858590e+01
 step=  1800  E=2.845293005408e+02  Q=4.300000000000e+02  λ=1.431936e+00  maxρ=5.313246e-01  minρ=1.000e-15  σ=2.761257e+00  Rc=1.858590e+01
 step=  2100  E=2.829689239353e+02  Q=4.300000000000e+02  λ=1.330361e+00  maxρ=5.286211e-01  minρ=1.000e-15  σ=2.761253e+00  Rc=1.858590e+01
 step=  2400  E=2.802202867242e+02  Q=4.300000000000e+02  λ=1.283347e+00  maxρ=5.232939e-01  minρ=1.000e-15  σ=2.761254e+00  Rc=1.858590e+01
 step=  2700  E=2.795460170662e+02  Q=4.300000000000e+02  λ=1.338325e+00  maxρ=5.251157e-01  minρ=1.000e-15  σ=2.761258e+00  Rc=1.858590e+01
 step=  3000  E=2.808822836407e+02  Q=4.300000000000e+02  λ=1.404628e+00  maxρ=5.317111e-01  minρ=1.000e-15  σ=2.761259e+00  Rc=1.858590e+01
 step=  3300  E=2.818931696307e+02  Q=4.300000000000e+02  λ=1.392359e+00  maxρ=5.330762e-01  minρ=1.000e-15  σ=2.761254e+00  Rc=1.858590e+01
 step=  3600  E=2.812803736540e+02  Q=4.300000000000e+02  λ=1.327382e+00  maxρ=5.302341e-01  minρ=1.000e-15  σ=2.761250e+00  Rc=1.858590e+01
 step=  3900  E=2.799990845562e+02  Q=4.300000000000e+02  λ=1.298255e+00  maxρ=5.302387e-01  minρ=1.000e-15  σ=2.761250e+00  Rc=1.858590e+01
 step=  4200  E=2.795242207242e+02  Q=4.300000000000e+02  λ=1.331013e+00  maxρ=5.283981e-01  minρ=1.000e-15  σ=2.761254e+00  Rc=1.858589e+01
 step=  4500  E=2.799804650855e+02  Q=4.300000000000e+02  λ=1.366769e+00  maxρ=5.270331e-01  minρ=1.000e-15  σ=2.761255e+00  Rc=1.858589e+01
 step=  4800  E=2.803915717120e+02  Q=4.300000000000e+02  λ=1.354354e+00  maxρ=5.292977e-01  minρ=1.000e-15  σ=2.761252e+00  Rc=1.858589e+01
 step=  5100  E=2.801695360587e+02  Q=4.300000000000e+02  λ=1.316493e+00  maxρ=5.299307e-01  minρ=1.000e-15  σ=2.761246e+00  Rc=1.858589e+01
 step=  5400  E=2.796879885631e+02  Q=4.300000000000e+02  λ=1.306235e+00  maxρ=5.293108e-01  minρ=1.000e-15  σ=2.761245e+00  Rc=1.858589e+01
 step=  5700  E=2.794977869125e+02  Q=4.300000000000e+02  λ=1.330320e+00  maxρ=5.275083e-01  minρ=1.000e-15  σ=2.761247e+00  Rc=1.858588e+01
 step=  6000  E=2.795714599944e+02  Q=4.300000000000e+02  λ=1.347909e+00  maxρ=5.258466e-01  minρ=1.000e-15  σ=2.761248e+00  Rc=1.858588e+01
 >>> No runaway detected in this horizon. Likely stable (within this model & box).

STABILITY: PASS
