
=== Aggressive relaxation to Q = 1271 ===
Initial: E=1.891353386294e+03, Q=1.271000000000e+03, dt=1.000e-04
 step=     1  E=1.891297426087e+03  Q=1.271000000000e+03  λ=3.003479e+00  dt=1.000e-04  relΔE=2.959e-05  ||F||=6.639e-01
 step=   500  E=1.825338029825e+03  Q=1.271000000000e+03  λ=2.874032e+00  dt=6.192e-04  relΔE=1.322e-04  ||F||=6.068e-01
 step=  1000  E=1.652841885539e+03  Q=1.271000000000e+03  λ=2.557111e+00  dt=9.584e-04  relΔE=1.557e-04  ||F||=5.036e-01
 step=  1500  E=1.519259701350e+03  Q=1.271000000000e+03  λ=2.324373e+00  dt=7.418e-04  relΔE=1.033e-04  ||F||=4.474e-01
 step=  2000  E=1.422079173946e+03  Q=1.271000000000e+03  λ=2.159665e+00  dt=1.148e-03  relΔE=1.273e-04  ||F||=3.859e-01
 step=  2500  E=1.342290267676e+03  Q=1.271000000000e+03  λ=2.026517e+00  dt=8.887e-04  relΔE=8.417e-05  ||F||=3.465e-01
 step=  3000  E=1.276475580551e+03  Q=1.271000000000e+03  λ=1.918223e+00  dt=1.376e-03  relΔE=1.123e-04  ||F||=3.569e-01
 step=  3500  E=1.223927486050e+03  Q=1.271000000000e+03  λ=1.832470e+00  dt=1.065e-03  relΔE=7.656e-05  ||F||=2.883e-01
 step=  4000  E=1.177957151819e+03  Q=1.271000000000e+03  λ=1.758096e+00  dt=8.241e-04  relΔE=5.241e-05  ||F||=2.660e-01
 step=  4500  E=1.138794066586e+03  Q=1.271000000000e+03  λ=1.695266e+00  dt=1.276e-03  relΔE=7.221e-05  ||F||=2.467e-01
 step=  5000  E=1.105535536714e+03  Q=1.271000000000e+03  λ=1.642171e+00  dt=9.873e-04  relΔE=5.031e-05  ||F||=2.306e-01
 step=  5500  E=1.075230616581e+03  Q=1.271000000000e+03  λ=1.594080e+00  dt=7.641e-04  relΔE=3.560e-05  ||F||=2.175e-01
 step=  6000  E=1.049411679116e+03  Q=1.271000000000e+03  λ=1.553371e+00  dt=1.183e-03  relΔE=4.979e-05  ||F||=2.042e-01
 step=  6500  E=1.025923272479e+03  Q=1.271000000000e+03  λ=1.516479e+00  dt=9.154e-04  relΔE=3.550e-05  ||F||=1.938e-01
 step=  7000  E=1.004086024833e+03  Q=1.271000000000e+03  λ=1.482518e+00  dt=1.417e-03  relΔE=4.751e-05  ||F||=5.617e-01
 step=  7500  E=9.851246968588e+02  Q=1.271000000000e+03  λ=1.452905e+00  dt=1.097e-03  relΔE=3.724e-05  ||F||=1.777e-01
 step=  8000  E=9.668267389283e+02  Q=1.271000000000e+03  λ=1.424576e+00  dt=8.488e-04  relΔE=2.746e-05  ||F||=1.718e-01
 step=  8500  E=9.496301243002e+02  Q=1.271000000000e+03  λ=1.398088e+00  dt=1.314e-03  relΔE=4.098e-05  ||F||=1.673e-01
 step=  9000  E=9.336073870148e+02  Q=1.271000000000e+03  λ=1.373440e+00  dt=1.017e-03  relΔE=3.101e-05  ||F||=1.640e-01
 step=  9500  E=9.176211296343e+02  Q=1.271000000000e+03  λ=1.348878e+00  dt=7.871e-04  relΔE=2.385e-05  ||F||=1.620e-01
 step= 10000  E=9.023260075444e+02  Q=1.271000000000e+03  λ=1.325379e+00  dt=1.218e-03  relΔE=3.678e-05  ||F||=1.604e-01
 step= 10500  E=8.872118563061e+02  Q=1.271000000000e+03  λ=1.302049e+00  dt=9.430e-04  relΔE=2.871e-05  ||F||=1.597e-01
 step= 11000  E=8.716466020497e+02  Q=1.271000000000e+03  λ=1.277889e+00  dt=7.298e-04  relΔE=2.546e-05  ||F||=1.710e-01
 step= 11500  E=8.570273748259e+02  Q=1.271000000000e+03  λ=1.255037e+00  dt=1.130e-03  relΔE=3.516e-05  ||F||=1.587e-01
 step= 12000  E=8.420370328072e+02  Q=1.271000000000e+03  λ=1.231373e+00  dt=8.744e-04  relΔE=2.729e-05  ||F||=1.575e-01
 step= 12500  E=8.272979520167e+02  Q=1.271000000000e+03  λ=1.207915e+00  dt=1.353e-03  relΔE=4.165e-05  ||F||=1.570e-01
 step= 13000  E=8.135979448734e+02  Q=1.271000000000e+03  λ=1.185885e+00  dt=1.048e-03  relΔE=3.114e-05  ||F||=1.511e-01
 step= 13500  E=8.003786889878e+02  Q=1.271000000000e+03  λ=1.164467e+00  dt=8.108e-04  relΔE=2.265e-05  ||F||=1.453e-01
 step= 14000  E=7.884868877097e+02  Q=1.271000000000e+03  λ=1.145103e+00  dt=1.255e-03  relΔE=3.175e-05  ||F||=1.373e-01
 step= 14500  E=7.781636447238e+02  Q=1.271000000000e+03  λ=1.128197e+00  dt=9.713e-04  relΔE=2.157e-05  ||F||=1.277e-01
 step= 15000  E=7.690604282174e+02  Q=1.271000000000e+03  λ=1.113254e+00  dt=7.518e-04  relΔE=1.444e-05  ||F||=1.182e-01
 step= 15500  E=7.619235606063e+02  Q=1.271000000000e+03  λ=1.101540e+00  dt=1.164e-03  relΔE=1.781e-05  ||F||=1.049e-01
 step= 16000  E=7.560868641938e+02  Q=1.271000000000e+03  λ=1.091954e+00  dt=9.007e-04  relΔE=1.088e-05  ||F||=9.286e-02
 step= 16500  E=7.515047200870e+02  Q=1.271000000000e+03  λ=1.084455e+00  dt=1.394e-03  relΔE=1.276e-05  ||F||=1.089e-01
 step= 17000  E=7.482064218022e+02  Q=1.271000000000e+03  λ=1.079065e+00  dt=1.079e-03  relΔE=7.481e-06  ||F||=6.998e-02
 step= 17500  E=7.456877931136e+02  Q=1.271000000000e+03  λ=1.074971e+00  dt=8.352e-04  relΔE=4.229e-06  ||F||=5.971e-02
 step= 18000  E=7.438749158979e+02  Q=1.271000000000e+03  λ=1.072046e+00  dt=1.293e-03  relΔE=4.692e-06  ||F||=5.049e-02
 step= 18500  E=7.426108200991e+02  Q=1.271000000000e+03  λ=1.070020e+00  dt=1.001e-03  relΔE=2.586e-06  ||F||=4.256e-02
 step= 19000  E=7.416909783642e+02  Q=1.271000000000e+03  λ=1.068561e+00  dt=7.744e-04  relΔE=1.399e-06  ||F||=3.556e-02
 step= 19500  E=7.410713358705e+02  Q=1.271000000000e+03  λ=1.067590e+00  dt=1.199e-03  relΔE=1.497e-06  ||F||=2.955e-02
 step= 20000  E=7.406436462151e+02  Q=1.271000000000e+03  λ=1.066929e+00  dt=7.731e-04  relΔE=6.718e-07  ||F||=2.464e-02
 step= 20500  E=7.403487033251e+02  Q=1.271000000000e+03  λ=1.066482e+00  dt=1.197e-03  relΔE=7.085e-07  ||F||=2.033e-02
 step= 21000  E=7.401453051901e+02  Q=1.271000000000e+03  λ=1.066180e+00  dt=9.263e-04  relΔE=3.728e-07  ||F||=1.676e-02
 step= 21500  E=7.400039637280e+02  Q=1.271000000000e+03  λ=1.065982e+00  dt=1.434e-03  relΔE=1.384e-07  ||F||=1.169e-01
 step= 22000  E=7.399136381875e+02  Q=1.271000000000e+03  λ=1.065849e+00  dt=1.110e-03  relΔE=2.035e-07  ||F||=1.131e-02
 step= 22500  E=7.398503266122e+02  Q=1.271000000000e+03  λ=1.065764e+00  dt=8.589e-04  relΔE=1.055e-07  ||F||=9.249e-03
 step= 23000  E=7.398079424168e+02  Q=1.271000000000e+03  λ=1.065710e+00  dt=1.329e-03  relΔE=1.090e-07  ||F||=7.569e-03
 step= 23500  E=7.397803098237e+02  Q=1.271000000000e+03  λ=1.065676e+00  dt=1.029e-03  relΔE=5.687e-08  ||F||=6.199e-03
 step= 24000  E=7.397612327250e+02  Q=1.271000000000e+03  λ=1.065655e+00  dt=7.964e-04  relΔE=2.936e-08  ||F||=5.060e-03
 step= 24500  E=7.397487027177e+02  Q=1.271000000000e+03  λ=1.065643e+00  dt=1.233e-03  relΔE=3.032e-08  ||F||=4.130e-03
 step= 25000  E=7.397403842266e+02  Q=1.271000000000e+03  λ=1.065635e+00  dt=9.541e-04  relΔE=1.573e-08  ||F||=3.379e-03
 step= 25500  E=7.397346259164e+02  Q=1.271000000000e+03  λ=1.065631e+00  dt=7.385e-04  relΔE=8.587e-09  ||F||=2.839e-03
 step= 26000  E=7.397309911436e+02  Q=1.271000000000e+03  λ=1.065629e+00  dt=1.143e-03  relΔE=8.386e-09  ||F||=2.249e-03
 step= 26500  E=7.397284755532e+02  Q=1.271000000000e+03  λ=1.065628e+00  dt=8.847e-04  relΔE=4.322e-09  ||F||=1.833e-03
 step= 27000  E=7.397267846893e+02  Q=1.271000000000e+03  λ=1.065628e+00  dt=1.369e-03  relΔE=4.429e-09  ||F||=1.593e-03
 step= 27500  E=7.397256995176e+02  Q=1.271000000000e+03  λ=1.065628e+00  dt=1.060e-03  relΔE=2.311e-09  ||F||=1.220e-03
 step= 28000  E=7.397249483324e+02  Q=1.271000000000e+03  λ=1.065628e+00  dt=8.203e-04  relΔE=1.193e-09  ||F||=9.937e-04
 step= 28500  E=7.397244512619e+02  Q=1.271000000000e+03  λ=1.065629e+00  dt=1.270e-03  relΔE=1.231e-09  ||F||=8.091e-04
 step= 29000  E=7.397241240291e+02  Q=1.271000000000e+03  λ=1.065629e+00  dt=9.828e-04  relΔE=6.417e-10  ||F||=6.617e-04
 step= 29500  E=7.397238966578e+02  Q=1.271000000000e+03  λ=1.065629e+00  dt=7.607e-04  relΔE=3.340e-10  ||F||=5.405e-04
 step= 30000  E=7.397237502119e+02  Q=1.271000000000e+03  λ=1.065630e+00  dt=1.177e-03  relΔE=3.456e-10  ||F||=4.396e-04
 step= 30500  E=7.397236496656e+02  Q=1.271000000000e+03  λ=1.065630e+00  dt=9.113e-04  relΔE=1.800e-10  ||F||=3.585e-04
 step= 31000  E=7.397235805441e+02  Q=1.271000000000e+03  λ=1.065630e+00  dt=1.411e-03  relΔE=1.797e-10  ||F||=6.881e-04
 step= 31500  E=7.397235362503e+02  Q=1.271000000000e+03  λ=1.065631e+00  dt=1.092e-03  relΔE=9.843e-11  ||F||=2.386e-04
 step= 32000  E=7.397235050569e+02  Q=1.271000000000e+03  λ=1.065631e+00  dt=8.450e-04  relΔE=5.153e-11  ||F||=1.944e-04
 step= 32500  E=7.397234839098e+02  Q=1.271000000000e+03  λ=1.065631e+00  dt=1.308e-03  relΔE=5.408e-11  ||F||=1.584e-04
 step= 33000  E=7.397234698539e+02  Q=1.271000000000e+03  λ=1.065631e+00  dt=1.012e-03  relΔE=2.877e-11  ||F||=1.297e-04
 step= 33500  E=7.397234598922e+02  Q=1.271000000000e+03  λ=1.065631e+00  dt=7.835e-04  relΔE=1.525e-11  ||F||=1.058e-04
 step= 34000  E=7.397234532378e+02  Q=1.271000000000e+03  λ=1.065631e+00  dt=1.213e-03  relΔE=1.621e-11  ||F||=8.626e-05
 step= 34500  E=7.397234486279e+02  Q=1.271000000000e+03  λ=1.065631e+00  dt=9.387e-04  relΔE=8.697e-12  ||F||=7.055e-05
 step= 35000  E=7.397234453304e+02  Q=1.271000000000e+03  λ=1.065631e+00  dt=7.265e-04  relΔE=5.438e-12  ||F||=6.577e-05
 step= 35500  E=7.397234431671e+02  Q=1.271000000000e+03  λ=1.065631e+00  dt=1.125e-03  relΔE=5.040e-12  ||F||=4.712e-05
 step= 36000  E=7.397234415923e+02  Q=1.271000000000e+03  λ=1.065631e+00  dt=8.704e-04  relΔE=2.721e-12  ||F||=3.848e-05
 step= 36500  E=7.397234404900e+02  Q=1.271000000000e+03  λ=1.065631e+00  dt=1.347e-03  relΔE=2.940e-12  ||F||=3.181e-05
 step= 37000  E=7.397234397392e+02  Q=1.271000000000e+03  λ=1.065631e+00  dt=1.043e-03  relΔE=1.608e-12  ||F||=2.580e-05
 step= 37500  E=7.397234391952e+02  Q=1.271000000000e+03  λ=1.065631e+00  dt=8.071e-04  relΔE=8.723e-13  ||F||=2.114e-05
 step= 38000  E=7.397234388183e+02  Q=1.271000000000e+03  λ=1.065631e+00  dt=1.249e-03  relΔE=9.435e-13  ||F||=1.730e-05
 step= 38500  E=7.397234385584e+02  Q=1.271000000000e+03  λ=1.065631e+00  dt=9.670e-04  relΔE=5.112e-13  ||F||=1.425e-05
 step= 39000  E=7.397234383712e+02  Q=1.271000000000e+03  λ=1.065631e+00  dt=7.484e-04  relΔE=2.768e-13  ||F||=1.195e-05
 step= 39500  E=7.397234382493e+02  Q=1.271000000000e+03  λ=1.065631e+00  dt=1.158e-03  relΔE=2.849e-13  ||F||=9.637e-06
 step= 40000  E=7.397234381659e+02  Q=1.271000000000e+03  λ=1.065631e+00  dt=7.472e-04  relΔE=1.316e-13  ||F||=8.591e-06
 step= 40500  E=7.397234381130e+02  Q=1.271000000000e+03  λ=1.065631e+00  dt=1.157e-03  relΔE=1.193e-13  ||F||=6.604e-06
 step= 41000  E=7.397234380800e+02  Q=1.271000000000e+03  λ=1.065631e+00  dt=7.460e-04  relΔE=4.795e-14  ||F||=5.797e-06
 step= 41500  E=7.397234380627e+02  Q=1.271000000000e+03  λ=1.065631e+00  dt=1.155e-03  relΔE=3.274e-14  ||F||=4.567e-06
 step= 42000  E=7.397234380558e+02  Q=1.271000000000e+03  λ=1.065631e+00  dt=8.937e-04  relΔE=5.379e-15  ||F||=3.804e-06
  !! dt fell below dt_min: stiffness-limited termination.

Stationary candidate (aggressive): E=7.397234380554e+02, Q=1.271000000000e+03, maxρ=9.315542e-01

=== Stability test (damped inertial dynamics) ===
Perturb eps=0.02, gamma=1
t=0: E=8.016615152225e+02, Q=1.271000000000e+03, maxρ=9.617667e-01, σ=2.505914e+00, Rc=1.864170e+01
 step=     1  E=8.016612042784e+02  Q=1.271000000000e+03  λ=1.451273e+00  maxρ=9.617667e-01  minρ=1.000e-15  σ=2.505914e+00  Rc=1.864170e+01
 step=   300  E=7.889107116218e+02  Q=1.271000000000e+03  λ=1.348659e+00  maxρ=9.601345e-01  minρ=1.000e-15  σ=2.505911e+00  Rc=1.864170e+01
 step=   600  E=7.632559668765e+02  Q=1.271000000000e+03  λ=1.162755e+00  maxρ=9.555329e-01  minρ=1.000e-15  σ=2.505905e+00  Rc=1.864171e+01
 step=   900  E=7.482108239069e+02  Q=1.271000000000e+03  λ=1.103285e+00  maxρ=9.487270e-01  minρ=1.000e-15  σ=2.505904e+00  Rc=1.864171e+01
 step=  1200  E=7.538817566291e+02  Q=1.271000000000e+03  λ=1.210210e+00  maxρ=9.455918e-01  minρ=1.000e-15  σ=2.505906e+00  Rc=1.864170e+01
 step=  1500  E=7.692469538218e+02  Q=1.271000000000e+03  λ=1.326546e+00  maxρ=9.508173e-01  minρ=1.000e-15  σ=2.505908e+00  Rc=1.864169e+01
 step=  1800  E=7.771336066088e+02  Q=1.271000000000e+03  λ=1.312972e+00  maxρ=9.538600e-01  minρ=1.000e-15  σ=2.505906e+00  Rc=1.864169e+01
 step=  2100  E=7.725555233346e+02  Q=1.271000000000e+03  λ=1.212037e+00  maxρ=9.490033e-01  minρ=1.000e-15  σ=2.505902e+00  Rc=1.864170e+01
 step=  2400  E=7.644430804347e+02  Q=1.271000000000e+03  λ=1.164959e+00  maxρ=9.394840e-01  minρ=1.000e-15  σ=2.505902e+00  Rc=1.864170e+01
 step=  2700  E=7.624305903988e+02  Q=1.271000000000e+03  λ=1.219286e+00  maxρ=9.428730e-01  minρ=1.000e-15  σ=2.505905e+00  Rc=1.864169e+01
 step=  3000  E=7.663686295590e+02  Q=1.271000000000e+03  λ=1.285293e+00  maxρ=9.547122e-01  minρ=1.000e-15  σ=2.505906e+00  Rc=1.864169e+01
 step=  3300  E=7.693786413686e+02  Q=1.271000000000e+03  λ=1.273511e+00  maxρ=9.571574e-01  minρ=1.000e-15  σ=2.505902e+00  Rc=1.864170e+01
 step=  3600  E=7.675966259233e+02  Q=1.271000000000e+03  λ=1.209152e+00  maxρ=9.519401e-01  minρ=1.000e-15  σ=2.505898e+00  Rc=1.864170e+01
 step=  3900  E=7.638048838635e+02  Q=1.271000000000e+03  λ=1.179954e+00  maxρ=9.519441e-01  minρ=1.000e-15  σ=2.505898e+00  Rc=1.864169e+01
 step=  4200  E=7.623667602919e+02  Q=1.271000000000e+03  λ=1.212079e+00  maxρ=9.486353e-01  minρ=1.000e-15  σ=2.505901e+00  Rc=1.864169e+01
 step=  4500  E=7.636964843865e+02  Q=1.271000000000e+03  λ=1.247499e+00  maxρ=9.461859e-01  minρ=1.000e-15  σ=2.505902e+00  Rc=1.864169e+01
 step=  4800  E=7.649346714319e+02  Q=1.271000000000e+03  λ=1.235458e+00  maxρ=9.502156e-01  minρ=1.000e-15  σ=2.505898e+00  Rc=1.864169e+01
 step=  5100  E=7.643139265278e+02  Q=1.271000000000e+03  λ=1.198148e+00  maxρ=9.513767e-01  minρ=1.000e-15  σ=2.505893e+00  Rc=1.864168e+01
 step=  5400  E=7.628915505203e+02  Q=1.271000000000e+03  λ=1.187910e+00  maxρ=9.502563e-01  minρ=1.000e-15  σ=2.505892e+00  Rc=1.864168e+01
 step=  5700  E=7.622928356472e+02  Q=1.271000000000e+03  λ=1.211518e+00  maxρ=9.470127e-01  minρ=1.000e-15  σ=2.505894e+00  Rc=1.864168e+01
 step=  6000  E=7.624835552397e+02  Q=1.271000000000e+03  λ=1.228797e+00  maxρ=9.441528e-01  minρ=1.000e-15  σ=2.505894e+00  Rc=1.864167e+01
 >>> No runaway detected in this horizon. Likely stable (within this model & box).

STABILITY: PASS
