
=== Aggressive relaxation to Q = 1338 ===
Initial: E=1.992192195269e+03, Q=1.338000000000e+03, dt=1.000e-04
 step=     1  E=1.992131480244e+03  Q=1.338000000000e+03  λ=3.017814e+00  dt=1.000e-04  relΔE=3.048e-05  ||F||=6.740e-01
 step=   500  E=1.921000908217e+03  Q=1.338000000000e+03  λ=2.883058e+00  dt=6.192e-04  relΔE=1.348e-04  ||F||=6.127e-01
 step=  1000  E=1.737198086784e+03  Q=1.338000000000e+03  λ=2.558760e+00  dt=9.584e-04  relΔE=1.574e-04  ||F||=5.061e-01
 step=  1500  E=1.595667570261e+03  Q=1.338000000000e+03  λ=2.322812e+00  dt=7.418e-04  relΔE=1.037e-04  ||F||=4.477e-01
 step=  2000  E=1.493032916506e+03  Q=1.338000000000e+03  λ=2.156582e+00  dt=1.148e-03  relΔE=1.281e-04  ||F||=3.867e-01
 step=  2500  E=1.408801186275e+03  Q=1.338000000000e+03  λ=2.022345e+00  dt=8.887e-04  relΔE=8.456e-05  ||F||=3.468e-01
 step=  3000  E=1.339453014817e+03  Q=1.338000000000e+03  λ=1.913413e+00  dt=1.376e-03  relΔE=1.128e-04  ||F||=3.442e-01
 step=  3500  E=1.284142795150e+03  Q=1.338000000000e+03  λ=1.827280e+00  dt=1.065e-03  relΔE=7.675e-05  ||F||=2.882e-01
 step=  4000  E=1.235810886337e+03  Q=1.338000000000e+03  λ=1.752674e+00  dt=8.241e-04  relΔE=5.249e-05  ||F||=2.657e-01
 step=  4500  E=1.194668723659e+03  Q=1.338000000000e+03  λ=1.689710e+00  dt=1.276e-03  relΔE=7.228e-05  ||F||=2.464e-01
 step=  5000  E=1.159751902418e+03  Q=1.338000000000e+03  λ=1.636544e+00  dt=9.873e-04  relΔE=5.033e-05  ||F||=2.303e-01
 step=  5500  E=1.127953146877e+03  Q=1.338000000000e+03  λ=1.588419e+00  dt=7.641e-04  relΔE=3.555e-05  ||F||=2.170e-01
 step=  6000  E=1.100876018648e+03  Q=1.338000000000e+03  λ=1.547708e+00  dt=1.183e-03  relΔE=4.976e-05  ||F||=2.038e-01
 step=  6500  E=1.076255212832e+03  Q=1.338000000000e+03  λ=1.510834e+00  dt=9.154e-04  relΔE=3.547e-05  ||F||=1.934e-01
 step=  7000  E=1.053353550926e+03  Q=1.338000000000e+03  λ=1.476967e+00  dt=1.417e-03  relΔE=4.470e-05  ||F||=7.291e-01
 step=  7500  E=1.033518266259e+03  Q=1.338000000000e+03  λ=1.447339e+00  dt=1.097e-03  relΔE=3.716e-05  ||F||=1.772e-01
 step=  8000  E=1.014365800293e+03  Q=1.338000000000e+03  λ=1.419067e+00  dt=8.488e-04  relΔE=2.739e-05  ||F||=1.713e-01
 step=  8500  E=9.963490702129e+02  Q=1.338000000000e+03  λ=1.392607e+00  dt=1.314e-03  relΔE=4.086e-05  ||F||=1.668e-01
 step=  9000  E=9.796144950740e+02  Q=1.338000000000e+03  λ=1.368062e+00  dt=1.017e-03  relΔE=3.092e-05  ||F||=1.634e-01
 step=  9500  E=9.628511092746e+02  Q=1.338000000000e+03  λ=1.343505e+00  dt=7.871e-04  relΔE=2.382e-05  ||F||=1.617e-01
 step= 10000  E=9.468501825867e+02  Q=1.338000000000e+03  λ=1.320068e+00  dt=1.218e-03  relΔE=3.668e-05  ||F||=1.599e-01
 step= 10500  E=9.310523073976e+02  Q=1.338000000000e+03  λ=1.296824e+00  dt=9.430e-04  relΔE=2.864e-05  ||F||=1.593e-01
 step= 11000  E=9.147459101250e+02  Q=1.338000000000e+03  λ=1.272704e+00  dt=7.298e-04  relΔE=2.537e-05  ||F||=1.704e-01
 step= 11500  E=8.994109325519e+02  Q=1.338000000000e+03  λ=1.249871e+00  dt=1.130e-03  relΔE=3.517e-05  ||F||=1.585e-01
 step= 12000  E=8.836599016670e+02  Q=1.338000000000e+03  λ=1.226200e+00  dt=8.744e-04  relΔE=2.735e-05  ||F||=1.574e-01
 step= 12500  E=8.681422936051e+02  Q=1.338000000000e+03  λ=1.202710e+00  dt=1.353e-03  relΔE=4.183e-05  ||F||=1.570e-01
 step= 13000  E=8.536888253868e+02  Q=1.338000000000e+03  λ=1.180628e+00  dt=1.048e-03  relΔE=3.134e-05  ||F||=1.514e-01
 step= 13500  E=8.397144175591e+02  Q=1.338000000000e+03  λ=1.159146e+00  dt=8.108e-04  relΔE=2.284e-05  ||F||=1.457e-01
 step= 14000  E=8.271202539875e+02  Q=1.338000000000e+03  λ=1.139722e+00  dt=1.255e-03  relΔE=3.208e-05  ||F||=1.377e-01
 step= 14500  E=8.161708881317e+02  Q=1.338000000000e+03  λ=1.122771e+00  dt=9.713e-04  relΔE=2.183e-05  ||F||=1.283e-01
 step= 15000  E=8.065045242244e+02  Q=1.338000000000e+03  λ=1.107806e+00  dt=7.518e-04  relΔE=1.462e-05  ||F||=1.186e-01
 step= 15500  E=7.989207917802e+02  Q=1.338000000000e+03  λ=1.096098e+00  dt=1.164e-03  relΔE=1.805e-05  ||F||=1.054e-01
 step= 16000  E=7.927163307865e+02  Q=1.338000000000e+03  λ=1.086542e+00  dt=9.007e-04  relΔE=1.103e-05  ||F||=9.331e-02
 step= 16500  E=7.878395427867e+02  Q=1.338000000000e+03  λ=1.079087e+00  dt=1.394e-03  relΔE=1.285e-05  ||F||=1.306e-01
 step= 17000  E=7.843398839521e+02  Q=1.338000000000e+03  λ=1.073762e+00  dt=1.079e-03  relΔE=7.583e-06  ||F||=7.031e-02
 step= 17500  E=7.816641498883e+02  Q=1.338000000000e+03  λ=1.069733e+00  dt=8.352e-04  relΔE=4.285e-06  ||F||=5.997e-02
 step= 18000  E=7.798043477936e+02  Q=1.338000000000e+03  λ=1.066969e+00  dt=1.077e-03  relΔE=4.014e-06  ||F||=5.104e-02
 step= 18500  E=7.784156283203e+02  Q=1.338000000000e+03  λ=1.064933e+00  dt=8.338e-04  relΔE=2.195e-06  ||F||=4.287e-02
 step= 19000  E=7.774449585659e+02  Q=1.338000000000e+03  λ=1.063538e+00  dt=1.291e-03  relΔE=2.368e-06  ||F||=3.577e-02
 step= 19500  E=7.767848965779e+02  Q=1.338000000000e+03  λ=1.062609e+00  dt=9.989e-04  relΔE=1.277e-06  ||F||=2.984e-02
 step= 20000  E=7.763122510194e+02  Q=1.338000000000e+03  λ=1.061962e+00  dt=7.731e-04  relΔE=6.785e-07  ||F||=2.471e-02
 step= 20500  E=7.760003113624e+02  Q=1.338000000000e+03  λ=1.061550e+00  dt=1.197e-03  relΔE=7.146e-07  ||F||=2.037e-02
 step= 21000  E=7.757853407678e+02  Q=1.338000000000e+03  λ=1.061278e+00  dt=9.263e-04  relΔE=3.758e-07  ||F||=1.679e-02
 step= 21500  E=7.756360933200e+02  Q=1.338000000000e+03  λ=1.061105e+00  dt=1.434e-03  relΔE=1.237e-07  ||F||=1.206e-01
 step= 22000  E=7.755407033729e+02  Q=1.338000000000e+03  λ=1.060991e+00  dt=1.110e-03  relΔE=2.049e-07  ||F||=1.132e-02
 step= 22500  E=7.754739070757e+02  Q=1.338000000000e+03  λ=1.060922e+00  dt=8.589e-04  relΔE=1.062e-07  ||F||=9.260e-03
 step= 23000  E=7.754292071928e+02  Q=1.338000000000e+03  λ=1.060881e+00  dt=1.329e-03  relΔE=1.097e-07  ||F||=7.580e-03
 step= 23500  E=7.754001115914e+02  Q=1.338000000000e+03  λ=1.060859e+00  dt=1.029e-03  relΔE=5.723e-08  ||F||=6.206e-03
 step= 24000  E=7.753799712763e+02  Q=1.338000000000e+03  λ=1.060846e+00  dt=7.964e-04  relΔE=2.952e-08  ||F||=5.064e-03
 step= 24500  E=7.753667640179e+02  Q=1.338000000000e+03  λ=1.060840e+00  dt=1.233e-03  relΔE=3.049e-08  ||F||=4.134e-03
 step= 25000  E=7.753579949342e+02  Q=1.338000000000e+03  λ=1.060838e+00  dt=9.541e-04  relΔE=1.583e-08  ||F||=3.384e-03
 step= 25500  E=7.753519225165e+02  Q=1.338000000000e+03  λ=1.060838e+00  dt=7.385e-04  relΔE=8.545e-09  ||F||=2.827e-03
 step= 26000  E=7.753480839529e+02  Q=1.338000000000e+03  λ=1.060839e+00  dt=1.143e-03  relΔE=8.439e-09  ||F||=2.254e-03
 step= 26500  E=7.753454320903e+02  Q=1.338000000000e+03  λ=1.060841e+00  dt=8.847e-04  relΔE=4.355e-09  ||F||=1.838e-03
 step= 27000  E=7.753436450659e+02  Q=1.338000000000e+03  λ=1.060843e+00  dt=1.369e-03  relΔE=4.469e-09  ||F||=1.595e-03
 step= 27500  E=7.753424954604e+02  Q=1.338000000000e+03  λ=1.060844e+00  dt=1.060e-03  relΔE=2.334e-09  ||F||=1.226e-03
 step= 28000  E=7.753417005101e+02  Q=1.338000000000e+03  λ=1.060846e+00  dt=8.203e-04  relΔE=1.207e-09  ||F||=1.001e-03
 step= 28500  E=7.753411719849e+02  Q=1.338000000000e+03  λ=1.060847e+00  dt=1.270e-03  relΔE=1.248e-09  ||F||=8.166e-04
 step= 29000  E=7.753408242014e+02  Q=1.338000000000e+03  λ=1.060848e+00  dt=9.828e-04  relΔE=6.527e-10  ||F||=6.699e-04
 step= 29500  E=7.753405812184e+02  Q=1.338000000000e+03  λ=1.060849e+00  dt=7.607e-04  relΔE=3.429e-10  ||F||=5.511e-04
 step= 30000  E=7.753404247111e+02  Q=1.338000000000e+03  λ=1.060850e+00  dt=1.177e-03  relΔE=3.535e-10  ||F||=4.486e-04
 step= 30500  E=7.753403167715e+02  Q=1.338000000000e+03  λ=1.060851e+00  dt=9.113e-04  relΔE=1.847e-10  ||F||=3.678e-04
 step= 31000  E=7.753402422704e+02  Q=1.338000000000e+03  λ=1.060851e+00  dt=1.411e-03  relΔE=1.817e-10  ||F||=8.169e-04
 step= 31500  E=7.753401944817e+02  Q=1.338000000000e+03  λ=1.060852e+00  dt=1.092e-03  relΔE=1.014e-10  ||F||=2.484e-04
 step= 32000  E=7.753401607659e+02  Q=1.338000000000e+03  λ=1.060852e+00  dt=8.450e-04  relΔE=5.317e-11  ||F||=2.044e-04
 step= 32500  E=7.753401379005e+02  Q=1.338000000000e+03  λ=1.060852e+00  dt=1.308e-03  relΔE=5.576e-11  ||F||=1.685e-04
 step= 33000  E=7.753401227312e+02  Q=1.338000000000e+03  λ=1.060852e+00  dt=1.012e-03  relΔE=2.956e-11  ||F||=1.398e-04
 step= 33500  E=7.753401120369e+02  Q=1.338000000000e+03  λ=1.060852e+00  dt=7.835e-04  relΔE=1.557e-11  ||F||=1.161e-04
 step= 34000  E=7.753401049674e+02  Q=1.338000000000e+03  λ=1.060852e+00  dt=1.213e-03  relΔE=1.630e-11  ||F||=9.651e-05
 step= 34500  E=7.753401001608e+02  Q=1.338000000000e+03  λ=1.060852e+00  dt=9.387e-04  relΔE=8.556e-12  ||F||=8.079e-05
 step= 35000  E=7.753400968123e+02  Q=1.338000000000e+03  λ=1.060852e+00  dt=7.265e-04  relΔE=5.012e-12  ||F||=7.312e-05
 step= 35500  E=7.753400947097e+02  Q=1.338000000000e+03  λ=1.060852e+00  dt=1.125e-03  relΔE=4.541e-12  ||F||=5.716e-05
 step= 36000  E=7.753400932752e+02  Q=1.338000000000e+03  λ=1.060852e+00  dt=8.704e-04  relΔE=2.261e-12  ||F||=4.837e-05
 step= 36500  E=7.753400923650e+02  Q=1.338000000000e+03  λ=1.060852e+00  dt=1.347e-03  relΔE=2.156e-12  ||F||=4.127e-05
 step= 37000  E=7.753400918332e+02  Q=1.338000000000e+03  λ=1.060852e+00  dt=1.043e-03  relΔE=9.711e-13  ||F||=3.527e-05
 step= 37500  E=7.753400915351e+02  Q=1.338000000000e+03  λ=1.060852e+00  dt=8.071e-04  relΔE=3.695e-13  ||F||=3.031e-05
 step= 38000  E=7.753400914109e+02  Q=1.338000000000e+03  λ=1.060852e+00  dt=1.249e-03  relΔE=1.696e-13  ||F||=2.621e-05
  !! dt fell below dt_min: stiffness-limited termination.

Stationary candidate (aggressive): E=7.753400913946e+02, Q=1.338000000000e+03, maxρ=9.527066e-01

=== Stability test (damped inertial dynamics) ===
Perturb eps=0.02, gamma=1
t=0: E=8.405550344624e+02, Q=1.338000000000e+03, maxρ=9.837759e-01, σ=2.507823e+00, Rc=1.864036e+01
 step=     1  E=8.405547070591e+02  Q=1.338000000000e+03  λ=1.446567e+00  maxρ=9.837758e-01  minρ=1.000e-15  σ=2.507823e+00  Rc=1.864036e+01
 step=   300  E=8.271292930896e+02  Q=1.338000000000e+03  λ=1.343932e+00  maxρ=9.821062e-01  minρ=1.000e-15  σ=2.507819e+00  Rc=1.864036e+01
 step=   600  E=8.001165735393e+02  Q=1.338000000000e+03  λ=1.157991e+00  maxρ=9.773991e-01  minρ=1.000e-15  σ=2.507814e+00  Rc=1.864036e+01
 step=   900  E=7.842750957550e+02  Q=1.338000000000e+03  λ=1.098512e+00  maxρ=9.704371e-01  minρ=1.000e-15  σ=2.507812e+00  Rc=1.864036e+01
 step=  1200  E=7.902464376246e+02  Q=1.338000000000e+03  λ=1.205461e+00  maxρ=9.672346e-01  minρ=1.000e-15  σ=2.507815e+00  Rc=1.864036e+01
 step=  1500  E=8.064256341378e+02  Q=1.338000000000e+03  λ=1.321818e+00  maxρ=9.724626e-01  minρ=1.000e-15  σ=2.507817e+00  Rc=1.864035e+01
 step=  1800  E=8.147309353378e+02  Q=1.338000000000e+03  λ=1.308235e+00  maxρ=9.755744e-01  minρ=1.000e-15  σ=2.507814e+00  Rc=1.864035e+01
 step=  2100  E=8.099115673606e+02  Q=1.338000000000e+03  λ=1.207283e+00  maxρ=9.706069e-01  minρ=1.000e-15  σ=2.507811e+00  Rc=1.864035e+01
 step=  2400  E=8.013694009394e+02  Q=1.338000000000e+03  λ=1.160205e+00  maxρ=9.608213e-01  minρ=1.000e-15  σ=2.507811e+00  Rc=1.864035e+01
 step=  2700  E=7.992481859435e+02  Q=1.338000000000e+03  λ=1.214548e+00  maxρ=9.644487e-01  minρ=1.000e-15  σ=2.507814e+00  Rc=1.864035e+01
 step=  3000  E=8.033919131899e+02  Q=1.338000000000e+03  λ=1.280556e+00  maxρ=9.765586e-01  minρ=1.000e-15  σ=2.507815e+00  Rc=1.864035e+01
 step=  3300  E=8.065603914013e+02  Q=1.338000000000e+03  λ=1.268755e+00  maxρ=9.790594e-01  minρ=1.000e-15  σ=2.507811e+00  Rc=1.864035e+01
 step=  3600  E=8.046861875328e+02  Q=1.338000000000e+03  λ=1.204381e+00  maxρ=9.735571e-01  minρ=1.000e-15  σ=2.507807e+00  Rc=1.864035e+01
 step=  3900  E=8.006969835875e+02  Q=1.338000000000e+03  λ=1.175197e+00  maxρ=9.735607e-01  minρ=1.000e-15  σ=2.507807e+00  Rc=1.864035e+01
 step=  4200  E=7.991837946760e+02  Q=1.338000000000e+03  λ=1.207347e+00  maxρ=9.701762e-01  minρ=1.000e-15  σ=2.507811e+00  Rc=1.864034e+01
 step=  4500  E=8.005816090170e+02  Q=1.338000000000e+03  λ=1.242769e+00  maxρ=9.676903e-01  minρ=1.000e-15  σ=2.507812e+00  Rc=1.864034e+01
 step=  4800  E=8.018821393364e+02  Q=1.338000000000e+03  λ=1.230702e+00  maxρ=9.718469e-01  minρ=1.000e-15  σ=2.507808e+00  Rc=1.864034e+01
 step=  5100  E=8.012279646287e+02  Q=1.338000000000e+03  λ=1.193371e+00  maxρ=9.729978e-01  minρ=1.000e-15  σ=2.507803e+00  Rc=1.864034e+01
 step=  5400  E=7.997330491056e+02  Q=1.338000000000e+03  λ=1.183144e+00  maxρ=9.718510e-01  minρ=1.000e-15  σ=2.507802e+00  Rc=1.864034e+01
 step=  5700  E=7.991057671153e+02  Q=1.338000000000e+03  λ=1.206782e+00  maxρ=9.685327e-01  minρ=1.000e-15  σ=2.507804e+00  Rc=1.864033e+01
 step=  6000  E=7.993067253583e+02  Q=1.338000000000e+03  λ=1.224071e+00  maxρ=9.656194e-01  minρ=1.000e-15  σ=2.507805e+00  Rc=1.864033e+01
 >>> No runaway detected in this horizon. Likely stable (within this model & box).

STABILITY: PASS
