
=== Aggressive relaxation to Q = 754 ===
Initial: E=1.126263377519e+03, Q=7.540000000000e+02, dt=1.000e-04
 step=     1  E=1.126236075705e+03  Q=7.540000000000e+02  λ=2.929441e+00  dt=1.000e-04  relΔE=2.424e-05  ||F||=6.020e-01
 step=   500  E=1.092895142464e+03  Q=7.540000000000e+02  λ=2.832351e+00  dt=6.192e-04  relΔE=1.147e-04  ||F||=5.679e-01
 step=  1000  E=9.996030022949e+02  Q=7.540000000000e+02  λ=2.567759e+00  dt=9.584e-04  relΔE=1.433e-04  ||F||=4.879e-01
 step=  1500  E=9.240807370722e+02  Q=7.540000000000e+02  λ=2.359027e+00  dt=7.418e-04  relΔE=9.765e-05  ||F||=4.405e-01
 step=  2000  E=8.676963274921e+02  Q=7.540000000000e+02  λ=2.205806e+00  dt=1.148e-03  relΔE=1.225e-04  ||F||=3.839e-01
 step=  2500  E=8.205070216939e+02  Q=7.540000000000e+02  λ=2.078842e+00  dt=8.887e-04  relΔE=8.201e-05  ||F||=3.472e-01
 step=  3000  E=7.810799347356e+02  Q=7.540000000000e+02  λ=1.973841e+00  dt=1.376e-03  relΔE=1.107e-04  ||F||=3.463e-01
 step=  3500  E=7.492866605998e+02  Q=7.540000000000e+02  λ=1.889640e+00  dt=1.065e-03  relΔE=7.596e-05  ||F||=2.917e-01
 step=  4000  E=7.212696337465e+02  Q=7.540000000000e+02  λ=1.815915e+00  dt=8.241e-04  relΔE=5.233e-05  ||F||=2.700e-01
 step=  4500  E=6.972501898961e+02  Q=7.540000000000e+02  λ=1.753128e+00  dt=1.276e-03  relΔE=7.251e-05  ||F||=2.512e-01
 step=  5000  E=6.767537008638e+02  Q=7.540000000000e+02  λ=1.699737e+00  dt=9.873e-04  relΔE=5.076e-05  ||F||=2.353e-01
 step=  5500  E=6.579961650948e+02  Q=7.540000000000e+02  λ=1.651107e+00  dt=7.641e-04  relΔE=3.619e-05  ||F||=2.228e-01
 step=  6000  E=6.419670063528e+02  Q=7.540000000000e+02  λ=1.609776e+00  dt=1.183e-03  relΔE=5.071e-05  ||F||=2.093e-01
 step=  6500  E=6.272797980579e+02  Q=7.540000000000e+02  λ=1.572020e+00  dt=9.154e-04  relΔE=3.635e-05  ||F||=1.991e-01
 step=  7000  E=6.135752551854e+02  Q=7.540000000000e+02  λ=1.537137e+00  dt=1.417e-03  relΔE=4.847e-05  ||F||=6.108e-01
 step=  7500  E=6.016065027242e+02  Q=7.540000000000e+02  λ=1.506490e+00  dt=1.097e-03  relΔE=3.860e-05  ||F||=1.836e-01
 step=  8000  E=5.899880943180e+02  Q=7.540000000000e+02  λ=1.477004e+00  dt=8.488e-04  relΔE=2.866e-05  ||F||=1.781e-01
 step=  8500  E=5.790039352661e+02  Q=7.540000000000e+02  λ=1.449253e+00  dt=1.314e-03  relΔE=4.304e-05  ||F||=1.738e-01
 step=  9000  E=5.687361075374e+02  Q=7.540000000000e+02  λ=1.423324e+00  dt=1.017e-03  relΔE=3.273e-05  ||F||=1.707e-01
 step=  9500  E=5.584239576560e+02  Q=7.540000000000e+02  λ=1.397279e+00  dt=7.871e-04  relΔE=2.529e-05  ||F||=1.690e-01
 step= 10000  E=5.485953086300e+02  Q=7.540000000000e+02  λ=1.372407e+00  dt=1.218e-03  relΔE=3.879e-05  ||F||=1.667e-01
 step= 10500  E=5.389577082390e+02  Q=7.540000000000e+02  λ=1.347838e+00  dt=9.430e-04  relΔE=3.002e-05  ||F||=1.653e-01
 step= 11000  E=5.291540733794e+02  Q=7.540000000000e+02  λ=1.322619e+00  dt=7.298e-04  relΔE=2.527e-05  ||F||=1.714e-01
 step= 11500  E=5.201044509346e+02  Q=7.540000000000e+02  λ=1.299077e+00  dt=1.130e-03  relΔE=3.541e-05  ||F||=1.611e-01
 step= 12000  E=5.110723597496e+02  Q=7.540000000000e+02  λ=1.275221e+00  dt=8.744e-04  relΔE=2.669e-05  ||F||=1.576e-01
 step= 12500  E=5.024694322381e+02  Q=7.540000000000e+02  λ=1.252162e+00  dt=1.353e-03  relΔE=3.932e-05  ||F||=1.547e-01
 step= 13000  E=4.947624515586e+02  Q=7.540000000000e+02  λ=1.231123e+00  dt=1.048e-03  relΔE=2.831e-05  ||F||=1.459e-01
 step= 13500  E=4.875900477863e+02  Q=7.540000000000e+02  λ=1.211204e+00  dt=8.108e-04  relΔE=1.978e-05  ||F||=1.376e-01
 step= 14000  E=4.813753799142e+02  Q=7.540000000000e+02  λ=1.193653e+00  dt=1.255e-03  relΔE=2.669e-05  ||F||=1.276e-01
 step= 14500  E=4.761706438005e+02  Q=7.540000000000e+02  λ=1.178667e+00  dt=9.713e-04  relΔE=1.751e-05  ||F||=1.169e-01
 step= 15000  E=4.717113697605e+02  Q=7.540000000000e+02  λ=1.165585e+00  dt=7.518e-04  relΔE=1.125e-05  ||F||=1.060e-01
 step= 15500  E=4.682998391638e+02  Q=7.540000000000e+02  λ=1.155387e+00  dt=1.164e-03  relΔE=1.368e-05  ||F||=9.361e-02
 step= 16000  E=4.655679015483e+02  Q=7.540000000000e+02  λ=1.147036e+00  dt=9.007e-04  relΔE=8.204e-06  ||F||=8.215e-02
 step= 16500  E=4.634525915232e+02  Q=7.540000000000e+02  λ=1.140426e+00  dt=1.394e-03  relΔE=9.491e-06  ||F||=9.852e-02
 step= 17000  E=4.619446986059e+02  Q=7.540000000000e+02  λ=1.135577e+00  dt=1.079e-03  relΔE=5.533e-06  ||F||=6.140e-02
 step= 17500  E=4.607943474988e+02  Q=7.540000000000e+02  λ=1.131769e+00  dt=8.352e-04  relΔE=3.120e-06  ||F||=5.234e-02
 step= 18000  E=4.599673992217e+02  Q=7.540000000000e+02  λ=1.128938e+00  dt=1.293e-03  relΔE=3.467e-06  ||F||=4.431e-02
 step= 18500  E=4.593892323716e+02  Q=7.540000000000e+02  λ=1.126876e+00  dt=1.001e-03  relΔE=1.921e-06  ||F||=3.746e-02
 step= 19000  E=4.589742439300e+02  Q=7.540000000000e+02  λ=1.125327e+00  dt=1.291e-03  relΔE=1.754e-06  ||F||=3.150e-02
 step= 19500  E=4.586841625105e+02  Q=7.540000000000e+02  λ=1.124185e+00  dt=9.989e-04  relΔE=9.565e-07  ||F||=2.643e-02
 step= 20000  E=4.584788306467e+02  Q=7.540000000000e+02  λ=1.123326e+00  dt=1.289e-03  relΔE=8.622e-07  ||F||=2.209e-02
 step= 20500  E=4.583369743449e+02  Q=7.540000000000e+02  λ=1.122689e+00  dt=9.973e-04  relΔE=4.661e-07  ||F||=1.845e-02
 step= 21000  E=4.582346266584e+02  Q=7.540000000000e+02  λ=1.122190e+00  dt=7.719e-04  relΔE=2.505e-07  ||F||=1.537e-02
 step= 21500  E=4.581665726841e+02  Q=7.540000000000e+02  λ=1.121828e+00  dt=1.195e-03  relΔE=2.659e-07  ||F||=1.272e-02
 step= 22000  E=4.581188627611e+02  Q=7.540000000000e+02  λ=1.121546e+00  dt=9.248e-04  relΔE=1.421e-07  ||F||=1.057e-02
 step= 22500  E=4.580851100314e+02  Q=7.540000000000e+02  λ=1.121324e+00  dt=1.431e-03  relΔE=9.663e-08  ||F||=5.621e-02
 step= 23000  E=4.580630417731e+02  Q=7.540000000000e+02  λ=1.121158e+00  dt=1.108e-03  relΔE=8.129e-08  ||F||=7.293e-03
 step= 23500  E=4.580471541708e+02  Q=7.540000000000e+02  λ=1.121023e+00  dt=8.575e-04  relΔE=4.352e-08  ||F||=6.061e-03
 step= 24000  E=4.580361266437e+02  Q=7.540000000000e+02  λ=1.120916e+00  dt=1.327e-03  relΔE=4.671e-08  ||F||=5.049e-03
 step= 24500  E=4.580286387474e+02  Q=7.540000000000e+02  λ=1.120831e+00  dt=1.027e-03  relΔE=2.545e-08  ||F||=4.226e-03
 step= 25000  E=4.580232065917e+02  Q=7.540000000000e+02  λ=1.120760e+00  dt=7.951e-04  relΔE=1.385e-08  ||F||=3.539e-03
 step= 25500  E=4.580194494218e+02  Q=7.540000000000e+02  λ=1.120702e+00  dt=1.231e-03  relΔE=1.517e-08  ||F||=2.973e-03
 step= 26000  E=4.580167828244e+02  Q=7.540000000000e+02  λ=1.120655e+00  dt=9.526e-04  relΔE=8.429e-09  ||F||=2.514e-03
 step= 26500  E=4.580147953943e+02  Q=7.540000000000e+02  λ=1.120614e+00  dt=7.373e-04  relΔE=5.078e-09  ||F||=2.220e-03
 step= 27000  E=4.580134306441e+02  Q=7.540000000000e+02  λ=1.120581e+00  dt=1.141e-03  relΔE=5.324e-09  ||F||=1.817e-03
 step= 27500  E=4.580123922059e+02  Q=7.540000000000e+02  λ=1.120552e+00  dt=8.833e-04  relΔE=3.040e-09  ||F||=1.557e-03
 step= 28000  E=4.580116139843e+02  Q=7.540000000000e+02  λ=1.120527e+00  dt=1.367e-03  relΔE=3.500e-09  ||F||=1.416e-03
 step= 28500  E=4.580110502530e+02  Q=7.540000000000e+02  λ=1.120506e+00  dt=1.058e-03  relΔE=2.065e-09  ||F||=1.164e-03
 step= 29000  E=4.580106068399e+02  Q=7.540000000000e+02  λ=1.120488e+00  dt=8.190e-04  relΔE=1.224e-09  ||F||=1.015e-03
 step= 29500  E=4.580102670257e+02  Q=7.540000000000e+02  λ=1.120472e+00  dt=1.268e-03  relΔE=1.467e-09  ||F||=8.898e-04
 step= 30000  E=4.580100067639e+02  Q=7.540000000000e+02  λ=1.120459e+00  dt=9.812e-04  relΔE=8.944e-10  ||F||=7.865e-04
 step= 30500  E=4.580097935155e+02  Q=7.540000000000e+02  λ=1.120447e+00  dt=7.594e-04  relΔE=5.530e-10  ||F||=7.002e-04
 step= 31000  E=4.580096304957e+02  Q=7.540000000000e+02  λ=1.120436e+00  dt=1.176e-03  relΔE=6.798e-10  ||F||=6.207e-04
 step= 31500  E=4.580094966644e+02  Q=7.540000000000e+02  λ=1.120427e+00  dt=9.098e-04  relΔE=4.250e-10  ||F||=5.551e-04
 step= 32000  E=4.580093858198e+02  Q=7.540000000000e+02  λ=1.120419e+00  dt=1.408e-03  relΔE=5.195e-10  ||F||=1.046e-03
 step= 32500  E=4.580092997843e+02  Q=7.540000000000e+02  λ=1.120412e+00  dt=1.090e-03  relΔE=3.397e-10  ||F||=4.486e-04
 step= 33000  E=4.580092263920e+02  Q=7.540000000000e+02  λ=1.120405e+00  dt=8.436e-04  relΔE=2.165e-10  ||F||=4.048e-04
 step= 33500  E=4.580091658519e+02  Q=7.540000000000e+02  λ=1.120400e+00  dt=1.306e-03  relΔE=2.771e-10  ||F||=3.660e-04
 step= 34000  E=4.580091168441e+02  Q=7.540000000000e+02  λ=1.120395e+00  dt=1.011e-03  relΔE=1.791e-10  ||F||=3.322e-04
 step= 34500  E=4.580090744750e+02  Q=7.540000000000e+02  λ=1.120390e+00  dt=7.823e-04  relΔE=1.161e-10  ||F||=3.021e-04
 step= 35000  E=4.580090399914e+02  Q=7.540000000000e+02  λ=1.120386e+00  dt=1.211e-03  relΔE=1.500e-10  ||F||=2.739e-04
 step= 35500  E=4.580090109228e+02  Q=7.540000000000e+02  λ=1.120383e+00  dt=9.372e-04  relΔE=9.775e-11  ||F||=2.494e-04
 step= 36000  E=4.580089856243e+02  Q=7.540000000000e+02  λ=1.120379e+00  dt=7.254e-04  relΔE=8.474e-11  ||F||=4.039e-04
 step= 36500  E=4.580089654610e+02  Q=7.540000000000e+02  λ=1.120376e+00  dt=1.123e-03  relΔE=8.345e-11  ||F||=2.070e-04
 step= 37000  E=4.580089477207e+02  Q=7.540000000000e+02  λ=1.120374e+00  dt=8.690e-04  relΔE=5.468e-11  ||F||=1.887e-04
 step= 37500  E=4.580089326519e+02  Q=7.540000000000e+02  λ=1.120371e+00  dt=1.345e-03  relΔE=7.169e-11  ||F||=1.731e-04
 step= 38000  E=4.580089202077e+02  Q=7.540000000000e+02  λ=1.120369e+00  dt=1.041e-03  relΔE=4.734e-11  ||F||=1.572e-04
 step= 38500  E=4.580089092867e+02  Q=7.540000000000e+02  λ=1.120367e+00  dt=8.058e-04  relΔE=3.127e-11  ||F||=1.436e-04
 step= 39000  E=4.580089000826e+02  Q=7.540000000000e+02  λ=1.120365e+00  dt=1.247e-03  relΔE=4.123e-11  ||F||=1.309e-04
 step= 39500  E=4.580088923125e+02  Q=7.540000000000e+02  λ=1.120364e+00  dt=9.654e-04  relΔE=2.737e-11  ||F||=1.197e-04
 step= 40000  E=4.580088853903e+02  Q=7.540000000000e+02  λ=1.120362e+00  dt=7.472e-04  relΔE=1.873e-11  ||F||=1.120e-04
 step= 40500  E=4.580088797329e+02  Q=7.540000000000e+02  λ=1.120361e+00  dt=1.157e-03  relΔE=2.415e-11  ||F||=9.988e-05
 step= 41000  E=4.580088747335e+02  Q=7.540000000000e+02  λ=1.120360e+00  dt=8.952e-04  relΔE=1.609e-11  ||F||=9.125e-05
 step= 41500  E=4.580088703569e+02  Q=7.540000000000e+02  λ=1.120359e+00  dt=1.386e-03  relΔE=2.133e-11  ||F||=1.125e-04
 step= 42000  E=4.580088667413e+02  Q=7.540000000000e+02  λ=1.120358e+00  dt=1.072e-03  relΔE=1.437e-11  ||F||=7.620e-05
 step= 42500  E=4.580088635038e+02  Q=7.540000000000e+02  λ=1.120357e+00  dt=8.300e-04  relΔE=9.634e-12  ||F||=6.964e-05
 step= 43000  E=4.580088607085e+02  Q=7.540000000000e+02  λ=1.120356e+00  dt=1.285e-03  relΔE=1.292e-11  ||F||=6.356e-05
 step= 43500  E=4.580088583339e+02  Q=7.540000000000e+02  λ=1.120355e+00  dt=9.944e-04  relΔE=8.715e-12  ||F||=5.817e-05
 step= 44000  E=4.580088561869e+02  Q=7.540000000000e+02  λ=1.120355e+00  dt=7.697e-04  relΔE=5.910e-12  ||F||=5.351e-05
 step= 44500  E=4.580088543789e+02  Q=7.540000000000e+02  λ=1.120354e+00  dt=1.191e-03  relΔE=7.938e-12  ||F||=4.855e-05
 step= 45000  E=4.580088527795e+02  Q=7.540000000000e+02  λ=1.120354e+00  dt=9.221e-04  relΔE=5.378e-12  ||F||=4.439e-05
 step= 45500  E=4.580088513380e+02  Q=7.540000000000e+02  λ=1.120353e+00  dt=1.427e-03  relΔE=5.450e-12  ||F||=3.293e-04
 step= 46000  E=4.580088501416e+02  Q=7.540000000000e+02  λ=1.120353e+00  dt=1.105e-03  relΔE=4.965e-12  ||F||=3.708e-05
 step= 46500  E=4.580088490478e+02  Q=7.540000000000e+02  λ=1.120352e+00  dt=8.550e-04  relΔE=3.381e-12  ||F||=3.389e-05
 step= 47000  E=4.580088480842e+02  Q=7.540000000000e+02  λ=1.120352e+00  dt=1.323e-03  relΔE=4.609e-12  ||F||=3.102e-05
 step= 47500  E=4.580088472562e+02  Q=7.540000000000e+02  λ=1.120351e+00  dt=1.024e-03  relΔE=3.159e-12  ||F||=2.831e-05
 step= 48000  E=4.580088464987e+02  Q=7.540000000000e+02  λ=1.120351e+00  dt=7.928e-04  relΔE=2.173e-12  ||F||=2.605e-05
 step= 48500  E=4.580088458420e+02  Q=7.540000000000e+02  λ=1.120351e+00  dt=1.227e-03  relΔE=2.970e-12  ||F||=2.363e-05
 step= 49000  E=4.580088452603e+02  Q=7.540000000000e+02  λ=1.120351e+00  dt=9.498e-04  relΔE=2.045e-12  ||F||=2.162e-05
 step= 49500  E=4.580088447236e+02  Q=7.540000000000e+02  λ=1.120350e+00  dt=7.351e-04  relΔE=1.515e-12  ||F||=2.242e-05
 step= 50000  E=4.580088442712e+02  Q=7.540000000000e+02  λ=1.120350e+00  dt=1.138e-03  relΔE=1.945e-12  ||F||=1.805e-05
 step= 50500  E=4.580088438528e+02  Q=7.540000000000e+02  λ=1.120350e+00  dt=8.807e-04  relΔE=1.343e-12  ||F||=1.651e-05
 step= 51000  E=4.580088434764e+02  Q=7.540000000000e+02  λ=1.120350e+00  dt=1.363e-03  relΔE=1.855e-12  ||F||=1.745e-05
 step= 51500  E=4.580088431516e+02  Q=7.540000000000e+02  λ=1.120349e+00  dt=1.055e-03  relΔE=1.290e-12  ||F||=1.378e-05
 step= 52000  E=4.580088428510e+02  Q=7.540000000000e+02  λ=1.120349e+00  dt=8.166e-04  relΔE=8.957e-13  ||F||=1.263e-05
 step= 52500  E=4.580088425831e+02  Q=7.540000000000e+02  λ=1.120349e+00  dt=1.264e-03  relΔE=1.243e-12  ||F||=1.150e-05
 step= 53000  E=4.580088423468e+02  Q=7.540000000000e+02  λ=1.120349e+00  dt=9.784e-04  relΔE=8.668e-13  ||F||=1.053e-05
 step= 53500  E=4.580088421257e+02  Q=7.540000000000e+02  λ=1.120349e+00  dt=7.572e-04  relΔE=6.114e-13  ||F||=1.005e-05
 step= 54000  E=4.580088419349e+02  Q=7.540000000000e+02  λ=1.120349e+00  dt=1.172e-03  relΔE=8.427e-13  ||F||=8.790e-06
 step= 54500  E=4.580088417591e+02  Q=7.540000000000e+02  λ=1.120349e+00  dt=9.072e-04  relΔE=5.887e-13  ||F||=8.038e-06
 step= 55000  E=4.580088415970e+02  Q=7.540000000000e+02  λ=1.120349e+00  dt=1.404e-03  relΔE=7.983e-13  ||F||=3.821e-05
 step= 55500  E=4.580088414578e+02  Q=7.540000000000e+02  λ=1.120349e+00  dt=1.087e-03  relΔE=5.754e-13  ||F||=6.712e-06
 step= 56000  E=4.580088413273e+02  Q=7.540000000000e+02  λ=1.120348e+00  dt=8.412e-04  relΔE=4.021e-13  ||F||=6.150e-06
 step= 56500  E=4.580088412094e+02  Q=7.540000000000e+02  λ=1.120348e+00  dt=1.302e-03  relΔE=5.635e-13  ||F||=5.612e-06
 step= 57000  E=4.580088411052e+02  Q=7.540000000000e+02  λ=1.120348e+00  dt=1.008e-03  relΔE=3.962e-13  ||F||=5.125e-06
 step= 57500  E=4.580088410072e+02  Q=7.540000000000e+02  λ=1.120348e+00  dt=7.800e-04  relΔE=2.792e-13  ||F||=4.875e-06
 step= 58000  E=4.580088409210e+02  Q=7.540000000000e+02  λ=1.120348e+00  dt=1.207e-03  relΔE=3.898e-13  ||F||=4.278e-06
 step= 58500  E=4.580088408423e+02  Q=7.540000000000e+02  λ=1.120348e+00  dt=9.345e-04  relΔE=2.742e-13  ||F||=3.915e-06
 step= 59000  E=4.580088407684e+02  Q=7.540000000000e+02  λ=1.120348e+00  dt=7.233e-04  relΔE=2.505e-13  ||F||=1.760e-05
 step= 59500  E=4.580088407051e+02  Q=7.540000000000e+02  λ=1.120348e+00  dt=1.120e-03  relΔE=2.712e-13  ||F||=3.268e-06
 step= 60000  E=4.580088406459e+02  Q=7.540000000000e+02  λ=1.120348e+00  dt=7.221e-04  relΔE=1.590e-13  ||F||=3.034e-06
 step= 60500  E=4.580088405931e+02  Q=7.540000000000e+02  λ=1.120348e+00  dt=1.118e-03  relΔE=2.241e-13  ||F||=2.737e-06
 step= 61000  E=4.580088405440e+02  Q=7.540000000000e+02  λ=1.120348e+00  dt=7.209e-04  relΔE=1.316e-13  ||F||=2.542e-06
 step= 61500  E=4.580088405002e+02  Q=7.540000000000e+02  λ=1.120348e+00  dt=1.116e-03  relΔE=1.857e-13  ||F||=2.292e-06
 step= 62000  E=4.580088404589e+02  Q=7.540000000000e+02  λ=1.120348e+00  dt=8.637e-04  relΔE=1.314e-13  ||F||=2.119e-06
 step= 62500  E=4.580088404214e+02  Q=7.540000000000e+02  λ=1.120348e+00  dt=1.337e-03  relΔE=1.842e-13  ||F||=2.053e-06
 step= 63000  E=4.580088403880e+02  Q=7.540000000000e+02  λ=1.120348e+00  dt=1.035e-03  relΔE=1.304e-13  ||F||=1.750e-06
 step= 63500  E=4.580088403568e+02  Q=7.540000000000e+02  λ=1.120348e+00  dt=8.009e-04  relΔE=9.134e-14  ||F||=1.650e-06
 step= 64000  E=4.580088403287e+02  Q=7.540000000000e+02  λ=1.120348e+00  dt=1.240e-03  relΔE=1.293e-13  ||F||=1.460e-06
 step= 64500  E=4.580088403033e+02  Q=7.540000000000e+02  λ=1.120348e+00  dt=9.595e-04  relΔE=9.184e-14  ||F||=1.337e-06
 step= 65000  E=4.580088402793e+02  Q=7.540000000000e+02  λ=1.120348e+00  dt=7.426e-04  relΔE=6.776e-14  ||F||=2.205e-06
 step= 65500  E=4.580088402585e+02  Q=7.540000000000e+02  λ=1.120348e+00  dt=1.149e-03  relΔE=9.097e-14  ||F||=1.116e-06
 step= 66000  E=4.580088402389e+02  Q=7.540000000000e+02  λ=1.120348e+00  dt=8.897e-04  relΔE=6.404e-14  ||F||=1.030e-06
 step= 66500  E=4.580088402208e+02  Q=7.540000000000e+02  λ=1.120348e+00  dt=1.377e-03  relΔE=9.060e-14  ||F||=3.214e-06
 step= 67000  E=4.580088402050e+02  Q=7.540000000000e+02  λ=1.120348e+00  dt=1.066e-03  relΔE=6.429e-14  ||F||=8.519e-07
 step= 67500  E=4.580088401901e+02  Q=7.540000000000e+02  λ=1.120348e+00  dt=8.250e-04  relΔE=4.518e-14  ||F||=8.141e-07
 step= 68000  E=4.580088401765e+02  Q=7.540000000000e+02  λ=1.120348e+00  dt=1.277e-03  relΔE=6.404e-14  ||F||=7.125e-07
 step= 68500  E=4.580088401644e+02  Q=7.540000000000e+02  λ=1.120348e+00  dt=9.883e-04  relΔE=4.505e-14  ||F||=6.511e-07
 step= 69000  E=4.580088401529e+02  Q=7.540000000000e+02  λ=1.120348e+00  dt=7.649e-04  relΔE=3.202e-14  ||F||=8.332e-07
 step= 69500  E=4.580088401428e+02  Q=7.540000000000e+02  λ=1.120348e+00  dt=1.184e-03  relΔE=4.505e-14  ||F||=5.431e-07
 step= 70000  E=4.580088401334e+02  Q=7.540000000000e+02  λ=1.120348e+00  dt=9.164e-04  relΔE=3.202e-14  ||F||=5.007e-07
 step= 70500  E=4.580088401246e+02  Q=7.540000000000e+02  λ=1.120348e+00  dt=1.419e-03  relΔE=3.847e-14  ||F||=1.963e-05
 step= 71000  E=4.580088401170e+02  Q=7.540000000000e+02  λ=1.120348e+00  dt=1.098e-03  relΔE=3.190e-14  ||F||=4.149e-07
 step= 71500  E=4.580088401098e+02  Q=7.540000000000e+02  λ=1.120348e+00  dt=8.498e-04  relΔE=2.259e-14  ||F||=3.911e-07
 step= 72000  E=4.580088401032e+02  Q=7.540000000000e+02  λ=1.120348e+00  dt=1.315e-03  relΔE=3.214e-14  ||F||=3.711e-07
 step= 72500  E=4.580088400974e+02  Q=7.540000000000e+02  λ=1.120348e+00  dt=1.018e-03  relΔE=2.246e-14  ||F||=3.170e-07
 step= 73000  E=4.580088400919e+02  Q=7.540000000000e+02  λ=1.120348e+00  dt=7.879e-04  relΔE=1.613e-14  ||F||=3.803e-07
 step= 73500  E=4.580088400869e+02  Q=7.540000000000e+02  λ=1.120348e+00  dt=1.220e-03  relΔE=2.259e-14  ||F||=2.644e-07
 step= 74000  E=4.580088400824e+02  Q=7.540000000000e+02  λ=1.120348e+00  dt=9.440e-04  relΔE=1.589e-14  ||F||=2.434e-07
 step= 74500  E=4.580088400782e+02  Q=7.540000000000e+02  λ=1.120348e+00  dt=7.306e-04  relΔE=1.278e-14  ||F||=1.325e-06
 step= 75000  E=4.580088400745e+02  Q=7.540000000000e+02  λ=1.120348e+00  dt=1.131e-03  relΔE=1.576e-14  ||F||=2.021e-07
 step= 75500  E=4.580088400710e+02  Q=7.540000000000e+02  λ=1.120348e+00  dt=8.753e-04  relΔE=1.117e-14  ||F||=1.956e-07
 step= 76000  E=4.580088400678e+02  Q=7.540000000000e+02  λ=1.120348e+00  dt=1.355e-03  relΔE=1.601e-14  ||F||=4.904e-07
 step= 76500  E=4.580088400649e+02  Q=7.540000000000e+02  λ=1.120348e+00  dt=1.049e-03  relΔE=1.142e-14  ||F||=1.545e-07
 step= 77000  E=4.580088400623e+02  Q=7.540000000000e+02  λ=1.120348e+00  dt=8.116e-04  relΔE=7.943e-15  ||F||=1.937e-07
 step= 77500  E=4.580088400599e+02  Q=7.540000000000e+02  λ=1.120348e+00  dt=1.256e-03  relΔE=1.117e-14  ||F||=1.295e-07
 step= 78000  E=4.580088400577e+02  Q=7.540000000000e+02  λ=1.120348e+00  dt=9.724e-04  relΔE=7.943e-15  ||F||=1.186e-07
 step= 78500  E=4.580088400556e+02  Q=7.540000000000e+02  λ=1.120348e+00  dt=7.526e-04  relΔE=5.585e-15  ||F||=3.719e-07
 step= 79000  E=4.580088400538e+02  Q=7.540000000000e+02  λ=1.120348e+00  dt=1.165e-03  relΔE=8.067e-15  ||F||=9.843e-08
 step= 79500  E=4.580088400521e+02  Q=7.540000000000e+02  λ=1.120348e+00  dt=9.017e-04  relΔE=5.585e-15  ||F||=9.498e-08
 step= 80000  E=4.580088400506e+02  Q=7.540000000000e+02  λ=1.120348e+00  dt=1.396e-03  relΔE=7.943e-15  ||F||=2.649e-06
 step= 80500  E=4.580088400492e+02  Q=7.540000000000e+02  λ=1.120348e+00  dt=1.080e-03  relΔE=5.585e-15  ||F||=7.526e-08
 step= 81000  E=4.580088400479e+02  Q=7.540000000000e+02  λ=1.120348e+00  dt=8.361e-04  relΔE=3.972e-15  ||F||=9.485e-08
 step= 81500  E=4.580088400467e+02  Q=7.540000000000e+02  λ=1.120348e+00  dt=1.294e-03  relΔE=5.337e-15  ||F||=6.988e-08
 step= 82000  E=4.580088400457e+02  Q=7.540000000000e+02  λ=1.120348e+00  dt=1.002e-03  relΔE=3.972e-15  ||F||=5.783e-08
 step= 82500  E=4.580088400447e+02  Q=7.540000000000e+02  λ=1.120348e+00  dt=1.292e-03  relΔE=4.964e-15  ||F||=6.205e-08
 Converged (aggressive): step=82818, E=4.580088400441e+02, Q=7.540000000000e+02, dt=9.645e-04, ||F||=4.997e-08

Stationary candidate (aggressive): E=4.580088400441e+02, Q=7.540000000000e+02, maxρ=7.197212e-01

=== Stability test (damped inertial dynamics) ===
Perturb eps=0.02, gamma=1
t=0: E=4.947433464025e+02, Q=7.540000000000e+02, maxρ=7.424814e-01, σ=2.561552e+00, Rc=1.863202e+01
 step=     1  E=4.947431619574e+02  Q=7.540000000000e+02  λ=1.506025e+00  maxρ=7.424814e-01  minρ=1.000e-15  σ=2.561552e+00  Rc=1.863202e+01
 step=   300  E=4.871800053128e+02  Q=7.540000000000e+02  λ=1.403381e+00  maxρ=7.412219e-01  minρ=1.000e-15  σ=2.561549e+00  Rc=1.863202e+01
 step=   600  E=4.719639159187e+02  Q=7.540000000000e+02  λ=1.217441e+00  maxρ=7.376709e-01  minρ=1.000e-15  σ=2.561543e+00  Rc=1.863202e+01
 step=   900  E=4.630437124920e+02  Q=7.540000000000e+02  λ=1.158006e+00  maxρ=7.324188e-01  minρ=1.000e-15  σ=2.561542e+00  Rc=1.863202e+01
 step=  1200  E=4.664111346678e+02  Q=7.540000000000e+02  λ=1.265012e+00  maxρ=7.299804e-01  minρ=1.000e-15  σ=2.561545e+00  Rc=1.863202e+01
 step=  1500  E=4.755234223017e+02  Q=7.540000000000e+02  λ=1.381367e+00  maxρ=7.344073e-01  minρ=1.000e-15  σ=2.561546e+00  Rc=1.863201e+01
 step=  1800  E=4.801942218191e+02  Q=7.540000000000e+02  λ=1.367708e+00  maxρ=7.367585e-01  minρ=1.000e-15  σ=2.561544e+00  Rc=1.863201e+01
 step=  2100  E=4.774728271646e+02  Q=7.540000000000e+02  λ=1.266681e+00  maxρ=7.330086e-01  minρ=1.000e-15  σ=2.561540e+00  Rc=1.863201e+01
 step=  2400  E=4.726632809508e+02  Q=7.540000000000e+02  λ=1.219615e+00  maxρ=7.258233e-01  minρ=1.000e-15  σ=2.561541e+00  Rc=1.863201e+01
 step=  2700  E=4.714787190320e+02  Q=7.540000000000e+02  λ=1.274048e+00  maxρ=7.278498e-01  minρ=1.000e-15  σ=2.561544e+00  Rc=1.863201e+01
 step=  3000  E=4.738213005744e+02  Q=7.540000000000e+02  λ=1.340126e+00  maxρ=7.369904e-01  minρ=1.000e-15  σ=2.561544e+00  Rc=1.863201e+01
 step=  3300  E=4.756040560617e+02  Q=7.540000000000e+02  λ=1.328300e+00  maxρ=7.388803e-01  minρ=1.000e-15  σ=2.561540e+00  Rc=1.863201e+01
 step=  3600  E=4.745381940712e+02  Q=7.540000000000e+02  λ=1.263839e+00  maxρ=7.354582e-01  minρ=1.000e-15  σ=2.561536e+00  Rc=1.863201e+01
 step=  3900  E=4.722837020148e+02  Q=7.540000000000e+02  λ=1.234603e+00  maxρ=7.354639e-01  minρ=1.000e-15  σ=2.561536e+00  Rc=1.863201e+01
 step=  4200  E=4.714340857632e+02  Q=7.540000000000e+02  λ=1.266788e+00  maxρ=7.329103e-01  minρ=1.000e-15  σ=2.561540e+00  Rc=1.863200e+01
 step=  4500  E=4.722305992807e+02  Q=7.540000000000e+02  λ=1.302289e+00  maxρ=7.309498e-01  minρ=1.000e-15  σ=2.561541e+00  Rc=1.863200e+01
 step=  4800  E=4.729685694475e+02  Q=7.540000000000e+02  λ=1.290262e+00  maxρ=7.339450e-01  minρ=1.000e-15  σ=2.561537e+00  Rc=1.863200e+01
 step=  5100  E=4.725965891803e+02  Q=7.540000000000e+02  λ=1.252897e+00  maxρ=7.349665e-01  minρ=1.000e-15  σ=2.561532e+00  Rc=1.863200e+01
 step=  5400  E=4.717469323985e+02  Q=7.540000000000e+02  λ=1.242603e+00  maxρ=7.341057e-01  minρ=1.000e-15  σ=2.561530e+00  Rc=1.863200e+01
 step=  5700  E=4.713903473521e+02  Q=7.540000000000e+02  λ=1.266210e+00  maxρ=7.316049e-01  minρ=1.000e-15  σ=2.561532e+00  Rc=1.863199e+01
 step=  6000  E=4.715072112846e+02  Q=7.540000000000e+02  λ=1.283527e+00  maxρ=7.293312e-01  minρ=1.000e-15  σ=2.561533e+00  Rc=1.863199e+01
 >>> No runaway detected in this horizon. Likely stable (within this model & box).

STABILITY: PASS
