
=== Aggressive relaxation to Q = 1884 ===
Initial: E=2.834475943444e+03, Q=1.884000000000e+03, dt=1.000e-04
 step=     1  E=2.834364112944e+03  Q=1.884000000000e+03  λ=3.160557e+00  dt=1.000e-04  relΔE=3.945e-05  ||F||=7.709e-01
 step=   500  E=2.710772249115e+03  Q=1.884000000000e+03  λ=2.973424e+00  dt=6.192e-04  relΔE=1.587e-04  ||F||=6.656e-01
 step=  1000  E=2.421120624787e+03  Q=1.884000000000e+03  λ=2.580006e+00  dt=9.584e-04  relΔE=1.715e-04  ||F||=5.255e-01
 step=  1500  E=2.209990922078e+03  Q=1.884000000000e+03  λ=2.316559e+00  dt=7.418e-04  relΔE=1.086e-04  ||F||=4.544e-01
 step=  2000  E=2.060198457314e+03  Q=1.884000000000e+03  λ=2.136695e+00  dt=1.148e-03  relΔE=1.341e-04  ||F||=3.916e-01
 step=  2500  E=1.939400765663e+03  Q=1.884000000000e+03  λ=1.994602e+00  dt=8.887e-04  relΔE=8.752e-05  ||F||=3.488e-01
 step=  3000  E=1.841095387524e+03  Q=1.884000000000e+03  λ=1.880946e+00  dt=1.376e-03  relΔE=1.157e-04  ||F||=3.546e-01
 step=  3500  E=1.763391335518e+03  Q=1.884000000000e+03  λ=1.792049e+00  dt=1.065e-03  relΔE=7.825e-05  ||F||=2.873e-01
 step=  4000  E=1.695939209626e+03  Q=1.884000000000e+03  λ=1.715672e+00  dt=8.241e-04  relΔE=5.322e-05  ||F||=2.642e-01
 step=  4500  E=1.638835265391e+03  Q=1.884000000000e+03  λ=1.651643e+00  dt=1.276e-03  relΔE=7.296e-05  ||F||=2.444e-01
 step=  5000  E=1.590584937677e+03  Q=1.884000000000e+03  λ=1.597866e+00  dt=9.873e-04  relΔE=5.061e-05  ||F||=2.279e-01
 step=  5500  E=1.546804739050e+03  Q=1.884000000000e+03  λ=1.549405e+00  dt=7.641e-04  relΔE=3.564e-05  ||F||=2.144e-01
 step=  6000  E=1.509640821645e+03  Q=1.884000000000e+03  λ=1.508562e+00  dt=1.183e-03  relΔE=4.974e-05  ||F||=2.011e-01
 step=  6500  E=1.475937221757e+03  Q=1.884000000000e+03  λ=1.471683e+00  dt=9.154e-04  relΔE=3.536e-05  ||F||=1.906e-01
 step=  7000  E=1.444658266036e+03  Q=1.884000000000e+03  λ=1.437883e+00  dt=1.417e-03  relΔE=4.460e-05  ||F||=7.099e-01
 step=  7500  E=1.417583989985e+03  Q=1.884000000000e+03  λ=1.408356e+00  dt=1.097e-03  relΔE=3.691e-05  ||F||=1.743e-01
 step=  8000  E=1.391509244654e+03  Q=1.884000000000e+03  λ=1.380237e+00  dt=8.488e-04  relΔE=2.717e-05  ||F||=1.685e-01
 step=  8500  E=1.367026999343e+03  Q=1.884000000000e+03  λ=1.353960e+00  dt=1.314e-03  relΔE=4.052e-05  ||F||=1.639e-01
 step=  9000  E=1.344248087082e+03  Q=1.884000000000e+03  λ=1.329531e+00  dt=1.017e-03  relΔE=3.069e-05  ||F||=1.607e-01
 step=  9500  E=1.321418688196e+03  Q=1.884000000000e+03  λ=1.305068e+00  dt=7.871e-04  relΔE=2.365e-05  ||F||=1.590e-01
 step= 10000  E=1.299527915819e+03  Q=1.884000000000e+03  λ=1.281611e+00  dt=1.218e-03  relΔE=3.664e-05  ||F||=1.578e-01
 step= 10500  E=1.277779118233e+03  Q=1.884000000000e+03  λ=1.258211e+00  dt=9.430e-04  relΔE=2.878e-05  ||F||=1.576e-01
 step= 11000  E=1.255209160746e+03  Q=1.884000000000e+03  λ=1.233837e+00  dt=7.298e-04  relΔE=2.514e-05  ||F||=1.672e-01
 step= 11500  E=1.233809853205e+03  Q=1.884000000000e+03  λ=1.210650e+00  dt=1.130e-03  relΔE=3.586e-05  ||F||=1.580e-01
 step= 12000  E=1.211707102201e+03  Q=1.884000000000e+03  λ=1.186596e+00  dt=8.744e-04  relΔE=2.808e-05  ||F||=1.574e-01
 step= 12500  E=1.189798778792e+03  Q=1.884000000000e+03  λ=1.162760e+00  dt=1.353e-03  relΔE=4.318e-05  ||F||=1.575e-01
 step= 13000  E=1.169320909804e+03  Q=1.884000000000e+03  λ=1.140500e+00  dt=1.048e-03  relΔE=3.244e-05  ||F||=1.519e-01
 step= 13500  E=1.149512283211e+03  Q=1.884000000000e+03  λ=1.119111e+00  dt=8.108e-04  relΔE=2.364e-05  ||F||=1.461e-01
 step= 14000  E=1.131713227574e+03  Q=1.884000000000e+03  λ=1.100128e+00  dt=1.255e-03  relΔE=3.305e-05  ||F||=1.378e-01
 step= 14500  E=1.116351085062e+03  Q=1.884000000000e+03  λ=1.083980e+00  dt=9.713e-04  relΔE=2.233e-05  ||F||=1.279e-01
 step= 15000  E=1.102878593149e+03  Q=1.884000000000e+03  λ=1.070115e+00  dt=7.518e-04  relΔE=1.473e-05  ||F||=1.174e-01
 step= 15500  E=1.092402486610e+03  Q=1.884000000000e+03  λ=1.059619e+00  dt=1.164e-03  relΔE=1.811e-05  ||F||=1.041e-01
 step= 16000  E=1.083933887445e+03  Q=1.884000000000e+03  λ=1.051381e+00  dt=9.007e-04  relΔE=1.095e-05  ||F||=9.164e-02
 step= 16500  E=1.077351355570e+03  Q=1.884000000000e+03  λ=1.045223e+00  dt=1.394e-03  relΔE=1.271e-05  ||F||=1.095e-01
 step= 17000  E=1.072663206864e+03  Q=1.884000000000e+03  λ=1.041018e+00  dt=1.079e-03  relΔE=7.395e-06  ||F||=6.843e-02
 step= 17500  E=1.069103035114e+03  Q=1.884000000000e+03  λ=1.037993e+00  dt=8.352e-04  relΔE=4.147e-06  ||F||=5.815e-02
 step= 18000  E=1.066562471479e+03  Q=1.884000000000e+03  λ=1.035977e+00  dt=1.293e-03  relΔE=4.572e-06  ||F||=4.902e-02
 step= 18500  E=1.064800379099e+03  Q=1.884000000000e+03  λ=1.034688e+00  dt=1.001e-03  relΔE=2.508e-06  ||F||=4.123e-02
 step= 19000  E=1.063522688893e+03  Q=1.884000000000e+03  λ=1.033846e+00  dt=7.744e-04  relΔE=1.355e-06  ||F||=3.443e-02
 step= 19500  E=1.062664379149e+03  Q=1.884000000000e+03  λ=1.033354e+00  dt=1.199e-03  relΔE=1.449e-06  ||F||=2.860e-02
 step= 20000  E=1.062064536155e+03  Q=1.884000000000e+03  λ=1.033068e+00  dt=9.278e-04  relΔE=7.725e-07  ||F||=2.373e-02
 step= 20500  E=1.061642297993e+03  Q=1.884000000000e+03  λ=1.032927e+00  dt=1.436e-03  relΔE=2.439e-07  ||F||=1.732e-01
 step= 21000  E=1.061368415188e+03  Q=1.884000000000e+03  λ=1.032846e+00  dt=1.112e-03  relΔE=4.338e-07  ||F||=1.624e-02
 step= 21500  E=1.061173641412e+03  Q=1.884000000000e+03  λ=1.032825e+00  dt=8.603e-04  relΔE=2.287e-07  ||F||=1.340e-02
 step= 22000  E=1.061041084329e+03  Q=1.884000000000e+03  λ=1.032830e+00  dt=1.332e-03  relΔE=2.409e-07  ||F||=1.107e-02
 step= 22500  E=1.060952786704e+03  Q=1.884000000000e+03  λ=1.032847e+00  dt=1.031e-03  relΔE=1.284e-07  ||F||=9.171e-03
 step= 23000  E=1.060890293250e+03  Q=1.884000000000e+03  λ=1.032869e+00  dt=7.977e-04  relΔE=6.808e-08  ||F||=7.590e-03
 step= 23500  E=1.060848143946e+03  Q=1.884000000000e+03  λ=1.032890e+00  dt=1.235e-03  relΔE=7.242e-08  ||F||=6.292e-03
 step= 24000  E=1.060819219074e+03  Q=1.884000000000e+03  λ=1.032909e+00  dt=9.557e-04  relΔE=3.895e-08  ||F||=5.245e-03
 step= 24500  E=1.060798416093e+03  Q=1.884000000000e+03  λ=1.032924e+00  dt=7.397e-04  relΔE=2.178e-08  ||F||=4.463e-03
 step= 25000  E=1.060784629936e+03  Q=1.884000000000e+03  λ=1.032935e+00  dt=1.145e-03  relΔE=2.277e-08  ||F||=3.665e-03
 step= 25500  E=1.060774584486e+03  Q=1.884000000000e+03  λ=1.032943e+00  dt=8.861e-04  relΔE=1.244e-08  ||F||=3.080e-03
 step= 26000  E=1.060767396524e+03  Q=1.884000000000e+03  λ=1.032947e+00  dt=1.372e-03  relΔE=1.363e-08  ||F||=2.830e-03
 step= 26500  E=1.060762451995e+03  Q=1.884000000000e+03  λ=1.032949e+00  dt=1.062e-03  relΔE=7.664e-09  ||F||=2.211e-03
 step= 27000  E=1.060758742309e+03  Q=1.884000000000e+03  λ=1.032948e+00  dt=8.217e-04  relΔE=4.305e-09  ||F||=1.886e-03
 step= 27500  E=1.060756057687e+03  Q=1.884000000000e+03  λ=1.032946e+00  dt=1.272e-03  relΔE=4.882e-09  ||F||=1.616e-03
 step= 28000  E=1.060754109898e+03  Q=1.884000000000e+03  λ=1.032943e+00  dt=9.844e-04  relΔE=2.816e-09  ||F||=1.397e-03
 step= 28500  E=1.060752603820e+03  Q=1.884000000000e+03  λ=1.032938e+00  dt=7.619e-04  relΔE=1.639e-09  ||F||=1.214e-03
 step= 29000  E=1.060751515591e+03  Q=1.884000000000e+03  λ=1.032934e+00  dt=1.179e-03  relΔE=1.908e-09  ||F||=1.055e-03
 step= 29500  E=1.060750672477e+03  Q=1.884000000000e+03  λ=1.032929e+00  dt=9.128e-04  relΔE=1.127e-09  ||F||=9.236e-04
 step= 30000  E=1.060750012058e+03  Q=1.884000000000e+03  λ=1.032923e+00  dt=1.413e-03  relΔE=1.262e-09  ||F||=2.160e-03
 step= 30500  E=1.060749529179e+03  Q=1.884000000000e+03  λ=1.032918e+00  dt=1.094e-03  relΔE=8.033e-10  ||F||=7.170e-04
 step= 31000  E=1.060749139297e+03  Q=1.884000000000e+03  λ=1.032912e+00  dt=8.464e-04  relΔE=4.836e-10  ||F||=6.348e-04
 step= 31500  E=1.060748835850e+03  Q=1.884000000000e+03  λ=1.032907e+00  dt=1.310e-03  relΔE=5.846e-10  ||F||=5.636e-04
 step= 32000  E=1.060748603445e+03  Q=1.884000000000e+03  λ=1.032902e+00  dt=1.014e-03  relΔE=3.573e-10  ||F||=5.030e-04
 step= 32500  E=1.060748414016e+03  Q=1.884000000000e+03  λ=1.032897e+00  dt=7.848e-04  relΔE=2.184e-10  ||F||=4.494e-04
 step= 33000  E=1.060748268142e+03  Q=1.884000000000e+03  λ=1.032893e+00  dt=1.215e-03  relΔE=2.668e-10  ||F||=4.017e-04
 step= 33500  E=1.060748152072e+03  Q=1.884000000000e+03  λ=1.032889e+00  dt=9.403e-04  relΔE=1.639e-10  ||F||=3.603e-04
 step= 34000  E=1.060748057079e+03  Q=1.884000000000e+03  λ=1.032885e+00  dt=7.277e-04  relΔE=1.117e-10  ||F||=3.411e-04
 step= 34500  E=1.060747985776e+03  Q=1.884000000000e+03  λ=1.032881e+00  dt=1.126e-03  relΔE=1.238e-10  ||F||=2.906e-04
 step= 35000  E=1.060747926936e+03  Q=1.884000000000e+03  λ=1.032878e+00  dt=8.719e-04  relΔE=7.600e-11  ||F||=2.612e-04
 step= 35500  E=1.060747880120e+03  Q=1.884000000000e+03  λ=1.032875e+00  dt=1.350e-03  relΔE=9.306e-11  ||F||=2.362e-04
 step= 36000  E=1.060747844085e+03  Q=1.884000000000e+03  λ=1.032872e+00  dt=1.045e-03  relΔE=5.733e-11  ||F||=2.120e-04
 step= 36500  E=1.060747814669e+03  Q=1.884000000000e+03  λ=1.032869e+00  dt=8.084e-04  relΔE=3.508e-11  ||F||=1.910e-04
 step= 37000  E=1.060747791694e+03  Q=1.884000000000e+03  λ=1.032867e+00  dt=1.251e-03  relΔE=4.274e-11  ||F||=1.721e-04
 step= 37500  E=1.060747773847e+03  Q=1.884000000000e+03  λ=1.032865e+00  dt=9.685e-04  relΔE=2.610e-11  ||F||=1.555e-04
 step= 38000  E=1.060747759287e+03  Q=1.884000000000e+03  λ=1.032862e+00  dt=7.496e-04  relΔE=1.606e-11  ||F||=1.411e-04
 step= 38500  E=1.060747748459e+03  Q=1.884000000000e+03  λ=1.032861e+00  dt=1.160e-03  relΔE=1.903e-11  ||F||=1.266e-04
 step= 39000  E=1.060747739822e+03  Q=1.884000000000e+03  λ=1.032859e+00  dt=8.981e-04  relΔE=1.138e-11  ||F||=1.142e-04
 step= 39500  E=1.060747733069e+03  Q=1.884000000000e+03  λ=1.032857e+00  dt=1.390e-03  relΔE=1.335e-11  ||F||=1.231e-04
 step= 40000  E=1.060747728148e+03  Q=1.884000000000e+03  λ=1.032856e+00  dt=1.076e-03  relΔE=7.929e-12  ||F||=9.318e-05
 step= 40500  E=1.060747724309e+03  Q=1.884000000000e+03  λ=1.032855e+00  dt=8.327e-04  relΔE=4.580e-12  ||F||=8.411e-05
 step= 41000  E=1.060747721474e+03  Q=1.884000000000e+03  λ=1.032854e+00  dt=1.289e-03  relΔE=5.183e-12  ||F||=7.591e-05
 step= 41500  E=1.060747719466e+03  Q=1.884000000000e+03  λ=1.032852e+00  dt=9.977e-04  relΔE=2.884e-12  ||F||=6.869e-05
 step= 42000  E=1.060747718000e+03  Q=1.884000000000e+03  λ=1.032852e+00  dt=7.722e-04  relΔE=1.537e-12  ||F||=6.202e-05
 step= 42500  E=1.060747717052e+03  Q=1.884000000000e+03  λ=1.032851e+00  dt=1.195e-03  relΔE=1.539e-12  ||F||=5.603e-05
 step= 43000  E=1.060747716454e+03  Q=1.884000000000e+03  λ=1.032850e+00  dt=9.251e-04  relΔE=6.947e-13  ||F||=5.063e-05
 step= 43500  E=1.060747716130e+03  Q=1.884000000000e+03  λ=1.032849e+00  dt=1.432e-03  relΔE=8.360e-14  ||F||=1.513e-04
 step= 44000  E=1.060747716028e+03  Q=1.884000000000e+03  λ=1.032849e+00  dt=1.108e-03  relΔE=3.815e-14  ||F||=4.136e-05
  !! dt fell below dt_min: stiffness-limited termination.

Stationary candidate (aggressive): E=1.060747716027e+03, Q=1.884000000000e+03, maxρ=1.089842e+00

=== Stability test (damped inertial dynamics) ===
Perturb eps=0.02, gamma=1
t=0: E=1.152752888911e+03, Q=1.884000000000e+03, maxρ=1.127145e+00, σ=2.560848e+00, Rc=1.862066e+01
 step=     1  E=1.152752426825e+03  Q=1.884000000000e+03  λ=1.419445e+00  maxρ=1.127145e+00  minρ=1.749e-14  σ=2.560848e+00  Rc=1.862066e+01
 step=   300  E=1.133804494725e+03  Q=1.884000000000e+03  λ=1.316539e+00  maxρ=1.125231e+00  minρ=2.864e-14  σ=2.560845e+00  Rc=1.862066e+01
 step=   600  E=1.095682544971e+03  Q=1.884000000000e+03  λ=1.130139e+00  maxρ=1.119836e+00  minρ=1.000e-15  σ=2.560840e+00  Rc=1.862066e+01
 step=   900  E=1.073332008404e+03  Q=1.884000000000e+03  λ=1.070585e+00  maxρ=1.111856e+00  minρ=1.000e-15  σ=2.560838e+00  Rc=1.862066e+01
 step=  1200  E=1.081769169940e+03  Q=1.884000000000e+03  λ=1.177871e+00  maxρ=1.108229e+00  minρ=1.000e-15  σ=2.560841e+00  Rc=1.862066e+01
 step=  1500  E=1.104611666534e+03  Q=1.884000000000e+03  λ=1.294477e+00  maxρ=1.113007e+00  minρ=1.000e-15  σ=2.560843e+00  Rc=1.862065e+01
 step=  1800  E=1.116340900076e+03  Q=1.884000000000e+03  λ=1.280747e+00  maxρ=1.116567e+00  minρ=1.000e-15  σ=2.560840e+00  Rc=1.862065e+01
 step=  2100  E=1.109546725307e+03  Q=1.884000000000e+03  λ=1.179523e+00  maxρ=1.110880e+00  minρ=1.000e-15  σ=2.560837e+00  Rc=1.862065e+01
 step=  2400  E=1.097489565833e+03  Q=1.884000000000e+03  λ=1.132461e+00  maxρ=1.099167e+00  minρ=1.000e-15  σ=2.560837e+00  Rc=1.862065e+01
 step=  2700  E=1.094474544051e+03  Q=1.884000000000e+03  λ=1.187053e+00  maxρ=1.104944e+00  minρ=1.000e-15  σ=2.560841e+00  Rc=1.862065e+01
 step=  3000  E=1.100288486552e+03  Q=1.884000000000e+03  λ=1.253131e+00  maxρ=1.118816e+00  minρ=1.000e-15  σ=2.560841e+00  Rc=1.862065e+01
 step=  3300  E=1.104742318417e+03  Q=1.884000000000e+03  λ=1.241074e+00  maxρ=1.121679e+00  minρ=1.000e-15  σ=2.560838e+00  Rc=1.862065e+01
 step=  3600  E=1.102118276097e+03  Q=1.884000000000e+03  λ=1.176466e+00  maxρ=1.113705e+00  minρ=1.000e-15  σ=2.560834e+00  Rc=1.862065e+01
 step=  3900  E=1.096532353056e+03  Q=1.884000000000e+03  λ=1.147409e+00  maxρ=1.113705e+00  minρ=1.000e-15  σ=2.560834e+00  Rc=1.862065e+01
 step=  4200  E=1.094418640767e+03  Q=1.884000000000e+03  λ=1.179888e+00  maxρ=1.109828e+00  minρ=1.000e-15  σ=2.560838e+00  Rc=1.862064e+01
 step=  4500  E=1.096365404550e+03  Q=1.884000000000e+03  λ=1.215385e+00  maxρ=1.107179e+00  minρ=1.000e-15  σ=2.560839e+00  Rc=1.862064e+01
 step=  4800  E=1.098154095863e+03  Q=1.884000000000e+03  λ=1.203021e+00  maxρ=1.112301e+00  minρ=1.000e-15  σ=2.560836e+00  Rc=1.862064e+01
 step=  5100  E=1.097216311269e+03  Q=1.884000000000e+03  λ=1.165409e+00  maxρ=1.113241e+00  minρ=1.000e-15  σ=2.560831e+00  Rc=1.862064e+01
 step=  5400  E=1.095143150426e+03  Q=1.884000000000e+03  λ=1.155284e+00  maxρ=1.111921e+00  minρ=1.000e-15  σ=2.560830e+00  Rc=1.862064e+01
 step=  5700  E=1.094307115862e+03  Q=1.884000000000e+03  λ=1.179271e+00  maxρ=1.108115e+00  minρ=1.000e-15  σ=2.560832e+00  Rc=1.862063e+01
 step=  6000  E=1.094598425052e+03  Q=1.884000000000e+03  λ=1.196702e+00  maxρ=1.104880e+00  minρ=1.000e-15  σ=2.560834e+00  Rc=1.862063e+01
 >>> No runaway detected in this horizon. Likely stable (within this model & box).

STABILITY: PASS
