
=== Aggressive relaxation to Q = 686 ===
Initial: E=1.026735426808e+03, Q=6.860000000000e+02, dt=1.000e-04
 step=     1  E=1.026711058800e+03  Q=6.860000000000e+02  λ=2.926422e+00  dt=1.000e-04  relΔE=2.373e-05  ||F||=5.963e-01
 step=   500  E=9.968628029487e+02  Q=6.860000000000e+02  λ=2.832413e+00  dt=6.192e-04  relΔE=1.129e-04  ||F||=5.640e-01
 step=  1000  E=9.128979876336e+02  Q=6.860000000000e+02  λ=2.573707e+00  dt=9.584e-04  relΔE=1.419e-04  ||F||=4.865e-01
 step=  1500  E=8.444212412965e+02  Q=6.860000000000e+02  λ=2.367441e+00  dt=7.418e-04  relΔE=9.572e-05  ||F||=4.370e-01
 step=  2000  E=7.930817720751e+02  Q=6.860000000000e+02  λ=2.215180e+00  dt=1.148e-03  relΔE=1.220e-04  ||F||=3.840e-01
 step=  2500  E=7.500716050570e+02  Q=6.860000000000e+02  λ=2.088776e+00  dt=8.887e-04  relΔE=8.185e-05  ||F||=3.477e-01
 step=  3000  E=7.140739539836e+02  Q=6.860000000000e+02  λ=1.983994e+00  dt=1.376e-03  relΔE=1.106e-04  ||F||=3.515e-01
 step=  3500  E=6.850075287524e+02  Q=6.860000000000e+02  λ=1.899815e+00  dt=1.065e-03  relΔE=7.600e-05  ||F||=2.925e-01
 step=  4000  E=6.593663963545e+02  Q=6.860000000000e+02  λ=1.826006e+00  dt=8.241e-04  relΔE=5.241e-05  ||F||=2.709e-01
 step=  4500  E=6.373669526741e+02  Q=6.860000000000e+02  λ=1.763079e+00  dt=1.276e-03  relΔE=7.268e-05  ||F||=2.521e-01
 step=  5000  E=6.185813501737e+02  Q=6.860000000000e+02  λ=1.709517e+00  dt=9.873e-04  relΔE=5.091e-05  ||F||=2.362e-01
 step=  5500  E=6.013778704518e+02  Q=6.860000000000e+02  λ=1.660688e+00  dt=7.641e-04  relΔE=3.625e-05  ||F||=2.234e-01
 step=  6000  E=5.866474229702e+02  Q=6.860000000000e+02  λ=1.619097e+00  dt=1.183e-03  relΔE=5.094e-05  ||F||=2.103e-01
 step=  6500  E=5.731756927063e+02  Q=6.860000000000e+02  λ=1.581170e+00  dt=9.154e-04  relΔE=3.655e-05  ||F||=2.001e-01
 step=  7000  E=5.605735613726e+02  Q=6.860000000000e+02  λ=1.546010e+00  dt=1.417e-03  relΔE=4.952e-05  ||F||=5.648e-01
 step=  7500  E=5.495565779147e+02  Q=6.860000000000e+02  λ=1.515130e+00  dt=1.097e-03  relΔE=3.893e-05  ||F||=1.847e-01
 step=  8000  E=5.388469339306e+02  Q=6.860000000000e+02  λ=1.485349e+00  dt=8.488e-04  relΔE=2.894e-05  ||F||=1.793e-01
 step=  8500  E=5.286952211370e+02  Q=6.860000000000e+02  λ=1.457241e+00  dt=1.314e-03  relΔE=4.353e-05  ||F||=1.751e-01
 step=  9000  E=5.192083383144e+02  Q=6.860000000000e+02  λ=1.430977e+00  dt=1.017e-03  relΔE=3.314e-05  ||F||=1.720e-01
 step=  9500  E=5.096890712497e+02  Q=6.860000000000e+02  λ=1.404607e+00  dt=7.871e-04  relΔE=2.552e-05  ||F||=1.701e-01
 step= 10000  E=5.006099621315e+02  Q=6.860000000000e+02  λ=1.379395e+00  dt=1.218e-03  relΔE=3.924e-05  ||F||=1.680e-01
 step= 10500  E=4.917115115987e+02  Q=6.860000000000e+02  λ=1.354487e+00  dt=9.430e-04  relΔE=3.030e-05  ||F||=1.662e-01
 step= 11000  E=4.826919627368e+02  Q=6.860000000000e+02  λ=1.328993e+00  dt=7.298e-04  relΔE=2.586e-05  ||F||=1.743e-01
 step= 11500  E=4.744275572055e+02  Q=6.860000000000e+02  λ=1.305351e+00  dt=1.130e-03  relΔE=3.540e-05  ||F||=1.613e-01
 step= 12000  E=4.662204589344e+02  Q=6.860000000000e+02  λ=1.281498e+00  dt=8.744e-04  relΔE=2.647e-05  ||F||=1.571e-01
 step= 12500  E=4.584667957311e+02  Q=6.860000000000e+02  λ=1.258609e+00  dt=1.353e-03  relΔE=3.867e-05  ||F||=1.528e-01
 step= 13000  E=4.515799364101e+02  Q=6.860000000000e+02  λ=1.237885e+00  dt=1.048e-03  relΔE=2.759e-05  ||F||=1.442e-01
 step= 13500  E=4.452304124616e+02  Q=6.860000000000e+02  λ=1.218425e+00  dt=8.108e-04  relΔE=1.908e-05  ||F||=1.354e-01
 step= 14000  E=4.397728739004e+02  Q=6.860000000000e+02  λ=1.201394e+00  dt=1.255e-03  relΔE=2.550e-05  ||F||=1.250e-01
 step= 14500  E=4.352474626441e+02  Q=6.860000000000e+02  λ=1.186972e+00  dt=9.713e-04  relΔE=1.659e-05  ||F||=1.140e-01
 step= 15000  E=4.313971849326e+02  Q=6.860000000000e+02  λ=1.174446e+00  dt=7.518e-04  relΔE=1.070e-05  ||F||=1.037e-01
 step= 15500  E=4.284774166643e+02  Q=6.860000000000e+02  λ=1.164745e+00  dt=1.164e-03  relΔE=1.278e-05  ||F||=9.072e-02
 step= 16000  E=4.261477620030e+02  Q=6.860000000000e+02  λ=1.156809e+00  dt=9.007e-04  relΔE=7.623e-06  ||F||=7.943e-02
 step= 16500  E=4.243518143093e+02  Q=6.860000000000e+02  λ=1.150534e+00  dt=1.394e-03  relΔE=8.774e-06  ||F||=9.916e-02
 step= 17000  E=4.230751094985e+02  Q=6.860000000000e+02  λ=1.145927e+00  dt=1.079e-03  relΔE=5.110e-06  ||F||=5.919e-02
 step= 17500  E=4.221040545289e+02  Q=6.860000000000e+02  λ=1.142304e+00  dt=8.352e-04  relΔE=2.877e-06  ||F||=5.043e-02
 step= 18000  E=4.214290164320e+02  Q=6.860000000000e+02  λ=1.139688e+00  dt=1.077e-03  relΔE=2.700e-06  ||F||=4.298e-02
 step= 18500  E=4.209226257046e+02  Q=6.860000000000e+02  λ=1.137633e+00  dt=8.338e-04  relΔE=1.486e-06  ||F||=3.622e-02
 step= 19000  E=4.205655842736e+02  Q=6.860000000000e+02  λ=1.136108e+00  dt=1.291e-03  relΔE=1.620e-06  ||F||=3.038e-02
 step= 19500  E=4.203195348173e+02  Q=6.860000000000e+02  λ=1.134990e+00  dt=9.989e-04  relΔE=8.848e-07  ||F||=2.551e-02
 step= 20000  E=4.201454805640e+02  Q=6.860000000000e+02  λ=1.134144e+00  dt=1.289e-03  relΔE=7.999e-07  ||F||=2.135e-02
 step= 20500  E=4.200245614999e+02  Q=6.860000000000e+02  λ=1.133507e+00  dt=9.973e-04  relΔE=4.335e-07  ||F||=1.786e-02
 step= 21000  E=4.199372582571e+02  Q=6.860000000000e+02  λ=1.133005e+00  dt=7.719e-04  relΔE=2.330e-07  ||F||=1.488e-02
 step= 21500  E=4.198788109773e+02  Q=6.860000000000e+02  λ=1.132634e+00  dt=1.195e-03  relΔE=2.494e-07  ||F||=1.236e-02
 step= 22000  E=4.198377615743e+02  Q=6.860000000000e+02  λ=1.132344e+00  dt=9.248e-04  relΔE=1.340e-07  ||F||=1.030e-02
 step= 22500  E=4.198085118966e+02  Q=6.860000000000e+02  λ=1.132111e+00  dt=1.431e-03  relΔE=6.789e-08  ||F||=6.627e-02
 step= 23000  E=4.197892688615e+02  Q=6.860000000000e+02  λ=1.131935e+00  dt=1.108e-03  relΔE=7.761e-08  ||F||=7.152e-03
 step= 23500  E=4.197753015952e+02  Q=6.860000000000e+02  λ=1.131790e+00  dt=8.575e-04  relΔE=4.186e-08  ||F||=5.965e-03
 step= 24000  E=4.197655552059e+02  Q=6.860000000000e+02  λ=1.131673e+00  dt=1.327e-03  relΔE=4.533e-08  ||F||=4.991e-03
 step= 24500  E=4.197588662358e+02  Q=6.860000000000e+02  λ=1.131580e+00  dt=1.027e-03  relΔE=2.493e-08  ||F||=4.198e-03
 step= 25000  E=4.197539636250e+02  Q=6.860000000000e+02  λ=1.131500e+00  dt=7.951e-04  relΔE=1.372e-08  ||F||=3.535e-03
 step= 25500  E=4.197505333001e+02  Q=6.860000000000e+02  λ=1.131436e+00  dt=1.231e-03  relΔE=1.521e-08  ||F||=2.988e-03
 step= 26000  E=4.197480678018e+02  Q=6.860000000000e+02  λ=1.131382e+00  dt=9.526e-04  relΔE=8.564e-09  ||F||=2.544e-03
 step= 26500  E=4.197462043218e+02  Q=6.860000000000e+02  λ=1.131334e+00  dt=7.373e-04  relΔE=5.193e-09  ||F||=2.253e-03
 step= 27000  E=4.197449057858e+02  Q=6.860000000000e+02  λ=1.131296e+00  dt=1.141e-03  relΔE=5.572e-09  ||F||=1.867e-03
 step= 27500  E=4.197439010375e+02  Q=6.860000000000e+02  λ=1.131263e+00  dt=8.833e-04  relΔE=3.233e-09  ||F||=1.612e-03
 step= 28000  E=4.197431376725e+02  Q=6.860000000000e+02  λ=1.131233e+00  dt=1.367e-03  relΔE=3.786e-09  ||F||=1.456e-03
 step= 28500  E=4.197425745999e+02  Q=6.860000000000e+02  λ=1.131209e+00  dt=1.058e-03  relΔE=2.269e-09  ||F||=1.227e-03
 step= 29000  E=4.197421240404e+02  Q=6.860000000000e+02  λ=1.131187e+00  dt=8.190e-04  relΔE=1.367e-09  ||F||=1.079e-03
 step= 29500  E=4.197417737825e+02  Q=6.860000000000e+02  λ=1.131168e+00  dt=1.268e-03  relΔE=1.664e-09  ||F||=9.534e-04
 step= 30000  E=4.197415013648e+02  Q=6.860000000000e+02  λ=1.131152e+00  dt=9.812e-04  relΔE=1.029e-09  ||F||=8.494e-04
 step= 30500  E=4.197412749208e+02  Q=6.860000000000e+02  λ=1.131137e+00  dt=7.594e-04  relΔE=6.478e-10  ||F||=7.637e-04
 step= 31000  E=4.197410994591e+02  Q=6.860000000000e+02  λ=1.131125e+00  dt=1.176e-03  relΔE=8.034e-10  ||F||=6.804e-04
 step= 31500  E=4.197409536615e+02  Q=6.860000000000e+02  λ=1.131113e+00  dt=9.098e-04  relΔE=5.082e-10  ||F||=6.126e-04
 step= 32000  E=4.197408315429e+02  Q=6.860000000000e+02  λ=1.131103e+00  dt=1.408e-03  relΔE=6.205e-10  ||F||=1.347e-03
 step= 32500  E=4.197407358935e+02  Q=6.860000000000e+02  λ=1.131094e+00  dt=1.090e-03  relΔE=4.146e-10  ||F||=5.011e-04
 step= 33000  E=4.197406534486e+02  Q=6.860000000000e+02  λ=1.131086e+00  dt=8.436e-04  relΔE=2.665e-10  ||F||=4.546e-04
 step= 33500  E=4.197405848764e+02  Q=6.860000000000e+02  λ=1.131079e+00  dt=1.306e-03  relΔE=3.439e-10  ||F||=4.130e-04
 step= 34000  E=4.197405288820e+02  Q=6.860000000000e+02  λ=1.131073e+00  dt=1.011e-03  relΔE=2.237e-10  ||F||=3.766e-04
 step= 34500  E=4.197404802846e+02  Q=6.860000000000e+02  λ=1.131067e+00  dt=7.823e-04  relΔE=1.460e-10  ||F||=3.441e-04
 step= 35000  E=4.197404404411e+02  Q=6.860000000000e+02  λ=1.131062e+00  dt=1.211e-03  relΔE=1.897e-10  ||F||=3.132e-04
 step= 35500  E=4.197404066762e+02  Q=6.860000000000e+02  λ=1.131057e+00  dt=9.372e-04  relΔE=1.242e-10  ||F||=2.863e-04
 step= 36000  E=4.197403771575e+02  Q=6.860000000000e+02  λ=1.131053e+00  dt=7.254e-04  relΔE=9.441e-11  ||F||=3.079e-04
 step= 36500  E=4.197403535102e+02  Q=6.860000000000e+02  λ=1.131049e+00  dt=1.123e-03  relΔE=1.070e-10  ||F||=2.393e-04
 step= 37000  E=4.197403326347e+02  Q=6.860000000000e+02  λ=1.131045e+00  dt=8.690e-04  relΔE=7.034e-11  ||F||=2.189e-04
 step= 37500  E=4.197403148410e+02  Q=6.860000000000e+02  λ=1.131042e+00  dt=1.345e-03  relΔE=9.253e-11  ||F||=2.014e-04
 step= 38000  E=4.197403001004e+02  Q=6.860000000000e+02  λ=1.131039e+00  dt=1.041e-03  relΔE=6.128e-11  ||F||=1.835e-04
 step= 38500  E=4.197402871293e+02  Q=6.860000000000e+02  λ=1.131037e+00  dt=8.058e-04  relΔE=4.059e-11  ||F||=1.682e-04
 step= 39000  E=4.197402761715e+02  Q=6.860000000000e+02  λ=1.131035e+00  dt=1.247e-03  relΔE=5.363e-11  ||F||=1.538e-04
 step= 39500  E=4.197402669018e+02  Q=6.860000000000e+02  λ=1.131032e+00  dt=9.654e-04  relΔE=3.567e-11  ||F||=1.410e-04
 step= 40000  E=4.197402586302e+02  Q=6.860000000000e+02  λ=1.131030e+00  dt=7.472e-04  relΔE=2.424e-11  ||F||=1.313e-04
 step= 40500  E=4.197402518597e+02  Q=6.860000000000e+02  λ=1.131029e+00  dt=1.157e-03  relΔE=3.156e-11  ||F||=1.183e-04
 step= 41000  E=4.197402458604e+02  Q=6.860000000000e+02  λ=1.131027e+00  dt=8.952e-04  relΔE=2.104e-11  ||F||=1.084e-04
 step= 41500  E=4.197402406185e+02  Q=6.860000000000e+02  λ=1.131026e+00  dt=1.386e-03  relΔE=2.796e-11  ||F||=1.243e-04
 step= 42000  E=4.197402363645e+02  Q=6.860000000000e+02  λ=1.131024e+00  dt=8.937e-04  relΔE=1.575e-11  ||F||=9.126e-05
 step= 42500  E=4.197402324350e+02  Q=6.860000000000e+02  λ=1.131023e+00  dt=1.383e-03  relΔE=2.100e-11  ||F||=1.066e-04
 step= 43000  E=4.197402291651e+02  Q=6.860000000000e+02  λ=1.131022e+00  dt=1.071e-03  relΔE=1.419e-11  ||F||=7.665e-05
 step= 43500  E=4.197402262219e+02  Q=6.860000000000e+02  λ=1.131021e+00  dt=8.287e-04  relΔE=9.553e-12  ||F||=7.028e-05
 step= 44000  E=4.197402236777e+02  Q=6.860000000000e+02  λ=1.131020e+00  dt=1.283e-03  relΔE=1.286e-11  ||F||=6.431e-05
 step= 44500  E=4.197402215022e+02  Q=6.860000000000e+02  λ=1.131019e+00  dt=9.928e-04  relΔE=8.703e-12  ||F||=5.901e-05
 step= 45000  E=4.197402195290e+02  Q=6.860000000000e+02  λ=1.131018e+00  dt=7.684e-04  relΔE=5.956e-12  ||F||=5.473e-05
 step= 45500  E=4.197402178658e+02  Q=6.860000000000e+02  λ=1.131018e+00  dt=1.189e-03  relΔE=7.982e-12  ||F||=4.954e-05
 step= 46000  E=4.197402163874e+02  Q=6.860000000000e+02  λ=1.131017e+00  dt=9.206e-04  relΔE=5.425e-12  ||F||=4.542e-05
 step= 46500  E=4.197402150504e+02  Q=6.860000000000e+02  λ=1.131016e+00  dt=1.425e-03  relΔE=5.917e-12  ||F||=2.960e-04
 step= 47000  E=4.197402139384e+02  Q=6.860000000000e+02  λ=1.131016e+00  dt=1.103e-03  relΔE=5.038e-12  ||F||=3.815e-05
 step= 47500  E=4.197402129169e+02  Q=6.860000000000e+02  λ=1.131015e+00  dt=8.536e-04  relΔE=3.441e-12  ||F||=3.497e-05
 step= 48000  E=4.197402120170e+02  Q=6.860000000000e+02  λ=1.131015e+00  dt=1.321e-03  relΔE=4.703e-12  ||F||=3.205e-05
 step= 48500  E=4.197402112395e+02  Q=6.860000000000e+02  λ=1.131015e+00  dt=1.023e-03  relΔE=3.232e-12  ||F||=2.937e-05
 step= 49000  E=4.197402105284e+02  Q=6.860000000000e+02  λ=1.131014e+00  dt=7.915e-04  relΔE=2.224e-12  ||F||=2.699e-05
 step= 49500  E=4.197402099086e+02  Q=6.860000000000e+02  λ=1.131014e+00  dt=1.225e-03  relΔE=3.053e-12  ||F||=2.465e-05
 step= 50000  E=4.197402093591e+02  Q=6.860000000000e+02  λ=1.131014e+00  dt=9.483e-04  relΔE=2.108e-12  ||F||=2.261e-05
 step= 50500  E=4.197402088508e+02  Q=6.860000000000e+02  λ=1.131013e+00  dt=7.339e-04  relΔE=1.555e-12  ||F||=2.316e-05
 step= 51000  E=4.197402084215e+02  Q=6.860000000000e+02  λ=1.131013e+00  dt=1.136e-03  relΔE=2.013e-12  ||F||=1.899e-05
 step= 51500  E=4.197402080235e+02  Q=6.860000000000e+02  λ=1.131013e+00  dt=8.793e-04  relΔE=1.394e-12  ||F||=1.741e-05
 step= 52000  E=4.197402076648e+02  Q=6.860000000000e+02  λ=1.131013e+00  dt=1.361e-03  relΔE=1.930e-12  ||F||=1.756e-05
 step= 52500  E=4.197402073545e+02  Q=6.860000000000e+02  λ=1.131012e+00  dt=1.053e-03  relΔE=1.344e-12  ||F||=1.462e-05
 step= 53000  E=4.197402070664e+02  Q=6.860000000000e+02  λ=1.131012e+00  dt=8.153e-04  relΔE=9.359e-13  ||F||=1.344e-05
 step= 53500  E=4.197402068097e+02  Q=6.860000000000e+02  λ=1.131012e+00  dt=1.262e-03  relΔE=1.300e-12  ||F||=1.227e-05
 step= 54000  E=4.197402065822e+02  Q=6.860000000000e+02  λ=1.131012e+00  dt=9.768e-04  relΔE=9.087e-13  ||F||=1.126e-05
 step= 54500  E=4.197402063693e+02  Q=6.860000000000e+02  λ=1.131012e+00  dt=7.560e-04  relΔE=6.433e-13  ||F||=1.078e-05
 step= 55000  E=4.197402061852e+02  Q=6.860000000000e+02  λ=1.131012e+00  dt=1.170e-03  relΔE=8.866e-13  ||F||=9.451e-06
 step= 55500  E=4.197402060151e+02  Q=6.860000000000e+02  λ=1.131011e+00  dt=9.057e-04  relΔE=6.204e-13  ||F||=8.666e-06
 step= 56000  E=4.197402058580e+02  Q=6.860000000000e+02  λ=1.131011e+00  dt=1.402e-03  relΔE=8.463e-13  ||F||=3.739e-05
 step= 56500  E=4.197402057229e+02  Q=6.860000000000e+02  λ=1.131011e+00  dt=1.085e-03  relΔE=6.093e-13  ||F||=7.277e-06
 step= 57000  E=4.197402055957e+02  Q=6.860000000000e+02  λ=1.131011e+00  dt=8.398e-04  relΔE=4.278e-13  ||F||=6.692e-06
 step= 57500  E=4.197402054808e+02  Q=6.860000000000e+02  λ=1.131011e+00  dt=1.300e-03  relΔE=5.995e-13  ||F||=6.112e-06
 step= 58000  E=4.197402053788e+02  Q=6.860000000000e+02  λ=1.131011e+00  dt=1.006e-03  relΔE=4.224e-13  ||F||=5.603e-06
 step= 58500  E=4.197402052829e+02  Q=6.860000000000e+02  λ=1.131011e+00  dt=7.787e-04  relΔE=2.981e-13  ||F||=5.301e-06
 step= 59000  E=4.197402051983e+02  Q=6.860000000000e+02  λ=1.131011e+00  dt=1.205e-03  relΔE=4.177e-13  ||F||=4.703e-06
 step= 59500  E=4.197402051209e+02  Q=6.860000000000e+02  λ=1.131011e+00  dt=9.330e-04  relΔE=2.941e-13  ||F||=4.314e-06
 step= 60000  E=4.197402050480e+02  Q=6.860000000000e+02  λ=1.131011e+00  dt=7.221e-04  relΔE=3.265e-13  ||F||=4.946e-05
 step= 60500  E=4.197402049854e+02  Q=6.860000000000e+02  λ=1.131011e+00  dt=1.118e-03  relΔE=2.920e-13  ||F||=3.622e-06
 step= 61000  E=4.197402049268e+02  Q=6.860000000000e+02  λ=1.131011e+00  dt=7.209e-04  relΔE=1.709e-13  ||F||=3.357e-06
 step= 61500  E=4.197402048744e+02  Q=6.860000000000e+02  λ=1.131011e+00  dt=1.116e-03  relΔE=2.425e-13  ||F||=3.050e-06
 step= 62000  E=4.197402048249e+02  Q=6.860000000000e+02  λ=1.131010e+00  dt=8.637e-04  relΔE=1.712e-13  ||F||=2.812e-06
 step= 62500  E=4.197402047798e+02  Q=6.860000000000e+02  λ=1.131010e+00  dt=1.337e-03  relΔE=2.417e-13  ||F||=2.729e-06
 step= 63000  E=4.197402047410e+02  Q=6.860000000000e+02  λ=1.131010e+00  dt=8.623e-04  relΔE=1.425e-13  ||F||=2.354e-06
 step= 63500  E=4.197402047030e+02  Q=6.860000000000e+02  λ=1.131010e+00  dt=1.335e-03  relΔE=2.014e-13  ||F||=2.244e-06
 step= 64000  E=4.197402046696e+02  Q=6.860000000000e+02  λ=1.131010e+00  dt=1.033e-03  relΔE=1.422e-13  ||F||=1.976e-06
 step= 64500  E=4.197402046380e+02  Q=6.860000000000e+02  λ=1.131010e+00  dt=7.996e-04  relΔE=1.012e-13  ||F||=1.898e-06
 step= 65000  E=4.197402046097e+02  Q=6.860000000000e+02  λ=1.131010e+00  dt=1.238e-03  relΔE=1.422e-13  ||F||=1.658e-06
 step= 65500  E=4.197402045841e+02  Q=6.860000000000e+02  λ=1.131010e+00  dt=9.579e-04  relΔE=1.010e-13  ||F||=1.522e-06
 step= 66000  E=4.197402045597e+02  Q=6.860000000000e+02  λ=1.131010e+00  dt=7.414e-04  relΔE=7.475e-14  ||F||=2.433e-06
 step= 66500  E=4.197402045385e+02  Q=6.860000000000e+02  λ=1.131010e+00  dt=1.148e-03  relΔE=1.010e-13  ||F||=1.278e-06
 step= 67000  E=4.197402045186e+02  Q=6.860000000000e+02  λ=1.131010e+00  dt=8.882e-04  relΔE=7.150e-14  ||F||=1.181e-06
 step= 67500  E=4.197402045002e+02  Q=6.860000000000e+02  λ=1.131010e+00  dt=1.375e-03  relΔE=1.013e-13  ||F||=3.049e-06
 step= 68000  E=4.197402044839e+02  Q=6.860000000000e+02  λ=1.131010e+00  dt=1.064e-03  relΔE=7.137e-14  ||F||=9.836e-07
 step= 68500  E=4.197402044686e+02  Q=6.860000000000e+02  λ=1.131010e+00  dt=8.236e-04  relΔE=5.065e-14  ||F||=9.492e-07
 step= 69000  E=4.197402044547e+02  Q=6.860000000000e+02  λ=1.131010e+00  dt=1.275e-03  relΔE=7.191e-14  ||F||=8.269e-07
 step= 69500  E=4.197402044421e+02  Q=6.860000000000e+02  λ=1.131010e+00  dt=9.867e-04  relΔE=5.092e-14  ||F||=7.578e-07
 step= 70000  E=4.197402044303e+02  Q=6.860000000000e+02  λ=1.131010e+00  dt=7.637e-04  relΔE=3.656e-14  ||F||=9.428e-07
 step= 70500  E=4.197402044198e+02  Q=6.860000000000e+02  λ=1.131010e+00  dt=1.182e-03  relΔE=5.106e-14  ||F||=6.358e-07
 step= 71000  E=4.197402044100e+02  Q=6.860000000000e+02  λ=1.131010e+00  dt=9.149e-04  relΔE=3.629e-14  ||F||=5.860e-07
 step= 71500  E=4.197402044009e+02  Q=6.860000000000e+02  λ=1.131010e+00  dt=1.416e-03  relΔE=4.645e-14  ||F||=1.725e-05
 step= 72000  E=4.197402043929e+02  Q=6.860000000000e+02  λ=1.131010e+00  dt=1.096e-03  relΔE=3.629e-14  ||F||=4.896e-07
 step= 72500  E=4.197402043854e+02  Q=6.860000000000e+02  λ=1.131010e+00  dt=8.484e-04  relΔE=2.560e-14  ||F||=4.721e-07
 step= 73000  E=4.197402043785e+02  Q=6.860000000000e+02  λ=1.131010e+00  dt=1.313e-03  relΔE=3.629e-14  ||F||=4.316e-07
 step= 73500  E=4.197402043723e+02  Q=6.860000000000e+02  λ=1.131010e+00  dt=1.016e-03  relΔE=2.600e-14  ||F||=3.773e-07
 step= 74000  E=4.197402043665e+02  Q=6.860000000000e+02  λ=1.131010e+00  dt=7.867e-04  relΔE=1.842e-14  ||F||=4.929e-07
 step= 74500  E=4.197402043613e+02  Q=6.860000000000e+02  λ=1.131010e+00  dt=1.218e-03  relΔE=2.600e-14  ||F||=3.164e-07
 step= 75000  E=4.197402043565e+02  Q=6.860000000000e+02  λ=1.131010e+00  dt=9.425e-04  relΔE=1.855e-14  ||F||=2.918e-07
 step= 75500  E=4.197402043519e+02  Q=6.860000000000e+02  λ=1.131010e+00  dt=7.294e-04  relΔE=1.503e-14  ||F||=1.434e-06
 step= 76000  E=4.197402043480e+02  Q=6.860000000000e+02  λ=1.131010e+00  dt=1.129e-03  relΔE=1.869e-14  ||F||=2.438e-07
 step= 76500  E=4.197402043443e+02  Q=6.860000000000e+02  λ=1.131010e+00  dt=8.739e-04  relΔE=1.259e-14  ||F||=2.373e-07
 step= 77000  E=4.197402043408e+02  Q=6.860000000000e+02  λ=1.131010e+00  dt=1.353e-03  relΔE=1.855e-14  ||F||=5.514e-07
 step= 77500  E=4.197402043378e+02  Q=6.860000000000e+02  λ=1.131010e+00  dt=1.047e-03  relΔE=1.300e-14  ||F||=1.880e-07
 step= 78000  E=4.197402043349e+02  Q=6.860000000000e+02  λ=1.131010e+00  dt=8.103e-04  relΔE=9.344e-15  ||F||=2.319e-07
 step= 78500  E=4.197402043323e+02  Q=6.860000000000e+02  λ=1.131010e+00  dt=1.254e-03  relΔE=1.300e-14  ||F||=1.579e-07
 step= 79000  E=4.197402043299e+02  Q=6.860000000000e+02  λ=1.131010e+00  dt=9.708e-04  relΔE=8.938e-15  ||F||=1.458e-07
 step= 79500  E=4.197402043277e+02  Q=6.860000000000e+02  λ=1.131010e+00  dt=7.514e-04  relΔE=7.178e-15  ||F||=4.529e-07
 step= 80000  E=4.197402043257e+02  Q=6.860000000000e+02  λ=1.131010e+00  dt=1.163e-03  relΔE=9.615e-15  ||F||=1.214e-07
 step= 80500  E=4.197402043239e+02  Q=6.860000000000e+02  λ=1.131010e+00  dt=9.002e-04  relΔE=6.636e-15  ||F||=1.179e-07
 step= 81000  E=4.197402043221e+02  Q=6.860000000000e+02  λ=1.131010e+00  dt=1.393e-03  relΔE=9.615e-15  ||F||=2.153e-06
 step= 81500  E=4.197402043206e+02  Q=6.860000000000e+02  λ=1.131010e+00  dt=1.078e-03  relΔE=6.636e-15  ||F||=9.359e-08
 step= 82000  E=4.197402043192e+02  Q=6.860000000000e+02  λ=1.131010e+00  dt=8.347e-04  relΔE=5.011e-15  ||F||=1.062e-07
 step= 82500  E=4.197402043179e+02  Q=6.860000000000e+02  λ=1.131010e+00  dt=1.077e-03  relΔE=5.823e-15  ||F||=7.889e-08
 step= 83000  E=4.197402043167e+02  Q=6.860000000000e+02  λ=1.131010e+00  dt=8.333e-04  relΔE=4.198e-15  ||F||=9.863e-08
 step= 83500  E=4.197402043157e+02  Q=6.860000000000e+02  λ=1.131010e+00  dt=1.075e-03  relΔE=5.011e-15  ||F||=6.653e-08
 step= 84000  E=4.197402043147e+02  Q=6.860000000000e+02  λ=1.131010e+00  dt=8.320e-04  relΔE=3.250e-15  ||F||=9.005e-08
 step= 84500  E=4.197402043138e+02  Q=6.860000000000e+02  λ=1.131010e+00  dt=1.073e-03  relΔE=4.063e-15  ||F||=5.597e-08
 step= 85000  E=4.197402043129e+02  Q=6.860000000000e+02  λ=1.131010e+00  dt=8.306e-04  relΔE=2.979e-15  ||F||=8.106e-08
 Converged (aggressive): step=85241, E=4.197402043126e+02, Q=6.860000000000e+02, dt=8.612e-04, ||F||=4.997e-08

Stationary candidate (aggressive): E=4.197402043126e+02, Q=6.860000000000e+02, maxρ=6.832824e-01

=== Stability test (damped inertial dynamics) ===
Perturb eps=0.02, gamma=1
t=0: E=4.531696746232e+02, Q=6.860000000000e+02, maxρ=7.049220e-01, σ=2.585587e+00, Rc=1.862636e+01
 step=     1  E=4.531695067560e+02  Q=6.860000000000e+02  λ=1.516831e+00  maxρ=7.049219e-01  minρ=1.000e-15  σ=2.585587e+00  Rc=1.862636e+01
 step=   300  E=4.462861782988e+02  Q=6.860000000000e+02  λ=1.414138e+00  maxρ=7.037262e-01  minρ=1.000e-15  σ=2.585584e+00  Rc=1.862636e+01
 step=   600  E=4.324382701080e+02  Q=6.860000000000e+02  λ=1.228119e+00  maxρ=7.003550e-01  minρ=1.000e-15  σ=2.585578e+00  Rc=1.862637e+01
 step=   900  E=4.243211925844e+02  Q=6.860000000000e+02  λ=1.168682e+00  maxρ=6.953689e-01  minρ=1.000e-15  σ=2.585577e+00  Rc=1.862637e+01
 step=  1200  E=4.273872570244e+02  Q=6.860000000000e+02  λ=1.275760e+00  maxρ=6.930535e-01  minρ=1.000e-15  σ=2.585580e+00  Rc=1.862636e+01
 step=  1500  E=4.356804782525e+02  Q=6.860000000000e+02  λ=1.392157e+00  maxρ=6.972327e-01  minρ=1.000e-15  σ=2.585581e+00  Rc=1.862636e+01
 step=  1800  E=4.399301927118e+02  Q=6.860000000000e+02  λ=1.378454e+00  maxρ=6.994650e-01  minρ=1.000e-15  σ=2.585579e+00  Rc=1.862636e+01
 step=  2100  E=4.374525440594e+02  Q=6.860000000000e+02  λ=1.277362e+00  maxρ=6.959051e-01  minρ=1.000e-15  σ=2.585575e+00  Rc=1.862636e+01
 step=  2400  E=4.330758645931e+02  Q=6.860000000000e+02  λ=1.230303e+00  maxρ=6.890736e-01  minρ=1.000e-15  σ=2.585576e+00  Rc=1.862636e+01
 step=  2700  E=4.319987258050e+02  Q=6.860000000000e+02  λ=1.284800e+00  maxρ=6.910113e-01  minρ=1.000e-15  σ=2.585579e+00  Rc=1.862636e+01
 step=  3000  E=4.341303381201e+02  Q=6.860000000000e+02  λ=1.350906e+00  maxρ=6.996894e-01  minρ=1.000e-15  σ=2.585579e+00  Rc=1.862635e+01
 step=  3300  E=4.357511736497e+02  Q=6.860000000000e+02  λ=1.339029e+00  maxρ=7.014841e-01  minρ=1.000e-15  σ=2.585575e+00  Rc=1.862636e+01
 step=  3600  E=4.347802246655e+02  Q=6.860000000000e+02  λ=1.274507e+00  maxρ=6.982205e-01  minρ=1.000e-15  σ=2.585571e+00  Rc=1.862636e+01
 step=  3900  E=4.327296344806e+02  Q=6.860000000000e+02  λ=1.245281e+00  maxρ=6.982261e-01  minρ=1.000e-15  σ=2.585571e+00  Rc=1.862635e+01
 step=  4200  E=4.319584797138e+02  Q=6.860000000000e+02  λ=1.277532e+00  maxρ=6.958021e-01  minρ=1.000e-15  σ=2.585575e+00  Rc=1.862635e+01
 step=  4500  E=4.326838156010e+02  Q=6.860000000000e+02  λ=1.313065e+00  maxρ=6.939433e-01  minρ=1.000e-15  σ=2.585576e+00  Rc=1.862635e+01
 step=  4800  E=4.333536601839e+02  Q=6.860000000000e+02  λ=1.300995e+00  maxρ=6.967943e-01  minρ=1.000e-15  σ=2.585572e+00  Rc=1.862635e+01
 step=  5100  E=4.330133493010e+02  Q=6.860000000000e+02  λ=1.263574e+00  maxρ=6.977573e-01  minρ=1.000e-15  σ=2.585567e+00  Rc=1.862635e+01
 step=  5400  E=4.322406228823e+02  Q=6.860000000000e+02  λ=1.253281e+00  maxρ=6.969405e-01  minρ=1.000e-15  σ=2.585565e+00  Rc=1.862634e+01
 step=  5700  E=4.319184565450e+02  Q=6.860000000000e+02  λ=1.276940e+00  maxρ=6.945667e-01  minρ=1.000e-15  σ=2.585567e+00  Rc=1.862634e+01
 step=  6000  E=4.320261640167e+02  Q=6.860000000000e+02  λ=1.294290e+00  maxρ=6.924010e-01  minρ=1.000e-15  σ=2.585568e+00  Rc=1.862634e+01
 >>> No runaway detected in this horizon. Likely stable (within this model & box).

STABILITY: PASS
