
=== Aggressive relaxation to Q = 134 ===
Initial: E=2.106357234806e+02, Q=1.340000000000e+02, dt=1.000e-04
 step=     1  E=2.106311716399e+02  Q=1.340000000000e+02  λ=3.054951e+00  dt=1.000e-04  relΔE=2.161e-05  ||F||=5.831e-01
 step=   500  E=2.049795677395e+02  Q=1.340000000000e+02  λ=2.972523e+00  dt=6.192e-04  relΔE=1.051e-04  ||F||=5.586e-01
 step=  1000  E=1.884899043865e+02  Q=1.340000000000e+02  λ=2.732084e+00  dt=9.584e-04  relΔE=1.380e-04  ||F||=4.931e-01
 step=  1500  E=1.745393748999e+02  Q=1.340000000000e+02  λ=2.529145e+00  dt=7.418e-04  relΔE=9.618e-05  ||F||=4.506e-01
 step=  2000  E=1.638289742430e+02  Q=1.340000000000e+02  λ=2.373835e+00  dt=1.148e-03  relΔE=1.243e-04  ||F||=3.986e-01
 step=  2500  E=1.547216387909e+02  Q=1.340000000000e+02  λ=2.241853e+00  dt=8.887e-04  relΔE=8.454e-05  ||F||=3.631e-01
 step=  3000  E=1.470181403046e+02  Q=1.340000000000e+02  λ=2.130547e+00  dt=1.376e-03  relΔE=1.153e-04  ||F||=3.774e-01
 step=  3500  E=1.407563603678e+02  Q=1.340000000000e+02  λ=2.040044e+00  dt=1.065e-03  relΔE=7.991e-05  ||F||=3.076e-01
 step=  4000  E=1.352056235896e+02  Q=1.340000000000e+02  λ=1.959953e+00  dt=8.241e-04  relΔE=5.545e-05  ||F||=2.855e-01
 step=  4500  E=1.304266812810e+02  Q=1.340000000000e+02  λ=1.891167e+00  dt=1.276e-03  relΔE=7.731e-05  ||F||=2.661e-01
 step=  5000  E=1.263299405049e+02  Q=1.340000000000e+02  λ=1.832193e+00  dt=9.873e-04  relΔE=5.449e-05  ||F||=2.499e-01
 step=  5500  E=1.225581484462e+02  Q=1.340000000000e+02  λ=1.777978e+00  dt=7.641e-04  relΔE=3.925e-05  ||F||=2.375e-01
 step=  6000  E=1.193043063432e+02  Q=1.340000000000e+02  λ=1.731322e+00  dt=1.183e-03  relΔE=5.574e-05  ||F||=2.244e-01
 step=  6500  E=1.162806590019e+02  Q=1.340000000000e+02  λ=1.687977e+00  dt=9.154e-04  relΔE=4.073e-05  ||F||=2.152e-01
 step=  7000  E=1.134051618570e+02  Q=1.340000000000e+02  λ=1.647052e+00  dt=1.417e-03  relΔE=5.537e-05  ||F||=6.840e-01
 step=  7500  E=1.108409032001e+02  Q=1.340000000000e+02  λ=1.610192e+00  dt=1.097e-03  relΔE=4.534e-05  ||F||=2.026e-01
 step=  8000  E=1.083055309557e+02  Q=1.340000000000e+02  λ=1.573928e+00  dt=8.488e-04  relΔE=3.430e-05  ||F||=1.980e-01
 step=  8500  E=1.058823947458e+02  Q=1.340000000000e+02  λ=1.539247e+00  dt=1.314e-03  relΔE=5.185e-05  ||F||=1.936e-01
 step=  9000  E=1.036348300347e+02  Q=1.340000000000e+02  λ=1.506905e+00  dt=1.017e-03  relΔE=3.893e-05  ||F||=1.885e-01
 step=  9500  E=1.014433212872e+02  Q=1.340000000000e+02  λ=1.475169e+00  dt=7.871e-04  relΔE=2.891e-05  ||F||=1.827e-01
 step= 10000  E=9.946219385336e+01  Q=1.340000000000e+02  λ=1.446257e+00  dt=1.218e-03  relΔE=4.160e-05  ||F||=1.744e-01
 step= 10500  E=9.766950501647e+01  Q=1.340000000000e+02  λ=1.419774e+00  dt=9.430e-04  relΔE=2.933e-05  ||F||=1.649e-01
 step= 11000  E=9.603212092079e+01  Q=1.340000000000e+02  λ=1.395280e+00  dt=7.298e-04  relΔE=2.213e-05  ||F||=1.621e-01
 step= 11500  E=9.470378996062e+01  Q=1.340000000000e+02  λ=1.375140e+00  dt=1.130e-03  relΔE=2.668e-05  ||F||=1.415e-01
 step= 12000  E=9.355172587792e+01  Q=1.340000000000e+02  λ=1.357382e+00  dt=8.744e-04  relΔE=1.722e-05  ||F||=1.284e-01
 step= 12500  E=9.261001961421e+01  Q=1.340000000000e+02  λ=1.342638e+00  dt=1.353e-03  relΔE=2.157e-05  ||F||=1.168e-01
 step= 13000  E=9.188515934377e+01  Q=1.340000000000e+02  λ=1.331068e+00  dt=1.048e-03  relΔE=1.330e-05  ||F||=1.022e-01
 step= 13500  E=9.130241003232e+01  Q=1.340000000000e+02  λ=1.321588e+00  dt=8.108e-04  relΔE=7.992e-06  ||F||=8.978e-02
 step= 14000  E=9.086015220146e+01  Q=1.340000000000e+02  λ=1.314250e+00  dt=1.255e-03  relΔE=9.421e-06  ||F||=7.816e-02
 step= 14500  E=9.053187842129e+01  Q=1.340000000000e+02  λ=1.308672e+00  dt=9.713e-04  relΔE=5.509e-06  ||F||=6.781e-02
 step= 15000  E=9.027733009431e+01  Q=1.340000000000e+02  λ=1.304240e+00  dt=7.518e-04  relΔE=3.224e-06  ||F||=5.890e-02
 step= 15500  E=9.009827267114e+01  Q=1.340000000000e+02  λ=1.301040e+00  dt=1.164e-03  relΔE=3.607e-06  ||F||=5.001e-02
 step= 16000  E=8.996348385123e+01  Q=1.340000000000e+02  λ=1.298557e+00  dt=9.007e-04  relΔE=2.037e-06  ||F||=4.269e-02
 step= 16500  E=8.986401287635e+01  Q=1.340000000000e+02  λ=1.296666e+00  dt=1.394e-03  relΔE=2.253e-06  ||F||=5.320e-02
 step= 17000  E=8.979531867119e+01  Q=1.340000000000e+02  λ=1.295312e+00  dt=1.079e-03  relΔE=1.282e-06  ||F||=3.091e-02
 step= 17500  E=8.974389953536e+01  Q=1.340000000000e+02  λ=1.294260e+00  dt=8.352e-04  relΔE=7.136e-07  ||F||=2.620e-02
 step= 18000  E=8.970708627665e+01  Q=1.340000000000e+02  λ=1.293477e+00  dt=1.293e-03  relΔE=7.922e-07  ||F||=2.219e-02
 step= 18500  E=8.968121361392e+01  Q=1.340000000000e+02  λ=1.292904e+00  dt=1.001e-03  relΔE=4.432e-07  ||F||=1.886e-02
 step= 19000  E=8.966189042236e+01  Q=1.340000000000e+02  λ=1.292457e+00  dt=7.744e-04  relΔE=2.476e-07  ||F||=1.602e-02
 step= 19500  E=8.964847655994e+01  Q=1.340000000000e+02  λ=1.292134e+00  dt=1.199e-03  relΔE=2.742e-07  ||F||=1.355e-02
 step= 20000  E=8.963878145033e+01  Q=1.340000000000e+02  λ=1.291891e+00  dt=7.731e-04  relΔE=1.293e-07  ||F||=1.158e-02
 step= 20500  E=8.963171750829e+01  Q=1.340000000000e+02  λ=1.291709e+00  dt=1.197e-03  relΔE=1.448e-07  ||F||=9.851e-03
 step= 21000  E=8.962651288079e+01  Q=1.340000000000e+02  λ=1.291571e+00  dt=9.263e-04  relΔE=8.193e-08  ||F||=8.420e-03
 step= 21500  E=8.962259875138e+01  Q=1.340000000000e+02  λ=1.291468e+00  dt=1.434e-03  relΔE=3.075e-08  ||F||=6.265e-02
 step= 22000  E=8.961985707861e+01  Q=1.340000000000e+02  λ=1.291394e+00  dt=1.110e-03  relΔE=5.368e-08  ||F||=6.226e-03
 step= 22500  E=8.961772582147e+01  Q=1.340000000000e+02  λ=1.291339e+00  dt=8.589e-04  relΔE=3.117e-08  ||F||=5.393e-03
 step= 23000  E=8.961611509647e+01  Q=1.340000000000e+02  λ=1.291300e+00  dt=1.329e-03  relΔE=3.668e-08  ||F||=4.711e-03
 step= 23500  E=8.961491149500e+01  Q=1.340000000000e+02  λ=1.291275e+00  dt=1.029e-03  relΔE=2.208e-08  ||F||=4.147e-03
 step= 24000  E=8.961394125033e+01  Q=1.340000000000e+02  λ=1.291259e+00  dt=7.964e-04  relΔE=1.348e-08  ||F||=3.683e-03
 step= 24500  E=8.961318502953e+01  Q=1.340000000000e+02  λ=1.291250e+00  dt=1.233e-03  relΔE=1.667e-08  ||F||=3.293e-03
 step= 25000  E=8.961257588050e+01  Q=1.340000000000e+02  λ=1.291247e+00  dt=9.541e-04  relΔE=1.056e-08  ||F||=2.979e-03
 step= 25500  E=8.961205566601e+01  Q=1.340000000000e+02  λ=1.291249e+00  dt=7.385e-04  relΔE=7.148e-09  ||F||=2.790e-03
 step= 26000  E=8.961164245465e+01  Q=1.340000000000e+02  λ=1.291254e+00  dt=1.143e-03  relΔE=8.874e-09  ||F||=2.497e-03
 step= 26500  E=8.961127902874e+01  Q=1.340000000000e+02  λ=1.291261e+00  dt=8.847e-04  relΔE=5.889e-09  ||F||=2.312e-03
 step= 27000  E=8.961096197669e+01  Q=1.340000000000e+02  λ=1.291271e+00  dt=1.369e-03  relΔE=7.897e-09  ||F||=2.300e-03
 step= 27500  E=8.961069509400e+01  Q=1.340000000000e+02  λ=1.291282e+00  dt=1.060e-03  relΔE=5.396e-09  ||F||=2.024e-03
 step= 28000  E=8.961045175473e+01  Q=1.340000000000e+02  λ=1.291295e+00  dt=8.203e-04  relΔE=3.710e-09  ||F||=1.908e-03
 step= 28500  E=8.961023585498e+01  Q=1.340000000000e+02  λ=1.291309e+00  dt=1.270e-03  relΔE=5.134e-09  ||F||=1.805e-03
 step= 29000  E=8.961004562271e+01  Q=1.340000000000e+02  λ=1.291322e+00  dt=9.828e-04  relΔE=3.587e-09  ||F||=1.715e-03
 step= 29500  E=8.960986701622e+01  Q=1.340000000000e+02  λ=1.291337e+00  dt=7.607e-04  relΔE=2.547e-09  ||F||=1.644e-03
 step= 30000  E=8.960971135214e+01  Q=1.340000000000e+02  λ=1.291351e+00  dt=1.177e-03  relΔE=3.541e-09  ||F||=1.558e-03
 step= 30500  E=8.960956687371e+01  Q=1.340000000000e+02  λ=1.291366e+00  dt=9.113e-04  relΔE=2.502e-09  ||F||=1.489e-03
 step= 31000  E=8.960943144196e+01  Q=1.340000000000e+02  λ=1.291381e+00  dt=1.411e-03  relΔE=3.391e-09  ||F||=3.486e-03
 step= 31500  E=8.960931382459e+01  Q=1.340000000000e+02  λ=1.291395e+00  dt=1.092e-03  relΔE=2.517e-09  ||F||=1.365e-03
 step= 32000  E=8.960920174032e+01  Q=1.340000000000e+02  λ=1.291410e+00  dt=8.450e-04  relΔE=1.789e-09  ||F||=1.309e-03
 step= 32500  E=8.960909879381e+01  Q=1.340000000000e+02  λ=1.291424e+00  dt=1.308e-03  relΔE=2.544e-09  ||F||=1.255e-03
 step= 33000  E=8.960900635835e+01  Q=1.340000000000e+02  λ=1.291438e+00  dt=1.012e-03  relΔE=1.815e-09  ||F||=1.205e-03
 step= 33500  E=8.960891831737e+01  Q=1.340000000000e+02  λ=1.291452e+00  dt=7.835e-04  relΔE=1.303e-09  ||F||=1.161e-03
 step= 34000  E=8.960883926336e+01  Q=1.340000000000e+02  λ=1.291465e+00  dt=1.213e-03  relΔE=1.847e-09  ||F||=1.111e-03
 step= 34500  E=8.960876620439e+01  Q=1.340000000000e+02  λ=1.291478e+00  dt=9.387e-04  relΔE=1.319e-09  ||F||=1.068e-03
 step= 35000  E=8.960869638412e+01  Q=1.340000000000e+02  λ=1.291491e+00  dt=7.265e-04  relΔE=1.083e-09  ||F||=1.123e-03
 step= 35500  E=8.960863549239e+01  Q=1.340000000000e+02  λ=1.291502e+00  dt=1.125e-03  relΔE=1.347e-09  ||F||=9.865e-04
 step= 36000  E=8.960857712645e+01  Q=1.340000000000e+02  λ=1.291514e+00  dt=8.704e-04  relΔE=9.624e-10  ||F||=9.482e-04
 step= 36500  E=8.960852309396e+01  Q=1.340000000000e+02  λ=1.291526e+00  dt=1.347e-03  relΔE=1.374e-09  ||F||=9.178e-04
 step= 37000  E=8.960847467942e+01  Q=1.340000000000e+02  λ=1.291537e+00  dt=1.043e-03  relΔE=9.836e-10  ||F||=8.764e-04
 step= 37500  E=8.960842853843e+01  Q=1.340000000000e+02  λ=1.291548e+00  dt=8.071e-04  relΔE=7.047e-10  ||F||=8.435e-04
 step= 38000  E=8.960838826775e+01  Q=1.340000000000e+02  λ=1.291558e+00  dt=1.041e-03  relΔE=8.406e-10  ||F||=8.114e-04
 step= 38500  E=8.960834847894e+01  Q=1.340000000000e+02  λ=1.291569e+00  dt=8.058e-04  relΔE=6.021e-10  ||F||=7.809e-04
 step= 39000  E=8.960831244095e+01  Q=1.340000000000e+02  λ=1.291578e+00  dt=1.247e-03  relΔE=8.588e-10  ||F||=7.498e-04
 step= 39500  E=8.960827957322e+01  Q=1.340000000000e+02  λ=1.291588e+00  dt=9.654e-04  relΔE=6.150e-10  ||F||=7.215e-04
 step= 40000  E=8.960824797356e+01  Q=1.340000000000e+02  λ=1.291597e+00  dt=7.472e-04  relΔE=4.506e-10  ||F||=7.024e-04
 step= 40500  E=8.960822015683e+01  Q=1.340000000000e+02  λ=1.291606e+00  dt=1.157e-03  relΔE=6.293e-10  ||F||=6.674e-04
 step= 41000  E=8.960819374833e+01  Q=1.340000000000e+02  λ=1.291614e+00  dt=8.952e-04  relΔE=4.502e-10  ||F||=6.419e-04
 step= 41500  E=8.960816893293e+01  Q=1.340000000000e+02  λ=1.291623e+00  dt=1.386e-03  relΔE=6.411e-10  ||F||=7.348e-04
 step= 42000  E=8.960814698517e+01  Q=1.340000000000e+02  λ=1.291631e+00  dt=1.072e-03  relΔE=4.611e-10  ||F||=5.939e-04
 step= 42500  E=8.960812599924e+01  Q=1.340000000000e+02  λ=1.291638e+00  dt=8.300e-04  relΔE=3.299e-10  ||F||=5.714e-04
 step= 43000  E=8.960810664112e+01  Q=1.340000000000e+02  λ=1.291646e+00  dt=1.285e-03  relΔE=4.715e-10  ||F||=5.493e-04
 step= 43500  E=8.960808916912e+01  Q=1.340000000000e+02  λ=1.291653e+00  dt=9.944e-04  relΔE=3.379e-10  ||F||=5.288e-04
 step= 44000  E=8.960807239115e+01  Q=1.340000000000e+02  λ=1.291660e+00  dt=7.697e-04  relΔE=2.441e-10  ||F||=5.112e-04
 step= 44500  E=8.960805743301e+01  Q=1.340000000000e+02  λ=1.291666e+00  dt=1.191e-03  relΔE=3.459e-10  ||F||=4.893e-04
 step= 45000  E=8.960804341995e+01  Q=1.340000000000e+02  λ=1.291673e+00  dt=9.221e-04  relΔE=2.476e-10  ||F||=4.708e-04
 step= 45500  E=8.960803007864e+01  Q=1.340000000000e+02  λ=1.291679e+00  dt=1.427e-03  relΔE=2.804e-10  ||F||=2.219e-03
 step= 46000  E=8.960801842186e+01  Q=1.340000000000e+02  λ=1.291685e+00  dt=1.105e-03  relΔE=2.536e-10  ||F||=4.358e-04
 step= 46500  E=8.960800722052e+01  Q=1.340000000000e+02  λ=1.291691e+00  dt=8.550e-04  relΔE=1.814e-10  ||F||=4.193e-04
 step= 47000  E=8.960799686200e+01  Q=1.340000000000e+02  λ=1.291696e+00  dt=1.323e-03  relΔE=2.593e-10  ||F||=4.035e-04
 step= 47500  E=8.960798754416e+01  Q=1.340000000000e+02  λ=1.291701e+00  dt=1.024e-03  relΔE=1.858e-10  ||F||=3.882e-04
 step= 48000  E=8.960797863439e+01  Q=1.340000000000e+02  λ=1.291707e+00  dt=7.928e-04  relΔE=1.333e-10  ||F||=3.740e-04
 step= 48500  E=8.960797056393e+01  Q=1.340000000000e+02  λ=1.291712e+00  dt=1.227e-03  relΔE=1.902e-10  ||F||=3.593e-04
 step= 49000  E=8.960796313290e+01  Q=1.340000000000e+02  λ=1.291716e+00  dt=9.498e-04  relΔE=1.362e-10  ||F||=3.458e-04
 step= 49500  E=8.960795600598e+01  Q=1.340000000000e+02  λ=1.291721e+00  dt=7.351e-04  relΔE=1.073e-10  ||F||=3.494e-04
 step= 50000  E=8.960794976828e+01  Q=1.340000000000e+02  λ=1.291725e+00  dt=1.138e-03  relΔE=1.394e-10  ||F||=3.202e-04
 step= 50500  E=8.960794380296e+01  Q=1.340000000000e+02  λ=1.291730e+00  dt=8.807e-04  relΔE=9.976e-11  ||F||=3.081e-04
 step= 51000  E=8.960793824398e+01  Q=1.340000000000e+02  λ=1.291734e+00  dt=1.363e-03  relΔE=1.425e-10  ||F||=3.064e-04
 step= 51500  E=8.960793328904e+01  Q=1.340000000000e+02  λ=1.291738e+00  dt=1.055e-03  relΔE=1.021e-10  ||F||=2.853e-04
 step= 52000  E=8.960792856160e+01  Q=1.340000000000e+02  λ=1.291741e+00  dt=8.166e-04  relΔE=7.312e-11  ||F||=2.747e-04
 step= 52500  E=8.960792422507e+01  Q=1.340000000000e+02  λ=1.291745e+00  dt=1.264e-03  relΔE=1.045e-10  ||F||=2.641e-04
 step= 53000  E=8.960792028307e+01  Q=1.340000000000e+02  λ=1.291749e+00  dt=9.784e-04  relΔE=7.481e-11  ||F||=2.543e-04
 step= 53500  E=8.960791649949e+01  Q=1.340000000000e+02  λ=1.291752e+00  dt=7.572e-04  relΔE=5.452e-11  ||F||=2.470e-04
 step= 54000  E=8.960791315065e+01  Q=1.340000000000e+02  λ=1.291755e+00  dt=1.172e-03  relΔE=7.652e-11  ||F||=2.355e-04
 step= 54500  E=8.960790999155e+01  Q=1.340000000000e+02  λ=1.291758e+00  dt=9.072e-04  relΔE=5.473e-11  ||F||=2.267e-04
 step= 55000  E=8.960790700528e+01  Q=1.340000000000e+02  λ=1.291761e+00  dt=1.404e-03  relΔE=7.647e-11  ||F||=4.077e-04
 step= 55500  E=8.960790438337e+01  Q=1.340000000000e+02  λ=1.291764e+00  dt=1.087e-03  relΔE=5.599e-11  ||F||=2.099e-04
 step= 56000  E=8.960790186804e+01  Q=1.340000000000e+02  λ=1.291767e+00  dt=8.412e-04  relΔE=4.005e-11  ||F||=2.021e-04
 step= 56500  E=8.960789955330e+01  Q=1.340000000000e+02  λ=1.291770e+00  dt=1.302e-03  relΔE=5.718e-11  ||F||=1.944e-04
 step= 57000  E=8.960789746629e+01  Q=1.340000000000e+02  λ=1.291772e+00  dt=1.008e-03  relΔE=4.093e-11  ||F||=1.872e-04
 step= 57500  E=8.960789546590e+01  Q=1.340000000000e+02  λ=1.291775e+00  dt=7.800e-04  relΔE=2.943e-11  ||F||=1.806e-04
 step= 58000  E=8.960789367267e+01  Q=1.340000000000e+02  λ=1.291777e+00  dt=1.207e-03  relΔE=4.180e-11  ||F||=1.733e-04
 step= 58500  E=8.960789200708e+01  Q=1.340000000000e+02  λ=1.291780e+00  dt=9.345e-04  relΔE=2.989e-11  ||F||=1.669e-04
 step= 59000  E=8.960789041754e+01  Q=1.340000000000e+02  λ=1.291782e+00  dt=7.233e-04  relΔE=2.800e-11  ||F||=2.515e-04
 step= 59500  E=8.960788903224e+01  Q=1.340000000000e+02  λ=1.291784e+00  dt=1.120e-03  relΔE=3.052e-11  ||F||=1.546e-04
 step= 60000  E=8.960788771843e+01  Q=1.340000000000e+02  λ=1.291786e+00  dt=7.221e-04  relΔE=1.821e-11  ||F||=1.489e-04
 step= 60500  E=8.960788652839e+01  Q=1.340000000000e+02  λ=1.291788e+00  dt=1.118e-03  relΔE=2.602e-11  ||F||=1.433e-04
 step= 61000  E=8.960788540700e+01  Q=1.340000000000e+02  λ=1.291790e+00  dt=7.209e-04  relΔE=1.551e-11  ||F||=1.381e-04
 step= 61500  E=8.960788439160e+01  Q=1.340000000000e+02  λ=1.291792e+00  dt=1.116e-03  relΔE=2.217e-11  ||F||=1.329e-04
 step= 62000  E=8.960788342191e+01  Q=1.340000000000e+02  λ=1.291794e+00  dt=8.637e-04  relΔE=1.583e-11  ||F||=1.279e-04
 step= 62500  E=8.960788252900e+01  Q=1.340000000000e+02  λ=1.291795e+00  dt=1.337e-03  relΔE=2.257e-11  ||F||=1.234e-04
 step= 63000  E=8.960788172651e+01  Q=1.340000000000e+02  λ=1.291797e+00  dt=1.035e-03  relΔE=1.613e-11  ||F||=1.185e-04
 step= 63500  E=8.960788096447e+01  Q=1.340000000000e+02  λ=1.291799e+00  dt=8.009e-04  relΔE=1.154e-11  ||F||=1.142e-04
 step= 64000  E=8.960788027214e+01  Q=1.340000000000e+02  λ=1.291800e+00  dt=1.240e-03  relΔE=1.641e-11  ||F||=1.098e-04
 step= 64500  E=8.960787963968e+01  Q=1.340000000000e+02  λ=1.291802e+00  dt=9.595e-04  relΔE=1.172e-11  ||F||=1.057e-04
 step= 65000  E=8.960787903452e+01  Q=1.340000000000e+02  λ=1.291803e+00  dt=7.426e-04  relΔE=8.668e-12  ||F||=1.034e-04
 step= 65500  E=8.960787850464e+01  Q=1.340000000000e+02  λ=1.291804e+00  dt=1.149e-03  relΔE=1.192e-11  ||F||=9.792e-05
 step= 66000  E=8.960787800208e+01  Q=1.340000000000e+02  λ=1.291806e+00  dt=8.897e-04  relΔE=8.493e-12  ||F||=9.424e-05
 step= 66500  E=8.960787753295e+01  Q=1.340000000000e+02  λ=1.291807e+00  dt=1.377e-03  relΔE=1.207e-11  ||F||=9.820e-05
 step= 67000  E=8.960787711797e+01  Q=1.340000000000e+02  λ=1.291808e+00  dt=1.066e-03  relΔE=8.625e-12  ||F||=8.732e-05
 step= 67500  E=8.960787672402e+01  Q=1.340000000000e+02  λ=1.291809e+00  dt=8.250e-04  relΔE=6.146e-12  ||F||=8.407e-05
 step= 68000  E=8.960787636290e+01  Q=1.340000000000e+02  λ=1.291811e+00  dt=1.277e-03  relΔE=8.739e-12  ||F||=8.087e-05
 step= 68500  E=8.960787603807e+01  Q=1.340000000000e+02  λ=1.291812e+00  dt=9.883e-04  relΔE=6.229e-12  ||F||=7.789e-05
 step= 69000  E=8.960787572747e+01  Q=1.340000000000e+02  λ=1.291813e+00  dt=7.649e-04  relΔE=4.477e-12  ||F||=7.528e-05
 step= 69500  E=8.960787545286e+01  Q=1.340000000000e+02  λ=1.291814e+00  dt=1.184e-03  relΔE=6.304e-12  ||F||=7.215e-05
 step= 70000  E=8.960787519620e+01  Q=1.340000000000e+02  λ=1.291815e+00  dt=9.164e-04  relΔE=4.483e-12  ||F||=6.946e-05
 step= 70500  E=8.960787495428e+01  Q=1.340000000000e+02  λ=1.291816e+00  dt=1.419e-03  relΔE=5.578e-12  ||F||=2.386e-04
 step= 71000  E=8.960787474406e+01  Q=1.340000000000e+02  λ=1.291816e+00  dt=1.098e-03  relΔE=4.528e-12  ||F||=6.436e-05
 step= 71500  E=8.960787454363e+01  Q=1.340000000000e+02  λ=1.291817e+00  dt=8.498e-04  relΔE=3.215e-12  ||F||=6.195e-05
 step= 72000  E=8.960787435984e+01  Q=1.340000000000e+02  λ=1.291818e+00  dt=1.315e-03  relΔE=4.558e-12  ||F||=5.963e-05
 step= 72500  E=8.960787419578e+01  Q=1.340000000000e+02  λ=1.291819e+00  dt=1.018e-03  relΔE=3.239e-12  ||F||=5.740e-05
 step= 73000  E=8.960787404018e+01  Q=1.340000000000e+02  λ=1.291820e+00  dt=7.879e-04  relΔE=2.308e-12  ||F||=5.536e-05
 step= 73500  E=8.960787390106e+01  Q=1.340000000000e+02  λ=1.291821e+00  dt=1.220e-03  relΔE=3.253e-12  ||F||=5.317e-05
 step= 74000  E=8.960787377375e+01  Q=1.340000000000e+02  λ=1.291821e+00  dt=9.440e-04  relΔE=2.305e-12  ||F||=5.120e-05
 step= 74500  E=8.960787365293e+01  Q=1.340000000000e+02  λ=1.291822e+00  dt=7.306e-04  relΔE=1.801e-12  ||F||=5.143e-05
 step= 75000  E=8.960787354851e+01  Q=1.340000000000e+02  λ=1.291823e+00  dt=1.131e-03  relΔE=2.308e-12  ||F||=4.744e-05
 step= 75500  E=8.960787344970e+01  Q=1.340000000000e+02  λ=1.291823e+00  dt=8.753e-04  relΔE=1.631e-12  ||F||=4.566e-05
 step= 76000  E=8.960787335904e+01  Q=1.340000000000e+02  λ=1.291824e+00  dt=1.355e-03  relΔE=2.300e-12  ||F||=4.437e-05
 step= 76500  E=8.960787327904e+01  Q=1.340000000000e+02  λ=1.291824e+00  dt=1.049e-03  relΔE=1.626e-12  ||F||=4.232e-05
 step= 77000  E=8.960787320382e+01  Q=1.340000000000e+02  λ=1.291825e+00  dt=8.116e-04  relΔE=1.148e-12  ||F||=4.075e-05
 step= 77500  E=8.960787313598e+01  Q=1.340000000000e+02  λ=1.291826e+00  dt=1.256e-03  relΔE=1.612e-12  ||F||=3.920e-05
 step= 78000  E=8.960787307527e+01  Q=1.340000000000e+02  λ=1.291826e+00  dt=9.724e-04  relΔE=1.136e-12  ||F||=3.775e-05
 step= 78500  E=8.960787301793e+01  Q=1.340000000000e+02  λ=1.291827e+00  dt=7.526e-04  relΔE=8.153e-13  ||F||=3.659e-05
 step= 79000  E=8.960787296821e+01  Q=1.340000000000e+02  λ=1.291827e+00  dt=1.165e-03  relΔE=1.121e-12  ||F||=3.498e-05
 step= 79500  E=8.960787292204e+01  Q=1.340000000000e+02  λ=1.291828e+00  dt=9.017e-04  relΔE=7.855e-13  ||F||=3.367e-05
 step= 80000  E=8.960787287952e+01  Q=1.340000000000e+02  λ=1.291828e+00  dt=1.396e-03  relΔE=1.088e-12  ||F||=4.147e-05
 step= 80500  E=8.960787284286e+01  Q=1.340000000000e+02  λ=1.291828e+00  dt=1.080e-03  relΔE=7.688e-13  ||F||=3.120e-05
 step= 81000  E=8.960787280856e+01  Q=1.340000000000e+02  λ=1.291829e+00  dt=8.361e-04  relΔE=5.360e-13  ||F||=3.004e-05
 step= 81500  E=8.960787277781e+01  Q=1.340000000000e+02  λ=1.291829e+00  dt=1.294e-03  relΔE=7.451e-13  ||F||=2.890e-05
 step= 82000  E=8.960787275077e+01  Q=1.340000000000e+02  λ=1.291830e+00  dt=1.002e-03  relΔE=5.184e-13  ||F||=2.784e-05
 step= 82500  E=8.960787272567e+01  Q=1.340000000000e+02  λ=1.291830e+00  dt=7.752e-04  relΔE=3.611e-13  ||F||=2.683e-05
 step= 83000  E=8.960787270389e+01  Q=1.340000000000e+02  λ=1.291830e+00  dt=1.200e-03  relΔE=4.973e-13  ||F||=2.579e-05
 step= 83500  E=8.960787268451e+01  Q=1.340000000000e+02  λ=1.291831e+00  dt=7.740e-04  relΔE=2.878e-13  ||F||=2.488e-05
 step= 84000  E=8.960787266718e+01  Q=1.340000000000e+02  λ=1.291831e+00  dt=1.198e-03  relΔE=3.938e-13  ||F||=2.392e-05
 step= 84500  E=8.960787265183e+01  Q=1.340000000000e+02  λ=1.291831e+00  dt=7.727e-04  relΔE=2.271e-13  ||F||=2.310e-05
 step= 85000  E=8.960787263824e+01  Q=1.340000000000e+02  λ=1.291832e+00  dt=1.196e-03  relΔE=3.080e-13  ||F||=2.219e-05
 step= 85500  E=8.960787262616e+01  Q=1.340000000000e+02  λ=1.291832e+00  dt=9.258e-04  relΔE=2.079e-13  ||F||=2.137e-05
 step= 86000  E=8.960787261530e+01  Q=1.340000000000e+02  λ=1.291832e+00  dt=1.433e-03  relΔE=1.055e-13  ||F||=1.084e-04
 step= 86500  E=8.960787260634e+01  Q=1.340000000000e+02  λ=1.291833e+00  dt=1.109e-03  relΔE=1.890e-13  ||F||=1.980e-05
 step= 87000  E=8.960787259833e+01  Q=1.340000000000e+02  λ=1.291833e+00  dt=8.584e-04  relΔE=1.253e-13  ||F||=1.906e-05
 step= 87500  E=8.960787259147e+01  Q=1.340000000000e+02  λ=1.291833e+00  dt=1.329e-03  relΔE=1.653e-13  ||F||=1.835e-05
 step= 88000  E=8.960787258581e+01  Q=1.340000000000e+02  λ=1.291833e+00  dt=1.028e-03  relΔE=1.080e-13  ||F||=1.767e-05
 step= 88500  E=8.960787258093e+01  Q=1.340000000000e+02  λ=1.291834e+00  dt=7.960e-04  relΔE=6.930e-14  ||F||=1.700e-05
 step= 89000  E=8.960787257699e+01  Q=1.340000000000e+02  λ=1.291834e+00  dt=1.232e-03  relΔE=8.754e-14  ||F||=1.637e-05
 step= 89500  E=8.960787257383e+01  Q=1.340000000000e+02  λ=1.291834e+00  dt=9.536e-04  relΔE=5.344e-14  ||F||=1.576e-05
 step= 90000  E=8.960787257128e+01  Q=1.340000000000e+02  λ=1.291834e+00  dt=7.381e-04  relΔE=3.394e-14  ||F||=1.524e-05
 step= 90500  E=8.960787256948e+01  Q=1.340000000000e+02  λ=1.291835e+00  dt=1.142e-03  relΔE=3.537e-14  ||F||=1.461e-05
 step= 91000  E=8.960787256818e+01  Q=1.340000000000e+02  λ=1.291835e+00  dt=8.842e-04  relΔE=1.808e-14  ||F||=1.406e-05
 step= 91500  E=8.960787256739e+01  Q=1.340000000000e+02  λ=1.291835e+00  dt=1.369e-03  relΔE=1.459e-14  ||F||=1.360e-05
 step= 92000  E=8.960787256707e+01  Q=1.340000000000e+02  λ=1.291835e+00  dt=1.059e-03  relΔE=2.379e-15  ||F||=1.303e-05
  !! dt fell below dt_min: stiffness-limited termination.

Stationary candidate (aggressive): E=8.960787256706e+01, Q=1.340000000000e+02, maxρ=2.418013e-01

=== Stability test (damped inertial dynamics) ===
Perturb eps=0.02, gamma=1
t=0: E=9.619800490605e+01, Q=1.340000000000e+02, maxρ=2.506473e-01, σ=3.581440e+00, Rc=1.845306e+01
 step=     1  E=9.619797169906e+01  Q=1.340000000000e+02  λ=1.683119e+00  maxρ=2.506473e-01  minρ=1.000e-15  σ=3.581440e+00  Rc=1.845306e+01
 step=   300  E=9.483668240501e+01  Q=1.340000000000e+02  λ=1.578584e+00  maxρ=2.502222e-01  minρ=1.000e-15  σ=3.581436e+00  Rc=1.845306e+01
 step=   600  E=9.210131685710e+01  Q=1.340000000000e+02  λ=1.389578e+00  maxρ=2.490235e-01  minρ=1.000e-15  σ=3.581430e+00  Rc=1.845306e+01
 step=   900  E=9.050546025136e+01  Q=1.340000000000e+02  λ=1.330020e+00  maxρ=2.472504e-01  minρ=1.000e-15  σ=3.581430e+00  Rc=1.845306e+01
 step=  1200  E=9.112109627829e+01  Q=1.340000000000e+02  λ=1.439753e+00  maxρ=2.464452e-01  minρ=1.000e-15  σ=3.581434e+00  Rc=1.845306e+01
 step=  1500  E=9.276066272251e+01  Q=1.340000000000e+02  λ=1.557725e+00  maxρ=2.471040e-01  minρ=1.000e-15  σ=3.581437e+00  Rc=1.845305e+01
 step=  1800  E=9.359154662180e+01  Q=1.340000000000e+02  λ=1.542395e+00  maxρ=2.478957e-01  minρ=1.000e-15  σ=3.581432e+00  Rc=1.845305e+01
 step=  2100  E=9.309516584646e+01  Q=1.340000000000e+02  λ=1.438921e+00  maxρ=2.466347e-01  minρ=1.000e-15  σ=3.581427e+00  Rc=1.845305e+01
 step=  2400  E=9.223420171235e+01  Q=1.340000000000e+02  λ=1.392103e+00  maxρ=2.441518e-01  minρ=1.000e-15  σ=3.581428e+00  Rc=1.845305e+01
 step=  2700  E=9.202892278142e+01  Q=1.340000000000e+02  λ=1.449001e+00  maxρ=2.454976e-01  minρ=1.000e-15  σ=3.581434e+00  Rc=1.845305e+01
 step=  3000  E=9.244810854213e+01  Q=1.340000000000e+02  λ=1.516146e+00  maxρ=2.485814e-01  minρ=1.000e-15  σ=3.581436e+00  Rc=1.845305e+01
 step=  3300  E=9.275642153790e+01  Q=1.340000000000e+02  λ=1.502386e+00  maxρ=2.492205e-01  minρ=1.000e-15  σ=3.581432e+00  Rc=1.845305e+01
 step=  3600  E=9.255746314708e+01  Q=1.340000000000e+02  λ=1.435597e+00  maxρ=2.473715e-01  minρ=1.000e-15  σ=3.581426e+00  Rc=1.845306e+01
 step=  3900  E=9.216072674179e+01  Q=1.340000000000e+02  λ=1.406756e+00  maxρ=2.470850e-01  minρ=1.000e-15  σ=3.581427e+00  Rc=1.845305e+01
 step=  4200  E=9.202354616587e+01  Q=1.340000000000e+02  λ=1.441430e+00  maxρ=2.462265e-01  minρ=1.000e-15  σ=3.581432e+00  Rc=1.845305e+01
 step=  4500  E=9.217044090489e+01  Q=1.340000000000e+02  λ=1.478124e+00  maxρ=2.458189e-01  minρ=1.000e-15  σ=3.581436e+00  Rc=1.845305e+01
 step=  4800  E=9.229018556408e+01  Q=1.340000000000e+02  λ=1.464493e+00  maxρ=2.469522e-01  minρ=1.000e-15  σ=3.581433e+00  Rc=1.845305e+01
 step=  5100  E=9.220989550318e+01  Q=1.340000000000e+02  λ=1.424969e+00  maxρ=2.470416e-01  minρ=1.000e-15  σ=3.581427e+00  Rc=1.845305e+01
 step=  5400  E=9.206050238607e+01  Q=1.340000000000e+02  λ=1.414749e+00  maxρ=2.467513e-01  minρ=1.000e-15  σ=3.581425e+00  Rc=1.845305e+01
 step=  5700  E=9.201320703487e+01  Q=1.340000000000e+02  λ=1.440344e+00  maxρ=2.459093e-01  minρ=1.000e-15  σ=3.581427e+00  Rc=1.845304e+01
 step=  6000  E=9.204392846644e+01  Q=1.340000000000e+02  λ=1.458836e+00  maxρ=2.451300e-01  minρ=1.000e-15  σ=3.581429e+00  Rc=1.845304e+01
 >>> No runaway detected in this horizon. Likely stable (within this model & box).

STABILITY: PASS
