
=== Aggressive relaxation to Q = 1347 ===
Initial: E=2.005774747251e+03, Q=1.347000000000e+03, dt=1.000e-04
 step=     1  E=2.005713371707e+03  Q=1.347000000000e+03  λ=3.019803e+00  dt=1.000e-04  relΔE=3.060e-05  ||F||=6.754e-01
 step=   500  E=1.933869197055e+03  Q=1.347000000000e+03  λ=2.884315e+00  dt=6.192e-04  relΔE=1.352e-04  ||F||=6.135e-01
 step=  1000  E=1.748044540372e+03  Q=1.347000000000e+03  λ=2.558199e+00  dt=9.584e-04  relΔE=1.576e-04  ||F||=5.061e-01
 step=  1500  E=1.605564525470e+03  Q=1.347000000000e+03  λ=2.322054e+00  dt=7.418e-04  relΔE=1.041e-04  ||F||=4.486e-01
 step=  2000  E=1.502247184265e+03  Q=1.347000000000e+03  λ=2.155715e+00  dt=1.148e-03  relΔE=1.282e-04  ||F||=3.866e-01
 step=  2500  E=1.417376595908e+03  Q=1.347000000000e+03  λ=2.021276e+00  dt=8.887e-04  relΔE=8.456e-05  ||F||=3.467e-01
 step=  3000  E=1.347697460751e+03  Q=1.347000000000e+03  λ=1.912488e+00  dt=1.376e-03  relΔE=1.128e-04  ||F||=3.376e-01
 step=  3500  E=1.291978525557e+03  Q=1.347000000000e+03  λ=1.826251e+00  dt=1.065e-03  relΔE=7.674e-05  ||F||=2.881e-01
 step=  4000  E=1.243364049694e+03  Q=1.347000000000e+03  λ=1.751669e+00  dt=8.241e-04  relΔE=5.248e-05  ||F||=2.656e-01
 step=  4500  E=1.201983084970e+03  Q=1.347000000000e+03  λ=1.688729e+00  dt=1.276e-03  relΔE=7.226e-05  ||F||=2.463e-01
 step=  5000  E=1.166864963100e+03  Q=1.347000000000e+03  λ=1.635587e+00  dt=9.873e-04  relΔE=5.031e-05  ||F||=2.302e-01
 step=  5500  E=1.134883666211e+03  Q=1.347000000000e+03  λ=1.587485e+00  dt=7.641e-04  relΔE=3.554e-05  ||F||=2.169e-01
 step=  6000  E=1.107651677630e+03  Q=1.347000000000e+03  λ=1.546794e+00  dt=1.183e-03  relΔE=4.974e-05  ||F||=2.037e-01
 step=  6500  E=1.082890321584e+03  Q=1.347000000000e+03  λ=1.509940e+00  dt=9.154e-04  relΔE=3.545e-05  ||F||=1.933e-01
 step=  7000  E=1.059855515729e+03  Q=1.347000000000e+03  λ=1.476063e+00  dt=1.417e-03  relΔE=4.541e-05  ||F||=6.877e-01
 step=  7500  E=1.039883967620e+03  Q=1.347000000000e+03  λ=1.446441e+00  dt=1.097e-03  relΔE=3.714e-05  ||F||=1.771e-01
 step=  8000  E=1.020622210171e+03  Q=1.347000000000e+03  λ=1.418185e+00  dt=8.488e-04  relΔE=2.738e-05  ||F||=1.713e-01
 step=  8500  E=1.002526724136e+03  Q=1.347000000000e+03  λ=1.391774e+00  dt=1.314e-03  relΔE=4.084e-05  ||F||=1.667e-01
 step=  9000  E=9.856708406258e+02  Q=1.347000000000e+03  λ=1.367205e+00  dt=1.017e-03  relΔE=3.090e-05  ||F||=1.634e-01
 step=  9500  E=9.688542149999e+02  Q=1.347000000000e+03  λ=1.342722e+00  dt=7.871e-04  relΔE=2.376e-05  ||F||=1.614e-01
 step= 10000  E=9.527606318312e+02  Q=1.347000000000e+03  λ=1.319296e+00  dt=1.218e-03  relΔE=3.666e-05  ||F||=1.598e-01
 step= 10500  E=9.368476140339e+02  Q=1.347000000000e+03  λ=1.296027e+00  dt=9.430e-04  relΔE=2.863e-05  ||F||=1.592e-01
 step= 11000  E=9.204410939151e+02  Q=1.347000000000e+03  λ=1.271909e+00  dt=7.298e-04  relΔE=2.528e-05  ||F||=1.700e-01
 step= 11500  E=9.050107134916e+02  Q=1.347000000000e+03  λ=1.249079e+00  dt=1.130e-03  relΔE=3.518e-05  ||F||=1.585e-01
 step= 12000  E=8.891591141056e+02  Q=1.347000000000e+03  λ=1.225408e+00  dt=8.744e-04  relΔE=2.735e-05  ||F||=1.574e-01
 step= 12500  E=8.735396867029e+02  Q=1.347000000000e+03  λ=1.201916e+00  dt=1.353e-03  relΔE=4.185e-05  ||F||=1.566e-01
 step= 13000  E=8.589855208190e+02  Q=1.347000000000e+03  λ=1.179828e+00  dt=1.048e-03  relΔE=3.136e-05  ||F||=1.514e-01
 step= 13500  E=8.449152537227e+02  Q=1.347000000000e+03  λ=1.158346e+00  dt=8.108e-04  relΔE=2.286e-05  ||F||=1.457e-01
 step= 14000  E=8.322339588671e+02  Q=1.347000000000e+03  λ=1.138925e+00  dt=1.255e-03  relΔE=3.211e-05  ||F||=1.377e-01
 step= 14500  E=8.212088378289e+02  Q=1.347000000000e+03  λ=1.121982e+00  dt=9.713e-04  relΔE=2.184e-05  ||F||=1.283e-01
 step= 15000  E=8.114760328097e+02  Q=1.347000000000e+03  λ=1.107030e+00  dt=7.518e-04  relΔE=1.462e-05  ||F||=1.186e-01
 step= 15500  E=8.038309225507e+02  Q=1.347000000000e+03  λ=1.095321e+00  dt=1.164e-03  relΔE=1.806e-05  ||F||=1.054e-01
 step= 16000  E=7.975955963166e+02  Q=1.347000000000e+03  λ=1.085799e+00  dt=9.007e-04  relΔE=1.104e-05  ||F||=9.331e-02
 step= 16500  E=7.926871898417e+02  Q=1.347000000000e+03  λ=1.078362e+00  dt=1.394e-03  relΔE=1.289e-05  ||F||=1.227e-01
 step= 17000  E=7.891647094513e+02  Q=1.347000000000e+03  λ=1.073053e+00  dt=1.079e-03  relΔE=7.584e-06  ||F||=7.029e-02
 step= 17500  E=7.864724307369e+02  Q=1.347000000000e+03  λ=1.069041e+00  dt=8.352e-04  relΔE=4.285e-06  ||F||=5.995e-02
 step= 18000  E=7.846015313846e+02  Q=1.347000000000e+03  λ=1.066291e+00  dt=1.077e-03  relΔE=4.013e-06  ||F||=5.102e-02
 step= 18500  E=7.832064464743e+02  Q=1.347000000000e+03  λ=1.064270e+00  dt=8.338e-04  relΔE=2.194e-06  ||F||=4.284e-02
 step= 19000  E=7.822287754941e+02  Q=1.347000000000e+03  λ=1.062883e+00  dt=1.291e-03  relΔE=2.367e-06  ||F||=3.575e-02
 step= 19500  E=7.815641995420e+02  Q=1.347000000000e+03  λ=1.061961e+00  dt=9.989e-04  relΔE=1.276e-06  ||F||=2.981e-02
 step= 20000  E=7.811006246551e+02  Q=1.347000000000e+03  λ=1.061337e+00  dt=1.289e-03  relΔE=1.134e-06  ||F||=2.474e-02
 step= 20500  E=7.807848343145e+02  Q=1.347000000000e+03  λ=1.060927e+00  dt=9.973e-04  relΔE=6.026e-07  ||F||=2.049e-02
 step= 21000  E=7.805616416574e+02  Q=1.347000000000e+03  λ=1.060650e+00  dt=7.719e-04  relΔE=3.179e-07  ||F||=1.691e-02
 step= 21500  E=7.804159923119e+02  Q=1.347000000000e+03  λ=1.060479e+00  dt=1.195e-03  relΔE=3.303e-07  ||F||=1.385e-02
 step= 22000  E=7.803161693273e+02  Q=1.347000000000e+03  λ=1.060370e+00  dt=9.248e-04  relΔE=1.723e-07  ||F||=1.137e-02
 step= 22500  E=7.802473657591e+02  Q=1.347000000000e+03  λ=1.060303e+00  dt=1.431e-03  relΔE=1.138e-07  ||F||=5.958e-02
 step= 23000  E=7.802036777458e+02  Q=1.347000000000e+03  λ=1.060263e+00  dt=1.108e-03  relΔE=9.295e-08  ||F||=7.624e-03
 step= 23500  E=7.801732371092e+02  Q=1.347000000000e+03  λ=1.060241e+00  dt=8.575e-04  relΔE=4.801e-08  ||F||=6.226e-03
 step= 24000  E=7.801528958022e+02  Q=1.347000000000e+03  λ=1.060229e+00  dt=1.327e-03  relΔE=4.948e-08  ||F||=5.083e-03
 step= 24500  E=7.801396638217e+02  Q=1.347000000000e+03  λ=1.060224e+00  dt=1.027e-03  relΔE=2.576e-08  ||F||=4.162e-03
 step= 25000  E=7.801305239437e+02  Q=1.347000000000e+03  λ=1.060222e+00  dt=7.951e-04  relΔE=1.329e-08  ||F||=3.396e-03
 step= 25500  E=7.801245505748e+02  Q=1.347000000000e+03  λ=1.060223e+00  dt=1.231e-03  relΔE=1.371e-08  ||F||=2.770e-03
 step= 26000  E=7.801205736283e+02  Q=1.347000000000e+03  λ=1.060225e+00  dt=9.526e-04  relΔE=7.114e-09  ||F||=2.266e-03
 step= 26500  E=7.801178229506e+02  Q=1.347000000000e+03  λ=1.060227e+00  dt=7.373e-04  relΔE=3.846e-09  ||F||=1.895e-03
 step= 27000  E=7.801160819340e+02  Q=1.347000000000e+03  λ=1.060229e+00  dt=1.141e-03  relΔE=3.802e-09  ||F||=1.510e-03
 step= 27500  E=7.801148760449e+02  Q=1.347000000000e+03  λ=1.060231e+00  dt=8.833e-04  relΔE=1.965e-09  ||F||=1.233e-03
 step= 28000  E=7.801140637115e+02  Q=1.347000000000e+03  λ=1.060232e+00  dt=1.367e-03  relΔE=2.023e-09  ||F||=1.043e-03
 step= 28500  E=7.801135386226e+02  Q=1.347000000000e+03  λ=1.060234e+00  dt=1.058e-03  relΔE=1.060e-09  ||F||=8.245e-04
 step= 29000  E=7.801131744615e+02  Q=1.347000000000e+03  λ=1.060235e+00  dt=8.190e-04  relΔE=5.496e-10  ||F||=6.738e-04
 step= 29500  E=7.801129313606e+02  Q=1.347000000000e+03  λ=1.060236e+00  dt=1.268e-03  relΔE=5.711e-10  ||F||=5.511e-04
 step= 30000  E=7.801127704988e+02  Q=1.347000000000e+03  λ=1.060237e+00  dt=9.812e-04  relΔE=2.999e-10  ||F||=4.532e-04
 step= 30500  E=7.801126578625e+02  Q=1.347000000000e+03  λ=1.060237e+00  dt=7.594e-04  relΔE=1.574e-10  ||F||=3.728e-04
 step= 31000  E=7.801125847080e+02  Q=1.347000000000e+03  λ=1.060238e+00  dt=1.176e-03  relΔE=1.642e-10  ||F||=3.056e-04
 step= 31500  E=7.801125339922e+02  Q=1.347000000000e+03  λ=1.060238e+00  dt=9.098e-04  relΔE=8.626e-11  ||F||=2.517e-04
 step= 32000  E=7.801124988692e+02  Q=1.347000000000e+03  λ=1.060238e+00  dt=1.408e-03  relΔE=8.610e-11  ||F||=5.260e-04
 step= 32500  E=7.801124761782e+02  Q=1.347000000000e+03  λ=1.060239e+00  dt=1.090e-03  relΔE=4.795e-11  ||F||=1.720e-04
 step= 33000  E=7.801124600668e+02  Q=1.347000000000e+03  λ=1.060239e+00  dt=8.436e-04  relΔE=2.523e-11  ||F||=1.426e-04
 step= 33500  E=7.801124491195e+02  Q=1.347000000000e+03  λ=1.060239e+00  dt=1.306e-03  relΔE=2.653e-11  ||F||=1.186e-04
 step= 34000  E=7.801124418458e+02  Q=1.347000000000e+03  λ=1.060239e+00  dt=1.011e-03  relΔE=1.406e-11  ||F||=9.934e-05
 step= 34500  E=7.801124367300e+02  Q=1.347000000000e+03  λ=1.060239e+00  dt=7.823e-04  relΔE=7.373e-12  ||F||=8.341e-05
 step= 35000  E=7.801124333774e+02  Q=1.347000000000e+03  λ=1.060239e+00  dt=1.211e-03  relΔE=7.636e-12  ||F||=7.018e-05
 step= 35500  E=7.801124311251e+02  Q=1.347000000000e+03  λ=1.060239e+00  dt=9.372e-04  relΔE=3.918e-12  ||F||=5.950e-05
 step= 36000  E=7.801124296063e+02  Q=1.347000000000e+03  λ=1.060239e+00  dt=7.254e-04  relΔE=2.255e-12  ||F||=5.619e-05
 step= 36500  E=7.801124286991e+02  Q=1.347000000000e+03  λ=1.060239e+00  dt=1.123e-03  relΔE=1.873e-12  ||F||=4.334e-05
 step= 37000  E=7.801124281314e+02  Q=1.347000000000e+03  λ=1.060239e+00  dt=8.690e-04  relΔE=8.251e-13  ||F||=3.723e-05
 step= 37500  E=7.801124278282e+02  Q=1.347000000000e+03  λ=1.060239e+00  dt=1.345e-03  relΔE=6.105e-13  ||F||=3.220e-05
 step= 38000  E=7.801124277091e+02  Q=1.347000000000e+03  λ=1.060239e+00  dt=1.041e-03  relΔE=1.284e-13  ||F||=2.801e-05
  !! dt fell below dt_min: stiffness-limited termination.

Stationary candidate (aggressive): E=7.801124276964e+02, Q=1.347000000000e+03, maxρ=9.554632e-01

=== Stability test (damped inertial dynamics) ===
Perturb eps=0.02, gamma=1
t=0: E=8.457677277895e+02, Q=1.347000000000e+03, maxρ=9.866460e-01, σ=2.508177e+00, Rc=1.864016e+01
 step=     1  E=8.457673981741e+02  Q=1.347000000000e+03  λ=1.445964e+00  maxρ=9.866459e-01  minρ=1.000e-15  σ=2.508177e+00  Rc=1.864016e+01
 step=   300  E=8.322512772398e+02  Q=1.347000000000e+03  λ=1.343326e+00  maxρ=9.849715e-01  minρ=1.000e-15  σ=2.508174e+00  Rc=1.864016e+01
 step=   600  E=8.050560545979e+02  Q=1.347000000000e+03  λ=1.157379e+00  maxρ=9.802505e-01  minρ=1.000e-15  σ=2.508168e+00  Rc=1.864016e+01
 step=   900  E=7.891075634630e+02  Q=1.347000000000e+03  λ=1.097900e+00  maxρ=9.732682e-01  minρ=1.000e-15  σ=2.508167e+00  Rc=1.864016e+01
 step=  1200  E=7.951192920675e+02  Q=1.347000000000e+03  λ=1.204852e+00  maxρ=9.700569e-01  minρ=1.000e-15  σ=2.508169e+00  Rc=1.864015e+01
 step=  1500  E=8.114078934450e+02  Q=1.347000000000e+03  λ=1.321212e+00  maxρ=9.752840e-01  minρ=1.000e-15  σ=2.508171e+00  Rc=1.864015e+01
 step=  1800  E=8.197694608288e+02  Q=1.347000000000e+03  λ=1.307628e+00  maxρ=9.784048e-01  minρ=1.000e-15  σ=2.508169e+00  Rc=1.864015e+01
 step=  2100  E=8.149176685164e+02  Q=1.347000000000e+03  λ=1.206673e+00  maxρ=9.734229e-01  minρ=1.000e-15  σ=2.508166e+00  Rc=1.864015e+01
 step=  2400  E=8.063177506781e+02  Q=1.347000000000e+03  λ=1.159595e+00  maxρ=9.636020e-01  minρ=1.000e-15  σ=2.508166e+00  Rc=1.864015e+01
 step=  2700  E=8.041819095215e+02  Q=1.347000000000e+03  λ=1.213941e+00  maxρ=9.672621e-01  minρ=1.000e-15  σ=2.508169e+00  Rc=1.864015e+01
 step=  3000  E=8.083532495706e+02  Q=1.347000000000e+03  λ=1.279949e+00  maxρ=9.794073e-01  minρ=1.000e-15  σ=2.508169e+00  Rc=1.864015e+01
 step=  3300  E=8.115430026872e+02  Q=1.347000000000e+03  λ=1.268145e+00  maxρ=9.819153e-01  minρ=1.000e-15  σ=2.508166e+00  Rc=1.864015e+01
 step=  3600  E=8.096564231169e+02  Q=1.347000000000e+03  λ=1.203769e+00  maxρ=9.763742e-01  minρ=1.000e-15  σ=2.508162e+00  Rc=1.864015e+01
 step=  3900  E=8.056407235024e+02  Q=1.347000000000e+03  λ=1.174587e+00  maxρ=9.763778e-01  minρ=1.000e-15  σ=2.508162e+00  Rc=1.864015e+01
 step=  4200  E=8.041174728707e+02  Q=1.347000000000e+03  λ=1.206741e+00  maxρ=9.729834e-01  minρ=1.000e-15  σ=2.508165e+00  Rc=1.864014e+01
 step=  4500  E=8.055244174523e+02  Q=1.347000000000e+03  λ=1.242163e+00  maxρ=9.704930e-01  minρ=1.000e-15  σ=2.508166e+00  Rc=1.864014e+01
 step=  4800  E=8.068332793402e+02  Q=1.347000000000e+03  λ=1.230092e+00  maxρ=9.746665e-01  minρ=1.000e-15  σ=2.508163e+00  Rc=1.864014e+01
 step=  5100  E=8.061745927765e+02  Q=1.347000000000e+03  λ=1.192758e+00  maxρ=9.758157e-01  minρ=1.000e-15  σ=2.508158e+00  Rc=1.864014e+01
 step=  5400  E=8.046699624017e+02  Q=1.347000000000e+03  λ=1.182532e+00  maxρ=9.746654e-01  minρ=1.000e-15  σ=2.508156e+00  Rc=1.864014e+01
 step=  5700  E=8.040388928872e+02  Q=1.347000000000e+03  λ=1.206175e+00  maxρ=9.713373e-01  minρ=1.000e-15  σ=2.508158e+00  Rc=1.864013e+01
 step=  6000  E=8.042412386596e+02  Q=1.347000000000e+03  λ=1.223465e+00  maxρ=9.684172e-01  minρ=1.000e-15  σ=2.508159e+00  Rc=1.864013e+01
 >>> No runaway detected in this horizon. Likely stable (within this model & box).

STABILITY: PASS
