
=== Aggressive relaxation to Q = 1339 ===
Initial: E=3.101872522252e+03, Q=1.339000000000e+03, dt=1.000e-04
 step=     1  E=3.101723827108e+03  Q=1.339000000000e+03  λ=4.673257e+00  dt=1.000e-04  relΔE=4.794e-05  ||F||=1.054e+00
 step=   500  E=2.929150537860e+03  Q=1.339000000000e+03  λ=4.388360e+00  dt=6.192e-04  relΔE=2.115e-04  ||F||=9.473e-01
 step=  1000  E=2.505754180784e+03  Q=1.339000000000e+03  λ=3.704791e+00  dt=9.584e-04  relΔE=2.309e-04  ||F||=7.357e-01
 step=  1500  E=2.213341531843e+03  Q=1.339000000000e+03  λ=3.242104e+00  dt=7.418e-04  relΔE=1.577e-04  ||F||=6.650e-01
 step=  2000  E=2.016438414307e+03  Q=1.339000000000e+03  λ=2.934609e+00  dt=1.148e-03  relΔE=1.746e-04  ||F||=5.243e-01
 step=  2500  E=1.861228231979e+03  Q=1.339000000000e+03  λ=2.694209e+00  dt=8.887e-04  relΔE=1.133e-04  ||F||=4.612e-01
 step=  3000  E=1.738489566356e+03  Q=1.339000000000e+03  λ=2.505819e+00  dt=1.376e-03  relΔE=1.499e-04  ||F||=4.140e-01
 step=  3500  E=1.642113833593e+03  Q=1.339000000000e+03  λ=2.358645e+00  dt=1.065e-03  relΔE=1.011e-04  ||F||=3.739e-01
 step=  4000  E=1.559700822357e+03  Q=1.339000000000e+03  λ=2.233534e+00  dt=8.241e-04  relΔE=6.891e-05  ||F||=3.419e-01
 step=  4500  E=1.490985656127e+03  Q=1.339000000000e+03  λ=2.129876e+00  dt=1.276e-03  relΔE=9.498e-05  ||F||=3.155e-01
 step=  5000  E=1.432614417441e+03  Q=1.339000000000e+03  λ=2.042127e+00  dt=9.873e-04  relΔE=6.664e-05  ||F||=2.944e-01
 step=  5500  E=1.379303839615e+03  Q=1.339000000000e+03  λ=1.962377e+00  dt=7.641e-04  relΔE=4.826e-05  ||F||=2.795e-01
 step=  6000  E=1.333460361242e+03  Q=1.339000000000e+03  λ=1.894169e+00  dt=1.183e-03  relΔE=6.948e-05  ||F||=2.650e-01
 step=  6500  E=1.290119268950e+03  Q=1.339000000000e+03  λ=1.829821e+00  dt=9.154e-04  relΔE=5.204e-05  ||F||=2.564e-01
 step=  7000  E=1.248247313300e+03  Q=1.339000000000e+03  λ=1.767823e+00  dt=1.417e-03  relΔE=7.942e-05  ||F||=2.967e-01
 step=  7500  E=1.209647860480e+03  Q=1.339000000000e+03  λ=1.710463e+00  dt=1.097e-03  relΔE=6.194e-05  ||F||=2.474e-01
 step=  8000  E=1.170706633598e+03  Q=1.339000000000e+03  λ=1.652331e+00  dt=8.488e-04  relΔE=4.813e-05  ||F||=2.439e-01
 step=  8500  E=1.133345861817e+03  Q=1.339000000000e+03  λ=1.596249e+00  dt=1.314e-03  relΔE=7.325e-05  ||F||=2.380e-01
 step=  9000  E=1.099098621565e+03  Q=1.339000000000e+03  λ=1.544439e+00  dt=1.017e-03  relΔE=5.359e-05  ||F||=2.279e-01
 step=  9500  E=1.068279021929e+03  Q=1.339000000000e+03  λ=1.497672e+00  dt=1.312e-03  relΔE=6.171e-05  ||F||=2.123e-01
 step= 10000  E=1.042616420364e+03  Q=1.339000000000e+03  λ=1.458671e+00  dt=1.015e-03  relΔE=3.996e-05  ||F||=1.918e-01
 step= 10500  E=1.021573459925e+03  Q=1.339000000000e+03  λ=1.426815e+00  dt=7.858e-04  relΔE=2.405e-05  ||F||=1.674e-01
 step= 11000  E=1.006529200668e+03  Q=1.339000000000e+03  λ=1.404242e+00  dt=1.216e-03  relΔE=2.711e-05  ||F||=1.418e-01
 step= 11500  E=9.958518113315e+02  Q=1.339000000000e+03  λ=1.388388e+00  dt=9.414e-04  relΔE=1.450e-05  ||F||=1.173e-01
 step= 12000  E=9.885145224384e+02  Q=1.339000000000e+03  λ=1.377829e+00  dt=1.457e-03  relΔE=8.605e-06  ||F||=5.955e-01
 step= 12500  E=9.840334413376e+02  Q=1.339000000000e+03  λ=1.371276e+00  dt=1.128e-03  relΔE=7.338e-06  ||F||=7.574e-02
 step= 13000  E=9.810983047051e+02  Q=1.339000000000e+03  λ=1.367192e+00  dt=8.730e-04  relΔE=3.524e-06  ||F||=5.957e-02
 step= 13500  E=9.792969527224e+02  Q=1.339000000000e+03  λ=1.364778e+00  dt=1.351e-03  relΔE=3.318e-06  ||F||=4.644e-02
 step= 14000  E=9.782319592280e+02  Q=1.339000000000e+03  λ=1.363413e+00  dt=1.046e-03  relΔE=1.562e-06  ||F||=3.617e-02
 step= 14500  E=9.775720883203e+02  Q=1.339000000000e+03  λ=1.362616e+00  dt=8.095e-04  relΔE=7.185e-07  ||F||=2.787e-02
 step= 15000  E=9.771873681650e+02  Q=1.339000000000e+03  λ=1.362187e+00  dt=1.253e-03  relΔE=6.604e-07  ||F||=2.147e-02
 step= 15500  E=9.769602895780e+02  Q=1.339000000000e+03  λ=1.361958e+00  dt=9.698e-04  relΔE=3.040e-07  ||F||=1.655e-02
 step= 16000  E=9.768212788048e+02  Q=1.339000000000e+03  λ=1.361835e+00  dt=7.506e-04  relΔE=1.477e-07  ||F||=1.314e-02
 step= 16500  E=9.767436543091e+02  Q=1.339000000000e+03  λ=1.361778e+00  dt=1.162e-03  relΔE=1.269e-07  ||F||=9.764e-03
 step= 17000  E=9.766960073086e+02  Q=1.339000000000e+03  λ=1.361750e+00  dt=8.992e-04  relΔE=5.807e-08  ||F||=7.504e-03
 step= 17500  E=9.766675374317e+02  Q=1.339000000000e+03  λ=1.361738e+00  dt=1.392e-03  relΔE=5.307e-08  ||F||=5.882e-03
 step= 18000  E=9.766511581714e+02  Q=1.339000000000e+03  λ=1.361733e+00  dt=1.077e-03  relΔE=2.492e-08  ||F||=4.487e-03
 step= 18500  E=9.766409240413e+02  Q=1.339000000000e+03  λ=1.361731e+00  dt=8.338e-04  relΔE=1.164e-08  ||F||=3.484e-03
 step= 19000  E=9.766347596471e+02  Q=1.339000000000e+03  λ=1.361730e+00  dt=1.291e-03  relΔE=1.105e-08  ||F||=2.728e-03
 step= 19500  E=9.766309981549e+02  Q=1.339000000000e+03  λ=1.361728e+00  dt=9.989e-04  relΔE=5.379e-09  ||F||=2.164e-03
 step= 20000  E=9.766285370837e+02  Q=1.339000000000e+03  λ=1.361726e+00  dt=7.731e-04  relΔE=2.665e-09  ||F||=1.733e-03
 step= 20500  E=9.766270202419e+02  Q=1.339000000000e+03  λ=1.361724e+00  dt=1.197e-03  relΔE=2.671e-09  ||F||=1.396e-03
 step= 21000  E=9.766259967362e+02  Q=1.339000000000e+03  λ=1.361721e+00  dt=9.263e-04  relΔE=1.382e-09  ||F||=1.144e-03
 step= 21500  E=9.766252898182e+02  Q=1.339000000000e+03  λ=1.361717e+00  dt=1.434e-03  relΔE=1.412e-09  ||F||=1.864e-03
 step= 22000  E=9.766248242092e+02  Q=1.339000000000e+03  λ=1.361714e+00  dt=1.110e-03  relΔE=7.991e-10  ||F||=8.009e-04
 step= 22500  E=9.766244794066e+02  Q=1.339000000000e+03  λ=1.361711e+00  dt=8.589e-04  relΔE=4.442e-10  ||F||=6.824e-04
 step= 23000  E=9.766242300057e+02  Q=1.339000000000e+03  λ=1.361708e+00  dt=1.329e-03  relΔE=5.043e-10  ||F||=5.883e-04
 step= 23500  E=9.766240491472e+02  Q=1.339000000000e+03  λ=1.361705e+00  dt=1.029e-03  relΔE=2.934e-10  ||F||=5.136e-04
 step= 24000  E=9.766239079060e+02  Q=1.339000000000e+03  λ=1.361702e+00  dt=7.964e-04  relΔE=1.724e-10  ||F||=4.512e-04
 step= 24500  E=9.766238033454e+02  Q=1.339000000000e+03  λ=1.361699e+00  dt=1.233e-03  relΔE=2.040e-10  ||F||=3.981e-04
 step= 25000  E=9.766237224398e+02  Q=1.339000000000e+03  λ=1.361696e+00  dt=9.541e-04  relΔE=1.222e-10  ||F||=3.538e-04
 step= 25500  E=9.766236575904e+02  Q=1.339000000000e+03  λ=1.361694e+00  dt=7.385e-04  relΔE=8.551e-11  ||F||=3.612e-04
 step= 26000  E=9.766236099613e+02  Q=1.339000000000e+03  λ=1.361692e+00  dt=1.143e-03  relΔE=8.877e-11  ||F||=2.818e-04
 step= 26500  E=9.766235712230e+02  Q=1.339000000000e+03  λ=1.361690e+00  dt=8.847e-04  relΔE=5.357e-11  ||F||=2.522e-04
 step= 27000  E=9.766235409406e+02  Q=1.339000000000e+03  λ=1.361688e+00  dt=1.369e-03  relΔE=6.459e-11  ||F||=2.265e-04
 step= 27500  E=9.766235179871e+02  Q=1.339000000000e+03  λ=1.361686e+00  dt=1.060e-03  relΔE=3.919e-11  ||F||=2.033e-04
 step= 28000  E=9.766234995400e+02  Q=1.339000000000e+03  λ=1.361685e+00  dt=8.203e-04  relΔE=2.357e-11  ||F||=1.826e-04
 step= 28500  E=9.766234853864e+02  Q=1.339000000000e+03  λ=1.361684e+00  dt=1.270e-03  relΔE=2.827e-11  ||F||=1.642e-04
 step= 29000  E=9.766234745561e+02  Q=1.339000000000e+03  λ=1.361682e+00  dt=9.828e-04  relΔE=1.694e-11  ||F||=1.479e-04
 step= 29500  E=9.766234662597e+02  Q=1.339000000000e+03  λ=1.361681e+00  dt=1.268e-03  relΔE=1.684e-11  ||F||=1.334e-04
 step= 30000  E=9.766234597852e+02  Q=1.339000000000e+03  λ=1.361680e+00  dt=9.812e-04  relΔE=9.904e-12  ||F||=1.202e-04
 step= 30500  E=9.766234547648e+02  Q=1.339000000000e+03  λ=1.361680e+00  dt=7.594e-04  relΔE=5.875e-12  ||F||=1.088e-04
 step= 31000  E=9.766234512069e+02  Q=1.339000000000e+03  λ=1.361679e+00  dt=1.176e-03  relΔE=6.584e-12  ||F||=9.745e-05
 step= 31500  E=9.766234485191e+02  Q=1.339000000000e+03  λ=1.361678e+00  dt=9.098e-04  relΔE=3.688e-12  ||F||=8.774e-05
 step= 32000  E=9.766234465730e+02  Q=1.339000000000e+03  λ=1.361677e+00  dt=1.408e-03  relΔE=3.985e-12  ||F||=8.151e-05
 step= 32500  E=9.766234452845e+02  Q=1.339000000000e+03  λ=1.361677e+00  dt=1.090e-03  relΔE=2.102e-12  ||F||=7.124e-05
 step= 33000  E=9.766234444093e+02  Q=1.339000000000e+03  λ=1.361676e+00  dt=8.436e-04  relΔE=1.020e-12  ||F||=6.412e-05
 step= 33500  E=9.766234438918e+02  Q=1.339000000000e+03  λ=1.361676e+00  dt=1.306e-03  relΔE=8.669e-13  ||F||=5.775e-05
 step= 34000  E=9.766234436431e+02  Q=1.339000000000e+03  λ=1.361675e+00  dt=1.011e-03  relΔE=2.644e-13  ||F||=5.212e-05
  !! dt fell below dt_min: stiffness-limited termination.

Stationary candidate (aggressive): E=9.766234435847e+02, Q=1.339000000000e+03, maxρ=9.978444e-01

=== Stability test (damped inertial dynamics) ===
Perturb eps=0.02, gamma=1
t=0: E=1.041693147399e+03, Q=1.339000000000e+03, maxρ=1.030782e+00, σ=2.472952e+00, Rc=1.877770e+01
 step=     1  E=1.041692821237e+03  Q=1.339000000000e+03  λ=1.746456e+00  maxρ=1.030782e+00  minρ=1.000e-15  σ=2.472952e+00  Rc=1.877770e+01
 step=   300  E=1.028317219595e+03  Q=1.339000000000e+03  λ=1.644168e+00  maxρ=1.029033e+00  minρ=1.000e-15  σ=2.472949e+00  Rc=1.877770e+01
 step=   600  E=1.001393841867e+03  Q=1.339000000000e+03  λ=1.458783e+00  maxρ=1.024100e+00  minρ=1.000e-15  σ=2.472943e+00  Rc=1.877770e+01
 step=   900  E=9.855760903473e+02  Q=1.339000000000e+03  λ=1.399306e+00  maxρ=1.016805e+00  minρ=1.000e-15  σ=2.472941e+00  Rc=1.877770e+01
 step=  1200  E=9.914788168029e+02  Q=1.339000000000e+03  λ=1.505715e+00  maxρ=1.013336e+00  minρ=1.000e-15  σ=2.472944e+00  Rc=1.877769e+01
 step=  1500  E=1.007572864945e+03  Q=1.339000000000e+03  λ=1.621726e+00  maxρ=1.018538e+00  minρ=1.000e-15  σ=2.472946e+00  Rc=1.877769e+01
 step=  1800  E=1.015860910357e+03  Q=1.339000000000e+03  λ=1.608413e+00  maxρ=1.021798e+00  minρ=1.000e-15  σ=2.472944e+00  Rc=1.877769e+01
 step=  2100  E=1.011094966640e+03  Q=1.339000000000e+03  λ=1.507917e+00  maxρ=1.016596e+00  minρ=1.000e-15  σ=2.472941e+00  Rc=1.877769e+01
 step=  2400  E=1.002612428402e+03  Q=1.339000000000e+03  λ=1.460869e+00  maxρ=1.006224e+00  minρ=1.000e-15  σ=2.472941e+00  Rc=1.877769e+01
 step=  2700  E=1.000508144929e+03  Q=1.339000000000e+03  λ=1.514870e+00  maxρ=1.008804e+00  minρ=1.000e-15  σ=2.472944e+00  Rc=1.877769e+01
 step=  3000  E=1.004635925798e+03  Q=1.339000000000e+03  λ=1.580742e+00  maxρ=1.021376e+00  minρ=1.000e-15  σ=2.472945e+00  Rc=1.877769e+01
 step=  3300  E=1.007789430519e+03  Q=1.339000000000e+03  λ=1.569238e+00  maxρ=1.023987e+00  minρ=1.000e-15  σ=2.472942e+00  Rc=1.877769e+01
 step=  3600  E=1.005910372241e+03  Q=1.339000000000e+03  λ=1.505162e+00  maxρ=1.019675e+00  minρ=1.000e-15  σ=2.472938e+00  Rc=1.877769e+01
 step=  3900  E=1.001912688467e+03  Q=1.339000000000e+03  λ=1.475829e+00  maxρ=1.019678e+00  minρ=1.000e-15  σ=2.472939e+00  Rc=1.877768e+01
 step=  4200  E=1.000385656579e+03  Q=1.339000000000e+03  λ=1.507570e+00  maxρ=1.016134e+00  minρ=1.000e-15  σ=2.472942e+00  Rc=1.877768e+01
 step=  4500  E=1.001782700873e+03  Q=1.339000000000e+03  λ=1.542874e+00  maxρ=1.013569e+00  minρ=1.000e-15  σ=2.472944e+00  Rc=1.877768e+01
 step=  4800  E=1.003103999242e+03  Q=1.339000000000e+03  λ=1.531125e+00  maxρ=1.017890e+00  minρ=1.000e-15  σ=2.472940e+00  Rc=1.877768e+01
 step=  5100  E=1.002470566490e+03  Q=1.339000000000e+03  λ=1.494117e+00  maxρ=1.019126e+00  minρ=1.000e-15  σ=2.472935e+00  Rc=1.877767e+01
 step=  5400  E=1.000968666082e+03  Q=1.339000000000e+03  λ=1.483813e+00  maxρ=1.017926e+00  minρ=1.000e-15  σ=2.472935e+00  Rc=1.877767e+01
 step=  5700  E=1.000310579054e+03  Q=1.339000000000e+03  λ=1.507122e+00  maxρ=1.014453e+00  minρ=1.000e-15  σ=2.472938e+00  Rc=1.877767e+01
 step=  6000  E=1.000492273331e+03  Q=1.339000000000e+03  λ=1.524275e+00  maxρ=1.010687e+00  minρ=1.000e-15  σ=2.472939e+00  Rc=1.877766e+01
 >>> No runaway detected in this horizon. Likely stable (within this model & box).

STABILITY: PASS
