
=== Aggressive relaxation to Q = 1120 ===
Initial: E=2.592675068648e+03, Q=1.120000000000e+03, dt=1.000e-04
 step=     1  E=2.592555036322e+03  Q=1.120000000000e+03  λ=4.629722e+00  dt=1.000e-04  relΔE=4.630e-05  ||F||=1.035e+00
 step=   500  E=2.452809808728e+03  Q=1.120000000000e+03  λ=4.361416e+00  dt=6.192e-04  relΔE=2.051e-04  ||F||=9.333e-01
 step=  1000  E=2.107288449652e+03  Q=1.120000000000e+03  λ=3.706579e+00  dt=9.584e-04  relΔE=2.260e-04  ||F||=7.299e-01
 step=  1500  E=1.865423583790e+03  Q=1.120000000000e+03  λ=3.255085e+00  dt=7.418e-04  relΔE=1.584e-04  ||F||=6.706e-01
 step=  2000  E=1.701237783217e+03  Q=1.120000000000e+03  λ=2.952090e+00  dt=1.148e-03  relΔE=1.730e-04  ||F||=5.242e-01
 step=  2500  E=1.571189549334e+03  Q=1.120000000000e+03  λ=2.713854e+00  dt=8.887e-04  relΔE=1.127e-04  ||F||=4.621e-01
 step=  3000  E=1.467992027743e+03  Q=1.120000000000e+03  λ=2.526382e+00  dt=1.376e-03  relΔE=1.495e-04  ||F||=4.156e-01
 step=  3500  E=1.386756630481e+03  Q=1.120000000000e+03  λ=2.379477e+00  dt=1.065e-03  relΔE=1.010e-04  ||F||=3.755e-01
 step=  4000  E=1.317248588981e+03  Q=1.120000000000e+03  λ=2.254463e+00  dt=8.241e-04  relΔE=6.893e-05  ||F||=3.436e-01
 step=  4500  E=1.259034297514e+03  Q=1.120000000000e+03  λ=2.150385e+00  dt=1.276e-03  relΔE=9.520e-05  ||F||=3.173e-01
 step=  5000  E=1.209591266045e+03  Q=1.120000000000e+03  λ=2.062269e+00  dt=9.873e-04  relΔE=6.690e-05  ||F||=2.964e-01
 step=  5500  E=1.164367679357e+03  Q=1.120000000000e+03  λ=1.982053e+00  dt=7.641e-04  relΔE=4.871e-05  ||F||=2.821e-01
 step=  6000  E=1.125469162724e+03  Q=1.120000000000e+03  λ=1.913423e+00  dt=1.183e-03  relΔE=7.000e-05  ||F||=2.672e-01
 step=  6500  E=1.088661382955e+03  Q=1.120000000000e+03  λ=1.848608e+00  dt=7.629e-04  relΔE=4.728e-05  ||F||=2.701e-01
 step=  7000  E=1.054546293073e+03  Q=1.120000000000e+03  λ=1.788681e+00  dt=1.181e-03  relΔE=6.698e-05  ||F||=2.532e-01
 step=  7500  E=1.020786522513e+03  Q=1.120000000000e+03  λ=1.729193e+00  dt=9.140e-04  relΔE=5.191e-05  ||F||=2.492e-01
 step=  8000  E=9.874595275696e+02  Q=1.120000000000e+03  λ=1.670216e+00  dt=1.415e-03  relΔE=7.987e-05  ||F||=2.962e-01
 step=  8500  E=9.569574782273e+02  Q=1.120000000000e+03  λ=1.615680e+00  dt=1.095e-03  relΔE=6.069e-05  ||F||=2.384e-01
 step=  9000  E=9.276119983355e+02  Q=1.120000000000e+03  λ=1.562734e+00  dt=8.475e-04  relΔE=4.406e-05  ||F||=2.273e-01
 step=  9500  E=9.026670978557e+02  Q=1.120000000000e+03  λ=1.517373e+00  dt=1.093e-03  relΔE=5.054e-05  ||F||=2.115e-01
 step= 10000  E=8.808871042078e+02  Q=1.120000000000e+03  λ=1.477463e+00  dt=8.461e-04  relΔE=3.244e-05  ||F||=1.903e-01
 step= 10500  E=8.638048389588e+02  Q=1.120000000000e+03  λ=1.446056e+00  dt=1.310e-03  relΔE=3.887e-05  ||F||=1.658e-01
 step= 11000  E=8.514412115214e+02  Q=1.120000000000e+03  λ=1.423243e+00  dt=1.014e-03  relΔE=2.204e-05  ||F||=1.408e-01
 step= 11500  E=8.424511907187e+02  Q=1.120000000000e+03  λ=1.406656e+00  dt=7.845e-04  relΔE=1.179e-05  ||F||=1.165e-01
 step= 12000  E=8.366387816295e+02  Q=1.120000000000e+03  λ=1.395961e+00  dt=1.214e-03  relΔE=1.205e-05  ||F||=9.432e-02
 step= 12500  E=8.328152995755e+02  Q=1.120000000000e+03  λ=1.388938e+00  dt=9.399e-04  relΔE=5.976e-06  ||F||=7.531e-02
 step= 13000  E=8.303498314631e+02  Q=1.120000000000e+03  λ=1.384468e+00  dt=1.455e-03  relΔE=4.364e-06  ||F||=2.840e-01
 step= 13500  E=8.289136754932e+02  Q=1.120000000000e+03  λ=1.381826e+00  dt=1.126e-03  relΔE=2.738e-06  ||F||=4.646e-02
 step= 14000  E=8.280019515553e+02  Q=1.120000000000e+03  λ=1.380183e+00  dt=8.715e-04  relΔE=1.273e-06  ||F||=3.599e-02
 step= 14500  E=8.274576875709e+02  Q=1.120000000000e+03  λ=1.379213e+00  dt=1.349e-03  relΔE=1.172e-06  ||F||=2.775e-02
 step= 15000  E=8.271422877453e+02  Q=1.120000000000e+03  λ=1.378657e+00  dt=1.044e-03  relΔE=5.428e-07  ||F||=2.145e-02
 step= 15500  E=8.269491125313e+02  Q=1.120000000000e+03  λ=1.378321e+00  dt=8.081e-04  relΔE=2.463e-07  ||F||=1.642e-02
 step= 16000  E=8.268380610785e+02  Q=1.120000000000e+03  λ=1.378131e+00  dt=1.251e-03  relΔE=2.242e-07  ||F||=1.258e-02
 step= 16500  E=8.267728765364e+02  Q=1.120000000000e+03  λ=1.378021e+00  dt=9.682e-04  relΔE=1.021e-07  ||F||=9.647e-03
 step= 17000  E=8.267334955371e+02  Q=1.120000000000e+03  λ=1.377957e+00  dt=7.493e-04  relΔE=4.849e-08  ||F||=7.562e-03
 step= 17500  E=8.267116827835e+02  Q=1.120000000000e+03  λ=1.377921e+00  dt=1.160e-03  relΔE=4.187e-08  ||F||=5.635e-03
 step= 18000  E=8.266984213983e+02  Q=1.120000000000e+03  λ=1.377900e+00  dt=8.978e-04  relΔE=1.890e-08  ||F||=4.299e-03
 step= 18500  E=8.266906295988e+02  Q=1.120000000000e+03  λ=1.377888e+00  dt=1.390e-03  relΔE=1.701e-08  ||F||=3.318e-03
 step= 19000  E=8.266862187521e+02  Q=1.120000000000e+03  λ=1.377880e+00  dt=1.076e-03  relΔE=7.824e-09  ||F||=2.520e-03
 step= 19500  E=8.266835282135e+02  Q=1.120000000000e+03  λ=1.377876e+00  dt=8.324e-04  relΔE=3.552e-09  ||F||=1.927e-03
 step= 20000  E=8.266819567590e+02  Q=1.120000000000e+03  λ=1.377873e+00  dt=1.289e-03  relΔE=3.249e-09  ||F||=1.479e-03
 step= 20500  E=8.266810380943e+02  Q=1.120000000000e+03  λ=1.377871e+00  dt=9.973e-04  relΔE=1.510e-09  ||F||=1.144e-03
 step= 21000  E=8.266804680684e+02  Q=1.120000000000e+03  λ=1.377870e+00  dt=7.719e-04  relΔE=7.055e-10  ||F||=8.874e-04
 step= 21500  E=8.266801390961e+02  Q=1.120000000000e+03  λ=1.377869e+00  dt=1.195e-03  relΔE=6.570e-10  ||F||=6.871e-04
 step= 22000  E=8.266799338206e+02  Q=1.120000000000e+03  λ=1.377868e+00  dt=9.248e-04  relΔE=3.119e-10  ||F||=5.380e-04
 step= 22500  E=8.266798046137e+02  Q=1.120000000000e+03  λ=1.377867e+00  dt=1.431e-03  relΔE=2.874e-10  ||F||=8.792e-04
 step= 23000  E=8.266797279742e+02  Q=1.120000000000e+03  λ=1.377867e+00  dt=1.108e-03  relΔE=1.469e-10  ||F||=3.392e-04
 step= 23500  E=8.266796770955e+02  Q=1.120000000000e+03  λ=1.377866e+00  dt=8.575e-04  relΔE=7.261e-11  ||F||=2.733e-04
 step= 24000  E=8.266796443935e+02  Q=1.120000000000e+03  λ=1.377866e+00  dt=1.327e-03  relΔE=7.304e-11  ||F||=2.233e-04
 step= 24500  E=8.266796234063e+02  Q=1.120000000000e+03  λ=1.377865e+00  dt=1.027e-03  relΔE=3.769e-11  ||F||=1.858e-04
 step= 25000  E=8.266796089079e+02  Q=1.120000000000e+03  λ=1.377865e+00  dt=7.951e-04  relΔE=1.952e-11  ||F||=1.560e-04
 step= 25500  E=8.266795994222e+02  Q=1.120000000000e+03  λ=1.377865e+00  dt=1.231e-03  relΔE=2.047e-11  ||F||=1.328e-04
 step= 26000  E=8.266795929351e+02  Q=1.120000000000e+03  λ=1.377865e+00  dt=9.526e-04  relΔE=1.083e-11  ||F||=1.146e-04
 step= 26500  E=8.266795883669e+02  Q=1.120000000000e+03  λ=1.377864e+00  dt=7.373e-04  relΔE=6.647e-12  ||F||=1.114e-04
 step= 27000  E=8.266795854428e+02  Q=1.120000000000e+03  λ=1.377864e+00  dt=1.141e-03  relΔE=5.966e-12  ||F||=8.755e-05
 step= 27500  E=8.266795833997e+02  Q=1.120000000000e+03  λ=1.377864e+00  dt=8.833e-04  relΔE=3.044e-12  ||F||=7.728e-05
 step= 28000  E=8.266795820718e+02  Q=1.120000000000e+03  λ=1.377864e+00  dt=1.367e-03  relΔE=2.981e-12  ||F||=6.864e-05
 step= 28500  E=8.266795812767e+02  Q=1.120000000000e+03  λ=1.377864e+00  dt=1.058e-03  relΔE=1.376e-12  ||F||=6.127e-05
 step= 29000  E=8.266795808198e+02  Q=1.120000000000e+03  λ=1.377863e+00  dt=8.190e-04  relΔE=5.321e-13  ||F||=5.475e-05
 step= 29500  E=8.266795806279e+02  Q=1.120000000000e+03  λ=1.377863e+00  dt=1.268e-03  relΔE=2.407e-13  ||F||=4.909e-05
  !! dt fell below dt_min: stiffness-limited termination.

Stationary candidate (aggressive): E=8.266795806046e+02, Q=1.120000000000e+03, maxρ=9.235378e-01

=== Stability test (damped inertial dynamics) ===
Perturb eps=0.02, gamma=1
t=0: E=8.810659748991e+02, Q=1.120000000000e+03, maxρ=9.534077e-01, σ=2.461234e+00, Rc=1.878153e+01
 step=     1  E=8.810657023128e+02  Q=1.120000000000e+03  λ=1.762335e+00  maxρ=9.534076e-01  minρ=1.000e-15  σ=2.461234e+00  Rc=1.878153e+01
 step=   300  E=8.698871937919e+02  Q=1.120000000000e+03  λ=1.660136e+00  maxρ=9.517897e-01  minρ=1.000e-15  σ=2.461231e+00  Rc=1.878153e+01
 step=   600  E=8.473863596853e+02  Q=1.120000000000e+03  λ=1.474908e+00  maxρ=9.472284e-01  minρ=1.000e-15  σ=2.461225e+00  Rc=1.878154e+01
 step=   900  E=8.341669981548e+02  Q=1.120000000000e+03  λ=1.415465e+00  maxρ=9.404824e-01  minρ=1.000e-15  σ=2.461223e+00  Rc=1.878153e+01
 step=  1200  E=8.390997491156e+02  Q=1.120000000000e+03  λ=1.521773e+00  maxρ=9.372574e-01  minρ=1.000e-15  σ=2.461226e+00  Rc=1.878153e+01
 step=  1500  E=8.525480378800e+02  Q=1.120000000000e+03  λ=1.637701e+00  maxρ=9.424905e-01  minρ=1.000e-15  σ=2.461228e+00  Rc=1.878152e+01
 step=  1800  E=8.594704335196e+02  Q=1.120000000000e+03  λ=1.624421e+00  maxρ=9.455074e-01  minρ=1.000e-15  σ=2.461226e+00  Rc=1.878152e+01
 step=  2100  E=8.554834229207e+02  Q=1.120000000000e+03  λ=1.523999e+00  maxρ=9.406944e-01  minρ=1.000e-15  σ=2.461223e+00  Rc=1.878152e+01
 step=  2400  E=8.483951260862e+02  Q=1.120000000000e+03  λ=1.476947e+00  maxρ=9.312757e-01  minρ=1.000e-15  σ=2.461223e+00  Rc=1.878152e+01
 step=  2700  E=8.466441105467e+02  Q=1.120000000000e+03  λ=1.530884e+00  maxρ=9.334506e-01  minρ=1.000e-15  σ=2.461226e+00  Rc=1.878152e+01
 step=  3000  E=8.501034475585e+02  Q=1.120000000000e+03  λ=1.596748e+00  maxρ=9.447102e-01  minρ=1.000e-15  σ=2.461226e+00  Rc=1.878152e+01
 step=  3300  E=8.527418725026e+02  Q=1.120000000000e+03  λ=1.585325e+00  maxρ=9.471259e-01  minρ=1.000e-15  σ=2.461223e+00  Rc=1.878152e+01
 step=  3600  E=8.511640311364e+02  Q=1.120000000000e+03  λ=1.521309e+00  maxρ=9.437367e-01  minρ=1.000e-15  σ=2.461219e+00  Rc=1.878152e+01
 step=  3900  E=8.478119279082e+02  Q=1.120000000000e+03  λ=1.491921e+00  maxρ=9.437413e-01  minρ=1.000e-15  σ=2.461220e+00  Rc=1.878152e+01
 step=  4200  E=8.465323381983e+02  Q=1.120000000000e+03  λ=1.523560e+00  maxρ=9.404627e-01  minρ=1.000e-15  σ=2.461224e+00  Rc=1.878152e+01
 step=  4500  E=8.477080002859e+02  Q=1.120000000000e+03  λ=1.558856e+00  maxρ=9.380200e-01  minρ=1.000e-15  σ=2.461225e+00  Rc=1.878151e+01
 step=  4800  E=8.488232354723e+02  Q=1.120000000000e+03  λ=1.547217e+00  maxρ=9.418919e-01  minρ=1.000e-15  σ=2.461221e+00  Rc=1.878151e+01
 step=  5100  E=8.482956651142e+02  Q=1.120000000000e+03  λ=1.510295e+00  maxρ=9.431672e-01  minρ=1.000e-15  σ=2.461216e+00  Rc=1.878151e+01
 step=  5400  E=8.470309659233e+02  Q=1.120000000000e+03  λ=1.499941e+00  maxρ=9.420600e-01  minρ=1.000e-15  σ=2.461216e+00  Rc=1.878151e+01
 step=  5700  E=8.464703877927e+02  Q=1.120000000000e+03  λ=1.523127e+00  maxρ=9.388496e-01  minρ=1.000e-15  σ=2.461219e+00  Rc=1.878150e+01
 step=  6000  E=8.466219213227e+02  Q=1.120000000000e+03  λ=1.540240e+00  maxρ=9.353213e-01  minρ=1.000e-15  σ=2.461220e+00  Rc=1.878150e+01
 >>> No runaway detected in this horizon. Likely stable (within this model & box).

STABILITY: PASS
