
=== Aggressive relaxation to Q = 1913 ===
Initial: E=4.463580309281e+03, Q=1.913000000000e+03, dt=1.000e-04
 step=     1  E=4.463340842277e+03  Q=1.913000000000e+03  λ=4.824414e+00  dt=1.000e-04  relΔE=5.365e-05  ||F||=1.119e+00
 step=   500  E=4.190557369492e+03  Q=1.913000000000e+03  λ=4.483545e+00  dt=6.192e-04  relΔE=2.304e-04  ||F||=9.893e-01
 step=  1000  E=3.545297826906e+03  Q=1.913000000000e+03  λ=3.719386e+00  dt=9.584e-04  relΔE=2.440e-04  ||F||=7.526e-01
 step=  1500  E=3.112643374260e+03  Q=1.913000000000e+03  λ=3.224826e+00  dt=7.418e-04  relΔE=1.765e-04  ||F||=7.543e-01
 step=  2000  E=2.827300477299e+03  Q=1.913000000000e+03  λ=2.904147e+00  dt=1.148e-03  relΔE=1.791e-04  ||F||=5.261e-01
 step=  2500  E=2.604636749162e+03  Q=1.913000000000e+03  λ=2.656508e+00  dt=8.887e-04  relΔE=1.153e-04  ||F||=4.604e-01
 step=  3000  E=2.430537702733e+03  Q=1.913000000000e+03  λ=2.464917e+00  dt=1.376e-03  relΔE=1.516e-04  ||F||=4.113e-01
 step=  3500  E=2.294453478838e+03  Q=1.913000000000e+03  λ=2.316093e+00  dt=1.065e-03  relΔE=1.018e-04  ||F||=3.710e-01
 step=  4000  E=2.178783310352e+03  Q=1.913000000000e+03  λ=2.190455e+00  dt=8.241e-04  relΔE=6.911e-05  ||F||=3.386e-01
 step=  4500  E=2.082673507631e+03  Q=1.913000000000e+03  λ=2.086800e+00  dt=1.276e-03  relΔE=9.496e-05  ||F||=3.119e-01
 step=  5000  E=2.001146256752e+03  Q=1.913000000000e+03  λ=1.999225e+00  dt=9.873e-04  relΔE=6.645e-05  ||F||=2.907e-01
 step=  5500  E=1.926983865629e+03  Q=1.913000000000e+03  λ=1.919975e+00  dt=7.641e-04  relΔE=4.854e-05  ||F||=2.772e-01
 step=  6000  E=1.863357580163e+03  Q=1.913000000000e+03  λ=1.852349e+00  dt=1.183e-03  relΔE=6.909e-05  ||F||=2.613e-01
 step=  6500  E=1.803044611145e+03  Q=1.913000000000e+03  λ=1.788354e+00  dt=9.154e-04  relΔE=5.178e-05  ||F||=2.530e-01
 step=  7000  E=1.744714437278e+03  Q=1.913000000000e+03  λ=1.726606e+00  dt=1.417e-03  relΔE=7.919e-05  ||F||=3.116e-01
 step=  7500  E=1.691684272761e+03  Q=1.913000000000e+03  λ=1.670243e+00  dt=9.140e-04  relΔE=5.187e-05  ||F||=2.454e-01
 step=  8000  E=1.636288228341e+03  Q=1.913000000000e+03  λ=1.611308e+00  dt=1.415e-03  relΔE=8.103e-05  ||F||=2.751e-01
 step=  8500  E=1.584758959122e+03  Q=1.913000000000e+03  λ=1.556286e+00  dt=1.095e-03  relΔE=6.233e-05  ||F||=2.379e-01
 step=  9000  E=1.534525840809e+03  Q=1.913000000000e+03  λ=1.502801e+00  dt=8.475e-04  relΔE=4.574e-05  ||F||=2.279e-01
 step=  9500  E=1.491613554668e+03  Q=1.913000000000e+03  λ=1.457596e+00  dt=1.093e-03  relΔE=5.265e-05  ||F||=2.123e-01
 step= 10000  E=1.454180824815e+03  Q=1.913000000000e+03  λ=1.418851e+00  dt=8.461e-04  relΔE=3.368e-05  ||F||=1.906e-01
 step= 10500  E=1.425041362453e+03  Q=1.913000000000e+03  λ=1.389556e+00  dt=1.310e-03  relΔE=3.997e-05  ||F||=1.652e-01
 step= 11000  E=1.404189995604e+03  Q=1.913000000000e+03  λ=1.369317e+00  dt=1.014e-03  relΔE=2.239e-05  ||F||=1.395e-01
 step= 11500  E=1.389216471371e+03  Q=1.913000000000e+03  λ=1.355443e+00  dt=7.845e-04  relΔE=1.183e-05  ||F||=1.147e-01
 step= 12000  E=1.379644091979e+03  Q=1.913000000000e+03  λ=1.347079e+00  dt=1.214e-03  relΔE=1.198e-05  ||F||=9.239e-02
 step= 12500  E=1.373399082344e+03  Q=1.913000000000e+03  λ=1.341990e+00  dt=9.399e-04  relΔE=5.900e-06  ||F||=7.354e-02
 step= 13000  E=1.369389760360e+03  Q=1.913000000000e+03  λ=1.339046e+00  dt=1.455e-03  relΔE=4.324e-06  ||F||=2.746e-01
 step= 13500  E=1.367053222042e+03  Q=1.913000000000e+03  λ=1.337471e+00  dt=1.126e-03  relΔE=2.707e-06  ||F||=4.540e-02
 step= 14000  E=1.365560416829e+03  Q=1.913000000000e+03  λ=1.336623e+00  dt=8.715e-04  relΔE=1.272e-06  ||F||=3.535e-02
 step= 14500  E=1.364657024605e+03  Q=1.913000000000e+03  λ=1.336202e+00  dt=1.349e-03  relΔE=1.192e-06  ||F||=2.751e-02
 step= 15000  E=1.364121726455e+03  Q=1.913000000000e+03  λ=1.336008e+00  dt=1.044e-03  relΔE=5.674e-07  ||F||=2.156e-02
 step= 15500  E=1.363782839190e+03  Q=1.913000000000e+03  λ=1.335917e+00  dt=8.081e-04  relΔE=2.681e-07  ||F||=1.684e-02
 step= 16000  E=1.363578405582e+03  Q=1.913000000000e+03  λ=1.335875e+00  dt=1.251e-03  relΔE=2.576e-07  ||F||=1.327e-02
 step= 16500  E=1.363451152605e+03  Q=1.913000000000e+03  λ=1.335850e+00  dt=9.682e-04  relΔE=1.263e-07  ||F||=1.056e-02
 step= 17000  E=1.363367221036e+03  Q=1.913000000000e+03  λ=1.335826e+00  dt=7.493e-04  relΔE=6.617e-08  ||F||=8.697e-03
 step= 17500  E=1.363315641365e+03  Q=1.913000000000e+03  λ=1.335801e+00  dt=1.160e-03  relΔE=6.398e-08  ||F||=6.866e-03
 step= 18000  E=1.363279998106e+03  Q=1.913000000000e+03  λ=1.335771e+00  dt=8.978e-04  relΔE=3.336e-08  ||F||=5.637e-03
 step= 18500  E=1.363255474408e+03  Q=1.913000000000e+03  λ=1.335735e+00  dt=1.390e-03  relΔE=3.561e-08  ||F||=4.760e-03
 step= 19000  E=1.363238882249e+03  Q=1.913000000000e+03  λ=1.335699e+00  dt=1.076e-03  relΔE=1.977e-08  ||F||=3.969e-03
 step= 19500  E=1.363226489684e+03  Q=1.913000000000e+03  λ=1.335659e+00  dt=8.324e-04  relΔE=1.114e-08  ||F||=3.389e-03
 step= 20000  E=1.363217461979e+03  Q=1.913000000000e+03  λ=1.335619e+00  dt=1.289e-03  relΔE=1.284e-08  ||F||=2.927e-03
 step= 20500  E=1.363210771463e+03  Q=1.913000000000e+03  λ=1.335581e+00  dt=9.973e-04  relΔE=7.578e-09  ||F||=2.559e-03
 step= 21000  E=1.363205448398e+03  Q=1.913000000000e+03  λ=1.335543e+00  dt=7.719e-04  relΔE=4.577e-09  ||F||=2.264e-03
 step= 21500  E=1.363201498364e+03  Q=1.913000000000e+03  λ=1.335508e+00  dt=1.195e-03  relΔE=5.455e-09  ||F||=1.988e-03
 step= 22000  E=1.363198335531e+03  Q=1.913000000000e+03  λ=1.335475e+00  dt=9.248e-04  relΔE=3.325e-09  ||F||=1.767e-03
 step= 22500  E=1.363195779166e+03  Q=1.913000000000e+03  λ=1.335443e+00  dt=1.431e-03  relΔE=3.984e-09  ||F||=2.669e-03
 step= 23000  E=1.363193847465e+03  Q=1.913000000000e+03  λ=1.335414e+00  dt=1.108e-03  relΔE=2.521e-09  ||F||=1.410e-03
 step= 23500  E=1.363192244750e+03  Q=1.913000000000e+03  λ=1.335388e+00  dt=8.575e-04  relΔE=1.559e-09  ||F||=1.263e-03
 step= 24000  E=1.363190964555e+03  Q=1.913000000000e+03  λ=1.335363e+00  dt=1.327e-03  relΔE=1.934e-09  ||F||=1.133e-03
 step= 24500  E=1.363189959766e+03  Q=1.913000000000e+03  λ=1.335341e+00  dt=1.027e-03  relΔE=1.209e-09  ||F||=1.020e-03
 step= 25000  E=1.363189121352e+03  Q=1.913000000000e+03  λ=1.335321e+00  dt=7.951e-04  relΔE=7.535e-10  ||F||=9.176e-04
 step= 25500  E=1.363188465166e+03  Q=1.913000000000e+03  λ=1.335302e+00  dt=1.231e-03  relΔE=9.389e-10  ||F||=8.254e-04
 step= 26000  E=1.363187932940e+03  Q=1.913000000000e+03  λ=1.335286e+00  dt=9.526e-04  relΔE=5.870e-10  ||F||=7.438e-04
 step= 26500  E=1.363187489029e+03  Q=1.913000000000e+03  λ=1.335270e+00  dt=7.373e-04  relΔE=4.660e-10  ||F||=1.066e-03
 step= 27000  E=1.363187151296e+03  Q=1.913000000000e+03  λ=1.335257e+00  dt=1.141e-03  relΔE=4.578e-10  ||F||=6.040e-04
 step= 27500  E=1.363186867707e+03  Q=1.913000000000e+03  λ=1.335245e+00  dt=8.833e-04  relΔE=2.853e-10  ||F||=5.440e-04
 step= 28000  E=1.363186638787e+03  Q=1.913000000000e+03  λ=1.335233e+00  dt=1.367e-03  relΔE=3.552e-10  ||F||=4.910e-04
 step= 28500  E=1.363186464099e+03  Q=1.913000000000e+03  λ=1.335224e+00  dt=8.818e-04  relΔE=1.864e-10  ||F||=4.439e-04
 step= 29000  E=1.363186313179e+03  Q=1.913000000000e+03  λ=1.335214e+00  dt=1.365e-03  relΔE=2.313e-10  ||F||=4.000e-04
 step= 29500  E=1.363186196164e+03  Q=1.913000000000e+03  λ=1.335206e+00  dt=1.056e-03  relΔE=1.445e-10  ||F||=3.609e-04
 step= 30000  E=1.363186099359e+03  Q=1.913000000000e+03  λ=1.335199e+00  dt=8.177e-04  relΔE=8.983e-11  ||F||=3.255e-04
 step= 30500  E=1.363186025935e+03  Q=1.913000000000e+03  λ=1.335192e+00  dt=1.055e-03  relΔE=9.376e-11  ||F||=2.948e-04
 step= 31000  E=1.363185962470e+03  Q=1.913000000000e+03  λ=1.335186e+00  dt=8.164e-04  relΔE=5.795e-11  ||F||=2.656e-04
 step= 31500  E=1.363185913039e+03  Q=1.913000000000e+03  λ=1.335181e+00  dt=1.264e-03  relΔE=7.161e-11  ||F||=2.395e-04
 step= 32000  E=1.363185873925e+03  Q=1.913000000000e+03  λ=1.335176e+00  dt=9.780e-04  relΔE=4.434e-11  ||F||=2.163e-04
 step= 32500  E=1.363185841545e+03  Q=1.913000000000e+03  λ=1.335171e+00  dt=7.570e-04  relΔE=2.802e-11  ||F||=1.973e-04
 step= 33000  E=1.363185817113e+03  Q=1.913000000000e+03  λ=1.335168e+00  dt=1.172e-03  relΔE=3.351e-11  ||F||=1.761e-04
 step= 33500  E=1.363185797153e+03  Q=1.913000000000e+03  λ=1.335164e+00  dt=9.069e-04  relΔE=2.049e-11  ||F||=1.588e-04
 step= 34000  E=1.363185781218e+03  Q=1.913000000000e+03  λ=1.335161e+00  dt=1.404e-03  relΔE=2.482e-11  ||F||=1.505e-04
 step= 34500  E=1.363185769221e+03  Q=1.913000000000e+03  λ=1.335158e+00  dt=1.086e-03  relΔE=1.516e-11  ||F||=1.294e-04
 step= 35000  E=1.363185759503e+03  Q=1.913000000000e+03  λ=1.335155e+00  dt=8.409e-04  relΔE=9.117e-12  ||F||=1.166e-04
 step= 35500  E=1.363185752019e+03  Q=1.913000000000e+03  λ=1.335153e+00  dt=1.302e-03  relΔE=1.089e-11  ||F||=1.052e-04
 step= 36000  E=1.363185746370e+03  Q=1.913000000000e+03  λ=1.335151e+00  dt=1.007e-03  relΔE=6.489e-12  ||F||=9.507e-05
 step= 36500  E=1.363185741893e+03  Q=1.913000000000e+03  λ=1.335149e+00  dt=7.797e-04  relΔE=3.824e-12  ||F||=8.587e-05
 step= 37000  E=1.363185738654e+03  Q=1.913000000000e+03  λ=1.335147e+00  dt=1.207e-03  relΔE=4.396e-12  ||F||=7.738e-05
 step= 37500  E=1.363185736212e+03  Q=1.913000000000e+03  λ=1.335145e+00  dt=9.342e-04  relΔE=2.496e-12  ||F||=6.984e-05
 step= 38000  E=1.363185734398e+03  Q=1.913000000000e+03  λ=1.335144e+00  dt=1.446e-03  relΔE=2.408e-12  ||F||=1.517e-04
 step= 38500  E=1.363185733193e+03  Q=1.913000000000e+03  λ=1.335143e+00  dt=1.119e-03  relΔE=1.473e-12  ||F||=5.689e-05
 step= 39000  E=1.363185732349e+03  Q=1.913000000000e+03  λ=1.335141e+00  dt=8.662e-04  relΔE=7.372e-13  ||F||=5.130e-05
 step= 39500  E=1.363185731827e+03  Q=1.913000000000e+03  λ=1.335140e+00  dt=1.341e-03  relΔE=6.638e-13  ||F||=4.626e-05
 step= 40000  E=1.363185731554e+03  Q=1.913000000000e+03  λ=1.335139e+00  dt=1.038e-03  relΔE=2.395e-13  ||F||=4.182e-05
 step= 40500  E=1.363185731456e+03  Q=1.913000000000e+03  λ=1.335139e+00  dt=8.032e-04  relΔE=2.168e-14  ||F||=3.770e-05
  !! dt fell below dt_min: stiffness-limited termination.

Stationary candidate (aggressive): E=1.363185731455e+03, Q=1.913000000000e+03, maxρ=1.140934e+00

=== Stability test (damped inertial dynamics) ===
Perturb eps=0.02, gamma=1
t=0: E=1.456388440591e+03, Q=1.913000000000e+03, maxρ=1.180756e+00, σ=2.554944e+00, Rc=1.875896e+01
 step=     1  E=1.456387973172e+03  Q=1.913000000000e+03  λ=1.721111e+00  maxρ=1.180756e+00  minρ=1.000e-15  σ=2.554944e+00  Rc=1.875896e+01
 step=   300  E=1.437219859836e+03  Q=1.913000000000e+03  λ=1.618458e+00  maxρ=1.178751e+00  minρ=1.000e-15  σ=2.554940e+00  Rc=1.875896e+01
 step=   600  E=1.398639895187e+03  Q=1.913000000000e+03  λ=1.432456e+00  maxρ=1.173098e+00  minρ=1.000e-15  σ=2.554935e+00  Rc=1.875897e+01
 step=   900  E=1.375981137686e+03  Q=1.913000000000e+03  λ=1.372877e+00  maxρ=1.164738e+00  minρ=1.000e-15  σ=2.554933e+00  Rc=1.875896e+01
 step=  1200  E=1.384452063052e+03  Q=1.913000000000e+03  λ=1.479739e+00  maxρ=1.160817e+00  minρ=1.000e-15  σ=2.554936e+00  Rc=1.875896e+01
 step=  1500  E=1.407526226042e+03  Q=1.913000000000e+03  λ=1.596085e+00  maxρ=1.165289e+00  minρ=1.000e-15  σ=2.554938e+00  Rc=1.875895e+01
 step=  1800  E=1.419413754512e+03  Q=1.913000000000e+03  λ=1.582573e+00  maxρ=1.169017e+00  minρ=1.000e-15  σ=2.554936e+00  Rc=1.875895e+01
 step=  2100  E=1.412594084072e+03  Q=1.913000000000e+03  λ=1.481712e+00  maxρ=1.163063e+00  minρ=1.000e-15  σ=2.554933e+00  Rc=1.875895e+01
 step=  2400  E=1.400436064033e+03  Q=1.913000000000e+03  λ=1.434684e+00  maxρ=1.150760e+00  minρ=1.000e-15  σ=2.554933e+00  Rc=1.875895e+01
 step=  2700  E=1.397391780619e+03  Q=1.913000000000e+03  λ=1.489020e+00  maxρ=1.155419e+00  minρ=1.000e-15  σ=2.554936e+00  Rc=1.875895e+01
 step=  3000  E=1.403261986115e+03  Q=1.913000000000e+03  λ=1.554989e+00  maxρ=1.169921e+00  minρ=1.000e-15  σ=2.554937e+00  Rc=1.875895e+01
 step=  3300  E=1.407758684887e+03  Q=1.913000000000e+03  λ=1.543148e+00  maxρ=1.172908e+00  minρ=1.000e-15  σ=2.554933e+00  Rc=1.875895e+01
 step=  3600  E=1.405095138840e+03  Q=1.913000000000e+03  λ=1.478758e+00  maxρ=1.165910e+00  minρ=1.000e-15  σ=2.554930e+00  Rc=1.875895e+01
 step=  3900  E=1.399424378973e+03  Q=1.913000000000e+03  λ=1.449591e+00  maxρ=1.165908e+00  minρ=1.000e-15  σ=2.554930e+00  Rc=1.875895e+01
 step=  4200  E=1.397262616997e+03  Q=1.913000000000e+03  λ=1.481765e+00  maxρ=1.161850e+00  minρ=1.000e-15  σ=2.554934e+00  Rc=1.875894e+01
 step=  4500  E=1.399227348177e+03  Q=1.913000000000e+03  λ=1.517165e+00  maxρ=1.159155e+00  minρ=1.000e-15  σ=2.554935e+00  Rc=1.875894e+01
 step=  4800  E=1.401057988477e+03  Q=1.913000000000e+03  λ=1.505023e+00  maxρ=1.164547e+00  minρ=1.000e-15  σ=2.554932e+00  Rc=1.875894e+01
 step=  5100  E=1.400132835236e+03  Q=1.913000000000e+03  λ=1.467645e+00  maxρ=1.165498e+00  minρ=1.000e-15  σ=2.554927e+00  Rc=1.875894e+01
 step=  5400  E=1.398031894297e+03  Q=1.913000000000e+03  λ=1.457481e+00  maxρ=1.164116e+00  minρ=1.000e-15  σ=2.554926e+00  Rc=1.875893e+01
 step=  5700  E=1.397155246453e+03  Q=1.913000000000e+03  λ=1.481254e+00  maxρ=1.160134e+00  minρ=1.000e-15  σ=2.554929e+00  Rc=1.875893e+01
 step=  6000  E=1.397424363233e+03  Q=1.913000000000e+03  λ=1.498592e+00  maxρ=1.155951e+00  minρ=1.000e-15  σ=2.554930e+00  Rc=1.875893e+01
 >>> No runaway detected in this horizon. Likely stable (within this model & box).

STABILITY: PASS
