
=== Aggressive relaxation to Q = 1934 ===
Initial: E=4.514264879934e+03, Q=1.934000000000e+03, dt=1.000e-04
 step=     1  E=4.514021565515e+03  Q=1.934000000000e+03  λ=4.830723e+00  dt=1.000e-04  relΔE=5.390e-05  ||F||=1.122e+00
 step=   500  E=4.237125629929e+03  Q=1.934000000000e+03  λ=4.487475e+00  dt=6.192e-04  relΔE=2.311e-04  ||F||=9.910e-01
 step=  1000  E=3.582488224114e+03  Q=1.934000000000e+03  λ=3.719382e+00  dt=9.584e-04  relΔE=2.443e-04  ||F||=7.530e-01
 step=  1500  E=3.145284657105e+03  Q=1.934000000000e+03  λ=3.224523e+00  dt=7.418e-04  relΔE=1.761e-04  ||F||=7.528e-01
 step=  2000  E=2.856646476676e+03  Q=1.934000000000e+03  λ=2.903366e+00  dt=1.148e-03  relΔE=1.793e-04  ||F||=5.262e-01
 step=  2500  E=2.631736120140e+03  Q=1.934000000000e+03  λ=2.655729e+00  dt=8.887e-04  relΔE=1.154e-04  ||F||=4.604e-01
 step=  3000  E=2.455482993181e+03  Q=1.934000000000e+03  λ=2.463716e+00  dt=1.376e-03  relΔE=1.516e-04  ||F||=4.116e-01
 step=  3500  E=2.318104527549e+03  Q=1.934000000000e+03  λ=2.314991e+00  dt=1.065e-03  relΔE=1.018e-04  ||F||=3.709e-01
 step=  4000  E=2.201201234536e+03  Q=1.934000000000e+03  λ=2.189297e+00  dt=8.241e-04  relΔE=6.908e-05  ||F||=3.384e-01
 step=  4500  E=2.103938475434e+03  Q=1.934000000000e+03  λ=2.085462e+00  dt=1.276e-03  relΔE=9.497e-05  ||F||=3.118e-01
 step=  5000  E=2.021576404879e+03  Q=1.934000000000e+03  λ=1.997889e+00  dt=9.873e-04  relΔE=6.645e-05  ||F||=2.906e-01
 step=  5500  E=1.946651411654e+03  Q=1.934000000000e+03  λ=1.918638e+00  dt=7.641e-04  relΔE=4.816e-05  ||F||=2.760e-01
 step=  6000  E=1.882381762916e+03  Q=1.934000000000e+03  λ=1.851022e+00  dt=1.183e-03  relΔE=6.909e-05  ||F||=2.612e-01
 step=  6500  E=1.821434102348e+03  Q=1.934000000000e+03  λ=1.787009e+00  dt=9.154e-04  relΔE=5.179e-05  ||F||=2.529e-01
 step=  7000  E=1.762492814550e+03  Q=1.934000000000e+03  λ=1.725242e+00  dt=1.417e-03  relΔE=7.932e-05  ||F||=2.986e-01
 step=  7500  E=1.707867542784e+03  Q=1.934000000000e+03  λ=1.667792e+00  dt=1.097e-03  relΔE=6.229e-05  ||F||=2.453e-01
 step=  8000  E=1.652352625227e+03  Q=1.934000000000e+03  λ=1.609247e+00  dt=8.488e-04  relΔE=4.881e-05  ||F||=2.428e-01
 step=  8500  E=1.600653851645e+03  Q=1.934000000000e+03  λ=1.554679e+00  dt=1.095e-03  relΔE=6.237e-05  ||F||=2.379e-01
 step=  9000  E=1.550092654261e+03  Q=1.934000000000e+03  λ=1.501423e+00  dt=8.475e-04  relΔE=4.574e-05  ||F||=2.279e-01
 step=  9500  E=1.505132627349e+03  Q=1.934000000000e+03  λ=1.454625e+00  dt=1.312e-03  relΔE=6.281e-05  ||F||=2.115e-01
 step= 10000  E=1.468418584406e+03  Q=1.934000000000e+03  λ=1.417099e+00  dt=1.015e-03  relΔE=4.022e-05  ||F||=1.900e-01
 step= 10500  E=1.438793002021e+03  Q=1.934000000000e+03  λ=1.387692e+00  dt=7.858e-04  relΔE=2.384e-05  ||F||=1.646e-01
 step= 11000  E=1.417925678702e+03  Q=1.934000000000e+03  λ=1.367777e+00  dt=1.216e-03  relΔE=2.649e-05  ||F||=1.384e-01
 step= 11500  E=1.403318099937e+03  Q=1.934000000000e+03  λ=1.354463e+00  dt=9.414e-04  relΔE=1.399e-05  ||F||=1.138e-01
 step= 12000  E=1.393392244263e+03  Q=1.934000000000e+03  λ=1.346090e+00  dt=1.457e-03  relΔE=8.237e-06  ||F||=5.740e-01
 step= 12500  E=1.387374606626e+03  Q=1.934000000000e+03  λ=1.341155e+00  dt=1.128e-03  relΔE=6.974e-06  ||F||=7.296e-02
 step= 13000  E=1.383443743201e+03  Q=1.934000000000e+03  λ=1.338301e+00  dt=8.730e-04  relΔE=3.348e-06  ||F||=5.737e-02
 step= 13500  E=1.381025730146e+03  Q=1.934000000000e+03  λ=1.336749e+00  dt=1.351e-03  relΔE=3.169e-06  ||F||=4.484e-02
 step= 14000  E=1.379584573343e+03  Q=1.934000000000e+03  λ=1.335957e+00  dt=1.046e-03  relΔE=1.509e-06  ||F||=3.514e-02
 step= 14500  E=1.378678284432e+03  Q=1.934000000000e+03  λ=1.335550e+00  dt=8.095e-04  relΔE=7.075e-07  ||F||=2.734e-02
 step= 15000  E=1.378137483895e+03  Q=1.934000000000e+03  λ=1.335362e+00  dt=1.253e-03  relΔE=6.688e-07  ||F||=2.136e-02
 step= 15500  E=1.377807626892e+03  Q=1.934000000000e+03  λ=1.335277e+00  dt=9.698e-04  relΔE=3.201e-07  ||F||=1.679e-02
 step= 16000  E=1.377596290543e+03  Q=1.934000000000e+03  λ=1.335234e+00  dt=7.506e-04  relΔE=1.627e-07  ||F||=1.363e-02
 step= 16500  E=1.377471004917e+03  Q=1.934000000000e+03  λ=1.335208e+00  dt=1.162e-03  relΔE=1.508e-07  ||F||=1.053e-02
 step= 17000  E=1.377387986532e+03  Q=1.934000000000e+03  λ=1.335184e+00  dt=8.992e-04  relΔE=7.516e-08  ||F||=8.448e-03
 step= 17500  E=1.377333493962e+03  Q=1.934000000000e+03  λ=1.335155e+00  dt=1.392e-03  relΔE=7.638e-08  ||F||=7.033e-03
 step= 18000  E=1.377298414284e+03  Q=1.934000000000e+03  λ=1.335122e+00  dt=1.077e-03  relΔE=4.049e-08  ||F||=5.667e-03
 step= 18500  E=1.377273409515e+03  Q=1.934000000000e+03  λ=1.335085e+00  dt=8.338e-04  relΔE=2.177e-08  ||F||=4.725e-03
 step= 19000  E=1.377255938479e+03  Q=1.934000000000e+03  λ=1.335044e+00  dt=1.291e-03  relΔE=2.406e-08  ||F||=3.996e-03
 step= 19500  E=1.377243505271e+03  Q=1.934000000000e+03  λ=1.335004e+00  dt=9.989e-04  relΔE=1.371e-08  ||F||=3.431e-03
 step= 20000  E=1.377233947336e+03  Q=1.934000000000e+03  λ=1.334961e+00  dt=7.731e-04  relΔE=7.989e-09  ||F||=2.981e-03
 step= 20500  E=1.377227035634e+03  Q=1.934000000000e+03  λ=1.334921e+00  dt=1.197e-03  relΔE=9.351e-09  ||F||=2.594e-03
 step= 21000  E=1.377221616587e+03  Q=1.934000000000e+03  λ=1.334882e+00  dt=9.263e-04  relΔE=5.594e-09  ||F||=2.283e-03
 step= 21500  E=1.377217309759e+03  Q=1.934000000000e+03  λ=1.334843e+00  dt=1.434e-03  relΔE=6.610e-09  ||F||=3.382e-03
 step= 22000  E=1.377214099838e+03  Q=1.934000000000e+03  λ=1.334809e+00  dt=1.110e-03  relΔE=4.137e-09  ||F||=1.799e-03
 step= 22500  E=1.377211453794e+03  Q=1.934000000000e+03  λ=1.334776e+00  dt=8.589e-04  relΔE=2.538e-09  ||F||=1.604e-03
 step= 23000  E=1.377209360057e+03  Q=1.934000000000e+03  λ=1.334746e+00  dt=1.329e-03  relΔE=3.131e-09  ||F||=1.434e-03
 step= 23500  E=1.377207722555e+03  Q=1.934000000000e+03  λ=1.334719e+00  dt=1.029e-03  relΔE=1.949e-09  ||F||=1.288e-03
 step= 24000  E=1.377206360465e+03  Q=1.934000000000e+03  λ=1.334693e+00  dt=7.964e-04  relΔE=1.211e-09  ||F||=1.157e-03
 step= 24500  E=1.377205296822e+03  Q=1.934000000000e+03  λ=1.334670e+00  dt=1.233e-03  relΔE=1.507e-09  ||F||=1.039e-03
 step= 25000  E=1.377204435070e+03  Q=1.934000000000e+03  λ=1.334649e+00  dt=9.541e-04  relΔE=9.416e-10  ||F||=9.356e-04
 step= 25500  E=1.377203717215e+03  Q=1.934000000000e+03  λ=1.334629e+00  dt=7.385e-04  relΔE=6.773e-10  ||F||=9.672e-04
 step= 26000  E=1.377203170865e+03  Q=1.934000000000e+03  λ=1.334612e+00  dt=1.143e-03  relΔE=7.346e-10  ||F||=7.588e-04
 step= 26500  E=1.377202711486e+03  Q=1.934000000000e+03  λ=1.334597e+00  dt=8.847e-04  relΔE=4.583e-10  ||F||=6.833e-04
 step= 27000  E=1.377202340317e+03  Q=1.934000000000e+03  λ=1.334582e+00  dt=1.369e-03  relΔE=5.711e-10  ||F||=6.168e-04
 step= 27500  E=1.377202049527e+03  Q=1.934000000000e+03  λ=1.334570e+00  dt=1.060e-03  relΔE=3.582e-10  ||F||=5.557e-04
 step= 28000  E=1.377201807339e+03  Q=1.934000000000e+03  λ=1.334558e+00  dt=8.203e-04  relΔE=2.235e-10  ||F||=5.009e-04
 step= 28500  E=1.377201622644e+03  Q=1.934000000000e+03  λ=1.334548e+00  dt=1.058e-03  relΔE=2.344e-10  ||F||=4.536e-04
 step= 29000  E=1.377201462572e+03  Q=1.934000000000e+03  λ=1.334538e+00  dt=8.190e-04  relΔE=1.457e-10  ||F||=4.086e-04
 step= 29500  E=1.377201336797e+03  Q=1.934000000000e+03  λ=1.334529e+00  dt=1.268e-03  relΔE=1.812e-10  ||F||=3.682e-04
 step= 30000  E=1.377201236826e+03  Q=1.934000000000e+03  λ=1.334522e+00  dt=9.812e-04  relΔE=1.131e-10  ||F||=3.327e-04
 step= 30500  E=1.377201156970e+03  Q=1.934000000000e+03  λ=1.334515e+00  dt=1.266e-03  relΔE=1.178e-10  ||F||=3.009e-04
 step= 31000  E=1.377201091299e+03  Q=1.934000000000e+03  λ=1.334509e+00  dt=9.796e-04  relΔE=7.311e-11  ||F||=2.715e-04
 step= 31500  E=1.377201037355e+03  Q=1.934000000000e+03  λ=1.334503e+00  dt=7.582e-04  relΔE=4.634e-11  ||F||=2.475e-04
 step= 32000  E=1.377200996343e+03  Q=1.934000000000e+03  λ=1.334498e+00  dt=1.174e-03  relΔE=5.596e-11  ||F||=2.210e-04
 step= 32500  E=1.377200962604e+03  Q=1.934000000000e+03  λ=1.334493e+00  dt=9.084e-04  relΔE=3.447e-11  ||F||=1.994e-04
 step= 33000  E=1.377200935436e+03  Q=1.934000000000e+03  λ=1.334489e+00  dt=1.406e-03  relΔE=4.215e-11  ||F||=1.899e-04
 step= 33500  E=1.377200914783e+03  Q=1.934000000000e+03  λ=1.334485e+00  dt=1.088e-03  relΔE=2.600e-11  ||F||=1.624e-04
 step= 34000  E=1.377200897883e+03  Q=1.934000000000e+03  λ=1.334482e+00  dt=8.423e-04  relΔE=1.584e-11  ||F||=1.465e-04
 step= 34500  E=1.377200884664e+03  Q=1.934000000000e+03  λ=1.334479e+00  dt=1.304e-03  relΔE=1.922e-11  ||F||=1.321e-04
 step= 35000  E=1.377200874509e+03  Q=1.934000000000e+03  λ=1.334476e+00  dt=1.009e-03  relΔE=1.166e-11  ||F||=1.194e-04
 step= 35500  E=1.377200866317e+03  Q=1.934000000000e+03  λ=1.334474e+00  dt=7.810e-04  relΔE=7.017e-12  ||F||=1.079e-04
 step= 36000  E=1.377200860226e+03  Q=1.934000000000e+03  λ=1.334471e+00  dt=1.209e-03  relΔE=8.319e-12  ||F||=9.723e-05
 step= 36500  E=1.377200855482e+03  Q=1.934000000000e+03  λ=1.334469e+00  dt=9.357e-04  relΔE=4.903e-12  ||F||=8.777e-05
 step= 37000  E=1.377200851804e+03  Q=1.934000000000e+03  λ=1.334468e+00  dt=1.448e-03  relΔE=4.776e-12  ||F||=2.381e-04
 step= 37500  E=1.377200849211e+03  Q=1.934000000000e+03  λ=1.334466e+00  dt=1.121e-03  relΔE=3.262e-12  ||F||=7.151e-05
 step= 38000  E=1.377200847238e+03  Q=1.934000000000e+03  λ=1.334464e+00  dt=8.676e-04  relΔE=1.818e-12  ||F||=6.450e-05
 step= 38500  E=1.377200845836e+03  Q=1.934000000000e+03  λ=1.334463e+00  dt=1.343e-03  relΔE=1.959e-12  ||F||=5.817e-05
 step= 39000  E=1.377200844902e+03  Q=1.934000000000e+03  λ=1.334462e+00  dt=1.039e-03  relΔE=1.014e-12  ||F||=5.259e-05
 step= 39500  E=1.377200844282e+03  Q=1.934000000000e+03  λ=1.334461e+00  dt=8.045e-04  relΔE=4.776e-13  ||F||=4.741e-05
 step= 40000  E=1.377200843936e+03  Q=1.934000000000e+03  λ=1.334460e+00  dt=1.245e-03  relΔE=3.807e-13  ||F||=4.281e-05
 step= 40500  E=1.377200843787e+03  Q=1.934000000000e+03  λ=1.334459e+00  dt=9.638e-04  relΔE=8.585e-14  ||F||=3.868e-05
  !! dt fell below dt_min: stiffness-limited termination.

Stationary candidate (aggressive): E=1.377200843769e+03, Q=1.934000000000e+03, maxρ=1.145109e+00

=== Stability test (damped inertial dynamics) ===
Perturb eps=0.02, gamma=1
t=0: E=1.471435984307e+03, Q=1.934000000000e+03, maxρ=1.185154e+00, σ=2.558824e+00, Rc=1.875816e+01
 step=     1  E=1.471435511699e+03  Q=1.934000000000e+03  λ=1.720479e+00  maxρ=1.185153e+00  minρ=1.000e-15  σ=2.558824e+00  Rc=1.875816e+01
 step=   300  E=1.452054628773e+03  Q=1.934000000000e+03  λ=1.617811e+00  maxρ=1.183141e+00  minρ=1.000e-15  σ=2.558821e+00  Rc=1.875816e+01
 step=   600  E=1.413046605383e+03  Q=1.934000000000e+03  λ=1.431784e+00  maxρ=1.177467e+00  minρ=1.000e-15  σ=2.558816e+00  Rc=1.875816e+01
 step=   900  E=1.390136887430e+03  Q=1.934000000000e+03  λ=1.372201e+00  maxρ=1.169076e+00  minρ=1.000e-15  σ=2.558814e+00  Rc=1.875816e+01
 step=  1200  E=1.398702502258e+03  Q=1.934000000000e+03  λ=1.479083e+00  maxρ=1.165142e+00  minρ=1.000e-15  σ=2.558817e+00  Rc=1.875816e+01
 step=  1500  E=1.422033153211e+03  Q=1.934000000000e+03  λ=1.595443e+00  maxρ=1.169577e+00  minρ=1.000e-15  σ=2.558819e+00  Rc=1.875815e+01
 step=  1800  E=1.434052734628e+03  Q=1.934000000000e+03  λ=1.581922e+00  maxρ=1.173319e+00  minρ=1.000e-15  σ=2.558817e+00  Rc=1.875815e+01
 step=  2100  E=1.427157496057e+03  Q=1.934000000000e+03  λ=1.481044e+00  maxρ=1.167344e+00  minρ=1.000e-15  σ=2.558813e+00  Rc=1.875815e+01
 step=  2400  E=1.414864497962e+03  Q=1.934000000000e+03  λ=1.434017e+00  maxρ=1.155017e+00  minρ=1.000e-15  σ=2.558814e+00  Rc=1.875815e+01
 step=  2700  E=1.411785629185e+03  Q=1.934000000000e+03  λ=1.488368e+00  maxρ=1.159720e+00  minρ=1.000e-15  σ=2.558817e+00  Rc=1.875815e+01
 step=  3000  E=1.417719478449e+03  Q=1.934000000000e+03  λ=1.554343e+00  maxρ=1.174275e+00  minρ=1.000e-15  σ=2.558818e+00  Rc=1.875815e+01
 step=  3300  E=1.422265130021e+03  Q=1.934000000000e+03  λ=1.542487e+00  maxρ=1.177274e+00  minρ=1.000e-15  σ=2.558814e+00  Rc=1.875815e+01
 step=  3600  E=1.419572872297e+03  Q=1.934000000000e+03  λ=1.478083e+00  maxρ=1.170176e+00  minρ=1.000e-15  σ=2.558810e+00  Rc=1.875815e+01
 step=  3900  E=1.413841274040e+03  Q=1.934000000000e+03  λ=1.448922e+00  maxρ=1.170175e+00  minρ=1.000e-15  σ=2.558811e+00  Rc=1.875815e+01
 step=  4200  E=1.411656658922e+03  Q=1.934000000000e+03  λ=1.481114e+00  maxρ=1.166101e+00  minρ=1.000e-15  σ=2.558815e+00  Rc=1.875814e+01
 step=  4500  E=1.413641940383e+03  Q=1.934000000000e+03  λ=1.516519e+00  maxρ=1.163405e+00  minρ=1.000e-15  σ=2.558816e+00  Rc=1.875814e+01
 step=  4800  E=1.415490495667e+03  Q=1.934000000000e+03  λ=1.504362e+00  maxρ=1.168833e+00  minρ=1.000e-15  σ=2.558813e+00  Rc=1.875814e+01
 step=  5100  E=1.414554277043e+03  Q=1.934000000000e+03  λ=1.466968e+00  maxρ=1.169770e+00  minρ=1.000e-15  σ=2.558808e+00  Rc=1.875814e+01
 step=  5400  E=1.412431932684e+03  Q=1.934000000000e+03  λ=1.456809e+00  maxρ=1.168383e+00  minρ=1.000e-15  σ=2.558807e+00  Rc=1.875813e+01
 step=  5700  E=1.411548218326e+03  Q=1.934000000000e+03  λ=1.480601e+00  maxρ=1.164386e+00  minρ=1.000e-15  σ=2.558810e+00  Rc=1.875813e+01
 step=  6000  E=1.411820793925e+03  Q=1.934000000000e+03  λ=1.497946e+00  maxρ=1.160192e+00  minρ=1.000e-15  σ=2.558811e+00  Rc=1.875813e+01
 >>> No runaway detected in this horizon. Likely stable (within this model & box).

STABILITY: PASS
