
=== Aggressive relaxation to Q = 834 ===
Initial: E=1.933763296914e+03, Q=8.340000000000e+02, dt=1.000e-04
 step=     1  E=1.933677140185e+03  Q=8.340000000000e+02  λ=4.590731e+00  dt=1.000e-04  relΔE=4.455e-05  ||F||=1.017e+00
 step=   500  E=1.833235239528e+03  Q=8.340000000000e+02  λ=4.339929e+00  dt=6.192e-04  relΔE=1.975e-04  ||F||=9.176e-01
 step=  1000  E=1.582304823670e+03  Q=8.340000000000e+02  λ=3.716117e+00  dt=9.584e-04  relΔE=2.196e-04  ||F||=7.225e-01
 step=  1500  E=1.404558135692e+03  Q=8.340000000000e+02  λ=3.278567e+00  dt=7.418e-04  relΔE=1.512e-04  ||F||=6.478e-01
 step=  2000  E=1.282507451424e+03  Q=8.340000000000e+02  λ=2.980938e+00  dt=1.148e-03  relΔE=1.711e-04  ||F||=5.245e-01
 step=  2500  E=1.185162719726e+03  Q=8.340000000000e+02  λ=2.744973e+00  dt=8.887e-04  relΔE=1.120e-04  ||F||=4.636e-01
 step=  3000  E=1.107632176813e+03  Q=8.340000000000e+02  λ=2.558405e+00  dt=1.376e-03  relΔE=1.491e-04  ||F||=4.178e-01
 step=  3500  E=1.046381805701e+03  Q=8.340000000000e+02  λ=2.411554e+00  dt=1.065e-03  relΔE=1.011e-04  ||F||=3.782e-01
 step=  4000  E=9.938305905004e+02  Q=8.340000000000e+02  λ=2.286156e+00  dt=8.241e-04  relΔE=6.916e-05  ||F||=3.465e-01
 step=  4500  E=9.497133168689e+02  Q=8.340000000000e+02  λ=2.181443e+00  dt=1.276e-03  relΔE=9.576e-05  ||F||=3.203e-01
 step=  5000  E=9.121510444598e+02  Q=8.340000000000e+02  λ=2.092529e+00  dt=9.873e-04  relΔE=6.749e-05  ||F||=2.996e-01
 step=  5500  E=8.776904227947e+02  Q=8.340000000000e+02  λ=2.011311e+00  dt=7.641e-04  relΔE=4.956e-05  ||F||=2.863e-01
 step=  6000  E=8.479428449915e+02  Q=8.340000000000e+02  λ=1.941553e+00  dt=1.183e-03  relΔE=7.118e-05  ||F||=2.710e-01
 step=  6500  E=8.196182777492e+02  Q=8.340000000000e+02  λ=1.875252e+00  dt=9.154e-04  relΔE=5.354e-05  ||F||=2.626e-01
 step=  7000  E=7.922493112449e+02  Q=8.340000000000e+02  λ=1.811329e+00  dt=1.417e-03  relΔE=8.159e-05  ||F||=3.189e-01
 step=  7500  E=7.676011569470e+02  Q=8.340000000000e+02  λ=1.753454e+00  dt=9.140e-04  relΔE=5.272e-05  ||F||=2.524e-01
 step=  8000  E=7.423517171092e+02  Q=8.340000000000e+02  λ=1.693865e+00  dt=1.415e-03  relΔE=8.033e-05  ||F||=2.804e-01
 step=  8500  E=7.195114119667e+02  Q=8.340000000000e+02  λ=1.639274e+00  dt=1.095e-03  relΔE=5.992e-05  ||F||=2.380e-01
 step=  9000  E=6.979507586545e+02  Q=8.340000000000e+02  λ=1.587071e+00  dt=8.475e-04  relΔE=4.255e-05  ||F||=2.246e-01
 step=  9500  E=6.793498936949e+02  Q=8.340000000000e+02  λ=1.541436e+00  dt=1.312e-03  relΔE=5.693e-05  ||F||=2.060e-01
 step= 10000  E=6.644431709050e+02  Q=8.340000000000e+02  λ=1.504291e+00  dt=1.015e-03  relΔE=3.587e-05  ||F||=1.838e-01
 step= 10500  E=6.525246752566e+02  Q=8.340000000000e+02  λ=1.474181e+00  dt=7.858e-04  relΔE=2.113e-05  ||F||=1.589e-01
 step= 11000  E=6.441387365256e+02  Q=8.340000000000e+02  λ=1.452719e+00  dt=1.216e-03  relΔE=2.347e-05  ||F||=1.337e-01
 step= 11500  E=6.382436853576e+02  Q=8.340000000000e+02  λ=1.437390e+00  dt=9.414e-04  relΔE=1.245e-05  ||F||=1.102e-01
 step= 12000  E=6.342151852588e+02  Q=8.340000000000e+02  λ=1.426929e+00  dt=1.457e-03  relΔE=5.272e-06  ||F||=6.602e-01
 step= 12500  E=6.317529522571e+02  Q=8.340000000000e+02  λ=1.420119e+00  dt=1.128e-03  relΔE=6.286e-06  ||F||=7.117e-02
 step= 13000  E=6.301366143896e+02  Q=8.340000000000e+02  λ=1.415665e+00  dt=8.730e-04  relΔE=3.026e-06  ||F||=5.605e-02
 step= 13500  E=6.291398383413e+02  Q=8.340000000000e+02  λ=1.412841e+00  dt=1.351e-03  relΔE=2.860e-06  ||F||=4.379e-02
 step= 14000  E=6.285495224813e+02  Q=8.340000000000e+02  λ=1.411106e+00  dt=1.046e-03  relΔE=1.354e-06  ||F||=3.420e-02
 step= 14500  E=6.281809622411e+02  Q=8.340000000000e+02  λ=1.409973e+00  dt=8.095e-04  relΔE=6.253e-07  ||F||=2.641e-02
 step= 15000  E=6.279657504132e+02  Q=8.340000000000e+02  λ=1.409274e+00  dt=1.253e-03  relΔE=5.771e-07  ||F||=2.038e-02
 step= 15500  E=6.278379225370e+02  Q=8.340000000000e+02  λ=1.408828e+00  dt=9.698e-04  relΔE=2.662e-07  ||F||=1.572e-02
 step= 16000  E=6.277596676206e+02  Q=8.340000000000e+02  λ=1.408531e+00  dt=7.506e-04  relΔE=1.291e-07  ||F||=1.246e-02
 step= 16500  E=6.277160003045e+02  Q=8.340000000000e+02  λ=1.408347e+00  dt=1.162e-03  relΔE=1.110e-07  ||F||=9.264e-03
 step= 17000  E=6.276892980745e+02  Q=8.340000000000e+02  λ=1.408220e+00  dt=8.992e-04  relΔE=5.046e-08  ||F||=7.094e-03
 step= 17500  E=6.276734739613e+02  Q=8.340000000000e+02  λ=1.408133e+00  dt=1.392e-03  relΔE=4.560e-08  ||F||=5.531e-03
 step= 18000  E=6.276644944079e+02  Q=8.340000000000e+02  λ=1.408074e+00  dt=1.077e-03  relΔE=2.105e-08  ||F||=4.174e-03
 step= 18500  E=6.276590045485e+02  Q=8.340000000000e+02  λ=1.408032e+00  dt=8.338e-04  relΔE=9.586e-09  ||F||=3.195e-03
 step= 19000  E=6.276557851262e+02  Q=8.340000000000e+02  λ=1.408001e+00  dt=1.291e-03  relΔE=8.786e-09  ||F||=2.451e-03
 step= 19500  E=6.276539006349e+02  Q=8.340000000000e+02  λ=1.407979e+00  dt=9.989e-04  relΔE=4.088e-09  ||F||=1.894e-03
 step= 20000  E=6.276527309109e+02  Q=8.340000000000e+02  λ=1.407961e+00  dt=7.731e-04  relΔE=1.907e-09  ||F||=1.463e-03
 step= 20500  E=6.276520537150e+02  Q=8.340000000000e+02  λ=1.407949e+00  dt=1.197e-03  relΔE=1.787e-09  ||F||=1.131e-03
 step= 21000  E=6.276516296602e+02  Q=8.340000000000e+02  λ=1.407939e+00  dt=9.263e-04  relΔE=8.524e-10  ||F||=8.806e-04
 step= 21500  E=6.276513609069e+02  Q=8.340000000000e+02  λ=1.407930e+00  dt=1.434e-03  relΔE=7.902e-10  ||F||=1.521e-03
 step= 22000  E=6.276511994447e+02  Q=8.340000000000e+02  λ=1.407924e+00  dt=1.110e-03  relΔE=4.119e-10  ||F||=5.468e-04
 step= 22500  E=6.276510900029e+02  Q=8.340000000000e+02  λ=1.407919e+00  dt=8.589e-04  relΔE=2.092e-10  ||F||=4.365e-04
 step= 23000  E=6.276510173828e+02  Q=8.340000000000e+02  λ=1.407915e+00  dt=1.329e-03  relΔE=2.191e-10  ||F||=3.531e-04
 step= 23500  E=6.276509684772e+02  Q=8.340000000000e+02  λ=1.407912e+00  dt=1.029e-03  relΔE=1.194e-10  ||F||=2.910e-04
 step= 24000  E=6.276509324601e+02  Q=8.340000000000e+02  λ=1.407909e+00  dt=7.964e-04  relΔE=6.666e-11  ||F||=2.426e-04
 step= 24500  E=6.276509068584e+02  Q=8.340000000000e+02  λ=1.407907e+00  dt=1.233e-03  relΔE=7.662e-11  ||F||=2.050e-04
 step= 25000  E=6.276508874627e+02  Q=8.340000000000e+02  λ=1.407905e+00  dt=9.541e-04  relΔE=4.540e-11  ||F||=1.760e-04
 step= 25500  E=6.276508719501e+02  Q=8.340000000000e+02  λ=1.407903e+00  dt=7.385e-04  relΔE=3.589e-11  ||F||=2.931e-04
 step= 26000  E=6.276508603928e+02  Q=8.340000000000e+02  λ=1.407901e+00  dt=1.143e-03  relΔE=3.391e-11  ||F||=1.342e-04
 step= 26500  E=6.276508507253e+02  Q=8.340000000000e+02  λ=1.407900e+00  dt=8.847e-04  relΔE=2.123e-11  ||F||=1.186e-04
 step= 27000  E=6.276508428418e+02  Q=8.340000000000e+02  λ=1.407899e+00  dt=1.369e-03  relΔE=2.692e-11  ||F||=1.059e-04
 step= 27500  E=6.276508365197e+02  Q=8.340000000000e+02  λ=1.407898e+00  dt=1.060e-03  relΔE=1.733e-11  ||F||=9.466e-05
 step= 28000  E=6.276508310879e+02  Q=8.340000000000e+02  λ=1.407897e+00  dt=8.203e-04  relΔE=1.121e-11  ||F||=8.507e-05
 step= 28500  E=6.276508267821e+02  Q=8.340000000000e+02  λ=1.407897e+00  dt=1.058e-03  relΔE=1.225e-11  ||F||=7.693e-05
 step= 29000  E=6.276508228761e+02  Q=8.340000000000e+02  λ=1.407896e+00  dt=8.190e-04  relΔE=8.010e-12  ||F||=6.941e-05
 step= 29500  E=6.276508196434e+02  Q=8.340000000000e+02  λ=1.407896e+00  dt=1.268e-03  relΔE=1.053e-11  ||F||=6.268e-05
 step= 30000  E=6.276508169147e+02  Q=8.340000000000e+02  λ=1.407895e+00  dt=9.812e-04  relΔE=6.980e-12  ||F||=5.680e-05
 step= 30500  E=6.276508145987e+02  Q=8.340000000000e+02  λ=1.407895e+00  dt=1.266e-03  relΔE=7.750e-12  ||F||=5.158e-05
 step= 31000  E=6.276508125611e+02  Q=8.340000000000e+02  λ=1.407894e+00  dt=9.796e-04  relΔE=5.164e-12  ||F||=4.675e-05
 step= 31500  E=6.276508107562e+02  Q=8.340000000000e+02  λ=1.407894e+00  dt=7.582e-04  relΔE=3.586e-12  ||F||=4.439e-05
 step= 32000  E=6.276508092729e+02  Q=8.340000000000e+02  λ=1.407894e+00  dt=1.174e-03  relΔE=4.626e-12  ||F||=3.844e-05
 step= 32500  E=6.276508079472e+02  Q=8.340000000000e+02  λ=1.407893e+00  dt=9.084e-04  relΔE=3.110e-12  ||F||=3.486e-05
 step= 33000  E=6.276508067786e+02  Q=8.340000000000e+02  λ=1.407893e+00  dt=1.406e-03  relΔE=4.176e-12  ||F||=3.885e-05
 step= 33500  E=6.276508058017e+02  Q=8.340000000000e+02  λ=1.407893e+00  dt=1.088e-03  relΔE=2.838e-12  ||F||=2.870e-05
 step= 34000  E=6.276508049162e+02  Q=8.340000000000e+02  λ=1.407893e+00  dt=8.423e-04  relΔE=1.923e-12  ||F||=2.605e-05
 step= 34500  E=6.276508041452e+02  Q=8.340000000000e+02  λ=1.407892e+00  dt=1.304e-03  relΔE=2.609e-12  ||F||=2.360e-05
 step= 35000  E=6.276508034804e+02  Q=8.340000000000e+02  λ=1.407892e+00  dt=1.009e-03  relΔE=1.780e-12  ||F||=2.145e-05
 step= 35500  E=6.276508028731e+02  Q=8.340000000000e+02  λ=1.407892e+00  dt=7.810e-04  relΔE=1.222e-12  ||F||=1.974e-05
 step= 36000  E=6.276508023562e+02  Q=8.340000000000e+02  λ=1.407892e+00  dt=1.209e-03  relΔE=1.661e-12  ||F||=1.765e-05
 step= 36500  E=6.276508018927e+02  Q=8.340000000000e+02  λ=1.407892e+00  dt=9.357e-04  relΔE=1.139e-12  ||F||=1.603e-05
 step= 37000  E=6.276508014699e+02  Q=8.340000000000e+02  λ=1.407892e+00  dt=1.448e-03  relΔE=1.241e-12  ||F||=1.397e-04
 step= 37500  E=6.276508011152e+02  Q=8.340000000000e+02  λ=1.407892e+00  dt=1.121e-03  relΔE=1.076e-12  ||F||=1.320e-05
 step= 38000  E=6.276508007871e+02  Q=8.340000000000e+02  λ=1.407891e+00  dt=8.676e-04  relΔE=7.410e-13  ||F||=1.198e-05
 step= 38500  E=6.276508004950e+02  Q=8.340000000000e+02  λ=1.407891e+00  dt=1.343e-03  relΔE=1.021e-12  ||F||=1.087e-05
 step= 39000  E=6.276508002413e+02  Q=8.340000000000e+02  λ=1.407891e+00  dt=1.039e-03  relΔE=7.068e-13  ||F||=9.867e-06
 step= 39500  E=6.276508000069e+02  Q=8.340000000000e+02  λ=1.407891e+00  dt=8.045e-04  relΔE=4.889e-13  ||F||=9.021e-06
 step= 40000  E=6.276507998018e+02  Q=8.340000000000e+02  λ=1.407891e+00  dt=1.245e-03  relΔE=6.763e-13  ||F||=8.120e-06
 step= 40500  E=6.276507996183e+02  Q=8.340000000000e+02  λ=1.407891e+00  dt=9.638e-04  relΔE=4.700e-13  ||F||=7.375e-06
 step= 41000  E=6.276507994481e+02  Q=8.340000000000e+02  λ=1.407891e+00  dt=7.460e-04  relΔE=3.499e-13  ||F||=8.696e-06
 step= 41500  E=6.276507993034e+02  Q=8.340000000000e+02  λ=1.407891e+00  dt=1.155e-03  relΔE=4.532e-13  ||F||=6.074e-06
 step= 42000  E=6.276507991687e+02  Q=8.340000000000e+02  λ=1.407891e+00  dt=8.937e-04  relΔE=3.150e-13  ||F||=5.516e-06
 step= 42500  E=6.276507990470e+02  Q=8.340000000000e+02  λ=1.407891e+00  dt=1.383e-03  relΔE=4.387e-13  ||F||=5.448e-06
 step= 43000  E=6.276507989410e+02  Q=8.340000000000e+02  λ=1.407891e+00  dt=1.071e-03  relΔE=3.056e-13  ||F||=4.540e-06
 step= 43500  E=6.276507988425e+02  Q=8.340000000000e+02  λ=1.407891e+00  dt=8.287e-04  relΔE=2.141e-13  ||F||=4.157e-06
 step= 44000  E=6.276507987548e+02  Q=8.340000000000e+02  λ=1.407891e+00  dt=1.283e-03  relΔE=2.974e-13  ||F||=3.735e-06
 step= 44500  E=6.276507986768e+02  Q=8.340000000000e+02  λ=1.407891e+00  dt=9.928e-04  relΔE=2.074e-13  ||F||=3.395e-06
 step= 45000  E=6.276507986036e+02  Q=8.340000000000e+02  λ=1.407891e+00  dt=7.684e-04  relΔE=1.489e-13  ||F||=3.724e-06
 step= 45500  E=6.276507985405e+02  Q=8.340000000000e+02  λ=1.407891e+00  dt=1.189e-03  relΔE=2.030e-13  ||F||=2.795e-06
 step= 46000  E=6.276507984822e+02  Q=8.340000000000e+02  λ=1.407891e+00  dt=9.206e-04  relΔE=1.416e-13  ||F||=2.538e-06
 step= 46500  E=6.276507984285e+02  Q=8.340000000000e+02  λ=1.407891e+00  dt=1.425e-03  relΔE=1.960e-13  ||F||=1.125e-05
 step= 47000  E=6.276507983822e+02  Q=8.340000000000e+02  λ=1.407891e+00  dt=1.103e-03  relΔE=1.389e-13  ||F||=2.089e-06
 step= 47500  E=6.276507983388e+02  Q=8.340000000000e+02  λ=1.407891e+00  dt=8.536e-04  relΔE=9.745e-14  ||F||=1.912e-06
 step= 48000  E=6.276507982997e+02  Q=8.340000000000e+02  λ=1.407891e+00  dt=1.321e-03  relΔE=1.358e-13  ||F||=1.720e-06
 step= 48500  E=6.276507982651e+02  Q=8.340000000000e+02  λ=1.407891e+00  dt=1.023e-03  relΔE=9.582e-14  ||F||=1.562e-06
 step= 49000  E=6.276507982327e+02  Q=8.340000000000e+02  λ=1.407891e+00  dt=7.915e-04  relΔE=6.666e-14  ||F||=1.568e-06
 step= 49500  E=6.276507982042e+02  Q=8.340000000000e+02  λ=1.407891e+00  dt=1.225e-03  relΔE=9.401e-14  ||F||=1.286e-06
 step= 50000  E=6.276507981782e+02  Q=8.340000000000e+02  λ=1.407891e+00  dt=9.483e-04  relΔE=6.539e-14  ||F||=1.168e-06
 step= 50500  E=6.276507981539e+02  Q=8.340000000000e+02  λ=1.407891e+00  dt=7.339e-04  relΔE=6.647e-14  ||F||=2.447e-05
 step= 51000  E=6.276507981332e+02  Q=8.340000000000e+02  λ=1.407891e+00  dt=1.136e-03  relΔE=6.448e-14  ||F||=9.614e-07
 step= 51500  E=6.276507981139e+02  Q=8.340000000000e+02  λ=1.407891e+00  dt=7.327e-04  relΔE=3.804e-14  ||F||=8.936e-07
 step= 52000  E=6.276507980967e+02  Q=8.340000000000e+02  λ=1.407891e+00  dt=1.134e-03  relΔE=5.325e-14  ||F||=7.939e-07
 step= 52500  E=6.276507980806e+02  Q=8.340000000000e+02  λ=1.407891e+00  dt=7.315e-04  relΔE=3.025e-14  ||F||=7.443e-07
 step= 53000  E=6.276507980665e+02  Q=8.340000000000e+02  λ=1.407891e+00  dt=1.132e-03  relΔE=4.329e-14  ||F||=6.551e-07
 step= 53500  E=6.276507980532e+02  Q=8.340000000000e+02  λ=1.407891e+00  dt=8.764e-04  relΔE=3.097e-14  ||F||=5.987e-07
 step= 54000  E=6.276507980411e+02  Q=8.340000000000e+02  λ=1.407891e+00  dt=1.357e-03  relΔE=4.293e-14  ||F||=5.842e-07
 step= 54500  E=6.276507980305e+02  Q=8.340000000000e+02  λ=1.407891e+00  dt=1.050e-03  relΔE=3.043e-14  ||F||=4.894e-07
 step= 55000  E=6.276507980206e+02  Q=8.340000000000e+02  λ=1.407891e+00  dt=8.127e-04  relΔE=2.155e-14  ||F||=5.035e-07
 step= 55500  E=6.276507980118e+02  Q=8.340000000000e+02  λ=1.407891e+00  dt=1.258e-03  relΔE=2.989e-14  ||F||=4.026e-07
 step= 56000  E=6.276507980038e+02  Q=8.340000000000e+02  λ=1.407891e+00  dt=9.736e-04  relΔE=2.047e-14  ||F||=3.661e-07
 step= 56500  E=6.276507979963e+02  Q=8.340000000000e+02  λ=1.407891e+00  dt=7.536e-04  relΔE=1.485e-14  ||F||=8.402e-07
 step= 57000  E=6.276507979898e+02  Q=8.340000000000e+02  λ=1.407891e+00  dt=1.166e-03  relΔE=2.119e-14  ||F||=3.012e-07
 step= 57500  E=6.276507979838e+02  Q=8.340000000000e+02  λ=1.407891e+00  dt=9.028e-04  relΔE=1.431e-14  ||F||=2.766e-07
 step= 58000  E=6.276507979783e+02  Q=8.340000000000e+02  λ=1.407891e+00  dt=1.397e-03  relΔE=2.047e-14  ||F||=8.248e-07
 step= 58500  E=6.276507979734e+02  Q=8.340000000000e+02  λ=1.407891e+00  dt=1.082e-03  relΔE=1.395e-14  ||F||=2.251e-07
 step= 59000  E=6.276507979689e+02  Q=8.340000000000e+02  λ=1.407891e+00  dt=8.371e-04  relΔE=1.014e-14  ||F||=2.225e-07
 step= 59500  E=6.276507979648e+02  Q=8.340000000000e+02  λ=1.407891e+00  dt=1.296e-03  relΔE=1.413e-14  ||F||=1.856e-07
 step= 60000  E=6.276507979612e+02  Q=8.340000000000e+02  λ=1.407891e+00  dt=1.003e-03  relΔE=9.419e-15  ||F||=1.684e-07
 step= 60500  E=6.276507979578e+02  Q=8.340000000000e+02  λ=1.407891e+00  dt=7.762e-04  relΔE=7.245e-15  ||F||=2.761e-07
 step= 61000  E=6.276507979548e+02  Q=8.340000000000e+02  λ=1.407891e+00  dt=1.202e-03  relΔE=9.238e-15  ||F||=1.385e-07
 step= 61500  E=6.276507979521e+02  Q=8.340000000000e+02  λ=1.407891e+00  dt=9.299e-04  relΔE=6.702e-15  ||F||=1.266e-07
 step= 62000  E=6.276507979495e+02  Q=8.340000000000e+02  λ=1.407891e+00  dt=1.439e-03  relΔE=8.875e-15  ||F||=5.752e-06
 step= 62500  E=6.276507979473e+02  Q=8.340000000000e+02  λ=1.407891e+00  dt=1.114e-03  relΔE=7.064e-15  ||F||=1.036e-07
 step= 63000  E=6.276507979452e+02  Q=8.340000000000e+02  λ=1.407891e+00  dt=8.623e-04  relΔE=4.891e-15  ||F||=1.009e-07
 step= 63500  E=6.276507979433e+02  Q=8.340000000000e+02  λ=1.407891e+00  dt=1.335e-03  relΔE=6.521e-15  ||F||=9.075e-08
 step= 64000  E=6.276507979417e+02  Q=8.340000000000e+02  λ=1.407891e+00  dt=1.033e-03  relΔE=5.072e-15  ||F||=7.748e-08
 step= 64500  E=6.276507979401e+02  Q=8.340000000000e+02  λ=1.407891e+00  dt=7.996e-04  relΔE=3.985e-15  ||F||=1.085e-07
 step= 65000  E=6.276507979387e+02  Q=8.340000000000e+02  λ=1.407891e+00  dt=1.238e-03  relΔE=5.434e-15  ||F||=6.372e-08
 step= 65500  E=6.276507979375e+02  Q=8.340000000000e+02  λ=1.407891e+00  dt=9.579e-04  relΔE=3.260e-15  ||F||=5.807e-08
 step= 66000  E=6.276507979363e+02  Q=8.340000000000e+02  λ=1.407891e+00  dt=7.414e-04  relΔE=2.898e-15  ||F||=6.024e-07
 Converged (aggressive): step=66269, E=6.276507979357e+02, Q=8.340000000000e+02, dt=9.224e-04, ||F||=4.998e-08

Stationary candidate (aggressive): E=6.276507979357e+02, Q=8.340000000000e+02, maxρ=8.016348e-01

=== Stability test (damped inertial dynamics) ===
Perturb eps=0.02, gamma=1
t=0: E=6.681317651030e+02, Q=8.340000000000e+02, maxρ=8.270746e-01, σ=2.479457e+00, Rc=1.878027e+01
 step=     1  E=6.681315622031e+02  Q=8.340000000000e+02  λ=1.792247e+00  maxρ=8.270746e-01  minρ=1.000e-15  σ=2.479457e+00  Rc=1.878027e+01
 step=   300  E=6.598109082298e+02  Q=8.340000000000e+02  λ=1.690073e+00  maxρ=8.256715e-01  minρ=1.000e-15  σ=2.479454e+00  Rc=1.878027e+01
 step=   600  E=6.430633081351e+02  Q=8.340000000000e+02  λ=1.504892e+00  maxρ=8.217156e-01  minρ=1.000e-15  σ=2.479448e+00  Rc=1.878028e+01
 step=   900  E=6.332257099449e+02  Q=8.340000000000e+02  λ=1.445480e+00  maxρ=8.158649e-01  minρ=1.000e-15  σ=2.479446e+00  Rc=1.878028e+01
 step=  1200  E=6.368992042866e+02  Q=8.340000000000e+02  λ=1.551782e+00  maxρ=8.130525e-01  minρ=1.000e-15  σ=2.479449e+00  Rc=1.878027e+01
 step=  1500  E=6.469079352978e+02  Q=8.340000000000e+02  λ=1.667684e+00  maxρ=8.179228e-01  minρ=1.000e-15  σ=2.479451e+00  Rc=1.878027e+01
 step=  1800  E=6.520556694957e+02  Q=8.340000000000e+02  λ=1.654383e+00  maxρ=8.205417e-01  minρ=1.000e-15  σ=2.479449e+00  Rc=1.878026e+01
 step=  2100  E=6.490837030862e+02  Q=8.340000000000e+02  λ=1.553950e+00  maxρ=8.163658e-01  minρ=1.000e-15  σ=2.479445e+00  Rc=1.878027e+01
 step=  2400  E=6.438088140424e+02  Q=8.340000000000e+02  λ=1.506899e+00  maxρ=8.083326e-01  minρ=1.000e-15  σ=2.479445e+00  Rc=1.878027e+01
 step=  2700  E=6.425121576395e+02  Q=8.340000000000e+02  λ=1.560854e+00  maxρ=8.100478e-01  minρ=1.000e-15  σ=2.479448e+00  Rc=1.878026e+01
 step=  3000  E=6.450933812153e+02  Q=8.340000000000e+02  λ=1.626748e+00  maxρ=8.194970e-01  minρ=1.000e-15  σ=2.479448e+00  Rc=1.878026e+01
 step=  3300  E=6.470570978264e+02  Q=8.340000000000e+02  λ=1.615343e+00  maxρ=8.215941e-01  minρ=1.000e-15  σ=2.479445e+00  Rc=1.878027e+01
 step=  3600  E=6.458762534321e+02  Q=8.340000000000e+02  λ=1.551307e+00  maxρ=8.191589e-01  minρ=1.000e-15  σ=2.479440e+00  Rc=1.878027e+01
 step=  3900  E=6.433751042849e+02  Q=8.340000000000e+02  λ=1.521876e+00  maxρ=8.191648e-01  minρ=1.000e-15  σ=2.479441e+00  Rc=1.878026e+01
 step=  4200  E=6.424229934944e+02  Q=8.340000000000e+02  λ=1.553497e+00  maxρ=8.163211e-01  minρ=1.000e-15  σ=2.479444e+00  Rc=1.878026e+01
 step=  4500  E=6.433039833244e+02  Q=8.340000000000e+02  λ=1.588828e+00  maxρ=8.141448e-01  minρ=1.000e-15  σ=2.479445e+00  Rc=1.878026e+01
 step=  4800  E=6.441390449729e+02  Q=8.340000000000e+02  λ=1.577240e+00  maxρ=8.174180e-01  minρ=1.000e-15  σ=2.479441e+00  Rc=1.878025e+01
 step=  5100  E=6.437453634869e+02  Q=8.340000000000e+02  λ=1.540329e+00  maxρ=8.186172e-01  minρ=1.000e-15  σ=2.479436e+00  Rc=1.878025e+01
 step=  5400  E=6.427987346003e+02  Q=8.340000000000e+02  λ=1.529930e+00  maxρ=8.176597e-01  minρ=1.000e-15  σ=2.479434e+00  Rc=1.878025e+01
 step=  5700  E=6.423778767916e+02  Q=8.340000000000e+02  λ=1.553066e+00  maxρ=8.148770e-01  minρ=1.000e-15  σ=2.479437e+00  Rc=1.878024e+01
 step=  6000  E=6.424922154771e+02  Q=8.340000000000e+02  λ=1.570183e+00  maxρ=8.117642e-01  minρ=1.000e-15  σ=2.479438e+00  Rc=1.878024e+01
 >>> No runaway detected in this horizon. Likely stable (within this model & box).

STABILITY: PASS
