
=== Aggressive relaxation to Q = 1379 ===
Initial: E=3.195417507711e+03, Q=1.379000000000e+03, dt=1.000e-04
 step=     1  E=3.195263272690e+03  Q=1.379000000000e+03  λ=4.682214e+00  dt=1.000e-04  relΔE=4.827e-05  ||F||=1.058e+00
 step=   500  E=3.016403591118e+03  Q=1.379000000000e+03  λ=4.393995e+00  dt=6.192e-04  relΔE=2.127e-04  ||F||=9.500e-01
 step=  1000  E=2.578438462083e+03  Q=1.379000000000e+03  λ=3.705119e+00  dt=9.584e-04  relΔE=2.318e-04  ||F||=7.369e-01
 step=  1500  E=2.276502973894e+03  Q=1.379000000000e+03  λ=3.240112e+00  dt=7.418e-04  relΔE=1.528e-04  ||F||=6.437e-01
 step=  2000  E=2.073634600617e+03  Q=1.379000000000e+03  λ=2.931873e+00  dt=1.148e-03  relΔE=1.749e-04  ||F||=5.244e-01
 step=  2500  E=1.913774764373e+03  Q=1.379000000000e+03  λ=2.690995e+00  dt=8.887e-04  relΔE=1.134e-04  ||F||=4.611e-01
 step=  3000  E=1.787466532682e+03  Q=1.379000000000e+03  λ=2.502413e+00  dt=1.376e-03  relΔE=1.500e-04  ||F||=4.137e-01
 step=  3500  E=1.688331773098e+03  Q=1.379000000000e+03  λ=2.355167e+00  dt=1.065e-03  relΔE=1.011e-04  ||F||=3.736e-01
 step=  4000  E=1.603587813422e+03  Q=1.379000000000e+03  λ=2.230046e+00  dt=8.241e-04  relΔE=6.892e-05  ||F||=3.417e-01
 step=  4500  E=1.532948201592e+03  Q=1.379000000000e+03  λ=2.126415e+00  dt=1.276e-03  relΔE=9.495e-05  ||F||=3.152e-01
 step=  5000  E=1.472956471961e+03  Q=1.379000000000e+03  λ=2.038713e+00  dt=9.873e-04  relΔE=6.660e-05  ||F||=2.941e-01
 step=  5500  E=1.418179348790e+03  Q=1.379000000000e+03  λ=1.959028e+00  dt=7.641e-04  relΔE=4.830e-05  ||F||=2.794e-01
 step=  6000  E=1.371149158303e+03  Q=1.379000000000e+03  λ=1.890983e+00  dt=1.183e-03  relΔE=6.942e-05  ||F||=2.647e-01
 step=  6500  E=1.326562263878e+03  Q=1.379000000000e+03  λ=1.826609e+00  dt=9.154e-04  relΔE=5.198e-05  ||F||=2.560e-01
 step=  7000  E=1.283551697006e+03  Q=1.379000000000e+03  λ=1.764682e+00  dt=1.417e-03  relΔE=7.928e-05  ||F||=3.054e-01
 step=  7500  E=1.243889712454e+03  Q=1.379000000000e+03  λ=1.707366e+00  dt=1.097e-03  relΔE=6.190e-05  ||F||=2.472e-01
 step=  8000  E=1.203851505441e+03  Q=1.379000000000e+03  λ=1.649254e+00  dt=8.488e-04  relΔE=4.815e-05  ||F||=2.438e-01
 step=  8500  E=1.166797076888e+03  Q=1.379000000000e+03  λ=1.595177e+00  dt=1.095e-03  relΔE=6.119e-05  ||F||=2.382e-01
 step=  9000  E=1.130660234015e+03  Q=1.379000000000e+03  λ=1.542085e+00  dt=8.475e-04  relΔE=4.484e-05  ||F||=2.282e-01
 step=  9500  E=1.098434132888e+03  Q=1.379000000000e+03  λ=1.494639e+00  dt=1.312e-03  relΔE=6.192e-05  ||F||=2.124e-01
 step= 10000  E=1.071884236286e+03  Q=1.379000000000e+03  λ=1.455524e+00  dt=1.015e-03  relΔE=4.010e-05  ||F||=1.919e-01
 step= 10500  E=1.050175891175e+03  Q=1.379000000000e+03  λ=1.423716e+00  dt=7.858e-04  relΔE=2.413e-05  ||F||=1.675e-01
 step= 11000  E=1.034658040212e+03  Q=1.379000000000e+03  λ=1.401223e+00  dt=1.216e-03  relΔE=2.720e-05  ||F||=1.419e-01
 step= 11500  E=1.023648015749e+03  Q=1.379000000000e+03  λ=1.385466e+00  dt=9.414e-04  relΔE=1.455e-05  ||F||=1.173e-01
 step= 12000  E=1.016085156086e+03  Q=1.379000000000e+03  λ=1.375005e+00  dt=1.457e-03  relΔE=8.625e-06  ||F||=5.957e-01
 step= 12500  E=1.011468049707e+03  Q=1.379000000000e+03  λ=1.368535e+00  dt=1.128e-03  relΔE=7.354e-06  ||F||=7.575e-02
 step= 13000  E=1.008444690076e+03  Q=1.379000000000e+03  λ=1.364523e+00  dt=8.730e-04  relΔE=3.531e-06  ||F||=5.957e-02
 step= 13500  E=1.006589480522e+03  Q=1.379000000000e+03  λ=1.362164e+00  dt=1.351e-03  relΔE=3.325e-06  ||F||=4.644e-02
 step= 14000  E=1.005492604394e+03  Q=1.379000000000e+03  λ=1.360840e+00  dt=1.046e-03  relΔE=1.565e-06  ||F||=3.618e-02
 step= 14500  E=1.004812784577e+03  Q=1.379000000000e+03  λ=1.360075e+00  dt=8.095e-04  relΔE=7.203e-07  ||F||=2.788e-02
 step= 15000  E=1.004416189747e+03  Q=1.379000000000e+03  λ=1.359668e+00  dt=1.253e-03  relΔE=6.626e-07  ||F||=2.149e-02
 step= 15500  E=1.004181861643e+03  Q=1.379000000000e+03  λ=1.359454e+00  dt=9.698e-04  relΔE=3.054e-07  ||F||=1.657e-02
 step= 16000  E=1.004038183687e+03  Q=1.379000000000e+03  λ=1.359342e+00  dt=7.506e-04  relΔE=1.488e-07  ||F||=1.317e-02
 step= 16500  E=1.003957764737e+03  Q=1.379000000000e+03  λ=1.359292e+00  dt=1.162e-03  relΔE=1.281e-07  ||F||=9.802e-03
 step= 17000  E=1.003908243267e+03  Q=1.379000000000e+03  λ=1.359269e+00  dt=8.992e-04  relΔE=5.885e-08  ||F||=7.547e-03
 step= 17500  E=1.003878519179e+03  Q=1.379000000000e+03  λ=1.359259e+00  dt=1.392e-03  relΔE=5.407e-08  ||F||=5.933e-03
 step= 18000  E=1.003861315298e+03  Q=1.379000000000e+03  λ=1.359255e+00  dt=1.077e-03  relΔE=2.556e-08  ||F||=4.541e-03
 step= 18500  E=1.003850481883e+03  Q=1.379000000000e+03  λ=1.359254e+00  dt=8.338e-04  relΔE=1.205e-08  ||F||=3.543e-03
 step= 19000  E=1.003843883921e+03  Q=1.379000000000e+03  λ=1.359252e+00  dt=1.291e-03  relΔE=1.156e-08  ||F||=2.790e-03
 step= 19500  E=1.003839819376e+03  Q=1.379000000000e+03  λ=1.359250e+00  dt=9.989e-04  relΔE=5.706e-09  ||F||=2.229e-03
 step= 20000  E=1.003837116232e+03  Q=1.379000000000e+03  λ=1.359247e+00  dt=7.731e-04  relΔE=2.868e-09  ||F||=1.798e-03
 step= 20500  E=1.003835422315e+03  Q=1.379000000000e+03  λ=1.359244e+00  dt=1.197e-03  relΔE=2.929e-09  ||F||=1.463e-03
 step= 21000  E=1.003834258436e+03  Q=1.379000000000e+03  λ=1.359240e+00  dt=9.263e-04  relΔE=1.544e-09  ||F||=1.210e-03
 step= 21500  E=1.003833439561e+03  Q=1.379000000000e+03  λ=1.359235e+00  dt=1.434e-03  relΔE=1.602e-09  ||F||=2.074e-03
 step= 22000  E=1.003832890829e+03  Q=1.379000000000e+03  λ=1.359231e+00  dt=1.110e-03  relΔE=9.260e-10  ||F||=8.623e-04
 step= 22500  E=1.003832476872e+03  Q=1.379000000000e+03  λ=1.359227e+00  dt=8.589e-04  relΔE=5.231e-10  ||F||=7.404e-04
 step= 23000  E=1.003832172359e+03  Q=1.379000000000e+03  λ=1.359223e+00  dt=1.329e-03  relΔE=6.026e-10  ||F||=6.425e-04
 step= 23500  E=1.003831948833e+03  Q=1.379000000000e+03  λ=1.359219e+00  dt=1.029e-03  relΔE=3.550e-10  ||F||=5.640e-04
 step= 24000  E=1.003831772228e+03  Q=1.379000000000e+03  λ=1.359215e+00  dt=7.964e-04  relΔE=2.105e-10  ||F||=4.972e-04
 step= 24500  E=1.003831640166e+03  Q=1.379000000000e+03  λ=1.359211e+00  dt=1.233e-03  relΔE=2.518e-10  ||F||=4.405e-04
 step= 25000  E=1.003831536999e+03  Q=1.379000000000e+03  λ=1.359208e+00  dt=9.541e-04  relΔE=1.520e-10  ||F||=3.923e-04
 step= 25500  E=1.003831453836e+03  Q=1.379000000000e+03  λ=1.359205e+00  dt=7.385e-04  relΔE=1.113e-10  ||F||=4.152e-04
 step= 26000  E=1.003831392320e+03  Q=1.379000000000e+03  λ=1.359202e+00  dt=1.143e-03  relΔE=1.118e-10  ||F||=3.135e-04
 step= 26500  E=1.003831342067e+03  Q=1.379000000000e+03  λ=1.359200e+00  dt=8.847e-04  relΔE=6.791e-11  ||F||=2.808e-04
 step= 27000  E=1.003831302500e+03  Q=1.379000000000e+03  λ=1.359198e+00  dt=1.369e-03  relΔE=8.236e-11  ||F||=2.522e-04
 step= 27500  E=1.003831272330e+03  Q=1.379000000000e+03  λ=1.359195e+00  dt=1.060e-03  relΔE=5.026e-11  ||F||=2.266e-04
 step= 28000  E=1.003831247911e+03  Q=1.379000000000e+03  λ=1.359194e+00  dt=8.203e-04  relΔE=3.043e-11  ||F||=2.037e-04
 step= 28500  E=1.003831229083e+03  Q=1.379000000000e+03  λ=1.359192e+00  dt=1.270e-03  relΔE=3.673e-11  ||F||=1.831e-04
 step= 29000  E=1.003831214566e+03  Q=1.379000000000e+03  λ=1.359190e+00  dt=9.828e-04  relΔE=2.218e-11  ||F||=1.650e-04
 step= 29500  E=1.003831203350e+03  Q=1.379000000000e+03  λ=1.359189e+00  dt=1.268e-03  relΔE=2.225e-11  ||F||=1.489e-04
 step= 30000  E=1.003831194508e+03  Q=1.379000000000e+03  λ=1.359188e+00  dt=9.812e-04  relΔE=1.324e-11  ||F||=1.341e-04
 step= 30500  E=1.003831187563e+03  Q=1.379000000000e+03  λ=1.359187e+00  dt=7.594e-04  relΔE=8.001e-12  ||F||=1.216e-04
 step= 31000  E=1.003831182562e+03  Q=1.379000000000e+03  λ=1.359186e+00  dt=1.176e-03  relΔE=9.090e-12  ||F||=1.087e-04
 step= 31500  E=1.003831178721e+03  Q=1.379000000000e+03  λ=1.359185e+00  dt=7.582e-04  relΔE=4.654e-12  ||F||=1.014e-04
 step= 32000  E=1.003831175951e+03  Q=1.379000000000e+03  λ=1.359184e+00  dt=1.174e-03  relΔE=4.944e-12  ||F||=8.842e-05
 step= 32500  E=1.003831173892e+03  Q=1.379000000000e+03  λ=1.359183e+00  dt=9.084e-04  relΔE=2.709e-12  ||F||=7.961e-05
 step= 33000  E=1.003831172441e+03  Q=1.379000000000e+03  λ=1.359182e+00  dt=1.406e-03  relΔE=2.831e-12  ||F||=7.414e-05
 step= 33500  E=1.003831171519e+03  Q=1.379000000000e+03  λ=1.359182e+00  dt=1.088e-03  relΔE=1.419e-12  ||F||=6.464e-05
 step= 34000  E=1.003831170934e+03  Q=1.379000000000e+03  λ=1.359181e+00  dt=8.423e-04  relΔE=6.248e-13  ||F||=5.818e-05
 step= 34500  E=1.003831170635e+03  Q=1.379000000000e+03  λ=1.359181e+00  dt=1.304e-03  relΔE=4.154e-13  ||F||=5.240e-05
 step= 35000  E=1.003831170547e+03  Q=1.379000000000e+03  λ=1.359180e+00  dt=1.009e-03  relΔE=1.053e-14  ||F||=4.731e-05
  !! dt fell below dt_min: stiffness-limited termination.

Stationary candidate (aggressive): E=1.003831170547e+03, Q=1.379000000000e+03, maxρ=1.010004e+00

=== Stability test (damped inertial dynamics) ===
Perturb eps=0.02, gamma=1
t=0: E=1.070855393570e+03, Q=1.379000000000e+03, maxρ=1.043474e+00, σ=2.476654e+00, Rc=1.877671e+01
 step=     1  E=1.070855057603e+03  Q=1.379000000000e+03  λ=1.744030e+00  maxρ=1.043474e+00  minρ=1.000e-15  σ=2.476654e+00  Rc=1.877671e+01
 step=   300  E=1.057077348448e+03  Q=1.379000000000e+03  λ=1.641722e+00  maxρ=1.041703e+00  minρ=1.000e-15  σ=2.476651e+00  Rc=1.877671e+01
 step=   600  E=1.029344625983e+03  Q=1.379000000000e+03  λ=1.456302e+00  maxρ=1.036709e+00  minρ=1.000e-15  σ=2.476645e+00  Rc=1.877671e+01
 step=   900  E=1.013051502290e+03  Q=1.379000000000e+03  λ=1.396818e+00  maxρ=1.029324e+00  minρ=1.000e-15  σ=2.476643e+00  Rc=1.877671e+01
 step=  1200  E=1.019131966938e+03  Q=1.379000000000e+03  λ=1.503251e+00  maxρ=1.025816e+00  minρ=1.000e-15  σ=2.476646e+00  Rc=1.877671e+01
 step=  1500  E=1.035710362003e+03  Q=1.379000000000e+03  λ=1.619281e+00  maxρ=1.030992e+00  minρ=1.000e-15  σ=2.476648e+00  Rc=1.877670e+01
 step=  1800  E=1.044248399296e+03  Q=1.379000000000e+03  λ=1.605959e+00  maxρ=1.034291e+00  minρ=1.000e-15  σ=2.476646e+00  Rc=1.877670e+01
 step=  2100  E=1.039339964814e+03  Q=1.379000000000e+03  λ=1.505444e+00  maxρ=1.029026e+00  minρ=1.000e-15  σ=2.476643e+00  Rc=1.877670e+01
 step=  2400  E=1.030602252498e+03  Q=1.379000000000e+03  λ=1.458397e+00  maxρ=1.018489e+00  minρ=1.000e-15  σ=2.476643e+00  Rc=1.877670e+01
 step=  2700  E=1.028433021653e+03  Q=1.379000000000e+03  λ=1.512415e+00  maxρ=1.021145e+00  minρ=1.000e-15  σ=2.476646e+00  Rc=1.877670e+01
 step=  3000  E=1.032682589541e+03  Q=1.379000000000e+03  λ=1.578290e+00  maxρ=1.033950e+00  minρ=1.000e-15  σ=2.476647e+00  Rc=1.877670e+01
 step=  3300  E=1.035930019555e+03  Q=1.379000000000e+03  λ=1.566767e+00  maxρ=1.036592e+00  minρ=1.000e-15  σ=2.476643e+00  Rc=1.877670e+01
 step=  3600  E=1.033996139035e+03  Q=1.379000000000e+03  λ=1.502676e+00  maxρ=1.032102e+00  minρ=1.000e-15  σ=2.476640e+00  Rc=1.877670e+01
 step=  3900  E=1.029881052001e+03  Q=1.379000000000e+03  λ=1.473354e+00  maxρ=1.032104e+00  minρ=1.000e-15  σ=2.476640e+00  Rc=1.877670e+01
 step=  4200  E=1.028309143325e+03  Q=1.379000000000e+03  λ=1.505119e+00  maxρ=1.028516e+00  minρ=1.000e-15  σ=2.476644e+00  Rc=1.877669e+01
 step=  4500  E=1.029746270601e+03  Q=1.379000000000e+03  λ=1.540426e+00  maxρ=1.025935e+00  minρ=1.000e-15  σ=2.476645e+00  Rc=1.877669e+01
 step=  4800  E=1.031104442990e+03  Q=1.379000000000e+03  λ=1.528654e+00  maxρ=1.030336e+00  minρ=1.000e-15  σ=2.476642e+00  Rc=1.877669e+01
 step=  5100  E=1.030451351800e+03  Q=1.379000000000e+03  λ=1.491625e+00  maxρ=1.031559e+00  minρ=1.000e-15  σ=2.476637e+00  Rc=1.877669e+01
 step=  5400  E=1.028906696929e+03  Q=1.379000000000e+03  λ=1.481331e+00  maxρ=1.030343e+00  minρ=1.000e-15  σ=2.476636e+00  Rc=1.877668e+01
 step=  5700  E=1.028231683125e+03  Q=1.379000000000e+03  λ=1.504667e+00  maxρ=1.026828e+00  minρ=1.000e-15  σ=2.476639e+00  Rc=1.877668e+01
 step=  6000  E=1.028419060736e+03  Q=1.379000000000e+03  λ=1.521830e+00  maxρ=1.023024e+00  minρ=1.000e-15  σ=2.476641e+00  Rc=1.877667e+01
 >>> No runaway detected in this horizon. Likely stable (within this model & box).

STABILITY: PASS
