
=== Aggressive relaxation to Q = 1427 ===
Initial: E=3.307912091621e+03, Q=1.427000000000e+03, dt=1.000e-04
 step=     1  E=3.307751072755e+03  Q=1.427000000000e+03  λ=4.693325e+00  dt=1.000e-04  relΔE=4.868e-05  ||F||=1.062e+00
 step=   500  E=3.121221624173e+03  Q=1.427000000000e+03  λ=4.401004e+00  dt=6.192e-04  relΔE=2.142e-04  ||F||=9.533e-01
 step=  1000  E=2.665678662698e+03  Q=1.427000000000e+03  λ=3.705806e+00  dt=9.584e-04  relΔE=2.329e-04  ||F||=7.383e-01
 step=  1500  E=2.352826226025e+03  Q=1.427000000000e+03  λ=3.238894e+00  dt=7.418e-04  relΔE=1.599e-04  ||F||=6.602e-01
 step=  2000  E=2.142457098745e+03  Q=1.427000000000e+03  λ=2.929232e+00  dt=1.148e-03  relΔE=1.753e-04  ||F||=5.246e-01
 step=  2500  E=1.976987525991e+03  Q=1.427000000000e+03  λ=2.687738e+00  dt=8.887e-04  relΔE=1.136e-04  ||F||=4.611e-01
 step=  3000  E=1.846329962980e+03  Q=1.427000000000e+03  λ=2.498820e+00  dt=1.376e-03  relΔE=1.501e-04  ||F||=4.139e-01
 step=  3500  E=1.743840939046e+03  Q=1.427000000000e+03  λ=2.351414e+00  dt=1.065e-03  relΔE=1.012e-04  ||F||=3.734e-01
 step=  4000  E=1.656381203684e+03  Q=1.427000000000e+03  λ=2.226384e+00  dt=8.241e-04  relΔE=6.889e-05  ||F||=3.413e-01
 step=  4500  E=1.583293437011e+03  Q=1.427000000000e+03  λ=2.122573e+00  dt=1.276e-03  relΔE=9.495e-05  ||F||=3.149e-01
 step=  5000  E=1.521341756490e+03  Q=1.427000000000e+03  λ=2.034893e+00  dt=9.873e-04  relΔE=6.658e-05  ||F||=2.938e-01
 step=  5500  E=1.464793043954e+03  Q=1.427000000000e+03  λ=1.955256e+00  dt=7.641e-04  relΔE=4.833e-05  ||F||=2.792e-01
 step=  6000  E=1.416254343953e+03  Q=1.427000000000e+03  λ=1.887271e+00  dt=1.183e-03  relΔE=6.936e-05  ||F||=2.643e-01
 step=  6500  E=1.370246704927e+03  Q=1.427000000000e+03  λ=1.822965e+00  dt=9.154e-04  relΔE=5.192e-05  ||F||=2.557e-01
 step=  7000  E=1.325864922165e+03  Q=1.427000000000e+03  λ=1.761102e+00  dt=1.417e-03  relΔE=7.920e-05  ||F||=3.059e-01
 step=  7500  E=1.284922238408e+03  Q=1.427000000000e+03  λ=1.703825e+00  dt=1.097e-03  relΔE=6.188e-05  ||F||=2.469e-01
 step=  8000  E=1.243563310999e+03  Q=1.427000000000e+03  λ=1.645721e+00  dt=8.488e-04  relΔE=4.817e-05  ||F||=2.436e-01
 step=  8500  E=1.205248016991e+03  Q=1.427000000000e+03  λ=1.591619e+00  dt=1.095e-03  relΔE=6.129e-05  ||F||=2.382e-01
 step=  9000  E=1.167841405329e+03  Q=1.427000000000e+03  λ=1.538481e+00  dt=8.475e-04  relΔE=4.496e-05  ||F||=2.283e-01
 step=  9500  E=1.134452877112e+03  Q=1.427000000000e+03  λ=1.491002e+00  dt=1.312e-03  relΔE=6.214e-05  ||F||=2.126e-01
 step= 10000  E=1.106931180093e+03  Q=1.427000000000e+03  λ=1.451898e+00  dt=1.015e-03  relΔE=4.025e-05  ||F||=1.921e-01
 step= 10500  E=1.084426135602e+03  Q=1.427000000000e+03  λ=1.420155e+00  dt=7.858e-04  relΔE=2.422e-05  ||F||=1.677e-01
 step= 11000  E=1.068342618675e+03  Q=1.427000000000e+03  λ=1.397765e+00  dt=1.216e-03  relΔE=2.729e-05  ||F||=1.420e-01
 step= 11500  E=1.056936131065e+03  Q=1.427000000000e+03  λ=1.382129e+00  dt=9.414e-04  relΔE=1.459e-05  ||F||=1.174e-01
 step= 12000  E=1.049104669387e+03  Q=1.427000000000e+03  λ=1.371790e+00  dt=1.457e-03  relΔE=8.680e-06  ||F||=5.943e-01
 step= 12500  E=1.044325811466e+03  Q=1.427000000000e+03  λ=1.365422e+00  dt=1.128e-03  relΔE=7.371e-06  ||F||=7.576e-02
 step= 13000  E=1.041197384038e+03  Q=1.427000000000e+03  λ=1.361495e+00  dt=8.730e-04  relΔE=3.538e-06  ||F||=5.956e-02
 step= 13500  E=1.039277893205e+03  Q=1.427000000000e+03  λ=1.359203e+00  dt=1.351e-03  relΔE=3.332e-06  ||F||=4.643e-02
 step= 14000  E=1.038142825313e+03  Q=1.427000000000e+03  λ=1.357927e+00  dt=1.046e-03  relΔE=1.569e-06  ||F||=3.618e-02
 step= 14500  E=1.037438982665e+03  Q=1.427000000000e+03  λ=1.357197e+00  dt=8.095e-04  relΔE=7.226e-07  ||F||=2.789e-02
 step= 15000  E=1.037027986789e+03  Q=1.427000000000e+03  λ=1.356815e+00  dt=1.253e-03  relΔE=6.655e-07  ||F||=2.151e-02
 step= 15500  E=1.036784787459e+03  Q=1.427000000000e+03  λ=1.356619e+00  dt=9.698e-04  relΔE=3.073e-07  ||F||=1.661e-02
 step= 16000  E=1.036635330985e+03  Q=1.427000000000e+03  λ=1.356519e+00  dt=7.506e-04  relΔE=1.497e-07  ||F||=1.320e-02
 step= 16500  E=1.036551413836e+03  Q=1.427000000000e+03  λ=1.356476e+00  dt=1.162e-03  relΔE=1.298e-07  ||F||=9.854e-03
 step= 17000  E=1.036499510186e+03  Q=1.427000000000e+03  λ=1.356457e+00  dt=8.992e-04  relΔE=5.992e-08  ||F||=7.608e-03
 step= 17500  E=1.036468168104e+03  Q=1.427000000000e+03  λ=1.356450e+00  dt=1.392e-03  relΔE=5.544e-08  ||F||=5.994e-03
 step= 18000  E=1.036449884584e+03  Q=1.427000000000e+03  λ=1.356447e+00  dt=1.077e-03  relΔE=2.644e-08  ||F||=4.615e-03
 step= 18500  E=1.036438255599e+03  Q=1.427000000000e+03  λ=1.356445e+00  dt=8.338e-04  relΔE=1.260e-08  ||F||=3.622e-03
 step= 19000  E=1.036431083160e+03  Q=1.427000000000e+03  λ=1.356443e+00  dt=1.291e-03  relΔE=1.226e-08  ||F||=2.872e-03
 step= 19500  E=1.036426598148e+03  Q=1.427000000000e+03  λ=1.356440e+00  dt=9.989e-04  relΔE=6.152e-09  ||F||=2.313e-03
 step= 20000  E=1.036423562742e+03  Q=1.427000000000e+03  λ=1.356435e+00  dt=7.731e-04  relΔE=3.161e-09  ||F||=1.888e-03
 step= 20500  E=1.036421624235e+03  Q=1.427000000000e+03  λ=1.356430e+00  dt=1.197e-03  relΔE=3.280e-09  ||F||=1.548e-03
 step= 21000  E=1.036420266223e+03  Q=1.427000000000e+03  λ=1.356425e+00  dt=9.263e-04  relΔE=1.763e-09  ||F||=1.293e-03
 step= 21500  E=1.036419291103e+03  Q=1.427000000000e+03  λ=1.356419e+00  dt=1.434e-03  relΔE=1.875e-09  ||F||=2.134e-03
 step= 22000  E=1.036418624500e+03  Q=1.427000000000e+03  λ=1.356413e+00  dt=1.110e-03  relΔE=1.098e-09  ||F||=9.385e-04
 step= 22500  E=1.036418113804e+03  Q=1.427000000000e+03  λ=1.356407e+00  dt=8.589e-04  relΔE=6.304e-10  ||F||=8.120e-04
 step= 23000  E=1.036417732847e+03  Q=1.427000000000e+03  λ=1.356402e+00  dt=1.329e-03  relΔE=7.365e-10  ||F||=7.090e-04
 step= 23500  E=1.036417449213e+03  Q=1.427000000000e+03  λ=1.356396e+00  dt=1.029e-03  relΔE=4.388e-10  ||F||=6.254e-04
 step= 24000  E=1.036417222686e+03  Q=1.427000000000e+03  λ=1.356391e+00  dt=7.964e-04  relΔE=2.630e-10  ||F||=5.537e-04
 step= 24500  E=1.036417051757e+03  Q=1.427000000000e+03  λ=1.356387e+00  dt=1.233e-03  relΔE=3.169e-10  ||F||=4.918e-04
 step= 25000  E=1.036416917213e+03  Q=1.427000000000e+03  λ=1.356383e+00  dt=9.541e-04  relΔE=1.927e-10  ||F||=4.390e-04
 step= 25500  E=1.036416808117e+03  Q=1.427000000000e+03  λ=1.356379e+00  dt=7.385e-04  relΔE=1.325e-10  ||F||=4.224e-04
 step= 26000  E=1.036416726815e+03  Q=1.427000000000e+03  λ=1.356375e+00  dt=1.143e-03  relΔE=1.434e-10  ||F||=3.518e-04
 step= 26500  E=1.036416660124e+03  Q=1.427000000000e+03  λ=1.356372e+00  dt=8.847e-04  relΔE=8.754e-11  ||F||=3.154e-04
 step= 27000  E=1.036416607330e+03  Q=1.427000000000e+03  λ=1.356369e+00  dt=1.369e-03  relΔE=1.067e-10  ||F||=2.835e-04
 step= 27500  E=1.036416566875e+03  Q=1.427000000000e+03  λ=1.356366e+00  dt=1.060e-03  relΔE=6.546e-11  ||F||=2.548e-04
 step= 28000  E=1.036416533949e+03  Q=1.427000000000e+03  λ=1.356364e+00  dt=8.203e-04  relΔE=3.986e-11  ||F||=2.290e-04
 step= 28500  E=1.036416508411e+03  Q=1.427000000000e+03  λ=1.356362e+00  dt=1.270e-03  relΔE=4.841e-11  ||F||=2.059e-04
 step= 29000  E=1.036416488591e+03  Q=1.427000000000e+03  λ=1.356360e+00  dt=9.828e-04  relΔE=2.944e-11  ||F||=1.856e-04
 step= 29500  E=1.036416473164e+03  Q=1.427000000000e+03  λ=1.356358e+00  dt=1.268e-03  relΔE=2.977e-11  ||F||=1.674e-04
 step= 30000  E=1.036416460896e+03  Q=1.427000000000e+03  λ=1.356356e+00  dt=9.812e-04  relΔE=1.789e-11  ||F||=1.508e-04
 step= 30500  E=1.036416451156e+03  Q=1.427000000000e+03  λ=1.356355e+00  dt=7.594e-04  relΔE=1.091e-11  ||F||=1.368e-04
 step= 31000  E=1.036416444049e+03  Q=1.427000000000e+03  λ=1.356354e+00  dt=1.176e-03  relΔE=1.261e-11  ||F||=1.223e-04
 step= 31500  E=1.036416438480e+03  Q=1.427000000000e+03  λ=1.356353e+00  dt=9.098e-04  relΔE=7.371e-12  ||F||=1.101e-04
 step= 32000  E=1.036416434242e+03  Q=1.427000000000e+03  λ=1.356351e+00  dt=1.408e-03  relΔE=8.451e-12  ||F||=1.030e-04
 step= 32500  E=1.036416431237e+03  Q=1.427000000000e+03  λ=1.356351e+00  dt=1.090e-03  relΔE=4.832e-12  ||F||=8.934e-05
 step= 33000  E=1.036416428981e+03  Q=1.427000000000e+03  λ=1.356350e+00  dt=8.436e-04  relΔE=2.667e-12  ||F||=8.040e-05
 step= 33500  E=1.036416427405e+03  Q=1.427000000000e+03  λ=1.356349e+00  dt=1.306e-03  relΔE=2.841e-12  ||F||=7.239e-05
 step= 34000  E=1.036416426363e+03  Q=1.427000000000e+03  λ=1.356348e+00  dt=1.011e-03  relΔE=1.447e-12  ||F||=6.532e-05
 step= 34500  E=1.036416425683e+03  Q=1.427000000000e+03  λ=1.356348e+00  dt=7.823e-04  relΔE=6.639e-13  ||F||=5.877e-05
 step= 35000  E=1.036416425325e+03  Q=1.427000000000e+03  λ=1.356347e+00  dt=1.211e-03  relΔE=4.947e-13  ||F||=5.298e-05
 step= 35500  E=1.036416425186e+03  Q=1.427000000000e+03  λ=1.356346e+00  dt=9.372e-04  relΔE=7.613e-14  ||F||=4.775e-05
  !! dt fell below dt_min: stiffness-limited termination.

Stationary candidate (aggressive): E=1.036416425179e+03, Q=1.427000000000e+03, maxρ=1.024085e+00

=== Stability test (damped inertial dynamics) ===
Perturb eps=0.02, gamma=1
t=0: E=1.105787340868e+03, Q=1.427000000000e+03, maxρ=1.058183e+00, σ=2.481610e+00, Rc=1.877543e+01
 step=     1  E=1.105786993126e+03  Q=1.427000000000e+03  λ=1.741283e+00  maxρ=1.058183e+00  minρ=1.000e-15  σ=2.481610e+00  Rc=1.877543e+01
 step=   300  E=1.091526431873e+03  Q=1.427000000000e+03  λ=1.638949e+00  maxρ=1.056387e+00  minρ=1.000e-15  σ=2.481606e+00  Rc=1.877543e+01
 step=   600  E=1.062821872973e+03  Q=1.427000000000e+03  λ=1.453484e+00  maxρ=1.051323e+00  minρ=1.000e-15  σ=2.481601e+00  Rc=1.877544e+01
 step=   900  E=1.045958002682e+03  Q=1.427000000000e+03  λ=1.393991e+00  maxρ=1.043834e+00  minρ=1.000e-15  σ=2.481599e+00  Rc=1.877544e+01
 step=  1200  E=1.052251991597e+03  Q=1.427000000000e+03  λ=1.500456e+00  maxρ=1.040279e+00  minρ=1.000e-15  σ=2.481602e+00  Rc=1.877543e+01
 step=  1500  E=1.069412039135e+03  Q=1.427000000000e+03  λ=1.616510e+00  maxρ=1.045418e+00  minρ=1.000e-15  σ=2.481604e+00  Rc=1.877543e+01
 step=  1800  E=1.078250271761e+03  Q=1.427000000000e+03  λ=1.603176e+00  maxρ=1.048763e+00  minρ=1.000e-15  σ=2.481602e+00  Rc=1.877542e+01
 step=  2100  E=1.073170745259e+03  Q=1.427000000000e+03  λ=1.502636e+00  maxρ=1.043424e+00  minρ=1.000e-15  σ=2.481599e+00  Rc=1.877543e+01
 step=  2400  E=1.064126620401e+03  Q=1.427000000000e+03  λ=1.455591e+00  maxρ=1.032692e+00  minρ=1.000e-15  σ=2.481599e+00  Rc=1.877543e+01
 step=  2700  E=1.061879303154e+03  Q=1.427000000000e+03  λ=1.509631e+00  maxρ=1.035523e+00  minρ=1.000e-15  σ=2.481602e+00  Rc=1.877542e+01
 step=  3000  E=1.066274911001e+03  Q=1.427000000000e+03  λ=1.575511e+00  maxρ=1.048522e+00  minρ=1.000e-15  σ=2.481603e+00  Rc=1.877542e+01
 step=  3300  E=1.069634988040e+03  Q=1.427000000000e+03  λ=1.563964e+00  maxρ=1.051201e+00  minρ=1.000e-15  σ=2.481599e+00  Rc=1.877542e+01
 step=  3600  E=1.067635381850e+03  Q=1.427000000000e+03  λ=1.499852e+00  maxρ=1.046492e+00  minρ=1.000e-15  σ=2.481595e+00  Rc=1.877542e+01
 step=  3900  E=1.063379601936e+03  Q=1.427000000000e+03  λ=1.470544e+00  maxρ=1.046495e+00  minρ=1.000e-15  σ=2.481596e+00  Rc=1.877542e+01
 step=  4200  E=1.061753970395e+03  Q=1.427000000000e+03  λ=1.502340e+00  maxρ=1.042856e+00  minρ=1.000e-15  σ=2.481600e+00  Rc=1.877542e+01
 step=  4500  E=1.063239068239e+03  Q=1.427000000000e+03  λ=1.537652e+00  maxρ=1.040256e+00  minρ=1.000e-15  σ=2.481601e+00  Rc=1.877541e+01
 step=  4800  E=1.064641191696e+03  Q=1.427000000000e+03  λ=1.525850e+00  maxρ=1.044753e+00  minρ=1.000e-15  σ=2.481597e+00  Rc=1.877541e+01
 step=  5100  E=1.063964378248e+03  Q=1.427000000000e+03  λ=1.488795e+00  maxρ=1.045958e+00  minρ=1.000e-15  σ=2.481593e+00  Rc=1.877541e+01
 step=  5400  E=1.062368639332e+03  Q=1.427000000000e+03  λ=1.478512e+00  maxρ=1.044725e+00  minρ=1.000e-15  σ=2.481592e+00  Rc=1.877541e+01
 step=  5700  E=1.061673665561e+03  Q=1.427000000000e+03  λ=1.501883e+00  maxρ=1.041159e+00  minρ=1.000e-15  σ=2.481595e+00  Rc=1.877540e+01
 step=  6000  E=1.061867937805e+03  Q=1.427000000000e+03  λ=1.519058e+00  maxρ=1.037312e+00  minρ=1.000e-15  σ=2.481596e+00  Rc=1.877540e+01
 >>> No runaway detected in this horizon. Likely stable (within this model & box).

STABILITY: PASS
