
=== Aggressive relaxation to Q = 1528 ===
Initial: E=3.545515918703e+03, Q=1.528000000000e+03, dt=1.000e-04
 step=     1  E=3.545340114601e+03  Q=1.528000000000e+03  λ=4.717918e+00  dt=1.000e-04  relΔE=4.958e-05  ||F||=1.073e+00
 step=   500  E=3.342206403680e+03  Q=1.528000000000e+03  λ=4.416551e+00  dt=6.192e-04  relΔE=2.174e-04  ||F||=9.604e-01
 step=  1000  E=2.848321906508e+03  Q=1.528000000000e+03  λ=3.706754e+00  dt=9.584e-04  relΔE=2.351e-04  ||F||=7.410e-01
 step=  1500  E=2.511771258963e+03  Q=1.528000000000e+03  λ=3.234938e+00  dt=7.418e-04  relΔE=1.518e-04  ||F||=6.377e-01
 step=  2000  E=2.286142747385e+03  Q=1.528000000000e+03  λ=2.923219e+00  dt=1.148e-03  relΔE=1.761e-04  ||F||=5.249e-01
 step=  2500  E=2.108910749958e+03  Q=1.528000000000e+03  λ=2.680524e+00  dt=8.887e-04  relΔE=1.140e-04  ||F||=4.609e-01
 step=  3000  E=1.969204053680e+03  Q=1.528000000000e+03  λ=2.491044e+00  dt=1.376e-03  relΔE=1.504e-04  ||F||=4.130e-01
 step=  3500  E=1.859737066439e+03  Q=1.528000000000e+03  λ=2.343393e+00  dt=1.065e-03  relΔE=1.013e-04  ||F||=3.729e-01
 step=  4000  E=1.766279242417e+03  Q=1.528000000000e+03  λ=2.218120e+00  dt=8.241e-04  relΔE=6.895e-05  ||F||=3.407e-01
 step=  4500  E=1.688456716928e+03  Q=1.528000000000e+03  λ=2.114492e+00  dt=1.276e-03  relΔE=9.493e-05  ||F||=3.142e-01
 step=  5000  E=1.622332705375e+03  Q=1.528000000000e+03  λ=2.026764e+00  dt=9.873e-04  relΔE=6.652e-05  ||F||=2.930e-01
 step=  5500  E=1.562111502840e+03  Q=1.528000000000e+03  λ=1.947270e+00  dt=7.641e-04  relΔE=4.863e-05  ||F||=2.796e-01
 step=  6000  E=1.510420841713e+03  Q=1.528000000000e+03  λ=1.879405e+00  dt=1.183e-03  relΔE=6.924e-05  ||F||=2.635e-01
 step=  6500  E=1.461450116287e+03  Q=1.528000000000e+03  λ=1.815243e+00  dt=9.154e-04  relΔE=5.183e-05  ||F||=2.549e-01
 step=  7000  E=1.414188649662e+03  Q=1.528000000000e+03  λ=1.753488e+00  dt=1.417e-03  relΔE=7.905e-05  ||F||=3.119e-01
 step=  7500  E=1.371316411600e+03  Q=1.528000000000e+03  λ=1.697246e+00  dt=9.140e-04  relΔE=5.156e-05  ||F||=2.465e-01
 step=  8000  E=1.326787260548e+03  Q=1.528000000000e+03  λ=1.638716e+00  dt=1.415e-03  relΔE=7.994e-05  ||F||=3.052e-01
 step=  8500  E=1.285517844740e+03  Q=1.528000000000e+03  λ=1.584080e+00  dt=1.095e-03  relΔE=6.149e-05  ||F||=2.381e-01
 step=  9000  E=1.245353014872e+03  Q=1.528000000000e+03  λ=1.530733e+00  dt=8.475e-04  relΔE=4.518e-05  ||F||=2.284e-01
 step=  9500  E=1.210807446073e+03  Q=1.528000000000e+03  λ=1.484892e+00  dt=1.093e-03  relΔE=5.233e-05  ||F||=2.134e-01
 step= 10000  E=1.180462714990e+03  Q=1.528000000000e+03  λ=1.444801e+00  dt=8.461e-04  relΔE=3.383e-05  ||F||=1.925e-01
 step= 10500  E=1.156597664436e+03  Q=1.528000000000e+03  λ=1.413655e+00  dt=1.310e-03  relΔE=4.065e-05  ||F||=1.679e-01
 step= 11000  E=1.139287833180e+03  Q=1.528000000000e+03  λ=1.391407e+00  dt=1.014e-03  relΔE=2.305e-05  ||F||=1.426e-01
 step= 11500  E=1.126720828433e+03  Q=1.528000000000e+03  λ=1.375621e+00  dt=7.845e-04  relΔE=1.228e-05  ||F||=1.177e-01
 step= 12000  E=1.118619704628e+03  Q=1.528000000000e+03  λ=1.365750e+00  dt=1.214e-03  relΔE=1.254e-05  ||F||=9.526e-02
 step= 12500  E=1.113306421909e+03  Q=1.528000000000e+03  λ=1.359502e+00  dt=9.399e-04  relΔE=6.200e-06  ||F||=7.594e-02
 step= 13000  E=1.109890547712e+03  Q=1.528000000000e+03  λ=1.355713e+00  dt=1.455e-03  relΔE=4.575e-06  ||F||=2.803e-01
 step= 13500  E=1.107904556025e+03  Q=1.528000000000e+03  λ=1.353589e+00  dt=1.126e-03  relΔE=2.832e-06  ||F||=4.677e-02
 step= 14000  E=1.106643875280e+03  Q=1.528000000000e+03  λ=1.352364e+00  dt=8.715e-04  relΔE=1.318e-06  ||F||=3.624e-02
 step= 14500  E=1.105889801609e+03  Q=1.528000000000e+03  λ=1.351706e+00  dt=1.349e-03  relΔE=1.217e-06  ||F||=2.800e-02
 step= 15000  E=1.105450703940e+03  Q=1.528000000000e+03  λ=1.351373e+00  dt=1.044e-03  relΔE=5.676e-07  ||F||=2.171e-02
 step= 15500  E=1.105179446912e+03  Q=1.528000000000e+03  λ=1.351202e+00  dt=8.081e-04  relΔE=2.604e-07  ||F||=1.671e-02
 step= 16000  E=1.105021361398e+03  Q=1.528000000000e+03  λ=1.351125e+00  dt=1.251e-03  relΔE=2.411e-07  ||F||=1.292e-02
 step= 16500  E=1.104926696187e+03  Q=1.528000000000e+03  λ=1.351092e+00  dt=9.682e-04  relΔE=1.125e-07  ||F||=1.003e-02
 step= 17000  E=1.104867829819e+03  Q=1.528000000000e+03  λ=1.351079e+00  dt=7.493e-04  relΔE=5.468e-08  ||F||=7.955e-03
 step= 17500  E=1.104833916592e+03  Q=1.528000000000e+03  λ=1.351075e+00  dt=1.160e-03  relΔE=4.997e-08  ||F||=6.104e-03
 step= 18000  E=1.104812191596e+03  Q=1.528000000000e+03  λ=1.351071e+00  dt=8.978e-04  relΔE=2.399e-08  ||F||=4.807e-03
 step= 18500  E=1.104798489639e+03  Q=1.528000000000e+03  λ=1.351067e+00  dt=1.390e-03  relΔE=2.337e-08  ||F||=3.874e-03
 step= 19000  E=1.104790033962e+03  Q=1.528000000000e+03  λ=1.351062e+00  dt=1.076e-03  relΔE=1.184e-08  ||F||=3.088e-03
 step= 19500  E=1.104784287398e+03  Q=1.528000000000e+03  λ=1.351054e+00  dt=8.324e-04  relΔE=6.072e-09  ||F||=2.515e-03
 step= 20000  E=1.104780458498e+03  Q=1.528000000000e+03  λ=1.351046e+00  dt=1.289e-03  relΔE=6.407e-09  ||F||=2.079e-03
 step= 20500  E=1.104777854577e+03  Q=1.528000000000e+03  λ=1.351036e+00  dt=9.973e-04  relΔE=3.494e-09  ||F||=1.749e-03
 step= 21000  E=1.104775936340e+03  Q=1.528000000000e+03  λ=1.351026e+00  dt=7.719e-04  relΔE=1.951e-09  ||F||=1.489e-03
 step= 21500  E=1.104774601491e+03  Q=1.528000000000e+03  λ=1.351016e+00  dt=1.195e-03  relΔE=2.208e-09  ||F||=1.276e-03
 step= 22000  E=1.104773587830e+03  Q=1.528000000000e+03  λ=1.351006e+00  dt=9.248e-04  relΔE=1.281e-09  ||F||=1.108e-03
 step= 22500  E=1.104772806233e+03  Q=1.528000000000e+03  λ=1.350997e+00  dt=1.431e-03  relΔE=1.461e-09  ||F||=1.838e-03
 step= 23000  E=1.104772237620e+03  Q=1.528000000000e+03  λ=1.350988e+00  dt=1.108e-03  relΔE=9.022e-10  ||F||=8.558e-04
 step= 23500  E=1.104771779044e+03  Q=1.528000000000e+03  λ=1.350979e+00  dt=8.575e-04  relΔE=5.430e-10  ||F||=7.578e-04
 step= 24000  E=1.104771421743e+03  Q=1.528000000000e+03  λ=1.350971e+00  dt=1.327e-03  relΔE=6.585e-10  ||F||=6.739e-04
 step= 24500  E=1.104771146710e+03  Q=1.528000000000e+03  λ=1.350964e+00  dt=1.027e-03  relΔE=4.037e-10  ||F||=6.026e-04
 step= 25000  E=1.104770921914e+03  Q=1.528000000000e+03  λ=1.350958e+00  dt=7.951e-04  relΔE=2.473e-10  ||F||=5.390e-04
 step= 25500  E=1.104770748530e+03  Q=1.528000000000e+03  λ=1.350951e+00  dt=1.231e-03  relΔE=3.038e-10  ||F||=4.829e-04
 step= 26000  E=1.104770609785e+03  Q=1.528000000000e+03  λ=1.350946e+00  dt=9.526e-04  relΔE=1.872e-10  ||F||=4.336e-04
 step= 26500  E=1.104770495925e+03  Q=1.528000000000e+03  λ=1.350941e+00  dt=7.373e-04  relΔE=1.784e-10  ||F||=1.316e-03
 step= 27000  E=1.104770410426e+03  Q=1.528000000000e+03  λ=1.350936e+00  dt=1.141e-03  relΔE=1.419e-10  ||F||=3.501e-04
 step= 27500  E=1.104770339667e+03  Q=1.528000000000e+03  λ=1.350932e+00  dt=8.833e-04  relΔE=8.718e-11  ||F||=3.146e-04
 step= 28000  E=1.104770283398e+03  Q=1.528000000000e+03  λ=1.350928e+00  dt=1.367e-03  relΔE=1.068e-10  ||F||=2.834e-04
 step= 28500  E=1.104770240059e+03  Q=1.528000000000e+03  λ=1.350925e+00  dt=1.058e-03  relΔE=6.583e-11  ||F||=2.549e-04
 step= 29000  E=1.104770204641e+03  Q=1.528000000000e+03  λ=1.350922e+00  dt=8.190e-04  relΔE=4.026e-11  ||F||=2.293e-04
 step= 29500  E=1.104770177036e+03  Q=1.528000000000e+03  λ=1.350919e+00  dt=1.268e-03  relΔE=4.905e-11  ||F||=2.063e-04
 step= 30000  E=1.104770155561e+03  Q=1.528000000000e+03  λ=1.350917e+00  dt=9.812e-04  relΔE=2.993e-11  ||F||=1.861e-04
 step= 30500  E=1.104770138811e+03  Q=1.528000000000e+03  λ=1.350914e+00  dt=1.266e-03  relΔE=3.039e-11  ||F||=1.680e-04
 step= 31000  E=1.104770125404e+03  Q=1.528000000000e+03  λ=1.350912e+00  dt=9.796e-04  relΔE=1.832e-11  ||F||=1.513e-04
 step= 31500  E=1.104770114737e+03  Q=1.528000000000e+03  λ=1.350910e+00  dt=7.582e-04  relΔE=1.123e-11  ||F||=1.373e-04
 step= 32000  E=1.104770106918e+03  Q=1.528000000000e+03  λ=1.350909e+00  dt=1.174e-03  relΔE=1.303e-11  ||F||=1.227e-04
 step= 32500  E=1.104770100752e+03  Q=1.528000000000e+03  λ=1.350907e+00  dt=9.084e-04  relΔE=7.659e-12  ||F||=1.105e-04
 step= 33000  E=1.104770096037e+03  Q=1.528000000000e+03  λ=1.350906e+00  dt=1.406e-03  relΔE=8.840e-12  ||F||=1.042e-04
 step= 33500  E=1.104770092668e+03  Q=1.528000000000e+03  λ=1.350905e+00  dt=1.088e-03  relΔE=5.101e-12  ||F||=8.970e-05
 step= 34000  E=1.104770090112e+03  Q=1.528000000000e+03  λ=1.350904e+00  dt=8.423e-04  relΔE=2.849e-12  ||F||=8.073e-05
 step= 34500  E=1.104770088300e+03  Q=1.528000000000e+03  λ=1.350903e+00  dt=1.304e-03  relΔE=3.091e-12  ||F||=7.269e-05
 step= 35000  E=1.104770087074e+03  Q=1.528000000000e+03  λ=1.350902e+00  dt=1.009e-03  relΔE=1.616e-12  ||F||=6.558e-05
 step= 35500  E=1.104770086248e+03  Q=1.528000000000e+03  λ=1.350901e+00  dt=7.810e-04  relΔE=7.796e-13  ||F||=5.903e-05
 step= 36000  E=1.104770085780e+03  Q=1.528000000000e+03  λ=1.350900e+00  dt=1.209e-03  relΔE=6.512e-13  ||F||=5.320e-05
 step= 36500  E=1.104770085554e+03  Q=1.528000000000e+03  λ=1.350900e+00  dt=9.357e-04  relΔE=1.832e-13  ||F||=4.795e-05
  !! dt fell below dt_min: stiffness-limited termination.

Stationary candidate (aggressive): E=1.104770085510e+03, Q=1.528000000000e+03, maxρ=1.052019e+00

=== Stability test (damped inertial dynamics) ===
Perturb eps=0.02, gamma=1
t=0: E=1.179083240730e+03, Q=1.528000000000e+03, maxρ=1.087401e+00, σ=2.493669e+00, Rc=1.877248e+01
 step=     1  E=1.179082868185e+03  Q=1.528000000000e+03  λ=1.736032e+00  maxρ=1.087401e+00  minρ=1.000e-15  σ=2.493669e+00  Rc=1.877248e+01
 step=   300  E=1.163805175015e+03  Q=1.528000000000e+03  λ=1.633638e+00  maxρ=1.085555e+00  minρ=1.000e-15  σ=2.493666e+00  Rc=1.877248e+01
 step=   600  E=1.133053539385e+03  Q=1.528000000000e+03  λ=1.448073e+00  maxρ=1.080351e+00  minρ=1.000e-15  σ=2.493660e+00  Rc=1.877248e+01
 step=   900  E=1.114987697789e+03  Q=1.528000000000e+03  λ=1.388562e+00  maxρ=1.072654e+00  minρ=1.000e-15  σ=2.493659e+00  Rc=1.877248e+01
 step=  1200  E=1.121731835387e+03  Q=1.528000000000e+03  λ=1.495098e+00  maxρ=1.069011e+00  minρ=1.000e-15  σ=2.493661e+00  Rc=1.877247e+01
 step=  1500  E=1.140117296592e+03  Q=1.528000000000e+03  λ=1.611207e+00  maxρ=1.074048e+00  minρ=1.000e-15  σ=2.493664e+00  Rc=1.877247e+01
 step=  1800  E=1.149587868371e+03  Q=1.528000000000e+03  λ=1.597843e+00  maxρ=1.077485e+00  minρ=1.000e-15  σ=2.493661e+00  Rc=1.877247e+01
 step=  2100  E=1.144147938577e+03  Q=1.528000000000e+03  λ=1.497247e+00  maxρ=1.071999e+00  minρ=1.000e-15  σ=2.493658e+00  Rc=1.877247e+01
 step=  2400  E=1.134458363897e+03  Q=1.528000000000e+03  λ=1.450205e+00  maxρ=1.060871e+00  minρ=1.000e-15  σ=2.493658e+00  Rc=1.877247e+01
 step=  2700  E=1.132046260934e+03  Q=1.528000000000e+03  λ=1.504296e+00  maxρ=1.064108e+00  minρ=1.000e-15  σ=2.493661e+00  Rc=1.877247e+01
 step=  3000  E=1.136748833677e+03  Q=1.528000000000e+03  λ=1.570189e+00  maxρ=1.077464e+00  minρ=1.000e-15  σ=2.493662e+00  Rc=1.877247e+01
 step=  3300  E=1.140345711810e+03  Q=1.528000000000e+03  λ=1.558588e+00  maxρ=1.080217e+00  minρ=1.000e-15  σ=2.493659e+00  Rc=1.877247e+01
 step=  3600  E=1.138207982903e+03  Q=1.528000000000e+03  λ=1.494428e+00  maxρ=1.075040e+00  minρ=1.000e-15  σ=2.493655e+00  Rc=1.877247e+01
 step=  3900  E=1.133656801314e+03  Q=1.528000000000e+03  λ=1.465149e+00  maxρ=1.075042e+00  minρ=1.000e-15  σ=2.493656e+00  Rc=1.877246e+01
 step=  4200  E=1.131918586878e+03  Q=1.528000000000e+03  λ=1.497014e+00  maxρ=1.071303e+00  minρ=1.000e-15  σ=2.493659e+00  Rc=1.877246e+01
 step=  4500  E=1.133504197848e+03  Q=1.528000000000e+03  λ=1.532339e+00  maxρ=1.068672e+00  minρ=1.000e-15  σ=2.493661e+00  Rc=1.877246e+01
 step=  4800  E=1.134997773573e+03  Q=1.528000000000e+03  λ=1.520471e+00  maxρ=1.073365e+00  minρ=1.000e-15  σ=2.493657e+00  Rc=1.877246e+01
 step=  5100  E=1.134270572754e+03  Q=1.528000000000e+03  λ=1.483357e+00  maxρ=1.074527e+00  minρ=1.000e-15  σ=2.493652e+00  Rc=1.877245e+01
 step=  5400  E=1.132568104944e+03  Q=1.528000000000e+03  λ=1.473100e+00  maxρ=1.073258e+00  minρ=1.000e-15  σ=2.493652e+00  Rc=1.877245e+01
 step=  5700  E=1.131832365920e+03  Q=1.528000000000e+03  λ=1.496548e+00  maxρ=1.069594e+00  minρ=1.000e-15  σ=2.493655e+00  Rc=1.877244e+01
 step=  6000  E=1.132041419938e+03  Q=1.528000000000e+03  λ=1.513752e+00  maxρ=1.065663e+00  minρ=1.000e-15  σ=2.493656e+00  Rc=1.877244e+01
 >>> No runaway detected in this horizon. Likely stable (within this model & box).

STABILITY: PASS
