
=== Aggressive relaxation to Q = 1627 ===
Initial: E=3.404184254884e+03, Q=1.627000000000e+03, dt=1.000e-04
 step=     1  E=3.404030182191e+03  Q=1.627000000000e+03  λ=4.281940e+00  dt=1.000e-04  relΔE=4.526e-05  ||F||=9.734e-01
 step=   500  E=3.225373703175e+03  Q=1.627000000000e+03  λ=4.021607e+00  dt=6.192e-04  relΔE=1.991e-04  ||F||=8.750e-01
 step=  1000  E=2.784105525191e+03  Q=1.627000000000e+03  λ=3.409784e+00  dt=9.584e-04  relΔE=2.199e-04  ||F||=6.866e-01
 step=  1500  E=2.474714925707e+03  Q=1.627000000000e+03  λ=2.995763e+00  dt=7.418e-04  relΔE=1.458e-04  ||F||=6.019e-01
 step=  2000  E=2.264622559637e+03  Q=1.627000000000e+03  λ=2.719731e+00  dt=1.148e-03  relΔE=1.667e-04  ||F||=4.925e-01
 step=  2500  E=2.098873102153e+03  Q=1.627000000000e+03  λ=2.504281e+00  dt=8.887e-04  relΔE=1.080e-04  ||F||=4.339e-01
 step=  3000  E=1.967125509860e+03  Q=1.627000000000e+03  λ=2.334878e+00  dt=1.376e-03  relΔE=1.427e-04  ||F||=3.911e-01
 step=  3500  E=1.863674202885e+03  Q=1.627000000000e+03  λ=2.202710e+00  dt=1.065e-03  relΔE=9.613e-05  ||F||=3.523e-01
 step=  4000  E=1.775074222379e+03  Q=1.627000000000e+03  λ=2.090299e+00  dt=8.241e-04  relΔE=6.540e-05  ||F||=3.224e-01
 step=  4500  E=1.701092282505e+03  Q=1.627000000000e+03  λ=1.997106e+00  dt=1.276e-03  relΔE=8.982e-05  ||F||=2.973e-01
 step=  5000  E=1.638462048844e+03  Q=1.627000000000e+03  λ=1.918531e+00  dt=9.873e-04  relΔE=6.265e-05  ||F||=2.770e-01
 step=  5500  E=1.581628945469e+03  Q=1.627000000000e+03  λ=1.847608e+00  dt=7.641e-04  relΔE=4.492e-05  ||F||=2.619e-01
 step=  6000  E=1.533196675758e+03  Q=1.627000000000e+03  λ=1.787524e+00  dt=1.183e-03  relΔE=6.370e-05  ||F||=2.468e-01
 step=  6500  E=1.488040532758e+03  Q=1.627000000000e+03  λ=1.731670e+00  dt=9.154e-04  relΔE=4.680e-05  ||F||=2.369e-01
 step=  7000  E=1.445084825075e+03  Q=1.627000000000e+03  λ=1.678790e+00  dt=1.417e-03  relΔE=6.970e-05  ||F||=3.179e-01
 step=  7500  E=1.406042233799e+03  Q=1.627000000000e+03  λ=1.630665e+00  dt=1.097e-03  relΔE=5.394e-05  ||F||=2.259e-01
 step=  8000  E=1.366765367810e+03  Q=1.627000000000e+03  λ=1.582201e+00  dt=8.488e-04  relΔE=4.204e-05  ||F||=2.235e-01
 step=  8500  E=1.329669282565e+03  Q=1.627000000000e+03  λ=1.536292e+00  dt=1.095e-03  relΔE=5.481e-05  ||F||=2.216e-01
 step=  9000  E=1.291937187350e+03  Q=1.627000000000e+03  λ=1.489329e+00  dt=8.475e-04  relΔE=4.250e-05  ||F||=2.186e-01
 step=  9500  E=1.255716940655e+03  Q=1.627000000000e+03  λ=1.444133e+00  dt=1.312e-03  relΔE=6.403e-05  ||F||=2.126e-01
 step= 10000  E=1.222787126891e+03  Q=1.627000000000e+03  λ=1.402968e+00  dt=1.015e-03  relΔE=4.624e-05  ||F||=2.027e-01
 step= 10500  E=1.192657462720e+03  Q=1.627000000000e+03  λ=1.365478e+00  dt=7.858e-04  relΔE=3.170e-05  ||F||=1.884e-01
 step= 11000  E=1.168316078552e+03  Q=1.627000000000e+03  λ=1.335525e+00  dt=1.216e-03  relΔE=4.038e-05  ||F||=1.691e-01
 step= 11500  E=1.148895016742e+03  Q=1.627000000000e+03  λ=1.311966e+00  dt=9.414e-04  relΔE=2.436e-05  ||F||=1.481e-01
 step= 12000  E=1.134005522209e+03  Q=1.627000000000e+03  λ=1.294747e+00  dt=1.457e-03  relΔE=8.792e-06  ||F||=1.024e+00
 step= 12500  E=1.123959587859e+03  Q=1.627000000000e+03  λ=1.282710e+00  dt=1.128e-03  relΔE=1.514e-05  ||F||=1.055e-01
 step= 13000  E=1.116790756420e+03  Q=1.627000000000e+03  λ=1.274712e+00  dt=8.730e-04  relΔE=7.914e-06  ||F||=8.641e-02
 step= 13500  E=1.112039663822e+03  Q=1.627000000000e+03  λ=1.269645e+00  dt=1.351e-03  relΔE=8.025e-06  ||F||=6.987e-02
 step= 14000  E=1.109040256518e+03  Q=1.627000000000e+03  λ=1.266614e+00  dt=1.046e-03  relΔE=4.030e-06  ||F||=5.614e-02
 step= 14500  E=1.107066664850e+03  Q=1.627000000000e+03  λ=1.264757e+00  dt=8.095e-04  relΔE=1.969e-06  ||F||=4.456e-02
 step= 15000  E=1.105846980764e+03  Q=1.627000000000e+03  λ=1.263712e+00  dt=1.253e-03  relΔE=1.908e-06  ||F||=3.524e-02
 step= 15500  E=1.105090470097e+03  Q=1.627000000000e+03  λ=1.263137e+00  dt=9.698e-04  relΔE=9.229e-07  ||F||=2.784e-02
 step= 16000  E=1.104604769123e+03  Q=1.627000000000e+03  λ=1.262824e+00  dt=7.506e-04  relΔE=4.558e-07  ||F||=2.225e-02
 step= 16500  E=1.104320319012e+03  Q=1.627000000000e+03  λ=1.262678e+00  dt=1.162e-03  relΔE=4.223e-07  ||F||=1.720e-02
 step= 17000  E=1.104138131370e+03  Q=1.627000000000e+03  λ=1.262610e+00  dt=8.992e-04  relΔE=2.015e-07  ||F||=1.350e-02
 step= 17500  E=1.104024742105e+03  Q=1.627000000000e+03  λ=1.262584e+00  dt=1.392e-03  relΔE=1.919e-07  ||F||=1.094e-02
 step= 18000  E=1.103956847923e+03  Q=1.627000000000e+03  λ=1.262579e+00  dt=1.077e-03  relΔE=9.370e-08  ||F||=8.406e-03
 step= 18500  E=1.103912759030e+03  Q=1.627000000000e+03  λ=1.262580e+00  dt=8.338e-04  relΔE=4.546e-08  ||F||=6.655e-03
 step= 19000  E=1.103885172699e+03  Q=1.627000000000e+03  λ=1.262583e+00  dt=1.291e-03  relΔE=4.469e-08  ||F||=5.303e-03
 step= 19500  E=1.103867785317e+03  Q=1.627000000000e+03  λ=1.262584e+00  dt=9.989e-04  relΔE=2.247e-08  ||F||=4.275e-03
 step= 20000  E=1.103856054602e+03  Q=1.627000000000e+03  λ=1.262582e+00  dt=7.731e-04  relΔE=1.143e-08  ||F||=3.466e-03
 step= 20500  E=1.103848601794e+03  Q=1.627000000000e+03  λ=1.262578e+00  dt=1.197e-03  relΔE=1.180e-08  ||F||=2.832e-03
 step= 21000  E=1.103843459066e+03  Q=1.627000000000e+03  λ=1.262572e+00  dt=9.263e-04  relΔE=6.236e-09  ||F||=2.343e-03
 step= 21500  E=1.103839833945e+03  Q=1.627000000000e+03  λ=1.262565e+00  dt=1.434e-03  relΔE=6.196e-09  ||F||=5.664e-03
 step= 22000  E=1.103837414100e+03  Q=1.627000000000e+03  λ=1.262556e+00  dt=1.110e-03  relΔE=3.719e-09  ||F||=1.658e-03
 step= 22500  E=1.103835598441e+03  Q=1.627000000000e+03  λ=1.262547e+00  dt=8.589e-04  relΔE=2.089e-09  ||F||=1.415e-03
 step= 23000  E=1.103834270705e+03  Q=1.627000000000e+03  λ=1.262538e+00  dt=1.329e-03  relΔE=2.391e-09  ||F||=1.220e-03
 step= 23500  E=1.103833302345e+03  Q=1.627000000000e+03  λ=1.262529e+00  dt=1.029e-03  relΔE=1.401e-09  ||F||=1.064e-03
 step= 24000  E=1.103832542364e+03  Q=1.627000000000e+03  λ=1.262519e+00  dt=7.964e-04  relΔE=8.269e-10  ||F||=9.327e-04
 step= 24500  E=1.103831973736e+03  Q=1.627000000000e+03  λ=1.262511e+00  dt=1.233e-03  relΔE=9.879e-10  ||F||=8.224e-04
 step= 25000  E=1.103831530450e+03  Q=1.627000000000e+03  λ=1.262503e+00  dt=9.541e-04  relΔE=5.966e-10  ||F||=7.294e-04
 step= 25500  E=1.103831172805e+03  Q=1.627000000000e+03  λ=1.262495e+00  dt=7.385e-04  relΔE=3.967e-10  ||F||=6.823e-04
 step= 26000  E=1.103830906929e+03  Q=1.627000000000e+03  λ=1.262488e+00  dt=1.143e-03  relΔE=4.424e-10  ||F||=5.791e-04
 step= 26500  E=1.103830688535e+03  Q=1.627000000000e+03  λ=1.262481e+00  dt=8.847e-04  relΔE=2.706e-10  ||F||=5.176e-04
 step= 27000  E=1.103830514814e+03  Q=1.627000000000e+03  λ=1.262475e+00  dt=1.369e-03  relΔE=3.315e-10  ||F||=4.652e-04
 step= 27500  E=1.103830381228e+03  Q=1.627000000000e+03  λ=1.262469e+00  dt=1.060e-03  relΔE=2.049e-10  ||F||=4.165e-04
 step= 28000  E=1.103830271403e+03  Q=1.627000000000e+03  λ=1.262464e+00  dt=8.203e-04  relΔE=1.260e-10  ||F||=3.739e-04
 step= 28500  E=1.103830185151e+03  Q=1.627000000000e+03  λ=1.262459e+00  dt=1.270e-03  relΔE=1.550e-10  ||F||=3.359e-04
 step= 29000  E=1.103830117379e+03  Q=1.627000000000e+03  λ=1.262455e+00  dt=9.828e-04  relΔE=9.567e-11  ||F||=3.026e-04
 step= 29500  E=1.103830061456e+03  Q=1.627000000000e+03  λ=1.262451e+00  dt=7.607e-04  relΔE=6.027e-11  ||F||=2.752e-04
 step= 30000  E=1.103830019154e+03  Q=1.627000000000e+03  λ=1.262448e+00  dt=1.177e-03  relΔE=7.215e-11  ||F||=2.451e-04
 step= 30500  E=1.103829984722e+03  Q=1.627000000000e+03  λ=1.262445e+00  dt=9.113e-04  relΔE=4.416e-11  ||F||=2.207e-04
 step= 31000  E=1.103829957076e+03  Q=1.627000000000e+03  λ=1.262442e+00  dt=1.411e-03  relΔE=5.349e-11  ||F||=2.270e-04
 step= 31500  E=1.103829936266e+03  Q=1.627000000000e+03  λ=1.262439e+00  dt=1.092e-03  relΔE=3.285e-11  ||F||=1.791e-04
 step= 32000  E=1.103829919332e+03  Q=1.627000000000e+03  λ=1.262437e+00  dt=8.450e-04  relΔE=1.987e-11  ||F||=1.613e-04
 step= 32500  E=1.103829906632e+03  Q=1.627000000000e+03  λ=1.262435e+00  dt=1.090e-03  relΔE=2.012e-11  ||F||=1.458e-04
 step= 33000  E=1.103829896312e+03  Q=1.627000000000e+03  λ=1.262433e+00  dt=8.436e-04  relΔE=1.204e-11  ||F||=1.313e-04
 step= 33500  E=1.103829888389e+03  Q=1.627000000000e+03  λ=1.262431e+00  dt=1.306e-03  relΔE=1.429e-11  ||F||=1.183e-04
 step= 34000  E=1.103829882446e+03  Q=1.627000000000e+03  λ=1.262429e+00  dt=1.011e-03  relΔE=8.445e-12  ||F||=1.068e-04
 step= 34500  E=1.103829877791e+03  Q=1.627000000000e+03  λ=1.262428e+00  dt=7.823e-04  relΔE=4.925e-12  ||F||=9.626e-05
 step= 35000  E=1.103829874442e+03  Q=1.627000000000e+03  λ=1.262427e+00  dt=1.211e-03  relΔE=5.611e-12  ||F||=8.669e-05
 step= 35500  E=1.103829871954e+03  Q=1.627000000000e+03  λ=1.262426e+00  dt=9.372e-04  relΔE=3.144e-12  ||F||=7.816e-05
 step= 36000  E=1.103829870132e+03  Q=1.627000000000e+03  λ=1.262425e+00  dt=1.451e-03  relΔE=1.445e-12  ||F||=3.339e-04
 step= 36500  E=1.103829868947e+03  Q=1.627000000000e+03  λ=1.262424e+00  dt=1.123e-03  relΔE=1.773e-12  ||F||=6.351e-05
 step= 37000  E=1.103829868146e+03  Q=1.627000000000e+03  λ=1.262423e+00  dt=8.690e-04  relΔE=8.493e-13  ||F||=5.721e-05
 step= 37500  E=1.103829867678e+03  Q=1.627000000000e+03  λ=1.262422e+00  dt=1.345e-03  relΔE=6.977e-13  ||F||=5.152e-05
 step= 38000  E=1.103829867467e+03  Q=1.627000000000e+03  λ=1.262421e+00  dt=1.041e-03  relΔE=1.901e-13  ||F||=4.653e-05
  !! dt fell below dt_min: stiffness-limited termination.

Stationary candidate (aggressive): E=1.103829867429e+03, Q=1.627000000000e+03, maxρ=1.066492e+00

=== Stability test (damped inertial dynamics) ===
Perturb eps=0.02, gamma=1
t=0: E=1.183045958440e+03, Q=1.627000000000e+03, maxρ=1.102579e+00, σ=2.511119e+00, Rc=1.873755e+01
 step=     1  E=1.183045561131e+03  Q=1.627000000000e+03  λ=1.647953e+00  maxρ=1.102579e+00  minρ=1.000e-15  σ=2.511119e+00  Rc=1.873755e+01
 step=   300  E=1.166752660542e+03  Q=1.627000000000e+03  λ=1.545423e+00  maxρ=1.100707e+00  minρ=1.000e-15  σ=2.511116e+00  Rc=1.873755e+01
 step=   600  E=1.133961149205e+03  Q=1.627000000000e+03  λ=1.359633e+00  maxρ=1.095430e+00  minρ=1.000e-15  σ=2.511110e+00  Rc=1.873755e+01
 step=   900  E=1.114706405270e+03  Q=1.627000000000e+03  λ=1.300105e+00  maxρ=1.087625e+00  minρ=1.000e-15  σ=2.511109e+00  Rc=1.873755e+01
 step=  1200  E=1.121914351893e+03  Q=1.627000000000e+03  λ=1.406837e+00  maxρ=1.083971e+00  minρ=1.000e-15  σ=2.511112e+00  Rc=1.873754e+01
 step=  1500  E=1.141531053468e+03  Q=1.627000000000e+03  λ=1.523080e+00  maxρ=1.088929e+00  minρ=1.000e-15  σ=2.511114e+00  Rc=1.873754e+01
 step=  1800  E=1.151628766874e+03  Q=1.627000000000e+03  λ=1.509626e+00  maxρ=1.092413e+00  minρ=1.000e-15  σ=2.511112e+00  Rc=1.873754e+01
 step=  2100  E=1.145817619881e+03  Q=1.627000000000e+03  λ=1.408867e+00  maxρ=1.086851e+00  minρ=1.000e-15  σ=2.511108e+00  Rc=1.873754e+01
 step=  2400  E=1.135474179402e+03  Q=1.627000000000e+03  λ=1.361816e+00  maxρ=1.075507e+00  minρ=1.000e-15  σ=2.511108e+00  Rc=1.873754e+01
 step=  2700  E=1.132894346108e+03  Q=1.627000000000e+03  λ=1.416033e+00  maxρ=1.079456e+00  minρ=1.000e-15  σ=2.511112e+00  Rc=1.873754e+01
 step=  3000  E=1.137904393703e+03  Q=1.627000000000e+03  λ=1.481973e+00  maxρ=1.093006e+00  minρ=1.000e-15  σ=2.511112e+00  Rc=1.873754e+01
 step=  3300  E=1.141740367039e+03  Q=1.627000000000e+03  λ=1.470257e+00  maxρ=1.095799e+00  minρ=1.000e-15  σ=2.511109e+00  Rc=1.873754e+01
 step=  3600  E=1.139469389023e+03  Q=1.627000000000e+03  λ=1.405986e+00  maxρ=1.089835e+00  minρ=1.000e-15  σ=2.511105e+00  Rc=1.873754e+01
 step=  3900  E=1.134629680132e+03  Q=1.627000000000e+03  λ=1.376766e+00  maxρ=1.089836e+00  minρ=1.000e-15  σ=2.511106e+00  Rc=1.873753e+01
 step=  4200  E=1.132783118655e+03  Q=1.627000000000e+03  λ=1.408786e+00  maxρ=1.086044e+00  minρ=1.000e-15  σ=2.511109e+00  Rc=1.873753e+01
 step=  4500  E=1.134466441410e+03  Q=1.627000000000e+03  λ=1.444148e+00  maxρ=1.083402e+00  minρ=1.000e-15  σ=2.511111e+00  Rc=1.873753e+01
 step=  4800  E=1.136043958087e+03  Q=1.627000000000e+03  λ=1.432148e+00  maxρ=1.088237e+00  minρ=1.000e-15  σ=2.511107e+00  Rc=1.873753e+01
 step=  5100  E=1.135262433798e+03  Q=1.627000000000e+03  λ=1.394909e+00  maxρ=1.089336e+00  minρ=1.000e-15  σ=2.511103e+00  Rc=1.873752e+01
 step=  5400  E=1.133458316032e+03  Q=1.627000000000e+03  λ=1.384694e+00  maxρ=1.088049e+00  minρ=1.000e-15  σ=2.511102e+00  Rc=1.873752e+01
 step=  5700  E=1.132691686999e+03  Q=1.627000000000e+03  λ=1.408286e+00  maxρ=1.084331e+00  minρ=1.000e-15  σ=2.511104e+00  Rc=1.873752e+01
 step=  6000  E=1.132920072382e+03  Q=1.627000000000e+03  λ=1.425545e+00  maxρ=1.080563e+00  minρ=1.000e-15  σ=2.511106e+00  Rc=1.873751e+01
 >>> No runaway detected in this horizon. Likely stable (within this model & box).

STABILITY: PASS
