
=== Aggressive relaxation to Q = 302 ===
Initial: E=6.432269574274e+02, Q=3.020000000000e+02, dt=1.000e-04
 step=     1  E=6.432037554860e+02  Q=3.020000000000e+02  λ=4.161615e+00  dt=1.000e-04  relΔE=3.607e-05  ||F||=8.767e-01
 step=   500  E=6.156437785824e+02  Q=3.020000000000e+02  λ=3.979459e+00  dt=6.192e-04  relΔE=1.642e-04  ||F||=8.056e-01
 step=  1000  E=5.431837901052e+02  Q=3.020000000000e+02  λ=3.500981e+00  dt=9.584e-04  relΔE=1.933e-04  ||F||=6.599e-01
 step=  1500  E=4.884040542156e+02  Q=3.020000000000e+02  λ=3.141075e+00  dt=7.418e-04  relΔE=1.353e-04  ||F||=5.977e-01
 step=  2000  E=4.492391780527e+02  Q=3.020000000000e+02  λ=2.885184e+00  dt=1.148e-03  relΔE=1.597e-04  ||F||=4.983e-01
 step=  2500  E=4.172899442039e+02  Q=3.020000000000e+02  λ=2.677013e+00  dt=8.887e-04  relΔE=1.062e-04  ||F||=4.452e-01
 step=  3000  E=3.912938002509e+02  Q=3.020000000000e+02  λ=2.508391e+00  dt=1.376e-03  relΔE=1.429e-04  ||F||=4.054e-01
 step=  3500  E=3.705422625694e+02  Q=3.020000000000e+02  λ=2.373965e+00  dt=1.065e-03  relΔE=9.763e-05  ||F||=3.675e-01
 step=  4000  E=3.525751040574e+02  Q=3.020000000000e+02  λ=2.257886e+00  dt=8.241e-04  relΔE=6.720e-05  ||F||=3.380e-01
 step=  4500  E=3.373874153913e+02  Q=3.020000000000e+02  λ=2.160106e+00  dt=1.276e-03  relΔE=9.345e-05  ||F||=3.134e-01
 step=  5000  E=3.243897367880e+02  Q=3.020000000000e+02  λ=2.076506e+00  dt=9.873e-04  relΔE=6.610e-05  ||F||=2.938e-01
 step=  5500  E=3.124105084387e+02  Q=3.020000000000e+02  λ=1.999667e+00  dt=7.641e-04  relΔE=4.881e-05  ||F||=2.817e-01
 step=  6000  E=3.020222078191e+02  Q=3.020000000000e+02  λ=1.933270e+00  dt=1.183e-03  relΔE=7.005e-05  ||F||=2.666e-01
 step=  6500  E=2.921470214855e+02  Q=3.020000000000e+02  λ=1.870200e+00  dt=9.154e-04  relΔE=5.261e-05  ||F||=2.583e-01
 step=  7000  E=2.826172505552e+02  Q=3.020000000000e+02  λ=1.809454e+00  dt=1.417e-03  relΔE=7.896e-05  ||F||=3.842e-01
 step=  7500  E=2.739903884567e+02  Q=3.020000000000e+02  λ=1.754143e+00  dt=1.097e-03  relΔE=6.069e-05  ||F||=2.455e-01
 step=  8000  E=2.655380392472e+02  Q=3.020000000000e+02  λ=1.699605e+00  dt=8.488e-04  relΔE=4.531e-05  ||F||=2.373e-01
 step=  8500  E=2.577785359136e+02  Q=3.020000000000e+02  λ=1.649022e+00  dt=1.314e-03  relΔE=6.546e-05  ||F||=2.259e-01
 step=  9000  E=2.510243634004e+02  Q=3.020000000000e+02  λ=1.604269e+00  dt=1.017e-03  relΔE=4.542e-05  ||F||=2.111e-01
 step=  9500  E=2.450617364802e+02  Q=3.020000000000e+02  λ=1.564057e+00  dt=7.871e-04  relΔE=3.005e-05  ||F||=1.928e-01
 step= 10000  E=2.403807258290e+02  Q=3.020000000000e+02  λ=1.531881e+00  dt=1.218e-03  relΔE=3.740e-05  ||F||=1.712e-01
 step= 10500  E=2.367370330678e+02  Q=3.020000000000e+02  λ=1.506244e+00  dt=7.858e-04  relΔE=1.874e-05  ||F||=1.498e-01
 step= 11000  E=2.340199163097e+02  Q=3.020000000000e+02  λ=1.486693e+00  dt=1.216e-03  relΔE=2.135e-05  ||F||=1.278e-01
 step= 11500  E=2.320466035088e+02  Q=3.020000000000e+02  λ=1.472089e+00  dt=9.414e-04  relΔE=1.176e-05  ||F||=1.073e-01
 step= 12000  E=2.306389974272e+02  Q=3.020000000000e+02  λ=1.461568e+00  dt=1.457e-03  relΔE=3.780e-06  ||F||=7.277e-01
 step= 12500  E=2.297345363639e+02  Q=3.020000000000e+02  λ=1.454201e+00  dt=1.128e-03  relΔE=6.549e-06  ||F||=7.280e-02
 step= 13000  E=2.291077225280e+02  Q=3.020000000000e+02  λ=1.449036e+00  dt=8.730e-04  relΔE=3.340e-06  ||F||=5.901e-02
 step= 13500  E=2.286985780040e+02  Q=3.020000000000e+02  λ=1.445499e+00  dt=1.351e-03  relΔE=3.357e-06  ||F||=4.755e-02
 step= 14000  E=2.284403791814e+02  Q=3.020000000000e+02  λ=1.443131e+00  dt=1.046e-03  relΔE=1.688e-06  ||F||=3.827e-02
 step= 14500  E=2.282693210887e+02  Q=3.020000000000e+02  λ=1.441454e+00  dt=8.095e-04  relΔE=8.324e-07  ||F||=3.053e-02
 step= 15000  E=2.281622221931e+02  Q=3.020000000000e+02  λ=1.440319e+00  dt=1.253e-03  relΔE=8.190e-07  ||F||=2.433e-02
 step= 15500  E=2.280946827829e+02  Q=3.020000000000e+02  λ=1.439534e+00  dt=9.698e-04  relΔE=4.031e-07  ||F||=1.939e-02
 step= 16000  E=2.280505047611e+02  Q=3.020000000000e+02  λ=1.438964e+00  dt=7.506e-04  relΔE=2.022e-07  ||F||=1.562e-02
 step= 16500  E=2.280241468742e+02  Q=3.020000000000e+02  λ=1.438583e+00  dt=1.162e-03  relΔE=1.913e-07  ||F||=1.220e-02
 step= 17000  E=2.280069804788e+02  Q=3.020000000000e+02  λ=1.438300e+00  dt=8.992e-04  relΔE=9.270e-08  ||F||=9.647e-03
 step= 17500  E=2.279961508299e+02  Q=3.020000000000e+02  λ=1.438094e+00  dt=1.392e-03  relΔE=8.925e-08  ||F||=7.885e-03
 step= 18000  E=2.279896137264e+02  Q=3.020000000000e+02  λ=1.437949e+00  dt=1.077e-03  relΔE=4.376e-08  ||F||=6.049e-03
 step= 18500  E=2.279853704370e+02  Q=3.020000000000e+02  λ=1.437838e+00  dt=8.338e-04  relΔE=2.115e-08  ||F||=4.775e-03
 step= 19000  E=2.279827308514e+02  Q=3.020000000000e+02  λ=1.437756e+00  dt=1.291e-03  relΔE=2.048e-08  ||F||=3.773e-03
 step= 19500  E=2.279811055606e+02  Q=3.020000000000e+02  λ=1.437696e+00  dt=9.989e-04  relΔE=1.003e-08  ||F||=2.997e-03
 step= 20000  E=2.279800443253e+02  Q=3.020000000000e+02  λ=1.437649e+00  dt=7.731e-04  relΔE=4.878e-09  ||F||=2.372e-03
 step= 20500  E=2.279794031322e+02  Q=3.020000000000e+02  λ=1.437615e+00  dt=1.197e-03  relΔE=4.759e-09  ||F||=1.879e-03
 step= 21000  E=2.279789890352e+02  Q=3.020000000000e+02  λ=1.437588e+00  dt=9.263e-04  relΔE=2.331e-09  ||F||=1.491e-03
 step= 21500  E=2.279787211832e+02  Q=3.020000000000e+02  λ=1.437567e+00  dt=1.434e-03  relΔE=2.158e-09  ||F||=2.960e-03
 step= 22000  E=2.279785592944e+02  Q=3.020000000000e+02  λ=1.437553e+00  dt=1.110e-03  relΔE=1.138e-09  ||F||=9.456e-04
 step= 22500  E=2.279784508305e+02  Q=3.020000000000e+02  λ=1.437541e+00  dt=8.589e-04  relΔE=5.658e-10  ||F||=7.545e-04
 step= 23000  E=2.279783809733e+02  Q=3.020000000000e+02  λ=1.437532e+00  dt=1.329e-03  relΔE=5.678e-10  ||F||=6.046e-04
 step= 23500  E=2.279783363642e+02  Q=3.020000000000e+02  λ=1.437525e+00  dt=1.029e-03  relΔE=2.912e-10  ||F||=4.894e-04
 step= 24000  E=2.279783058034e+02  Q=3.020000000000e+02  λ=1.437520e+00  dt=7.964e-04  relΔE=1.501e-10  ||F||=3.971e-04
 step= 24500  E=2.279782858555e+02  Q=3.020000000000e+02  λ=1.437517e+00  dt=1.233e-03  relΔE=1.570e-10  ||F||=3.244e-04
 step= 25000  E=2.279782721462e+02  Q=3.020000000000e+02  λ=1.437514e+00  dt=9.541e-04  relΔE=8.381e-11  ||F||=2.679e-04
 step= 25500  E=2.279782623354e+02  Q=3.020000000000e+02  λ=1.437512e+00  dt=7.385e-04  relΔE=5.585e-11  ||F||=2.804e-04
 step= 26000  E=2.279782557826e+02  Q=3.020000000000e+02  λ=1.437511e+00  dt=1.143e-03  relΔE=5.030e-11  ||F||=1.881e-04
 step= 26500  E=2.279782508623e+02  Q=3.020000000000e+02  λ=1.437510e+00  dt=8.847e-04  relΔE=2.830e-11  ||F||=1.602e-04
 step= 27000  E=2.279782472406e+02  Q=3.020000000000e+02  λ=1.437510e+00  dt=1.369e-03  relΔE=3.239e-11  ||F||=1.386e-04
 step= 27500  E=2.279782446132e+02  Q=3.020000000000e+02  λ=1.437510e+00  dt=1.060e-03  relΔE=1.903e-11  ||F||=1.207e-04
 step= 28000  E=2.279782425469e+02  Q=3.020000000000e+02  λ=1.437510e+00  dt=8.203e-04  relΔE=1.127e-11  ||F||=1.064e-04
 step= 28500  E=2.279782409739e+02  Q=3.020000000000e+02  λ=1.437510e+00  dt=1.270e-03  relΔE=1.353e-11  ||F||=9.458e-05
 step= 29000  E=2.279782397622e+02  Q=3.020000000000e+02  λ=1.437510e+00  dt=9.828e-04  relΔE=8.247e-12  ||F||=8.502e-05
 step= 29500  E=2.279782387688e+02  Q=3.020000000000e+02  λ=1.437511e+00  dt=7.607e-04  relΔE=5.151e-12  ||F||=7.768e-05
 step= 30000  E=2.279782380172e+02  Q=3.020000000000e+02  λ=1.437511e+00  dt=1.177e-03  relΔE=6.224e-12  ||F||=6.983e-05
 step= 30500  E=2.279782374026e+02  Q=3.020000000000e+02  λ=1.437512e+00  dt=7.594e-04  relΔE=3.491e-12  ||F||=6.664e-05
 step= 31000  E=2.279782369203e+02  Q=3.020000000000e+02  λ=1.437512e+00  dt=1.176e-03  relΔE=4.004e-12  ||F||=5.860e-05
 step= 31500  E=2.279782365242e+02  Q=3.020000000000e+02  λ=1.437513e+00  dt=7.582e-04  relΔE=2.194e-12  ||F||=5.538e-05
 step= 32000  E=2.279782362128e+02  Q=3.020000000000e+02  λ=1.437513e+00  dt=1.174e-03  relΔE=2.579e-12  ||F||=4.978e-05
 step= 32500  E=2.279782359576e+02  Q=3.020000000000e+02  λ=1.437514e+00  dt=7.570e-04  relΔE=1.412e-12  ||F||=4.732e-05
 step= 33000  E=2.279782357586e+02  Q=3.020000000000e+02  λ=1.437514e+00  dt=1.172e-03  relΔE=1.637e-12  ||F||=4.262e-05
 step= 33500  E=2.279782355966e+02  Q=3.020000000000e+02  λ=1.437515e+00  dt=9.069e-04  relΔE=9.951e-13  ||F||=3.948e-05
 step= 34000  E=2.279782354685e+02  Q=3.020000000000e+02  λ=1.437515e+00  dt=1.404e-03  relΔE=1.189e-12  ||F||=3.874e-05
 step= 34500  E=2.279782353738e+02  Q=3.020000000000e+02  λ=1.437516e+00  dt=1.086e-03  relΔE=7.077e-13  ||F||=3.401e-05
 step= 35000  E=2.279782352996e+02  Q=3.020000000000e+02  λ=1.437516e+00  dt=8.409e-04  relΔE=4.082e-13  ||F||=3.159e-05
 step= 35500  E=2.279782352456e+02  Q=3.020000000000e+02  λ=1.437516e+00  dt=1.302e-03  relΔE=4.532e-13  ||F||=2.936e-05
 step= 36000  E=2.279782352084e+02  Q=3.020000000000e+02  λ=1.437517e+00  dt=1.007e-03  relΔE=2.407e-13  ||F||=2.735e-05
 step= 36500  E=2.279782351831e+02  Q=3.020000000000e+02  λ=1.437517e+00  dt=7.797e-04  relΔE=1.149e-13  ||F||=2.545e-05
 step= 37000  E=2.279782351693e+02  Q=3.020000000000e+02  λ=1.437518e+00  dt=1.207e-03  relΔE=8.802e-14  ||F||=2.371e-05
 step= 37500  E=2.279782351639e+02  Q=3.020000000000e+02  λ=1.437518e+00  dt=9.342e-04  relΔE=1.134e-14  ||F||=2.211e-05
  !! dt fell below dt_min: stiffness-limited termination.

Stationary candidate (aggressive): E=2.279782351637e+02, Q=3.020000000000e+02, maxρ=4.391003e-01

=== Stability test (damped inertial dynamics) ===
Perturb eps=0.02, gamma=1
t=0: E=2.427101241207e+02, Q=3.020000000000e+02, maxρ=4.537848e-01, σ=2.861497e+00, Rc=1.868587e+01
 step=     1  E=2.427100501395e+02  Q=3.020000000000e+02  λ=1.824504e+00  maxρ=4.537847e-01  minρ=1.000e-15  σ=2.861497e+00  Rc=1.868587e+01
 step=   300  E=2.396765405731e+02  Q=3.020000000000e+02  λ=1.721447e+00  maxρ=4.530152e-01  minρ=1.000e-15  σ=2.861494e+00  Rc=1.868588e+01
 step=   600  E=2.335742236250e+02  Q=3.020000000000e+02  λ=1.534824e+00  maxρ=4.508454e-01  minρ=1.000e-15  σ=2.861487e+00  Rc=1.868588e+01
 step=   900  E=2.299979224018e+02  Q=3.020000000000e+02  λ=1.475328e+00  maxρ=4.476360e-01  minρ=1.000e-15  σ=2.861486e+00  Rc=1.868588e+01
 step=  1200  E=2.313484110783e+02  Q=3.020000000000e+02  λ=1.582891e+00  maxρ=4.461141e-01  minρ=1.000e-15  σ=2.861490e+00  Rc=1.868587e+01
 step=  1500  E=2.349996329689e+02  Q=3.020000000000e+02  λ=1.699585e+00  maxρ=4.482584e-01  minρ=1.000e-15  σ=2.861492e+00  Rc=1.868587e+01
 step=  1800  E=2.368690653166e+02  Q=3.020000000000e+02  λ=1.685571e+00  maxρ=4.496945e-01  minρ=1.000e-15  σ=2.861489e+00  Rc=1.868587e+01
 step=  2100  E=2.357788648715e+02  Q=3.020000000000e+02  λ=1.584026e+00  maxρ=4.474070e-01  minρ=1.000e-15  σ=2.861485e+00  Rc=1.868587e+01
 step=  2400  E=2.338567946865e+02  Q=3.020000000000e+02  λ=1.537040e+00  maxρ=4.427811e-01  minρ=1.000e-15  σ=2.861485e+00  Rc=1.868587e+01
 step=  2700  E=2.333869409831e+02  Q=3.020000000000e+02  λ=1.592055e+00  maxρ=4.440614e-01  minρ=1.000e-15  σ=2.861490e+00  Rc=1.868587e+01
 step=  3000  E=2.343230845950e+02  Q=3.020000000000e+02  λ=1.658404e+00  maxρ=4.496380e-01  minρ=1.000e-15  σ=2.861491e+00  Rc=1.868587e+01
 step=  3300  E=2.350287811632e+02  Q=3.020000000000e+02  λ=1.646138e+00  maxρ=4.507914e-01  minρ=1.000e-15  σ=2.861487e+00  Rc=1.868587e+01
 step=  3600  E=2.345962485183e+02  Q=3.020000000000e+02  λ=1.581098e+00  maxρ=4.486892e-01  minρ=1.000e-15  σ=2.861482e+00  Rc=1.868587e+01
 step=  3900  E=2.336965827043e+02  Q=3.020000000000e+02  λ=1.551895e+00  maxρ=4.486930e-01  minρ=1.000e-15  σ=2.861482e+00  Rc=1.868587e+01
 step=  4200  E=2.333634835482e+02  Q=3.020000000000e+02  λ=1.584645e+00  maxρ=4.471359e-01  minρ=1.000e-15  σ=2.861487e+00  Rc=1.868586e+01
 step=  4500  E=2.336833778484e+02  Q=3.020000000000e+02  λ=1.620462e+00  maxρ=4.460191e-01  minρ=1.000e-15  σ=2.861489e+00  Rc=1.868586e+01
 step=  4800  E=2.339715964887e+02  Q=3.020000000000e+02  λ=1.608084e+00  maxρ=4.479790e-01  minρ=1.000e-15  σ=2.861486e+00  Rc=1.868586e+01
 step=  5100  E=2.338163804201e+02  Q=3.020000000000e+02  λ=1.570188e+00  maxρ=4.484714e-01  minρ=1.000e-15  σ=2.861480e+00  Rc=1.868586e+01
 step=  5400  E=2.334796913567e+02  Q=3.020000000000e+02  λ=1.559889e+00  maxρ=4.479476e-01  minρ=1.000e-15  σ=2.861479e+00  Rc=1.868586e+01
 step=  5700  E=2.333467367549e+02  Q=3.020000000000e+02  λ=1.584002e+00  maxρ=4.464235e-01  minρ=1.000e-15  σ=2.861482e+00  Rc=1.868585e+01
 step=  6000  E=2.333973359982e+02  Q=3.020000000000e+02  λ=1.601654e+00  maxρ=4.447613e-01  minρ=1.000e-15  σ=2.861483e+00  Rc=1.868585e+01
 >>> No runaway detected in this horizon. Likely stable (within this model & box).

STABILITY: PASS
