
=== Aggressive relaxation to Q = 1562 ===
Initial: E=3.265313250897e+03, Q=1.562000000000e+03, dt=1.000e-04
 step=     1  E=3.265167807881e+03  Q=1.562000000000e+03  λ=4.264992e+00  dt=1.000e-04  relΔE=4.454e-05  ||F||=9.652e-01
 step=   500  E=3.096002948070e+03  Q=1.562000000000e+03  λ=4.010867e+00  dt=6.192e-04  relΔE=1.969e-04  ||F||=8.700e-01
 step=  1000  E=2.676472489009e+03  Q=1.562000000000e+03  λ=3.408703e+00  dt=9.584e-04  relΔE=2.184e-04  ||F||=6.848e-01
 step=  1500  E=2.380588094355e+03  Q=1.562000000000e+03  λ=2.997949e+00  dt=7.418e-04  relΔE=1.460e-04  ||F||=6.030e-01
 step=  2000  E=2.179203094215e+03  Q=1.562000000000e+03  λ=2.723303e+00  dt=1.148e-03  relΔE=1.662e-04  ||F||=4.923e-01
 step=  2500  E=2.020110260374e+03  Q=1.562000000000e+03  λ=2.508589e+00  dt=8.887e-04  relΔE=1.078e-04  ||F||=4.340e-01
 step=  3000  E=1.893526601771e+03  Q=1.562000000000e+03  λ=2.339563e+00  dt=1.376e-03  relΔE=1.425e-04  ||F||=3.914e-01
 step=  3500  E=1.794058072286e+03  Q=1.562000000000e+03  λ=2.207573e+00  dt=1.065e-03  relΔE=9.605e-05  ||F||=3.527e-01
 step=  4000  E=1.708932954141e+03  Q=1.562000000000e+03  λ=2.095386e+00  dt=8.241e-04  relΔE=6.532e-05  ||F||=3.226e-01
 step=  4500  E=1.637615629336e+03  Q=1.562000000000e+03  λ=2.002058e+00  dt=1.276e-03  relΔE=8.982e-05  ||F||=2.977e-01
 step=  5000  E=1.577314601368e+03  Q=1.562000000000e+03  λ=1.923460e+00  dt=9.873e-04  relΔE=6.267e-05  ||F||=2.774e-01
 step=  5500  E=1.522531429723e+03  Q=1.562000000000e+03  λ=1.852432e+00  dt=7.641e-04  relΔE=4.540e-05  ||F||=2.637e-01
 step=  6000  E=1.475876754712e+03  Q=1.562000000000e+03  λ=1.792295e+00  dt=1.183e-03  relΔE=6.374e-05  ||F||=2.472e-01
 step=  6500  E=1.432387958525e+03  Q=1.562000000000e+03  λ=1.736407e+00  dt=9.154e-04  relΔE=4.683e-05  ||F||=2.373e-01
 step=  7000  E=1.391010819793e+03  Q=1.562000000000e+03  λ=1.683493e+00  dt=1.417e-03  relΔE=6.958e-05  ||F||=3.400e-01
 step=  7500  E=1.353420290622e+03  Q=1.562000000000e+03  λ=1.635350e+00  dt=1.097e-03  relΔE=5.396e-05  ||F||=2.262e-01
 step=  8000  E=1.315560214367e+03  Q=1.562000000000e+03  λ=1.586818e+00  dt=8.488e-04  relΔE=4.204e-05  ||F||=2.238e-01
 step=  8500  E=1.278557355110e+03  Q=1.562000000000e+03  λ=1.539249e+00  dt=1.314e-03  relΔE=6.571e-05  ||F||=2.217e-01
 step=  9000  E=1.243163864746e+03  Q=1.562000000000e+03  λ=1.493448e+00  dt=1.017e-03  relΔE=5.086e-05  ||F||=2.186e-01
 step=  9500  E=1.207932952971e+03  Q=1.562000000000e+03  λ=1.447657e+00  dt=7.871e-04  relΔE=3.855e-05  ||F||=2.132e-01
 step= 10000  E=1.176304535691e+03  Q=1.562000000000e+03  λ=1.406526e+00  dt=1.218e-03  relΔE=5.516e-05  ||F||=2.023e-01
 step= 10500  E=1.148135534446e+03  Q=1.562000000000e+03  λ=1.369946e+00  dt=9.430e-04  relΔE=3.760e-05  ||F||=1.876e-01
 step= 11000  E=1.123964285927e+03  Q=1.562000000000e+03  λ=1.339841e+00  dt=1.460e-03  relΔE=5.283e-06  ||F||=1.558e+00
 step= 11500  E=1.105859656407e+03  Q=1.562000000000e+03  λ=1.315817e+00  dt=1.130e-03  relΔE=2.904e-05  ||F||=1.478e-01
 step= 12000  E=1.091819250162e+03  Q=1.562000000000e+03  λ=1.298283e+00  dt=8.744e-04  relΔE=1.653e-05  ||F||=1.259e-01
 step= 12500  E=1.081843666529e+03  Q=1.562000000000e+03  λ=1.286135e+00  dt=1.353e-03  relΔE=1.793e-05  ||F||=1.050e-01
 step= 13000  E=1.075182443181e+03  Q=1.562000000000e+03  λ=1.278252e+00  dt=1.048e-03  relΔE=9.469e-06  ||F||=8.641e-02
 step= 13500  E=1.070612837191e+03  Q=1.562000000000e+03  λ=1.273047e+00  dt=8.108e-04  relΔE=4.805e-06  ||F||=6.982e-02
 step= 14000  E=1.067696829063e+03  Q=1.562000000000e+03  λ=1.269887e+00  dt=1.255e-03  relΔE=4.785e-06  ||F||=5.592e-02
 step= 14500  E=1.065853906907e+03  Q=1.562000000000e+03  λ=1.268007e+00  dt=9.713e-04  relΔE=2.358e-06  ||F||=4.458e-02
 step= 15000  E=1.064651923355e+03  Q=1.562000000000e+03  λ=1.266877e+00  dt=7.518e-04  relΔE=1.176e-06  ||F||=3.579e-02
 step= 15500  E=1.063942611963e+03  Q=1.562000000000e+03  λ=1.266277e+00  dt=1.164e-03  relΔE=1.097e-06  ||F||=2.774e-02
 step= 16000  E=1.063488009151e+03  Q=1.562000000000e+03  λ=1.265942e+00  dt=9.007e-04  relΔE=5.229e-07  ||F||=2.177e-02
 step= 16500  E=1.063205539682e+03  Q=1.562000000000e+03  λ=1.265771e+00  dt=1.394e-03  relΔE=4.939e-07  ||F||=1.791e-02
 step= 17000  E=1.063038411465e+03  Q=1.562000000000e+03  λ=1.265694e+00  dt=1.079e-03  relΔE=2.381e-07  ||F||=1.341e-02
 step= 17500  E=1.062931719851e+03  Q=1.562000000000e+03  λ=1.265661e+00  dt=8.352e-04  relΔE=1.133e-07  ||F||=1.051e-02
 step= 18000  E=1.062866372190e+03  Q=1.562000000000e+03  λ=1.265651e+00  dt=1.293e-03  relΔE=1.085e-07  ||F||=8.267e-03
 step= 18500  E=1.062826402721e+03  Q=1.562000000000e+03  λ=1.265651e+00  dt=1.001e-03  relΔE=5.274e-08  ||F||=6.551e-03
 step= 19000  E=1.062800433615e+03  Q=1.562000000000e+03  λ=1.265654e+00  dt=7.744e-04  relΔE=2.580e-08  ||F||=5.209e-03
 step= 19500  E=1.062784659144e+03  Q=1.562000000000e+03  λ=1.265656e+00  dt=1.199e-03  relΔE=2.531e-08  ||F||=4.146e-03
 step= 20000  E=1.062774327689e+03  Q=1.562000000000e+03  λ=1.265657e+00  dt=9.278e-04  relΔE=1.267e-08  ||F||=3.335e-03
 step= 20500  E=1.062767439120e+03  Q=1.562000000000e+03  λ=1.265655e+00  dt=1.436e-03  relΔE=1.195e-08  ||F||=7.446e-03
 step= 21000  E=1.062763110101e+03  Q=1.562000000000e+03  λ=1.265652e+00  dt=1.112e-03  relΔE=6.707e-09  ||F||=2.219e-03
 step= 21500  E=1.062760055760e+03  Q=1.562000000000e+03  λ=1.265647e+00  dt=8.603e-04  relΔE=3.546e-09  ||F||=1.837e-03
 step= 22000  E=1.062757945698e+03  Q=1.562000000000e+03  λ=1.265642e+00  dt=1.332e-03  relΔE=3.829e-09  ||F||=1.537e-03
 step= 22500  E=1.062756491931e+03  Q=1.562000000000e+03  λ=1.265635e+00  dt=1.031e-03  relΔE=2.130e-09  ||F||=1.306e-03
 step= 23000  E=1.062755406125e+03  Q=1.562000000000e+03  λ=1.265629e+00  dt=7.977e-04  relΔE=1.201e-09  ||F||=1.118e-03
 step= 23500  E=1.062754628409e+03  Q=1.562000000000e+03  λ=1.265622e+00  dt=1.235e-03  relΔE=1.377e-09  ||F||=9.651e-04
 step= 24000  E=1.062754044420e+03  Q=1.562000000000e+03  λ=1.265615e+00  dt=9.557e-04  relΔE=8.052e-10  ||F||=8.419e-04
 step= 24500  E=1.062753586829e+03  Q=1.562000000000e+03  λ=1.265608e+00  dt=7.397e-04  relΔE=5.311e-10  ||F||=7.859e-04
 step= 25000  E=1.062753254707e+03  Q=1.562000000000e+03  λ=1.265602e+00  dt=1.145e-03  relΔE=5.686e-10  ||F||=6.522e-04
 step= 25500  E=1.062752987430e+03  Q=1.562000000000e+03  λ=1.265596e+00  dt=8.861e-04  relΔE=3.421e-10  ||F||=5.781e-04
 step= 26000  E=1.062752777724e+03  Q=1.562000000000e+03  λ=1.265591e+00  dt=1.372e-03  relΔE=4.134e-10  ||F||=5.163e-04
 step= 26500  E=1.062752618368e+03  Q=1.562000000000e+03  λ=1.265586e+00  dt=1.062e-03  relΔE=2.530e-10  ||F||=4.597e-04
 step= 27000  E=1.062752488655e+03  Q=1.562000000000e+03  λ=1.265581e+00  dt=8.217e-04  relΔE=1.544e-10  ||F||=4.110e-04
 step= 27500  E=1.062752387287e+03  Q=1.562000000000e+03  λ=1.265576e+00  dt=1.272e-03  relΔE=1.888e-10  ||F||=3.682e-04
 step= 28000  E=1.062752308060e+03  Q=1.562000000000e+03  λ=1.265572e+00  dt=9.844e-04  relΔE=1.161e-10  ||F||=3.309e-04
 step= 28500  E=1.062752242978e+03  Q=1.562000000000e+03  λ=1.265569e+00  dt=7.619e-04  relΔE=7.231e-11  ||F||=2.994e-04
 step= 29000  E=1.062752193752e+03  Q=1.562000000000e+03  λ=1.265565e+00  dt=1.179e-03  relΔE=8.712e-11  ||F||=2.672e-04
 step= 29500  E=1.062752153852e+03  Q=1.562000000000e+03  λ=1.265562e+00  dt=9.128e-04  relΔE=5.329e-11  ||F||=2.403e-04
 step= 30000  E=1.062752121749e+03  Q=1.562000000000e+03  λ=1.265560e+00  dt=1.413e-03  relΔE=6.426e-11  ||F||=2.755e-04
 step= 30500  E=1.062752097653e+03  Q=1.562000000000e+03  λ=1.265557e+00  dt=1.094e-03  relΔE=3.964e-11  ||F||=1.948e-04
 step= 31000  E=1.062752077999e+03  Q=1.562000000000e+03  λ=1.265555e+00  dt=8.464e-04  relΔE=2.401e-11  ||F||=1.753e-04
 step= 31500  E=1.062752062718e+03  Q=1.562000000000e+03  λ=1.265553e+00  dt=1.310e-03  relΔE=2.893e-11  ||F||=1.577e-04
 step= 32000  E=1.062752051073e+03  Q=1.562000000000e+03  λ=1.265551e+00  dt=1.014e-03  relΔE=1.745e-11  ||F||=1.423e-04
 step= 32500  E=1.062752041737e+03  Q=1.562000000000e+03  λ=1.265549e+00  dt=7.848e-04  relΔE=1.044e-11  ||F||=1.283e-04
 step= 33000  E=1.062752034810e+03  Q=1.562000000000e+03  λ=1.265548e+00  dt=1.215e-03  relΔE=1.229e-11  ||F||=1.155e-04
 step= 33500  E=1.062752029523e+03  Q=1.562000000000e+03  λ=1.265547e+00  dt=7.835e-04  relΔE=6.053e-12  ||F||=1.044e-04
 step= 34000  E=1.062752025540e+03  Q=1.562000000000e+03  λ=1.265545e+00  dt=1.213e-03  relΔE=6.963e-12  ||F||=9.402e-05
 step= 34500  E=1.062752022559e+03  Q=1.562000000000e+03  λ=1.265544e+00  dt=9.387e-04  relΔE=3.948e-12  ||F||=8.476e-05
 step= 35000  E=1.062752020345e+03  Q=1.562000000000e+03  λ=1.265543e+00  dt=1.453e-03  relΔE=1.274e-12  ||F||=4.152e-04
 step= 35500  E=1.062752018873e+03  Q=1.562000000000e+03  λ=1.265542e+00  dt=1.125e-03  relΔE=2.323e-12  ||F||=6.885e-05
 step= 36000  E=1.062752017844e+03  Q=1.562000000000e+03  λ=1.265542e+00  dt=8.704e-04  relΔE=1.163e-12  ||F||=6.200e-05
 step= 36500  E=1.062752017206e+03  Q=1.562000000000e+03  λ=1.265541e+00  dt=1.347e-03  relΔE=1.049e-12  ||F||=5.584e-05
 step= 37000  E=1.062752016871e+03  Q=1.562000000000e+03  λ=1.265540e+00  dt=1.043e-03  relΔE=3.840e-13  ||F||=5.042e-05
 step= 37500  E=1.062752016748e+03  Q=1.562000000000e+03  λ=1.265540e+00  dt=8.071e-04  relΔE=4.065e-14  ||F||=4.539e-05
  !! dt fell below dt_min: stiffness-limited termination.

Stationary candidate (aggressive): E=1.062752016745e+03, Q=1.562000000000e+03, maxρ=1.050078e+00

=== Stability test (damped inertial dynamics) ===
Perturb eps=0.02, gamma=1
t=0: E=1.138782201907e+03, Q=1.562000000000e+03, maxρ=1.085387e+00, σ=2.502634e+00, Rc=1.873974e+01
 step=     1  E=1.138781820598e+03  Q=1.562000000000e+03  λ=1.650944e+00  maxρ=1.085387e+00  minρ=1.000e-15  σ=2.502634e+00  Rc=1.873974e+01
 step=   300  E=1.123145023247e+03  Q=1.562000000000e+03  λ=1.548452e+00  maxρ=1.083544e+00  minρ=1.000e-15  σ=2.502631e+00  Rc=1.873974e+01
 step=   600  E=1.091673746939e+03  Q=1.562000000000e+03  λ=1.362729e+00  maxρ=1.078349e+00  minρ=1.000e-15  σ=2.502625e+00  Rc=1.873974e+01
 step=   900  E=1.073193599658e+03  Q=1.562000000000e+03  λ=1.303212e+00  maxρ=1.070667e+00  minρ=1.000e-15  σ=2.502623e+00  Rc=1.873974e+01
 step=  1200  E=1.080110256931e+03  Q=1.562000000000e+03  λ=1.409895e+00  maxρ=1.067063e+00  minρ=1.000e-15  σ=2.502626e+00  Rc=1.873974e+01
 step=  1500  E=1.098936077802e+03  Q=1.562000000000e+03  λ=1.526103e+00  maxρ=1.072098e+00  minρ=1.000e-15  σ=2.502628e+00  Rc=1.873973e+01
 step=  1800  E=1.108626200036e+03  Q=1.562000000000e+03  λ=1.512670e+00  maxρ=1.075529e+00  minρ=1.000e-15  σ=2.502626e+00  Rc=1.873973e+01
 step=  2100  E=1.103048102310e+03  Q=1.562000000000e+03  λ=1.411950e+00  maxρ=1.070052e+00  minρ=1.000e-15  σ=2.502623e+00  Rc=1.873973e+01
 step=  2400  E=1.093121363158e+03  Q=1.562000000000e+03  λ=1.364896e+00  maxρ=1.058948e+00  minρ=1.000e-15  σ=2.502623e+00  Rc=1.873973e+01
 step=  2700  E=1.090648019385e+03  Q=1.562000000000e+03  λ=1.419078e+00  maxρ=1.062630e+00  minρ=1.000e-15  σ=2.502626e+00  Rc=1.873973e+01
 step=  3000  E=1.095460377864e+03  Q=1.562000000000e+03  λ=1.485008e+00  maxρ=1.075969e+00  minρ=1.000e-15  σ=2.502627e+00  Rc=1.873973e+01
 step=  3300  E=1.099143881778e+03  Q=1.562000000000e+03  λ=1.473328e+00  maxρ=1.078719e+00  minρ=1.000e-15  σ=2.502624e+00  Rc=1.873973e+01
 step=  3600  E=1.096961723984e+03  Q=1.562000000000e+03  λ=1.409091e+00  maxρ=1.073060e+00  minρ=1.000e-15  σ=2.502620e+00  Rc=1.873973e+01
 step=  3900  E=1.092311704163e+03  Q=1.562000000000e+03  λ=1.379852e+00  maxρ=1.073061e+00  minρ=1.000e-15  σ=2.502620e+00  Rc=1.873973e+01
 step=  4200  E=1.090537118745e+03  Q=1.562000000000e+03  λ=1.411825e+00  maxρ=1.069329e+00  minρ=1.000e-15  σ=2.502624e+00  Rc=1.873972e+01
 step=  4500  E=1.092155951119e+03  Q=1.562000000000e+03  λ=1.447177e+00  maxρ=1.066703e+00  minρ=1.000e-15  σ=2.502625e+00  Rc=1.873972e+01
 step=  4800  E=1.093675510850e+03  Q=1.562000000000e+03  λ=1.435220e+00  maxρ=1.071416e+00  minρ=1.000e-15  σ=2.502622e+00  Rc=1.873972e+01
 step=  5100  E=1.092927012716e+03  Q=1.562000000000e+03  λ=1.398021e+00  maxρ=1.072547e+00  minρ=1.000e-15  σ=2.502617e+00  Rc=1.873972e+01
 step=  5400  E=1.091191025496e+03  Q=1.562000000000e+03  λ=1.387791e+00  maxρ=1.071280e+00  minρ=1.000e-15  σ=2.502616e+00  Rc=1.873971e+01
 step=  5700  E=1.090449415643e+03  Q=1.562000000000e+03  λ=1.411333e+00  maxρ=1.067621e+00  minρ=1.000e-15  σ=2.502619e+00  Rc=1.873971e+01
 step=  6000  E=1.090667830635e+03  Q=1.562000000000e+03  λ=1.428572e+00  maxρ=1.063898e+00  minρ=1.000e-15  σ=2.502620e+00  Rc=1.873971e+01
 >>> No runaway detected in this horizon. Likely stable (within this model & box).

STABILITY: PASS
