
=== Aggressive relaxation to Q = 1389 ===
Initial: E=2.898283762802e+03, Q=1.389000000000e+03, dt=1.000e-04
 step=     1  E=2.898159778727e+03  Q=1.389000000000e+03  λ=4.222944e+00  dt=1.000e-04  relΔE=4.278e-05  ||F||=9.450e-01
 step=   500  E=2.752940527088e+03  Q=1.389000000000e+03  λ=3.984225e+00  dt=6.192e-04  relΔE=1.911e-04  ||F||=8.570e-01
 step=  1000  E=2.387611727745e+03  Q=1.389000000000e+03  λ=3.404345e+00  dt=9.584e-04  relΔE=2.143e-04  ||F||=6.793e-01
 step=  1500  E=2.127867959906e+03  Q=1.389000000000e+03  λ=3.003386e+00  dt=7.418e-04  relΔE=1.390e-04  ||F||=5.882e-01
 step=  2000  E=1.949820807010e+03  Q=1.389000000000e+03  λ=2.732956e+00  dt=1.148e-03  relΔE=1.646e-04  ||F||=4.916e-01
 step=  2500  E=1.808343587529e+03  Q=1.389000000000e+03  λ=2.520133e+00  dt=8.887e-04  relΔE=1.071e-04  ||F||=4.340e-01
 step=  3000  E=1.695626653952e+03  Q=1.389000000000e+03  λ=2.352280e+00  dt=1.376e-03  relΔE=1.418e-04  ||F||=3.926e-01
 step=  3500  E=1.606860545268e+03  Q=1.389000000000e+03  λ=2.220865e+00  dt=1.065e-03  relΔE=9.578e-05  ||F||=3.534e-01
 step=  4000  E=1.530772673557e+03  Q=1.389000000000e+03  λ=2.108948e+00  dt=8.241e-04  relΔE=6.525e-05  ||F||=3.236e-01
 step=  4500  E=1.466958475276e+03  Q=1.389000000000e+03  λ=2.015721e+00  dt=1.276e-03  relΔE=8.979e-05  ||F||=2.987e-01
 step=  5000  E=1.413005838939e+03  Q=1.389000000000e+03  λ=1.937196e+00  dt=9.873e-04  relΔE=6.272e-05  ||F||=2.785e-01
 step=  5500  E=1.363854728343e+03  Q=1.389000000000e+03  λ=1.866026e+00  dt=7.641e-04  relΔE=4.500e-05  ||F||=2.635e-01
 step=  6000  E=1.321980578184e+03  Q=1.389000000000e+03  λ=1.805744e+00  dt=1.183e-03  relΔE=6.391e-05  ||F||=2.484e-01
 step=  6500  E=1.282907753156e+03  Q=1.389000000000e+03  λ=1.749663e+00  dt=9.154e-04  relΔE=4.698e-05  ||F||=2.385e-01
 step=  7000  E=1.245728614043e+03  Q=1.389000000000e+03  λ=1.696561e+00  dt=1.417e-03  relΔE=6.998e-05  ||F||=3.194e-01
 step=  7500  E=1.211957328372e+03  Q=1.389000000000e+03  λ=1.648270e+00  dt=1.097e-03  relΔE=5.410e-05  ||F||=2.273e-01
 step=  8000  E=1.178044715509e+03  Q=1.389000000000e+03  λ=1.599724e+00  dt=8.488e-04  relΔE=4.206e-05  ||F||=2.246e-01
 step=  8500  E=1.146110707720e+03  Q=1.389000000000e+03  λ=1.553847e+00  dt=1.095e-03  relΔE=5.465e-05  ||F||=2.223e-01
 step=  9000  E=1.113751074647e+03  Q=1.389000000000e+03  λ=1.507022e+00  dt=8.475e-04  relΔE=4.220e-05  ||F||=2.189e-01
 step=  9500  E=1.082804156010e+03  Q=1.389000000000e+03  λ=1.461996e+00  dt=1.312e-03  relΔE=6.334e-05  ||F||=2.126e-01
 step= 10000  E=1.054742340104e+03  Q=1.389000000000e+03  λ=1.420906e+00  dt=1.015e-03  relΔE=4.565e-05  ||F||=2.024e-01
 step= 10500  E=1.029087327684e+03  Q=1.389000000000e+03  λ=1.383272e+00  dt=7.858e-04  relΔE=3.130e-05  ||F||=1.882e-01
 step= 11000  E=1.008335856807e+03  Q=1.389000000000e+03  λ=1.352918e+00  dt=1.216e-03  relΔE=3.993e-05  ||F||=1.691e-01
 step= 11500  E=9.917328823267e+02  Q=1.389000000000e+03  λ=1.328738e+00  dt=9.414e-04  relΔE=2.417e-05  ||F||=1.483e-01
 step= 12000  E=9.789579989457e+02  Q=1.389000000000e+03  λ=1.310785e+00  dt=1.457e-03  relΔE=8.034e-06  ||F||=1.047e+00
 step= 12500  E=9.703011344439e+02  Q=1.389000000000e+03  λ=1.298014e+00  dt=1.128e-03  relΔE=1.514e-05  ||F||=1.061e-01
 step= 13000  E=9.641030930275e+02  Q=1.389000000000e+03  λ=1.289349e+00  dt=8.730e-04  relΔE=7.939e-06  ||F||=8.703e-02
 step= 13500  E=9.599834931876e+02  Q=1.389000000000e+03  λ=1.283728e+00  dt=1.351e-03  relΔE=8.070e-06  ||F||=7.046e-02
 step= 14000  E=9.573810105822e+02  Q=1.389000000000e+03  λ=1.280275e+00  dt=1.046e-03  relΔE=4.060e-06  ||F||=5.666e-02
 step= 14500  E=9.556624590051e+02  Q=1.389000000000e+03  λ=1.278078e+00  dt=8.095e-04  relΔE=1.982e-06  ||F||=4.495e-02
 step= 15000  E=9.546028944797e+02  Q=1.389000000000e+03  λ=1.276789e+00  dt=1.253e-03  relΔE=1.918e-06  ||F||=3.553e-02
 step= 15500  E=9.539472424685e+02  Q=1.389000000000e+03  λ=1.276038e+00  dt=9.698e-04  relΔE=9.247e-07  ||F||=2.802e-02
 step= 16000  E=9.535281215366e+02  Q=1.389000000000e+03  λ=1.275596e+00  dt=7.506e-04  relΔE=4.512e-07  ||F||=2.225e-02
 step= 16500  E=9.532843868121e+02  Q=1.389000000000e+03  λ=1.275365e+00  dt=1.162e-03  relΔE=4.173e-07  ||F||=1.719e-02
 step= 17000  E=9.531299004004e+02  Q=1.389000000000e+03  λ=1.275238e+00  dt=8.992e-04  relΔE=1.969e-07  ||F||=1.341e-02
 step= 17500  E=9.530348388078e+02  Q=1.389000000000e+03  λ=1.275174e+00  dt=1.392e-03  relΔE=1.844e-07  ||F||=1.086e-02
 step= 18000  E=9.529790494354e+02  Q=1.389000000000e+03  λ=1.275145e+00  dt=1.077e-03  relΔE=8.816e-08  ||F||=8.195e-03
 step= 18500  E=9.529437149203e+02  Q=1.389000000000e+03  λ=1.275134e+00  dt=8.338e-04  relΔE=4.161e-08  ||F||=6.396e-03
 step= 19000  E=9.529222216924e+02  Q=1.389000000000e+03  λ=1.275131e+00  dt=1.291e-03  relΔE=3.948e-08  ||F||=5.006e-03
 step= 19500  E=9.529092275145e+02  Q=1.389000000000e+03  λ=1.275131e+00  dt=9.989e-04  relΔE=1.903e-08  ||F||=3.949e-03
 step= 20000  E=9.529008549033e+02  Q=1.389000000000e+03  λ=1.275133e+00  dt=7.731e-04  relΔE=9.157e-09  ||F||=3.113e-03
 step= 20500  E=9.528958310263e+02  Q=1.389000000000e+03  λ=1.275134e+00  dt=1.197e-03  relΔE=8.913e-09  ||F||=2.468e-03
 step= 21000  E=9.528925830675e+02  Q=1.389000000000e+03  λ=1.275135e+00  dt=9.263e-04  relΔE=4.392e-09  ||F||=1.970e-03
 step= 21500  E=9.528904581441e+02  Q=1.389000000000e+03  λ=1.275135e+00  dt=1.434e-03  relΔE=4.009e-09  ||F||=4.736e-03
 step= 22000  E=9.528891498771e+02  Q=1.389000000000e+03  λ=1.275134e+00  dt=1.110e-03  relΔE=2.236e-09  ||F||=1.286e-03
 step= 22500  E=9.528882441204e+02  Q=1.389000000000e+03  λ=1.275133e+00  dt=8.589e-04  relΔE=1.155e-09  ||F||=1.053e-03
 step= 23000  E=9.528876349935e+02  Q=1.389000000000e+03  λ=1.275131e+00  dt=1.329e-03  relΔE=1.217e-09  ||F||=8.712e-04
 step= 23500  E=9.528872249784e+02  Q=1.389000000000e+03  λ=1.275129e+00  dt=1.029e-03  relΔE=6.603e-10  ||F||=7.322e-04
 step= 24000  E=9.528869261358e+02  Q=1.389000000000e+03  λ=1.275126e+00  dt=7.964e-04  relΔE=3.623e-10  ||F||=6.198e-04
 step= 24500  E=9.528867177362e+02  Q=1.389000000000e+03  λ=1.275124e+00  dt=1.233e-03  relΔE=4.058e-10  ||F||=5.306e-04
 step= 25000  E=9.528865650217e+02  Q=1.389000000000e+03  λ=1.275122e+00  dt=9.541e-04  relΔE=2.317e-10  ||F||=4.592e-04
 step= 25500  E=9.528864479975e+02  Q=1.389000000000e+03  λ=1.275119e+00  dt=7.385e-04  relΔE=1.498e-10  ||F||=4.304e-04
 step= 26000  E=9.528863650605e+02  Q=1.389000000000e+03  λ=1.275117e+00  dt=1.143e-03  relΔE=1.564e-10  ||F||=3.514e-04
 step= 26500  E=9.528862996283e+02  Q=1.389000000000e+03  λ=1.275115e+00  dt=8.847e-04  relΔE=9.212e-11  ||F||=3.100e-04
 step= 27000  E=9.528862494304e+02  Q=1.389000000000e+03  λ=1.275113e+00  dt=1.369e-03  relΔE=1.090e-10  ||F||=2.762e-04
 step= 27500  E=9.528862120631e+02  Q=1.389000000000e+03  λ=1.275112e+00  dt=1.060e-03  relΔE=6.539e-11  ||F||=2.450e-04
 step= 28000  E=9.528861822736e+02  Q=1.389000000000e+03  λ=1.275110e+00  dt=8.203e-04  relΔE=3.904e-11  ||F||=2.186e-04
 step= 28500  E=9.528861594797e+02  Q=1.389000000000e+03  λ=1.275108e+00  dt=1.270e-03  relΔE=4.667e-11  ||F||=1.956e-04
 step= 29000  E=9.528861421244e+02  Q=1.389000000000e+03  λ=1.275107e+00  dt=9.828e-04  relΔE=2.800e-11  ||F||=1.756e-04
 step= 29500  E=9.528861281990e+02  Q=1.389000000000e+03  λ=1.275106e+00  dt=7.607e-04  relΔE=1.702e-11  ||F||=1.587e-04
 step= 30000  E=9.528861180016e+02  Q=1.389000000000e+03  λ=1.275105e+00  dt=1.177e-03  relΔE=1.980e-11  ||F||=1.416e-04
 step= 30500  E=9.528861100096e+02  Q=1.389000000000e+03  λ=1.275104e+00  dt=7.594e-04  relΔE=1.065e-11  ||F||=1.316e-04
 step= 31000  E=9.528861040603e+02  Q=1.389000000000e+03  λ=1.275103e+00  dt=1.176e-03  relΔE=1.145e-11  ||F||=1.149e-04
 step= 31500  E=9.528860994793e+02  Q=1.389000000000e+03  λ=1.275102e+00  dt=7.582e-04  relΔE=5.913e-12  ||F||=1.057e-04
 step= 32000  E=9.528860961439e+02  Q=1.389000000000e+03  λ=1.275101e+00  dt=1.174e-03  relΔE=6.320e-12  ||F||=9.336e-05
 step= 32500  E=9.528860936525e+02  Q=1.389000000000e+03  λ=1.275100e+00  dt=7.570e-04  relΔE=3.246e-12  ||F||=8.655e-05
 step= 33000  E=9.528860919198e+02  Q=1.389000000000e+03  λ=1.275100e+00  dt=1.172e-03  relΔE=3.190e-12  ||F||=7.597e-05
 step= 33500  E=9.528860906965e+02  Q=1.389000000000e+03  λ=1.275099e+00  dt=9.069e-04  relΔE=1.639e-12  ||F||=6.842e-05
 step= 34000  E=9.528860899029e+02  Q=1.389000000000e+03  λ=1.275099e+00  dt=1.404e-03  relΔE=1.536e-12  ||F||=6.345e-05
 step= 34500  E=9.528860894657e+02  Q=1.389000000000e+03  λ=1.275098e+00  dt=1.086e-03  relΔE=6.305e-13  ||F||=5.560e-05
 step= 35000  E=9.528860892635e+02  Q=1.389000000000e+03  λ=1.275098e+00  dt=8.409e-04  relΔE=1.502e-13  ||F||=5.006e-05
  !! dt fell below dt_min: stiffness-limited termination.

Stationary candidate (aggressive): E=9.528860892368e+02, Q=1.389000000000e+03, maxρ=1.002169e+00

=== Stability test (damped inertial dynamics) ===
Perturb eps=0.02, gamma=1
t=0: E=1.020448183417e+03, Q=1.389000000000e+03, maxρ=1.035307e+00, σ=2.483976e+00, Rc=1.874487e+01
 step=     1  E=1.020447844620e+03  Q=1.389000000000e+03  λ=1.660189e+00  maxρ=1.035307e+00  minρ=1.000e-15  σ=2.483976e+00  Rc=1.874487e+01
 step=   300  E=1.006554349659e+03  Q=1.389000000000e+03  λ=1.557792e+00  maxρ=1.033549e+00  minρ=1.000e-15  σ=2.483973e+00  Rc=1.874488e+01
 step=   600  E=9.785913153098e+02  Q=1.389000000000e+03  λ=1.372229e+00  maxρ=1.028595e+00  minρ=1.000e-15  σ=2.483968e+00  Rc=1.874488e+01
 step=   900  E=9.621702170120e+02  Q=1.389000000000e+03  λ=1.312742e+00  maxρ=1.021268e+00  minρ=1.000e-15  σ=2.483966e+00  Rc=1.874488e+01
 step=  1200  E=9.683139231496e+02  Q=1.389000000000e+03  λ=1.419310e+00  maxρ=1.017817e+00  minρ=1.000e-15  σ=2.483969e+00  Rc=1.874487e+01
 step=  1500  E=9.850387147268e+02  Q=1.389000000000e+03  λ=1.535431e+00  maxρ=1.023004e+00  minρ=1.000e-15  σ=2.483971e+00  Rc=1.874487e+01
 step=  1800  E=9.936456309601e+02  Q=1.389000000000e+03  λ=1.522045e+00  maxρ=1.026278e+00  minρ=1.000e-15  σ=2.483969e+00  Rc=1.874487e+01
 step=  2100  E=9.886866389197e+02  Q=1.389000000000e+03  λ=1.421416e+00  maxρ=1.021052e+00  minρ=1.000e-15  σ=2.483965e+00  Rc=1.874487e+01
 step=  2400  E=9.798671661128e+02  Q=1.389000000000e+03  λ=1.374357e+00  maxρ=1.010620e+00  minρ=1.000e-15  σ=2.483966e+00  Rc=1.874487e+01
 step=  2700  E=9.776761809003e+02  Q=1.389000000000e+03  λ=1.428456e+00  maxρ=1.013613e+00  minρ=1.000e-15  σ=2.483969e+00  Rc=1.874486e+01
 step=  3000  E=9.819616610424e+02  Q=1.389000000000e+03  λ=1.494366e+00  maxρ=1.026338e+00  minρ=1.000e-15  σ=2.483969e+00  Rc=1.874486e+01
 step=  3300  E=9.852387178747e+02  Q=1.389000000000e+03  λ=1.482774e+00  maxρ=1.028962e+00  minρ=1.000e-15  σ=2.483966e+00  Rc=1.874487e+01
 step=  3600  E=9.832932451987e+02  Q=1.389000000000e+03  λ=1.418613e+00  maxρ=1.024098e+00  minρ=1.000e-15  σ=2.483962e+00  Rc=1.874487e+01
 step=  3900  E=9.791496605446e+02  Q=1.389000000000e+03  λ=1.389327e+00  maxρ=1.024101e+00  minρ=1.000e-15  σ=2.483963e+00  Rc=1.874486e+01
 step=  4200  E=9.775679127012e+02  Q=1.389000000000e+03  λ=1.421189e+00  maxρ=1.020540e+00  minρ=1.000e-15  σ=2.483967e+00  Rc=1.874486e+01
 step=  4500  E=9.790141449492e+02  Q=1.389000000000e+03  λ=1.456520e+00  maxρ=1.017972e+00  minρ=1.000e-15  σ=2.483968e+00  Rc=1.874486e+01
 step=  4800  E=9.803768326087e+02  Q=1.389000000000e+03  λ=1.444668e+00  maxρ=1.022354e+00  minρ=1.000e-15  σ=2.483964e+00  Rc=1.874485e+01
 step=  5100  E=9.797149287396e+02  Q=1.389000000000e+03  λ=1.407564e+00  maxρ=1.023552e+00  minρ=1.000e-15  σ=2.483960e+00  Rc=1.874485e+01
 step=  5400  E=9.781621463740e+02  Q=1.389000000000e+03  λ=1.397294e+00  maxρ=1.022346e+00  minρ=1.000e-15  σ=2.483959e+00  Rc=1.874485e+01
 step=  5700  E=9.774903254279e+02  Q=1.389000000000e+03  λ=1.420712e+00  maxρ=1.018857e+00  minρ=1.000e-15  σ=2.483962e+00  Rc=1.874484e+01
 step=  6000  E=9.776829983335e+02  Q=1.389000000000e+03  λ=1.437905e+00  maxρ=1.015271e+00  minρ=1.000e-15  σ=2.483963e+00  Rc=1.874484e+01
 >>> No runaway detected in this horizon. Likely stable (within this model & box).

STABILITY: PASS
