
=== Aggressive relaxation to Q = 267 ===
Initial: E=5.703043406124e+02, Q=2.670000000000e+02, dt=1.000e-04
 step=     1  E=5.702838280894e+02  Q=2.670000000000e+02  λ=4.173700e+00  dt=1.000e-04  relΔE=3.597e-05  ||F||=8.767e-01
 step=   500  E=5.459113582741e+02  Q=2.670000000000e+02  λ=3.991934e+00  dt=6.192e-04  relΔE=1.638e-04  ||F||=8.059e-01
 step=  1000  E=4.817475640750e+02  Q=2.670000000000e+02  λ=3.513832e+00  dt=9.584e-04  relΔE=1.932e-04  ||F||=6.608e-01
 step=  1500  E=4.331051277998e+02  Q=2.670000000000e+02  λ=3.153095e+00  dt=7.418e-04  relΔE=1.392e-04  ||F||=6.109e-01
 step=  2000  E=3.983653897276e+02  Q=2.670000000000e+02  λ=2.896756e+00  dt=1.148e-03  relΔE=1.600e-04  ||F||=4.996e-01
 step=  2500  E=3.699335972637e+02  Q=2.670000000000e+02  λ=2.687477e+00  dt=8.887e-04  relΔE=1.064e-04  ||F||=4.463e-01
 step=  3000  E=3.468284945035e+02  Q=2.670000000000e+02  λ=2.518120e+00  dt=1.376e-03  relΔE=1.433e-04  ||F||=4.065e-01
 step=  3500  E=3.283813249700e+02  Q=2.670000000000e+02  λ=2.383045e+00  dt=1.065e-03  relΔE=9.794e-05  ||F||=3.685e-01
 step=  4000  E=3.124073753898e+02  Q=2.670000000000e+02  λ=2.266367e+00  dt=8.241e-04  relΔE=6.742e-05  ||F||=3.390e-01
 step=  4500  E=2.989017372155e+02  Q=2.670000000000e+02  λ=2.168041e+00  dt=1.276e-03  relΔE=9.382e-05  ||F||=3.144e-01
 step=  5000  E=2.873375667941e+02  Q=2.670000000000e+02  λ=2.083915e+00  dt=9.873e-04  relΔE=6.643e-05  ||F||=2.948e-01
 step=  5500  E=2.766682337730e+02  Q=2.670000000000e+02  λ=2.006496e+00  dt=7.641e-04  relΔE=4.887e-05  ||F||=2.821e-01
 step=  6000  E=2.674024854098e+02  Q=2.670000000000e+02  λ=1.939489e+00  dt=1.183e-03  relΔE=7.063e-05  ||F||=2.679e-01
 step=  6500  E=2.585813757641e+02  Q=2.670000000000e+02  λ=1.875727e+00  dt=9.154e-04  relΔE=5.311e-05  ||F||=2.597e-01
 step=  7000  E=2.500658317984e+02  Q=2.670000000000e+02  λ=1.814265e+00  dt=1.417e-03  relΔE=7.992e-05  ||F||=3.605e-01
 step=  7500  E=2.423703660781e+02  Q=2.670000000000e+02  λ=1.758393e+00  dt=1.097e-03  relΔE=6.108e-05  ||F||=2.463e-01
 step=  8000  E=2.348680883697e+02  Q=2.670000000000e+02  λ=1.703551e+00  dt=8.488e-04  relΔE=4.531e-05  ||F||=2.374e-01
 step=  8500  E=2.280350194217e+02  Q=2.670000000000e+02  λ=1.653077e+00  dt=1.314e-03  relΔE=6.485e-05  ||F||=2.249e-01
 step=  9000  E=2.221476317628e+02  Q=2.670000000000e+02  λ=1.608872e+00  dt=1.017e-03  relΔE=4.448e-05  ||F||=2.090e-01
 step=  9500  E=2.170101863194e+02  Q=2.670000000000e+02  λ=1.569614e+00  dt=7.871e-04  relΔE=2.906e-05  ||F||=1.898e-01
 step= 10000  E=2.130242900614e+02  Q=2.670000000000e+02  λ=1.538574e+00  dt=1.218e-03  relΔE=3.573e-05  ||F||=1.676e-01
 step= 10500  E=2.099549303309e+02  Q=2.670000000000e+02  λ=1.514109e+00  dt=7.858e-04  relΔE=1.771e-05  ||F||=1.459e-01
 step= 11000  E=2.076871565394e+02  Q=2.670000000000e+02  λ=1.495624e+00  dt=1.216e-03  relΔE=1.999e-05  ||F||=1.239e-01
 step= 11500  E=2.060526926512e+02  Q=2.670000000000e+02  λ=1.481922e+00  dt=9.414e-04  relΔE=1.093e-05  ||F||=1.037e-01
 step= 12000  E=2.048943417342e+02  Q=2.670000000000e+02  λ=1.472144e+00  dt=1.457e-03  relΔE=2.251e-06  ||F||=7.534e-01
 step= 12500  E=2.041518070749e+02  Q=2.670000000000e+02  λ=1.465264e+00  dt=1.128e-03  relΔE=6.034e-06  ||F||=7.006e-02
 step= 13000  E=2.036390895023e+02  Q=2.670000000000e+02  λ=1.460479e+00  dt=8.730e-04  relΔE=3.071e-06  ||F||=5.674e-02
 step= 13500  E=2.033048743340e+02  Q=2.670000000000e+02  λ=1.457208e+00  dt=1.351e-03  relΔE=3.083e-06  ||F||=4.571e-02
 step= 14000  E=2.030942679755e+02  Q=2.670000000000e+02  λ=1.455024e+00  dt=1.046e-03  relΔE=1.552e-06  ||F||=3.680e-02
 step= 14500  E=2.029542569780e+02  Q=2.670000000000e+02  λ=1.453475e+00  dt=8.095e-04  relΔE=7.657e-07  ||F||=2.936e-02
 step= 15000  E=2.028666224491e+02  Q=2.670000000000e+02  λ=1.452429e+00  dt=1.253e-03  relΔE=7.545e-07  ||F||=2.342e-02
 step= 15500  E=2.028112430545e+02  Q=2.670000000000e+02  λ=1.451708e+00  dt=9.698e-04  relΔE=3.722e-07  ||F||=1.869e-02
 step= 16000  E=2.027749187006e+02  Q=2.670000000000e+02  λ=1.451186e+00  dt=7.506e-04  relΔE=1.885e-07  ||F||=1.513e-02
 step= 16500  E=2.027531655938e+02  Q=2.670000000000e+02  λ=1.450838e+00  dt=1.162e-03  relΔE=1.779e-07  ||F||=1.180e-02
 step= 17000  E=2.027389515670e+02  Q=2.670000000000e+02  λ=1.450583e+00  dt=8.992e-04  relΔE=8.670e-08  ||F||=9.357e-03
 step= 17500  E=2.027299097390e+02  Q=2.670000000000e+02  λ=1.450398e+00  dt=1.392e-03  relΔE=8.395e-08  ||F||=7.733e-03
 step= 18000  E=2.027244283635e+02  Q=2.670000000000e+02  λ=1.450270e+00  dt=1.077e-03  relΔE=4.151e-08  ||F||=5.910e-03
 step= 18500  E=2.027208292119e+02  Q=2.670000000000e+02  λ=1.450175e+00  dt=8.338e-04  relΔE=2.026e-08  ||F||=4.690e-03
 step= 19000  E=2.027185706778e+02  Q=2.670000000000e+02  λ=1.450106e+00  dt=1.291e-03  relΔE=1.989e-08  ||F||=3.731e-03
 step= 19500  E=2.027171570211e+02  Q=2.670000000000e+02  λ=1.450057e+00  dt=9.989e-04  relΔE=9.904e-09  ||F||=2.990e-03
 step= 20000  E=2.027162156744e+02  Q=2.670000000000e+02  λ=1.450020e+00  dt=7.731e-04  relΔE=4.937e-09  ||F||=2.398e-03
 step= 20500  E=2.027156322973e+02  Q=2.670000000000e+02  λ=1.449994e+00  dt=1.197e-03  relΔE=4.948e-09  ||F||=1.927e-03
 step= 21000  E=2.027152433082e+02  Q=2.670000000000e+02  λ=1.449976e+00  dt=9.263e-04  relΔE=2.520e-09  ||F||=1.561e-03
 step= 21500  E=2.027149797094e+02  Q=2.670000000000e+02  λ=1.449963e+00  dt=1.434e-03  relΔE=2.431e-09  ||F||=3.382e-03
 step= 22000  E=2.027148115338e+02  Q=2.670000000000e+02  λ=1.449955e+00  dt=1.110e-03  relΔE=1.375e-09  ||F||=1.052e-03
 step= 22500  E=2.027146908276e+02  Q=2.670000000000e+02  λ=1.449950e+00  dt=8.589e-04  relΔE=7.393e-10  ||F||=8.765e-04
 step= 23000  E=2.027146061095e+02  Q=2.670000000000e+02  λ=1.449947e+00  dt=1.329e-03  relΔE=8.153e-10  ||F||=7.403e-04
 step= 23500  E=2.027145462623e+02  Q=2.670000000000e+02  λ=1.449946e+00  dt=1.029e-03  relΔE=4.656e-10  ||F||=6.364e-04
 step= 24000  E=2.027145002134e+02  Q=2.670000000000e+02  λ=1.449947e+00  dt=7.964e-04  relΔE=2.717e-10  ||F||=5.538e-04
 step= 24500  E=2.027144659471e+02  Q=2.670000000000e+02  λ=1.449948e+00  dt=1.233e-03  relΔE=3.249e-10  ||F||=4.882e-04
 step= 25000  E=2.027144390134e+02  Q=2.670000000000e+02  λ=1.449950e+00  dt=9.541e-04  relΔE=1.997e-10  ||F||=4.366e-04
 step= 25500  E=2.027144167027e+02  Q=2.670000000000e+02  λ=1.449953e+00  dt=7.385e-04  relΔE=1.465e-10  ||F||=4.386e-04
 step= 26000  E=2.027143995120e+02  Q=2.670000000000e+02  λ=1.449956e+00  dt=1.143e-03  relΔE=1.595e-10  ||F||=3.596e-04
 step= 26500  E=2.027143846676e+02  Q=2.670000000000e+02  λ=1.449959e+00  dt=8.847e-04  relΔE=1.030e-10  ||F||=3.301e-04
 step= 27000  E=2.027143721812e+02  Q=2.670000000000e+02  λ=1.449962e+00  dt=1.369e-03  relΔE=1.343e-10  ||F||=3.059e-04
 step= 27500  E=2.027143619033e+02  Q=2.670000000000e+02  λ=1.449966e+00  dt=1.060e-03  relΔE=8.881e-11  ||F||=2.831e-04
 step= 28000  E=2.027143528504e+02  Q=2.670000000000e+02  λ=1.449969e+00  dt=8.203e-04  relΔE=5.891e-11  ||F||=2.636e-04
 step= 28500  E=2.027143451554e+02  Q=2.670000000000e+02  λ=1.449972e+00  dt=1.270e-03  relΔE=7.844e-11  ||F||=2.458e-04
 step= 29000  E=2.027143386014e+02  Q=2.670000000000e+02  λ=1.449975e+00  dt=9.828e-04  relΔE=5.257e-11  ||F||=2.301e-04
 step= 29500  E=2.027143327107e+02  Q=2.670000000000e+02  λ=1.449979e+00  dt=7.607e-04  relΔE=3.622e-11  ||F||=2.182e-04
 step= 30000  E=2.027143278408e+02  Q=2.670000000000e+02  λ=1.449981e+00  dt=1.177e-03  relΔE=4.734e-11  ||F||=2.019e-04
 step= 30500  E=2.027143234999e+02  Q=2.670000000000e+02  λ=1.449984e+00  dt=9.113e-04  relΔE=3.183e-11  ||F||=1.893e-04
 step= 31000  E=2.027143196625e+02  Q=2.670000000000e+02  λ=1.449987e+00  dt=1.411e-03  relΔE=4.257e-11  ||F||=2.029e-04
 step= 31500  E=2.027143165302e+02  Q=2.670000000000e+02  λ=1.449990e+00  dt=9.098e-04  relΔE=2.410e-11  ||F||=1.671e-04
 step= 32000  E=2.027143136274e+02  Q=2.670000000000e+02  λ=1.449992e+00  dt=1.408e-03  relΔE=3.224e-11  ||F||=1.817e-04
 step= 32500  E=2.027143112512e+02  Q=2.670000000000e+02  λ=1.449995e+00  dt=9.084e-04  relΔE=1.825e-11  ||F||=1.477e-04
 step= 33000  E=2.027143090504e+02  Q=2.670000000000e+02  λ=1.449997e+00  dt=1.406e-03  relΔE=2.441e-11  ||F||=1.576e-04
 step= 33500  E=2.027143072161e+02  Q=2.670000000000e+02  λ=1.449999e+00  dt=1.088e-03  relΔE=1.651e-11  ||F||=1.305e-04
 step= 34000  E=2.027143055686e+02  Q=2.670000000000e+02  λ=1.450001e+00  dt=8.423e-04  relΔE=1.108e-11  ||F||=1.226e-04
 step= 34500  E=2.027143041459e+02  Q=2.670000000000e+02  λ=1.450003e+00  dt=1.304e-03  relΔE=1.484e-11  ||F||=1.152e-04
 step= 35000  E=2.027143029411e+02  Q=2.670000000000e+02  λ=1.450005e+00  dt=1.009e-03  relΔE=9.964e-12  ||F||=1.084e-04
 step= 35500  E=2.027143018589e+02  Q=2.670000000000e+02  λ=1.450007e+00  dt=7.810e-04  relΔE=6.686e-12  ||F||=1.021e-04
 step= 36000  E=2.027143009569e+02  Q=2.670000000000e+02  λ=1.450009e+00  dt=1.209e-03  relΔE=8.890e-12  ||F||=9.584e-05
 step= 36500  E=2.027143001700e+02  Q=2.670000000000e+02  λ=1.450010e+00  dt=9.357e-04  relΔE=5.927e-12  ||F||=9.014e-05
 step= 37000  E=2.027142994737e+02  Q=2.670000000000e+02  λ=1.450012e+00  dt=1.448e-03  relΔE=5.965e-12  ||F||=3.531e-04
 step= 37500  E=2.027142989090e+02  Q=2.670000000000e+02  λ=1.450013e+00  dt=1.121e-03  relΔE=5.228e-12  ||F||=7.974e-05
 step= 38000  E=2.027142984065e+02  Q=2.670000000000e+02  λ=1.450014e+00  dt=8.676e-04  relΔE=3.453e-12  ||F||=7.497e-05
 step= 38500  E=2.027142979781e+02  Q=2.670000000000e+02  λ=1.450016e+00  dt=1.343e-03  relΔE=4.543e-12  ||F||=7.050e-05
 step= 39000  E=2.027142976238e+02  Q=2.670000000000e+02  λ=1.450017e+00  dt=1.039e-03  relΔE=2.991e-12  ||F||=6.636e-05
 step= 39500  E=2.027142973137e+02  Q=2.670000000000e+02  λ=1.450018e+00  dt=8.045e-04  relΔE=1.956e-12  ||F||=6.243e-05
 step= 40000  E=2.027142970583e+02  Q=2.670000000000e+02  λ=1.450019e+00  dt=1.245e-03  relΔE=2.537e-12  ||F||=5.869e-05
 step= 40500  E=2.027142968448e+02  Q=2.670000000000e+02  λ=1.450020e+00  dt=9.638e-04  relΔE=1.641e-12  ||F||=5.524e-05
 step= 41000  E=2.027142966608e+02  Q=2.670000000000e+02  λ=1.450021e+00  dt=7.460e-04  relΔE=1.139e-12  ||F||=5.302e-05
 step= 41500  E=2.027142965174e+02  Q=2.670000000000e+02  λ=1.450022e+00  dt=1.155e-03  relΔE=1.335e-12  ||F||=4.889e-05
 step= 42000  E=2.027142963960e+02  Q=2.670000000000e+02  λ=1.450023e+00  dt=8.937e-04  relΔE=8.381e-13  ||F||=4.598e-05
 step= 42500  E=2.027142962976e+02  Q=2.670000000000e+02  λ=1.450023e+00  dt=1.383e-03  relΔE=1.032e-12  ||F||=4.350e-05
 step= 43000  E=2.027142962224e+02  Q=2.670000000000e+02  λ=1.450024e+00  dt=1.071e-03  relΔE=6.302e-13  ||F||=4.071e-05
 step= 43500  E=2.027142961622e+02  Q=2.670000000000e+02  λ=1.450025e+00  dt=8.287e-04  relΔE=3.721e-13  ||F||=3.829e-05
 step= 44000  E=2.027142961173e+02  Q=2.670000000000e+02  λ=1.450025e+00  dt=1.283e-03  relΔE=4.234e-13  ||F||=3.602e-05
 step= 44500  E=2.027142960856e+02  Q=2.670000000000e+02  λ=1.450026e+00  dt=9.928e-04  relΔE=2.288e-13  ||F||=3.392e-05
 step= 45000  E=2.027142960637e+02  Q=2.670000000000e+02  λ=1.450027e+00  dt=7.684e-04  relΔE=1.110e-13  ||F||=3.189e-05
 step= 45500  E=2.027142960516e+02  Q=2.670000000000e+02  λ=1.450027e+00  dt=1.189e-03  relΔE=8.623e-14  ||F||=3.002e-05
 step= 46000  E=2.027142960468e+02  Q=2.670000000000e+02  λ=1.450028e+00  dt=9.206e-04  relΔE=1.094e-14  ||F||=2.825e-05
  !! dt fell below dt_min: stiffness-limited termination.

Stationary candidate (aggressive): E=2.027142960467e+02, Q=2.670000000000e+02, maxρ=4.060628e-01

=== Stability test (damped inertial dynamics) ===
Perturb eps=0.02, gamma=1
t=0: E=2.157488573253e+02, Q=2.670000000000e+02, maxρ=4.198135e-01, σ=2.933956e+00, Rc=1.867558e+01
 step=     1  E=2.157487918498e+02  Q=2.670000000000e+02  λ=1.837451e+00  maxρ=4.198135e-01  minρ=1.000e-15  σ=2.933956e+00  Rc=1.867558e+01
 step=   300  E=2.130641006296e+02  Q=2.670000000000e+02  λ=1.734248e+00  maxρ=4.191015e-01  minρ=1.000e-15  σ=2.933952e+00  Rc=1.867558e+01
 step=   600  E=2.076639555389e+02  Q=2.670000000000e+02  λ=1.547388e+00  maxρ=4.170941e-01  minρ=1.000e-15  σ=2.933946e+00  Rc=1.867558e+01
 step=   900  E=2.045002666531e+02  Q=2.670000000000e+02  λ=1.487877e+00  maxρ=4.141250e-01  minρ=1.000e-15  σ=2.933945e+00  Rc=1.867558e+01
 step=  1200  E=2.056968662171e+02  Q=2.670000000000e+02  λ=1.595646e+00  maxρ=4.127196e-01  minρ=1.000e-15  σ=2.933949e+00  Rc=1.867558e+01
 step=  1500  E=2.089282896590e+02  Q=2.670000000000e+02  λ=1.712468e+00  maxρ=4.145846e-01  minρ=1.000e-15  σ=2.933951e+00  Rc=1.867557e+01
 step=  1800  E=2.105815391118e+02  Q=2.670000000000e+02  λ=1.698333e+00  maxρ=4.159128e-01  minρ=1.000e-15  σ=2.933948e+00  Rc=1.867557e+01
 step=  2100  E=2.096158529710e+02  Q=2.670000000000e+02  λ=1.596605e+00  maxρ=4.137973e-01  minρ=1.000e-15  σ=2.933944e+00  Rc=1.867557e+01
 step=  2400  E=2.079153278525e+02  Q=2.670000000000e+02  λ=1.549634e+00  maxρ=4.094684e-01  minρ=1.000e-15  σ=2.933944e+00  Rc=1.867557e+01
 step=  2700  E=2.075002950797e+02  Q=2.670000000000e+02  λ=1.604830e+00  maxρ=4.107889e-01  minρ=1.000e-15  σ=2.933949e+00  Rc=1.867557e+01
 step=  3000  E=2.083281613380e+02  Q=2.670000000000e+02  λ=1.671257e+00  maxρ=4.159477e-01  minρ=1.000e-15  σ=2.933950e+00  Rc=1.867557e+01
 step=  3300  E=2.089509588416e+02  Q=2.670000000000e+02  λ=1.658848e+00  maxρ=4.170148e-01  minρ=1.000e-15  σ=2.933946e+00  Rc=1.867557e+01
 step=  3600  E=2.085674968888e+02  Q=2.670000000000e+02  λ=1.593635e+00  maxρ=4.149297e-01  minρ=1.000e-15  σ=2.933941e+00  Rc=1.867557e+01
 step=  3900  E=2.077728904031e+02  Q=2.670000000000e+02  λ=1.564464e+00  maxρ=4.149332e-01  minρ=1.000e-15  σ=2.933942e+00  Rc=1.867557e+01
 step=  4200  E=2.074802683968e+02  Q=2.670000000000e+02  λ=1.597403e+00  maxρ=4.134930e-01  minρ=1.000e-15  σ=2.933947e+00  Rc=1.867557e+01
 step=  4500  E=2.077634417668e+02  Q=2.670000000000e+02  λ=1.633305e+00  maxρ=4.124781e-01  minρ=1.000e-15  σ=2.933949e+00  Rc=1.867556e+01
 step=  4800  E=2.080162676497e+02  Q=2.670000000000e+02  λ=1.620800e+00  maxρ=4.143266e-01  minρ=1.000e-15  σ=2.933946e+00  Rc=1.867556e+01
 step=  5100  E=2.078770829123e+02  Q=2.670000000000e+02  λ=1.582739e+00  maxρ=4.147458e-01  minρ=1.000e-15  σ=2.933940e+00  Rc=1.867556e+01
 step=  5400  E=2.075801265361e+02  Q=2.670000000000e+02  λ=1.572451e+00  maxρ=4.142612e-01  minρ=1.000e-15  σ=2.933939e+00  Rc=1.867556e+01
 step=  5700  E=2.074653212426e+02  Q=2.670000000000e+02  λ=1.596725e+00  maxρ=4.128514e-01  minρ=1.000e-15  σ=2.933942e+00  Rc=1.867556e+01
 step=  6000  E=2.075114338720e+02  Q=2.670000000000e+02  λ=1.614469e+00  maxρ=4.113125e-01  minρ=1.000e-15  σ=2.933944e+00  Rc=1.867555e+01
 >>> No runaway detected in this horizon. Likely stable (within this model & box).

STABILITY: PASS
