
=== Aggressive relaxation to Q = 1319 ===
Initial: E=2.750772627544e+03, Q=1.319000000000e+03, dt=1.000e-04
 step=     1  E=2.750656751988e+03  Q=1.319000000000e+03  λ=4.207334e+00  dt=1.000e-04  relΔE=4.212e-05  ||F||=9.375e-01
 step=   500  E=2.614612678456e+03  Q=1.319000000000e+03  λ=3.974380e+00  dt=6.192e-04  relΔE=1.888e-04  ||F||=8.520e-01
 step=  1000  E=2.271134851901e+03  Q=1.319000000000e+03  λ=3.404155e+00  dt=9.584e-04  relΔE=2.127e-04  ||F||=6.773e-01
 step=  1500  E=2.025255666470e+03  Q=1.319000000000e+03  λ=3.006326e+00  dt=7.418e-04  relΔE=1.404e-04  ||F||=5.931e-01
 step=  2000  E=1.856476328669e+03  Q=1.319000000000e+03  λ=2.737452e+00  dt=1.148e-03  relΔE=1.640e-04  ||F||=4.913e-01
 step=  2500  E=1.722187787235e+03  Q=1.319000000000e+03  λ=2.525510e+00  dt=8.887e-04  relΔE=1.069e-04  ||F||=4.341e-01
 step=  3000  E=1.615043700445e+03  Q=1.319000000000e+03  λ=2.358070e+00  dt=1.376e-03  relΔE=1.416e-04  ||F||=3.932e-01
 step=  3500  E=1.530694189673e+03  Q=1.319000000000e+03  λ=2.226997e+00  dt=1.065e-03  relΔE=9.571e-05  ||F||=3.539e-01
 step=  4000  E=1.458152365120e+03  Q=1.319000000000e+03  λ=2.114986e+00  dt=8.241e-04  relΔE=6.524e-05  ||F||=3.241e-01
 step=  4500  E=1.397440441583e+03  Q=1.319000000000e+03  λ=2.021865e+00  dt=1.276e-03  relΔE=8.982e-05  ||F||=2.992e-01
 step=  5000  E=1.345948870398e+03  Q=1.319000000000e+03  λ=1.943176e+00  dt=9.873e-04  relΔE=6.276e-05  ||F||=2.790e-01
 step=  5500  E=1.299092953470e+03  Q=1.319000000000e+03  λ=1.871933e+00  dt=7.641e-04  relΔE=4.540e-05  ||F||=2.651e-01
 step=  6000  E=1.259150702269e+03  Q=1.319000000000e+03  λ=1.811550e+00  dt=1.183e-03  relΔE=6.400e-05  ||F||=2.490e-01
 step=  6500  E=1.221879710274e+03  Q=1.319000000000e+03  λ=1.755376e+00  dt=9.154e-04  relΔE=4.707e-05  ||F||=2.391e-01
 step=  7000  E=1.186399629815e+03  Q=1.319000000000e+03  λ=1.702166e+00  dt=1.417e-03  relΔE=7.001e-05  ||F||=3.347e-01
 step=  7500  E=1.154180530523e+03  Q=1.319000000000e+03  λ=1.653784e+00  dt=1.097e-03  relΔE=5.420e-05  ||F||=2.278e-01
 step=  8000  E=1.121787261644e+03  Q=1.319000000000e+03  λ=1.605088e+00  dt=8.488e-04  relΔE=4.212e-05  ||F||=2.251e-01
 step=  8500  E=1.090231423446e+03  Q=1.319000000000e+03  λ=1.557482e+00  dt=1.314e-03  relΔE=6.558e-05  ||F||=2.225e-01
 step=  9000  E=1.060180310759e+03  Q=1.319000000000e+03  λ=1.511774e+00  dt=1.017e-03  relΔE=5.051e-05  ||F||=2.189e-01
 step=  9500  E=1.030408782478e+03  Q=1.319000000000e+03  λ=1.466158e+00  dt=7.871e-04  relΔE=3.809e-05  ||F||=2.130e-01
 step= 10000  E=1.003789114321e+03  Q=1.319000000000e+03  λ=1.425160e+00  dt=1.218e-03  relΔE=5.432e-05  ||F||=2.018e-01
 step= 10500  E=9.801375913930e+02  Q=1.319000000000e+03  λ=1.388552e+00  dt=9.430e-04  relΔE=3.696e-05  ||F||=1.870e-01
 step= 11000  E=9.598516886375e+02  Q=1.319000000000e+03  λ=1.358165e+00  dt=1.460e-03  relΔE=5.302e-06  ||F||=1.552e+00
 step= 11500  E=9.446380812272e+02  Q=1.319000000000e+03  λ=1.333687e+00  dt=1.130e-03  relΔE=2.860e-05  ||F||=1.475e-01
 step= 12000  E=9.328103580482e+02  Q=1.319000000000e+03  λ=1.315541e+00  dt=8.744e-04  relΔE=1.632e-05  ||F||=1.259e-01
 step= 12500  E=9.243810710424e+02  Q=1.319000000000e+03  λ=1.302749e+00  dt=1.353e-03  relΔE=1.776e-05  ||F||=1.052e-01
 step= 13000  E=9.187352836698e+02  Q=1.319000000000e+03  λ=1.294280e+00  dt=1.048e-03  relΔE=9.406e-06  ||F||=8.663e-02
 step= 13500  E=9.148520805992e+02  Q=1.319000000000e+03  λ=1.288556e+00  dt=8.108e-04  relΔE=4.784e-06  ||F||=7.008e-02
 step= 14000  E=9.123692252550e+02  Q=1.319000000000e+03  λ=1.284980e+00  dt=1.255e-03  relΔE=4.771e-06  ||F||=5.617e-02
 step= 14500  E=9.107984629632e+02  Q=1.319000000000e+03  λ=1.282777e+00  dt=9.713e-04  relΔE=2.353e-06  ||F||=4.479e-02
 step= 15000  E=9.097741324168e+02  Q=1.319000000000e+03  λ=1.281393e+00  dt=7.518e-04  relΔE=1.174e-06  ||F||=3.598e-02
 step= 15500  E=9.091705607375e+02  Q=1.319000000000e+03  λ=1.280614e+00  dt=1.164e-03  relΔE=1.090e-06  ||F||=2.783e-02
 step= 16000  E=9.087849762331e+02  Q=1.319000000000e+03  λ=1.280145e+00  dt=9.007e-04  relΔE=5.177e-07  ||F||=2.179e-02
 step= 16500  E=9.085466934313e+02  Q=1.319000000000e+03  λ=1.279877e+00  dt=1.394e-03  relΔE=4.856e-07  ||F||=1.793e-02
 step= 17000  E=9.084069931248e+02  Q=1.319000000000e+03  λ=1.279735e+00  dt=1.079e-03  relΔE=2.320e-07  ||F||=1.332e-02
 step= 17500  E=9.083185808050e+02  Q=1.319000000000e+03  λ=1.279656e+00  dt=8.352e-04  relΔE=1.089e-07  ||F||=1.036e-02
 step= 18000  E=9.082653738743e+02  Q=1.319000000000e+03  λ=1.279617e+00  dt=1.293e-03  relΔE=1.023e-07  ||F||=8.070e-03
 step= 18500  E=9.082335431480e+02  Q=1.319000000000e+03  λ=1.279599e+00  dt=1.001e-03  relΔE=4.858e-08  ||F||=6.319e-03
 step= 19000  E=9.082133882087e+02  Q=1.319000000000e+03  λ=1.279591e+00  dt=7.744e-04  relΔE=2.294e-08  ||F||=4.935e-03
 step= 19500  E=9.082015786679e+02  Q=1.319000000000e+03  λ=1.279588e+00  dt=1.199e-03  relΔE=2.169e-08  ||F||=3.853e-03
 step= 20000  E=9.081941787736e+02  Q=1.319000000000e+03  λ=1.279588e+00  dt=9.278e-04  relΔE=1.033e-08  ||F||=3.022e-03
 step= 20500  E=9.081895107539e+02  Q=1.319000000000e+03  λ=1.279589e+00  dt=1.436e-03  relΔE=9.221e-09  ||F||=6.245e-03
 step= 21000  E=9.081867646554e+02  Q=1.319000000000e+03  λ=1.279590e+00  dt=1.112e-03  relΔE=4.794e-09  ||F||=1.879e-03
 step= 21500  E=9.081849677679e+02  Q=1.319000000000e+03  λ=1.279590e+00  dt=8.603e-04  relΔE=2.334e-09  ||F||=1.490e-03
 step= 22000  E=9.081838306722e+02  Q=1.319000000000e+03  λ=1.279590e+00  dt=1.332e-03  relΔE=2.302e-09  ||F||=1.190e-03
 step= 22500  E=9.081831159258e+02  Q=1.319000000000e+03  λ=1.279590e+00  dt=1.031e-03  relΔE=1.165e-09  ||F||=9.633e-04
 step= 23000  E=9.081826319958e+02  Q=1.319000000000e+03  λ=1.279589e+00  dt=7.977e-04  relΔE=5.925e-10  ||F||=7.828e-04
 step= 23500  E=9.081823181202e+02  Q=1.319000000000e+03  λ=1.279588e+00  dt=1.235e-03  relΔE=6.166e-10  ||F||=6.441e-04
 step= 24000  E=9.081821049196e+02  Q=1.319000000000e+03  λ=1.279587e+00  dt=9.557e-04  relΔE=3.278e-10  ||F||=5.366e-04
 step= 24500  E=9.081819526602e+02  Q=1.319000000000e+03  λ=1.279585e+00  dt=7.397e-04  relΔE=1.956e-10  ||F||=4.778e-04
 step= 25000  E=9.081818513984e+02  Q=1.319000000000e+03  λ=1.279584e+00  dt=1.145e-03  relΔE=1.946e-10  ||F||=3.839e-04
 step= 25500  E=9.081817760312e+02  Q=1.319000000000e+03  λ=1.279583e+00  dt=8.861e-04  relΔE=1.086e-10  ||F||=3.296e-04
 step= 26000  E=9.081817210011e+02  Q=1.319000000000e+03  λ=1.279582e+00  dt=1.372e-03  relΔE=1.226e-10  ||F||=2.869e-04
 step= 26500  E=9.081816817624e+02  Q=1.319000000000e+03  λ=1.279580e+00  dt=1.062e-03  relΔE=7.073e-11  ||F||=2.500e-04
 step= 27000  E=9.081816515921e+02  Q=1.319000000000e+03  λ=1.279579e+00  dt=8.217e-04  relΔE=4.086e-11  ||F||=2.198e-04
 step= 27500  E=9.081816292308e+02  Q=1.319000000000e+03  λ=1.279578e+00  dt=1.272e-03  relΔE=4.751e-11  ||F||=1.943e-04
 step= 28000  E=9.081816126034e+02  Q=1.319000000000e+03  λ=1.279577e+00  dt=9.844e-04  relΔE=2.787e-11  ||F||=1.729e-04
 step= 28500  E=9.081815995573e+02  Q=1.319000000000e+03  λ=1.279576e+00  dt=7.619e-04  relΔE=1.648e-11  ||F||=1.548e-04
 step= 29000  E=9.081815901553e+02  Q=1.319000000000e+03  λ=1.279576e+00  dt=1.179e-03  relΔE=1.899e-11  ||F||=1.378e-04
 step= 29500  E=9.081815829012e+02  Q=1.319000000000e+03  λ=1.279575e+00  dt=9.128e-04  relΔE=1.103e-11  ||F||=1.234e-04
 step= 30000  E=9.081815773874e+02  Q=1.319000000000e+03  λ=1.279574e+00  dt=1.413e-03  relΔE=1.257e-11  ||F||=1.258e-04
 step= 30500  E=9.081815734924e+02  Q=1.319000000000e+03  λ=1.279573e+00  dt=1.094e-03  relΔE=7.236e-12  ||F||=9.948e-05
 step= 31000  E=9.081815705405e+02  Q=1.319000000000e+03  λ=1.279573e+00  dt=8.464e-04  relΔE=4.035e-12  ||F||=8.936e-05
 step= 31500  E=9.081815684488e+02  Q=1.319000000000e+03  λ=1.279572e+00  dt=1.310e-03  relΔE=4.387e-12  ||F||=8.035e-05
 step= 32000  E=9.081815670282e+02  Q=1.319000000000e+03  λ=1.279572e+00  dt=1.014e-03  relΔE=2.314e-12  ||F||=7.245e-05
 step= 32500  E=9.081815660779e+02  Q=1.319000000000e+03  λ=1.279572e+00  dt=1.308e-03  relΔE=1.907e-12  ||F||=6.530e-05
 step= 33000  E=9.081815655027e+02  Q=1.319000000000e+03  λ=1.279571e+00  dt=1.012e-03  relΔE=8.461e-13  ||F||=5.893e-05
 step= 33500  E=9.081815652012e+02  Q=1.319000000000e+03  λ=1.279571e+00  dt=1.306e-03  relΔE=4.747e-13  ||F||=5.315e-05
 step= 34000  E=9.081815651098e+02  Q=1.319000000000e+03  λ=1.279570e+00  dt=1.011e-03  relΔE=1.565e-14  ||F||=4.800e-05
  !! dt fell below dt_min: stiffness-limited termination.

Stationary candidate (aggressive): E=9.081815651096e+02, Q=1.319000000000e+03, maxρ=9.808331e-01

=== Stability test (damped inertial dynamics) ===
Perturb eps=0.02, gamma=1
t=0: E=9.723221540374e+02, Q=1.319000000000e+03, maxρ=1.013051e+00, σ=2.478379e+00, Rc=1.874658e+01
 step=     1  E=9.723218324106e+02  Q=1.319000000000e+03  λ=1.664549e+00  maxρ=1.013050e+00  minρ=1.000e-15  σ=2.478379e+00  Rc=1.874658e+01
 step=   300  E=9.591324659715e+02  Q=1.319000000000e+03  λ=1.562186e+00  maxρ=1.011331e+00  minρ=1.000e-15  σ=2.478375e+00  Rc=1.874658e+01
 step=   600  E=9.325865430263e+02  Q=1.319000000000e+03  λ=1.376681e+00  maxρ=1.006484e+00  minρ=1.000e-15  σ=2.478370e+00  Rc=1.874658e+01
 step=   900  E=9.169974464437e+02  Q=1.319000000000e+03  λ=1.317204e+00  maxρ=9.993144e-01  minρ=1.000e-15  σ=2.478368e+00  Rc=1.874658e+01
 step=  1200  E=9.228293472457e+02  Q=1.319000000000e+03  λ=1.423734e+00  maxρ=9.959324e-01  minρ=1.000e-15  σ=2.478371e+00  Rc=1.874658e+01
 step=  1500  E=9.387056986877e+02  Q=1.319000000000e+03  λ=1.539823e+00  maxρ=1.001155e+00  minρ=1.000e-15  σ=2.478373e+00  Rc=1.874657e+01
 step=  1800  E=9.468750827974e+02  Q=1.319000000000e+03  λ=1.526452e+00  maxρ=1.004359e+00  minρ=1.000e-15  σ=2.478371e+00  Rc=1.874657e+01
 step=  2100  E=9.421661650308e+02  Q=1.319000000000e+03  λ=1.425853e+00  maxρ=9.992460e-01  minρ=1.000e-15  σ=2.478368e+00  Rc=1.874657e+01
 step=  2400  E=9.337939401401e+02  Q=1.319000000000e+03  λ=1.378793e+00  maxρ=9.890993e-01  minρ=1.000e-15  σ=2.478368e+00  Rc=1.874657e+01
 step=  2700  E=9.317166680341e+02  Q=1.319000000000e+03  λ=1.432865e+00  maxρ=9.918273e-01  minρ=1.000e-15  σ=2.478371e+00  Rc=1.874657e+01
 step=  3000  E=9.357885843538e+02  Q=1.319000000000e+03  λ=1.498769e+00  maxρ=1.004278e+00  minρ=1.000e-15  σ=2.478372e+00  Rc=1.874657e+01
 step=  3300  E=9.389009190604e+02  Q=1.319000000000e+03  λ=1.487208e+00  maxρ=1.006846e+00  minρ=1.000e-15  σ=2.478368e+00  Rc=1.874657e+01
 step=  3600  E=9.370514076391e+02  Q=1.319000000000e+03  λ=1.423072e+00  maxρ=1.002294e+00  minρ=1.000e-15  σ=2.478364e+00  Rc=1.874657e+01
 step=  3900  E=9.331134606386e+02  Q=1.319000000000e+03  λ=1.393768e+00  maxρ=1.002297e+00  minρ=1.000e-15  σ=2.478365e+00  Rc=1.874657e+01
 step=  4200  E=9.316102681175e+02  Q=1.319000000000e+03  λ=1.425591e+00  maxρ=9.988129e-01  minρ=1.000e-15  σ=2.478369e+00  Rc=1.874656e+01
 step=  4500  E=9.329862050650e+02  Q=1.319000000000e+03  λ=1.460917e+00  maxρ=9.962754e-01  minρ=1.000e-15  σ=2.478370e+00  Rc=1.874656e+01
 step=  4800  E=9.342842773801e+02  Q=1.319000000000e+03  λ=1.449104e+00  maxρ=1.000519e+00  minρ=1.000e-15  σ=2.478366e+00  Rc=1.874656e+01
 step=  5100  E=9.336568732972e+02  Q=1.319000000000e+03  λ=1.412032e+00  maxρ=1.001738e+00  minρ=1.000e-15  σ=2.478362e+00  Rc=1.874656e+01
 step=  5400  E=9.321790457153e+02  Q=1.319000000000e+03  λ=1.401746e+00  maxρ=1.000559e+00  minρ=1.000e-15  σ=2.478361e+00  Rc=1.874656e+01
 step=  5700  E=9.315368249808e+02  Q=1.319000000000e+03  λ=1.425120e+00  maxρ=9.971451e-01  minρ=1.000e-15  σ=2.478364e+00  Rc=1.874655e+01
 step=  6000  E=9.317193956924e+02  Q=1.319000000000e+03  λ=1.442297e+00  maxρ=9.936222e-01  minρ=1.000e-15  σ=2.478365e+00  Rc=1.874655e+01
 >>> No runaway detected in this horizon. Likely stable (within this model & box).

STABILITY: PASS
