
=== Aggressive relaxation to Q = 1738 ===
Initial: E=3.642638095046e+03, Q=1.738000000000e+03, dt=1.000e-04
 step=     1  E=3.642468504146e+03  Q=1.738000000000e+03  λ=4.312180e+00  dt=1.000e-04  relΔE=4.656e-05  ||F||=9.881e-01
 step=   500  E=3.446940062733e+03  Q=1.738000000000e+03  λ=4.040723e+00  dt=6.192e-04  relΔE=2.031e-04  ||F||=8.838e-01
 step=  1000  E=2.969359641485e+03  Q=1.738000000000e+03  λ=3.414314e+00  dt=9.584e-04  relΔE=2.226e-04  ||F||=6.903e-01
 step=  1500  E=2.636190753892e+03  Q=1.738000000000e+03  λ=2.994078e+00  dt=7.418e-04  relΔE=1.493e-04  ||F||=6.085e-01
 step=  2000  E=2.411062083161e+03  Q=1.738000000000e+03  λ=2.715549e+00  dt=1.148e-03  relΔE=1.678e-04  ||F||=4.933e-01
 step=  2500  E=2.233422843862e+03  Q=1.738000000000e+03  λ=2.498223e+00  dt=8.887e-04  relΔE=1.085e-04  ||F||=4.340e-01
 step=  3000  E=2.092710512548e+03  Q=1.738000000000e+03  λ=2.327989e+00  dt=1.376e-03  relΔE=1.431e-04  ||F||=3.915e-01
 step=  3500  E=1.982358953689e+03  Q=1.738000000000e+03  λ=2.195372e+00  dt=1.065e-03  relΔE=9.635e-05  ||F||=3.520e-01
 step=  4000  E=1.888071142510e+03  Q=1.738000000000e+03  λ=2.082866e+00  dt=8.241e-04  relΔE=6.546e-05  ||F||=3.218e-01
 step=  4500  E=1.809267357403e+03  Q=1.738000000000e+03  λ=1.989522e+00  dt=1.276e-03  relΔE=8.990e-05  ||F||=2.968e-01
 step=  5000  E=1.742612379778e+03  Q=1.738000000000e+03  λ=1.910898e+00  dt=9.873e-04  relΔE=6.268e-05  ||F||=2.764e-01
 step=  5500  E=1.682089799830e+03  Q=1.738000000000e+03  λ=1.839893e+00  dt=7.641e-04  relΔE=4.523e-05  ||F||=2.623e-01
 step=  6000  E=1.630594260806e+03  Q=1.738000000000e+03  λ=1.779835e+00  dt=1.183e-03  relΔE=6.367e-05  ||F||=2.462e-01
 step=  6500  E=1.582607954365e+03  Q=1.738000000000e+03  λ=1.724034e+00  dt=9.154e-04  relΔE=4.677e-05  ||F||=2.363e-01
 step=  7000  E=1.536947038486e+03  Q=1.738000000000e+03  λ=1.671187e+00  dt=1.417e-03  relΔE=6.961e-05  ||F||=3.266e-01
 step=  7500  E=1.495481118183e+03  Q=1.738000000000e+03  λ=1.623123e+00  dt=1.097e-03  relΔE=5.396e-05  ||F||=2.254e-01
 step=  8000  E=1.453611706572e+03  Q=1.738000000000e+03  λ=1.574543e+00  dt=8.488e-04  relΔE=4.211e-05  ||F||=2.231e-01
 step=  8500  E=1.412552280279e+03  Q=1.738000000000e+03  λ=1.526786e+00  dt=1.314e-03  relΔE=6.599e-05  ||F||=2.213e-01
 step=  9000  E=1.373243388762e+03  Q=1.738000000000e+03  λ=1.480816e+00  dt=1.017e-03  relΔE=5.118e-05  ||F||=2.184e-01
 step=  9500  E=1.334059550430e+03  Q=1.738000000000e+03  λ=1.434897e+00  dt=7.871e-04  relΔE=3.887e-05  ||F||=2.133e-01
 step= 10000  E=1.298927553911e+03  Q=1.738000000000e+03  λ=1.393853e+00  dt=1.218e-03  relΔE=5.555e-05  ||F||=2.022e-01
 step= 10500  E=1.267601544663e+03  Q=1.738000000000e+03  λ=1.357490e+00  dt=9.430e-04  relΔE=3.777e-05  ||F||=1.872e-01
 step= 11000  E=1.240755934456e+03  Q=1.738000000000e+03  λ=1.326914e+00  dt=7.298e-04  relΔE=3.576e-05  ||F||=5.542e-01
 step= 11500  E=1.220879728722e+03  Q=1.738000000000e+03  λ=1.304537e+00  dt=1.130e-03  relΔE=2.893e-05  ||F||=1.469e-01
 step= 12000  E=1.205470212427e+03  Q=1.738000000000e+03  λ=1.287733e+00  dt=8.744e-04  relΔE=1.639e-05  ||F||=1.249e-01
 step= 12500  E=1.194566913900e+03  Q=1.738000000000e+03  λ=1.276264e+00  dt=1.353e-03  relΔE=1.772e-05  ||F||=1.040e-01
 step= 13000  E=1.187309902789e+03  Q=1.738000000000e+03  λ=1.268941e+00  dt=1.048e-03  relΔE=9.328e-06  ||F||=8.544e-02
 step= 13500  E=1.182343069531e+03  Q=1.738000000000e+03  λ=1.264192e+00  dt=8.108e-04  relΔE=4.727e-06  ||F||=6.899e-02
 step= 14000  E=1.179181041826e+03  Q=1.738000000000e+03  λ=1.261373e+00  dt=1.255e-03  relΔE=4.706e-06  ||F||=5.525e-02
 step= 14500  E=1.177176514106e+03  Q=1.738000000000e+03  λ=1.259734e+00  dt=9.713e-04  relΔE=2.320e-06  ||F||=4.406e-02
 step= 15000  E=1.175869213772e+03  Q=1.738000000000e+03  λ=1.258781e+00  dt=7.518e-04  relΔE=1.162e-06  ||F||=3.544e-02
 step= 15500  E=1.175095221269e+03  Q=1.738000000000e+03  λ=1.258298e+00  dt=1.164e-03  relΔE=1.086e-06  ||F||=2.751e-02
 step= 16000  E=1.174596637952e+03  Q=1.738000000000e+03  λ=1.258043e+00  dt=9.007e-04  relΔE=5.211e-07  ||F||=2.165e-02
 step= 16500  E=1.174284496073e+03  Q=1.738000000000e+03  λ=1.257924e+00  dt=1.394e-03  relΔE=4.967e-07  ||F||=1.790e-02
 step= 17000  E=1.174097904759e+03  Q=1.738000000000e+03  λ=1.257878e+00  dt=1.079e-03  relΔE=2.423e-07  ||F||=1.348e-02
 step= 17500  E=1.173977167104e+03  Q=1.738000000000e+03  λ=1.257863e+00  dt=8.352e-04  relΔE=1.171e-07  ||F||=1.065e-02
 step= 18000  E=1.173901892367e+03  Q=1.738000000000e+03  λ=1.257861e+00  dt=1.293e-03  relΔE=1.144e-07  ||F||=8.462e-03
 step= 18500  E=1.173854819934e+03  Q=1.738000000000e+03  λ=1.257862e+00  dt=1.001e-03  relΔE=5.701e-08  ||F||=6.789e-03
 step= 19000  E=1.173823412584e+03  Q=1.738000000000e+03  λ=1.257861e+00  dt=7.744e-04  relΔE=2.863e-08  ||F||=5.470e-03
 step= 19500  E=1.173803647682e+03  Q=1.738000000000e+03  λ=1.257858e+00  dt=1.199e-03  relΔE=2.921e-08  ||F||=4.442e-03
 step= 20000  E=1.173790230422e+03  Q=1.738000000000e+03  λ=1.257851e+00  dt=9.278e-04  relΔE=1.523e-08  ||F||=3.647e-03
 step= 20500  E=1.173780892905e+03  Q=1.738000000000e+03  λ=1.257841e+00  dt=1.436e-03  relΔE=1.468e-08  ||F||=9.480e-03
 step= 21000  E=1.173774748856e+03  Q=1.738000000000e+03  λ=1.257829e+00  dt=1.112e-03  relΔE=8.830e-09  ||F||=2.541e-03
 step= 21500  E=1.173770200991e+03  Q=1.738000000000e+03  λ=1.257815e+00  dt=8.603e-04  relΔE=4.895e-09  ||F||=2.153e-03
 step= 22000  E=1.173766915953e+03  Q=1.738000000000e+03  λ=1.257801e+00  dt=1.332e-03  relΔE=5.538e-09  ||F||=1.844e-03
 step= 22500  E=1.173764545528e+03  Q=1.738000000000e+03  λ=1.257786e+00  dt=1.031e-03  relΔE=3.214e-09  ||F||=1.599e-03
 step= 23000  E=1.173762700712e+03  Q=1.738000000000e+03  λ=1.257771e+00  dt=7.977e-04  relΔE=1.886e-09  ||F||=1.396e-03
 step= 23500  E=1.173761329545e+03  Q=1.738000000000e+03  λ=1.257757e+00  dt=1.235e-03  relΔE=2.237e-09  ||F||=1.225e-03
 step= 24000  E=1.173760266656e+03  Q=1.738000000000e+03  λ=1.257743e+00  dt=9.557e-04  relΔE=1.347e-09  ||F||=1.083e-03
 step= 24500  E=1.173759410485e+03  Q=1.738000000000e+03  λ=1.257730e+00  dt=7.397e-04  relΔE=9.133e-10  ||F||=1.024e-03
 step= 25000  E=1.173758774439e+03  Q=1.738000000000e+03  λ=1.257718e+00  dt=1.145e-03  relΔE=9.963e-10  ||F||=8.559e-04
 step= 25500  E=1.173758252013e+03  Q=1.738000000000e+03  λ=1.257707e+00  dt=8.861e-04  relΔE=6.101e-10  ||F||=7.640e-04
 step= 26000  E=1.173757836279e+03  Q=1.738000000000e+03  λ=1.257696e+00  dt=1.372e-03  relΔE=7.490e-10  ||F||=6.860e-04
 step= 26500  E=1.173757514969e+03  Q=1.738000000000e+03  λ=1.257687e+00  dt=1.062e-03  relΔE=4.643e-10  ||F||=6.136e-04
 step= 27000  E=1.173757250504e+03  Q=1.738000000000e+03  λ=1.257678e+00  dt=8.217e-04  relΔE=2.869e-10  ||F||=5.507e-04
 step= 27500  E=1.173757041501e+03  Q=1.738000000000e+03  λ=1.257670e+00  dt=1.272e-03  relΔE=3.546e-10  ||F||=4.945e-04
 step= 28000  E=1.173756876575e+03  Q=1.738000000000e+03  λ=1.257663e+00  dt=9.844e-04  relΔE=2.203e-10  ||F||=4.455e-04
 step= 28500  E=1.173756739445e+03  Q=1.738000000000e+03  λ=1.257656e+00  dt=7.619e-04  relΔE=1.385e-10  ||F||=4.036e-04
 step= 29000  E=1.173756634666e+03  Q=1.738000000000e+03  λ=1.257650e+00  dt=1.179e-03  relΔE=1.688e-10  ||F||=3.608e-04
 step= 29500  E=1.173756548730e+03  Q=1.738000000000e+03  λ=1.257645e+00  dt=9.128e-04  relΔE=1.044e-10  ||F||=3.249e-04
 step= 30000  E=1.173756478971e+03  Q=1.738000000000e+03  λ=1.257640e+00  dt=1.413e-03  relΔE=1.276e-10  ||F||=3.643e-04
 step= 30500  E=1.173756425878e+03  Q=1.738000000000e+03  λ=1.257635e+00  dt=1.094e-03  relΔE=7.961e-11  ||F||=2.638e-04
 step= 31000  E=1.173756381981e+03  Q=1.738000000000e+03  λ=1.257631e+00  dt=8.464e-04  relΔE=4.892e-11  ||F||=2.376e-04
 step= 31500  E=1.173756348461e+03  Q=1.738000000000e+03  λ=1.257628e+00  dt=1.092e-03  relΔE=5.041e-11  ||F||=2.148e-04
 step= 32000  E=1.173756320759e+03  Q=1.738000000000e+03  λ=1.257624e+00  dt=8.450e-04  relΔE=3.084e-11  ||F||=1.935e-04
 step= 32500  E=1.173756299690e+03  Q=1.738000000000e+03  λ=1.257621e+00  dt=1.090e-03  relΔE=3.159e-11  ||F||=1.750e-04
 step= 33000  E=1.173756282347e+03  Q=1.738000000000e+03  λ=1.257619e+00  dt=8.436e-04  relΔE=1.917e-11  ||F||=1.577e-04
 step= 33500  E=1.173756268824e+03  Q=1.738000000000e+03  λ=1.257616e+00  dt=1.306e-03  relΔE=2.314e-11  ||F||=1.421e-04
 step= 34000  E=1.173756258491e+03  Q=1.738000000000e+03  λ=1.257614e+00  dt=1.011e-03  relΔE=1.396e-11  ||F||=1.283e-04
 step= 34500  E=1.173756250211e+03  Q=1.738000000000e+03  λ=1.257612e+00  dt=7.823e-04  relΔE=8.348e-12  ||F||=1.158e-04
 step= 35000  E=1.173756244074e+03  Q=1.738000000000e+03  λ=1.257610e+00  dt=1.211e-03  relΔE=9.824e-12  ||F||=1.043e-04
 step= 35500  E=1.173756239356e+03  Q=1.738000000000e+03  λ=1.257608e+00  dt=9.372e-04  relΔE=5.745e-12  ||F||=9.405e-05
 step= 36000  E=1.173756235719e+03  Q=1.738000000000e+03  λ=1.257607e+00  dt=1.451e-03  relΔE=4.882e-12  ||F||=3.147e-04
 step= 36500  E=1.173756233189e+03  Q=1.738000000000e+03  λ=1.257606e+00  dt=1.123e-03  relΔE=3.733e-12  ||F||=7.649e-05
 step= 37000  E=1.173756231290e+03  Q=1.738000000000e+03  λ=1.257604e+00  dt=8.690e-04  relΔE=2.042e-12  ||F||=6.891e-05
 step= 37500  E=1.173756229970e+03  Q=1.738000000000e+03  λ=1.257603e+00  dt=1.345e-03  relΔE=2.142e-12  ||F||=6.210e-05
 step= 38000  E=1.173756229120e+03  Q=1.738000000000e+03  λ=1.257602e+00  dt=1.041e-03  relΔE=1.065e-12  ||F||=5.609e-05
 step= 38500  E=1.173756228586e+03  Q=1.738000000000e+03  λ=1.257602e+00  dt=8.058e-04  relΔE=4.630e-13  ||F||=5.052e-05
 step= 39000  E=1.173756228321e+03  Q=1.738000000000e+03  λ=1.257601e+00  dt=1.247e-03  relΔE=2.987e-13  ||F||=4.558e-05
  !! dt fell below dt_min: stiffness-limited termination.

Stationary candidate (aggressive): E=1.173756228249e+03, Q=1.738000000000e+03, maxρ=1.092749e+00

=== Stability test (damped inertial dynamics) ===
Perturb eps=0.02, gamma=1
t=0: E=1.258417943924e+03, Q=1.738000000000e+03, maxρ=1.130119e+00, σ=2.527143e+00, Rc=1.873355e+01
 step=     1  E=1.258417519258e+03  Q=1.738000000000e+03  λ=1.643361e+00  maxρ=1.130119e+00  minρ=1.000e-15  σ=2.527143e+00  Rc=1.873355e+01
 step=   300  E=1.241002855138e+03  Q=1.738000000000e+03  λ=1.540760e+00  maxρ=1.128201e+00  minρ=1.000e-15  σ=2.527140e+00  Rc=1.873355e+01
 step=   600  E=1.205954248541e+03  Q=1.738000000000e+03  λ=1.354851e+00  maxρ=1.122791e+00  minρ=1.000e-15  σ=2.527134e+00  Rc=1.873356e+01
 step=   900  E=1.185375617005e+03  Q=1.738000000000e+03  λ=1.295304e+00  maxρ=1.114791e+00  minρ=1.000e-15  σ=2.527133e+00  Rc=1.873356e+01
 step=  1200  E=1.193082111666e+03  Q=1.738000000000e+03  λ=1.402124e+00  maxρ=1.111054e+00  minρ=1.000e-15  σ=2.527136e+00  Rc=1.873355e+01
 step=  1500  E=1.214051170735e+03  Q=1.738000000000e+03  λ=1.518433e+00  maxρ=1.115865e+00  minρ=1.000e-15  σ=2.527138e+00  Rc=1.873354e+01
 step=  1800  E=1.224845568142e+03  Q=1.738000000000e+03  λ=1.504939e+00  maxρ=1.119435e+00  minρ=1.000e-15  σ=2.527136e+00  Rc=1.873354e+01
 step=  2100  E=1.218635829825e+03  Q=1.738000000000e+03  λ=1.404109e+00  maxρ=1.113734e+00  minρ=1.000e-15  σ=2.527132e+00  Rc=1.873354e+01
 step=  2400  E=1.207579985570e+03  Q=1.738000000000e+03  λ=1.357061e+00  maxρ=1.101995e+00  minρ=1.000e-15  σ=2.527132e+00  Rc=1.873354e+01
 step=  2700  E=1.204817919110e+03  Q=1.738000000000e+03  λ=1.411344e+00  maxρ=1.106406e+00  minρ=1.000e-15  σ=2.527136e+00  Rc=1.873354e+01
 step=  3000  E=1.210165319565e+03  Q=1.738000000000e+03  λ=1.477304e+00  maxρ=1.120294e+00  minρ=1.000e-15  σ=2.527136e+00  Rc=1.873354e+01
 step=  3300  E=1.214261357115e+03  Q=1.738000000000e+03  λ=1.465523e+00  maxρ=1.123157e+00  minρ=1.000e-15  σ=2.527133e+00  Rc=1.873354e+01
 step=  3600  E=1.211838740976e+03  Q=1.738000000000e+03  λ=1.401190e+00  maxρ=1.116669e+00  minρ=1.000e-15  σ=2.527129e+00  Rc=1.873354e+01
 step=  3900  E=1.206675749341e+03  Q=1.738000000000e+03  λ=1.372000e+00  maxρ=1.116669e+00  minρ=1.000e-15  σ=2.527130e+00  Rc=1.873354e+01
 step=  4200  E=1.204706870971e+03  Q=1.738000000000e+03  λ=1.404104e+00  maxρ=1.112783e+00  minρ=1.000e-15  σ=2.527133e+00  Rc=1.873354e+01
 step=  4500  E=1.206499951991e+03  Q=1.738000000000e+03  λ=1.439487e+00  maxρ=1.110119e+00  minρ=1.000e-15  σ=2.527135e+00  Rc=1.873353e+01
 step=  4800  E=1.208175281120e+03  Q=1.738000000000e+03  λ=1.427412e+00  maxρ=1.115155e+00  minρ=1.000e-15  σ=2.527131e+00  Rc=1.873353e+01
 step=  5100  E=1.207336737784e+03  Q=1.738000000000e+03  λ=1.390100e+00  maxρ=1.116198e+00  minρ=1.000e-15  σ=2.527127e+00  Rc=1.873353e+01
 step=  5400  E=1.205417090354e+03  Q=1.738000000000e+03  λ=1.379911e+00  maxρ=1.114876e+00  minρ=1.000e-15  σ=2.527126e+00  Rc=1.873353e+01
 step=  5700  E=1.204609196628e+03  Q=1.738000000000e+03  λ=1.403592e+00  maxρ=1.111065e+00  minρ=1.000e-15  σ=2.527128e+00  Rc=1.873352e+01
 step=  6000  E=1.204855004821e+03  Q=1.738000000000e+03  λ=1.420888e+00  maxρ=1.107226e+00  minρ=1.000e-15  σ=2.527130e+00  Rc=1.873352e+01
 >>> No runaway detected in this horizon. Likely stable (within this model & box).

STABILITY: PASS
