
=== Aggressive relaxation to Q = 165 ===
Initial: E=3.562731664724e+02, Q=1.650000000000e+02, dt=1.000e-04
 step=     1  E=3.562604380333e+02  Q=1.650000000000e+02  λ=4.225538e+00  dt=1.000e-04  relΔE=3.573e-05  ||F||=8.785e-01
 step=   500  E=3.411138082690e+02  Q=1.650000000000e+02  λ=4.043820e+00  dt=6.192e-04  relΔE=1.631e-04  ||F||=8.087e-01
 step=  1000  E=3.010841093024e+02  Q=1.650000000000e+02  λ=3.563927e+00  dt=9.584e-04  relΔE=1.938e-04  ||F||=6.656e-01
 step=  1500  E=2.705381965078e+02  Q=1.650000000000e+02  λ=3.198981e+00  dt=7.418e-04  relΔE=1.327e-04  ||F||=5.947e-01
 step=  2000  E=2.486334894454e+02  Q=1.650000000000e+02  λ=2.938283e+00  dt=1.148e-03  relΔE=1.616e-04  ||F||=5.046e-01
 step=  2500  E=2.307055343730e+02  Q=1.650000000000e+02  λ=2.725173e+00  dt=8.887e-04  relΔE=1.077e-04  ||F||=4.509e-01
 step=  3000  E=2.161322895417e+02  Q=1.650000000000e+02  λ=2.552496e+00  dt=1.376e-03  relΔE=1.450e-04  ||F||=4.120e-01
 step=  3500  E=2.045122296372e+02  Q=1.650000000000e+02  λ=2.414839e+00  dt=1.065e-03  relΔE=9.919e-05  ||F||=3.723e-01
 step=  4000  E=1.944239307517e+02  Q=1.650000000000e+02  λ=2.295535e+00  dt=8.241e-04  relΔE=6.837e-05  ||F||=3.426e-01
 step=  4500  E=1.859060024861e+02  Q=1.650000000000e+02  λ=2.195065e+00  dt=1.276e-03  relΔE=9.521e-05  ||F||=3.177e-01
 step=  5000  E=1.785982239101e+02  Q=1.650000000000e+02  λ=2.108885e+00  dt=9.873e-04  relΔE=6.763e-05  ||F||=2.983e-01
 step=  5500  E=1.718395622701e+02  Q=1.650000000000e+02  λ=2.029333e+00  dt=7.641e-04  relΔE=4.973e-05  ||F||=2.853e-01
 step=  6000  E=1.659310678660e+02  Q=1.650000000000e+02  λ=1.959975e+00  dt=1.183e-03  relΔE=7.278e-05  ||F||=2.725e-01
 step=  6500  E=1.602807069582e+02  Q=1.650000000000e+02  λ=1.893618e+00  dt=9.154e-04  relΔE=5.492e-05  ||F||=2.645e-01
 step=  7000  E=1.548326737446e+02  Q=1.650000000000e+02  λ=1.829661e+00  dt=1.417e-03  relΔE=8.234e-05  ||F||=3.602e-01
 step=  7500  E=1.499586983686e+02  Q=1.650000000000e+02  λ=1.772051e+00  dt=1.097e-03  relΔE=6.199e-05  ||F||=2.483e-01
 step=  8000  E=1.453054800233e+02  Q=1.650000000000e+02  λ=1.716643e+00  dt=8.488e-04  relΔE=4.477e-05  ||F||=2.361e-01
 step=  8500  E=1.411987880429e+02  Q=1.650000000000e+02  λ=1.667231e+00  dt=1.314e-03  relΔE=6.176e-05  ||F||=2.197e-01
 step=  9000  E=1.377930494214e+02  Q=1.650000000000e+02  λ=1.625606e+00  dt=1.017e-03  relΔE=4.063e-05  ||F||=2.001e-01
 step=  9500  E=1.349446542683e+02  Q=1.650000000000e+02  λ=1.590219e+00  dt=7.871e-04  relΔE=2.531e-05  ||F||=1.777e-01
 step= 10000  E=1.328160221290e+02  Q=1.650000000000e+02  λ=1.563307e+00  dt=1.218e-03  relΔE=2.996e-05  ||F||=1.541e-01
 step= 10500  E=1.312254171326e+02  Q=1.650000000000e+02  λ=1.542761e+00  dt=9.430e-04  relΔE=1.706e-05  ||F||=1.314e-01
 step= 11000  E=1.300564110149e+02  Q=1.650000000000e+02  λ=1.527924e+00  dt=6.082e-04  relΔE=3.135e-05  ||F||=1.146e+00
 step= 11500  E=1.293072716770e+02  Q=1.650000000000e+02  λ=1.517181e+00  dt=9.414e-04  relΔE=8.428e-06  ||F||=9.176e-02
 step= 12000  E=1.287504486153e+02  Q=1.650000000000e+02  λ=1.509640e+00  dt=1.457e-03  relΔE=5.943e-07  ||F||=7.121e-01
 step= 12500  E=1.283972352190e+02  Q=1.650000000000e+02  λ=1.504359e+00  dt=1.128e-03  relΔE=4.542e-06  ||F||=6.132e-02
 step= 13000  E=1.281551919760e+02  Q=1.650000000000e+02  λ=1.500754e+00  dt=8.730e-04  relΔE=2.305e-06  ||F||=4.961e-02
 step= 13500  E=1.279970166298e+02  Q=1.650000000000e+02  λ=1.498304e+00  dt=1.351e-03  relΔE=2.318e-06  ||F||=4.000e-02
 step= 14000  E=1.278970587806e+02  Q=1.650000000000e+02  λ=1.496682e+00  dt=1.046e-03  relΔE=1.174e-06  ||F||=3.231e-02
 step= 14500  E=1.278299860200e+02  Q=1.650000000000e+02  λ=1.495541e+00  dt=8.095e-04  relΔE=5.865e-07  ||F||=2.594e-02
 step= 15000  E=1.277873780083e+02  Q=1.650000000000e+02  λ=1.494779e+00  dt=1.253e-03  relΔE=5.883e-07  ||F||=2.088e-02
 step= 15500  E=1.277598830375e+02  Q=1.650000000000e+02  λ=1.494262e+00  dt=9.698e-04  relΔE=2.974e-07  ||F||=1.687e-02
 step= 16000  E=1.277413155907e+02  Q=1.650000000000e+02  λ=1.493896e+00  dt=7.506e-04  relΔE=1.559e-07  ||F||=1.389e-02
 step= 16500  E=1.277297523740e+02  Q=1.650000000000e+02  λ=1.493661e+00  dt=1.162e-03  relΔE=1.539e-07  ||F||=1.108e-02
 step= 17000  E=1.277217998236e+02  Q=1.650000000000e+02  λ=1.493496e+00  dt=8.992e-04  relΔE=7.961e-08  ||F||=9.060e-03
 step= 17500  E=1.277163813908e+02  Q=1.650000000000e+02  λ=1.493385e+00  dt=1.392e-03  relΔE=8.347e-08  ||F||=7.751e-03
 step= 18000  E=1.277127909584e+02  Q=1.650000000000e+02  λ=1.493316e+00  dt=1.077e-03  relΔE=4.548e-08  ||F||=6.255e-03
 step= 18500  E=1.277101620595e+02  Q=1.650000000000e+02  λ=1.493273e+00  dt=8.338e-04  relΔE=2.518e-08  ||F||=5.291e-03
 step= 19000  E=1.277082678745e+02  Q=1.650000000000e+02  λ=1.493249e+00  dt=1.291e-03  relΔE=2.877e-08  ||F||=4.546e-03
 step= 19500  E=1.277068695057e+02  Q=1.650000000000e+02  λ=1.493239e+00  dt=9.989e-04  relΔE=1.707e-08  ||F||=3.981e-03
 step= 20000  E=1.277057447933e+02  Q=1.650000000000e+02  λ=1.493239e+00  dt=7.731e-04  relΔE=1.044e-08  ||F||=3.541e-03
 step= 20500  E=1.277048804363e+02  Q=1.650000000000e+02  λ=1.493246e+00  dt=1.197e-03  relΔE=1.305e-08  ||F||=3.182e-03
 step= 21000  E=1.277041577742e+02  Q=1.650000000000e+02  λ=1.493258e+00  dt=9.263e-04  relΔE=8.401e-09  ||F||=2.904e-03
 step= 21500  E=1.277035353753e+02  Q=1.650000000000e+02  λ=1.493275e+00  dt=1.434e-03  relΔE=1.014e-08  ||F||=8.074e-03
 step= 22000  E=1.277030303387e+02  Q=1.650000000000e+02  λ=1.493293e+00  dt=1.110e-03  relΔE=7.389e-09  ||F||=2.491e-03
 step= 22500  E=1.277025734977e+02  Q=1.650000000000e+02  λ=1.493313e+00  dt=8.589e-04  relΔE=5.001e-09  ||F||=2.330e-03
 step= 23000  E=1.277021721047e+02  Q=1.650000000000e+02  λ=1.493335e+00  dt=1.329e-03  relΔE=6.833e-09  ||F||=2.191e-03
 step= 23500  E=1.277018252364e+02  Q=1.650000000000e+02  λ=1.493356e+00  dt=1.029e-03  relΔE=4.717e-09  ||F||=2.070e-03
 step= 24000  E=1.277015045231e+02  Q=1.650000000000e+02  λ=1.493378e+00  dt=7.964e-04  relΔE=3.272e-09  ||F||=1.960e-03
 step= 24500  E=1.277012245222e+02  Q=1.650000000000e+02  λ=1.493400e+00  dt=1.233e-03  relΔE=4.538e-09  ||F||=1.856e-03
 step= 25000  E=1.277009717081e+02  Q=1.650000000000e+02  λ=1.493422e+00  dt=9.541e-04  relΔE=3.166e-09  ||F||=1.763e-03
 step= 25500  E=1.277007361819e+02  Q=1.650000000000e+02  λ=1.493444e+00  dt=7.385e-04  relΔE=2.446e-09  ||F||=1.776e-03
 step= 26000  E=1.277005350885e+02  Q=1.650000000000e+02  λ=1.493464e+00  dt=1.143e-03  relΔE=3.094e-09  ||F||=1.594e-03
 step= 26500  E=1.277003463560e+02  Q=1.650000000000e+02  λ=1.493485e+00  dt=8.847e-04  relΔE=2.166e-09  ||F||=1.516e-03
 step= 27000  E=1.277001747009e+02  Q=1.650000000000e+02  λ=1.493505e+00  dt=1.369e-03  relΔE=3.031e-09  ||F||=1.449e-03
 step= 27500  E=1.277000240521e+02  Q=1.650000000000e+02  λ=1.493524e+00  dt=1.060e-03  relΔE=2.130e-09  ||F||=1.375e-03
 step= 28000  E=1.276998833673e+02  Q=1.650000000000e+02  λ=1.493543e+00  dt=8.203e-04  relΔE=1.495e-09  ||F||=1.310e-03
 step= 28500  E=1.276997571560e+02  Q=1.650000000000e+02  λ=1.493561e+00  dt=1.270e-03  relΔE=2.096e-09  ||F||=1.247e-03
 step= 29000  E=1.276996442000e+02  Q=1.650000000000e+02  λ=1.493578e+00  dt=9.828e-04  relΔE=1.473e-09  ||F||=1.189e-03
 step= 29500  E=1.276995377410e+02  Q=1.650000000000e+02  λ=1.493595e+00  dt=7.607e-04  relΔE=1.061e-09  ||F||=1.148e-03
 step= 30000  E=1.276994456447e+02  Q=1.650000000000e+02  λ=1.493610e+00  dt=1.177e-03  relΔE=1.453e-09  ||F||=1.080e-03
 step= 30500  E=1.276993601563e+02  Q=1.650000000000e+02  λ=1.493626e+00  dt=7.594e-04  relΔE=9.323e-10  ||F||=1.082e-03
 step= 31000  E=1.276992841860e+02  Q=1.650000000000e+02  λ=1.493640e+00  dt=1.176e-03  relΔE=1.198e-09  ||F||=9.822e-04
 step= 31500  E=1.276992136090e+02  Q=1.650000000000e+02  λ=1.493654e+00  dt=7.582e-04  relΔE=7.872e-10  ||F||=1.003e-03
 step= 32000  E=1.276991509292e+02  Q=1.650000000000e+02  λ=1.493667e+00  dt=1.174e-03  relΔE=9.884e-10  ||F||=8.938e-04
 step= 32500  E=1.276990925419e+02  Q=1.650000000000e+02  λ=1.493680e+00  dt=7.570e-04  relΔE=6.616e-10  ||F||=9.394e-04
 step= 33000  E=1.276990407424e+02  Q=1.650000000000e+02  λ=1.493692e+00  dt=1.172e-03  relΔE=8.156e-10  ||F||=8.135e-04
 step= 33500  E=1.276989922701e+02  Q=1.650000000000e+02  λ=1.493704e+00  dt=9.069e-04  relΔE=5.731e-10  ||F||=7.755e-04
 step= 34000  E=1.276989475888e+02  Q=1.650000000000e+02  λ=1.493716e+00  dt=1.404e-03  relΔE=8.016e-10  ||F||=8.571e-04
 step= 34500  E=1.276989087690e+02  Q=1.650000000000e+02  λ=1.493727e+00  dt=1.086e-03  relΔE=5.665e-10  ||F||=7.053e-04
 step= 35000  E=1.276988722453e+02  Q=1.650000000000e+02  λ=1.493737e+00  dt=8.409e-04  relΔE=3.982e-10  ||F||=6.726e-04
 step= 35500  E=1.276988392887e+02  Q=1.650000000000e+02  λ=1.493747e+00  dt=1.302e-03  relΔE=5.591e-10  ||F||=6.410e-04
 step= 36000  E=1.276988099421e+02  Q=1.650000000000e+02  λ=1.493756e+00  dt=1.007e-03  relΔE=3.936e-10  ||F||=6.118e-04
 step= 36500  E=1.276987822652e+02  Q=1.650000000000e+02  λ=1.493766e+00  dt=7.797e-04  relΔE=2.791e-10  ||F||=5.860e-04
 step= 37000  E=1.276987580574e+02  Q=1.650000000000e+02  λ=1.493774e+00  dt=1.207e-03  relΔE=3.887e-10  ||F||=5.564e-04
 step= 37500  E=1.276987357774e+02  Q=1.650000000000e+02  λ=1.493782e+00  dt=9.342e-04  relΔE=2.734e-10  ||F||=5.308e-04
 step= 38000  E=1.276987149347e+02  Q=1.650000000000e+02  λ=1.493791e+00  dt=1.446e-03  relΔE=3.214e-10  ||F||=2.056e-03
 step= 38500  E=1.276986970390e+02  Q=1.650000000000e+02  λ=1.493798e+00  dt=1.119e-03  relΔE=2.701e-10  ||F||=4.829e-04
 step= 39000  E=1.276986801579e+02  Q=1.650000000000e+02  λ=1.493805e+00  dt=8.662e-04  relΔE=1.898e-10  ||F||=4.606e-04
 step= 39500  E=1.276986648289e+02  Q=1.650000000000e+02  λ=1.493812e+00  dt=1.341e-03  relΔE=2.665e-10  ||F||=4.393e-04
 step= 40000  E=1.276986512812e+02  Q=1.650000000000e+02  λ=1.493819e+00  dt=1.038e-03  relΔE=1.876e-10  ||F||=4.192e-04
 step= 40500  E=1.276986385589e+02  Q=1.650000000000e+02  λ=1.493825e+00  dt=8.032e-04  relΔE=1.320e-10  ||F||=4.001e-04
 step= 41000  E=1.276986272414e+02  Q=1.650000000000e+02  λ=1.493831e+00  dt=1.243e-03  relΔE=1.852e-10  ||F||=3.814e-04
 step= 41500  E=1.276986170070e+02  Q=1.650000000000e+02  λ=1.493837e+00  dt=9.623e-04  relΔE=1.303e-10  ||F||=3.640e-04
 step= 42000  E=1.276986073647e+02  Q=1.650000000000e+02  λ=1.493842e+00  dt=7.448e-04  relΔE=9.818e-11  ||F||=3.598e-04
 step= 42500  E=1.276985990844e+02  Q=1.650000000000e+02  λ=1.493848e+00  dt=1.153e-03  relΔE=1.286e-10  ||F||=3.313e-04
 step= 43000  E=1.276985912939e+02  Q=1.650000000000e+02  λ=1.493853e+00  dt=8.923e-04  relΔE=9.031e-11  ||F||=3.160e-04
 step= 43500  E=1.276985841772e+02  Q=1.650000000000e+02  λ=1.493857e+00  dt=1.381e-03  relΔE=1.266e-10  ||F||=3.055e-04
 step= 44000  E=1.276985779476e+02  Q=1.650000000000e+02  λ=1.493862e+00  dt=1.069e-03  relΔE=8.916e-11  ||F||=2.878e-04
 step= 44500  E=1.276985721050e+02  Q=1.650000000000e+02  λ=1.493866e+00  dt=8.273e-04  relΔE=6.261e-11  ||F||=2.746e-04
 step= 45000  E=1.276985668526e+02  Q=1.650000000000e+02  λ=1.493871e+00  dt=1.281e-03  relΔE=8.783e-11  ||F||=2.618e-04
 step= 45500  E=1.276985621651e+02  Q=1.650000000000e+02  λ=1.493874e+00  dt=9.912e-04  relΔE=6.175e-11  ||F||=2.500e-04
 step= 46000  E=1.276985577488e+02  Q=1.650000000000e+02  λ=1.493878e+00  dt=7.672e-04  relΔE=4.388e-11  ||F||=2.399e-04
 step= 46500  E=1.276985539140e+02  Q=1.650000000000e+02  λ=1.493882e+00  dt=1.188e-03  relΔE=6.083e-11  ||F||=2.276e-04
 step= 47000  E=1.276985503583e+02  Q=1.650000000000e+02  λ=1.493885e+00  dt=9.191e-04  relΔE=4.269e-11  ||F||=2.172e-04
 step= 47500  E=1.276985470662e+02  Q=1.650000000000e+02  λ=1.493889e+00  dt=1.423e-03  relΔE=5.854e-11  ||F||=3.594e-04
 step= 48000  E=1.276985442307e+02  Q=1.650000000000e+02  λ=1.493892e+00  dt=1.101e-03  relΔE=4.203e-11  ||F||=1.978e-04
 step= 48500  E=1.276985415618e+02  Q=1.650000000000e+02  λ=1.493895e+00  dt=8.522e-04  relΔE=2.946e-11  ||F||=1.887e-04
 step= 49000  E=1.276985391538e+02  Q=1.650000000000e+02  λ=1.493898e+00  dt=1.319e-03  relΔE=4.127e-11  ||F||=1.800e-04
 step= 49500  E=1.276985370212e+02  Q=1.650000000000e+02  λ=1.493900e+00  dt=1.021e-03  relΔE=2.898e-11  ||F||=1.719e-04
 step= 50000  E=1.276985350204e+02  Q=1.650000000000e+02  λ=1.493903e+00  dt=7.902e-04  relΔE=2.036e-11  ||F||=1.642e-04
 step= 50500  E=1.276985332621e+02  Q=1.650000000000e+02  λ=1.493906e+00  dt=1.223e-03  relΔE=2.843e-11  ||F||=1.564e-04
 step= 51000  E=1.276985316615e+02  Q=1.650000000000e+02  λ=1.493908e+00  dt=9.467e-04  relΔE=1.993e-11  ||F||=1.493e-04
 step= 51500  E=1.276985301630e+02  Q=1.650000000000e+02  λ=1.493910e+00  dt=7.327e-04  relΔE=2.132e-11  ||F||=4.628e-04
 step= 52000  E=1.276985288856e+02  Q=1.650000000000e+02  λ=1.493912e+00  dt=1.134e-03  relΔE=1.953e-11  ||F||=1.360e-04
 step= 52500  E=1.276985276837e+02  Q=1.650000000000e+02  λ=1.493915e+00  dt=8.779e-04  relΔE=1.365e-11  ||F||=1.298e-04
 step= 53000  E=1.276985265969e+02  Q=1.650000000000e+02  λ=1.493917e+00  dt=1.359e-03  relΔE=1.907e-11  ||F||=1.240e-04
 step= 53500  E=1.276985256688e+02  Q=1.650000000000e+02  λ=1.493918e+00  dt=8.764e-04  relΔE=1.116e-11  ||F||=1.183e-04
 step= 54000  E=1.276985247716e+02  Q=1.650000000000e+02  λ=1.493920e+00  dt=1.357e-03  relΔE=1.557e-11  ||F||=1.129e-04
 step= 54500  E=1.276985240121e+02  Q=1.650000000000e+02  λ=1.493922e+00  dt=8.750e-04  relΔE=9.102e-12  ||F||=1.079e-04
 step= 55000  E=1.276985232789e+02  Q=1.650000000000e+02  λ=1.493924e+00  dt=1.354e-03  relΔE=1.268e-11  ||F||=1.030e-04
 step= 55500  E=1.276985226424e+02  Q=1.650000000000e+02  λ=1.493925e+00  dt=1.048e-03  relΔE=8.861e-12  ||F||=9.828e-05
 step= 56000  E=1.276985220517e+02  Q=1.650000000000e+02  λ=1.493927e+00  dt=8.114e-04  relΔE=6.181e-12  ||F||=9.380e-05
 step= 56500  E=1.276985215276e+02  Q=1.650000000000e+02  λ=1.493928e+00  dt=1.256e-03  relΔE=8.602e-12  ||F||=8.948e-05
 step= 57000  E=1.276985210594e+02  Q=1.650000000000e+02  λ=1.493929e+00  dt=9.720e-04  relΔE=5.996e-12  ||F||=8.544e-05
 step= 57500  E=1.276985206225e+02  Q=1.650000000000e+02  λ=1.493931e+00  dt=7.523e-04  relΔE=4.393e-12  ||F||=8.325e-05
 step= 58000  E=1.276985202498e+02  Q=1.650000000000e+02  λ=1.493932e+00  dt=1.165e-03  relΔE=5.799e-12  ||F||=7.781e-05
 step= 58500  E=1.276985199047e+02  Q=1.650000000000e+02  λ=1.493933e+00  dt=9.013e-04  relΔE=4.026e-12  ||F||=7.425e-05
 step= 59000  E=1.276985195919e+02  Q=1.650000000000e+02  λ=1.493934e+00  dt=1.395e-03  relΔE=5.574e-12  ||F||=7.280e-05
 step= 59500  E=1.276985193224e+02  Q=1.650000000000e+02  λ=1.493935e+00  dt=1.080e-03  relΔE=3.877e-12  ||F||=6.765e-05
 step= 60000  E=1.276985190726e+02  Q=1.650000000000e+02  λ=1.493936e+00  dt=8.358e-04  relΔE=2.684e-12  ||F||=6.455e-05
 step= 60500  E=1.276985188510e+02  Q=1.650000000000e+02  λ=1.493937e+00  dt=1.294e-03  relΔE=3.707e-12  ||F||=6.158e-05
 step= 61000  E=1.276985186569e+02  Q=1.650000000000e+02  λ=1.493938e+00  dt=1.001e-03  relΔE=2.566e-12  ||F||=5.881e-05
 step= 61500  E=1.276985184769e+02  Q=1.650000000000e+02  λ=1.493939e+00  dt=7.750e-04  relΔE=1.791e-12  ||F||=5.635e-05
 step= 62000  E=1.276985183230e+02  Q=1.650000000000e+02  λ=1.493940e+00  dt=1.200e-03  relΔE=2.436e-12  ||F||=5.356e-05
 step= 62500  E=1.276985181837e+02  Q=1.650000000000e+02  λ=1.493941e+00  dt=9.284e-04  relΔE=1.675e-12  ||F||=5.112e-05
 step= 63000  E=1.276985180569e+02  Q=1.650000000000e+02  λ=1.493942e+00  dt=1.437e-03  relΔE=2.044e-12  ||F||=1.376e-04
 step= 63500  E=1.276985179507e+02  Q=1.650000000000e+02  λ=1.493943e+00  dt=1.112e-03  relΔE=1.575e-12  ||F||=4.657e-05
 step= 64000  E=1.276985178529e+02  Q=1.650000000000e+02  λ=1.493943e+00  dt=8.609e-04  relΔE=1.075e-12  ||F||=4.444e-05
 step= 64500  E=1.276985177670e+02  Q=1.650000000000e+02  λ=1.493944e+00  dt=1.333e-03  relΔE=1.464e-12  ||F||=4.240e-05
 step= 65000  E=1.276985176933e+02  Q=1.650000000000e+02  λ=1.493945e+00  dt=1.031e-03  relΔE=9.968e-13  ||F||=4.049e-05
 step= 65500  E=1.276985176265e+02  Q=1.650000000000e+02  λ=1.493945e+00  dt=7.983e-04  relΔE=6.756e-13  ||F||=3.865e-05
 step= 66000  E=1.276985175695e+02  Q=1.650000000000e+02  λ=1.493946e+00  dt=1.236e-03  relΔE=9.104e-13  ||F||=3.687e-05
 step= 66500  E=1.276985175198e+02  Q=1.650000000000e+02  λ=1.493946e+00  dt=9.564e-04  relΔE=6.123e-13  ||F||=3.520e-05
 step= 67000  E=1.276985174753e+02  Q=1.650000000000e+02  λ=1.493947e+00  dt=7.402e-04  relΔE=4.787e-13  ||F||=3.535e-05
 step= 67500  E=1.276985174391e+02  Q=1.650000000000e+02  λ=1.493947e+00  dt=1.146e-03  relΔE=5.448e-13  ||F||=3.207e-05
 step= 68000  E=1.276985174070e+02  Q=1.650000000000e+02  λ=1.493948e+00  dt=8.868e-04  relΔE=3.590e-13  ||F||=3.060e-05
 step= 68500  E=1.276985173795e+02  Q=1.650000000000e+02  λ=1.493948e+00  dt=1.373e-03  relΔE=4.692e-13  ||F||=2.928e-05
 step= 69000  E=1.276985173571e+02  Q=1.650000000000e+02  λ=1.493949e+00  dt=1.062e-03  relΔE=3.058e-13  ||F||=2.788e-05
 step= 69500  E=1.276985173378e+02  Q=1.650000000000e+02  λ=1.493949e+00  dt=8.223e-04  relΔE=1.955e-13  ||F||=2.661e-05
 step= 70000  E=1.276985173221e+02  Q=1.650000000000e+02  λ=1.493950e+00  dt=1.273e-03  relΔE=2.465e-13  ||F||=2.539e-05
 step= 70500  E=1.276985173097e+02  Q=1.650000000000e+02  λ=1.493950e+00  dt=9.851e-04  relΔE=1.528e-13  ||F||=2.425e-05
 step= 71000  E=1.276985172994e+02  Q=1.650000000000e+02  λ=1.493950e+00  dt=7.625e-04  relΔE=9.337e-14  ||F||=2.316e-05
 step= 71500  E=1.276985172920e+02  Q=1.650000000000e+02  λ=1.493951e+00  dt=1.180e-03  relΔE=1.061e-13  ||F||=2.209e-05
 step= 72000  E=1.276985172864e+02  Q=1.650000000000e+02  λ=1.493951e+00  dt=9.135e-04  relΔE=5.765e-14  ||F||=2.108e-05
 step= 72500  E=1.276985172827e+02  Q=1.650000000000e+02  λ=1.493951e+00  dt=1.414e-03  relΔE=5.475e-14  ||F||=2.101e-05
 step= 73000  E=1.276985172806e+02  Q=1.650000000000e+02  λ=1.493952e+00  dt=1.094e-03  relΔE=2.014e-14  ||F||=1.921e-05
 step= 73500  E=1.276985172799e+02  Q=1.650000000000e+02  λ=1.493952e+00  dt=8.470e-04  relΔE=0.000e+00  ||F||=1.833e-05
  !! dt fell below dt_min: stiffness-limited termination.

Stationary candidate (aggressive): E=1.276985172799e+02, Q=1.650000000000e+02, maxρ=2.968520e-01

=== Stability test (damped inertial dynamics) ===
Perturb eps=0.02, gamma=1
t=0: E=1.357780363937e+02, Q=1.650000000000e+02, maxρ=3.074136e-01, σ=3.274323e+00, Rc=1.863516e+01
 step=     1  E=1.357779957613e+02  Q=1.650000000000e+02  λ=1.883184e+00  maxρ=3.074136e-01  minρ=1.000e-15  σ=3.274323e+00  Rc=1.863516e+01
 step=   300  E=1.341120943300e+02  Q=1.650000000000e+02  λ=1.779373e+00  maxρ=3.068922e-01  minρ=1.000e-15  σ=3.274319e+00  Rc=1.863516e+01
 step=   600  E=1.307625617508e+02  Q=1.650000000000e+02  λ=1.591525e+00  maxρ=3.054222e-01  minρ=1.000e-15  σ=3.274313e+00  Rc=1.863517e+01
 step=   900  E=1.288033439670e+02  Q=1.650000000000e+02  λ=1.531970e+00  maxρ=3.032478e-01  minρ=1.000e-15  σ=3.274312e+00  Rc=1.863516e+01
 step=  1200  E=1.295497176603e+02  Q=1.650000000000e+02  λ=1.640615e+00  maxρ=3.022266e-01  minρ=1.000e-15  σ=3.274316e+00  Rc=1.863516e+01
 step=  1500  E=1.315546562822e+02  Q=1.650000000000e+02  λ=1.757963e+00  maxρ=3.032397e-01  minρ=1.000e-15  σ=3.274319e+00  Rc=1.863516e+01
 step=  1800  E=1.325764997330e+02  Q=1.650000000000e+02  λ=1.743297e+00  maxρ=3.042114e-01  minρ=1.000e-15  σ=3.274315e+00  Rc=1.863516e+01
 step=  2100  E=1.319744699549e+02  Q=1.650000000000e+02  λ=1.640776e+00  maxρ=3.026642e-01  minρ=1.000e-15  σ=3.274310e+00  Rc=1.863516e+01
 step=  2400  E=1.309210222103e+02  Q=1.650000000000e+02  λ=1.593872e+00  maxρ=2.995309e-01  minρ=1.000e-15  σ=3.274311e+00  Rc=1.863516e+01
 step=  2700  E=1.306667306181e+02  Q=1.650000000000e+02  λ=1.649860e+00  maxρ=3.007216e-01  minρ=1.000e-15  σ=3.274316e+00  Rc=1.863516e+01
 step=  3000  E=1.311797093178e+02  Q=1.650000000000e+02  λ=1.716643e+00  maxρ=3.044984e-01  minρ=1.000e-15  σ=3.274318e+00  Rc=1.863515e+01
 step=  3300  E=1.315613916938e+02  Q=1.650000000000e+02  λ=1.703624e+00  maxρ=3.052801e-01  minρ=1.000e-15  σ=3.274314e+00  Rc=1.863516e+01
 step=  3600  E=1.313206359678e+02  Q=1.650000000000e+02  λ=1.637657e+00  maxρ=3.033339e-01  minρ=1.000e-15  σ=3.274308e+00  Rc=1.863516e+01
 step=  3900  E=1.308309529139e+02  Q=1.650000000000e+02  λ=1.608599e+00  maxρ=3.033361e-01  minρ=1.000e-15  σ=3.274309e+00  Rc=1.863515e+01
 step=  4200  E=1.306553188098e+02  Q=1.650000000000e+02  λ=1.642334e+00  maxρ=3.022828e-01  minρ=1.000e-15  σ=3.274314e+00  Rc=1.863515e+01
 step=  4500  E=1.308322097382e+02  Q=1.650000000000e+02  λ=1.678628e+00  maxρ=3.015942e-01  minρ=1.000e-15  σ=3.274317e+00  Rc=1.863515e+01
 step=  4800  E=1.309838944763e+02  Q=1.650000000000e+02  λ=1.665611e+00  maxρ=3.030523e-01  minρ=1.000e-15  σ=3.274314e+00  Rc=1.863515e+01
 step=  5100  E=1.308924673158e+02  Q=1.650000000000e+02  λ=1.626848e+00  maxρ=3.032515e-01  minρ=1.000e-15  σ=3.274308e+00  Rc=1.863515e+01
 step=  5400  E=1.307099335087e+02  Q=1.650000000000e+02  λ=1.616580e+00  maxρ=3.028965e-01  minρ=1.000e-15  σ=3.274307e+00  Rc=1.863515e+01
 step=  5700  E=1.306455752007e+02  Q=1.650000000000e+02  λ=1.641504e+00  maxρ=3.018648e-01  minρ=1.000e-15  σ=3.274309e+00  Rc=1.863514e+01
 step=  6000  E=1.306779029468e+02  Q=1.650000000000e+02  λ=1.659640e+00  maxρ=3.007363e-01  minρ=1.000e-15  σ=3.274311e+00  Rc=1.863514e+01
 >>> No runaway detected in this horizon. Likely stable (within this model & box).

STABILITY: PASS
