
=== Aggressive relaxation to Q = 259 ===
Initial: E=5.536052441188e+02, Q=2.590000000000e+02, dt=1.000e-04
 step=     1  E=5.535853446298e+02  Q=2.590000000000e+02  λ=4.176795e+00  dt=1.000e-04  relΔE=3.595e-05  ||F||=8.767e-01
 step=   500  E=5.299393985874e+02  Q=2.590000000000e+02  λ=3.995095e+00  dt=6.192e-04  relΔE=1.637e-04  ||F||=8.060e-01
 step=  1000  E=4.676680918472e+02  Q=2.590000000000e+02  λ=3.517011e+00  dt=9.584e-04  relΔE=1.932e-04  ||F||=6.610e-01
 step=  1500  E=4.204798890245e+02  Q=2.590000000000e+02  λ=3.156388e+00  dt=7.418e-04  relΔE=1.348e-04  ||F||=5.977e-01
 step=  2000  E=3.866989147705e+02  Q=2.590000000000e+02  λ=2.899526e+00  dt=1.148e-03  relΔE=1.601e-04  ||F||=4.999e-01
 step=  2500  E=3.590890584147e+02  Q=2.590000000000e+02  λ=2.690073e+00  dt=8.887e-04  relΔE=1.065e-04  ||F||=4.466e-01
 step=  3000  E=3.366454143434e+02  Q=2.590000000000e+02  λ=2.520513e+00  dt=1.376e-03  relΔE=1.434e-04  ||F||=4.078e-01
 step=  3500  E=3.187476245801e+02  Q=2.590000000000e+02  λ=2.385429e+00  dt=1.065e-03  relΔE=9.804e-05  ||F||=3.688e-01
 step=  4000  E=3.032074155134e+02  Q=2.590000000000e+02  λ=2.268420e+00  dt=8.241e-04  relΔE=6.751e-05  ||F||=3.393e-01
 step=  4500  E=2.900900210479e+02  Q=2.590000000000e+02  λ=2.169972e+00  dt=1.276e-03  relΔE=9.391e-05  ||F||=3.146e-01
 step=  5000  E=2.788546244216e+02  Q=2.590000000000e+02  λ=2.085711e+00  dt=9.873e-04  relΔE=6.651e-05  ||F||=2.950e-01
 step=  5500  E=2.684862126114e+02  Q=2.590000000000e+02  λ=2.008147e+00  dt=7.641e-04  relΔE=4.921e-05  ||F||=2.832e-01
 step=  6000  E=2.594779555465e+02  Q=2.590000000000e+02  λ=1.940981e+00  dt=1.183e-03  relΔE=7.078e-05  ||F||=2.682e-01
 step=  6500  E=2.508997794217e+02  Q=2.590000000000e+02  λ=1.877048e+00  dt=9.154e-04  relΔE=5.324e-05  ||F||=2.600e-01
 step=  7000  E=2.426185858358e+02  Q=2.590000000000e+02  λ=1.815422e+00  dt=1.417e-03  relΔE=7.990e-05  ||F||=3.843e-01
 step=  7500  E=2.351399552797e+02  Q=2.590000000000e+02  λ=1.759421e+00  dt=1.097e-03  relΔE=6.117e-05  ||F||=2.465e-01
 step=  8000  E=2.278565598408e+02  Q=2.590000000000e+02  λ=1.704511e+00  dt=8.488e-04  relΔE=4.530e-05  ||F||=2.374e-01
 step=  8500  E=2.212358362066e+02  Q=2.590000000000e+02  λ=1.654073e+00  dt=1.314e-03  relΔE=6.468e-05  ||F||=2.247e-01
 step=  9000  E=2.155455554764e+02  Q=2.590000000000e+02  λ=1.610009e+00  dt=1.017e-03  relΔE=4.425e-05  ||F||=2.085e-01
 step=  9500  E=2.105939084602e+02  Q=2.590000000000e+02  λ=1.570987e+00  dt=7.871e-04  relΔE=2.881e-05  ||F||=1.890e-01
 step= 10000  E=2.067629391212e+02  Q=2.590000000000e+02  λ=1.540221e+00  dt=1.218e-03  relΔE=3.533e-05  ||F||=1.667e-01
 step= 10500  E=2.038203199827e+02  Q=2.590000000000e+02  λ=1.516035e+00  dt=7.858e-04  relΔE=1.747e-05  ||F||=1.449e-01
 step= 11000  E=2.016508970992e+02  Q=2.590000000000e+02  λ=1.497802e+00  dt=1.216e-03  relΔE=1.967e-05  ||F||=1.229e-01
 step= 11500  E=2.000900390245e+02  Q=2.590000000000e+02  λ=1.484310e+00  dt=9.414e-04  relΔE=1.074e-05  ||F||=1.028e-01
 step= 12000  E=1.989852901672e+02  Q=2.590000000000e+02  λ=1.474693e+00  dt=1.457e-03  relΔE=2.267e-06  ||F||=7.444e-01
 step= 12500  E=1.982778225956e+02  Q=2.590000000000e+02  λ=1.467936e+00  dt=1.128e-03  relΔE=5.918e-06  ||F||=6.942e-02
 step= 13000  E=1.977895654395e+02  Q=2.590000000000e+02  λ=1.463239e+00  dt=8.730e-04  relΔE=3.011e-06  ||F||=5.621e-02
 step= 13500  E=1.974713775324e+02  Q=2.590000000000e+02  λ=1.460030e+00  dt=1.351e-03  relΔE=3.022e-06  ||F||=4.528e-02
 step= 14000  E=1.972708698257e+02  Q=2.590000000000e+02  λ=1.457888e+00  dt=1.046e-03  relΔE=1.521e-06  ||F||=3.645e-02
 step= 14500  E=1.971375409395e+02  Q=2.590000000000e+02  λ=1.456368e+00  dt=8.095e-04  relΔE=7.508e-07  ||F||=2.910e-02
 step= 15000  E=1.970540506450e+02  Q=2.590000000000e+02  λ=1.455344e+00  dt=1.253e-03  relΔE=7.403e-07  ||F||=2.321e-02
 step= 15500  E=1.970012548890e+02  Q=2.590000000000e+02  λ=1.454637e+00  dt=9.698e-04  relΔE=3.655e-07  ||F||=1.853e-02
 step= 16000  E=1.969665936042e+02  Q=2.590000000000e+02  λ=1.454127e+00  dt=7.506e-04  relΔE=1.854e-07  ||F||=1.501e-02
 step= 16500  E=1.969458112571e+02  Q=2.590000000000e+02  λ=1.453787e+00  dt=1.162e-03  relΔE=1.751e-07  ||F||=1.171e-02
 step= 17000  E=1.969322109058e+02  Q=2.590000000000e+02  λ=1.453538e+00  dt=8.992e-04  relΔE=8.548e-08  ||F||=9.298e-03
 step= 17500  E=1.969235419032e+02  Q=2.590000000000e+02  λ=1.453359e+00  dt=1.392e-03  relΔE=8.297e-08  ||F||=7.698e-03
 step= 18000  E=1.969182727552e+02  Q=2.590000000000e+02  λ=1.453236e+00  dt=1.077e-03  relΔE=4.115e-08  ||F||=5.888e-03
 step= 18500  E=1.969148009889e+02  Q=2.590000000000e+02  λ=1.453143e+00  dt=8.338e-04  relΔE=2.017e-08  ||F||=4.683e-03
 step= 19000  E=1.969126125127e+02  Q=2.590000000000e+02  λ=1.453078e+00  dt=1.291e-03  relΔE=1.990e-08  ||F||=3.736e-03
 step= 19500  E=1.969112344839e+02  Q=2.590000000000e+02  λ=1.453031e+00  dt=9.989e-04  relΔE=9.977e-09  ||F||=3.004e-03
 step= 20000  E=1.969103097067e+02  Q=2.590000000000e+02  λ=1.452997e+00  dt=7.731e-04  relΔE=5.006e-09  ||F||=2.417e-03
 step= 20500  E=1.969097304665e+02  Q=2.590000000000e+02  λ=1.452974e+00  dt=1.197e-03  relΔE=5.091e-09  ||F||=1.957e-03
 step= 21000  E=1.969093386877e+02  Q=2.590000000000e+02  λ=1.452958e+00  dt=9.263e-04  relΔE=2.631e-09  ||F||=1.598e-03
 step= 21500  E=1.969090691307e+02  Q=2.590000000000e+02  λ=1.452947e+00  dt=1.434e-03  relΔE=2.545e-09  ||F||=3.869e-03
 step= 22000  E=1.969088937721e+02  Q=2.590000000000e+02  λ=1.452941e+00  dt=1.110e-03  relΔE=1.496e-09  ||F||=1.100e-03
 step= 22500  E=1.969087647309e+02  Q=2.590000000000e+02  λ=1.452937e+00  dt=8.589e-04  relΔE=8.249e-10  ||F||=9.289e-04
 step= 23000  E=1.969086715824e+02  Q=2.590000000000e+02  λ=1.452936e+00  dt=1.329e-03  relΔE=9.354e-10  ||F||=7.961e-04
 step= 23500  E=1.969086039773e+02  Q=2.590000000000e+02  λ=1.452937e+00  dt=1.029e-03  relΔE=5.496e-10  ||F||=6.946e-04
 step= 24000  E=1.969085504276e+02  Q=2.590000000000e+02  λ=1.452939e+00  dt=7.964e-04  relΔE=3.300e-10  ||F||=6.133e-04
 step= 24500  E=1.969085094343e+02  Q=2.590000000000e+02  λ=1.452941e+00  dt=1.233e-03  relΔE=4.058e-10  ||F||=5.482e-04
 step= 25000  E=1.969084763659e+02  Q=2.590000000000e+02  λ=1.452945e+00  dt=9.541e-04  relΔE=2.556e-10  ||F||=4.962e-04
 step= 25500  E=1.969084482873e+02  Q=2.590000000000e+02  λ=1.452948e+00  dt=7.385e-04  relΔE=2.011e-10  ||F||=5.555e-04
 step= 26000  E=1.969084262184e+02  Q=2.590000000000e+02  λ=1.452952e+00  dt=1.143e-03  relΔE=2.126e-10  ||F||=4.167e-04
 step= 26500  E=1.969084068550e+02  Q=2.590000000000e+02  λ=1.452957e+00  dt=8.847e-04  relΔE=1.396e-10  ||F||=3.853e-04
 step= 27000  E=1.969083902737e+02  Q=2.590000000000e+02  λ=1.452961e+00  dt=1.369e-03  relΔE=1.846e-10  ||F||=3.596e-04
 step= 27500  E=1.969083764714e+02  Q=2.590000000000e+02  λ=1.452965e+00  dt=1.060e-03  relΔE=1.235e-10  ||F||=3.339e-04
 step= 28000  E=1.969083641776e+02  Q=2.590000000000e+02  λ=1.452969e+00  dt=8.203e-04  relΔE=8.279e-11  ||F||=3.121e-04
 step= 28500  E=1.969083536151e+02  Q=2.590000000000e+02  λ=1.452973e+00  dt=1.270e-03  relΔE=1.112e-10  ||F||=2.920e-04
 step= 29000  E=1.969083445644e+02  Q=2.590000000000e+02  λ=1.452977e+00  dt=9.828e-04  relΔE=7.515e-11  ||F||=2.741e-04
 step= 29500  E=1.969083363516e+02  Q=2.590000000000e+02  λ=1.452981e+00  dt=7.607e-04  relΔE=5.199e-11  ||F||=2.602e-04
 step= 30000  E=1.969083295153e+02  Q=2.590000000000e+02  λ=1.452985e+00  dt=1.177e-03  relΔE=6.866e-11  ||F||=2.415e-04
 step= 30500  E=1.969083233984e+02  Q=2.590000000000e+02  λ=1.452989e+00  dt=7.594e-04  relΔE=4.210e-11  ||F||=2.367e-04
 step= 31000  E=1.969083181579e+02  Q=2.590000000000e+02  λ=1.452992e+00  dt=1.176e-03  relΔE=5.263e-11  ||F||=2.137e-04
 step= 31500  E=1.969083134619e+02  Q=2.590000000000e+02  λ=1.452995e+00  dt=7.582e-04  relΔE=3.299e-11  ||F||=2.127e-04
 step= 32000  E=1.969083094409e+02  Q=2.590000000000e+02  λ=1.452998e+00  dt=1.174e-03  relΔE=4.038e-11  ||F||=1.894e-04
 step= 32500  E=1.969083058124e+02  Q=2.590000000000e+02  λ=1.453001e+00  dt=9.084e-04  relΔE=2.733e-11  ||F||=1.781e-04
 step= 33000  E=1.969083025924e+02  Q=2.590000000000e+02  λ=1.453004e+00  dt=1.406e-03  relΔE=3.676e-11  ||F||=1.957e-04
 step= 33500  E=1.969082999021e+02  Q=2.590000000000e+02  λ=1.453007e+00  dt=1.088e-03  relΔE=2.505e-11  ||F||=1.578e-04
 step= 34000  E=1.969082974625e+02  Q=2.590000000000e+02  λ=1.453009e+00  dt=8.423e-04  relΔE=1.693e-11  ||F||=1.485e-04
 step= 34500  E=1.969082953463e+02  Q=2.590000000000e+02  λ=1.453012e+00  dt=1.304e-03  relΔE=2.284e-11  ||F||=1.397e-04
 step= 35000  E=1.969082935358e+02  Q=2.590000000000e+02  λ=1.453014e+00  dt=1.009e-03  relΔE=1.545e-11  ||F||=1.316e-04
 step= 35500  E=1.969082918990e+02  Q=2.590000000000e+02  λ=1.453016e+00  dt=7.810e-04  relΔE=1.050e-11  ||F||=1.242e-04
 step= 36000  E=1.969082905251e+02  Q=2.590000000000e+02  λ=1.453018e+00  dt=1.209e-03  relΔE=1.403e-11  ||F||=1.166e-04
 step= 36500  E=1.969082893136e+02  Q=2.590000000000e+02  λ=1.453020e+00  dt=9.357e-04  relΔE=9.438e-12  ||F||=1.098e-04
 step= 37000  E=1.969082882310e+02  Q=2.590000000000e+02  λ=1.453022e+00  dt=1.448e-03  relΔE=9.963e-12  ||F||=4.209e-04
 step= 37500  E=1.969082873440e+02  Q=2.590000000000e+02  λ=1.453024e+00  dt=1.121e-03  relΔE=8.503e-12  ||F||=9.732e-05
 step= 38000  E=1.969082865454e+02  Q=2.590000000000e+02  λ=1.453025e+00  dt=8.676e-04  relΔE=5.686e-12  ||F||=9.160e-05
 step= 38500  E=1.969082858557e+02  Q=2.590000000000e+02  λ=1.453027e+00  dt=1.343e-03  relΔE=7.582e-12  ||F||=8.622e-05
 step= 39000  E=1.969082852773e+02  Q=2.590000000000e+02  λ=1.453028e+00  dt=1.039e-03  relΔE=5.066e-12  ||F||=8.125e-05
 step= 39500  E=1.969082847628e+02  Q=2.590000000000e+02  λ=1.453030e+00  dt=8.045e-04  relΔE=3.367e-12  ||F||=7.651e-05
 step= 40000  E=1.969082843308e+02  Q=2.590000000000e+02  λ=1.453031e+00  dt=1.245e-03  relΔE=4.454e-12  ||F||=7.201e-05
 step= 40500  E=1.969082839631e+02  Q=2.590000000000e+02  λ=1.453032e+00  dt=9.638e-04  relΔE=2.944e-12  ||F||=6.785e-05
 step= 41000  E=1.969082836388e+02  Q=2.590000000000e+02  λ=1.453033e+00  dt=7.460e-04  relΔE=2.054e-12  ||F||=6.505e-05
 step= 41500  E=1.969082833781e+02  Q=2.590000000000e+02  λ=1.453034e+00  dt=1.155e-03  relΔE=2.533e-12  ||F||=6.017e-05
 step= 42000  E=1.969082831510e+02  Q=2.590000000000e+02  λ=1.453035e+00  dt=8.937e-04  relΔE=1.647e-12  ||F||=5.665e-05
 step= 42500  E=1.969082829591e+02  Q=2.590000000000e+02  λ=1.453036e+00  dt=1.383e-03  relΔE=2.123e-12  ||F||=5.370e-05
 step= 43000  E=1.969082828050e+02  Q=2.590000000000e+02  λ=1.453037e+00  dt=1.071e-03  relΔE=1.368e-12  ||F||=5.026e-05
 step= 43500  E=1.969082826735e+02  Q=2.590000000000e+02  λ=1.453038e+00  dt=8.287e-04  relΔE=8.685e-13  ||F||=4.732e-05
 step= 44000  E=1.969082825672e+02  Q=2.590000000000e+02  λ=1.453039e+00  dt=1.283e-03  relΔE=1.089e-12  ||F||=4.455e-05
 step= 44500  E=1.969082824831e+02  Q=2.590000000000e+02  λ=1.453040e+00  dt=9.928e-04  relΔE=6.759e-13  ||F||=4.200e-05
 step= 45000  E=1.969082824137e+02  Q=2.590000000000e+02  λ=1.453040e+00  dt=7.684e-04  relΔE=4.144e-13  ||F||=3.960e-05
 step= 45500  E=1.969082823624e+02  Q=2.590000000000e+02  λ=1.453041e+00  dt=1.189e-03  relΔE=4.835e-13  ||F||=3.724e-05
 step= 46000  E=1.969082823230e+02  Q=2.590000000000e+02  λ=1.453042e+00  dt=9.206e-04  relΔE=2.745e-13  ||F||=3.508e-05
 step= 46500  E=1.969082822944e+02  Q=2.590000000000e+02  λ=1.453042e+00  dt=1.425e-03  relΔE=2.828e-13  ||F||=4.020e-05
 step= 47000  E=1.969082822764e+02  Q=2.590000000000e+02  λ=1.453043e+00  dt=1.103e-03  relΔE=1.407e-13  ||F||=3.113e-05
 step= 47500  E=1.969082822659e+02  Q=2.590000000000e+02  λ=1.453043e+00  dt=8.536e-04  relΔE=5.196e-14  ||F||=2.930e-05
 step= 48000  E=1.969082822624e+02  Q=2.590000000000e+02  λ=1.453044e+00  dt=1.321e-03  relΔE=5.774e-15  ||F||=2.759e-05
  !! dt fell below dt_min: stiffness-limited termination.

Stationary candidate (aggressive): E=1.969082822624e+02, Q=2.590000000000e+02, maxρ=3.982317e-01

=== Stability test (damped inertial dynamics) ===
Perturb eps=0.02, gamma=1
t=0: E=2.095547276384e+02, Q=2.590000000000e+02, maxρ=4.117596e-01, σ=2.952810e+00, Rc=1.867301e+01
 step=     1  E=2.095546641081e+02  Q=2.590000000000e+02  λ=1.840578e+00  maxρ=4.117596e-01  minρ=1.000e-15  σ=2.952810e+00  Rc=1.867301e+01
 step=   300  E=2.069497429346e+02  Q=2.590000000000e+02  λ=1.737338e+00  maxρ=4.110613e-01  minρ=1.000e-15  σ=2.952806e+00  Rc=1.867301e+01
 step=   600  E=2.017101718894e+02  Q=2.590000000000e+02  λ=1.550418e+00  maxρ=4.090924e-01  minρ=1.000e-15  σ=2.952800e+00  Rc=1.867302e+01
 step=   900  E=1.986408321716e+02  Q=2.590000000000e+02  λ=1.490903e+00  maxρ=4.061803e-01  minρ=1.000e-15  σ=2.952799e+00  Rc=1.867301e+01
 step=  1200  E=1.998022271811e+02  Q=2.590000000000e+02  λ=1.598725e+00  maxρ=4.048025e-01  minρ=1.000e-15  σ=2.952803e+00  Rc=1.867301e+01
 step=  1500  E=2.029376403960e+02  Q=2.590000000000e+02  λ=1.715578e+00  maxρ=4.066022e-01  minρ=1.000e-15  σ=2.952805e+00  Rc=1.867300e+01
 step=  1800  E=2.045414480101e+02  Q=2.590000000000e+02  λ=1.701413e+00  maxρ=4.079049e-01  minρ=1.000e-15  σ=2.952802e+00  Rc=1.867300e+01
 step=  2100  E=2.036042335025e+02  Q=2.590000000000e+02  λ=1.599638e+00  maxρ=4.058301e-01  minρ=1.000e-15  σ=2.952798e+00  Rc=1.867301e+01
 step=  2400  E=2.019543742279e+02  Q=2.590000000000e+02  λ=1.552670e+00  maxρ=4.015721e-01  minρ=1.000e-15  σ=2.952798e+00  Rc=1.867301e+01
 step=  2700  E=2.015518942412e+02  Q=2.590000000000e+02  λ=1.607913e+00  maxρ=4.029010e-01  minρ=1.000e-15  σ=2.952803e+00  Rc=1.867300e+01
 step=  3000  E=2.023550270422e+02  Q=2.590000000000e+02  λ=1.674361e+00  maxρ=4.079607e-01  minρ=1.000e-15  σ=2.952804e+00  Rc=1.867300e+01
 step=  3300  E=2.029588838782e+02  Q=2.590000000000e+02  λ=1.661915e+00  maxρ=4.090075e-01  minρ=1.000e-15  σ=2.952800e+00  Rc=1.867301e+01
 step=  3600  E=2.025866284008e+02  Q=2.590000000000e+02  λ=1.596658e+00  maxρ=4.069274e-01  minρ=1.000e-15  σ=2.952795e+00  Rc=1.867301e+01
 step=  3900  E=2.018160098818e+02  Q=2.590000000000e+02  λ=1.567495e+00  maxρ=4.069308e-01  minρ=1.000e-15  σ=2.952796e+00  Rc=1.867300e+01
 step=  4200  E=2.015326232659e+02  Q=2.590000000000e+02  λ=1.600481e+00  maxρ=4.055184e-01  minρ=1.000e-15  σ=2.952801e+00  Rc=1.867300e+01
 step=  4500  E=2.018074199304e+02  Q=2.590000000000e+02  λ=1.636406e+00  maxρ=4.045275e-01  minρ=1.000e-15  σ=2.952803e+00  Rc=1.867300e+01
 step=  4800  E=2.020521940538e+02  Q=2.590000000000e+02  λ=1.623869e+00  maxρ=4.063493e-01  minρ=1.000e-15  σ=2.952800e+00  Rc=1.867300e+01
 step=  5100  E=2.019166909529e+02  Q=2.590000000000e+02  λ=1.585766e+00  maxρ=4.067515e-01  minρ=1.000e-15  σ=2.952794e+00  Rc=1.867300e+01
 step=  5400  E=2.016287889897e+02  Q=2.590000000000e+02  λ=1.575481e+00  maxρ=4.062761e-01  minρ=1.000e-15  σ=2.952793e+00  Rc=1.867299e+01
 step=  5700  E=2.015180870948e+02  Q=2.590000000000e+02  λ=1.599794e+00  maxρ=4.048934e-01  minρ=1.000e-15  σ=2.952796e+00  Rc=1.867299e+01
 step=  6000  E=2.015631627919e+02  Q=2.590000000000e+02  λ=1.617562e+00  maxρ=4.033839e-01  minρ=1.000e-15  σ=2.952798e+00  Rc=1.867299e+01
 >>> No runaway detected in this horizon. Likely stable (within this model & box).

STABILITY: PASS
