
=== Aggressive relaxation to Q = 625 ===
Initial: E=1.310532426170e+03, Q=6.250000000000e+02, dt=1.000e-04
 step=     1  E=1.310483470111e+03  Q=6.250000000000e+02  λ=4.119316e+00  dt=1.000e-04  relΔE=3.736e-05  ||F||=8.852e-01
 step=   500  E=1.252388922966e+03  Q=6.250000000000e+02  λ=3.928273e+00  dt=6.192e-04  relΔE=1.699e-04  ||F||=8.125e-01
 step=  1000  E=1.100985622956e+03  Q=6.250000000000e+02  λ=3.432209e+00  dt=9.584e-04  relΔE=1.974e-04  ||F||=6.600e-01
 step=  1500  E=9.885765483450e+02  Q=6.250000000000e+02  λ=3.067197e+00  dt=7.418e-04  relΔE=1.318e-04  ||F||=5.821e-01
 step=  2000  E=9.091520183726e+02  Q=6.250000000000e+02  λ=2.811593e+00  dt=1.148e-03  relΔE=1.593e-04  ||F||=4.923e-01
 step=  2500  E=8.447618129108e+02  Q=6.250000000000e+02  λ=2.605479e+00  dt=8.887e-04  relΔE=1.052e-04  ||F||=4.383e-01
 step=  3000  E=7.927237383065e+02  Q=6.250000000000e+02  λ=2.440034e+00  dt=1.376e-03  relΔE=1.409e-04  ||F||=3.995e-01
 step=  3500  E=7.513737142621e+02  Q=6.250000000000e+02  λ=2.308992e+00  dt=1.065e-03  relΔE=9.595e-05  ||F||=3.606e-01
 step=  4000  E=7.155605881721e+02  Q=6.250000000000e+02  λ=2.195989e+00  dt=8.241e-04  relΔE=6.586e-05  ||F||=3.314e-01
 step=  4500  E=6.854131022276e+02  Q=6.250000000000e+02  λ=2.101333e+00  dt=1.276e-03  relΔE=9.119e-05  ||F||=3.068e-01
 step=  5000  E=6.597007898768e+02  Q=6.250000000000e+02  λ=2.020784e+00  dt=9.873e-04  relΔE=6.413e-05  ||F||=2.869e-01
 step=  5500  E=6.361771411593e+02  Q=6.250000000000e+02  λ=1.947380e+00  dt=7.641e-04  relΔE=4.646e-05  ||F||=2.726e-01
 step=  6000  E=6.159399411117e+02  Q=6.250000000000e+02  λ=1.884536e+00  dt=1.183e-03  relΔE=6.659e-05  ||F||=2.581e-01
 step=  6500  E=5.968631277091e+02  Q=6.250000000000e+02  λ=1.825429e+00  dt=9.154e-04  relΔE=4.947e-05  ||F||=2.489e-01
 step=  7000  E=5.785889438073e+02  Q=6.250000000000e+02  λ=1.769040e+00  dt=1.417e-03  relΔE=7.397e-05  ||F||=3.681e-01
 step=  7500  E=5.619550556500e+02  Q=6.250000000000e+02  λ=1.717551e+00  dt=1.097e-03  relΔE=5.737e-05  ||F||=2.376e-01
 step=  8000  E=5.453789615698e+02  Q=6.250000000000e+02  λ=1.666061e+00  dt=8.488e-04  relΔE=4.404e-05  ||F||=2.331e-01
 step=  8500  E=5.295217413814e+02  Q=6.250000000000e+02  λ=1.616435e+00  dt=1.314e-03  relΔE=6.673e-05  ||F||=2.273e-01
 step=  9000  E=5.149555200465e+02  Q=6.250000000000e+02  λ=1.570213e+00  dt=1.017e-03  relΔE=4.932e-05  ||F||=2.190e-01
 step=  9500  E=5.012090372759e+02  Q=6.250000000000e+02  λ=1.525915e+00  dt=7.871e-04  relΔE=3.516e-05  ||F||=2.074e-01
 step= 10000  E=4.895560882792e+02  Q=6.250000000000e+02  λ=1.487739e+00  dt=1.218e-03  relΔE=4.739e-05  ||F||=1.912e-01
 step= 10500  E=4.798417626920e+02  Q=6.250000000000e+02  λ=1.455270e+00  dt=7.858e-04  relΔE=2.552e-05  ||F||=1.730e-01
 step= 11000  E=4.720926832757e+02  Q=6.250000000000e+02  λ=1.428900e+00  dt=1.216e-03  relΔE=3.106e-05  ||F||=1.521e-01
 step= 11500  E=4.661594168942e+02  Q=6.250000000000e+02  λ=1.408258e+00  dt=9.414e-04  relΔE=1.804e-05  ||F||=1.310e-01
 step= 12000  E=4.617329527566e+02  Q=6.250000000000e+02  λ=1.393043e+00  dt=6.072e-04  relΔE=3.105e-05  ||F||=1.085e+00
 step= 12500  E=4.588720184096e+02  Q=6.250000000000e+02  λ=1.382064e+00  dt=9.399e-04  relΔE=9.057e-06  ||F||=9.214e-02
 step= 13000  E=4.567464469015e+02  Q=6.250000000000e+02  λ=1.374218e+00  dt=1.455e-03  relΔE=3.451e-06  ||F||=5.906e-01
 step= 13500  E=4.554111950701e+02  Q=6.250000000000e+02  λ=1.368878e+00  dt=1.126e-03  relΔE=4.820e-06  ||F||=6.117e-02
 step= 14000  E=4.545042190764e+02  Q=6.250000000000e+02  λ=1.365194e+00  dt=8.715e-04  relΔE=2.406e-06  ||F||=4.907e-02
 step= 14500  E=4.539237264931e+02  Q=6.250000000000e+02  λ=1.362715e+00  dt=1.349e-03  relΔE=2.367e-06  ||F||=3.913e-02
 step= 15000  E=4.535650848295e+02  Q=6.250000000000e+02  λ=1.361083e+00  dt=1.044e-03  relΔE=1.167e-06  ||F||=3.119e-02
 step= 15500  E=4.533317767666e+02  Q=6.250000000000e+02  λ=1.359940e+00  dt=8.081e-04  relΔE=5.651e-07  ||F||=2.465e-02
 step= 16000  E=4.531887785978e+02  Q=6.250000000000e+02  λ=1.359175e+00  dt=1.251e-03  relΔE=5.455e-07  ||F||=1.946e-02
 step= 16500  E=4.530998955200e+02  Q=6.250000000000e+02  λ=1.358646e+00  dt=9.682e-04  relΔE=2.639e-07  ||F||=1.538e-02
 step= 17000  E=4.530427823763e+02  Q=6.250000000000e+02  λ=1.358262e+00  dt=7.493e-04  relΔE=1.321e-07  ||F||=1.237e-02
 step= 17500  E=4.530091631063e+02  Q=6.250000000000e+02  λ=1.358003e+00  dt=1.160e-03  relΔE=1.218e-07  ||F||=9.535e-03
 step= 18000  E=4.529875290950e+02  Q=6.250000000000e+02  λ=1.357808e+00  dt=8.978e-04  relΔE=5.853e-08  ||F||=7.505e-03
 step= 18500  E=4.529739475226e+02  Q=6.250000000000e+02  λ=1.357662e+00  dt=1.390e-03  relΔE=5.604e-08  ||F||=6.144e-03
 step= 19000  E=4.529657826343e+02  Q=6.250000000000e+02  λ=1.357556e+00  dt=1.076e-03  relΔE=2.750e-08  ||F||=4.689e-03
 step= 19500  E=4.529604542014e+02  Q=6.250000000000e+02  λ=1.357472e+00  dt=8.324e-04  relΔE=1.340e-08  ||F||=3.714e-03
 step= 20000  E=4.529571060844e+02  Q=6.250000000000e+02  λ=1.357408e+00  dt=1.289e-03  relΔE=1.322e-08  ||F||=2.958e-03
 step= 20500  E=4.529549891489e+02  Q=6.250000000000e+02  λ=1.357357e+00  dt=9.973e-04  relΔE=6.668e-09  ||F||=2.381e-03
 step= 21000  E=4.529535556377e+02  Q=6.250000000000e+02  λ=1.357315e+00  dt=7.719e-04  relΔE=3.422e-09  ||F||=1.933e-03
 step= 21500  E=4.529526439933e+02  Q=6.250000000000e+02  λ=1.357282e+00  dt=1.195e-03  relΔE=3.525e-09  ||F||=1.570e-03
 step= 22000  E=4.529520109153e+02  Q=6.250000000000e+02  λ=1.357255e+00  dt=9.248e-04  relΔE=1.875e-09  ||F||=1.296e-03
 step= 22500  E=4.529515609172e+02  Q=6.250000000000e+02  λ=1.357232e+00  dt=1.431e-03  relΔE=1.943e-09  ||F||=2.566e-03
 step= 23000  E=4.529512566746e+02  Q=6.250000000000e+02  λ=1.357213e+00  dt=1.108e-03  relΔE=1.146e-09  ||F||=9.159e-04
 step= 23500  E=4.529510247442e+02  Q=6.250000000000e+02  λ=1.357197e+00  dt=8.575e-04  relΔE=6.567e-10  ||F||=7.837e-04
 step= 24000  E=4.529508512158e+02  Q=6.250000000000e+02  λ=1.357183e+00  dt=1.327e-03  relΔE=7.713e-10  ||F||=6.790e-04
 step= 24500  E=4.529507209991e+02  Q=6.250000000000e+02  λ=1.357171e+00  dt=1.027e-03  relΔE=4.660e-10  ||F||=5.965e-04
 step= 25000  E=4.529506150759e+02  Q=6.250000000000e+02  λ=1.357161e+00  dt=7.951e-04  relΔE=2.859e-10  ||F||=5.283e-04
 step= 25500  E=4.529505329216e+02  Q=6.250000000000e+02  λ=1.357152e+00  dt=1.231e-03  relΔE=3.547e-10  ||F||=4.703e-04
 step= 26000  E=4.529504662188e+02  Q=6.250000000000e+02  λ=1.357144e+00  dt=9.526e-04  relΔE=2.239e-10  ||F||=4.225e-04
 step= 26500  E=4.529504097270e+02  Q=6.250000000000e+02  λ=1.357137e+00  dt=7.373e-04  relΔE=1.653e-10  ||F||=4.269e-04
 step= 27000  E=4.529503656441e+02  Q=6.250000000000e+02  λ=1.357131e+00  dt=1.141e-03  relΔE=1.830e-10  ||F||=3.451e-04
 step= 27500  E=4.529503275700e+02  Q=6.250000000000e+02  λ=1.357126e+00  dt=8.833e-04  relΔE=1.181e-10  ||F||=3.132e-04
 step= 28000  E=4.529502955859e+02  Q=6.250000000000e+02  λ=1.357121e+00  dt=1.367e-03  relΔE=1.529e-10  ||F||=2.863e-04
 step= 28500  E=4.529502695404e+02  Q=6.250000000000e+02  λ=1.357117e+00  dt=1.058e-03  relΔE=9.998e-11  ||F||=2.601e-04
 step= 29000  E=4.529502468672e+02  Q=6.250000000000e+02  λ=1.357113e+00  dt=8.190e-04  relΔE=6.536e-11  ||F||=2.374e-04
 step= 29500  E=4.529502279235e+02  Q=6.250000000000e+02  λ=1.357109e+00  dt=1.268e-03  relΔE=8.557e-11  ||F||=2.166e-04
 step= 30000  E=4.529502120594e+02  Q=6.250000000000e+02  λ=1.357106e+00  dt=9.812e-04  relΔE=5.636e-11  ||F||=1.983e-04
 step= 30500  E=4.529501980520e+02  Q=6.250000000000e+02  λ=1.357103e+00  dt=7.594e-04  relΔE=3.792e-11  ||F||=1.840e-04
 step= 31000  E=4.529501866787e+02  Q=6.250000000000e+02  λ=1.357101e+00  dt=1.176e-03  relΔE=4.898e-11  ||F||=1.659e-04
 step= 31500  E=4.529501766989e+02  Q=6.250000000000e+02  λ=1.357098e+00  dt=9.098e-04  relΔE=3.237e-11  ||F||=1.518e-04
 step= 32000  E=4.529501680334e+02  Q=6.250000000000e+02  λ=1.357096e+00  dt=1.408e-03  relΔE=4.258e-11  ||F||=1.769e-04
 step= 32500  E=4.529501610731e+02  Q=6.250000000000e+02  λ=1.357094e+00  dt=9.084e-04  relΔE=2.381e-11  ||F||=1.274e-04
 step= 33000  E=4.529501546893e+02  Q=6.250000000000e+02  λ=1.357093e+00  dt=1.406e-03  relΔE=3.144e-11  ||F||=1.474e-04
 step= 33500  E=4.529501494380e+02  Q=6.250000000000e+02  λ=1.357091e+00  dt=1.088e-03  relΔE=2.109e-11  ||F||=1.068e-04
 step= 34000  E=4.529501447447e+02  Q=6.250000000000e+02  λ=1.357090e+00  dt=8.423e-04  relΔE=1.406e-11  ||F||=9.778e-05
 step= 34500  E=4.529501407231e+02  Q=6.250000000000e+02  λ=1.357088e+00  dt=1.304e-03  relΔE=1.877e-11  ||F||=8.945e-05
 step= 35000  E=4.529501373145e+02  Q=6.250000000000e+02  λ=1.357087e+00  dt=1.009e-03  relΔE=1.260e-11  ||F||=8.201e-05
 step= 35500  E=4.529501342534e+02  Q=6.250000000000e+02  λ=1.357086e+00  dt=7.810e-04  relΔE=8.495e-12  ||F||=7.548e-05
 step= 36000  E=4.529501316932e+02  Q=6.250000000000e+02  λ=1.357085e+00  dt=1.209e-03  relΔE=1.135e-11  ||F||=6.872e-05
 step= 36500  E=4.529501294339e+02  Q=6.250000000000e+02  λ=1.357084e+00  dt=9.357e-04  relΔE=7.647e-12  ||F||=6.293e-05
 step= 37000  E=4.529501274128e+02  Q=6.250000000000e+02  λ=1.357083e+00  dt=1.448e-03  relΔE=7.322e-12  ||F||=4.236e-04
 step= 37500  E=4.529501257443e+02  Q=6.250000000000e+02  λ=1.357083e+00  dt=1.121e-03  relΔE=6.979e-12  ||F||=5.277e-05
 step= 38000  E=4.529501242279e+02  Q=6.250000000000e+02  λ=1.357082e+00  dt=8.676e-04  relΔE=4.724e-12  ||F||=4.830e-05
 step= 38500  E=4.529501228996e+02  Q=6.250000000000e+02  λ=1.357081e+00  dt=1.343e-03  relΔE=6.404e-12  ||F||=4.423e-05
 step= 39000  E=4.529501217649e+02  Q=6.250000000000e+02  λ=1.357081e+00  dt=1.039e-03  relΔE=4.366e-12  ||F||=4.051e-05
 step= 39500  E=4.529501207339e+02  Q=6.250000000000e+02  λ=1.357080e+00  dt=8.045e-04  relΔE=2.975e-12  ||F||=3.713e-05
 step= 40000  E=4.529501198427e+02  Q=6.250000000000e+02  λ=1.357080e+00  dt=1.245e-03  relΔE=4.059e-12  ||F||=3.394e-05
 step= 40500  E=4.529501190587e+02  Q=6.250000000000e+02  λ=1.357079e+00  dt=9.638e-04  relΔE=2.779e-12  ||F||=3.110e-05
 step= 41000  E=4.529501183391e+02  Q=6.250000000000e+02  λ=1.357079e+00  dt=7.460e-04  relΔE=2.051e-12  ||F||=3.152e-05
 step= 41500  E=4.529501177359e+02  Q=6.250000000000e+02  λ=1.357078e+00  dt=1.155e-03  relΔE=2.615e-12  ||F||=2.607e-05
 step= 42000  E=4.529501171813e+02  Q=6.250000000000e+02  λ=1.357078e+00  dt=8.937e-04  relΔE=1.798e-12  ||F||=2.387e-05
 step= 42500  E=4.529501166843e+02  Q=6.250000000000e+02  λ=1.357078e+00  dt=1.383e-03  relΔE=2.472e-12  ||F||=2.288e-05
 step= 43000  E=4.529501162568e+02  Q=6.250000000000e+02  λ=1.357077e+00  dt=1.071e-03  relΔE=1.711e-12  ||F||=2.001e-05
 step= 43500  E=4.529501158635e+02  Q=6.250000000000e+02  λ=1.357077e+00  dt=8.287e-04  relΔE=1.182e-12  ||F||=1.834e-05
 step= 44000  E=4.529501155143e+02  Q=6.250000000000e+02  λ=1.357077e+00  dt=1.283e-03  relΔE=1.635e-12  ||F||=1.676e-05
 step= 44500  E=4.529501152076e+02  Q=6.250000000000e+02  λ=1.357077e+00  dt=9.928e-04  relΔE=1.135e-12  ||F||=1.537e-05
 step= 45000  E=4.529501149216e+02  Q=6.250000000000e+02  λ=1.357077e+00  dt=7.684e-04  relΔE=7.963e-13  ||F||=1.444e-05
 step= 45500  E=4.529501146754e+02  Q=6.250000000000e+02  λ=1.357076e+00  dt=1.189e-03  relΔE=1.095e-12  ||F||=1.288e-05
 step= 46000  E=4.529501144498e+02  Q=6.250000000000e+02  λ=1.357076e+00  dt=9.206e-04  relΔE=7.628e-13  ||F||=1.179e-05
 step= 46500  E=4.529501142422e+02  Q=6.250000000000e+02  λ=1.357076e+00  dt=1.425e-03  relΔE=1.041e-12  ||F||=3.743e-05
 step= 47000  E=4.529501140643e+02  Q=6.250000000000e+02  λ=1.357076e+00  dt=1.103e-03  relΔE=7.421e-13  ||F||=9.887e-06
 step= 47500  E=4.529501138980e+02  Q=6.250000000000e+02  λ=1.357076e+00  dt=8.536e-04  relΔE=5.180e-13  ||F||=9.057e-06
 step= 48000  E=4.529501137480e+02  Q=6.250000000000e+02  λ=1.357076e+00  dt=1.321e-03  relΔE=7.242e-13  ||F||=8.283e-06
 step= 48500  E=4.529501136156e+02  Q=6.250000000000e+02  λ=1.357076e+00  dt=1.023e-03  relΔE=5.080e-13  ||F||=7.591e-06
 step= 49000  E=4.529501134914e+02  Q=6.250000000000e+02  λ=1.357075e+00  dt=7.915e-04  relΔE=3.577e-13  ||F||=7.129e-06
 step= 49500  E=4.529501133823e+02  Q=6.250000000000e+02  λ=1.357075e+00  dt=1.225e-03  relΔE=4.988e-13  ||F||=6.360e-06
 step= 50000  E=4.529501132829e+02  Q=6.250000000000e+02  λ=1.357075e+00  dt=9.483e-04  relΔE=3.501e-13  ||F||=5.827e-06
 step= 50500  E=4.529501131896e+02  Q=6.250000000000e+02  λ=1.357075e+00  dt=7.339e-04  relΔE=3.283e-13  ||F||=2.420e-05
 step= 51000  E=4.529501131098e+02  Q=6.250000000000e+02  λ=1.357075e+00  dt=1.136e-03  relΔE=3.459e-13  ||F||=4.884e-06
 step= 51500  E=4.529501130344e+02  Q=6.250000000000e+02  λ=1.357075e+00  dt=8.793e-04  relΔE=2.430e-13  ||F||=4.478e-06
 step= 52000  E=4.529501129656e+02  Q=6.250000000000e+02  λ=1.357075e+00  dt=1.361e-03  relΔE=3.411e-13  ||F||=4.264e-06
 step= 52500  E=4.529501129050e+02  Q=6.250000000000e+02  λ=1.357075e+00  dt=1.053e-03  relΔE=2.407e-13  ||F||=3.749e-06
 step= 53000  E=4.529501128481e+02  Q=6.250000000000e+02  λ=1.357075e+00  dt=8.153e-04  relΔE=1.695e-13  ||F||=3.479e-06
 step= 53500  E=4.529501127993e+02  Q=6.250000000000e+02  λ=1.357075e+00  dt=1.052e-03  relΔE=1.997e-13  ||F||=3.153e-06
 step= 54000  E=4.529501127514e+02  Q=6.250000000000e+02  λ=1.357075e+00  dt=8.140e-04  relΔE=1.409e-13  ||F||=2.923e-06
 step= 54500  E=4.529501127108e+02  Q=6.250000000000e+02  λ=1.357075e+00  dt=1.050e-03  relΔE=1.654e-13  ||F||=2.649e-06
 step= 55000  E=4.529501126710e+02  Q=6.250000000000e+02  λ=1.357075e+00  dt=8.127e-04  relΔE=1.171e-13  ||F||=2.481e-06
 step= 55500  E=4.529501126356e+02  Q=6.250000000000e+02  λ=1.357075e+00  dt=1.258e-03  relΔE=1.647e-13  ||F||=2.217e-06
 step= 56000  E=4.529501126036e+02  Q=6.250000000000e+02  λ=1.357075e+00  dt=9.736e-04  relΔE=1.165e-13  ||F||=2.032e-06
 step= 56500  E=4.529501125734e+02  Q=6.250000000000e+02  λ=1.357075e+00  dt=7.536e-04  relΔE=8.534e-14  ||F||=2.702e-06
 step= 57000  E=4.529501125471e+02  Q=6.250000000000e+02  λ=1.357075e+00  dt=1.166e-03  relΔE=1.162e-13  ||F||=1.703e-06
 step= 57500  E=4.529501125224e+02  Q=6.250000000000e+02  λ=1.357075e+00  dt=9.028e-04  relΔE=8.233e-14  ||F||=1.562e-06
 step= 58000  E=4.529501124996e+02  Q=6.250000000000e+02  λ=1.357075e+00  dt=1.397e-03  relΔE=1.160e-13  ||F||=3.156e-06
 step= 58500  E=4.529501124796e+02  Q=6.250000000000e+02  λ=1.357075e+00  dt=1.082e-03  relΔE=8.245e-14  ||F||=1.307e-06
 step= 59000  E=4.529501124606e+02  Q=6.250000000000e+02  λ=1.357075e+00  dt=8.371e-04  relΔE=5.798e-14  ||F||=1.212e-06
 step= 59500  E=4.529501124435e+02  Q=6.250000000000e+02  λ=1.357075e+00  dt=1.296e-03  relΔE=8.195e-14  ||F||=1.095e-06
 step= 60000  E=4.529501124281e+02  Q=6.250000000000e+02  λ=1.357074e+00  dt=1.003e-03  relΔE=5.785e-14  ||F||=1.004e-06
 step= 60500  E=4.529501124135e+02  Q=6.250000000000e+02  λ=1.357074e+00  dt=7.762e-04  relΔE=4.141e-14  ||F||=1.140e-06
 step= 61000  E=4.529501124006e+02  Q=6.250000000000e+02  λ=1.357074e+00  dt=1.202e-03  relΔE=5.798e-14  ||F||=8.407e-07
 step= 61500  E=4.529501123887e+02  Q=6.250000000000e+02  λ=1.357074e+00  dt=9.299e-04  relΔE=4.129e-14  ||F||=7.717e-07
 step= 62000  E=4.529501123775e+02  Q=6.250000000000e+02  λ=1.357074e+00  dt=1.439e-03  relΔE=5.221e-14  ||F||=1.968e-05
 step= 62500  E=4.529501123678e+02  Q=6.250000000000e+02  λ=1.357074e+00  dt=1.114e-03  relΔE=4.154e-14  ||F||=6.455e-07
 step= 63000  E=4.529501123586e+02  Q=6.250000000000e+02  λ=1.357074e+00  dt=8.623e-04  relΔE=2.949e-14  ||F||=6.042e-07
 step= 63500  E=4.529501123502e+02  Q=6.250000000000e+02  λ=1.357074e+00  dt=1.335e-03  relΔE=4.141e-14  ||F||=5.503e-07
 step= 64000  E=4.529501123427e+02  Q=6.250000000000e+02  λ=1.357074e+00  dt=1.033e-03  relΔE=2.899e-14  ||F||=4.956e-07
 step= 64500  E=4.529501123356e+02  Q=6.250000000000e+02  λ=1.357074e+00  dt=7.996e-04  relΔE=2.058e-14  ||F||=5.239e-07
 step= 65000  E=4.529501123293e+02  Q=6.250000000000e+02  λ=1.357074e+00  dt=1.238e-03  relΔE=2.924e-14  ||F||=4.151e-07
 step= 65500  E=4.529501123235e+02  Q=6.250000000000e+02  λ=1.357074e+00  dt=9.579e-04  relΔE=2.096e-14  ||F||=3.808e-07
 step= 66000  E=4.529501123180e+02  Q=6.250000000000e+02  λ=1.357074e+00  dt=7.414e-04  relΔE=1.581e-14  ||F||=1.470e-06
 step= 66500  E=4.529501123132e+02  Q=6.250000000000e+02  λ=1.357074e+00  dt=1.148e-03  relΔE=2.121e-14  ||F||=3.189e-07
 step= 67000  E=4.529501123087e+02  Q=6.250000000000e+02  λ=1.357074e+00  dt=8.882e-04  relΔE=1.468e-14  ||F||=2.983e-07
 step= 67500  E=4.529501123045e+02  Q=6.250000000000e+02  λ=1.357074e+00  dt=1.375e-03  relΔE=2.096e-14  ||F||=5.819e-07
 step= 68000  E=4.529501123009e+02  Q=6.250000000000e+02  λ=1.357074e+00  dt=1.064e-03  relΔE=1.531e-14  ||F||=2.448e-07
 step= 68500  E=4.529501122974e+02  Q=6.250000000000e+02  λ=1.357074e+00  dt=8.236e-04  relΔE=1.004e-14  ||F||=2.478e-07
 step= 69000  E=4.529501122942e+02  Q=6.250000000000e+02  λ=1.357074e+00  dt=1.275e-03  relΔE=1.506e-14  ||F||=2.051e-07
 step= 69500  E=4.529501122914e+02  Q=6.250000000000e+02  λ=1.357074e+00  dt=9.867e-04  relΔE=1.092e-14  ||F||=1.881e-07
 step= 70000  E=4.529501122887e+02  Q=6.250000000000e+02  λ=1.357074e+00  dt=7.637e-04  relΔE=7.655e-15  ||F||=5.148e-07
 step= 70500  E=4.529501122864e+02  Q=6.250000000000e+02  λ=1.357074e+00  dt=1.182e-03  relΔE=1.067e-14  ||F||=1.575e-07
 step= 71000  E=4.529501122841e+02  Q=6.250000000000e+02  λ=1.357074e+00  dt=9.149e-04  relΔE=7.404e-15  ||F||=1.467e-07
 step= 71500  E=4.529501122821e+02  Q=6.250000000000e+02  λ=1.357074e+00  dt=1.416e-03  relΔE=1.042e-14  ||F||=2.158e-06
 step= 72000  E=4.529501122803e+02  Q=6.250000000000e+02  λ=1.357074e+00  dt=1.096e-03  relΔE=7.530e-15  ||F||=1.209e-07
 step= 72500  E=4.529501122786e+02  Q=6.250000000000e+02  λ=1.357074e+00  dt=8.484e-04  relΔE=5.271e-15  ||F||=1.236e-07
 step= 73000  E=4.529501122770e+02  Q=6.250000000000e+02  λ=1.357074e+00  dt=1.313e-03  relΔE=7.279e-15  ||F||=1.036e-07
 step= 73500  E=4.529501122756e+02  Q=6.250000000000e+02  λ=1.357074e+00  dt=1.016e-03  relΔE=5.647e-15  ||F||=9.288e-08
 step= 74000  E=4.529501122743e+02  Q=6.250000000000e+02  λ=1.357074e+00  dt=1.311e-03  relΔE=6.651e-15  ||F||=8.509e-08
 step= 74500  E=4.529501122732e+02  Q=6.250000000000e+02  λ=1.357074e+00  dt=1.015e-03  relΔE=4.894e-15  ||F||=7.795e-08
 step= 75000  E=4.529501122720e+02  Q=6.250000000000e+02  λ=1.357074e+00  dt=7.854e-04  relΔE=3.263e-15  ||F||=7.120e-08
 step= 75500  E=4.529501122710e+02  Q=6.250000000000e+02  λ=1.357074e+00  dt=1.216e-03  relΔE=4.392e-15  ||F||=6.523e-08
 step= 76000  E=4.529501122701e+02  Q=6.250000000000e+02  λ=1.357074e+00  dt=9.409e-04  relΔE=3.514e-15  ||F||=5.970e-08
 step= 76500  E=4.529501122693e+02  Q=6.250000000000e+02  λ=1.357074e+00  dt=1.457e-03  relΔE=4.392e-15  ||F||=1.161e-05
 Converged (aggressive): step=76999, E=4.529501122685e+02, Q=6.250000000000e+02, dt=9.394e-04, ||F||=4.999e-08

Stationary candidate (aggressive): E=4.529501122685e+02, Q=6.250000000000e+02, maxρ=6.784416e-01

=== Stability test (damped inertial dynamics) ===
Perturb eps=0.02, gamma=1
t=0: E=4.833285863138e+02, Q=6.250000000000e+02, maxρ=6.999573e-01, σ=2.553579e+00, Rc=1.873687e+01
 step=     1  E=4.833284339490e+02  Q=6.250000000000e+02  λ=1.742053e+00  maxρ=6.999573e-01  minρ=1.000e-15  σ=2.553579e+00  Rc=1.873687e+01
 step=   300  E=4.770803972873e+02  Q=6.250000000000e+02  λ=1.639661e+00  maxρ=6.987700e-01  minρ=1.000e-15  σ=2.553576e+00  Rc=1.873687e+01
 step=   600  E=4.645068518843e+02  Q=6.250000000000e+02  λ=1.454127e+00  maxρ=6.954227e-01  minρ=1.000e-15  σ=2.553570e+00  Rc=1.873687e+01
 step=   900  E=4.571269666299e+02  Q=6.250000000000e+02  λ=1.394705e+00  maxρ=6.904720e-01  minρ=1.000e-15  σ=2.553568e+00  Rc=1.873687e+01
 step=  1200  E=4.598941385667e+02  Q=6.250000000000e+02  λ=1.501333e+00  maxρ=6.881097e-01  minρ=1.000e-15  σ=2.553571e+00  Rc=1.873686e+01
 step=  1500  E=4.674129974016e+02  Q=6.250000000000e+02  λ=1.617440e+00  maxρ=6.922370e-01  minρ=1.000e-15  σ=2.553573e+00  Rc=1.873686e+01
 step=  1800  E=4.712741360435e+02  Q=6.250000000000e+02  λ=1.603959e+00  maxρ=6.944537e-01  minρ=1.000e-15  σ=2.553571e+00  Rc=1.873686e+01
 step=  2100  E=4.690360465504e+02  Q=6.250000000000e+02  λ=1.503239e+00  maxρ=6.909201e-01  minρ=1.000e-15  σ=2.553567e+00  Rc=1.873686e+01
 step=  2400  E=4.650725313734e+02  Q=6.250000000000e+02  λ=1.456190e+00  maxρ=6.841249e-01  minρ=1.000e-15  σ=2.553567e+00  Rc=1.873686e+01
 step=  2700  E=4.640995124278e+02  Q=6.250000000000e+02  λ=1.510397e+00  maxρ=6.856069e-01  minρ=1.000e-15  σ=2.553570e+00  Rc=1.873686e+01
 step=  3000  E=4.660370103196e+02  Q=6.250000000000e+02  λ=1.576404e+00  maxρ=6.938108e-01  minρ=1.000e-15  σ=2.553571e+00  Rc=1.873686e+01
 step=  3300  E=4.675088120644e+02  Q=6.250000000000e+02  λ=1.564797e+00  maxρ=6.955883e-01  minρ=1.000e-15  σ=2.553567e+00  Rc=1.873686e+01
 step=  3600  E=4.666221868469e+02  Q=6.250000000000e+02  λ=1.500528e+00  maxρ=6.932679e-01  minρ=1.000e-15  σ=2.553563e+00  Rc=1.873686e+01
 step=  3900  E=4.647497108387e+02  Q=6.250000000000e+02  λ=1.471158e+00  maxρ=6.932738e-01  minρ=1.000e-15  σ=2.553563e+00  Rc=1.873686e+01
 step=  4200  E=4.640409837049e+02  Q=6.250000000000e+02  λ=1.503048e+00  maxρ=6.908679e-01  minρ=1.000e-15  σ=2.553567e+00  Rc=1.873685e+01
 step=  4500  E=4.647018295887e+02  Q=6.250000000000e+02  λ=1.538489e+00  maxρ=6.890223e-01  minρ=1.000e-15  σ=2.553568e+00  Rc=1.873685e+01
 step=  4800  E=4.653213554470e+02  Q=6.250000000000e+02  λ=1.526712e+00  maxρ=6.918009e-01  minρ=1.000e-15  σ=2.553563e+00  Rc=1.873685e+01
 step=  5100  E=4.650202671720e+02  Q=6.250000000000e+02  λ=1.489572e+00  maxρ=6.928098e-01  minρ=1.000e-15  σ=2.553558e+00  Rc=1.873685e+01
 step=  5400  E=4.643134473868e+02  Q=6.250000000000e+02  λ=1.479200e+00  maxρ=6.920006e-01  minρ=1.000e-15  σ=2.553557e+00  Rc=1.873685e+01
 step=  5700  E=4.640074001231e+02  Q=6.250000000000e+02  λ=1.502561e+00  maxρ=6.896464e-01  minρ=1.000e-15  σ=2.553559e+00  Rc=1.873684e+01
 step=  6000  E=4.640980051638e+02  Q=6.250000000000e+02  λ=1.519795e+00  maxρ=6.871138e-01  minρ=1.000e-15  σ=2.553560e+00  Rc=1.873684e+01
 >>> No runaway detected in this horizon. Likely stable (within this model & box).

STABILITY: PASS
