
=== Aggressive relaxation to Q = 1059 ===
Initial: E=1.238108193364e+03, Q=1.059000000000e+03, dt=1.000e-04
 step=     1  E=1.238079800474e+03  Q=1.059000000000e+03  λ=2.327639e+00  dt=1.000e-04  relΔE=2.293e-05  ||F||=5.182e-01
 step=   500  E=1.204880141903e+03  Q=1.059000000000e+03  λ=2.246788e+00  dt=6.192e-04  relΔE=1.000e-04  ||F||=4.700e-01
 step=  1000  E=1.119662477563e+03  Q=1.059000000000e+03  λ=2.053090e+00  dt=9.584e-04  relΔE=1.151e-04  ||F||=3.905e-01
 step=  1500  E=1.052671682768e+03  Q=1.059000000000e+03  λ=1.910489e+00  dt=7.418e-04  relΔE=7.546e-05  ||F||=3.486e-01
 step=  2000  E=1.001874059261e+03  Q=1.059000000000e+03  λ=1.806258e+00  dt=1.148e-03  relΔE=9.708e-05  ||F||=3.099e-01
 step=  2500  E=9.590151378814e+02  Q=1.059000000000e+03  λ=1.720148e+00  dt=8.887e-04  relΔE=6.517e-05  ||F||=2.823e-01
 step=  3000  E=9.224857913733e+02  Q=1.059000000000e+03  λ=1.648081e+00  dt=1.376e-03  relΔE=8.731e-05  ||F||=4.147e-01
 step=  3500  E=8.928640630140e+02  Q=1.059000000000e+03  λ=1.590200e+00  dt=1.065e-03  relΔE=6.056e-05  ||F||=2.399e-01
 step=  4000  E=8.664947646604e+02  Q=1.059000000000e+03  λ=1.539241e+00  dt=8.241e-04  relΔE=4.177e-05  ||F||=2.231e-01
 step=  4500  E=8.435975786437e+02  Q=1.059000000000e+03  λ=1.495426e+00  dt=1.276e-03  relΔE=5.789e-05  ||F||=2.084e-01
 step=  5000  E=8.239969029365e+02  Q=1.059000000000e+03  λ=1.458146e+00  dt=9.873e-04  relΔE=4.050e-05  ||F||=1.957e-01
 step=  5500  E=8.060040543646e+02  Q=1.059000000000e+03  λ=1.424157e+00  dt=7.641e-04  relΔE=2.862e-05  ||F||=1.850e-01
 step=  6000  E=7.904875832940e+02  Q=1.059000000000e+03  λ=1.395056e+00  dt=1.183e-03  relΔE=4.015e-05  ||F||=1.744e-01
 step=  6500  E=7.764049308208e+02  Q=1.059000000000e+03  λ=1.368756e+00  dt=9.154e-04  relΔE=2.853e-05  ||F||=1.656e-01
 step=  7000  E=7.633147463546e+02  Q=1.059000000000e+03  λ=1.345525e+00  dt=1.417e-03  relΔE=9.750e-06  ||F||=1.569e+00
 step=  7500  E=7.519824172667e+02  Q=1.059000000000e+03  λ=1.323531e+00  dt=1.097e-03  relΔE=2.929e-05  ||F||=1.509e-01
 step=  8000  E=7.412087924428e+02  Q=1.059000000000e+03  λ=1.303723e+00  dt=8.488e-04  relΔE=2.120e-05  ||F||=1.448e-01
 step=  8500  E=7.312193788334e+02  Q=1.059000000000e+03  λ=1.285472e+00  dt=1.314e-03  relΔE=3.087e-05  ||F||=1.399e-01
 step=  9000  E=7.221579219998e+02  Q=1.059000000000e+03  λ=1.268974e+00  dt=1.017e-03  relΔE=2.269e-05  ||F||=1.351e-01
 step=  9500  E=7.133608992380e+02  Q=1.059000000000e+03  λ=1.253035e+00  dt=7.871e-04  relΔE=1.686e-05  ||F||=1.316e-01
 step= 10000  E=7.051632229143e+02  Q=1.059000000000e+03  λ=1.238262e+00  dt=1.218e-03  relΔE=2.506e-05  ||F||=1.282e-01
 step= 10500  E=6.973579030469e+02  Q=1.059000000000e+03  λ=1.224227e+00  dt=9.430e-04  relΔE=1.887e-05  ||F||=1.257e-01
 step= 11000  E=6.895289133869e+02  Q=1.059000000000e+03  λ=1.210189e+00  dt=7.298e-04  relΔE=1.509e-05  ||F||=1.272e-01
 step= 11500  E=6.822964708697e+02  Q=1.059000000000e+03  λ=1.197247e+00  dt=1.130e-03  relΔE=2.192e-05  ||F||=1.225e-01
 step= 12000  E=6.749695105889e+02  Q=1.059000000000e+03  λ=1.184115e+00  dt=8.744e-04  relΔE=1.691e-05  ||F||=1.216e-01
 step= 12500  E=6.676458150550e+02  Q=1.059000000000e+03  λ=1.170974e+00  dt=1.353e-03  relΔE=2.623e-05  ||F||=1.294e-01
 step= 13000  E=6.606188156486e+02  Q=1.059000000000e+03  λ=1.158288e+00  dt=1.048e-03  relΔE=2.050e-05  ||F||=1.210e-01
 step= 13500  E=6.533768132739e+02  Q=1.059000000000e+03  λ=1.145129e+00  dt=8.108e-04  relΔE=1.610e-05  ||F||=1.213e-01
 step= 14000  E=6.461567758812e+02  Q=1.059000000000e+03  λ=1.131911e+00  dt=1.255e-03  relΔE=2.523e-05  ||F||=1.213e-01
 step= 14500  E=6.390519830065e+02  Q=1.059000000000e+03  λ=1.118751e+00  dt=9.713e-04  relΔE=1.978e-05  ||F||=1.214e-01
 step= 15000  E=6.316685353734e+02  Q=1.059000000000e+03  λ=1.104915e+00  dt=7.518e-04  relΔE=1.573e-05  ||F||=1.224e-01
 step= 15500  E=6.246243115039e+02  Q=1.059000000000e+03  λ=1.091561e+00  dt=1.164e-03  relΔE=2.393e-05  ||F||=1.207e-01
 step= 16000  E=6.175688249027e+02  Q=1.059000000000e+03  λ=1.077995e+00  dt=9.007e-04  relΔE=1.834e-05  ||F||=1.194e-01
 step= 16500  E=6.105436370521e+02  Q=1.059000000000e+03  λ=1.064359e+00  dt=1.394e-03  relΔE=2.651e-05  ||F||=3.053e-01
 step= 17000  E=6.041662387170e+02  Q=1.059000000000e+03  λ=1.051737e+00  dt=1.079e-03  relΔE=2.052e-05  ||F||=1.141e-01
 step= 17500  E=5.979658568669e+02  Q=1.059000000000e+03  λ=1.039351e+00  dt=8.352e-04  relΔE=1.491e-05  ||F||=1.100e-01
 step= 18000  E=5.922651215232e+02  Q=1.059000000000e+03  λ=1.027842e+00  dt=1.293e-03  relΔE=2.114e-05  ||F||=1.048e-01
 step= 18500  E=5.872740524216e+02  Q=1.059000000000e+03  λ=1.017639e+00  dt=1.001e-03  relΔE=1.468e-05  ||F||=9.883e-02
 step= 19000  E=5.827357234005e+02  Q=1.059000000000e+03  λ=1.008263e+00  dt=7.744e-04  relΔE=9.989e-06  ||F||=9.230e-02
 step= 19500  E=5.789420098078e+02  Q=1.059000000000e+03  λ=1.000352e+00  dt=1.199e-03  relΔE=1.313e-05  ||F||=8.477e-02
 step= 20000  E=5.757480833753e+02  Q=1.059000000000e+03  λ=9.936148e-01  dt=9.278e-04  relΔE=8.498e-06  ||F||=7.730e-02
 step= 20500  E=5.730331027520e+02  Q=1.059000000000e+03  λ=9.878275e-01  dt=7.181e-04  relΔE=6.604e-06  ||F||=8.316e-02
 step= 21000  E=5.709637810631e+02  Q=1.059000000000e+03  λ=9.833710e-01  dt=1.112e-03  relΔE=6.681e-06  ||F||=6.236e-02
 step= 21500  E=5.692584101627e+02  Q=1.059000000000e+03  λ=9.796506e-01  dt=8.603e-04  relΔE=4.075e-06  ||F||=5.527e-02
 step= 22000  E=5.679240278124e+02  Q=1.059000000000e+03  λ=9.767044e-01  dt=1.332e-03  relΔE=4.881e-06  ||F||=4.927e-02
 step= 22500  E=5.669276669233e+02  Q=1.059000000000e+03  λ=9.744688e-01  dt=1.031e-03  relΔE=2.912e-06  ||F||=4.259e-02
 step= 23000  E=5.661444320831e+02  Q=1.059000000000e+03  λ=9.726828e-01  dt=7.977e-04  relΔE=1.709e-06  ||F||=3.706e-02
 step= 23500  E=5.655610907611e+02  Q=1.059000000000e+03  λ=9.713285e-01  dt=1.235e-03  relΔE=1.979e-06  ||F||=3.204e-02
 step= 24000  E=5.651311062862e+02  Q=1.059000000000e+03  λ=9.703072e-01  dt=9.557e-04  relΔE=1.145e-06  ||F||=2.769e-02
 step= 24500  E=5.648000426190e+02  Q=1.059000000000e+03  λ=9.695010e-01  dt=7.397e-04  relΔE=6.663e-07  ||F||=2.401e-02
 step= 25000  E=5.645672761326e+02  Q=1.059000000000e+03  λ=9.689182e-01  dt=1.145e-03  relΔE=7.453e-07  ||F||=2.040e-02
 step= 25500  E=5.643929315838e+02  Q=1.059000000000e+03  λ=9.684664e-01  dt=7.385e-04  relΔE=3.793e-07  ||F||=1.814e-02
 step= 26000  E=5.642675887476e+02  Q=1.059000000000e+03  λ=9.681299e-01  dt=1.143e-03  relΔE=4.003e-07  ||F||=1.495e-02
 step= 26500  E=5.641740909268e+02  Q=1.059000000000e+03  λ=9.678673e-01  dt=7.373e-04  relΔE=2.068e-07  ||F||=1.341e-02
 step= 27000  E=5.641073644178e+02  Q=1.059000000000e+03  λ=9.676710e-01  dt=1.141e-03  relΔE=2.122e-07  ||F||=1.089e-02
 step= 27500  E=5.640575476463e+02  Q=1.059000000000e+03  λ=9.675159e-01  dt=8.833e-04  relΔE=1.186e-07  ||F||=9.251e-03
 step= 28000  E=5.640211149393e+02  Q=1.059000000000e+03  λ=9.673952e-01  dt=1.367e-03  relΔE=1.312e-07  ||F||=9.997e-03
 step= 28500  E=5.639959353042e+02  Q=1.059000000000e+03  λ=9.673055e-01  dt=1.058e-03  relΔE=7.404e-08  ||F||=6.672e-03
 step= 29000  E=5.639771279763e+02  Q=1.059000000000e+03  λ=9.672332e-01  dt=8.190e-04  relΔE=4.125e-08  ||F||=5.657e-03
 step= 29500  E=5.639636715222e+02  Q=1.059000000000e+03  λ=9.671768e-01  dt=1.268e-03  relΔE=4.582e-08  ||F||=4.790e-03
 step= 30000  E=5.639541716470e+02  Q=1.059000000000e+03  λ=9.671331e-01  dt=9.812e-04  relΔE=2.568e-08  ||F||=4.073e-03
 step= 30500  E=5.639470661919e+02  Q=1.059000000000e+03  λ=9.670969e-01  dt=7.594e-04  relΔE=1.446e-08  ||F||=3.471e-03
 step= 31000  E=5.639421371993e+02  Q=1.059000000000e+03  λ=9.670690e-01  dt=1.176e-03  relΔE=1.597e-08  ||F||=2.928e-03
 step= 31500  E=5.639385200088e+02  Q=1.059000000000e+03  λ=9.670459e-01  dt=9.098e-04  relΔE=8.931e-09  ||F||=2.486e-03
 step= 32000  E=5.639358379385e+02  Q=1.059000000000e+03  λ=9.670267e-01  dt=1.408e-03  relΔE=6.996e-09  ||F||=1.339e-02
 step= 32500  E=5.639340029688e+02  Q=1.059000000000e+03  λ=9.670117e-01  dt=1.090e-03  relΔE=5.611e-09  ||F||=1.794e-03
 step= 33000  E=5.639326147802e+02  Q=1.059000000000e+03  λ=9.669988e-01  dt=8.436e-04  relΔE=3.149e-09  ||F||=1.525e-03
 step= 33500  E=5.639316083254e+02  Q=1.059000000000e+03  λ=9.669881e-01  dt=1.306e-03  relΔE=3.538e-09  ||F||=1.299e-03
 step= 34000  E=5.639308930549e+02  Q=1.059000000000e+03  λ=9.669793e-01  dt=1.011e-03  relΔE=2.014e-09  ||F||=1.108e-03
 step= 34500  E=5.639303502080e+02  Q=1.059000000000e+03  λ=9.669717e-01  dt=7.823e-04  relΔE=1.145e-09  ||F||=9.462e-04
 step= 35000  E=5.639299601184e+02  Q=1.059000000000e+03  λ=9.669654e-01  dt=1.211e-03  relΔE=1.301e-09  ||F||=8.070e-04
 step= 35500  E=5.639296726020e+02  Q=1.059000000000e+03  λ=9.669600e-01  dt=9.372e-04  relΔE=7.483e-10  ||F||=6.922e-04
 step= 36000  E=5.639294511539e+02  Q=1.059000000000e+03  λ=9.669553e-01  dt=7.254e-04  relΔE=4.675e-10  ||F||=6.216e-04
 step= 36500  E=5.639292948884e+02  Q=1.059000000000e+03  λ=9.669514e-01  dt=1.123e-03  relΔE=5.000e-10  ||F||=5.104e-04
 step= 37000  E=5.639291729234e+02  Q=1.059000000000e+03  λ=9.669480e-01  dt=8.690e-04  relΔE=2.915e-10  ||F||=4.395e-04
 step= 37500  E=5.639290802202e+02  Q=1.059000000000e+03  λ=9.669450e-01  dt=1.345e-03  relΔE=3.410e-10  ||F||=3.938e-04
 step= 38000  E=5.639290118955e+02  Q=1.059000000000e+03  λ=9.669426e-01  dt=1.041e-03  relΔE=2.031e-10  ||F||=3.289e-04
 step= 38500  E=5.639289578228e+02  Q=1.059000000000e+03  λ=9.669403e-01  dt=8.058e-04  relΔE=1.211e-10  ||F||=2.854e-04
 step= 39000  E=5.639289162755e+02  Q=1.059000000000e+03  λ=9.669384e-01  dt=1.247e-03  relΔE=1.454e-10  ||F||=2.482e-04
 step= 39500  E=5.639288844009e+02  Q=1.059000000000e+03  λ=9.669368e-01  dt=9.654e-04  relΔE=8.851e-11  ||F||=2.171e-04
 step= 40000  E=5.639288583301e+02  Q=1.059000000000e+03  λ=9.669353e-01  dt=7.472e-04  relΔE=5.496e-11  ||F||=1.921e-04
 step= 40500  E=5.639288385318e+02  Q=1.059000000000e+03  λ=9.669341e-01  dt=1.157e-03  relΔE=6.667e-11  ||F||=1.668e-04
 step= 41000  E=5.639288223462e+02  Q=1.059000000000e+03  λ=9.669329e-01  dt=8.952e-04  relΔE=4.145e-11  ||F||=1.468e-04
 step= 41500  E=5.639288090321e+02  Q=1.059000000000e+03  λ=9.669319e-01  dt=1.386e-03  relΔE=5.047e-11  ||F||=3.145e-04
 step= 42000  E=5.639287987350e+02  Q=1.059000000000e+03  λ=9.669311e-01  dt=1.072e-03  relΔE=3.282e-11  ||F||=1.148e-04
 step= 42500  E=5.639287899818e+02  Q=1.059000000000e+03  λ=9.669303e-01  dt=8.300e-04  relΔE=2.086e-11  ||F||=1.018e-04
 step= 43000  E=5.639287827880e+02  Q=1.059000000000e+03  λ=9.669297e-01  dt=1.285e-03  relΔE=2.667e-11  ||F||=9.046e-05
 step= 43500  E=5.639287769546e+02  Q=1.059000000000e+03  λ=9.669291e-01  dt=9.944e-04  relΔE=1.725e-11  ||F||=8.076e-05
 step= 44000  E=5.639287718974e+02  Q=1.059000000000e+03  λ=9.669286e-01  dt=7.697e-04  relΔE=1.124e-11  ||F||=7.250e-05
 step= 44500  E=5.639287677724e+02  Q=1.059000000000e+03  λ=9.669281e-01  dt=1.191e-03  relΔE=1.458e-11  ||F||=6.450e-05
 step= 45000  E=5.639287642685e+02  Q=1.059000000000e+03  λ=9.669277e-01  dt=9.221e-04  relΔE=9.573e-12  ||F||=5.788e-05
 step= 45500  E=5.639287611895e+02  Q=1.059000000000e+03  λ=9.669273e-01  dt=5.947e-04  relΔE=2.383e-11  ||F||=8.955e-04
 step= 46000  E=5.639287587751e+02  Q=1.059000000000e+03  λ=9.669270e-01  dt=9.206e-04  relΔE=6.993e-12  ||F||=4.687e-05
 step= 46500  E=5.639287565137e+02  Q=1.059000000000e+03  λ=9.669267e-01  dt=5.938e-04  relΔE=1.996e-11  ||F||=8.355e-04
 step= 47000  E=5.639287547234e+02  Q=1.059000000000e+03  λ=9.669265e-01  dt=9.191e-04  relΔE=5.195e-12  ||F||=3.815e-05
 step= 47500  E=5.639287530393e+02  Q=1.059000000000e+03  λ=9.669262e-01  dt=1.423e-03  relΔE=1.690e-12  ||F||=5.472e-04
 step= 48000  E=5.639287516522e+02  Q=1.059000000000e+03  λ=9.669260e-01  dt=1.101e-03  relΔE=4.679e-12  ||F||=3.108e-05
 step= 48500  E=5.639287503986e+02  Q=1.059000000000e+03  λ=9.669258e-01  dt=8.522e-04  relΔE=3.156e-12  ||F||=2.812e-05
 step= 49000  E=5.639287493074e+02  Q=1.059000000000e+03  λ=9.669257e-01  dt=1.319e-03  relΔE=4.258e-12  ||F||=2.576e-05
 step= 49500  E=5.639287483777e+02  Q=1.059000000000e+03  λ=9.669255e-01  dt=1.021e-03  relΔE=2.895e-12  ||F||=2.299e-05
 step= 50000  E=5.639287475364e+02  Q=1.059000000000e+03  λ=9.669254e-01  dt=7.902e-04  relΔE=1.972e-12  ||F||=2.092e-05
 step= 50500  E=5.639287468071e+02  Q=1.059000000000e+03  λ=9.669253e-01  dt=1.223e-03  relΔE=2.681e-12  ||F||=1.884e-05
 step= 51000  E=5.639287461697e+02  Q=1.059000000000e+03  λ=9.669252e-01  dt=9.467e-04  relΔE=1.835e-12  ||F||=1.710e-05
 step= 51500  E=5.639287455846e+02  Q=1.059000000000e+03  λ=9.669251e-01  dt=7.327e-04  relΔE=1.328e-12  ||F||=1.756e-05
 step= 52000  E=5.639287450932e+02  Q=1.059000000000e+03  λ=9.669250e-01  dt=1.134e-03  relΔE=1.722e-12  ||F||=1.405e-05
 step= 52500  E=5.639287446432e+02  Q=1.059000000000e+03  λ=9.669249e-01  dt=8.779e-04  relΔE=1.183e-12  ||F||=1.276e-05
 step= 53000  E=5.639287442389e+02  Q=1.059000000000e+03  λ=9.669248e-01  dt=1.359e-03  relΔE=1.622e-12  ||F||=1.977e-05
 step= 53500  E=5.639287438931e+02  Q=1.059000000000e+03  λ=9.669248e-01  dt=1.052e-03  relΔE=1.124e-12  ||F||=1.050e-05
 step= 54000  E=5.639287435746e+02  Q=1.059000000000e+03  λ=9.669247e-01  dt=8.140e-04  relΔE=7.768e-13  ||F||=9.589e-06
 step= 54500  E=5.639287432918e+02  Q=1.059000000000e+03  λ=9.669247e-01  dt=1.260e-03  relΔE=1.072e-12  ||F||=8.642e-06
 step= 55000  E=5.639287430441e+02  Q=1.059000000000e+03  λ=9.669246e-01  dt=9.752e-04  relΔE=7.437e-13  ||F||=7.856e-06
 step= 55500  E=5.639287428135e+02  Q=1.059000000000e+03  λ=9.669246e-01  dt=7.548e-04  relΔE=5.221e-13  ||F||=7.559e-06
 step= 56000  E=5.639287426148e+02  Q=1.059000000000e+03  λ=9.669245e-01  dt=1.168e-03  relΔE=7.151e-13  ||F||=6.473e-06
 step= 56500  E=5.639287424336e+02  Q=1.059000000000e+03  λ=9.669245e-01  dt=9.043e-04  relΔE=4.967e-13  ||F||=5.889e-06
 step= 57000  E=5.639287422667e+02  Q=1.059000000000e+03  λ=9.669245e-01  dt=1.400e-03  relΔE=6.246e-13  ||F||=6.451e-05
 step= 57500  E=5.639287421245e+02  Q=1.059000000000e+03  λ=9.669244e-01  dt=1.083e-03  relΔE=4.814e-13  ||F||=4.852e-06
 step= 58000  E=5.639287419917e+02  Q=1.059000000000e+03  λ=9.669244e-01  dt=8.385e-04  relΔE=3.351e-13  ||F||=4.425e-06
 step= 58500  E=5.639287418721e+02  Q=1.059000000000e+03  λ=9.669244e-01  dt=1.298e-03  relΔE=4.669e-13  ||F||=4.056e-06
 step= 59000  E=5.639287417671e+02  Q=1.059000000000e+03  λ=9.669244e-01  dt=1.005e-03  relΔE=3.264e-13  ||F||=3.638e-06
 step= 59500  E=5.639287416692e+02  Q=1.059000000000e+03  λ=9.669243e-01  dt=7.775e-04  relΔE=2.286e-13  ||F||=3.472e-06
 step= 60000  E=5.639287415829e+02  Q=1.059000000000e+03  λ=9.669243e-01  dt=1.203e-03  relΔE=3.181e-13  ||F||=3.000e-06
 step= 60500  E=5.639287415051e+02  Q=1.059000000000e+03  λ=9.669243e-01  dt=9.315e-04  relΔE=2.222e-13  ||F||=2.731e-06
 step= 61000  E=5.639287414322e+02  Q=1.059000000000e+03  λ=9.669243e-01  dt=7.209e-04  relΔE=1.706e-13  ||F||=4.545e-06
 step= 61500  E=5.639287413699e+02  Q=1.059000000000e+03  λ=9.669243e-01  dt=1.116e-03  relΔE=2.175e-13  ||F||=2.252e-06
 step= 62000  E=5.639287413116e+02  Q=1.059000000000e+03  λ=9.669243e-01  dt=8.637e-04  relΔE=1.526e-13  ||F||=2.066e-06
 step= 62500  E=5.639287412584e+02  Q=1.059000000000e+03  λ=9.669243e-01  dt=1.337e-03  relΔE=2.127e-13  ||F||=3.083e-06
 step= 63000  E=5.639287412119e+02  Q=1.059000000000e+03  λ=9.669243e-01  dt=1.035e-03  relΔE=1.496e-13  ||F||=1.690e-06
 step= 63500  E=5.639287411686e+02  Q=1.059000000000e+03  λ=9.669242e-01  dt=8.009e-04  relΔE=1.050e-13  ||F||=1.631e-06
 step= 64000  E=5.639287411296e+02  Q=1.059000000000e+03  λ=9.669242e-01  dt=1.240e-03  relΔE=1.466e-13  ||F||=1.394e-06
 step= 64500  E=5.639287410949e+02  Q=1.059000000000e+03  λ=9.669242e-01  dt=9.595e-04  relΔE=1.030e-13  ||F||=1.269e-06
 step= 65000  E=5.639287410622e+02  Q=1.059000000000e+03  λ=9.669242e-01  dt=7.426e-04  relΔE=7.378e-14  ||F||=1.721e-06
 step= 65500  E=5.639287410339e+02  Q=1.059000000000e+03  λ=9.669242e-01  dt=1.149e-03  relΔE=1.010e-13  ||F||=1.046e-06
 step= 66000  E=5.639287410077e+02  Q=1.059000000000e+03  λ=9.669242e-01  dt=8.897e-04  relΔE=7.056e-14  ||F||=9.593e-07
 step= 66500  E=5.639287409834e+02  Q=1.059000000000e+03  λ=9.669242e-01  dt=1.377e-03  relΔE=9.858e-14  ||F||=8.748e-06
 step= 67000  E=5.639287409624e+02  Q=1.059000000000e+03  λ=9.669242e-01  dt=1.066e-03  relΔE=7.036e-14  ||F||=7.856e-07
 step= 67500  E=5.639287409427e+02  Q=1.059000000000e+03  λ=9.669242e-01  dt=8.250e-04  relΔE=4.899e-14  ||F||=7.567e-07
 step= 68000  E=5.639287409248e+02  Q=1.059000000000e+03  λ=9.669242e-01  dt=1.277e-03  relΔE=6.915e-14  ||F||=6.637e-07
 step= 68500  E=5.639287409090e+02  Q=1.059000000000e+03  λ=9.669242e-01  dt=9.883e-04  relΔE=4.879e-14  ||F||=5.903e-07
 step= 69000  E=5.639287408941e+02  Q=1.059000000000e+03  λ=9.669242e-01  dt=7.649e-04  relΔE=3.427e-14  ||F||=7.798e-07
 step= 69500  E=5.639287408810e+02  Q=1.059000000000e+03  λ=9.669242e-01  dt=1.184e-03  relΔE=4.838e-14  ||F||=4.865e-07
 step= 70000  E=5.639287408692e+02  Q=1.059000000000e+03  λ=9.669242e-01  dt=7.637e-04  relΔE=2.863e-14  ||F||=6.607e-07
 step= 70500  E=5.639287408584e+02  Q=1.059000000000e+03  λ=9.669242e-01  dt=1.182e-03  relΔE=3.951e-14  ||F||=4.029e-07
 step= 71000  E=5.639287408485e+02  Q=1.059000000000e+03  λ=9.669242e-01  dt=9.149e-04  relΔE=2.722e-14  ||F||=3.738e-07
 step= 71500  E=5.639287408392e+02  Q=1.059000000000e+03  λ=9.669242e-01  dt=1.416e-03  relΔE=7.661e-15  ||F||=4.427e-05
 step= 72000  E=5.639287408313e+02  Q=1.059000000000e+03  λ=9.669242e-01  dt=1.096e-03  relΔE=2.762e-14  ||F||=3.027e-07
 step= 72500  E=5.639287408238e+02  Q=1.059000000000e+03  λ=9.669242e-01  dt=8.484e-04  relΔE=1.915e-14  ||F||=3.048e-07
 step= 73000  E=5.639287408169e+02  Q=1.059000000000e+03  λ=9.669242e-01  dt=1.313e-03  relΔE=2.701e-14  ||F||=4.553e-07
 step= 73500  E=5.639287408109e+02  Q=1.059000000000e+03  λ=9.669242e-01  dt=1.016e-03  relΔE=1.935e-14  ||F||=2.277e-07
 step= 74000  E=5.639287408053e+02  Q=1.059000000000e+03  λ=9.669242e-01  dt=7.867e-04  relΔE=1.371e-14  ||F||=3.258e-07
 step= 74500  E=5.639287408002e+02  Q=1.059000000000e+03  λ=9.669242e-01  dt=1.218e-03  relΔE=1.915e-14  ||F||=1.876e-07
 step= 75000  E=5.639287407957e+02  Q=1.059000000000e+03  λ=9.669242e-01  dt=9.425e-04  relΔE=1.371e-14  ||F||=1.737e-07
 step= 75500  E=5.639287407914e+02  Q=1.059000000000e+03  λ=9.669242e-01  dt=7.294e-04  relΔE=9.878e-15  ||F||=6.611e-07
 step= 76000  E=5.639287407877e+02  Q=1.059000000000e+03  λ=9.669242e-01  dt=1.129e-03  relΔE=1.310e-14  ||F||=1.410e-07
 step= 76500  E=5.639287407842e+02  Q=1.059000000000e+03  λ=9.669242e-01  dt=8.739e-04  relΔE=9.677e-15  ||F||=1.467e-07
 step= 77000  E=5.639287407811e+02  Q=1.059000000000e+03  λ=9.669242e-01  dt=1.353e-03  relΔE=1.310e-14  ||F||=1.242e-06
 step= 77500  E=5.639287407783e+02  Q=1.059000000000e+03  λ=9.669242e-01  dt=1.047e-03  relΔE=8.669e-15  ||F||=1.063e-07
 step= 78000  E=5.639287407757e+02  Q=1.059000000000e+03  λ=9.669242e-01  dt=8.103e-04  relΔE=6.451e-15  ||F||=1.617e-07
 step= 78500  E=5.639287407733e+02  Q=1.059000000000e+03  λ=9.669242e-01  dt=1.254e-03  relΔE=9.274e-15  ||F||=9.135e-08
 step= 79000  E=5.639287407712e+02  Q=1.059000000000e+03  λ=9.669242e-01  dt=9.708e-04  relΔE=6.451e-15  ||F||=8.090e-08
 step= 79500  E=5.639287407692e+02  Q=1.059000000000e+03  λ=9.669242e-01  dt=7.514e-04  relΔE=4.435e-15  ||F||=2.526e-07
 step= 80000  E=5.639287407675e+02  Q=1.059000000000e+03  λ=9.669242e-01  dt=1.163e-03  relΔE=6.048e-15  ||F||=6.562e-08
 step= 80500  E=5.639287407659e+02  Q=1.059000000000e+03  λ=9.669242e-01  dt=9.002e-04  relΔE=3.830e-15  ||F||=7.142e-08
 step= 81000  E=5.639287407644e+02  Q=1.059000000000e+03  λ=9.669242e-01  dt=1.393e-03  relΔE=5.443e-15  ||F||=6.887e-06
 Converged (aggressive): step=81494, E=5.639287407632e+02, Q=1.059000000000e+03, dt=8.987e-04, ||F||=4.999e-08

Stationary candidate (aggressive): E=5.639287407632e+02, Q=1.059000000000e+03, maxρ=8.332404e-01

=== Stability test (damped inertial dynamics) ===
Perturb eps=0.02, gamma=1
t=0: E=6.155996634725e+02, Q=1.059000000000e+03, maxρ=8.597553e-01, σ=2.542144e+00, Rc=1.856071e+01
 step=     1  E=6.155994038721e+02  Q=1.059000000000e+03  λ=1.352977e+00  maxρ=8.597552e-01  minρ=1.000e-15  σ=2.542144e+00  Rc=1.856071e+01
 step=   300  E=6.049548000741e+02  Q=1.059000000000e+03  λ=1.250200e+00  maxρ=8.582965e-01  minρ=1.000e-15  σ=2.542141e+00  Rc=1.856071e+01
 step=   600  E=5.835420993229e+02  Q=1.059000000000e+03  λ=1.064042e+00  maxρ=8.541838e-01  minρ=1.000e-15  σ=2.542135e+00  Rc=1.856071e+01
 step=   900  E=5.709970292490e+02  Q=1.059000000000e+03  λ=1.004595e+00  maxρ=8.481008e-01  minρ=1.000e-15  σ=2.542133e+00  Rc=1.856071e+01
 step=  1200  E=5.757499682971e+02  Q=1.059000000000e+03  λ=1.111795e+00  maxρ=8.453316e-01  minρ=1.000e-15  σ=2.542136e+00  Rc=1.856071e+01
 step=  1500  E=5.885844916692e+02  Q=1.059000000000e+03  λ=1.228280e+00  maxρ=8.503505e-01  minρ=1.000e-15  σ=2.542138e+00  Rc=1.856070e+01
 step=  1800  E=5.951586634898e+02  Q=1.059000000000e+03  λ=1.214538e+00  maxρ=8.530719e-01  minρ=1.000e-15  σ=2.542135e+00  Rc=1.856070e+01
 step=  2100  E=5.913212701605e+02  Q=1.059000000000e+03  λ=1.113366e+00  maxρ=8.487287e-01  minρ=1.000e-15  σ=2.542132e+00  Rc=1.856070e+01
 step=  2400  E=5.845424132945e+02  Q=1.059000000000e+03  λ=1.066298e+00  maxρ=8.403654e-01  minρ=1.000e-15  σ=2.542132e+00  Rc=1.856070e+01
 step=  2700  E=5.828661438649e+02  Q=1.059000000000e+03  λ=1.120834e+00  maxρ=8.435506e-01  minρ=1.000e-15  σ=2.542135e+00  Rc=1.856070e+01
 step=  3000  E=5.861566193494e+02  Q=1.059000000000e+03  λ=1.186918e+00  maxρ=8.541445e-01  minρ=1.000e-15  σ=2.542136e+00  Rc=1.856070e+01
 step=  3300  E=5.886651827291e+02  Q=1.059000000000e+03  λ=1.174960e+00  maxρ=8.563351e-01  minρ=1.000e-15  σ=2.542132e+00  Rc=1.856070e+01
 step=  3600  E=5.871734972381e+02  Q=1.059000000000e+03  λ=1.110417e+00  maxρ=8.514708e-01  minρ=1.000e-15  σ=2.542128e+00  Rc=1.856070e+01
 step=  3900  E=5.840143552498e+02  Q=1.059000000000e+03  λ=1.081287e+00  maxρ=8.514758e-01  minρ=1.000e-15  σ=2.542128e+00  Rc=1.856070e+01
 step=  4200  E=5.828276406784e+02  Q=1.059000000000e+03  λ=1.113644e+00  maxρ=8.485174e-01  minρ=1.000e-15  σ=2.542131e+00  Rc=1.856069e+01
 step=  4500  E=5.839451859603e+02  Q=1.059000000000e+03  λ=1.149159e+00  maxρ=8.462711e-01  minρ=1.000e-15  σ=2.542132e+00  Rc=1.856069e+01
 step=  4800  E=5.849718582273e+02  Q=1.059000000000e+03  λ=1.136970e+00  maxρ=8.498141e-01  minρ=1.000e-15  σ=2.542128e+00  Rc=1.856069e+01
 step=  5100  E=5.844407311125e+02  Q=1.059000000000e+03  λ=1.099478e+00  maxρ=8.509176e-01  minρ=1.000e-15  σ=2.542123e+00  Rc=1.856069e+01
 step=  5400  E=5.832499190192e+02  Q=1.059000000000e+03  λ=1.089244e+00  maxρ=8.499173e-01  minρ=1.000e-15  σ=2.542121e+00  Rc=1.856069e+01
 step=  5700  E=5.827603734106e+02  Q=1.059000000000e+03  λ=1.113001e+00  maxρ=8.470175e-01  minρ=1.000e-15  σ=2.542123e+00  Rc=1.856068e+01
 step=  6000  E=5.829314408779e+02  Q=1.059000000000e+03  λ=1.130362e+00  maxρ=8.447023e-01  minρ=1.000e-15  σ=2.542124e+00  Rc=1.856068e+01
 >>> No runaway detected in this horizon. Likely stable (within this model & box).

STABILITY: PASS
