
=== Aggressive relaxation to Q = 868 ===
Initial: E=1.017163912241e+03, Q=8.680000000000e+02, dt=1.000e-04
 step=     1  E=1.017143072369e+03  Q=8.680000000000e+02  λ=2.302196e+00  dt=1.000e-04  relΔE=2.049e-05  ||F||=4.904e-01
 step=   500  E=9.922707650337e+02  Q=8.680000000000e+02  λ=2.232825e+00  dt=6.192e-04  relΔE=9.254e-05  ||F||=4.531e-01
 step=  1000  E=9.256940094098e+02  Q=8.680000000000e+02  λ=2.056852e+00  dt=9.584e-04  relΔE=1.104e-04  ||F||=3.841e-01
 step=  1500  E=8.721371867230e+02  Q=8.680000000000e+02  λ=1.922428e+00  dt=7.418e-04  relΔE=7.374e-05  ||F||=3.465e-01
 step=  2000  E=8.310297087594e+02  Q=8.680000000000e+02  λ=1.822326e+00  dt=1.148e-03  relΔE=9.511e-05  ||F||=3.086e-01
 step=  2500  E=7.960891961018e+02  Q=8.680000000000e+02  λ=1.738717e+00  dt=8.887e-04  relΔE=6.423e-05  ||F||=2.821e-01
 step=  3000  E=7.661622503490e+02  Q=8.680000000000e+02  λ=1.668230e+00  dt=1.376e-03  relΔE=8.655e-05  ||F||=4.038e-01
 step=  3500  E=7.417484175199e+02  Q=8.680000000000e+02  λ=1.611188e+00  dt=1.065e-03  relΔE=6.020e-05  ||F||=2.408e-01
 step=  4000  E=7.199369296817e+02  Q=8.680000000000e+02  λ=1.560721e+00  dt=8.241e-04  relΔE=4.166e-05  ||F||=2.244e-01
 step=  4500  E=7.016974437098e+02  Q=8.680000000000e+02  λ=1.518871e+00  dt=1.063e-03  relΔE=4.844e-05  ||F||=2.103e-01
 step=  5000  E=6.849245353022e+02  Q=8.680000000000e+02  λ=1.480606e+00  dt=8.227e-04  relΔE=3.394e-05  ||F||=1.977e-01
 step=  5500  E=6.706888646365e+02  Q=8.680000000000e+02  λ=1.448348e+00  dt=1.061e-03  relΔE=3.986e-05  ||F||=1.866e-01
 step=  6000  E=6.573805391003e+02  Q=8.680000000000e+02  λ=1.418329e+00  dt=8.214e-04  relΔE=2.821e-05  ||F||=1.767e-01
 step=  6500  E=6.454250283495e+02  Q=8.680000000000e+02  λ=1.391533e+00  dt=1.271e-03  relΔE=4.006e-05  ||F||=1.677e-01
 step=  7000  E=6.348415982953e+02  Q=8.680000000000e+02  λ=1.367898e+00  dt=9.841e-04  relΔE=2.870e-05  ||F||=1.600e-01
 step=  7500  E=6.248243021244e+02  Q=8.680000000000e+02  λ=1.345640e+00  dt=7.616e-04  relΔE=2.092e-05  ||F||=1.541e-01
 step=  8000  E=6.159321509334e+02  Q=8.680000000000e+02  λ=1.325999e+00  dt=1.179e-03  relΔE=2.995e-05  ||F||=1.471e-01
 step=  8500  E=6.075836280760e+02  Q=8.680000000000e+02  λ=1.307624e+00  dt=9.125e-04  relΔE=2.188e-05  ||F||=1.419e-01
 step=  9000  E=5.995568854382e+02  Q=8.680000000000e+02  λ=1.290427e+00  dt=1.412e-03  relΔE=2.132e-05  ||F||=9.229e-01
 step=  9500  E=5.923995819406e+02  Q=8.680000000000e+02  λ=1.274457e+00  dt=1.093e-03  relΔE=2.388e-05  ||F||=1.338e-01
 step= 10000  E=5.853281582640e+02  Q=8.680000000000e+02  λ=1.259099e+00  dt=8.461e-04  relΔE=1.787e-05  ||F||=1.307e-01
 step= 10500  E=5.785501931335e+02  Q=8.680000000000e+02  λ=1.244446e+00  dt=1.310e-03  relΔE=2.693e-05  ||F||=1.285e-01
 step= 11000  E=5.721643584647e+02  Q=8.680000000000e+02  λ=1.230651e+00  dt=1.014e-03  relΔE=2.049e-05  ||F||=1.264e-01
 step= 11500  E=5.657307388982e+02  Q=8.680000000000e+02  λ=1.216763e+00  dt=7.845e-04  relΔE=1.576e-05  ||F||=1.254e-01
 step= 12000  E=5.595280929086e+02  Q=8.680000000000e+02  λ=1.203372e+00  dt=1.214e-03  relΔE=2.422e-05  ||F||=1.242e-01
 step= 12500  E=5.534219269050e+02  Q=8.680000000000e+02  λ=1.190127e+00  dt=9.399e-04  relΔE=1.880e-05  ||F||=1.237e-01
 step= 13000  E=5.471284755386e+02  Q=8.680000000000e+02  λ=1.176399e+00  dt=7.275e-04  relΔE=1.561e-05  ||F||=1.276e-01
 step= 13500  E=5.411860807322e+02  Q=8.680000000000e+02  λ=1.163341e+00  dt=1.126e-03  relΔE=2.287e-05  ||F||=1.233e-01
 step= 14000  E=5.350566480228e+02  Q=8.680000000000e+02  λ=1.149720e+00  dt=8.715e-04  relΔE=1.786e-05  ||F||=1.231e-01
 step= 14500  E=5.289009093801e+02  Q=8.680000000000e+02  λ=1.135888e+00  dt=1.349e-03  relΔE=2.775e-05  ||F||=1.299e-01
 step= 15000  E=5.230220830163e+02  Q=8.680000000000e+02  λ=1.122475e+00  dt=1.044e-03  relΔE=2.146e-05  ||F||=1.219e-01
 step= 15500  E=5.170598604968e+02  Q=8.680000000000e+02  λ=1.108671e+00  dt=8.081e-04  relΔE=1.647e-05  ||F||=1.207e-01
 step= 16000  E=5.113077090163e+02  Q=8.680000000000e+02  λ=1.095158e+00  dt=1.251e-03  relΔE=2.483e-05  ||F||=1.185e-01
 step= 16500  E=5.058951643664e+02  Q=8.680000000000e+02  λ=1.082222e+00  dt=9.682e-04  relΔE=1.848e-05  ||F||=1.155e-01
 step= 17000  E=5.005903671100e+02  Q=8.680000000000e+02  λ=1.069338e+00  dt=7.493e-04  relΔE=1.373e-05  ||F||=1.126e-01
 step= 17500  E=4.958944510294e+02  Q=8.680000000000e+02  λ=1.057761e+00  dt=1.160e-03  relΔE=1.929e-05  ||F||=1.068e-01
 step= 18000  E=4.915523516082e+02  Q=8.680000000000e+02  λ=1.046870e+00  dt=8.978e-04  relΔE=1.349e-05  ||F||=1.011e-01
 step= 18500  E=4.876187963093e+02  Q=8.680000000000e+02  λ=1.036876e+00  dt=1.390e-03  relΔE=1.774e-05  ||F||=2.330e-01
 step= 19000  E=4.843804844444e+02  Q=8.680000000000e+02  λ=1.028465e+00  dt=1.076e-03  relΔE=1.234e-05  ||F||=8.766e-02
 step= 19500  E=4.815240711052e+02  Q=8.680000000000e+02  λ=1.020941e+00  dt=8.324e-04  relΔE=8.069e-06  ||F||=8.033e-02
 step= 20000  E=4.791547567970e+02  Q=8.680000000000e+02  λ=1.014596e+00  dt=1.289e-03  relΔE=1.032e-05  ||F||=7.286e-02
 step= 20500  E=4.772657119302e+02  Q=8.680000000000e+02  λ=1.009436e+00  dt=9.973e-04  relΔE=6.510e-06  ||F||=6.563e-02
 step= 21000  E=4.756939484248e+02  Q=8.680000000000e+02  λ=1.005055e+00  dt=7.719e-04  relΔE=4.035e-06  ||F||=5.864e-02
 step= 21500  E=4.744876031431e+02  Q=8.680000000000e+02  λ=1.001620e+00  dt=1.195e-03  relΔE=4.891e-06  ||F||=5.181e-02
 step= 22000  E=4.735415730990e+02  Q=8.680000000000e+02  λ=9.988563e-01  dt=9.248e-04  relΔE=2.943e-06  ||F||=4.564e-02
 step= 22500  E=4.727886498734e+02  Q=8.680000000000e+02  λ=9.965941e-01  dt=7.157e-04  relΔE=2.179e-06  ||F||=5.884e-02
 step= 23000  E=4.722473431122e+02  Q=8.680000000000e+02  λ=9.949170e-01  dt=1.108e-03  relΔE=2.054e-06  ||F||=3.479e-02
 step= 23500  E=4.718213875567e+02  Q=8.680000000000e+02  λ=9.935483e-01  dt=8.575e-04  relΔE=1.196e-06  ||F||=3.015e-02
 step= 24000  E=4.715018012442e+02  Q=8.680000000000e+02  λ=9.924799e-01  dt=1.327e-03  relΔE=1.378e-06  ||F||=2.631e-02
 step= 24500  E=4.712705880781e+02  Q=8.680000000000e+02  λ=9.916697e-01  dt=1.027e-03  relΔE=7.977e-07  ||F||=2.248e-02
 step= 25000  E=4.710938016469e+02  Q=8.680000000000e+02  λ=9.910178e-01  dt=7.951e-04  relΔE=4.566e-07  ||F||=1.933e-02
 step= 25500  E=4.709647972740e+02  Q=8.680000000000e+02  λ=9.905141e-01  dt=1.231e-03  relΔE=5.196e-07  ||F||=1.657e-02
 step= 26000  E=4.708710063462e+02  Q=8.680000000000e+02  λ=9.901231e-01  dt=9.526e-04  relΔE=2.967e-07  ||F||=1.423e-02
 step= 26500  E=4.707995157937e+02  Q=8.680000000000e+02  λ=9.898028e-01  dt=7.373e-04  relΔE=1.739e-07  ||F||=1.238e-02
 step= 27000  E=4.707497140588e+02  Q=8.680000000000e+02  λ=9.895616e-01  dt=1.141e-03  relΔE=1.907e-07  ||F||=1.041e-02
 step= 27500  E=4.707121576009e+02  Q=8.680000000000e+02  λ=9.893632e-01  dt=8.833e-04  relΔE=1.079e-07  ||F||=8.898e-03
 step= 28000  E=4.706843481638e+02  Q=8.680000000000e+02  λ=9.892020e-01  dt=1.367e-03  relΔE=1.208e-07  ||F||=9.748e-03
 step= 28500  E=4.706648647826e+02  Q=8.680000000000e+02  λ=9.890768e-01  dt=1.058e-03  relΔE=6.917e-08  ||F||=6.504e-03
 step= 29000  E=4.706501107970e+02  Q=8.680000000000e+02  λ=9.889715e-01  dt=8.190e-04  relΔE=3.913e-08  ||F||=5.557e-03
 step= 29500  E=4.706393466725e+02  Q=8.680000000000e+02  λ=9.888854e-01  dt=1.268e-03  relΔE=4.427e-08  ||F||=4.748e-03
 step= 30000  E=4.706316188767e+02  Q=8.680000000000e+02  λ=9.888158e-01  dt=9.812e-04  relΔE=2.529e-08  ||F||=4.075e-03
 step= 30500  E=4.706257204296e+02  Q=8.680000000000e+02  λ=9.887557e-01  dt=7.594e-04  relΔE=1.451e-08  ||F||=3.507e-03
 step= 31000  E=4.706215359379e+02  Q=8.680000000000e+02  λ=9.887073e-01  dt=1.176e-03  relΔE=1.644e-08  ||F||=2.996e-03
 step= 31500  E=4.706183856868e+02  Q=8.680000000000e+02  λ=9.886659e-01  dt=9.098e-04  relΔE=9.435e-09  ||F||=2.576e-03
 step= 32000  E=4.706159910087e+02  Q=8.680000000000e+02  λ=9.886299e-01  dt=1.408e-03  relΔE=8.207e-09  ||F||=1.273e-02
 step= 32500  E=4.706143026146e+02  Q=8.680000000000e+02  λ=9.886009e-01  dt=1.090e-03  relΔE=6.289e-09  ||F||=1.915e-03
 step= 33000  E=4.706129835308e+02  Q=8.680000000000e+02  λ=9.885751e-01  dt=8.436e-04  relΔE=3.650e-09  ||F||=1.654e-03
 step= 33500  E=4.706119932931e+02  Q=8.680000000000e+02  λ=9.885530e-01  dt=1.306e-03  relΔE=4.253e-09  ||F||=1.434e-03
 step= 34000  E=4.706112620099e+02  Q=8.680000000000e+02  λ=9.885344e-01  dt=1.011e-03  relΔE=2.512e-09  ||F||=1.247e-03
 step= 34500  E=4.706106863477e+02  Q=8.680000000000e+02  λ=9.885178e-01  dt=7.823e-04  relΔE=1.490e-09  ||F||=1.089e-03
 step= 35000  E=4.706102542700e+02  Q=8.680000000000e+02  λ=9.885036e-01  dt=1.211e-03  relΔE=1.766e-09  ||F||=9.490e-04
 step= 35500  E=4.706099216705e+02  Q=8.680000000000e+02  λ=9.884914e-01  dt=9.372e-04  relΔE=1.062e-09  ||F||=8.329e-04
 step= 36000  E=4.706096535053e+02  Q=8.680000000000e+02  λ=9.884802e-01  dt=7.254e-04  relΔE=6.914e-10  ||F||=7.644e-04
 step= 36500  E=4.706094550136e+02  Q=8.680000000000e+02  λ=9.884710e-01  dt=1.123e-03  relΔE=7.782e-10  ||F||=6.454e-04
 step= 37000  E=4.706092931694e+02  Q=8.680000000000e+02  λ=9.884626e-01  dt=8.690e-04  relΔE=4.758e-10  ||F||=5.705e-04
 step= 37500  E=4.706091637987e+02  Q=8.680000000000e+02  λ=9.884551e-01  dt=1.345e-03  relΔE=5.835e-10  ||F||=5.322e-04
 step= 38000  E=4.706090641835e+02  Q=8.680000000000e+02  λ=9.884488e-01  dt=1.041e-03  relΔE=3.637e-10  ||F||=4.500e-04
 step= 38500  E=4.706089814923e+02  Q=8.680000000000e+02  λ=9.884430e-01  dt=8.058e-04  relΔE=2.270e-10  ||F||=4.014e-04
 step= 39000  E=4.706089152272e+02  Q=8.680000000000e+02  λ=9.884379e-01  dt=1.247e-03  relΔE=2.840e-10  ||F||=3.581e-04
 step= 39500  E=4.706088622491e+02  Q=8.680000000000e+02  λ=9.884335e-01  dt=9.654e-04  relΔE=1.798e-10  ||F||=3.214e-04
 step= 40000  E=4.706088172188e+02  Q=8.680000000000e+02  λ=9.884294e-01  dt=7.472e-04  relΔE=1.167e-10  ||F||=2.925e-04
 step= 40500  E=4.706087818264e+02  Q=8.680000000000e+02  λ=9.884259e-01  dt=1.157e-03  relΔE=1.455e-10  ||F||=2.594e-04
 step= 41000  E=4.706087518793e+02  Q=8.680000000000e+02  λ=9.884228e-01  dt=8.952e-04  relΔE=9.320e-11  ||F||=2.337e-04
 step= 41500  E=4.706087265602e+02  Q=8.680000000000e+02  λ=9.884199e-01  dt=1.386e-03  relΔE=1.165e-10  ||F||=4.925e-04
 step= 42000  E=4.706087064825e+02  Q=8.680000000000e+02  λ=9.884174e-01  dt=1.072e-03  relΔE=7.755e-11  ||F||=1.907e-04
 step= 42500  E=4.706086890484e+02  Q=8.680000000000e+02  λ=9.884151e-01  dt=8.300e-04  relΔE=5.030e-11  ||F||=1.726e-04
 step= 43000  E=4.706086744561e+02  Q=8.680000000000e+02  λ=9.884131e-01  dt=1.285e-03  relΔE=6.535e-11  ||F||=1.562e-04
 step= 43500  E=4.706086624467e+02  Q=8.680000000000e+02  λ=9.884113e-01  dt=9.944e-04  relΔE=4.283e-11  ||F||=1.419e-04
 step= 44000  E=4.706086519110e+02  Q=8.680000000000e+02  λ=9.884096e-01  dt=7.697e-04  relΔE=2.824e-11  ||F||=1.294e-04
 step= 44500  E=4.706086432502e+02  Q=8.680000000000e+02  λ=9.884082e-01  dt=1.191e-03  relΔE=3.687e-11  ||F||=1.169e-04
 step= 45000  E=4.706086358147e+02  Q=8.680000000000e+02  λ=9.884069e-01  dt=9.221e-04  relΔE=2.434e-11  ||F||=1.063e-04
 step= 45500  E=4.706086292775e+02  Q=8.680000000000e+02  λ=9.884056e-01  dt=7.137e-04  relΔE=2.675e-11  ||F||=4.450e-04
 step= 46000  E=4.706086239961e+02  Q=8.680000000000e+02  λ=9.884046e-01  dt=1.105e-03  relΔE=2.135e-11  ||F||=8.801e-05
 step= 46500  E=4.706086193320e+02  Q=8.680000000000e+02  λ=9.884036e-01  dt=7.125e-04  relΔE=1.186e-11  ||F||=8.031e-05
 step= 47000  E=4.706086153963e+02  Q=8.680000000000e+02  λ=9.884028e-01  dt=1.103e-03  relΔE=1.584e-11  ||F||=7.317e-05
 step= 47500  E=4.706086118816e+02  Q=8.680000000000e+02  λ=9.884020e-01  dt=8.536e-04  relΔE=1.058e-11  ||F||=6.667e-05
 step= 48000  E=4.706086088457e+02  Q=8.680000000000e+02  λ=9.884012e-01  dt=1.321e-03  relΔE=1.414e-11  ||F||=6.123e-05
 step= 48500  E=4.706086062813e+02  Q=8.680000000000e+02  λ=9.884006e-01  dt=1.023e-03  relΔE=9.521e-12  ||F||=5.537e-05
 step= 49000  E=4.706086039898e+02  Q=8.680000000000e+02  λ=9.884000e-01  dt=7.915e-04  relΔE=6.430e-12  ||F||=5.069e-05
 step= 49500  E=4.706086020212e+02  Q=8.680000000000e+02  λ=9.883995e-01  dt=1.225e-03  relΔE=8.639e-12  ||F||=4.600e-05
 step= 50000  E=4.706086003200e+02  Q=8.680000000000e+02  λ=9.883990e-01  dt=9.483e-04  relΔE=5.853e-12  ||F||=4.200e-05
 step= 50500  E=4.706085987735e+02  Q=8.680000000000e+02  λ=9.883986e-01  dt=7.339e-04  relΔE=4.132e-12  ||F||=4.030e-05
 step= 51000  E=4.706085974866e+02  Q=8.680000000000e+02  λ=9.883982e-01  dt=1.136e-03  relΔE=5.388e-12  ||F||=3.495e-05
 step= 51500  E=4.706085963188e+02  Q=8.680000000000e+02  λ=9.883978e-01  dt=8.793e-04  relΔE=3.667e-12  ||F||=3.189e-05
 step= 52000  E=4.706085952799e+02  Q=8.680000000000e+02  λ=9.883975e-01  dt=1.361e-03  relΔE=4.978e-12  ||F||=4.174e-05
 step= 52500  E=4.706085943992e+02  Q=8.680000000000e+02  λ=9.883972e-01  dt=1.053e-03  relΔE=3.420e-12  ||F||=2.655e-05
 step= 53000  E=4.706085935959e+02  Q=8.680000000000e+02  λ=9.883969e-01  dt=8.153e-04  relΔE=2.343e-12  ||F||=2.426e-05
 step= 53500  E=4.706085928863e+02  Q=8.680000000000e+02  λ=9.883967e-01  dt=1.262e-03  relΔE=3.209e-12  ||F||=2.209e-05
 step= 54000  E=4.706085922705e+02  Q=8.680000000000e+02  λ=9.883965e-01  dt=9.768e-04  relΔE=2.210e-12  ||F||=2.018e-05
 step= 54500  E=4.706085917016e+02  Q=8.680000000000e+02  λ=9.883963e-01  dt=7.560e-04  relΔE=1.548e-12  ||F||=1.908e-05
 step= 55000  E=4.706085912149e+02  Q=8.680000000000e+02  λ=9.883961e-01  dt=1.170e-03  relΔE=2.098e-12  ||F||=1.681e-05
 step= 55500  E=4.706085907732e+02  Q=8.680000000000e+02  λ=9.883959e-01  dt=9.057e-04  relΔE=1.450e-12  ||F||=1.535e-05
 step= 56000  E=4.706085903682e+02  Q=8.680000000000e+02  λ=9.883957e-01  dt=1.402e-03  relΔE=1.682e-12  ||F||=1.431e-04
 step= 56500  E=4.706085900254e+02  Q=8.680000000000e+02  λ=9.883956e-01  dt=1.085e-03  relΔE=1.390e-12  ||F||=1.279e-05
 step= 57000  E=4.706085897065e+02  Q=8.680000000000e+02  λ=9.883955e-01  dt=8.398e-04  relΔE=9.641e-13  ||F||=1.169e-05
 step= 57500  E=4.706085894202e+02  Q=8.680000000000e+02  λ=9.883954e-01  dt=1.300e-03  relΔE=1.338e-12  ||F||=1.073e-05
 step= 58000  E=4.706085891702e+02  Q=8.680000000000e+02  λ=9.883953e-01  dt=1.006e-03  relΔE=9.321e-13  ||F||=9.728e-06
 step= 58500  E=4.706085889371e+02  Q=8.680000000000e+02  λ=9.883952e-01  dt=7.787e-04  relΔE=6.527e-13  ||F||=9.099e-06
 step= 59000  E=4.706085887324e+02  Q=8.680000000000e+02  λ=9.883951e-01  dt=1.205e-03  relΔE=9.045e-13  ||F||=8.100e-06
 step= 59500  E=4.706085885482e+02  Q=8.680000000000e+02  λ=9.883950e-01  dt=9.330e-04  relΔE=6.317e-13  ||F||=7.404e-06
 step= 60000  E=4.706085883758e+02  Q=8.680000000000e+02  λ=9.883949e-01  dt=7.221e-04  relΔE=4.985e-13  ||F||=1.010e-05
 step= 60500  E=4.706085882288e+02  Q=8.680000000000e+02  λ=9.883949e-01  dt=1.118e-03  relΔE=6.167e-13  ||F||=6.168e-06
 step= 61000  E=4.706085880910e+02  Q=8.680000000000e+02  λ=9.883948e-01  dt=8.651e-04  relΔE=4.312e-13  ||F||=5.648e-06
 step= 61500  E=4.706085879656e+02  Q=8.680000000000e+02  λ=9.883947e-01  dt=1.339e-03  relΔE=6.030e-13  ||F||=6.642e-06
 step= 62000  E=4.706085878560e+02  Q=8.680000000000e+02  λ=9.883947e-01  dt=1.036e-03  relΔE=4.234e-13  ||F||=4.693e-06
 step= 62500  E=4.706085877536e+02  Q=8.680000000000e+02  λ=9.883947e-01  dt=8.022e-04  relΔE=2.975e-13  ||F||=4.354e-06
 step= 63000  E=4.706085876615e+02  Q=8.680000000000e+02  λ=9.883946e-01  dt=1.242e-03  relΔE=4.160e-13  ||F||=3.909e-06
 step= 63500  E=4.706085875794e+02  Q=8.680000000000e+02  λ=9.883946e-01  dt=9.610e-04  relΔE=2.925e-13  ||F||=3.574e-06
 step= 64000  E=4.706085875020e+02  Q=8.680000000000e+02  λ=9.883945e-01  dt=7.438e-04  relΔE=2.091e-13  ||F||=3.779e-06
 step= 64500  E=4.706085874348e+02  Q=8.680000000000e+02  λ=9.883945e-01  dt=1.151e-03  relΔE=2.889e-13  ||F||=2.976e-06
 step= 65000  E=4.706085873724e+02  Q=8.680000000000e+02  λ=9.883945e-01  dt=8.911e-04  relΔE=2.030e-13  ||F||=2.725e-06
 step= 65500  E=4.706085873146e+02  Q=8.680000000000e+02  λ=9.883945e-01  dt=1.379e-03  relΔE=2.824e-13  ||F||=1.495e-05
 step= 66000  E=4.706085872645e+02  Q=8.680000000000e+02  λ=9.883944e-01  dt=1.068e-03  relΔE=2.009e-13  ||F||=2.265e-06
 step= 66500  E=4.706085872172e+02  Q=8.680000000000e+02  λ=9.883944e-01  dt=8.263e-04  relΔE=1.417e-13  ||F||=2.117e-06
 step= 67000  E=4.706085871745e+02  Q=8.680000000000e+02  λ=9.883944e-01  dt=1.279e-03  relΔE=1.989e-13  ||F||=1.899e-06
 step= 67500  E=4.706085871364e+02  Q=8.680000000000e+02  λ=9.883944e-01  dt=9.899e-04  relΔE=1.402e-13  ||F||=1.725e-06
 step= 68000  E=4.706085871005e+02  Q=8.680000000000e+02  λ=9.883944e-01  dt=7.662e-04  relΔE=9.977e-14  ||F||=1.878e-06
 step= 68500  E=4.706085870688e+02  Q=8.680000000000e+02  λ=9.883943e-01  dt=1.186e-03  relΔE=1.391e-13  ||F||=1.436e-06
 step= 69000  E=4.706085870397e+02  Q=8.680000000000e+02  λ=9.883943e-01  dt=9.179e-04  relΔE=9.832e-14  ||F||=1.319e-06
 step= 69500  E=4.706085870125e+02  Q=8.680000000000e+02  λ=9.883943e-01  dt=1.421e-03  relΔE=3.128e-14  ||F||=8.086e-05
 step= 70000  E=4.706085869889e+02  Q=8.680000000000e+02  λ=9.883943e-01  dt=1.100e-03  relΔE=9.772e-14  ||F||=1.094e-06
 step= 70500  E=4.706085869666e+02  Q=8.680000000000e+02  λ=9.883943e-01  dt=8.511e-04  relΔE=6.849e-14  ||F||=1.041e-06
 step= 71000  E=4.706085869463e+02  Q=8.680000000000e+02  λ=9.883943e-01  dt=1.318e-03  relΔE=9.687e-14  ||F||=1.169e-06
 step= 71500  E=4.706085869283e+02  Q=8.680000000000e+02  λ=9.883943e-01  dt=1.020e-03  relΔE=6.861e-14  ||F||=8.330e-07
 step= 72000  E=4.706085869114e+02  Q=8.680000000000e+02  λ=9.883943e-01  dt=7.892e-04  relΔE=4.868e-14  ||F||=8.815e-07
 step= 72500  E=4.706085868962e+02  Q=8.680000000000e+02  λ=9.883943e-01  dt=1.222e-03  relΔE=6.800e-14  ||F||=6.934e-07
 step= 73000  E=4.706085868824e+02  Q=8.680000000000e+02  λ=9.883942e-01  dt=9.455e-04  relΔE=4.783e-14  ||F||=6.365e-07
 step= 73500  E=4.706085868694e+02  Q=8.680000000000e+02  λ=9.883942e-01  dt=7.318e-04  relΔE=3.636e-14  ||F||=1.587e-06
 step= 74000  E=4.706085868582e+02  Q=8.680000000000e+02  λ=9.883942e-01  dt=1.133e-03  relΔE=4.771e-14  ||F||=5.281e-07
 step= 74500  E=4.706085868476e+02  Q=8.680000000000e+02  λ=9.883942e-01  dt=8.767e-04  relΔE=3.370e-14  ||F||=5.001e-07
 step= 75000  E=4.706085868378e+02  Q=8.680000000000e+02  λ=9.883942e-01  dt=1.357e-03  relΔE=4.747e-14  ||F||=3.180e-06
 step= 75500  E=4.706085868292e+02  Q=8.680000000000e+02  λ=9.883942e-01  dt=1.050e-03  relΔE=3.370e-14  ||F||=4.025e-07
 step= 76000  E=4.706085868212e+02  Q=8.680000000000e+02  λ=9.883942e-01  dt=8.130e-04  relΔE=2.355e-14  ||F||=4.326e-07
 step= 76500  E=4.706085868138e+02  Q=8.680000000000e+02  λ=9.883942e-01  dt=1.258e-03  relΔE=3.370e-14  ||F||=3.408e-07
 step= 77000  E=4.706085868073e+02  Q=8.680000000000e+02  λ=9.883942e-01  dt=9.740e-04  relΔE=2.355e-14  ||F||=3.076e-07
 step= 77500  E=4.706085868011e+02  Q=8.680000000000e+02  λ=9.883942e-01  dt=7.538e-04  relΔE=1.727e-14  ||F||=5.265e-07
 step= 78000  E=4.706085867956e+02  Q=8.680000000000e+02  λ=9.883942e-01  dt=1.167e-03  relΔE=2.343e-14  ||F||=2.551e-07
 step= 78500  E=4.706085867906e+02  Q=8.680000000000e+02  λ=9.883942e-01  dt=9.031e-04  relΔE=1.691e-14  ||F||=2.422e-07
 step= 79000  E=4.706085867858e+02  Q=8.680000000000e+02  λ=9.883942e-01  dt=1.398e-03  relΔE=2.053e-14  ||F||=1.461e-05
 step= 79500  E=4.706085867817e+02  Q=8.680000000000e+02  λ=9.883942e-01  dt=1.082e-03  relΔE=1.691e-14  ||F||=1.947e-07
 step= 80000  E=4.706085867779e+02  Q=8.680000000000e+02  λ=9.883942e-01  dt=8.374e-04  relΔE=1.220e-14  ||F||=2.189e-07
 step= 80500  E=4.706085867743e+02  Q=8.680000000000e+02  λ=9.883942e-01  dt=1.296e-03  relΔE=1.679e-14  ||F||=2.218e-07
 step= 81000  E=4.706085867712e+02  Q=8.680000000000e+02  λ=9.883942e-01  dt=1.003e-03  relΔE=1.160e-14  ||F||=1.493e-07
 step= 81500  E=4.706085867682e+02  Q=8.680000000000e+02  λ=9.883942e-01  dt=7.765e-04  relΔE=8.334e-15  ||F||=2.715e-07
 step= 82000  E=4.706085867656e+02  Q=8.680000000000e+02  λ=9.883942e-01  dt=1.202e-03  relΔE=1.172e-14  ||F||=1.234e-07
 step= 82500  E=4.706085867631e+02  Q=8.680000000000e+02  λ=9.883942e-01  dt=9.303e-04  relΔE=8.334e-15  ||F||=1.184e-07
 step= 83000  E=4.706085867609e+02  Q=8.680000000000e+02  λ=9.883942e-01  dt=7.200e-04  relΔE=6.160e-15  ||F||=6.831e-07
 step= 83500  E=4.706085867589e+02  Q=8.680000000000e+02  λ=9.883942e-01  dt=1.115e-03  relΔE=7.851e-15  ||F||=9.411e-08
 step= 84000  E=4.706085867570e+02  Q=8.680000000000e+02  λ=9.883942e-01  dt=8.626e-04  relΔE=5.798e-15  ||F||=1.099e-07
 step= 84500  E=4.706085867553e+02  Q=8.680000000000e+02  λ=9.883942e-01  dt=1.335e-03  relΔE=8.214e-15  ||F||=5.540e-07
 step= 85000  E=4.706085867538e+02  Q=8.680000000000e+02  λ=9.883942e-01  dt=1.033e-03  relΔE=5.677e-15  ||F||=7.259e-08
 step= 85500  E=4.706085867524e+02  Q=8.680000000000e+02  λ=9.883942e-01  dt=7.999e-04  relΔE=4.469e-15  ||F||=1.430e-07
 step= 86000  E=4.706085867511e+02  Q=8.680000000000e+02  λ=9.883942e-01  dt=1.238e-03  relΔE=5.556e-15  ||F||=6.124e-08
 step= 86500  E=4.706085867499e+02  Q=8.680000000000e+02  λ=9.883942e-01  dt=9.583e-04  relΔE=3.865e-15  ||F||=5.861e-08
 step= 87000  E=4.706085867488e+02  Q=8.680000000000e+02  λ=9.883942e-01  dt=7.417e-04  relΔE=3.020e-15  ||F||=2.981e-07
 Converged (aggressive): step=87090, E=4.706085867486e+02, Q=8.680000000000e+02, dt=8.900e-04, ||F||=5.000e-08

Stationary candidate (aggressive): E=4.706085867486e+02, Q=8.680000000000e+02, maxρ=7.529440e-01

=== Stability test (damped inertial dynamics) ===
Perturb eps=0.02, gamma=1
t=0: E=5.129636018612e+02, Q=8.680000000000e+02, maxρ=7.767451e-01, σ=2.571845e+00, Rc=1.855332e+01
 step=     1  E=5.129633890438e+02  Q=8.680000000000e+02  λ=1.374548e+00  maxρ=7.767451e-01  minρ=1.000e-15  σ=2.571845e+00  Rc=1.855332e+01
 step=   300  E=5.042371484476e+02  Q=8.680000000000e+02  λ=1.271731e+00  maxρ=7.754274e-01  minρ=1.000e-15  σ=2.571842e+00  Rc=1.855333e+01
 step=   600  E=4.866842109767e+02  Q=8.680000000000e+02  λ=1.085514e+00  maxρ=7.717123e-01  minρ=1.000e-15  σ=2.571836e+00  Rc=1.855333e+01
 step=   900  E=4.764022320644e+02  Q=8.680000000000e+02  λ=1.026076e+00  maxρ=7.662174e-01  minρ=1.000e-15  σ=2.571835e+00  Rc=1.855333e+01
 step=  1200  E=4.803006678516e+02  Q=8.680000000000e+02  λ=1.133342e+00  maxρ=7.637102e-01  minρ=1.000e-15  σ=2.571837e+00  Rc=1.855332e+01
 step=  1500  E=4.908215387650e+02  Q=8.680000000000e+02  λ=1.249858e+00  maxρ=7.683503e-01  minρ=1.000e-15  σ=2.571839e+00  Rc=1.855332e+01
 step=  1800  E=4.962077071195e+02  Q=8.680000000000e+02  λ=1.236065e+00  maxρ=7.708097e-01  minρ=1.000e-15  σ=2.571836e+00  Rc=1.855332e+01
 step=  2100  E=4.930595034386e+02  Q=8.680000000000e+02  λ=1.134828e+00  maxρ=7.668859e-01  minρ=1.000e-15  σ=2.571833e+00  Rc=1.855332e+01
 step=  2400  E=4.875036511499e+02  Q=8.680000000000e+02  λ=1.087769e+00  maxρ=7.593742e-01  minρ=1.000e-15  σ=2.571833e+00  Rc=1.855332e+01
 step=  2700  E=4.861331188731e+02  Q=8.680000000000e+02  λ=1.142374e+00  maxρ=7.620855e-01  minρ=1.000e-15  σ=2.571836e+00  Rc=1.855332e+01
 step=  3000  E=4.888322887927e+02  Q=8.680000000000e+02  λ=1.208494e+00  maxρ=7.716569e-01  minρ=1.000e-15  σ=2.571837e+00  Rc=1.855332e+01
 step=  3300  E=4.908864980620e+02  Q=8.680000000000e+02  λ=1.196491e+00  maxρ=7.736369e-01  minρ=1.000e-15  σ=2.571833e+00  Rc=1.855332e+01
 step=  3600  E=4.896601061450e+02  Q=8.680000000000e+02  λ=1.131883e+00  maxρ=7.694124e-01  minρ=1.000e-15  σ=2.571829e+00  Rc=1.855332e+01
 step=  3900  E=4.870696365537e+02  Q=8.680000000000e+02  λ=1.102750e+00  maxρ=7.694179e-01  minρ=1.000e-15  σ=2.571829e+00  Rc=1.855332e+01
 step=  4200  E=4.860996462677e+02  Q=8.680000000000e+02  λ=1.135164e+00  maxρ=7.667456e-01  minρ=1.000e-15  σ=2.571832e+00  Rc=1.855331e+01
 step=  4500  E=4.870187279871e+02  Q=8.680000000000e+02  λ=1.170721e+00  maxρ=7.646965e-01  minρ=1.000e-15  σ=2.571833e+00  Rc=1.855331e+01
 step=  4800  E=4.878601477334e+02  Q=8.680000000000e+02  λ=1.158509e+00  maxρ=7.678667e-01  minρ=1.000e-15  σ=2.571830e+00  Rc=1.855331e+01
 step=  5100  E=4.874220370751e+02  Q=8.680000000000e+02  λ=1.120967e+00  maxρ=7.688975e-01  minρ=1.000e-15  σ=2.571824e+00  Rc=1.855331e+01
 step=  5400  E=4.864441160203e+02  Q=8.680000000000e+02  λ=1.110719e+00  maxρ=7.679953e-01  minρ=1.000e-15  σ=2.571823e+00  Rc=1.855330e+01
 step=  5700  E=4.860439836946e+02  Q=8.680000000000e+02  λ=1.134507e+00  maxρ=7.653767e-01  minρ=1.000e-15  σ=2.571825e+00  Rc=1.855330e+01
 step=  6000  E=4.861865195741e+02  Q=8.680000000000e+02  λ=1.151897e+00  maxρ=7.632633e-01  minρ=1.000e-15  σ=2.571825e+00  Rc=1.855330e+01
 >>> No runaway detected in this horizon. Likely stable (within this model & box).

STABILITY: PASS
