
=== Aggressive relaxation to Q = 179 ===
Initial: E=2.220052969221e+02, Q=1.790000000000e+02, dt=1.000e-04
 step=     1  E=2.220017223078e+02  Q=1.790000000000e+02  λ=2.386213e+00  dt=1.000e-04  relΔE=1.610e-05  ||F||=4.472e-01
 step=   500  E=2.175579236189e+02  Q=1.790000000000e+02  λ=2.338022e+00  dt=6.192e-04  relΔE=7.800e-05  ||F||=4.289e-01
 step=  1000  E=2.045346229287e+02  Q=1.790000000000e+02  λ=2.197163e+00  dt=9.584e-04  relΔE=1.023e-04  ||F||=3.827e-01
 step=  1500  E=1.932934441576e+02  Q=1.790000000000e+02  λ=2.076118e+00  dt=7.418e-04  relΔE=7.109e-05  ||F||=3.526e-01
 step=  2000  E=1.843406120860e+02  Q=1.790000000000e+02  λ=1.980125e+00  dt=1.148e-03  relΔE=9.471e-05  ||F||=3.194e-01
 step=  2500  E=1.765377375881e+02  Q=1.790000000000e+02  λ=1.896565e+00  dt=8.887e-04  relΔE=6.536e-05  ||F||=2.951e-01
 step=  3000  E=1.697287973618e+02  Q=1.790000000000e+02  λ=1.823951e+00  dt=1.376e-03  relΔE=8.949e-05  ||F||=4.412e-01
 step=  3500  E=1.641040386266e+02  Q=1.790000000000e+02  λ=1.763896e+00  dt=1.065e-03  relΔE=6.314e-05  ||F||=2.555e-01
 step=  4000  E=1.590120139076e+02  Q=1.790000000000e+02  λ=1.709685e+00  dt=8.241e-04  relΔE=4.420e-05  ||F||=2.392e-01
 step=  4500  E=1.545575069113e+02  Q=1.790000000000e+02  λ=1.662401e+00  dt=1.276e-03  relΔE=6.194e-05  ||F||=2.244e-01
 step=  5000  E=1.506987046197e+02  Q=1.790000000000e+02  λ=1.621452e+00  dt=9.873e-04  relΔE=4.378e-05  ||F||=2.117e-01
 step=  5500  E=1.472299083805e+02  Q=1.790000000000e+02  λ=1.584740e+00  dt=1.274e-03  relΔE=5.181e-05  ||F||=2.005e-01
 step=  6000  E=1.441325904267e+02  Q=1.790000000000e+02  λ=1.551979e+00  dt=9.857e-04  relΔE=3.703e-05  ||F||=1.906e-01
 step=  6500  E=1.412109342760e+02  Q=1.790000000000e+02  λ=1.521134e+00  dt=7.629e-04  relΔE=2.688e-05  ||F||=1.827e-01
 step=  7000  E=1.386301254151e+02  Q=1.790000000000e+02  λ=1.493966e+00  dt=1.181e-03  relΔE=3.862e-05  ||F||=1.744e-01
 step=  7500  E=1.362116349665e+02  Q=1.790000000000e+02  λ=1.468523e+00  dt=9.140e-04  relΔE=2.830e-05  ||F||=1.682e-01
 step=  8000  E=1.338876401842e+02  Q=1.790000000000e+02  λ=1.444845e+00  dt=1.415e-03  relΔE=2.253e-05  ||F||=1.274e+00
 step=  8500  E=1.318060969108e+02  Q=1.790000000000e+02  λ=1.422326e+00  dt=1.095e-03  relΔE=3.128e-05  ||F||=1.589e-01
 step=  9000  E=1.297480003081e+02  Q=1.790000000000e+02  λ=1.400771e+00  dt=8.475e-04  relΔE=2.356e-05  ||F||=1.555e-01
 step=  9500  E=1.277656696245e+02  Q=1.790000000000e+02  λ=1.380035e+00  dt=1.312e-03  relΔE=3.566e-05  ||F||=1.530e-01
 step= 10000  E=1.259044321593e+02  Q=1.790000000000e+02  λ=1.360510e+00  dt=1.015e-03  relΔE=2.709e-05  ||F||=1.501e-01
 step= 10500  E=1.240477402556e+02  Q=1.790000000000e+02  λ=1.340973e+00  dt=7.858e-04  relΔE=2.064e-05  ||F||=1.478e-01
 step= 11000  E=1.222877293960e+02  Q=1.790000000000e+02  λ=1.322379e+00  dt=1.216e-03  relΔE=3.109e-05  ||F||=1.448e-01
 step= 11500  E=1.206077547461e+02  Q=1.790000000000e+02  λ=1.304478e+00  dt=9.414e-04  relΔE=2.335e-05  ||F||=1.416e-01
 step= 12000  E=1.189466140080e+02  Q=1.790000000000e+02  λ=1.286618e+00  dt=7.286e-04  relΔE=1.890e-05  ||F||=1.441e-01
 step= 12500  E=1.174672193257e+02  Q=1.790000000000e+02  λ=1.270546e+00  dt=1.128e-03  relΔE=2.541e-05  ||F||=1.332e-01
 step= 13000  E=1.160491407174e+02  Q=1.790000000000e+02  λ=1.254929e+00  dt=8.730e-04  relΔE=1.833e-05  ||F||=1.278e-01
 step= 13500  E=1.147409807842e+02  Q=1.790000000000e+02  λ=1.240336e+00  dt=1.351e-03  relΔE=2.594e-05  ||F||=1.298e-01
 step= 14000  E=1.136075117688e+02  Q=1.790000000000e+02  λ=1.227477e+00  dt=1.046e-03  relΔE=1.813e-05  ||F||=1.149e-01
 step= 14500  E=1.125744618617e+02  Q=1.790000000000e+02  λ=1.215568e+00  dt=8.095e-04  relΔE=1.242e-05  ||F||=1.076e-01
 step= 15000  E=1.116827391857e+02  Q=1.790000000000e+02  λ=1.205120e+00  dt=1.253e-03  relΔE=1.665e-05  ||F||=9.976e-02
 step= 15500  E=1.109338320310e+02  Q=1.790000000000e+02  λ=1.196172e+00  dt=9.698e-04  relΔE=1.103e-05  ||F||=9.197e-02
 step= 16000  E=1.102793466169e+02  Q=1.790000000000e+02  λ=1.188200e+00  dt=7.506e-04  relΔE=7.302e-06  ||F||=8.483e-02
 step= 16500  E=1.097588628021e+02  Q=1.790000000000e+02  λ=1.181735e+00  dt=1.162e-03  relΔE=9.182e-06  ||F||=7.626e-02
 step= 17000  E=1.093239242333e+02  Q=1.790000000000e+02  λ=1.176207e+00  dt=8.992e-04  relΔE=5.807e-06  ||F||=6.880e-02
 step= 17500  E=1.089640662320e+02  Q=1.790000000000e+02  λ=1.171538e+00  dt=1.392e-03  relΔE=6.906e-06  ||F||=1.634e-01
 step= 18000  E=1.086909072825e+02  Q=1.790000000000e+02  λ=1.167879e+00  dt=1.077e-03  relΔE=4.487e-06  ||F||=5.509e-02
 step= 18500  E=1.084653591907e+02  Q=1.790000000000e+02  λ=1.164783e+00  dt=8.338e-04  relΔE=2.746e-06  ||F||=4.893e-02
 step= 19000  E=1.082885332308e+02  Q=1.790000000000e+02  λ=1.162283e+00  dt=1.291e-03  relΔE=3.327e-06  ||F||=4.329e-02
 step= 19500  E=1.081536518198e+02  Q=1.790000000000e+02  λ=1.160309e+00  dt=9.989e-04  relΔE=2.016e-06  ||F||=3.825e-02
 step= 20000  E=1.080453272693e+02  Q=1.790000000000e+02  λ=1.158666e+00  dt=7.731e-04  relΔE=1.214e-06  ||F||=3.372e-02
 step= 20500  E=1.079638678883e+02  Q=1.790000000000e+02  λ=1.157381e+00  dt=1.197e-03  relΔE=1.441e-06  ||F||=2.952e-02
 step= 21000  E=1.079008461300e+02  Q=1.790000000000e+02  λ=1.156342e+00  dt=9.263e-04  relΔE=8.579e-07  ||F||=2.588e-02
 step= 21500  E=1.078510465884e+02  Q=1.790000000000e+02  λ=1.155480e+00  dt=7.169e-04  relΔE=6.240e-07  ||F||=2.696e-02
 step= 22000  E=1.078151731799e+02  Q=1.790000000000e+02  λ=1.154827e+00  dt=1.110e-03  relΔE=5.997e-07  ||F||=1.976e-02
 step= 22500  E=1.077866953821e+02  Q=1.790000000000e+02  λ=1.154278e+00  dt=8.589e-04  relΔE=3.525e-07  ||F||=1.722e-02
 step= 23000  E=1.077650594966e+02  Q=1.790000000000e+02  λ=1.153835e+00  dt=1.329e-03  relΔE=4.122e-07  ||F||=1.519e-02
 step= 23500  E=1.077491611756e+02  Q=1.790000000000e+02  λ=1.153486e+00  dt=1.029e-03  relΔE=2.430e-07  ||F||=1.306e-02
 step= 24000  E=1.077367369714e+02  Q=1.790000000000e+02  λ=1.153194e+00  dt=7.964e-04  relΔE=1.422e-07  ||F||=1.135e-02
 step= 24500  E=1.077274579621e+02  Q=1.790000000000e+02  λ=1.152959e+00  dt=1.233e-03  relΔE=1.658e-07  ||F||=9.849e-03
 step= 25000  E=1.077205474229e+02  Q=1.790000000000e+02  λ=1.152769e+00  dt=9.541e-04  relΔE=9.719e-08  ||F||=8.570e-03
 step= 25500  E=1.077151296917e+02  Q=1.790000000000e+02  λ=1.152606e+00  dt=7.385e-04  relΔE=5.797e-08  ||F||=7.526e-03
 step= 26000  E=1.077112445089e+02  Q=1.790000000000e+02  λ=1.152479e+00  dt=1.143e-03  relΔE=6.608e-08  ||F||=6.454e-03
 step= 26500  E=1.077082486785e+02  Q=1.790000000000e+02  λ=1.152371e+00  dt=7.373e-04  relΔE=3.560e-08  ||F||=5.914e-03
 step= 27000  E=1.077060301608e+02  Q=1.790000000000e+02  λ=1.152284e+00  dt=1.141e-03  relΔE=3.769e-08  ||F||=4.876e-03
 step= 27500  E=1.077043210554e+02  Q=1.790000000000e+02  λ=1.152209e+00  dt=7.361e-04  relΔE=1.980e-08  ||F||=4.409e-03
 step= 28000  E=1.077030544932e+02  Q=1.790000000000e+02  λ=1.152147e+00  dt=1.139e-03  relΔE=2.149e-08  ||F||=3.684e-03
 step= 28500  E=1.077020699949e+02  Q=1.790000000000e+02  λ=1.152094e+00  dt=8.818e-04  relΔE=1.251e-08  ||F||=3.193e-03
 step= 29000  E=1.077013211459e+02  Q=1.790000000000e+02  λ=1.152049e+00  dt=1.365e-03  relΔE=1.447e-08  ||F||=3.249e-03
 step= 29500  E=1.077007792058e+02  Q=1.790000000000e+02  λ=1.152013e+00  dt=1.056e-03  relΔE=8.510e-09  ||F||=2.404e-03
 step= 30000  E=1.077003573089e+02  Q=1.790000000000e+02  λ=1.151981e+00  dt=8.177e-04  relΔE=4.960e-09  ||F||=2.085e-03
 step= 30500  E=1.077000406421e+02  Q=1.790000000000e+02  λ=1.151955e+00  dt=1.266e-03  relΔE=5.778e-09  ||F||=1.808e-03
 step= 31000  E=1.076998064350e+02  Q=1.790000000000e+02  λ=1.151933e+00  dt=9.796e-04  relΔE=3.393e-09  ||F||=1.574e-03
 step= 31500  E=1.076996226637e+02  Q=1.790000000000e+02  λ=1.151913e+00  dt=7.582e-04  relΔE=2.000e-09  ||F||=1.373e-03
 step= 32000  E=1.076994888376e+02  Q=1.790000000000e+02  λ=1.151898e+00  dt=1.174e-03  relΔE=2.324e-09  ||F||=1.188e-03
 step= 32500  E=1.076993856265e+02  Q=1.790000000000e+02  λ=1.151884e+00  dt=9.084e-04  relΔE=1.366e-09  ||F||=1.034e-03
 step= 33000  E=1.076993053365e+02  Q=1.790000000000e+02  λ=1.151872e+00  dt=1.406e-03  relΔE=1.227e-09  ||F||=5.113e-03
 step= 33500  E=1.076992475554e+02  Q=1.790000000000e+02  λ=1.151863e+00  dt=1.088e-03  relΔE=9.484e-10  ||F||=7.859e-04
 step= 34000  E=1.076992015782e+02  Q=1.790000000000e+02  λ=1.151854e+00  dt=8.423e-04  relΔE=5.600e-10  ||F||=6.856e-04
 step= 34500  E=1.076991664977e+02  Q=1.790000000000e+02  λ=1.151847e+00  dt=1.304e-03  relΔE=6.625e-10  ||F||=5.995e-04
 step= 35000  E=1.076991402291e+02  Q=1.790000000000e+02  λ=1.151842e+00  dt=1.009e-03  relΔE=3.963e-10  ||F||=5.254e-04
 step= 35500  E=1.076991193134e+02  Q=1.790000000000e+02  λ=1.151837e+00  dt=7.810e-04  relΔE=2.373e-10  ||F||=4.615e-04
 step= 36000  E=1.076991034619e+02  Q=1.790000000000e+02  λ=1.151833e+00  dt=1.209e-03  relΔE=2.839e-10  ||F||=4.050e-04
 step= 36500  E=1.076990911703e+02  Q=1.790000000000e+02  λ=1.151829e+00  dt=9.357e-04  relΔE=1.718e-10  ||F||=3.575e-04
 step= 37000  E=1.076990812022e+02  Q=1.790000000000e+02  λ=1.151826e+00  dt=7.242e-04  relΔE=1.149e-10  ||F||=3.334e-04
 step= 37500  E=1.076990737949e+02  Q=1.790000000000e+02  λ=1.151824e+00  dt=1.121e-03  relΔE=1.271e-10  ||F||=2.801e-04
 step= 38000  E=1.076990677174e+02  Q=1.790000000000e+02  λ=1.151822e+00  dt=8.676e-04  relΔE=7.801e-11  ||F||=2.490e-04
 step= 38500  E=1.076990628553e+02  Q=1.790000000000e+02  λ=1.151820e+00  dt=1.343e-03  relΔE=9.603e-11  ||F||=2.313e-04
 step= 39000  E=1.076990590915e+02  Q=1.790000000000e+02  λ=1.151819e+00  dt=1.039e-03  relΔE=6.007e-11  ||F||=1.991e-04
 step= 39500  E=1.076990559583e+02  Q=1.790000000000e+02  λ=1.151818e+00  dt=8.045e-04  relΔE=3.765e-11  ||F||=1.790e-04
 step= 40000  E=1.076990534300e+02  Q=1.790000000000e+02  λ=1.151817e+00  dt=1.245e-03  relΔE=4.743e-11  ||F||=1.614e-04
 step= 40500  E=1.076990513955e+02  Q=1.790000000000e+02  λ=1.151817e+00  dt=9.638e-04  relΔE=3.026e-11  ||F||=1.465e-04
 step= 41000  E=1.076990496518e+02  Q=1.790000000000e+02  λ=1.151816e+00  dt=7.460e-04  relΔE=1.970e-11  ||F||=1.345e-04
 step= 41500  E=1.076990482673e+02  Q=1.790000000000e+02  λ=1.151816e+00  dt=1.155e-03  relΔE=2.497e-11  ||F||=1.217e-04
 step= 42000  E=1.076990470829e+02  Q=1.790000000000e+02  λ=1.151816e+00  dt=8.937e-04  relΔE=1.622e-11  ||F||=1.116e-04
 step= 42500  E=1.076990460659e+02  Q=1.790000000000e+02  λ=1.151816e+00  dt=1.383e-03  relΔE=2.065e-11  ||F||=2.138e-04
 step= 43000  E=1.076990452476e+02  Q=1.790000000000e+02  λ=1.151816e+00  dt=1.071e-03  relΔE=1.393e-11  ||F||=9.492e-05
 step= 43500  E=1.076990445236e+02  Q=1.790000000000e+02  λ=1.151816e+00  dt=8.287e-04  relΔE=9.203e-12  ||F||=8.798e-05
 step= 44000  E=1.076990439060e+02  Q=1.790000000000e+02  λ=1.151816e+00  dt=1.283e-03  relΔE=1.219e-11  ||F||=8.173e-05
 step= 44500  E=1.076990433873e+02  Q=1.790000000000e+02  λ=1.151816e+00  dt=9.928e-04  relΔE=8.155e-12  ||F||=7.626e-05
 step= 45000  E=1.076990429232e+02  Q=1.790000000000e+02  λ=1.151816e+00  dt=7.684e-04  relΔE=5.495e-12  ||F||=7.152e-05
 step= 45500  E=1.076990425327e+02  Q=1.790000000000e+02  λ=1.151817e+00  dt=1.189e-03  relΔE=7.334e-12  ||F||=6.676e-05
 step= 46000  E=1.076990421906e+02  Q=1.790000000000e+02  λ=1.151817e+00  dt=9.206e-04  relΔE=4.948e-12  ||F||=6.270e-05
 step= 46500  E=1.076990418829e+02  Q=1.790000000000e+02  λ=1.151817e+00  dt=5.938e-04  relΔE=1.412e-11  ||F||=7.574e-04
 step= 47000  E=1.076990416356e+02  Q=1.790000000000e+02  λ=1.151818e+00  dt=9.191e-04  relΔE=3.789e-12  ||F||=5.566e-05
 step= 47500  E=1.076990413999e+02  Q=1.790000000000e+02  λ=1.151818e+00  dt=1.423e-03  relΔE=7.653e-15  ||F||=5.838e-04
 step= 48000  E=1.076990412029e+02  Q=1.790000000000e+02  λ=1.151818e+00  dt=1.101e-03  relΔE=3.495e-12  ||F||=4.962e-05
 step= 48500  E=1.076990410236e+02  Q=1.790000000000e+02  λ=1.151819e+00  dt=8.522e-04  relΔE=2.377e-12  ||F||=4.694e-05
 step= 49000  E=1.076990408661e+02  Q=1.790000000000e+02  λ=1.151819e+00  dt=1.319e-03  relΔE=3.229e-12  ||F||=4.470e-05
 step= 49500  E=1.076990407313e+02  Q=1.790000000000e+02  λ=1.151819e+00  dt=1.021e-03  relΔE=2.205e-12  ||F||=4.212e-05
 step= 50000  E=1.076990406090e+02  Q=1.790000000000e+02  λ=1.151820e+00  dt=7.902e-04  relΔE=1.507e-12  ||F||=4.000e-05
 step= 50500  E=1.076990405029e+02  Q=1.790000000000e+02  λ=1.151820e+00  dt=1.223e-03  relΔE=2.044e-12  ||F||=3.790e-05
 step= 51000  E=1.076990404103e+02  Q=1.790000000000e+02  λ=1.151820e+00  dt=9.467e-04  relΔE=1.395e-12  ||F||=3.603e-05
 step= 51500  E=1.076990403258e+02  Q=1.790000000000e+02  λ=1.151821e+00  dt=7.327e-04  relΔE=9.836e-13  ||F||=3.475e-05
 step= 52000  E=1.076990402552e+02  Q=1.790000000000e+02  λ=1.151821e+00  dt=1.134e-03  relΔE=1.290e-12  ||F||=3.256e-05
 step= 52500  E=1.076990401912e+02  Q=1.790000000000e+02  λ=1.151821e+00  dt=8.779e-04  relΔE=8.765e-13  ||F||=3.098e-05
 step= 53000  E=1.076990401346e+02  Q=1.790000000000e+02  λ=1.151821e+00  dt=1.359e-03  relΔE=1.183e-12  ||F||=3.335e-05
 step= 53500  E=1.076990400869e+02  Q=1.790000000000e+02  λ=1.151822e+00  dt=1.052e-03  relΔE=8.045e-13  ||F||=2.807e-05
 step= 54000  E=1.076990400439e+02  Q=1.790000000000e+02  λ=1.151822e+00  dt=8.140e-04  relΔE=5.438e-13  ||F||=2.675e-05
 step= 54500  E=1.076990400066e+02  Q=1.790000000000e+02  λ=1.151822e+00  dt=1.260e-03  relΔE=7.306e-13  ||F||=2.547e-05
 step= 55000  E=1.076990399748e+02  Q=1.790000000000e+02  λ=1.151823e+00  dt=9.752e-04  relΔE=4.919e-13  ||F||=2.429e-05
 step= 55500  E=1.076990399463e+02  Q=1.790000000000e+02  λ=1.151823e+00  dt=7.548e-04  relΔE=3.336e-13  ||F||=2.327e-05
 step= 56000  E=1.076990399227e+02  Q=1.790000000000e+02  λ=1.151823e+00  dt=1.168e-03  relΔE=4.374e-13  ||F||=2.209e-05
 step= 56500  E=1.076990399020e+02  Q=1.790000000000e+02  λ=1.151823e+00  dt=9.043e-04  relΔE=2.898e-13  ||F||=2.108e-05
 step= 57000  E=1.076990398839e+02  Q=1.790000000000e+02  λ=1.151824e+00  dt=1.400e-03  relΔE=3.245e-13  ||F||=6.831e-05
 step= 57500  E=1.076990398695e+02  Q=1.790000000000e+02  λ=1.151824e+00  dt=1.083e-03  relΔE=2.482e-13  ||F||=1.920e-05
 step= 58000  E=1.076990398569e+02  Q=1.790000000000e+02  λ=1.151824e+00  dt=8.385e-04  relΔE=1.605e-13  ||F||=1.832e-05
 step= 58500  E=1.076990398464e+02  Q=1.790000000000e+02  λ=1.151824e+00  dt=1.298e-03  relΔE=2.041e-13  ||F||=1.750e-05
 step= 59000  E=1.076990398381e+02  Q=1.790000000000e+02  λ=1.151824e+00  dt=1.005e-03  relΔE=1.289e-13  ||F||=1.671e-05
 step= 59500  E=1.076990398312e+02  Q=1.790000000000e+02  λ=1.151825e+00  dt=7.775e-04  relΔE=7.943e-14  ||F||=1.597e-05
 step= 60000  E=1.076990398259e+02  Q=1.790000000000e+02  λ=1.151825e+00  dt=1.203e-03  relΔE=9.461e-14  ||F||=1.524e-05
 step= 60500  E=1.076990398219e+02  Q=1.790000000000e+02  λ=1.151825e+00  dt=9.315e-04  relΔE=5.384e-14  ||F||=1.457e-05
 step= 61000  E=1.076990398189e+02  Q=1.790000000000e+02  λ=1.151825e+00  dt=7.209e-04  relΔE=3.193e-14  ||F||=1.403e-05
 step= 61500  E=1.076990398171e+02  Q=1.790000000000e+02  λ=1.151825e+00  dt=1.116e-03  relΔE=2.599e-14  ||F||=1.331e-05
 step= 62000  E=1.076990398161e+02  Q=1.790000000000e+02  λ=1.151826e+00  dt=8.637e-04  relΔE=8.181e-15  ||F||=1.272e-05
  !! dt fell below dt_min: stiffness-limited termination.

Stationary candidate (aggressive): E=1.076990398159e+02, Q=1.790000000000e+02, maxρ=2.797628e-01

=== Stability test (damped inertial dynamics) ===
Perturb eps=0.02, gamma=1
t=0: E=1.165073317507e+02, Q=1.790000000000e+02, maxρ=2.897793e-01, σ=3.424397e+00, Rc=1.835197e+01
 step=     1  E=1.165072873549e+02  Q=1.790000000000e+02  λ=1.542938e+00  maxρ=2.897793e-01  minρ=1.000e-15  σ=3.424397e+00  Rc=1.835197e+01
 step=   300  E=1.146873219535e+02  Q=1.790000000000e+02  λ=1.438448e+00  maxρ=2.892879e-01  minρ=1.000e-15  σ=3.424393e+00  Rc=1.835197e+01
 step=   600  E=1.110303243046e+02  Q=1.790000000000e+02  λ=1.249520e+00  maxρ=2.879021e-01  minρ=1.000e-15  σ=3.424387e+00  Rc=1.835197e+01
 step=   900  E=1.088970427487e+02  Q=1.790000000000e+02  λ=1.189978e+00  maxρ=2.858522e-01  minρ=1.000e-15  σ=3.424387e+00  Rc=1.835197e+01
 step=  1200  E=1.097210875201e+02  Q=1.790000000000e+02  λ=1.299654e+00  maxρ=2.849347e-01  minρ=1.000e-15  σ=3.424391e+00  Rc=1.835197e+01
 step=  1500  E=1.119147915478e+02  Q=1.790000000000e+02  λ=1.417587e+00  maxρ=2.858465e-01  minρ=1.000e-15  σ=3.424393e+00  Rc=1.835196e+01
 step=  1800  E=1.130271344998e+02  Q=1.790000000000e+02  λ=1.402311e+00  maxρ=2.867622e-01  minρ=1.000e-15  σ=3.424389e+00  Rc=1.835196e+01
 step=  2100  E=1.123634466206e+02  Q=1.790000000000e+02  λ=1.298931e+00  maxρ=2.853033e-01  minρ=1.000e-15  σ=3.424384e+00  Rc=1.835197e+01
 step=  2400  E=1.112104158542e+02  Q=1.790000000000e+02  λ=1.252118e+00  maxρ=2.823669e-01  minρ=1.000e-15  σ=3.424385e+00  Rc=1.835197e+01
 step=  2700  E=1.109334335854e+02  Q=1.790000000000e+02  λ=1.308898e+00  maxρ=2.841090e-01  minρ=1.000e-15  σ=3.424390e+00  Rc=1.835196e+01
 step=  3000  E=1.114927303930e+02  Q=1.790000000000e+02  λ=1.375922e+00  maxρ=2.876782e-01  minρ=1.000e-15  σ=3.424393e+00  Rc=1.835196e+01
 step=  3300  E=1.119059104674e+02  Q=1.790000000000e+02  λ=1.362182e+00  maxρ=2.884184e-01  minρ=1.000e-15  σ=3.424388e+00  Rc=1.835197e+01
 step=  3600  E=1.116418937013e+02  Q=1.790000000000e+02  λ=1.295534e+00  maxρ=2.862789e-01  minρ=1.000e-15  σ=3.424383e+00  Rc=1.835197e+01
 step=  3900  E=1.111128668543e+02  Q=1.790000000000e+02  λ=1.266791e+00  maxρ=2.858762e-01  minρ=1.000e-15  σ=3.424383e+00  Rc=1.835196e+01
 step=  4200  E=1.109297921020e+02  Q=1.790000000000e+02  λ=1.301415e+00  maxρ=2.848829e-01  minρ=1.000e-15  σ=3.424388e+00  Rc=1.835196e+01
 step=  4500  E=1.111260958987e+02  Q=1.790000000000e+02  λ=1.337999e+00  maxρ=2.844179e-01  minρ=1.000e-15  σ=3.424391e+00  Rc=1.835196e+01
 step=  4800  E=1.112861566754e+02  Q=1.790000000000e+02  λ=1.324354e+00  maxρ=2.856707e-01  minρ=1.000e-15  σ=3.424388e+00  Rc=1.835196e+01
 step=  5100  E=1.111784879445e+02  Q=1.790000000000e+02  λ=1.284924e+00  maxρ=2.858042e-01  minρ=1.000e-15  σ=3.424383e+00  Rc=1.835196e+01
 step=  5400  E=1.109778306734e+02  Q=1.790000000000e+02  λ=1.274757e+00  maxρ=2.854682e-01  minρ=1.000e-15  σ=3.424381e+00  Rc=1.835196e+01
 step=  5700  E=1.109137884721e+02  Q=1.790000000000e+02  λ=1.300276e+00  maxρ=2.844938e-01  minρ=1.000e-15  σ=3.424383e+00  Rc=1.835195e+01
 step=  6000  E=1.109553491198e+02  Q=1.790000000000e+02  λ=1.318669e+00  maxρ=2.836943e-01  minρ=1.000e-15  σ=3.424385e+00  Rc=1.835195e+01
 >>> No runaway detected in this horizon. Likely stable (within this model & box).

STABILITY: PASS
