
=== Aggressive relaxation to Q = 1397 ===
Initial: E=1.636716772122e+03, Q=1.397000000000e+03, dt=1.000e-04
 step=     1  E=1.636670228000e+03  Q=1.397000000000e+03  λ=2.394488e+00  dt=1.000e-04  relΔE=2.844e-05  ||F||=5.776e-01
 step=   500  E=1.584480289277e+03  Q=1.397000000000e+03  λ=2.288219e+00  dt=6.192e-04  relΔE=1.156e-04  ||F||=5.044e-01
 step=  1000  E=1.460869986979e+03  Q=1.397000000000e+03  λ=2.058342e+00  dt=9.584e-04  relΔE=1.240e-04  ||F||=4.031e-01
 step=  1500  E=1.368155088439e+03  Q=1.397000000000e+03  λ=1.900438e+00  dt=7.418e-04  relΔE=7.889e-05  ||F||=3.537e-01
 step=  2000  E=1.299053452522e+03  Q=1.397000000000e+03  λ=1.788145e+00  dt=1.148e-03  relΔE=1.010e-04  ||F||=3.133e-01
 step=  2500  E=1.241664853426e+03  Q=1.397000000000e+03  λ=1.697317e+00  dt=8.887e-04  relΔE=6.714e-05  ||F||=2.839e-01
 step=  3000  E=1.193153670053e+03  Q=1.397000000000e+03  λ=1.622194e+00  dt=1.376e-03  relΔE=8.906e-05  ||F||=4.420e-01
 step=  3500  E=1.154159410161e+03  Q=1.397000000000e+03  λ=1.562512e+00  dt=1.065e-03  relΔE=6.156e-05  ||F||=2.395e-01
 step=  4000  E=1.119561205764e+03  Q=1.397000000000e+03  λ=1.510240e+00  dt=8.241e-04  relΔE=4.228e-05  ||F||=2.222e-01
 step=  4500  E=1.089782821803e+03  Q=1.397000000000e+03  λ=1.465754e+00  dt=1.276e-03  relΔE=5.831e-05  ||F||=2.069e-01
 step=  5000  E=1.064328782946e+03  Q=1.397000000000e+03  λ=1.427998e+00  dt=9.873e-04  relΔE=4.065e-05  ||F||=1.940e-01
 step=  5500  E=1.041013005762e+03  Q=1.397000000000e+03  λ=1.393681e+00  dt=7.641e-04  relΔE=2.878e-05  ||F||=1.836e-01
 step=  6000  E=1.021018910827e+03  Q=1.397000000000e+03  λ=1.364484e+00  dt=1.183e-03  relΔE=4.005e-05  ||F||=1.724e-01
 step=  6500  E=1.002894238618e+03  Q=1.397000000000e+03  λ=1.338147e+00  dt=9.154e-04  relΔE=2.839e-05  ||F||=1.635e-01
 step=  7000  E=9.860911688526e+02  Q=1.397000000000e+03  λ=1.314946e+00  dt=1.417e-03  relΔE=8.977e-06  ||F||=1.564e+00
 step=  7500  E=9.715749019413e+02  Q=1.397000000000e+03  λ=1.293046e+00  dt=1.097e-03  relΔE=2.901e-05  ||F||=1.486e-01
 step=  8000  E=9.578089256116e+02  Q=1.397000000000e+03  λ=1.273373e+00  dt=8.488e-04  relΔE=2.094e-05  ||F||=1.425e-01
 step=  8500  E=9.450761250177e+02  Q=1.397000000000e+03  λ=1.255294e+00  dt=1.314e-03  relΔE=3.040e-05  ||F||=1.375e-01
 step=  9000  E=9.335548187538e+02  Q=1.397000000000e+03  λ=1.238992e+00  dt=1.017e-03  relΔE=2.229e-05  ||F||=1.326e-01
 step=  9500  E=9.224123840694e+02  Q=1.397000000000e+03  λ=1.223302e+00  dt=7.871e-04  relΔE=1.650e-05  ||F||=1.289e-01
 step= 10000  E=9.120258876002e+02  Q=1.397000000000e+03  λ=1.208755e+00  dt=1.218e-03  relΔE=2.448e-05  ||F||=1.255e-01
 step= 10500  E=9.021876852505e+02  Q=1.397000000000e+03  λ=1.195008e+00  dt=9.430e-04  relΔE=1.839e-05  ||F||=1.229e-01
 step= 11000  E=8.923274130620e+02  Q=1.397000000000e+03  λ=1.181270e+00  dt=7.298e-04  relΔE=1.485e-05  ||F||=1.250e-01
 step= 11500  E=8.832420846995e+02  Q=1.397000000000e+03  λ=1.168641e+00  dt=1.130e-03  relΔE=2.128e-05  ||F||=1.196e-01
 step= 12000  E=8.740210725411e+02  Q=1.397000000000e+03  λ=1.155811e+00  dt=8.744e-04  relΔE=1.642e-05  ||F||=1.187e-01
 step= 12500  E=8.648110373734e+02  Q=1.397000000000e+03  λ=1.142993e+00  dt=1.353e-03  relΔE=2.548e-05  ||F||=1.284e-01
 step= 13000  E=8.559700133500e+02  Q=1.397000000000e+03  λ=1.130628e+00  dt=1.048e-03  relΔE=1.996e-05  ||F||=1.184e-01
 step= 13500  E=8.468017371193e+02  Q=1.397000000000e+03  λ=1.117745e+00  dt=8.108e-04  relΔE=1.576e-05  ||F||=1.189e-01
 step= 14000  E=8.376261626337e+02  Q=1.397000000000e+03  λ=1.104781e+00  dt=1.255e-03  relΔE=2.483e-05  ||F||=1.193e-01
 step= 14500  E=8.285288657359e+02  Q=1.397000000000e+03  λ=1.091812e+00  dt=9.713e-04  relΔE=1.962e-05  ||F||=1.199e-01
 step= 15000  E=8.189982782640e+02  Q=1.397000000000e+03  λ=1.078110e+00  dt=7.518e-04  relΔE=1.570e-05  ||F||=1.213e-01
 step= 15500  E=8.097932203378e+02  Q=1.397000000000e+03  λ=1.064776e+00  dt=1.164e-03  relΔE=2.427e-05  ||F||=1.204e-01
 step= 16000  E=8.004572347231e+02  Q=1.397000000000e+03  λ=1.051122e+00  dt=9.007e-04  relΔE=1.885e-05  ||F||=1.200e-01
 step= 16500  E=7.910195680867e+02  Q=1.397000000000e+03  λ=1.037283e+00  dt=1.394e-03  relΔE=2.710e-05  ||F||=3.659e-01
 step= 17000  E=7.823524903445e+02  Q=1.397000000000e+03  λ=1.024374e+00  dt=1.079e-03  relΔE=2.172e-05  ||F||=1.163e-01
 step= 17500  E=7.737825806150e+02  Q=1.397000000000e+03  λ=1.011600e+00  dt=8.352e-04  relΔE=1.602e-05  ||F||=1.129e-01
 step= 18000  E=7.658066206201e+02  Q=1.397000000000e+03  λ=9.996843e-01  dt=1.293e-03  relΔE=2.302e-05  ||F||=1.083e-01
 step= 18500  E=7.587474151710e+02  Q=1.397000000000e+03  λ=9.891048e-01  dt=1.001e-03  relΔE=1.619e-05  ||F||=1.027e-01
 step= 19000  E=7.522408812278e+02  Q=1.397000000000e+03  λ=9.793535e-01  dt=7.744e-04  relΔE=1.115e-05  ||F||=9.647e-02
 step= 19500  E=7.467679214873e+02  Q=1.397000000000e+03  λ=9.711713e-01  dt=1.199e-03  relΔE=1.476e-05  ||F||=8.889e-02
 step= 20000  E=7.421152760628e+02  Q=1.397000000000e+03  λ=9.642255e-01  dt=9.278e-04  relΔE=9.619e-06  ||F||=8.130e-02
 step= 20500  E=7.381441898172e+02  Q=1.397000000000e+03  λ=9.583246e-01  dt=7.181e-04  relΔE=7.165e-06  ||F||=8.439e-02
 step= 21000  E=7.351107705231e+02  Q=1.397000000000e+03  λ=9.538450e-01  dt=1.112e-03  relΔE=7.619e-06  ||F||=6.579e-02
 step= 21500  E=7.326031208479e+02  Q=1.397000000000e+03  λ=9.501643e-01  dt=8.603e-04  relΔE=4.651e-06  ||F||=5.832e-02
 step= 22000  E=7.306440480187e+02  Q=1.397000000000e+03  λ=9.473176e-01  dt=1.332e-03  relΔE=5.566e-06  ||F||=5.212e-02
 step= 22500  E=7.291819628708e+02  Q=1.397000000000e+03  λ=9.452122e-01  dt=1.031e-03  relΔE=3.314e-06  ||F||=4.487e-02
 step= 23000  E=7.280383602883e+02  Q=1.397000000000e+03  λ=9.435866e-01  dt=7.977e-04  relΔE=1.939e-06  ||F||=3.898e-02
 step= 23500  E=7.271884157612e+02  Q=1.397000000000e+03  λ=9.423981e-01  dt=1.235e-03  relΔE=2.238e-06  ||F||=3.364e-02
 step= 24000  E=7.265646885607e+02  Q=1.397000000000e+03  λ=9.415403e-01  dt=9.557e-04  relΔE=1.289e-06  ||F||=2.901e-02
 step= 24500  E=7.260864297078e+02  Q=1.397000000000e+03  λ=9.408970e-01  dt=7.397e-04  relΔE=7.525e-07  ||F||=2.519e-02
 step= 25000  E=7.257529607635e+02  Q=1.397000000000e+03  λ=9.404604e-01  dt=1.145e-03  relΔE=8.293e-07  ||F||=2.124e-02
 step= 25500  E=7.255027815933e+02  Q=1.397000000000e+03  λ=9.401424e-01  dt=8.861e-04  relΔE=4.661e-07  ||F||=1.810e-02
 step= 26000  E=7.253187417827e+02  Q=1.397000000000e+03  λ=9.399176e-01  dt=1.372e-03  relΔE=5.144e-07  ||F||=2.263e-02
 step= 26500  E=7.251918221767e+02  Q=1.397000000000e+03  λ=9.397692e-01  dt=1.062e-03  relΔE=2.914e-07  ||F||=1.307e-02
 step= 27000  E=7.250971584649e+02  Q=1.397000000000e+03  λ=9.396646e-01  dt=8.217e-04  relΔE=1.618e-07  ||F||=1.106e-02
 step= 27500  E=7.250296010957e+02  Q=1.397000000000e+03  λ=9.395951e-01  dt=1.272e-03  relΔE=1.788e-07  ||F||=9.350e-03
 step= 28000  E=7.249822885827e+02  Q=1.397000000000e+03  λ=9.395505e-01  dt=9.844e-04  relΔE=9.954e-08  ||F||=7.925e-03
 step= 28500  E=7.249471420891e+02  Q=1.397000000000e+03  λ=9.395210e-01  dt=7.619e-04  relΔE=5.541e-08  ||F||=6.720e-03
 step= 29000  E=7.249230077144e+02  Q=1.397000000000e+03  λ=9.395036e-01  dt=1.179e-03  relΔE=6.050e-08  ||F||=5.641e-03
 step= 29500  E=7.249055766050e+02  Q=1.397000000000e+03  λ=9.394933e-01  dt=9.128e-04  relΔE=3.337e-08  ||F||=4.761e-03
 step= 30000  E=7.248928531774e+02  Q=1.397000000000e+03  λ=9.394884e-01  dt=1.413e-03  relΔE=1.813e-08  ||F||=3.258e-02
 step= 30500  E=7.248842877657e+02  Q=1.397000000000e+03  λ=9.394859e-01  dt=1.094e-03  relΔE=2.022e-08  ||F||=3.382e-03
 step= 31000  E=7.248779445394e+02  Q=1.397000000000e+03  λ=9.394858e-01  dt=8.464e-04  relΔE=1.109e-08  ||F||=2.846e-03
 step= 31500  E=7.248734553595e+02  Q=1.397000000000e+03  λ=9.394868e-01  dt=1.310e-03  relΔE=1.214e-08  ||F||=2.399e-03
 step= 32000  E=7.248703522126e+02  Q=1.397000000000e+03  λ=9.394884e-01  dt=1.014e-03  relΔE=6.713e-09  ||F||=2.020e-03
 step= 32500  E=7.248680736979e+02  Q=1.397000000000e+03  λ=9.394904e-01  dt=7.848e-04  relΔE=3.687e-09  ||F||=1.701e-03
 step= 33000  E=7.248664871333e+02  Q=1.397000000000e+03  λ=9.394923e-01  dt=1.215e-03  relΔE=4.041e-09  ||F||=1.430e-03
 step= 33500  E=7.248653659465e+02  Q=1.397000000000e+03  λ=9.394942e-01  dt=9.403e-04  relΔE=2.230e-09  ||F||=1.206e-03
 step= 34000  E=7.248645399428e+02  Q=1.397000000000e+03  λ=9.394960e-01  dt=7.277e-04  relΔE=1.295e-09  ||F||=1.045e-03
 step= 34500  E=7.248639843693e+02  Q=1.397000000000e+03  λ=9.394976e-01  dt=1.126e-03  relΔE=1.348e-09  ||F||=8.543e-04
 step= 35000  E=7.248635750506e+02  Q=1.397000000000e+03  λ=9.394990e-01  dt=8.719e-04  relΔE=7.406e-10  ||F||=7.188e-04
 step= 35500  E=7.248632822891e+02  Q=1.397000000000e+03  λ=9.395003e-01  dt=1.350e-03  relΔE=8.108e-10  ||F||=6.343e-04
 step= 36000  E=7.248630810413e+02  Q=1.397000000000e+03  λ=9.395013e-01  dt=1.045e-03  relΔE=4.502e-10  ||F||=5.102e-04
 step= 36500  E=7.248629329993e+02  Q=1.397000000000e+03  λ=9.395022e-01  dt=8.084e-04  relΔE=2.481e-10  ||F||=4.297e-04
 step= 37000  E=7.248628283022e+02  Q=1.397000000000e+03  λ=9.395029e-01  dt=1.251e-03  relΔE=2.730e-10  ||F||=3.616e-04
 step= 37500  E=7.248627549177e+02  Q=1.397000000000e+03  λ=9.395036e-01  dt=9.685e-04  relΔE=1.517e-10  ||F||=3.056e-04
 step= 38000  E=7.248627004233e+02  Q=1.397000000000e+03  λ=9.395041e-01  dt=7.496e-04  relΔE=8.503e-11  ||F||=2.598e-04
 step= 38500  E=7.248626631067e+02  Q=1.397000000000e+03  λ=9.395045e-01  dt=1.160e-03  relΔE=9.271e-11  ||F||=2.174e-04
 step= 39000  E=7.248626358248e+02  Q=1.397000000000e+03  λ=9.395049e-01  dt=8.981e-04  relΔE=5.137e-11  ||F||=1.836e-04
 step= 39500  E=7.248626158984e+02  Q=1.397000000000e+03  λ=9.395052e-01  dt=1.390e-03  relΔE=5.495e-11  ||F||=3.497e-04
 step= 40000  E=7.248626023332e+02  Q=1.397000000000e+03  λ=9.395054e-01  dt=1.076e-03  relΔE=3.160e-11  ||F||=1.312e-04
 step= 40500  E=7.248625922320e+02  Q=1.397000000000e+03  λ=9.395056e-01  dt=8.327e-04  relΔE=1.748e-11  ||F||=1.110e-04
 step= 41000  E=7.248625850121e+02  Q=1.397000000000e+03  λ=9.395058e-01  dt=1.289e-03  relΔE=1.930e-11  ||F||=9.390e-05
 step= 41500  E=7.248625799827e+02  Q=1.397000000000e+03  λ=9.395059e-01  dt=9.977e-04  relΔE=1.074e-11  ||F||=7.981e-05
 step= 42000  E=7.248625762605e+02  Q=1.397000000000e+03  λ=9.395060e-01  dt=7.722e-04  relΔE=5.926e-12  ||F||=6.783e-05
 step= 42500  E=7.248625736888e+02  Q=1.397000000000e+03  λ=9.395061e-01  dt=1.195e-03  relΔE=6.480e-12  ||F||=5.755e-05
 step= 43000  E=7.248625718613e+02  Q=1.397000000000e+03  λ=9.395061e-01  dt=9.251e-04  relΔE=3.539e-12  ||F||=4.907e-05
 step= 43500  E=7.248625705394e+02  Q=1.397000000000e+03  λ=9.395062e-01  dt=7.160e-04  relΔE=2.336e-12  ||F||=4.930e-05
 step= 44000  E=7.248625696773e+02  Q=1.397000000000e+03  λ=9.395062e-01  dt=1.108e-03  relΔE=2.024e-12  ||F||=3.576e-05
 step= 44500  E=7.248625690679e+02  Q=1.397000000000e+03  λ=9.395062e-01  dt=8.578e-04  relΔE=1.045e-12  ||F||=3.059e-05
 step= 45000  E=7.248625686674e+02  Q=1.397000000000e+03  λ=9.395062e-01  dt=1.328e-03  relΔE=1.034e-12  ||F||=2.638e-05
 step= 45500  E=7.248625684243e+02  Q=1.397000000000e+03  λ=9.395062e-01  dt=1.028e-03  relΔE=4.859e-13  ||F||=2.259e-05
 step= 46000  E=7.248625682809e+02  Q=1.397000000000e+03  λ=9.395062e-01  dt=7.954e-04  relΔE=1.970e-13  ||F||=1.946e-05
 step= 46500  E=7.248625682152e+02  Q=1.397000000000e+03  λ=9.395062e-01  dt=1.231e-03  relΔE=1.098e-13  ||F||=1.681e-05
  !! dt fell below dt_min: stiffness-limited termination.

Stationary candidate (aggressive): E=7.248625682020e+02, Q=1.397000000000e+03, maxρ=9.465620e-01

=== Stability test (damped inertial dynamics) ===
Perturb eps=0.02, gamma=1
t=0: E=7.930652371168e+02, Q=1.397000000000e+03, maxρ=9.773934e-01, σ=2.534593e+00, Rc=1.855879e+01
 step=     1  E=7.930648944420e+02  Q=1.397000000000e+03  λ=1.325764e+00  maxρ=9.773934e-01  minρ=4.194e-15  σ=2.534593e+00  Rc=1.855879e+01
 step=   300  E=7.790138687784e+02  Q=1.397000000000e+03  λ=1.222931e+00  maxρ=9.757346e-01  minρ=8.682e-15  σ=2.534590e+00  Rc=1.855879e+01
 step=   600  E=7.507483207976e+02  Q=1.397000000000e+03  λ=1.036672e+00  maxρ=9.710580e-01  minρ=8.176e-15  σ=2.534584e+00  Rc=1.855880e+01
 step=   900  E=7.341873844549e+02  Q=1.397000000000e+03  λ=9.771931e-01  maxρ=9.641410e-01  minρ=1.000e-15  σ=2.534583e+00  Rc=1.855879e+01
 step=  1200  E=7.404608320271e+02  Q=1.397000000000e+03  λ=1.084446e+00  maxρ=9.610112e-01  minρ=1.000e-15  σ=2.534585e+00  Rc=1.855879e+01
 step=  1500  E=7.574054617123e+02  Q=1.397000000000e+03  λ=1.200988e+00  maxρ=9.662313e-01  minρ=1.000e-15  σ=2.534587e+00  Rc=1.855878e+01
 step=  1800  E=7.660898837444e+02  Q=1.397000000000e+03  λ=1.187241e+00  maxρ=9.693229e-01  minρ=1.000e-15  σ=2.534585e+00  Rc=1.855878e+01
 step=  2100  E=7.610298510981e+02  Q=1.397000000000e+03  λ=1.086035e+00  maxρ=9.643868e-01  minρ=1.000e-15  σ=2.534581e+00  Rc=1.855878e+01
 step=  2400  E=7.520797043384e+02  Q=1.397000000000e+03  λ=1.038966e+00  maxρ=9.546774e-01  minρ=1.000e-15  σ=2.534582e+00  Rc=1.855878e+01
 step=  2700  E=7.498566524579e+02  Q=1.397000000000e+03  λ=1.093524e+00  maxρ=9.589699e-01  minρ=1.000e-15  σ=2.534585e+00  Rc=1.855878e+01
 step=  3000  E=7.541889383816e+02  Q=1.397000000000e+03  λ=1.159600e+00  maxρ=9.710124e-01  minρ=1.000e-15  σ=2.534585e+00  Rc=1.855878e+01
 step=  3300  E=7.574985305523e+02  Q=1.397000000000e+03  λ=1.147594e+00  maxρ=9.735010e-01  minρ=1.000e-15  σ=2.534581e+00  Rc=1.855878e+01
 step=  3600  E=7.555394740969e+02  Q=1.397000000000e+03  λ=1.083029e+00  maxρ=9.672806e-01  minρ=1.000e-15  σ=2.534577e+00  Rc=1.855878e+01
 step=  3900  E=7.513815945731e+02  Q=1.397000000000e+03  λ=1.053945e+00  maxρ=9.672842e-01  minρ=1.000e-15  σ=2.534577e+00  Rc=1.855878e+01
 step=  4200  E=7.498172306508e+02  Q=1.397000000000e+03  λ=1.086365e+00  maxρ=9.639209e-01  minρ=1.000e-15  σ=2.534581e+00  Rc=1.855878e+01
 step=  4500  E=7.512823233436e+02  Q=1.397000000000e+03  λ=1.121870e+00  maxρ=9.614494e-01  minρ=1.000e-15  σ=2.534582e+00  Rc=1.855877e+01
 step=  4800  E=7.526261590894e+02  Q=1.397000000000e+03  λ=1.109600e+00  maxρ=9.656206e-01  minρ=1.000e-15  σ=2.534578e+00  Rc=1.855877e+01
 step=  5100  E=7.519246881585e+02  Q=1.397000000000e+03  λ=1.072055e+00  maxρ=9.667226e-01  minρ=1.000e-15  σ=2.534573e+00  Rc=1.855877e+01
 step=  5400  E=7.503637979258e+02  Q=1.397000000000e+03  λ=1.061866e+00  maxρ=9.655819e-01  minρ=1.000e-15  σ=2.534571e+00  Rc=1.855877e+01
 step=  5700  E=7.497281283869e+02  Q=1.397000000000e+03  λ=1.085714e+00  maxρ=9.622830e-01  minρ=1.000e-15  σ=2.534573e+00  Rc=1.855877e+01
 step=  6000  E=7.499530295283e+02  Q=1.397000000000e+03  λ=1.103099e+00  maxρ=9.597033e-01  minρ=1.000e-15  σ=2.534574e+00  Rc=1.855876e+01
 >>> No runaway detected in this horizon. Likely stable (within this model & box).

STABILITY: PASS
