
=== Aggressive relaxation to Q = 1869 ===
Initial: E=2.215866635942e+03, Q=1.869000000000e+03, dt=1.000e-04
 step=     1  E=2.215781001863e+03  Q=1.869000000000e+03  λ=2.519502e+00  dt=1.000e-04  relΔE=3.865e-05  ||F||=6.774e-01
 step=   500  E=2.125698496706e+03  Q=1.869000000000e+03  λ=2.367261e+00  dt=6.192e-04  relΔE=1.410e-04  ||F||=5.580e-01
 step=  1000  E=1.936370060448e+03  Q=1.869000000000e+03  λ=2.080150e+00  dt=9.584e-04  relΔE=1.370e-04  ||F||=4.217e-01
 step=  1500  E=1.803117264164e+03  Q=1.869000000000e+03  λ=1.899638e+00  dt=7.418e-04  relΔE=8.466e-05  ||F||=3.637e-01
 step=  2000  E=1.706356435406e+03  Q=1.869000000000e+03  λ=1.775993e+00  dt=1.148e-03  relΔE=1.066e-04  ||F||=3.190e-01
 step=  2500  E=1.627206148641e+03  Q=1.869000000000e+03  λ=1.678058e+00  dt=8.887e-04  relΔE=7.009e-05  ||F||=2.871e-01
 step=  3000  E=1.561288721260e+03  Q=1.869000000000e+03  λ=1.598523e+00  dt=1.376e-03  relΔE=9.248e-05  ||F||=3.976e-01
 step=  3500  E=1.508661067623e+03  Q=1.869000000000e+03  λ=1.535951e+00  dt=1.065e-03  relΔE=6.322e-05  ||F||=2.399e-01
 step=  4000  E=1.462374771620e+03  Q=1.869000000000e+03  λ=1.481709e+00  dt=8.241e-04  relΔE=4.315e-05  ||F||=2.218e-01
 step=  4500  E=1.422729951397e+03  Q=1.869000000000e+03  λ=1.435835e+00  dt=1.276e-03  relΔE=5.922e-05  ||F||=2.060e-01
 step=  5000  E=1.389053728305e+03  Q=1.869000000000e+03  λ=1.397189e+00  dt=9.873e-04  relΔE=4.111e-05  ||F||=1.927e-01
 step=  5500  E=1.359251076582e+03  Q=1.869000000000e+03  λ=1.363308e+00  dt=1.274e-03  relΔE=4.785e-05  ||F||=1.812e-01
 step=  6000  E=1.332991155988e+03  Q=1.869000000000e+03  λ=1.333644e+00  dt=9.857e-04  relΔE=3.365e-05  ||F||=1.709e-01
 step=  6500  E=1.308634360768e+03  Q=1.869000000000e+03  λ=1.306324e+00  dt=7.629e-04  relΔE=2.408e-05  ||F||=1.629e-01
 step=  7000  E=1.287480395632e+03  Q=1.869000000000e+03  λ=1.282771e+00  dt=1.181e-03  relΔE=3.376e-05  ||F||=1.538e-01
 step=  7500  E=1.268043192842e+03  Q=1.869000000000e+03  λ=1.261229e+00  dt=9.140e-04  relΔE=2.417e-05  ||F||=1.467e-01
 step=  8000  E=1.249791639956e+03  Q=1.869000000000e+03  λ=1.241651e+00  dt=1.415e-03  relΔE=1.857e-05  ||F||=1.101e+00
 step=  8500  E=1.233852217613e+03  Q=1.869000000000e+03  λ=1.223662e+00  dt=1.095e-03  relΔE=2.525e-05  ||F||=1.352e-01
 step=  9000  E=1.218478083060e+03  Q=1.869000000000e+03  λ=1.206888e+00  dt=8.475e-04  relΔE=1.847e-05  ||F||=1.306e-01
 step=  9500  E=1.204082108177e+03  Q=1.869000000000e+03  λ=1.191270e+00  dt=1.312e-03  relΔE=2.720e-05  ||F||=1.269e-01
 step= 10000  E=1.190825456368e+03  Q=1.869000000000e+03  λ=1.176924e+00  dt=1.015e-03  relΔE=2.024e-05  ||F||=1.235e-01
 step= 10500  E=1.177769338467e+03  Q=1.869000000000e+03  λ=1.162841e+00  dt=7.858e-04  relΔE=1.524e-05  ||F||=1.211e-01
 step= 11000  E=1.165389783443e+03  Q=1.869000000000e+03  λ=1.149534e+00  dt=1.216e-03  relΔE=2.301e-05  ||F||=1.190e-01
 step= 11500  E=1.153423397770e+03  Q=1.869000000000e+03  λ=1.136667e+00  dt=9.414e-04  relΔE=1.761e-05  ||F||=1.177e-01
 step= 12000  E=1.141207919610e+03  Q=1.869000000000e+03  λ=1.123533e+00  dt=7.286e-04  relΔE=1.459e-05  ||F||=1.213e-01
 step= 12500  E=1.129722175372e+03  Q=1.869000000000e+03  λ=1.111175e+00  dt=1.128e-03  relΔE=2.121e-05  ||F||=1.168e-01
 step= 13000  E=1.117835501599e+03  Q=1.869000000000e+03  λ=1.098336e+00  dt=8.730e-04  relΔE=1.668e-05  ||F||=1.171e-01
 step= 13500  E=1.105743022776e+03  Q=1.869000000000e+03  λ=1.085240e+00  dt=1.351e-03  relΔE=2.636e-05  ||F||=1.251e-01
 step= 14000  E=1.093931155978e+03  Q=1.869000000000e+03  λ=1.072368e+00  dt=1.046e-03  relΔE=2.095e-05  ||F||=1.186e-01
 step= 14500  E=1.081568504072e+03  Q=1.869000000000e+03  λ=1.058834e+00  dt=8.095e-04  relΔE=1.669e-05  ||F||=1.197e-01
 step= 15000  E=1.069074074075e+03  Q=1.869000000000e+03  λ=1.045112e+00  dt=1.253e-03  relΔE=2.645e-05  ||F||=1.204e-01
 step= 15500  E=1.056698767249e+03  Q=1.869000000000e+03  λ=1.031460e+00  dt=9.698e-04  relΔE=2.085e-05  ||F||=1.208e-01
 step= 16000  E=1.043819036560e+03  Q=1.869000000000e+03  λ=1.017233e+00  dt=7.506e-04  relΔE=1.652e-05  ||F||=1.215e-01
 step= 16500  E=1.031596324521e+03  Q=1.869000000000e+03  λ=1.003759e+00  dt=1.162e-03  relΔE=2.498e-05  ||F||=1.193e-01
 step= 17000  E=1.019515872412e+03  Q=1.869000000000e+03  λ=9.904764e-01  dt=8.992e-04  relΔE=1.882e-05  ||F||=1.170e-01
 step= 17500  E=1.007728190068e+03  Q=1.869000000000e+03  λ=9.776631e-01  dt=1.392e-03  relΔE=2.621e-05  ||F||=3.286e-01
 step= 18000  E=9.973474602856e+02  Q=1.869000000000e+03  λ=9.663994e-01  dt=1.077e-03  relΔE=1.988e-05  ||F||=1.087e-01
 step= 18500  E=9.875878627191e+02  Q=1.869000000000e+03  λ=9.559886e-01  dt=8.338e-04  relΔE=1.389e-05  ||F||=1.028e-01
 step= 19000  E=9.789984737871e+02  Q=1.869000000000e+03  λ=9.469892e-01  dt=1.291e-03  relΔE=1.885e-05  ||F||=9.586e-02
 step= 19500  E=9.717895673974e+02  Q=1.869000000000e+03  λ=9.395743e-01  dt=9.989e-04  relΔE=1.251e-05  ||F||=8.840e-02
 step= 20000  E=9.655271889517e+02  Q=1.869000000000e+03  λ=9.332838e-01  dt=7.731e-04  relΔE=8.098e-06  ||F||=8.058e-02
 step= 20500  E=9.605266734596e+02  Q=1.869000000000e+03  λ=9.284029e-01  dt=1.197e-03  relΔE=1.018e-05  ||F||=7.243e-02
 step= 21000  E=9.564986588624e+02  Q=1.869000000000e+03  λ=9.245894e-01  dt=9.263e-04  relΔE=6.302e-06  ||F||=6.464e-02
 step= 21500  E=9.532136250903e+02  Q=1.869000000000e+03  λ=9.215998e-01  dt=7.169e-04  relΔE=4.919e-06  ||F||=8.803e-02
 step= 22000  E=9.508094926480e+02  Q=1.869000000000e+03  λ=9.195037e-01  dt=1.110e-03  relΔE=4.568e-06  ||F||=5.013e-02
 step= 22500  E=9.488958812794e+02  Q=1.869000000000e+03  λ=9.179219e-01  dt=8.589e-04  relΔE=2.688e-06  ||F||=4.366e-02
 step= 23000  E=9.474491305254e+02  Q=1.869000000000e+03  λ=9.168031e-01  dt=1.329e-03  relΔE=3.117e-06  ||F||=3.832e-02
 step= 23500  E=9.463987163291e+02  Q=1.869000000000e+03  λ=9.160516e-01  dt=1.029e-03  relΔE=1.808e-06  ||F||=3.268e-02
 step= 24000  E=9.455951254106e+02  Q=1.869000000000e+03  λ=9.155309e-01  dt=7.964e-04  relΔE=1.036e-06  ||F||=2.810e-02
 step= 24500  E=9.450102215048e+02  Q=1.869000000000e+03  λ=9.151977e-01  dt=1.233e-03  relΔE=1.173e-06  ||F||=2.403e-02
 step= 25000  E=9.445874173593e+02  Q=1.869000000000e+03  λ=9.149934e-01  dt=9.541e-04  relΔE=6.667e-07  ||F||=2.058e-02
 step= 25500  E=9.442796298337e+02  Q=1.869000000000e+03  λ=9.148748e-01  dt=1.231e-03  relΔE=6.304e-07  ||F||=1.762e-02
 step= 26000  E=9.440515558867e+02  Q=1.869000000000e+03  λ=9.148121e-01  dt=9.526e-04  relΔE=3.548e-07  ||F||=1.502e-02
 step= 26500  E=9.438880347256e+02  Q=1.869000000000e+03  λ=9.147874e-01  dt=1.229e-03  relΔE=3.337e-07  ||F||=1.282e-02
 step= 27000  E=9.437672743960e+02  Q=1.869000000000e+03  λ=9.147859e-01  dt=9.510e-04  relΔE=1.870e-07  ||F||=1.091e-02
 step= 27500  E=9.436775107963e+02  Q=1.869000000000e+03  λ=9.147989e-01  dt=7.361e-04  relΔE=1.073e-07  ||F||=9.398e-03
 step= 28000  E=9.436158977567e+02  Q=1.869000000000e+03  λ=9.148183e-01  dt=1.139e-03  relΔE=1.167e-07  ||F||=7.874e-03
 step= 28500  E=9.435699879140e+02  Q=1.869000000000e+03  λ=9.148412e-01  dt=8.818e-04  relΔE=6.516e-08  ||F||=6.687e-03
 step= 29000  E=9.435364564988e+02  Q=1.869000000000e+03  λ=9.148648e-01  dt=1.365e-03  relΔE=7.218e-08  ||F||=7.053e-03
 step= 29500  E=9.435132177230e+02  Q=1.869000000000e+03  λ=9.148860e-01  dt=1.056e-03  relΔE=4.088e-08  ||F||=4.839e-03
 step= 30000  E=9.434957735605e+02  Q=1.869000000000e+03  λ=9.149056e-01  dt=8.177e-04  relΔE=2.291e-08  ||F||=4.118e-03
 step= 30500  E=9.434831825389e+02  Q=1.869000000000e+03  λ=9.149226e-01  dt=1.266e-03  relΔE=2.568e-08  ||F||=3.505e-03
 step= 31000  E=9.434742253586e+02  Q=1.869000000000e+03  λ=9.149367e-01  dt=9.796e-04  relΔE=1.457e-08  ||F||=3.001e-03
 step= 31500  E=9.434674189569e+02  Q=1.869000000000e+03  λ=9.149487e-01  dt=7.582e-04  relΔE=8.316e-09  ||F||=2.578e-03
 step= 32000  E=9.434626297161e+02  Q=1.869000000000e+03  λ=9.149579e-01  dt=1.174e-03  relΔE=9.344e-09  ||F||=2.197e-03
 step= 32500  E=9.434590468285e+02  Q=1.869000000000e+03  λ=9.149653e-01  dt=9.084e-04  relΔE=5.329e-09  ||F||=1.887e-03
 step= 33000  E=9.434563381413e+02  Q=1.869000000000e+03  λ=9.149711e-01  dt=1.406e-03  relΔE=4.936e-09  ||F||=8.169e-03
 step= 33500  E=9.434544390577e+02  Q=1.869000000000e+03  λ=9.149751e-01  dt=1.088e-03  relΔE=3.510e-09  ||F||=1.401e-03
 step= 34000  E=9.434529655826e+02  Q=1.869000000000e+03  λ=9.149780e-01  dt=8.423e-04  relΔE=2.024e-09  ||F||=1.211e-03
 step= 34500  E=9.434518669178e+02  Q=1.869000000000e+03  λ=9.149799e-01  dt=1.304e-03  relΔE=2.342e-09  ||F||=1.050e-03
 step= 35000  E=9.434510615457e+02  Q=1.869000000000e+03  λ=9.149809e-01  dt=1.009e-03  relΔE=1.372e-09  ||F||=9.138e-04
 step= 35500  E=9.434504324470e+02  Q=1.869000000000e+03  λ=9.149812e-01  dt=7.810e-04  relΔE=8.061e-10  ||F||=7.978e-04
 step= 36000  E=9.434499657742e+02  Q=1.869000000000e+03  λ=9.149811e-01  dt=1.209e-03  relΔE=9.444e-10  ||F||=6.959e-04
 step= 36500  E=9.434496110082e+02  Q=1.869000000000e+03  λ=9.149806e-01  dt=9.357e-04  relΔE=5.600e-10  ||F||=6.110e-04
 step= 37000  E=9.434493291893e+02  Q=1.869000000000e+03  λ=9.149797e-01  dt=7.242e-04  relΔE=3.591e-10  ||F||=5.586e-04
 step= 37500  E=9.434491245129e+02  Q=1.869000000000e+03  λ=9.149786e-01  dt=1.121e-03  relΔE=3.964e-10  ||F||=4.735e-04
 step= 38000  E=9.434489603395e+02  Q=1.869000000000e+03  λ=9.149774e-01  dt=8.676e-04  relΔE=2.369e-10  ||F||=4.182e-04
 step= 38500  E=9.434488328198e+02  Q=1.869000000000e+03  λ=9.149761e-01  dt=1.343e-03  relΔE=2.830e-10  ||F||=3.832e-04
 step= 39000  E=9.434487371676e+02  Q=1.869000000000e+03  λ=9.149748e-01  dt=1.039e-03  relΔE=1.712e-10  ||F||=3.290e-04
 step= 39500  E=9.434486602589e+02  Q=1.869000000000e+03  λ=9.149734e-01  dt=8.045e-04  relΔE=1.032e-10  ||F||=2.926e-04
 step= 40000  E=9.434486008272e+02  Q=1.869000000000e+03  λ=9.149720e-01  dt=1.245e-03  relΔE=1.243e-10  ||F||=2.605e-04
 step= 40500  E=9.434485552098e+02  Q=1.869000000000e+03  λ=9.149706e-01  dt=9.638e-04  relΔE=7.542e-11  ||F||=2.329e-04
 step= 41000  E=9.434485181720e+02  Q=1.869000000000e+03  λ=9.149693e-01  dt=7.460e-04  relΔE=4.622e-11  ||F||=2.095e-04
 step= 41500  E=9.434484905276e+02  Q=1.869000000000e+03  λ=9.149681e-01  dt=1.155e-03  relΔE=5.504e-11  ||F||=1.864e-04
 step= 42000  E=9.434484684168e+02  Q=1.869000000000e+03  λ=9.149668e-01  dt=8.937e-04  relΔE=3.320e-11  ||F||=1.671e-04
 step= 42500  E=9.434484508870e+02  Q=1.869000000000e+03  λ=9.149657e-01  dt=1.383e-03  relΔE=3.905e-11  ||F||=2.568e-04
 step= 43000  E=9.434484379329e+02  Q=1.869000000000e+03  λ=9.149646e-01  dt=1.071e-03  relΔE=2.399e-11  ||F||=1.348e-04
 step= 43500  E=9.434484275275e+02  Q=1.869000000000e+03  λ=9.149636e-01  dt=8.287e-04  relΔE=1.430e-11  ||F||=1.212e-04
 step= 44000  E=9.434484195469e+02  Q=1.869000000000e+03  λ=9.149627e-01  dt=1.283e-03  relΔE=1.692e-11  ||F||=1.090e-04
 step= 44500  E=9.434484136002e+02  Q=1.869000000000e+03  λ=9.149618e-01  dt=9.928e-04  relΔE=1.000e-11  ||F||=9.832e-05
 step= 45000  E=9.434484089341e+02  Q=1.869000000000e+03  λ=9.149609e-01  dt=7.684e-04  relΔE=5.857e-12  ||F||=8.874e-05
 step= 45500  E=9.434484055582e+02  Q=1.869000000000e+03  λ=9.149602e-01  dt=1.189e-03  relΔE=6.662e-12  ||F||=7.984e-05
 step= 46000  E=9.434484030576e+02  Q=1.869000000000e+03  λ=9.149595e-01  dt=9.206e-04  relΔE=3.751e-12  ||F||=7.206e-05
 step= 46500  E=9.434484012117e+02  Q=1.869000000000e+03  λ=9.149588e-01  dt=5.938e-04  relΔE=7.639e-12  ||F||=4.969e-04
 step= 47000  E=9.434484000341e+02  Q=1.869000000000e+03  λ=9.149583e-01  dt=9.191e-04  relΔE=1.809e-12  ||F||=5.889e-05
 step= 47500  E=9.434483991839e+02  Q=1.869000000000e+03  λ=9.149577e-01  dt=5.928e-04  relΔE=3.814e-12  ||F||=3.607e-04
 step= 48000  E=9.434483987138e+02  Q=1.869000000000e+03  λ=9.149572e-01  dt=9.176e-04  relΔE=6.453e-13  ||F||=4.818e-05
 step= 48500  E=9.434483984590e+02  Q=1.869000000000e+03  λ=9.149567e-01  dt=1.420e-03  relΔE=3.591e-14  ||F||=1.448e-04
  !! dt fell below dt_min: stiffness-limited termination.

Stationary candidate (aggressive): E=9.434483984022e+02, Q=1.869000000000e+03, maxρ=1.062540e+00

=== Stability test (damped inertial dynamics) ===
Perturb eps=0.02, gamma=1
t=0: E=1.034831274194e+03, Q=1.869000000000e+03, maxρ=1.098548e+00, σ=2.572594e+00, Rc=1.854034e+01
 step=     1  E=1.034830814904e+03  Q=1.869000000000e+03  λ=1.301892e+00  maxρ=1.098548e+00  minρ=1.000e-15  σ=2.572594e+00  Rc=1.854034e+01
 step=   300  E=1.015998317093e+03  Q=1.869000000000e+03  λ=1.198849e+00  maxρ=1.096683e+00  minρ=1.000e-15  σ=2.572591e+00  Rc=1.854034e+01
 step=   600  E=9.781162458530e+02  Q=1.869000000000e+03  λ=1.012235e+00  maxρ=1.091425e+00  minρ=1.000e-15  σ=2.572586e+00  Rc=1.854035e+01
 step=   900  E=9.559259670193e+02  Q=1.869000000000e+03  λ=9.526996e-01  maxρ=1.083648e+00  minρ=1.000e-15  σ=2.572584e+00  Rc=1.854034e+01
 step=  1200  E=9.643421826655e+02  Q=1.869000000000e+03  λ=1.060215e+00  maxρ=1.080163e+00  minρ=1.000e-15  σ=2.572587e+00  Rc=1.854034e+01
 step=  1500  E=9.870591252660e+02  Q=1.869000000000e+03  λ=1.176949e+00  maxρ=1.085068e+00  minρ=1.000e-15  σ=2.572589e+00  Rc=1.854033e+01
 step=  1800  E=9.987039914915e+02  Q=1.869000000000e+03  λ=1.163085e+00  maxρ=1.088539e+00  minρ=1.000e-15  σ=2.572586e+00  Rc=1.854033e+01
 step=  2100  E=9.919275185303e+02  Q=1.869000000000e+03  λ=1.061668e+00  maxρ=1.082994e+00  minρ=1.000e-15  σ=2.572583e+00  Rc=1.854034e+01
 step=  2400  E=9.799312232828e+02  Q=1.869000000000e+03  λ=1.014613e+00  maxρ=1.071683e+00  minρ=1.000e-15  σ=2.572583e+00  Rc=1.854034e+01
 step=  2700  E=9.769361472621e+02  Q=1.869000000000e+03  λ=1.069366e+00  maxρ=1.077790e+00  minρ=1.000e-15  σ=2.572587e+00  Rc=1.854033e+01
 step=  3000  E=9.827163247124e+02  Q=1.869000000000e+03  λ=1.135496e+00  maxρ=1.091324e+00  minρ=1.000e-15  σ=2.572587e+00  Rc=1.854033e+01
 step=  3300  E=9.871371940475e+02  Q=1.869000000000e+03  λ=1.123290e+00  maxρ=1.094119e+00  minρ=1.000e-15  σ=2.572584e+00  Rc=1.854033e+01
 step=  3600  E=9.845265469523e+02  Q=1.869000000000e+03  λ=1.058540e+00  maxρ=1.085988e+00  minρ=1.000e-15  σ=2.572580e+00  Rc=1.854034e+01
 step=  3900  E=9.789879600856e+02  Q=1.869000000000e+03  λ=1.029555e+00  maxρ=1.085807e+00  minρ=1.000e-15  σ=2.572580e+00  Rc=1.854033e+01
 step=  4200  E=9.769097254688e+02  Q=1.869000000000e+03  λ=1.062234e+00  maxρ=1.082027e+00  minρ=1.000e-15  σ=2.572584e+00  Rc=1.854033e+01
 step=  4500  E=9.788549627556e+02  Q=1.869000000000e+03  λ=1.097801e+00  maxρ=1.079408e+00  minρ=1.000e-15  σ=2.572585e+00  Rc=1.854032e+01
 step=  4800  E=9.806202432477e+02  Q=1.869000000000e+03  λ=1.085302e+00  maxρ=1.084381e+00  minρ=1.000e-15  σ=2.572582e+00  Rc=1.854032e+01
 step=  5100  E=9.796676366823e+02  Q=1.869000000000e+03  λ=1.047534e+00  maxρ=1.085319e+00  minρ=1.000e-15  σ=2.572577e+00  Rc=1.854032e+01
 step=  5400  E=9.776025498590e+02  Q=1.869000000000e+03  λ=1.037420e+00  maxρ=1.084032e+00  minρ=1.000e-15  σ=2.572576e+00  Rc=1.854032e+01
 step=  5700  E=9.767884637487e+02  Q=1.869000000000e+03  λ=1.061539e+00  maxρ=1.080321e+00  minρ=1.000e-15  σ=2.572578e+00  Rc=1.854032e+01
 step=  6000  E=9.770968567727e+02  Q=1.869000000000e+03  λ=1.079038e+00  maxρ=1.077501e+00  minρ=1.000e-15  σ=2.572579e+00  Rc=1.854031e+01
 >>> No runaway detected in this horizon. Likely stable (within this model & box).

STABILITY: PASS
