
=== Aggressive relaxation to Q = 1470 ===
Initial: E=1.724411154197e+03, Q=1.470000000000e+03, dt=1.000e-04
 step=     1  E=1.724359724364e+03  Q=1.470000000000e+03  λ=2.411754e+00  dt=1.000e-04  relΔE=2.982e-05  ||F||=5.919e-01
 step=   500  E=1.667245167116e+03  Q=1.470000000000e+03  λ=2.299159e+00  dt=6.192e-04  relΔE=1.193e-04  ||F||=5.124e-01
 step=  1000  E=1.534257989429e+03  Q=1.470000000000e+03  λ=2.060608e+00  dt=9.584e-04  relΔE=1.259e-04  ||F||=4.058e-01
 step=  1500  E=1.435653588249e+03  Q=1.470000000000e+03  λ=1.899330e+00  dt=7.418e-04  relΔE=7.977e-05  ||F||=3.552e-01
 step=  2000  E=1.362461952831e+03  Q=1.470000000000e+03  λ=1.785328e+00  dt=1.148e-03  relΔE=1.018e-04  ||F||=3.141e-01
 step=  2500  E=1.301765264113e+03  Q=1.470000000000e+03  λ=1.693345e+00  dt=8.887e-04  relΔE=6.757e-05  ||F||=2.843e-01
 step=  3000  E=1.250692421721e+03  Q=1.470000000000e+03  λ=1.617648e+00  dt=1.376e-03  relΔE=8.978e-05  ||F||=4.045e-01
 step=  3500  E=1.209593138624e+03  Q=1.470000000000e+03  λ=1.557495e+00  dt=1.065e-03  relΔE=6.178e-05  ||F||=2.394e-01
 step=  4000  E=1.173268562135e+03  Q=1.470000000000e+03  λ=1.505018e+00  dt=8.241e-04  relΔE=4.236e-05  ||F||=2.219e-01
 step=  4500  E=1.141913958592e+03  Q=1.470000000000e+03  λ=1.460239e+00  dt=1.276e-03  relΔE=5.841e-05  ||F||=2.067e-01
 step=  5000  E=1.115203683486e+03  Q=1.470000000000e+03  λ=1.422372e+00  dt=9.873e-04  relΔE=4.069e-05  ||F||=1.937e-01
 step=  5500  E=1.091454365359e+03  Q=1.470000000000e+03  λ=1.388993e+00  dt=1.274e-03  relΔE=4.749e-05  ||F||=1.824e-01
 step=  6000  E=1.070524776191e+03  Q=1.470000000000e+03  λ=1.359746e+00  dt=9.857e-04  relΔE=3.349e-05  ||F||=1.723e-01
 step=  6500  E=1.051034443030e+03  Q=1.470000000000e+03  λ=1.332687e+00  dt=7.629e-04  relΔE=2.396e-05  ||F||=1.642e-01
 step=  7000  E=1.034071336205e+03  Q=1.470000000000e+03  λ=1.309302e+00  dt=1.181e-03  relΔE=3.375e-05  ||F||=1.553e-01
 step=  7500  E=1.018454477639e+03  Q=1.470000000000e+03  λ=1.287864e+00  dt=9.140e-04  relΔE=2.419e-05  ||F||=1.484e-01
 step=  8000  E=1.003759567147e+03  Q=1.470000000000e+03  λ=1.268290e+00  dt=1.415e-03  relΔE=2.058e-05  ||F||=1.046e+00
 step=  8500  E=9.909210994729e+02  Q=1.470000000000e+03  λ=1.250388e+00  dt=1.095e-03  relΔE=2.536e-05  ||F||=1.369e-01
 step=  9000  E=9.785176754644e+02  Q=1.470000000000e+03  λ=1.233623e+00  dt=8.475e-04  relΔE=1.857e-05  ||F||=1.323e-01
 step=  9500  E=9.668936324312e+02  Q=1.470000000000e+03  λ=1.218005e+00  dt=1.312e-03  relΔE=2.736e-05  ||F||=1.286e-01
 step= 10000  E=9.561848417506e+02  Q=1.470000000000e+03  λ=1.203657e+00  dt=1.015e-03  relΔE=2.037e-05  ||F||=1.251e-01
 step= 10500  E=9.456228310632e+02  Q=1.470000000000e+03  λ=1.189558e+00  dt=7.858e-04  relΔE=1.537e-05  ||F||=1.229e-01
 step= 11000  E=9.356404385638e+02  Q=1.470000000000e+03  λ=1.176284e+00  dt=1.216e-03  relΔE=2.314e-05  ||F||=1.205e-01
 step= 11500  E=9.259879250239e+02  Q=1.470000000000e+03  λ=1.163450e+00  dt=9.414e-04  relΔE=1.768e-05  ||F||=1.192e-01
 step= 12000  E=9.161503349646e+02  Q=1.470000000000e+03  λ=1.150375e+00  dt=7.286e-04  relΔE=1.447e-05  ||F||=1.220e-01
 step= 12500  E=9.069262903086e+02  Q=1.470000000000e+03  λ=1.138109e+00  dt=1.128e-03  relΔE=2.119e-05  ||F||=1.179e-01
 step= 13000  E=8.974098732395e+02  Q=1.470000000000e+03  λ=1.125400e+00  dt=8.730e-04  relΔE=1.660e-05  ||F||=1.180e-01
 step= 13500  E=8.877673733905e+02  Q=1.470000000000e+03  λ=1.112478e+00  dt=1.351e-03  relΔE=2.613e-05  ||F||=1.251e-01
 step= 14000  E=8.783904713321e+02  Q=1.470000000000e+03  λ=1.099815e+00  dt=1.046e-03  relΔE=2.066e-05  ||F||=1.190e-01
 step= 14500  E=8.686085624769e+02  Q=1.470000000000e+03  λ=1.086512e+00  dt=8.095e-04  relΔE=1.640e-05  ||F||=1.199e-01
 step= 15000  E=8.587828925672e+02  Q=1.470000000000e+03  λ=1.073060e+00  dt=1.253e-03  relΔE=2.584e-05  ||F||=1.203e-01
 step= 15500  E=8.491015831446e+02  Q=1.470000000000e+03  λ=1.059684e+00  dt=9.698e-04  relΔE=2.029e-05  ||F||=1.204e-01
 step= 16000  E=8.390285185348e+02  Q=1.470000000000e+03  λ=1.045665e+00  dt=7.506e-04  relΔE=1.612e-05  ||F||=1.213e-01
 step= 16500  E=8.295087722777e+02  Q=1.470000000000e+03  λ=1.032346e+00  dt=1.162e-03  relΔE=2.422e-05  ||F||=1.188e-01
 step= 17000  E=8.200692752265e+02  Q=1.470000000000e+03  λ=1.019057e+00  dt=8.992e-04  relΔE=1.827e-05  ||F||=1.166e-01
 step= 17500  E=8.108640395723e+02  Q=1.470000000000e+03  λ=1.006105e+00  dt=1.392e-03  relΔE=2.573e-05  ||F||=3.051e-01
 step= 18000  E=8.027143546556e+02  Q=1.470000000000e+03  λ=9.945388e-01  dt=1.077e-03  relΔE=1.945e-05  ||F||=1.088e-01
 step= 18500  E=7.950075695119e+02  Q=1.470000000000e+03  λ=9.836394e-01  dt=8.338e-04  relΔE=1.367e-05  ||F||=1.032e-01
 step= 19000  E=7.881687230608e+02  Q=1.470000000000e+03  λ=9.740005e-01  dt=1.291e-03  relΔE=1.869e-05  ||F||=9.659e-02
 step= 19500  E=7.823920763632e+02  Q=1.470000000000e+03  λ=9.658794e-01  dt=9.989e-04  relΔE=1.250e-05  ||F||=8.941e-02
 step= 20000  E=7.773331909475e+02  Q=1.470000000000e+03  λ=9.588094e-01  dt=7.731e-04  relΔE=8.189e-06  ||F||=8.199e-02
 step= 20500  E=7.732660402069e+02  Q=1.470000000000e+03  λ=9.531742e-01  dt=1.197e-03  relΔE=1.034e-05  ||F||=7.385e-02
 step= 21000  E=7.699558041049e+02  Q=1.470000000000e+03  λ=9.486242e-01  dt=9.263e-04  relΔE=6.449e-06  ||F||=6.615e-02
 step= 21500  E=7.672427977187e+02  Q=1.470000000000e+03  λ=9.449397e-01  dt=7.169e-04  relΔE=4.674e-06  ||F||=6.798e-02
 step= 22000  E=7.652437347331e+02  Q=1.470000000000e+03  λ=9.422628e-01  dt=1.110e-03  relΔE=4.735e-06  ||F||=5.163e-02
 step= 22500  E=7.636448224994e+02  Q=1.470000000000e+03  λ=9.401544e-01  dt=8.589e-04  relΔE=2.800e-06  ||F||=4.508e-02
 step= 23000  E=7.624292013027e+02  Q=1.470000000000e+03  λ=9.385848e-01  dt=1.329e-03  relΔE=3.261e-06  ||F||=3.950e-02
 step= 23500  E=7.615435771895e+02  Q=1.470000000000e+03  λ=9.374660e-01  dt=1.029e-03  relΔE=1.897e-06  ||F||=3.385e-02
 step= 24000  E=7.608646909571e+02  Q=1.470000000000e+03  λ=9.366323e-01  dt=7.964e-04  relΔE=1.088e-06  ||F||=2.913e-02
 step= 24500  E=7.603700220723e+02  Q=1.470000000000e+03  λ=9.360458e-01  dt=1.233e-03  relΔE=1.233e-06  ||F||=2.491e-02
 step= 25000  E=7.600124740154e+02  Q=1.470000000000e+03  λ=9.356383e-01  dt=9.541e-04  relΔE=7.004e-07  ||F||=2.133e-02
 step= 25500  E=7.597525182776e+02  Q=1.470000000000e+03  λ=9.353564e-01  dt=1.231e-03  relΔE=6.610e-07  ||F||=1.824e-02
 step= 26000  E=7.595603694493e+02  Q=1.470000000000e+03  λ=9.351600e-01  dt=9.526e-04  relΔE=3.708e-07  ||F||=1.553e-02
 step= 26500  E=7.594231310129e+02  Q=1.470000000000e+03  λ=9.350301e-01  dt=1.229e-03  relΔE=3.472e-07  ||F||=1.323e-02
 step= 27000  E=7.593223102027e+02  Q=1.470000000000e+03  λ=9.349431e-01  dt=9.510e-04  relΔE=1.934e-07  ||F||=1.122e-02
 step= 27500  E=7.592478896595e+02  Q=1.470000000000e+03  λ=9.348866e-01  dt=7.361e-04  relΔE=1.104e-07  ||F||=9.636e-03
 step= 28000  E=7.591972444809e+02  Q=1.470000000000e+03  λ=9.348541e-01  dt=1.139e-03  relΔE=1.186e-07  ||F||=8.024e-03
 step= 28500  E=7.591598990034e+02  Q=1.470000000000e+03  λ=9.348351e-01  dt=8.818e-04  relΔE=6.547e-08  ||F||=6.774e-03
 step= 29000  E=7.591329663623e+02  Q=1.470000000000e+03  λ=9.348258e-01  dt=1.365e-03  relΔE=7.145e-08  ||F||=7.395e-03
 step= 29500  E=7.591145790591e+02  Q=1.470000000000e+03  λ=9.348227e-01  dt=1.056e-03  relΔE=3.987e-08  ||F||=4.827e-03
 step= 30000  E=7.591010091049e+02  Q=1.470000000000e+03  λ=9.348233e-01  dt=8.177e-04  relΔE=2.193e-08  ||F||=4.068e-03
 step= 30500  E=7.590914098016e+02  Q=1.470000000000e+03  λ=9.348261e-01  dt=1.266e-03  relΔE=2.406e-08  ||F||=3.424e-03
 step= 31000  E=7.590847348047e+02  Q=1.470000000000e+03  λ=9.348299e-01  dt=9.796e-04  relΔE=1.332e-08  ||F||=2.894e-03
 step= 31500  E=7.590797980837e+02  Q=1.470000000000e+03  λ=9.348343e-01  dt=7.582e-04  relΔE=7.353e-09  ||F||=2.443e-03
 step= 32000  E=7.590764165861e+02  Q=1.470000000000e+03  λ=9.348386e-01  dt=1.174e-03  relΔE=8.053e-09  ||F||=2.054e-03
 step= 32500  E=7.590739744532e+02  Q=1.470000000000e+03  λ=9.348426e-01  dt=9.084e-04  relΔE=4.439e-09  ||F||=1.732e-03
 step= 33000  E=7.590721921260e+02  Q=1.470000000000e+03  λ=9.348465e-01  dt=1.406e-03  relΔE=4.048e-09  ||F||=6.998e-03
 step= 33500  E=7.590709921538e+02  Q=1.470000000000e+03  λ=9.348497e-01  dt=1.088e-03  relΔE=2.696e-09  ||F||=1.232e-03
 step= 34000  E=7.590701020430e+02  Q=1.470000000000e+03  λ=9.348526e-01  dt=8.423e-04  relΔE=1.484e-09  ||F||=1.039e-03
 step= 34500  E=7.590694679624e+02  Q=1.470000000000e+03  λ=9.348551e-01  dt=1.304e-03  relΔE=1.633e-09  ||F||=8.766e-04
 step= 35000  E=7.590690277620e+02  Q=1.470000000000e+03  λ=9.348572e-01  dt=1.009e-03  relΔE=9.081e-10  ||F||=7.413e-04
 step= 35500  E=7.590687018914e+02  Q=1.470000000000e+03  λ=9.348590e-01  dt=7.810e-04  relΔE=5.022e-10  ||F||=6.264e-04
 step= 36000  E=7.590684741203e+02  Q=1.470000000000e+03  λ=9.348605e-01  dt=1.209e-03  relΔE=5.549e-10  ||F||=5.290e-04
 step= 36500  E=7.590683111642e+02  Q=1.470000000000e+03  λ=9.348617e-01  dt=9.357e-04  relΔE=3.087e-10  ||F||=4.485e-04
 step= 37000  E=7.590681901959e+02  Q=1.470000000000e+03  λ=9.348627e-01  dt=7.242e-04  relΔE=1.895e-10  ||F||=4.009e-04
 step= 37500  E=7.590681081004e+02  Q=1.470000000000e+03  λ=9.348635e-01  dt=1.121e-03  relΔE=1.906e-10  ||F||=3.223e-04
 step= 38000  E=7.590680468006e+02  Q=1.470000000000e+03  λ=9.348641e-01  dt=8.676e-04  relΔE=1.060e-10  ||F||=2.736e-04
 step= 38500  E=7.590680024989e+02  Q=1.470000000000e+03  λ=9.348646e-01  dt=1.343e-03  relΔE=1.175e-10  ||F||=2.400e-04
 step= 39000  E=7.590679716289e+02  Q=1.470000000000e+03  λ=9.348650e-01  dt=1.039e-03  relΔE=6.596e-11  ||F||=1.984e-04
 step= 39500  E=7.590679486911e+02  Q=1.470000000000e+03  λ=9.348653e-01  dt=8.045e-04  relΔE=3.676e-11  ||F||=1.692e-04
 step= 40000  E=7.590679322873e+02  Q=1.470000000000e+03  λ=9.348656e-01  dt=1.245e-03  relΔE=4.090e-11  ||F||=1.445e-04
 step= 40500  E=7.590679206651e+02  Q=1.470000000000e+03  λ=9.348657e-01  dt=9.638e-04  relΔE=2.290e-11  ||F||=1.241e-04
 step= 41000  E=7.590679119736e+02  Q=1.470000000000e+03  λ=9.348659e-01  dt=7.460e-04  relΔE=1.295e-11  ||F||=1.075e-04
 step= 41500  E=7.590679060281e+02  Q=1.470000000000e+03  λ=9.348660e-01  dt=1.155e-03  relΔE=1.406e-11  ||F||=9.164e-05
 step= 42000  E=7.590679016848e+02  Q=1.470000000000e+03  λ=9.348660e-01  dt=8.937e-04  relΔE=7.729e-12  ||F||=7.907e-05
 step= 42500  E=7.590678985549e+02  Q=1.470000000000e+03  λ=9.348660e-01  dt=1.383e-03  relΔE=8.210e-12  ||F||=1.172e-04
 step= 43000  E=7.590678964734e+02  Q=1.470000000000e+03  λ=9.348661e-01  dt=1.071e-03  relΔE=4.521e-12  ||F||=5.933e-05
 step= 43500  E=7.590678949873e+02  Q=1.470000000000e+03  λ=9.348661e-01  dt=8.287e-04  relΔE=2.367e-12  ||F||=5.156e-05
 step= 44000  E=7.590678939998e+02  Q=1.470000000000e+03  λ=9.348660e-01  dt=1.283e-03  relΔE=2.389e-12  ||F||=4.491e-05
 step= 44500  E=7.590678933833e+02  Q=1.470000000000e+03  λ=9.348660e-01  dt=9.928e-04  relΔE=1.153e-12  ||F||=3.935e-05
 step= 45000  E=7.590678930046e+02  Q=1.470000000000e+03  λ=9.348660e-01  dt=7.684e-04  relΔE=4.935e-13  ||F||=3.447e-05
 step= 45500  E=7.590678928201e+02  Q=1.470000000000e+03  λ=9.348660e-01  dt=1.189e-03  relΔE=3.237e-13  ||F||=3.031e-05
 step= 46000  E=7.590678927640e+02  Q=1.470000000000e+03  λ=9.348659e-01  dt=9.206e-04  relΔE=1.153e-14  ||F||=2.674e-05
  !! dt fell below dt_min: stiffness-limited termination.

Stationary candidate (aggressive): E=7.590678927639e+02, Q=1.470000000000e+03, maxρ=9.672651e-01

=== Stability test (damped inertial dynamics) ===
Perturb eps=0.02, gamma=1
t=0: E=8.308486847058e+02, Q=1.470000000000e+03, maxρ=9.989578e-01, σ=2.537612e+00, Rc=1.855678e+01
 step=     1  E=8.308483240404e+02  Q=1.470000000000e+03  λ=1.321207e+00  maxρ=9.989578e-01  minρ=1.000e-15  σ=2.537612e+00  Rc=1.855678e+01
 step=   300  E=8.160596228787e+02  Q=1.470000000000e+03  λ=1.218348e+00  maxρ=9.972624e-01  minρ=1.000e-15  σ=2.537609e+00  Rc=1.855678e+01
 step=   600  E=7.863102439519e+02  Q=1.470000000000e+03  λ=1.032047e+00  maxρ=9.924823e-01  minρ=1.000e-15  σ=2.537604e+00  Rc=1.855678e+01
 step=   900  E=7.688801964548e+02  Q=1.470000000000e+03  λ=9.725596e-01  maxρ=9.854123e-01  minρ=1.000e-15  σ=2.537602e+00  Rc=1.855678e+01
 step=  1200  E=7.754835384885e+02  Q=1.470000000000e+03  λ=1.079842e+00  maxρ=9.822181e-01  minρ=1.000e-15  σ=2.537605e+00  Rc=1.855677e+01
 step=  1500  E=7.933185072384e+02  Q=1.470000000000e+03  λ=1.196408e+00  maxρ=9.874250e-01  minρ=1.000e-15  σ=2.537606e+00  Rc=1.855677e+01
 step=  1800  E=8.024598968281e+02  Q=1.470000000000e+03  λ=1.182649e+00  maxρ=9.905842e-01  minρ=1.000e-15  σ=2.537604e+00  Rc=1.855677e+01
 step=  2100  E=7.971351661009e+02  Q=1.470000000000e+03  λ=1.081420e+00  maxρ=9.855397e-01  minρ=1.000e-15  σ=2.537601e+00  Rc=1.855677e+01
 step=  2400  E=7.877149089519e+02  Q=1.470000000000e+03  λ=1.034352e+00  maxρ=9.755628e-01  minρ=1.000e-15  σ=2.537601e+00  Rc=1.855677e+01
 step=  2700  E=7.853729490036e+02  Q=1.470000000000e+03  λ=1.088931e+00  maxρ=9.801234e-01  minρ=1.000e-15  σ=2.537604e+00  Rc=1.855677e+01
 step=  3000  E=7.899295873855e+02  Q=1.470000000000e+03  λ=1.155011e+00  maxρ=9.924314e-01  minρ=1.000e-15  σ=2.537605e+00  Rc=1.855677e+01
 step=  3300  E=7.934116357150e+02  Q=1.470000000000e+03  λ=1.142981e+00  maxρ=9.949745e-01  minρ=1.000e-15  σ=2.537601e+00  Rc=1.855677e+01
 step=  3600  E=7.913518485059e+02  Q=1.470000000000e+03  λ=1.078397e+00  maxρ=9.884384e-01  minρ=1.000e-15  σ=2.537597e+00  Rc=1.855677e+01
 step=  3900  E=7.869794605007e+02  Q=1.470000000000e+03  λ=1.049327e+00  maxρ=9.884415e-01  minρ=1.000e-15  σ=2.537597e+00  Rc=1.855677e+01
 step=  4200  E=7.853345754633e+02  Q=1.470000000000e+03  λ=1.081777e+00  maxρ=9.850041e-01  minρ=1.000e-15  σ=2.537601e+00  Rc=1.855676e+01
 step=  4500  E=7.868742260067e+02  Q=1.470000000000e+03  λ=1.117288e+00  maxρ=9.824993e-01  minρ=1.000e-15  σ=2.537602e+00  Rc=1.855676e+01
 step=  4800  E=7.882848084855e+02  Q=1.470000000000e+03  λ=1.104988e+00  maxρ=9.868006e-01  minρ=1.000e-15  σ=2.537598e+00  Rc=1.855676e+01
 step=  5100  E=7.875455277748e+02  Q=1.470000000000e+03  λ=1.067417e+00  maxρ=9.878867e-01  minρ=1.000e-15  σ=2.537593e+00  Rc=1.855676e+01
 step=  5400  E=7.859057686728e+02  Q=1.470000000000e+03  λ=1.057239e+00  maxρ=9.867201e-01  minρ=1.000e-15  σ=2.537592e+00  Rc=1.855676e+01
 step=  5700  E=7.852405866849e+02  Q=1.470000000000e+03  λ=1.081121e+00  maxρ=9.833480e-01  minρ=1.000e-15  σ=2.537593e+00  Rc=1.855675e+01
 step=  6000  E=7.854777348430e+02  Q=1.470000000000e+03  λ=1.098520e+00  maxρ=9.807231e-01  minρ=1.000e-15  σ=2.537594e+00  Rc=1.855675e+01
 >>> No runaway detected in this horizon. Likely stable (within this model & box).

STABILITY: PASS
