
=== Aggressive relaxation to Q = 512 ===
Initial: E=6.091768101513e+02, Q=5.120000000000e+02, dt=1.000e-04
 step=     1  E=6.091663087727e+02  Q=5.120000000000e+02  λ=2.293426e+00  dt=1.000e-04  relΔE=1.724e-05  ||F||=4.532e-01
 step=   500  E=5.962708161989e+02  Q=5.120000000000e+02  λ=2.239569e+00  dt=6.192e-04  relΔE=8.172e-05  ||F||=4.298e-01
 step=  1000  E=5.595435299495e+02  Q=5.120000000000e+02  λ=2.089804e+00  dt=9.584e-04  relΔE=1.034e-04  ||F||=3.762e-01
 step=  1500  E=5.288211239717e+02  Q=5.120000000000e+02  λ=1.967700e+00  dt=7.418e-04  relΔE=6.990e-05  ||F||=3.419e-01
 step=  2000  E=5.047014820022e+02  Q=5.120000000000e+02  λ=1.873472e+00  dt=1.148e-03  relΔE=9.266e-05  ||F||=3.090e-01
 step=  2500  E=4.838904237958e+02  Q=5.120000000000e+02  λ=1.792960e+00  dt=8.887e-04  relΔE=6.332e-05  ||F||=2.843e-01
 step=  3000  E=4.658697359944e+02  Q=5.120000000000e+02  λ=1.723976e+00  dt=1.376e-03  relΔE=8.601e-05  ||F||=4.258e-01
 step=  3500  E=4.510611572630e+02  Q=5.120000000000e+02  λ=1.667504e+00  dt=1.065e-03  relΔE=6.035e-05  ||F||=2.448e-01
 step=  4000  E=4.377052404343e+02  Q=5.120000000000e+02  λ=1.616921e+00  dt=8.241e-04  relΔE=4.205e-05  ||F||=2.288e-01
 step=  4500  E=4.260544179902e+02  Q=5.120000000000e+02  λ=1.573076e+00  dt=1.276e-03  relΔE=5.870e-05  ||F||=2.144e-01
 step=  5000  E=4.159844542673e+02  Q=5.120000000000e+02  λ=1.535302e+00  dt=9.873e-04  relΔE=4.134e-05  ||F||=2.021e-01
 step=  5500  E=4.069411458002e+02  Q=5.120000000000e+02  λ=1.501557e+00  dt=1.274e-03  relΔE=4.873e-05  ||F||=1.911e-01
 step=  6000  E=3.989005026171e+02  Q=5.120000000000e+02  λ=1.471640e+00  dt=9.857e-04  relΔE=3.467e-05  ||F||=1.814e-01
 step=  6500  E=3.913578618435e+02  Q=5.120000000000e+02  λ=1.443690e+00  dt=7.629e-04  relΔE=2.496e-05  ||F||=1.733e-01
 step=  7000  E=3.847190845144e+02  Q=5.120000000000e+02  λ=1.419210e+00  dt=1.181e-03  relΔE=3.560e-05  ||F||=1.649e-01
 step=  7500  E=3.785690115543e+02  Q=5.120000000000e+02  λ=1.396592e+00  dt=9.140e-04  relΔE=2.579e-05  ||F||=1.583e-01
 step=  8000  E=3.727175254102e+02  Q=5.120000000000e+02  λ=1.375791e+00  dt=1.415e-03  relΔE=2.025e-05  ||F||=1.191e+00
 step=  8500  E=3.675434183719e+02  Q=5.120000000000e+02  λ=1.356305e+00  dt=1.095e-03  relΔE=2.770e-05  ||F||=1.476e-01
 step=  9000  E=3.624937032270e+02  Q=5.120000000000e+02  λ=1.337950e+00  dt=8.475e-04  relΔE=2.056e-05  ||F||=1.436e-01
 step=  9500  E=3.576856582303e+02  Q=5.120000000000e+02  λ=1.320554e+00  dt=1.312e-03  relΔE=3.075e-05  ||F||=1.405e-01
 step= 10000  E=3.532043834571e+02  Q=5.120000000000e+02  λ=1.304360e+00  dt=1.015e-03  relΔE=2.322e-05  ||F||=1.376e-01
 step= 10500  E=3.487367346356e+02  Q=5.120000000000e+02  λ=1.288238e+00  dt=7.858e-04  relΔE=1.770e-05  ||F||=1.357e-01
 step= 11000  E=3.444600031037e+02  Q=5.120000000000e+02  λ=1.272817e+00  dt=1.216e-03  relΔE=2.699e-05  ||F||=1.339e-01
 step= 11500  E=3.403102926236e+02  Q=5.120000000000e+02  λ=1.257798e+00  dt=9.414e-04  relΔE=2.074e-05  ||F||=1.326e-01
 step= 12000  E=3.360673889574e+02  Q=5.120000000000e+02  λ=1.242369e+00  dt=7.286e-04  relΔE=1.733e-05  ||F||=1.371e-01
 step= 12500  E=3.321163667672e+02  Q=5.120000000000e+02  λ=1.227904e+00  dt=1.128e-03  relΔE=2.464e-05  ||F||=1.304e-01
 step= 13000  E=3.281055684432e+02  Q=5.120000000000e+02  λ=1.213059e+00  dt=8.730e-04  relΔE=1.896e-05  ||F||=1.292e-01
 step= 13500  E=3.241371597050e+02  Q=5.120000000000e+02  λ=1.198205e+00  dt=1.351e-03  relΔE=2.898e-05  ||F||=1.343e-01
 step= 14000  E=3.204131532020e+02  Q=5.120000000000e+02  λ=1.184040e+00  dt=1.046e-03  relΔE=2.203e-05  ||F||=1.258e-01
 step= 14500  E=3.167057668058e+02  Q=5.120000000000e+02  λ=1.169709e+00  dt=8.095e-04  relΔE=1.659e-05  ||F||=1.233e-01
 step= 15000  E=3.131978348025e+02  Q=5.120000000000e+02  λ=1.155921e+00  dt=1.253e-03  relΔE=2.452e-05  ||F||=1.199e-01
 step= 15500  E=3.099587160268e+02  Q=5.120000000000e+02  λ=1.142929e+00  dt=9.698e-04  relΔE=1.791e-05  ||F||=1.158e-01
 step= 16000  E=3.068454836992e+02  Q=5.120000000000e+02  λ=1.130192e+00  dt=7.506e-04  relΔE=1.310e-05  ||F||=1.121e-01
 step= 16500  E=3.041320796819e+02  Q=5.120000000000e+02  λ=1.118871e+00  dt=1.162e-03  relΔE=1.806e-05  ||F||=1.053e-01
 step= 17000  E=3.016594469404e+02  Q=5.120000000000e+02  λ=1.108319e+00  dt=8.992e-04  relΔE=1.246e-05  ||F||=9.899e-02
 step= 17500  E=2.994459347314e+02  Q=5.120000000000e+02  λ=1.098694e+00  dt=1.392e-03  relΔE=1.599e-05  ||F||=2.568e-01
 step= 18000  E=2.976394766266e+02  Q=5.120000000000e+02  λ=1.090596e+00  dt=1.077e-03  relΔE=1.118e-05  ||F||=8.510e-02
 step= 18500  E=2.960547306474e+02  Q=5.120000000000e+02  λ=1.083339e+00  dt=8.338e-04  relΔE=7.282e-06  ||F||=7.785e-02
 step= 19000  E=2.947429980956e+02  Q=5.120000000000e+02  λ=1.077178e+00  dt=1.291e-03  relΔE=9.296e-06  ||F||=7.059e-02
 step= 19500  E=2.936962943905e+02  Q=5.120000000000e+02  λ=1.072112e+00  dt=9.989e-04  relΔE=5.879e-06  ||F||=6.365e-02
 step= 20000  E=2.928239608405e+02  Q=5.120000000000e+02  λ=1.067757e+00  dt=7.731e-04  relΔE=3.663e-06  ||F||=5.703e-02
 step= 20500  E=2.921481084384e+02  Q=5.120000000000e+02  λ=1.064268e+00  dt=1.197e-03  relΔE=4.476e-06  ||F||=5.060e-02
 step= 21000  E=2.916131736649e+02  Q=5.120000000000e+02  λ=1.061398e+00  dt=9.263e-04  relΔE=2.721e-06  ||F||=4.480e-02
 step= 21500  E=2.911826753776e+02  Q=5.120000000000e+02  λ=1.058987e+00  dt=7.169e-04  relΔE=2.122e-06  ||F||=6.146e-02
 step= 22000  E=2.908687804697e+02  Q=5.120000000000e+02  λ=1.057147e+00  dt=1.110e-03  relΔE=1.950e-06  ||F||=3.461e-02
 step= 22500  E=2.906184595626e+02  Q=5.120000000000e+02  λ=1.055600e+00  dt=8.589e-04  relΔE=1.154e-06  ||F||=3.024e-02
 step= 23000  E=2.904271658124e+02  Q=5.120000000000e+02  λ=1.054348e+00  dt=1.329e-03  relΔE=1.354e-06  ||F||=2.663e-02
 step= 23500  E=2.902862536746e+02  Q=5.120000000000e+02  λ=1.053363e+00  dt=1.029e-03  relΔE=7.983e-07  ||F||=2.296e-02
 step= 24000  E=2.901763730141e+02  Q=5.120000000000e+02  λ=1.052540e+00  dt=7.964e-04  relΔE=4.665e-07  ||F||=1.995e-02
 step= 24500  E=2.900944879069e+02  Q=5.120000000000e+02  λ=1.051878e+00  dt=1.233e-03  relΔE=5.424e-07  ||F||=1.728e-02
 step= 25000  E=2.900336845666e+02  Q=5.120000000000e+02  λ=1.051343e+00  dt=9.541e-04  relΔE=3.171e-07  ||F||=1.502e-02
 step= 25500  E=2.899861654883e+02  Q=5.120000000000e+02  λ=1.050886e+00  dt=7.385e-04  relΔE=1.880e-07  ||F||=1.314e-02
 step= 26000  E=2.899521444859e+02  Q=5.120000000000e+02  λ=1.050526e+00  dt=1.143e-03  relΔE=2.144e-07  ||F||=1.127e-02
 step= 26500  E=2.899258288373e+02  Q=5.120000000000e+02  λ=1.050217e+00  dt=8.847e-04  relΔE=1.247e-07  ||F||=9.772e-03
 step= 27000  E=2.899057634853e+02  Q=5.120000000000e+02  λ=1.049956e+00  dt=1.369e-03  relΔE=1.438e-07  ||F||=1.158e-02
 step= 27500  E=2.898912823390e+02  Q=5.120000000000e+02  λ=1.049744e+00  dt=1.060e-03  relΔE=8.510e-08  ||F||=7.369e-03
 step= 28000  E=2.898799354704e+02  Q=5.120000000000e+02  λ=1.049558e+00  dt=8.203e-04  relΔE=4.983e-08  ||F||=6.407e-03
 step= 28500  E=2.898713569815e+02  Q=5.120000000000e+02  λ=1.049401e+00  dt=1.270e-03  relΔE=5.848e-08  ||F||=5.577e-03
 step= 29000  E=2.898649633879e+02  Q=5.120000000000e+02  λ=1.049268e+00  dt=9.828e-04  relΔE=3.472e-08  ||F||=4.880e-03
 step= 29500  E=2.898598873353e+02  Q=5.120000000000e+02  λ=1.049149e+00  dt=7.607e-04  relΔE=2.078e-08  ||F||=4.289e-03
 step= 30000  E=2.898561178448e+02  Q=5.120000000000e+02  λ=1.049050e+00  dt=1.177e-03  relΔE=2.461e-08  ||F||=3.748e-03
 step= 30500  E=2.898531572218e+02  Q=5.120000000000e+02  λ=1.048962e+00  dt=9.113e-04  relΔE=1.480e-08  ||F||=3.302e-03
 step= 31000  E=2.898507896589e+02  Q=5.120000000000e+02  λ=1.048883e+00  dt=1.411e-03  relΔE=1.392e-08  ||F||=1.593e-02
 step= 31500  E=2.898490317188e+02  Q=5.120000000000e+02  λ=1.048817e+00  dt=1.092e-03  relΔE=1.092e-08  ||F||=2.585e-03
 step= 32000  E=2.898475881788e+02  Q=5.120000000000e+02  λ=1.048757e+00  dt=8.450e-04  relΔE=6.692e-09  ||F||=2.298e-03
 step= 32500  E=2.898464392569e+02  Q=5.120000000000e+02  λ=1.048704e+00  dt=1.308e-03  relΔE=8.250e-09  ||F||=2.053e-03
 step= 33000  E=2.898455442474e+02  Q=5.120000000000e+02  λ=1.048657e+00  dt=1.012e-03  relΔE=5.158e-09  ||F||=1.838e-03
 step= 33500  E=2.898447965971e+02  Q=5.120000000000e+02  λ=1.048615e+00  dt=7.835e-04  relΔE=3.236e-09  ||F||=1.653e-03
 step= 34000  E=2.898442008260e+02  Q=5.120000000000e+02  λ=1.048578e+00  dt=1.213e-03  relΔE=4.075e-09  ||F||=1.488e-03
 step= 34500  E=2.898437155642e+02  Q=5.120000000000e+02  λ=1.048545e+00  dt=9.387e-04  relΔE=2.594e-09  ||F||=1.347e-03
 step= 35000  E=2.898433012644e+02  Q=5.120000000000e+02  λ=1.048514e+00  dt=7.265e-04  relΔE=1.771e-09  ||F||=1.266e-03
 step= 35500  E=2.898429761939e+02  Q=5.120000000000e+02  λ=1.048487e+00  dt=1.125e-03  relΔE=2.132e-09  ||F||=1.112e-03
 step= 36000  E=2.898426960960e+02  Q=5.120000000000e+02  λ=1.048463e+00  dt=8.704e-04  relΔE=1.377e-09  ||F||=1.014e-03
 step= 36500  E=2.898424597086e+02  Q=5.120000000000e+02  λ=1.048440e+00  dt=1.347e-03  relΔE=1.781e-09  ||F||=9.847e-04
 step= 37000  E=2.898422680774e+02  Q=5.120000000000e+02  λ=1.048421e+00  dt=1.043e-03  relΔE=1.167e-09  ||F||=8.488e-04
 step= 37500  E=2.898421012019e+02  Q=5.120000000000e+02  λ=1.048403e+00  dt=8.071e-04  relΔE=7.640e-10  ||F||=7.790e-04
 step= 38000  E=2.898419606309e+02  Q=5.120000000000e+02  λ=1.048386e+00  dt=1.249e-03  relΔE=1.001e-09  ||F||=7.150e-04
 step= 38500  E=2.898418435235e+02  Q=5.120000000000e+02  λ=1.048372e+00  dt=9.670e-04  relΔE=6.615e-10  ||F||=6.589e-04
 step= 39000  E=2.898417395680e+02  Q=5.120000000000e+02  λ=1.048358e+00  dt=7.484e-04  relΔE=4.471e-10  ||F||=6.149e-04
 step= 39500  E=2.898416546196e+02  Q=5.120000000000e+02  λ=1.048346e+00  dt=1.158e-03  relΔE=5.784e-10  ||F||=5.598e-04
 step= 40000  E=2.898415801894e+02  Q=5.120000000000e+02  λ=1.048334e+00  dt=8.966e-04  relΔE=3.839e-10  ||F||=5.169e-04
 step= 40500  E=2.898415149080e+02  Q=5.120000000000e+02  λ=1.048324e+00  dt=1.388e-03  relΔE=4.890e-10  ||F||=1.267e-03
 step= 41000  E=2.898414616225e+02  Q=5.120000000000e+02  λ=1.048315e+00  dt=1.074e-03  relΔE=3.401e-10  ||F||=4.416e-04
 step= 41500  E=2.898414140137e+02  Q=5.120000000000e+02  λ=1.048306e+00  dt=8.314e-04  relΔE=2.268e-10  ||F||=4.084e-04
 step= 42000  E=2.898413729641e+02  Q=5.120000000000e+02  λ=1.048298e+00  dt=1.287e-03  relΔE=3.024e-10  ||F||=3.778e-04
 step= 42500  E=2.898413383973e+02  Q=5.120000000000e+02  λ=1.048291e+00  dt=9.960e-04  relΔE=2.028e-10  ||F||=3.501e-04
 step= 43000  E=2.898413074202e+02  Q=5.120000000000e+02  λ=1.048284e+00  dt=7.709e-04  relΔE=1.365e-10  ||F||=3.253e-04
 step= 43500  E=2.898412813606e+02  Q=5.120000000000e+02  λ=1.048278e+00  dt=1.193e-03  relΔE=1.819e-10  ||F||=3.003e-04
 step= 44000  E=2.898412586645e+02  Q=5.120000000000e+02  λ=1.048272e+00  dt=9.236e-04  relΔE=1.222e-10  ||F||=2.784e-04
 step= 44500  E=2.898412383097e+02  Q=5.120000000000e+02  λ=1.048267e+00  dt=7.148e-04  relΔE=1.281e-10  ||F||=9.630e-04
 step= 45000  E=2.898412216343e+02  Q=5.120000000000e+02  λ=1.048263e+00  dt=1.106e-03  relΔE=1.104e-10  ||F||=2.393e-04
 step= 45500  E=2.898412067111e+02  Q=5.120000000000e+02  λ=1.048258e+00  dt=7.137e-04  relΔE=6.207e-11  ||F||=2.221e-04
 step= 46000  E=2.898411939745e+02  Q=5.120000000000e+02  λ=1.048254e+00  dt=1.105e-03  relΔE=8.376e-11  ||F||=2.061e-04
 step= 46500  E=2.898411826234e+02  Q=5.120000000000e+02  λ=1.048250e+00  dt=7.125e-04  relΔE=4.721e-11  ||F||=1.915e-04
 step= 47000  E=2.898411729175e+02  Q=5.120000000000e+02  λ=1.048247e+00  dt=1.103e-03  relΔE=6.380e-11  ||F||=1.777e-04
 step= 47500  E=2.898411641476e+02  Q=5.120000000000e+02  λ=1.048244e+00  dt=8.536e-04  relΔE=4.311e-11  ||F||=1.648e-04
 step= 48000  E=2.898411564934e+02  Q=5.120000000000e+02  λ=1.048241e+00  dt=1.321e-03  relΔE=5.818e-11  ||F||=1.537e-04
 step= 48500  E=2.898411501535e+02  Q=5.120000000000e+02  λ=1.048238e+00  dt=8.522e-04  relΔE=3.303e-11  ||F||=1.421e-04
 step= 49000  E=2.898411442251e+02  Q=5.120000000000e+02  λ=1.048236e+00  dt=1.319e-03  relΔE=4.467e-11  ||F||=1.324e-04
 step= 49500  E=2.898411392106e+02  Q=5.120000000000e+02  λ=1.048234e+00  dt=1.021e-03  relΔE=3.039e-11  ||F||=1.223e-04
 step= 50000  E=2.898411346743e+02  Q=5.120000000000e+02  λ=1.048231e+00  dt=7.902e-04  relΔE=2.067e-11  ||F||=1.136e-04
 step= 50500  E=2.898411307490e+02  Q=5.120000000000e+02  λ=1.048229e+00  dt=1.223e-03  relΔE=2.804e-11  ||F||=1.052e-04
 step= 51000  E=2.898411273284e+02  Q=5.120000000000e+02  λ=1.048228e+00  dt=9.467e-04  relΔE=1.912e-11  ||F||=9.769e-05
 step= 51500  E=2.898411242006e+02  Q=5.120000000000e+02  λ=1.048226e+00  dt=7.327e-04  relΔE=1.381e-11  ||F||=9.472e-05
 step= 52000  E=2.898411215864e+02  Q=5.120000000000e+02  λ=1.048224e+00  dt=1.134e-03  relΔE=1.778e-11  ||F||=8.407e-05
 step= 52500  E=2.898411192049e+02  Q=5.120000000000e+02  λ=1.048223e+00  dt=8.779e-04  relΔE=1.215e-11  ||F||=7.800e-05
 step= 53000  E=2.898411170786e+02  Q=5.120000000000e+02  λ=1.048221e+00  dt=1.359e-03  relΔE=1.655e-11  ||F||=9.074e-05
 step= 53500  E=2.898411152710e+02  Q=5.120000000000e+02  λ=1.048220e+00  dt=1.052e-03  relΔE=1.139e-11  ||F||=6.714e-05
 step= 54000  E=2.898411136169e+02  Q=5.120000000000e+02  λ=1.048219e+00  dt=8.140e-04  relΔE=7.823e-12  ||F||=6.236e-05
 step= 54500  E=2.898411121575e+02  Q=5.120000000000e+02  λ=1.048218e+00  dt=1.260e-03  relΔE=1.072e-11  ||F||=5.775e-05
 step= 55000  E=2.898411108879e+02  Q=5.120000000000e+02  λ=1.048217e+00  dt=9.752e-04  relΔE=7.391e-12  ||F||=5.365e-05
 step= 55500  E=2.898411097139e+02  Q=5.120000000000e+02  λ=1.048216e+00  dt=7.548e-04  relΔE=5.147e-12  ||F||=5.033e-05
 step= 56000  E=2.898411087081e+02  Q=5.120000000000e+02  λ=1.048215e+00  dt=1.168e-03  relΔE=7.019e-12  ||F||=4.616e-05
 step= 56500  E=2.898411077967e+02  Q=5.120000000000e+02  λ=1.048214e+00  dt=9.043e-04  relΔE=4.851e-12  ||F||=4.285e-05
 step= 57000  E=2.898411069615e+02  Q=5.120000000000e+02  λ=1.048214e+00  dt=1.400e-03  relΔE=6.095e-12  ||F||=2.044e-04
 step= 57500  E=2.898411062538e+02  Q=5.120000000000e+02  λ=1.048213e+00  dt=1.083e-03  relΔE=4.650e-12  ||F||=3.688e-05
 step= 58000  E=2.898411055949e+02  Q=5.120000000000e+02  λ=1.048212e+00  dt=8.385e-04  relΔE=3.227e-12  ||F||=3.425e-05
 step= 58500  E=2.898411050052e+02  Q=5.120000000000e+02  λ=1.048212e+00  dt=1.298e-03  relΔE=4.473e-12  ||F||=3.181e-05
 step= 59000  E=2.898411044894e+02  Q=5.120000000000e+02  λ=1.048211e+00  dt=1.005e-03  relΔE=3.118e-12  ||F||=2.947e-05
 step= 59500  E=2.898411040087e+02  Q=5.120000000000e+02  λ=1.048211e+00  dt=7.775e-04  relΔE=2.182e-12  ||F||=2.754e-05
 step= 60000  E=2.898411035860e+02  Q=5.120000000000e+02  λ=1.048210e+00  dt=1.203e-03  relΔE=3.027e-12  ||F||=2.535e-05
 step= 60500  E=2.898411032054e+02  Q=5.120000000000e+02  λ=1.048210e+00  dt=9.315e-04  relΔE=2.116e-12  ||F||=2.354e-05
 step= 61000  E=2.898411028487e+02  Q=5.120000000000e+02  λ=1.048210e+00  dt=7.209e-04  relΔE=1.709e-12  ||F||=2.688e-05
 step= 61500  E=2.898411025442e+02  Q=5.120000000000e+02  λ=1.048209e+00  dt=1.116e-03  relΔE=2.072e-12  ||F||=2.027e-05
 step= 62000  E=2.898411022580e+02  Q=5.120000000000e+02  λ=1.048209e+00  dt=8.637e-04  relΔE=1.453e-12  ||F||=1.882e-05
 step= 62500  E=2.898411019976e+02  Q=5.120000000000e+02  λ=1.048208e+00  dt=1.337e-03  relΔE=2.035e-12  ||F||=1.849e-05
 step= 63000  E=2.898411017688e+02  Q=5.120000000000e+02  λ=1.048208e+00  dt=1.035e-03  relΔE=1.433e-12  ||F||=1.619e-05
 step= 63500  E=2.898411015545e+02  Q=5.120000000000e+02  λ=1.048208e+00  dt=8.009e-04  relΔE=1.010e-12  ||F||=1.507e-05
 step= 64000  E=2.898411013612e+02  Q=5.120000000000e+02  λ=1.048208e+00  dt=1.240e-03  relΔE=1.420e-12  ||F||=1.393e-05
 step= 64500  E=2.898411011882e+02  Q=5.120000000000e+02  λ=1.048207e+00  dt=9.595e-04  relΔE=1.002e-12  ||F||=1.294e-05
 step= 65000  E=2.898411010242e+02  Q=5.120000000000e+02  λ=1.048207e+00  dt=7.426e-04  relΔE=7.217e-13  ||F||=1.259e-05
 step= 65500  E=2.898411008813e+02  Q=5.120000000000e+02  λ=1.048207e+00  dt=1.149e-03  relΔE=9.990e-13  ||F||=1.113e-05
 step= 66000  E=2.898411007474e+02  Q=5.120000000000e+02  λ=1.048207e+00  dt=8.897e-04  relΔE=7.062e-13  ||F||=1.034e-05
 step= 66500  E=2.898411006229e+02  Q=5.120000000000e+02  λ=1.048207e+00  dt=1.377e-03  relΔE=9.845e-13  ||F||=3.315e-05
 step= 67000  E=2.898411005168e+02  Q=5.120000000000e+02  λ=1.048207e+00  dt=8.882e-04  relΔE=5.923e-13  ||F||=8.927e-06
 step= 67500  E=2.898411004124e+02  Q=5.120000000000e+02  λ=1.048206e+00  dt=1.375e-03  relΔE=8.288e-13  ||F||=2.687e-05
 step= 68000  E=2.898411003210e+02  Q=5.120000000000e+02  λ=1.048206e+00  dt=1.064e-03  relΔE=5.952e-13  ||F||=7.674e-06
 step= 68500  E=2.898411002342e+02  Q=5.120000000000e+02  λ=1.048206e+00  dt=8.236e-04  relΔE=4.234e-13  ||F||=7.159e-06
 step= 69000  E=2.898411001580e+02  Q=5.120000000000e+02  λ=1.048206e+00  dt=1.062e-03  relΔE=5.019e-13  ||F||=6.621e-06
 step= 69500  E=2.898411000848e+02  Q=5.120000000000e+02  λ=1.048206e+00  dt=8.223e-04  relΔE=3.569e-13  ||F||=6.171e-06
 step= 70000  E=2.898411000175e+02  Q=5.120000000000e+02  λ=1.048206e+00  dt=1.273e-03  relΔE=5.064e-13  ||F||=5.704e-06
 step= 70500  E=2.898410999572e+02  Q=5.120000000000e+02  λ=1.048206e+00  dt=9.851e-04  relΔE=3.614e-13  ||F||=5.291e-06
 step= 71000  E=2.898410998995e+02  Q=5.120000000000e+02  λ=1.048206e+00  dt=7.625e-04  relΔE=2.603e-13  ||F||=5.209e-06
 step= 71500  E=2.898410998483e+02  Q=5.120000000000e+02  λ=1.048205e+00  dt=1.180e-03  relΔE=3.669e-13  ||F||=4.552e-06
 step= 72000  E=2.898410998005e+02  Q=5.120000000000e+02  λ=1.048205e+00  dt=9.135e-04  relΔE=2.622e-13  ||F||=4.230e-06
 step= 72500  E=2.898410997552e+02  Q=5.120000000000e+02  λ=1.048205e+00  dt=1.414e-03  relΔE=2.049e-13  ||F||=1.048e-04
 step= 73000  E=2.898410997157e+02  Q=5.120000000000e+02  λ=1.048205e+00  dt=1.094e-03  relΔE=2.663e-13  ||F||=3.638e-06
 step= 73500  E=2.898410996778e+02  Q=5.120000000000e+02  λ=1.048205e+00  dt=8.470e-04  relΔE=1.900e-13  ||F||=3.401e-06
 step= 74000  E=2.898410996429e+02  Q=5.120000000000e+02  λ=1.048205e+00  dt=1.311e-03  relΔE=2.714e-13  ||F||=3.306e-06
 step= 74500  E=2.898410996115e+02  Q=5.120000000000e+02  λ=1.048205e+00  dt=1.015e-03  relΔE=1.942e-13  ||F||=2.907e-06
 step= 75000  E=2.898410995817e+02  Q=5.120000000000e+02  λ=1.048205e+00  dt=7.854e-04  relΔE=1.390e-13  ||F||=2.791e-06
 step= 75500  E=2.898410995545e+02  Q=5.120000000000e+02  λ=1.048205e+00  dt=1.216e-03  relΔE=1.981e-13  ||F||=2.501e-06
 step= 76000  E=2.898410995296e+02  Q=5.120000000000e+02  λ=1.048205e+00  dt=9.409e-04  relΔE=1.422e-13  ||F||=2.326e-06
 step= 76500  E=2.898410995058e+02  Q=5.120000000000e+02  λ=1.048205e+00  dt=7.283e-04  relΔE=1.073e-13  ||F||=3.257e-06
 step= 77000  E=2.898410994848e+02  Q=5.120000000000e+02  λ=1.048205e+00  dt=1.127e-03  relΔE=1.449e-13  ||F||=1.999e-06
 step= 77500  E=2.898410994648e+02  Q=5.120000000000e+02  λ=1.048205e+00  dt=8.725e-04  relΔE=1.037e-13  ||F||=1.870e-06
 step= 78000  E=2.898410994462e+02  Q=5.120000000000e+02  λ=1.048205e+00  dt=1.351e-03  relΔE=1.485e-13  ||F||=3.630e-06
 step= 78500  E=2.898410994295e+02  Q=5.120000000000e+02  λ=1.048205e+00  dt=1.045e-03  relΔE=1.071e-13  ||F||=1.598e-06
 step= 79000  E=2.898410994136e+02  Q=5.120000000000e+02  λ=1.048205e+00  dt=8.090e-04  relΔE=7.629e-14  ||F||=1.527e-06
 step= 79500  E=2.898410993990e+02  Q=5.120000000000e+02  λ=1.048205e+00  dt=1.252e-03  relΔE=1.096e-13  ||F||=1.377e-06
 step= 80000  E=2.898410993857e+02  Q=5.120000000000e+02  λ=1.048205e+00  dt=9.692e-04  relΔE=7.864e-14  ||F||=1.279e-06
 step= 80500  E=2.898410993730e+02  Q=5.120000000000e+02  λ=1.048205e+00  dt=7.502e-04  relΔE=5.707e-14  ||F||=1.500e-06
 step= 81000  E=2.898410993616e+02  Q=5.120000000000e+02  λ=1.048205e+00  dt=1.161e-03  relΔE=8.080e-14  ||F||=1.099e-06
 step= 81500  E=2.898410993509e+02  Q=5.120000000000e+02  λ=1.048205e+00  dt=8.987e-04  relΔE=5.786e-14  ||F||=1.029e-06
 step= 82000  E=2.898410993408e+02  Q=5.120000000000e+02  λ=1.048205e+00  dt=1.391e-03  relΔE=7.845e-14  ||F||=1.786e-05
 step= 82500  E=2.898410993319e+02  Q=5.120000000000e+02  λ=1.048205e+00  dt=1.077e-03  relΔE=5.923e-14  ||F||=8.786e-07
 step= 83000  E=2.898410993233e+02  Q=5.120000000000e+02  λ=1.048205e+00  dt=8.333e-04  relΔE=4.236e-14  ||F||=8.456e-07
 step= 83500  E=2.898410993153e+02  Q=5.120000000000e+02  λ=1.048205e+00  dt=1.290e-03  relΔE=6.119e-14  ||F||=7.917e-07
 step= 84000  E=2.898410993082e+02  Q=5.120000000000e+02  λ=1.048205e+00  dt=9.984e-04  relΔE=4.432e-14  ||F||=7.033e-07
 step= 84500  E=2.898410993013e+02  Q=5.120000000000e+02  λ=1.048205e+00  dt=7.727e-04  relΔE=3.158e-14  ||F||=8.227e-07
 step= 85000  E=2.898410992951e+02  Q=5.120000000000e+02  λ=1.048205e+00  dt=1.196e-03  relΔE=4.472e-14  ||F||=6.043e-07
 step= 85500  E=2.898410992893e+02  Q=5.120000000000e+02  λ=1.048205e+00  dt=9.258e-04  relΔE=3.197e-14  ||F||=5.651e-07
 step= 86000  E=2.898410992837e+02  Q=5.120000000000e+02  λ=1.048205e+00  dt=7.165e-04  relΔE=2.805e-14  ||F||=2.795e-06
 step= 86500  E=2.898410992789e+02  Q=5.120000000000e+02  λ=1.048205e+00  dt=1.109e-03  relΔE=3.354e-14  ||F||=4.833e-07
 step= 87000  E=2.898410992742e+02  Q=5.120000000000e+02  λ=1.048205e+00  dt=8.584e-04  relΔE=2.412e-14  ||F||=4.701e-07
 step= 87500  E=2.898410992699e+02  Q=5.120000000000e+02  λ=1.048205e+00  dt=1.329e-03  relΔE=3.452e-14  ||F||=8.806e-07
 step= 88000  E=2.898410992660e+02  Q=5.120000000000e+02  λ=1.048205e+00  dt=1.028e-03  relΔE=2.510e-14  ||F||=3.871e-07
 step= 88500  E=2.898410992622e+02  Q=5.120000000000e+02  λ=1.048205e+00  dt=7.960e-04  relΔE=1.765e-14  ||F||=4.214e-07
 step= 89000  E=2.898410992588e+02  Q=5.120000000000e+02  λ=1.048205e+00  dt=1.232e-03  relΔE=2.510e-14  ||F||=3.332e-07
 step= 89500  E=2.898410992557e+02  Q=5.120000000000e+02  λ=1.048205e+00  dt=9.536e-04  relΔE=1.785e-14  ||F||=3.113e-07
 step= 90000  E=2.898410992527e+02  Q=5.120000000000e+02  λ=1.048204e+00  dt=7.381e-04  relΔE=1.334e-14  ||F||=7.261e-07
 step= 90500  E=2.898410992500e+02  Q=5.120000000000e+02  λ=1.048204e+00  dt=1.142e-03  relΔE=1.844e-14  ||F||=2.659e-07
 step= 91000  E=2.898410992474e+02  Q=5.120000000000e+02  λ=1.048204e+00  dt=8.842e-04  relΔE=1.353e-14  ||F||=2.581e-07
 step= 91500  E=2.898410992450e+02  Q=5.120000000000e+02  λ=1.048204e+00  dt=1.369e-03  relΔE=1.902e-14  ||F||=3.846e-06
 step= 92000  E=2.898410992429e+02  Q=5.120000000000e+02  λ=1.048204e+00  dt=1.059e-03  relΔE=1.392e-14  ||F||=2.129e-07
 step= 92500  E=2.898410992409e+02  Q=5.120000000000e+02  λ=1.048204e+00  dt=8.199e-04  relΔE=1.039e-14  ||F||=2.409e-07
 step= 93000  E=2.898410992391e+02  Q=5.120000000000e+02  λ=1.048204e+00  dt=1.058e-03  relΔE=1.216e-14  ||F||=1.845e-07
 step= 93500  E=2.898410992373e+02  Q=5.120000000000e+02  λ=1.048204e+00  dt=8.186e-04  relΔE=8.825e-15  ||F||=2.137e-07
 step= 94000  E=2.898410992357e+02  Q=5.120000000000e+02  λ=1.048204e+00  dt=1.267e-03  relΔE=1.275e-14  ||F||=1.643e-07
 step= 94500  E=2.898410992342e+02  Q=5.120000000000e+02  λ=1.048204e+00  dt=9.807e-04  relΔE=9.218e-15  ||F||=1.479e-07
 step= 95000  E=2.898410992328e+02  Q=5.120000000000e+02  λ=1.048204e+00  dt=7.590e-04  relΔE=6.472e-15  ||F||=3.058e-07
 step= 95500  E=2.898410992315e+02  Q=5.120000000000e+02  λ=1.048204e+00  dt=1.175e-03  relΔE=9.021e-15  ||F||=1.264e-07
 step= 96000  E=2.898410992303e+02  Q=5.120000000000e+02  λ=1.048204e+00  dt=9.093e-04  relΔE=6.080e-15  ||F||=1.251e-07
 step= 96500  E=2.898410992292e+02  Q=5.120000000000e+02  λ=1.048204e+00  dt=1.408e-03  relΔE=6.080e-15  ||F||=1.553e-05
 step= 97000  E=2.898410992282e+02  Q=5.120000000000e+02  λ=1.048204e+00  dt=1.089e-03  relΔE=7.256e-15  ||F||=1.013e-07
 step= 97500  E=2.898410992272e+02  Q=5.120000000000e+02  λ=1.048204e+00  dt=8.432e-04  relΔE=5.099e-15  ||F||=1.211e-07
 step= 98000  E=2.898410992263e+02  Q=5.120000000000e+02  λ=1.048204e+00  dt=1.305e-03  relΔE=7.256e-15  ||F||=1.978e-07
 step= 98500  E=2.898410992255e+02  Q=5.120000000000e+02  λ=1.048204e+00  dt=1.010e-03  relΔE=5.099e-15  ||F||=8.210e-08
 step= 99000  E=2.898410992247e+02  Q=5.120000000000e+02  λ=1.048204e+00  dt=7.818e-04  relΔE=3.922e-15  ||F||=1.848e-07
 step= 99500  E=2.898410992240e+02  Q=5.120000000000e+02  λ=1.048204e+00  dt=1.210e-03  relΔE=5.295e-15  ||F||=6.969e-08
 step=100000  E=2.898410992234e+02  Q=5.120000000000e+02  λ=1.048204e+00  dt=9.367e-04  relΔE=3.138e-15  ||F||=6.785e-08
 step=100500  E=2.898410992227e+02  Q=5.120000000000e+02  λ=1.048204e+00  dt=7.250e-04  relΔE=3.138e-15  ||F||=4.233e-07
 step=101000  E=2.898410992222e+02  Q=5.120000000000e+02  λ=1.048204e+00  dt=1.122e-03  relΔE=4.511e-15  ||F||=5.582e-08
 step=101500  E=2.898410992216e+02  Q=5.120000000000e+02  λ=1.048204e+00  dt=8.685e-04  relΔE=2.942e-15  ||F||=7.290e-08
 Converged (aggressive): step=101755, E=2.898410992214e+02, Q=5.120000000000e+02, dt=1.081e-03, ||F||=4.999e-08

Stationary candidate (aggressive): E=2.898410992214e+02, Q=5.120000000000e+02, maxρ=5.566086e-01

=== Stability test (damped inertial dynamics) ===
Perturb eps=0.02, gamma=1
t=0: E=3.148710792344e+02, Q=5.120000000000e+02, maxρ=5.745431e-01, σ=2.740844e+00, Rc=1.850522e+01
 step=     1  E=3.148709533803e+02  Q=5.120000000000e+02  λ=1.435437e+00  maxρ=5.745430e-01  minρ=1.000e-15  σ=2.740844e+00  Rc=1.850522e+01
 step=   300  E=3.097107556770e+02  Q=5.120000000000e+02  λ=1.332256e+00  maxρ=5.735686e-01  minρ=1.000e-15  σ=2.740841e+00  Rc=1.850522e+01
 step=   600  E=2.993333095291e+02  Q=5.120000000000e+02  λ=1.145448e+00  maxρ=5.708211e-01  minρ=1.000e-15  σ=2.740835e+00  Rc=1.850522e+01
 step=   900  E=2.932599297481e+02  Q=5.120000000000e+02  λ=1.085987e+00  maxρ=5.667574e-01  minρ=1.000e-15  σ=2.740833e+00  Rc=1.850522e+01
 step=  1200  E=2.955720740409e+02  Q=5.120000000000e+02  λ=1.193778e+00  maxρ=5.649059e-01  minρ=1.000e-15  σ=2.740837e+00  Rc=1.850522e+01
 step=  1500  E=3.017936141563e+02  Q=5.120000000000e+02  λ=1.310606e+00  maxρ=5.680957e-01  minρ=1.000e-15  σ=2.740838e+00  Rc=1.850521e+01
 step=  1800  E=3.049726159047e+02  Q=5.120000000000e+02  λ=1.296494e+00  maxρ=5.699147e-01  minρ=1.000e-15  σ=2.740836e+00  Rc=1.850521e+01
 step=  2100  E=3.031070332389e+02  Q=5.120000000000e+02  λ=1.194792e+00  maxρ=5.670144e-01  minρ=1.000e-15  σ=2.740832e+00  Rc=1.850521e+01
 step=  2400  E=2.998248005148e+02  Q=5.120000000000e+02  λ=1.147786e+00  maxρ=5.613579e-01  minρ=1.000e-15  σ=2.740832e+00  Rc=1.850521e+01
 step=  2700  E=2.990187511729e+02  Q=5.120000000000e+02  λ=1.202860e+00  maxρ=5.636058e-01  minρ=1.000e-15  σ=2.740836e+00  Rc=1.850521e+01
 step=  3000  E=3.006116432570e+02  Q=5.120000000000e+02  λ=1.269172e+00  maxρ=5.706853e-01  minρ=1.000e-15  σ=2.740837e+00  Rc=1.850521e+01
 step=  3300  E=3.018168607159e+02  Q=5.120000000000e+02  λ=1.256788e+00  maxρ=5.721513e-01  minρ=1.000e-15  σ=2.740833e+00  Rc=1.850521e+01
 step=  3600  E=3.010873508447e+02  Q=5.120000000000e+02  λ=1.191738e+00  maxρ=5.687739e-01  minρ=1.000e-15  σ=2.740828e+00  Rc=1.850521e+01
 step=  3900  E=2.995633203595e+02  Q=5.120000000000e+02  λ=1.162696e+00  maxρ=5.687786e-01  minρ=1.000e-15  σ=2.740828e+00  Rc=1.850521e+01
 step=  4200  E=2.990017071265e+02  Q=5.120000000000e+02  λ=1.195597e+00  maxρ=5.668039e-01  minρ=1.000e-15  σ=2.740832e+00  Rc=1.850521e+01
 step=  4500  E=2.995473401544e+02  Q=5.120000000000e+02  λ=1.231375e+00  maxρ=5.653218e-01  minρ=1.000e-15  σ=2.740834e+00  Rc=1.850520e+01
 step=  4800  E=3.000346246245e+02  Q=5.120000000000e+02  λ=1.218843e+00  maxρ=5.677407e-01  minρ=1.000e-15  σ=2.740830e+00  Rc=1.850520e+01
 step=  5100  E=2.997654885933e+02  Q=5.120000000000e+02  λ=1.180884e+00  maxρ=5.684297e-01  minρ=1.000e-15  σ=2.740824e+00  Rc=1.850520e+01
 step=  5400  E=2.991900370086e+02  Q=5.120000000000e+02  λ=1.170659e+00  maxρ=5.677639e-01  minρ=1.000e-15  σ=2.740823e+00  Rc=1.850520e+01
 step=  5700  E=2.989662767658e+02  Q=5.120000000000e+02  λ=1.194834e+00  maxρ=5.658291e-01  minρ=1.000e-15  σ=2.740825e+00  Rc=1.850520e+01
 step=  6000  E=2.990580376560e+02  Q=5.120000000000e+02  λ=1.212447e+00  maxρ=5.642444e-01  minρ=1.000e-15  σ=2.740826e+00  Rc=1.850519e+01
 >>> No runaway detected in this horizon. Likely stable (within this model & box).

STABILITY: PASS
