
=== Aggressive relaxation to Q = 1493 ===
Initial: E=8.967413916281e+02, Q=1.493000000000e+03, dt=1.000e-04
 step=     1  E=8.966991019034e+02  Q=1.493000000000e+03  λ=1.271446e+00  dt=1.000e-04  relΔE=4.716e-05  ||F||=5.327e-01
 step=   500  E=8.535948592255e+02  Q=1.493000000000e+03  λ=1.176596e+00  dt=6.192e-04  relΔE=1.601e-04  ||F||=4.216e-01
 step=  1000  E=7.785548739512e+02  Q=1.493000000000e+03  λ=1.014137e+00  dt=9.584e-04  relΔE=9.680e-05  ||F||=2.516e-01
 step=  1500  E=7.446003018914e+02  Q=1.493000000000e+03  λ=9.414616e-01  dt=1.484e-03  relΔE=7.368e-05  ||F||=1.726e-01
 step=  2000  E=7.277935035075e+02  Q=1.493000000000e+03  λ=9.054742e-01  dt=1.148e-03  relΔE=3.348e-05  ||F||=1.307e-01
 step=  2500  E=7.172984907835e+02  Q=1.493000000000e+03  λ=8.831129e-01  dt=8.887e-04  relΔE=1.660e-05  ||F||=1.039e-01
 step=  3000  E=7.104937905452e+02  Q=1.493000000000e+03  λ=8.688088e-01  dt=1.376e-03  relΔE=1.800e-05  ||F||=8.652e-02
 step=  3500  E=7.056325794106e+02  Q=1.493000000000e+03  λ=8.587771e-01  dt=1.065e-03  relΔE=1.046e-05  ||F||=7.470e-02
 step=  4000  E=7.018110905404e+02  Q=1.493000000000e+03  λ=8.510943e-01  dt=8.241e-04  relΔE=6.433e-06  ||F||=6.641e-02
 step=  4500  E=6.988647624586e+02  Q=1.493000000000e+03  λ=8.453489e-01  dt=1.276e-03  relΔE=8.104e-06  ||F||=5.977e-02
 step=  5000  E=6.963815031872e+02  Q=1.493000000000e+03  λ=8.406435e-01  dt=9.873e-04  relΔE=5.309e-06  ||F||=5.489e-02
 step=  5500  E=6.941979751016e+02  Q=1.493000000000e+03  λ=8.366371e-01  dt=1.528e-03  relΔE=7.047e-06  ||F||=8.832e-02
 step=  6000  E=6.924056438481e+02  Q=1.493000000000e+03  λ=8.334320e-01  dt=1.183e-03  relΔE=4.853e-06  ||F||=4.781e-02
 step=  6500  E=6.907504062945e+02  Q=1.493000000000e+03  λ=8.305518e-01  dt=9.154e-04  relΔE=3.352e-06  ||F||=4.510e-02
 step=  7000  E=6.892767495878e+02  Q=1.493000000000e+03  λ=8.280532e-01  dt=1.417e-03  relΔE=4.683e-06  ||F||=4.280e-02
 step=  7500  E=6.879675734041e+02  Q=1.493000000000e+03  λ=8.258793e-01  dt=1.097e-03  relΔE=3.305e-06  ||F||=4.084e-02
 step=  8000  E=6.867332357367e+02  Q=1.493000000000e+03  λ=8.238713e-01  dt=8.488e-04  relΔE=2.345e-06  ||F||=3.906e-02
 step=  8500  E=6.856320225079e+02  Q=1.493000000000e+03  λ=8.221148e-01  dt=1.314e-03  relΔE=3.347e-06  ||F||=3.748e-02
 step=  9000  E=6.846106729638e+02  Q=1.493000000000e+03  λ=8.205105e-01  dt=1.017e-03  relΔE=2.402e-06  ||F||=3.606e-02
 step=  9500  E=6.836325217653e+02  Q=1.493000000000e+03  λ=8.189976e-01  dt=7.871e-04  relΔE=1.754e-06  ||F||=3.821e-02
 step= 10000  E=6.827715650411e+02  Q=1.493000000000e+03  λ=8.176855e-01  dt=1.218e-03  relΔE=2.501e-06  ||F||=3.357e-02
 step= 10500  E=6.819388490070e+02  Q=1.493000000000e+03  λ=8.164306e-01  dt=9.430e-04  relΔE=1.812e-06  ||F||=3.247e-02
 step= 11000  E=6.811538410499e+02  Q=1.493000000000e+03  λ=8.152628e-01  dt=1.460e-03  relΔE=2.633e-06  ||F||=3.143e-02
 step= 11500  E=6.804401916430e+02  Q=1.493000000000e+03  λ=8.142107e-01  dt=1.130e-03  relΔE=1.921e-06  ||F||=3.050e-02
 step= 12000  E=6.797436302001e+02  Q=1.493000000000e+03  λ=8.131938e-01  dt=8.744e-04  relΔE=1.401e-06  ||F||=2.960e-02
 step= 12500  E=6.791003403628e+02  Q=1.493000000000e+03  λ=8.122643e-01  dt=1.353e-03  relΔE=2.051e-06  ||F||=2.876e-02
 step= 13000  E=6.784945722923e+02  Q=1.493000000000e+03  λ=8.113950e-01  dt=1.048e-03  relΔE=1.504e-06  ||F||=2.798e-02
 step= 13500  E=6.779033530465e+02  Q=1.493000000000e+03  λ=8.105534e-01  dt=8.108e-04  relΔE=1.107e-06  ||F||=2.728e-02
 step= 14000  E=6.773659944568e+02  Q=1.493000000000e+03  λ=8.097948e-01  dt=1.255e-03  relΔE=1.623e-06  ||F||=2.654e-02
 step= 14500  E=6.768447013276e+02  Q=1.493000000000e+03  λ=8.090630e-01  dt=9.713e-04  relΔE=1.195e-06  ||F||=2.587e-02
 step= 15000  E=6.763378769153e+02  Q=1.493000000000e+03  λ=8.083571e-01  dt=1.504e-03  relΔE=1.759e-06  ||F||=2.554e-02
 step= 15500  E=6.758792799816e+02  Q=1.493000000000e+03  λ=8.077213e-01  dt=1.164e-03  relΔE=1.300e-06  ||F||=2.464e-02
 step= 16000  E=6.754234057321e+02  Q=1.493000000000e+03  λ=8.070931e-01  dt=9.007e-04  relΔE=9.599e-07  ||F||=2.406e-02
 step= 16500  E=6.749932584452e+02  Q=1.493000000000e+03  λ=8.065044e-01  dt=1.394e-03  relΔE=1.420e-06  ||F||=2.351e-02
 step= 17000  E=6.745887934014e+02  Q=1.493000000000e+03  λ=8.059531e-01  dt=1.079e-03  relΔE=1.052e-06  ||F||=2.299e-02
 step= 17500  E=6.742051019798e+02  Q=1.493000000000e+03  λ=8.054334e-01  dt=1.392e-03  relΔE=1.300e-06  ||F||=2.250e-02
 step= 18000  E=6.738347110501e+02  Q=1.493000000000e+03  λ=8.049337e-01  dt=1.077e-03  relΔE=9.653e-07  ||F||=2.203e-02
 step= 18500  E=6.734826767665e+02  Q=1.493000000000e+03  λ=8.044616e-01  dt=1.390e-03  relΔE=1.196e-06  ||F||=2.158e-02
 step= 19000  E=6.731407841884e+02  Q=1.493000000000e+03  λ=8.040048e-01  dt=1.076e-03  relΔE=8.888e-07  ||F||=2.115e-02
 step= 19500  E=6.728018524503e+02  Q=1.493000000000e+03  λ=8.035542e-01  dt=8.324e-04  relΔE=6.604e-07  ||F||=2.071e-02
 step= 20000  E=6.724873977845e+02  Q=1.493000000000e+03  λ=8.031387e-01  dt=1.289e-03  relΔE=9.836e-07  ||F||=2.031e-02
 step= 20500  E=6.721816468718e+02  Q=1.493000000000e+03  λ=8.027360e-01  dt=9.973e-04  relΔE=7.327e-07  ||F||=1.992e-02
 step= 21000  E=6.718782685006e+02  Q=1.493000000000e+03  λ=8.023884e-01  dt=1.544e-03  relΔE=8.284e-07  ||F||=3.177e-01
 step= 21500  E=6.716029879913e+02  Q=1.493000000000e+03  λ=8.019797e-01  dt=1.195e-03  relΔE=8.148e-07  ||F||=1.919e-02
 step= 22000  E=6.713263537537e+02  Q=1.493000000000e+03  λ=8.016206e-01  dt=9.248e-04  relΔE=6.080e-07  ||F||=1.884e-02
 step= 22500  E=6.710601851006e+02  Q=1.493000000000e+03  λ=8.012770e-01  dt=1.431e-03  relΔE=9.081e-07  ||F||=1.850e-02
 step= 23000  E=6.708099386753e+02  Q=1.493000000000e+03  λ=8.009551e-01  dt=1.108e-03  relΔE=6.792e-07  ||F||=1.818e-02
 step= 23500  E=6.705596667335e+02  Q=1.493000000000e+03  λ=8.006347e-01  dt=8.575e-04  relΔE=5.077e-07  ||F||=1.787e-02
 step= 24000  E=6.703237051177e+02  Q=1.493000000000e+03  λ=8.003345e-01  dt=1.327e-03  relΔE=7.603e-07  ||F||=1.757e-02
 step= 24500  E=6.700955445131e+02  Q=1.493000000000e+03  λ=8.000452e-01  dt=1.027e-03  relΔE=5.695e-07  ||F||=1.728e-02
 step= 25000  E=6.698671146735e+02  Q=1.493000000000e+03  λ=7.997569e-01  dt=7.951e-04  relΔE=4.264e-07  ||F||=1.699e-02
 step= 25500  E=6.696573099413e+02  Q=1.493000000000e+03  λ=7.994938e-01  dt=1.231e-03  relΔE=6.401e-07  ||F||=1.673e-02
 step= 26000  E=6.694480652340e+02  Q=1.493000000000e+03  λ=7.992324e-01  dt=9.526e-04  relΔE=4.802e-07  ||F||=1.647e-02
 step= 26500  E=6.692420917187e+02  Q=1.493000000000e+03  λ=7.989766e-01  dt=1.475e-03  relΔE=7.207e-07  ||F||=1.622e-02
 step= 27000  E=6.690507742529e+02  Q=1.493000000000e+03  λ=7.987399e-01  dt=1.141e-03  relΔE=5.418e-07  ||F||=1.598e-02
 step= 27500  E=6.688578327511e+02  Q=1.493000000000e+03  λ=7.985025e-01  dt=8.833e-04  relΔE=4.071e-07  ||F||=1.574e-02
 step= 28000  E=6.686731394798e+02  Q=1.493000000000e+03  λ=7.982767e-01  dt=1.367e-03  relΔE=6.123e-07  ||F||=1.552e-02
 step= 28500  E=6.684956578548e+02  Q=1.493000000000e+03  λ=7.980605e-01  dt=1.058e-03  relΔE=4.609e-07  ||F||=1.530e-02
 step= 29000  E=6.683173451020e+02  Q=1.493000000000e+03  λ=7.978445e-01  dt=8.190e-04  relΔE=3.468e-07  ||F||=1.508e-02
 step= 29500  E=6.681503639158e+02  Q=1.493000000000e+03  λ=7.976435e-01  dt=1.268e-03  relΔE=5.228e-07  ||F||=1.488e-02
 step= 30000  E=6.679851931275e+02  Q=1.493000000000e+03  λ=7.974455e-01  dt=9.812e-04  relΔE=3.941e-07  ||F||=1.468e-02
 step= 30500  E=6.678198270673e+02  Q=1.493000000000e+03  λ=7.972489e-01  dt=1.519e-03  relΔE=5.930e-07  ||F||=2.379e-02
 step= 31000  E=6.676675993767e+02  Q=1.493000000000e+03  λ=7.970683e-01  dt=1.176e-03  relΔE=4.485e-07  ||F||=1.431e-02
 step= 31500  E=6.675131326223e+02  Q=1.493000000000e+03  λ=7.968862e-01  dt=9.098e-04  relΔE=3.385e-07  ||F||=1.413e-02
 step= 32000  E=6.673631676174e+02  Q=1.493000000000e+03  λ=7.967107e-01  dt=1.408e-03  relΔE=5.114e-07  ||F||=1.396e-02
 step= 32500  E=6.672197451863e+02  Q=1.493000000000e+03  λ=7.965436e-01  dt=1.090e-03  relΔE=3.866e-07  ||F||=1.379e-02
 step= 33000  E=6.670751806175e+02  Q=1.493000000000e+03  λ=7.963762e-01  dt=8.436e-04  relΔE=2.922e-07  ||F||=1.363e-02
 step= 33500  E=6.669377241036e+02  Q=1.493000000000e+03  λ=7.962181e-01  dt=1.306e-03  relΔE=4.423e-07  ||F||=1.347e-02
 step= 34000  E=6.668029740752e+02  Q=1.493000000000e+03  λ=7.960639e-01  dt=1.011e-03  relΔE=3.348e-07  ||F||=1.333e-02
 step= 34500  E=6.666665755621e+02  Q=1.493000000000e+03  λ=7.959087e-01  dt=7.823e-04  relΔE=2.534e-07  ||F||=1.386e-02
 step= 35000  E=6.665404406544e+02  Q=1.493000000000e+03  λ=7.957662e-01  dt=1.211e-03  relΔE=3.843e-07  ||F||=1.304e-02
 step= 35500  E=6.664124513805e+02  Q=1.493000000000e+03  λ=7.956224e-01  dt=9.372e-04  relΔE=2.913e-07  ||F||=1.290e-02
 step= 36000  E=6.662862426462e+02  Q=1.493000000000e+03  λ=7.954816e-01  dt=1.451e-03  relΔE=4.418e-07  ||F||=1.277e-02
 step= 36500  E=6.661667014097e+02  Q=1.493000000000e+03  λ=7.953490e-01  dt=1.123e-03  relΔE=3.354e-07  ||F||=1.265e-02
 step= 37000  E=6.660453511760e+02  Q=1.493000000000e+03  λ=7.952151e-01  dt=8.690e-04  relΔE=2.546e-07  ||F||=1.252e-02
 step= 37500  E=6.659284752651e+02  Q=1.493000000000e+03  λ=7.950872e-01  dt=1.345e-03  relΔE=3.868e-07  ||F||=1.241e-02
 step= 38000  E=6.658142096939e+02  Q=1.493000000000e+03  λ=7.949628e-01  dt=1.041e-03  relΔE=2.940e-07  ||F||=1.229e-02
 step= 38500  E=6.656983485773e+02  Q=1.493000000000e+03  λ=7.948375e-01  dt=8.058e-04  relΔE=2.235e-07  ||F||=1.218e-02
 step= 39000  E=6.655895525965e+02  Q=1.493000000000e+03  λ=7.947207e-01  dt=1.247e-03  relΔE=3.402e-07  ||F||=1.208e-02
 step= 39500  E=6.654801992935e+02  Q=1.493000000000e+03  λ=7.946039e-01  dt=9.654e-04  relΔE=2.589e-07  ||F||=1.198e-02
 step= 40000  E=6.653701919864e+02  Q=1.493000000000e+03  λ=7.944874e-01  dt=1.494e-03  relΔE=3.942e-07  ||F||=1.196e-02
 step= 40500  E=6.652703516315e+02  Q=1.493000000000e+03  λ=7.943821e-01  dt=9.638e-04  relΔE=2.506e-07  ||F||=1.179e-02
 step= 41000  E=6.651638836414e+02  Q=1.493000000000e+03  λ=7.942708e-01  dt=1.492e-03  relΔE=3.819e-07  ||F||=1.174e-02
 step= 41500  E=6.650671579285e+02  Q=1.493000000000e+03  λ=7.941702e-01  dt=9.623e-04  relΔE=2.429e-07  ||F||=1.162e-02
 step= 42000  E=6.649639072665e+02  Q=1.493000000000e+03  λ=7.940636e-01  dt=1.490e-03  relΔE=3.706e-07  ||F||=1.156e-02
 step= 42500  E=6.648666448651e+02  Q=1.493000000000e+03  λ=7.939637e-01  dt=1.153e-03  relΔE=2.831e-07  ||F||=1.146e-02
 step= 43000  E=6.647668900883e+02  Q=1.493000000000e+03  λ=7.938620e-01  dt=8.923e-04  relΔE=2.162e-07  ||F||=1.138e-02
 step= 43500  E=6.646695606919e+02  Q=1.493000000000e+03  λ=7.937636e-01  dt=1.381e-03  relΔE=3.305e-07  ||F||=1.131e-02
 step= 44000  E=6.645749457496e+02  Q=1.493000000000e+03  λ=7.936684e-01  dt=1.069e-03  relΔE=2.527e-07  ||F||=1.124e-02
 step= 44500  E=6.644782587470e+02  Q=1.493000000000e+03  λ=7.935717e-01  dt=8.273e-04  relΔE=1.933e-07  ||F||=1.117e-02
 step= 45000  E=6.643859301078e+02  Q=1.493000000000e+03  λ=7.934802e-01  dt=1.281e-03  relΔE=2.960e-07  ||F||=1.111e-02
 step= 45500  E=6.642934780750e+02  Q=1.493000000000e+03  λ=7.933890e-01  dt=9.912e-04  relΔE=2.267e-07  ||F||=1.105e-02
 step= 46000  E=6.641990544597e+02  Q=1.493000000000e+03  λ=7.933052e-01  dt=1.534e-03  relΔE=3.113e-07  ||F||=1.325e-01
 step= 46500  E=6.641111700421e+02  Q=1.493000000000e+03  λ=7.932110e-01  dt=1.188e-03  relΔE=2.664e-07  ||F||=1.094e-02
 step= 47000  E=6.640202370570e+02  Q=1.493000000000e+03  λ=7.931231e-01  dt=9.191e-04  relΔE=2.043e-07  ||F||=1.089e-02
 step= 47500  E=6.639303052985e+02  Q=1.493000000000e+03  λ=7.930367e-01  dt=1.423e-03  relΔE=3.136e-07  ||F||=1.085e-02
 step= 48000  E=6.638432688745e+02  Q=1.493000000000e+03  λ=7.929536e-01  dt=1.101e-03  relΔE=2.409e-07  ||F||=1.080e-02
 step= 48500  E=6.637541127576e+02  Q=1.493000000000e+03  λ=7.928690e-01  dt=8.522e-04  relΔE=1.850e-07  ||F||=1.076e-02
 step= 49000  E=6.636677186095e+02  Q=1.493000000000e+03  λ=7.927876e-01  dt=1.319e-03  relΔE=2.845e-07  ||F||=1.073e-02
 step= 49500  E=6.635819350002e+02  Q=1.493000000000e+03  λ=7.927072e-01  dt=1.021e-03  relΔE=2.189e-07  ||F||=1.069e-02
 step= 50000  E=6.634936809208e+02  Q=1.493000000000e+03  λ=7.926250e-01  dt=7.902e-04  relΔE=1.684e-07  ||F||=1.066e-02
 step= 50500  E=6.634103029205e+02  Q=1.493000000000e+03  λ=7.925478e-01  dt=1.223e-03  relΔE=2.594e-07  ||F||=1.063e-02
 step= 51000  E=6.633248000020e+02  Q=1.493000000000e+03  λ=7.924690e-01  dt=9.467e-04  relΔE=1.999e-07  ||F||=1.061e-02
 step= 51500  E=6.632386986458e+02  Q=1.493000000000e+03  λ=7.923903e-01  dt=1.465e-03  relΔE=3.081e-07  ||F||=1.059e-02
 step= 52000  E=6.631563312838e+02  Q=1.493000000000e+03  λ=7.923152e-01  dt=1.134e-03  relΔE=2.377e-07  ||F||=1.057e-02
 step= 52500  E=6.630709255305e+02  Q=1.493000000000e+03  λ=7.922378e-01  dt=8.779e-04  relΔE=1.835e-07  ||F||=1.056e-02
 step= 53000  E=6.629870588441e+02  Q=1.493000000000e+03  λ=7.921623e-01  dt=1.359e-03  relΔE=2.834e-07  ||F||=1.054e-02
 step= 53500  E=6.629041821031e+02  Q=1.493000000000e+03  λ=7.920879e-01  dt=1.052e-03  relΔE=2.190e-07  ||F||=1.053e-02
 step= 54000  E=6.628186673962e+02  Q=1.493000000000e+03  λ=7.920116e-01  dt=8.140e-04  relΔE=1.693e-07  ||F||=1.053e-02
 step= 54500  E=6.627365047937e+02  Q=1.493000000000e+03  λ=7.919386e-01  dt=1.260e-03  relΔE=2.620e-07  ||F||=1.053e-02
 step= 55000  E=6.626530633388e+02  Q=1.493000000000e+03  λ=7.918648e-01  dt=9.752e-04  relΔE=2.029e-07  ||F||=1.053e-02
 step= 55500  E=6.625672038679e+02  Q=1.493000000000e+03  λ=7.917892e-01  dt=1.510e-03  relΔE=3.142e-07  ||F||=1.302e-02
 step= 56000  E=6.624857767521e+02  Q=1.493000000000e+03  λ=7.917177e-01  dt=1.168e-03  relΔE=2.436e-07  ||F||=1.054e-02
 step= 56500  E=6.624010148274e+02  Q=1.493000000000e+03  λ=7.916435e-01  dt=9.043e-04  relΔE=1.890e-07  ||F||=1.055e-02
 step= 57000  E=6.623165764870e+02  Q=1.493000000000e+03  λ=7.915700e-01  dt=1.400e-03  relΔE=2.934e-07  ||F||=1.056e-02
 step= 57500  E=6.622334485410e+02  Q=1.493000000000e+03  λ=7.914977e-01  dt=1.083e-03  relΔE=2.278e-07  ||F||=1.058e-02
 step= 58000  E=6.621472514373e+02  Q=1.493000000000e+03  λ=7.914230e-01  dt=8.385e-04  relΔE=1.771e-07  ||F||=1.060e-02
 step= 58500  E=6.620631788348e+02  Q=1.493000000000e+03  λ=7.913503e-01  dt=1.298e-03  relΔE=2.754e-07  ||F||=1.063e-02
 step= 59000  E=6.619781417181e+02  Q=1.493000000000e+03  λ=7.912769e-01  dt=1.005e-03  relΔE=2.144e-07  ||F||=1.066e-02
 step= 59500  E=6.618895926674e+02  Q=1.493000000000e+03  λ=7.912017e-01  dt=7.775e-04  relΔE=1.700e-07  ||F||=4.629e-02
 step= 60000  E=6.618055901722e+02  Q=1.493000000000e+03  λ=7.911285e-01  dt=1.203e-03  relΔE=2.602e-07  ||F||=1.073e-02
 step= 60500  E=6.617176939146e+02  Q=1.493000000000e+03  λ=7.910530e-01  dt=9.315e-04  relΔE=2.030e-07  ||F||=1.077e-02
 step= 61000  E=6.616288580348e+02  Q=1.493000000000e+03  λ=7.909768e-01  dt=1.442e-03  relΔE=3.169e-07  ||F||=1.081e-02
 step= 61500  E=6.615420165372e+02  Q=1.493000000000e+03  λ=7.909023e-01  dt=1.116e-03  relΔE=2.474e-07  ||F||=1.086e-02
 step= 62000  E=6.614510420019e+02  Q=1.493000000000e+03  λ=7.908242e-01  dt=8.637e-04  relΔE=1.935e-07  ||F||=1.091e-02
 step= 62500  E=6.613652557121e+02  Q=1.493000000000e+03  λ=7.907506e-01  dt=1.114e-03  relΔE=2.521e-07  ||F||=1.097e-02
 step= 63000  E=6.612725312484e+02  Q=1.493000000000e+03  λ=7.906710e-01  dt=8.623e-04  relΔE=1.974e-07  ||F||=1.103e-02
 step= 63500  E=6.611849650953e+02  Q=1.493000000000e+03  λ=7.905957e-01  dt=1.112e-03  relΔE=2.576e-07  ||F||=1.109e-02
 step= 64000  E=6.610899166407e+02  Q=1.493000000000e+03  λ=7.905139e-01  dt=8.609e-04  relΔE=2.020e-07  ||F||=1.117e-02
 step= 64500  E=6.609955854078e+02  Q=1.493000000000e+03  λ=7.904326e-01  dt=1.333e-03  relΔE=3.170e-07  ||F||=1.124e-02
 step= 65000  E=6.609003174244e+02  Q=1.493000000000e+03  λ=7.903502e-01  dt=1.031e-03  relΔE=2.489e-07  ||F||=1.132e-02
 step= 65500  E=6.608003637106e+02  Q=1.493000000000e+03  λ=7.902635e-01  dt=7.983e-04  relΔE=1.958e-07  ||F||=1.141e-02
 step= 66000  E=6.607035160709e+02  Q=1.493000000000e+03  λ=7.901793e-01  dt=1.236e-03  relΔE=3.079e-07  ||F||=1.150e-02
 step= 66500  E=6.606023383779e+02  Q=1.493000000000e+03  λ=7.900910e-01  dt=9.564e-04  relΔE=2.425e-07  ||F||=1.160e-02
 step= 67000  E=6.604977150695e+02  Q=1.493000000000e+03  λ=7.899994e-01  dt=1.480e-03  relΔE=3.823e-07  ||F||=1.171e-02
 step= 67500  E=6.603958683990e+02  Q=1.493000000000e+03  λ=7.899097e-01  dt=1.146e-03  relΔE=3.014e-07  ||F||=1.182e-02
 step= 68000  E=6.602878282910e+02  Q=1.493000000000e+03  λ=7.898141e-01  dt=8.868e-04  relΔE=2.381e-07  ||F||=1.194e-02
 step= 68500  E=6.601791298521e+02  Q=1.493000000000e+03  λ=7.897175e-01  dt=1.373e-03  relΔE=3.763e-07  ||F||=1.206e-02
 step= 69000  E=6.600693759036e+02  Q=1.493000000000e+03  λ=7.896192e-01  dt=1.062e-03  relΔE=2.976e-07  ||F||=1.219e-02
 step= 69500  E=6.599533527430e+02  Q=1.493000000000e+03  λ=7.895148e-01  dt=8.223e-04  relΔE=2.358e-07  ||F||=1.233e-02
 step= 70000  E=6.598389110922e+02  Q=1.493000000000e+03  λ=7.894112e-01  dt=1.273e-03  relΔE=3.736e-07  ||F||=1.248e-02
 step= 70500  E=6.597201360720e+02  Q=1.493000000000e+03  λ=7.893028e-01  dt=9.851e-04  relΔE=2.964e-07  ||F||=1.263e-02
 step= 71000  E=6.595944860823e+02  Q=1.493000000000e+03  λ=7.891886e-01  dt=1.525e-03  relΔE=4.667e-07  ||F||=5.109e-02
 step= 71500  E=6.594728036911e+02  Q=1.493000000000e+03  λ=7.890746e-01  dt=1.180e-03  relΔE=3.744e-07  ||F||=1.297e-02
 step= 72000  E=6.593425461169e+02  Q=1.493000000000e+03  λ=7.889529e-01  dt=9.135e-04  relΔE=2.981e-07  ||F||=1.315e-02
 step= 72500  E=6.592092430869e+02  Q=1.493000000000e+03  λ=7.888274e-01  dt=1.414e-03  relΔE=4.752e-07  ||F||=1.335e-02
 step= 73000  E=6.590748219923e+02  Q=1.493000000000e+03  λ=7.886996e-01  dt=1.094e-03  relΔE=3.789e-07  ||F||=1.354e-02
 step= 73500  E=6.589314817389e+02  Q=1.493000000000e+03  λ=7.885620e-01  dt=8.470e-04  relΔE=3.028e-07  ||F||=1.376e-02
 step= 74000  E=6.587873052419e+02  Q=1.493000000000e+03  λ=7.884224e-01  dt=1.311e-03  relΔE=4.841e-07  ||F||=1.398e-02
 step= 74500  E=6.586381072530e+02  Q=1.493000000000e+03  λ=7.882764e-01  dt=1.015e-03  relΔE=3.874e-07  ||F||=1.422e-02
 step= 75000  E=6.584782488380e+02  Q=1.493000000000e+03  λ=7.881183e-01  dt=7.854e-04  relΔE=3.109e-07  ||F||=1.462e-02
 step= 75500  E=6.583215411794e+02  Q=1.493000000000e+03  λ=7.879619e-01  dt=1.216e-03  relΔE=4.984e-07  ||F||=1.473e-02
 step= 76000  E=6.581531707752e+02  Q=1.493000000000e+03  λ=7.877918e-01  dt=9.409e-04  relΔE=4.006e-07  ||F||=1.501e-02
 step= 76500  E=6.579767737562e+02  Q=1.493000000000e+03  λ=7.876118e-01  dt=1.457e-03  relΔE=6.450e-07  ||F||=1.531e-02
 step= 77000  E=6.578000567671e+02  Q=1.493000000000e+03  λ=7.874292e-01  dt=1.127e-03  relΔE=5.192e-07  ||F||=1.561e-02
 step= 77500  E=6.576090271117e+02  Q=1.493000000000e+03  λ=7.872295e-01  dt=8.725e-04  relΔE=4.191e-07  ||F||=1.594e-02
 step= 78000  E=6.574134203192e+02  Q=1.493000000000e+03  λ=7.870229e-01  dt=1.351e-03  relΔE=6.769e-07  ||F||=1.628e-02
 step= 78500  E=6.572106804032e+02  Q=1.493000000000e+03  λ=7.868059e-01  dt=1.045e-03  relΔE=5.473e-07  ||F||=1.663e-02
 step= 79000  E=6.569914292658e+02  Q=1.493000000000e+03  λ=7.865683e-01  dt=8.090e-04  relΔE=4.438e-07  ||F||=1.702e-02
 step= 79500  E=6.567714404578e+02  Q=1.493000000000e+03  λ=7.863273e-01  dt=1.252e-03  relΔE=7.192e-07  ||F||=1.741e-02
 step= 80000  E=6.565360838707e+02  Q=1.493000000000e+03  λ=7.860659e-01  dt=9.692e-04  relΔE=5.842e-07  ||F||=1.784e-02
 step= 80500  E=6.562835426986e+02  Q=1.493000000000e+03  λ=7.857822e-01  dt=1.500e-03  relΔE=9.514e-07  ||F||=1.846e-02
 step= 81000  E=6.560309858433e+02  Q=1.493000000000e+03  λ=7.854946e-01  dt=1.161e-03  relΔE=7.739e-07  ||F||=1.875e-02
 step= 81500  E=6.557539510985e+02  Q=1.493000000000e+03  λ=7.851751e-01  dt=8.987e-04  relΔE=6.318e-07  ||F||=1.925e-02
 step= 82000  E=6.554649920797e+02  Q=1.493000000000e+03  λ=7.848381e-01  dt=1.391e-03  relΔE=1.032e-06  ||F||=1.977e-02
 step= 82500  E=6.551649492265e+02  Q=1.493000000000e+03  λ=7.844832e-01  dt=1.077e-03  relΔE=8.439e-07  ||F||=2.032e-02
 step= 83000  E=6.548504721438e+02  Q=1.493000000000e+03  λ=7.841070e-01  dt=1.389e-03  relΔE=1.151e-06  ||F||=2.089e-02
 step= 83500  E=6.545143722400e+02  Q=1.493000000000e+03  λ=7.836996e-01  dt=1.075e-03  relΔE=9.435e-07  ||F||=2.149e-02
 step= 84000  E=6.541462415202e+02  Q=1.493000000000e+03  λ=7.832477e-01  dt=8.320e-04  relΔE=7.761e-07  ||F||=2.215e-02
 step= 84500  E=6.537687354234e+02  Q=1.493000000000e+03  λ=7.827791e-01  dt=1.288e-03  relΔE=1.276e-06  ||F||=2.282e-02
 step= 85000  E=6.533627685401e+02  Q=1.493000000000e+03  λ=7.822683e-01  dt=9.968e-04  relΔE=1.051e-06  ||F||=2.353e-02
 step= 85500  E=6.529158910728e+02  Q=1.493000000000e+03  λ=7.817917e-01  dt=1.543e-03  relΔE=1.403e-06  ||F||=4.318e-01
 step= 86000  E=6.524679859052e+02  Q=1.493000000000e+03  λ=7.811228e-01  dt=1.194e-03  relΔE=1.431e-06  ||F||=2.507e-02
 step= 86500  E=6.519709820184e+02  Q=1.493000000000e+03  λ=7.804749e-01  dt=9.242e-04  relΔE=1.184e-06  ||F||=2.591e-02
 step= 87000  E=6.514396210206e+02  Q=1.493000000000e+03  λ=7.797751e-01  dt=1.431e-03  relΔE=1.960e-06  ||F||=2.679e-02
 step= 87500  E=6.508855963950e+02  Q=1.493000000000e+03  λ=7.790364e-01  dt=1.107e-03  relΔE=1.622e-06  ||F||=2.768e-02
 step= 88000  E=6.502739001802e+02  Q=1.493000000000e+03  λ=7.782120e-01  dt=8.570e-04  relΔE=1.346e-06  ||F||=2.865e-02
 step= 88500  E=6.496348440994e+02  Q=1.493000000000e+03  λ=7.773426e-01  dt=1.327e-03  relΔE=2.231e-06  ||F||=2.963e-02
 step= 89000  E=6.489495345463e+02  Q=1.493000000000e+03  λ=7.763998e-01  dt=1.027e-03  relΔE=1.850e-06  ||F||=3.065e-02
 step= 89500  E=6.481895048977e+02  Q=1.493000000000e+03  λ=7.753439e-01  dt=7.947e-04  relΔE=1.538e-06  ||F||=3.176e-02
 step= 90000  E=6.474164240556e+02  Q=1.493000000000e+03  λ=7.742610e-01  dt=1.230e-03  relΔE=2.546e-06  ||F||=3.282e-02
 step= 90500  E=6.465669460057e+02  Q=1.493000000000e+03  λ=7.730593e-01  dt=9.520e-04  relΔE=2.111e-06  ||F||=3.395e-02
 step= 91000  E=6.456451902422e+02  Q=1.493000000000e+03  λ=7.717459e-01  dt=1.474e-03  relΔE=3.501e-06  ||F||=3.511e-02
 step= 91500  E=6.447000746634e+02  Q=1.493000000000e+03  λ=7.703868e-01  dt=1.141e-03  relΔE=2.892e-06  ||F||=3.625e-02
 step= 92000  E=6.436522544733e+02  Q=1.493000000000e+03  λ=7.688690e-01  dt=8.828e-04  relΔE=2.390e-06  ||F||=3.743e-02
 step= 92500  E=6.425558313656e+02  Q=1.493000000000e+03  λ=7.672717e-01  dt=1.366e-03  relΔE=3.938e-06  ||F||=3.858e-02
 step= 93000  E=6.414026357023e+02  Q=1.493000000000e+03  λ=7.655791e-01  dt=1.058e-03  relΔE=3.233e-06  ||F||=3.970e-02
 step= 93500  E=6.401422608734e+02  Q=1.493000000000e+03  λ=7.637186e-01  dt=8.186e-04  relΔE=2.650e-06  ||F||=4.081e-02
 step= 94000  E=6.388649871838e+02  Q=1.493000000000e+03  λ=7.618255e-01  dt=1.267e-03  relΔE=4.317e-06  ||F||=4.183e-02
 step= 94500  E=6.375033654133e+02  Q=1.493000000000e+03  λ=7.597958e-01  dt=9.807e-04  relΔE=3.502e-06  ||F||=4.278e-02
 step= 95000  E=6.360458645493e+02  Q=1.493000000000e+03  λ=7.576175e-01  dt=1.518e-03  relΔE=5.656e-06  ||F||=4.989e-02
 step= 95500  E=6.346163093492e+02  Q=1.493000000000e+03  λ=7.554698e-01  dt=1.175e-03  relΔE=4.531e-06  ||F||=4.435e-02
 step= 96000  E=6.330802947598e+02  Q=1.493000000000e+03  λ=7.531563e-01  dt=9.093e-04  relΔE=3.608e-06  ||F||=4.494e-02
 step= 96500  E=6.315222245023e+02  Q=1.493000000000e+03  λ=7.508067e-01  dt=1.408e-03  relΔE=5.701e-06  ||F||=4.534e-02
 step= 97000  E=6.299715048312e+02  Q=1.493000000000e+03  λ=7.484608e-01  dt=1.089e-03  relΔE=4.465e-06  ||F||=4.555e-02
 step= 97500  E=6.283578424939e+02  Q=1.493000000000e+03  λ=7.460166e-01  dt=8.432e-04  relΔE=3.465e-06  ||F||=4.556e-02
 step= 98000  E=6.268016241666e+02  Q=1.493000000000e+03  λ=7.436599e-01  dt=1.305e-03  relΔE=5.327e-06  ||F||=4.534e-02
 step= 98500  E=6.252563715170e+02  Q=1.493000000000e+03  λ=7.413158e-01  dt=1.010e-03  relΔE=4.053e-06  ||F||=4.490e-02
 step= 99000  E=6.236990377571e+02  Q=1.493000000000e+03  λ=7.391129e-01  dt=7.818e-04  relΔE=3.569e-06  ||F||=5.688e-01
 step= 99500  E=6.222845949970e+02  Q=1.493000000000e+03  λ=7.368107e-01  dt=1.210e-03  relΔE=4.541e-06  ||F||=4.332e-02
 step=100000  E=6.208816319323e+02  Q=1.493000000000e+03  λ=7.346842e-01  dt=9.367e-04  relΔE=3.341e-06  ||F||=4.219e-02
 step=100500  E=6.195533317275e+02  Q=1.493000000000e+03  λ=7.326753e-01  dt=1.450e-03  relΔE=4.860e-06  ||F||=4.086e-02
 step=101000  E=6.183828709014e+02  Q=1.493000000000e+03  λ=7.309042e-01  dt=9.352e-04  relΔE=2.925e-06  ||F||=3.943e-02
 step=101500  E=6.172356432198e+02  Q=1.493000000000e+03  λ=7.291737e-01  dt=1.448e-03  relΔE=4.162e-06  ||F||=3.777e-02
 step=102000  E=6.162470241734e+02  Q=1.493000000000e+03  λ=7.276824e-01  dt=9.336e-04  relΔE=2.454e-06  ||F||=3.608e-02
 step=102500  E=6.152975025880e+02  Q=1.493000000000e+03  λ=7.262554e-01  dt=1.445e-03  relΔE=3.420e-06  ||F||=3.421e-02
 step=103000  E=6.144707371778e+02  Q=1.493000000000e+03  λ=7.250140e-01  dt=1.119e-03  relΔE=2.366e-06  ||F||=3.232e-02
 step=103500  E=6.137120636622e+02  Q=1.493000000000e+03  λ=7.238778e-01  dt=8.657e-04  relΔE=1.615e-06  ||F||=3.033e-02
 step=104000  E=6.130605314977e+02  Q=1.493000000000e+03  λ=7.229060e-01  dt=1.340e-03  relΔE=2.191e-06  ||F||=2.838e-02
 step=104500  E=6.124946266807e+02  Q=1.493000000000e+03  λ=7.220634e-01  dt=1.037e-03  relΔE=1.474e-06  ||F||=2.645e-02
 step=105000  E=6.119896393865e+02  Q=1.493000000000e+03  λ=7.213141e-01  dt=8.027e-04  relΔE=9.797e-07  ||F||=2.450e-02
 step=105500  E=6.115770848798e+02  Q=1.493000000000e+03  λ=7.207049e-01  dt=1.243e-03  relΔE=1.302e-06  ||F||=2.269e-02
 step=106000  E=6.112161868167e+02  Q=1.493000000000e+03  λ=7.201735e-01  dt=9.617e-04  relΔE=8.563e-07  ||F||=2.091e-02
 step=106500  E=6.109057613933e+02  Q=1.493000000000e+03  λ=7.197190e-01  dt=1.489e-03  relΔE=1.116e-06  ||F||=1.920e-02
 step=107000  E=6.106559568642e+02  Q=1.493000000000e+03  λ=7.193545e-01  dt=1.152e-03  relΔE=7.286e-07  ||F||=1.761e-02
 step=107500  E=6.104382435998e+02  Q=1.493000000000e+03  λ=7.190386e-01  dt=8.918e-04  relΔE=4.701e-07  ||F||=1.608e-02
 step=108000  E=6.102593663224e+02  Q=1.493000000000e+03  λ=7.187809e-01  dt=1.380e-03  relΔE=6.052e-07  ||F||=1.466e-02
 step=108500  E=6.101126882542e+02  Q=1.493000000000e+03  λ=7.185706e-01  dt=1.068e-03  relΔE=3.888e-07  ||F||=1.336e-02
 step=109000  E=6.099875960320e+02  Q=1.493000000000e+03  λ=7.183926e-01  dt=8.269e-04  relΔE=2.473e-07  ||F||=1.210e-02
 step=109500  E=6.098882911299e+02  Q=1.493000000000e+03  λ=7.182526e-01  dt=1.280e-03  relΔE=3.157e-07  ||F||=1.099e-02
 step=110000  E=6.098057420054e+02  Q=1.493000000000e+03  λ=7.181370e-01  dt=9.907e-04  relΔE=2.004e-07  ||F||=9.953e-03
 step=110500  E=6.097361793114e+02  Q=1.493000000000e+03  λ=7.180456e-01  dt=1.533e-03  relΔE=2.195e-07  ||F||=1.010e-01
 step=111000  E=6.096827801797e+02  Q=1.493000000000e+03  λ=7.179674e-01  dt=1.187e-03  relΔE=1.602e-07  ||F||=8.128e-03
 step=111500  E=6.096373765476e+02  Q=1.493000000000e+03  λ=7.179058e-01  dt=9.186e-04  relΔE=1.007e-07  ||F||=7.325e-03
 step=112000  E=6.096005587964e+02  Q=1.493000000000e+03  λ=7.178566e-01  dt=1.422e-03  relΔE=1.264e-07  ||F||=6.595e-03
 step=112500  E=6.095714316435e+02  Q=1.493000000000e+03  λ=7.178182e-01  dt=1.101e-03  relΔE=7.958e-08  ||F||=5.948e-03
 step=113000  E=6.095470897239e+02  Q=1.493000000000e+03  λ=7.177866e-01  dt=8.518e-04  relΔE=4.971e-08  ||F||=5.343e-03
 step=113500  E=6.095278396419e+02  Q=1.493000000000e+03  λ=7.177621e-01  dt=1.318e-03  relΔE=6.230e-08  ||F||=4.807e-03
 step=114000  E=6.095123084904e+02  Q=1.493000000000e+03  λ=7.177428e-01  dt=1.020e-03  relΔE=3.901e-08  ||F||=4.323e-03
 step=114500  E=6.094993563551e+02  Q=1.493000000000e+03  λ=7.177270e-01  dt=7.898e-04  relΔE=2.422e-08  ||F||=3.871e-03
 step=115000  E=6.094894399333e+02  Q=1.493000000000e+03  λ=7.177152e-01  dt=1.223e-03  relΔE=3.038e-08  ||F||=3.485e-03
 step=115500  E=6.094811995184e+02  Q=1.493000000000e+03  λ=7.177057e-01  dt=9.462e-04  relΔE=1.892e-08  ||F||=3.125e-03
 step=116000  E=6.094745040035e+02  Q=1.493000000000e+03  λ=7.176983e-01  dt=1.465e-03  relΔE=2.348e-08  ||F||=2.799e-03
 step=116500  E=6.094693299966e+02  Q=1.493000000000e+03  λ=7.176928e-01  dt=1.134e-03  relΔE=1.469e-08  ||F||=2.515e-03
 step=117000  E=6.094650137935e+02  Q=1.493000000000e+03  λ=7.176884e-01  dt=8.774e-04  relΔE=9.116e-09  ||F||=2.252e-03
 step=117500  E=6.094615937653e+02  Q=1.493000000000e+03  λ=7.176851e-01  dt=1.358e-03  relΔE=1.134e-08  ||F||=2.018e-03
 step=118000  E=6.094588812697e+02  Q=1.493000000000e+03  λ=7.176826e-01  dt=1.051e-03  relΔE=7.070e-09  ||F||=1.811e-03
 step=118500  E=6.094566302614e+02  Q=1.493000000000e+03  λ=7.176807e-01  dt=8.136e-04  relΔE=4.374e-09  ||F||=1.619e-03
 step=119000  E=6.094548898826e+02  Q=1.493000000000e+03  λ=7.176794e-01  dt=1.259e-03  relΔE=5.456e-09  ||F||=1.453e-03
 step=119500  E=6.094534744366e+02  Q=1.493000000000e+03  λ=7.176784e-01  dt=9.747e-04  relΔE=3.393e-09  ||F||=1.302e-03
 step=120000  E=6.094523042298e+02  Q=1.493000000000e+03  λ=7.176777e-01  dt=1.509e-03  relΔE=4.089e-09  ||F||=6.649e-03
 step=120500  E=6.094514205322e+02  Q=1.493000000000e+03  λ=7.176772e-01  dt=1.168e-03  relΔE=2.621e-09  ||F||=1.045e-03
 step=121000  E=6.094506787786e+02  Q=1.493000000000e+03  λ=7.176769e-01  dt=9.038e-04  relΔE=1.624e-09  ||F||=9.346e-04
 step=121500  E=6.094500876154e+02  Q=1.493000000000e+03  λ=7.176768e-01  dt=1.399e-03  relΔE=2.015e-09  ||F||=8.364e-04
 step=122000  E=6.094496228514e+02  Q=1.493000000000e+03  λ=7.176767e-01  dt=1.083e-03  relΔE=1.256e-09  ||F||=7.502e-04
 step=122500  E=6.094492384661e+02  Q=1.493000000000e+03  λ=7.176767e-01  dt=8.380e-04  relΔE=7.774e-10  ||F||=6.706e-04
 step=123000  E=6.094489375996e+02  Q=1.493000000000e+03  λ=7.176768e-01  dt=1.297e-03  relΔE=9.676e-10  ||F||=6.011e-04
 step=123500  E=6.094486964368e+02  Q=1.493000000000e+03  λ=7.176769e-01  dt=1.004e-03  relΔE=6.025e-10  ||F||=5.389e-04
 step=124000  E=6.094484958306e+02  Q=1.493000000000e+03  λ=7.176770e-01  dt=7.771e-04  relΔE=3.720e-10  ||F||=4.811e-04
 step=124500  E=6.094483435354e+02  Q=1.493000000000e+03  λ=7.176771e-01  dt=1.203e-03  relΔE=4.652e-10  ||F||=4.322e-04
 step=125000  E=6.094482169964e+02  Q=1.493000000000e+03  λ=7.176773e-01  dt=9.310e-04  relΔE=2.888e-10  ||F||=3.868e-04
 step=125500  E=6.094481145769e+02  Q=1.493000000000e+03  λ=7.176774e-01  dt=1.441e-03  relΔE=3.579e-10  ||F||=3.459e-04
 step=126000  E=6.094480353126e+02  Q=1.493000000000e+03  λ=7.176775e-01  dt=1.115e-03  relΔE=2.236e-10  ||F||=3.105e-04
 step=126500  E=6.094479694531e+02  Q=1.493000000000e+03  λ=7.176777e-01  dt=8.632e-04  relΔE=1.387e-10  ||F||=2.778e-04
 step=127000  E=6.094479172672e+02  Q=1.493000000000e+03  λ=7.176778e-01  dt=1.336e-03  relΔE=1.726e-10  ||F||=2.489e-04
 step=127500  E=6.094478757962e+02  Q=1.493000000000e+03  λ=7.176779e-01  dt=1.034e-03  relΔE=1.077e-10  ||F||=2.233e-04
 step=128000  E=6.094478414009e+02  Q=1.493000000000e+03  λ=7.176780e-01  dt=8.004e-04  relΔE=6.671e-11  ||F||=1.996e-04
 step=128500  E=6.094478147598e+02  Q=1.493000000000e+03  λ=7.176781e-01  dt=1.239e-03  relΔE=8.336e-11  ||F||=1.792e-04
 step=129000  E=6.094477930522e+02  Q=1.493000000000e+03  λ=7.176782e-01  dt=9.590e-04  relΔE=5.195e-11  ||F||=1.606e-04
 step=129500  E=6.094477750841e+02  Q=1.493000000000e+03  λ=7.176783e-01  dt=1.484e-03  relΔE=6.404e-11  ||F||=5.154e-04
 step=130000  E=6.094477614575e+02  Q=1.493000000000e+03  λ=7.176784e-01  dt=1.149e-03  relΔE=4.036e-11  ||F||=1.291e-04
 step=130500  E=6.094477499992e+02  Q=1.493000000000e+03  λ=7.176785e-01  dt=8.892e-04  relΔE=2.510e-11  ||F||=1.156e-04
 step=131000  E=6.094477408257e+02  Q=1.493000000000e+03  λ=7.176786e-01  dt=1.376e-03  relΔE=3.125e-11  ||F||=1.036e-04
 step=131500  E=6.094477335958e+02  Q=1.493000000000e+03  λ=7.176786e-01  dt=1.065e-03  relΔE=1.955e-11  ||F||=9.301e-05
 step=132000  E=6.094477275870e+02  Q=1.493000000000e+03  λ=7.176787e-01  dt=8.245e-04  relΔE=1.214e-11  ||F||=8.324e-05
 step=132500  E=6.094477228585e+02  Q=1.493000000000e+03  λ=7.176787e-01  dt=1.276e-03  relΔE=1.516e-11  ||F||=7.470e-05
 step=133000  E=6.094477190530e+02  Q=1.493000000000e+03  λ=7.176788e-01  dt=9.878e-04  relΔE=9.472e-12  ||F||=6.704e-05
 step=133500  E=6.094477158810e+02  Q=1.493000000000e+03  λ=7.176788e-01  dt=7.645e-04  relΔE=5.869e-12  ||F||=5.993e-05
 step=134000  E=6.094477134710e+02  Q=1.493000000000e+03  λ=7.176789e-01  dt=1.183e-03  relΔE=7.366e-12  ||F||=5.392e-05
 step=134500  E=6.094477114538e+02  Q=1.493000000000e+03  λ=7.176789e-01  dt=9.159e-04  relΔE=4.585e-12  ||F||=4.832e-05
 step=135000  E=6.094477098230e+02  Q=1.493000000000e+03  λ=7.176789e-01  dt=1.418e-03  relΔE=5.701e-12  ||F||=4.329e-05
 step=135500  E=6.094477085521e+02  Q=1.493000000000e+03  λ=7.176790e-01  dt=1.097e-03  relΔE=3.568e-12  ||F||=3.891e-05
 step=136000  E=6.094477074970e+02  Q=1.493000000000e+03  λ=7.176790e-01  dt=8.493e-04  relΔE=2.218e-12  ||F||=3.487e-05
 step=136500  E=6.094477066585e+02  Q=1.493000000000e+03  λ=7.176790e-01  dt=1.315e-03  relΔE=2.763e-12  ||F||=3.129e-05
 step=137000  E=6.094477059925e+02  Q=1.493000000000e+03  λ=7.176790e-01  dt=1.018e-03  relΔE=1.725e-12  ||F||=2.812e-05
 step=137500  E=6.094477054387e+02  Q=1.493000000000e+03  λ=7.176791e-01  dt=7.875e-04  relΔE=1.068e-12  ||F||=2.517e-05
 step=138000  E=6.094477050125e+02  Q=1.493000000000e+03  λ=7.176791e-01  dt=1.219e-03  relΔE=1.333e-12  ||F||=2.265e-05
 step=138500  E=6.094477046632e+02  Q=1.493000000000e+03  λ=7.176791e-01  dt=9.435e-04  relΔE=8.275e-13  ||F||=2.033e-05
 step=139000  E=6.094477043773e+02  Q=1.493000000000e+03  λ=7.176791e-01  dt=1.460e-03  relΔE=1.019e-12  ||F||=3.050e-05
 step=139500  E=6.094477041605e+02  Q=1.493000000000e+03  λ=7.176791e-01  dt=1.130e-03  relΔE=6.350e-13  ||F||=1.639e-05
 step=140000  E=6.094477039800e+02  Q=1.493000000000e+03  λ=7.176791e-01  dt=8.748e-04  relΔE=3.906e-13  ||F||=1.470e-05
 step=140500  E=6.094477038376e+02  Q=1.493000000000e+03  λ=7.176791e-01  dt=1.354e-03  relΔE=4.809e-13  ||F||=1.320e-05
 step=141000  E=6.094477037268e+02  Q=1.493000000000e+03  λ=7.176791e-01  dt=1.048e-03  relΔE=2.955e-13  ||F||=1.187e-05
 step=141500  E=6.094477036364e+02  Q=1.493000000000e+03  λ=7.176791e-01  dt=8.112e-04  relΔE=1.802e-13  ||F||=1.065e-05
 step=142000  E=6.094477035671e+02  Q=1.493000000000e+03  λ=7.176792e-01  dt=1.256e-03  relΔE=2.186e-13  ||F||=9.573e-06
 step=142500  E=6.094477035127e+02  Q=1.493000000000e+03  λ=7.176792e-01  dt=9.719e-04  relΔE=1.326e-13  ||F||=8.608e-06
 step=143000  E=6.094477034690e+02  Q=1.493000000000e+03  λ=7.176792e-01  dt=7.522e-04  relΔE=7.891e-14  ||F||=7.721e-06
 step=143500  E=6.094477034374e+02  Q=1.493000000000e+03  λ=7.176792e-01  dt=1.164e-03  relΔE=9.458e-14  ||F||=6.951e-06
 step=144000  E=6.094477034124e+02  Q=1.493000000000e+03  λ=7.176792e-01  dt=9.012e-04  relΔE=5.466e-14  ||F||=6.241e-06
 step=144500  E=6.094477033936e+02  Q=1.493000000000e+03  λ=7.176792e-01  dt=1.395e-03  relΔE=6.212e-14  ||F||=5.604e-06
 step=145000  E=6.094477033803e+02  Q=1.493000000000e+03  λ=7.176792e-01  dt=1.080e-03  relΔE=3.544e-14  ||F||=5.048e-06
 step=145500  E=6.094477033706e+02  Q=1.493000000000e+03  λ=7.176792e-01  dt=8.356e-04  relΔE=1.903e-14  ||F||=4.534e-06
 step=146000  E=6.094477033641e+02  Q=1.493000000000e+03  λ=7.176792e-01  dt=1.293e-03  relΔE=1.940e-14  ||F||=4.077e-06
 step=146500  E=6.094477033600e+02  Q=1.493000000000e+03  λ=7.176792e-01  dt=1.001e-03  relΔE=8.581e-15  ||F||=3.673e-06
 step=147000  E=6.094477033578e+02  Q=1.493000000000e+03  λ=7.176792e-01  dt=7.748e-04  relΔE=2.985e-15  ||F||=3.296e-06
 step=147500  E=6.094477033571e+02  Q=1.493000000000e+03  λ=7.176792e-01  dt=1.199e-03  relΔE=1.865e-16  ||F||=2.973e-06
  !! dt fell below dt_min: stiffness-limited termination.

Stationary candidate (aggressive): E=6.094477033571e+02, Q=1.493000000000e+03, maxρ=9.061156e-01

=== Stability test (damped inertial dynamics) ===
Perturb eps=0.02, gamma=1
t=0: E=6.826384069837e+02, Q=1.493000000000e+03, maxρ=9.353433e-01, σ=2.631488e+00, Rc=1.829663e+01
 step=     1  E=6.826380385444e+02  Q=1.493000000000e+03  λ=1.105343e+00  maxρ=9.353432e-01  minρ=1.715e-10  σ=2.631488e+00  Rc=1.829663e+01
 step=   300  E=6.675322796364e+02  Q=1.493000000000e+03  λ=1.001985e+00  maxρ=9.337560e-01  minρ=1.721e-10  σ=2.631485e+00  Rc=1.829664e+01
 step=   600  E=6.371615592339e+02  Q=1.493000000000e+03  λ=8.149019e-01  maxρ=9.292808e-01  minρ=1.736e-10  σ=2.631480e+00  Rc=1.829664e+01
 step=   900  E=6.194082129198e+02  Q=1.493000000000e+03  λ=7.554603e-01  maxρ=9.226615e-01  minρ=1.720e-10  σ=2.631478e+00  Rc=1.829664e+01
 step=  1200  E=6.262127882969e+02  Q=1.493000000000e+03  λ=8.635289e-01  maxρ=9.197741e-01  minρ=1.701e-10  σ=2.631480e+00  Rc=1.829663e+01
 step=  1500  E=6.444510475910e+02  Q=1.493000000000e+03  λ=9.805049e-01  maxρ=9.249630e-01  minρ=1.689e-10  σ=2.631482e+00  Rc=1.829663e+01
 step=  1800  E=6.537597160675e+02  Q=1.493000000000e+03  λ=9.662490e-01  maxρ=9.279220e-01  minρ=1.688e-10  σ=2.631479e+00  Rc=1.829663e+01
 step=  2100  E=6.482840916483e+02  Q=1.493000000000e+03  λ=8.643777e-01  maxρ=9.231960e-01  minρ=1.689e-10  σ=2.631476e+00  Rc=1.829663e+01
 step=  2400  E=6.386553867917e+02  Q=1.493000000000e+03  λ=8.174333e-01  maxρ=9.139887e-01  minρ=1.681e-10  σ=2.631477e+00  Rc=1.829663e+01
 step=  2700  E=6.362714829270e+02  Q=1.493000000000e+03  λ=8.726479e-01  maxρ=9.194157e-01  minρ=1.646e-10  σ=2.631480e+00  Rc=1.829663e+01
 step=  3000  E=6.409070532935e+02  Q=1.493000000000e+03  λ=9.388647e-01  maxρ=9.309649e-01  minρ=1.639e-10  σ=2.631480e+00  Rc=1.829663e+01
 step=  3300  E=6.444187758575e+02  Q=1.493000000000e+03  λ=9.261915e-01  maxρ=9.333556e-01  minρ=1.665e-10  σ=2.631477e+00  Rc=1.829663e+01
 step=  3600  E=6.422983964741e+02  Q=1.493000000000e+03  λ=8.610462e-01  maxρ=9.269164e-01  minρ=1.689e-10  σ=2.631472e+00  Rc=1.829663e+01
 step=  3900  E=6.378837888589e+02  Q=1.493000000000e+03  λ=8.322909e-01  maxρ=9.259512e-01  minρ=1.695e-10  σ=2.631473e+00  Rc=1.829663e+01
 step=  4200  E=6.362864408810e+02  Q=1.493000000000e+03  λ=8.655445e-01  maxρ=9.227309e-01  minρ=1.644e-10  σ=2.631476e+00  Rc=1.829662e+01
 step=  4500  E=6.378931315985e+02  Q=1.493000000000e+03  λ=9.013207e-01  maxρ=9.210785e-01  minρ=1.598e-10  σ=2.631477e+00  Rc=1.829662e+01
 step=  4800  E=6.392875996637e+02  Q=1.493000000000e+03  λ=8.884593e-01  maxρ=9.243803e-01  minρ=1.580e-10  σ=2.631473e+00  Rc=1.829662e+01
 step=  5100  E=6.384611164143e+02  Q=1.493000000000e+03  λ=8.502647e-01  maxρ=9.253881e-01  minρ=1.596e-10  σ=2.631468e+00  Rc=1.829662e+01
 step=  5400  E=6.367694274823e+02  Q=1.493000000000e+03  λ=8.401499e-01  maxρ=9.242945e-01  minρ=1.562e-10  σ=2.631466e+00  Rc=1.829662e+01
 step=  5700  E=6.361421235666e+02  Q=1.493000000000e+03  λ=8.645776e-01  maxρ=9.211333e-01  minρ=1.518e-10  σ=2.631468e+00  Rc=1.829661e+01
 step=  6000  E=6.364419565236e+02  Q=1.493000000000e+03  λ=8.822528e-01  maxρ=9.193369e-01  minρ=1.512e-10  σ=2.631468e+00  Rc=1.829661e+01
 >>> No runaway detected in this horizon. Likely stable (within this model & box).

STABILITY: PASS
