
=== Aggressive relaxation to Q = 758 ===
Initial: E=4.565360652129e+02, Q=7.580000000000e+02, dt=1.000e-04
 step=     1  E=4.565247469340e+02  Q=7.580000000000e+02  λ=1.147136e+00  dt=1.000e-04  relΔE=2.479e-05  ||F||=3.869e-01
 step=   500  E=4.438790257461e+02  Q=7.580000000000e+02  λ=1.104283e+00  dt=6.192e-04  relΔE=9.799e-05  ||F||=3.339e-01
 step=  1000  E=4.169639951715e+02  Q=7.580000000000e+02  λ=1.015364e+00  dt=9.584e-04  relΔE=7.200e-05  ||F||=2.230e-01
 step=  1500  E=4.027897062977e+02  Q=7.580000000000e+02  λ=9.702326e-01  dt=1.484e-03  relΔE=5.982e-05  ||F||=1.605e-01
 step=  2000  E=3.951993067323e+02  Q=7.580000000000e+02  λ=9.468834e-01  dt=1.148e-03  relΔE=2.867e-05  ||F||=1.251e-01
 step=  2500  E=3.902135410091e+02  Q=7.580000000000e+02  λ=9.321394e-01  dt=8.887e-04  relΔE=1.481e-05  ||F||=1.016e-01
 step=  3000  E=3.868641428006e+02  Q=7.580000000000e+02  λ=9.226632e-01  dt=1.376e-03  relΔE=1.653e-05  ||F||=8.588e-02
 step=  3500  E=3.844033289700e+02  Q=7.580000000000e+02  λ=9.159924e-01  dt=1.065e-03  relΔE=9.843e-06  ||F||=7.507e-02
 step=  4000  E=3.824232349553e+02  Q=7.580000000000e+02  λ=9.108566e-01  dt=8.241e-04  relΔE=6.114e-06  ||F||=6.707e-02
 step=  4500  E=3.808679980925e+02  Q=7.580000000000e+02  λ=9.069900e-01  dt=1.276e-03  relΔE=7.921e-06  ||F||=6.123e-02
 step=  5000  E=3.795331948023e+02  Q=7.580000000000e+02  λ=9.037880e-01  dt=9.873e-04  relΔE=5.271e-06  ||F||=5.668e-02
 step=  5500  E=3.783445451376e+02  Q=7.580000000000e+02  λ=9.010365e-01  dt=1.528e-03  relΔE=7.125e-06  ||F||=8.425e-02
 step=  6000  E=3.773538606125e+02  Q=7.580000000000e+02  λ=8.988018e-01  dt=1.183e-03  relΔE=4.954e-06  ||F||=5.005e-02
 step=  6500  E=3.764261195250e+02  Q=7.580000000000e+02  λ=8.967632e-01  dt=9.154e-04  relΔE=3.464e-06  ||F||=4.751e-02
 step=  7000  E=3.755915547830e+02  Q=7.580000000000e+02  λ=8.949720e-01  dt=1.417e-03  relΔE=4.894e-06  ||F||=4.534e-02
 step=  7500  E=3.748421145094e+02  Q=7.580000000000e+02  λ=8.933921e-01  dt=1.097e-03  relΔE=3.490e-06  ||F||=4.348e-02
 step=  8000  E=3.741293266084e+02  Q=7.580000000000e+02  λ=8.919151e-01  dt=8.488e-04  relΔE=2.499e-06  ||F||=4.178e-02
 step=  8500  E=3.734865734840e+02  Q=7.580000000000e+02  λ=8.906050e-01  dt=1.314e-03  relΔE=3.602e-06  ||F||=4.028e-02
 step=  9000  E=3.728853149085e+02  Q=7.580000000000e+02  λ=8.893946e-01  dt=1.017e-03  relΔE=2.607e-06  ||F||=3.891e-02
 step=  9500  E=3.723047946904e+02  Q=7.580000000000e+02  λ=8.882411e-01  dt=7.871e-04  relΔE=1.918e-06  ||F||=4.141e-02
 step= 10000  E=3.717899905741e+02  Q=7.580000000000e+02  λ=8.872306e-01  dt=1.218e-03  relΔE=2.756e-06  ||F||=3.650e-02
 step= 10500  E=3.712886783359e+02  Q=7.580000000000e+02  λ=8.862563e-01  dt=9.430e-04  relΔE=2.011e-06  ||F||=3.542e-02
 step= 11000  E=3.708127998859e+02  Q=7.580000000000e+02  λ=8.853422e-01  dt=1.460e-03  relΔE=2.941e-06  ||F||=3.440e-02
 step= 11500  E=3.703774382742e+02  Q=7.580000000000e+02  λ=8.845129e-01  dt=1.130e-03  relΔE=2.159e-06  ||F||=3.349e-02
 step= 12000  E=3.699499274916e+02  Q=7.580000000000e+02  λ=8.837065e-01  dt=8.744e-04  relΔE=1.585e-06  ||F||=3.259e-02
 step= 12500  E=3.695527954465e+02  Q=7.580000000000e+02  λ=8.829652e-01  dt=1.353e-03  relΔE=2.333e-06  ||F||=3.177e-02
 step= 13000  E=3.691772633474e+02  Q=7.580000000000e+02  λ=8.822698e-01  dt=1.048e-03  relΔE=1.721e-06  ||F||=3.099e-02
 step= 13500  E=3.688072407656e+02  Q=7.580000000000e+02  λ=8.815909e-01  dt=8.108e-04  relΔE=1.282e-06  ||F||=3.039e-02
 step= 14000  E=3.684699896162e+02  Q=7.580000000000e+02  λ=8.809782e-01  dt=1.255e-03  relΔE=1.877e-06  ||F||=2.954e-02
 step= 14500  E=3.681411638663e+02  Q=7.580000000000e+02  λ=8.803856e-01  dt=9.713e-04  relΔE=1.389e-06  ||F||=2.888e-02
 step= 15000  E=3.678197880121e+02  Q=7.580000000000e+02  λ=8.798124e-01  dt=1.504e-03  relΔE=2.057e-06  ||F||=2.859e-02
 step= 15500  E=3.675275022236e+02  Q=7.580000000000e+02  λ=8.792950e-01  dt=1.164e-03  relΔE=1.528e-06  ||F||=2.764e-02
 step= 16000  E=3.672354780691e+02  Q=7.580000000000e+02  λ=8.787829e-01  dt=9.007e-04  relΔE=1.134e-06  ||F||=2.706e-02
 step= 16500  E=3.669585167802e+02  Q=7.580000000000e+02  λ=8.783024e-01  dt=1.394e-03  relΔE=1.686e-06  ||F||=2.651e-02
 step= 17000  E=3.666967678086e+02  Q=7.580000000000e+02  λ=8.778518e-01  dt=1.079e-03  relΔE=1.255e-06  ||F||=2.599e-02
 step= 17500  E=3.664472101925e+02  Q=7.580000000000e+02  λ=8.774268e-01  dt=1.392e-03  relΔE=1.560e-06  ||F||=2.550e-02
 step= 18000  E=3.662047500678e+02  Q=7.580000000000e+02  λ=8.770173e-01  dt=1.077e-03  relΔE=1.164e-06  ||F||=2.503e-02
 step= 18500  E=3.659628392517e+02  Q=7.580000000000e+02  λ=8.766129e-01  dt=8.338e-04  relΔE=8.681e-07  ||F||=2.457e-02
 step= 19000  E=3.657375955431e+02  Q=7.580000000000e+02  λ=8.762405e-01  dt=1.291e-03  relΔE=1.298e-06  ||F||=2.413e-02
 step= 19500  E=3.655180788844e+02  Q=7.580000000000e+02  λ=8.758809e-01  dt=9.989e-04  relΔE=9.706e-07  ||F||=2.372e-02
 step= 20000  E=3.652991811139e+02  Q=7.580000000000e+02  λ=8.756219e-01  dt=1.546e-03  relΔE=9.913e-07  ||F||=4.400e-01
 step= 20500  E=3.650999064399e+02  Q=7.580000000000e+02  λ=8.752069e-01  dt=1.197e-03  relΔE=1.088e-06  ||F||=2.293e-02
 step= 21000  E=3.648986241385e+02  Q=7.580000000000e+02  λ=8.748875e-01  dt=9.263e-04  relΔE=8.157e-07  ||F||=2.256e-02
 step= 21500  E=3.647041205915e+02  Q=7.580000000000e+02  λ=8.745827e-01  dt=1.434e-03  relΔE=1.224e-06  ||F||=2.220e-02
 step= 22000  E=3.645204448578e+02  Q=7.580000000000e+02  λ=8.742977e-01  dt=1.110e-03  relΔE=9.195e-07  ||F||=2.187e-02
 step= 22500  E=3.643364004052e+02  Q=7.580000000000e+02  λ=8.740154e-01  dt=8.589e-04  relΔE=6.908e-07  ||F||=2.154e-02
 step= 23000  E=3.641618191995e+02  Q=7.580000000000e+02  λ=8.737511e-01  dt=1.329e-03  relΔE=1.039e-06  ||F||=2.123e-02
 step= 23500  E=3.639919289325e+02  Q=7.580000000000e+02  λ=8.734965e-01  dt=1.029e-03  relΔE=7.827e-07  ||F||=2.094e-02
 step= 24000  E=3.638211742723e+02  Q=7.580000000000e+02  λ=8.732438e-01  dt=7.964e-04  relΔE=5.895e-07  ||F||=2.065e-02
 step= 24500  E=3.636633050080e+02  Q=7.580000000000e+02  λ=8.730133e-01  dt=1.233e-03  relΔE=8.892e-07  ||F||=2.038e-02
 step= 25000  E=3.635050027853e+02  Q=7.580000000000e+02  λ=8.727847e-01  dt=9.541e-04  relΔE=6.710e-07  ||F||=2.012e-02
 step= 25500  E=3.633482791482e+02  Q=7.580000000000e+02  λ=8.725615e-01  dt=1.477e-03  relΔE=1.013e-06  ||F||=1.987e-02
 step= 26000  E=3.632020673002e+02  Q=7.580000000000e+02  λ=8.723556e-01  dt=1.143e-03  relΔE=7.661e-07  ||F||=1.963e-02
 step= 26500  E=3.630534955880e+02  Q=7.580000000000e+02  λ=8.721491e-01  dt=8.847e-04  relΔE=5.793e-07  ||F||=1.940e-02
 step= 27000  E=3.629103710241e+02  Q=7.580000000000e+02  λ=8.719530e-01  dt=1.369e-03  relΔE=8.771e-07  ||F||=1.919e-02
 step= 27500  E=3.627721420952e+02  Q=7.580000000000e+02  λ=8.717658e-01  dt=1.060e-03  relΔE=6.647e-07  ||F||=1.898e-02
 step= 28000  E=3.626321138788e+02  Q=7.580000000000e+02  λ=8.715787e-01  dt=8.203e-04  relΔE=5.037e-07  ||F||=1.878e-02
 step= 28500  E=3.625000635583e+02  Q=7.580000000000e+02  λ=8.714048e-01  dt=1.270e-03  relΔE=7.647e-07  ||F||=1.859e-02
 step= 29000  E=3.623688715927e+02  Q=7.580000000000e+02  λ=8.712341e-01  dt=9.828e-04  relΔE=5.808e-07  ||F||=1.841e-02
 step= 29500  E=3.622363368139e+02  Q=7.580000000000e+02  λ=8.710647e-01  dt=1.521e-03  relΔE=8.803e-07  ||F||=3.622e-02
 step= 30000  E=3.621133799269e+02  Q=7.580000000000e+02  λ=8.709084e-01  dt=1.177e-03  relΔE=6.715e-07  ||F||=1.808e-02
 step= 30500  E=3.619874485384e+02  Q=7.580000000000e+02  λ=8.707510e-01  dt=9.113e-04  relΔE=5.110e-07  ||F||=1.793e-02
 step= 31000  E=3.618643229519e+02  Q=7.580000000000e+02  λ=8.705994e-01  dt=1.411e-03  relΔE=7.786e-07  ||F||=1.778e-02
 step= 31500  E=3.617455892353e+02  Q=7.580000000000e+02  λ=8.704549e-01  dt=1.092e-03  relΔE=5.938e-07  ||F||=1.765e-02
 step= 32000  E=3.616246638858e+02  Q=7.580000000000e+02  λ=8.703097e-01  dt=8.450e-04  relΔE=4.530e-07  ||F||=1.752e-02
 step= 32500  E=3.615086278673e+02  Q=7.580000000000e+02  λ=8.701723e-01  dt=1.308e-03  relΔE=6.919e-07  ||F||=1.740e-02
 step= 33000  E=3.613936618089e+02  Q=7.580000000000e+02  λ=8.700377e-01  dt=1.012e-03  relΔE=5.289e-07  ||F||=1.729e-02
 step= 33500  E=3.612762937670e+02  Q=7.580000000000e+02  λ=8.699020e-01  dt=7.835e-04  relΔE=4.045e-07  ||F||=1.884e-02
 step= 34000  E=3.611666620715e+02  Q=7.580000000000e+02  λ=8.697770e-01  dt=1.213e-03  relΔE=6.195e-07  ||F||=1.709e-02
 step= 34500  E=3.610542553953e+02  Q=7.580000000000e+02  λ=8.696501e-01  dt=9.387e-04  relΔE=4.746e-07  ||F||=1.700e-02
 step= 35000  E=3.609422242614e+02  Q=7.580000000000e+02  λ=8.695253e-01  dt=1.453e-03  relΔE=7.279e-07  ||F||=1.692e-02
 step= 35500  E=3.608349367338e+02  Q=7.580000000000e+02  λ=8.694070e-01  dt=1.125e-03  relΔE=5.588e-07  ||F||=1.685e-02
 step= 36000  E=3.607246315423e+02  Q=7.580000000000e+02  λ=8.692866e-01  dt=8.704e-04  relΔE=4.292e-07  ||F||=1.678e-02
 step= 36500  E=3.606172767453e+02  Q=7.580000000000e+02  λ=8.691707e-01  dt=1.347e-03  relΔE=6.600e-07  ||F||=1.673e-02
 step= 37000  E=3.605111883755e+02  Q=7.580000000000e+02  λ=8.690571e-01  dt=1.043e-03  relΔE=5.079e-07  ||F||=1.668e-02
 step= 37500  E=3.604021066866e+02  Q=7.580000000000e+02  λ=8.689414e-01  dt=8.071e-04  relΔE=3.912e-07  ||F||=1.663e-02
 step= 38000  E=3.602983443989e+02  Q=7.580000000000e+02  λ=8.688323e-01  dt=1.249e-03  relΔE=6.032e-07  ||F||=1.660e-02
 step= 38500  E=3.601926684747e+02  Q=7.580000000000e+02  λ=8.687218e-01  dt=9.670e-04  relΔE=4.655e-07  ||F||=1.657e-02
 step= 39000  E=3.600848749773e+02  Q=7.580000000000e+02  λ=8.686101e-01  dt=1.497e-03  relΔE=7.190e-07  ||F||=1.665e-02
 step= 39500  E=3.599856746634e+02  Q=7.580000000000e+02  λ=8.685075e-01  dt=9.654e-04  relΔE=4.632e-07  ||F||=1.654e-02
 step= 40000  E=3.598783653774e+02  Q=7.580000000000e+02  λ=8.683973e-01  dt=1.494e-03  relΔE=7.168e-07  ||F||=1.659e-02
 step= 40500  E=3.597792917554e+02  Q=7.580000000000e+02  λ=8.682958e-01  dt=9.638e-04  relΔE=4.626e-07  ||F||=1.654e-02
 step= 41000  E=3.596719282865e+02  Q=7.580000000000e+02  λ=8.681861e-01  dt=1.492e-03  relΔE=7.173e-07  ||F||=1.660e-02
 step= 41500  E=3.595693148706e+02  Q=7.580000000000e+02  λ=8.680814e-01  dt=1.155e-03  relΔE=5.566e-07  ||F||=1.657e-02
 step= 42000  E=3.594623484010e+02  Q=7.580000000000e+02  λ=8.679722e-01  dt=8.937e-04  relΔE=4.324e-07  ||F||=1.660e-02
 step= 42500  E=3.593561990322e+02  Q=7.580000000000e+02  λ=8.678638e-01  dt=1.383e-03  relΔE=6.724e-07  ||F||=1.663e-02
 step= 43000  E=3.592510631587e+02  Q=7.580000000000e+02  λ=8.677562e-01  dt=1.071e-03  relΔE=5.233e-07  ||F||=1.667e-02
 step= 43500  E=3.591417097811e+02  Q=7.580000000000e+02  λ=8.676438e-01  dt=8.287e-04  relΔE=4.078e-07  ||F||=1.673e-02
 step= 44000  E=3.590353342804e+02  Q=7.580000000000e+02  λ=8.675340e-01  dt=1.283e-03  relΔE=6.360e-07  ||F||=1.679e-02
 step= 44500  E=3.589269643731e+02  Q=7.580000000000e+02  λ=8.674214e-01  dt=9.928e-04  relΔE=4.965e-07  ||F||=1.686e-02
 step= 45000  E=3.588140687923e+02  Q=7.580000000000e+02  λ=8.673155e-01  dt=1.537e-03  relΔE=7.314e-07  ||F||=1.576e-01
 step= 45500  E=3.587066276092e+02  Q=7.580000000000e+02  λ=8.671898e-01  dt=1.189e-03  relΔE=6.073e-07  ||F||=1.703e-02
 step= 46000  E=3.585933052210e+02  Q=7.580000000000e+02  λ=8.670689e-01  dt=9.206e-04  relΔE=4.758e-07  ||F||=1.713e-02
 step= 46500  E=3.584789989527e+02  Q=7.580000000000e+02  λ=8.669456e-01  dt=1.425e-03  relΔE=7.462e-07  ||F||=1.724e-02
 step= 47000  E=3.583659695902e+02  Q=7.580000000000e+02  λ=8.668220e-01  dt=1.103e-03  relΔE=5.857e-07  ||F||=1.736e-02
 step= 47500  E=3.582471171304e+02  Q=7.580000000000e+02  λ=8.666902e-01  dt=8.536e-04  relΔE=4.604e-07  ||F||=1.749e-02
 step= 48000  E=3.581295807562e+02  Q=7.580000000000e+02  λ=8.665580e-01  dt=1.321e-03  relΔE=7.245e-07  ||F||=1.763e-02
 step= 48500  E=3.580099841783e+02  Q=7.580000000000e+02  λ=8.664211e-01  dt=1.023e-03  relΔE=5.706e-07  ||F||=1.779e-02
 step= 49000  E=3.578839365422e+02  Q=7.580000000000e+02  λ=8.662742e-01  dt=7.915e-04  relΔE=4.503e-07  ||F||=1.796e-02
 step= 49500  E=3.577618775806e+02  Q=7.580000000000e+02  λ=8.661295e-01  dt=1.225e-03  relΔE=7.108e-07  ||F||=1.813e-02
 step= 50000  E=3.576337240946e+02  Q=7.580000000000e+02  λ=8.659744e-01  dt=9.483e-04  relΔE=5.620e-07  ||F||=1.832e-02
 step= 50500  E=3.575010973315e+02  Q=7.580000000000e+02  λ=8.658107e-01  dt=1.468e-03  relΔE=8.900e-07  ||F||=1.853e-02
 step= 51000  E=3.573706180599e+02  Q=7.580000000000e+02  λ=8.656459e-01  dt=1.136e-03  relΔE=7.049e-07  ||F||=1.874e-02
 step= 51500  E=3.572316546845e+02  Q=7.580000000000e+02  λ=8.654664e-01  dt=8.793e-04  relΔE=5.596e-07  ||F||=1.897e-02
 step= 52000  E=3.570917277465e+02  Q=7.580000000000e+02  λ=8.652817e-01  dt=1.361e-03  relΔE=8.891e-07  ||F||=1.922e-02
 step= 52500  E=3.569492917059e+02  Q=7.580000000000e+02  λ=8.650888e-01  dt=1.053e-03  relΔE=7.070e-07  ||F||=1.948e-02
 step= 53000  E=3.567977763122e+02  Q=7.580000000000e+02  λ=8.648786e-01  dt=8.153e-04  relΔE=5.635e-07  ||F||=1.976e-02
 step= 53500  E=3.566481959905e+02  Q=7.580000000000e+02  λ=8.646661e-01  dt=1.262e-03  relΔE=8.982e-07  ||F||=2.005e-02
 step= 54000  E=3.564912477832e+02  Q=7.580000000000e+02  λ=8.644371e-01  dt=9.768e-04  relΔE=7.172e-07  ||F||=2.036e-02
 step= 54500  E=3.563250836843e+02  Q=7.580000000000e+02  λ=8.641886e-01  dt=1.512e-03  relΔE=1.147e-06  ||F||=2.258e-02
 step= 55000  E=3.561624366770e+02  Q=7.580000000000e+02  λ=8.639384e-01  dt=1.170e-03  relΔE=9.178e-07  ||F||=2.103e-02
 step= 55500  E=3.559871763955e+02  Q=7.580000000000e+02  λ=8.636618e-01  dt=9.057e-04  relΔE=7.359e-07  ||F||=2.140e-02
 step= 56000  E=3.558070387308e+02  Q=7.580000000000e+02  λ=8.633700e-01  dt=1.402e-03  relΔE=1.181e-06  ||F||=2.179e-02
 step= 56500  E=3.556236928602e+02  Q=7.580000000000e+02  λ=8.630646e-01  dt=1.085e-03  relΔE=9.486e-07  ||F||=2.219e-02
 step= 57000  E=3.554265631052e+02  Q=7.580000000000e+02  λ=8.627274e-01  dt=8.398e-04  relΔE=7.637e-07  ||F||=2.262e-02
 step= 57500  E=3.552280136665e+02  Q=7.580000000000e+02  λ=8.623787e-01  dt=1.300e-03  relΔE=1.229e-06  ||F||=2.306e-02
 step= 58000  E=3.550202208910e+02  Q=7.580000000000e+02  λ=8.620035e-01  dt=1.006e-03  relΔE=9.911e-07  ||F||=2.353e-02
 step= 58500  E=3.547960179265e+02  Q=7.580000000000e+02  λ=8.616290e-01  dt=7.787e-04  relΔE=9.200e-07  ||F||=2.900e-01
 step= 59000  E=3.545759107846e+02  Q=7.580000000000e+02  λ=8.611687e-01  dt=1.205e-03  relΔE=1.293e-06  ||F||=2.454e-02
 step= 59500  E=3.543397405324e+02  Q=7.580000000000e+02  λ=8.607068e-01  dt=7.775e-04  relΔE=8.713e-07  ||F||=2.508e-02
 step= 60000  E=3.540997346837e+02  Q=7.580000000000e+02  λ=8.602257e-01  dt=1.203e-03  relΔE=1.409e-06  ||F||=2.562e-02
 step= 60500  E=3.538387659353e+02  Q=7.580000000000e+02  λ=8.596884e-01  dt=9.315e-04  relΔE=1.142e-06  ||F||=2.621e-02
 step= 61000  E=3.535647916964e+02  Q=7.580000000000e+02  λ=8.591103e-01  dt=1.442e-03  relΔE=1.854e-06  ||F||=2.683e-02
 step= 61500  E=3.532858287251e+02  Q=7.580000000000e+02  λ=8.585058e-01  dt=1.116e-03  relΔE=1.503e-06  ||F||=2.745e-02
 step= 62000  E=3.529837602399e+02  Q=7.580000000000e+02  λ=8.578348e-01  dt=8.637e-04  relΔE=1.222e-06  ||F||=2.812e-02
 step= 62500  E=3.526739280302e+02  Q=7.580000000000e+02  λ=8.571303e-01  dt=1.337e-03  relΔE=1.984e-06  ||F||=2.879e-02
 step= 63000  E=3.523490326057e+02  Q=7.580000000000e+02  λ=8.563727e-01  dt=1.035e-03  relΔE=1.612e-06  ||F||=2.948e-02
 step= 63500  E=3.519965546438e+02  Q=7.580000000000e+02  λ=8.555311e-01  dt=8.009e-04  relΔE=1.312e-06  ||F||=3.022e-02
 step= 64000  E=3.516448155260e+02  Q=7.580000000000e+02  λ=8.546726e-01  dt=1.240e-03  relΔE=2.130e-06  ||F||=3.093e-02
 step= 64500  E=3.512658764777e+02  Q=7.580000000000e+02  λ=8.537258e-01  dt=9.595e-04  relΔE=1.731e-06  ||F||=3.168e-02
 step= 65000  E=3.508614324030e+02  Q=7.580000000000e+02  λ=8.526937e-01  dt=1.485e-03  relΔE=2.815e-06  ||F||=3.246e-02
 step= 65500  E=3.504557250514e+02  Q=7.580000000000e+02  λ=8.516345e-01  dt=1.149e-03  relΔE=2.283e-06  ||F||=3.319e-02
 step= 66000  E=3.500151463265e+02  Q=7.580000000000e+02  λ=8.504601e-01  dt=8.897e-04  relΔE=1.852e-06  ||F||=3.397e-02
 step= 66500  E=3.495601963807e+02  Q=7.580000000000e+02  λ=8.492238e-01  dt=1.377e-03  relΔE=3.000e-06  ||F||=3.472e-02
 step= 67000  E=3.490899793467e+02  Q=7.580000000000e+02  λ=8.479187e-01  dt=1.066e-03  relΔE=2.425e-06  ||F||=3.546e-02
 step= 67500  E=3.485832924568e+02  Q=7.580000000000e+02  λ=8.464849e-01  dt=8.250e-04  relΔE=1.959e-06  ||F||=3.620e-02
 step= 68000  E=3.480767729192e+02  Q=7.580000000000e+02  λ=8.450259e-01  dt=1.277e-03  relΔE=3.151e-06  ||F||=3.688e-02
 step= 68500  E=3.475431132064e+02  Q=7.580000000000e+02  λ=8.434586e-01  dt=9.883e-04  relΔE=2.530e-06  ||F||=3.753e-02
 step= 69000  E=3.469745253093e+02  Q=7.580000000000e+02  λ=8.417631e-01  dt=1.530e-03  relΔE=4.041e-06  ||F||=8.166e-02
 step= 69500  E=3.464217942083e+02  Q=7.580000000000e+02  λ=8.400785e-01  dt=1.184e-03  relΔE=3.230e-06  ||F||=3.868e-02
 step= 70000  E=3.458306152076e+02  Q=7.580000000000e+02  λ=8.382491e-01  dt=9.164e-04  relΔE=2.566e-06  ||F||=3.916e-02
 step= 70500  E=3.452288324421e+02  Q=7.580000000000e+02  λ=8.363580e-01  dt=1.419e-03  relΔE=4.059e-06  ||F||=3.955e-02
 step= 71000  E=3.446291365104e+02  Q=7.580000000000e+02  λ=8.344401e-01  dt=1.098e-03  relΔE=3.193e-06  ||F||=3.983e-02
 step= 71500  E=3.440016452849e+02  Q=7.580000000000e+02  λ=8.324012e-01  dt=8.498e-04  relΔE=2.500e-06  ||F||=4.002e-02
 step= 72000  E=3.433878673936e+02  Q=7.580000000000e+02  λ=8.303774e-01  dt=1.315e-03  relΔE=3.890e-06  ||F||=4.009e-02
 step= 72500  E=3.427713427347e+02  Q=7.580000000000e+02  λ=8.283104e-01  dt=1.018e-03  relΔE=3.008e-06  ||F||=4.004e-02
 step= 73000  E=3.421370370757e+02  Q=7.580000000000e+02  λ=8.261505e-01  dt=7.879e-04  relΔE=2.310e-06  ||F||=4.207e-02
 step= 73500  E=3.415452655795e+02  Q=7.580000000000e+02  λ=8.241061e-01  dt=1.220e-03  relΔE=3.525e-06  ||F||=3.953e-02
 step= 74000  E=3.409449657373e+02  Q=7.580000000000e+02  λ=8.219978e-01  dt=9.440e-04  relΔE=2.669e-06  ||F||=3.906e-02
 step= 74500  E=3.403560991884e+02  Q=7.580000000000e+02  λ=8.198992e-01  dt=1.461e-03  relΔE=4.010e-06  ||F||=3.845e-02
 step= 75000  E=3.398064676041e+02  Q=7.580000000000e+02  λ=8.179062e-01  dt=1.131e-03  relΔE=2.993e-06  ||F||=3.773e-02
 step= 75500  E=3.392604187614e+02  Q=7.580000000000e+02  λ=8.158939e-01  dt=8.753e-04  relΔE=2.213e-06  ||F||=3.685e-02
 step= 76000  E=3.387521108362e+02  Q=7.580000000000e+02  λ=8.139910e-01  dt=1.355e-03  relΔE=3.251e-06  ||F||=3.587e-02
 step= 76500  E=3.382749790727e+02  Q=7.580000000000e+02  λ=8.121714e-01  dt=1.049e-03  relΔE=2.370e-06  ||F||=3.478e-02
 step= 77000  E=3.378126522118e+02  Q=7.580000000000e+02  λ=8.103760e-01  dt=8.116e-04  relΔE=1.710e-06  ||F||=3.356e-02
 step= 77500  E=3.374022381920e+02  Q=7.580000000000e+02  λ=8.087535e-01  dt=1.256e-03  relΔE=2.456e-06  ||F||=3.231e-02
 step= 78000  E=3.370155751861e+02  Q=7.580000000000e+02  λ=8.071926e-01  dt=9.724e-04  relΔE=1.748e-06  ||F||=3.097e-02
 step= 78500  E=3.366539490214e+02  Q=7.580000000000e+02  λ=8.057035e-01  dt=1.505e-03  relΔE=2.465e-06  ||F||=2.992e-02
 step= 79000  E=3.363416553520e+02  Q=7.580000000000e+02  λ=8.043868e-01  dt=1.165e-03  relΔE=1.734e-06  ||F||=2.815e-02
 step= 79500  E=3.360480358486e+02  Q=7.580000000000e+02  λ=8.031200e-01  dt=9.017e-04  relΔE=1.207e-06  ||F||=2.668e-02
 step= 80000  E=3.357878571081e+02  Q=7.580000000000e+02  λ=8.019703e-01  dt=1.396e-03  relΔE=1.671e-06  ||F||=2.522e-02
 step= 80500  E=3.355593092027e+02  Q=7.580000000000e+02  λ=8.009320e-01  dt=1.080e-03  relΔE=1.151e-06  ||F||=2.379e-02
 step= 81000  E=3.353504258762e+02  Q=7.580000000000e+02  λ=7.999561e-01  dt=8.361e-04  relΔE=7.857e-07  ||F||=2.233e-02
 step= 81500  E=3.351723750193e+02  Q=7.580000000000e+02  λ=7.990998e-01  dt=1.294e-03  relΔE=1.071e-06  ||F||=2.095e-02
 step= 82000  E=3.350175599824e+02  Q=7.580000000000e+02  λ=7.983304e-01  dt=8.347e-04  relΔE=6.060e-07  ||F||=1.962e-02
 step= 82500  E=3.348809926994e+02  Q=7.580000000000e+02  λ=7.976299e-01  dt=1.292e-03  relΔE=8.183e-07  ||F||=1.832e-02
 step= 83000  E=3.347631518401e+02  Q=7.580000000000e+02  λ=7.970029e-01  dt=8.333e-04  relΔE=4.590e-07  ||F||=1.708e-02
 step= 83500  E=3.346602151597e+02  Q=7.580000000000e+02  λ=7.964353e-01  dt=1.290e-03  relΔE=6.147e-07  ||F||=1.588e-02
 step= 84000  E=3.345704298832e+02  Q=7.580000000000e+02  λ=7.959194e-01  dt=9.984e-04  relΔE=4.094e-07  ||F||=1.473e-02
 step= 84500  E=3.344908946960e+02  Q=7.580000000000e+02  λ=7.955433e-01  dt=6.439e-04  relΔE=6.075e-07  ||F||=4.512e-01
 step= 85000  E=3.344291256002e+02  Q=7.580000000000e+02  λ=7.950556e-01  dt=9.968e-04  relΔE=3.011e-07  ||F||=1.264e-02
 step= 85500  E=3.343709446566e+02  Q=7.580000000000e+02  λ=7.947066e-01  dt=1.543e-03  relΔE=2.062e-07  ||F||=2.583e-01
 step= 86000  E=3.343242760106e+02  Q=7.580000000000e+02  λ=7.943524e-01  dt=1.194e-03  relΔE=2.613e-07  ||F||=1.075e-02
 step= 86500  E=3.342830255430e+02  Q=7.580000000000e+02  λ=7.940530e-01  dt=9.242e-04  relΔE=1.712e-07  ||F||=9.891e-03
 step= 87000  E=3.342481576755e+02  Q=7.580000000000e+02  λ=7.937860e-01  dt=1.431e-03  relΔE=2.238e-07  ||F||=9.090e-03
 step= 87500  E=3.342194892892e+02  Q=7.580000000000e+02  λ=7.935535e-01  dt=1.107e-03  relΔE=1.467e-07  ||F||=8.363e-03
 step= 88000  E=3.341944942142e+02  Q=7.580000000000e+02  λ=7.933385e-01  dt=8.570e-04  relΔE=9.546e-08  ||F||=7.667e-03
 step= 88500  E=3.341739227280e+02  Q=7.580000000000e+02  λ=7.931507e-01  dt=1.327e-03  relΔE=1.245e-07  ||F||=7.037e-03
 step= 89000  E=3.341566684066e+02  Q=7.580000000000e+02  λ=7.929827e-01  dt=1.027e-03  relΔE=8.113e-08  ||F||=6.455e-03
 step= 89500  E=3.341416495909e+02  Q=7.580000000000e+02  λ=7.928266e-01  dt=7.947e-04  relΔE=5.245e-08  ||F||=5.898e-03
 step= 90000  E=3.341296740258e+02  Q=7.580000000000e+02  λ=7.926935e-01  dt=1.230e-03  relΔE=6.835e-08  ||F||=5.411e-03
 step= 90500  E=3.341193700833e+02  Q=7.580000000000e+02  λ=7.925708e-01  dt=9.520e-04  relΔE=4.429e-08  ||F||=4.950e-03
 step= 91000  E=3.341106115804e+02  Q=7.580000000000e+02  λ=7.924588e-01  dt=1.474e-03  relΔE=5.718e-08  ||F||=4.522e-03
 step= 91500  E=3.341036064112e+02  Q=7.580000000000e+02  λ=7.923623e-01  dt=1.141e-03  relΔE=3.717e-08  ||F||=4.141e-03
 step= 92000  E=3.340975290856e+02  Q=7.580000000000e+02  λ=7.922722e-01  dt=8.828e-04  relΔE=2.400e-08  ||F||=3.780e-03
 step= 92500  E=3.340925143223e+02  Q=7.580000000000e+02  λ=7.921921e-01  dt=1.366e-03  relΔE=3.103e-08  ||F||=3.454e-03
 step= 93000  E=3.340883753179e+02  Q=7.580000000000e+02  λ=7.921205e-01  dt=1.058e-03  relΔE=2.010e-08  ||F||=3.159e-03
 step= 93500  E=3.340848139026e+02  Q=7.580000000000e+02  λ=7.920539e-01  dt=8.186e-04  relΔE=1.294e-08  ||F||=2.880e-03
 step= 94000  E=3.340819434512e+02  Q=7.580000000000e+02  λ=7.919957e-01  dt=1.267e-03  relΔE=1.676e-08  ||F||=2.633e-03
 step= 94500  E=3.340795213071e+02  Q=7.580000000000e+02  λ=7.919425e-01  dt=9.807e-04  relΔE=1.084e-08  ||F||=2.405e-03
 step= 95000  E=3.340774362504e+02  Q=7.580000000000e+02  λ=7.918930e-01  dt=1.518e-03  relΔE=1.313e-08  ||F||=1.923e-02
 step= 95500  E=3.340758015281e+02  Q=7.580000000000e+02  λ=7.918505e-01  dt=1.175e-03  relΔE=9.045e-09  ||F||=2.005e-03
 step= 96000  E=3.340743775217e+02  Q=7.580000000000e+02  λ=7.918103e-01  dt=9.093e-04  relΔE=5.832e-09  ||F||=1.829e-03
 step= 96500  E=3.340731934832e+02  Q=7.580000000000e+02  λ=7.917741e-01  dt=1.408e-03  relΔE=7.524e-09  ||F||=1.668e-03
 step= 97000  E=3.340722285544e+02  Q=7.580000000000e+02  λ=7.917419e-01  dt=1.089e-03  relΔE=4.875e-09  ||F||=1.525e-03
 step= 97500  E=3.340713978715e+02  Q=7.580000000000e+02  λ=7.917117e-01  dt=8.432e-04  relΔE=3.141e-09  ||F||=1.390e-03
 step= 98000  E=3.340707197205e+02  Q=7.580000000000e+02  λ=7.916849e-01  dt=1.305e-03  relΔE=4.066e-09  ||F||=1.270e-03
 step= 98500  E=3.340701544058e+02  Q=7.580000000000e+02  λ=7.916605e-01  dt=1.010e-03  relΔE=2.632e-09  ||F||=1.160e-03
 step= 99000  E=3.340696656481e+02  Q=7.580000000000e+02  λ=7.916375e-01  dt=7.818e-04  relΔE=1.694e-09  ||F||=1.057e-03
 step= 99500  E=3.340692794117e+02  Q=7.580000000000e+02  λ=7.916177e-01  dt=1.210e-03  relΔE=2.203e-09  ||F||=9.671e-04
 step=100000  E=3.340689450298e+02  Q=7.580000000000e+02  λ=7.915990e-01  dt=9.367e-04  relΔE=1.424e-09  ||F||=8.825e-04
 step=100500  E=3.340686627189e+02  Q=7.580000000000e+02  λ=7.915818e-01  dt=1.450e-03  relΔE=1.838e-09  ||F||=8.047e-04
 step=101000  E=3.340684358529e+02  Q=7.580000000000e+02  λ=7.915667e-01  dt=1.122e-03  relΔE=1.196e-09  ||F||=7.362e-04
 step=101500  E=3.340682388948e+02  Q=7.580000000000e+02  λ=7.915524e-01  dt=8.685e-04  relΔE=7.731e-10  ||F||=6.715e-04
 step=102000  E=3.340680762216e+02  Q=7.580000000000e+02  λ=7.915396e-01  dt=1.344e-03  relΔE=1.003e-09  ||F||=6.133e-04
 step=102500  E=3.340679418437e+02  Q=7.580000000000e+02  λ=7.915280e-01  dt=1.041e-03  relΔE=6.523e-10  ||F||=5.610e-04
 step=103000  E=3.340678252199e+02  Q=7.580000000000e+02  λ=7.915171e-01  dt=8.054e-04  relΔE=4.220e-10  ||F||=5.115e-04
 step=103500  E=3.340677310713e+02  Q=7.580000000000e+02  λ=7.915075e-01  dt=1.247e-03  relΔE=5.501e-10  ||F||=4.680e-04
 step=104000  E=3.340676506879e+02  Q=7.580000000000e+02  λ=7.914985e-01  dt=9.649e-04  relΔE=3.579e-10  ||F||=4.277e-04
 step=104500  E=3.340675813472e+02  Q=7.580000000000e+02  λ=7.914902e-01  dt=1.494e-03  relΔE=4.623e-10  ||F||=8.786e-04
 step=105000  E=3.340675262961e+02  Q=7.580000000000e+02  λ=7.914829e-01  dt=1.156e-03  relΔE=3.037e-10  ||F||=3.574e-04
 step=105500  E=3.340674779137e+02  Q=7.580000000000e+02  λ=7.914760e-01  dt=8.947e-04  relΔE=1.977e-10  ||F||=3.264e-04
 step=106000  E=3.340674373582e+02  Q=7.580000000000e+02  λ=7.914697e-01  dt=1.385e-03  relΔE=2.578e-10  ||F||=2.982e-04
 step=106500  E=3.340674038738e+02  Q=7.580000000000e+02  λ=7.914641e-01  dt=1.072e-03  relΔE=1.689e-10  ||F||=2.730e-04
 step=107000  E=3.340673746985e+02  Q=7.580000000000e+02  λ=7.914588e-01  dt=8.296e-04  relΔE=1.102e-10  ||F||=2.493e-04
 step=107500  E=3.340673506214e+02  Q=7.580000000000e+02  λ=7.914541e-01  dt=1.284e-03  relΔE=1.445e-10  ||F||=2.281e-04
 step=108000  E=3.340673302600e+02  Q=7.580000000000e+02  λ=7.914497e-01  dt=9.939e-04  relΔE=9.488e-11  ||F||=2.088e-04
 step=108500  E=3.340673123897e+02  Q=7.580000000000e+02  λ=7.914456e-01  dt=7.692e-04  relΔE=6.201e-11  ||F||=1.906e-04
 step=109000  E=3.340672980612e+02  Q=7.580000000000e+02  λ=7.914420e-01  dt=1.191e-03  relΔE=8.193e-11  ||F||=1.748e-04
 step=109500  E=3.340672854307e+02  Q=7.580000000000e+02  λ=7.914387e-01  dt=9.216e-04  relΔE=5.389e-11  ||F||=1.598e-04
 step=110000  E=3.340672746171e+02  Q=7.580000000000e+02  λ=7.914355e-01  dt=1.427e-03  relΔE=7.093e-11  ||F||=1.461e-04
 step=110500  E=3.340672657191e+02  Q=7.580000000000e+02  λ=7.914328e-01  dt=1.104e-03  relΔE=4.701e-11  ||F||=1.340e-04
 step=111000  E=3.340672578619e+02  Q=7.580000000000e+02  λ=7.914302e-01  dt=8.545e-04  relΔE=3.105e-11  ||F||=1.225e-04
 step=111500  E=3.340672512303e+02  Q=7.580000000000e+02  λ=7.914278e-01  dt=1.323e-03  relΔE=4.118e-11  ||F||=1.122e-04
 step=112000  E=3.340672456115e+02  Q=7.580000000000e+02  λ=7.914257e-01  dt=1.024e-03  relΔE=2.740e-11  ||F||=1.028e-04
 step=112500  E=3.340672406157e+02  Q=7.580000000000e+02  λ=7.914236e-01  dt=7.924e-04  relΔE=1.816e-11  ||F||=9.399e-05
 step=113000  E=3.340672364960e+02  Q=7.580000000000e+02  λ=7.914219e-01  dt=1.227e-03  relΔE=2.428e-11  ||F||=8.623e-05
 step=113500  E=3.340672328774e+02  Q=7.580000000000e+02  λ=7.914202e-01  dt=9.493e-04  relΔE=1.622e-11  ||F||=7.899e-05
 step=114000  E=3.340672296776e+02  Q=7.580000000000e+02  λ=7.914186e-01  dt=1.469e-03  relΔE=2.162e-11  ||F||=9.609e-05
 step=114500  E=3.340672270534e+02  Q=7.580000000000e+02  λ=7.914173e-01  dt=1.137e-03  relΔE=1.456e-11  ||F||=6.633e-05
 step=115000  E=3.340672246787e+02  Q=7.580000000000e+02  λ=7.914160e-01  dt=8.802e-04  relΔE=9.770e-12  ||F||=6.071e-05
 step=115500  E=3.340672226302e+02  Q=7.580000000000e+02  λ=7.914148e-01  dt=1.363e-03  relΔE=1.315e-11  ||F||=5.561e-05
 step=116000  E=3.340672208807e+02  Q=7.580000000000e+02  λ=7.914137e-01  dt=1.055e-03  relΔE=8.889e-12  ||F||=5.102e-05
 step=116500  E=3.340672193072e+02  Q=7.580000000000e+02  λ=7.914127e-01  dt=8.162e-04  relΔE=5.999e-12  ||F||=4.670e-05
 step=117000  E=3.340672179662e+02  Q=7.580000000000e+02  λ=7.914118e-01  dt=1.263e-03  relΔE=8.142e-12  ||F||=4.284e-05
 step=117500  E=3.340672167895e+02  Q=7.580000000000e+02  λ=7.914110e-01  dt=9.778e-04  relΔE=5.537e-12  ||F||=3.930e-05
 step=118000  E=3.340672157163e+02  Q=7.580000000000e+02  λ=7.914102e-01  dt=7.568e-04  relΔE=3.758e-12  ||F||=6.077e-05
 step=118500  E=3.340672148270e+02  Q=7.580000000000e+02  λ=7.914095e-01  dt=1.172e-03  relΔE=5.143e-12  ||F||=3.304e-05
 step=119000  E=3.340672140104e+02  Q=7.580000000000e+02  λ=7.914088e-01  dt=9.067e-04  relΔE=3.513e-12  ||F||=3.027e-05
 step=119500  E=3.340672132881e+02  Q=7.580000000000e+02  λ=7.914083e-01  dt=1.404e-03  relΔE=4.808e-12  ||F||=2.774e-05
 step=120000  E=3.340672126667e+02  Q=7.580000000000e+02  λ=7.914077e-01  dt=1.086e-03  relΔE=3.309e-12  ||F||=2.549e-05
 step=120500  E=3.340672120967e+02  Q=7.580000000000e+02  λ=7.914072e-01  dt=8.408e-04  relΔE=2.274e-12  ||F||=2.335e-05
 step=121000  E=3.340672115970e+02  Q=7.580000000000e+02  λ=7.914068e-01  dt=1.301e-03  relΔE=3.135e-12  ||F||=2.143e-05
 step=121500  E=3.340672111566e+02  Q=7.580000000000e+02  λ=7.914063e-01  dt=1.007e-03  relΔE=2.169e-12  ||F||=1.968e-05
 step=122000  E=3.340672107478e+02  Q=7.580000000000e+02  λ=7.914059e-01  dt=7.796e-04  relΔE=1.496e-12  ||F||=1.801e-05
 step=122500  E=3.340672103997e+02  Q=7.580000000000e+02  λ=7.914056e-01  dt=1.207e-03  relΔE=2.081e-12  ||F||=1.656e-05
 step=123000  E=3.340672100794e+02  Q=7.580000000000e+02  λ=7.914053e-01  dt=9.340e-04  relΔE=1.445e-12  ||F||=1.520e-05
 step=123500  E=3.340672097867e+02  Q=7.580000000000e+02  λ=7.914050e-01  dt=1.446e-03  relΔE=2.006e-12  ||F||=1.454e-05
 step=124000  E=3.340672095354e+02  Q=7.580000000000e+02  λ=7.914047e-01  dt=1.119e-03  relΔE=1.401e-12  ||F||=1.281e-05
 step=124500  E=3.340672093005e+02  Q=7.580000000000e+02  λ=7.914045e-01  dt=8.660e-04  relΔE=9.770e-13  ||F||=1.175e-05
 step=125000  E=3.340672091003e+02  Q=7.580000000000e+02  λ=7.914042e-01  dt=1.117e-03  relΔE=1.143e-12  ||F||=1.083e-05
 step=125500  E=3.340672089085e+02  Q=7.580000000000e+02  λ=7.914040e-01  dt=8.646e-04  relΔE=7.994e-13  ||F||=9.932e-06
 step=126000  E=3.340672087442e+02  Q=7.580000000000e+02  λ=7.914038e-01  dt=1.115e-03  relΔE=9.382e-13  ||F||=9.156e-06
 step=126500  E=3.340672085862e+02  Q=7.580000000000e+02  λ=7.914037e-01  dt=8.632e-04  relΔE=6.568e-13  ||F||=8.399e-06
 step=127000  E=3.340672084510e+02  Q=7.580000000000e+02  λ=7.914035e-01  dt=1.114e-03  relΔE=7.728e-13  ||F||=7.745e-06
 step=127500  E=3.340672083207e+02  Q=7.580000000000e+02  λ=7.914033e-01  dt=8.618e-04  relΔE=5.426e-13  ||F||=7.106e-06
 step=128000  E=3.340672082031e+02  Q=7.580000000000e+02  λ=7.914032e-01  dt=1.334e-03  relΔE=7.637e-13  ||F||=6.525e-06
 step=128500  E=3.340672080981e+02  Q=7.580000000000e+02  λ=7.914031e-01  dt=1.033e-03  relΔE=5.389e-13  ||F||=6.001e-06
 step=129000  E=3.340672079993e+02  Q=7.580000000000e+02  λ=7.914030e-01  dt=7.991e-04  relΔE=3.798e-13  ||F||=5.504e-06
 step=129500  E=3.340672079121e+02  Q=7.580000000000e+02  λ=7.914029e-01  dt=1.237e-03  relΔE=5.362e-13  ||F||=5.063e-06
 step=130000  E=3.340672078319e+02  Q=7.580000000000e+02  λ=7.914028e-01  dt=9.574e-04  relΔE=3.791e-13  ||F||=4.653e-06
 step=130500  E=3.340672077562e+02  Q=7.580000000000e+02  λ=7.914027e-01  dt=1.482e-03  relΔE=4.225e-13  ||F||=2.488e-04
 step=131000  E=3.340672076912e+02  Q=7.580000000000e+02  λ=7.914026e-01  dt=1.147e-03  relΔE=3.791e-13  ||F||=3.930e-06
 step=131500  E=3.340672076290e+02  Q=7.580000000000e+02  λ=7.914025e-01  dt=8.877e-04  relΔE=2.683e-13  ||F||=3.607e-06
 step=132000  E=3.340672075724e+02  Q=7.580000000000e+02  λ=7.914024e-01  dt=1.374e-03  relΔE=3.789e-13  ||F||=3.313e-06
 step=132500  E=3.340672075219e+02  Q=7.580000000000e+02  λ=7.914024e-01  dt=1.064e-03  relΔE=2.690e-13  ||F||=3.049e-06
 step=133000  E=3.340672074743e+02  Q=7.580000000000e+02  λ=7.914023e-01  dt=8.232e-04  relΔE=1.906e-13  ||F||=2.799e-06
 step=133500  E=3.340672074314e+02  Q=7.580000000000e+02  λ=7.914023e-01  dt=1.274e-03  relΔE=2.705e-13  ||F||=2.574e-06
 step=134000  E=3.340672073923e+02  Q=7.580000000000e+02  λ=7.914022e-01  dt=9.862e-04  relΔE=1.918e-13  ||F||=2.368e-06
 step=134500  E=3.340672073551e+02  Q=7.580000000000e+02  λ=7.914022e-01  dt=7.633e-04  relΔE=1.361e-13  ||F||=2.172e-06
 step=135000  E=3.340672073228e+02  Q=7.580000000000e+02  λ=7.914021e-01  dt=1.182e-03  relΔE=1.935e-13  ||F||=2.001e-06
 step=135500  E=3.340672072922e+02  Q=7.580000000000e+02  λ=7.914021e-01  dt=9.144e-04  relΔE=1.371e-13  ||F||=1.839e-06
 step=136000  E=3.340672072639e+02  Q=7.580000000000e+02  λ=7.914020e-01  dt=1.415e-03  relΔE=1.948e-13  ||F||=1.704e-06
 step=136500  E=3.340672072388e+02  Q=7.580000000000e+02  λ=7.914020e-01  dt=1.096e-03  relΔE=1.387e-13  ||F||=1.555e-06
 step=137000  E=3.340672072150e+02  Q=7.580000000000e+02  λ=7.914020e-01  dt=8.479e-04  relΔE=9.818e-14  ||F||=1.429e-06
 step=137500  E=3.340672071933e+02  Q=7.580000000000e+02  λ=7.914019e-01  dt=1.313e-03  relΔE=1.400e-13  ||F||=1.313e-06
 step=138000  E=3.340672071738e+02  Q=7.580000000000e+02  λ=7.914019e-01  dt=1.016e-03  relΔE=9.954e-14  ||F||=1.209e-06
 step=138500  E=3.340672071551e+02  Q=7.580000000000e+02  λ=7.914019e-01  dt=7.862e-04  relΔE=7.095e-14  ||F||=1.110e-06
 step=139000  E=3.340672071386e+02  Q=7.580000000000e+02  λ=7.914019e-01  dt=1.217e-03  relΔE=1.007e-13  ||F||=1.022e-06
 step=139500  E=3.340672071233e+02  Q=7.580000000000e+02  λ=7.914019e-01  dt=9.419e-04  relΔE=7.198e-14  ||F||=9.406e-07
 step=140000  E=3.340672071087e+02  Q=7.580000000000e+02  λ=7.914018e-01  dt=1.458e-03  relΔE=1.014e-13  ||F||=1.591e-05
 step=140500  E=3.340672070961e+02  Q=7.580000000000e+02  λ=7.914018e-01  dt=1.129e-03  relΔE=7.266e-14  ||F||=7.961e-07
 step=141000  E=3.340672070840e+02  Q=7.580000000000e+02  λ=7.914018e-01  dt=8.734e-04  relΔE=5.173e-14  ||F||=7.316e-07
 step=141500  E=3.340672070729e+02  Q=7.580000000000e+02  λ=7.914018e-01  dt=1.352e-03  relΔE=7.368e-14  ||F||=6.727e-07
 step=142000  E=3.340672070629e+02  Q=7.580000000000e+02  λ=7.914018e-01  dt=1.046e-03  relΔE=5.292e-14  ||F||=6.197e-07
 step=142500  E=3.340672070535e+02  Q=7.580000000000e+02  λ=7.914018e-01  dt=8.099e-04  relΔE=3.743e-14  ||F||=5.695e-07
 step=143000  E=3.340672070450e+02  Q=7.580000000000e+02  λ=7.914018e-01  dt=1.254e-03  relΔE=5.326e-14  ||F||=5.243e-07
 step=143500  E=3.340672070372e+02  Q=7.580000000000e+02  λ=7.914017e-01  dt=9.703e-04  relΔE=3.794e-14  ||F||=4.829e-07
 step=144000  E=3.340672070297e+02  Q=7.580000000000e+02  λ=7.914017e-01  dt=7.510e-04  relΔE=2.757e-14  ||F||=4.485e-07
 step=144500  E=3.340672070232e+02  Q=7.580000000000e+02  λ=7.914017e-01  dt=1.162e-03  relΔE=3.863e-14  ||F||=4.088e-07
 step=145000  E=3.340672070170e+02  Q=7.580000000000e+02  λ=7.914017e-01  dt=8.997e-04  relΔE=2.722e-14  ||F||=3.760e-07
 step=145500  E=3.340672070113e+02  Q=7.580000000000e+02  λ=7.914017e-01  dt=1.393e-03  relΔE=3.948e-14  ||F||=3.476e-07
 step=146000  E=3.340672070061e+02  Q=7.580000000000e+02  λ=7.914017e-01  dt=1.078e-03  relΔE=2.774e-14  ||F||=3.186e-07
 step=146500  E=3.340672070013e+02  Q=7.580000000000e+02  λ=7.914017e-01  dt=8.342e-04  relΔE=2.008e-14  ||F||=2.930e-07
 step=147000  E=3.340672069969e+02  Q=7.580000000000e+02  λ=7.914017e-01  dt=1.291e-03  relΔE=2.825e-14  ||F||=2.696e-07
 step=147500  E=3.340672069928e+02  Q=7.580000000000e+02  λ=7.914017e-01  dt=9.995e-04  relΔE=2.042e-14  ||F||=2.484e-07
 step=148000  E=3.340672069890e+02  Q=7.580000000000e+02  λ=7.914017e-01  dt=7.736e-04  relΔE=1.446e-14  ||F||=2.282e-07
 step=148500  E=3.340672069856e+02  Q=7.580000000000e+02  λ=7.914017e-01  dt=1.197e-03  relΔE=2.110e-14  ||F||=2.104e-07
 step=149000  E=3.340672069824e+02  Q=7.580000000000e+02  λ=7.914017e-01  dt=9.268e-04  relΔE=1.514e-14  ||F||=1.937e-07
 step=149500  E=3.340672069795e+02  Q=7.580000000000e+02  λ=7.914017e-01  dt=1.435e-03  relΔE=2.076e-14  ||F||=1.364e-06
 step=150000  E=3.340672069768e+02  Q=7.580000000000e+02  λ=7.914017e-01  dt=1.110e-03  relΔE=1.480e-14  ||F||=1.642e-07
 step=150500  E=3.340672069743e+02  Q=7.580000000000e+02  λ=7.914017e-01  dt=8.593e-04  relΔE=1.072e-14  ||F||=1.511e-07
 step=151000  E=3.340672069720e+02  Q=7.580000000000e+02  λ=7.914017e-01  dt=1.330e-03  relΔE=1.531e-14  ||F||=1.390e-07
 step=151500  E=3.340672069700e+02  Q=7.580000000000e+02  λ=7.914017e-01  dt=1.030e-03  relΔE=1.072e-14  ||F||=1.282e-07
 step=152000  E=3.340672069680e+02  Q=7.580000000000e+02  λ=7.914017e-01  dt=7.968e-04  relΔE=7.657e-15  ||F||=1.178e-07
 step=152500  E=3.340672069662e+02  Q=7.580000000000e+02  λ=7.914017e-01  dt=1.233e-03  relΔE=1.089e-14  ||F||=1.086e-07
 step=153000  E=3.340672069646e+02  Q=7.580000000000e+02  λ=7.914016e-01  dt=9.546e-04  relΔE=8.338e-15  ||F||=1.001e-07
 step=153500  E=3.340672069630e+02  Q=7.580000000000e+02  λ=7.914016e-01  dt=7.389e-04  relΔE=6.636e-15  ||F||=2.559e-05
 step=154000  E=3.340672069617e+02  Q=7.580000000000e+02  λ=7.914016e-01  dt=1.144e-03  relΔE=7.997e-15  ||F||=8.484e-08
 step=154500  E=3.340672069604e+02  Q=7.580000000000e+02  λ=7.914016e-01  dt=8.852e-04  relΔE=5.615e-15  ||F||=7.807e-08
 step=155000  E=3.340672069592e+02  Q=7.580000000000e+02  λ=7.914016e-01  dt=1.370e-03  relΔE=7.827e-15  ||F||=7.228e-08
 step=155500  E=3.340672069581e+02  Q=7.580000000000e+02  λ=7.914016e-01  dt=8.837e-04  relΔE=4.935e-15  ||F||=6.639e-08
 step=156000  E=3.340672069571e+02  Q=7.580000000000e+02  λ=7.914016e-01  dt=1.368e-03  relΔE=6.976e-15  ||F||=6.157e-08
 step=156500  E=3.340672069562e+02  Q=7.580000000000e+02  λ=7.914016e-01  dt=8.823e-04  relΔE=4.254e-15  ||F||=5.648e-08
 step=157000  E=3.340672069554e+02  Q=7.580000000000e+02  λ=7.914016e-01  dt=1.366e-03  relΔE=6.296e-15  ||F||=5.246e-08
 Converged (aggressive): step=157238, E=3.340672069550e+02, Q=7.580000000000e+02, dt=7.080e-04, ||F||=5.000e-08

Stationary candidate (aggressive): E=3.340672069550e+02, Q=7.580000000000e+02, maxρ=6.351290e-01

=== Stability test (damped inertial dynamics) ===
Perturb eps=0.02, gamma=1
t=0: E=3.712594417510e+02, Q=7.580000000000e+02, maxρ=6.552530e-01, σ=2.771366e+00, Rc=1.823323e+01
 step=     1  E=3.712592544485e+02  Q=7.580000000000e+02  λ=1.179713e+00  maxρ=6.552530e-01  minρ=4.692e-10  σ=2.771366e+00  Rc=1.823323e+01
 step=   300  E=3.635802666375e+02  Q=7.580000000000e+02  λ=1.076124e+00  maxρ=6.541416e-01  minρ=4.703e-10  σ=2.771363e+00  Rc=1.823324e+01
 step=   600  E=3.481440257994e+02  Q=7.580000000000e+02  λ=8.886796e-01  maxρ=6.510079e-01  minρ=4.736e-10  σ=2.771357e+00  Rc=1.823324e+01
 step=   900  E=3.391266328049e+02  Q=7.580000000000e+02  λ=8.292586e-01  maxρ=6.463727e-01  minρ=4.707e-10  σ=2.771355e+00  Rc=1.823324e+01
 step=  1200  E=3.425924727061e+02  Q=7.580000000000e+02  λ=9.376854e-01  maxρ=6.443401e-01  minρ=4.655e-10  σ=2.771358e+00  Rc=1.823323e+01
 step=  1500  E=3.518617019741e+02  Q=7.580000000000e+02  λ=1.054835e+00  maxρ=6.482154e-01  minρ=4.622e-10  σ=2.771360e+00  Rc=1.823323e+01
 step=  1800  E=3.565840047426e+02  Q=7.580000000000e+02  λ=1.040322e+00  maxρ=6.502900e-01  minρ=4.619e-10  σ=2.771357e+00  Rc=1.823323e+01
 step=  2100  E=3.537947972438e+02  Q=7.580000000000e+02  λ=9.381316e-01  maxρ=6.469795e-01  minρ=4.622e-10  σ=2.771354e+00  Rc=1.823323e+01
 step=  2400  E=3.489061864954e+02  Q=7.580000000000e+02  λ=8.912555e-01  maxρ=6.406300e-01  minρ=4.592e-10  σ=2.771354e+00  Rc=1.823323e+01
 step=  2700  E=3.477049865718e+02  Q=7.580000000000e+02  λ=9.468201e-01  maxρ=6.440860e-01  minρ=4.497e-10  σ=2.771358e+00  Rc=1.823323e+01
 step=  3000  E=3.500624398024e+02  Q=7.580000000000e+02  λ=1.013170e+00  maxρ=6.521783e-01  minρ=4.477e-10  σ=2.771359e+00  Rc=1.823323e+01
 step=  3300  E=3.518360360621e+02  Q=7.580000000000e+02  λ=1.000223e+00  maxρ=6.538557e-01  minρ=4.549e-10  σ=2.771355e+00  Rc=1.823323e+01
 step=  3600  E=3.507472978100e+02  Q=7.580000000000e+02  λ=9.347644e-01  maxρ=6.491638e-01  minρ=4.596e-10  σ=2.771350e+00  Rc=1.823323e+01
 step=  3900  E=3.485067073667e+02  Q=7.580000000000e+02  λ=9.060632e-01  maxρ=6.490210e-01  minρ=4.613e-10  σ=2.771351e+00  Rc=1.823323e+01
 step=  4200  E=3.477097968686e+02  Q=7.580000000000e+02  λ=9.396428e-01  maxρ=6.467663e-01  minρ=4.484e-10  σ=2.771354e+00  Rc=1.823322e+01
 step=  4500  E=3.485367767803e+02  Q=7.580000000000e+02  λ=9.755831e-01  maxρ=6.455105e-01  minρ=4.358e-10  σ=2.771355e+00  Rc=1.823322e+01
 step=  4800  E=3.492403019313e+02  Q=7.580000000000e+02  λ=9.625410e-01  maxρ=6.478100e-01  minρ=4.310e-10  σ=2.771352e+00  Rc=1.823322e+01
 step=  5100  E=3.488062326228e+02  Q=7.580000000000e+02  λ=9.240884e-01  maxρ=6.485900e-01  minρ=4.354e-10  σ=2.771347e+00  Rc=1.823322e+01
 step=  5400  E=3.479394799770e+02  Q=7.580000000000e+02  λ=9.139552e-01  maxρ=6.478278e-01  minρ=4.268e-10  σ=2.771345e+00  Rc=1.823322e+01
 step=  5700  E=3.476272067966e+02  Q=7.580000000000e+02  λ=9.385710e-01  maxρ=6.456165e-01  minρ=4.149e-10  σ=2.771346e+00  Rc=1.823322e+01
 step=  6000  E=3.477903044064e+02  Q=7.580000000000e+02  λ=9.563668e-01  maxρ=6.443221e-01  minρ=4.132e-10  σ=2.771347e+00  Rc=1.823321e+01
 >>> No runaway detected in this horizon. Likely stable (within this model & box).

STABILITY: PASS
