
=== Aggressive relaxation to Q = 894 ===
Initial: E=5.348766561842e+02, Q=8.940000000000e+02, dt=1.000e-04
 step=     1  E=5.348617372127e+02  Q=8.940000000000e+02  λ=1.159076e+00  dt=1.000e-04  relΔE=2.789e-05  ||F||=4.090e-01
 step=   500  E=5.184538702354e+02  Q=8.940000000000e+02  λ=1.108963e+00  dt=6.192e-04  relΔE=1.073e-04  ||F||=3.478e-01
 step=  1000  E=4.848176506274e+02  Q=8.940000000000e+02  λ=1.008731e+00  dt=9.584e-04  relΔE=7.600e-05  ||F||=2.274e-01
 step=  1500  E=4.675832002404e+02  Q=8.940000000000e+02  λ=9.589610e-01  dt=1.484e-03  relΔE=6.187e-05  ||F||=1.620e-01
 step=  2000  E=4.585398128029e+02  Q=8.940000000000e+02  λ=9.335274e-01  dt=1.148e-03  relΔE=2.929e-05  ||F||=1.254e-01
 step=  2500  E=4.526608297461e+02  Q=8.940000000000e+02  λ=9.175045e-01  dt=8.887e-04  relΔE=1.498e-05  ||F||=1.013e-01
 step=  3000  E=4.487494995126e+02  Q=8.940000000000e+02  λ=9.072331e-01  dt=1.376e-03  relΔE=1.657e-05  ||F||=8.527e-02
 step=  3500  E=4.458980944960e+02  Q=8.940000000000e+02  λ=9.000186e-01  dt=1.065e-03  relΔE=9.798e-06  ||F||=7.428e-02
 step=  4000  E=4.436185040323e+02  Q=8.940000000000e+02  λ=8.944786e-01  dt=8.241e-04  relΔE=6.051e-06  ||F||=6.618e-02
 step=  4500  E=4.418376898645e+02  Q=8.940000000000e+02  λ=8.903205e-01  dt=1.276e-03  relΔE=7.799e-06  ||F||=6.026e-02
 step=  5000  E=4.403162476326e+02  Q=8.940000000000e+02  λ=8.868893e-01  dt=9.873e-04  relΔE=5.168e-06  ||F||=5.566e-02
 step=  5500  E=4.389668449861e+02  Q=8.940000000000e+02  λ=8.839527e-01  dt=1.528e-03  relΔE=6.958e-06  ||F||=8.992e-02
 step=  6000  E=4.378460982204e+02  Q=8.940000000000e+02  λ=8.815766e-01  dt=1.183e-03  relΔE=4.823e-06  ||F||=4.898e-02
 step=  6500  E=4.367997609681e+02  Q=8.940000000000e+02  λ=8.794180e-01  dt=9.154e-04  relΔE=3.362e-06  ||F||=4.642e-02
 step=  7000  E=4.358611248147e+02  Q=8.940000000000e+02  λ=8.775286e-01  dt=1.417e-03  relΔE=4.737e-06  ||F||=4.425e-02
 step=  7500  E=4.350203092003e+02  Q=8.940000000000e+02  λ=8.758681e-01  dt=1.097e-03  relΔE=3.370e-06  ||F||=4.238e-02
 step=  8000  E=4.342224170210e+02  Q=8.940000000000e+02  λ=8.743212e-01  dt=8.488e-04  relΔE=2.408e-06  ||F||=4.068e-02
 step=  8500  E=4.335054152183e+02  Q=8.940000000000e+02  λ=8.729552e-01  dt=1.314e-03  relΔE=3.464e-06  ||F||=3.918e-02
 step=  9000  E=4.328358917787e+02  Q=8.940000000000e+02  λ=8.716964e-01  dt=1.017e-03  relΔE=2.502e-06  ||F||=3.782e-02
 step=  9500  E=4.321895831474e+02  Q=8.940000000000e+02  λ=8.704979e-01  dt=7.871e-04  relΔE=1.823e-06  ||F||=3.986e-02
 step= 10000  E=4.316175345684e+02  Q=8.940000000000e+02  λ=8.694509e-01  dt=1.218e-03  relΔE=2.636e-06  ||F||=3.542e-02
 step= 10500  E=4.310611650929e+02  Q=8.940000000000e+02  λ=8.684429e-01  dt=9.430e-04  relΔE=1.921e-06  ||F||=3.434e-02
 step= 11000  E=4.305339306194e+02  Q=8.940000000000e+02  λ=8.674991e-01  dt=1.460e-03  relΔE=2.805e-06  ||F||=3.333e-02
 step= 11500  E=4.300522801698e+02  Q=8.940000000000e+02  λ=8.666443e-01  dt=1.130e-03  relΔE=2.056e-06  ||F||=3.242e-02
 step= 12000  E=4.295805764979e+02  Q=8.940000000000e+02  λ=8.658152e-01  dt=8.744e-04  relΔE=1.507e-06  ||F||=3.153e-02
 step= 12500  E=4.291424048054e+02  Q=8.940000000000e+02  λ=8.650531e-01  dt=1.353e-03  relΔE=2.215e-06  ||F||=3.071e-02
 step= 13000  E=4.287280343162e+02  Q=8.940000000000e+02  λ=8.643378e-01  dt=1.048e-03  relΔE=1.631e-06  ||F||=2.994e-02
 step= 13500  E=4.283213907178e+02  Q=8.940000000000e+02  λ=8.636421e-01  dt=8.108e-04  relΔE=1.211e-06  ||F||=2.931e-02
 step= 14000  E=4.279507904304e+02  Q=8.940000000000e+02  λ=8.630142e-01  dt=1.255e-03  relΔE=1.775e-06  ||F||=2.851e-02
 step= 14500  E=4.275899065781e+02  Q=8.940000000000e+02  λ=8.624070e-01  dt=9.713e-04  relΔE=1.312e-06  ||F||=2.785e-02
 step= 15000  E=4.272381362545e+02  Q=8.940000000000e+02  λ=8.618210e-01  dt=1.504e-03  relΔE=1.939e-06  ||F||=2.753e-02
 step= 15500  E=4.269181963418e+02  Q=8.940000000000e+02  λ=8.612917e-01  dt=1.164e-03  relΔE=1.439e-06  ||F||=2.662e-02
 step= 16000  E=4.265989752768e+02  Q=8.940000000000e+02  λ=8.607680e-01  dt=9.007e-04  relΔE=1.066e-06  ||F||=2.604e-02
 step= 16500  E=4.262966427268e+02  Q=8.940000000000e+02  λ=8.602769e-01  dt=1.394e-03  relΔE=1.583e-06  ||F||=2.549e-02
 step= 17000  E=4.260113174121e+02  Q=8.940000000000e+02  λ=8.598166e-01  dt=1.079e-03  relΔE=1.177e-06  ||F||=2.498e-02
 step= 17500  E=4.257396671297e+02  Q=8.940000000000e+02  λ=8.593826e-01  dt=1.392e-03  relΔE=1.461e-06  ||F||=2.449e-02
 step= 18000  E=4.254764844896e+02  Q=8.940000000000e+02  λ=8.589652e-01  dt=1.077e-03  relΔE=1.088e-06  ||F||=2.402e-02
 step= 18500  E=4.252254375754e+02  Q=8.940000000000e+02  λ=8.585708e-01  dt=1.390e-03  relΔE=1.353e-06  ||F||=2.358e-02
 step= 19000  E=4.249807323353e+02  Q=8.940000000000e+02  λ=8.581894e-01  dt=1.076e-03  relΔE=1.009e-06  ||F||=2.314e-02
 step= 19500  E=4.247372333777e+02  Q=8.940000000000e+02  λ=8.578134e-01  dt=8.324e-04  relΔE=7.530e-07  ||F||=2.271e-02
 step= 20000  E=4.245104619179e+02  Q=8.940000000000e+02  λ=8.574668e-01  dt=1.289e-03  relΔE=1.126e-06  ||F||=2.232e-02
 step= 20500  E=4.242894290341e+02  Q=8.940000000000e+02  λ=8.571316e-01  dt=9.973e-04  relΔE=8.419e-07  ||F||=2.193e-02
 step= 21000  E=4.240686330006e+02  Q=8.940000000000e+02  λ=8.568646e-01  dt=1.544e-03  relΔE=9.595e-07  ||F||=3.610e-01
 step= 21500  E=4.238677970608e+02  Q=8.940000000000e+02  λ=8.565018e-01  dt=1.195e-03  relΔE=9.438e-07  ||F||=2.120e-02
 step= 22000  E=4.236651748446e+02  Q=8.940000000000e+02  λ=8.562034e-01  dt=9.248e-04  relΔE=7.071e-07  ||F||=2.086e-02
 step= 22500  E=4.234694211755e+02  Q=8.940000000000e+02  λ=8.559185e-01  dt=1.431e-03  relΔE=1.061e-06  ||F||=2.052e-02
 step= 23000  E=4.232846226197e+02  Q=8.940000000000e+02  λ=8.556518e-01  dt=1.108e-03  relΔE=7.965e-07  ||F||=2.021e-02
 step= 23500  E=4.230987947380e+02  Q=8.940000000000e+02  λ=8.553865e-01  dt=8.575e-04  relΔE=5.980e-07  ||F||=1.990e-02
 step= 24000  E=4.229230690454e+02  Q=8.940000000000e+02  λ=8.551386e-01  dt=1.327e-03  relΔE=8.993e-07  ||F||=1.962e-02
 step= 24500  E=4.227524173401e+02  Q=8.940000000000e+02  λ=8.549001e-01  dt=1.027e-03  relΔE=6.767e-07  ||F||=1.934e-02
 step= 25000  E=4.225810114164e+02  Q=8.940000000000e+02  λ=8.546632e-01  dt=7.951e-04  relΔE=5.091e-07  ||F||=1.906e-02
 step= 25500  E=4.224224432883e+02  Q=8.940000000000e+02  λ=8.544468e-01  dt=1.231e-03  relΔE=7.676e-07  ||F||=1.881e-02
 step= 26000  E=4.222637956324e+02  Q=8.940000000000e+02  λ=8.542324e-01  dt=9.526e-04  relΔE=5.786e-07  ||F||=1.856e-02
 step= 26500  E=4.221068784719e+02  Q=8.940000000000e+02  λ=8.540231e-01  dt=1.475e-03  relΔE=8.726e-07  ||F||=1.831e-02
 step= 27000  E=4.219600038573e+02  Q=8.940000000000e+02  λ=8.538293e-01  dt=1.141e-03  relΔE=6.591e-07  ||F||=1.809e-02
 step= 27500  E=4.218115827988e+02  Q=8.940000000000e+02  λ=8.536357e-01  dt=8.833e-04  relΔE=4.978e-07  ||F||=1.787e-02
 step= 28000  E=4.216687786599e+02  Q=8.940000000000e+02  λ=8.534520e-01  dt=1.367e-03  relΔE=7.527e-07  ||F||=1.765e-02
 step= 28500  E=4.215308394632e+02  Q=8.940000000000e+02  λ=8.532764e-01  dt=1.058e-03  relΔE=5.696e-07  ||F||=1.745e-02
 step= 29000  E=4.213915105335e+02  Q=8.940000000000e+02  λ=8.531014e-01  dt=8.190e-04  relΔE=4.310e-07  ||F||=1.726e-02
 step= 29500  E=4.212603196987e+02  Q=8.940000000000e+02  λ=8.529388e-01  dt=1.268e-03  relΔE=6.533e-07  ||F||=1.707e-02
 step= 30000  E=4.211298293831e+02  Q=8.940000000000e+02  λ=8.527789e-01  dt=9.812e-04  relΔE=4.952e-07  ||F||=1.689e-02
 step= 30500  E=4.209984228772e+02  Q=8.940000000000e+02  λ=8.526204e-01  dt=1.519e-03  relΔE=7.497e-07  ||F||=2.969e-02
 step= 31000  E=4.208767430387e+02  Q=8.940000000000e+02  λ=8.524749e-01  dt=1.176e-03  relΔE=5.704e-07  ||F||=1.656e-02
 step= 31500  E=4.207523633370e+02  Q=8.940000000000e+02  λ=8.523283e-01  dt=9.098e-04  relΔE=4.332e-07  ||F||=1.640e-02
 step= 32000  E=4.206310209352e+02  Q=8.940000000000e+02  λ=8.521874e-01  dt=1.408e-03  relΔE=6.586e-07  ||F||=1.625e-02
 step= 32500  E=4.205140660969e+02  Q=8.940000000000e+02  λ=8.520532e-01  dt=1.090e-03  relΔE=5.011e-07  ||F||=1.611e-02
 step= 33000  E=4.203952780994e+02  Q=8.940000000000e+02  λ=8.519187e-01  dt=8.436e-04  relΔE=3.813e-07  ||F||=1.597e-02
 step= 33500  E=4.202818642125e+02  Q=8.940000000000e+02  λ=8.517922e-01  dt=1.306e-03  relΔE=5.810e-07  ||F||=1.585e-02
 step= 34000  E=4.201696231133e+02  Q=8.940000000000e+02  λ=8.516684e-01  dt=1.011e-03  relΔE=4.429e-07  ||F||=1.572e-02
 step= 34500  E=4.200555049376e+02  Q=8.940000000000e+02  λ=8.515443e-01  dt=7.823e-04  relΔE=3.378e-07  ||F||=1.660e-02
 step= 35000  E=4.199492055873e+02  Q=8.940000000000e+02  λ=8.514304e-01  dt=1.211e-03  relΔE=5.158e-07  ||F||=1.550e-02
 step= 35500  E=4.198403920060e+02  Q=8.940000000000e+02  λ=8.513151e-01  dt=9.372e-04  relΔE=3.940e-07  ||F||=1.539e-02
 step= 36000  E=4.197322684063e+02  Q=8.940000000000e+02  λ=8.512022e-01  dt=1.451e-03  relΔE=6.023e-07  ||F||=1.530e-02
 step= 36500  E=4.196290586918e+02  Q=8.940000000000e+02  λ=8.510958e-01  dt=1.123e-03  relΔE=4.609e-07  ||F||=1.521e-02
 step= 37000  E=4.195232889593e+02  Q=8.940000000000e+02  λ=8.509880e-01  dt=8.690e-04  relΔE=3.528e-07  ||F||=1.512e-02
 step= 37500  E=4.194207002119e+02  Q=8.940000000000e+02  λ=8.508850e-01  dt=1.345e-03  relΔE=5.405e-07  ||F||=1.504e-02
 step= 38000  E=4.193197012763e+02  Q=8.940000000000e+02  λ=8.507847e-01  dt=1.041e-03  relΔE=4.144e-07  ||F||=1.497e-02
 step= 38500  E=4.192162562494e+02  Q=8.940000000000e+02  λ=8.506832e-01  dt=8.058e-04  relΔE=3.179e-07  ||F||=1.490e-02
 step= 39000  E=4.191183635714e+02  Q=8.940000000000e+02  λ=8.505884e-01  dt=1.247e-03  relΔE=4.883e-07  ||F||=1.484e-02
 step= 39500  E=4.190202050940e+02  Q=8.940000000000e+02  λ=8.504943e-01  dt=8.045e-04  relΔE=3.127e-07  ||F||=1.479e-02
 step= 40000  E=4.189236208743e+02  Q=8.940000000000e+02  λ=8.504028e-01  dt=1.245e-03  relΔE=4.809e-07  ||F||=1.474e-02
 step= 40500  E=4.188269080901e+02  Q=8.940000000000e+02  λ=8.503120e-01  dt=8.032e-04  relΔE=3.084e-07  ||F||=1.470e-02
 step= 41000  E=4.187316035125e+02  Q=8.940000000000e+02  λ=8.502236e-01  dt=1.243e-03  relΔE=4.751e-07  ||F||=1.466e-02
 step= 41500  E=4.186360277392e+02  Q=8.940000000000e+02  λ=8.501357e-01  dt=8.019e-04  relΔE=3.052e-07  ||F||=1.463e-02
 step= 42000  E=4.185414312098e+02  Q=8.940000000000e+02  λ=8.500495e-01  dt=1.241e-03  relΔE=4.708e-07  ||F||=1.460e-02
 step= 42500  E=4.184448076887e+02  Q=8.940000000000e+02  λ=8.499621e-01  dt=9.607e-04  relΔE=3.635e-07  ||F||=1.458e-02
 step= 43000  E=4.183467374995e+02  Q=8.940000000000e+02  λ=8.498743e-01  dt=1.487e-03  relΔE=5.616e-07  ||F||=1.458e-02
 step= 43500  E=4.182533168860e+02  Q=8.940000000000e+02  λ=8.497911e-01  dt=1.151e-03  relΔE=4.342e-07  ||F||=1.456e-02
 step= 44000  E=4.181560209224e+02  Q=8.940000000000e+02  λ=8.497049e-01  dt=8.908e-04  relΔE=3.360e-07  ||F||=1.455e-02
 step= 44500  E=4.180599637384e+02  Q=8.940000000000e+02  λ=8.496205e-01  dt=1.379e-03  relΔE=5.205e-07  ||F||=1.456e-02
 step= 45000  E=4.179651954460e+02  Q=8.940000000000e+02  λ=8.495374e-01  dt=1.067e-03  relΔE=4.035e-07  ||F||=1.457e-02
 step= 45500  E=4.178670320316e+02  Q=8.940000000000e+02  λ=8.494517e-01  dt=8.260e-04  relΔE=3.131e-07  ||F||=1.458e-02
 step= 46000  E=4.177720698188e+02  Q=8.940000000000e+02  λ=8.493692e-01  dt=1.279e-03  relΔE=4.862e-07  ||F||=1.460e-02
 step= 46500  E=4.176756338066e+02  Q=8.940000000000e+02  λ=8.492853e-01  dt=9.896e-04  relΔE=3.778e-07  ||F||=1.463e-02
 step= 47000  E=4.175756122743e+02  Q=8.940000000000e+02  λ=8.492035e-01  dt=1.532e-03  relΔE=5.697e-07  ||F||=1.014e-01
 step= 47500  E=4.174810099304e+02  Q=8.940000000000e+02  λ=8.491163e-01  dt=1.186e-03  relΔE=4.577e-07  ||F||=1.471e-02
 step= 48000  E=4.173817134807e+02  Q=8.940000000000e+02  λ=8.490299e-01  dt=9.176e-04  relΔE=3.567e-07  ||F||=1.476e-02
 step= 48500  E=4.172819470663e+02  Q=8.940000000000e+02  λ=8.489429e-01  dt=1.420e-03  relΔE=5.566e-07  ||F||=1.482e-02
 step= 49000  E=4.171836303924e+02  Q=8.940000000000e+02  λ=8.488567e-01  dt=1.099e-03  relΔE=4.345e-07  ||F||=1.488e-02
 step= 49500  E=4.170811302262e+02  Q=8.940000000000e+02  λ=8.487665e-01  dt=8.508e-04  relΔE=3.397e-07  ||F||=1.495e-02
 step= 50000  E=4.169801596146e+02  Q=8.940000000000e+02  λ=8.486771e-01  dt=1.317e-03  relΔE=5.315e-07  ||F||=1.503e-02
 step= 50500  E=4.168781730620e+02  Q=8.940000000000e+02  λ=8.485860e-01  dt=1.019e-03  relΔE=4.162e-07  ||F||=1.512e-02
 step= 51000  E=4.167711786175e+02  Q=8.940000000000e+02  λ=8.484896e-01  dt=7.889e-04  relΔE=3.263e-07  ||F||=1.524e-02
 step= 51500  E=4.166684736966e+02  Q=8.940000000000e+02  λ=8.483963e-01  dt=1.221e-03  relΔE=5.120e-07  ||F||=1.531e-02
 step= 52000  E=4.165610053124e+02  Q=8.940000000000e+02  λ=8.482975e-01  dt=9.452e-04  relΔE=4.022e-07  ||F||=1.543e-02
 step= 52500  E=4.164508093264e+02  Q=8.940000000000e+02  λ=8.481950e-01  dt=1.463e-03  relΔE=6.327e-07  ||F||=1.555e-02
 step= 53000  E=4.163428007475e+02  Q=8.940000000000e+02  λ=8.480931e-01  dt=1.132e-03  relΔE=4.979e-07  ||F||=1.568e-02
 step= 53500  E=4.162288541235e+02  Q=8.940000000000e+02  λ=8.479841e-01  dt=8.764e-04  relΔE=3.924e-07  ||F||=1.582e-02
 step= 54000  E=4.161149072709e+02  Q=8.940000000000e+02  λ=8.478734e-01  dt=1.357e-03  relΔE=6.192e-07  ||F||=1.597e-02
 step= 54500  E=4.159995508875e+02  Q=8.940000000000e+02  λ=8.477595e-01  dt=1.050e-03  relΔE=4.889e-07  ||F||=1.613e-02
 step= 55000  E=4.158777376151e+02  Q=8.940000000000e+02  λ=8.476370e-01  dt=8.127e-04  relΔE=3.868e-07  ||F||=1.630e-02
 step= 55500  E=4.157584971249e+02  Q=8.940000000000e+02  λ=8.475150e-01  dt=1.258e-03  relΔE=6.121e-07  ||F||=1.648e-02
 step= 56000  E=4.156341262602e+02  Q=8.940000000000e+02  λ=8.473851e-01  dt=9.736e-04  relΔE=4.851e-07  ||F||=1.667e-02
 step= 56500  E=4.155034180737e+02  Q=8.940000000000e+02  λ=8.472461e-01  dt=1.507e-03  relΔE=7.701e-07  ||F||=1.819e-02
 step= 57000  E=4.153762568880e+02  Q=8.940000000000e+02  λ=8.471077e-01  dt=1.166e-03  relΔE=6.114e-07  ||F||=1.710e-02
 step= 57500  E=4.152404263949e+02  Q=8.940000000000e+02  λ=8.469568e-01  dt=9.028e-04  relΔE=4.865e-07  ||F||=1.733e-02
 step= 58000  E=4.151018806410e+02  Q=8.940000000000e+02  λ=8.467995e-01  dt=1.397e-03  relΔE=7.748e-07  ||F||=1.758e-02
 step= 58500  E=4.149616782402e+02  Q=8.940000000000e+02  λ=8.466365e-01  dt=1.082e-03  relΔE=6.176e-07  ||F||=1.784e-02
 step= 59000  E=4.148123111699e+02  Q=8.940000000000e+02  λ=8.464588e-01  dt=8.371e-04  relΔE=4.933e-07  ||F||=1.812e-02
 step= 59500  E=4.146629461581e+02  Q=8.940000000000e+02  λ=8.462769e-01  dt=1.296e-03  relΔE=7.883e-07  ||F||=1.840e-02
 step= 60000  E=4.145075687333e+02  Q=8.940000000000e+02  λ=8.460829e-01  dt=1.003e-03  relΔE=6.308e-07  ||F||=1.871e-02
 step= 60500  E=4.143409385691e+02  Q=8.940000000000e+02  λ=8.463291e-01  dt=6.468e-04  relΔE=1.882e-06  ||F||=9.626e-01
 step= 61000  E=4.141847495890e+02  Q=8.940000000000e+02  λ=8.456649e-01  dt=1.001e-03  relΔE=6.752e-07  ||F||=1.936e-02
 step= 61500  E=4.140062901778e+02  Q=8.940000000000e+02  λ=8.456845e-01  dt=6.458e-04  relΔE=1.260e-06  ||F||=7.236e-01
 step= 62000  E=4.138384246983e+02  Q=8.940000000000e+02  λ=8.451938e-01  dt=9.996e-04  relΔE=7.262e-07  ||F||=2.009e-02
 step= 62500  E=4.136460691307e+02  Q=8.940000000000e+02  λ=8.450709e-01  dt=1.547e-03  relΔE=4.603e-07  ||F||=5.489e-01
 step= 63000  E=4.134573795196e+02  Q=8.940000000000e+02  λ=8.446489e-01  dt=1.198e-03  relΔE=9.433e-07  ||F||=2.091e-02
 step= 63500  E=4.132531547400e+02  Q=8.940000000000e+02  λ=8.443453e-01  dt=9.269e-04  relΔE=7.619e-07  ||F||=2.136e-02
 step= 64000  E=4.130394735951e+02  Q=8.940000000000e+02  λ=8.440198e-01  dt=1.435e-03  relΔE=1.233e-06  ||F||=2.183e-02
 step= 64500  E=4.128220655478e+02  Q=8.940000000000e+02  λ=8.436797e-01  dt=1.111e-03  relΔE=9.970e-07  ||F||=2.231e-02
 step= 65000  E=4.125872181437e+02  Q=8.940000000000e+02  λ=8.433029e-01  dt=8.595e-04  relΔE=8.087e-07  ||F||=2.283e-02
 step= 65500  E=4.123468989188e+02  Q=8.940000000000e+02  λ=8.429079e-01  dt=1.330e-03  relΔE=1.312e-06  ||F||=2.336e-02
 step= 66000  E=4.120947515423e+02  Q=8.940000000000e+02  λ=8.424826e-01  dt=1.030e-03  relΔE=1.065e-06  ||F||=2.393e-02
 step= 66500  E=4.118207152686e+02  Q=8.940000000000e+02  λ=8.420088e-01  dt=7.970e-04  relΔE=8.678e-07  ||F||=2.454e-02
 step= 67000  E=4.115475880418e+02  Q=8.940000000000e+02  λ=8.415254e-01  dt=1.234e-03  relΔE=1.411e-06  ||F||=2.514e-02
 step= 67500  E=4.112521878662e+02  Q=8.940000000000e+02  λ=8.409893e-01  dt=9.548e-04  relΔE=1.150e-06  ||F||=2.579e-02
 step= 68000  E=4.109361947864e+02  Q=8.940000000000e+02  λ=8.404027e-01  dt=1.478e-03  relΔE=1.877e-06  ||F||=2.647e-02
 step= 68500  E=4.106166017192e+02  Q=8.940000000000e+02  λ=8.397946e-01  dt=1.144e-03  relΔE=1.531e-06  ||F||=2.716e-02
 step= 69000  E=4.102677103438e+02  Q=8.940000000000e+02  λ=8.391155e-01  dt=8.853e-04  relΔE=1.251e-06  ||F||=2.790e-02
 step= 69500  E=4.099048323719e+02  Q=8.940000000000e+02  λ=8.383939e-01  dt=1.370e-03  relΔE=2.045e-06  ||F||=2.865e-02
 step= 70000  E=4.095253305227e+02  Q=8.940000000000e+02  λ=8.376214e-01  dt=1.061e-03  relΔE=1.671e-06  ||F||=2.943e-02
 step= 70500  E=4.091119037195e+02  Q=8.940000000000e+02  λ=8.367616e-01  dt=8.209e-04  relΔE=1.368e-06  ||F||=3.025e-02
 step= 71000  E=4.086917093293e+02  Q=8.940000000000e+02  λ=8.358700e-01  dt=1.271e-03  relΔE=2.235e-06  ||F||=3.106e-02
 step= 71500  E=4.082408740038e+02  Q=8.940000000000e+02  λ=8.348926e-01  dt=9.835e-04  relΔE=1.827e-06  ||F||=3.191e-02
 step= 72000  E=4.077520828235e+02  Q=8.940000000000e+02  λ=8.338131e-01  dt=1.522e-03  relΔE=2.988e-06  ||F||=4.539e-02
 step= 72500  E=4.072646853526e+02  Q=8.940000000000e+02  λ=8.327129e-01  dt=1.178e-03  relΔE=2.438e-06  ||F||=3.363e-02
 step= 73000  E=4.067299642659e+02  Q=8.940000000000e+02  λ=8.314837e-01  dt=9.120e-04  relΔE=1.990e-06  ||F||=3.452e-02
 step= 73500  E=4.061707660043e+02  Q=8.940000000000e+02  λ=8.301759e-01  dt=1.412e-03  relΔE=3.243e-06  ||F||=3.539e-02
 step= 74000  E=4.055953962184e+02  Q=8.940000000000e+02  λ=8.288043e-01  dt=1.093e-03  relΔE=2.635e-06  ||F||=3.624e-02
 step= 74500  E=4.049722543453e+02  Q=8.940000000000e+02  λ=8.272929e-01  dt=8.456e-04  relΔE=2.140e-06  ||F||=3.709e-02
 step= 75000  E=4.043396574948e+02  Q=8.940000000000e+02  λ=8.257345e-01  dt=1.309e-03  relΔE=3.462e-06  ||F||=3.789e-02
 step= 75500  E=4.036752336312e+02  Q=8.940000000000e+02  λ=8.240689e-01  dt=1.013e-03  relΔE=2.793e-06  ||F||=3.865e-02
 step= 76000  E=4.029612844724e+02  Q=8.940000000000e+02  λ=8.222705e-01  dt=7.841e-04  relΔE=2.302e-06  ||F||=2.043e-01
 step= 76500  E=4.022647827528e+02  Q=8.940000000000e+02  λ=8.204514e-01  dt=1.214e-03  relΔE=3.597e-06  ||F||=4.000e-02
 step= 77000  E=4.015192852880e+02  Q=8.940000000000e+02  λ=8.184949e-01  dt=9.394e-04  relΔE=2.868e-06  ||F||=4.057e-02
 step= 77500  E=4.007505594725e+02  Q=8.940000000000e+02  λ=8.164504e-01  dt=1.454e-03  relΔE=4.551e-06  ||F||=4.103e-02
 step= 78000  E=3.999917617124e+02  Q=8.940000000000e+02  λ=8.144010e-01  dt=1.125e-03  relΔE=3.588e-06  ||F||=4.137e-02
 step= 78500  E=3.991933501688e+02  Q=8.940000000000e+02  λ=8.122149e-01  dt=8.711e-04  relΔE=2.813e-06  ||F||=4.160e-02
 step= 79000  E=3.984424402664e+02  Q=8.940000000000e+02  λ=8.101331e-01  dt=1.124e-03  relΔE=3.649e-06  ||F||=4.168e-02
 step= 79500  E=3.976389662026e+02  Q=8.940000000000e+02  λ=8.078742e-01  dt=8.696e-04  relΔE=2.822e-06  ||F||=4.162e-02
 step= 80000  E=3.968936146477e+02  Q=8.940000000000e+02  λ=8.057530e-01  dt=1.122e-03  relΔE=3.612e-06  ||F||=4.141e-02
 step= 80500  E=3.961065336166e+02  Q=8.940000000000e+02  λ=8.034818e-01  dt=8.682e-04  relΔE=2.750e-06  ||F||=4.103e-02
 step= 81000  E=3.953517030339e+02  Q=8.940000000000e+02  λ=8.012770e-01  dt=1.344e-03  relΔE=4.154e-06  ||F||=4.050e-02
 step= 81500  E=3.946224151180e+02  Q=8.940000000000e+02  λ=7.991154e-01  dt=1.040e-03  relΔE=3.112e-06  ||F||=3.981e-02
 step= 82000  E=3.938978241018e+02  Q=8.940000000000e+02  λ=7.969381e-01  dt=8.051e-04  relΔE=2.308e-06  ||F||=3.893e-02
 step= 82500  E=3.932390756358e+02  Q=8.940000000000e+02  λ=7.949328e-01  dt=1.246e-03  relΔE=3.400e-06  ||F||=3.795e-02
 step= 83000  E=3.926008594999e+02  Q=8.940000000000e+02  λ=7.929594e-01  dt=9.645e-04  relΔE=2.480e-06  ||F||=3.681e-02
 step= 83500  E=3.919921501241e+02  Q=8.940000000000e+02  λ=7.910507e-01  dt=1.493e-03  relΔE=3.580e-06  ||F||=3.554e-02
 step= 84000  E=3.914526094951e+02  Q=8.940000000000e+02  λ=7.893295e-01  dt=1.156e-03  relΔE=2.571e-06  ||F||=3.419e-02
 step= 84500  E=3.909360262595e+02  Q=8.940000000000e+02  λ=7.876542e-01  dt=8.943e-04  relΔE=1.825e-06  ||F||=3.272e-02
 step= 85000  E=3.904706020106e+02  Q=8.940000000000e+02  λ=7.861196e-01  dt=1.384e-03  relΔE=2.572e-06  ||F||=3.120e-02
 step= 85500  E=3.900547437510e+02  Q=8.940000000000e+02  λ=7.847207e-01  dt=1.071e-03  relΔE=1.800e-06  ||F||=2.966e-02
 step= 86000  E=3.896678617321e+02  Q=8.940000000000e+02  λ=7.833932e-01  dt=8.293e-04  relΔE=1.246e-06  ||F||=2.803e-02
 step= 86500  E=3.893358294988e+02  Q=8.940000000000e+02  λ=7.822305e-01  dt=1.284e-03  relΔE=1.720e-06  ||F||=2.645e-02
 step= 87000  E=3.890372990812e+02  Q=8.940000000000e+02  λ=7.811598e-01  dt=9.935e-04  relΔE=1.177e-06  ||F||=2.486e-02
 step= 87500  E=3.887664433479e+02  Q=8.940000000000e+02  λ=7.801776e-01  dt=1.538e-03  relΔE=1.525e-06  ||F||=1.603e-01
 step= 88000  E=3.885435262445e+02  Q=8.940000000000e+02  λ=7.793237e-01  dt=1.190e-03  relΔE=1.080e-06  ||F||=2.175e-02
 step= 88500  E=3.883412983294e+02  Q=8.940000000000e+02  λ=7.785388e-01  dt=9.212e-04  relΔE=7.243e-07  ||F||=2.024e-02
 step= 89000  E=3.881672400262e+02  Q=8.940000000000e+02  λ=7.778431e-01  dt=1.426e-03  relΔE=9.667e-07  ||F||=1.879e-02
 step= 89500  E=3.880209628289e+02  Q=8.940000000000e+02  λ=7.772386e-01  dt=1.104e-03  relΔE=6.442e-07  ||F||=1.743e-02
 step= 90000  E=3.878915855400e+02  Q=8.940000000000e+02  λ=7.766852e-01  dt=8.542e-04  relΔE=4.253e-07  ||F||=1.609e-02
 step= 90500  E=3.877839367699e+02  Q=8.940000000000e+02  λ=7.762079e-01  dt=1.322e-03  relΔE=5.614e-07  ||F||=1.486e-02
 step= 91000  E=3.876922729736e+02  Q=8.940000000000e+02  λ=7.757848e-01  dt=1.023e-03  relΔE=3.690e-07  ||F||=1.369e-02
 step= 91500  E=3.876121820522e+02  Q=8.940000000000e+02  λ=7.753991e-01  dt=7.921e-04  relΔE=2.403e-07  ||F||=1.256e-02
 step= 92000  E=3.875480007201e+02  Q=8.940000000000e+02  λ=7.750764e-01  dt=1.226e-03  relΔE=3.148e-07  ||F||=1.155e-02
 step= 92500  E=3.874924060610e+02  Q=8.940000000000e+02  λ=7.747832e-01  dt=9.490e-04  relΔE=2.046e-07  ||F||=1.058e-02
 step= 93000  E=3.874451778277e+02  Q=8.940000000000e+02  λ=7.745216e-01  dt=1.469e-03  relΔE=2.646e-07  ||F||=9.671e-03
 step= 93500  E=3.874072084437e+02  Q=8.940000000000e+02  λ=7.742997e-01  dt=1.137e-03  relΔE=1.719e-07  ||F||=8.859e-03
 step= 94000  E=3.873743301158e+02  Q=8.940000000000e+02  λ=7.740967e-01  dt=8.799e-04  relΔE=1.107e-07  ||F||=8.081e-03
 step= 94500  E=3.873473452677e+02  Q=8.940000000000e+02  λ=7.739204e-01  dt=1.362e-03  relΔE=1.428e-07  ||F||=7.374e-03
 step= 95000  E=3.873251218852e+02  Q=8.940000000000e+02  λ=7.737660e-01  dt=1.054e-03  relΔE=9.207e-08  ||F||=6.729e-03
 step= 95500  E=3.873061047686e+02  Q=8.940000000000e+02  λ=7.736253e-01  dt=8.159e-04  relΔE=5.894e-08  ||F||=6.118e-03
 step= 96000  E=3.872909054755e+02  Q=8.940000000000e+02  λ=7.735054e-01  dt=1.263e-03  relΔE=7.588e-08  ||F||=5.579e-03
 step= 96500  E=3.872781212602e+02  Q=8.940000000000e+02  λ=7.733974e-01  dt=9.775e-04  relΔE=4.866e-08  ||F||=5.077e-03
 step= 97000  E=3.872672487311e+02  Q=8.940000000000e+02  λ=7.732990e-01  dt=1.513e-03  relΔE=6.173e-08  ||F||=1.103e-02
 step= 97500  E=3.872587777486e+02  Q=8.940000000000e+02  λ=7.732163e-01  dt=1.171e-03  relΔE=3.990e-08  ||F||=4.198e-03
 step= 98000  E=3.872514688287e+02  Q=8.940000000000e+02  λ=7.731397e-01  dt=9.064e-04  relΔE=2.546e-08  ||F||=3.810e-03
 step= 98500  E=3.872454680906e+02  Q=8.940000000000e+02  λ=7.730717e-01  dt=1.403e-03  relΔE=3.250e-08  ||F||=3.459e-03
 step= 99000  E=3.872406214512e+02  Q=8.940000000000e+02  λ=7.730124e-01  dt=1.086e-03  relΔE=2.081e-08  ||F||=3.145e-03
 step= 99500  E=3.872365030003e+02  Q=8.940000000000e+02  λ=7.729577e-01  dt=8.404e-04  relΔE=1.324e-08  ||F||=2.851e-03
 step=100000  E=3.872331888070e+02  Q=8.940000000000e+02  λ=7.729100e-01  dt=1.301e-03  relΔE=1.693e-08  ||F||=2.589e-03
 step=100500  E=3.872304522500e+02  Q=8.940000000000e+02  λ=7.728672e-01  dt=1.007e-03  relΔE=1.081e-08  ||F||=2.351e-03
 step=101000  E=3.872281221761e+02  Q=8.940000000000e+02  λ=7.728275e-01  dt=7.793e-04  relΔE=6.859e-09  ||F||=2.129e-03
 step=101500  E=3.872263064307e+02  Q=8.940000000000e+02  λ=7.727939e-01  dt=1.206e-03  relΔE=8.793e-09  ||F||=1.935e-03
 step=102000  E=3.872247573406e+02  Q=8.940000000000e+02  λ=7.727625e-01  dt=9.336e-04  relΔE=5.599e-09  ||F||=1.754e-03
 step=102500  E=3.872234731194e+02  Q=8.940000000000e+02  λ=7.727341e-01  dt=1.445e-03  relΔE=7.120e-09  ||F||=1.588e-03
 step=103000  E=3.872224535813e+02  Q=8.940000000000e+02  λ=7.727095e-01  dt=1.119e-03  relΔE=4.558e-09  ||F||=1.443e-03
 step=103500  E=3.872215840505e+02  Q=8.940000000000e+02  λ=7.726865e-01  dt=8.657e-04  relΔE=2.900e-09  ||F||=1.307e-03
 step=104000  E=3.872208793897e+02  Q=8.940000000000e+02  λ=7.726662e-01  dt=1.340e-03  relΔE=3.701e-09  ||F||=1.186e-03
 step=104500  E=3.872203035703e+02  Q=8.940000000000e+02  λ=7.726479e-01  dt=1.037e-03  relΔE=2.366e-09  ||F||=1.076e-03
 step=105000  E=3.872198140851e+02  Q=8.940000000000e+02  λ=7.726309e-01  dt=8.027e-04  relΔE=1.504e-09  ||F||=9.739e-04
 step=105500  E=3.872194261229e+02  Q=8.940000000000e+02  λ=7.726162e-01  dt=1.243e-03  relΔE=1.927e-09  ||F||=8.848e-04
 step=106000  E=3.872191002990e+02  Q=8.940000000000e+02  λ=7.726026e-01  dt=9.617e-04  relΔE=1.231e-09  ||F||=8.025e-04
 step=106500  E=3.872188244308e+02  Q=8.940000000000e+02  λ=7.725900e-01  dt=1.489e-03  relΔE=1.564e-09  ||F||=1.002e-03
 step=107000  E=3.872186092227e+02  Q=8.940000000000e+02  λ=7.725792e-01  dt=1.152e-03  relΔE=1.006e-09  ||F||=6.603e-04
 step=107500  E=3.872184236415e+02  Q=8.940000000000e+02  λ=7.725690e-01  dt=8.918e-04  relΔE=6.420e-10  ||F||=5.981e-04
 step=108000  E=3.872182716404e+02  Q=8.940000000000e+02  λ=7.725599e-01  dt=1.380e-03  relΔE=8.210e-10  ||F||=5.423e-04
 step=108500  E=3.872181483419e+02  Q=8.940000000000e+02  λ=7.725517e-01  dt=1.068e-03  relΔE=5.272e-10  ||F||=4.926e-04
 step=109000  E=3.872180432796e+02  Q=8.940000000000e+02  λ=7.725441e-01  dt=8.269e-04  relΔE=3.369e-10  ||F||=4.463e-04
 step=109500  E=3.872179584058e+02  Q=8.940000000000e+02  λ=7.725374e-01  dt=1.280e-03  relΔE=4.329e-10  ||F||=4.053e-04
 step=110000  E=3.872178878525e+02  Q=8.940000000000e+02  λ=7.725313e-01  dt=9.907e-04  relΔE=2.782e-10  ||F||=3.680e-04
 step=110500  E=3.872178273517e+02  Q=8.940000000000e+02  λ=7.725255e-01  dt=7.667e-04  relΔE=1.778e-10  ||F||=3.344e-04
 step=111000  E=3.872177800058e+02  Q=8.940000000000e+02  λ=7.725206e-01  dt=1.187e-03  relΔE=2.301e-10  ||F||=3.031e-04
 step=111500  E=3.872177390076e+02  Q=8.940000000000e+02  λ=7.725160e-01  dt=9.186e-04  relΔE=1.479e-10  ||F||=2.749e-04
 step=112000  E=3.872177048065e+02  Q=8.940000000000e+02  λ=7.725117e-01  dt=1.422e-03  relΔE=1.903e-10  ||F||=2.492e-04
 step=112500  E=3.872176772149e+02  Q=8.940000000000e+02  λ=7.725080e-01  dt=1.101e-03  relΔE=1.232e-10  ||F||=2.267e-04
 step=113000  E=3.872176534572e+02  Q=8.940000000000e+02  λ=7.725045e-01  dt=8.518e-04  relΔE=7.947e-11  ||F||=2.056e-04
 step=113500  E=3.872176338786e+02  Q=8.940000000000e+02  λ=7.725014e-01  dt=1.318e-03  relΔE=1.029e-10  ||F||=1.867e-04
 step=114000  E=3.872176176797e+02  Q=8.940000000000e+02  λ=7.724985e-01  dt=1.020e-03  relΔE=6.684e-11  ||F||=1.697e-04
 step=114500  E=3.872176036251e+02  Q=8.940000000000e+02  λ=7.724959e-01  dt=7.898e-04  relΔE=4.321e-11  ||F||=1.538e-04
 step=115000  E=3.872175923595e+02  Q=8.940000000000e+02  λ=7.724936e-01  dt=1.223e-03  relΔE=5.643e-11  ||F||=1.400e-04
 step=115500  E=3.872175826380e+02  Q=8.940000000000e+02  λ=7.724914e-01  dt=9.462e-04  relΔE=3.675e-11  ||F||=1.272e-04
 step=116000  E=3.872175742906e+02  Q=8.940000000000e+02  λ=7.724894e-01  dt=1.465e-03  relΔE=4.779e-11  ||F||=1.230e-04
 step=116500  E=3.872175675942e+02  Q=8.940000000000e+02  λ=7.724877e-01  dt=1.134e-03  relΔE=3.139e-11  ||F||=1.050e-04
 step=117000  E=3.872175617081e+02  Q=8.940000000000e+02  λ=7.724861e-01  dt=8.774e-04  relΔE=2.054e-11  ||F||=9.534e-05
 step=117500  E=3.872175567630e+02  Q=8.940000000000e+02  λ=7.724846e-01  dt=1.358e-03  relΔE=2.697e-11  ||F||=8.663e-05
 step=118000  E=3.872175526345e+02  Q=8.940000000000e+02  λ=7.724833e-01  dt=1.051e-03  relΔE=1.780e-11  ||F||=7.885e-05
 step=118500  E=3.872175490045e+02  Q=8.940000000000e+02  λ=7.724820e-01  dt=8.136e-04  relΔE=1.171e-11  ||F||=7.155e-05
 step=119000  E=3.872175459968e+02  Q=8.940000000000e+02  λ=7.724809e-01  dt=1.259e-03  relΔE=1.552e-11  ||F||=6.512e-05
 step=119500  E=3.872175434107e+02  Q=8.940000000000e+02  λ=7.724799e-01  dt=9.747e-04  relΔE=1.030e-11  ||F||=5.925e-05
 step=120000  E=3.872175411122e+02  Q=8.940000000000e+02  λ=7.724790e-01  dt=7.544e-04  relΔE=8.257e-12  ||F||=9.465e-04
 step=120500  E=3.872175392568e+02  Q=8.940000000000e+02  λ=7.724782e-01  dt=1.168e-03  relΔE=9.128e-12  ||F||=4.901e-05
 step=121000  E=3.872175375870e+02  Q=8.940000000000e+02  λ=7.724774e-01  dt=9.038e-04  relΔE=6.090e-12  ||F||=4.453e-05
 step=121500  E=3.872175361457e+02  Q=8.940000000000e+02  λ=7.724767e-01  dt=1.399e-03  relΔE=8.150e-12  ||F||=4.047e-05
 step=122000  E=3.872175349310e+02  Q=8.940000000000e+02  λ=7.724761e-01  dt=1.083e-03  relΔE=5.489e-12  ||F||=3.688e-05
 step=122500  E=3.872175338422e+02  Q=8.940000000000e+02  λ=7.724755e-01  dt=8.380e-04  relΔE=3.691e-12  ||F||=3.352e-05
 step=123000  E=3.872175329484e+02  Q=8.940000000000e+02  λ=7.724750e-01  dt=1.081e-03  relΔE=4.181e-12  ||F||=3.064e-05
 step=123500  E=3.872175321149e+02  Q=8.940000000000e+02  λ=7.724745e-01  dt=8.367e-04  relΔE=2.825e-12  ||F||=2.784e-05
 step=124000  E=3.872175314280e+02  Q=8.940000000000e+02  λ=7.724741e-01  dt=1.079e-03  relΔE=3.216e-12  ||F||=2.546e-05
 step=124500  E=3.872175307860e+02  Q=8.940000000000e+02  λ=7.724737e-01  dt=8.353e-04  relΔE=2.185e-12  ||F||=2.314e-05
 step=125000  E=3.872175302294e+02  Q=8.940000000000e+02  λ=7.724733e-01  dt=1.293e-03  relΔE=2.981e-12  ||F||=2.107e-05
 step=125500  E=3.872175297425e+02  Q=8.940000000000e+02  λ=7.724730e-01  dt=1.001e-03  relΔE=2.041e-12  ||F||=1.920e-05
 step=126000  E=3.872175292954e+02  Q=8.940000000000e+02  λ=7.724727e-01  dt=7.745e-04  relΔE=1.394e-12  ||F||=1.744e-05
 step=126500  E=3.872175289197e+02  Q=8.940000000000e+02  λ=7.724724e-01  dt=1.199e-03  relΔE=1.921e-12  ||F||=1.592e-05
 step=127000  E=3.872175285758e+02  Q=8.940000000000e+02  λ=7.724722e-01  dt=9.279e-04  relΔE=1.321e-12  ||F||=1.449e-05
 step=127500  E=3.872175282659e+02  Q=8.940000000000e+02  λ=7.724719e-01  dt=1.436e-03  relΔE=1.819e-12  ||F||=1.324e-05
 step=128000  E=3.872175280007e+02  Q=8.940000000000e+02  λ=7.724717e-01  dt=1.112e-03  relΔE=1.260e-12  ||F||=1.203e-05
 step=128500  E=3.872175277552e+02  Q=8.940000000000e+02  λ=7.724715e-01  dt=8.604e-04  relΔE=8.713e-13  ||F||=1.094e-05
 step=129000  E=3.872175275378e+02  Q=8.940000000000e+02  λ=7.724714e-01  dt=1.332e-03  relΔE=1.208e-12  ||F||=9.969e-06
 step=129500  E=3.872175273457e+02  Q=8.940000000000e+02  λ=7.724712e-01  dt=1.031e-03  relΔE=8.410e-13  ||F||=9.094e-06
 step=130000  E=3.872175271674e+02  Q=8.940000000000e+02  λ=7.724711e-01  dt=7.978e-04  relΔE=5.835e-13  ||F||=8.270e-06
 step=130500  E=3.872175270125e+02  Q=8.940000000000e+02  λ=7.724709e-01  dt=1.235e-03  relΔE=8.143e-13  ||F||=7.547e-06
 step=131000  E=3.872175268715e+02  Q=8.940000000000e+02  λ=7.724708e-01  dt=9.558e-04  relΔE=5.680e-13  ||F||=6.881e-06
 step=131500  E=3.872175267402e+02  Q=8.940000000000e+02  λ=7.724707e-01  dt=1.480e-03  relΔE=7.038e-13  ||F||=1.924e-04
 step=132000  E=3.872175266289e+02  Q=8.940000000000e+02  λ=7.724706e-01  dt=1.145e-03  relΔE=5.555e-13  ||F||=5.719e-06
 step=132500  E=3.872175265235e+02  Q=8.940000000000e+02  λ=7.724705e-01  dt=8.863e-04  relΔE=3.887e-13  ||F||=5.208e-06
 step=133000  E=3.872175264286e+02  Q=8.940000000000e+02  λ=7.724704e-01  dt=1.372e-03  relΔE=5.443e-13  ||F||=4.745e-06
 step=133500  E=3.872175263445e+02  Q=8.940000000000e+02  λ=7.724703e-01  dt=1.062e-03  relΔE=3.824e-13  ||F||=4.332e-06
 step=134000  E=3.872175262661e+02  Q=8.940000000000e+02  λ=7.724703e-01  dt=8.218e-04  relΔE=2.679e-13  ||F||=3.945e-06
 step=134500  E=3.872175261962e+02  Q=8.940000000000e+02  λ=7.724702e-01  dt=1.272e-03  relΔE=3.771e-13  ||F||=3.599e-06
 step=135000  E=3.872175261333e+02  Q=8.940000000000e+02  λ=7.724701e-01  dt=9.846e-04  relΔE=2.650e-13  ||F||=3.286e-06
 step=135500  E=3.872175260737e+02  Q=8.940000000000e+02  λ=7.724701e-01  dt=7.620e-04  relΔE=1.861e-13  ||F||=2.989e-06
 step=136000  E=3.872175260226e+02  Q=8.940000000000e+02  λ=7.724700e-01  dt=1.180e-03  relΔE=2.632e-13  ||F||=2.734e-06
 step=136500  E=3.872175259744e+02  Q=8.940000000000e+02  λ=7.724700e-01  dt=9.130e-04  relΔE=1.851e-13  ||F||=2.493e-06
 step=137000  E=3.872175259302e+02  Q=8.940000000000e+02  λ=7.724700e-01  dt=1.413e-03  relΔE=2.606e-13  ||F||=2.284e-06
 step=137500  E=3.872175258914e+02  Q=8.940000000000e+02  λ=7.724699e-01  dt=1.094e-03  relΔE=1.841e-13  ||F||=2.076e-06
 step=138000  E=3.872175258548e+02  Q=8.940000000000e+02  λ=7.724699e-01  dt=8.465e-04  relΔE=1.299e-13  ||F||=1.892e-06
 step=138500  E=3.872175258217e+02  Q=8.940000000000e+02  λ=7.724699e-01  dt=1.310e-03  relΔE=1.832e-13  ||F||=1.726e-06
 step=139000  E=3.872175257921e+02  Q=8.940000000000e+02  λ=7.724698e-01  dt=1.014e-03  relΔE=1.293e-13  ||F||=1.578e-06
 step=139500  E=3.872175257640e+02  Q=8.940000000000e+02  λ=7.724698e-01  dt=7.850e-04  relΔE=9.146e-14  ||F||=1.437e-06
 step=140000  E=3.872175257395e+02  Q=8.940000000000e+02  λ=7.724698e-01  dt=1.215e-03  relΔE=1.290e-13  ||F||=1.314e-06
 step=140500  E=3.872175257167e+02  Q=8.940000000000e+02  λ=7.724698e-01  dt=9.404e-04  relΔE=9.146e-14  ||F||=1.199e-06
 step=141000  E=3.872175256953e+02  Q=8.940000000000e+02  λ=7.724697e-01  dt=1.456e-03  relΔE=1.287e-13  ||F||=1.138e-05
 step=141500  E=3.872175256768e+02  Q=8.940000000000e+02  λ=7.724697e-01  dt=1.127e-03  relΔE=9.160e-14  ||F||=1.000e-06
 step=142000  E=3.872175256592e+02  Q=8.940000000000e+02  λ=7.724697e-01  dt=8.720e-04  relΔE=6.445e-14  ||F||=9.122e-07
 step=142500  E=3.872175256433e+02  Q=8.940000000000e+02  λ=7.724697e-01  dt=1.350e-03  relΔE=9.131e-14  ||F||=8.326e-07
 step=143000  E=3.872175256289e+02  Q=8.940000000000e+02  λ=7.724697e-01  dt=1.045e-03  relΔE=6.459e-14  ||F||=7.612e-07
 step=143500  E=3.872175256154e+02  Q=8.940000000000e+02  λ=7.724697e-01  dt=8.086e-04  relΔE=4.580e-14  ||F||=6.941e-07
 step=144000  E=3.872175256034e+02  Q=8.940000000000e+02  λ=7.724697e-01  dt=1.252e-03  relΔE=6.518e-14  ||F||=6.343e-07
 step=144500  E=3.872175255924e+02  Q=8.940000000000e+02  λ=7.724696e-01  dt=9.687e-04  relΔE=4.551e-14  ||F||=5.798e-07
 step=145000  E=3.872175255819e+02  Q=8.940000000000e+02  λ=7.724696e-01  dt=7.497e-04  relΔE=3.244e-14  ||F||=5.758e-07
 step=145500  E=3.872175255729e+02  Q=8.940000000000e+02  λ=7.724696e-01  dt=1.161e-03  relΔE=4.610e-14  ||F||=4.838e-07
 step=146000  E=3.872175255644e+02  Q=8.940000000000e+02  λ=7.724696e-01  dt=8.982e-04  relΔE=3.274e-14  ||F||=4.416e-07
 step=146500  E=3.872175255565e+02  Q=8.940000000000e+02  λ=7.724696e-01  dt=1.390e-03  relΔE=4.624e-14  ||F||=4.042e-07
 step=147000  E=3.872175255495e+02  Q=8.940000000000e+02  λ=7.724696e-01  dt=1.076e-03  relΔE=3.259e-14  ||F||=3.688e-07
 step=147500  E=3.872175255429e+02  Q=8.940000000000e+02  λ=7.724696e-01  dt=8.329e-04  relΔE=2.334e-14  ||F||=3.366e-07
 step=148000  E=3.872175255370e+02  Q=8.940000000000e+02  λ=7.724696e-01  dt=1.289e-03  relΔE=3.274e-14  ||F||=3.075e-07
 step=148500  E=3.872175255316e+02  Q=8.940000000000e+02  λ=7.724696e-01  dt=9.978e-04  relΔE=2.334e-14  ||F||=2.814e-07
 step=149000  E=3.872175255265e+02  Q=8.940000000000e+02  λ=7.724696e-01  dt=7.723e-04  relΔE=1.644e-14  ||F||=2.565e-07
 step=149500  E=3.872175255221e+02  Q=8.940000000000e+02  λ=7.724696e-01  dt=1.195e-03  relΔE=2.319e-14  ||F||=2.349e-07
 step=150000  E=3.872175255179e+02  Q=8.940000000000e+02  λ=7.724696e-01  dt=9.252e-04  relΔE=1.644e-14  ||F||=2.147e-07
 step=150500  E=3.872175255140e+02  Q=8.940000000000e+02  λ=7.724696e-01  dt=1.432e-03  relΔE=2.319e-14  ||F||=1.546e-06
 step=151000  E=3.872175255106e+02  Q=8.940000000000e+02  λ=7.724696e-01  dt=1.108e-03  relΔE=1.703e-14  ||F||=1.794e-07
 step=151500  E=3.872175255073e+02  Q=8.940000000000e+02  λ=7.724696e-01  dt=8.579e-04  relΔE=1.189e-14  ||F||=1.638e-07
 step=152000  E=3.872175255044e+02  Q=8.940000000000e+02  λ=7.724696e-01  dt=1.328e-03  relΔE=1.688e-14  ||F||=1.497e-07
 step=152500  E=3.872175255017e+02  Q=8.940000000000e+02  λ=7.724696e-01  dt=1.028e-03  relΔE=1.160e-14  ||F||=1.370e-07
 step=153000  E=3.872175254992e+02  Q=8.940000000000e+02  λ=7.724696e-01  dt=7.955e-04  relΔE=8.368e-15  ||F||=1.251e-07
 step=153500  E=3.872175254970e+02  Q=8.940000000000e+02  λ=7.724696e-01  dt=1.231e-03  relΔE=1.189e-14  ||F||=1.145e-07
 step=154000  E=3.872175254950e+02  Q=8.940000000000e+02  λ=7.724696e-01  dt=9.531e-04  relΔE=8.368e-15  ||F||=1.047e-07
 step=154500  E=3.872175254930e+02  Q=8.940000000000e+02  λ=7.724696e-01  dt=7.376e-04  relΔE=6.459e-15  ||F||=1.949e-05
 step=155000  E=3.872175254914e+02  Q=8.940000000000e+02  λ=7.724696e-01  dt=1.142e-03  relΔE=8.661e-15  ||F||=8.757e-08
 step=155500  E=3.872175254898e+02  Q=8.940000000000e+02  λ=7.724696e-01  dt=7.365e-04  relΔE=4.844e-15  ||F||=8.010e-08
 step=156000  E=3.872175254884e+02  Q=8.940000000000e+02  λ=7.724696e-01  dt=1.140e-03  relΔE=7.193e-15  ||F||=7.347e-08
 step=156500  E=3.872175254870e+02  Q=8.940000000000e+02  λ=7.724696e-01  dt=8.823e-04  relΔE=5.138e-15  ||F||=6.712e-08
 step=157000  E=3.872175254858e+02  Q=8.940000000000e+02  λ=7.724696e-01  dt=1.366e-03  relΔE=6.900e-15  ||F||=6.158e-08
 step=157500  E=3.872175254847e+02  Q=8.940000000000e+02  λ=7.724696e-01  dt=1.057e-03  relΔE=5.285e-15  ||F||=5.619e-08
 step=158000  E=3.872175254837e+02  Q=8.940000000000e+02  λ=7.724696e-01  dt=8.181e-04  relΔE=3.523e-15  ||F||=5.134e-08
 Converged (aggressive): step=158170, E=3.872175254833e+02, Q=8.940000000000e+02, dt=7.069e-04, ||F||=4.989e-08

Stationary candidate (aggressive): E=3.872175254833e+02, Q=8.940000000000e+02, maxρ=6.994506e-01

=== Stability test (damped inertial dynamics) ===
Perturb eps=0.02, gamma=1
t=0: E=4.310533882388e+02, Q=8.940000000000e+02, maxρ=7.215104e-01, σ=2.712894e+00, Rc=1.826364e+01
 step=     1  E=4.310531675288e+02  Q=8.940000000000e+02  λ=1.160398e+00  maxρ=7.215104e-01  minρ=3.499e-10  σ=2.712894e+00  Rc=1.826364e+01
 step=   300  E=4.220043992244e+02  Q=8.940000000000e+02  λ=1.056939e+00  maxρ=7.202865e-01  minρ=3.507e-10  σ=2.712891e+00  Rc=1.826364e+01
 step=   600  E=4.038132400016e+02  Q=8.940000000000e+02  λ=8.697044e-01  maxρ=7.168356e-01  minρ=3.532e-10  σ=2.712885e+00  Rc=1.826364e+01
 step=   900  E=3.931833557944e+02  Q=8.940000000000e+02  λ=8.102872e-01  maxρ=7.117314e-01  minρ=3.507e-10  σ=2.712884e+00  Rc=1.826364e+01
 step=  1200  E=3.972636336898e+02  Q=8.940000000000e+02  λ=9.185251e-01  maxρ=7.094915e-01  minρ=3.469e-10  σ=2.712886e+00  Rc=1.826364e+01
 step=  1500  E=4.081866338577e+02  Q=8.940000000000e+02  λ=1.035571e+00  maxρ=7.138326e-01  minρ=3.444e-10  σ=2.712888e+00  Rc=1.826363e+01
 step=  1800  E=4.137550083962e+02  Q=8.940000000000e+02  λ=1.021179e+00  maxρ=7.161170e-01  minρ=3.442e-10  σ=2.712885e+00  Rc=1.826363e+01
 step=  2100  E=4.104700270654e+02  Q=8.940000000000e+02  λ=9.191507e-01  maxρ=7.124710e-01  minρ=3.444e-10  σ=2.712882e+00  Rc=1.826363e+01
 step=  2400  E=4.047065258435e+02  Q=8.940000000000e+02  λ=8.722436e-01  maxρ=7.055099e-01  minρ=3.423e-10  σ=2.712883e+00  Rc=1.826363e+01
 step=  2700  E=4.032879580460e+02  Q=8.940000000000e+02  λ=9.276357e-01  maxρ=7.092287e-01  minρ=3.353e-10  σ=2.712886e+00  Rc=1.826363e+01
 step=  3000  E=4.060685580588e+02  Q=8.940000000000e+02  λ=9.939278e-01  maxρ=7.181390e-01  minρ=3.338e-10  σ=2.712887e+00  Rc=1.826363e+01
 step=  3300  E=4.081656469126e+02  Q=8.940000000000e+02  λ=9.811294e-01  maxρ=7.199854e-01  minρ=3.391e-10  σ=2.712883e+00  Rc=1.826363e+01
 step=  3600  E=4.068861128893e+02  Q=8.940000000000e+02  λ=9.158274e-01  maxρ=7.147754e-01  minρ=3.430e-10  σ=2.712879e+00  Rc=1.826364e+01
 step=  3900  E=4.042404041441e+02  Q=8.940000000000e+02  λ=8.870809e-01  maxρ=7.147530e-01  minρ=3.442e-10  σ=2.712879e+00  Rc=1.826363e+01
 step=  4200  E=4.032921321042e+02  Q=8.940000000000e+02  λ=9.204796e-01  maxρ=7.122696e-01  minρ=3.344e-10  σ=2.712882e+00  Rc=1.826363e+01
 step=  4500  E=4.042635885248e+02  Q=8.940000000000e+02  λ=9.563449e-01  maxρ=7.108683e-01  minρ=3.250e-10  σ=2.712883e+00  Rc=1.826362e+01
 step=  4800  E=4.050987782681e+02  Q=8.940000000000e+02  λ=9.434222e-01  maxρ=7.133851e-01  minρ=3.214e-10  σ=2.712880e+00  Rc=1.826362e+01
 step=  5100  E=4.045952028286e+02  Q=8.940000000000e+02  λ=9.051162e-01  maxρ=7.142675e-01  minρ=3.247e-10  σ=2.712875e+00  Rc=1.826363e+01
 step=  5400  E=4.035744605239e+02  Q=8.940000000000e+02  λ=8.949739e-01  maxρ=7.134275e-01  minρ=3.181e-10  σ=2.712873e+00  Rc=1.826362e+01
 step=  5700  E=4.031996444478e+02  Q=8.940000000000e+02  λ=9.194600e-01  maxρ=7.109918e-01  minρ=3.092e-10  σ=2.712874e+00  Rc=1.826362e+01
 step=  6000  E=4.033860590240e+02  Q=8.940000000000e+02  λ=9.371851e-01  maxρ=7.095679e-01  minρ=3.080e-10  σ=2.712875e+00  Rc=1.826361e+01
 >>> No runaway detected in this horizon. Likely stable (within this model & box).

STABILITY: PASS
