
=== Aggressive relaxation to Q = 742 ===
Initial: E=4.473664596823e+02, Q=7.420000000000e+02, dt=1.000e-04
 step=     1  E=4.473555172598e+02  Q=7.420000000000e+02  λ=1.146209e+00  dt=1.000e-04  relΔE=2.446e-05  ||F||=3.845e-01
 step=   500  E=4.351080172895e+02  Q=7.420000000000e+02  λ=1.104137e+00  dt=6.192e-04  relΔE=9.697e-05  ||F||=3.324e-01
 step=  1000  E=4.089553983275e+02  Q=7.420000000000e+02  λ=1.016555e+00  dt=9.584e-04  relΔE=7.164e-05  ||F||=2.226e-01
 step=  1500  E=3.950943083954e+02  Q=7.420000000000e+02  λ=9.718466e-01  dt=1.484e-03  relΔE=5.960e-05  ||F||=1.604e-01
 step=  2000  E=3.876709036889e+02  Q=7.420000000000e+02  λ=9.487370e-01  dt=1.148e-03  relΔE=2.861e-05  ||F||=1.251e-01
 step=  2500  E=3.827916349694e+02  Q=7.420000000000e+02  λ=9.341482e-01  dt=8.887e-04  relΔE=1.480e-05  ||F||=1.016e-01
 step=  3000  E=3.795039401918e+02  Q=7.420000000000e+02  λ=9.247512e-01  dt=1.376e-03  relΔE=1.655e-05  ||F||=8.601e-02
 step=  3500  E=3.770838531093e+02  Q=7.420000000000e+02  λ=9.181279e-01  dt=1.065e-03  relΔE=9.858e-06  ||F||=7.520e-02
 step=  4000  E=3.751387508036e+02  Q=7.420000000000e+02  λ=9.130368e-01  dt=8.241e-04  relΔE=6.194e-06  ||F||=6.759e-02
 step=  4500  E=3.736087758775e+02  Q=7.420000000000e+02  λ=9.091991e-01  dt=1.276e-03  relΔE=7.944e-06  ||F||=6.139e-02
 step=  5000  E=3.722952326024e+02  Q=7.420000000000e+02  λ=9.060202e-01  dt=9.873e-04  relΔE=5.290e-06  ||F||=5.684e-02
 step=  5500  E=3.711249066088e+02  Q=7.420000000000e+02  λ=9.032872e-01  dt=1.528e-03  relΔE=7.153e-06  ||F||=8.723e-02
 step=  6000  E=3.701490598062e+02  Q=7.420000000000e+02  λ=9.010659e-01  dt=1.183e-03  relΔE=4.976e-06  ||F||=5.021e-02
 step=  6500  E=3.692348598839e+02  Q=7.420000000000e+02  λ=8.990387e-01  dt=9.154e-04  relΔE=3.480e-06  ||F||=4.767e-02
 step=  7000  E=3.684121882150e+02  Q=7.420000000000e+02  λ=8.972565e-01  dt=1.417e-03  relΔE=4.919e-06  ||F||=4.550e-02
 step=  7500  E=3.676742748376e+02  Q=7.420000000000e+02  λ=8.956860e-01  dt=1.097e-03  relΔE=3.510e-06  ||F||=4.364e-02
 step=  8000  E=3.669711453854e+02  Q=7.420000000000e+02  λ=8.942149e-01  dt=8.488e-04  relΔE=2.513e-06  ||F||=4.194e-02
 step=  8500  E=3.663378362333e+02  Q=7.420000000000e+02  λ=8.929113e-01  dt=1.314e-03  relΔE=3.625e-06  ||F||=4.044e-02
 step=  9000  E=3.657444117029e+02  Q=7.420000000000e+02  λ=8.917047e-01  dt=1.017e-03  relΔE=2.623e-06  ||F||=3.908e-02
 step=  9500  E=3.651712835082e+02  Q=7.420000000000e+02  λ=8.905544e-01  dt=7.871e-04  relΔE=1.925e-06  ||F||=4.287e-02
 step= 10000  E=3.646629777675e+02  Q=7.420000000000e+02  λ=8.895464e-01  dt=1.218e-03  relΔE=2.775e-06  ||F||=3.666e-02
 step= 10500  E=3.641677833122e+02  Q=7.420000000000e+02  λ=8.885741e-01  dt=9.430e-04  relΔE=2.025e-06  ||F||=3.558e-02
 step= 11000  E=3.636971210209e+02  Q=7.420000000000e+02  λ=8.876607e-01  dt=1.460e-03  relΔE=2.962e-06  ||F||=3.456e-02
 step= 11500  E=3.632670387171e+02  Q=7.420000000000e+02  λ=8.868330e-01  dt=1.130e-03  relΔE=2.175e-06  ||F||=3.364e-02
 step= 12000  E=3.628451770046e+02  Q=7.420000000000e+02  λ=8.860290e-01  dt=8.744e-04  relΔE=1.597e-06  ||F||=3.275e-02
 step= 12500  E=3.624526983253e+02  Q=7.420000000000e+02  λ=8.852888e-01  dt=1.353e-03  relΔE=2.351e-06  ||F||=3.192e-02
 step= 13000  E=3.620815042898e+02  Q=7.420000000000e+02  λ=8.845943e-01  dt=1.048e-03  relΔE=1.734e-06  ||F||=3.114e-02
 step= 13500  E=3.617161168728e+02  Q=7.420000000000e+02  λ=8.839169e-01  dt=8.108e-04  relΔE=1.284e-06  ||F||=3.045e-02
 step= 14000  E=3.613826681167e+02  Q=7.420000000000e+02  λ=8.833050e-01  dt=1.255e-03  relΔE=1.893e-06  ||F||=2.969e-02
 step= 14500  E=3.610570539024e+02  Q=7.420000000000e+02  λ=8.827122e-01  dt=9.713e-04  relΔE=1.401e-06  ||F||=2.903e-02
 step= 15000  E=3.607395872193e+02  Q=7.420000000000e+02  λ=8.821402e-01  dt=1.504e-03  relΔE=2.075e-06  ||F||=2.879e-02
 step= 15500  E=3.604504122798e+02  Q=7.420000000000e+02  λ=8.816232e-01  dt=1.164e-03  relΔE=1.541e-06  ||F||=2.779e-02
 step= 16000  E=3.601614450231e+02  Q=7.420000000000e+02  λ=8.811115e-01  dt=9.007e-04  relΔE=1.144e-06  ||F||=2.721e-02
 step= 16500  E=3.598873323308e+02  Q=7.420000000000e+02  λ=8.806312e-01  dt=1.394e-03  relΔE=1.702e-06  ||F||=2.666e-02
 step= 17000  E=3.596282269621e+02  Q=7.420000000000e+02  λ=8.801808e-01  dt=1.079e-03  relΔE=1.267e-06  ||F||=2.614e-02
 step= 17500  E=3.593811427419e+02  Q=7.420000000000e+02  λ=8.797559e-01  dt=1.392e-03  relΔE=1.575e-06  ||F||=2.565e-02
 step= 18000  E=3.591410384846e+02  Q=7.420000000000e+02  λ=8.793466e-01  dt=1.077e-03  relΔE=1.175e-06  ||F||=2.518e-02
 step= 18500  E=3.589116386705e+02  Q=7.420000000000e+02  λ=8.789597e-01  dt=1.390e-03  relΔE=1.464e-06  ||F||=2.473e-02
 step= 19000  E=3.586879516721e+02  Q=7.420000000000e+02  λ=8.785859e-01  dt=1.076e-03  relΔE=1.094e-06  ||F||=2.430e-02
 step= 19500  E=3.584649590370e+02  Q=7.420000000000e+02  λ=8.782171e-01  dt=8.324e-04  relΔE=8.179e-07  ||F||=2.387e-02
 step= 20000  E=3.582568928175e+02  Q=7.420000000000e+02  λ=8.778771e-01  dt=1.289e-03  relΔE=1.225e-06  ||F||=2.347e-02
 step= 20500  E=3.580534277840e+02  Q=7.420000000000e+02  λ=8.775476e-01  dt=9.973e-04  relΔE=9.180e-07  ||F||=2.309e-02
 step= 21000  E=3.578503568044e+02  Q=7.420000000000e+02  λ=8.772847e-01  dt=1.544e-03  relΔE=1.014e-06  ||F||=3.545e-01
 step= 21500  E=3.576649532946e+02  Q=7.420000000000e+02  λ=8.769293e-01  dt=1.195e-03  relΔE=1.033e-06  ||F||=2.237e-02
 step= 22000  E=3.574775255650e+02  Q=7.420000000000e+02  λ=8.766359e-01  dt=9.248e-04  relΔE=7.761e-07  ||F||=2.203e-02
 step= 22500  E=3.572960470009e+02  Q=7.420000000000e+02  λ=8.763555e-01  dt=1.431e-03  relΔE=1.167e-06  ||F||=2.170e-02
 step= 23000  E=3.571243344802e+02  Q=7.420000000000e+02  λ=8.760929e-01  dt=1.108e-03  relΔE=8.782e-07  ||F||=2.140e-02
 step= 23500  E=3.569512567212e+02  Q=7.420000000000e+02  λ=8.758313e-01  dt=8.575e-04  relΔE=6.610e-07  ||F||=2.110e-02
 step= 24000  E=3.567869379628e+02  Q=7.420000000000e+02  λ=8.755864e-01  dt=1.327e-03  relΔE=9.965e-07  ||F||=2.082e-02
 step= 24500  E=3.566272091409e+02  Q=7.420000000000e+02  λ=8.753508e-01  dt=1.027e-03  relΔE=7.518e-07  ||F||=2.055e-02
 step= 25000  E=3.564661473447e+02  Q=7.420000000000e+02  λ=8.751163e-01  dt=7.951e-04  relΔE=5.671e-07  ||F||=2.028e-02
 step= 25500  E=3.563169357312e+02  Q=7.420000000000e+02  λ=8.749021e-01  dt=1.231e-03  relΔE=8.574e-07  ||F||=2.004e-02
 step= 26000  E=3.561670191557e+02  Q=7.420000000000e+02  λ=8.746892e-01  dt=9.526e-04  relΔE=6.482e-07  ||F||=1.980e-02
 step= 26500  E=3.560185195847e+02  Q=7.420000000000e+02  λ=8.744814e-01  dt=1.475e-03  relΔE=9.806e-07  ||F||=1.957e-02
 step= 27000  E=3.558791054638e+02  Q=7.420000000000e+02  λ=8.742886e-01  dt=1.141e-03  relΔE=7.430e-07  ||F||=1.936e-02
 step= 27500  E=3.557377858435e+02  Q=7.420000000000e+02  λ=8.740957e-01  dt=8.833e-04  relΔE=5.629e-07  ||F||=1.915e-02
 step= 28000  E=3.556013726707e+02  Q=7.420000000000e+02  λ=8.739122e-01  dt=1.367e-03  relΔE=8.540e-07  ||F||=1.896e-02
 step= 28500  E=3.554691762189e+02  Q=7.420000000000e+02  λ=8.737365e-01  dt=1.058e-03  relΔE=6.484e-07  ||F||=1.877e-02
 step= 29000  E=3.553351772922e+02  Q=7.420000000000e+02  λ=8.735607e-01  dt=8.190e-04  relΔE=4.925e-07  ||F||=1.859e-02
 step= 29500  E=3.552085530278e+02  Q=7.420000000000e+02  λ=8.733970e-01  dt=1.268e-03  relΔE=7.491e-07  ||F||=1.843e-02
 step= 30000  E=3.550821433558e+02  Q=7.420000000000e+02  λ=8.732356e-01  dt=9.812e-04  relΔE=5.701e-07  ||F||=1.827e-02
 step= 30500  E=3.549543526606e+02  Q=7.420000000000e+02  λ=8.730750e-01  dt=1.519e-03  relΔE=8.668e-07  ||F||=2.840e-02
 step= 31000  E=3.548353965129e+02  Q=7.420000000000e+02  λ=8.729268e-01  dt=1.176e-03  relΔE=6.618e-07  ||F||=1.798e-02
 step= 31500  E=3.547132927487e+02  Q=7.420000000000e+02  λ=8.727769e-01  dt=9.098e-04  relΔE=5.048e-07  ||F||=1.784e-02
 step= 32000  E=3.545938407611e+02  Q=7.420000000000e+02  λ=8.726323e-01  dt=1.408e-03  relΔE=7.707e-07  ||F||=1.772e-02
 step= 32500  E=3.544782067451e+02  Q=7.420000000000e+02  λ=8.724939e-01  dt=1.090e-03  relΔE=5.890e-07  ||F||=1.760e-02
 step= 33000  E=3.543600686092e+02  Q=7.420000000000e+02  λ=8.723543e-01  dt=8.436e-04  relΔE=4.503e-07  ||F||=1.749e-02
 step= 33500  E=3.542469012171e+02  Q=7.420000000000e+02  λ=8.722223e-01  dt=1.306e-03  relΔE=6.894e-07  ||F||=1.739e-02
 step= 34000  E=3.541343682122e+02  Q=7.420000000000e+02  λ=8.720925e-01  dt=1.011e-03  relΔE=5.282e-07  ||F||=1.730e-02
 step= 34500  E=3.540190679903e+02  Q=7.420000000000e+02  λ=8.719613e-01  dt=7.823e-04  relΔE=4.056e-07  ||F||=3.204e-02
 step= 35000  E=3.539112606766e+02  Q=7.420000000000e+02  λ=8.718395e-01  dt=1.211e-03  relΔE=6.215e-07  ||F||=1.714e-02
 step= 35500  E=3.538004768379e+02  Q=7.420000000000e+02  λ=8.717158e-01  dt=9.372e-04  relΔE=4.773e-07  ||F||=1.707e-02
 step= 36000  E=3.536897857484e+02  Q=7.420000000000e+02  λ=8.715936e-01  dt=1.451e-03  relΔE=7.338e-07  ||F||=1.701e-02
 step= 36500  E=3.535835295471e+02  Q=7.420000000000e+02  λ=8.714772e-01  dt=1.123e-03  relΔE=5.647e-07  ||F||=1.696e-02
 step= 37000  E=3.534738610071e+02  Q=7.420000000000e+02  λ=8.713581e-01  dt=8.690e-04  relΔE=4.348e-07  ||F||=1.692e-02
 step= 37500  E=3.533668501262e+02  Q=7.420000000000e+02  λ=8.712429e-01  dt=1.345e-03  relΔE=6.704e-07  ||F||=1.688e-02
 step= 38000  E=3.532608379534e+02  Q=7.420000000000e+02  λ=8.711295e-01  dt=1.041e-03  relΔE=5.172e-07  ||F||=1.685e-02
 step= 38500  E=3.531517106671e+02  Q=7.420000000000e+02  λ=8.710134e-01  dt=8.058e-04  relΔE=3.994e-07  ||F||=1.683e-02
 step= 39000  E=3.530474621810e+02  Q=7.420000000000e+02  λ=8.709033e-01  dt=1.247e-03  relΔE=6.175e-07  ||F||=1.682e-02
 step= 39500  E=3.529425339264e+02  Q=7.420000000000e+02  λ=8.707927e-01  dt=8.045e-04  relΔE=3.982e-07  ||F||=1.681e-02
 step= 40000  E=3.528385790741e+02  Q=7.420000000000e+02  λ=8.706837e-01  dt=1.245e-03  relΔE=6.167e-07  ||F||=1.681e-02
 step= 40500  E=3.527337504410e+02  Q=7.420000000000e+02  λ=8.705739e-01  dt=8.032e-04  relΔE=3.984e-07  ||F||=1.682e-02
 step= 41000  E=3.526294006207e+02  Q=7.420000000000e+02  λ=8.704648e-01  dt=1.243e-03  relΔE=6.183e-07  ||F||=1.684e-02
 step= 41500  E=3.525221768793e+02  Q=7.420000000000e+02  λ=8.703525e-01  dt=9.623e-04  relΔE=4.802e-07  ||F||=1.687e-02
 step= 42000  E=3.524126602756e+02  Q=7.420000000000e+02  λ=8.702378e-01  dt=1.490e-03  relΔE=7.469e-07  ||F||=1.693e-02
 step= 42500  E=3.523076650773e+02  Q=7.420000000000e+02  λ=8.701275e-01  dt=1.153e-03  relΔE=5.812e-07  ||F||=1.695e-02
 step= 43000  E=3.521978927067e+02  Q=7.420000000000e+02  λ=8.700116e-01  dt=8.923e-04  relΔE=4.529e-07  ||F||=1.701e-02
 step= 43500  E=3.520886356833e+02  Q=7.420000000000e+02  λ=8.698959e-01  dt=1.381e-03  relΔE=7.065e-07  ||F||=1.707e-02
 step= 44000  E=3.519799214182e+02  Q=7.420000000000e+02  λ=8.697798e-01  dt=1.069e-03  relΔE=5.516e-07  ||F||=1.714e-02
 step= 44500  E=3.518666336865e+02  Q=7.420000000000e+02  λ=8.696579e-01  dt=8.273e-04  relΔE=4.312e-07  ||F||=1.722e-02
 step= 45000  E=3.517562382028e+02  Q=7.420000000000e+02  λ=8.695381e-01  dt=1.281e-03  relΔE=6.748e-07  ||F||=1.732e-02
 step= 45500  E=3.516431037463e+02  Q=7.420000000000e+02  λ=8.694139e-01  dt=9.912e-04  relΔE=5.286e-07  ||F||=1.742e-02
 step= 46000  E=3.515248206990e+02  Q=7.420000000000e+02  λ=8.692901e-01  dt=1.534e-03  relΔE=7.982e-07  ||F||=1.234e-01
 step= 46500  E=3.514120269887e+02  Q=7.420000000000e+02  λ=8.691557e-01  dt=1.188e-03  relΔE=6.509e-07  ||F||=1.765e-02
 step= 47000  E=3.512928299694e+02  Q=7.420000000000e+02  λ=8.690196e-01  dt=9.191e-04  relΔE=5.117e-07  ||F||=1.779e-02
 step= 47500  E=3.511718548949e+02  Q=7.420000000000e+02  λ=8.688794e-01  dt=1.423e-03  relΔE=8.055e-07  ||F||=1.793e-02
 step= 48000  E=3.510515883933e+02  Q=7.420000000000e+02  λ=8.687375e-01  dt=1.101e-03  relΔE=6.345e-07  ||F||=1.809e-02
 step= 48500  E=3.509250674581e+02  Q=7.420000000000e+02  λ=8.685855e-01  dt=8.522e-04  relΔE=5.007e-07  ||F||=1.826e-02
 step= 49000  E=3.507994589483e+02  Q=7.420000000000e+02  λ=8.684319e-01  dt=1.319e-03  relΔE=7.907e-07  ||F||=1.844e-02
 step= 49500  E=3.506708485004e+02  Q=7.420000000000e+02  λ=8.682712e-01  dt=1.021e-03  relΔE=6.251e-07  ||F||=1.864e-02
 step= 50000  E=3.505349739496e+02  Q=7.420000000000e+02  λ=8.680978e-01  dt=7.902e-04  relΔE=4.952e-07  ||F||=1.890e-02
 step= 50500  E=3.504032546115e+02  Q=7.420000000000e+02  λ=8.679262e-01  dt=1.223e-03  relΔE=7.846e-07  ||F||=1.907e-02
 step= 51000  E=3.502640490165e+02  Q=7.420000000000e+02  λ=8.677405e-01  dt=9.467e-04  relΔE=6.227e-07  ||F||=1.931e-02
 step= 51500  E=3.501194330874e+02  Q=7.420000000000e+02  λ=8.675432e-01  dt=1.465e-03  relΔE=9.901e-07  ||F||=1.956e-02
 step= 52000  E=3.499765886098e+02  Q=7.420000000000e+02  λ=8.673432e-01  dt=1.134e-03  relΔE=7.873e-07  ||F||=1.982e-02
 step= 52500  E=3.498242921254e+02  Q=7.420000000000e+02  λ=8.671248e-01  dt=8.779e-04  relΔE=6.275e-07  ||F||=2.011e-02
 step= 53000  E=3.496701073085e+02  Q=7.420000000000e+02  λ=8.668982e-01  dt=1.359e-03  relΔE=1.001e-06  ||F||=2.041e-02
 step= 53500  E=3.495125528733e+02  Q=7.420000000000e+02  λ=8.666604e-01  dt=1.052e-03  relΔE=7.991e-07  ||F||=2.073e-02
 step= 54000  E=3.493443271945e+02  Q=7.420000000000e+02  λ=8.663997e-01  dt=8.140e-04  relΔE=6.395e-07  ||F||=2.107e-02
 step= 54500  E=3.491775742029e+02  Q=7.420000000000e+02  λ=8.661346e-01  dt=1.260e-03  relΔE=1.023e-06  ||F||=2.142e-02
 step= 55000  E=3.490019556853e+02  Q=7.420000000000e+02  λ=8.658477e-01  dt=9.752e-04  relΔE=8.203e-07  ||F||=2.179e-02
 step= 55500  E=3.488152788802e+02  Q=7.420000000000e+02  λ=8.655347e-01  dt=1.510e-03  relΔE=1.318e-06  ||F||=2.351e-02
 step= 56000  E=3.486316175635e+02  Q=7.420000000000e+02  λ=8.652179e-01  dt=1.168e-03  relΔE=1.058e-06  ||F||=2.260e-02
 step= 56500  E=3.484329410429e+02  Q=7.420000000000e+02  λ=8.648659e-01  dt=9.043e-04  relΔE=8.515e-07  ||F||=2.304e-02
 step= 57000  E=3.482280178305e+02  Q=7.420000000000e+02  λ=8.644933e-01  dt=1.400e-03  relΔE=1.372e-06  ||F||=2.350e-02
 step= 57500  E=3.480186207738e+02  Q=7.420000000000e+02  λ=8.641017e-01  dt=1.083e-03  relΔE=1.106e-06  ||F||=2.397e-02
 step= 58000  E=3.477930598128e+02  Q=7.420000000000e+02  λ=8.636684e-01  dt=8.385e-04  relΔE=8.933e-07  ||F||=2.448e-02
 step= 58500  E=3.475650899096e+02  Q=7.420000000000e+02  λ=8.632191e-01  dt=1.298e-03  relΔE=1.443e-06  ||F||=2.500e-02
 step= 59000  E=3.473251582258e+02  Q=7.420000000000e+02  λ=8.627331e-01  dt=1.005e-03  relΔE=1.167e-06  ||F||=2.555e-02
 step= 59500  E=3.470655238274e+02  Q=7.420000000000e+02  λ=8.627255e-01  dt=6.479e-04  relΔE=2.569e-06  ||F||=1.036e+00
 step= 60000  E=3.468195450355e+02  Q=7.420000000000e+02  λ=8.616686e-01  dt=1.003e-03  relΔE=1.274e-06  ||F||=2.669e-02
 step= 60500  E=3.465369913291e+02  Q=7.420000000000e+02  λ=8.614215e-01  dt=1.552e-03  relΔE=2.211e-07  ||F||=8.671e-01
 step= 61000  E=3.462567169753e+02  Q=7.420000000000e+02  λ=8.604222e-01  dt=1.202e-03  relΔE=1.676e-06  ||F||=2.795e-02
 step= 61500  E=3.459521292845e+02  Q=7.420000000000e+02  λ=8.597218e-01  dt=9.299e-04  relΔE=1.361e-06  ||F||=2.861e-02
 step= 62000  E=3.456324273328e+02  Q=7.420000000000e+02  λ=8.589692e-01  dt=1.439e-03  relΔE=2.211e-06  ||F||=2.930e-02
 step= 62500  E=3.453071006642e+02  Q=7.420000000000e+02  λ=8.581839e-01  dt=1.114e-03  relΔE=1.794e-06  ||F||=2.999e-02
 step= 63000  E=3.449533106205e+02  Q=7.420000000000e+02  λ=8.573098e-01  dt=8.623e-04  relΔE=1.458e-06  ||F||=3.072e-02
 step= 63500  E=3.445908940267e+02  Q=7.420000000000e+02  λ=8.563945e-01  dt=1.335e-03  relΔE=2.368e-06  ||F||=3.144e-02
 step= 64000  E=3.442123876617e+02  Q=7.420000000000e+02  λ=8.554159e-01  dt=1.033e-03  relΔE=1.921e-06  ||F||=3.218e-02
 step= 64500  E=3.438019803400e+02  Q=7.420000000000e+02  λ=8.543312e-01  dt=7.996e-04  relΔE=1.560e-06  ||F||=3.294e-02
 step= 65000  E=3.433928603471e+02  Q=7.420000000000e+02  λ=8.532278e-01  dt=1.238e-03  relΔE=2.526e-06  ||F||=3.367e-02
 step= 65500  E=3.429535559681e+02  Q=7.420000000000e+02  λ=8.520169e-01  dt=9.579e-04  relΔE=2.046e-06  ||F||=3.442e-02
 step= 66000  E=3.424882091970e+02  Q=7.420000000000e+02  λ=8.507094e-01  dt=1.483e-03  relΔE=3.310e-06  ||F||=3.516e-02
 step= 66500  E=3.420234093074e+02  Q=7.420000000000e+02  λ=8.493756e-01  dt=1.148e-03  relΔE=2.668e-06  ||F||=3.586e-02
 step= 67000  E=3.415206128765e+02  Q=7.420000000000e+02  λ=8.479050e-01  dt=8.882e-04  relΔE=2.149e-06  ||F||=3.656e-02
 step= 67500  E=3.410062467733e+02  Q=7.420000000000e+02  λ=8.463739e-01  dt=1.375e-03  relΔE=3.452e-06  ||F||=3.721e-02
 step= 68000  E=3.404810263975e+02  Q=7.420000000000e+02  λ=8.447798e-01  dt=1.064e-03  relΔE=2.763e-06  ||F||=3.781e-02
 step= 68500  E=3.399204430840e+02  Q=7.420000000000e+02  λ=8.430479e-01  dt=8.236e-04  relΔE=2.206e-06  ||F||=3.837e-02
 step= 69000  E=3.393659888423e+02  Q=7.420000000000e+02  λ=8.413069e-01  dt=1.275e-03  relΔE=3.505e-06  ||F||=3.885e-02
 step= 69500  E=3.387906327631e+02  Q=7.420000000000e+02  λ=8.394675e-01  dt=9.867e-04  relΔE=2.774e-06  ||F||=3.925e-02
 step= 70000  E=3.381878311836e+02  Q=7.420000000000e+02  λ=8.375122e-01  dt=1.527e-03  relΔE=4.365e-06  ||F||=7.352e-02
 step= 70500  E=3.376099254464e+02  Q=7.420000000000e+02  λ=8.356005e-01  dt=1.182e-03  relΔE=3.426e-06  ||F||=3.978e-02
 step= 71000  E=3.370030356464e+02  Q=7.420000000000e+02  λ=8.335630e-01  dt=9.149e-04  relΔE=2.670e-06  ||F||=3.988e-02
 step= 71500  E=3.363984448177e+02  Q=7.420000000000e+02  λ=8.315031e-01  dt=1.416e-03  relΔE=4.136e-06  ||F||=3.986e-02
 step= 72000  E=3.358084818692e+02  Q=7.420000000000e+02  λ=8.294586e-01  dt=1.096e-03  relΔE=3.184e-06  ||F||=3.972e-02
 step= 72500  E=3.352043669464e+02  Q=7.420000000000e+02  λ=8.273320e-01  dt=8.484e-04  relΔE=2.434e-06  ||F||=3.943e-02
 step= 73000  E=3.346282121320e+02  Q=7.420000000000e+02  λ=8.252740e-01  dt=1.313e-03  relΔE=3.696e-06  ||F||=3.902e-02
 step= 73500  E=3.340630010795e+02  Q=7.420000000000e+02  λ=8.232203e-01  dt=1.016e-03  relΔE=2.786e-06  ||F||=3.848e-02
 step= 74000  E=3.334973005640e+02  Q=7.420000000000e+02  λ=8.211315e-01  dt=7.867e-04  relΔE=2.082e-06  ||F||=4.048e-02
 step= 74500  E=3.329842127412e+02  Q=7.420000000000e+02  λ=8.192074e-01  dt=1.218e-03  relΔE=3.094e-06  ||F||=3.699e-02
 step= 75000  E=3.324761308673e+02  Q=7.420000000000e+02  λ=8.172678e-01  dt=9.425e-04  relΔE=2.278e-06  ||F||=3.605e-02
 step= 75500  E=3.319922230254e+02  Q=7.420000000000e+02  λ=8.153900e-01  dt=1.459e-03  relΔE=3.326e-06  ||F||=3.499e-02
 step= 76000  E=3.315529278681e+02  Q=7.420000000000e+02  λ=8.136518e-01  dt=1.129e-03  relΔE=2.415e-06  ||F||=3.386e-02
 step= 76500  E=3.311289273661e+02  Q=7.420000000000e+02  λ=8.119426e-01  dt=8.739e-04  relΔE=1.736e-06  ||F||=3.261e-02
 step= 77000  E=3.307444453777e+02  Q=7.420000000000e+02  λ=8.103634e-01  dt=1.353e-03  relΔE=2.481e-06  ||F||=3.132e-02
 step= 77500  E=3.303925511333e+02  Q=7.420000000000e+02  λ=8.088859e-01  dt=1.047e-03  relΔE=1.761e-06  ||F||=2.997e-02
 step= 78000  E=3.300613936102e+02  Q=7.420000000000e+02  λ=8.074646e-01  dt=8.103e-04  relΔE=1.237e-06  ||F||=2.854e-02
 step= 78500  E=3.297744024811e+02  Q=7.420000000000e+02  λ=8.062053e-01  dt=1.254e-03  relΔE=1.733e-06  ||F||=2.714e-02
 step= 79000  E=3.295108424419e+02  Q=7.420000000000e+02  λ=8.050188e-01  dt=9.708e-04  relΔE=1.204e-06  ||F||=2.570e-02
 step= 79500  E=3.292700779461e+02  Q=7.420000000000e+02  λ=8.039074e-01  dt=1.503e-03  relΔE=1.658e-06  ||F||=2.460e-02
 step= 80000  E=3.290664348330e+02  Q=7.420000000000e+02  λ=8.029395e-01  dt=1.163e-03  relΔE=1.142e-06  ||F||=2.285e-02
 step= 80500  E=3.288789228403e+02  Q=7.420000000000e+02  λ=8.020220e-01  dt=9.002e-04  relΔE=7.782e-07  ||F||=2.144e-02
 step= 81000  E=3.287235546570e+02  Q=7.420000000000e+02  λ=8.012386e-01  dt=1.161e-03  relΔE=8.863e-07  ||F||=2.014e-02
 step= 81500  E=3.285788755194e+02  Q=7.420000000000e+02  λ=8.004843e-01  dt=8.987e-04  relΔE=5.980e-07  ||F||=1.880e-02
 step= 82000  E=3.284600886091e+02  Q=7.420000000000e+02  λ=7.998437e-01  dt=1.159e-03  relΔE=6.753e-07  ||F||=1.758e-02
 step= 82500  E=3.283504071194e+02  Q=7.420000000000e+02  λ=7.992297e-01  dt=8.973e-04  relΔE=4.518e-07  ||F||=1.634e-02
 step= 83000  E=3.282610611273e+02  Q=7.420000000000e+02  λ=7.987102e-01  dt=1.157e-03  relΔE=5.063e-07  ||F||=1.523e-02
 step= 83500  E=3.281791593344e+02  Q=7.420000000000e+02  λ=7.982137e-01  dt=8.958e-04  relΔE=3.363e-07  ||F||=1.411e-02
 step= 84000  E=3.281128874902e+02  Q=7.420000000000e+02  λ=7.977946e-01  dt=1.156e-03  relΔE=3.746e-07  ||F||=1.311e-02
 step= 84500  E=3.280524320532e+02  Q=7.420000000000e+02  λ=7.973943e-01  dt=8.943e-04  relΔE=2.472e-07  ||F||=1.210e-02
 step= 85000  E=3.280014271916e+02  Q=7.420000000000e+02  λ=7.970401e-01  dt=1.384e-03  relΔE=3.260e-07  ||F||=1.117e-02
 step= 85500  E=3.279586773521e+02  Q=7.420000000000e+02  λ=7.967274e-01  dt=1.071e-03  relΔE=2.149e-07  ||F||=1.031e-02
 step= 86000  E=3.279212085929e+02  Q=7.420000000000e+02  λ=7.964384e-01  dt=8.293e-04  relΔE=1.406e-07  ||F||=9.472e-03
 step= 86500  E=3.278905334257e+02  Q=7.420000000000e+02  λ=7.961886e-01  dt=1.284e-03  relΔE=1.846e-07  ||F||=8.723e-03
 step= 87000  E=3.278643143845e+02  Q=7.420000000000e+02  λ=7.959622e-01  dt=9.935e-04  relΔE=1.208e-07  ||F||=8.018e-03
 step= 87500  E=3.278415359031e+02  Q=7.420000000000e+02  λ=7.957726e-01  dt=1.538e-03  relΔE=5.921e-08  ||F||=1.990e-01
 step= 88000  E=3.278234399184e+02  Q=7.420000000000e+02  λ=7.955768e-01  dt=1.190e-03  relΔE=1.028e-07  ||F||=6.757e-03
 step= 88500  E=3.278075858080e+02  Q=7.420000000000e+02  λ=7.954118e-01  dt=9.212e-04  relΔE=6.682e-08  ||F||=6.191e-03
 step= 89000  E=3.277942817972e+02  Q=7.420000000000e+02  λ=7.952640e-01  dt=1.426e-03  relΔE=8.679e-08  ||F||=5.670e-03
 step= 89500  E=3.277834108452e+02  Q=7.420000000000e+02  λ=7.951346e-01  dt=1.104e-03  relΔE=5.656e-08  ||F||=5.202e-03
 step= 90000  E=3.277739829318e+02  Q=7.420000000000e+02  λ=7.950143e-01  dt=8.542e-04  relΔE=3.662e-08  ||F||=4.756e-03
 step= 90500  E=3.277662479857e+02  Q=7.420000000000e+02  λ=7.949084e-01  dt=1.322e-03  relΔE=4.756e-08  ||F||=4.355e-03
 step= 91000  E=3.277597866812e+02  Q=7.420000000000e+02  λ=7.948130e-01  dt=1.023e-03  relΔE=3.088e-08  ||F||=3.988e-03
 step= 91500  E=3.277541941010e+02  Q=7.420000000000e+02  λ=7.947241e-01  dt=7.921e-04  relΔE=1.991e-08  ||F||=3.639e-03
 step= 92000  E=3.277497505341e+02  Q=7.420000000000e+02  λ=7.946478e-01  dt=1.226e-03  relΔE=2.591e-08  ||F||=3.335e-03
 step= 92500  E=3.277459271968e+02  Q=7.420000000000e+02  λ=7.945770e-01  dt=9.490e-04  relΔE=1.677e-08  ||F||=3.049e-03
 step= 93000  E=3.277426798309e+02  Q=7.420000000000e+02  λ=7.945118e-01  dt=1.469e-03  relΔE=2.163e-08  ||F||=2.783e-03
 step= 93500  E=3.277400802657e+02  Q=7.420000000000e+02  λ=7.944553e-01  dt=1.137e-03  relΔE=1.406e-08  ||F||=2.548e-03
 step= 94000  E=3.277378225987e+02  Q=7.420000000000e+02  λ=7.944021e-01  dt=8.799e-04  relΔE=9.075e-09  ||F||=2.326e-03
 step= 94500  E=3.277359618617e+02  Q=7.420000000000e+02  λ=7.943546e-01  dt=1.362e-03  relΔE=1.174e-08  ||F||=2.125e-03
 step= 95000  E=3.277344250033e+02  Q=7.420000000000e+02  λ=7.943119e-01  dt=1.054e-03  relΔE=7.612e-09  ||F||=1.943e-03
 step= 95500  E=3.277331011650e+02  Q=7.420000000000e+02  λ=7.942719e-01  dt=8.159e-04  relΔE=4.907e-09  ||F||=1.772e-03
 step= 96000  E=3.277320326179e+02  Q=7.420000000000e+02  λ=7.942368e-01  dt=1.263e-03  relΔE=6.367e-09  ||F||=1.621e-03
 step= 96500  E=3.277311293611e+02  Q=7.420000000000e+02  λ=7.942045e-01  dt=9.775e-04  relΔE=4.124e-09  ||F||=1.482e-03
 step= 97000  E=3.277303501039e+02  Q=7.420000000000e+02  λ=7.941743e-01  dt=1.513e-03  relΔE=5.100e-09  ||F||=9.866e-03
 step= 97500  E=3.277297368929e+02  Q=7.420000000000e+02  λ=7.941482e-01  dt=1.171e-03  relΔE=3.457e-09  ||F||=1.237e-03
 step= 98000  E=3.277292007606e+02  Q=7.420000000000e+02  λ=7.941235e-01  dt=9.064e-04  relΔE=2.234e-09  ||F||=1.129e-03
 step= 98500  E=3.277287550555e+02  Q=7.420000000000e+02  λ=7.941011e-01  dt=1.403e-03  relΔE=2.892e-09  ||F||=1.031e-03
 step= 99000  E=3.277283901683e+02  Q=7.420000000000e+02  λ=7.940811e-01  dt=1.086e-03  relΔE=1.879e-09  ||F||=9.436e-04
 step= 99500  E=3.277280754933e+02  Q=7.420000000000e+02  λ=7.940623e-01  dt=8.404e-04  relΔE=1.215e-09  ||F||=8.613e-04
 step=100000  E=3.277278172654e+02  Q=7.420000000000e+02  λ=7.940455e-01  dt=1.301e-03  relΔE=1.579e-09  ||F||=7.876e-04
 step=100500  E=3.277276012327e+02  Q=7.420000000000e+02  λ=7.940302e-01  dt=1.007e-03  relΔE=1.026e-09  ||F||=7.204e-04
 step=101000  E=3.277274137269e+02  Q=7.420000000000e+02  λ=7.940158e-01  dt=7.793e-04  relΔE=6.630e-10  ||F||=6.568e-04
 step=101500  E=3.277272647131e+02  Q=7.420000000000e+02  λ=7.940032e-01  dt=1.206e-03  relΔE=8.655e-10  ||F||=6.019e-04
 step=102000  E=3.277271355086e+02  Q=7.420000000000e+02  λ=7.939914e-01  dt=9.336e-04  relΔE=5.623e-10  ||F||=5.501e-04
 step=102500  E=3.277270258825e+02  Q=7.420000000000e+02  λ=7.939805e-01  dt=1.445e-03  relΔE=7.296e-10  ||F||=5.023e-04
 step=103000  E=3.277269372078e+02  Q=7.420000000000e+02  λ=7.939709e-01  dt=1.119e-03  relΔE=4.768e-10  ||F||=4.602e-04
 step=103500  E=3.277268599402e+02  Q=7.420000000000e+02  λ=7.939618e-01  dt=8.657e-04  relΔE=3.100e-10  ||F||=4.204e-04
 step=104000  E=3.277267957600e+02  Q=7.420000000000e+02  λ=7.939536e-01  dt=1.340e-03  relΔE=4.044e-10  ||F||=3.846e-04
 step=104500  E=3.277267423631e+02  Q=7.420000000000e+02  λ=7.939462e-01  dt=1.037e-03  relΔE=2.646e-10  ||F||=3.522e-04
 step=105000  E=3.277266957526e+02  Q=7.420000000000e+02  λ=7.939391e-01  dt=8.027e-04  relΔE=1.722e-10  ||F||=3.217e-04
 step=105500  E=3.277266579349e+02  Q=7.420000000000e+02  λ=7.939329e-01  dt=1.243e-03  relΔE=2.260e-10  ||F||=2.948e-04
 step=106000  E=3.277266254714e+02  Q=7.420000000000e+02  λ=7.939272e-01  dt=9.617e-04  relΔE=1.481e-10  ||F||=2.699e-04
 step=106500  E=3.277265971933e+02  Q=7.420000000000e+02  λ=7.939218e-01  dt=1.489e-03  relΔE=1.926e-10  ||F||=5.115e-04
 step=107000  E=3.277265745865e+02  Q=7.420000000000e+02  λ=7.939171e-01  dt=1.152e-03  relΔE=1.274e-10  ||F||=2.262e-04
 step=107500  E=3.277265545986e+02  Q=7.420000000000e+02  λ=7.939126e-01  dt=8.918e-04  relΔE=8.358e-11  ||F||=2.069e-04
 step=108000  E=3.277265377322e+02  Q=7.420000000000e+02  λ=7.939085e-01  dt=1.380e-03  relΔE=1.099e-10  ||F||=1.894e-04
 step=108500  E=3.277265236727e+02  Q=7.420000000000e+02  λ=7.939048e-01  dt=1.068e-03  relΔE=7.259e-11  ||F||=1.737e-04
 step=109000  E=3.277265113186e+02  Q=7.420000000000e+02  λ=7.939014e-01  dt=8.269e-04  relΔE=4.777e-11  ||F||=1.589e-04
 step=109500  E=3.277265010192e+02  Q=7.420000000000e+02  λ=7.938983e-01  dt=1.280e-03  relΔE=6.319e-11  ||F||=1.456e-04
 step=110000  E=3.277264922548e+02  Q=7.420000000000e+02  λ=7.938954e-01  dt=9.907e-04  relΔE=4.189e-11  ||F||=1.335e-04
 step=110500  E=3.277264844785e+02  Q=7.420000000000e+02  λ=7.938927e-01  dt=7.667e-04  relΔE=2.765e-11  ||F||=1.221e-04
 step=111000  E=3.277264781904e+02  Q=7.420000000000e+02  λ=7.938904e-01  dt=1.187e-03  relΔE=3.689e-11  ||F||=1.122e-04
 step=111500  E=3.277264725840e+02  Q=7.420000000000e+02  λ=7.938882e-01  dt=9.186e-04  relΔE=2.451e-11  ||F||=1.028e-04
 step=112000  E=3.277264677338e+02  Q=7.420000000000e+02  λ=7.938861e-01  dt=1.422e-03  relΔE=3.261e-11  ||F||=9.409e-05
 step=112500  E=3.277264636840e+02  Q=7.420000000000e+02  λ=7.938843e-01  dt=1.101e-03  relΔE=2.183e-11  ||F||=8.639e-05
 step=113000  E=3.277264600809e+02  Q=7.420000000000e+02  λ=7.938826e-01  dt=8.518e-04  relΔE=1.458e-11  ||F||=7.912e-05
 step=113500  E=3.277264570022e+02  Q=7.420000000000e+02  λ=7.938810e-01  dt=1.318e-03  relΔE=1.954e-11  ||F||=7.256e-05
 step=114000  E=3.277264543686e+02  Q=7.420000000000e+02  λ=7.938796e-01  dt=1.020e-03  relΔE=1.315e-11  ||F||=6.661e-05
 step=114500  E=3.277264519968e+02  Q=7.420000000000e+02  λ=7.938782e-01  dt=7.898e-04  relΔE=8.818e-12  ||F||=6.097e-05
 step=115000  E=3.277264500208e+02  Q=7.420000000000e+02  λ=7.938770e-01  dt=1.223e-03  relΔE=1.192e-11  ||F||=5.602e-05
 step=115500  E=3.277264482649e+02  Q=7.420000000000e+02  λ=7.938759e-01  dt=9.462e-04  relΔE=8.060e-12  ||F||=5.140e-05
 step=116000  E=3.277264466912e+02  Q=7.420000000000e+02  λ=7.938749e-01  dt=1.465e-03  relΔE=1.088e-11  ||F||=5.640e-05
 step=116500  E=3.277264453834e+02  Q=7.420000000000e+02  λ=7.938740e-01  dt=1.134e-03  relΔE=7.410e-12  ||F||=4.327e-05
 step=117000  E=3.277264441893e+02  Q=7.420000000000e+02  λ=7.938731e-01  dt=8.774e-04  relΔE=5.032e-12  ||F||=3.967e-05
 step=117500  E=3.277264431466e+02  Q=7.420000000000e+02  λ=7.938723e-01  dt=1.358e-03  relΔE=6.856e-12  ||F||=3.639e-05
 step=118000  E=3.277264422464e+02  Q=7.420000000000e+02  λ=7.938716e-01  dt=1.051e-03  relΔE=4.692e-12  ||F||=3.344e-05
 step=118500  E=3.277264414258e+02  Q=7.420000000000e+02  λ=7.938709e-01  dt=8.136e-04  relΔE=3.205e-12  ||F||=3.065e-05
 step=119000  E=3.277264407188e+02  Q=7.420000000000e+02  λ=7.938703e-01  dt=1.259e-03  relΔE=4.402e-12  ||F||=2.817e-05
 step=119500  E=3.277264400894e+02  Q=7.420000000000e+02  λ=7.938698e-01  dt=9.747e-04  relΔE=3.028e-12  ||F||=2.588e-05
 step=120000  E=3.277264395094e+02  Q=7.420000000000e+02  λ=7.938692e-01  dt=7.544e-04  relΔE=2.079e-12  ||F||=3.685e-05
 step=120500  E=3.277264390239e+02  Q=7.420000000000e+02  λ=7.938688e-01  dt=1.168e-03  relΔE=2.878e-12  ||F||=2.182e-05
 step=121000  E=3.277264385724e+02  Q=7.420000000000e+02  λ=7.938683e-01  dt=9.038e-04  relΔE=1.988e-12  ||F||=2.002e-05
 step=121500  E=3.277264381687e+02  Q=7.420000000000e+02  λ=7.938679e-01  dt=1.399e-03  relΔE=2.751e-12  ||F||=1.838e-05
 step=122000  E=3.277264378171e+02  Q=7.420000000000e+02  λ=7.938676e-01  dt=1.083e-03  relΔE=1.913e-12  ||F||=1.690e-05
 step=122500  E=3.277264374923e+02  Q=7.420000000000e+02  λ=7.938672e-01  dt=8.380e-04  relΔE=1.328e-12  ||F||=1.551e-05
 step=123000  E=3.277264372041e+02  Q=7.420000000000e+02  λ=7.938669e-01  dt=1.297e-03  relΔE=1.849e-12  ||F||=1.425e-05
 step=123500  E=3.277264369478e+02  Q=7.420000000000e+02  λ=7.938666e-01  dt=1.004e-03  relΔE=1.291e-12  ||F||=1.311e-05
 step=124000  E=3.277264367076e+02  Q=7.420000000000e+02  λ=7.938664e-01  dt=7.771e-04  relΔE=8.992e-13  ||F||=1.202e-05
 step=124500  E=3.277264365016e+02  Q=7.420000000000e+02  λ=7.938661e-01  dt=1.203e-03  relΔE=1.261e-12  ||F||=1.107e-05
 step=125000  E=3.277264363127e+02  Q=7.420000000000e+02  λ=7.938659e-01  dt=7.758e-04  relΔE=7.365e-13  ||F||=1.018e-05
 step=125500  E=3.277264361432e+02  Q=7.420000000000e+02  λ=7.938657e-01  dt=1.201e-03  relΔE=1.035e-12  ||F||=9.375e-06
 step=126000  E=3.277264359877e+02  Q=7.420000000000e+02  λ=7.938655e-01  dt=7.745e-04  relΔE=6.067e-13  ||F||=8.625e-06
 step=126500  E=3.277264358480e+02  Q=7.420000000000e+02  λ=7.938654e-01  dt=1.199e-03  relΔE=8.542e-13  ||F||=7.944e-06
 step=127000  E=3.277264357196e+02  Q=7.420000000000e+02  λ=7.938652e-01  dt=7.733e-04  relΔE=5.014e-13  ||F||=7.310e-06
 step=127500  E=3.277264356038e+02  Q=7.420000000000e+02  λ=7.938651e-01  dt=1.197e-03  relΔE=7.080e-13  ||F||=6.734e-06
 step=128000  E=3.277264354953e+02  Q=7.420000000000e+02  λ=7.938649e-01  dt=9.264e-04  relΔE=4.992e-13  ||F||=6.189e-06
 step=128500  E=3.277264353952e+02  Q=7.420000000000e+02  λ=7.938648e-01  dt=1.434e-03  relΔE=7.028e-13  ||F||=5.818e-06
 step=129000  E=3.277264353078e+02  Q=7.420000000000e+02  λ=7.938647e-01  dt=1.110e-03  relΔE=4.973e-13  ||F||=5.235e-06
 step=129500  E=3.277264352252e+02  Q=7.420000000000e+02  λ=7.938646e-01  dt=8.590e-04  relΔE=3.512e-13  ||F||=4.809e-06
 step=130000  E=3.277264351503e+02  Q=7.420000000000e+02  λ=7.938645e-01  dt=1.330e-03  relΔE=4.969e-13  ||F||=4.422e-06
 step=130500  E=3.277264350831e+02  Q=7.420000000000e+02  λ=7.938644e-01  dt=1.029e-03  relΔE=3.518e-13  ||F||=4.072e-06
 step=131000  E=3.277264350195e+02  Q=7.420000000000e+02  λ=7.938643e-01  dt=7.965e-04  relΔE=2.491e-13  ||F||=3.739e-06
 step=131500  E=3.277264349632e+02  Q=7.420000000000e+02  λ=7.938642e-01  dt=1.233e-03  relΔE=3.531e-13  ||F||=3.444e-06
 step=132000  E=3.277264349111e+02  Q=7.420000000000e+02  λ=7.938642e-01  dt=9.543e-04  relΔE=2.503e-13  ||F||=3.168e-06
 step=132500  E=3.277264348619e+02  Q=7.420000000000e+02  λ=7.938641e-01  dt=1.477e-03  relΔE=3.098e-13  ||F||=1.453e-04
 step=133000  E=3.277264348194e+02  Q=7.420000000000e+02  λ=7.938641e-01  dt=1.143e-03  relΔE=2.517e-13  ||F||=2.682e-06
 step=133500  E=3.277264347788e+02  Q=7.420000000000e+02  λ=7.938640e-01  dt=8.849e-04  relΔE=1.785e-13  ||F||=2.466e-06
 step=134000  E=3.277264347417e+02  Q=7.420000000000e+02  λ=7.938640e-01  dt=1.370e-03  relΔE=2.538e-13  ||F||=2.268e-06
 step=134500  E=3.277264347084e+02  Q=7.420000000000e+02  λ=7.938639e-01  dt=1.060e-03  relΔE=1.807e-13  ||F||=2.089e-06
 step=135000  E=3.277264346769e+02  Q=7.420000000000e+02  λ=7.938639e-01  dt=8.205e-04  relΔE=1.284e-13  ||F||=1.920e-06
 step=135500  E=3.277264346484e+02  Q=7.420000000000e+02  λ=7.938638e-01  dt=1.270e-03  relΔE=1.823e-13  ||F||=1.768e-06
 step=136000  E=3.277264346225e+02  Q=7.420000000000e+02  λ=7.938638e-01  dt=9.830e-04  relΔE=1.297e-13  ||F||=1.628e-06
 step=136500  E=3.277264345978e+02  Q=7.420000000000e+02  λ=7.938638e-01  dt=7.608e-04  relΔE=9.210e-14  ||F||=1.495e-06
 step=137000  E=3.277264345763e+02  Q=7.420000000000e+02  λ=7.938637e-01  dt=1.178e-03  relΔE=1.313e-13  ||F||=1.379e-06
 step=137500  E=3.277264345558e+02  Q=7.420000000000e+02  λ=7.938637e-01  dt=9.115e-04  relΔE=9.349e-14  ||F||=1.269e-06
 step=138000  E=3.277264345368e+02  Q=7.420000000000e+02  λ=7.938637e-01  dt=1.411e-03  relΔE=1.330e-13  ||F||=1.178e-06
 step=138500  E=3.277264345200e+02  Q=7.420000000000e+02  λ=7.938637e-01  dt=1.092e-03  relΔE=9.505e-14  ||F||=1.076e-06
 step=139000  E=3.277264345040e+02  Q=7.420000000000e+02  λ=7.938636e-01  dt=8.452e-04  relΔE=6.764e-14  ||F||=9.895e-07
 step=139500  E=3.277264344894e+02  Q=7.420000000000e+02  λ=7.938636e-01  dt=1.308e-03  relΔE=9.609e-14  ||F||=9.109e-07
 step=140000  E=3.277264344762e+02  Q=7.420000000000e+02  λ=7.938636e-01  dt=1.013e-03  relΔE=6.869e-14  ||F||=8.395e-07
 step=140500  E=3.277264344636e+02  Q=7.420000000000e+02  λ=7.938636e-01  dt=7.837e-04  relΔE=4.874e-14  ||F||=7.715e-07
 step=141000  E=3.277264344525e+02  Q=7.420000000000e+02  λ=7.938636e-01  dt=1.213e-03  relΔE=6.990e-14  ||F||=7.115e-07
 step=141500  E=3.277264344420e+02  Q=7.420000000000e+02  λ=7.938636e-01  dt=9.389e-04  relΔE=4.978e-14  ||F||=6.551e-07
 step=142000  E=3.277264344322e+02  Q=7.420000000000e+02  λ=7.938635e-01  dt=1.453e-03  relΔE=7.094e-14  ||F||=1.290e-05
 step=142500  E=3.277264344236e+02  Q=7.420000000000e+02  λ=7.938635e-01  dt=1.125e-03  relΔE=5.047e-14  ||F||=5.556e-07
 step=143000  E=3.277264344154e+02  Q=7.420000000000e+02  λ=7.938635e-01  dt=8.706e-04  relΔE=3.573e-14  ||F||=5.113e-07
 step=143500  E=3.277264344078e+02  Q=7.420000000000e+02  λ=7.938635e-01  dt=1.348e-03  relΔE=5.082e-14  ||F||=4.707e-07
 step=144000  E=3.277264344010e+02  Q=7.420000000000e+02  λ=7.938635e-01  dt=1.043e-03  relΔE=3.642e-14  ||F||=4.340e-07
 step=144500  E=3.277264343946e+02  Q=7.420000000000e+02  λ=7.938635e-01  dt=8.073e-04  relΔE=2.602e-14  ||F||=3.992e-07
 step=145000  E=3.277264343887e+02  Q=7.420000000000e+02  λ=7.938635e-01  dt=1.250e-03  relΔE=3.677e-14  ||F||=3.679e-07
 step=145500  E=3.277264343834e+02  Q=7.420000000000e+02  λ=7.938635e-01  dt=9.671e-04  relΔE=2.671e-14  ||F||=3.391e-07
 step=146000  E=3.277264343782e+02  Q=7.420000000000e+02  λ=7.938635e-01  dt=7.485e-04  relΔE=1.891e-14  ||F||=3.538e-07
 step=146500  E=3.277264343738e+02  Q=7.420000000000e+02  λ=7.938635e-01  dt=1.159e-03  relΔE=2.688e-14  ||F||=2.878e-07
 step=147000  E=3.277264343695e+02  Q=7.420000000000e+02  λ=7.938635e-01  dt=8.968e-04  relΔE=1.891e-14  ||F||=2.649e-07
 step=147500  E=3.277264343656e+02  Q=7.420000000000e+02  λ=7.938634e-01  dt=1.388e-03  relΔE=2.740e-14  ||F||=2.461e-07
 step=148000  E=3.277264343621e+02  Q=7.420000000000e+02  λ=7.938634e-01  dt=1.074e-03  relΔE=1.995e-14  ||F||=2.250e-07
 step=148500  E=3.277264343587e+02  Q=7.420000000000e+02  λ=7.938634e-01  dt=8.315e-04  relΔE=1.422e-14  ||F||=2.071e-07
 step=149000  E=3.277264343557e+02  Q=7.420000000000e+02  λ=7.938634e-01  dt=1.287e-03  relΔE=2.029e-14  ||F||=1.908e-07
 step=149500  E=3.277264343529e+02  Q=7.420000000000e+02  λ=7.938634e-01  dt=9.962e-04  relΔE=1.422e-14  ||F||=1.760e-07
 step=150000  E=3.277264343503e+02  Q=7.420000000000e+02  λ=7.938634e-01  dt=7.710e-04  relΔE=1.058e-14  ||F||=1.618e-07
 step=150500  E=3.277264343479e+02  Q=7.420000000000e+02  λ=7.938634e-01  dt=1.194e-03  relΔE=1.457e-14  ||F||=1.494e-07
 step=151000  E=3.277264343457e+02  Q=7.420000000000e+02  λ=7.938634e-01  dt=9.237e-04  relΔE=1.006e-14  ||F||=1.376e-07
 step=151500  E=3.277264343436e+02  Q=7.420000000000e+02  λ=7.938634e-01  dt=1.430e-03  relΔE=1.457e-14  ||F||=7.952e-07
 step=152000  E=3.277264343418e+02  Q=7.420000000000e+02  λ=7.938634e-01  dt=1.107e-03  relΔE=1.041e-14  ||F||=1.169e-07
 step=152500  E=3.277264343401e+02  Q=7.420000000000e+02  λ=7.938634e-01  dt=8.565e-04  relΔE=7.458e-15  ||F||=1.076e-07
 step=153000  E=3.277264343385e+02  Q=7.420000000000e+02  λ=7.938634e-01  dt=1.326e-03  relΔE=1.093e-14  ||F||=9.916e-08
 step=153500  E=3.277264343370e+02  Q=7.420000000000e+02  λ=7.938634e-01  dt=1.026e-03  relΔE=7.458e-15  ||F||=9.151e-08
 step=154000  E=3.277264343357e+02  Q=7.420000000000e+02  λ=7.938634e-01  dt=7.942e-04  relΔE=5.030e-15  ||F||=8.421e-08
 step=154500  E=3.277264343344e+02  Q=7.420000000000e+02  λ=7.938634e-01  dt=1.229e-03  relΔE=7.979e-15  ||F||=7.769e-08
 step=155000  E=3.277264343333e+02  Q=7.420000000000e+02  λ=7.938634e-01  dt=9.515e-04  relΔE=5.550e-15  ||F||=7.164e-08
 step=155500  E=3.277264343322e+02  Q=7.420000000000e+02  λ=7.938634e-01  dt=6.137e-04  relΔE=1.613e-14  ||F||=8.612e-05
 step=156000  E=3.277264343313e+02  Q=7.420000000000e+02  λ=7.938634e-01  dt=9.500e-04  relΔE=5.203e-15  ||F||=6.104e-08
 step=156500  E=3.277264343304e+02  Q=7.420000000000e+02  λ=7.938634e-01  dt=6.127e-04  relΔE=1.093e-14  ||F||=6.448e-05
 step=157000  E=3.277264343296e+02  Q=7.420000000000e+02  λ=7.938634e-01  dt=9.484e-04  relΔE=3.989e-15  ||F||=5.201e-08
 Converged (aggressive): step=157243, E=3.277264343292e+02, Q=7.420000000000e+02, dt=9.833e-04, ||F||=5.000e-08

Stationary candidate (aggressive): E=3.277264343292e+02, Q=7.420000000000e+02, maxρ=6.269898e-01

=== Stability test (damped inertial dynamics) ===
Perturb eps=0.02, gamma=1
t=0: E=3.641374317639e+02, Q=7.420000000000e+02, maxρ=6.468753e-01, σ=2.780060e+00, Rc=1.822864e+01
 step=     1  E=3.641372483894e+02  Q=7.420000000000e+02  λ=1.182234e+00  maxρ=6.468753e-01  minρ=4.881e-10  σ=2.780060e+00  Rc=1.822864e+01
 step=   300  E=3.566193198539e+02  Q=7.420000000000e+02  λ=1.078624e+00  maxρ=6.457781e-01  minρ=4.893e-10  σ=2.780056e+00  Rc=1.822864e+01
 step=   600  E=3.415070112848e+02  Q=7.420000000000e+02  λ=8.911482e-01  maxρ=6.426845e-01  minρ=4.927e-10  σ=2.780051e+00  Rc=1.822864e+01
 step=   900  E=3.326792386084e+02  Q=7.420000000000e+02  λ=8.317264e-01  maxρ=6.381086e-01  minρ=4.898e-10  σ=2.780049e+00  Rc=1.822864e+01
 step=  1200  E=3.360728572785e+02  Q=7.420000000000e+02  λ=9.401818e-01  maxρ=6.361024e-01  minρ=4.843e-10  σ=2.780052e+00  Rc=1.822864e+01
 step=  1500  E=3.451476438552e+02  Q=7.420000000000e+02  λ=1.057348e+00  maxρ=6.399144e-01  minρ=4.809e-10  σ=2.780054e+00  Rc=1.822863e+01
 step=  1800  E=3.497704633628e+02  Q=7.420000000000e+02  λ=1.042816e+00  maxρ=6.419624e-01  minρ=4.806e-10  σ=2.780051e+00  Rc=1.822863e+01
 step=  2100  E=3.470395576263e+02  Q=7.420000000000e+02  λ=9.406013e-01  maxρ=6.386943e-01  minρ=4.809e-10  σ=2.780048e+00  Rc=1.822864e+01
 step=  2400  E=3.422538304310e+02  Q=7.420000000000e+02  λ=8.937298e-01  maxρ=6.324203e-01  minρ=4.778e-10  σ=2.780048e+00  Rc=1.822864e+01
 step=  2700  E=3.410781716456e+02  Q=7.420000000000e+02  λ=9.493204e-01  maxρ=6.358489e-01  minρ=4.680e-10  σ=2.780052e+00  Rc=1.822863e+01
 step=  3000  E=3.433858093991e+02  Q=7.420000000000e+02  λ=1.015679e+00  maxρ=6.438377e-01  minρ=4.659e-10  σ=2.780053e+00  Rc=1.822863e+01
 step=  3300  E=3.451213110874e+02  Q=7.420000000000e+02  λ=1.002709e+00  maxρ=6.454938e-01  minρ=4.733e-10  σ=2.780049e+00  Rc=1.822864e+01
 step=  3600  E=3.440550200744e+02  Q=7.420000000000e+02  λ=9.372270e-01  maxρ=6.408704e-01  minρ=4.782e-10  σ=2.780044e+00  Rc=1.822864e+01
 step=  3900  E=3.418621499068e+02  Q=7.420000000000e+02  λ=9.085330e-01  maxρ=6.407034e-01  minρ=4.799e-10  σ=2.780045e+00  Rc=1.822863e+01
 step=  4200  E=3.410831122628e+02  Q=7.420000000000e+02  λ=9.421402e-01  maxρ=6.384776e-01  minρ=4.665e-10  σ=2.780048e+00  Rc=1.822863e+01
 step=  4500  E=3.418930896992e+02  Q=7.420000000000e+02  λ=9.780917e-01  maxρ=6.372417e-01  minρ=4.534e-10  σ=2.780049e+00  Rc=1.822863e+01
 step=  4800  E=3.425810466992e+02  Q=7.420000000000e+02  λ=9.650310e-01  maxρ=6.395143e-01  minρ=4.484e-10  σ=2.780046e+00  Rc=1.822863e+01
 step=  5100  E=3.421550906231e+02  Q=7.420000000000e+02  λ=9.265560e-01  maxρ=6.402800e-01  minρ=4.530e-10  σ=2.780041e+00  Rc=1.822863e+01
 step=  5400  E=3.413064794637e+02  Q=7.420000000000e+02  λ=9.164245e-01  maxρ=6.395275e-01  minρ=4.440e-10  σ=2.780039e+00  Rc=1.822863e+01
 step=  5700  E=3.410016476913e+02  Q=7.420000000000e+02  λ=9.410605e-01  maxρ=6.373446e-01  minρ=4.317e-10  σ=2.780040e+00  Rc=1.822862e+01
 step=  6000  E=3.411620418037e+02  Q=7.420000000000e+02  λ=9.588671e-01  maxρ=6.360668e-01  minρ=4.299e-10  σ=2.780041e+00  Rc=1.822862e+01
 >>> No runaway detected in this horizon. Likely stable (within this model & box).

STABILITY: PASS
