
=== Aggressive relaxation to Q = 993 ===
Initial: E=5.925285745602e+02, Q=9.930000000000e+02, dt=1.000e-04
 step=     1  E=5.925105283242e+02  Q=9.930000000000e+02  λ=1.171719e+00  dt=1.000e-04  relΔE=3.046e-05  ||F||=4.268e-01
 step=   500  E=5.729016362920e+02  Q=9.930000000000e+02  λ=1.115629e+00  dt=6.192e-04  relΔE=1.149e-04  ||F||=3.588e-01
 step=  1000  E=5.337802826029e+02  Q=9.930000000000e+02  λ=1.006352e+00  dt=9.584e-04  relΔE=7.912e-05  ||F||=2.310e-01
 step=  1500  E=5.141838299820e+02  Q=9.930000000000e+02  λ=9.531026e-01  dt=1.484e-03  relΔE=6.362e-05  ||F||=1.634e-01
 step=  2000  E=5.039902829258e+02  Q=9.930000000000e+02  λ=9.259797e-01  dt=1.148e-03  relΔE=2.984e-05  ||F||=1.259e-01
 step=  2500  E=4.974278794258e+02  Q=9.930000000000e+02  λ=9.089662e-01  dt=8.887e-04  relΔE=1.516e-05  ||F||=1.013e-01
 step=  3000  E=4.930882054132e+02  Q=9.930000000000e+02  λ=8.980722e-01  dt=1.376e-03  relΔE=1.669e-05  ||F||=8.511e-02
 step=  3500  E=4.899392595427e+02  Q=9.930000000000e+02  λ=8.904263e-01  dt=1.065e-03  relΔE=9.827e-06  ||F||=7.398e-02
 step=  4000  E=4.874325080928e+02  Q=9.930000000000e+02  λ=8.845630e-01  dt=8.241e-04  relΔE=6.108e-06  ||F||=6.614e-02
 step=  4500  E=4.854791840089e+02  Q=9.930000000000e+02  λ=8.801653e-01  dt=1.276e-03  relΔE=7.773e-06  ||F||=5.983e-02
 step=  5000  E=4.838132986937e+02  Q=9.930000000000e+02  λ=8.765389e-01  dt=9.873e-04  relΔE=5.138e-06  ||F||=5.519e-02
 step=  5500  E=4.823414622971e+02  Q=9.930000000000e+02  λ=8.734471e-01  dt=1.528e-03  relΔE=6.875e-06  ||F||=1.033e-01
 step=  6000  E=4.811216368012e+02  Q=9.930000000000e+02  λ=8.709488e-01  dt=1.183e-03  relΔE=4.772e-06  ||F||=4.846e-02
 step=  6500  E=4.799850669376e+02  Q=9.930000000000e+02  λ=8.686854e-01  dt=9.154e-04  relΔE=3.320e-06  ||F||=4.589e-02
 step=  7000  E=4.789672919697e+02  Q=9.930000000000e+02  λ=8.667088e-01  dt=1.417e-03  relΔE=4.671e-06  ||F||=4.370e-02
 step=  7500  E=4.780583658692e+02  Q=9.930000000000e+02  λ=8.649779e-01  dt=1.097e-03  relΔE=3.318e-06  ||F||=4.182e-02
 step=  8000  E=4.771957511403e+02  Q=9.930000000000e+02  λ=8.633661e-01  dt=8.488e-04  relΔE=2.367e-06  ||F||=4.011e-02
 step=  8500  E=4.764205709919e+02  Q=9.930000000000e+02  λ=8.619436e-01  dt=1.314e-03  relΔE=3.400e-06  ||F||=3.861e-02
 step=  9000  E=4.756986462974e+02  Q=9.930000000000e+02  λ=8.606369e-01  dt=1.017e-03  relΔE=2.453e-06  ||F||=3.725e-02
 step=  9500  E=4.750026890438e+02  Q=9.930000000000e+02  λ=8.593949e-01  dt=7.871e-04  relΔE=1.792e-06  ||F||=3.916e-02
 step= 10000  E=4.743872987720e+02  Q=9.930000000000e+02  λ=8.583114e-01  dt=1.218e-03  relΔE=2.579e-06  ||F||=3.484e-02
 step= 10500  E=4.737894271694e+02  Q=9.930000000000e+02  λ=8.572696e-01  dt=9.430e-04  relΔE=1.877e-06  ||F||=3.377e-02
 step= 11000  E=4.732234261032e+02  Q=9.930000000000e+02  λ=8.562953e-01  dt=1.460e-03  relΔE=2.738e-06  ||F||=3.276e-02
 step= 11500  E=4.727068452830e+02  Q=9.930000000000e+02  λ=8.554137e-01  dt=1.130e-03  relΔE=2.005e-06  ||F||=3.185e-02
 step= 12000  E=4.722007442224e+02  Q=9.930000000000e+02  λ=8.545584e-01  dt=8.744e-04  relΔE=1.468e-06  ||F||=3.096e-02
 step= 12500  E=4.717316648300e+02  Q=9.930000000000e+02  λ=8.537738e-01  dt=1.353e-03  relΔE=2.157e-06  ||F||=3.015e-02
 step= 13000  E=4.712890635669e+02  Q=9.930000000000e+02  λ=8.530389e-01  dt=1.048e-03  relΔE=1.587e-06  ||F||=2.938e-02
 step= 13500  E=4.708550012922e+02  Q=9.930000000000e+02  λ=8.523244e-01  dt=8.108e-04  relΔE=1.169e-06  ||F||=2.865e-02
 step= 14000  E=4.704592459566e+02  Q=9.930000000000e+02  λ=8.516791e-01  dt=1.255e-03  relΔE=1.724e-06  ||F||=2.795e-02
 step= 14500  E=4.700741298254e+02  Q=9.930000000000e+02  λ=8.510553e-01  dt=9.713e-04  relΔE=1.273e-06  ||F||=2.729e-02
 step= 15000  E=4.696990476836e+02  Q=9.930000000000e+02  λ=8.504534e-01  dt=1.504e-03  relΔE=1.880e-06  ||F||=2.696e-02
 step= 15500  E=4.693581815166e+02  Q=9.930000000000e+02  λ=8.499099e-01  dt=1.164e-03  relΔE=1.393e-06  ||F||=2.607e-02
 step= 16000  E=4.690188401568e+02  Q=9.930000000000e+02  λ=8.493731e-01  dt=9.007e-04  relΔE=1.032e-06  ||F||=2.549e-02
 step= 16500  E=4.686972387715e+02  Q=9.930000000000e+02  λ=8.488690e-01  dt=1.394e-03  relΔE=1.531e-06  ||F||=2.494e-02
 step= 17000  E=4.683939788455e+02  Q=9.930000000000e+02  λ=8.483967e-01  dt=1.079e-03  relΔE=1.137e-06  ||F||=2.443e-02
 step= 17500  E=4.681054914404e+02  Q=9.930000000000e+02  λ=8.479513e-01  dt=1.392e-03  relΔE=1.410e-06  ||F||=2.394e-02
 step= 18000  E=4.678258492782e+02  Q=9.930000000000e+02  λ=8.475224e-01  dt=1.077e-03  relΔE=1.050e-06  ||F||=2.347e-02
 step= 18500  E=4.675593525746e+02  Q=9.930000000000e+02  λ=8.471174e-01  dt=1.390e-03  relΔE=1.304e-06  ||F||=2.303e-02
 step= 19000  E=4.673001689758e+02  Q=9.930000000000e+02  λ=8.467261e-01  dt=1.076e-03  relΔE=9.719e-07  ||F||=2.259e-02
 step= 19500  E=4.670424952055e+02  Q=9.930000000000e+02  λ=8.463403e-01  dt=8.324e-04  relΔE=7.243e-07  ||F||=2.216e-02
 step= 20000  E=4.668027432980e+02  Q=9.930000000000e+02  λ=8.459848e-01  dt=1.289e-03  relΔE=1.082e-06  ||F||=2.177e-02
 step= 20500  E=4.665692754162e+02  Q=9.930000000000e+02  λ=8.456410e-01  dt=9.973e-04  relΔE=8.083e-07  ||F||=2.138e-02
 step= 21000  E=4.663363177721e+02  Q=9.930000000000e+02  λ=8.453645e-01  dt=1.544e-03  relΔE=8.773e-07  ||F||=3.585e-01
 step= 21500  E=4.661245645004e+02  Q=9.930000000000e+02  λ=8.449949e-01  dt=1.195e-03  relΔE=9.043e-07  ||F||=2.065e-02
 step= 22000  E=4.659111749785e+02  Q=9.930000000000e+02  λ=8.446887e-01  dt=9.248e-04  relΔE=6.768e-07  ||F||=2.030e-02
 step= 22500  E=4.657052347807e+02  Q=9.930000000000e+02  λ=8.443963e-01  dt=1.431e-03  relΔE=1.014e-06  ||F||=1.997e-02
 step= 23000  E=4.655110259923e+02  Q=9.930000000000e+02  λ=8.441227e-01  dt=1.108e-03  relΔE=7.607e-07  ||F||=1.966e-02
 step= 23500  E=4.653159494654e+02  Q=9.930000000000e+02  λ=8.438505e-01  dt=8.575e-04  relΔE=5.705e-07  ||F||=1.934e-02
 step= 24000  E=4.651316869869e+02  Q=9.930000000000e+02  λ=8.435960e-01  dt=1.327e-03  relΔE=8.570e-07  ||F||=1.905e-02
 step= 24500  E=4.649529509492e+02  Q=9.930000000000e+02  λ=8.433513e-01  dt=1.027e-03  relΔE=6.440e-07  ||F||=1.877e-02
 step= 25000  E=4.647734163230e+02  Q=9.930000000000e+02  λ=8.431079e-01  dt=7.951e-04  relΔE=4.839e-07  ||F||=1.849e-02
 step= 25500  E=4.646079734507e+02  Q=9.930000000000e+02  λ=8.428861e-01  dt=1.231e-03  relΔE=7.287e-07  ||F||=1.823e-02
 step= 26000  E=4.644421849316e+02  Q=9.930000000000e+02  λ=8.426658e-01  dt=9.526e-04  relΔE=5.486e-07  ||F||=1.798e-02
 step= 26500  E=4.642788836152e+02  Q=9.930000000000e+02  λ=8.424514e-01  dt=1.475e-03  relΔE=8.262e-07  ||F||=1.773e-02
 step= 27000  E=4.641264586864e+02  Q=9.930000000000e+02  λ=8.422530e-01  dt=1.141e-03  relΔE=6.233e-07  ||F||=1.750e-02
 step= 27500  E=4.639721927871e+02  Q=9.930000000000e+02  λ=8.420544e-01  dt=8.833e-04  relΔE=4.701e-07  ||F||=1.728e-02
 step= 28000  E=4.638239786140e+02  Q=9.930000000000e+02  λ=8.418659e-01  dt=1.367e-03  relΔE=7.097e-07  ||F||=1.706e-02
 step= 28500  E=4.636808235537e+02  Q=9.930000000000e+02  λ=8.416856e-01  dt=1.058e-03  relΔE=5.362e-07  ||F||=1.685e-02
 step= 29000  E=4.635366533504e+02  Q=9.930000000000e+02  λ=8.415061e-01  dt=8.190e-04  relΔE=4.051e-07  ||F||=1.665e-02
 step= 29500  E=4.634011171036e+02  Q=9.930000000000e+02  λ=8.413394e-01  dt=1.268e-03  relΔE=6.130e-07  ||F||=1.646e-02
 step= 30000  E=4.632665203135e+02  Q=9.930000000000e+02  λ=8.411756e-01  dt=9.812e-04  relΔE=4.640e-07  ||F||=1.627e-02
 step= 30500  E=4.631312070830e+02  Q=9.930000000000e+02  λ=8.410133e-01  dt=1.519e-03  relΔE=7.012e-07  ||F||=2.800e-02
 step= 31000  E=4.630062960395e+02  Q=9.930000000000e+02  λ=8.408645e-01  dt=1.176e-03  relΔE=5.326e-07  ||F||=1.592e-02
 step= 31500  E=4.628786460799e+02  Q=9.930000000000e+02  λ=8.407146e-01  dt=9.098e-04  relΔE=4.037e-07  ||F||=1.576e-02
 step= 32000  E=4.627543556178e+02  Q=9.930000000000e+02  λ=8.405705e-01  dt=1.408e-03  relΔE=6.126e-07  ||F||=1.560e-02
 step= 32500  E=4.626349570500e+02  Q=9.930000000000e+02  λ=8.404336e-01  dt=1.090e-03  relΔE=4.652e-07  ||F||=1.545e-02
 step= 33000  E=4.625140542330e+02  Q=9.930000000000e+02  λ=8.402967e-01  dt=8.436e-04  relΔE=3.533e-07  ||F||=1.530e-02
 step= 33500  E=4.623985530228e+02  Q=9.930000000000e+02  λ=8.401677e-01  dt=1.306e-03  relΔE=5.373e-07  ||F||=1.516e-02
 step= 34000  E=4.622846381566e+02  Q=9.930000000000e+02  λ=8.400418e-01  dt=1.011e-03  relΔE=4.087e-07  ||F||=1.503e-02
 step= 34500  E=4.621689053767e+02  Q=9.930000000000e+02  λ=8.399156e-01  dt=7.823e-04  relΔE=3.110e-07  ||F||=1.609e-02
 step= 35000  E=4.620613388254e+02  Q=9.930000000000e+02  λ=8.397999e-01  dt=1.211e-03  relΔE=4.739e-07  ||F||=1.478e-02
 step= 35500  E=4.619514748140e+02  Q=9.930000000000e+02  λ=8.396830e-01  dt=9.372e-04  relΔE=3.611e-07  ||F||=1.467e-02
 step= 36000  E=4.618427122938e+02  Q=9.930000000000e+02  λ=8.395690e-01  dt=1.451e-03  relΔE=5.507e-07  ||F||=1.456e-02
 step= 36500  E=4.617391344303e+02  Q=9.930000000000e+02  λ=8.394616e-01  dt=1.123e-03  relΔE=4.204e-07  ||F||=1.446e-02
 step= 37000  E=4.616332587295e+02  Q=9.930000000000e+02  λ=8.393532e-01  dt=8.690e-04  relΔE=3.209e-07  ||F||=1.436e-02
 step= 37500  E=4.615306861725e+02  Q=9.930000000000e+02  λ=8.392496e-01  dt=1.345e-03  relΔE=4.905e-07  ||F||=1.426e-02
 step= 38000  E=4.614299675767e+02  Q=9.930000000000e+02  λ=8.391490e-01  dt=1.041e-03  relΔE=3.751e-07  ||F||=1.418e-02
 step= 38500  E=4.613272194911e+02  Q=9.930000000000e+02  λ=8.390477e-01  dt=8.058e-04  relΔE=2.869e-07  ||F||=1.409e-02
 step= 39000  E=4.612301367096e+02  Q=9.930000000000e+02  λ=8.389533e-01  dt=1.247e-03  relΔE=4.394e-07  ||F||=1.401e-02
 step= 39500  E=4.611319411927e+02  Q=9.930000000000e+02  λ=8.388589e-01  dt=9.654e-04  relΔE=3.366e-07  ||F||=1.394e-02
 step= 40000  E=4.610325045747e+02  Q=9.930000000000e+02  λ=8.387645e-01  dt=1.494e-03  relΔE=5.161e-07  ||F||=1.394e-02
 step= 40500  E=4.609416622552e+02  Q=9.930000000000e+02  λ=8.386791e-01  dt=9.638e-04  relΔE=3.301e-07  ||F||=1.381e-02
 step= 41000  E=4.608441342622e+02  Q=9.930000000000e+02  λ=8.385887e-01  dt=1.492e-03  relΔE=5.067e-07  ||F||=1.380e-02
 step= 41500  E=4.607549160838e+02  Q=9.930000000000e+02  λ=8.385068e-01  dt=9.623e-04  relΔE=3.245e-07  ||F||=1.371e-02
 step= 42000  E=4.606588742632e+02  Q=9.930000000000e+02  λ=8.384197e-01  dt=1.490e-03  relΔE=4.989e-07  ||F||=1.368e-02
 step= 42500  E=4.605677173997e+02  Q=9.930000000000e+02  λ=8.383378e-01  dt=1.153e-03  relΔE=3.838e-07  ||F||=1.361e-02
 step= 43000  E=4.604736582178e+02  Q=9.930000000000e+02  λ=8.382542e-01  dt=8.923e-04  relΔE=2.955e-07  ||F||=1.358e-02
 step= 43500  E=4.603810407538e+02  Q=9.930000000000e+02  λ=8.381727e-01  dt=1.381e-03  relΔE=4.552e-07  ||F||=1.354e-02
 step= 44000  E=4.602901422380e+02  Q=9.930000000000e+02  λ=8.380935e-01  dt=1.069e-03  relΔE=3.510e-07  ||F||=1.352e-02
 step= 44500  E=4.601966379724e+02  Q=9.930000000000e+02  λ=8.380128e-01  dt=8.273e-04  relΔE=2.707e-07  ||F||=1.349e-02
 step= 45000  E=4.601065779554e+02  Q=9.930000000000e+02  λ=8.379358e-01  dt=1.281e-03  relΔE=4.181e-07  ||F||=1.348e-02
 step= 45500  E=4.600157512704e+02  Q=9.930000000000e+02  λ=8.378586e-01  dt=9.912e-04  relΔE=3.230e-07  ||F||=1.346e-02
 step= 46000  E=4.599221302812e+02  Q=9.930000000000e+02  λ=8.377860e-01  dt=1.534e-03  relΔE=4.723e-07  ||F||=1.125e-01
 step= 46500  E=4.598339906349e+02  Q=9.930000000000e+02  λ=8.377060e-01  dt=1.188e-03  relΔE=3.866e-07  ||F||=1.345e-02
 step= 47000  E=4.597420420560e+02  Q=9.930000000000e+02  λ=8.376295e-01  dt=9.191e-04  relΔE=2.994e-07  ||F||=1.345e-02
 step= 47500  E=4.596503580838e+02  Q=9.930000000000e+02  λ=8.375537e-01  dt=1.423e-03  relΔE=4.641e-07  ||F||=1.346e-02
 step= 48000  E=4.595607511610e+02  Q=9.930000000000e+02  λ=8.374799e-01  dt=1.101e-03  relΔE=3.600e-07  ||F||=1.348e-02
 step= 48500  E=4.594676582398e+02  Q=9.930000000000e+02  λ=8.374035e-01  dt=8.522e-04  relΔE=2.794e-07  ||F||=1.350e-02
 step= 49000  E=4.593767347900e+02  Q=9.930000000000e+02  λ=8.373292e-01  dt=1.319e-03  relΔE=4.342e-07  ||F||=1.352e-02
 step= 49500  E=4.592853764308e+02  Q=9.930000000000e+02  λ=8.372546e-01  dt=1.021e-03  relΔE=3.376e-07  ||F||=1.355e-02
 step= 50000  E=4.591903490310e+02  Q=9.930000000000e+02  λ=8.371771e-01  dt=7.902e-04  relΔE=2.628e-07  ||F||=1.359e-02
 step= 50500  E=4.590998076808e+02  Q=9.930000000000e+02  λ=8.371034e-01  dt=1.223e-03  relΔE=4.093e-07  ||F||=1.363e-02
 step= 51000  E=4.590056387197e+02  Q=9.930000000000e+02  λ=8.370265e-01  dt=9.467e-04  relΔE=3.191e-07  ||F||=1.368e-02
 step= 51500  E=4.589096760746e+02  Q=9.930000000000e+02  λ=8.369482e-01  dt=1.465e-03  relΔE=4.980e-07  ||F||=1.373e-02
 step= 52000  E=4.588166066719e+02  Q=9.930000000000e+02  λ=8.368719e-01  dt=1.134e-03  relΔE=3.889e-07  ||F||=1.379e-02
 step= 52500  E=4.587190577925e+02  Q=9.930000000000e+02  λ=8.367917e-01  dt=8.779e-04  relΔE=3.040e-07  ||F||=1.386e-02
 step= 53000  E=4.586221698075e+02  Q=9.930000000000e+02  λ=8.367117e-01  dt=1.359e-03  relΔE=4.757e-07  ||F||=1.393e-02
 step= 53500  E=4.585250297579e+02  Q=9.930000000000e+02  λ=8.366309e-01  dt=1.052e-03  relΔE=3.725e-07  ||F||=1.401e-02
 step= 54000  E=4.584234384617e+02  Q=9.930000000000e+02  λ=8.365458e-01  dt=8.140e-04  relΔE=2.921e-07  ||F||=1.410e-02
 step= 54500  E=4.583245978913e+02  Q=9.930000000000e+02  λ=8.364625e-01  dt=1.260e-03  relΔE=4.583e-07  ||F||=1.420e-02
 step= 55000  E=4.582225329101e+02  Q=9.930000000000e+02  λ=8.363756e-01  dt=9.752e-04  relΔE=3.599e-07  ||F||=1.430e-02
 step= 55500  E=4.581163979360e+02  Q=9.930000000000e+02  λ=8.362844e-01  dt=1.510e-03  relΔE=5.660e-07  ||F||=1.673e-02
 step= 56000  E=4.580142403875e+02  Q=9.930000000000e+02  λ=8.361955e-01  dt=1.168e-03  relΔE=4.453e-07  ||F||=1.453e-02
 step= 56500  E=4.579059749675e+02  Q=9.930000000000e+02  λ=8.361002e-01  dt=9.043e-04  relΔE=3.509e-07  ||F||=1.466e-02
 step= 57000  E=4.577965846515e+02  Q=9.930000000000e+02  λ=8.360027e-01  dt=1.400e-03  relΔE=5.535e-07  ||F||=1.479e-02
 step= 57500  E=4.576871464848e+02  Q=9.930000000000e+02  λ=8.359037e-01  dt=1.083e-03  relΔE=4.368e-07  ||F||=1.494e-02
 step= 58000  E=4.575716483366e+02  Q=9.930000000000e+02  λ=8.357976e-01  dt=8.385e-04  relΔE=3.454e-07  ||F||=1.509e-02
 step= 58500  E=4.574572142840e+02  Q=9.930000000000e+02  λ=8.356909e-01  dt=1.298e-03  relΔE=5.463e-07  ||F||=1.526e-02
 step= 59000  E=4.573393415083e+02  Q=9.930000000000e+02  λ=8.355791e-01  dt=1.005e-03  relΔE=4.327e-07  ||F||=1.543e-02
 step= 59500  E=4.572143902506e+02  Q=9.930000000000e+02  λ=8.354973e-01  dt=7.775e-04  relΔE=4.354e-07  ||F||=2.805e-01
 step= 60000  E=4.570938315342e+02  Q=9.930000000000e+02  λ=8.353400e-01  dt=1.203e-03  relΔE=5.447e-07  ||F||=1.581e-02
 step= 60500  E=4.569653534434e+02  Q=9.930000000000e+02  λ=8.352113e-01  dt=9.315e-04  relΔE=4.330e-07  ||F||=1.603e-02
 step= 61000  E=4.568328357366e+02  Q=9.930000000000e+02  λ=8.350760e-01  dt=1.442e-03  relΔE=6.894e-07  ||F||=1.625e-02
 step= 61500  E=4.567043829061e+02  Q=9.930000000000e+02  λ=8.349420e-01  dt=9.299e-04  relΔE=4.571e-07  ||F||=1.647e-02
 step= 62000  E=4.565644315367e+02  Q=9.930000000000e+02  λ=8.347933e-01  dt=1.439e-03  relΔE=7.293e-07  ||F||=1.672e-02
 step= 62500  E=4.564242234210e+02  Q=9.930000000000e+02  λ=8.346408e-01  dt=1.114e-03  relΔE=5.821e-07  ||F||=1.698e-02
 step= 63000  E=4.562742690302e+02  Q=9.930000000000e+02  λ=8.344742e-01  dt=8.623e-04  relΔE=4.657e-07  ||F||=1.726e-02
 step= 63500  E=4.561226877334e+02  Q=9.930000000000e+02  λ=8.343022e-01  dt=1.335e-03  relΔE=7.455e-07  ||F||=1.755e-02
 step= 64000  E=4.559665296003e+02  Q=9.930000000000e+02  λ=8.341207e-01  dt=1.033e-03  relΔE=5.974e-07  ||F||=1.785e-02
 step= 64500  E=4.557988201415e+02  Q=9.930000000000e+02  λ=8.339213e-01  dt=7.996e-04  relΔE=4.799e-07  ||F||=1.819e-02
 step= 65000  E=4.556331040781e+02  Q=9.930000000000e+02  λ=8.337199e-01  dt=1.238e-03  relΔE=7.708e-07  ||F||=1.852e-02
 step= 65500  E=4.554565368757e+02  Q=9.930000000000e+02  λ=8.335000e-01  dt=9.579e-04  relΔE=6.203e-07  ||F||=1.888e-02
 step= 66000  E=4.552699110213e+02  Q=9.930000000000e+02  λ=8.332622e-01  dt=1.483e-03  relΔE=1.000e-06  ||F||=1.927e-02
 step= 66500  E=4.550839459449e+02  Q=9.930000000000e+02  λ=8.330193e-01  dt=1.148e-03  relΔE=8.063e-07  ||F||=1.966e-02
 step= 67000  E=4.548822033169e+02  Q=9.930000000000e+02  λ=8.327495e-01  dt=8.882e-04  relΔE=6.518e-07  ||F||=2.009e-02
 step= 67500  E=4.546742070160e+02  Q=9.930000000000e+02  λ=8.324650e-01  dt=1.375e-03  relΔE=1.055e-06  ||F||=2.053e-02
 step= 68000  E=4.544599043399e+02  Q=9.930000000000e+02  λ=8.321644e-01  dt=1.064e-03  relΔE=8.537e-07  ||F||=2.099e-02
 step= 68500  E=4.542276531568e+02  Q=9.930000000000e+02  λ=8.318309e-01  dt=8.236e-04  relΔE=6.931e-07  ||F||=2.149e-02
 step= 69000  E=4.539930259864e+02  Q=9.930000000000e+02  λ=8.314862e-01  dt=1.275e-03  relΔE=1.125e-06  ||F||=2.200e-02
 step= 69500  E=4.537433063976e+02  Q=9.930000000000e+02  λ=8.311103e-01  dt=9.867e-04  relΔE=9.145e-07  ||F||=2.255e-02
 step= 70000  E=4.534729552803e+02  Q=9.930000000000e+02  λ=8.306954e-01  dt=1.527e-03  relΔE=1.484e-06  ||F||=5.594e-02
 step= 70500  E=4.532047351873e+02  Q=9.930000000000e+02  λ=8.302711e-01  dt=1.182e-03  relΔE=1.213e-06  ||F||=2.371e-02
 step= 71000  E=4.529101589152e+02  Q=9.930000000000e+02  λ=8.297958e-01  dt=9.149e-04  relΔE=9.907e-07  ||F||=2.435e-02
 step= 71500  E=4.526012740278e+02  Q=9.930000000000e+02  λ=8.292867e-01  dt=1.416e-03  relΔE=1.619e-06  ||F||=2.501e-02
 step= 72000  E=4.522816478329e+02  Q=9.930000000000e+02  λ=8.287473e-01  dt=1.096e-03  relΔE=1.323e-06  ||F||=2.568e-02
 step= 72500  E=4.519330591541e+02  Q=9.930000000000e+02  λ=8.281460e-01  dt=8.484e-04  relΔE=1.084e-06  ||F||=2.642e-02
 step= 73000  E=4.515744222818e+02  Q=9.930000000000e+02  λ=8.275147e-01  dt=1.313e-03  relΔE=1.774e-06  ||F||=2.716e-02
 step= 73500  E=4.511941974754e+02  Q=9.930000000000e+02  λ=8.268303e-01  dt=1.016e-03  relΔE=1.454e-06  ||F||=2.793e-02
 step= 74000  E=4.507767831605e+02  Q=9.930000000000e+02  λ=8.260632e-01  dt=7.867e-04  relΔE=1.194e-06  ||F||=3.165e-02
 step= 74500  E=4.503590989415e+02  Q=9.930000000000e+02  λ=8.252806e-01  dt=1.218e-03  relΔE=1.956e-06  ||F||=2.957e-02
 step= 75000  E=4.499009955177e+02  Q=9.930000000000e+02  λ=8.244044e-01  dt=9.425e-04  relΔE=1.606e-06  ||F||=3.044e-02
 step= 75500  E=4.494128198464e+02  Q=9.930000000000e+02  λ=8.234536e-01  dt=1.459e-03  relΔE=2.638e-06  ||F||=3.134e-02
 step= 76000  E=4.489126966184e+02  Q=9.930000000000e+02  λ=8.224597e-01  dt=1.129e-03  relΔE=2.162e-06  ||F||=3.223e-02
 step= 76500  E=4.483640117516e+02  Q=9.930000000000e+02  λ=8.213493e-01  dt=8.739e-04  relΔE=1.774e-06  ||F||=3.317e-02
 step= 77000  E=4.477948042850e+02  Q=9.930000000000e+02  λ=8.201782e-01  dt=1.353e-03  relΔE=2.906e-06  ||F||=3.410e-02
 step= 77500  E=4.471960373343e+02  Q=9.930000000000e+02  λ=8.189234e-01  dt=1.047e-03  relΔE=2.377e-06  ||F||=3.503e-02
 step= 78000  E=4.465425352744e+02  Q=9.930000000000e+02  λ=8.175308e-01  dt=8.103e-04  relΔE=1.946e-06  ||F||=3.600e-02
 step= 78500  E=4.458845324055e+02  Q=9.930000000000e+02  λ=8.161074e-01  dt=1.254e-03  relΔE=3.170e-06  ||F||=3.690e-02
 step= 79000  E=4.451872950945e+02  Q=9.930000000000e+02  λ=8.145737e-01  dt=8.090e-04  relΔE=2.148e-06  ||F||=3.780e-02
 step= 79500  E=4.444636810634e+02  Q=9.930000000000e+02  λ=8.129606e-01  dt=1.252e-03  relΔE=3.483e-06  ||F||=3.865e-02
 step= 80000  E=4.437013182153e+02  Q=9.930000000000e+02  λ=8.112341e-01  dt=8.077e-04  relΔE=2.346e-06  ||F||=3.947e-02
 step= 80500  E=4.429152664353e+02  Q=9.930000000000e+02  λ=8.094318e-01  dt=1.250e-03  relΔE=3.778e-06  ||F||=4.022e-02
 step= 81000  E=4.420803388507e+02  Q=9.930000000000e+02  λ=8.074893e-01  dt=9.677e-04  relΔE=3.031e-06  ||F||=4.091e-02
 step= 81500  E=4.412020036113e+02  Q=9.930000000000e+02  λ=8.054213e-01  dt=1.498e-03  relΔE=4.842e-06  ||F||=4.155e-02
 step= 82000  E=4.403405902420e+02  Q=9.930000000000e+02  λ=8.033643e-01  dt=1.159e-03  relΔE=3.842e-06  ||F||=4.199e-02
 step= 82500  E=4.394269994735e+02  Q=9.930000000000e+02  λ=8.011560e-01  dt=8.973e-04  relΔE=3.032e-06  ||F||=4.236e-02
 step= 83000  E=4.385124927040e+02  Q=9.930000000000e+02  λ=7.989214e-01  dt=1.389e-03  relΔE=4.752e-06  ||F||=4.258e-02
 step= 83500  E=4.376035495716e+02  Q=9.930000000000e+02  λ=7.966712e-01  dt=1.075e-03  relΔE=3.697e-06  ||F||=4.265e-02
 step= 84000  E=4.366631538721e+02  Q=9.930000000000e+02  λ=7.943162e-01  dt=8.320e-04  relΔE=2.854e-06  ||F||=4.255e-02
 step= 84500  E=4.357662482015e+02  Q=9.930000000000e+02  λ=7.920467e-01  dt=1.288e-03  relΔE=4.371e-06  ||F||=4.227e-02
 step= 85000  E=4.348725490973e+02  Q=9.930000000000e+02  λ=7.897569e-01  dt=9.968e-04  relΔE=3.318e-06  ||F||=4.183e-02
 step= 85500  E=4.339737391719e+02  Q=9.930000000000e+02  λ=7.874684e-01  dt=1.543e-03  relΔE=4.770e-06  ||F||=2.824e-01
 step= 86000  E=4.331570841568e+02  Q=9.930000000000e+02  λ=7.852882e-01  dt=1.194e-03  relΔE=3.722e-06  ||F||=4.039e-02
 step= 86500  E=4.323428459191e+02  Q=9.930000000000e+02  λ=7.831278e-01  dt=9.242e-04  relΔE=2.747e-06  ||F||=3.941e-02
 step= 87000  E=4.315722170157e+02  Q=9.930000000000e+02  λ=7.810604e-01  dt=1.431e-03  relΔE=4.017e-06  ||F||=3.827e-02
 step= 87500  E=4.308677139004e+02  Q=9.930000000000e+02  λ=7.791438e-01  dt=1.107e-03  relΔE=2.914e-06  ||F||=3.702e-02
 step= 88000  E=4.301883836347e+02  Q=9.930000000000e+02  λ=7.772714e-01  dt=8.570e-04  relΔE=2.089e-06  ||F||=3.560e-02
 step= 88500  E=4.295788975956e+02  Q=9.930000000000e+02  λ=7.755699e-01  dt=1.327e-03  relΔE=2.974e-06  ||F||=3.411e-02
 step= 89000  E=4.290211608983e+02  Q=9.930000000000e+02  λ=7.739878e-01  dt=1.027e-03  relΔE=2.098e-06  ||F||=3.255e-02
 step= 89500  E=4.284987469222e+02  Q=9.930000000000e+02  λ=7.724825e-01  dt=7.947e-04  relΔE=1.462e-06  ||F||=3.087e-02
 step= 90000  E=4.280542200539e+02  Q=9.930000000000e+02  λ=7.711813e-01  dt=1.230e-03  relΔE=2.033e-06  ||F||=2.924e-02
 step= 90500  E=4.276454553515e+02  Q=9.930000000000e+02  λ=7.699619e-01  dt=9.520e-04  relΔE=1.398e-06  ||F||=2.754e-02
 step= 91000  E=4.272797653755e+02  Q=9.930000000000e+02  λ=7.688509e-01  dt=1.474e-03  relΔE=1.904e-06  ||F||=2.582e-02
 step= 91500  E=4.269708728511e+02  Q=9.930000000000e+02  λ=7.678914e-01  dt=1.141e-03  relΔE=1.294e-06  ||F||=2.419e-02
 step= 92000  E=4.266912654358e+02  Q=9.930000000000e+02  λ=7.670033e-01  dt=8.828e-04  relΔE=8.695e-07  ||F||=2.253e-02
 step= 92500  E=4.264532445193e+02  Q=9.930000000000e+02  λ=7.662295e-01  dt=1.366e-03  relΔE=1.164e-06  ||F||=2.095e-02
 step= 93000  E=4.262499557576e+02  Q=9.930000000000e+02  λ=7.655504e-01  dt=1.058e-03  relΔE=7.758e-07  ||F||=1.943e-02
 step= 93500  E=4.260700461605e+02  Q=9.930000000000e+02  λ=7.649322e-01  dt=8.186e-04  relΔE=5.117e-07  ||F||=1.793e-02
 step= 94000  E=4.259228156732e+02  Q=9.930000000000e+02  λ=7.644112e-01  dt=1.267e-03  relΔE=6.761e-07  ||F||=1.657e-02
 step= 94500  E=4.257956257266e+02  Q=9.930000000000e+02  λ=7.639458e-01  dt=9.807e-04  relΔE=4.435e-07  ||F||=1.525e-02
 step= 95000  E=4.256854281361e+02  Q=9.930000000000e+02  λ=7.635288e-01  dt=1.518e-03  relΔE=5.757e-07  ||F||=2.635e-02
 step= 95500  E=4.255976306252e+02  Q=9.930000000000e+02  λ=7.631829e-01  dt=1.175e-03  relΔE=3.772e-07  ||F||=1.284e-02
 step= 96000  E=4.255208339414e+02  Q=9.930000000000e+02  λ=7.628684e-01  dt=9.093e-04  relΔE=2.441e-07  ||F||=1.174e-02
 step= 96500  E=4.254570598064e+02  Q=9.930000000000e+02  λ=7.625961e-01  dt=1.408e-03  relΔE=3.154e-07  ||F||=1.073e-02
 step= 97000  E=4.254049792351e+02  Q=9.930000000000e+02  λ=7.623630e-01  dt=1.089e-03  relΔE=2.039e-07  ||F||=9.802e-03
 step= 97500  E=4.253601320716e+02  Q=9.930000000000e+02  λ=7.621525e-01  dt=8.432e-04  relΔE=1.307e-07  ||F||=8.918e-03
 step= 98000  E=4.253240440012e+02  Q=9.930000000000e+02  λ=7.619743e-01  dt=1.305e-03  relΔE=1.681e-07  ||F||=8.128e-03
 step= 98500  E=4.252940186690e+02  Q=9.930000000000e+02  λ=7.618177e-01  dt=1.010e-03  relΔE=1.078e-07  ||F||=7.397e-03
 step= 99000  E=4.252683382577e+02  Q=9.930000000000e+02  λ=7.616759e-01  dt=7.818e-04  relΔE=6.852e-08  ||F||=6.766e-03
 step= 99500  E=4.252483486460e+02  Q=9.930000000000e+02  λ=7.615589e-01  dt=1.210e-03  relΔE=8.794e-08  ||F||=6.102e-03
 step=100000  E=4.252312871877e+02  Q=9.930000000000e+02  λ=7.614525e-01  dt=9.367e-04  relΔE=5.599e-08  ||F||=5.533e-03
 step=100500  E=4.252171553921e+02  Q=9.930000000000e+02  λ=7.613585e-01  dt=1.450e-03  relΔE=7.109e-08  ||F||=5.010e-03
 step=101000  E=4.252059417215e+02  Q=9.930000000000e+02  λ=7.612787e-01  dt=1.122e-03  relΔE=4.539e-08  ||F||=4.549e-03
 step=101500  E=4.251964002482e+02  Q=9.930000000000e+02  λ=7.612058e-01  dt=8.685e-04  relΔE=2.875e-08  ||F||=4.114e-03
 step=102000  E=4.251887138905e+02  Q=9.930000000000e+02  λ=7.611427e-01  dt=1.344e-03  relΔE=3.652e-08  ||F||=3.726e-03
 step=102500  E=4.251824655676e+02  Q=9.930000000000e+02  λ=7.610874e-01  dt=1.041e-03  relΔE=2.321e-08  ||F||=3.376e-03
 step=103000  E=4.251771824250e+02  Q=9.930000000000e+02  λ=7.610369e-01  dt=8.054e-04  relΔE=1.465e-08  ||F||=3.047e-03
 step=103500  E=4.251730350553e+02  Q=9.930000000000e+02  λ=7.609940e-01  dt=1.247e-03  relΔE=1.864e-08  ||F||=2.761e-03
 step=104000  E=4.251695752421e+02  Q=9.930000000000e+02  λ=7.609551e-01  dt=9.649e-04  relΔE=1.181e-08  ||F||=2.497e-03
 step=104500  E=4.251666783879e+02  Q=9.930000000000e+02  λ=7.609198e-01  dt=1.494e-03  relΔE=1.488e-08  ||F||=2.541e-03
 step=105000  E=4.251644360097e+02  Q=9.930000000000e+02  λ=7.608900e-01  dt=1.156e-03  relΔE=9.475e-09  ||F||=2.041e-03
 step=105500  E=4.251625211574e+02  Q=9.930000000000e+02  λ=7.608623e-01  dt=8.947e-04  relΔE=5.982e-09  ||F||=1.843e-03
 step=106000  E=4.251609699920e+02  Q=9.930000000000e+02  λ=7.608379e-01  dt=1.385e-03  relΔE=7.566e-09  ||F||=1.664e-03
 step=106500  E=4.251597240800e+02  Q=9.930000000000e+02  λ=7.608163e-01  dt=1.072e-03  relΔE=4.800e-09  ||F||=1.506e-03
 step=107000  E=4.251586748139e+02  Q=9.930000000000e+02  λ=7.607965e-01  dt=8.296e-04  relΔE=3.027e-09  ||F||=1.358e-03
 step=107500  E=4.251578402683e+02  Q=9.930000000000e+02  λ=7.607793e-01  dt=1.284e-03  relΔE=3.839e-09  ||F||=1.228e-03
 step=108000  E=4.251571560282e+02  Q=9.930000000000e+02  λ=7.607637e-01  dt=9.939e-04  relΔE=2.433e-09  ||F||=1.110e-03
 step=108500  E=4.251565763944e+02  Q=9.930000000000e+02  λ=7.607493e-01  dt=7.692e-04  relΔE=1.533e-09  ||F||=1.502e-03
 step=109000  E=4.251561308842e+02  Q=9.930000000000e+02  λ=7.607371e-01  dt=1.191e-03  relΔE=1.951e-09  ||F||=9.057e-04
 step=109500  E=4.251557511723e+02  Q=9.930000000000e+02  λ=7.607257e-01  dt=9.216e-04  relΔE=1.234e-09  ||F||=8.174e-04
 step=110000  E=4.251554397296e+02  Q=9.930000000000e+02  λ=7.607155e-01  dt=1.427e-03  relΔE=1.560e-09  ||F||=7.375e-04
 step=110500  E=4.251551924798e+02  Q=9.930000000000e+02  λ=7.607065e-01  dt=1.104e-03  relΔE=9.921e-10  ||F||=6.674e-04
 step=111000  E=4.251549835534e+02  Q=9.930000000000e+02  λ=7.606981e-01  dt=8.545e-04  relΔE=6.275e-10  ||F||=6.020e-04
 step=111500  E=4.251548149379e+02  Q=9.930000000000e+02  λ=7.606908e-01  dt=1.323e-03  relΔE=7.966e-10  ||F||=5.439e-04
 step=112000  E=4.251546778617e+02  Q=9.930000000000e+02  λ=7.606841e-01  dt=1.024e-03  relΔE=5.067e-10  ||F||=4.919e-04
 step=112500  E=4.251545616937e+02  Q=9.930000000000e+02  λ=7.606780e-01  dt=7.924e-04  relΔE=3.204e-10  ||F||=4.433e-04
 step=113000  E=4.251544705853e+02  Q=9.930000000000e+02  λ=7.606727e-01  dt=1.227e-03  relΔE=4.091e-10  ||F||=4.014e-04
 step=113500  E=4.251543939709e+02  Q=9.930000000000e+02  λ=7.606678e-01  dt=9.493e-04  relΔE=2.603e-10  ||F||=3.626e-04
 step=114000  E=4.251543297540e+02  Q=9.930000000000e+02  λ=7.606632e-01  dt=1.469e-03  relΔE=3.301e-10  ||F||=3.353e-04
 step=114500  E=4.251542794455e+02  Q=9.930000000000e+02  λ=7.606593e-01  dt=1.137e-03  relΔE=2.115e-10  ||F||=2.962e-04
 step=115000  E=4.251542363528e+02  Q=9.930000000000e+02  λ=7.606557e-01  dt=8.802e-04  relΔE=1.347e-10  ||F||=2.674e-04
 step=115500  E=4.251542011807e+02  Q=9.930000000000e+02  λ=7.606524e-01  dt=1.363e-03  relΔE=1.720e-10  ||F||=2.417e-04
 step=116000  E=4.251541726218e+02  Q=9.930000000000e+02  λ=7.606495e-01  dt=1.055e-03  relΔE=1.103e-10  ||F||=2.188e-04
 step=116500  E=4.251541482340e+02  Q=9.930000000000e+02  λ=7.606468e-01  dt=8.162e-04  relΔE=7.044e-11  ||F||=1.974e-04
 step=117000  E=4.251541286268e+02  Q=9.930000000000e+02  λ=7.606444e-01  dt=1.263e-03  relΔE=9.057e-11  ||F||=1.787e-04
 step=117500  E=4.251541122645e+02  Q=9.930000000000e+02  λ=7.606422e-01  dt=9.778e-04  relΔE=5.824e-11  ||F||=1.616e-04
 step=118000  E=4.251540982226e+02  Q=9.930000000000e+02  λ=7.606402e-01  dt=7.568e-04  relΔE=4.239e-11  ||F||=1.677e-03
 step=118500  E=4.251540872392e+02  Q=9.930000000000e+02  λ=7.606385e-01  dt=1.172e-03  relΔE=4.833e-11  ||F||=1.322e-04
 step=119000  E=4.251540777789e+02  Q=9.930000000000e+02  λ=7.606369e-01  dt=7.556e-04  relΔE=2.602e-11  ||F||=1.196e-04
 step=119500  E=4.251540701083e+02  Q=9.930000000000e+02  λ=7.606354e-01  dt=1.170e-03  relΔE=3.387e-11  ||F||=1.085e-04
 step=120000  E=4.251540634655e+02  Q=9.930000000000e+02  λ=7.606341e-01  dt=7.544e-04  relΔE=1.831e-11  ||F||=9.818e-05
 step=120500  E=4.251540580432e+02  Q=9.930000000000e+02  λ=7.606329e-01  dt=1.168e-03  relΔE=2.392e-11  ||F||=8.911e-05
 step=121000  E=4.251540533414e+02  Q=9.930000000000e+02  λ=7.606318e-01  dt=7.531e-04  relΔE=1.299e-11  ||F||=8.064e-05
 step=121500  E=4.251540494860e+02  Q=9.930000000000e+02  λ=7.606309e-01  dt=1.166e-03  relΔE=1.705e-11  ||F||=7.320e-05
 step=122000  E=4.251540460789e+02  Q=9.930000000000e+02  λ=7.606300e-01  dt=9.023e-04  relΔE=1.113e-11  ||F||=6.616e-05
 step=122500  E=4.251540432079e+02  Q=9.930000000000e+02  λ=7.606291e-01  dt=1.397e-03  relΔE=1.459e-11  ||F||=5.982e-05
 step=123000  E=4.251540408317e+02  Q=9.930000000000e+02  λ=7.606284e-01  dt=1.081e-03  relΔE=9.621e-12  ||F||=5.422e-05
 step=123500  E=4.251540387498e+02  Q=9.930000000000e+02  λ=7.606277e-01  dt=8.367e-04  relΔE=6.333e-12  ||F||=4.901e-05
 step=124000  E=4.251540370018e+02  Q=9.930000000000e+02  λ=7.606271e-01  dt=1.295e-03  relΔE=8.381e-12  ||F||=4.438e-05
 step=124500  E=4.251540355206e+02  Q=9.930000000000e+02  λ=7.606266e-01  dt=1.002e-03  relΔE=5.570e-12  ||F||=4.022e-05
 step=125000  E=4.251540342005e+02  Q=9.930000000000e+02  λ=7.606260e-01  dt=7.758e-04  relΔE=3.690e-12  ||F||=3.632e-05
 step=125500  E=4.251540331218e+02  Q=9.930000000000e+02  λ=7.606256e-01  dt=1.201e-03  relΔE=4.943e-12  ||F||=3.297e-05
 step=126000  E=4.251540321632e+02  Q=9.930000000000e+02  λ=7.606252e-01  dt=9.294e-04  relΔE=3.307e-12  ||F||=2.984e-05
 step=126500  E=4.251540313211e+02  Q=9.930000000000e+02  λ=7.606248e-01  dt=1.439e-03  relΔE=4.426e-12  ||F||=2.706e-05
 step=127000  E=4.251540306213e+02  Q=9.930000000000e+02  λ=7.606245e-01  dt=1.114e-03  relΔE=2.989e-12  ||F||=2.449e-05
 step=127500  E=4.251540299891e+02  Q=9.930000000000e+02  λ=7.606242e-01  dt=8.618e-04  relΔE=2.014e-12  ||F||=2.216e-05
 step=128000  E=4.251540294423e+02  Q=9.930000000000e+02  λ=7.606239e-01  dt=1.334e-03  relΔE=2.726e-12  ||F||=2.007e-05
 step=128500  E=4.251540289721e+02  Q=9.930000000000e+02  λ=7.606236e-01  dt=1.033e-03  relΔE=1.853e-12  ||F||=1.821e-05
 step=129000  E=4.251540285451e+02  Q=9.930000000000e+02  λ=7.606234e-01  dt=7.991e-04  relΔE=1.257e-12  ||F||=1.646e-05
 step=129500  E=4.251540281823e+02  Q=9.930000000000e+02  λ=7.606232e-01  dt=1.237e-03  relΔE=1.719e-12  ||F||=1.494e-05
 step=130000  E=4.251540278587e+02  Q=9.930000000000e+02  λ=7.606230e-01  dt=9.574e-04  relΔE=1.176e-12  ||F||=1.355e-05
 step=130500  E=4.251540275632e+02  Q=9.930000000000e+02  λ=7.606228e-01  dt=1.482e-03  relΔE=1.501e-12  ||F||=1.960e-04
 step=131000  E=4.251540273170e+02  Q=9.930000000000e+02  λ=7.606227e-01  dt=1.147e-03  relΔE=1.109e-12  ||F||=1.113e-05
 step=131500  E=4.251540270885e+02  Q=9.930000000000e+02  λ=7.606225e-01  dt=8.877e-04  relΔE=7.624e-13  ||F||=1.008e-05
 step=132000  E=4.251540268857e+02  Q=9.930000000000e+02  λ=7.606224e-01  dt=1.374e-03  relΔE=1.051e-12  ||F||=9.133e-06
 step=132500  E=4.251540267090e+02  Q=9.930000000000e+02  λ=7.606223e-01  dt=1.064e-03  relΔE=7.268e-13  ||F||=8.293e-06
 step=133000  E=4.251540265465e+02  Q=9.930000000000e+02  λ=7.606222e-01  dt=8.232e-04  relΔE=5.024e-13  ||F||=7.509e-06
 step=133500  E=4.251540264037e+02  Q=9.930000000000e+02  λ=7.606221e-01  dt=1.274e-03  relΔE=6.975e-13  ||F||=6.813e-06
 step=134000  E=4.251540262765e+02  Q=9.930000000000e+02  λ=7.606220e-01  dt=9.862e-04  relΔE=4.844e-13  ||F||=6.185e-06
 step=134500  E=4.251540261579e+02  Q=9.930000000000e+02  λ=7.606219e-01  dt=7.633e-04  relΔE=3.365e-13  ||F||=5.594e-06
 step=135000  E=4.251540260572e+02  Q=9.930000000000e+02  λ=7.606218e-01  dt=1.182e-03  relΔE=4.692e-13  ||F||=5.089e-06
 step=135500  E=4.251540259631e+02  Q=9.930000000000e+02  λ=7.606218e-01  dt=9.144e-04  relΔE=3.270e-13  ||F||=4.613e-06
 step=136000  E=4.251540258778e+02  Q=9.930000000000e+02  λ=7.606217e-01  dt=1.415e-03  relΔE=4.559e-13  ||F||=4.185e-06
 step=136500  E=4.251540258034e+02  Q=9.930000000000e+02  λ=7.606217e-01  dt=1.096e-03  relΔE=3.194e-13  ||F||=3.799e-06
 step=137000  E=4.251540257342e+02  Q=9.930000000000e+02  λ=7.606216e-01  dt=8.479e-04  relΔE=2.230e-13  ||F||=3.443e-06
 step=137500  E=4.251540256722e+02  Q=9.930000000000e+02  λ=7.606216e-01  dt=1.313e-03  relΔE=3.118e-13  ||F||=3.124e-06
 step=138000  E=4.251540256171e+02  Q=9.930000000000e+02  λ=7.606215e-01  dt=1.016e-03  relΔE=2.187e-13  ||F||=2.839e-06
 step=138500  E=4.251540255654e+02  Q=9.930000000000e+02  λ=7.606215e-01  dt=7.862e-04  relΔE=1.530e-13  ||F||=2.571e-06
 step=139000  E=4.251540255204e+02  Q=9.930000000000e+02  λ=7.606214e-01  dt=1.217e-03  relΔE=2.153e-13  ||F||=2.338e-06
 step=139500  E=4.251540254788e+02  Q=9.930000000000e+02  λ=7.606214e-01  dt=9.419e-04  relΔE=1.512e-13  ||F||=2.122e-06
 step=140000  E=4.251540254402e+02  Q=9.930000000000e+02  λ=7.606214e-01  dt=1.458e-03  relΔE=2.112e-13  ||F||=1.627e-05
 step=140500  E=4.251540254070e+02  Q=9.930000000000e+02  λ=7.606214e-01  dt=1.129e-03  relΔE=1.488e-13  ||F||=1.750e-06
 step=141000  E=4.251540253756e+02  Q=9.930000000000e+02  λ=7.606213e-01  dt=8.734e-04  relΔE=1.047e-13  ||F||=1.587e-06
 step=141500  E=4.251540253472e+02  Q=9.930000000000e+02  λ=7.606213e-01  dt=1.352e-03  relΔE=1.471e-13  ||F||=1.440e-06
 step=142000  E=4.251540253220e+02  Q=9.930000000000e+02  λ=7.606213e-01  dt=1.046e-03  relΔE=1.040e-13  ||F||=1.310e-06
 step=142500  E=4.251540252983e+02  Q=9.930000000000e+02  λ=7.606213e-01  dt=8.099e-04  relΔE=7.287e-14  ||F||=1.188e-06
 step=143000  E=4.251540252773e+02  Q=9.930000000000e+02  λ=7.606213e-01  dt=1.254e-03  relΔE=1.025e-13  ||F||=1.079e-06
 step=143500  E=4.251540252583e+02  Q=9.930000000000e+02  λ=7.606213e-01  dt=9.703e-04  relΔE=7.233e-14  ||F||=9.814e-07
 step=144000  E=4.251540252402e+02  Q=9.930000000000e+02  λ=7.606212e-01  dt=7.510e-04  relΔE=5.094e-14  ||F||=9.543e-07
 step=144500  E=4.251540252248e+02  Q=9.930000000000e+02  λ=7.606212e-01  dt=1.162e-03  relΔE=7.180e-14  ||F||=8.098e-07
 step=145000  E=4.251540252102e+02  Q=9.930000000000e+02  λ=7.606212e-01  dt=8.997e-04  relΔE=5.014e-14  ||F||=7.352e-07
 step=145500  E=4.251540251968e+02  Q=9.930000000000e+02  λ=7.606212e-01  dt=1.393e-03  relΔE=7.126e-14  ||F||=6.686e-07
 step=146000  E=4.251540251850e+02  Q=9.930000000000e+02  λ=7.606212e-01  dt=1.078e-03  relΔE=5.000e-14  ||F||=6.074e-07
 step=146500  E=4.251540251740e+02  Q=9.930000000000e+02  λ=7.606212e-01  dt=8.342e-04  relΔE=3.543e-14  ||F||=5.513e-07
 step=147000  E=4.251540251640e+02  Q=9.930000000000e+02  λ=7.606212e-01  dt=1.291e-03  relΔE=4.974e-14  ||F||=5.010e-07
 step=147500  E=4.251540251550e+02  Q=9.930000000000e+02  λ=7.606212e-01  dt=9.995e-04  relΔE=3.530e-14  ||F||=4.560e-07
 step=148000  E=4.251540251466e+02  Q=9.930000000000e+02  λ=7.606212e-01  dt=7.736e-04  relΔE=2.487e-14  ||F||=4.135e-07
 step=148500  E=4.251540251392e+02  Q=9.930000000000e+02  λ=7.606212e-01  dt=1.197e-03  relΔE=3.490e-14  ||F||=3.767e-07
 step=149000  E=4.251540251323e+02  Q=9.930000000000e+02  λ=7.606212e-01  dt=9.268e-04  relΔE=2.487e-14  ||F||=3.424e-07
 step=149500  E=4.251540251259e+02  Q=9.930000000000e+02  λ=7.606212e-01  dt=1.435e-03  relΔE=3.490e-14  ||F||=1.474e-06
 step=150000  E=4.251540251203e+02  Q=9.930000000000e+02  λ=7.606212e-01  dt=1.110e-03  relΔE=2.473e-14  ||F||=2.831e-07
 step=150500  E=4.251540251151e+02  Q=9.930000000000e+02  λ=7.606211e-01  dt=8.593e-04  relΔE=1.738e-14  ||F||=2.572e-07
 step=151000  E=4.251540251103e+02  Q=9.930000000000e+02  λ=7.606211e-01  dt=1.330e-03  relΔE=2.460e-14  ||F||=2.337e-07
 step=151500  E=4.251540251061e+02  Q=9.930000000000e+02  λ=7.606211e-01  dt=1.030e-03  relΔE=1.765e-14  ||F||=2.129e-07
 step=152000  E=4.251540251020e+02  Q=9.930000000000e+02  λ=7.606211e-01  dt=7.968e-04  relΔE=1.270e-14  ||F||=1.933e-07
 step=152500  E=4.251540250985e+02  Q=9.930000000000e+02  λ=7.606211e-01  dt=1.233e-03  relΔE=1.738e-14  ||F||=1.760e-07
 step=153000  E=4.251540250952e+02  Q=9.930000000000e+02  λ=7.606211e-01  dt=9.546e-04  relΔE=1.203e-14  ||F||=1.602e-07
 step=153500  E=4.251540250921e+02  Q=9.930000000000e+02  λ=7.606211e-01  dt=7.389e-04  relΔE=9.225e-15  ||F||=2.466e-05
 step=154000  E=4.251540250895e+02  Q=9.930000000000e+02  λ=7.606211e-01  dt=1.144e-03  relΔE=1.217e-14  ||F||=1.325e-07
 step=154500  E=4.251540250870e+02  Q=9.930000000000e+02  λ=7.606211e-01  dt=7.376e-04  relΔE=7.086e-15  ||F||=1.206e-07
 step=155000  E=4.251540250848e+02  Q=9.930000000000e+02  λ=7.606211e-01  dt=1.142e-03  relΔE=1.029e-14  ||F||=1.101e-07
 step=155500  E=4.251540250827e+02  Q=9.930000000000e+02  λ=7.606211e-01  dt=7.365e-04  relΔE=5.883e-15  ||F||=1.001e-07
 step=156000  E=4.251540250809e+02  Q=9.930000000000e+02  λ=7.606211e-01  dt=1.140e-03  relΔE=8.557e-15  ||F||=9.141e-08
 step=156500  E=4.251540250792e+02  Q=9.930000000000e+02  λ=7.606211e-01  dt=8.823e-04  relΔE=6.017e-15  ||F||=8.309e-08
 step=157000  E=4.251540250776e+02  Q=9.930000000000e+02  λ=7.606211e-01  dt=1.366e-03  relΔE=8.156e-15  ||F||=7.579e-08
 step=157500  E=4.251540250761e+02  Q=9.930000000000e+02  λ=7.606211e-01  dt=1.057e-03  relΔE=5.749e-15  ||F||=6.887e-08
 step=158000  E=4.251540250748e+02  Q=9.930000000000e+02  λ=7.606211e-01  dt=8.181e-04  relΔE=4.278e-15  ||F||=6.261e-08
 step=158500  E=4.251540250736e+02  Q=9.930000000000e+02  λ=7.606211e-01  dt=1.266e-03  relΔE=5.883e-15  ||F||=5.700e-08
 step=159000  E=4.251540250725e+02  Q=9.930000000000e+02  λ=7.606211e-01  dt=9.801e-04  relΔE=4.412e-15  ||F||=5.195e-08
 Converged (aggressive): step=159204, E=4.251540250721e+02, Q=9.930000000000e+02, dt=1.016e-03, ||F||=5.000e-08

Stationary candidate (aggressive): E=4.251540250721e+02, Q=9.930000000000e+02, maxρ=7.413740e-01

=== Stability test (damped inertial dynamics) ===
Perturb eps=0.02, gamma=1
t=0: E=4.738303409947e+02, Q=9.930000000000e+02, maxρ=7.647551e-01, σ=2.683815e+00, Rc=1.827811e+01
 step=     1  E=4.738300959394e+02  Q=9.930000000000e+02  λ=1.148377e+00  maxρ=7.647550e-01  minρ=2.942e-10  σ=2.683815e+00  Rc=1.827811e+01
 step=   300  E=4.637831275162e+02  Q=9.930000000000e+02  λ=1.044977e+00  maxρ=7.634577e-01  minρ=2.951e-10  σ=2.683812e+00  Rc=1.827812e+01
 step=   600  E=4.435844738528e+02  Q=9.930000000000e+02  λ=8.578378e-01  maxρ=7.597998e-01  minρ=2.972e-10  σ=2.683806e+00  Rc=1.827812e+01
 step=   900  E=4.317798007165e+02  Q=9.930000000000e+02  λ=7.984204e-01  maxρ=7.543894e-01  minρ=2.950e-10  σ=2.683805e+00  Rc=1.827812e+01
 step=  1200  E=4.363081438345e+02  Q=9.930000000000e+02  λ=9.065702e-01  maxρ=7.520155e-01  minρ=2.917e-10  σ=2.683807e+00  Rc=1.827811e+01
 step=  1500  E=4.484364077483e+02  Q=9.930000000000e+02  λ=1.023569e+00  maxρ=7.566196e-01  minρ=2.896e-10  σ=2.683809e+00  Rc=1.827811e+01
 step=  1800  E=4.546213239078e+02  Q=9.930000000000e+02  λ=1.009235e+00  maxρ=7.590407e-01  minρ=2.895e-10  σ=2.683806e+00  Rc=1.827811e+01
 step=  2100  E=4.509751540977e+02  Q=9.930000000000e+02  λ=9.072839e-01  maxρ=7.551759e-01  minρ=2.896e-10  σ=2.683803e+00  Rc=1.827811e+01
 step=  2400  E=4.445742446801e+02  Q=9.930000000000e+02  λ=8.603618e-01  maxρ=7.477985e-01  minρ=2.880e-10  σ=2.683803e+00  Rc=1.827811e+01
 step=  2700  E=4.429970594253e+02  Q=9.930000000000e+02  λ=9.156718e-01  maxρ=7.517428e-01  minρ=2.820e-10  σ=2.683807e+00  Rc=1.827811e+01
 step=  3000  E=4.460852771534e+02  Q=9.930000000000e+02  λ=9.819350e-01  maxρ=7.611869e-01  minρ=2.808e-10  σ=2.683807e+00  Rc=1.827811e+01
 step=  3300  E=4.484174107828e+02  Q=9.930000000000e+02  λ=9.692054e-01  maxρ=7.631435e-01  minρ=2.853e-10  σ=2.683803e+00  Rc=1.827811e+01
 step=  3600  E=4.469989997591e+02  Q=9.930000000000e+02  λ=9.039777e-01  maxρ=7.576232e-01  minρ=2.887e-10  σ=2.683799e+00  Rc=1.827811e+01
 step=  3900  E=4.440590969251e+02  Q=9.930000000000e+02  λ=8.752126e-01  maxρ=7.575959e-01  minρ=2.898e-10  σ=2.683800e+00  Rc=1.827811e+01
 step=  4200  E=4.430014188610e+02  Q=9.930000000000e+02  λ=9.085280e-01  maxρ=7.549633e-01  minρ=2.814e-10  σ=2.683803e+00  Rc=1.827810e+01
 step=  4500  E=4.440779731322e+02  Q=9.930000000000e+02  λ=9.443565e-01  maxρ=7.534808e-01  minρ=2.735e-10  σ=2.683804e+00  Rc=1.827810e+01
 step=  4800  E=4.450080717425e+02  Q=9.930000000000e+02  λ=9.314862e-01  maxρ=7.561447e-01  minρ=2.704e-10  σ=2.683800e+00  Rc=1.827810e+01
 step=  5100  E=4.444531516610e+02  Q=9.930000000000e+02  λ=8.932474e-01  maxρ=7.570810e-01  minρ=2.732e-10  σ=2.683795e+00  Rc=1.827810e+01
 step=  5400  E=4.433206407856e+02  Q=9.930000000000e+02  λ=8.831036e-01  maxρ=7.561901e-01  minρ=2.676e-10  σ=2.683793e+00  Rc=1.827810e+01
 step=  5700  E=4.429013146946e+02  Q=9.930000000000e+02  λ=9.075330e-01  maxρ=7.536078e-01  minρ=2.601e-10  σ=2.683795e+00  Rc=1.827810e+01
 step=  6000  E=4.431051726853e+02  Q=9.930000000000e+02  λ=9.252258e-01  maxρ=7.521023e-01  minρ=2.591e-10  σ=2.683795e+00  Rc=1.827809e+01
 >>> No runaway detected in this horizon. Likely stable (within this model & box).

STABILITY: PASS
