
=== Aggressive relaxation to Q = 1750 ===
Initial: E=1.064327959223e+03, Q=1.750000000000e+03, dt=1.000e-04
 step=     1  E=1.064266184601e+03  Q=1.750000000000e+03  λ=1.339325e+00  dt=1.000e-04  relΔE=5.804e-05  ||F||=5.947e-01
 step=   500  E=1.003328357411e+03  Q=1.750000000000e+03  λ=1.219186e+00  dt=6.192e-04  relΔE=1.870e-04  ||F||=4.563e-01
 step=  1000  E=9.041408685926e+02  Q=1.750000000000e+03  λ=1.025857e+00  dt=9.584e-04  relΔE=1.066e-04  ||F||=2.629e-01
 step=  1500  E=8.612543108326e+02  Q=1.750000000000e+03  λ=9.426647e-01  dt=1.484e-03  relΔE=7.944e-05  ||F||=1.780e-01
 step=  2000  E=8.404499352210e+02  Q=1.750000000000e+03  λ=9.019802e-01  dt=1.148e-03  relΔE=3.572e-05  ||F||=1.340e-01
 step=  2500  E=8.275649131819e+02  Q=1.750000000000e+03  λ=8.767269e-01  dt=8.887e-04  relΔE=1.759e-05  ||F||=1.061e-01
 step=  3000  E=8.192818511912e+02  Q=1.750000000000e+03  λ=8.606136e-01  dt=1.376e-03  relΔE=1.895e-05  ||F||=8.804e-02
 step=  3500  E=8.133929049887e+02  Q=1.750000000000e+03  λ=8.493139e-01  dt=1.065e-03  relΔE=1.097e-05  ||F||=7.586e-02
 step=  4000  E=8.087807978751e+02  Q=1.750000000000e+03  λ=8.406618e-01  dt=8.241e-04  relΔE=6.727e-06  ||F||=6.733e-02
 step=  4500  E=8.052366514407e+02  Q=1.750000000000e+03  λ=8.341967e-01  dt=1.276e-03  relΔE=8.447e-06  ||F||=6.050e-02
 step=  5000  E=8.022553164421e+02  Q=1.750000000000e+03  λ=8.289028e-01  dt=9.873e-04  relΔE=5.516e-06  ||F||=5.547e-02
 step=  5500  E=7.996526624987e+02  Q=1.750000000000e+03  λ=8.244218e-01  dt=1.528e-03  relΔE=7.329e-06  ||F||=8.229e-02
 step=  6000  E=7.975169499688e+02  Q=1.750000000000e+03  λ=8.208369e-01  dt=1.183e-03  relΔE=5.013e-06  ||F||=4.816e-02
 step=  6500  E=7.955480292042e+02  Q=1.750000000000e+03  λ=8.176196e-01  dt=9.154e-04  relΔE=3.451e-06  ||F||=4.537e-02
 step=  7000  E=7.938029960285e+02  Q=1.750000000000e+03  λ=8.148411e-01  dt=1.417e-03  relΔE=4.808e-06  ||F||=4.299e-02
 step=  7500  E=7.922572019383e+02  Q=1.750000000000e+03  λ=8.124312e-01  dt=1.097e-03  relΔE=3.384e-06  ||F||=4.096e-02
 step=  8000  E=7.908056461174e+02  Q=1.750000000000e+03  λ=8.102149e-01  dt=8.488e-04  relΔE=2.393e-06  ||F||=3.911e-02
 step=  8500  E=7.895121917583e+02  Q=1.750000000000e+03  λ=8.082793e-01  dt=1.314e-03  relΔE=3.410e-06  ||F||=3.749e-02
 step=  9000  E=7.883153995447e+02  Q=1.750000000000e+03  λ=8.065164e-01  dt=1.017e-03  relΔE=2.442e-06  ||F||=3.603e-02
 step=  9500  E=7.871718196004e+02  Q=1.750000000000e+03  λ=8.048585e-01  dt=7.871e-04  relΔE=1.778e-06  ||F||=3.845e-02
 step= 10000  E=7.861673839289e+02  Q=1.750000000000e+03  λ=8.034243e-01  dt=1.218e-03  relΔE=2.531e-06  ||F||=3.347e-02
 step= 10500  E=7.851979383726e+02  Q=1.750000000000e+03  λ=8.020562e-01  dt=9.430e-04  relΔE=1.831e-06  ||F||=3.234e-02
 step= 11000  E=7.842855193214e+02  Q=1.750000000000e+03  λ=8.007855e-01  dt=1.460e-03  relΔE=2.655e-06  ||F||=3.128e-02
 step= 11500  E=7.834574363362e+02  Q=1.750000000000e+03  λ=7.996429e-01  dt=1.130e-03  relΔE=1.934e-06  ||F||=3.033e-02
 step= 12000  E=7.826514799961e+02  Q=1.750000000000e+03  λ=7.985420e-01  dt=8.744e-04  relΔE=1.409e-06  ||F||=2.941e-02
 step= 12500  E=7.819063370389e+02  Q=1.750000000000e+03  λ=7.975347e-01  dt=1.353e-03  relΔE=2.059e-06  ||F||=2.856e-02
 step= 13000  E=7.812075383387e+02  Q=1.750000000000e+03  λ=7.965965e-01  dt=1.048e-03  relΔE=1.508e-06  ||F||=2.777e-02
 step= 13500  E=7.805253984508e+02  Q=1.750000000000e+03  λ=7.956880e-01  dt=8.108e-04  relΔE=1.106e-06  ||F||=2.703e-02
 step= 14000  E=7.799062102706e+02  Q=1.750000000000e+03  λ=7.948701e-01  dt=1.255e-03  relΔE=1.623e-06  ||F||=2.630e-02
 step= 14500  E=7.793062246849e+02  Q=1.750000000000e+03  λ=7.940817e-01  dt=9.713e-04  relΔE=1.194e-06  ||F||=2.563e-02
 step= 15000  E=7.787243252204e+02  Q=1.750000000000e+03  λ=7.933229e-01  dt=1.504e-03  relΔE=1.756e-06  ||F||=2.524e-02
 step= 15500  E=7.781976436233e+02  Q=1.750000000000e+03  λ=7.926390e-01  dt=1.164e-03  relΔE=1.296e-06  ||F||=2.438e-02
 step= 16000  E=7.776746339617e+02  Q=1.750000000000e+03  λ=7.919636e-01  dt=9.007e-04  relΔE=9.560e-07  ||F||=2.379e-02
 step= 16500  E=7.771816435455e+02  Q=1.750000000000e+03  λ=7.913310e-01  dt=1.394e-03  relΔE=1.413e-06  ||F||=2.324e-02
 step= 17000  E=7.767185393193e+02  Q=1.750000000000e+03  λ=7.907388e-01  dt=1.079e-03  relΔE=1.045e-06  ||F||=2.272e-02
 step= 17500  E=7.762796312737e+02  Q=1.750000000000e+03  λ=7.901806e-01  dt=1.392e-03  relΔE=1.291e-06  ||F||=2.223e-02
 step= 18000  E=7.758557475215e+02  Q=1.750000000000e+03  λ=7.896433e-01  dt=1.077e-03  relΔE=9.576e-07  ||F||=2.175e-02
 step= 18500  E=7.754538002801e+02  Q=1.750000000000e+03  λ=7.891363e-01  dt=1.390e-03  relΔE=1.185e-06  ||F||=2.130e-02
 step= 19000  E=7.750637723806e+02  Q=1.750000000000e+03  λ=7.886458e-01  dt=1.076e-03  relΔE=8.802e-07  ||F||=2.086e-02
 step= 19500  E=7.746774596409e+02  Q=1.750000000000e+03  λ=7.881619e-01  dt=8.324e-04  relΔE=6.534e-07  ||F||=2.042e-02
 step= 20000  E=7.743193530469e+02  Q=1.750000000000e+03  λ=7.877155e-01  dt=1.289e-03  relΔE=9.724e-07  ||F||=2.002e-02
 step= 20500  E=7.739719156205e+02  Q=1.750000000000e+03  λ=7.872834e-01  dt=9.973e-04  relΔE=7.238e-07  ||F||=1.963e-02
 step= 21000  E=7.736269519536e+02  Q=1.750000000000e+03  λ=7.869066e-01  dt=1.544e-03  relΔE=8.415e-07  ||F||=3.199e-01
 step= 21500  E=7.733142530399e+02  Q=1.750000000000e+03  λ=7.864702e-01  dt=1.195e-03  relΔE=8.036e-07  ||F||=1.889e-02
 step= 22000  E=7.730002379936e+02  Q=1.750000000000e+03  λ=7.860837e-01  dt=9.248e-04  relΔE=5.992e-07  ||F||=1.853e-02
 step= 22500  E=7.726983480988e+02  Q=1.750000000000e+03  λ=7.857138e-01  dt=1.431e-03  relΔE=8.942e-07  ||F||=1.819e-02
 step= 23000  E=7.724147428140e+02  Q=1.750000000000e+03  λ=7.853670e-01  dt=1.108e-03  relΔE=6.682e-07  ||F||=1.787e-02
 step= 23500  E=7.721309748393e+02  Q=1.750000000000e+03  λ=7.850211e-01  dt=8.575e-04  relΔE=4.991e-07  ||F||=1.756e-02
 step= 24000  E=7.718639942886e+02  Q=1.750000000000e+03  λ=7.846972e-01  dt=1.327e-03  relΔE=7.468e-07  ||F||=1.726e-02
 step= 24500  E=7.716060410374e+02  Q=1.750000000000e+03  λ=7.843848e-01  dt=1.027e-03  relΔE=5.590e-07  ||F||=1.697e-02
 step= 25000  E=7.713483095170e+02  Q=1.750000000000e+03  λ=7.840737e-01  dt=7.951e-04  relΔE=4.182e-07  ||F||=1.668e-02
 step= 25500  E=7.711114705505e+02  Q=1.750000000000e+03  λ=7.837891e-01  dt=1.231e-03  relΔE=6.273e-07  ||F||=1.642e-02
 step= 26000  E=7.708754453418e+02  Q=1.750000000000e+03  λ=7.835060e-01  dt=9.526e-04  relΔE=4.702e-07  ||F||=1.615e-02
 step= 26500  E=7.706435956878e+02  Q=1.750000000000e+03  λ=7.832292e-01  dt=1.475e-03  relΔE=7.052e-07  ||F||=1.590e-02
 step= 27000  E=7.704281195405e+02  Q=1.750000000000e+03  λ=7.829724e-01  dt=1.141e-03  relΔE=5.297e-07  ||F||=1.566e-02
 step= 27500  E=7.702109822512e+02  Q=1.750000000000e+03  λ=7.827145e-01  dt=8.833e-04  relΔE=3.977e-07  ||F||=1.542e-02
 step= 28000  E=7.700032903586e+02  Q=1.750000000000e+03  λ=7.824690e-01  dt=1.367e-03  relΔE=5.977e-07  ||F||=1.519e-02
 step= 28500  E=7.698038627372e+02  Q=1.750000000000e+03  λ=7.822337e-01  dt=1.058e-03  relΔE=4.496e-07  ||F||=1.498e-02
 step= 29000  E=7.696036584867e+02  Q=1.750000000000e+03  λ=7.819982e-01  dt=8.190e-04  relΔE=3.380e-07  ||F||=1.476e-02
 step= 29500  E=7.694163242855e+02  Q=1.750000000000e+03  λ=7.817789e-01  dt=1.268e-03  relΔE=5.091e-07  ||F||=1.456e-02
 step= 30000  E=7.692311656142e+02  Q=1.750000000000e+03  λ=7.815627e-01  dt=9.812e-04  relΔE=3.835e-07  ||F||=1.436e-02
 step= 30500  E=7.690461937255e+02  Q=1.750000000000e+03  λ=7.813479e-01  dt=1.519e-03  relΔE=5.763e-07  ||F||=2.683e-02
 step= 31000  E=7.688760421914e+02  Q=1.750000000000e+03  λ=7.811502e-01  dt=1.176e-03  relΔE=4.358e-07  ||F||=1.398e-02
 step= 31500  E=7.687032829407e+02  Q=1.750000000000e+03  λ=7.809506e-01  dt=9.098e-04  relΔE=3.286e-07  ||F||=1.380e-02
 step= 32000  E=7.685356945507e+02  Q=1.750000000000e+03  λ=7.807578e-01  dt=1.408e-03  relΔE=4.960e-07  ||F||=1.362e-02
 step= 32500  E=7.683755468055e+02  Q=1.750000000000e+03  λ=7.805740e-01  dt=1.090e-03  relΔE=3.747e-07  ||F||=1.346e-02
 step= 33000  E=7.682142555180e+02  Q=1.750000000000e+03  λ=7.803895e-01  dt=8.436e-04  relΔE=2.830e-07  ||F||=1.329e-02
 step= 33500  E=7.680610211982e+02  Q=1.750000000000e+03  λ=7.802152e-01  dt=1.306e-03  relΔE=4.279e-07  ||F||=1.314e-02
 step= 34000  E=7.679107346781e+02  Q=1.750000000000e+03  λ=7.800446e-01  dt=1.011e-03  relΔE=3.237e-07  ||F||=1.299e-02
 step= 34500  E=7.677589373192e+02  Q=1.750000000000e+03  λ=7.798729e-01  dt=7.823e-04  relΔE=2.448e-07  ||F||=1.383e-02
 step= 35000  E=7.676186804874e+02  Q=1.750000000000e+03  λ=7.797151e-01  dt=1.211e-03  relΔE=3.709e-07  ||F||=1.270e-02
 step= 35500  E=7.674764813250e+02  Q=1.750000000000e+03  λ=7.795555e-01  dt=9.372e-04  relΔE=2.809e-07  ||F||=1.256e-02
 step= 36000  E=7.673365642750e+02  Q=1.750000000000e+03  λ=7.793993e-01  dt=1.451e-03  relΔE=4.256e-07  ||F||=1.242e-02
 step= 36500  E=7.672039773331e+02  Q=1.750000000000e+03  λ=7.792516e-01  dt=1.123e-03  relΔE=3.228e-07  ||F||=1.230e-02
 step= 37000  E=7.670693205572e+02  Q=1.750000000000e+03  λ=7.791022e-01  dt=8.690e-04  relΔE=2.448e-07  ||F||=1.217e-02
 step= 37500  E=7.669397312871e+02  Q=1.750000000000e+03  λ=7.789592e-01  dt=1.345e-03  relΔE=3.717e-07  ||F||=1.205e-02
 step= 38000  E=7.668135071038e+02  Q=1.750000000000e+03  λ=7.788203e-01  dt=1.041e-03  relΔE=2.823e-07  ||F||=1.194e-02
 step= 38500  E=7.666854642000e+02  Q=1.750000000000e+03  λ=7.786800e-01  dt=8.058e-04  relΔE=2.143e-07  ||F||=1.183e-02
 step= 39000  E=7.665653399140e+02  Q=1.750000000000e+03  λ=7.785490e-01  dt=1.247e-03  relΔE=3.260e-07  ||F||=1.172e-02
 step= 39500  E=7.664447114525e+02  Q=1.750000000000e+03  λ=7.784179e-01  dt=9.654e-04  relΔE=2.479e-07  ||F||=1.162e-02
 step= 40000  E=7.663236445387e+02  Q=1.750000000000e+03  λ=7.782870e-01  dt=1.494e-03  relΔE=3.771e-07  ||F||=1.160e-02
 step= 40500  E=7.662102296452e+02  Q=1.750000000000e+03  λ=7.781647e-01  dt=1.157e-03  relΔE=2.872e-07  ||F||=1.142e-02
 step= 41000  E=7.660942784601e+02  Q=1.750000000000e+03  λ=7.780402e-01  dt=8.952e-04  relΔE=2.187e-07  ||F||=1.133e-02
 step= 41500  E=7.659869451932e+02  Q=1.750000000000e+03  λ=7.779255e-01  dt=1.155e-03  relΔE=2.779e-07  ||F||=1.124e-02
 step= 42000  E=7.658745509745e+02  Q=1.750000000000e+03  λ=7.778058e-01  dt=8.937e-04  relΔE=2.118e-07  ||F||=1.116e-02
 step= 42500  E=7.657705605966e+02  Q=1.750000000000e+03  λ=7.776957e-01  dt=1.153e-03  relΔE=2.694e-07  ||F||=1.108e-02
 step= 43000  E=7.656612615392e+02  Q=1.750000000000e+03  λ=7.775802e-01  dt=8.923e-04  relΔE=2.056e-07  ||F||=1.100e-02
 step= 43500  E=7.655547319471e+02  Q=1.750000000000e+03  λ=7.774683e-01  dt=1.381e-03  relΔE=3.139e-07  ||F||=1.092e-02
 step= 44000  E=7.654512823799e+02  Q=1.750000000000e+03  λ=7.773600e-01  dt=1.069e-03  relΔE=2.398e-07  ||F||=1.085e-02
 step= 44500  E=7.653456813008e+02  Q=1.750000000000e+03  λ=7.772499e-01  dt=8.273e-04  relΔE=1.832e-07  ||F||=1.078e-02
 step= 45000  E=7.652448072542e+02  Q=1.750000000000e+03  λ=7.771452e-01  dt=1.281e-03  relΔE=2.802e-07  ||F||=1.072e-02
 step= 45500  E=7.651440549201e+02  Q=1.750000000000e+03  λ=7.770411e-01  dt=9.912e-04  relΔE=2.144e-07  ||F||=1.065e-02
 step= 46000  E=7.650412681757e+02  Q=1.750000000000e+03  λ=7.769418e-01  dt=1.534e-03  relΔE=2.967e-07  ||F||=1.150e-01
 step= 46500  E=7.649457160737e+02  Q=1.750000000000e+03  λ=7.768374e-01  dt=1.188e-03  relΔE=2.513e-07  ||F||=1.054e-02
 step= 47000  E=7.648470969167e+02  Q=1.750000000000e+03  λ=7.767367e-01  dt=9.191e-04  relΔE=1.925e-07  ||F||=1.048e-02
 step= 47500  E=7.647495438044e+02  Q=1.750000000000e+03  λ=7.766376e-01  dt=1.423e-03  relΔE=2.952e-07  ||F||=1.043e-02
 step= 48000  E=7.646552450348e+02  Q=1.750000000000e+03  λ=7.765421e-01  dt=1.101e-03  relΔE=2.264e-07  ||F||=1.038e-02
 step= 48500  E=7.645586449074e+02  Q=1.750000000000e+03  λ=7.764447e-01  dt=8.522e-04  relΔE=1.737e-07  ||F||=1.034e-02
 step= 49000  E=7.644651389208e+02  Q=1.750000000000e+03  λ=7.763509e-01  dt=1.319e-03  relΔE=2.668e-07  ||F||=1.030e-02
 step= 49500  E=7.643722909673e+02  Q=1.750000000000e+03  λ=7.762580e-01  dt=1.021e-03  relΔE=2.049e-07  ||F||=1.026e-02
 step= 50000  E=7.642770389176e+02  Q=1.750000000000e+03  λ=7.761631e-01  dt=7.902e-04  relΔE=1.575e-07  ||F||=1.022e-02
 step= 50500  E=7.641872825972e+02  Q=1.750000000000e+03  λ=7.760742e-01  dt=1.223e-03  relΔE=2.423e-07  ||F||=1.019e-02
 step= 51000  E=7.640953610578e+02  Q=1.750000000000e+03  λ=7.759833e-01  dt=9.467e-04  relΔE=1.864e-07  ||F||=1.016e-02
 step= 51500  E=7.640029240360e+02  Q=1.750000000000e+03  λ=7.758924e-01  dt=1.465e-03  relΔE=2.870e-07  ||F||=1.013e-02
 step= 52000  E=7.639143702731e+02  Q=1.750000000000e+03  λ=7.758055e-01  dt=1.134e-03  relΔE=2.211e-07  ||F||=1.011e-02
 step= 52500  E=7.638229378112e+02  Q=1.750000000000e+03  λ=7.757161e-01  dt=8.779e-04  relΔE=1.704e-07  ||F||=1.008e-02
 step= 53000  E=7.637332838033e+02  Q=1.750000000000e+03  λ=7.756289e-01  dt=1.359e-03  relΔE=2.628e-07  ||F||=1.006e-02
 step= 53500  E=7.636448179709e+02  Q=1.750000000000e+03  λ=7.755431e-01  dt=1.052e-03  relΔE=2.028e-07  ||F||=1.005e-02
 step= 54000  E=7.635536743686e+02  Q=1.750000000000e+03  λ=7.754549e-01  dt=8.140e-04  relΔE=1.565e-07  ||F||=1.004e-02
 step= 54500  E=7.634662382194e+02  Q=1.750000000000e+03  λ=7.753708e-01  dt=1.260e-03  relΔE=2.419e-07  ||F||=1.003e-02
 step= 55000  E=7.633775788113e+02  Q=1.750000000000e+03  λ=7.752856e-01  dt=9.752e-04  relΔE=1.870e-07  ||F||=1.002e-02
 step= 55500  E=7.632864976859e+02  Q=1.750000000000e+03  λ=7.751985e-01  dt=1.510e-03  relΔE=2.891e-07  ||F||=1.245e-02
 step= 56000  E=7.632003736191e+02  Q=1.750000000000e+03  λ=7.751162e-01  dt=1.168e-03  relΔE=2.238e-07  ||F||=1.001e-02
 step= 56500  E=7.631107514013e+02  Q=1.750000000000e+03  λ=7.750309e-01  dt=9.043e-04  relΔE=1.733e-07  ||F||=1.001e-02
 step= 57000  E=7.630216241038e+02  Q=1.750000000000e+03  λ=7.749464e-01  dt=1.400e-03  relΔE=2.685e-07  ||F||=1.002e-02
 step= 57500  E=7.629339036862e+02  Q=1.750000000000e+03  λ=7.748633e-01  dt=1.083e-03  relΔE=2.082e-07  ||F||=1.003e-02
 step= 58000  E=7.628432377772e+02  Q=1.750000000000e+03  λ=7.747777e-01  dt=8.385e-04  relΔE=1.615e-07  ||F||=1.004e-02
 step= 58500  E=7.627549668638e+02  Q=1.750000000000e+03  λ=7.746946e-01  dt=1.298e-03  relΔE=2.508e-07  ||F||=1.005e-02
 step= 59000  E=7.626658467012e+02  Q=1.750000000000e+03  λ=7.746108e-01  dt=1.005e-03  relΔE=1.948e-07  ||F||=1.007e-02
 step= 59500  E=7.625732231066e+02  Q=1.750000000000e+03  λ=7.745247e-01  dt=7.775e-04  relΔE=1.542e-07  ||F||=4.031e-02
 step= 60000  E=7.624856448503e+02  Q=1.750000000000e+03  λ=7.744420e-01  dt=1.203e-03  relΔE=2.356e-07  ||F||=1.012e-02
 step= 60500  E=7.623941770369e+02  Q=1.750000000000e+03  λ=7.743565e-01  dt=9.315e-04  relΔE=1.834e-07  ||F||=1.015e-02
 step= 61000  E=7.623018023742e+02  Q=1.750000000000e+03  λ=7.742704e-01  dt=1.442e-03  relΔE=2.857e-07  ||F||=1.018e-02
 step= 61500  E=7.622116863283e+02  Q=1.750000000000e+03  λ=7.741864e-01  dt=1.116e-03  relΔE=2.226e-07  ||F||=1.021e-02
 step= 62000  E=7.621177302089e+02  Q=1.750000000000e+03  λ=7.740989e-01  dt=8.637e-04  relΔE=1.737e-07  ||F||=1.025e-02
 step= 62500  E=7.620290853008e+02  Q=1.750000000000e+03  λ=7.740166e-01  dt=1.114e-03  relΔE=2.258e-07  ||F||=1.029e-02
 step= 63000  E=7.619334776352e+02  Q=1.750000000000e+03  λ=7.739277e-01  dt=8.623e-04  relΔE=1.764e-07  ||F||=1.034e-02
 step= 63500  E=7.618433873595e+02  Q=1.750000000000e+03  λ=7.738441e-01  dt=1.112e-03  relΔE=2.297e-07  ||F||=1.039e-02
 step= 64000  E=7.617459465531e+02  Q=1.750000000000e+03  λ=7.737536e-01  dt=8.609e-04  relΔE=1.797e-07  ||F||=1.044e-02
 step= 64500  E=7.616493441056e+02  Q=1.750000000000e+03  λ=7.736641e-01  dt=1.333e-03  relΔE=2.814e-07  ||F||=1.050e-02
 step= 65000  E=7.615520144175e+02  Q=1.750000000000e+03  λ=7.735737e-01  dt=1.031e-03  relΔE=2.204e-07  ||F||=1.057e-02
 step= 65500  E=7.614501495920e+02  Q=1.750000000000e+03  λ=7.734791e-01  dt=7.983e-04  relΔE=1.729e-07  ||F||=1.064e-02
 step= 66000  E=7.613516974355e+02  Q=1.750000000000e+03  λ=7.733877e-01  dt=1.236e-03  relΔE=2.713e-07  ||F||=1.071e-02
 step= 66500  E=7.612491042294e+02  Q=1.750000000000e+03  λ=7.732923e-01  dt=9.564e-04  relΔE=2.131e-07  ||F||=1.078e-02
 step= 67000  E=7.611432981083e+02  Q=1.750000000000e+03  λ=7.731939e-01  dt=1.480e-03  relΔE=3.350e-07  ||F||=1.087e-02
 step= 67500  E=7.610405747819e+02  Q=1.750000000000e+03  λ=7.730982e-01  dt=1.146e-03  relΔE=2.635e-07  ||F||=1.096e-02
 step= 68000  E=7.609320480358e+02  Q=1.750000000000e+03  λ=7.729969e-01  dt=8.868e-04  relΔE=2.075e-07  ||F||=1.105e-02
 step= 68500  E=7.608230227263e+02  Q=1.750000000000e+03  λ=7.728951e-01  dt=1.373e-03  relΔE=3.270e-07  ||F||=1.115e-02
 step= 69000  E=7.607132516802e+02  Q=1.750000000000e+03  λ=7.727922e-01  dt=1.062e-03  relΔE=2.579e-07  ||F||=1.125e-02
 step= 69500  E=7.605977008941e+02  Q=1.750000000000e+03  λ=7.726837e-01  dt=8.223e-04  relΔE=2.037e-07  ||F||=1.137e-02
 step= 70000  E=7.604839229352e+02  Q=1.750000000000e+03  λ=7.725767e-01  dt=1.273e-03  relΔE=3.218e-07  ||F||=1.148e-02
 step= 70500  E=7.603661943753e+02  Q=1.750000000000e+03  λ=7.724655e-01  dt=9.851e-04  relΔE=2.545e-07  ||F||=1.161e-02
 step= 71000  E=7.602420463369e+02  Q=1.750000000000e+03  λ=7.723492e-01  dt=1.525e-03  relΔE=3.988e-07  ||F||=4.844e-02
 step= 71500  E=7.601222001832e+02  Q=1.750000000000e+03  λ=7.722342e-01  dt=1.180e-03  relΔE=3.194e-07  ||F||=1.188e-02
 step= 72000  E=7.599945093091e+02  Q=1.750000000000e+03  λ=7.721125e-01  dt=9.135e-04  relΔE=2.535e-07  ||F||=1.203e-02
 step= 72500  E=7.598639097831e+02  Q=1.750000000000e+03  λ=7.719876e-01  dt=1.414e-03  relΔE=4.027e-07  ||F||=1.218e-02
 step= 73000  E=7.597328477346e+02  Q=1.750000000000e+03  λ=7.718617e-01  dt=1.094e-03  relΔE=3.200e-07  ||F||=1.234e-02
 step= 73500  E=7.595935603626e+02  Q=1.750000000000e+03  λ=7.717272e-01  dt=8.470e-04  relΔE=2.548e-07  ||F||=1.252e-02
 step= 74000  E=7.594541651752e+02  Q=1.750000000000e+03  λ=7.715922e-01  dt=1.311e-03  relΔE=4.059e-07  ||F||=1.270e-02
 step= 74500  E=7.593102252797e+02  Q=1.750000000000e+03  λ=7.714520e-01  dt=1.015e-03  relΔE=3.236e-07  ||F||=1.289e-02
 step= 75000  E=7.591565747517e+02  Q=1.750000000000e+03  λ=7.713016e-01  dt=7.854e-04  relΔE=2.587e-07  ||F||=1.325e-02
 step= 75500  E=7.590065178233e+02  Q=1.750000000000e+03  λ=7.711540e-01  dt=1.216e-03  relΔE=4.132e-07  ||F||=1.330e-02
 step= 76000  E=7.588463459345e+02  Q=1.750000000000e+03  λ=7.709955e-01  dt=9.409e-04  relΔE=3.308e-07  ||F||=1.353e-02
 step= 76500  E=7.586792097822e+02  Q=1.750000000000e+03  λ=7.708293e-01  dt=1.457e-03  relΔE=5.304e-07  ||F||=1.376e-02
 step= 77000  E=7.585119908254e+02  Q=1.750000000000e+03  λ=7.706619e-01  dt=1.127e-03  relΔE=4.252e-07  ||F||=1.401e-02
 step= 77500  E=7.583322129983e+02  Q=1.750000000000e+03  λ=7.704808e-01  dt=8.725e-04  relΔE=3.418e-07  ||F||=1.427e-02
 step= 78000  E=7.581486296665e+02  Q=1.750000000000e+03  λ=7.702949e-01  dt=1.351e-03  relΔE=5.498e-07  ||F||=1.455e-02
 step= 78500  E=7.579593941975e+02  Q=1.750000000000e+03  λ=7.701017e-01  dt=1.045e-03  relΔE=4.426e-07  ||F||=1.484e-02
 step= 79000  E=7.577556027069e+02  Q=1.750000000000e+03  λ=7.698924e-01  dt=8.090e-04  relΔE=3.573e-07  ||F||=1.515e-02
 step= 79500  E=7.575517429749e+02  Q=1.750000000000e+03  λ=7.696818e-01  dt=1.252e-03  relΔE=5.766e-07  ||F||=1.547e-02
 step= 80000  E=7.573345653357e+02  Q=1.750000000000e+03  λ=7.694556e-01  dt=9.692e-04  relΔE=4.663e-07  ||F||=1.581e-02
 step= 80500  E=7.571025437283e+02  Q=1.750000000000e+03  λ=7.692125e-01  dt=1.500e-03  relΔE=7.561e-07  ||F||=1.648e-02
 step= 81000  E=7.568715054349e+02  Q=1.750000000000e+03  λ=7.689683e-01  dt=1.161e-03  relΔE=6.124e-07  ||F||=1.655e-02
 step= 81500  E=7.566195242486e+02  Q=1.750000000000e+03  λ=7.687000e-01  dt=8.987e-04  relΔE=4.977e-07  ||F||=1.695e-02
 step= 82000  E=7.563574777543e+02  Q=1.750000000000e+03  λ=7.684194e-01  dt=1.391e-03  relΔE=8.096e-07  ||F||=1.737e-02
 step= 82500  E=7.560865353603e+02  Q=1.750000000000e+03  λ=7.681266e-01  dt=1.077e-03  relΔE=6.590e-07  ||F||=1.781e-02
 step= 83000  E=7.558041276744e+02  Q=1.750000000000e+03  λ=7.678194e-01  dt=1.389e-03  relΔE=8.948e-07  ||F||=1.827e-02
 step= 83500  E=7.555035820305e+02  Q=1.750000000000e+03  λ=7.674898e-01  dt=1.075e-03  relΔE=7.305e-07  ||F||=1.876e-02
 step= 84000  E=7.551752751343e+02  Q=1.750000000000e+03  λ=7.671269e-01  dt=8.320e-04  relΔE=5.984e-07  ||F||=1.930e-02
 step= 84500  E=7.548399299502e+02  Q=1.750000000000e+03  λ=7.667539e-01  dt=1.288e-03  relΔE=9.797e-07  ||F||=1.985e-02
 step= 85000  E=7.544811303488e+02  Q=1.750000000000e+03  λ=7.663512e-01  dt=9.968e-04  relΔE=8.038e-07  ||F||=2.043e-02
 step= 85500  E=7.540871017274e+02  Q=1.750000000000e+03  λ=7.659572e-01  dt=1.543e-03  relΔE=1.057e-06  ||F||=3.224e-01
 step= 86000  E=7.536934266526e+02  Q=1.750000000000e+03  λ=7.654576e-01  dt=1.194e-03  relΔE=1.087e-06  ||F||=2.169e-02
 step= 86500  E=7.532578940093e+02  Q=1.750000000000e+03  λ=7.649577e-01  dt=9.242e-04  relΔE=8.967e-07  ||F||=2.239e-02
 step= 87000  E=7.527941108438e+02  Q=1.750000000000e+03  λ=7.644222e-01  dt=1.431e-03  relΔE=1.481e-06  ||F||=2.312e-02
 step= 87500  E=7.523109435675e+02  Q=1.750000000000e+03  λ=7.638594e-01  dt=1.107e-03  relΔE=1.223e-06  ||F||=2.387e-02
 step= 88000  E=7.517783329778e+02  Q=1.750000000000e+03  λ=7.632348e-01  dt=8.570e-04  relΔE=1.013e-06  ||F||=2.469e-02
 step= 88500  E=7.512224443969e+02  Q=1.750000000000e+03  λ=7.625793e-01  dt=1.327e-03  relΔE=1.678e-06  ||F||=2.552e-02
 step= 89000  E=7.506264698820e+02  Q=1.750000000000e+03  λ=7.618709e-01  dt=1.027e-03  relΔE=1.391e-06  ||F||=2.641e-02
 step= 89500  E=7.499669906521e+02  Q=1.750000000000e+03  λ=7.610821e-01  dt=7.947e-04  relΔE=1.157e-06  ||F||=2.736e-02
 step= 90000  E=7.492953289919e+02  Q=1.750000000000e+03  λ=7.602747e-01  dt=1.230e-03  relΔE=1.919e-06  ||F||=2.831e-02
 step= 90500  E=7.485533303362e+02  Q=1.750000000000e+03  λ=7.593767e-01  dt=9.520e-04  relΔE=1.596e-06  ||F||=2.933e-02
 step= 91000  E=7.477450148647e+02  Q=1.750000000000e+03  λ=7.583944e-01  dt=1.474e-03  relΔE=2.658e-06  ||F||=3.041e-02
 step= 91500  E=7.469118133354e+02  Q=1.750000000000e+03  λ=7.573754e-01  dt=1.141e-03  relΔE=2.207e-06  ||F||=3.148e-02
 step= 92000  E=7.459843417453e+02  Q=1.750000000000e+03  λ=7.562360e-01  dt=8.828e-04  relΔE=1.838e-06  ||F||=3.263e-02
 step= 92500  E=7.450040758196e+02  Q=1.750000000000e+03  λ=7.550282e-01  dt=1.366e-03  relΔE=3.055e-06  ||F||=3.380e-02
 step= 93000  E=7.439608328618e+02  Q=1.750000000000e+03  λ=7.537364e-01  dt=1.058e-03  relΔE=2.536e-06  ||F||=3.498e-02
 step= 93500  E=7.428059383918e+02  Q=1.750000000000e+03  λ=7.523019e-01  dt=8.186e-04  relΔE=2.108e-06  ||F||=3.622e-02
 step= 94000  E=7.416213414817e+02  Q=1.750000000000e+03  λ=7.508284e-01  dt=1.267e-03  relΔE=3.486e-06  ||F||=3.741e-02
 step= 94500  E=7.403328505430e+02  Q=1.750000000000e+03  λ=7.492204e-01  dt=9.807e-04  relΔE=2.881e-06  ||F||=3.862e-02
 step= 95000  E=7.389252826235e+02  Q=1.750000000000e+03  λ=7.474637e-01  dt=1.518e-03  relΔE=4.754e-06  ||F||=4.543e-02
 step= 95500  E=7.375129576624e+02  Q=1.750000000000e+03  λ=7.456966e-01  dt=1.175e-03  relΔE=3.898e-06  ||F||=4.096e-02
 step= 96000  E=7.359587306527e+02  Q=1.750000000000e+03  λ=7.437520e-01  dt=9.093e-04  relΔE=3.189e-06  ||F||=4.207e-02
 step= 96500  E=7.343341593906e+02  Q=1.750000000000e+03  λ=7.417228e-01  dt=1.408e-03  relΔE=5.190e-06  ||F||=4.309e-02
 step= 97000  E=7.326663006052e+02  Q=1.750000000000e+03  λ=7.396390e-01  dt=1.089e-03  relΔE=4.196e-06  ||F||=4.399e-02
 step= 97500  E=7.308731009818e+02  Q=1.750000000000e+03  λ=7.374027e-01  dt=8.432e-04  relΔE=3.376e-06  ||F||=4.479e-02
 step= 98000  E=7.290796129226e+02  Q=1.750000000000e+03  λ=7.351742e-01  dt=1.305e-03  relΔE=5.385e-06  ||F||=4.542e-02
 step= 98500  E=7.272288961669e+02  Q=1.750000000000e+03  λ=7.328787e-01  dt=1.010e-03  relΔE=4.263e-06  ||F||=4.587e-02
 step= 99000  E=7.252824273925e+02  Q=1.750000000000e+03  λ=7.307039e-01  dt=7.818e-04  relΔE=4.043e-06  ||F||=6.826e-01
 step= 99500  E=7.234379568236e+02  Q=1.750000000000e+03  λ=7.282077e-01  dt=1.210e-03  relΔE=5.202e-06  ||F||=4.618e-02
 step=100000  E=7.215495753089e+02  Q=1.750000000000e+03  λ=7.258960e-01  dt=7.806e-04  relΔE=3.337e-06  ||F||=4.599e-02
 step=100500  E=7.197353939985e+02  Q=1.750000000000e+03  λ=7.236908e-01  dt=1.208e-03  relΔE=5.086e-06  ||F||=4.558e-02
 step=101000  E=7.179151441531e+02  Q=1.750000000000e+03  λ=7.214891e-01  dt=7.793e-04  relΔE=3.194e-06  ||F||=4.492e-02
 step=101500  E=7.162030147330e+02  Q=1.750000000000e+03  λ=7.194356e-01  dt=1.206e-03  relΔE=4.765e-06  ||F||=4.405e-02
 step=102000  E=7.145012016802e+02  Q=1.750000000000e+03  λ=7.174080e-01  dt=9.336e-04  relΔE=3.510e-06  ||F||=4.291e-02
 step=102500  E=7.128909770987e+02  Q=1.750000000000e+03  λ=7.155087e-01  dt=1.445e-03  relΔE=5.108e-06  ||F||=4.157e-02
 step=103000  E=7.114291443248e+02  Q=1.750000000000e+03  λ=7.137983e-01  dt=1.119e-03  relΔE=3.682e-06  ||F||=4.007e-02
 step=103500  E=7.100348252098e+02  Q=1.750000000000e+03  λ=7.121841e-01  dt=8.657e-04  relΔE=2.617e-06  ||F||=3.837e-02
 step=104000  E=7.087903326504e+02  Q=1.750000000000e+03  λ=7.107616e-01  dt=1.340e-03  relΔE=3.688e-06  ||F||=3.657e-02
 step=104500  E=7.076653755169e+02  Q=1.750000000000e+03  λ=7.094901e-01  dt=1.037e-03  relΔE=2.571e-06  ||F||=3.468e-02
 step=105000  E=7.066283857822e+02  Q=1.750000000000e+03  λ=7.083347e-01  dt=8.027e-04  relΔE=1.767e-06  ||F||=3.266e-02
 step=105500  E=7.057540226681e+02  Q=1.750000000000e+03  λ=7.073765e-01  dt=1.243e-03  relΔE=2.420e-06  ||F||=3.070e-02
 step=106000  E=7.049669117602e+02  Q=1.750000000000e+03  λ=7.065275e-01  dt=9.617e-04  relΔE=1.638e-06  ||F||=2.869e-02
 step=106500  E=7.042713760489e+02  Q=1.750000000000e+03  λ=7.057927e-01  dt=1.489e-03  relΔE=2.192e-06  ||F||=2.667e-02
 step=107000  E=7.036976210647e+02  Q=1.750000000000e+03  λ=7.051985e-01  dt=1.152e-03  relΔE=1.465e-06  ||F||=2.476e-02
 step=107500  E=7.031871654797e+02  Q=1.750000000000e+03  λ=7.046826e-01  dt=8.918e-04  relΔE=9.661e-07  ||F||=2.285e-02
 step=108000  E=7.027584339829e+02  Q=1.750000000000e+03  λ=7.042616e-01  dt=1.380e-03  relΔE=1.268e-06  ||F||=2.104e-02
 step=108500  E=7.024008679098e+02  Q=1.750000000000e+03  λ=7.039207e-01  dt=1.068e-03  relΔE=8.295e-07  ||F||=1.934e-02
 step=109000  E=7.020907546892e+02  Q=1.750000000000e+03  λ=7.036354e-01  dt=8.269e-04  relΔE=5.363e-07  ||F||=1.767e-02
 step=109500  E=7.018404118665e+02  Q=1.750000000000e+03  λ=7.034145e-01  dt=1.280e-03  relΔE=6.944e-07  ||F||=1.616e-02
 step=110000  E=7.016295808760e+02  Q=1.750000000000e+03  λ=7.032367e-01  dt=9.907e-04  relΔE=4.465e-07  ||F||=1.472e-02
 step=110500  E=7.014496781360e+02  Q=1.750000000000e+03  λ=7.030995e-01  dt=1.533e-03  relΔE=5.374e-07  ||F||=1.133e-01
 step=111000  E=7.013101840275e+02  Q=1.750000000000e+03  λ=7.029888e-01  dt=1.187e-03  relΔE=3.647e-07  ||F||=1.215e-02
 step=111500  E=7.011902380173e+02  Q=1.750000000000e+03  λ=7.029054e-01  dt=9.186e-04  relΔE=2.313e-07  ||F||=1.100e-02
 step=112000  E=7.010924316176e+02  Q=1.750000000000e+03  λ=7.028434e-01  dt=1.422e-03  relΔE=2.928e-07  ||F||=9.947e-03
 step=112500  E=7.010143324630e+02  Q=1.750000000000e+03  λ=7.027991e-01  dt=1.101e-03  relΔE=1.857e-07  ||F||=9.003e-03
 step=113000  E=7.009485656144e+02  Q=1.750000000000e+03  λ=7.027665e-01  dt=8.518e-04  relΔE=1.167e-07  ||F||=8.112e-03
 step=113500  E=7.008963729142e+02  Q=1.750000000000e+03  λ=7.027450e-01  dt=1.318e-03  relΔE=1.471e-07  ||F||=7.321e-03
 step=114000  E=7.008539312523e+02  Q=1.750000000000e+03  λ=7.027312e-01  dt=1.020e-03  relΔE=9.255e-08  ||F||=6.600e-03
 step=114500  E=7.008184620633e+02  Q=1.750000000000e+03  λ=7.027233e-01  dt=7.898e-04  relΔE=5.774e-08  ||F||=5.925e-03
 step=115000  E=7.007911858597e+02  Q=1.750000000000e+03  λ=7.027202e-01  dt=1.223e-03  relΔE=7.273e-08  ||F||=5.345e-03
 step=115500  E=7.007684571984e+02  Q=1.750000000000e+03  λ=7.027203e-01  dt=9.462e-04  relΔE=4.547e-08  ||F||=4.803e-03
 step=116000  E=7.007498707557e+02  Q=1.750000000000e+03  λ=7.027229e-01  dt=1.465e-03  relΔE=5.663e-08  ||F||=4.309e-03
 step=116500  E=7.007354631231e+02  Q=1.750000000000e+03  λ=7.027270e-01  dt=1.134e-03  relΔE=3.553e-08  ||F||=3.879e-03
 step=117000  E=7.007234120569e+02  Q=1.750000000000e+03  λ=7.027324e-01  dt=8.774e-04  relΔE=2.210e-08  ||F||=3.477e-03
 step=117500  E=7.007138528411e+02  Q=1.750000000000e+03  λ=7.027385e-01  dt=1.358e-03  relΔE=2.757e-08  ||F||=3.121e-03
 step=118000  E=7.007062416664e+02  Q=1.750000000000e+03  λ=7.027448e-01  dt=1.051e-03  relΔE=1.722e-08  ||F||=2.804e-03
 step=118500  E=7.006999133094e+02  Q=1.750000000000e+03  λ=7.027514e-01  dt=8.136e-04  relΔE=1.068e-08  ||F||=2.510e-03
 step=119000  E=7.006950170984e+02  Q=1.750000000000e+03  λ=7.027578e-01  dt=1.259e-03  relΔE=1.335e-08  ||F||=2.255e-03
 step=119500  E=7.006910230253e+02  Q=1.750000000000e+03  λ=7.027640e-01  dt=9.747e-04  relΔE=8.313e-09  ||F||=2.023e-03
 step=120000  E=7.006877153422e+02  Q=1.750000000000e+03  λ=7.027702e-01  dt=1.509e-03  relΔE=1.019e-08  ||F||=7.168e-03
 step=120500  E=7.006852138426e+02  Q=1.750000000000e+03  λ=7.027756e-01  dt=1.168e-03  relΔE=6.440e-09  ||F||=1.627e-03
 step=121000  E=7.006831113396e+02  Q=1.750000000000e+03  λ=7.027810e-01  dt=9.038e-04  relΔE=3.996e-09  ||F||=1.457e-03
 step=121500  E=7.006814320666e+02  Q=1.750000000000e+03  λ=7.027859e-01  dt=1.399e-03  relΔE=4.963e-09  ||F||=1.305e-03
 step=122000  E=7.006801119072e+02  Q=1.750000000000e+03  λ=7.027904e-01  dt=1.083e-03  relΔE=3.096e-09  ||F||=1.172e-03
 step=122500  E=7.006790192272e+02  Q=1.750000000000e+03  λ=7.027946e-01  dt=8.380e-04  relΔE=1.918e-09  ||F||=1.048e-03
 step=123000  E=7.006781639460e+02  Q=1.750000000000e+03  λ=7.027984e-01  dt=1.297e-03  relΔE=2.390e-09  ||F||=9.409e-04
 step=123500  E=7.006774751872e+02  Q=1.750000000000e+03  λ=7.028018e-01  dt=1.004e-03  relΔE=1.489e-09  ||F||=8.442e-04
 step=124000  E=7.006769035698e+02  Q=1.750000000000e+03  λ=7.028051e-01  dt=7.771e-04  relΔE=9.200e-10  ||F||=7.545e-04
 step=124500  E=7.006764692591e+02  Q=1.750000000000e+03  λ=7.028078e-01  dt=1.203e-03  relΔE=1.151e-09  ||F||=6.785e-04
 step=125000  E=7.006761082394e+02  Q=1.750000000000e+03  λ=7.028104e-01  dt=9.310e-04  relΔE=7.150e-10  ||F||=6.081e-04
 step=125500  E=7.006758166279e+02  Q=1.750000000000e+03  λ=7.028128e-01  dt=1.441e-03  relΔE=8.869e-10  ||F||=5.446e-04
 step=126000  E=7.006755901712e+02  Q=1.750000000000e+03  λ=7.028148e-01  dt=1.115e-03  relΔE=5.541e-10  ||F||=4.895e-04
 step=126500  E=7.006754020198e+02  Q=1.750000000000e+03  λ=7.028167e-01  dt=8.632e-04  relΔE=3.437e-10  ||F||=4.385e-04
 step=127000  E=7.006752529478e+02  Q=1.750000000000e+03  λ=7.028184e-01  dt=1.336e-03  relΔE=4.275e-10  ||F||=3.934e-04
 step=127500  E=7.006751345317e+02  Q=1.750000000000e+03  λ=7.028199e-01  dt=1.034e-03  relΔE=2.666e-10  ||F||=3.534e-04
 step=128000  E=7.006750363998e+02  Q=1.750000000000e+03  λ=7.028213e-01  dt=8.004e-04  relΔE=1.650e-10  ||F||=3.164e-04
 step=128500  E=7.006749605416e+02  Q=1.750000000000e+03  λ=7.028225e-01  dt=1.239e-03  relΔE=2.061e-10  ||F||=2.845e-04
 step=129000  E=7.006748984949e+02  Q=1.750000000000e+03  λ=7.028235e-01  dt=9.590e-04  relΔE=1.281e-10  ||F||=2.553e-04
 step=129500  E=7.006748473930e+02  Q=1.750000000000e+03  λ=7.028245e-01  dt=1.484e-03  relΔE=1.579e-10  ||F||=4.791e-04
 step=130000  E=7.006748086862e+02  Q=1.750000000000e+03  λ=7.028254e-01  dt=1.149e-03  relΔE=9.901e-11  ||F||=2.058e-04
 step=130500  E=7.006747762849e+02  Q=1.750000000000e+03  λ=7.028261e-01  dt=8.892e-04  relΔE=6.136e-11  ||F||=1.846e-04
 step=131000  E=7.006747504797e+02  Q=1.750000000000e+03  λ=7.028268e-01  dt=1.376e-03  relΔE=7.611e-11  ||F||=1.657e-04
 step=131500  E=7.006747302181e+02  Q=1.750000000000e+03  λ=7.028274e-01  dt=1.065e-03  relΔE=4.739e-11  ||F||=1.490e-04
 step=132000  E=7.006747134659e+02  Q=1.750000000000e+03  λ=7.028280e-01  dt=8.245e-04  relΔE=2.929e-11  ||F||=1.336e-04
 step=132500  E=7.006747003730e+02  Q=1.750000000000e+03  λ=7.028284e-01  dt=1.276e-03  relΔE=3.635e-11  ||F||=1.202e-04
 step=133000  E=7.006746899046e+02  Q=1.750000000000e+03  λ=7.028289e-01  dt=9.878e-04  relΔE=2.255e-11  ||F||=1.081e-04
 step=133500  E=7.006746812261e+02  Q=1.750000000000e+03  λ=7.028293e-01  dt=7.645e-04  relΔE=1.384e-11  ||F||=9.682e-05
 step=134000  E=7.006746747122e+02  Q=1.750000000000e+03  λ=7.028296e-01  dt=1.183e-03  relΔE=1.720e-11  ||F||=8.728e-05
 step=134500  E=7.006746693106e+02  Q=1.750000000000e+03  λ=7.028299e-01  dt=9.159e-04  relΔE=1.058e-11  ||F||=7.839e-05
 step=135000  E=7.006746650065e+02  Q=1.750000000000e+03  λ=7.028302e-01  dt=1.418e-03  relΔE=1.297e-11  ||F||=7.038e-05
 step=135500  E=7.006746617007e+02  Q=1.750000000000e+03  λ=7.028304e-01  dt=1.097e-03  relΔE=7.993e-12  ||F||=6.342e-05
 step=136000  E=7.006746590002e+02  Q=1.750000000000e+03  λ=7.028306e-01  dt=8.493e-04  relΔE=4.873e-12  ||F||=5.696e-05
 step=136500  E=7.006746568980e+02  Q=1.750000000000e+03  λ=7.028308e-01  dt=1.315e-03  relΔE=5.938e-12  ||F||=5.123e-05
 step=137000  E=7.006746552677e+02  Q=1.750000000000e+03  λ=7.028310e-01  dt=1.018e-03  relΔE=3.612e-12  ||F||=4.615e-05
 step=137500  E=7.006746539489e+02  Q=1.750000000000e+03  λ=7.028311e-01  dt=7.875e-04  relΔE=2.165e-12  ||F||=4.141e-05
 step=138000  E=7.006746529687e+02  Q=1.750000000000e+03  λ=7.028313e-01  dt=1.219e-03  relΔE=2.608e-12  ||F||=3.734e-05
 step=138500  E=7.006746521967e+02  Q=1.750000000000e+03  λ=7.028314e-01  dt=9.435e-04  relΔE=1.549e-12  ||F||=3.360e-05
 step=139000  E=7.006746515947e+02  Q=1.750000000000e+03  λ=7.028315e-01  dt=1.460e-03  relΔE=1.808e-12  ||F||=3.560e-05
 step=139500  E=7.006746511642e+02  Q=1.750000000000e+03  λ=7.028316e-01  dt=1.130e-03  relΔE=1.058e-12  ||F||=2.724e-05
 step=140000  E=7.006746508308e+02  Q=1.750000000000e+03  λ=7.028317e-01  dt=8.748e-04  relΔE=6.002e-13  ||F||=2.450e-05
 step=140500  E=7.006746505904e+02  Q=1.750000000000e+03  λ=7.028317e-01  dt=1.354e-03  relΔE=6.654e-13  ||F||=2.205e-05
 step=141000  E=7.006746504241e+02  Q=1.750000000000e+03  λ=7.028318e-01  dt=1.048e-03  relΔE=3.581e-13  ||F||=1.989e-05
 step=141500  E=7.006746503085e+02  Q=1.750000000000e+03  λ=7.028319e-01  dt=8.112e-04  relΔE=1.799e-13  ||F||=1.789e-05
 step=142000  E=7.006746502380e+02  Q=1.750000000000e+03  λ=7.028319e-01  dt=1.256e-03  relΔE=1.647e-13  ||F||=1.614e-05
 step=142500  E=7.006746501998e+02  Q=1.750000000000e+03  λ=7.028320e-01  dt=9.719e-04  relΔE=6.003e-14  ||F||=1.456e-05
 step=143000  E=7.006746501859e+02  Q=1.750000000000e+03  λ=7.028320e-01  dt=7.522e-04  relΔE=5.517e-15  ||F||=1.309e-05
  !! dt fell below dt_min: stiffness-limited termination.

Stationary candidate (aggressive): E=7.006746501856e+02, Q=1.750000000000e+03, maxρ=9.686395e-01

=== Stability test (damped inertial dynamics) ===
Perturb eps=0.02, gamma=1
t=0: E=7.865105370226e+02, Q=1.750000000000e+03, maxρ=1.000444e+00, σ=2.637461e+00, Rc=1.828694e+01
 step=     1  E=7.865101048743e+02  Q=1.750000000000e+03  λ=1.090722e+00  maxρ=1.000444e+00  minρ=1.486e-10  σ=2.637461e+00  Rc=1.828694e+01
 step=   300  E=7.687924072326e+02  Q=1.750000000000e+03  λ=9.872926e-01  maxρ=9.987459e-01  minρ=1.492e-10  σ=2.637458e+00  Rc=1.828694e+01
 step=   600  E=7.331710383084e+02  Q=1.750000000000e+03  λ=8.000902e-01  maxρ=9.939585e-01  minρ=1.505e-10  σ=2.637453e+00  Rc=1.828695e+01
 step=   900  E=7.123502359905e+02  Q=1.750000000000e+03  λ=7.406299e-01  maxρ=9.868774e-01  minρ=1.491e-10  σ=2.637451e+00  Rc=1.828694e+01
 step=  1200  E=7.203342478695e+02  Q=1.750000000000e+03  λ=8.487868e-01  maxρ=9.838022e-01  minρ=1.474e-10  σ=2.637453e+00  Rc=1.828694e+01
 step=  1500  E=7.417282293347e+02  Q=1.750000000000e+03  λ=9.658267e-01  maxρ=9.889672e-01  minρ=1.464e-10  σ=2.637455e+00  Rc=1.828693e+01
 step=  1800  E=7.526483077200e+02  Q=1.750000000000e+03  λ=9.515310e-01  maxρ=9.921305e-01  minρ=1.463e-10  σ=2.637452e+00  Rc=1.828693e+01
 step=  2100  E=7.462281145694e+02  Q=1.750000000000e+03  λ=8.495903e-01  maxρ=9.870769e-01  minρ=1.464e-10  σ=2.637449e+00  Rc=1.828694e+01
 step=  2400  E=7.349348948792e+02  Q=1.750000000000e+03  λ=8.026536e-01  maxρ=9.770689e-01  minρ=1.457e-10  σ=2.637450e+00  Rc=1.828694e+01
 step=  2700  E=7.321336286945e+02  Q=1.750000000000e+03  λ=8.579348e-01  maxρ=9.833850e-01  minρ=1.427e-10  σ=2.637453e+00  Rc=1.828693e+01
 step=  3000  E=7.375609630596e+02  Q=1.750000000000e+03  λ=9.241658e-01  maxρ=9.957373e-01  minρ=1.421e-10  σ=2.637453e+00  Rc=1.828693e+01
 step=  3300  E=7.416734312312e+02  Q=1.750000000000e+03  λ=9.114182e-01  maxρ=9.982933e-01  minρ=1.443e-10  σ=2.637450e+00  Rc=1.828694e+01
 step=  3600  E=7.391907472322e+02  Q=1.750000000000e+03  λ=8.462084e-01  maxρ=9.916711e-01  minρ=1.465e-10  σ=2.637446e+00  Rc=1.828694e+01
 step=  3900  E=7.340251208325e+02  Q=1.750000000000e+03  λ=8.174925e-01  maxρ=9.898462e-01  minρ=1.470e-10  σ=2.637446e+00  Rc=1.828693e+01
 step=  4200  E=7.321596299080e+02  Q=1.750000000000e+03  λ=8.508421e-01  maxρ=9.864020e-01  minρ=1.425e-10  σ=2.637449e+00  Rc=1.828693e+01
 step=  4500  E=7.340393100193e+02  Q=1.750000000000e+03  λ=8.866418e-01  maxρ=9.847665e-01  minρ=1.385e-10  σ=2.637450e+00  Rc=1.828693e+01
 step=  4800  E=7.356626939778e+02  Q=1.750000000000e+03  λ=8.736965e-01  maxρ=9.883437e-01  minρ=1.370e-10  σ=2.637446e+00  Rc=1.828693e+01
 step=  5100  E=7.346878743055e+02  Q=1.750000000000e+03  λ=8.354193e-01  maxρ=9.893016e-01  minρ=1.384e-10  σ=2.637441e+00  Rc=1.828693e+01
 step=  5400  E=7.327117462951e+02  Q=1.750000000000e+03  λ=8.253299e-01  maxρ=9.881298e-01  minρ=1.354e-10  σ=2.637439e+00  Rc=1.828692e+01
 step=  5700  E=7.319888741857e+02  Q=1.750000000000e+03  λ=8.498558e-01  maxρ=9.847474e-01  minρ=1.316e-10  σ=2.637441e+00  Rc=1.828692e+01
 step=  6000  E=7.323438339440e+02  Q=1.750000000000e+03  λ=8.675746e-01  maxρ=9.828564e-01  minρ=1.311e-10  σ=2.637441e+00  Rc=1.828692e+01
 >>> No runaway detected in this horizon. Likely stable (within this model & box).

STABILITY: PASS
