
=== Aggressive relaxation to Q = 928 ===
Initial: E=5.546065686823e+02, Q=9.280000000000e+02, dt=1.000e-04
 step=     1  E=5.545906269869e+02  Q=9.280000000000e+02  λ=1.163078e+00  dt=1.000e-04  relΔE=2.874e-05  ||F||=4.150e-01
 step=   500  E=5.371297516842e+02  Q=9.280000000000e+02  λ=1.110977e+00  dt=6.192e-04  relΔE=1.099e-04  ||F||=3.515e-01
 step=  1000  E=5.016656749722e+02  Q=9.280000000000e+02  λ=1.007704e+00  dt=9.584e-04  relΔE=7.705e-05  ||F||=2.286e-01
 step=  1500  E=4.836303800688e+02  Q=9.280000000000e+02  λ=9.567401e-01  dt=1.484e-03  relΔE=6.243e-05  ||F||=1.624e-01
 step=  2000  E=4.741954991392e+02  Q=9.280000000000e+02  λ=9.307260e-01  dt=1.148e-03  relΔE=2.945e-05  ||F||=1.255e-01
 step=  2500  E=4.680949336723e+02  Q=9.280000000000e+02  λ=9.143943e-01  dt=8.887e-04  relΔE=1.502e-05  ||F||=1.012e-01
 step=  3000  E=4.640386593190e+02  Q=9.280000000000e+02  λ=9.039129e-01  dt=1.376e-03  relΔE=1.661e-05  ||F||=8.519e-02
 step=  3500  E=4.610864191034e+02  Q=9.280000000000e+02  λ=8.965529e-01  dt=1.065e-03  relΔE=9.803e-06  ||F||=7.415e-02
 step=  4000  E=4.587304726267e+02  Q=9.280000000000e+02  λ=8.909057e-01  dt=8.241e-04  relΔE=6.107e-06  ||F||=6.636e-02
 step=  4500  E=4.568908752715e+02  Q=9.280000000000e+02  λ=8.866665e-01  dt=1.276e-03  relΔE=7.785e-06  ||F||=6.009e-02
 step=  5000  E=4.553211624215e+02  Q=9.280000000000e+02  λ=8.831714e-01  dt=9.873e-04  relΔE=5.154e-06  ||F||=5.548e-02
 step=  5500  E=4.539283936751e+02  Q=9.280000000000e+02  λ=8.801788e-01  dt=1.528e-03  relΔE=6.901e-06  ||F||=9.276e-02
 step=  6000  E=4.527741387563e+02  Q=9.280000000000e+02  λ=8.777625e-01  dt=1.183e-03  relΔE=4.801e-06  ||F||=4.878e-02
 step=  6500  E=4.516973292985e+02  Q=9.280000000000e+02  λ=8.755694e-01  dt=9.154e-04  relΔE=3.344e-06  ||F||=4.622e-02
 step=  7000  E=4.507319535988e+02  Q=9.280000000000e+02  λ=8.736515e-01  dt=1.417e-03  relΔE=4.710e-06  ||F||=4.404e-02
 step=  7500  E=4.498676693068e+02  Q=9.280000000000e+02  λ=8.719672e-01  dt=1.097e-03  relΔE=3.349e-06  ||F||=4.217e-02
 step=  8000  E=4.490479285409e+02  Q=9.280000000000e+02  λ=8.703992e-01  dt=8.488e-04  relΔE=2.391e-06  ||F||=4.046e-02
 step=  8500  E=4.483106106501e+02  Q=9.280000000000e+02  λ=8.690136e-01  dt=1.314e-03  relΔE=3.439e-06  ||F||=3.896e-02
 step=  9000  E=4.476224927939e+02  Q=9.280000000000e+02  λ=8.677377e-01  dt=1.017e-03  relΔE=2.483e-06  ||F||=3.760e-02
 step=  9500  E=4.469595733350e+02  Q=9.280000000000e+02  λ=8.665256e-01  dt=7.871e-04  relΔE=1.823e-06  ||F||=3.913e-02
 step= 10000  E=4.463728911555e+02  Q=9.280000000000e+02  λ=8.654669e-01  dt=1.218e-03  relΔE=2.613e-06  ||F||=3.520e-02
 step= 10500  E=4.458026772030e+02  Q=9.280000000000e+02  λ=8.644485e-01  dt=9.430e-04  relΔE=1.904e-06  ||F||=3.412e-02
 step= 11000  E=4.452623969760e+02  Q=9.280000000000e+02  λ=8.634951e-01  dt=1.460e-03  relΔE=2.779e-06  ||F||=3.312e-02
 step= 11500  E=4.447696889847e+02  Q=9.280000000000e+02  λ=8.626331e-01  dt=1.130e-03  relΔE=2.036e-06  ||F||=3.220e-02
 step= 12000  E=4.442866037549e+02  Q=9.280000000000e+02  λ=8.617961e-01  dt=8.744e-04  relΔE=1.492e-06  ||F||=3.132e-02
 step= 12500  E=4.438379753750e+02  Q=9.280000000000e+02  λ=8.610268e-01  dt=1.353e-03  relΔE=2.193e-06  ||F||=3.050e-02
 step= 13000  E=4.434144385594e+02  Q=9.280000000000e+02  λ=8.603060e-01  dt=1.048e-03  relΔE=1.614e-06  ||F||=2.973e-02
 step= 13500  E=4.429982787220e+02  Q=9.280000000000e+02  λ=8.596040e-01  dt=8.108e-04  relΔE=1.194e-06  ||F||=2.905e-02
 step= 14000  E=4.426191718719e+02  Q=9.280000000000e+02  λ=8.589706e-01  dt=1.255e-03  relΔE=1.755e-06  ||F||=2.830e-02
 step= 14500  E=4.422500825360e+02  Q=9.280000000000e+02  λ=8.583582e-01  dt=9.713e-04  relΔE=1.297e-06  ||F||=2.764e-02
 step= 15000  E=4.418904193439e+02  Q=9.280000000000e+02  λ=8.577672e-01  dt=1.504e-03  relΔE=1.917e-06  ||F||=2.728e-02
 step= 15500  E=4.415633954540e+02  Q=9.280000000000e+02  λ=8.572334e-01  dt=1.164e-03  relΔE=1.421e-06  ||F||=2.641e-02
 step= 16000  E=4.412372008887e+02  Q=9.280000000000e+02  λ=8.567054e-01  dt=9.007e-04  relΔE=1.053e-06  ||F||=2.584e-02
 step= 16500  E=4.409283555548e+02  Q=9.280000000000e+02  λ=8.562102e-01  dt=1.394e-03  relΔE=1.563e-06  ||F||=2.529e-02
 step= 17000  E=4.406369703023e+02  Q=9.280000000000e+02  λ=8.557462e-01  dt=1.079e-03  relΔE=1.162e-06  ||F||=2.478e-02
 step= 17500  E=4.403596330096e+02  Q=9.280000000000e+02  λ=8.553086e-01  dt=1.392e-03  relΔE=1.442e-06  ||F||=2.429e-02
 step= 18000  E=4.400906555525e+02  Q=9.280000000000e+02  λ=8.548872e-01  dt=1.077e-03  relΔE=1.074e-06  ||F||=2.382e-02
 step= 18500  E=4.398341832855e+02  Q=9.280000000000e+02  λ=8.544892e-01  dt=1.390e-03  relΔE=1.334e-06  ||F||=2.337e-02
 step= 19000  E=4.395846114504e+02  Q=9.280000000000e+02  λ=8.541048e-01  dt=1.076e-03  relΔE=9.952e-07  ||F||=2.294e-02
 step= 19500  E=4.393363509855e+02  Q=9.280000000000e+02  λ=8.537257e-01  dt=8.324e-04  relΔE=7.421e-07  ||F||=2.251e-02
 step= 20000  E=4.391052223973e+02  Q=9.280000000000e+02  λ=8.533764e-01  dt=1.289e-03  relΔE=1.109e-06  ||F||=2.211e-02
 step= 20500  E=4.388797156524e+02  Q=9.280000000000e+02  λ=8.530382e-01  dt=9.973e-04  relΔE=8.291e-07  ||F||=2.172e-02
 step= 21000  E=4.386552143191e+02  Q=9.280000000000e+02  λ=8.527749e-01  dt=1.544e-03  relΔE=8.679e-07  ||F||=3.770e-01
 step= 21500  E=4.384506787216e+02  Q=9.280000000000e+02  λ=8.524039e-01  dt=1.195e-03  relΔE=9.288e-07  ||F||=2.100e-02
 step= 22000  E=4.382444558893e+02  Q=9.280000000000e+02  λ=8.521032e-01  dt=9.248e-04  relΔE=6.956e-07  ||F||=2.065e-02
 step= 22500  E=4.380453003388e+02  Q=9.280000000000e+02  λ=8.518159e-01  dt=1.431e-03  relΔE=1.043e-06  ||F||=2.032e-02
 step= 23000  E=4.378573637505e+02  Q=9.280000000000e+02  λ=8.515472e-01  dt=1.108e-03  relΔE=7.829e-07  ||F||=2.001e-02
 step= 23500  E=4.376684567887e+02  Q=9.280000000000e+02  λ=8.512798e-01  dt=8.575e-04  relΔE=5.876e-07  ||F||=1.970e-02
 step= 24000  E=4.374896259287e+02  Q=9.280000000000e+02  λ=8.510295e-01  dt=1.327e-03  relΔE=8.832e-07  ||F||=1.940e-02
 step= 24500  E=4.373163008846e+02  Q=9.280000000000e+02  λ=8.507892e-01  dt=1.027e-03  relΔE=6.643e-07  ||F||=1.912e-02
 step= 25000  E=4.371422874012e+02  Q=9.280000000000e+02  λ=8.505505e-01  dt=7.951e-04  relΔE=4.995e-07  ||F||=1.885e-02
 step= 25500  E=4.369816007529e+02  Q=9.280000000000e+02  λ=8.503327e-01  dt=1.231e-03  relΔE=7.528e-07  ||F||=1.859e-02
 step= 26000  E=4.368206820187e+02  Q=9.280000000000e+02  λ=8.501167e-01  dt=9.526e-04  relΔE=5.672e-07  ||F||=1.834e-02
 step= 26500  E=4.366615967115e+02  Q=9.280000000000e+02  λ=8.499058e-01  dt=1.475e-03  relΔE=8.550e-07  ||F||=1.810e-02
 step= 27000  E=4.365127672611e+02  Q=9.280000000000e+02  λ=8.497105e-01  dt=1.141e-03  relΔE=6.455e-07  ||F||=1.787e-02
 step= 27500  E=4.363624482645e+02  Q=9.280000000000e+02  λ=8.495155e-01  dt=8.833e-04  relΔE=4.872e-07  ||F||=1.764e-02
 step= 28000  E=4.362178957300e+02  Q=9.280000000000e+02  λ=8.493304e-01  dt=1.367e-03  relΔE=7.363e-07  ||F||=1.743e-02
 step= 28500  E=4.360783441570e+02  Q=9.280000000000e+02  λ=8.491536e-01  dt=1.058e-03  relΔE=5.569e-07  ||F||=1.723e-02
 step= 29000  E=4.359374671441e+02  Q=9.280000000000e+02  λ=8.489773e-01  dt=8.190e-04  relΔE=4.211e-07  ||F||=1.703e-02
 step= 29500  E=4.358048967026e+02  Q=9.280000000000e+02  λ=8.488136e-01  dt=1.268e-03  relΔE=6.379e-07  ||F||=1.684e-02
 step= 30000  E=4.356733092066e+02  Q=9.280000000000e+02  λ=8.486529e-01  dt=9.812e-04  relΔE=4.833e-07  ||F||=1.666e-02
 step= 30500  E=4.355408650651e+02  Q=9.280000000000e+02  λ=8.484936e-01  dt=1.519e-03  relΔE=7.312e-07  ||F||=2.790e-02
 step= 31000  E=4.354182973276e+02  Q=9.280000000000e+02  λ=8.483474e-01  dt=1.176e-03  relΔE=5.560e-07  ||F||=1.632e-02
 step= 31500  E=4.352929179461e+02  Q=9.280000000000e+02  λ=8.482000e-01  dt=9.098e-04  relΔE=4.220e-07  ||F||=1.616e-02
 step= 32000  E=4.351706854444e+02  Q=9.280000000000e+02  λ=8.480583e-01  dt=1.408e-03  relΔE=6.410e-07  ||F||=1.601e-02
 step= 32500  E=4.350531267195e+02  Q=9.280000000000e+02  λ=8.479236e-01  dt=1.090e-03  relΔE=4.874e-07  ||F||=1.586e-02
 step= 33000  E=4.349339428278e+02  Q=9.280000000000e+02  λ=8.477888e-01  dt=8.436e-04  relΔE=3.706e-07  ||F||=1.572e-02
 step= 33500  E=4.348199413366e+02  Q=9.280000000000e+02  λ=8.476618e-01  dt=1.306e-03  relΔE=5.643e-07  ||F||=1.559e-02
 step= 34000  E=4.347072066311e+02  Q=9.280000000000e+02  λ=8.475376e-01  dt=1.011e-03  relΔE=4.298e-07  ||F||=1.546e-02
 step= 34500  E=4.345926804721e+02  Q=9.280000000000e+02  λ=8.474131e-01  dt=7.823e-04  relΔE=3.275e-07  ||F||=1.617e-02
 step= 35000  E=4.344860901408e+02  Q=9.280000000000e+02  λ=8.472989e-01  dt=1.211e-03  relΔE=4.997e-07  ||F||=1.523e-02
 step= 35500  E=4.343770716623e+02  Q=9.280000000000e+02  λ=8.471834e-01  dt=9.372e-04  relΔE=3.814e-07  ||F||=1.512e-02
 step= 36000  E=4.342689880999e+02  Q=9.280000000000e+02  λ=8.470706e-01  dt=1.451e-03  relΔE=5.825e-07  ||F||=1.502e-02
 step= 36500  E=4.341657693980e+02  Q=9.280000000000e+02  λ=8.469642e-01  dt=1.123e-03  relΔE=4.453e-07  ||F||=1.492e-02
 step= 37000  E=4.340602380137e+02  Q=9.280000000000e+02  λ=8.468567e-01  dt=8.690e-04  relΔE=3.405e-07  ||F||=1.483e-02
 step= 37500  E=4.339578358893e+02  Q=9.280000000000e+02  λ=8.467539e-01  dt=1.345e-03  relΔE=5.212e-07  ||F||=1.475e-02
 step= 38000  E=4.338571213345e+02  Q=9.280000000000e+02  λ=8.466540e-01  dt=1.041e-03  relΔE=3.992e-07  ||F||=1.467e-02
 step= 38500  E=4.337540751933e+02  Q=9.280000000000e+02  λ=8.465530e-01  dt=8.058e-04  relΔE=3.059e-07  ||F||=1.459e-02
 step= 39000  E=4.336566641388e+02  Q=9.280000000000e+02  λ=8.464588e-01  dt=1.247e-03  relΔE=4.693e-07  ||F||=1.453e-02
 step= 39500  E=4.335576871132e+02  Q=9.280000000000e+02  λ=8.463641e-01  dt=9.654e-04  relΔE=3.602e-07  ||F||=1.447e-02
 step= 40000  E=4.334575543097e+02  Q=9.280000000000e+02  λ=8.462696e-01  dt=1.494e-03  relΔE=5.533e-07  ||F||=1.448e-02
 step= 40500  E=4.333659055476e+02  Q=9.280000000000e+02  λ=8.461839e-01  dt=9.638e-04  relΔE=3.545e-07  ||F||=1.436e-02
 step= 41000  E=4.332673232906e+02  Q=9.280000000000e+02  λ=8.460928e-01  dt=1.492e-03  relΔE=5.453e-07  ||F||=1.435e-02
 step= 41500  E=4.331769631247e+02  Q=9.280000000000e+02  λ=8.460101e-01  dt=9.623e-04  relΔE=3.499e-07  ||F||=1.427e-02
 step= 42000  E=4.330793598720e+02  Q=9.280000000000e+02  λ=8.459218e-01  dt=1.490e-03  relΔE=5.391e-07  ||F||=1.426e-02
 step= 42500  E=4.329866537337e+02  Q=9.280000000000e+02  λ=8.458386e-01  dt=1.153e-03  relΔE=4.157e-07  ||F||=1.421e-02
 step= 43000  E=4.328907881580e+02  Q=9.280000000000e+02  λ=8.457533e-01  dt=8.923e-04  relΔE=3.207e-07  ||F||=1.419e-02
 step= 43500  E=4.327963022268e+02  Q=9.280000000000e+02  λ=8.456701e-01  dt=1.381e-03  relΔE=4.952e-07  ||F||=1.417e-02
 step= 44000  E=4.327033673653e+02  Q=9.280000000000e+02  λ=8.455888e-01  dt=1.069e-03  relΔE=3.827e-07  ||F||=1.416e-02
 step= 44500  E=4.326074027563e+02  Q=9.280000000000e+02  λ=8.455054e-01  dt=8.273e-04  relΔE=2.960e-07  ||F||=1.415e-02
 step= 45000  E=4.325147464554e+02  Q=9.280000000000e+02  λ=8.454255e-01  dt=1.281e-03  relΔE=4.581e-07  ||F||=1.415e-02
 step= 45500  E=4.324210686824e+02  Q=9.280000000000e+02  λ=8.453451e-01  dt=9.912e-04  relΔE=3.549e-07  ||F||=1.415e-02
 step= 46000  E=4.323241270989e+02  Q=9.280000000000e+02  λ=8.452687e-01  dt=1.534e-03  relΔE=5.153e-07  ||F||=1.140e-01
 step= 46500  E=4.322327372466e+02  Q=9.280000000000e+02  λ=8.451846e-01  dt=1.188e-03  relΔE=4.270e-07  ||F||=1.418e-02
 step= 47000  E=4.321371440142e+02  Q=9.280000000000e+02  λ=8.451035e-01  dt=9.191e-04  relΔE=3.316e-07  ||F||=1.420e-02
 step= 47500  E=4.320415559964e+02  Q=9.280000000000e+02  λ=8.450226e-01  dt=1.423e-03  relΔE=5.155e-07  ||F||=1.423e-02
 step= 48000  E=4.319478654992e+02  Q=9.280000000000e+02  λ=8.449434e-01  dt=1.101e-03  relΔE=4.010e-07  ||F||=1.426e-02
 step= 48500  E=4.318502416695e+02  Q=9.280000000000e+02  λ=8.448608e-01  dt=8.522e-04  relΔE=3.123e-07  ||F||=1.431e-02
 step= 49000  E=4.317544554856e+02  Q=9.280000000000e+02  λ=8.447797e-01  dt=1.319e-03  relΔE=4.867e-07  ||F||=1.435e-02
 step= 49500  E=4.316580589238e+02  Q=9.280000000000e+02  λ=8.446979e-01  dt=1.021e-03  relΔE=3.796e-07  ||F||=1.441e-02
 step= 50000  E=4.315574661529e+02  Q=9.280000000000e+02  λ=8.446122e-01  dt=7.902e-04  relΔE=2.965e-07  ||F||=1.447e-02
 step= 50500  E=4.314610338393e+02  Q=9.280000000000e+02  λ=8.445298e-01  dt=1.223e-03  relΔE=4.633e-07  ||F||=1.454e-02
 step= 51000  E=4.313608146264e+02  Q=9.280000000000e+02  λ=8.444435e-01  dt=9.467e-04  relΔE=3.625e-07  ||F||=1.462e-02
 step= 51500  E=4.312581964808e+02  Q=9.280000000000e+02  λ=8.443547e-01  dt=1.465e-03  relΔE=5.677e-07  ||F||=1.470e-02
 step= 52000  E=4.311583191328e+02  Q=9.280000000000e+02  λ=8.442675e-01  dt=1.134e-03  relΔE=4.449e-07  ||F||=1.479e-02
 step= 52500  E=4.310533939406e+02  Q=9.280000000000e+02  λ=8.441751e-01  dt=8.779e-04  relΔE=3.491e-07  ||F||=1.489e-02
 step= 53000  E=4.309486496220e+02  Q=9.280000000000e+02  λ=8.440819e-01  dt=1.359e-03  relΔE=5.484e-07  ||F||=1.500e-02
 step= 53500  E=4.308432328002e+02  Q=9.280000000000e+02  λ=8.439870e-01  dt=1.052e-03  relΔE=4.311e-07  ||F||=1.511e-02
 step= 54000  E=4.307325498770e+02  Q=9.280000000000e+02  λ=8.438861e-01  dt=8.140e-04  relΔE=3.394e-07  ||F||=1.524e-02
 step= 54500  E=4.306245897367e+02  Q=9.280000000000e+02  λ=8.437865e-01  dt=1.260e-03  relΔE=5.346e-07  ||F||=1.537e-02
 step= 55000  E=4.305124900928e+02  Q=9.280000000000e+02  λ=8.436814e-01  dt=9.752e-04  relΔE=4.216e-07  ||F||=1.552e-02
 step= 55500  E=4.303952633042e+02  Q=9.280000000000e+02  λ=8.435699e-01  dt=1.510e-03  relΔE=6.660e-07  ||F||=1.817e-02
 step= 56000  E=4.302820964329e+02  Q=9.280000000000e+02  λ=8.434603e-01  dt=1.168e-03  relΔE=5.262e-07  ||F||=1.583e-02
 step= 56500  E=4.301614670743e+02  Q=9.280000000000e+02  λ=8.433415e-01  dt=9.043e-04  relΔE=4.166e-07  ||F||=1.601e-02
 step= 57000  E=4.300390388547e+02  Q=9.280000000000e+02  λ=8.432188e-01  dt=1.400e-03  relΔE=6.601e-07  ||F||=1.620e-02
 step= 57500  E=4.299159839310e+02  Q=9.280000000000e+02  λ=8.430929e-01  dt=1.083e-03  relΔE=5.234e-07  ||F||=1.639e-02
 step= 58000  E=4.297855182951e+02  Q=9.280000000000e+02  λ=8.429568e-01  dt=8.385e-04  relΔE=4.158e-07  ||F||=1.660e-02
 step= 58500  E=4.296556044209e+02  Q=9.280000000000e+02  λ=8.428186e-01  dt=1.298e-03  relΔE=6.610e-07  ||F||=1.682e-02
 step= 59000  E=4.295213302969e+02  Q=9.280000000000e+02  λ=8.426725e-01  dt=1.005e-03  relΔE=5.261e-07  ||F||=1.706e-02
 step= 59500  E=4.293782745163e+02  Q=9.280000000000e+02  λ=8.425402e-01  dt=7.775e-04  relΔE=5.071e-07  ||F||=2.331e-01
 step= 60000  E=4.292395516078e+02  Q=9.280000000000e+02  λ=8.423558e-01  dt=1.203e-03  relΔE=6.691e-07  ||F||=1.757e-02
 step= 60500  E=4.290907498324e+02  Q=9.280000000000e+02  λ=8.421826e-01  dt=9.315e-04  relΔE=5.348e-07  ||F||=1.785e-02
 step= 61000  E=4.289366749569e+02  Q=9.280000000000e+02  λ=8.419993e-01  dt=1.442e-03  relΔE=8.559e-07  ||F||=1.815e-02
 step= 61500  E=4.287865500018e+02  Q=9.280000000000e+02  λ=8.418161e-01  dt=9.299e-04  relΔE=5.704e-07  ||F||=1.844e-02
 step= 62000  E=4.286218994345e+02  Q=9.280000000000e+02  λ=8.416107e-01  dt=1.439e-03  relΔE=9.152e-07  ||F||=1.877e-02
 step= 62500  E=4.284557820050e+02  Q=9.280000000000e+02  λ=8.413981e-01  dt=1.114e-03  relΔE=7.345e-07  ||F||=1.911e-02
 step= 63000  E=4.282776629343e+02  Q=9.280000000000e+02  λ=8.411645e-01  dt=8.623e-04  relΔE=5.909e-07  ||F||=1.948e-02
 step= 63500  E=4.280966158452e+02  Q=9.280000000000e+02  λ=8.409214e-01  dt=1.335e-03  relΔE=9.513e-07  ||F||=1.986e-02
 step= 64000  E=4.279085432836e+02  Q=9.280000000000e+02  λ=8.406621e-01  dt=1.033e-03  relΔE=7.666e-07  ||F||=2.027e-02
 step= 64500  E=4.277056821793e+02  Q=9.280000000000e+02  λ=8.403754e-01  dt=7.996e-04  relΔE=6.195e-07  ||F||=2.070e-02
 step= 65000  E=4.275044149942e+02  Q=9.280000000000e+02  λ=8.400841e-01  dt=1.238e-03  relΔE=1.000e-06  ||F||=2.114e-02
 step= 65500  E=4.272885133675e+02  Q=9.280000000000e+02  λ=8.397634e-01  dt=9.579e-04  relΔE=8.097e-07  ||F||=2.161e-02
 step= 66000  E=4.270587116623e+02  Q=9.280000000000e+02  λ=8.394138e-01  dt=1.483e-03  relΔE=1.313e-06  ||F||=2.212e-02
 step= 66500  E=4.268287560747e+02  Q=9.280000000000e+02  λ=8.390547e-01  dt=1.148e-03  relΔE=1.064e-06  ||F||=2.263e-02
 step= 67000  E=4.265783515436e+02  Q=9.280000000000e+02  λ=8.386541e-01  dt=8.882e-04  relΔE=8.649e-07  ||F||=2.318e-02
 step= 67500  E=4.263188527105e+02  Q=9.280000000000e+02  λ=8.382291e-01  dt=1.375e-03  relΔE=1.407e-06  ||F||=2.375e-02
 step= 68000  E=4.260493750866e+02  Q=9.280000000000e+02  λ=8.377765e-01  dt=1.064e-03  relΔE=1.145e-06  ||F||=2.434e-02
 step= 68500  E=4.257567717233e+02  Q=9.280000000000e+02  λ=8.372732e-01  dt=8.236e-04  relΔE=9.337e-07  ||F||=2.499e-02
 step= 69000  E=4.254598582360e+02  Q=9.280000000000e+02  λ=8.367509e-01  dt=1.275e-03  relΔE=1.522e-06  ||F||=2.563e-02
 step= 69500  E=4.251421169057e+02  Q=9.280000000000e+02  λ=8.361782e-01  dt=9.867e-04  relΔE=1.243e-06  ||F||=2.631e-02
 step= 70000  E=4.247967967559e+02  Q=9.280000000000e+02  λ=8.355435e-01  dt=1.527e-03  relΔE=2.028e-06  ||F||=5.837e-02
 step= 70500  E=4.244530707132e+02  Q=9.280000000000e+02  λ=8.348938e-01  dt=1.182e-03  relΔE=1.661e-06  ||F||=2.777e-02
 step= 71000  E=4.240750435519e+02  Q=9.280000000000e+02  λ=8.341651e-01  dt=9.149e-04  relΔE=1.359e-06  ||F||=2.855e-02
 step= 71500  E=4.236772720380e+02  Q=9.280000000000e+02  λ=8.333825e-01  dt=1.416e-03  relΔE=2.226e-06  ||F||=2.935e-02
 step= 72000  E=4.232656420301e+02  Q=9.280000000000e+02  λ=8.325544e-01  dt=1.096e-03  relΔE=1.821e-06  ||F||=3.016e-02
 step= 72500  E=4.228158829629e+02  Q=9.280000000000e+02  λ=8.316308e-01  dt=8.484e-04  relΔE=1.493e-06  ||F||=3.102e-02
 step= 73000  E=4.223539166883e+02  Q=9.280000000000e+02  λ=8.306641e-01  dt=1.313e-03  relΔE=2.442e-06  ||F||=3.187e-02
 step= 73500  E=4.218628224532e+02  Q=9.280000000000e+02  λ=8.296149e-01  dt=1.016e-03  relΔE=1.998e-06  ||F||=3.275e-02
 step= 74000  E=4.213272635313e+02  Q=9.280000000000e+02  λ=8.284487e-01  dt=7.867e-04  relΔE=1.637e-06  ||F||=3.609e-02
 step= 74500  E=4.207935121284e+02  Q=9.280000000000e+02  λ=8.272660e-01  dt=1.218e-03  relΔE=2.669e-06  ||F||=3.454e-02
 step= 75000  E=4.202104573948e+02  Q=9.280000000000e+02  λ=8.259495e-01  dt=9.425e-04  relΔE=2.178e-06  ||F||=3.544e-02
 step= 75500  E=4.195927903446e+02  Q=9.280000000000e+02  λ=8.245320e-01  dt=1.459e-03  relΔE=3.550e-06  ||F||=3.634e-02
 step= 76000  E=4.189664709606e+02  Q=9.280000000000e+02  λ=8.230683e-01  dt=1.129e-03  relΔE=2.882e-06  ||F||=3.719e-02
 step= 76500  E=4.182877353748e+02  Q=9.280000000000e+02  λ=8.214564e-01  dt=8.739e-04  relΔE=2.338e-06  ||F||=3.804e-02
 step= 77000  E=4.175918422846e+02  Q=9.280000000000e+02  λ=8.197793e-01  dt=1.353e-03  relΔE=3.777e-06  ||F||=3.883e-02
 step= 77500  E=4.168710584095e+02  Q=9.280000000000e+02  λ=8.180135e-01  dt=1.047e-03  relΔE=3.040e-06  ||F||=3.956e-02
 step= 78000  E=4.160986106905e+02  Q=9.280000000000e+02  λ=8.160929e-01  dt=8.103e-04  relΔE=2.441e-06  ||F||=4.026e-02
 step= 78500  E=4.153366172476e+02  Q=9.280000000000e+02  λ=8.141731e-01  dt=1.254e-03  relΔE=3.892e-06  ||F||=4.082e-02
 step= 79000  E=4.145487062701e+02  Q=9.280000000000e+02  λ=8.121576e-01  dt=8.090e-04  relΔE=2.575e-06  ||F||=4.131e-02
 step= 79500  E=4.137517745878e+02  Q=9.280000000000e+02  λ=8.100948e-01  dt=1.252e-03  relΔE=4.065e-06  ||F||=4.167e-02
 step= 80000  E=4.129357770979e+02  Q=9.280000000000e+02  λ=8.079518e-01  dt=8.077e-04  relΔE=2.658e-06  ||F||=4.192e-02
 step= 80500  E=4.121191547125e+02  Q=9.280000000000e+02  λ=8.057828e-01  dt=1.250e-03  relΔE=4.143e-06  ||F||=4.202e-02
 step= 81000  E=4.112809983120e+02  Q=9.280000000000e+02  λ=8.035255e-01  dt=9.677e-04  relΔE=3.207e-06  ||F||=4.198e-02
 step= 81500  E=4.104332476628e+02  Q=9.280000000000e+02  λ=8.012159e-01  dt=1.498e-03  relΔE=4.925e-06  ||F||=4.181e-02
 step= 82000  E=4.096354239625e+02  Q=9.280000000000e+02  λ=7.990116e-01  dt=1.159e-03  relΔE=3.753e-06  ||F||=4.141e-02
 step= 82500  E=4.088230618594e+02  Q=9.280000000000e+02  λ=7.967391e-01  dt=8.973e-04  relΔE=2.834e-06  ||F||=4.086e-02
 step= 83000  E=4.080454688248e+02  Q=9.280000000000e+02  λ=7.945382e-01  dt=1.389e-03  relΔE=4.244e-06  ||F||=4.015e-02
 step= 83500  E=4.073073004430e+02  Q=9.280000000000e+02  λ=7.924189e-01  dt=1.075e-03  relΔE=3.151e-06  ||F||=3.929e-02
 step= 84000  E=4.065821613899e+02  Q=9.280000000000e+02  λ=7.903091e-01  dt=8.320e-04  relΔE=2.315e-06  ||F||=3.825e-02
 step= 84500  E=4.059206714053e+02  Q=9.280000000000e+02  λ=7.883598e-01  dt=1.288e-03  relΔE=3.378e-06  ||F||=3.710e-02
 step= 85000  E=4.052928482816e+02  Q=9.280000000000e+02  λ=7.864807e-01  dt=9.968e-04  relΔE=2.440e-06  ||F||=3.582e-02
 step= 85500  E=4.046938426646e+02  Q=9.280000000000e+02  λ=7.847139e-01  dt=1.543e-03  relΔE=3.233e-06  ||F||=3.245e-01
 step= 86000  E=4.041747277735e+02  Q=9.280000000000e+02  λ=7.830596e-01  dt=1.194e-03  relΔE=2.480e-06  ||F||=3.294e-02
 step= 86500  E=4.036805028057e+02  Q=9.280000000000e+02  λ=7.815079e-01  dt=9.242e-04  relΔE=1.743e-06  ||F||=3.137e-02
 step= 87000  E=4.032355842340e+02  Q=9.280000000000e+02  λ=7.800872e-01  dt=1.431e-03  relΔE=2.431e-06  ||F||=2.976e-02
 step= 87500  E=4.028458422864e+02  Q=9.280000000000e+02  λ=7.788169e-01  dt=1.107e-03  relΔE=1.687e-06  ||F||=2.816e-02
 step= 88000  E=4.024870841955e+02  Q=9.280000000000e+02  λ=7.776236e-01  dt=8.570e-04  relΔE=1.157e-06  ||F||=2.650e-02
 step= 88500  E=4.021780360965e+02  Q=9.280000000000e+02  λ=7.765739e-01  dt=1.327e-03  relΔE=1.581e-06  ||F||=2.489e-02
 step= 89000  E=4.019057409510e+02  Q=9.280000000000e+02  λ=7.756259e-01  dt=1.027e-03  relΔE=1.073e-06  ||F||=2.330e-02
 step= 89500  E=4.016610977778e+02  Q=9.280000000000e+02  λ=7.747522e-01  dt=7.947e-04  relΔE=7.202e-07  ||F||=2.169e-02
 step= 90000  E=4.014592097391e+02  Q=9.280000000000e+02  λ=7.740119e-01  dt=1.230e-03  relΔE=9.684e-07  ||F||=2.021e-02
 step= 90500  E=4.012799101929e+02  Q=9.280000000000e+02  λ=7.733344e-01  dt=9.520e-04  relΔE=6.450e-07  ||F||=1.874e-02
 step= 91000  E=4.011240326725e+02  Q=9.280000000000e+02  λ=7.727272e-01  dt=1.474e-03  relΔE=8.531e-07  ||F||=1.732e-02
 step= 91500  E=4.009961049679e+02  Q=9.280000000000e+02  λ=7.722110e-01  dt=1.141e-03  relΔE=5.650e-07  ||F||=1.602e-02
 step= 92000  E=4.008832723521e+02  Q=9.280000000000e+02  λ=7.717392e-01  dt=8.828e-04  relΔE=3.706e-07  ||F||=1.474e-02
 step= 92500  E=4.007891103088e+02  Q=9.280000000000e+02  λ=7.713304e-01  dt=1.366e-03  relΔE=4.854e-07  ||F||=1.356e-02
 step= 93000  E=4.007105278504e+02  Q=9.280000000000e+02  λ=7.709746e-01  dt=1.058e-03  relΔE=3.174e-07  ||F||=1.246e-02
 step= 93500  E=4.006421308158e+02  Q=9.280000000000e+02  λ=7.706511e-01  dt=8.186e-04  relΔE=2.056e-07  ||F||=1.140e-02
 step= 94000  E=4.005869935074e+02  Q=9.280000000000e+02  λ=7.703782e-01  dt=1.267e-03  relΔE=2.675e-07  ||F||=1.045e-02
 step= 94500  E=4.005401018668e+02  Q=9.280000000000e+02  λ=7.701342e-01  dt=9.807e-04  relΔE=1.731e-07  ||F||=9.553e-03
 step= 95000  E=4.004999348105e+02  Q=9.280000000000e+02  λ=7.699146e-01  dt=1.518e-03  relΔE=2.214e-07  ||F||=2.204e-02
 step= 95500  E=4.004683702002e+02  Q=9.280000000000e+02  λ=7.697316e-01  dt=1.175e-03  relΔE=1.440e-07  ||F||=7.959e-03
 step= 96000  E=4.004410110436e+02  Q=9.280000000000e+02  λ=7.695641e-01  dt=9.093e-04  relΔE=9.243e-08  ||F||=7.246e-03
 step= 96500  E=4.004184327707e+02  Q=9.280000000000e+02  λ=7.694174e-01  dt=1.408e-03  relΔE=1.185e-07  ||F||=6.594e-03
 step= 97000  E=4.004000979746e+02  Q=9.280000000000e+02  λ=7.692905e-01  dt=1.089e-03  relΔE=7.616e-08  ||F||=6.007e-03
 step= 97500  E=4.003844354077e+02  Q=9.280000000000e+02  λ=7.691748e-01  dt=8.432e-04  relΔE=4.857e-08  ||F||=5.451e-03
 step= 98000  E=4.003718559944e+02  Q=9.280000000000e+02  λ=7.690754e-01  dt=1.305e-03  relΔE=6.221e-08  ||F||=4.958e-03
 step= 98500  E=4.003614387654e+02  Q=9.280000000000e+02  λ=7.689872e-01  dt=1.010e-03  relΔE=3.978e-08  ||F||=4.505e-03
 step= 99000  E=4.003525628285e+02  Q=9.280000000000e+02  λ=7.689062e-01  dt=7.818e-04  relΔE=2.524e-08  ||F||=4.080e-03
 step= 99500  E=4.003456547899e+02  Q=9.280000000000e+02  λ=7.688385e-01  dt=1.210e-03  relΔE=3.236e-08  ||F||=3.710e-03
 step=100000  E=4.003397630464e+02  Q=9.280000000000e+02  λ=7.687761e-01  dt=9.367e-04  relΔE=2.059e-08  ||F||=3.363e-03
 step=100500  E=4.003348829851e+02  Q=9.280000000000e+02  λ=7.687202e-01  dt=1.450e-03  relΔE=2.615e-08  ||F||=3.045e-03
 step=101000  E=4.003310094740e+02  Q=9.280000000000e+02  λ=7.686720e-01  dt=1.122e-03  relΔE=1.671e-08  ||F||=2.766e-03
 step=101500  E=4.003277127903e+02  Q=9.280000000000e+02  λ=7.686276e-01  dt=8.685e-04  relΔE=1.060e-08  ||F||=2.503e-03
 step=102000  E=4.003250479339e+02  Q=9.280000000000e+02  λ=7.685885e-01  dt=1.344e-03  relΔE=1.350e-08  ||F||=2.268e-03
 step=102500  E=4.003228744313e+02  Q=9.280000000000e+02  λ=7.685538e-01  dt=1.041e-03  relΔE=8.599e-09  ||F||=2.057e-03
 step=103000  E=4.003210360554e+02  Q=9.280000000000e+02  λ=7.685218e-01  dt=8.054e-04  relΔE=5.445e-09  ||F||=1.859e-03
 step=103500  E=4.003195866316e+02  Q=9.280000000000e+02  λ=7.684943e-01  dt=1.247e-03  relΔE=6.951e-09  ||F||=1.687e-03
 step=104000  E=4.003183727925e+02  Q=9.280000000000e+02  λ=7.684691e-01  dt=9.649e-04  relΔE=4.420e-09  ||F||=1.528e-03
 step=104500  E=4.003173524132e+02  Q=9.280000000000e+02  λ=7.684459e-01  dt=1.494e-03  relΔE=5.592e-09  ||F||=1.808e-03
 step=105000  E=4.003165580081e+02  Q=9.280000000000e+02  λ=7.684262e-01  dt=1.156e-03  relΔE=3.578e-09  ||F||=1.254e-03
 step=105500  E=4.003158766735e+02  Q=9.280000000000e+02  λ=7.684076e-01  dt=8.947e-04  relΔE=2.270e-09  ||F||=1.134e-03
 step=106000  E=4.003153225759e+02  Q=9.280000000000e+02  λ=7.683911e-01  dt=1.385e-03  relΔE=2.886e-09  ||F||=1.026e-03
 step=106500  E=4.003148752287e+02  Q=9.280000000000e+02  λ=7.683764e-01  dt=1.072e-03  relΔE=1.841e-09  ||F||=9.304e-04
 step=107000  E=4.003144966003e+02  Q=9.280000000000e+02  λ=7.683628e-01  dt=8.296e-04  relΔE=1.169e-09  ||F||=8.412e-04
 step=107500  E=4.003141932420e+02  Q=9.280000000000e+02  λ=7.683509e-01  dt=1.284e-03  relΔE=1.491e-09  ||F||=7.625e-04
 step=108000  E=4.003139428595e+02  Q=9.280000000000e+02  λ=7.683400e-01  dt=9.939e-04  relΔE=9.515e-10  ||F||=6.910e-04
 step=108500  E=4.003137292752e+02  Q=9.280000000000e+02  λ=7.683299e-01  dt=7.692e-04  relΔE=6.030e-10  ||F||=6.626e-04
 step=109000  E=4.003135637514e+02  Q=9.280000000000e+02  λ=7.683212e-01  dt=1.191e-03  relΔE=7.736e-10  ||F||=5.667e-04
 step=109500  E=4.003134218419e+02  Q=9.280000000000e+02  λ=7.683131e-01  dt=9.216e-04  relΔE=4.929e-10  ||F||=5.129e-04
 step=110000  E=4.003133045291e+02  Q=9.280000000000e+02  λ=7.683058e-01  dt=1.427e-03  relΔE=6.282e-10  ||F||=4.640e-04
 step=110500  E=4.003132107781e+02  Q=9.280000000000e+02  λ=7.682993e-01  dt=1.104e-03  relΔE=4.030e-10  ||F||=4.212e-04
 step=111000  E=4.003131306496e+02  Q=9.280000000000e+02  λ=7.682932e-01  dt=8.545e-04  relΔE=2.571e-10  ||F||=3.810e-04
 step=111500  E=4.003130655103e+02  Q=9.280000000000e+02  λ=7.682878e-01  dt=1.323e-03  relΔE=3.293e-10  ||F||=3.453e-04
 step=112000  E=4.003130122043e+02  Q=9.280000000000e+02  λ=7.682830e-01  dt=1.024e-03  relΔE=2.115e-10  ||F||=3.132e-04
 step=112500  E=4.003129664451e+02  Q=9.280000000000e+02  λ=7.682785e-01  dt=7.924e-04  relΔE=1.351e-10  ||F||=2.831e-04
 step=113000  E=4.003129302093e+02  Q=9.280000000000e+02  λ=7.682745e-01  dt=1.227e-03  relΔE=1.742e-10  ||F||=2.572e-04
 step=113500  E=4.003128994958e+02  Q=9.280000000000e+02  λ=7.682709e-01  dt=9.493e-04  relΔE=1.121e-10  ||F||=2.331e-04
 step=114000  E=4.003128733608e+02  Q=9.280000000000e+02  λ=7.682675e-01  dt=1.469e-03  relΔE=1.437e-10  ||F||=2.223e-04
 step=114500  E=4.003128527153e+02  Q=9.280000000000e+02  λ=7.682646e-01  dt=1.137e-03  relΔE=9.311e-11  ||F||=1.916e-04
 step=115000  E=4.003128347747e+02  Q=9.280000000000e+02  λ=7.682618e-01  dt=8.802e-04  relΔE=5.999e-11  ||F||=1.735e-04
 step=115500  E=4.003128199730e+02  Q=9.280000000000e+02  λ=7.682593e-01  dt=1.363e-03  relΔE=7.758e-11  ||F||=1.573e-04
 step=116000  E=4.003128077747e+02  Q=9.280000000000e+02  λ=7.682571e-01  dt=1.055e-03  relΔE=5.037e-11  ||F||=1.428e-04
 step=116500  E=4.003127972634e+02  Q=9.280000000000e+02  λ=7.682551e-01  dt=8.162e-04  relΔE=3.260e-11  ||F||=1.293e-04
 step=117000  E=4.003127886773e+02  Q=9.280000000000e+02  λ=7.682532e-01  dt=1.263e-03  relΔE=4.248e-11  ||F||=1.175e-04
 step=117500  E=4.003127814306e+02  Q=9.280000000000e+02  λ=7.682516e-01  dt=9.778e-04  relΔE=2.771e-11  ||F||=1.066e-04
 step=118000  E=4.003127750946e+02  Q=9.280000000000e+02  λ=7.682500e-01  dt=7.568e-04  relΔE=1.817e-11  ||F||=3.599e-04
 step=118500  E=4.003127700804e+02  Q=9.280000000000e+02  λ=7.682486e-01  dt=1.172e-03  relΔE=2.368e-11  ||F||=8.777e-05
 step=119000  E=4.003127656437e+02  Q=9.280000000000e+02  λ=7.682474e-01  dt=9.067e-04  relΔE=1.550e-11  ||F||=7.956e-05
 step=119500  E=4.003127618866e+02  Q=9.280000000000e+02  λ=7.682462e-01  dt=1.404e-03  relΔE=2.035e-11  ||F||=7.213e-05
 step=120000  E=4.003127587760e+02  Q=9.280000000000e+02  λ=7.682452e-01  dt=1.086e-03  relΔE=1.344e-11  ||F||=6.557e-05
 step=120500  E=4.003127560456e+02  Q=9.280000000000e+02  λ=7.682442e-01  dt=8.408e-04  relΔE=8.863e-12  ||F||=5.944e-05
 step=121000  E=4.003127537500e+02  Q=9.280000000000e+02  λ=7.682434e-01  dt=1.301e-03  relΔE=1.175e-11  ||F||=5.397e-05
 step=121500  E=4.003127517999e+02  Q=9.280000000000e+02  λ=7.682426e-01  dt=1.007e-03  relΔE=7.814e-12  ||F||=4.905e-05
 step=122000  E=4.003127500665e+02  Q=9.280000000000e+02  λ=7.682419e-01  dt=7.796e-04  relΔE=5.184e-12  ||F||=4.443e-05
 step=122500  E=4.003127486415e+02  Q=9.280000000000e+02  λ=7.682412e-01  dt=1.207e-03  relΔE=6.947e-12  ||F||=4.044e-05
 step=123000  E=4.003127473960e+02  Q=9.280000000000e+02  λ=7.682406e-01  dt=7.783e-04  relΔE=3.883e-12  ||F||=3.676e-05
 step=123500  E=4.003127463259e+02  Q=9.280000000000e+02  λ=7.682401e-01  dt=1.205e-03  relΔE=5.231e-12  ||F||=3.347e-05
 step=124000  E=4.003127453842e+02  Q=9.280000000000e+02  λ=7.682396e-01  dt=7.771e-04  relΔE=2.939e-12  ||F||=3.043e-05
 step=124500  E=4.003127445720e+02  Q=9.280000000000e+02  λ=7.682392e-01  dt=1.203e-03  relΔE=3.981e-12  ||F||=2.771e-05
 step=125000  E=4.003127438525e+02  Q=9.280000000000e+02  λ=7.682388e-01  dt=7.758e-04  relΔE=2.249e-12  ||F||=2.520e-05
 step=125500  E=4.003127432296e+02  Q=9.280000000000e+02  λ=7.682384e-01  dt=1.201e-03  relΔE=3.061e-12  ||F||=2.296e-05
 step=126000  E=4.003127426661e+02  Q=9.280000000000e+02  λ=7.682381e-01  dt=9.294e-04  relΔE=2.082e-12  ||F||=2.085e-05
 step=126500  E=4.003127421643e+02  Q=9.280000000000e+02  λ=7.682378e-01  dt=1.439e-03  relΔE=2.833e-12  ||F||=1.910e-05
 step=127000  E=4.003127417401e+02  Q=9.280000000000e+02  λ=7.682375e-01  dt=1.114e-03  relΔE=1.942e-12  ||F||=1.723e-05
 step=127500  E=4.003127413515e+02  Q=9.280000000000e+02  λ=7.682372e-01  dt=8.618e-04  relΔE=1.329e-12  ||F||=1.565e-05
 step=128000  E=4.003127410103e+02  Q=9.280000000000e+02  λ=7.682370e-01  dt=1.334e-03  relΔE=1.825e-12  ||F||=1.422e-05
 step=128500  E=4.003127407123e+02  Q=9.280000000000e+02  λ=7.682368e-01  dt=1.033e-03  relΔE=1.258e-12  ||F||=1.295e-05
 step=129000  E=4.003127404379e+02  Q=9.280000000000e+02  λ=7.682366e-01  dt=7.991e-04  relΔE=8.662e-13  ||F||=1.175e-05
 step=129500  E=4.003127402013e+02  Q=9.280000000000e+02  λ=7.682364e-01  dt=1.237e-03  relΔE=1.198e-12  ||F||=1.070e-05
 step=130000  E=4.003127399877e+02  Q=9.280000000000e+02  λ=7.682363e-01  dt=9.574e-04  relΔE=8.293e-13  ||F||=9.736e-06
 step=130500  E=4.003127397905e+02  Q=9.280000000000e+02  λ=7.682361e-01  dt=1.482e-03  relΔE=9.360e-13  ||F||=3.259e-04
 step=131000  E=4.003127396243e+02  Q=9.280000000000e+02  λ=7.682360e-01  dt=1.147e-03  relΔE=7.993e-13  ||F||=8.057e-06
 step=131500  E=4.003127394686e+02  Q=9.280000000000e+02  λ=7.682359e-01  dt=8.877e-04  relΔE=5.554e-13  ||F||=7.323e-06
 step=132000  E=4.003127393289e+02  Q=9.280000000000e+02  λ=7.682358e-01  dt=1.374e-03  relΔE=7.729e-13  ||F||=6.658e-06
 step=132500  E=4.003127392060e+02  Q=9.280000000000e+02  λ=7.682357e-01  dt=1.064e-03  relΔE=5.400e-13  ||F||=6.067e-06
 step=133000  E=4.003127390918e+02  Q=9.280000000000e+02  λ=7.682356e-01  dt=8.232e-04  relΔE=3.767e-13  ||F||=5.513e-06
 step=133500  E=4.003127389906e+02  Q=9.280000000000e+02  λ=7.682355e-01  dt=1.274e-03  relΔE=5.270e-13  ||F||=5.019e-06
 step=134000  E=4.003127388999e+02  Q=9.280000000000e+02  λ=7.682354e-01  dt=9.862e-04  relΔE=3.691e-13  ||F||=4.572e-06
 step=134500  E=4.003127388145e+02  Q=9.280000000000e+02  λ=7.682354e-01  dt=7.633e-04  relΔE=2.582e-13  ||F||=4.150e-06
 step=135000  E=4.003127387415e+02  Q=9.280000000000e+02  λ=7.682353e-01  dt=1.182e-03  relΔE=3.627e-13  ||F||=3.788e-06
 step=135500  E=4.003127386730e+02  Q=9.280000000000e+02  λ=7.682352e-01  dt=9.144e-04  relΔE=2.543e-13  ||F||=3.446e-06
 step=136000  E=4.003127386104e+02  Q=9.280000000000e+02  λ=7.682352e-01  dt=1.415e-03  relΔE=3.566e-13  ||F||=3.149e-06
 step=136500  E=4.003127385556e+02  Q=9.280000000000e+02  λ=7.682351e-01  dt=1.096e-03  relΔE=2.511e-13  ||F||=2.859e-06
 step=137000  E=4.003127385042e+02  Q=9.280000000000e+02  λ=7.682351e-01  dt=8.479e-04  relΔE=1.766e-13  ||F||=2.600e-06
 step=137500  E=4.003127384579e+02  Q=9.280000000000e+02  λ=7.682351e-01  dt=1.313e-03  relΔE=2.479e-13  ||F||=2.368e-06
 step=138000  E=4.003127384165e+02  Q=9.280000000000e+02  λ=7.682350e-01  dt=1.016e-03  relΔE=1.751e-13  ||F||=2.159e-06
 step=138500  E=4.003127383775e+02  Q=9.280000000000e+02  λ=7.682350e-01  dt=7.862e-04  relΔE=1.225e-13  ||F||=1.962e-06
 step=139000  E=4.003127383434e+02  Q=9.280000000000e+02  λ=7.682350e-01  dt=1.217e-03  relΔE=1.734e-13  ||F||=1.791e-06
 step=139500  E=4.003127383118e+02  Q=9.280000000000e+02  λ=7.682349e-01  dt=9.419e-04  relΔE=1.223e-13  ||F||=1.631e-06
 step=140000  E=4.003127382822e+02  Q=9.280000000000e+02  λ=7.682349e-01  dt=1.458e-03  relΔE=1.722e-13  ||F||=1.526e-05
 step=140500  E=4.003127382567e+02  Q=9.280000000000e+02  λ=7.682349e-01  dt=1.129e-03  relΔE=1.218e-13  ||F||=1.354e-06
 step=141000  E=4.003127382326e+02  Q=9.280000000000e+02  λ=7.682349e-01  dt=8.734e-04  relΔE=8.605e-14  ||F||=1.233e-06
 step=141500  E=4.003127382106e+02  Q=9.280000000000e+02  λ=7.682348e-01  dt=1.352e-03  relΔE=1.210e-13  ||F||=1.123e-06
 step=142000  E=4.003127381910e+02  Q=9.280000000000e+02  λ=7.682348e-01  dt=1.046e-03  relΔE=8.577e-14  ||F||=1.025e-06
 step=142500  E=4.003127381726e+02  Q=9.280000000000e+02  λ=7.682348e-01  dt=8.099e-04  relΔE=6.063e-14  ||F||=9.325e-07
 step=143000  E=4.003127381562e+02  Q=9.280000000000e+02  λ=7.682348e-01  dt=1.254e-03  relΔE=8.548e-14  ||F||=8.505e-07
 step=143500  E=4.003127381412e+02  Q=9.280000000000e+02  λ=7.682348e-01  dt=9.703e-04  relΔE=6.035e-14  ||F||=7.758e-07
 step=144000  E=4.003127381270e+02  Q=9.280000000000e+02  λ=7.682348e-01  dt=7.510e-04  relΔE=4.274e-14  ||F||=8.034e-07
 step=144500  E=4.003127381148e+02  Q=9.280000000000e+02  λ=7.682348e-01  dt=1.162e-03  relΔE=6.021e-14  ||F||=6.447e-07
 step=145000  E=4.003127381033e+02  Q=9.280000000000e+02  λ=7.682348e-01  dt=8.997e-04  relΔE=4.203e-14  ||F||=5.873e-07
 step=145500  E=4.003127380926e+02  Q=9.280000000000e+02  λ=7.682347e-01  dt=1.393e-03  relΔE=6.021e-14  ||F||=5.369e-07
 step=146000  E=4.003127380833e+02  Q=9.280000000000e+02  λ=7.682347e-01  dt=1.078e-03  relΔE=4.274e-14  ||F||=4.886e-07
 step=146500  E=4.003127380744e+02  Q=9.280000000000e+02  λ=7.682347e-01  dt=8.342e-04  relΔE=2.982e-14  ||F||=4.450e-07
 step=147000  E=4.003127380664e+02  Q=9.280000000000e+02  λ=7.682347e-01  dt=1.291e-03  relΔE=4.303e-14  ||F||=4.058e-07
 step=147500  E=4.003127380592e+02  Q=9.280000000000e+02  λ=7.682347e-01  dt=9.995e-04  relΔE=3.039e-14  ||F||=3.706e-07
 step=148000  E=4.003127380524e+02  Q=9.280000000000e+02  λ=7.682347e-01  dt=7.736e-04  relΔE=2.130e-14  ||F||=3.372e-07
 step=148500  E=4.003127380464e+02  Q=9.280000000000e+02  λ=7.682347e-01  dt=1.197e-03  relΔE=2.982e-14  ||F||=3.082e-07
 step=149000  E=4.003127380408e+02  Q=9.280000000000e+02  λ=7.682347e-01  dt=9.268e-04  relΔE=2.116e-14  ||F||=2.811e-07
 step=149500  E=4.003127380356e+02  Q=9.280000000000e+02  λ=7.682347e-01  dt=1.435e-03  relΔE=3.025e-14  ||F||=1.589e-06
 step=150000  E=4.003127380311e+02  Q=9.280000000000e+02  λ=7.682347e-01  dt=1.110e-03  relΔE=2.116e-14  ||F||=2.340e-07
 step=150500  E=4.003127380268e+02  Q=9.280000000000e+02  λ=7.682347e-01  dt=8.593e-04  relΔE=1.534e-14  ||F||=2.133e-07
 step=151000  E=4.003127380229e+02  Q=9.280000000000e+02  λ=7.682347e-01  dt=1.330e-03  relΔE=2.130e-14  ||F||=1.946e-07
 step=151500  E=4.003127380194e+02  Q=9.280000000000e+02  λ=7.682347e-01  dt=1.030e-03  relΔE=1.519e-14  ||F||=1.778e-07
 step=152000  E=4.003127380161e+02  Q=9.280000000000e+02  λ=7.682347e-01  dt=7.968e-04  relΔE=1.093e-14  ||F||=1.620e-07
 step=152500  E=4.003127380132e+02  Q=9.280000000000e+02  λ=7.682347e-01  dt=1.233e-03  relΔE=1.519e-14  ||F||=1.480e-07
 step=153000  E=4.003127380105e+02  Q=9.280000000000e+02  λ=7.682347e-01  dt=9.546e-04  relΔE=1.108e-14  ||F||=1.351e-07
 step=153500  E=4.003127380079e+02  Q=9.280000000000e+02  λ=7.682347e-01  dt=7.389e-04  relΔE=8.804e-15  ||F||=2.101e-05
 step=154000  E=4.003127380057e+02  Q=9.280000000000e+02  λ=7.682347e-01  dt=1.144e-03  relΔE=1.079e-14  ||F||=1.126e-07
 step=154500  E=4.003127380036e+02  Q=9.280000000000e+02  λ=7.682347e-01  dt=7.376e-04  relΔE=6.248e-15  ||F||=1.028e-07
 step=155000  E=4.003127380018e+02  Q=9.280000000000e+02  λ=7.682347e-01  dt=1.142e-03  relΔE=9.088e-15  ||F||=9.409e-08
 step=155500  E=4.003127380001e+02  Q=9.280000000000e+02  λ=7.682347e-01  dt=7.365e-04  relΔE=5.254e-15  ||F||=8.591e-08
 step=156000  E=4.003127379985e+02  Q=9.280000000000e+02  λ=7.682347e-01  dt=1.140e-03  relΔE=7.384e-15  ||F||=7.867e-08
 step=156500  E=4.003127379971e+02  Q=9.280000000000e+02  λ=7.682347e-01  dt=7.353e-04  relΔE=4.544e-15  ||F||=7.184e-08
 step=157000  E=4.003127379958e+02  Q=9.280000000000e+02  λ=7.682347e-01  dt=1.138e-03  relΔE=6.390e-15  ||F||=6.579e-08
 step=157500  E=4.003127379945e+02  Q=9.280000000000e+02  λ=7.682347e-01  dt=8.809e-04  relΔE=4.260e-15  ||F||=6.001e-08
 step=158000  E=4.003127379934e+02  Q=9.280000000000e+02  λ=7.682347e-01  dt=1.364e-03  relΔE=6.106e-15  ||F||=5.516e-08
 step=158500  E=4.003127379924e+02  Q=9.280000000000e+02  λ=7.682347e-01  dt=1.055e-03  relΔE=4.828e-15  ||F||=5.008e-08
 Converged (aggressive): step=158509, E=4.003127379924e+02, Q=9.280000000000e+02, dt=1.055e-03, ||F||=4.999e-08

Stationary candidate (aggressive): E=4.003127379924e+02, Q=9.280000000000e+02, maxρ=7.142800e-01

=== Stability test (damped inertial dynamics) ===
Perturb eps=0.02, gamma=1
t=0: E=4.458105316887e+02, Q=9.280000000000e+02, maxρ=7.368010e-01, σ=2.701832e+00, Rc=1.826922e+01
 step=     1  E=4.458103026205e+02  Q=9.280000000000e+02  λ=1.156095e+00  maxρ=7.368010e-01  minρ=3.285e-10  σ=2.701832e+00  Rc=1.826922e+01
 step=   300  E=4.364188314117e+02  Q=9.280000000000e+02  λ=1.052659e+00  maxρ=7.355511e-01  minρ=3.294e-10  σ=2.701829e+00  Rc=1.826923e+01
 step=   600  E=4.175384471508e+02  Q=9.280000000000e+02  λ=8.654622e-01  maxρ=7.320271e-01  minρ=3.317e-10  σ=2.701824e+00  Rc=1.826923e+01
 step=   900  E=4.065052033284e+02  Q=9.280000000000e+02  λ=8.060452e-01  maxρ=7.268146e-01  minρ=3.294e-10  σ=2.701822e+00  Rc=1.826923e+01
 step=  1200  E=4.107392785252e+02  Q=9.280000000000e+02  λ=9.142488e-01  maxρ=7.245272e-01  minρ=3.257e-10  σ=2.701825e+00  Rc=1.826922e+01
 step=  1500  E=4.220760586873e+02  Q=9.280000000000e+02  λ=1.031276e+00  maxρ=7.289654e-01  minρ=3.234e-10  σ=2.701826e+00  Rc=1.826922e+01
 step=  1800  E=4.278561065539e+02  Q=9.280000000000e+02  λ=1.016906e+00  maxρ=7.312982e-01  minρ=3.232e-10  σ=2.701824e+00  Rc=1.826922e+01
 step=  2100  E=4.244471119186e+02  Q=9.280000000000e+02  λ=9.149080e-01  maxρ=7.275748e-01  minρ=3.234e-10  σ=2.701820e+00  Rc=1.826922e+01
 step=  2400  E=4.184647597247e+02  Q=9.280000000000e+02  λ=8.679952e-01  maxρ=7.204683e-01  minρ=3.215e-10  σ=2.701821e+00  Rc=1.826922e+01
 step=  2700  E=4.169917580158e+02  Q=9.280000000000e+02  λ=9.233556e-01  maxρ=7.242613e-01  minρ=3.148e-10  σ=2.701824e+00  Rc=1.826922e+01
 step=  3000  E=4.198780476701e+02  Q=9.280000000000e+02  λ=9.896367e-01  maxρ=7.333603e-01  minρ=3.134e-10  σ=2.701825e+00  Rc=1.826922e+01
 step=  3300  E=4.220559054017e+02  Q=9.280000000000e+02  λ=9.768651e-01  maxρ=7.352457e-01  minρ=3.185e-10  σ=2.701821e+00  Rc=1.826922e+01
 step=  3600  E=4.207286752711e+02  Q=9.280000000000e+02  λ=9.115919e-01  maxρ=7.299232e-01  minρ=3.222e-10  σ=2.701817e+00  Rc=1.826922e+01
 step=  3900  E=4.179818557367e+02  Q=9.280000000000e+02  λ=8.828378e-01  maxρ=7.299076e-01  minρ=3.233e-10  σ=2.701817e+00  Rc=1.826922e+01
 step=  4200  E=4.169959283242e+02  Q=9.280000000000e+02  λ=9.162040e-01  maxρ=7.273714e-01  minρ=3.140e-10  σ=2.701820e+00  Rc=1.826921e+01
 step=  4500  E=4.180034867756e+02  Q=9.280000000000e+02  λ=9.520552e-01  maxρ=7.259400e-01  minρ=3.053e-10  σ=2.701822e+00  Rc=1.826921e+01
 step=  4800  E=4.188713699385e+02  Q=9.280000000000e+02  λ=9.391533e-01  maxρ=7.285083e-01  minρ=3.019e-10  σ=2.701818e+00  Rc=1.826921e+01
 step=  5100  E=4.183502392185e+02  Q=9.280000000000e+02  λ=9.008736e-01  maxρ=7.294110e-01  minρ=3.050e-10  σ=2.701813e+00  Rc=1.826921e+01
 step=  5400  E=4.172910762516e+02  Q=9.280000000000e+02  λ=8.907304e-01  maxρ=7.285531e-01  minρ=2.987e-10  σ=2.701811e+00  Rc=1.826921e+01
 step=  5700  E=4.169008658163e+02  Q=9.280000000000e+02  λ=9.151939e-01  maxρ=7.260655e-01  minρ=2.904e-10  σ=2.701813e+00  Rc=1.826920e+01
 step=  6000  E=4.170932216375e+02  Q=9.280000000000e+02  λ=9.329063e-01  maxρ=7.246125e-01  minρ=2.892e-10  σ=2.701813e+00  Rc=1.826920e+01
 >>> No runaway detected in this horizon. Likely stable (within this model & box).

STABILITY: PASS
