
=== Aggressive relaxation to Q = 1556 ===
Initial: E=9.370245691963e+02, Q=1.556000000000e+03, dt=1.000e-04
 step=     1  E=9.369780096155e+02  Q=1.556000000000e+03  λ=1.287239e+00  dt=1.000e-04  relΔE=4.969e-05  ||F||=5.475e-01
 step=   500  E=8.899037391194e+02  Q=1.556000000000e+03  λ=1.186519e+00  dt=6.192e-04  relΔE=1.665e-04  ||F||=4.300e-01
 step=  1000  E=8.093933569352e+02  Q=1.556000000000e+03  λ=1.016840e+00  dt=9.584e-04  relΔE=9.930e-05  ||F||=2.546e-01
 step=  1500  E=7.733051734145e+02  Q=1.556000000000e+03  λ=9.415176e-01  dt=1.484e-03  relΔE=7.514e-05  ||F||=1.740e-01
 step=  2000  E=7.555364059833e+02  Q=1.556000000000e+03  λ=9.043397e-01  dt=1.148e-03  relΔE=3.404e-05  ||F||=1.315e-01
 step=  2500  E=7.444635389599e+02  Q=1.556000000000e+03  λ=8.812407e-01  dt=8.887e-04  relΔE=1.688e-05  ||F||=1.045e-01
 step=  3000  E=7.373088261009e+02  Q=1.556000000000e+03  λ=8.664917e-01  dt=1.376e-03  relΔE=1.823e-05  ||F||=8.686e-02
 step=  3500  E=7.322049078968e+02  Q=1.556000000000e+03  λ=8.561489e-01  dt=1.065e-03  relΔE=1.058e-05  ||F||=7.496e-02
 step=  4000  E=7.281965138892e+02  Q=1.556000000000e+03  λ=8.482279e-01  dt=8.241e-04  relΔE=6.475e-06  ||F||=6.648e-02
 step=  4500  E=7.251054476996e+02  Q=1.556000000000e+03  λ=8.422989e-01  dt=1.276e-03  relΔE=8.179e-06  ||F||=5.992e-02
 step=  5000  E=7.225066207698e+02  Q=1.556000000000e+03  λ=8.374530e-01  dt=9.873e-04  relΔE=5.355e-06  ||F||=5.500e-02
 step=  5500  E=7.202286354624e+02  Q=1.556000000000e+03  λ=8.333382e-01  dt=1.528e-03  relΔE=7.134e-06  ||F||=8.457e-02
 step=  6000  E=7.183549490773e+02  Q=1.556000000000e+03  λ=8.300395e-01  dt=1.183e-03  relΔE=4.888e-06  ||F||=4.787e-02
 step=  6500  E=7.166236143087e+02  Q=1.556000000000e+03  λ=8.270731e-01  dt=9.154e-04  relΔE=3.373e-06  ||F||=4.514e-02
 step=  7000  E=7.150857300809e+02  Q=1.556000000000e+03  λ=8.245058e-01  dt=1.417e-03  relΔE=4.709e-06  ||F||=4.283e-02
 step=  7500  E=7.137204303752e+02  Q=1.556000000000e+03  λ=8.222738e-01  dt=1.097e-03  relΔE=3.321e-06  ||F||=4.084e-02
 step=  8000  E=7.124357327649e+02  Q=1.556000000000e+03  λ=8.202164e-01  dt=8.488e-04  relΔE=2.353e-06  ||F||=3.904e-02
 step=  8500  E=7.112887541948e+02  Q=1.556000000000e+03  λ=8.184155e-01  dt=1.314e-03  relΔE=3.360e-06  ||F||=3.746e-02
 step=  9000  E=7.102255925546e+02  Q=1.556000000000e+03  λ=8.167718e-01  dt=1.017e-03  relΔE=2.409e-06  ||F||=3.603e-02
 step=  9500  E=7.092079233889e+02  Q=1.556000000000e+03  λ=8.152229e-01  dt=7.871e-04  relΔE=1.751e-06  ||F||=3.729e-02
 step= 10000  E=7.083127921038e+02  Q=1.556000000000e+03  λ=8.138806e-01  dt=1.218e-03  relΔE=2.506e-06  ||F||=3.353e-02
 step= 10500  E=7.074475501301e+02  Q=1.556000000000e+03  λ=8.125977e-01  dt=9.430e-04  relΔE=1.815e-06  ||F||=3.241e-02
 step= 11000  E=7.066320974413e+02  Q=1.556000000000e+03  λ=8.114043e-01  dt=1.460e-03  relΔE=2.636e-06  ||F||=3.138e-02
 step= 11500  E=7.058910911927e+02  Q=1.556000000000e+03  λ=8.103297e-01  dt=1.130e-03  relΔE=1.922e-06  ||F||=3.044e-02
 step= 12000  E=7.051681226278e+02  Q=1.556000000000e+03  λ=8.092915e-01  dt=8.744e-04  relΔE=1.402e-06  ||F||=2.953e-02
 step= 12500  E=7.044998682569e+02  Q=1.556000000000e+03  λ=8.083417e-01  dt=1.353e-03  relΔE=2.051e-06  ||F||=2.870e-02
 step= 13000  E=7.038716508599e+02  Q=1.556000000000e+03  λ=8.074550e-01  dt=1.048e-03  relΔE=1.503e-06  ||F||=2.791e-02
 step= 13500  E=7.032587278118e+02  Q=1.556000000000e+03  λ=8.065967e-01  dt=8.108e-04  relΔE=1.105e-06  ||F||=2.719e-02
 step= 14000  E=7.027018331005e+02  Q=1.556000000000e+03  λ=8.058234e-01  dt=1.255e-03  relΔE=1.621e-06  ||F||=2.646e-02
 step= 14500  E=7.021617500454e+02  Q=1.556000000000e+03  λ=8.050775e-01  dt=9.713e-04  relΔE=1.193e-06  ||F||=2.579e-02
 step= 15000  E=7.016375041488e+02  Q=1.556000000000e+03  λ=8.043590e-01  dt=1.504e-03  relΔE=1.756e-06  ||F||=2.558e-02
 step= 15500  E=7.011619941503e+02  Q=1.556000000000e+03  λ=8.037104e-01  dt=1.164e-03  relΔE=1.297e-06  ||F||=2.456e-02
 step= 16000  E=7.006907434156e+02  Q=1.556000000000e+03  λ=8.030713e-01  dt=9.007e-04  relΔE=9.578e-07  ||F||=2.397e-02
 step= 16500  E=7.002455686387e+02  Q=1.556000000000e+03  λ=8.024716e-01  dt=1.394e-03  relΔE=1.416e-06  ||F||=2.342e-02
 step= 17000  E=6.998270835369e+02  Q=1.556000000000e+03  λ=8.019100e-01  dt=1.079e-03  relΔE=1.049e-06  ||F||=2.291e-02
 step= 17500  E=6.994301928655e+02  Q=1.556000000000e+03  λ=8.013807e-01  dt=1.392e-03  relΔE=1.297e-06  ||F||=2.242e-02
 step= 18000  E=6.990466339951e+02  Q=1.556000000000e+03  λ=8.008710e-01  dt=1.077e-03  relΔE=9.620e-07  ||F||=2.194e-02
 step= 18500  E=6.986660355300e+02  Q=1.556000000000e+03  λ=8.003677e-01  dt=8.338e-04  relΔE=7.134e-07  ||F||=2.147e-02
 step= 19000  E=6.983136183890e+02  Q=1.556000000000e+03  λ=7.999045e-01  dt=1.291e-03  relΔE=1.061e-06  ||F||=2.104e-02
 step= 19500  E=6.979720595907e+02  Q=1.556000000000e+03  λ=7.994569e-01  dt=9.989e-04  relΔE=7.886e-07  ||F||=2.062e-02
 step= 20000  E=6.976335292740e+02  Q=1.556000000000e+03  λ=7.990949e-01  dt=1.546e-03  relΔE=7.000e-07  ||F||=4.011e-01
 step= 20500  E=6.973273172640e+02  Q=1.556000000000e+03  λ=7.986183e-01  dt=1.197e-03  relΔE=8.741e-07  ||F||=1.982e-02
 step= 21000  E=6.970199383896e+02  Q=1.556000000000e+03  λ=7.982208e-01  dt=9.263e-04  relΔE=6.511e-07  ||F||=1.944e-02
 step= 21500  E=6.967242444472e+02  Q=1.556000000000e+03  λ=7.978407e-01  dt=1.434e-03  relΔE=9.709e-07  ||F||=1.908e-02
 step= 22000  E=6.964467003752e+02  Q=1.556000000000e+03  λ=7.974849e-01  dt=1.110e-03  relΔE=7.250e-07  ||F||=1.873e-02
 step= 22500  E=6.961703207472e+02  Q=1.556000000000e+03  λ=7.971322e-01  dt=8.589e-04  relΔE=5.411e-07  ||F||=1.839e-02
 step= 23000  E=6.959098180219e+02  Q=1.556000000000e+03  λ=7.968016e-01  dt=1.329e-03  relΔE=8.091e-07  ||F||=1.807e-02
 step= 23500  E=6.956582699548e+02  Q=1.556000000000e+03  λ=7.964833e-01  dt=1.029e-03  relΔE=6.052e-07  ||F||=1.776e-02
 step= 24000  E=6.954071590672e+02  Q=1.556000000000e+03  λ=7.961670e-01  dt=7.964e-04  relΔE=4.525e-07  ||F||=1.746e-02
 step= 24500  E=6.951762292896e+02  Q=1.556000000000e+03  λ=7.958777e-01  dt=1.233e-03  relΔE=6.782e-07  ||F||=1.717e-02
 step= 25000  E=6.949462570357e+02  Q=1.556000000000e+03  λ=7.955905e-01  dt=9.541e-04  relΔE=5.080e-07  ||F||=1.689e-02
 step= 25500  E=6.947208192025e+02  Q=1.556000000000e+03  λ=7.953106e-01  dt=1.477e-03  relΔE=7.614e-07  ||F||=1.662e-02
 step= 26000  E=6.945114584680e+02  Q=1.556000000000e+03  λ=7.950515e-01  dt=1.143e-03  relΔE=5.716e-07  ||F||=1.637e-02
 step= 26500  E=6.943005804616e+02  Q=1.556000000000e+03  λ=7.947916e-01  dt=8.847e-04  relΔE=4.289e-07  ||F||=1.611e-02
 step= 27000  E=6.940992920683e+02  Q=1.556000000000e+03  λ=7.945451e-01  dt=1.369e-03  relΔE=6.443e-07  ||F||=1.587e-02
 step= 27500  E=6.939058623981e+02  Q=1.556000000000e+03  λ=7.943089e-01  dt=1.060e-03  relΔE=4.843e-07  ||F||=1.564e-02
 step= 28000  E=6.937117628990e+02  Q=1.556000000000e+03  λ=7.940731e-01  dt=8.203e-04  relΔE=3.639e-07  ||F||=1.541e-02
 step= 28500  E=6.935305258039e+02  Q=1.556000000000e+03  λ=7.938541e-01  dt=1.270e-03  relΔE=5.479e-07  ||F||=1.519e-02
 step= 29000  E=6.933514672315e+02  Q=1.556000000000e+03  λ=7.936386e-01  dt=9.828e-04  relΔE=4.125e-07  ||F||=1.498e-02
 step= 29500  E=6.931721851835e+02  Q=1.556000000000e+03  λ=7.934245e-01  dt=1.521e-03  relΔE=6.190e-07  ||F||=3.251e-02
 step= 30000  E=6.930076105335e+02  Q=1.556000000000e+03  λ=7.932279e-01  dt=1.177e-03  relΔE=4.682e-07  ||F||=1.458e-02
 step= 30500  E=6.928405791797e+02  Q=1.556000000000e+03  λ=7.930297e-01  dt=9.113e-04  relΔE=3.530e-07  ||F||=1.439e-02
 step= 31000  E=6.926788196723e+02  Q=1.556000000000e+03  λ=7.928391e-01  dt=1.411e-03  relΔE=5.325e-07  ||F||=1.420e-02
 step= 31500  E=6.925241442589e+02  Q=1.556000000000e+03  λ=7.926574e-01  dt=1.092e-03  relΔE=4.021e-07  ||F||=1.402e-02
 step= 32000  E=6.923682055304e+02  Q=1.556000000000e+03  λ=7.924752e-01  dt=8.450e-04  relΔE=3.035e-07  ||F||=1.385e-02
 step= 32500  E=6.922203442511e+02  Q=1.556000000000e+03  λ=7.923036e-01  dt=1.308e-03  relΔE=4.587e-07  ||F||=1.368e-02
 step= 33000  E=6.920755640933e+02  Q=1.556000000000e+03  λ=7.921362e-01  dt=1.012e-03  relΔE=3.468e-07  ||F||=1.352e-02
 step= 33500  E=6.919290084734e+02  Q=1.556000000000e+03  λ=7.919676e-01  dt=7.835e-04  relΔE=2.622e-07  ||F||=1.503e-02
 step= 34000  E=6.917938499647e+02  Q=1.556000000000e+03  λ=7.918132e-01  dt=1.213e-03  relΔE=3.970e-07  ||F||=1.322e-02
 step= 34500  E=6.916570590039e+02  Q=1.556000000000e+03  λ=7.916575e-01  dt=9.387e-04  relΔE=3.006e-07  ||F||=1.307e-02
 step= 35000  E=6.915221496001e+02  Q=1.556000000000e+03  λ=7.915051e-01  dt=1.453e-03  relΔE=4.553e-07  ||F||=1.293e-02
 step= 35500  E=6.913943649745e+02  Q=1.556000000000e+03  λ=7.913613e-01  dt=1.125e-03  relΔE=3.452e-07  ||F||=1.279e-02
 step= 36000  E=6.912649849567e+02  Q=1.556000000000e+03  λ=7.912165e-01  dt=8.704e-04  relΔE=2.617e-07  ||F||=1.266e-02
 step= 36500  E=6.911405337651e+02  Q=1.556000000000e+03  λ=7.910781e-01  dt=1.347e-03  relΔE=3.971e-07  ||F||=1.253e-02
 step= 37000  E=6.910190248187e+02  Q=1.556000000000e+03  λ=7.909437e-01  dt=1.043e-03  relΔE=3.015e-07  ||F||=1.241e-02
 step= 37500  E=6.908959746024e+02  Q=1.556000000000e+03  λ=7.908083e-01  dt=8.071e-04  relΔE=2.288e-07  ||F||=1.229e-02
 step= 38000  E=6.907804300109e+02  Q=1.556000000000e+03  λ=7.906821e-01  dt=1.249e-03  relΔE=3.479e-07  ||F||=1.218e-02
 step= 38500  E=6.906645929415e+02  Q=1.556000000000e+03  λ=7.905561e-01  dt=9.670e-04  relΔE=2.645e-07  ||F||=1.207e-02
 step= 39000  E=6.905483857220e+02  Q=1.556000000000e+03  λ=7.904306e-01  dt=1.497e-03  relΔE=4.021e-07  ||F||=1.206e-02
 step= 39500  E=6.904397278096e+02  Q=1.556000000000e+03  λ=7.903138e-01  dt=1.158e-03  relΔE=3.061e-07  ||F||=1.186e-02
 step= 40000  E=6.903285083164e+02  Q=1.556000000000e+03  λ=7.901950e-01  dt=8.966e-04  relΔE=2.330e-07  ||F||=1.176e-02
 step= 40500  E=6.902201733883e+02  Q=1.556000000000e+03  λ=7.900800e-01  dt=1.388e-03  relΔE=3.550e-07  ||F||=1.167e-02
 step= 41000  E=6.901152602964e+02  Q=1.556000000000e+03  λ=7.899692e-01  dt=1.074e-03  relΔE=2.706e-07  ||F||=1.158e-02
 step= 41500  E=6.900128483650e+02  Q=1.556000000000e+03  λ=7.898618e-01  dt=1.386e-03  relΔE=3.440e-07  ||F||=1.149e-02
 step= 42000  E=6.899110157473e+02  Q=1.556000000000e+03  λ=7.897555e-01  dt=1.072e-03  relΔE=2.625e-07  ||F||=1.141e-02
 step= 42500  E=6.898071816894e+02  Q=1.556000000000e+03  λ=7.896478e-01  dt=8.300e-04  relΔE=2.003e-07  ||F||=1.133e-02
 step= 43000  E=6.897081547186e+02  Q=1.556000000000e+03  λ=7.895458e-01  dt=1.285e-03  relΔE=3.059e-07  ||F||=1.125e-02
 step= 43500  E=6.896095017565e+02  Q=1.556000000000e+03  λ=7.894447e-01  dt=9.944e-04  relΔE=2.337e-07  ||F||=1.118e-02
 step= 44000  E=6.895089242062e+02  Q=1.556000000000e+03  λ=7.893685e-01  dt=1.539e-03  relΔE=2.553e-07  ||F||=2.304e-01
 step= 44500  E=6.894154093345e+02  Q=1.556000000000e+03  λ=7.892477e-01  dt=1.191e-03  relΔE=2.733e-07  ||F||=1.104e-02
 step= 45000  E=6.893189555439e+02  Q=1.556000000000e+03  λ=7.891506e-01  dt=9.221e-04  relΔE=2.091e-07  ||F||=1.098e-02
 step= 45500  E=6.892237845314e+02  Q=1.556000000000e+03  λ=7.890554e-01  dt=1.427e-03  relΔE=3.201e-07  ||F||=1.092e-02
 step= 46000  E=6.891320732321e+02  Q=1.556000000000e+03  λ=7.889642e-01  dt=1.105e-03  relΔE=2.453e-07  ||F||=1.086e-02
 step= 46500  E=6.890381931771e+02  Q=1.556000000000e+03  λ=7.888714e-01  dt=8.550e-04  relΔE=1.879e-07  ||F||=1.081e-02
 step= 47000  E=6.889473553438e+02  Q=1.556000000000e+03  λ=7.887822e-01  dt=1.323e-03  relΔE=2.882e-07  ||F||=1.076e-02
 step= 47500  E=6.888573723000e+02  Q=1.556000000000e+03  λ=7.886942e-01  dt=1.024e-03  relΔE=2.212e-07  ||F||=1.071e-02
 step= 48000  E=6.887651679740e+02  Q=1.556000000000e+03  λ=7.886046e-01  dt=7.928e-04  relΔE=1.697e-07  ||F||=1.066e-02
 step= 48500  E=6.886782986557e+02  Q=1.556000000000e+03  λ=7.885208e-01  dt=1.227e-03  relΔE=2.608e-07  ||F||=1.062e-02
 step= 49000  E=6.885895750939e+02  Q=1.556000000000e+03  λ=7.884355e-01  dt=9.498e-04  relΔE=2.004e-07  ||F||=1.059e-02
 step= 49500  E=6.885003347699e+02  Q=1.556000000000e+03  λ=7.883503e-01  dt=1.470e-03  relΔE=3.081e-07  ||F||=1.055e-02
 step= 50000  E=6.884149650080e+02  Q=1.556000000000e+03  λ=7.882692e-01  dt=1.138e-03  relΔE=2.370e-07  ||F||=1.052e-02
 step= 50500  E=6.883270525107e+02  Q=1.556000000000e+03  λ=7.881861e-01  dt=8.807e-04  relΔE=1.824e-07  ||F||=1.049e-02
 step= 51000  E=6.882408501296e+02  Q=1.556000000000e+03  λ=7.881051e-01  dt=1.363e-03  relΔE=2.810e-07  ||F||=1.046e-02
 step= 51500  E=6.881560244442e+02  Q=1.556000000000e+03  λ=7.880258e-01  dt=1.055e-03  relΔE=2.165e-07  ||F||=1.044e-02
 step= 52000  E=6.880687323803e+02  Q=1.556000000000e+03  λ=7.879445e-01  dt=8.166e-04  relΔE=1.669e-07  ||F||=1.042e-02
 step= 52500  E=6.879850063898e+02  Q=1.556000000000e+03  λ=7.878671e-01  dt=1.264e-03  relΔE=2.576e-07  ||F||=1.040e-02
 step= 53000  E=6.879002018386e+02  Q=1.556000000000e+03  λ=7.877889e-01  dt=9.784e-04  relΔE=1.988e-07  ||F||=1.038e-02
 step= 53500  E=6.878132114875e+02  Q=1.556000000000e+03  λ=7.877093e-01  dt=1.514e-03  relΔE=3.068e-07  ||F||=1.659e-02
 step= 54000  E=6.877310804169e+02  Q=1.556000000000e+03  λ=7.876342e-01  dt=1.172e-03  relΔE=2.374e-07  ||F||=1.036e-02
 step= 54500  E=6.876457286496e+02  Q=1.556000000000e+03  λ=7.875565e-01  dt=9.072e-04  relΔE=1.836e-07  ||F||=1.036e-02
 step= 55000  E=6.875609421925e+02  Q=1.556000000000e+03  λ=7.874798e-01  dt=1.404e-03  relΔE=2.841e-07  ||F||=1.036e-02
 step= 55500  E=6.874777561584e+02  Q=1.556000000000e+03  λ=7.874048e-01  dt=1.087e-03  relΔE=2.199e-07  ||F||=1.036e-02
 step= 56000  E=6.873917473321e+02  Q=1.556000000000e+03  λ=7.873275e-01  dt=8.412e-04  relΔE=1.704e-07  ||F||=1.036e-02
 step= 56500  E=6.873081569176e+02  Q=1.556000000000e+03  λ=7.872527e-01  dt=1.302e-03  relΔE=2.642e-07  ||F||=1.037e-02
 step= 57000  E=6.872239712418e+02  Q=1.556000000000e+03  λ=7.871775e-01  dt=1.008e-03  relΔE=2.049e-07  ||F||=1.038e-02
 step= 57500  E=6.871366083763e+02  Q=1.556000000000e+03  λ=7.870999e-01  dt=7.800e-04  relΔE=1.594e-07  ||F||=1.719e-02
 step= 58000  E=6.870540180608e+02  Q=1.556000000000e+03  λ=7.870266e-01  dt=1.207e-03  relΔE=2.471e-07  ||F||=1.041e-02
 step= 58500  E=6.869680021447e+02  Q=1.556000000000e+03  λ=7.869504e-01  dt=9.345e-04  relΔE=1.920e-07  ||F||=1.044e-02
 step= 59000  E=6.868811332348e+02  Q=1.556000000000e+03  λ=7.868738e-01  dt=1.447e-03  relΔE=2.987e-07  ||F||=1.046e-02
 step= 59500  E=6.867965209310e+02  Q=1.556000000000e+03  λ=7.867993e-01  dt=1.120e-03  relΔE=2.325e-07  ||F||=1.049e-02
 step= 60000  E=6.867084305701e+02  Q=1.556000000000e+03  λ=7.867218e-01  dt=8.665e-04  relΔE=1.811e-07  ||F||=1.052e-02
 step= 60500  E=6.866213776965e+02  Q=1.556000000000e+03  λ=7.866454e-01  dt=1.341e-03  relΔE=2.822e-07  ||F||=1.056e-02
 step= 61000  E=6.865343027055e+02  Q=1.556000000000e+03  λ=7.865690e-01  dt=1.038e-03  relΔE=2.201e-07  ||F||=1.060e-02
 step= 61500  E=6.864435561722e+02  Q=1.556000000000e+03  λ=7.864894e-01  dt=8.035e-04  relΔE=1.718e-07  ||F||=1.064e-02
 step= 62000  E=6.863559358429e+02  Q=1.556000000000e+03  λ=7.864128e-01  dt=1.244e-03  relΔE=2.684e-07  ||F||=1.069e-02
 step= 62500  E=6.862668329928e+02  Q=1.556000000000e+03  λ=7.863347e-01  dt=8.022e-04  relΔE=1.748e-07  ||F||=1.074e-02
 step= 63000  E=6.861776635868e+02  Q=1.556000000000e+03  λ=7.862567e-01  dt=1.242e-03  relΔE=2.734e-07  ||F||=1.079e-02
 step= 63500  E=6.860868541199e+02  Q=1.556000000000e+03  λ=7.861771e-01  dt=8.009e-04  relΔE=1.783e-07  ||F||=1.085e-02
 step= 64000  E=6.859955820350e+02  Q=1.556000000000e+03  λ=7.860971e-01  dt=1.240e-03  relΔE=2.793e-07  ||F||=1.092e-02
 step= 64500  E=6.859008968710e+02  Q=1.556000000000e+03  λ=7.860140e-01  dt=9.595e-04  relΔE=2.190e-07  ||F||=1.099e-02
 step= 65000  E=6.858032604736e+02  Q=1.556000000000e+03  λ=7.859282e-01  dt=1.485e-03  relΔE=3.438e-07  ||F||=1.108e-02
 step= 65500  E=6.857087907371e+02  Q=1.556000000000e+03  λ=7.858450e-01  dt=1.149e-03  relΔE=2.699e-07  ||F||=1.114e-02
 step= 66000  E=6.856091348208e+02  Q=1.556000000000e+03  λ=7.857570e-01  dt=8.897e-04  relΔE=2.122e-07  ||F||=1.123e-02
 step= 66500  E=6.855089100886e+02  Q=1.556000000000e+03  λ=7.856684e-01  dt=1.377e-03  relΔE=3.338e-07  ||F||=1.132e-02
 step= 67000  E=6.854084771617e+02  Q=1.556000000000e+03  λ=7.855792e-01  dt=1.066e-03  relΔE=2.628e-07  ||F||=1.142e-02
 step= 67500  E=6.853029313622e+02  Q=1.556000000000e+03  λ=7.854852e-01  dt=8.250e-04  relΔE=2.072e-07  ||F||=1.152e-02
 step= 68000  E=6.851990741480e+02  Q=1.556000000000e+03  λ=7.853925e-01  dt=1.277e-03  relΔE=3.267e-07  ||F||=1.163e-02
 step= 68500  E=6.850919477674e+02  Q=1.556000000000e+03  λ=7.852963e-01  dt=9.883e-04  relΔE=2.579e-07  ||F||=1.174e-02
 step= 69000  E=6.849790489200e+02  Q=1.556000000000e+03  λ=7.851973e-01  dt=1.530e-03  relΔE=3.956e-07  ||F||=7.455e-02
 step= 69500  E=6.848705692597e+02  Q=1.556000000000e+03  λ=7.850963e-01  dt=1.184e-03  relΔE=3.224e-07  ||F||=1.199e-02
 step= 70000  E=6.847549073782e+02  Q=1.556000000000e+03  λ=7.849910e-01  dt=9.164e-04  relΔE=2.553e-07  ||F||=1.213e-02
 step= 70500  E=6.846368197201e+02  Q=1.556000000000e+03  λ=7.848830e-01  dt=1.419e-03  relΔE=4.048e-07  ||F||=1.228e-02
 step= 71000  E=6.845185845030e+02  Q=1.556000000000e+03  λ=7.847740e-01  dt=1.098e-03  relΔE=3.210e-07  ||F||=1.242e-02
 step= 71500  E=6.843933265921e+02  Q=1.556000000000e+03  λ=7.846579e-01  dt=8.498e-04  relΔE=2.550e-07  ||F||=1.259e-02
 step= 72000  E=6.842679288773e+02  Q=1.556000000000e+03  λ=7.845409e-01  dt=1.315e-03  relΔE=4.054e-07  ||F||=1.275e-02
 step= 72500  E=6.841390411822e+02  Q=1.556000000000e+03  λ=7.844198e-01  dt=1.018e-03  relΔE=3.226e-07  ||F||=1.293e-02
 step= 73000  E=6.840017826738e+02  Q=1.556000000000e+03  λ=7.842898e-01  dt=7.879e-04  relΔE=2.572e-07  ||F||=1.315e-02
 step= 73500  E=6.838678601329e+02  Q=1.556000000000e+03  λ=7.841621e-01  dt=1.220e-03  relΔE=4.100e-07  ||F||=1.332e-02
 step= 74000  E=6.837254348358e+02  Q=1.556000000000e+03  λ=7.840251e-01  dt=9.440e-04  relΔE=3.274e-07  ||F||=1.353e-02
 step= 74500  E=6.835765354216e+02  Q=1.556000000000e+03  λ=7.838808e-01  dt=1.461e-03  relΔE=5.238e-07  ||F||=1.375e-02
 step= 75000  E=6.834285502958e+02  Q=1.556000000000e+03  λ=7.837359e-01  dt=1.131e-03  relΔE=4.189e-07  ||F||=1.397e-02
 step= 75500  E=6.832695776487e+02  Q=1.556000000000e+03  λ=7.835789e-01  dt=8.753e-04  relΔE=3.359e-07  ||F||=1.422e-02
 step= 76000  E=6.831076577627e+02  Q=1.556000000000e+03  λ=7.834177e-01  dt=1.355e-03  relΔE=5.390e-07  ||F||=1.448e-02
 step= 76500  E=6.829411799512e+02  Q=1.556000000000e+03  λ=7.832502e-01  dt=1.049e-03  relΔE=4.328e-07  ||F||=1.475e-02
 step= 77000  E=6.827625716674e+02  Q=1.556000000000e+03  λ=7.830687e-01  dt=8.116e-04  relΔE=3.485e-07  ||F||=1.504e-02
 step= 77500  E=6.825844371038e+02  Q=1.556000000000e+03  λ=7.828861e-01  dt=1.256e-03  relΔE=5.609e-07  ||F||=1.533e-02
 step= 78000  E=6.823951333600e+02  Q=1.556000000000e+03  λ=7.826899e-01  dt=9.724e-04  relΔE=4.523e-07  ||F||=1.565e-02
 step= 78500  E=6.821931815820e+02  Q=1.556000000000e+03  λ=7.824785e-01  dt=1.505e-03  relΔE=7.313e-07  ||F||=1.654e-02
 step= 79000  E=6.819932111212e+02  Q=1.556000000000e+03  λ=7.822668e-01  dt=1.165e-03  relΔE=5.907e-07  ||F||=1.633e-02
 step= 79500  E=6.817754658255e+02  Q=1.556000000000e+03  λ=7.820337e-01  dt=9.017e-04  relΔE=4.786e-07  ||F||=1.671e-02
 step= 80000  E=6.815493182887e+02  Q=1.556000000000e+03  λ=7.817893e-01  dt=1.396e-03  relΔE=7.763e-07  ||F||=1.710e-02
 step= 80500  E=6.813165899236e+02  Q=1.556000000000e+03  λ=7.815347e-01  dt=1.080e-03  relΔE=6.300e-07  ||F||=1.751e-02
 step= 81000  E=6.810636904287e+02  Q=1.556000000000e+03  λ=7.812549e-01  dt=8.361e-04  relΔE=5.128e-07  ||F||=1.795e-02
 step= 81500  E=6.808060043327e+02  Q=1.556000000000e+03  λ=7.809670e-01  dt=1.294e-03  relΔE=8.348e-07  ||F||=1.840e-02
 step= 82000  E=6.805329384924e+02  Q=1.556000000000e+03  λ=7.806580e-01  dt=1.002e-03  relΔE=6.807e-07  ||F||=1.889e-02
 step= 82500  E=6.802347846205e+02  Q=1.556000000000e+03  λ=7.805908e-01  dt=6.460e-04  relΔE=1.442e-06  ||F||=7.434e-01
 step= 83000  E=6.799496959999e+02  Q=1.556000000000e+03  λ=7.799872e-01  dt=1.000e-03  relΔE=7.564e-07  ||F||=1.992e-02
 step= 83500  E=6.796175902361e+02  Q=1.556000000000e+03  λ=7.797423e-01  dt=1.548e-03  relΔE=4.898e-07  ||F||=5.396e-01
 step= 84000  E=6.792862531334e+02  Q=1.556000000000e+03  λ=7.792069e-01  dt=1.198e-03  relΔE=1.016e-06  ||F||=2.108e-02
 step= 84500  E=6.789215168078e+02  Q=1.556000000000e+03  λ=7.787705e-01  dt=9.273e-04  relΔE=8.354e-07  ||F||=2.172e-02
 step= 85000  E=6.785331993414e+02  Q=1.556000000000e+03  λ=7.783012e-01  dt=1.435e-03  relΔE=1.375e-06  ||F||=2.239e-02
 step= 85500  E=6.781318139874e+02  Q=1.556000000000e+03  λ=7.778101e-01  dt=1.111e-03  relΔE=1.132e-06  ||F||=2.308e-02
 step= 86000  E=6.776899884607e+02  Q=1.556000000000e+03  λ=7.772636e-01  dt=8.598e-04  relΔE=9.344e-07  ||F||=2.383e-02
 step= 86500  E=6.772298543526e+02  Q=1.556000000000e+03  λ=7.766890e-01  dt=1.331e-03  relΔE=1.543e-06  ||F||=2.461e-02
 step= 87000  E=6.767385963765e+02  Q=1.556000000000e+03  λ=7.760684e-01  dt=1.030e-03  relΔE=1.275e-06  ||F||=2.542e-02
 step= 87500  E=6.761958684663e+02  Q=1.556000000000e+03  λ=7.753756e-01  dt=7.973e-04  relΔE=1.057e-06  ||F||=2.630e-02
 step= 88000  E=6.756447377993e+02  Q=1.556000000000e+03  λ=7.746658e-01  dt=1.234e-03  relΔE=1.749e-06  ||F||=2.717e-02
 step= 88500  E=6.750383696109e+02  Q=1.556000000000e+03  λ=7.738764e-01  dt=9.551e-04  relΔE=1.450e-06  ||F||=2.812e-02
 step= 89000  E=6.743784249415e+02  Q=1.556000000000e+03  λ=7.730101e-01  dt=1.479e-03  relΔE=2.410e-06  ||F||=2.912e-02
 step= 89500  E=6.736996894745e+02  Q=1.556000000000e+03  λ=7.721098e-01  dt=1.144e-03  relΔE=1.997e-06  ||F||=3.011e-02
 step= 90000  E=6.729465611714e+02  Q=1.556000000000e+03  λ=7.711023e-01  dt=8.857e-04  relΔE=1.660e-06  ||F||=3.119e-02
 step= 90500  E=6.721506846249e+02  Q=1.556000000000e+03  λ=7.700299e-01  dt=1.371e-03  relΔE=2.755e-06  ||F||=3.228e-02
 step= 91000  E=6.713057443076e+02  Q=1.556000000000e+03  λ=7.688810e-01  dt=1.061e-03  relΔE=2.285e-06  ||F||=3.339e-02
 step= 91500  E=6.703705621476e+02  Q=1.556000000000e+03  λ=7.675999e-01  dt=8.212e-04  relΔE=1.898e-06  ||F||=3.457e-02
 step= 92000  E=6.694102490199e+02  Q=1.556000000000e+03  λ=7.662767e-01  dt=1.271e-03  relΔE=3.141e-06  ||F||=3.572e-02
 step= 92500  E=6.683675635817e+02  Q=1.556000000000e+03  λ=7.648291e-01  dt=9.839e-04  relΔE=2.598e-06  ||F||=3.689e-02
 step= 93000  E=6.672236682043e+02  Q=1.556000000000e+03  λ=7.632342e-01  dt=1.523e-03  relΔE=4.294e-06  ||F||=5.148e-02
 step= 93500  E=6.660713265590e+02  Q=1.556000000000e+03  λ=7.616154e-01  dt=1.179e-03  relΔE=3.531e-06  ||F||=3.923e-02
 step= 94000  E=6.648007187960e+02  Q=1.556000000000e+03  λ=7.598227e-01  dt=9.123e-04  relΔE=2.900e-06  ||F||=4.037e-02
 step= 94500  E=6.634662563038e+02  Q=1.556000000000e+03  λ=7.579344e-01  dt=1.412e-03  relΔE=4.743e-06  ||F||=4.146e-02
 step= 95000  E=6.620910475614e+02  Q=1.556000000000e+03  λ=7.559786e-01  dt=1.093e-03  relΔE=3.858e-06  ||F||=4.245e-02
 step= 95500  E=6.605998489787e+02  Q=1.556000000000e+03  λ=7.538517e-01  dt=8.459e-04  relΔE=3.126e-06  ||F||=4.339e-02
 step= 96000  E=6.590947209059e+02  Q=1.556000000000e+03  λ=7.517021e-01  dt=1.309e-03  relΔE=5.029e-06  ||F||=4.418e-02
 step= 96500  E=6.575290823321e+02  Q=1.556000000000e+03  λ=7.494590e-01  dt=1.013e-03  relΔE=4.019e-06  ||F||=4.484e-02
 step= 97000  E=6.558674049265e+02  Q=1.556000000000e+03  λ=7.470968e-01  dt=7.844e-04  relΔE=3.265e-06  ||F||=2.122e-01
 step= 97500  E=6.542703437401e+02  Q=1.556000000000e+03  λ=7.447855e-01  dt=1.214e-03  relΔE=5.018e-06  ||F||=4.566e-02
 step= 98000  E=6.525977313609e+02  Q=1.556000000000e+03  λ=7.423838e-01  dt=9.397e-04  relΔE=3.913e-06  ||F||=4.578e-02
 step= 98500  E=6.509160928360e+02  Q=1.556000000000e+03  λ=7.399730e-01  dt=1.455e-03  relΔE=6.043e-06  ||F||=4.567e-02
 step= 99000  E=6.493042986585e+02  Q=1.556000000000e+03  λ=7.376610e-01  dt=1.126e-03  relΔE=4.621e-06  ||F||=4.533e-02
 step= 99500  E=6.476670646218e+02  Q=1.556000000000e+03  λ=7.353158e-01  dt=8.714e-04  relΔE=3.494e-06  ||F||=4.475e-02
 step=100000  E=6.461843823047e+02  Q=1.556000000000e+03  λ=7.331974e-01  dt=1.124e-03  relΔE=4.364e-06  ||F||=4.399e-02
 step=100500  E=6.446601188371e+02  Q=1.556000000000e+03  λ=7.310224e-01  dt=8.700e-04  relΔE=3.227e-06  ||F||=4.295e-02
 step=101000  E=6.433086840220e+02  Q=1.556000000000e+03  λ=7.291005e-01  dt=1.122e-03  relΔE=3.948e-06  ||F||=4.178e-02
 step=101500  E=6.419493281430e+02  Q=1.556000000000e+03  λ=7.271715e-01  dt=8.685e-04  relΔE=2.854e-06  ||F||=4.033e-02
 step=102000  E=6.407713878440e+02  Q=1.556000000000e+03  λ=7.255069e-01  dt=1.120e-03  relΔE=3.419e-06  ||F||=3.883e-02
 step=102500  E=6.396084074949e+02  Q=1.556000000000e+03  λ=7.238682e-01  dt=8.671e-04  relΔE=2.417e-06  ||F||=3.708e-02
 step=103000  E=6.385757503249e+02  Q=1.556000000000e+03  λ=7.224211e-01  dt=1.342e-03  relΔE=3.388e-06  ||F||=3.526e-02
 step=103500  E=6.376503897715e+02  Q=1.556000000000e+03  λ=7.211288e-01  dt=1.039e-03  relΔE=2.352e-06  ||F||=3.336e-02
 step=104000  E=6.367997213711e+02  Q=1.556000000000e+03  λ=7.199474e-01  dt=8.041e-04  relΔE=1.610e-06  ||F||=3.135e-02
 step=104500  E=6.360852959010e+02  Q=1.556000000000e+03  λ=7.189620e-01  dt=1.245e-03  relΔE=2.197e-06  ||F||=2.942e-02
 step=105000  E=6.354435319624e+02  Q=1.556000000000e+03  λ=7.180814e-01  dt=9.633e-04  relΔE=1.481e-06  ||F||=2.745e-02
 step=105500  E=6.348782882645e+02  Q=1.556000000000e+03  λ=7.173124e-01  dt=1.491e-03  relΔE=1.975e-06  ||F||=2.548e-02
 step=106000  E=6.344141372243e+02  Q=1.556000000000e+03  λ=7.166849e-01  dt=1.154e-03  relΔE=1.317e-06  ||F||=2.362e-02
 step=106500  E=6.340010345621e+02  Q=1.556000000000e+03  λ=7.161314e-01  dt=8.932e-04  relΔE=8.659e-07  ||F||=2.177e-02
 step=107000  E=6.336559037444e+02  Q=1.556000000000e+03  λ=7.156740e-01  dt=1.383e-03  relΔE=1.134e-06  ||F||=2.002e-02
 step=107500  E=6.333682393525e+02  Q=1.556000000000e+03  λ=7.152964e-01  dt=1.070e-03  relΔE=7.403e-07  ||F||=1.838e-02
 step=108000  E=6.331192257622e+02  Q=1.556000000000e+03  λ=7.149734e-01  dt=8.282e-04  relΔE=4.777e-07  ||F||=1.678e-02
 step=108500  E=6.329188682982e+02  Q=1.556000000000e+03  λ=7.147174e-01  dt=1.282e-03  relΔE=6.176e-07  ||F||=1.533e-02
 step=109000  E=6.327503186596e+02  Q=1.556000000000e+03  λ=7.145048e-01  dt=9.923e-04  relΔE=3.966e-07  ||F||=1.396e-02
 step=109500  E=6.326067385671e+02  Q=1.556000000000e+03  λ=7.143425e-01  dt=1.536e-03  relΔE=4.261e-07  ||F||=1.772e-01
 step=110000  E=6.324952904550e+02  Q=1.556000000000e+03  λ=7.141915e-01  dt=1.189e-03  relΔE=3.232e-07  ||F||=1.151e-02
 step=110500  E=6.323997498444e+02  Q=1.556000000000e+03  λ=7.140777e-01  dt=9.201e-04  relΔE=2.048e-07  ||F||=1.041e-02
 step=111000  E=6.323218918339e+02  Q=1.556000000000e+03  λ=7.139873e-01  dt=1.424e-03  relΔE=2.590e-07  ||F||=9.413e-03
 step=111500  E=6.322597894921e+02  Q=1.556000000000e+03  λ=7.139170e-01  dt=1.102e-03  relΔE=1.641e-07  ||F||=8.516e-03
 step=112000  E=6.322075777522e+02  Q=1.556000000000e+03  λ=7.138597e-01  dt=8.531e-04  relΔE=1.031e-07  ||F||=7.672e-03
 step=112500  E=6.321660670818e+02  Q=1.556000000000e+03  λ=7.138158e-01  dt=1.321e-03  relΔE=1.299e-07  ||F||=6.920e-03
 step=113000  E=6.321323775038e+02  Q=1.556000000000e+03  λ=7.137815e-01  dt=1.022e-03  relΔE=8.165e-08  ||F||=6.236e-03
 step=113500  E=6.321041734667e+02  Q=1.556000000000e+03  λ=7.137542e-01  dt=7.911e-04  relΔE=5.087e-08  ||F||=5.595e-03
 step=114000  E=6.320825380040e+02  Q=1.556000000000e+03  λ=7.137343e-01  dt=1.225e-03  relΔE=6.402e-08  ||F||=5.044e-03
 step=114500  E=6.320645039726e+02  Q=1.556000000000e+03  λ=7.137188e-01  dt=9.478e-04  relΔE=3.998e-08  ||F||=4.531e-03
 step=115000  E=6.320497753695e+02  Q=1.556000000000e+03  λ=7.137071e-01  dt=1.467e-03  relΔE=4.972e-08  ||F||=4.061e-03
 step=115500  E=6.320384018845e+02  Q=1.556000000000e+03  λ=7.136988e-01  dt=1.135e-03  relΔE=3.117e-08  ||F||=3.654e-03
 step=116000  E=6.320288713333e+02  Q=1.556000000000e+03  λ=7.136926e-01  dt=8.788e-04  relΔE=1.937e-08  ||F||=3.274e-03
 step=116500  E=6.320213306412e+02  Q=1.556000000000e+03  λ=7.136884e-01  dt=1.360e-03  relΔE=2.413e-08  ||F||=2.937e-03
 step=117000  E=6.320153342223e+02  Q=1.556000000000e+03  λ=7.136856e-01  dt=1.053e-03  relΔE=1.506e-08  ||F||=2.637e-03
 step=117500  E=6.320103597927e+02  Q=1.556000000000e+03  λ=7.136838e-01  dt=8.149e-04  relΔE=9.327e-09  ||F||=2.358e-03
 step=118000  E=6.320065050200e+02  Q=1.556000000000e+03  λ=7.136829e-01  dt=1.261e-03  relΔE=1.164e-08  ||F||=2.117e-03
 step=118500  E=6.320033652769e+02  Q=1.556000000000e+03  λ=7.136825e-01  dt=9.763e-04  relΔE=7.239e-09  ||F||=1.898e-03
 step=119000  E=6.320007724815e+02  Q=1.556000000000e+03  λ=7.136827e-01  dt=1.511e-03  relΔE=8.805e-09  ||F||=8.448e-03
 step=119500  E=6.319988168274e+02  Q=1.556000000000e+03  λ=7.136830e-01  dt=1.170e-03  relΔE=5.595e-09  ||F||=1.524e-03
 step=120000  E=6.319971747887e+02  Q=1.556000000000e+03  λ=7.136836e-01  dt=9.052e-04  relΔE=3.468e-09  ||F||=1.363e-03
 step=120500  E=6.319958644165e+02  Q=1.556000000000e+03  λ=7.136844e-01  dt=1.401e-03  relΔE=4.302e-09  ||F||=1.220e-03
 step=121000  E=6.319948356932e+02  Q=1.556000000000e+03  λ=7.136852e-01  dt=1.085e-03  relΔE=2.681e-09  ||F||=1.095e-03
 step=121500  E=6.319939849661e+02  Q=1.556000000000e+03  λ=7.136861e-01  dt=8.394e-04  relΔE=1.659e-09  ||F||=9.787e-04
 step=122000  E=6.319933174416e+02  Q=1.556000000000e+03  λ=7.136870e-01  dt=1.299e-03  relΔE=2.063e-09  ||F||=8.770e-04
 step=122500  E=6.319927836634e+02  Q=1.556000000000e+03  λ=7.136879e-01  dt=1.006e-03  relΔE=1.284e-09  ||F||=7.862e-04
 step=123000  E=6.319923400048e+02  Q=1.556000000000e+03  λ=7.136887e-01  dt=7.783e-04  relΔE=7.922e-10  ||F||=7.019e-04
 step=123500  E=6.319920038342e+02  Q=1.556000000000e+03  λ=7.136895e-01  dt=1.205e-03  relΔE=9.900e-10  ||F||=6.305e-04
 step=124000  E=6.319917246794e+02  Q=1.556000000000e+03  λ=7.136903e-01  dt=9.325e-04  relΔE=6.143e-10  ||F||=5.644e-04
 step=124500  E=6.319914988898e+02  Q=1.556000000000e+03  λ=7.136910e-01  dt=1.443e-03  relΔE=7.607e-10  ||F||=5.047e-04
 step=125000  E=6.319913242827e+02  Q=1.556000000000e+03  λ=7.136916e-01  dt=1.117e-03  relΔE=4.748e-10  ||F||=4.531e-04
 step=125500  E=6.319911789711e+02  Q=1.556000000000e+03  λ=7.136923e-01  dt=8.646e-04  relΔE=2.940e-10  ||F||=4.052e-04
 step=126000  E=6.319910642962e+02  Q=1.556000000000e+03  λ=7.136928e-01  dt=1.338e-03  relΔE=3.655e-10  ||F||=3.630e-04
 step=126500  E=6.319909732688e+02  Q=1.556000000000e+03  λ=7.136933e-01  dt=1.036e-03  relΔE=2.278e-10  ||F||=3.257e-04
 step=127000  E=6.319908978577e+02  Q=1.556000000000e+03  λ=7.136938e-01  dt=8.017e-04  relΔE=1.409e-10  ||F||=2.911e-04
 step=127500  E=6.319908395243e+02  Q=1.556000000000e+03  λ=7.136942e-01  dt=1.241e-03  relΔE=1.759e-10  ||F||=2.614e-04
 step=128000  E=6.319907918902e+02  Q=1.556000000000e+03  λ=7.136946e-01  dt=9.605e-04  relΔE=1.094e-10  ||F||=2.342e-04
 step=128500  E=6.319907527004e+02  Q=1.556000000000e+03  λ=7.136950e-01  dt=1.487e-03  relΔE=1.346e-10  ||F||=6.292e-04
 step=129000  E=6.319907229950e+02  Q=1.556000000000e+03  λ=7.136953e-01  dt=1.151e-03  relΔE=8.465e-11  ||F||=1.882e-04
 step=129500  E=6.319906980352e+02  Q=1.556000000000e+03  λ=7.136956e-01  dt=8.906e-04  relΔE=5.250e-11  ||F||=1.685e-04
 step=130000  E=6.319906781589e+02  Q=1.556000000000e+03  λ=7.136959e-01  dt=1.379e-03  relΔE=6.522e-11  ||F||=1.510e-04
 step=130500  E=6.319906625081e+02  Q=1.556000000000e+03  λ=7.136961e-01  dt=1.067e-03  relΔE=4.068e-11  ||F||=1.356e-04
 step=131000  E=6.319906495695e+02  Q=1.556000000000e+03  λ=7.136963e-01  dt=8.258e-04  relΔE=2.522e-11  ||F||=1.214e-04
 step=131500  E=6.319906394014e+02  Q=1.556000000000e+03  λ=7.136965e-01  dt=1.278e-03  relΔE=3.140e-11  ||F||=1.089e-04
 step=132000  E=6.319906312519e+02  Q=1.556000000000e+03  λ=7.136967e-01  dt=9.894e-04  relΔE=1.956e-11  ||F||=9.777e-05
 step=132500  E=6.319906244717e+02  Q=1.556000000000e+03  λ=7.136968e-01  dt=7.658e-04  relΔE=1.207e-11  ||F||=8.741e-05
 step=133000  E=6.319906193322e+02  Q=1.556000000000e+03  λ=7.136969e-01  dt=1.185e-03  relΔE=1.509e-11  ||F||=7.864e-05
 step=133500  E=6.319906150542e+02  Q=1.556000000000e+03  λ=7.136971e-01  dt=9.174e-04  relΔE=9.357e-12  ||F||=7.049e-05
 step=134000  E=6.319906116067e+02  Q=1.556000000000e+03  λ=7.136972e-01  dt=1.420e-03  relΔE=1.158e-11  ||F||=6.314e-05
 step=134500  E=6.319906089405e+02  Q=1.556000000000e+03  λ=7.136973e-01  dt=1.099e-03  relΔE=7.211e-12  ||F||=5.677e-05
 step=135000  E=6.319906067325e+02  Q=1.556000000000e+03  λ=7.136974e-01  dt=8.507e-04  relΔE=4.455e-12  ||F||=5.088e-05
 step=135500  E=6.319906049909e+02  Q=1.556000000000e+03  λ=7.136975e-01  dt=1.317e-03  relΔE=5.516e-12  ||F||=4.566e-05
 step=136000  E=6.319906036146e+02  Q=1.556000000000e+03  λ=7.136975e-01  dt=1.019e-03  relΔE=3.419e-12  ||F||=4.103e-05
 step=136500  E=6.319906024791e+02  Q=1.556000000000e+03  λ=7.136976e-01  dt=7.888e-04  relΔE=2.100e-12  ||F||=3.674e-05
 step=137000  E=6.319906016114e+02  Q=1.556000000000e+03  λ=7.136976e-01  dt=1.221e-03  relΔE=2.597e-12  ||F||=3.305e-05
 step=137500  E=6.319906009089e+02  Q=1.556000000000e+03  λ=7.136977e-01  dt=9.450e-04  relΔE=1.596e-12  ||F||=2.967e-05
 step=138000  E=6.319906003392e+02  Q=1.556000000000e+03  λ=7.136977e-01  dt=1.463e-03  relΔE=1.944e-12  ||F||=3.667e-05
 step=138500  E=6.319905999129e+02  Q=1.556000000000e+03  λ=7.136978e-01  dt=1.132e-03  relΔE=1.196e-12  ||F||=2.393e-05
 step=139000  E=6.319905995627e+02  Q=1.556000000000e+03  λ=7.136978e-01  dt=8.763e-04  relΔE=7.262e-13  ||F||=2.147e-05
 step=139500  E=6.319905992899e+02  Q=1.556000000000e+03  λ=7.136979e-01  dt=1.356e-03  relΔE=8.775e-13  ||F||=1.927e-05
 step=140000  E=6.319905990818e+02  Q=1.556000000000e+03  λ=7.136979e-01  dt=1.050e-03  relΔE=5.305e-13  ||F||=1.734e-05
 step=140500  E=6.319905989156e+02  Q=1.556000000000e+03  λ=7.136979e-01  dt=8.125e-04  relΔE=3.152e-13  ||F||=1.555e-05
 step=141000  E=6.319905987912e+02  Q=1.556000000000e+03  λ=7.136979e-01  dt=1.258e-03  relΔE=3.734e-13  ||F||=1.399e-05
 step=141500  E=6.319905986967e+02  Q=1.556000000000e+03  λ=7.136980e-01  dt=9.734e-04  relΔE=2.182e-13  ||F||=1.258e-05
 step=142000  E=6.319905986233e+02  Q=1.556000000000e+03  λ=7.136980e-01  dt=7.534e-04  relΔE=1.243e-13  ||F||=1.128e-05
 step=142500  E=6.319905985728e+02  Q=1.556000000000e+03  λ=7.136980e-01  dt=1.166e-03  relΔE=1.407e-13  ||F||=1.017e-05
 step=143000  E=6.319905985352e+02  Q=1.556000000000e+03  λ=7.136980e-01  dt=9.026e-04  relΔE=7.609e-14  ||F||=9.135e-06
 step=143500  E=6.319905985094e+02  Q=1.556000000000e+03  λ=7.136980e-01  dt=1.397e-03  relΔE=7.879e-14  ||F||=8.205e-06
 step=144000  E=6.319905984933e+02  Q=1.556000000000e+03  λ=7.136980e-01  dt=1.081e-03  relΔE=3.742e-14  ||F||=7.395e-06
 step=144500  E=6.319905984838e+02  Q=1.556000000000e+03  λ=7.136980e-01  dt=8.370e-04  relΔE=1.511e-14  ||F||=6.645e-06
 step=145000  E=6.319905984798e+02  Q=1.556000000000e+03  λ=7.136980e-01  dt=1.296e-03  relΔE=6.116e-15  ||F||=5.980e-06
  !! dt fell below dt_min: stiffness-limited termination.

Stationary candidate (aggressive): E=6.319905984794e+02, Q=1.556000000000e+03, maxρ=9.225631e-01

=== Stability test (damped inertial dynamics) ===
Perturb eps=0.02, gamma=1
t=0: E=7.082783812086e+02, Q=1.556000000000e+03, maxρ=9.524464e-01, σ=2.631610e+00, Rc=1.829504e+01
 step=     1  E=7.082779971697e+02  Q=1.556000000000e+03  λ=1.101406e+00  maxρ=9.524463e-01  minρ=1.646e-10  σ=2.631610e+00  Rc=1.829504e+01
 step=   300  E=6.925326765874e+02  Q=1.556000000000e+03  λ=9.980345e-01  maxρ=9.508300e-01  minρ=1.653e-10  σ=2.631607e+00  Rc=1.829504e+01
 step=   600  E=6.608761856492e+02  Q=1.556000000000e+03  λ=8.109282e-01  maxρ=9.462728e-01  minρ=1.667e-10  σ=2.631602e+00  Rc=1.829504e+01
 step=   900  E=6.423714733974e+02  Q=1.556000000000e+03  λ=7.514822e-01  maxρ=9.395322e-01  minρ=1.652e-10  σ=2.631600e+00  Rc=1.829504e+01
 step=  1200  E=6.494645697239e+02  Q=1.556000000000e+03  λ=8.595671e-01  maxρ=9.365949e-01  minρ=1.633e-10  σ=2.631603e+00  Rc=1.829503e+01
 step=  1500  E=6.684754910823e+02  Q=1.556000000000e+03  λ=9.765558e-01  maxρ=9.417929e-01  minρ=1.622e-10  σ=2.631604e+00  Rc=1.829503e+01
 step=  1800  E=6.781788622488e+02  Q=1.556000000000e+03  λ=9.622935e-01  maxρ=9.448056e-01  minρ=1.621e-10  σ=2.631601e+00  Rc=1.829503e+01
 step=  2100  E=6.724719812440e+02  Q=1.556000000000e+03  λ=8.604098e-01  maxρ=9.399935e-01  minρ=1.622e-10  σ=2.631598e+00  Rc=1.829503e+01
 step=  2400  E=6.624355575912e+02  Q=1.556000000000e+03  λ=8.134665e-01  maxρ=9.305821e-01  minρ=1.614e-10  σ=2.631599e+00  Rc=1.829503e+01
 step=  2700  E=6.599494541282e+02  Q=1.556000000000e+03  λ=8.686925e-01  maxρ=9.362228e-01  minρ=1.580e-10  σ=2.631602e+00  Rc=1.829503e+01
 step=  3000  E=6.647792998004e+02  Q=1.556000000000e+03  λ=9.349112e-01  maxρ=9.479830e-01  minρ=1.573e-10  σ=2.631603e+00  Rc=1.829503e+01
 step=  3300  E=6.684386516265e+02  Q=1.556000000000e+03  λ=9.222239e-01  maxρ=9.504171e-01  minρ=1.599e-10  σ=2.631599e+00  Rc=1.829503e+01
 step=  3600  E=6.662296046858e+02  Q=1.556000000000e+03  λ=8.570673e-01  maxρ=9.439196e-01  minρ=1.622e-10  σ=2.631595e+00  Rc=1.829503e+01
 step=  3900  E=6.616304942684e+02  Q=1.556000000000e+03  λ=8.283204e-01  maxρ=9.427594e-01  minρ=1.628e-10  σ=2.631595e+00  Rc=1.829503e+01
 step=  4200  E=6.599668212496e+02  Q=1.556000000000e+03  λ=8.615924e-01  maxρ=9.394802e-01  minρ=1.578e-10  σ=2.631598e+00  Rc=1.829502e+01
 step=  4500  E=6.616403539368e+02  Q=1.556000000000e+03  λ=8.973721e-01  maxρ=9.378273e-01  minρ=1.534e-10  σ=2.631599e+00  Rc=1.829502e+01
 step=  4800  E=6.630915197134e+02  Q=1.556000000000e+03  λ=8.844935e-01  maxρ=9.411995e-01  minρ=1.517e-10  σ=2.631595e+00  Rc=1.829502e+01
 step=  5100  E=6.622292358254e+02  Q=1.556000000000e+03  λ=8.462830e-01  maxρ=9.421989e-01  minρ=1.533e-10  σ=2.631590e+00  Rc=1.829502e+01
 step=  5400  E=6.604676713256e+02  Q=1.556000000000e+03  λ=8.361742e-01  maxρ=9.410848e-01  minρ=1.499e-10  σ=2.631588e+00  Rc=1.829502e+01
 step=  5700  E=6.598162496502e+02  Q=1.556000000000e+03  λ=8.606221e-01  maxρ=9.378655e-01  minρ=1.457e-10  σ=2.631590e+00  Rc=1.829502e+01
 step=  6000  E=6.601292168380e+02  Q=1.556000000000e+03  λ=8.783058e-01  maxρ=9.360433e-01  minρ=1.452e-10  σ=2.631590e+00  Rc=1.829501e+01
 >>> No runaway detected in this horizon. Likely stable (within this model & box).

STABILITY: PASS
