
=== Aggressive relaxation to Q = 301 ===
Initial: E=1.932255335005e+02, Q=3.010000000000e+02, dt=1.000e-04
 step=     1  E=1.932219862076e+02  Q=3.010000000000e+02  λ=1.185712e+00  dt=1.000e-04  relΔE=1.836e-05  ||F||=3.438e-01
 step=   500  E=1.890970684535e+02  Q=3.010000000000e+02  λ=1.158229e+00  dt=6.192e-04  relΔE=7.779e-05  ||F||=3.082e-01
 step=  1000  E=1.793658803165e+02  Q=3.010000000000e+02  λ=1.094978e+00  dt=9.584e-04  relΔE=6.472e-05  ||F||=2.200e-01
 step=  1500  E=1.736561214442e+02  Q=3.010000000000e+02  λ=1.059705e+00  dt=1.484e-03  relΔE=5.810e-05  ||F||=1.649e-01
 step=  2000  E=1.703902224948e+02  Q=3.010000000000e+02  λ=1.040575e+00  dt=1.148e-03  relΔE=2.957e-05  ||F||=1.324e-01
 step=  2500  E=1.681175751960e+02  Q=3.010000000000e+02  λ=1.027969e+00  dt=8.887e-04  relΔE=1.610e-05  ||F||=1.103e-01
 step=  3000  E=1.665154640209e+02  Q=3.010000000000e+02  λ=1.019542e+00  dt=1.376e-03  relΔE=1.879e-05  ||F||=9.530e-02
 step=  3500  E=1.652894571492e+02  Q=3.010000000000e+02  λ=1.013370e+00  dt=1.065e-03  relΔE=1.162e-05  ||F||=8.487e-02
 step=  4000  E=1.642666807002e+02  Q=3.010000000000e+02  λ=1.008416e+00  dt=8.241e-04  relΔE=7.509e-06  ||F||=7.731e-02
 step=  4500  E=1.634401446321e+02  Q=3.010000000000e+02  λ=1.004538e+00  dt=1.276e-03  relΔE=9.939e-06  ||F||=7.129e-02
 step=  5000  E=1.627123147272e+02  Q=3.010000000000e+02  λ=1.001199e+00  dt=9.873e-04  relΔE=6.772e-06  ||F||=6.674e-02
 step=  5500  E=1.620512770433e+02  Q=3.010000000000e+02  λ=9.982294e-01  dt=1.528e-03  relΔE=9.324e-06  ||F||=1.050e-01
 step=  6000  E=1.614898507864e+02  Q=3.010000000000e+02  λ=9.957337e-01  dt=1.183e-03  relΔE=6.602e-06  ||F||=5.997e-02
 step=  6500  E=1.609570298685e+02  Q=3.010000000000e+02  λ=9.933953e-01  dt=9.154e-04  relΔE=4.685e-06  ||F||=5.733e-02
 step=  7000  E=1.604714487251e+02  Q=3.010000000000e+02  λ=9.912864e-01  dt=1.417e-03  relΔE=6.705e-06  ||F||=5.504e-02
 step=  7500  E=1.600298773932e+02  Q=3.010000000000e+02  λ=9.893808e-01  dt=1.097e-03  relΔE=4.835e-06  ||F||=5.305e-02
 step=  8000  E=1.596057269281e+02  Q=3.010000000000e+02  λ=9.875631e-01  dt=8.488e-04  relΔE=3.500e-06  ||F||=5.124e-02
 step=  8500  E=1.592202688919e+02  Q=3.010000000000e+02  λ=9.859231e-01  dt=1.314e-03  relΔE=5.089e-06  ||F||=4.960e-02
 step=  9000  E=1.588566693494e+02  Q=3.010000000000e+02  λ=9.843829e-01  dt=1.017e-03  relΔE=3.715e-06  ||F||=4.812e-02
 step=  9500  E=1.585024337578e+02  Q=3.010000000000e+02  λ=9.828918e-01  dt=7.871e-04  relΔE=2.826e-06  ||F||=5.013e-02
 step= 10000  E=1.581860550075e+02  Q=3.010000000000e+02  λ=9.815671e-01  dt=1.218e-03  relΔE=3.993e-06  ||F||=4.548e-02
 step= 10500  E=1.578749574934e+02  Q=3.010000000000e+02  λ=9.802709e-01  dt=9.430e-04  relΔE=2.940e-06  ||F||=4.431e-02
 step= 11000  E=1.575778893882e+02  Q=3.010000000000e+02  λ=9.790415e-01  dt=1.460e-03  relΔE=4.331e-06  ||F||=4.319e-02
 step= 11500  E=1.573044587654e+02  Q=3.010000000000e+02  λ=9.779147e-01  dt=1.130e-03  relΔE=3.205e-06  ||F||=4.219e-02
 step= 12000  E=1.570339008046e+02  Q=3.010000000000e+02  λ=9.768062e-01  dt=8.744e-04  relΔE=2.373e-06  ||F||=4.122e-02
 step= 12500  E=1.567798853419e+02  Q=3.010000000000e+02  λ=9.757729e-01  dt=1.353e-03  relΔE=3.522e-06  ||F||=4.034e-02
 step= 13000  E=1.565380852997e+02  Q=3.010000000000e+02  λ=9.747937e-01  dt=1.048e-03  relΔE=2.620e-06  ||F||=3.951e-02
 step= 13500  E=1.562985116103e+02  Q=3.010000000000e+02  λ=9.738299e-01  dt=8.108e-04  relΔE=1.986e-06  ||F||=3.908e-02
 step= 14000  E=1.560775269750e+02  Q=3.010000000000e+02  λ=9.729467e-01  dt=1.255e-03  relΔE=2.912e-06  ||F||=3.800e-02
 step= 14500  E=1.558601754983e+02  Q=3.010000000000e+02  λ=9.720826e-01  dt=9.713e-04  relΔE=2.177e-06  ||F||=3.733e-02
 step= 15000  E=1.556459381568e+02  Q=3.010000000000e+02  λ=9.712373e-01  dt=1.504e-03  relΔE=3.257e-06  ||F||=3.682e-02
 step= 15500  E=1.554545827395e+02  Q=3.010000000000e+02  λ=9.704854e-01  dt=9.698e-04  relΔE=2.039e-06  ||F||=3.610e-02
 step= 16000  E=1.552538080918e+02  Q=3.010000000000e+02  λ=9.697026e-01  dt=1.501e-03  relΔE=3.061e-06  ||F||=3.567e-02
 step= 16500  E=1.550741468332e+02  Q=3.010000000000e+02  λ=9.690050e-01  dt=9.682e-04  relΔE=1.922e-06  ||F||=3.504e-02
 step= 17000  E=1.548847901376e+02  Q=3.010000000000e+02  λ=9.682751e-01  dt=1.499e-03  relΔE=2.894e-06  ||F||=3.462e-02
 step= 17500  E=1.547092325359e+02  Q=3.010000000000e+02  λ=9.676012e-01  dt=1.160e-03  relΔE=2.185e-06  ||F||=3.409e-02
 step= 18000  E=1.545310993262e+02  Q=3.010000000000e+02  λ=9.669211e-01  dt=8.978e-04  relΔE=1.651e-06  ||F||=3.367e-02
 step= 18500  E=1.543594604585e+02  Q=3.010000000000e+02  λ=9.662697e-01  dt=1.390e-03  relΔE=2.500e-06  ||F||=3.328e-02
 step= 19000  E=1.541940566511e+02  Q=3.010000000000e+02  λ=9.656439e-01  dt=1.076e-03  relΔE=1.895e-06  ||F||=3.292e-02
 step= 19500  E=1.540265650788e+02  Q=3.010000000000e+02  λ=9.650128e-01  dt=8.324e-04  relΔE=1.439e-06  ||F||=3.258e-02
 step= 20000  E=1.538676904428e+02  Q=3.010000000000e+02  λ=9.644169e-01  dt=1.289e-03  relΔE=2.188e-06  ||F||=3.228e-02
 step= 20500  E=1.537101875225e+02  Q=3.010000000000e+02  λ=9.638270e-01  dt=9.973e-04  relΔE=1.666e-06  ||F||=3.200e-02
 step= 21000  E=1.535501025705e+02  Q=3.010000000000e+02  λ=9.633204e-01  dt=1.544e-03  relΔE=2.174e-06  ||F||=4.302e-01
 step= 21500  E=1.534016183971e+02  Q=3.010000000000e+02  λ=9.626752e-01  dt=1.195e-03  relΔE=1.941e-06  ||F||=3.152e-02
 step= 22000  E=1.532490814913e+02  Q=3.010000000000e+02  λ=9.621062e-01  dt=9.248e-04  relΔE=1.484e-06  ||F||=3.132e-02
 step= 22500  E=1.530985200390e+02  Q=3.010000000000e+02  λ=9.615449e-01  dt=1.431e-03  relΔE=2.274e-06  ||F||=3.114e-02
 step= 23000  E=1.529531590561e+02  Q=3.010000000000e+02  λ=9.610017e-01  dt=1.108e-03  relΔE=1.744e-06  ||F||=3.099e-02
 step= 23500  E=1.528044892127e+02  Q=3.010000000000e+02  λ=9.604448e-01  dt=8.575e-04  relΔE=1.340e-06  ||F||=3.085e-02
 step= 24000  E=1.526605261155e+02  Q=3.010000000000e+02  λ=9.599044e-01  dt=1.327e-03  relΔE=2.061e-06  ||F||=3.074e-02
 step= 24500  E=1.525171651120e+02  Q=3.010000000000e+02  λ=9.593632e-01  dt=1.027e-03  relΔE=1.587e-06  ||F||=3.066e-02
 step= 25000  E=1.523699477301e+02  Q=3.010000000000e+02  λ=9.588044e-01  dt=7.951e-04  relΔE=1.226e-06  ||F||=3.061e-02
 step= 25500  E=1.522306188380e+02  Q=3.010000000000e+02  λ=9.582726e-01  dt=1.231e-03  relΔE=1.891e-06  ||F||=3.054e-02
 step= 26000  E=1.520873917701e+02  Q=3.010000000000e+02  λ=9.577211e-01  dt=9.526e-04  relΔE=1.462e-06  ||F||=3.051e-02
 step= 26500  E=1.519425050997e+02  Q=3.010000000000e+02  λ=9.571590e-01  dt=1.475e-03  relΔE=2.265e-06  ||F||=3.050e-02
 step= 27000  E=1.518031603170e+02  Q=3.010000000000e+02  λ=9.566121e-01  dt=1.141e-03  relΔE=1.756e-06  ||F||=3.052e-02
 step= 27500  E=1.516584337478e+02  Q=3.010000000000e+02  λ=9.560379e-01  dt=8.833e-04  relΔE=1.363e-06  ||F||=3.055e-02
 step= 28000  E=1.515155842323e+02  Q=3.010000000000e+02  λ=9.554648e-01  dt=1.367e-03  relΔE=2.118e-06  ||F||=3.059e-02
 step= 28500  E=1.513738350841e+02  Q=3.010000000000e+02  λ=9.548879e-01  dt=1.058e-03  relΔE=1.648e-06  ||F||=3.066e-02
 step= 29000  E=1.512262684824e+02  Q=3.010000000000e+02  λ=9.542787e-01  dt=8.190e-04  relΔE=1.284e-06  ||F||=3.075e-02
 step= 29500  E=1.510837287174e+02  Q=3.010000000000e+02  λ=9.536818e-01  dt=1.268e-03  relΔE=2.001e-06  ||F||=3.083e-02
 step= 30000  E=1.509379736406e+02  Q=3.010000000000e+02  λ=9.530609e-01  dt=9.812e-04  relΔE=1.561e-06  ||F||=3.095e-02
 step= 30500  E=1.507871048164e+02  Q=3.010000000000e+02  λ=9.524082e-01  dt=1.519e-03  relΔE=2.438e-06  ||F||=3.880e-02
 step= 31000  E=1.506427512161e+02  Q=3.010000000000e+02  λ=9.517711e-01  dt=1.176e-03  relΔE=1.906e-06  ||F||=3.121e-02
 step= 31500  E=1.504911383178e+02  Q=3.010000000000e+02  λ=9.510898e-01  dt=9.098e-04  relΔE=1.492e-06  ||F||=3.136e-02
 step= 32000  E=1.503391393413e+02  Q=3.010000000000e+02  λ=9.503943e-01  dt=1.408e-03  relΔE=2.335e-06  ||F||=3.153e-02
 step= 32500  E=1.501883564639e+02  Q=3.010000000000e+02  λ=9.496898e-01  dt=1.090e-03  relΔE=1.829e-06  ||F||=3.170e-02
 step= 33000  E=1.500304021652e+02  Q=3.010000000000e+02  λ=9.489366e-01  dt=8.436e-04  relΔE=1.434e-06  ||F||=3.189e-02
 step= 33500  E=1.498756209038e+02  Q=3.010000000000e+02  λ=9.481840e-01  dt=1.306e-03  relΔE=2.248e-06  ||F||=3.207e-02
 step= 34000  E=1.497179837055e+02  Q=3.010000000000e+02  λ=9.474002e-01  dt=1.011e-03  relΔE=1.763e-06  ||F||=3.227e-02
 step= 34500  E=1.495527596080e+02  Q=3.010000000000e+02  λ=9.465714e-01  dt=7.823e-04  relΔE=1.405e-06  ||F||=1.501e-01
 step= 35000  E=1.493950957002e+02  Q=3.010000000000e+02  λ=9.457430e-01  dt=1.211e-03  relΔE=2.169e-06  ||F||=3.267e-02
 step= 35500  E=1.492292854785e+02  Q=3.010000000000e+02  λ=9.448632e-01  dt=9.372e-04  relΔE=1.702e-06  ||F||=3.287e-02
 step= 36000  E=1.490607521077e+02  Q=3.010000000000e+02  λ=9.439500e-01  dt=1.451e-03  relΔE=2.669e-06  ||F||=3.307e-02
 step= 36500  E=1.488952051810e+02  Q=3.010000000000e+02  λ=9.430318e-01  dt=1.123e-03  relΔE=2.092e-06  ||F||=3.326e-02
 step= 37000  E=1.487219394367e+02  Q=3.010000000000e+02  λ=9.420495e-01  dt=8.690e-04  relΔE=1.640e-06  ||F||=3.345e-02
 step= 37500  E=1.485584438497e+02  Q=3.010000000000e+02  λ=9.411031e-01  dt=1.121e-03  relΔE=2.139e-06  ||F||=3.362e-02
 step= 38000  E=1.483816288294e+02  Q=3.010000000000e+02  λ=9.400563e-01  dt=8.676e-04  relΔE=1.673e-06  ||F||=3.378e-02
 step= 38500  E=1.482152790711e+02  Q=3.010000000000e+02  λ=9.390509e-01  dt=1.119e-03  relΔE=2.179e-06  ||F||=3.392e-02
 step= 39000  E=1.480352413504e+02  Q=3.010000000000e+02  λ=9.379383e-01  dt=8.662e-04  relΔE=1.701e-06  ||F||=3.405e-02
 step= 39500  E=1.478579444590e+02  Q=3.010000000000e+02  λ=9.368199e-01  dt=1.341e-03  relΔE=2.653e-06  ||F||=3.415e-02
 step= 40000  E=1.476804188564e+02  Q=3.010000000000e+02  λ=9.356746e-01  dt=1.038e-03  relΔE=2.065e-06  ||F||=3.423e-02
 step= 40500  E=1.474960039344e+02  Q=3.010000000000e+02  λ=9.344591e-01  dt=8.032e-04  relΔE=1.607e-06  ||F||=3.431e-02
 step= 41000  E=1.473197360369e+02  Q=3.010000000000e+02  λ=9.332739e-01  dt=1.243e-03  relΔE=2.491e-06  ||F||=3.430e-02
 step= 41500  E=1.471388518379e+02  Q=3.010000000000e+02  λ=9.320308e-01  dt=9.623e-04  relΔE=1.928e-06  ||F||=3.429e-02
 step= 42000  E=1.469554923061e+02  Q=3.010000000000e+02  λ=9.307457e-01  dt=1.490e-03  relΔE=2.978e-06  ||F||=3.424e-02
 step= 42500  E=1.467807982489e+02  Q=3.010000000000e+02  λ=9.294943e-01  dt=1.153e-03  relΔE=2.295e-06  ||F||=3.413e-02
 step= 43000  E=1.466002689321e+02  Q=3.010000000000e+02  λ=9.281749e-01  dt=8.923e-04  relΔE=1.763e-06  ||F||=3.399e-02
 step= 43500  E=1.464242836391e+02  Q=3.010000000000e+02  λ=9.268638e-01  dt=1.381e-03  relΔE=2.703e-06  ||F||=3.380e-02
 step= 44000  E=1.462524537405e+02  Q=3.010000000000e+02  λ=9.255563e-01  dt=1.069e-03  relΔE=2.065e-06  ||F||=3.357e-02
 step= 44500  E=1.460775690073e+02  Q=3.010000000000e+02  λ=9.241987e-01  dt=8.273e-04  relΔE=1.573e-06  ||F||=3.328e-02
 step= 45000  E=1.459124009210e+02  Q=3.010000000000e+02  λ=9.228922e-01  dt=1.281e-03  relΔE=2.389e-06  ||F||=3.294e-02
 step= 45500  E=1.457483918761e+02  Q=3.010000000000e+02  λ=9.215676e-01  dt=9.912e-04  relΔE=1.808e-06  ||F||=3.256e-02
 step= 46000  E=1.455835491015e+02  Q=3.010000000000e+02  λ=9.202177e-01  dt=1.534e-03  relΔE=2.691e-06  ||F||=1.221e-01
 step= 46500  E=1.454326835285e+02  Q=3.010000000000e+02  λ=9.189425e-01  dt=1.188e-03  relΔE=2.050e-06  ||F||=3.164e-02
 step= 47000  E=1.452804307062e+02  Q=3.010000000000e+02  λ=9.176371e-01  dt=9.191e-04  relΔE=1.534e-06  ||F||=3.110e-02
 step= 47500  E=1.451339978670e+02  Q=3.010000000000e+02  λ=9.163574e-01  dt=1.423e-03  relΔE=2.289e-06  ||F||=3.051e-02
 step= 48000  E=1.449963512447e+02  Q=3.010000000000e+02  λ=9.151282e-01  dt=1.101e-03  relΔE=1.702e-06  ||F||=2.989e-02
 step= 48500  E=1.448600307688e+02  Q=3.010000000000e+02  λ=9.138856e-01  dt=8.522e-04  relΔE=1.259e-06  ||F||=2.921e-02
 step= 49000  E=1.447335337787e+02  Q=3.010000000000e+02  λ=9.127095e-01  dt=1.319e-03  relΔE=1.859e-06  ||F||=2.851e-02
 step= 49500  E=1.446130411218e+02  Q=3.010000000000e+02  λ=9.115638e-01  dt=1.021e-03  relΔE=1.367e-06  ||F||=2.778e-02
 step= 50000  E=1.444951337366e+02  Q=3.010000000000e+02  λ=9.104181e-01  dt=7.902e-04  relΔE=9.994e-07  ||F||=2.702e-02
 step= 50500  E=1.443895745545e+02  Q=3.010000000000e+02  λ=9.093705e-01  dt=1.223e-03  relΔE=1.460e-06  ||F||=2.622e-02
 step= 51000  E=1.442870931299e+02  Q=3.010000000000e+02  λ=9.083291e-01  dt=9.467e-04  relΔE=1.061e-06  ||F||=2.539e-02
 step= 51500  E=1.441901901974e+02  Q=3.010000000000e+02  λ=9.073222e-01  dt=1.465e-03  relΔE=1.536e-06  ||F||=2.455e-02
 step= 52000  E=1.441031307707e+02  Q=3.010000000000e+02  λ=9.063945e-01  dt=1.134e-03  relΔE=1.111e-06  ||F||=2.372e-02
 step= 52500  E=1.440189643719e+02  Q=3.010000000000e+02  λ=9.054755e-01  dt=8.779e-04  relΔE=7.983e-07  ||F||=2.285e-02
 step= 53000  E=1.439423398463e+02  Q=3.010000000000e+02  λ=9.046182e-01  dt=1.359e-03  relΔE=1.145e-06  ||F||=2.199e-02
 step= 53500  E=1.438719483703e+02  Q=3.010000000000e+02  λ=9.038088e-01  dt=1.052e-03  relΔE=8.196e-07  ||F||=2.114e-02
 step= 54000  E=1.438049443399e+02  Q=3.010000000000e+02  λ=9.030171e-01  dt=8.140e-04  relΔE=5.831e-07  ||F||=2.026e-02
 step= 54500  E=1.437458724378e+02  Q=3.010000000000e+02  λ=9.023002e-01  dt=1.260e-03  relΔE=8.302e-07  ||F||=1.943e-02
 step= 55000  E=1.436907498889e+02  Q=3.010000000000e+02  λ=9.016109e-01  dt=9.752e-04  relΔE=5.886e-07  ||F||=1.859e-02
 step= 55500  E=1.436391094478e+02  Q=3.010000000000e+02  λ=9.009463e-01  dt=1.510e-03  relΔE=8.303e-07  ||F||=1.910e-02
 step= 56000  E=1.435944192647e+02  Q=3.010000000000e+02  λ=9.003521e-01  dt=1.168e-03  relΔE=5.872e-07  ||F||=1.696e-02
 step= 56500  E=1.435520722103e+02  Q=3.010000000000e+02  λ=8.997712e-01  dt=9.043e-04  relΔE=4.126e-07  ||F||=1.616e-02
 step= 57000  E=1.435139597652e+02  Q=3.010000000000e+02  λ=8.992313e-01  dt=1.400e-03  relΔE=5.792e-07  ||F||=1.538e-02
 step= 57500  E=1.434800926567e+02  Q=3.010000000000e+02  λ=8.987342e-01  dt=1.083e-03  relΔE=4.064e-07  ||F||=1.464e-02
 step= 58000  E=1.434484263650e+02  Q=3.010000000000e+02  λ=8.982529e-01  dt=8.385e-04  relΔE=2.836e-07  ||F||=1.390e-02
 step= 58500  E=1.434207583916e+02  Q=3.010000000000e+02  λ=8.978173e-01  dt=1.298e-03  relΔE=3.965e-07  ||F||=1.321e-02
 step= 59000  E=1.433956162159e+02  Q=3.010000000000e+02  λ=8.974059e-01  dt=1.005e-03  relΔE=2.764e-07  ||F||=1.254e-02
 step= 59500  E=1.433722328841e+02  Q=3.010000000000e+02  λ=8.970090e-01  dt=7.775e-04  relΔE=1.941e-07  ||F||=4.138e-02
 step= 60000  E=1.433524672677e+02  Q=3.010000000000e+02  λ=8.966588e-01  dt=1.203e-03  relΔE=2.672e-07  ||F||=1.126e-02
 step= 60500  E=1.433340482676e+02  Q=3.010000000000e+02  λ=8.963194e-01  dt=9.315e-04  relΔE=1.852e-07  ||F||=1.066e-02
 step= 61000  E=1.433174998361e+02  Q=3.010000000000e+02  λ=8.960017e-01  dt=1.442e-03  relΔE=2.565e-07  ||F||=1.008e-02
 step= 61500  E=1.433031600774e+02  Q=3.010000000000e+02  λ=8.957140e-01  dt=1.116e-03  relΔE=1.779e-07  ||F||=9.540e-03
 step= 62000  E=1.432898702767e+02  Q=3.010000000000e+02  λ=8.954355e-01  dt=8.637e-04  relΔE=1.228e-07  ||F||=9.009e-03
 step= 62500  E=1.432782392321e+02  Q=3.010000000000e+02  λ=8.951809e-01  dt=1.337e-03  relΔE=1.699e-07  ||F||=8.514e-03
 step= 63000  E=1.432679098725e+02  Q=3.010000000000e+02  λ=8.949439e-01  dt=1.035e-03  relΔE=1.174e-07  ||F||=8.044e-03
 step= 63500  E=1.432583958873e+02  Q=3.010000000000e+02  λ=8.947151e-01  dt=8.009e-04  relΔE=8.076e-08  ||F||=7.584e-03
 step= 64000  E=1.432503044162e+02  Q=3.010000000000e+02  λ=8.945112e-01  dt=1.240e-03  relΔE=1.117e-07  ||F||=7.167e-03
 step= 64500  E=1.432430283957e+02  Q=3.010000000000e+02  λ=8.943187e-01  dt=7.996e-04  relΔE=6.422e-08  ||F||=6.767e-03
 step= 65000  E=1.432365971306e+02  Q=3.010000000000e+02  λ=8.941403e-01  dt=1.238e-03  relΔE=8.872e-08  ||F||=6.392e-03
 step= 65500  E=1.432308184046e+02  Q=3.010000000000e+02  λ=8.939718e-01  dt=7.983e-04  relΔE=5.100e-08  ||F||=6.034e-03
 step= 66000  E=1.432257137870e+02  Q=3.010000000000e+02  λ=8.938156e-01  dt=1.236e-03  relΔE=7.041e-08  ||F||=5.698e-03
 step= 66500  E=1.432210491945e+02  Q=3.010000000000e+02  λ=8.936652e-01  dt=9.564e-04  relΔE=4.844e-08  ||F||=5.371e-03
 step= 67000  E=1.432168352653e+02  Q=3.010000000000e+02  λ=8.935223e-01  dt=1.480e-03  relΔE=6.650e-08  ||F||=5.065e-03
 step= 67500  E=1.432132557091e+02  Q=3.010000000000e+02  λ=8.933941e-01  dt=1.146e-03  relΔE=4.588e-08  ||F||=4.775e-03
 step= 68000  E=1.432099508560e+02  Q=3.010000000000e+02  λ=8.932695e-01  dt=8.868e-04  relΔE=3.152e-08  ||F||=4.498e-03
 step= 68500  E=1.432070495972e+02  Q=3.010000000000e+02  λ=8.931541e-01  dt=1.373e-03  relΔE=4.335e-08  ||F||=4.240e-03
 step= 69000  E=1.432045062248e+02  Q=3.010000000000e+02  λ=8.930473e-01  dt=1.062e-03  relΔE=2.987e-08  ||F||=3.999e-03
 step= 69500  E=1.432021756229e+02  Q=3.010000000000e+02  λ=8.929440e-01  dt=8.223e-04  relΔE=2.050e-08  ||F||=3.766e-03
 step= 70000  E=1.432001725080e+02  Q=3.010000000000e+02  λ=8.928503e-01  dt=1.273e-03  relΔE=2.826e-08  ||F||=3.553e-03
 step= 70500  E=1.431983754380e+02  Q=3.010000000000e+02  λ=8.927615e-01  dt=9.851e-04  relΔE=1.946e-08  ||F||=3.350e-03
 step= 71000  E=1.431967219796e+02  Q=3.010000000000e+02  λ=8.926760e-01  dt=1.525e-03  relΔE=2.277e-08  ||F||=4.032e-02
 step= 71500  E=1.431953413155e+02  Q=3.010000000000e+02  λ=8.925990e-01  dt=1.180e-03  relΔE=1.844e-08  ||F||=2.979e-03
 step= 72000  E=1.431940592899e+02  Q=3.010000000000e+02  λ=8.925243e-01  dt=9.135e-04  relΔE=1.268e-08  ||F||=2.807e-03
 step= 72500  E=1.431929222077e+02  Q=3.010000000000e+02  λ=8.924543e-01  dt=1.414e-03  relΔE=1.745e-08  ||F||=2.646e-03
 step= 73000  E=1.431919347266e+02  Q=3.010000000000e+02  λ=8.923899e-01  dt=1.094e-03  relΔE=1.204e-08  ||F||=2.498e-03
 step= 73500  E=1.431910282247e+02  Q=3.010000000000e+02  λ=8.923275e-01  dt=8.470e-04  relΔE=8.281e-09  ||F||=2.354e-03
 step= 74000  E=1.431902389042e+02  Q=3.010000000000e+02  λ=8.922701e-01  dt=1.311e-03  relΔE=1.142e-08  ||F||=2.222e-03
 step= 74500  E=1.431895383236e+02  Q=3.010000000000e+02  λ=8.922162e-01  dt=1.015e-03  relΔE=7.886e-09  ||F||=2.098e-03
 step= 75000  E=1.431888910751e+02  Q=3.010000000000e+02  λ=8.921636e-01  dt=7.854e-04  relΔE=5.421e-09  ||F||=1.977e-03
 step= 75500  E=1.431883440360e+02  Q=3.010000000000e+02  λ=8.921166e-01  dt=1.216e-03  relΔE=7.503e-09  ||F||=1.869e-03
 step= 76000  E=1.431878401823e+02  Q=3.010000000000e+02  λ=8.920708e-01  dt=9.409e-04  relΔE=5.174e-09  ||F||=1.763e-03
 step= 76500  E=1.431873862757e+02  Q=3.010000000000e+02  λ=8.920273e-01  dt=1.457e-03  relΔE=7.130e-09  ||F||=1.663e-03
 step= 77000  E=1.431869974187e+02  Q=3.010000000000e+02  λ=8.919878e-01  dt=1.127e-03  relΔE=4.937e-09  ||F||=1.572e-03
 step= 77500  E=1.431866376659e+02  Q=3.010000000000e+02  λ=8.919493e-01  dt=8.725e-04  relΔE=3.405e-09  ||F||=1.484e-03
 step= 78000  E=1.431863208272e+02  Q=3.010000000000e+02  λ=8.919134e-01  dt=1.351e-03  relΔE=4.707e-09  ||F||=1.402e-03
 step= 78500  E=1.431860416666e+02  Q=3.010000000000e+02  λ=8.918800e-01  dt=1.045e-03  relΔE=3.259e-09  ||F||=1.325e-03
 step= 79000  E=1.431857835858e+02  Q=3.010000000000e+02  λ=8.918474e-01  dt=8.090e-04  relΔE=2.249e-09  ||F||=1.251e-03
 step= 79500  E=1.431855613581e+02  Q=3.010000000000e+02  λ=8.918178e-01  dt=1.252e-03  relΔE=3.117e-09  ||F||=1.183e-03
 step= 80000  E=1.431853598431e+02  Q=3.010000000000e+02  λ=8.917894e-01  dt=9.692e-04  relΔE=2.158e-09  ||F||=1.118e-03
 step= 80500  E=1.431851744950e+02  Q=3.010000000000e+02  λ=8.917619e-01  dt=1.500e-03  relΔE=2.970e-09  ||F||=2.289e-03
 step= 81000  E=1.431850180266e+02  Q=3.010000000000e+02  λ=8.917373e-01  dt=1.161e-03  relΔE=2.070e-09  ||F||=9.995e-04
 step= 81500  E=1.431848719493e+02  Q=3.010000000000e+02  λ=8.917132e-01  dt=8.987e-04  relΔE=1.433e-09  ||F||=9.445e-04
 step= 82000  E=1.431847421682e+02  Q=3.010000000000e+02  λ=8.916905e-01  dt=1.391e-03  relΔE=1.985e-09  ||F||=8.931e-04
 step= 82500  E=1.431846282546e+02  Q=3.010000000000e+02  λ=8.916695e-01  dt=1.077e-03  relΔE=1.379e-09  ||F||=8.456e-04
 step= 83000  E=1.431845228239e+02  Q=3.010000000000e+02  λ=8.916491e-01  dt=8.333e-04  relΔE=9.550e-10  ||F||=7.992e-04
 step= 83500  E=1.431844306659e+02  Q=3.010000000000e+02  λ=8.916302e-01  dt=1.290e-03  relΔE=1.327e-09  ||F||=7.566e-04
 step= 84000  E=1.431843480405e+02  Q=3.010000000000e+02  λ=8.916124e-01  dt=9.984e-04  relΔE=9.220e-10  ||F||=7.164e-04
 step= 84500  E=1.431842711641e+02  Q=3.010000000000e+02  λ=8.915949e-01  dt=7.727e-04  relΔE=6.383e-10  ||F||=6.771e-04
 step= 85000  E=1.431842060793e+02  Q=3.010000000000e+02  λ=8.915793e-01  dt=1.196e-03  relΔE=8.897e-10  ||F||=6.418e-04
 step= 85500  E=1.431841455355e+02  Q=3.010000000000e+02  λ=8.915640e-01  dt=9.258e-04  relΔE=6.180e-10  ||F||=6.075e-04
 step= 86000  E=1.431840908234e+02  Q=3.010000000000e+02  λ=8.915495e-01  dt=1.433e-03  relΔE=8.582e-10  ||F||=5.748e-04
 step= 86500  E=1.431840433181e+02  Q=3.010000000000e+02  λ=8.915362e-01  dt=1.109e-03  relΔE=5.982e-10  ||F||=5.450e-04
 step= 87000  E=1.431839991447e+02  Q=3.010000000000e+02  λ=8.915232e-01  dt=8.584e-04  relΔE=4.157e-10  ||F||=5.158e-04
 step= 87500  E=1.431839600590e+02  Q=3.010000000000e+02  λ=8.915112e-01  dt=1.329e-03  relΔE=5.789e-10  ||F||=4.887e-04
 step= 88000  E=1.431839252205e+02  Q=3.010000000000e+02  λ=8.914998e-01  dt=1.028e-03  relΔE=4.036e-10  ||F||=4.633e-04
 step= 88500  E=1.431838927627e+02  Q=3.010000000000e+02  λ=8.914887e-01  dt=7.960e-04  relΔE=2.804e-10  ||F||=4.384e-04
 step= 89000  E=1.431838647892e+02  Q=3.010000000000e+02  λ=8.914786e-01  dt=1.232e-03  relΔE=3.916e-10  ||F||=4.159e-04
 step= 89500  E=1.431838391048e+02  Q=3.010000000000e+02  λ=8.914689e-01  dt=9.536e-04  relΔE=2.730e-10  ||F||=3.941e-04
 step= 90000  E=1.431838154392e+02  Q=3.010000000000e+02  λ=8.914595e-01  dt=1.476e-03  relΔE=3.797e-10  ||F||=4.080e-04
 step= 90500  E=1.431837952287e+02  Q=3.010000000000e+02  λ=8.914510e-01  dt=1.142e-03  relΔE=2.657e-10  ||F||=3.542e-04
 step= 91000  E=1.431837762263e+02  Q=3.010000000000e+02  λ=8.914427e-01  dt=8.842e-04  relΔE=1.852e-10  ||F||=3.356e-04
 step= 91500  E=1.431837592596e+02  Q=3.010000000000e+02  λ=8.914349e-01  dt=1.369e-03  relΔE=2.585e-10  ||F||=3.181e-04
 step= 92000  E=1.431837442044e+02  Q=3.010000000000e+02  λ=8.914276e-01  dt=1.059e-03  relΔE=1.808e-10  ||F||=3.019e-04
 step= 92500  E=1.431837301942e+02  Q=3.010000000000e+02  λ=8.914205e-01  dt=8.199e-04  relΔE=1.260e-10  ||F||=2.860e-04
 step= 93000  E=1.431837179151e+02  Q=3.010000000000e+02  λ=8.914140e-01  dt=1.269e-03  relΔE=1.764e-10  ||F||=2.714e-04
 step= 93500  E=1.431837067754e+02  Q=3.010000000000e+02  λ=8.914077e-01  dt=9.823e-04  relΔE=1.234e-10  ||F||=2.575e-04
 step= 94000  E=1.431836963671e+02  Q=3.010000000000e+02  λ=8.914016e-01  dt=7.603e-04  relΔE=8.697e-11  ||F||=8.706e-04
 step= 94500  E=1.431836875112e+02  Q=3.010000000000e+02  λ=8.913962e-01  dt=1.177e-03  relΔE=1.208e-10  ||F||=2.318e-04
 step= 95000  E=1.431836791584e+02  Q=3.010000000000e+02  λ=8.913908e-01  dt=9.108e-04  relΔE=8.448e-11  ||F||=2.198e-04
 step= 95500  E=1.431836716014e+02  Q=3.010000000000e+02  λ=8.913857e-01  dt=1.410e-03  relΔE=1.182e-10  ||F||=2.085e-04
 step= 96000  E=1.431836649541e+02  Q=3.010000000000e+02  λ=8.913810e-01  dt=1.091e-03  relΔE=8.292e-11  ||F||=1.980e-04
 step= 96500  E=1.431836587422e+02  Q=3.010000000000e+02  λ=8.913764e-01  dt=8.446e-04  relΔE=5.802e-11  ||F||=1.877e-04
 step= 97000  E=1.431836532147e+02  Q=3.010000000000e+02  λ=8.913722e-01  dt=1.307e-03  relΔE=8.137e-11  ||F||=1.782e-04
 step= 97500  E=1.431836482461e+02  Q=3.010000000000e+02  λ=8.913681e-01  dt=1.012e-03  relΔE=5.712e-11  ||F||=1.692e-04
 step= 98000  E=1.431836437984e+02  Q=3.010000000000e+02  λ=8.913644e-01  dt=1.305e-03  relΔE=6.694e-11  ||F||=1.608e-04
 step= 98500  E=1.431836397033e+02  Q=3.010000000000e+02  λ=8.913607e-01  dt=1.010e-03  relΔE=4.702e-11  ||F||=1.527e-04
 step= 99000  E=1.431836360346e+02  Q=3.010000000000e+02  λ=8.913574e-01  dt=1.303e-03  relΔE=5.515e-11  ||F||=1.451e-04
 step= 99500  E=1.431836326594e+02  Q=3.010000000000e+02  λ=8.913541e-01  dt=1.009e-03  relΔE=3.878e-11  ||F||=1.379e-04
 step=100000  E=1.431836296324e+02  Q=3.010000000000e+02  λ=8.913511e-01  dt=1.301e-03  relΔE=4.553e-11  ||F||=1.311e-04
 step=100500  E=1.431836268376e+02  Q=3.010000000000e+02  λ=8.913481e-01  dt=1.007e-03  relΔE=3.203e-11  ||F||=1.245e-04
 step=101000  E=1.431836242080e+02  Q=3.010000000000e+02  λ=8.913452e-01  dt=7.793e-04  relΔE=2.247e-11  ||F||=1.180e-04
 step=101500  E=1.431836219390e+02  Q=3.010000000000e+02  λ=8.913426e-01  dt=1.206e-03  relΔE=3.170e-11  ||F||=1.122e-04
 step=102000  E=1.431836198135e+02  Q=3.010000000000e+02  λ=8.913401e-01  dt=9.336e-04  relΔE=2.230e-11  ||F||=1.065e-04
 step=102500  E=1.431836178537e+02  Q=3.010000000000e+02  λ=8.913377e-01  dt=1.445e-03  relΔE=3.136e-11  ||F||=1.012e-04
 step=103000  E=1.431836161417e+02  Q=3.010000000000e+02  λ=8.913354e-01  dt=1.119e-03  relΔE=2.214e-11  ||F||=9.608e-05
 step=103500  E=1.431836145276e+02  Q=3.010000000000e+02  λ=8.913332e-01  dt=8.657e-04  relΔE=1.559e-11  ||F||=9.119e-05
 step=104000  E=1.431836130729e+02  Q=3.010000000000e+02  λ=8.913312e-01  dt=1.340e-03  relΔE=2.199e-11  ||F||=8.660e-05
 step=104500  E=1.431836117673e+02  Q=3.010000000000e+02  λ=8.913293e-01  dt=1.037e-03  relΔE=1.553e-11  ||F||=8.230e-05
 step=105000  E=1.431836105364e+02  Q=3.010000000000e+02  λ=8.913274e-01  dt=8.027e-04  relΔE=1.094e-11  ||F||=7.809e-05
 step=105500  E=1.431836094519e+02  Q=3.010000000000e+02  λ=8.913257e-01  dt=1.243e-03  relΔE=1.548e-11  ||F||=7.422e-05
 step=106000  E=1.431836084517e+02  Q=3.010000000000e+02  λ=8.913240e-01  dt=9.617e-04  relΔE=1.094e-11  ||F||=7.052e-05
 step=106500  E=1.431836075083e+02  Q=3.010000000000e+02  λ=8.913224e-01  dt=1.489e-03  relΔE=1.485e-11  ||F||=5.985e-04
 step=107000  E=1.431836066982e+02  Q=3.010000000000e+02  λ=8.913210e-01  dt=1.152e-03  relΔE=1.095e-11  ||F||=6.364e-05
 step=107500  E=1.431836059237e+02  Q=3.010000000000e+02  λ=8.913196e-01  dt=8.918e-04  relΔE=7.747e-12  ||F||=6.042e-05
 step=108000  E=1.431836052183e+02  Q=3.010000000000e+02  λ=8.913182e-01  dt=1.380e-03  relΔE=1.097e-11  ||F||=5.738e-05
 step=108500  E=1.431836045871e+02  Q=3.010000000000e+02  λ=8.913170e-01  dt=1.068e-03  relΔE=7.783e-12  ||F||=5.456e-05
 step=109000  E=1.431836039919e+02  Q=3.010000000000e+02  λ=8.913157e-01  dt=8.269e-04  relΔE=5.512e-12  ||F||=5.179e-05
 step=109500  E=1.431836034574e+02  Q=3.010000000000e+02  λ=8.913146e-01  dt=1.280e-03  relΔE=7.827e-12  ||F||=4.923e-05
 step=110000  E=1.431836029699e+02  Q=3.010000000000e+02  λ=8.913135e-01  dt=9.907e-04  relΔE=5.563e-12  ||F||=4.680e-05
 step=110500  E=1.431836025046e+02  Q=3.010000000000e+02  λ=8.913125e-01  dt=7.667e-04  relΔE=3.942e-12  ||F||=4.440e-05
 step=111000  E=1.431836021011e+02  Q=3.010000000000e+02  λ=8.913115e-01  dt=1.187e-03  relΔE=5.618e-12  ||F||=4.225e-05
 step=111500  E=1.431836017165e+02  Q=3.010000000000e+02  λ=8.913106e-01  dt=9.186e-04  relΔE=3.994e-12  ||F||=4.013e-05
 step=112000  E=1.431836013607e+02  Q=3.010000000000e+02  λ=8.913097e-01  dt=1.422e-03  relΔE=5.679e-12  ||F||=3.811e-05
 step=112500  E=1.431836010454e+02  Q=3.010000000000e+02  λ=8.913089e-01  dt=1.101e-03  relΔE=4.053e-12  ||F||=3.625e-05
 step=113000  E=1.431836007451e+02  Q=3.010000000000e+02  λ=8.913080e-01  dt=8.518e-04  relΔE=2.885e-12  ||F||=3.443e-05
 step=113500  E=1.431836004717e+02  Q=3.010000000000e+02  λ=8.913073e-01  dt=1.318e-03  relΔE=4.115e-12  ||F||=3.272e-05
 step=114000  E=1.431836002232e+02  Q=3.010000000000e+02  λ=8.913066e-01  dt=1.020e-03  relΔE=2.940e-12  ||F||=3.111e-05
 step=114500  E=1.431835999856e+02  Q=3.010000000000e+02  λ=8.913059e-01  dt=7.898e-04  relΔE=2.095e-12  ||F||=2.953e-05
 step=115000  E=1.431835997755e+02  Q=3.010000000000e+02  λ=8.913053e-01  dt=1.223e-03  relΔE=3.000e-12  ||F||=2.810e-05
 step=115500  E=1.431835995776e+02  Q=3.010000000000e+02  λ=8.913046e-01  dt=9.462e-04  relΔE=2.145e-12  ||F||=2.670e-05
 step=116000  E=1.431835993900e+02  Q=3.010000000000e+02  λ=8.913041e-01  dt=1.465e-03  relΔE=3.062e-12  ||F||=4.188e-05
 step=116500  E=1.431835992258e+02  Q=3.010000000000e+02  λ=8.913035e-01  dt=1.134e-03  relΔE=2.199e-12  ||F||=2.412e-05
 step=117000  E=1.431835990675e+02  Q=3.010000000000e+02  λ=8.913030e-01  dt=8.774e-04  relΔE=1.574e-12  ||F||=2.292e-05
 step=117500  E=1.431835989220e+02  Q=3.010000000000e+02  λ=8.913025e-01  dt=1.358e-03  relΔE=2.257e-12  ||F||=2.178e-05
 step=118000  E=1.431835987900e+02  Q=3.010000000000e+02  λ=8.913020e-01  dt=1.051e-03  relΔE=1.621e-12  ||F||=2.072e-05
 step=118500  E=1.431835986634e+02  Q=3.010000000000e+02  λ=8.913016e-01  dt=8.136e-04  relΔE=1.162e-12  ||F||=1.967e-05
 step=119000  E=1.431835985490e+02  Q=3.010000000000e+02  λ=8.913011e-01  dt=1.259e-03  relΔE=1.671e-12  ||F||=1.871e-05
 step=119500  E=1.431835984425e+02  Q=3.010000000000e+02  λ=8.913007e-01  dt=9.747e-04  relΔE=1.202e-12  ||F||=1.779e-05
 step=120000  E=1.431835983399e+02  Q=3.010000000000e+02  λ=8.913003e-01  dt=7.544e-04  relΔE=8.629e-13  ||F||=1.774e-05
 step=120500  E=1.431835982504e+02  Q=3.010000000000e+02  λ=8.913000e-01  dt=1.168e-03  relΔE=1.246e-12  ||F||=1.608e-05
 step=121000  E=1.431835981635e+02  Q=3.010000000000e+02  λ=8.912996e-01  dt=9.038e-04  relΔE=8.968e-13  ||F||=1.528e-05
 step=121500  E=1.431835980824e+02  Q=3.010000000000e+02  λ=8.912993e-01  dt=1.399e-03  relΔE=1.292e-12  ||F||=1.451e-05
 step=122000  E=1.431835980091e+02  Q=3.010000000000e+02  λ=8.912990e-01  dt=1.083e-03  relΔE=9.327e-13  ||F||=1.381e-05
 step=122500  E=1.431835979386e+02  Q=3.010000000000e+02  λ=8.912987e-01  dt=8.380e-04  relΔE=6.729e-13  ||F||=1.312e-05
 step=123000  E=1.431835978738e+02  Q=3.010000000000e+02  λ=8.912984e-01  dt=1.297e-03  relΔE=9.715e-13  ||F||=1.247e-05
 step=123500  E=1.431835978141e+02  Q=3.010000000000e+02  λ=8.912982e-01  dt=1.004e-03  relΔE=7.029e-13  ||F||=1.187e-05
 step=124000  E=1.431835977562e+02  Q=3.010000000000e+02  λ=8.912979e-01  dt=7.771e-04  relΔE=5.066e-13  ||F||=1.127e-05
 step=124500  E=1.431835977045e+02  Q=3.010000000000e+02  λ=8.912977e-01  dt=1.203e-03  relΔE=7.350e-13  ||F||=1.073e-05
 step=125000  E=1.431835976549e+02  Q=3.010000000000e+02  λ=8.912974e-01  dt=9.310e-04  relΔE=5.322e-13  ||F||=1.019e-05
 step=125500  E=1.431835976078e+02  Q=3.010000000000e+02  λ=8.912972e-01  dt=1.441e-03  relΔE=7.698e-13  ||F||=9.997e-06
 step=126000  E=1.431835975657e+02  Q=3.010000000000e+02  λ=8.912970e-01  dt=1.115e-03  relΔE=5.588e-13  ||F||=9.218e-06
 step=126500  E=1.431835975247e+02  Q=3.010000000000e+02  λ=8.912968e-01  dt=8.632e-04  relΔE=4.057e-13  ||F||=8.759e-06
 step=127000  E=1.431835974885e+02  Q=3.010000000000e+02  λ=8.912966e-01  dt=1.114e-03  relΔE=4.913e-13  ||F||=8.347e-06
 step=127500  E=1.431835974524e+02  Q=3.010000000000e+02  λ=8.912964e-01  dt=8.618e-04  relΔE=3.563e-13  ||F||=7.932e-06
 step=128000  E=1.431835974188e+02  Q=3.010000000000e+02  λ=8.912963e-01  dt=1.334e-03  relΔE=5.173e-13  ||F||=7.541e-06
 step=128500  E=1.431835973879e+02  Q=3.010000000000e+02  λ=8.912961e-01  dt=1.033e-03  relΔE=3.767e-13  ||F||=7.175e-06
 step=129000  E=1.431835973579e+02  Q=3.010000000000e+02  λ=8.912960e-01  dt=7.991e-04  relΔE=2.731e-13  ||F||=6.816e-06
 step=129500  E=1.431835973306e+02  Q=3.010000000000e+02  λ=8.912958e-01  dt=1.237e-03  relΔE=3.974e-13  ||F||=6.485e-06
 step=130000  E=1.431835973047e+02  Q=3.010000000000e+02  λ=8.912957e-01  dt=9.574e-04  relΔE=2.894e-13  ||F||=6.168e-06
 step=130500  E=1.431835972796e+02  Q=3.010000000000e+02  λ=8.912955e-01  dt=1.482e-03  relΔE=3.265e-13  ||F||=2.226e-04
 step=131000  E=1.431835972573e+02  Q=3.010000000000e+02  λ=8.912954e-01  dt=1.147e-03  relΔE=3.069e-13  ||F||=5.578e-06
 step=131500  E=1.431835972354e+02  Q=3.010000000000e+02  λ=8.912953e-01  dt=8.877e-04  relΔE=2.239e-13  ||F||=5.301e-06
 step=132000  E=1.431835972149e+02  Q=3.010000000000e+02  λ=8.912952e-01  dt=1.374e-03  relΔE=3.255e-13  ||F||=5.039e-06
 step=132500  E=1.431835971960e+02  Q=3.010000000000e+02  λ=8.912951e-01  dt=1.064e-03  relΔE=2.380e-13  ||F||=4.795e-06
 step=133000  E=1.431835971777e+02  Q=3.010000000000e+02  λ=8.912950e-01  dt=8.232e-04  relΔE=1.731e-13  ||F||=4.557e-06
 step=133500  E=1.431835971607e+02  Q=3.010000000000e+02  λ=8.912949e-01  dt=1.274e-03  relΔE=2.531e-13  ||F||=4.335e-06
 step=134000  E=1.431835971449e+02  Q=3.010000000000e+02  λ=8.912948e-01  dt=9.862e-04  relΔE=1.848e-13  ||F||=4.125e-06
 step=134500  E=1.431835971293e+02  Q=3.010000000000e+02  λ=8.912947e-01  dt=7.633e-04  relΔE=1.352e-13  ||F||=3.917e-06
 step=135000  E=1.431835971154e+02  Q=3.010000000000e+02  λ=8.912946e-01  dt=1.182e-03  relΔE=1.973e-13  ||F||=3.730e-06
 step=135500  E=1.431835971018e+02  Q=3.010000000000e+02  λ=8.912945e-01  dt=9.144e-04  relΔE=1.441e-13  ||F||=3.546e-06
 step=136000  E=1.431835970889e+02  Q=3.010000000000e+02  λ=8.912945e-01  dt=1.415e-03  relΔE=2.108e-13  ||F||=3.381e-06
 step=136500  E=1.431835970771e+02  Q=3.010000000000e+02  λ=8.912944e-01  dt=1.096e-03  relΔE=1.542e-13  ||F||=3.209e-06
 step=137000  E=1.431835970656e+02  Q=3.010000000000e+02  λ=8.912943e-01  dt=8.479e-04  relΔE=1.129e-13  ||F||=3.050e-06
 step=137500  E=1.431835970549e+02  Q=3.010000000000e+02  λ=8.912943e-01  dt=1.313e-03  relΔE=1.646e-13  ||F||=2.900e-06
 step=138000  E=1.431835970449e+02  Q=3.010000000000e+02  λ=8.912942e-01  dt=1.016e-03  relΔE=1.207e-13  ||F||=2.760e-06
 step=138500  E=1.431835970350e+02  Q=3.010000000000e+02  λ=8.912941e-01  dt=7.862e-04  relΔE=8.853e-14  ||F||=2.622e-06
 step=139000  E=1.431835970261e+02  Q=3.010000000000e+02  λ=8.912941e-01  dt=1.217e-03  relΔE=1.296e-13  ||F||=2.496e-06
 step=139500  E=1.431835970175e+02  Q=3.010000000000e+02  λ=8.912940e-01  dt=9.419e-04  relΔE=9.468e-14  ||F||=2.374e-06
 step=140000  E=1.431835970092e+02  Q=3.010000000000e+02  λ=8.912940e-01  dt=1.458e-03  relΔE=1.388e-13  ||F||=1.505e-05
 step=140500  E=1.431835970017e+02  Q=3.010000000000e+02  λ=8.912939e-01  dt=1.129e-03  relΔE=1.018e-13  ||F||=2.148e-06
 step=141000  E=1.431835969944e+02  Q=3.010000000000e+02  λ=8.912939e-01  dt=8.734e-04  relΔE=7.404e-14  ||F||=2.042e-06
 step=141500  E=1.431835969874e+02  Q=3.010000000000e+02  λ=8.912939e-01  dt=1.352e-03  relΔE=1.092e-13  ||F||=1.942e-06
 step=142000  E=1.431835969810e+02  Q=3.010000000000e+02  λ=8.912938e-01  dt=1.046e-03  relΔE=8.019e-14  ||F||=1.848e-06
 step=142500  E=1.431835969747e+02  Q=3.010000000000e+02  λ=8.912938e-01  dt=8.099e-04  relΔE=5.876e-14  ||F||=1.757e-06
 step=143000  E=1.431835969689e+02  Q=3.010000000000e+02  λ=8.912937e-01  dt=1.254e-03  relΔE=8.655e-14  ||F||=1.671e-06
 step=143500  E=1.431835969634e+02  Q=3.010000000000e+02  λ=8.912937e-01  dt=9.703e-04  relΔE=6.332e-14  ||F||=1.591e-06
 step=144000  E=1.431835969580e+02  Q=3.010000000000e+02  λ=8.912937e-01  dt=7.510e-04  relΔE=4.665e-14  ||F||=1.558e-06
 step=144500  E=1.431835969531e+02  Q=3.010000000000e+02  λ=8.912936e-01  dt=1.162e-03  relΔE=6.848e-14  ||F||=1.439e-06
 step=145000  E=1.431835969484e+02  Q=3.010000000000e+02  λ=8.912936e-01  dt=8.997e-04  relΔE=5.042e-14  ||F||=1.368e-06
 step=145500  E=1.431835969438e+02  Q=3.010000000000e+02  λ=8.912936e-01  dt=1.393e-03  relΔE=7.384e-14  ||F||=1.302e-06
 step=146000  E=1.431835969396e+02  Q=3.010000000000e+02  λ=8.912935e-01  dt=1.078e-03  relΔE=5.320e-14  ||F||=1.238e-06
 step=146500  E=1.431835969356e+02  Q=3.010000000000e+02  λ=8.912935e-01  dt=8.342e-04  relΔE=3.930e-14  ||F||=1.177e-06
 step=147000  E=1.431835969317e+02  Q=3.010000000000e+02  λ=8.912935e-01  dt=1.291e-03  relΔE=5.796e-14  ||F||=1.120e-06
 step=147500  E=1.431835969281e+02  Q=3.010000000000e+02  λ=8.912935e-01  dt=9.995e-04  relΔE=4.268e-14  ||F||=1.066e-06
 step=148000  E=1.431835969246e+02  Q=3.010000000000e+02  λ=8.912935e-01  dt=7.736e-04  relΔE=3.136e-14  ||F||=1.013e-06
 step=148500  E=1.431835969214e+02  Q=3.010000000000e+02  λ=8.912934e-01  dt=1.197e-03  relΔE=4.625e-14  ||F||=9.644e-07
 step=149000  E=1.431835969183e+02  Q=3.010000000000e+02  λ=8.912934e-01  dt=9.268e-04  relΔE=3.394e-14  ||F||=9.174e-07
 step=149500  E=1.431835969153e+02  Q=3.010000000000e+02  λ=8.912934e-01  dt=1.435e-03  relΔE=4.962e-14  ||F||=1.552e-06
 step=150000  E=1.431835969126e+02  Q=3.010000000000e+02  λ=8.912934e-01  dt=1.110e-03  relΔE=3.652e-14  ||F||=8.303e-07
 step=150500  E=1.431835969099e+02  Q=3.010000000000e+02  λ=8.912934e-01  dt=8.593e-04  relΔE=2.660e-14  ||F||=7.895e-07
 step=151000  E=1.431835969074e+02  Q=3.010000000000e+02  λ=8.912933e-01  dt=1.330e-03  relΔE=3.930e-14  ||F||=7.509e-07
 step=151500  E=1.431835969050e+02  Q=3.010000000000e+02  λ=8.912933e-01  dt=1.030e-03  relΔE=2.878e-14  ||F||=7.149e-07
 step=152000  E=1.431835969027e+02  Q=3.010000000000e+02  λ=8.912933e-01  dt=7.968e-04  relΔE=2.144e-14  ||F||=6.795e-07
 step=152500  E=1.431835969006e+02  Q=3.010000000000e+02  λ=8.912933e-01  dt=1.233e-03  relΔE=3.196e-14  ||F||=6.468e-07
 step=153000  E=1.431835968986e+02  Q=3.010000000000e+02  λ=8.912933e-01  dt=7.955e-04  relΔE=1.945e-14  ||F||=6.160e-07
 step=153500  E=1.431835968966e+02  Q=3.010000000000e+02  λ=8.912933e-01  dt=1.231e-03  relΔE=2.858e-14  ||F||=5.864e-07
 step=154000  E=1.431835968948e+02  Q=3.010000000000e+02  λ=8.912933e-01  dt=7.942e-04  relΔE=1.747e-14  ||F||=5.586e-07
 step=154500  E=1.431835968931e+02  Q=3.010000000000e+02  λ=8.912932e-01  dt=1.229e-03  relΔE=2.561e-14  ||F||=5.318e-07
 step=155000  E=1.431835968914e+02  Q=3.010000000000e+02  λ=8.912932e-01  dt=9.515e-04  relΔE=1.886e-14  ||F||=5.060e-07
 step=155500  E=1.431835968898e+02  Q=3.010000000000e+02  λ=8.912932e-01  dt=1.473e-03  relΔE=1.528e-14  ||F||=7.848e-05
 step=156000  E=1.431835968883e+02  Q=3.010000000000e+02  λ=8.912932e-01  dt=1.140e-03  relΔE=2.064e-14  ||F||=4.580e-07
 step=156500  E=1.431835968869e+02  Q=3.010000000000e+02  λ=8.912932e-01  dt=8.823e-04  relΔE=1.509e-14  ||F||=4.355e-07
 step=157000  E=1.431835968855e+02  Q=3.010000000000e+02  λ=8.912932e-01  dt=1.366e-03  relΔE=2.164e-14  ||F||=4.142e-07
 step=157500  E=1.431835968842e+02  Q=3.010000000000e+02  λ=8.912932e-01  dt=1.057e-03  relΔE=1.628e-14  ||F||=3.944e-07
 step=158000  E=1.431835968830e+02  Q=3.010000000000e+02  λ=8.912932e-01  dt=8.181e-04  relΔE=1.231e-14  ||F||=3.750e-07
 step=158500  E=1.431835968818e+02  Q=3.010000000000e+02  λ=8.912932e-01  dt=1.266e-03  relΔE=1.747e-14  ||F||=3.569e-07
 step=159000  E=1.431835968807e+02  Q=3.010000000000e+02  λ=8.912932e-01  dt=9.801e-04  relΔE=1.270e-14  ||F||=3.398e-07
 step=159500  E=1.431835968796e+02  Q=3.010000000000e+02  λ=8.912932e-01  dt=7.586e-04  relΔE=9.329e-15  ||F||=3.228e-07
 step=160000  E=1.431835968786e+02  Q=3.010000000000e+02  λ=8.912932e-01  dt=1.174e-03  relΔE=1.389e-14  ||F||=3.076e-07
 step=160500  E=1.431835968777e+02  Q=3.010000000000e+02  λ=8.912931e-01  dt=9.088e-04  relΔE=1.012e-14  ||F||=2.926e-07
 step=161000  E=1.431835968767e+02  Q=3.010000000000e+02  λ=8.912931e-01  dt=1.407e-03  relΔE=1.449e-14  ||F||=3.098e-07
 step=161500  E=1.431835968759e+02  Q=3.010000000000e+02  λ=8.912931e-01  dt=1.089e-03  relΔE=1.072e-14  ||F||=2.650e-07
 step=162000  E=1.431835968751e+02  Q=3.010000000000e+02  λ=8.912931e-01  dt=8.427e-04  relΔE=7.940e-15  ||F||=2.520e-07
 step=162500  E=1.431835968743e+02  Q=3.010000000000e+02  λ=8.912931e-01  dt=1.304e-03  relΔE=1.211e-14  ||F||=2.397e-07
 step=163000  E=1.431835968735e+02  Q=3.010000000000e+02  λ=8.912931e-01  dt=1.010e-03  relΔE=8.932e-15  ||F||=2.283e-07
 step=163500  E=1.431835968728e+02  Q=3.010000000000e+02  λ=8.912931e-01  dt=7.814e-04  relΔE=7.146e-15  ||F||=2.170e-07
 step=164000  E=1.431835968722e+02  Q=3.010000000000e+02  λ=8.912931e-01  dt=1.210e-03  relΔE=9.726e-15  ||F||=2.067e-07
 step=164500  E=1.431835968715e+02  Q=3.010000000000e+02  λ=8.912931e-01  dt=9.362e-04  relΔE=7.741e-15  ||F||=1.967e-07
 step=165000  E=1.431835968709e+02  Q=3.010000000000e+02  λ=8.912931e-01  dt=1.449e-03  relΔE=1.032e-14  ||F||=5.537e-06
 step=165500  E=1.431835968703e+02  Q=3.010000000000e+02  λ=8.912931e-01  dt=1.122e-03  relΔE=7.543e-15  ||F||=1.781e-07
 step=166000  E=1.431835968698e+02  Q=3.010000000000e+02  λ=8.912931e-01  dt=8.681e-04  relΔE=5.955e-15  ||F||=1.694e-07
 step=166500  E=1.431835968693e+02  Q=3.010000000000e+02  λ=8.912931e-01  dt=1.344e-03  relΔE=8.138e-15  ||F||=1.612e-07
 step=167000  E=1.431835968688e+02  Q=3.010000000000e+02  λ=8.912931e-01  dt=1.040e-03  relΔE=5.955e-15  ||F||=1.535e-07
 step=167500  E=1.431835968683e+02  Q=3.010000000000e+02  λ=8.912931e-01  dt=8.049e-04  relΔE=4.367e-15  ||F||=1.459e-07
 step=168000  E=1.431835968678e+02  Q=3.010000000000e+02  λ=8.912931e-01  dt=1.246e-03  relΔE=6.550e-15  ||F||=1.389e-07
 step=168500  E=1.431835968674e+02  Q=3.010000000000e+02  λ=8.912931e-01  dt=9.643e-04  relΔE=4.962e-15  ||F||=1.323e-07
 step=169000  E=1.431835968670e+02  Q=3.010000000000e+02  λ=8.912931e-01  dt=7.464e-04  relΔE=3.573e-15  ||F||=1.272e-07
 step=169500  E=1.431835968666e+02  Q=3.010000000000e+02  λ=8.912931e-01  dt=1.155e-03  relΔE=5.359e-15  ||F||=1.198e-07
 step=170000  E=1.431835968662e+02  Q=3.010000000000e+02  λ=8.912931e-01  dt=8.942e-04  relΔE=3.771e-15  ||F||=1.139e-07
 step=170500  E=1.431835968659e+02  Q=3.010000000000e+02  λ=8.912931e-01  dt=1.384e-03  relΔE=5.558e-15  ||F||=1.110e-07
 step=171000  E=1.431835968656e+02  Q=3.010000000000e+02  λ=8.912931e-01  dt=1.071e-03  relΔE=4.168e-15  ||F||=1.032e-07
 step=171500  E=1.431835968652e+02  Q=3.010000000000e+02  λ=8.912931e-01  dt=8.291e-04  relΔE=2.977e-15  ||F||=9.819e-08
 step=172000  E=1.431835968649e+02  Q=3.010000000000e+02  λ=8.912931e-01  dt=1.283e-03  relΔE=4.962e-15  ||F||=9.344e-08
 step=172500  E=1.431835968647e+02  Q=3.010000000000e+02  λ=8.912931e-01  dt=9.933e-04  relΔE=3.176e-15  ||F||=8.899e-08
 step=173000  E=1.431835968644e+02  Q=3.010000000000e+02  λ=8.912931e-01  dt=7.688e-04  relΔE=2.779e-15  ||F||=8.458e-08
 step=173500  E=1.431835968641e+02  Q=3.010000000000e+02  λ=8.912931e-01  dt=1.190e-03  relΔE=3.771e-15  ||F||=8.059e-08
 step=174000  E=1.431835968639e+02  Q=3.010000000000e+02  λ=8.912931e-01  dt=9.211e-04  relΔE=2.977e-15  ||F||=7.668e-08
 step=174500  E=1.431835968636e+02  Q=3.010000000000e+02  λ=8.912931e-01  dt=1.426e-03  relΔE=3.970e-15  ||F||=5.925e-07
 step=175000  E=1.431835968634e+02  Q=3.010000000000e+02  λ=8.912930e-01  dt=1.103e-03  relΔE=2.977e-15  ||F||=6.947e-08
 step=175500  E=1.431835968632e+02  Q=3.010000000000e+02  λ=8.912930e-01  dt=8.541e-04  relΔE=1.985e-15  ||F||=6.608e-08
 step=176000  E=1.431835968630e+02  Q=3.010000000000e+02  λ=8.912930e-01  dt=1.322e-03  relΔE=3.176e-15  ||F||=6.288e-08
 step=176500  E=1.431835968628e+02  Q=3.010000000000e+02  λ=8.912930e-01  dt=1.023e-03  relΔE=2.779e-15  ||F||=5.989e-08
 step=177000  E=1.431835968626e+02  Q=3.010000000000e+02  λ=8.912930e-01  dt=7.919e-04  relΔE=1.389e-15  ||F||=5.695e-08
 step=177500  E=1.431835968625e+02  Q=3.010000000000e+02  λ=8.912930e-01  dt=1.226e-03  relΔE=2.382e-15  ||F||=5.423e-08
 step=178000  E=1.431835968623e+02  Q=3.010000000000e+02  λ=8.912930e-01  dt=9.488e-04  relΔE=1.786e-15  ||F||=5.163e-08
 Converged (aggressive): step=178321, E=1.431835968622e+02, Q=3.010000000000e+02, dt=7.083e-04, ||F||=4.999e-08

Stationary candidate (aggressive): E=1.431835968622e+02, Q=3.010000000000e+02, maxρ=3.389216e-01

=== Stability test (damped inertial dynamics) ===
Perturb eps=0.02, gamma=1
t=0: E=1.580545352969e+02, Q=3.010000000000e+02, maxρ=3.509454e-01, σ=3.377690e+00, Rc=1.791727e+01
 step=     1  E=1.580544602460e+02  Q=3.010000000000e+02  λ=1.283489e+00  maxρ=3.509454e-01  minρ=2.993e-09  σ=3.377690e+00  Rc=1.791727e+01
 step=   300  E=1.549780255188e+02  Q=3.010000000000e+02  λ=1.178585e+00  maxρ=3.500570e-01  minρ=3.000e-09  σ=3.377686e+00  Rc=1.791727e+01
 step=   600  E=1.487983298910e+02  Q=3.010000000000e+02  λ=9.890261e-01  maxρ=3.483801e-01  minρ=3.021e-09  σ=3.377680e+00  Rc=1.791727e+01
 step=   900  E=1.451984832990e+02  Q=3.010000000000e+02  λ=9.295479e-01  maxρ=3.458996e-01  minρ=3.016e-09  σ=3.377679e+00  Rc=1.791727e+01
 step=  1200  E=1.465990607993e+02  Q=3.010000000000e+02  λ=1.039854e+00  maxρ=3.448323e-01  minρ=2.983e-09  σ=3.377683e+00  Rc=1.791727e+01
 step=  1500  E=1.503111442251e+02  Q=3.010000000000e+02  λ=1.158048e+00  maxρ=3.462136e-01  minρ=2.962e-09  σ=3.377684e+00  Rc=1.791726e+01
 step=  1800  E=1.521908631261e+02  Q=3.010000000000e+02  λ=1.142331e+00  maxρ=3.473221e-01  minρ=2.960e-09  σ=3.377681e+00  Rc=1.791726e+01
 step=  2100  E=1.510680794503e+02  Q=3.010000000000e+02  λ=1.038534e+00  maxρ=3.455545e-01  minρ=2.962e-09  σ=3.377677e+00  Rc=1.791727e+01
 step=  2400  E=1.491194378883e+02  Q=3.010000000000e+02  λ=9.919725e-01  maxρ=3.424478e-01  minρ=2.937e-09  σ=3.377678e+00  Rc=1.791727e+01
 step=  2700  E=1.486483439974e+02  Q=3.010000000000e+02  λ=1.049249e+00  maxρ=3.445860e-01  minρ=2.877e-09  σ=3.377683e+00  Rc=1.791726e+01
 step=  3000  E=1.495836288773e+02  Q=3.010000000000e+02  λ=1.116161e+00  maxρ=3.489162e-01  minρ=2.864e-09  σ=3.377684e+00  Rc=1.791726e+01
 step=  3300  E=1.502703972752e+02  Q=3.010000000000e+02  λ=1.101726e+00  maxρ=3.498154e-01  minρ=2.909e-09  σ=3.377680e+00  Rc=1.791727e+01
 step=  3600  E=1.498234050070e+02  Q=3.010000000000e+02  λ=1.034726e+00  maxρ=3.477371e-01  minρ=2.923e-09  σ=3.377676e+00  Rc=1.791727e+01
 step=  3900  E=1.489446399825e+02  Q=3.010000000000e+02  λ=1.006495e+00  maxρ=3.463279e-01  minρ=2.934e-09  σ=3.377676e+00  Rc=1.791726e+01
 step=  4200  E=1.486563246865e+02  Q=3.010000000000e+02  λ=1.041870e+00  maxρ=3.451241e-01  minρ=2.861e-09  σ=3.377680e+00  Rc=1.791726e+01
 step=  4500  E=1.489973879031e+02  Q=3.010000000000e+02  λ=1.078529e+00  maxρ=3.447576e-01  minρ=2.781e-09  σ=3.377682e+00  Rc=1.791726e+01
 step=  4800  E=1.492581080670e+02  Q=3.010000000000e+02  λ=1.064282e+00  maxρ=3.460003e-01  minρ=2.750e-09  σ=3.377678e+00  Rc=1.791726e+01
 step=  5100  E=1.490574954964e+02  Q=3.010000000000e+02  λ=1.024386e+00  maxρ=3.462008e-01  minρ=2.778e-09  σ=3.377674e+00  Rc=1.791726e+01
 step=  5400  E=1.487080914628e+02  Q=3.010000000000e+02  λ=1.014367e+00  maxρ=3.457929e-01  minρ=2.730e-09  σ=3.377672e+00  Rc=1.791726e+01
 step=  5700  E=1.486056114266e+02  Q=3.010000000000e+02  λ=1.040272e+00  maxρ=3.446113e-01  minρ=2.654e-09  σ=3.377673e+00  Rc=1.791725e+01
 step=  6000  E=1.486899805341e+02  Q=3.010000000000e+02  λ=1.058746e+00  maxρ=3.439420e-01  minρ=2.643e-09  σ=3.377674e+00  Rc=1.791725e+01
 >>> No runaway detected in this horizon. Likely stable (within this model & box).

STABILITY: PASS
