
=== Aggressive relaxation to Q = 855 ===
Initial: E=5.123246942471e+02, Q=8.550000000000e+02, dt=1.000e-04
 step=     1  E=5.123108856979e+02  Q=8.550000000000e+02  λ=1.154958e+00  dt=1.000e-04  relΔE=2.695e-05  ||F||=4.024e-01
 step=   500  E=4.970536989380e+02  Q=8.550000000000e+02  λ=1.107041e+00  dt=6.192e-04  relΔE=1.045e-04  ||F||=3.436e-01
 step=  1000  E=4.654437445762e+02  Q=8.550000000000e+02  λ=1.010207e+00  dt=9.584e-04  relΔE=7.483e-05  ||F||=2.261e-01
 step=  1500  E=4.491066039222e+02  Q=8.550000000000e+02  λ=9.617813e-01  dt=1.484e-03  relΔE=6.124e-05  ||F||=1.615e-01
 step=  2000  E=4.404841298255e+02  Q=8.550000000000e+02  λ=9.369467e-01  dt=1.148e-03  relΔE=2.908e-05  ||F||=1.252e-01
 step=  2500  E=4.348747334930e+02  Q=8.550000000000e+02  λ=9.213252e-01  dt=8.887e-04  relΔE=1.489e-05  ||F||=1.012e-01
 step=  3000  E=4.311268209258e+02  Q=8.550000000000e+02  λ=9.112882e-01  dt=1.376e-03  relΔE=1.655e-05  ||F||=8.539e-02
 step=  3500  E=4.283861318513e+02  Q=8.550000000000e+02  λ=9.042281e-01  dt=1.065e-03  relΔE=9.797e-06  ||F||=7.444e-02
 step=  4000  E=4.261953636211e+02  Q=8.550000000000e+02  λ=8.988137e-01  dt=8.241e-04  relΔE=6.101e-06  ||F||=6.660e-02
 step=  4500  E=4.244804588448e+02  Q=8.550000000000e+02  λ=8.947445e-01  dt=1.276e-03  relΔE=7.822e-06  ||F||=6.048e-02
 step=  5000  E=4.230119275230e+02  Q=8.550000000000e+02  λ=8.913802e-01  dt=9.873e-04  relΔE=5.189e-06  ||F||=5.590e-02
 step=  5500  E=4.217098240831e+02  Q=8.550000000000e+02  λ=8.885021e-01  dt=1.528e-03  relΔE=6.981e-06  ||F||=9.098e-02
 step=  6000  E=4.206272978124e+02  Q=8.550000000000e+02  λ=8.861707e-01  dt=1.183e-03  relΔE=4.851e-06  ||F||=4.923e-02
 step=  6500  E=4.196158408186e+02  Q=8.550000000000e+02  λ=8.840507e-01  dt=9.154e-04  relΔE=3.384e-06  ||F||=4.668e-02
 step=  7000  E=4.187077850283e+02  Q=8.550000000000e+02  λ=8.821932e-01  dt=1.417e-03  relΔE=4.773e-06  ||F||=4.451e-02
 step=  7500  E=4.178949804245e+02  Q=8.550000000000e+02  λ=8.805614e-01  dt=1.097e-03  relΔE=3.398e-06  ||F||=4.265e-02
 step=  8000  E=4.171219597635e+02  Q=8.550000000000e+02  λ=8.790374e-01  dt=8.488e-04  relΔE=2.429e-06  ||F||=4.094e-02
 step=  8500  E=4.164259394054e+02  Q=8.550000000000e+02  λ=8.776886e-01  dt=1.314e-03  relΔE=3.496e-06  ||F||=3.945e-02
 step=  9000  E=4.157757367692e+02  Q=8.550000000000e+02  λ=8.764450e-01  dt=1.017e-03  relΔE=2.527e-06  ||F||=3.809e-02
 step=  9500  E=4.151487331440e+02  Q=8.550000000000e+02  λ=8.752620e-01  dt=7.871e-04  relΔE=1.849e-06  ||F||=3.966e-02
 step= 10000  E=4.145934457468e+02  Q=8.550000000000e+02  λ=8.742277e-01  dt=1.218e-03  relΔE=2.664e-06  ||F||=3.568e-02
 step= 10500  E=4.140531751400e+02  Q=8.550000000000e+02  λ=8.732314e-01  dt=9.430e-04  relΔE=1.942e-06  ||F||=3.461e-02
 step= 11000  E=4.135409801641e+02  Q=8.550000000000e+02  λ=8.722981e-01  dt=1.460e-03  relΔE=2.837e-06  ||F||=3.360e-02
 step= 11500  E=4.130728810767e+02  Q=8.550000000000e+02  λ=8.714525e-01  dt=1.130e-03  relΔE=2.081e-06  ||F||=3.268e-02
 step= 12000  E=4.126136865440e+02  Q=8.550000000000e+02  λ=8.706310e-01  dt=8.744e-04  relΔE=1.526e-06  ||F||=3.180e-02
 step= 12500  E=4.121875468058e+02  Q=8.550000000000e+02  λ=8.698765e-01  dt=1.353e-03  relΔE=2.244e-06  ||F||=3.097e-02
 step= 13000  E=4.117844067742e+02  Q=8.550000000000e+02  λ=8.691683e-01  dt=1.048e-03  relΔE=1.653e-06  ||F||=3.020e-02
 step= 13500  E=4.113886228626e+02  Q=8.550000000000e+02  λ=8.684792e-01  dt=8.108e-04  relΔE=1.225e-06  ||F||=2.954e-02
 step= 14000  E=4.110278206997e+02  Q=8.550000000000e+02  λ=8.678571e-01  dt=1.255e-03  relΔE=1.799e-06  ||F||=2.877e-02
 step= 14500  E=4.106763374844e+02  Q=8.550000000000e+02  λ=8.672555e-01  dt=9.713e-04  relΔE=1.330e-06  ||F||=2.810e-02
 step= 15000  E=4.103331559632e+02  Q=8.550000000000e+02  λ=8.666740e-01  dt=1.504e-03  relΔE=1.968e-06  ||F||=2.781e-02
 step= 15500  E=4.100213446011e+02  Q=8.550000000000e+02  λ=8.661494e-01  dt=1.164e-03  relΔE=1.460e-06  ||F||=2.688e-02
 step= 16000  E=4.097105492102e+02  Q=8.550000000000e+02  λ=8.656310e-01  dt=9.007e-04  relΔE=1.083e-06  ||F||=2.630e-02
 step= 16500  E=4.094298553932e+02  Q=8.550000000000e+02  λ=8.651673e-01  dt=1.162e-03  relΔE=1.343e-06  ||F||=2.578e-02
 step= 17000  E=4.091437377831e+02  Q=8.550000000000e+02  λ=8.646982e-01  dt=8.992e-04  relΔE=9.977e-07  ||F||=2.525e-02
 step= 17500  E=4.088851681528e+02  Q=8.550000000000e+02  λ=8.642783e-01  dt=1.160e-03  relΔE=1.240e-06  ||F||=2.477e-02
 step= 18000  E=4.086207263853e+02  Q=8.550000000000e+02  λ=8.638523e-01  dt=8.978e-04  relΔE=9.230e-07  ||F||=2.429e-02
 step= 18500  E=4.083688752987e+02  Q=8.550000000000e+02  λ=8.634507e-01  dt=1.390e-03  relΔE=1.376e-06  ||F||=2.383e-02
 step= 19000  E=4.081297811593e+02  Q=8.550000000000e+02  λ=8.630725e-01  dt=1.076e-03  relΔE=1.027e-06  ||F||=2.339e-02
 step= 19500  E=4.078917664309e+02  Q=8.550000000000e+02  λ=8.626996e-01  dt=8.324e-04  relΔE=7.666e-07  ||F||=2.297e-02
 step= 20000  E=4.076700075129e+02  Q=8.550000000000e+02  λ=8.623559e-01  dt=1.289e-03  relΔE=1.147e-06  ||F||=2.257e-02
 step= 20500  E=4.074534754227e+02  Q=8.550000000000e+02  λ=8.620230e-01  dt=9.973e-04  relΔE=8.579e-07  ||F||=2.218e-02
 step= 21000  E=4.072373431622e+02  Q=8.550000000000e+02  λ=8.617549e-01  dt=1.544e-03  relΔE=1.030e-06  ||F||=3.501e-01
 step= 21500  E=4.070404209768e+02  Q=8.550000000000e+02  λ=8.613980e-01  dt=1.195e-03  relΔE=9.625e-07  ||F||=2.146e-02
 step= 22000  E=4.068419346916e+02  Q=8.550000000000e+02  λ=8.611020e-01  dt=9.248e-04  relΔE=7.215e-07  ||F||=2.111e-02
 step= 22500  E=4.066500814542e+02  Q=8.550000000000e+02  λ=8.608194e-01  dt=1.431e-03  relΔE=1.083e-06  ||F||=2.078e-02
 step= 23000  E=4.064688735868e+02  Q=8.550000000000e+02  λ=8.605549e-01  dt=1.108e-03  relΔE=8.136e-07  ||F||=2.047e-02
 step= 23500  E=4.062865610935e+02  Q=8.550000000000e+02  λ=8.602917e-01  dt=8.575e-04  relΔE=6.111e-07  ||F||=2.016e-02
 step= 24000  E=4.061140569923e+02  Q=8.550000000000e+02  λ=8.600457e-01  dt=1.327e-03  relΔE=9.196e-07  ||F||=1.987e-02
 step= 24500  E=4.059464505880e+02  Q=8.550000000000e+02  λ=8.598091e-01  dt=1.027e-03  relΔE=6.923e-07  ||F||=1.960e-02
 step= 25000  E=4.057777944852e+02  Q=8.550000000000e+02  λ=8.595737e-01  dt=7.951e-04  relΔE=5.211e-07  ||F||=1.932e-02
 step= 25500  E=4.056220925030e+02  Q=8.550000000000e+02  λ=8.593592e-01  dt=1.231e-03  relΔE=7.862e-07  ||F||=1.907e-02
 step= 26000  E=4.054657750590e+02  Q=8.550000000000e+02  λ=8.591462e-01  dt=9.526e-04  relΔE=5.930e-07  ||F||=1.883e-02
 step= 26500  E=4.053112911751e+02  Q=8.550000000000e+02  λ=8.589384e-01  dt=1.475e-03  relΔE=8.950e-07  ||F||=1.859e-02
 step= 27000  E=4.051665998829e+02  Q=8.550000000000e+02  λ=8.587459e-01  dt=1.141e-03  relΔE=6.765e-07  ||F||=1.836e-02
 step= 27500  E=4.050202870419e+02  Q=8.550000000000e+02  λ=8.585537e-01  dt=8.833e-04  relΔE=5.113e-07  ||F||=1.814e-02
 step= 28000  E=4.048794127791e+02  Q=8.550000000000e+02  λ=8.583712e-01  dt=1.367e-03  relΔE=7.736e-07  ||F||=1.793e-02
 step= 28500  E=4.047432405874e+02  Q=8.550000000000e+02  λ=8.581967e-01  dt=1.058e-03  relΔE=5.858e-07  ||F||=1.774e-02
 step= 29000  E=4.046055939777e+02  Q=8.550000000000e+02  λ=8.580227e-01  dt=8.190e-04  relΔE=4.436e-07  ||F||=1.754e-02
 step= 29500  E=4.044758876992e+02  Q=8.550000000000e+02  λ=8.578610e-01  dt=1.268e-03  relΔE=6.729e-07  ||F||=1.736e-02
 step= 30000  E=4.043467728950e+02  Q=8.550000000000e+02  λ=8.577019e-01  dt=9.812e-04  relΔE=5.106e-07  ||F||=1.719e-02
 step= 30500  E=4.042166439546e+02  Q=8.550000000000e+02  λ=8.575442e-01  dt=1.519e-03  relΔE=7.736e-07  ||F||=3.017e-02
 step= 31000  E=4.040960456354e+02  Q=8.550000000000e+02  λ=8.573993e-01  dt=1.176e-03  relΔE=5.890e-07  ||F||=1.686e-02
 step= 31500  E=4.039726650745e+02  Q=8.550000000000e+02  λ=8.572532e-01  dt=9.098e-04  relΔE=4.478e-07  ||F||=1.671e-02
 step= 32000  E=4.038521883194e+02  Q=8.550000000000e+02  λ=8.571127e-01  dt=1.408e-03  relΔE=6.813e-07  ||F||=1.656e-02
 step= 32500  E=4.037361288961e+02  Q=8.550000000000e+02  λ=8.569790e-01  dt=1.090e-03  relΔE=5.189e-07  ||F||=1.643e-02
 step= 33000  E=4.036181116229e+02  Q=8.550000000000e+02  λ=8.568449e-01  dt=8.436e-04  relΔE=3.953e-07  ||F||=1.629e-02
 step= 33500  E=4.035051777412e+02  Q=8.550000000000e+02  λ=8.567184e-01  dt=1.306e-03  relΔE=6.029e-07  ||F||=1.617e-02
 step= 34000  E=4.033932987504e+02  Q=8.550000000000e+02  λ=8.565946e-01  dt=1.011e-03  relΔE=4.601e-07  ||F||=1.606e-02
 step= 34500  E=4.032792862701e+02  Q=8.550000000000e+02  λ=8.564704e-01  dt=7.823e-04  relΔE=3.520e-07  ||F||=2.733e-02
 step= 35000  E=4.031731041161e+02  Q=8.550000000000e+02  λ=8.563559e-01  dt=1.211e-03  relΔE=5.370e-07  ||F||=1.584e-02
 step= 35500  E=4.030642901927e+02  Q=8.550000000000e+02  λ=8.562402e-01  dt=9.372e-04  relΔE=4.107e-07  ||F||=1.575e-02
 step= 36000  E=4.029560400629e+02  Q=8.550000000000e+02  λ=8.561267e-01  dt=1.451e-03  relΔE=6.285e-07  ||F||=1.566e-02
 step= 36500  E=4.028525868631e+02  Q=8.550000000000e+02  λ=8.560195e-01  dt=1.123e-03  relΔE=4.815e-07  ||F||=1.557e-02
 step= 37000  E=4.027464376750e+02  Q=8.550000000000e+02  λ=8.559109e-01  dt=8.690e-04  relΔE=3.690e-07  ||F||=1.549e-02
 step= 37500  E=4.026433497311e+02  Q=8.550000000000e+02  λ=8.558068e-01  dt=1.345e-03  relΔE=5.661e-07  ||F||=1.542e-02
 step= 38000  E=4.025417277452e+02  Q=8.550000000000e+02  λ=8.557053e-01  dt=1.041e-03  relΔE=4.347e-07  ||F||=1.536e-02
 step= 38500  E=4.024375035191e+02  Q=8.550000000000e+02  λ=8.556023e-01  dt=8.058e-04  relΔE=3.339e-07  ||F||=1.530e-02
 step= 39000  E=4.023385982158e+02  Q=8.550000000000e+02  λ=8.555058e-01  dt=1.247e-03  relΔE=5.135e-07  ||F||=1.525e-02
 step= 39500  E=4.022381254865e+02  Q=8.550000000000e+02  λ=8.554087e-01  dt=9.654e-04  relΔE=3.952e-07  ||F||=1.520e-02
 step= 40000  E=4.021360761707e+02  Q=8.550000000000e+02  λ=8.553112e-01  dt=1.494e-03  relΔE=6.086e-07  ||F||=1.522e-02
 step= 40500  E=4.020424270071e+02  Q=8.550000000000e+02  λ=8.552223e-01  dt=9.638e-04  relΔE=3.910e-07  ||F||=1.513e-02
 step= 41000  E=4.019414198429e+02  Q=8.550000000000e+02  λ=8.551275e-01  dt=1.492e-03  relΔE=6.032e-07  ||F||=1.515e-02
 step= 41500  E=4.018453637957e+02  Q=8.550000000000e+02  λ=8.550379e-01  dt=1.155e-03  relΔE=4.657e-07  ||F||=1.508e-02
 step= 42000  E=4.017456092730e+02  Q=8.550000000000e+02  λ=8.549456e-01  dt=8.937e-04  relΔE=3.598e-07  ||F||=1.507e-02
 step= 42500  E=4.016471436539e+02  Q=8.550000000000e+02  λ=8.548552e-01  dt=1.383e-03  relΔE=5.565e-07  ||F||=1.506e-02
 step= 43000  E=4.015502889209e+02  Q=8.550000000000e+02  λ=8.547666e-01  dt=1.071e-03  relΔE=4.307e-07  ||F||=1.506e-02
 step= 43500  E=4.014499641838e+02  Q=8.550000000000e+02  λ=8.546753e-01  dt=8.287e-04  relΔE=3.337e-07  ||F||=1.507e-02
 step= 44000  E=4.013529326352e+02  Q=8.550000000000e+02  λ=8.545875e-01  dt=1.283e-03  relΔE=5.175e-07  ||F||=1.508e-02
 step= 44500  E=4.012546584070e+02  Q=8.550000000000e+02  λ=8.544987e-01  dt=9.928e-04  relΔE=4.016e-07  ||F||=1.510e-02
 step= 45000  E=4.011529291143e+02  Q=8.550000000000e+02  λ=8.544205e-01  dt=1.537e-03  relΔE=5.535e-07  ||F||=1.659e-01
 step= 45500  E=4.010568039100e+02  Q=8.550000000000e+02  λ=8.543204e-01  dt=1.189e-03  relΔE=4.850e-07  ||F||=1.515e-02
 step= 46000  E=4.009562297528e+02  Q=8.550000000000e+02  λ=8.542297e-01  dt=9.206e-04  relΔE=3.775e-07  ||F||=1.519e-02
 step= 46500  E=4.008551575547e+02  Q=8.550000000000e+02  λ=8.541385e-01  dt=1.425e-03  relΔE=5.881e-07  ||F||=1.524e-02
 step= 47000  E=4.007558774034e+02  Q=8.550000000000e+02  λ=8.540486e-01  dt=1.103e-03  relΔE=4.585e-07  ||F||=1.529e-02
 step= 47500  E=4.006524771600e+02  Q=8.550000000000e+02  λ=8.539546e-01  dt=8.536e-04  relΔE=3.579e-07  ||F||=1.536e-02
 step= 48000  E=4.005508152926e+02  Q=8.550000000000e+02  λ=8.538618e-01  dt=1.321e-03  relΔE=5.591e-07  ||F||=1.543e-02
 step= 48500  E=4.004479541037e+02  Q=8.550000000000e+02  λ=8.537672e-01  dt=1.023e-03  relΔE=4.372e-07  ||F||=1.550e-02
 step= 49000  E=4.003403433210e+02  Q=8.550000000000e+02  λ=8.536674e-01  dt=7.915e-04  relΔE=3.424e-07  ||F||=1.560e-02
 step= 49500  E=4.002372079414e+02  Q=8.550000000000e+02  λ=8.535711e-01  dt=1.225e-03  relΔE=5.364e-07  ||F||=1.568e-02
 step= 50000  E=4.001295929487e+02  Q=8.550000000000e+02  λ=8.534694e-01  dt=9.483e-04  relΔE=4.208e-07  ||F||=1.579e-02
 step= 50500  E=4.000189350724e+02  Q=8.550000000000e+02  λ=8.533638e-01  dt=1.468e-03  relΔE=6.610e-07  ||F||=1.590e-02
 step= 51000  E=3.999110928458e+02  Q=8.550000000000e+02  λ=8.532595e-01  dt=1.136e-03  relΔE=5.194e-07  ||F||=1.602e-02
 step= 51500  E=3.997974581180e+02  Q=8.550000000000e+02  λ=8.531480e-01  dt=8.793e-04  relΔE=4.089e-07  ||F||=1.616e-02
 step= 52000  E=3.996836612792e+02  Q=8.550000000000e+02  λ=8.530349e-01  dt=1.361e-03  relΔE=6.442e-07  ||F||=1.630e-02
 step= 52500  E=3.995686309373e+02  Q=8.550000000000e+02  λ=8.529185e-01  dt=1.053e-03  relΔE=5.080e-07  ||F||=1.645e-02
 step= 53000  E=3.994476433454e+02  Q=8.550000000000e+02  λ=8.527940e-01  dt=8.153e-04  relΔE=4.013e-07  ||F||=1.661e-02
 step= 53500  E=3.993290712073e+02  Q=8.550000000000e+02  λ=8.526700e-01  dt=1.262e-03  relΔE=6.342e-07  ||F||=1.678e-02
 step= 54000  E=3.992055406039e+02  Q=8.550000000000e+02  λ=8.525381e-01  dt=9.768e-04  relΔE=5.019e-07  ||F||=1.697e-02
 step= 54500  E=3.990760839956e+02  Q=8.550000000000e+02  λ=8.523973e-01  dt=1.512e-03  relΔE=7.957e-07  ||F||=1.974e-02
 step= 55000  E=3.989505009883e+02  Q=8.550000000000e+02  λ=8.522576e-01  dt=1.170e-03  relΔE=6.309e-07  ||F||=1.738e-02
 step= 55500  E=3.988163483075e+02  Q=8.550000000000e+02  λ=8.521052e-01  dt=9.057e-04  relΔE=5.013e-07  ||F||=1.760e-02
 step= 56000  E=3.986796794219e+02  Q=8.550000000000e+02  λ=8.519467e-01  dt=1.402e-03  relΔE=7.974e-07  ||F||=1.784e-02
 step= 56500  E=3.985418104587e+02  Q=8.550000000000e+02  λ=8.517828e-01  dt=1.085e-03  relΔE=6.346e-07  ||F||=1.809e-02
 step= 57000  E=3.983950600650e+02  Q=8.550000000000e+02  λ=8.516043e-01  dt=8.398e-04  relΔE=5.062e-07  ||F||=1.836e-02
 step= 57500  E=3.982483908676e+02  Q=8.550000000000e+02  λ=8.514217e-01  dt=1.300e-03  relΔE=8.078e-07  ||F||=1.864e-02
 step= 58000  E=3.980959865888e+02  Q=8.550000000000e+02  λ=8.512271e-01  dt=1.006e-03  relΔE=6.455e-07  ||F||=1.894e-02
 step= 58500  E=3.979329561420e+02  Q=8.550000000000e+02  λ=8.510537e-01  dt=7.787e-04  relΔE=6.409e-07  ||F||=2.849e-01
 step= 59000  E=3.977742217863e+02  Q=8.550000000000e+02  λ=8.508006e-01  dt=1.205e-03  relΔE=8.278e-07  ||F||=1.958e-02
 step= 59500  E=3.976035129967e+02  Q=8.550000000000e+02  λ=8.505655e-01  dt=9.330e-04  relΔE=6.644e-07  ||F||=1.994e-02
 step= 60000  E=3.974257755912e+02  Q=8.550000000000e+02  λ=8.503146e-01  dt=1.444e-03  relΔE=1.068e-06  ||F||=2.031e-02
 step= 60500  E=3.972518954140e+02  Q=8.550000000000e+02  λ=8.500624e-01  dt=9.315e-04  relΔE=7.145e-07  ||F||=2.068e-02
 step= 61000  E=3.970606864684e+02  Q=8.550000000000e+02  λ=8.497783e-01  dt=1.442e-03  relΔE=1.151e-06  ||F||=2.110e-02
 step= 61500  E=3.968670167992e+02  Q=8.550000000000e+02  λ=8.494826e-01  dt=1.116e-03  relΔE=9.276e-07  ||F||=2.152e-02
 step= 62000  E=3.966582209361e+02  Q=8.550000000000e+02  λ=8.491555e-01  dt=8.637e-04  relΔE=7.494e-07  ||F||=2.198e-02
 step= 62500  E=3.964451451890e+02  Q=8.550000000000e+02  λ=8.488132e-01  dt=1.337e-03  relΔE=1.211e-06  ||F||=2.245e-02
 step= 63000  E=3.962232591164e+02  Q=8.550000000000e+02  λ=8.484471e-01  dt=1.035e-03  relΔE=9.799e-07  ||F||=2.295e-02
 step= 63500  E=3.959834075458e+02  Q=8.550000000000e+02  λ=8.480409e-01  dt=8.009e-04  relΔE=7.949e-07  ||F||=2.349e-02
 step= 64000  E=3.957438986180e+02  Q=8.550000000000e+02  λ=8.476253e-01  dt=1.240e-03  relΔE=1.288e-06  ||F||=2.403e-02
 step= 64500  E=3.954864465905e+02  Q=8.550000000000e+02  λ=8.471666e-01  dt=9.595e-04  relΔE=1.046e-06  ||F||=2.460e-02
 step= 65000  E=3.952115685286e+02  Q=8.550000000000e+02  λ=8.466651e-01  dt=1.485e-03  relΔE=1.702e-06  ||F||=2.522e-02
 step= 65500  E=3.949357522202e+02  Q=8.550000000000e+02  λ=8.461485e-01  dt=1.149e-03  relΔE=1.383e-06  ||F||=2.583e-02
 step= 66000  E=3.946341866043e+02  Q=8.550000000000e+02  λ=8.455699e-01  dt=8.897e-04  relΔE=1.127e-06  ||F||=2.649e-02
 step= 66500  E=3.943209628434e+02  Q=8.550000000000e+02  λ=8.449549e-01  dt=1.377e-03  relΔE=1.837e-06  ||F||=2.718e-02
 step= 67000  E=3.939951265361e+02  Q=8.550000000000e+02  λ=8.442992e-01  dt=1.066e-03  relΔE=1.498e-06  ||F||=2.788e-02
 step= 67500  E=3.936408477444e+02  Q=8.550000000000e+02  λ=8.435695e-01  dt=8.250e-04  relΔE=1.223e-06  ||F||=2.863e-02
 step= 68000  E=3.932810894789e+02  Q=8.550000000000e+02  λ=8.428123e-01  dt=1.277e-03  relΔE=1.995e-06  ||F||=2.937e-02
 step= 68500  E=3.928966044653e+02  Q=8.550000000000e+02  λ=8.419840e-01  dt=9.883e-04  relΔE=1.629e-06  ||F||=3.015e-02
 step= 69000  E=3.924790772466e+02  Q=8.550000000000e+02  λ=8.410680e-01  dt=1.530e-03  relΔE=2.652e-06  ||F||=7.533e-02
 step= 69500  E=3.920641317891e+02  Q=8.550000000000e+02  λ=8.401322e-01  dt=1.184e-03  relΔE=2.171e-06  ||F||=3.176e-02
 step= 70000  E=3.916083141418e+02  Q=8.550000000000e+02  λ=8.390857e-01  dt=9.164e-04  relΔE=1.772e-06  ||F||=3.260e-02
 step= 70500  E=3.911304081831e+02  Q=8.550000000000e+02  λ=8.379674e-01  dt=1.419e-03  relΔE=2.891e-06  ||F||=3.345e-02
 step= 71000  E=3.906388967465e+02  Q=8.550000000000e+02  λ=8.367929e-01  dt=1.098e-03  relΔE=2.353e-06  ||F||=3.428e-02
 step= 71500  E=3.901043738791e+02  Q=8.550000000000e+02  λ=8.354912e-01  dt=8.498e-04  relΔE=1.916e-06  ||F||=3.514e-02
 step= 72000  E=3.895603044317e+02  Q=8.550000000000e+02  λ=8.341430e-01  dt=1.315e-03  relΔE=3.110e-06  ||F||=3.596e-02
 step= 72500  E=3.889886385075e+02  Q=8.550000000000e+02  λ=8.326991e-01  dt=1.018e-03  relΔE=2.520e-06  ||F||=3.676e-02
 step= 73000  E=3.883695432336e+02  Q=8.550000000000e+02  λ=8.311079e-01  dt=7.879e-04  relΔE=2.040e-06  ||F||=4.103e-02
 step= 73500  E=3.877602703205e+02  Q=8.550000000000e+02  λ=8.295167e-01  dt=1.220e-03  relΔE=3.284e-06  ||F||=3.828e-02
 step= 74000  E=3.871061947432e+02  Q=8.550000000000e+02  λ=8.277787e-01  dt=9.440e-04  relΔE=2.639e-06  ||F||=3.897e-02
 step= 74500  E=3.864238557727e+02  Q=8.550000000000e+02  λ=8.259384e-01  dt=1.461e-03  relΔE=4.226e-06  ||F||=3.960e-02
 step= 75000  E=3.857458124628e+02  Q=8.550000000000e+02  λ=8.240787e-01  dt=1.131e-03  relΔE=3.365e-06  ||F||=4.014e-02
 step= 75500  E=3.850243218678e+02  Q=8.550000000000e+02  λ=8.220700e-01  dt=8.753e-04  relΔE=2.669e-06  ||F||=4.059e-02
 step= 76000  E=3.843028285838e+02  Q=8.550000000000e+02  λ=8.200338e-01  dt=1.355e-03  relΔE=4.209e-06  ||F||=4.093e-02
 step= 76500  E=3.835742761937e+02  Q=8.550000000000e+02  λ=8.179451e-01  dt=1.049e-03  relΔE=3.300e-06  ||F||=4.116e-02
 step= 77000  E=3.828151333474e+02  Q=8.550000000000e+02  λ=8.157376e-01  dt=8.116e-04  relΔE=2.572e-06  ||F||=4.126e-02
 step= 77500  E=3.820886796801e+02  Q=8.550000000000e+02  λ=8.135976e-01  dt=1.256e-03  relΔE=3.978e-06  ||F||=4.120e-02
 step= 78000  E=3.813505162686e+02  Q=8.550000000000e+02  λ=8.113903e-01  dt=9.724e-04  relΔE=3.055e-06  ||F||=4.101e-02
 step= 78500  E=3.806075999791e+02  Q=8.550000000000e+02  λ=8.091402e-01  dt=1.505e-03  relΔE=4.655e-06  ||F||=4.091e-02
 step= 79000  E=3.799145533029e+02  Q=8.550000000000e+02  λ=8.070086e-01  dt=1.165e-03  relΔE=3.522e-06  ||F||=4.015e-02
 step= 79500  E=3.792149482236e+02  Q=8.550000000000e+02  λ=8.048268e-01  dt=9.017e-04  relΔE=2.640e-06  ||F||=3.948e-02
 step= 80000  E=3.785799406354e+02  Q=8.550000000000e+02  λ=8.028199e-01  dt=1.163e-03  relΔE=3.279e-06  ||F||=3.870e-02
 step= 80500  E=3.779345396819e+02  Q=8.550000000000e+02  λ=8.007487e-01  dt=9.002e-04  relΔE=2.417e-06  ||F||=3.773e-02
 step= 81000  E=3.773598180047e+02  Q=8.550000000000e+02  λ=7.988782e-01  dt=1.161e-03  relΔE=2.953e-06  ||F||=3.670e-02
 step= 81500  E=3.767843468381e+02  Q=8.550000000000e+02  λ=7.969742e-01  dt=8.987e-04  relΔE=2.140e-06  ||F||=3.548e-02
 step= 82000  E=3.762546582928e+02  Q=8.550000000000e+02  λ=7.951946e-01  dt=1.391e-03  relΔE=3.077e-06  ||F||=3.417e-02
 step= 82500  E=3.757727750130e+02  Q=8.550000000000e+02  λ=7.935452e-01  dt=1.077e-03  relΔE=2.196e-06  ||F||=3.279e-02
 step= 83000  E=3.753161911622e+02  Q=8.550000000000e+02  λ=7.919537e-01  dt=8.333e-04  relΔE=1.550e-06  ||F||=3.130e-02
 step= 83500  E=3.749159037091e+02  Q=8.550000000000e+02  λ=7.905328e-01  dt=1.290e-03  relΔE=2.179e-06  ||F||=2.981e-02
 step= 84000  E=3.745499607317e+02  Q=8.550000000000e+02  λ=7.892052e-01  dt=9.984e-04  relΔE=1.518e-06  ||F||=2.827e-02
 step= 84500  E=3.742122671700e+02  Q=8.550000000000e+02  λ=7.880354e-01  dt=1.545e-03  relΔE=1.568e-06  ||F||=4.078e-01
 step= 85000  E=3.739295747936e+02  Q=8.550000000000e+02  λ=7.868808e-01  dt=1.196e-03  relΔE=1.442e-06  ||F||=2.515e-02
 step= 85500  E=3.736688216433e+02  Q=8.550000000000e+02  λ=7.858659e-01  dt=9.258e-04  relΔE=9.827e-07  ||F||=2.359e-02
 step= 86000  E=3.734405251914e+02  Q=8.550000000000e+02  λ=7.849541e-01  dt=1.433e-03  relΔE=1.331e-06  ||F||=2.206e-02
 step= 86500  E=3.732462335407e+02  Q=8.550000000000e+02  λ=7.841546e-01  dt=1.109e-03  relΔE=8.999e-07  ||F||=2.061e-02
 step= 87000  E=3.730717086232e+02  Q=8.550000000000e+02  λ=7.834141e-01  dt=8.584e-04  relΔE=6.022e-07  ||F||=1.916e-02
 step= 87500  E=3.729246563131e+02  Q=8.550000000000e+02  λ=7.827702e-01  dt=1.329e-03  relΔE=8.048e-07  ||F||=1.780e-02
 step= 88000  E=3.727983737027e+02  Q=8.550000000000e+02  λ=7.821969e-01  dt=1.028e-03  relΔE=5.356e-07  ||F||=1.650e-02
 step= 88500  E=3.726864113265e+02  Q=8.550000000000e+02  λ=7.816693e-01  dt=7.960e-04  relΔE=3.529e-07  ||F||=1.522e-02
 step= 89000  E=3.725957079664e+02  Q=8.550000000000e+02  λ=7.812251e-01  dt=1.232e-03  relΔE=4.672e-07  ||F||=1.407e-02
 step= 89500  E=3.725162227633e+02  Q=8.550000000000e+02  λ=7.808188e-01  dt=9.536e-04  relΔE=3.067e-07  ||F||=1.296e-02
 step= 90000  E=3.724480478617e+02  Q=8.550000000000e+02  λ=7.804546e-01  dt=1.476e-03  relΔE=4.003e-07  ||F||=1.190e-02
 step= 90500  E=3.723928342217e+02  Q=8.550000000000e+02  λ=7.801451e-01  dt=1.142e-03  relΔE=2.624e-07  ||F||=1.095e-02
 step= 91000  E=3.723446024631e+02  Q=8.550000000000e+02  λ=7.798610e-01  dt=8.842e-04  relΔE=1.705e-07  ||F||=1.003e-02
 step= 91500  E=3.723046432965e+02  Q=8.550000000000e+02  λ=7.796132e-01  dt=1.369e-03  relΔE=2.215e-07  ||F||=9.186e-03
 step= 92000  E=3.722715805415e+02  Q=8.550000000000e+02  λ=7.793964e-01  dt=1.059e-03  relΔE=1.439e-07  ||F||=8.415e-03
 step= 92500  E=3.722430318637e+02  Q=8.550000000000e+02  λ=7.791982e-01  dt=8.199e-04  relΔE=9.277e-08  ||F||=7.679e-03
 step= 93000  E=3.722200649566e+02  Q=8.550000000000e+02  λ=7.790290e-01  dt=1.269e-03  relΔE=1.202e-07  ||F||=7.025e-03
 step= 93500  E=3.722006194514e+02  Q=8.550000000000e+02  λ=7.788764e-01  dt=9.823e-04  relΔE=7.758e-08  ||F||=6.414e-03
 step= 94000  E=3.721839588228e+02  Q=8.550000000000e+02  λ=7.787373e-01  dt=1.521e-03  relΔE=9.818e-08  ||F||=2.615e-02
 step= 94500  E=3.721709234808e+02  Q=8.550000000000e+02  λ=7.786202e-01  dt=1.177e-03  relΔE=6.434e-08  ||F||=5.334e-03
 step= 95000  E=3.721596155595e+02  Q=8.550000000000e+02  λ=7.785117e-01  dt=9.108e-04  relΔE=4.128e-08  ||F||=4.855e-03
 step= 95500  E=3.721502679404e+02  Q=8.550000000000e+02  λ=7.784154e-01  dt=1.410e-03  relΔE=5.295e-08  ||F||=4.418e-03
 step= 96000  E=3.721426852454e+02  Q=8.550000000000e+02  λ=7.783312e-01  dt=1.091e-03  relΔE=3.406e-08  ||F||=4.027e-03
 step= 96500  E=3.721362105234e+02  Q=8.550000000000e+02  λ=7.782537e-01  dt=8.446e-04  relΔE=2.177e-08  ||F||=3.659e-03
 step= 97000  E=3.721309793449e+02  Q=8.550000000000e+02  λ=7.781861e-01  dt=1.307e-03  relΔE=2.795e-08  ||F||=3.330e-03
 step= 97500  E=3.721266409311e+02  Q=8.550000000000e+02  λ=7.781254e-01  dt=1.012e-03  relΔE=1.792e-08  ||F||=3.030e-03
 step= 98000  E=3.721229325729e+02  Q=8.550000000000e+02  λ=7.780691e-01  dt=7.831e-04  relΔE=1.141e-08  ||F||=2.748e-03
 step= 98500  E=3.721200321652e+02  Q=8.550000000000e+02  λ=7.780214e-01  dt=1.212e-03  relΔE=1.468e-08  ||F||=2.504e-03
 step= 99000  E=3.721175520325e+02  Q=8.550000000000e+02  λ=7.779770e-01  dt=9.382e-04  relΔE=9.386e-09  ||F||=2.274e-03
 step= 99500  E=3.721154853466e+02  Q=8.550000000000e+02  λ=7.779368e-01  dt=1.452e-03  relΔE=1.198e-08  ||F||=2.063e-03
 step=100000  E=3.721138416560e+02  Q=8.550000000000e+02  λ=7.779018e-01  dt=1.124e-03  relΔE=7.694e-09  ||F||=1.879e-03
 step=100500  E=3.721124329194e+02  Q=8.550000000000e+02  λ=7.778692e-01  dt=8.700e-04  relΔE=4.910e-09  ||F||=1.704e-03
 step=101000  E=3.721112878276e+02  Q=8.550000000000e+02  λ=7.778403e-01  dt=1.347e-03  relΔE=6.286e-09  ||F||=1.549e-03
 step=101500  E=3.721103505920e+02  Q=8.550000000000e+02  λ=7.778144e-01  dt=1.042e-03  relΔE=4.031e-09  ||F||=1.409e-03
 step=102000  E=3.721095512733e+02  Q=8.550000000000e+02  λ=7.777903e-01  dt=8.067e-04  relΔE=2.570e-09  ||F||=1.277e-03
 step=102500  E=3.721089151952e+02  Q=8.550000000000e+02  λ=7.777694e-01  dt=1.249e-03  relΔE=3.302e-09  ||F||=1.162e-03
 step=103000  E=3.721083795991e+02  Q=8.550000000000e+02  λ=7.777500e-01  dt=9.664e-04  relΔE=2.115e-09  ||F||=1.056e-03
 step=103500  E=3.721079249555e+02  Q=8.550000000000e+02  λ=7.777321e-01  dt=1.496e-03  relΔE=2.690e-09  ||F||=1.756e-03
 step=104000  E=3.721075694882e+02  Q=8.550000000000e+02  λ=7.777167e-01  dt=1.158e-03  relΔE=1.736e-09  ||F||=8.715e-04
 step=104500  E=3.721072622920e+02  Q=8.550000000000e+02  λ=7.777022e-01  dt=8.961e-04  relΔE=1.110e-09  ||F||=7.908e-04
 step=105000  E=3.721070100737e+02  Q=8.550000000000e+02  λ=7.776891e-01  dt=1.387e-03  relΔE=1.423e-09  ||F||=7.182e-04
 step=105500  E=3.721068051529e+02  Q=8.550000000000e+02  λ=7.776774e-01  dt=1.074e-03  relΔE=9.152e-10  ||F||=6.534e-04
 step=106000  E=3.721066299711e+02  Q=8.550000000000e+02  λ=7.776666e-01  dt=8.309e-04  relΔE=5.857e-10  ||F||=5.927e-04
 step=106500  E=3.721064884785e+02  Q=8.550000000000e+02  λ=7.776569e-01  dt=1.286e-03  relΔE=7.538e-10  ||F||=5.391e-04
 step=107000  E=3.721063709417e+02  Q=8.550000000000e+02  λ=7.776482e-01  dt=9.955e-04  relΔE=4.854e-10  ||F||=4.904e-04
 step=107500  E=3.721062696085e+02  Q=8.550000000000e+02  λ=7.776399e-01  dt=7.705e-04  relΔE=3.105e-10  ||F||=4.469e-04
 step=108000  E=3.721061903439e+02  Q=8.550000000000e+02  λ=7.776329e-01  dt=1.193e-03  relΔE=4.021e-10  ||F||=4.052e-04
 step=108500  E=3.721061218244e+02  Q=8.550000000000e+02  λ=7.776262e-01  dt=9.231e-04  relΔE=2.589e-10  ||F||=3.681e-04
 step=109000  E=3.721060645106e+02  Q=8.550000000000e+02  λ=7.776201e-01  dt=1.429e-03  relΔE=3.333e-10  ||F||=3.344e-04
 step=109500  E=3.721060182517e+02  Q=8.550000000000e+02  λ=7.776147e-01  dt=1.106e-03  relΔE=2.160e-10  ||F||=3.046e-04
 step=110000  E=3.721059782925e+02  Q=8.550000000000e+02  λ=7.776097e-01  dt=8.559e-04  relΔE=1.393e-10  ||F||=2.766e-04
 step=110500  E=3.721059454552e+02  Q=8.550000000000e+02  λ=7.776051e-01  dt=1.325e-03  relΔE=1.803e-10  ||F||=2.517e-04
 step=111000  E=3.721059182560e+02  Q=8.550000000000e+02  λ=7.776011e-01  dt=1.025e-03  relΔE=1.171e-10  ||F||=2.292e-04
 step=111500  E=3.721058947030e+02  Q=8.550000000000e+02  λ=7.775972e-01  dt=7.937e-04  relΔE=7.566e-11  ||F||=2.080e-04
 step=112000  E=3.721058757629e+02  Q=8.550000000000e+02  λ=7.775939e-01  dt=1.229e-03  relΔE=9.865e-11  ||F||=1.896e-04
 step=112500  E=3.721058595074e+02  Q=8.550000000000e+02  λ=7.775907e-01  dt=9.508e-04  relΔE=6.417e-11  ||F||=1.725e-04
 step=113000  E=3.721058455504e+02  Q=8.550000000000e+02  λ=7.775878e-01  dt=1.472e-03  relΔE=8.328e-11  ||F||=1.901e-04
 step=113500  E=3.721058343899e+02  Q=8.550000000000e+02  λ=7.775853e-01  dt=1.139e-03  relΔE=5.463e-11  ||F||=1.429e-04
 step=114000  E=3.721058245735e+02  Q=8.550000000000e+02  λ=7.775829e-01  dt=8.817e-04  relΔE=3.565e-11  ||F||=1.300e-04
 step=114500  E=3.721058163582e+02  Q=8.550000000000e+02  λ=7.775808e-01  dt=1.365e-03  relΔE=4.668e-11  ||F||=1.183e-04
 step=115000  E=3.721058095214e+02  Q=8.550000000000e+02  λ=7.775788e-01  dt=1.056e-03  relΔE=3.071e-11  ||F||=1.078e-04
 step=115500  E=3.721058035412e+02  Q=8.550000000000e+02  λ=7.775770e-01  dt=8.175e-04  relΔE=2.015e-11  ||F||=9.803e-05
 step=116000  E=3.721057985916e+02  Q=8.550000000000e+02  λ=7.775754e-01  dt=1.265e-03  relΔE=2.660e-11  ||F||=8.937e-05
 step=116500  E=3.721057943562e+02  Q=8.550000000000e+02  λ=7.775739e-01  dt=9.794e-04  relΔE=1.759e-11  ||F||=8.145e-05
 step=117000  E=3.721057906062e+02  Q=8.550000000000e+02  λ=7.775725e-01  dt=7.581e-04  relΔE=1.160e-11  ||F||=9.881e-05
 step=117500  E=3.721057875889e+02  Q=8.550000000000e+02  λ=7.775713e-01  dt=1.173e-03  relΔE=1.545e-11  ||F||=6.759e-05
 step=118000  E=3.721057848892e+02  Q=8.550000000000e+02  λ=7.775702e-01  dt=9.082e-04  relΔE=1.026e-11  ||F||=6.153e-05
 step=118500  E=3.721057825670e+02  Q=8.550000000000e+02  λ=7.775692e-01  dt=1.406e-03  relΔE=1.367e-11  ||F||=5.602e-05
 step=119000  E=3.721057806200e+02  Q=8.550000000000e+02  λ=7.775682e-01  dt=1.088e-03  relΔE=9.157e-12  ||F||=5.113e-05
 step=119500  E=3.721057788862e+02  Q=8.550000000000e+02  λ=7.775674e-01  dt=8.421e-04  relΔE=6.124e-12  ||F||=4.655e-05
 step=120000  E=3.721057774056e+02  Q=8.550000000000e+02  λ=7.775666e-01  dt=1.304e-03  relΔE=8.231e-12  ||F||=4.244e-05
 step=120500  E=3.721057761305e+02  Q=8.550000000000e+02  λ=7.775659e-01  dt=1.009e-03  relΔE=5.551e-12  ||F||=3.873e-05
 step=121000  E=3.721057749781e+02  Q=8.550000000000e+02  λ=7.775652e-01  dt=7.809e-04  relΔE=3.733e-12  ||F||=3.522e-05
 step=121500  E=3.721057740208e+02  Q=8.550000000000e+02  λ=7.775647e-01  dt=1.209e-03  relΔE=5.070e-12  ||F||=3.218e-05
 step=122000  E=3.721057731602e+02  Q=8.550000000000e+02  λ=7.775641e-01  dt=9.355e-04  relΔE=3.438e-12  ||F||=2.934e-05
 step=122500  E=3.721057723930e+02  Q=8.550000000000e+02  λ=7.775636e-01  dt=1.448e-03  relΔE=4.665e-12  ||F||=2.733e-05
 step=123000  E=3.721057717480e+02  Q=8.550000000000e+02  λ=7.775632e-01  dt=1.121e-03  relΔE=3.190e-12  ||F||=2.442e-05
 step=123500  E=3.721057711578e+02  Q=8.550000000000e+02  λ=7.775627e-01  dt=8.674e-04  relΔE=2.177e-12  ||F||=2.225e-05
 step=124000  E=3.721057706649e+02  Q=8.550000000000e+02  λ=7.775624e-01  dt=1.119e-03  relΔE=2.499e-12  ||F||=2.038e-05
 step=124500  E=3.721057702015e+02  Q=8.550000000000e+02  λ=7.775620e-01  dt=8.660e-04  relΔE=1.714e-12  ||F||=1.858e-05
 step=125000  E=3.721057698127e+02  Q=8.550000000000e+02  λ=7.775617e-01  dt=1.117e-03  relΔE=1.976e-12  ||F||=1.703e-05
 step=125500  E=3.721057694452e+02  Q=8.550000000000e+02  λ=7.775614e-01  dt=8.646e-04  relΔE=1.360e-12  ||F||=1.552e-05
 step=126000  E=3.721057691201e+02  Q=8.550000000000e+02  λ=7.775612e-01  dt=1.338e-03  relΔE=1.878e-12  ||F||=1.416e-05
 step=126500  E=3.721057688351e+02  Q=8.550000000000e+02  λ=7.775609e-01  dt=1.036e-03  relΔE=1.302e-12  ||F||=1.294e-05
 step=127000  E=3.721057685716e+02  Q=8.550000000000e+02  λ=7.775607e-01  dt=8.017e-04  relΔE=9.004e-13  ||F||=1.179e-05
 step=127500  E=3.721057683429e+02  Q=8.550000000000e+02  λ=7.775605e-01  dt=1.241e-03  relΔE=1.252e-12  ||F||=1.078e-05
 step=128000  E=3.721057681358e+02  Q=8.550000000000e+02  λ=7.775603e-01  dt=9.605e-04  relΔE=8.712e-13  ||F||=9.847e-06
 step=128500  E=3.721057679433e+02  Q=8.550000000000e+02  λ=7.775602e-01  dt=1.487e-03  relΔE=8.692e-13  ||F||=4.188e-04
 step=129000  E=3.721057677806e+02  Q=8.550000000000e+02  λ=7.775600e-01  dt=1.151e-03  relΔE=8.471e-13  ||F||=8.213e-06
 step=129500  E=3.721057676272e+02  Q=8.550000000000e+02  λ=7.775599e-01  dt=8.906e-04  relΔE=5.913e-13  ||F||=7.495e-06
 step=130000  E=3.721057674891e+02  Q=8.550000000000e+02  λ=7.775597e-01  dt=1.379e-03  relΔE=8.264e-13  ||F||=6.841e-06
 step=130500  E=3.721057673671e+02  Q=8.550000000000e+02  λ=7.775596e-01  dt=1.067e-03  relΔE=5.800e-13  ||F||=6.257e-06
 step=131000  E=3.721057672534e+02  Q=8.550000000000e+02  λ=7.775595e-01  dt=8.258e-04  relΔE=4.059e-13  ||F||=5.709e-06
 step=131500  E=3.721057671522e+02  Q=8.550000000000e+02  λ=7.775594e-01  dt=1.278e-03  relΔE=5.698e-13  ||F||=5.217e-06
 step=132000  E=3.721057670612e+02  Q=8.550000000000e+02  λ=7.775593e-01  dt=9.894e-04  relΔE=4.007e-13  ||F||=4.772e-06
 step=132500  E=3.721057669753e+02  Q=8.550000000000e+02  λ=7.775593e-01  dt=7.658e-04  relΔE=2.809e-13  ||F||=4.349e-06
 step=133000  E=3.721057669013e+02  Q=8.550000000000e+02  λ=7.775592e-01  dt=1.185e-03  relΔE=3.964e-13  ||F||=3.984e-06
 step=133500  E=3.721057668318e+02  Q=8.550000000000e+02  λ=7.775591e-01  dt=9.174e-04  relΔE=2.789e-13  ||F||=3.639e-06
 step=134000  E=3.721057667680e+02  Q=8.550000000000e+02  λ=7.775590e-01  dt=1.420e-03  relΔE=3.924e-13  ||F||=3.343e-06
 step=134500  E=3.721057667121e+02  Q=8.550000000000e+02  λ=7.775590e-01  dt=1.099e-03  relΔE=2.770e-13  ||F||=3.041e-06
 step=135000  E=3.721057666594e+02  Q=8.550000000000e+02  λ=7.775589e-01  dt=8.507e-04  relΔE=1.954e-13  ||F||=2.777e-06
 step=135500  E=3.721057666118e+02  Q=8.550000000000e+02  λ=7.775589e-01  dt=1.317e-03  relΔE=2.757e-13  ||F||=2.538e-06
 step=136000  E=3.721057665692e+02  Q=8.550000000000e+02  λ=7.775588e-01  dt=1.019e-03  relΔE=1.948e-13  ||F||=2.324e-06
 step=136500  E=3.721057665288e+02  Q=8.550000000000e+02  λ=7.775588e-01  dt=7.888e-04  relΔE=1.376e-13  ||F||=2.121e-06
 step=137000  E=3.721057664934e+02  Q=8.550000000000e+02  λ=7.775588e-01  dt=1.221e-03  relΔE=1.945e-13  ||F||=1.942e-06
 step=137500  E=3.721057664605e+02  Q=8.550000000000e+02  λ=7.775587e-01  dt=9.450e-04  relΔE=1.376e-13  ||F||=1.776e-06
 step=138000  E=3.721057664297e+02  Q=8.550000000000e+02  λ=7.775587e-01  dt=1.463e-03  relΔE=1.923e-13  ||F||=2.932e-05
 step=138500  E=3.721057664030e+02  Q=8.550000000000e+02  λ=7.775587e-01  dt=1.132e-03  relΔE=1.376e-13  ||F||=1.486e-06
 step=139000  E=3.721057663776e+02  Q=8.550000000000e+02  λ=7.775587e-01  dt=8.763e-04  relΔE=9.731e-14  ||F||=1.358e-06
 step=139500  E=3.721057663545e+02  Q=8.550000000000e+02  λ=7.775586e-01  dt=1.356e-03  relΔE=1.379e-13  ||F||=1.241e-06
 step=140000  E=3.721057663339e+02  Q=8.550000000000e+02  λ=7.775586e-01  dt=1.050e-03  relΔE=9.823e-14  ||F||=1.137e-06
 step=140500  E=3.721057663144e+02  Q=8.550000000000e+02  λ=7.775586e-01  dt=8.125e-04  relΔE=6.951e-14  ||F||=1.039e-06
 step=141000  E=3.721057662969e+02  Q=8.550000000000e+02  λ=7.775586e-01  dt=1.258e-03  relΔE=9.807e-14  ||F||=9.509e-07
 step=141500  E=3.721057662810e+02  Q=8.550000000000e+02  λ=7.775586e-01  dt=9.734e-04  relΔE=6.981e-14  ||F||=8.708e-07
 step=142000  E=3.721057662658e+02  Q=8.550000000000e+02  λ=7.775585e-01  dt=7.534e-04  relΔE=4.904e-14  ||F||=8.013e-07
 step=142500  E=3.721057662528e+02  Q=8.550000000000e+02  λ=7.775585e-01  dt=1.166e-03  relΔE=6.966e-14  ||F||=7.291e-07
 step=143000  E=3.721057662403e+02  Q=8.550000000000e+02  λ=7.775585e-01  dt=9.026e-04  relΔE=4.949e-14  ||F||=6.666e-07
 step=143500  E=3.721057662289e+02  Q=8.550000000000e+02  λ=7.775585e-01  dt=1.397e-03  relΔE=6.981e-14  ||F||=6.124e-07
 step=144000  E=3.721057662187e+02  Q=8.550000000000e+02  λ=7.775585e-01  dt=1.081e-03  relΔE=4.995e-14  ||F||=5.586e-07
 step=144500  E=3.721057662091e+02  Q=8.550000000000e+02  λ=7.775585e-01  dt=8.370e-04  relΔE=3.544e-14  ||F||=5.108e-07
 step=145000  E=3.721057662004e+02  Q=8.550000000000e+02  λ=7.775585e-01  dt=1.296e-03  relΔE=4.995e-14  ||F||=4.676e-07
 step=145500  E=3.721057661926e+02  Q=8.550000000000e+02  λ=7.775585e-01  dt=1.003e-03  relΔE=3.544e-14  ||F||=4.286e-07
 step=146000  E=3.721057661851e+02  Q=8.550000000000e+02  λ=7.775585e-01  dt=7.761e-04  relΔE=2.536e-14  ||F||=3.915e-07
 step=146500  E=3.721057661786e+02  Q=8.550000000000e+02  λ=7.775584e-01  dt=1.201e-03  relΔE=3.575e-14  ||F||=3.591e-07
 step=147000  E=3.721057661725e+02  Q=8.550000000000e+02  λ=7.775584e-01  dt=9.298e-04  relΔE=2.551e-14  ||F||=3.287e-07
 step=147500  E=3.721057661667e+02  Q=8.550000000000e+02  λ=7.775584e-01  dt=1.439e-03  relΔE=3.575e-14  ||F||=2.016e-06
 step=148000  E=3.721057661617e+02  Q=8.550000000000e+02  λ=7.775584e-01  dt=1.114e-03  relΔE=2.566e-14  ||F||=2.757e-07
 step=148500  E=3.721057661569e+02  Q=8.550000000000e+02  λ=7.775584e-01  dt=8.621e-04  relΔE=1.833e-14  ||F||=2.522e-07
 step=149000  E=3.721057661526e+02  Q=8.550000000000e+02  λ=7.775584e-01  dt=1.335e-03  relΔE=2.582e-14  ||F||=2.308e-07
 step=149500  E=3.721057661487e+02  Q=8.550000000000e+02  λ=7.775584e-01  dt=1.033e-03  relΔE=1.848e-14  ||F||=2.117e-07
 step=150000  E=3.721057661450e+02  Q=8.550000000000e+02  λ=7.775584e-01  dt=7.994e-04  relΔE=1.329e-14  ||F||=1.936e-07
 step=150500  E=3.721057661417e+02  Q=8.550000000000e+02  λ=7.775584e-01  dt=1.237e-03  relΔE=1.848e-14  ||F||=1.774e-07
 step=151000  E=3.721057661387e+02  Q=8.550000000000e+02  λ=7.775584e-01  dt=9.577e-04  relΔE=1.298e-14  ||F||=1.626e-07
 step=151500  E=3.721057661358e+02  Q=8.550000000000e+02  λ=7.775584e-01  dt=7.413e-04  relΔE=9.318e-15  ||F||=5.761e-06
 step=152000  E=3.721057661333e+02  Q=8.550000000000e+02  λ=7.775584e-01  dt=1.147e-03  relΔE=1.344e-14  ||F||=1.364e-07
 step=152500  E=3.721057661309e+02  Q=8.550000000000e+02  λ=7.775584e-01  dt=8.881e-04  relΔE=9.318e-15  ||F||=1.249e-07
 step=153000  E=3.721057661287e+02  Q=8.550000000000e+02  λ=7.775584e-01  dt=1.375e-03  relΔE=1.329e-14  ||F||=1.148e-07
 step=153500  E=3.721057661268e+02  Q=8.550000000000e+02  λ=7.775584e-01  dt=1.064e-03  relΔE=9.624e-15  ||F||=1.049e-07
 step=154000  E=3.721057661249e+02  Q=8.550000000000e+02  λ=7.775584e-01  dt=8.235e-04  relΔE=7.333e-15  ||F||=9.598e-08
 step=154500  E=3.721057661233e+02  Q=8.550000000000e+02  λ=7.775584e-01  dt=1.275e-03  relΔE=9.166e-15  ||F||=8.795e-08
 step=155000  E=3.721057661218e+02  Q=8.550000000000e+02  λ=7.775584e-01  dt=9.865e-04  relΔE=5.958e-15  ||F||=8.068e-08
 step=155500  E=3.721057661204e+02  Q=8.550000000000e+02  λ=7.775584e-01  dt=1.273e-03  relΔE=8.555e-15  ||F||=7.407e-08
 step=156000  E=3.721057661191e+02  Q=8.550000000000e+02  λ=7.775584e-01  dt=9.849e-04  relΔE=5.652e-15  ||F||=6.796e-08
 step=156500  E=3.721057661179e+02  Q=8.550000000000e+02  λ=7.775584e-01  dt=7.623e-04  relΔE=4.277e-15  ||F||=6.212e-08
 step=157000  E=3.721057661169e+02  Q=8.550000000000e+02  λ=7.775584e-01  dt=1.180e-03  relΔE=5.652e-15  ||F||=5.705e-08
 step=157500  E=3.721057661159e+02  Q=8.550000000000e+02  λ=7.775584e-01  dt=9.133e-04  relΔE=3.819e-15  ||F||=5.226e-08
 Converged (aggressive): step=157756, E=3.721057661154e+02, Q=8.550000000000e+02, dt=1.136e-03, ||F||=5.000e-08

Stationary candidate (aggressive): E=3.721057661154e+02, Q=8.550000000000e+02, maxρ=6.818508e-01

=== Stability test (damped inertial dynamics) ===
Perturb eps=0.02, gamma=1
t=0: E=4.140358353359e+02, Q=8.550000000000e+02, maxρ=7.033709e-01, σ=2.727162e+00, Rc=1.825633e+01
 step=     1  E=4.140356242099e+02  Q=8.550000000000e+02  λ=1.165577e+00  maxρ=7.033709e-01  minρ=3.778e-10  σ=2.727162e+00  Rc=1.825633e+01
 step=   300  E=4.053798201624e+02  Q=8.550000000000e+02  λ=1.062087e+00  maxρ=7.021778e-01  minρ=3.787e-10  σ=2.727159e+00  Rc=1.825633e+01
 step=   600  E=3.879789810736e+02  Q=8.550000000000e+02  λ=8.748032e-01  maxρ=6.988138e-01  minρ=3.814e-10  σ=2.727153e+00  Rc=1.825634e+01
 step=   900  E=3.778116494020e+02  Q=8.550000000000e+02  λ=8.153854e-01  maxρ=6.938380e-01  minρ=3.788e-10  σ=2.727152e+00  Rc=1.825633e+01
 step=  1200  E=3.817156125171e+02  Q=8.550000000000e+02  λ=9.236685e-01  maxρ=6.916546e-01  minρ=3.746e-10  σ=2.727154e+00  Rc=1.825633e+01
 step=  1500  E=3.921641612998e+02  Q=8.550000000000e+02  λ=1.040739e+00  maxρ=6.958750e-01  minρ=3.720e-10  σ=2.727156e+00  Rc=1.825632e+01
 step=  1800  E=3.974898162944e+02  Q=8.550000000000e+02  λ=1.026317e+00  maxρ=6.981020e-01  minρ=3.718e-10  σ=2.727153e+00  Rc=1.825632e+01
 step=  2100  E=3.943470484525e+02  Q=8.550000000000e+02  λ=9.242504e-01  maxρ=6.945478e-01  minρ=3.720e-10  σ=2.727150e+00  Rc=1.825633e+01
 step=  2400  E=3.888345140264e+02  Q=8.550000000000e+02  λ=8.773508e-01  maxρ=6.877570e-01  minρ=3.697e-10  σ=2.727150e+00  Rc=1.825633e+01
 step=  2700  E=3.874783361563e+02  Q=8.550000000000e+02  λ=9.327845e-01  maxρ=6.913948e-01  minρ=3.621e-10  σ=2.727154e+00  Rc=1.825632e+01
 step=  3000  E=3.901376522784e+02  Q=8.550000000000e+02  λ=9.990907e-01  maxρ=7.000812e-01  minρ=3.605e-10  σ=2.727154e+00  Rc=1.825632e+01
 step=  3300  E=3.921420391515e+02  Q=8.550000000000e+02  λ=9.862568e-01  maxρ=7.018814e-01  minρ=3.662e-10  σ=2.727151e+00  Rc=1.825633e+01
 step=  3600  E=3.909172168719e+02  Q=8.550000000000e+02  λ=9.209172e-01  maxρ=6.968087e-01  minρ=3.703e-10  σ=2.727146e+00  Rc=1.825633e+01
 step=  3900  E=3.883875774738e+02  Q=8.550000000000e+02  λ=8.921811e-01  maxρ=6.967672e-01  minρ=3.717e-10  σ=2.727147e+00  Rc=1.825632e+01
 step=  4200  E=3.874825961097e+02  Q=8.550000000000e+02  λ=9.256229e-01  maxρ=6.943464e-01  minρ=3.611e-10  σ=2.727150e+00  Rc=1.825632e+01
 step=  4500  E=3.884126320474e+02  Q=8.550000000000e+02  λ=9.615064e-01  maxρ=6.929826e-01  minρ=3.510e-10  σ=2.727151e+00  Rc=1.825632e+01
 step=  4800  E=3.892102025727e+02  Q=8.550000000000e+02  λ=9.485557e-01  maxρ=6.954391e-01  minρ=3.471e-10  σ=2.727147e+00  Rc=1.825632e+01
 step=  5100  E=3.887266699825e+02  Q=8.550000000000e+02  λ=9.102149e-01  maxρ=6.962956e-01  minρ=3.506e-10  σ=2.727142e+00  Rc=1.825632e+01
 step=  5400  E=3.877500400813e+02  Q=8.550000000000e+02  λ=9.000743e-01  maxρ=6.954769e-01  minρ=3.436e-10  σ=2.727141e+00  Rc=1.825632e+01
 step=  5700  E=3.873930108503e+02  Q=8.550000000000e+02  λ=9.245908e-01  maxρ=6.931026e-01  minρ=3.340e-10  σ=2.727142e+00  Rc=1.825631e+01
 step=  6000  E=3.875726696538e+02  Q=8.550000000000e+02  λ=9.423327e-01  maxρ=6.917137e-01  minρ=3.326e-10  σ=2.727143e+00  Rc=1.825631e+01
 >>> No runaway detected in this horizon. Likely stable (within this model & box).

STABILITY: PASS
