
=== Aggressive relaxation to Q = 384 ===
Initial: E=2.419430596744e+02, Q=3.840000000000e+02, dt=1.000e-04
 step=     1  E=2.419384639439e+02  Q=3.840000000000e+02  λ=1.164656e+00  dt=1.000e-04  relΔE=1.900e-05  ||F||=3.464e-01
 step=   500  E=2.366222966353e+02  Q=3.840000000000e+02  λ=1.135600e+00  dt=6.192e-04  relΔE=7.972e-05  ||F||=3.090e-01
 step=  1000  E=2.242753525762e+02  Q=3.840000000000e+02  λ=1.069806e+00  dt=9.584e-04  relΔE=6.496e-05  ||F||=2.182e-01
 step=  1500  E=2.171706039798e+02  Q=3.840000000000e+02  λ=1.033805e+00  dt=1.484e-03  relΔE=5.742e-05  ||F||=1.623e-01
 step=  2000  E=2.131538560595e+02  Q=3.840000000000e+02  λ=1.014506e+00  dt=1.148e-03  relΔE=2.882e-05  ||F||=1.294e-01
 step=  2500  E=2.103972252491e+02  Q=3.840000000000e+02  λ=1.001983e+00  dt=8.887e-04  relΔE=1.551e-05  ||F||=1.072e-01
 step=  3000  E=2.084752215057e+02  Q=3.840000000000e+02  λ=9.937288e-01  dt=1.376e-03  relΔE=1.791e-05  ||F||=9.218e-02
 step=  3500  E=2.070185211063e+02  Q=3.840000000000e+02  λ=9.877694e-01  dt=1.065e-03  relΔE=1.098e-05  ||F||=8.173e-02
 step=  4000  E=2.058134022829e+02  Q=3.840000000000e+02  λ=9.830531e-01  dt=8.241e-04  relΔE=7.024e-06  ||F||=7.410e-02
 step=  4500  E=2.048464255104e+02  Q=3.840000000000e+02  λ=9.794091e-01  dt=1.276e-03  relΔE=9.249e-06  ||F||=6.817e-02
 step=  5000  E=2.039998113558e+02  Q=3.840000000000e+02  λ=9.763079e-01  dt=9.873e-04  relΔE=6.266e-06  ||F||=6.365e-02
 step=  5500  E=2.032346672455e+02  Q=3.840000000000e+02  λ=9.735783e-01  dt=1.528e-03  relΔE=8.604e-06  ||F||=9.304e-02
 step=  6000  E=2.025873760886e+02  Q=3.840000000000e+02  λ=9.713054e-01  dt=1.183e-03  relΔE=6.057e-06  ||F||=5.697e-02
 step=  6500  E=2.019750659591e+02  Q=3.840000000000e+02  λ=9.691909e-01  dt=9.154e-04  relΔE=4.284e-06  ||F||=5.437e-02
 step=  7000  E=2.014186102206e+02  Q=3.840000000000e+02  λ=9.672966e-01  dt=1.417e-03  relΔE=6.114e-06  ||F||=5.213e-02
 step=  7500  E=2.009144803257e+02  Q=3.840000000000e+02  λ=9.655967e-01  dt=1.097e-03  relΔE=4.398e-06  ||F||=5.020e-02
 step=  8000  E=2.004305601999e+02  Q=3.840000000000e+02  λ=9.639809e-01  dt=8.488e-04  relΔE=3.176e-06  ||F||=4.842e-02
 step=  8500  E=1.999916481908e+02  Q=3.840000000000e+02  λ=9.625296e-01  dt=1.314e-03  relΔE=4.609e-06  ||F||=4.684e-02
 step=  9000  E=1.995783697888e+02  Q=3.840000000000e+02  λ=9.611722e-01  dt=1.017e-03  relΔE=3.358e-06  ||F||=4.540e-02
 step=  9500  E=1.991763820806e+02  Q=3.840000000000e+02  λ=9.598651e-01  dt=7.871e-04  relΔE=2.507e-06  ||F||=8.648e-02
 step= 10000  E=1.988186661473e+02  Q=3.840000000000e+02  λ=9.587061e-01  dt=1.218e-03  relΔE=3.596e-06  ||F||=4.283e-02
 step= 10500  E=1.984668978056e+02  Q=3.840000000000e+02  λ=9.575761e-01  dt=9.430e-04  relΔE=2.641e-06  ||F||=4.169e-02
 step= 11000  E=1.981316251545e+02  Q=3.840000000000e+02  λ=9.565082e-01  dt=1.460e-03  relΔE=3.884e-06  ||F||=4.060e-02
 step= 11500  E=1.978232256693e+02  Q=3.840000000000e+02  λ=9.555316e-01  dt=1.130e-03  relΔE=2.868e-06  ||F||=3.962e-02
 step= 12000  E=1.975194818962e+02  Q=3.840000000000e+02  λ=9.545769e-01  dt=8.744e-04  relΔE=2.118e-06  ||F||=3.868e-02
 step= 12500  E=1.972349614664e+02  Q=3.840000000000e+02  λ=9.536904e-01  dt=1.353e-03  relΔE=3.137e-06  ||F||=3.780e-02
 step= 13000  E=1.969643307276e+02  Q=3.840000000000e+02  λ=9.528524e-01  dt=1.048e-03  relΔE=2.327e-06  ||F||=3.699e-02
 step= 13500  E=1.966964664290e+02  Q=3.840000000000e+02  λ=9.520297e-01  dt=8.108e-04  relΔE=1.749e-06  ||F||=3.643e-02
 step= 14000  E=1.964507776454e+02  Q=3.840000000000e+02  λ=9.512815e-01  dt=1.255e-03  relΔE=2.573e-06  ||F||=3.548e-02
 step= 14500  E=1.962094126438e+02  Q=3.840000000000e+02  λ=9.505515e-01  dt=9.713e-04  relΔE=1.918e-06  ||F||=3.480e-02
 step= 15000  E=1.959722193228e+02  Q=3.840000000000e+02  λ=9.498409e-01  dt=1.504e-03  relΔE=2.859e-06  ||F||=3.434e-02
 step= 15500  E=1.957543766732e+02  Q=3.840000000000e+02  λ=9.491927e-01  dt=1.164e-03  relΔE=2.139e-06  ||F||=3.354e-02
 step= 16000  E=1.955357900089e+02  Q=3.840000000000e+02  λ=9.485477e-01  dt=9.007e-04  relΔE=1.600e-06  ||F||=3.295e-02
 step= 16500  E=1.953369773231e+02  Q=3.840000000000e+02  λ=9.479663e-01  dt=1.162e-03  relΔE=2.002e-06  ||F||=3.244e-02
 step= 17000  E=1.951322515207e+02  Q=3.840000000000e+02  λ=9.473719e-01  dt=8.992e-04  relΔE=1.502e-06  ||F||=3.192e-02
 step= 17500  E=1.949355523554e+02  Q=3.840000000000e+02  λ=9.468063e-01  dt=1.392e-03  relΔE=2.257e-06  ||F||=3.144e-02
 step= 18000  E=1.947475911742e+02  Q=3.840000000000e+02  λ=9.462695e-01  dt=1.077e-03  relΔE=1.699e-06  ||F||=3.099e-02
 step= 18500  E=1.945591337454e+02  Q=3.840000000000e+02  λ=9.457357e-01  dt=8.338e-04  relΔE=1.280e-06  ||F||=3.056e-02
 step= 19000  E=1.943817402474e+02  Q=3.840000000000e+02  λ=9.452378e-01  dt=1.291e-03  relΔE=1.932e-06  ||F||=3.016e-02
 step= 19500  E=1.942069053445e+02  Q=3.840000000000e+02  λ=9.447502e-01  dt=9.989e-04  relΔE=1.460e-06  ||F||=2.979e-02
 step= 20000  E=1.940303966674e+02  Q=3.840000000000e+02  λ=9.443526e-01  dt=1.546e-03  relΔE=1.754e-06  ||F||=4.286e-01
 step= 20500  E=1.938683129101e+02  Q=3.840000000000e+02  λ=9.438168e-01  dt=1.197e-03  relΔE=1.674e-06  ||F||=2.912e-02
 step= 21000  E=1.937029328083e+02  Q=3.840000000000e+02  λ=9.433653e-01  dt=9.263e-04  relΔE=1.270e-06  ||F||=2.881e-02
 step= 21500  E=1.935412041377e+02  Q=3.840000000000e+02  λ=9.429272e-01  dt=1.434e-03  relΔE=1.929e-06  ||F||=2.853e-02
 step= 22000  E=1.933865956117e+02  Q=3.840000000000e+02  λ=9.425102e-01  dt=1.110e-03  relΔE=1.468e-06  ||F||=2.828e-02
 step= 22500  E=1.932290575619e+02  Q=3.840000000000e+02  λ=9.420876e-01  dt=8.589e-04  relΔE=1.118e-06  ||F||=2.804e-02
 step= 23000  E=1.930780004786e+02  Q=3.840000000000e+02  λ=9.416847e-01  dt=1.329e-03  relΔE=1.705e-06  ||F||=2.782e-02
 step= 23500  E=1.929291914553e+02  Q=3.840000000000e+02  λ=9.412888e-01  dt=1.029e-03  relΔE=1.303e-06  ||F||=2.763e-02
 step= 24000  E=1.927772516280e+02  Q=3.840000000000e+02  λ=9.408860e-01  dt=7.964e-04  relΔE=9.972e-07  ||F||=2.747e-02
 step= 24500  E=1.926344463343e+02  Q=3.840000000000e+02  λ=9.405086e-01  dt=1.233e-03  relΔE=1.526e-06  ||F||=2.730e-02
 step= 25000  E=1.924892534639e+02  Q=3.840000000000e+02  λ=9.401250e-01  dt=9.541e-04  relΔE=1.170e-06  ||F||=2.716e-02
 step= 25500  E=1.923433820022e+02  Q=3.840000000000e+02  λ=9.397403e-01  dt=1.477e-03  relΔE=1.796e-06  ||F||=2.704e-02
 step= 26000  E=1.922044336244e+02  Q=3.840000000000e+02  λ=9.393732e-01  dt=1.143e-03  relΔE=1.381e-06  ||F||=2.694e-02
 step= 26500  E=1.920614574929e+02  Q=3.840000000000e+02  λ=9.389948e-01  dt=8.847e-04  relΔE=1.063e-06  ||F||=2.686e-02
 step= 27000  E=1.919212627776e+02  Q=3.840000000000e+02  λ=9.386233e-01  dt=1.369e-03  relΔE=1.639e-06  ||F||=2.680e-02
 step= 27500  E=1.917828182165e+02  Q=3.840000000000e+02  λ=9.382544e-01  dt=1.060e-03  relΔE=1.265e-06  ||F||=2.675e-02
 step= 28000  E=1.916403435585e+02  Q=3.840000000000e+02  λ=9.378730e-01  dt=8.203e-04  relΔE=9.782e-07  ||F||=2.673e-02
 step= 28500  E=1.915035493005e+02  Q=3.840000000000e+02  λ=9.375049e-01  dt=1.270e-03  relΔE=1.514e-06  ||F||=2.672e-02
 step= 29000  E=1.913643893510e+02  Q=3.840000000000e+02  λ=9.371272e-01  dt=9.828e-04  relΔE=1.173e-06  ||F||=2.672e-02
 step= 29500  E=1.912212908161e+02  Q=3.840000000000e+02  λ=9.367364e-01  dt=1.521e-03  relΔE=1.819e-06  ||F||=4.391e-02
 step= 30000  E=1.910855813060e+02  Q=3.840000000000e+02  λ=9.363604e-01  dt=1.177e-03  relΔE=1.415e-06  ||F||=2.679e-02
 step= 30500  E=1.909436169829e+02  Q=3.840000000000e+02  λ=9.359635e-01  dt=9.113e-04  relΔE=1.101e-06  ||F||=2.685e-02
 step= 31000  E=1.908017820895e+02  Q=3.840000000000e+02  λ=9.355623e-01  dt=1.411e-03  relΔE=1.715e-06  ||F||=2.693e-02
 step= 31500  E=1.906619109086e+02  Q=3.840000000000e+02  λ=9.351609e-01  dt=1.092e-03  relΔE=1.338e-06  ||F||=2.702e-02
 step= 32000  E=1.905160625434e+02  Q=3.840000000000e+02  λ=9.347361e-01  dt=8.450e-04  relΔE=1.045e-06  ||F||=2.714e-02
 step= 32500  E=1.903734114949e+02  Q=3.840000000000e+02  λ=9.343145e-01  dt=1.308e-03  relΔE=1.634e-06  ||F||=2.726e-02
 step= 33000  E=1.902283784085e+02  Q=3.840000000000e+02  λ=9.338781e-01  dt=1.012e-03  relΔE=1.279e-06  ||F||=2.741e-02
 step= 33500  E=1.900765162986e+02  Q=3.840000000000e+02  λ=9.334135e-01  dt=7.835e-04  relΔE=1.005e-06  ||F||=4.450e-02
 step= 34000  E=1.899314135401e+02  Q=3.840000000000e+02  λ=9.329605e-01  dt=1.213e-03  relΔE=1.573e-06  ||F||=2.775e-02
 step= 34500  E=1.897790725714e+02  Q=3.840000000000e+02  λ=9.324756e-01  dt=9.387e-04  relΔE=1.236e-06  ||F||=2.794e-02
 step= 35000  E=1.896236407294e+02  Q=3.840000000000e+02  λ=9.319713e-01  dt=1.453e-03  relΔE=1.943e-06  ||F||=2.815e-02
 step= 35500  E=1.894706621741e+02  Q=3.840000000000e+02  λ=9.314637e-01  dt=1.125e-03  relΔE=1.529e-06  ||F||=2.838e-02
 step= 36000  E=1.893097247315e+02  Q=3.840000000000e+02  λ=9.309180e-01  dt=8.704e-04  relΔE=1.205e-06  ||F||=2.862e-02
 step= 36500  E=1.891491599702e+02  Q=3.840000000000e+02  λ=9.303619e-01  dt=1.347e-03  relΔE=1.900e-06  ||F||=2.887e-02
 step= 37000  E=1.889865841628e+02  Q=3.840000000000e+02  λ=9.297853e-01  dt=1.043e-03  relΔE=1.499e-06  ||F||=2.914e-02
 step= 37500  E=1.888150498690e+02  Q=3.840000000000e+02  λ=9.291626e-01  dt=8.071e-04  relΔE=1.185e-06  ||F||=2.943e-02
 step= 38000  E=1.886480727273e+02  Q=3.840000000000e+02  λ=9.285427e-01  dt=1.249e-03  relΔE=1.870e-06  ||F||=2.971e-02
 step= 38500  E=1.884764848441e+02  Q=3.840000000000e+02  λ=9.278897e-01  dt=8.058e-04  relΔE=1.232e-06  ||F||=3.001e-02
 step= 39000  E=1.883025099111e+02  Q=3.840000000000e+02  λ=9.272129e-01  dt=1.247e-03  relΔE=1.948e-06  ||F||=3.031e-02
 step= 39500  E=1.881205057306e+02  Q=3.840000000000e+02  λ=9.264869e-01  dt=9.654e-04  relΔE=1.541e-06  ||F||=3.064e-02
 step= 40000  E=1.879313146124e+02  Q=3.840000000000e+02  λ=9.257145e-01  dt=1.494e-03  relΔE=2.440e-06  ||F||=3.101e-02
 step= 40500  E=1.877469291559e+02  Q=3.840000000000e+02  λ=9.249424e-01  dt=1.157e-03  relΔE=1.930e-06  ||F||=3.129e-02
 step= 41000  E=1.875506306759e+02  Q=3.840000000000e+02  λ=9.241006e-01  dt=8.952e-04  relΔE=1.528e-06  ||F||=3.163e-02
 step= 41500  E=1.873526600991e+02  Q=3.840000000000e+02  λ=9.232320e-01  dt=1.386e-03  relΔE=2.418e-06  ||F||=3.197e-02
 step= 42000  E=1.871534240612e+02  Q=3.840000000000e+02  λ=9.223357e-01  dt=1.072e-03  relΔE=1.912e-06  ||F||=3.230e-02
 step= 42500  E=1.869434149233e+02  Q=3.840000000000e+02  λ=9.213683e-01  dt=8.300e-04  relΔE=1.513e-06  ||F||=3.263e-02
 step= 43000  E=1.867364670331e+02  Q=3.840000000000e+02  λ=9.203935e-01  dt=1.285e-03  relΔE=2.389e-06  ||F||=3.294e-02
 step= 43500  E=1.865230379693e+02  Q=3.840000000000e+02  λ=9.193636e-01  dt=9.944e-04  relΔE=1.886e-06  ||F||=3.325e-02
 step= 44000  E=1.862985906669e+02  Q=3.840000000000e+02  λ=9.182766e-01  dt=1.539e-03  relΔE=2.889e-06  ||F||=2.041e-01
 step= 44500  E=1.860835500844e+02  Q=3.840000000000e+02  λ=9.171703e-01  dt=1.191e-03  relΔE=2.342e-06  ||F||=3.381e-02
 step= 45000  E=1.858560653357e+02  Q=3.840000000000e+02  λ=9.159956e-01  dt=9.221e-04  relΔE=1.842e-06  ||F||=3.407e-02
 step= 45500  E=1.856259436789e+02  Q=3.840000000000e+02  λ=9.147821e-01  dt=1.427e-03  relΔE=2.893e-06  ||F||=3.429e-02
 step= 46000  E=1.853982629628e+02  Q=3.840000000000e+02  λ=9.135537e-01  dt=1.105e-03  relΔE=2.267e-06  ||F||=3.448e-02
 step= 46500  E=1.851606581632e+02  Q=3.840000000000e+02  λ=9.122441e-01  dt=8.550e-04  relΔE=1.773e-06  ||F||=3.464e-02
 step= 47000  E=1.849274642795e+02  Q=3.840000000000e+02  λ=9.109330e-01  dt=1.323e-03  relΔE=2.765e-06  ||F||=3.475e-02
 step= 47500  E=1.846922554045e+02  Q=3.840000000000e+02  λ=9.095812e-01  dt=1.024e-03  relΔE=2.152e-06  ||F||=3.482e-02
 step= 48000  E=1.844481489633e+02  Q=3.840000000000e+02  λ=9.081489e-01  dt=7.928e-04  relΔE=1.671e-06  ||F||=3.492e-02
 step= 48500  E=1.842172606939e+02  Q=3.840000000000e+02  λ=9.067680e-01  dt=1.227e-03  relΔE=2.583e-06  ||F||=3.481e-02
 step= 49000  E=1.839795064563e+02  Q=3.840000000000e+02  λ=9.053157e-01  dt=9.498e-04  relΔE=1.992e-06  ||F||=3.472e-02
 step= 49500  E=1.837407078164e+02  Q=3.840000000000e+02  λ=9.038293e-01  dt=1.470e-03  relΔE=3.060e-06  ||F||=3.457e-02
 step= 50000  E=1.835133541177e+02  Q=3.840000000000e+02  λ=9.023839e-01  dt=1.138e-03  relΔE=2.344e-06  ||F||=3.437e-02
 step= 50500  E=1.832808550847e+02  Q=3.840000000000e+02  λ=9.008767e-01  dt=8.807e-04  relΔE=1.787e-06  ||F||=3.409e-02
 step= 51000  E=1.830566643583e+02  Q=3.840000000000e+02  λ=8.993961e-01  dt=1.363e-03  relΔE=2.715e-06  ||F||=3.375e-02
 step= 51500  E=1.828391351180e+02  Q=3.840000000000e+02  λ=8.979292e-01  dt=1.055e-03  relΔE=2.055e-06  ||F||=3.336e-02
 step= 52000  E=1.826196301702e+02  Q=3.840000000000e+02  λ=8.964196e-01  dt=8.166e-04  relΔE=1.547e-06  ||F||=3.288e-02
 step= 52500  E=1.824153806633e+02  Q=3.840000000000e+02  λ=8.949882e-01  dt=1.264e-03  relΔE=2.322e-06  ||F||=3.236e-02
 step= 53000  E=1.822146714869e+02  Q=3.840000000000e+02  λ=8.935516e-01  dt=9.784e-04  relΔE=1.734e-06  ||F||=3.177e-02
 step= 53500  E=1.820167953722e+02  Q=3.840000000000e+02  λ=8.921080e-01  dt=1.514e-03  relΔE=2.575e-06  ||F||=3.411e-02
 step= 54000  E=1.818370430498e+02  Q=3.840000000000e+02  λ=8.907671e-01  dt=1.172e-03  relΔE=1.909e-06  ||F||=3.042e-02
 step= 54500  E=1.816586859816e+02  Q=3.840000000000e+02  λ=8.894089e-01  dt=9.072e-04  relΔE=1.405e-06  ||F||=2.965e-02
 step= 55000  E=1.814908399325e+02  Q=3.840000000000e+02  λ=8.881044e-01  dt=1.404e-03  relΔE=2.061e-06  ||F||=2.885e-02
 step= 55500  E=1.813351237150e+02  Q=3.840000000000e+02  λ=8.868657e-01  dt=1.087e-03  relΔE=1.506e-06  ||F||=2.802e-02
 step= 56000  E=1.811836804763e+02  Q=3.840000000000e+02  λ=8.856335e-01  dt=8.412e-04  relΔE=1.094e-06  ||F||=2.713e-02
 step= 56500  E=1.810463282107e+02  Q=3.840000000000e+02  λ=8.844908e-01  dt=1.302e-03  relΔE=1.585e-06  ||F||=2.624e-02
 step= 57000  E=1.809171899626e+02  Q=3.840000000000e+02  λ=8.833892e-01  dt=1.008e-03  relΔE=1.143e-06  ||F||=2.531e-02
 step= 57500  E=1.807932957376e+02  Q=3.840000000000e+02  λ=8.823086e-01  dt=7.800e-04  relΔE=8.266e-07  ||F||=8.243e-02
 step= 58000  E=1.806854246772e+02  Q=3.840000000000e+02  λ=8.813385e-01  dt=1.207e-03  relΔE=1.173e-06  ||F||=2.342e-02
 step= 58500  E=1.805820549767e+02  Q=3.840000000000e+02  λ=8.803858e-01  dt=9.345e-04  relΔE=8.349e-07  ||F||=2.245e-02
 step= 59000  E=1.804868531111e+02  Q=3.840000000000e+02  λ=8.794848e-01  dt=1.447e-03  relΔE=1.184e-06  ||F||=2.148e-02
 step= 59500  E=1.804024154008e+02  Q=3.840000000000e+02  λ=8.786613e-01  dt=1.120e-03  relΔE=8.384e-07  ||F||=2.054e-02
 step= 60000  E=1.803226323606e+02  Q=3.840000000000e+02  λ=8.778597e-01  dt=8.665e-04  relΔE=5.899e-07  ||F||=1.958e-02
 step= 60500  E=1.802548377853e+02  Q=3.840000000000e+02  λ=8.771581e-01  dt=1.118e-03  relΔE=6.941e-07  ||F||=1.870e-02
 step= 61000  E=1.801890424810e+02  Q=3.840000000000e+02  λ=8.764547e-01  dt=8.651e-04  relΔE=4.854e-07  ||F||=1.777e-02
 step= 61500  E=1.801334520947e+02  Q=3.840000000000e+02  λ=8.758411e-01  dt=1.116e-03  relΔE=5.680e-07  ||F||=1.692e-02
 step= 62000  E=1.800797898374e+02  Q=3.840000000000e+02  λ=8.752278e-01  dt=8.637e-04  relΔE=3.950e-07  ||F||=1.604e-02
 step= 62500  E=1.800346793927e+02  Q=3.840000000000e+02  λ=8.746942e-01  dt=1.114e-03  relΔE=4.601e-07  ||F||=1.524e-02
 step= 63000  E=1.799912261111e+02  Q=3.840000000000e+02  λ=8.741605e-01  dt=8.623e-04  relΔE=3.183e-07  ||F||=1.441e-02
 step= 63500  E=1.799531903866e+02  Q=3.840000000000e+02  λ=8.736756e-01  dt=1.335e-03  relΔE=4.406e-07  ||F||=1.362e-02
 step= 64000  E=1.799193551661e+02  Q=3.840000000000e+02  λ=8.732261e-01  dt=1.033e-03  relΔE=3.044e-07  ||F||=1.287e-02
 step= 64500  E=1.798882328811e+02  Q=3.840000000000e+02  λ=8.727952e-01  dt=7.996e-04  relΔE=2.091e-07  ||F||=1.212e-02
 step= 65000  E=1.798618812382e+02  Q=3.840000000000e+02  λ=8.724149e-01  dt=1.238e-03  relΔE=2.884e-07  ||F||=1.144e-02
 step= 65500  E=1.798378776592e+02  Q=3.840000000000e+02  λ=8.720527e-01  dt=9.579e-04  relΔE=1.980e-07  ||F||=1.077e-02
 step= 66000  E=1.798162554799e+02  Q=3.840000000000e+02  λ=8.717117e-01  dt=1.483e-03  relΔE=2.709e-07  ||F||=1.013e-02
 step= 66500  E=1.797979604536e+02  Q=3.840000000000e+02  λ=8.714090e-01  dt=1.148e-03  relΔE=1.861e-07  ||F||=9.538e-03
 step= 67000  E=1.797811152654e+02  Q=3.840000000000e+02  λ=8.711169e-01  dt=8.882e-04  relΔE=1.270e-07  ||F||=8.956e-03
 step= 67500  E=1.797664660978e+02  Q=3.840000000000e+02  λ=8.708503e-01  dt=1.375e-03  relΔE=1.735e-07  ||F||=8.414e-03
 step= 68000  E=1.797536994809e+02  Q=3.840000000000e+02  λ=8.706059e-01  dt=1.064e-03  relΔE=1.186e-07  ||F||=7.906e-03
 step= 68500  E=1.797420857757e+02  Q=3.840000000000e+02  λ=8.703719e-01  dt=8.236e-04  relΔE=8.066e-08  ||F||=7.410e-03
 step= 69000  E=1.797322238349e+02  Q=3.840000000000e+02  λ=8.701627e-01  dt=1.275e-03  relΔE=1.101e-07  ||F||=6.959e-03
 step= 69500  E=1.797234407680e+02  Q=3.840000000000e+02  λ=8.699661e-01  dt=9.867e-04  relΔE=7.503e-08  ||F||=6.528e-03
 step= 70000  E=1.797154684875e+02  Q=3.840000000000e+02  λ=8.697794e-01  dt=1.527e-03  relΔE=9.520e-08  ||F||=5.682e-02
 step= 70500  E=1.797088925089e+02  Q=3.840000000000e+02  λ=8.696135e-01  dt=1.182e-03  relΔE=6.949e-08  ||F||=5.738e-03
 step= 71000  E=1.797028566909e+02  Q=3.840000000000e+02  λ=8.694542e-01  dt=9.149e-04  relΔE=4.719e-08  ||F||=5.374e-03
 step= 71500  E=1.796975659499e+02  Q=3.840000000000e+02  λ=8.693065e-01  dt=1.416e-03  relΔE=6.407e-08  ||F||=5.032e-03
 step= 72000  E=1.796930374233e+02  Q=3.840000000000e+02  λ=8.691725e-01  dt=1.096e-03  relΔE=4.363e-08  ||F||=4.719e-03
 step= 72500  E=1.796889280487e+02  Q=3.840000000000e+02  λ=8.690437e-01  dt=8.484e-04  relΔE=2.957e-08  ||F||=4.416e-03
 step= 73000  E=1.796854105196e+02  Q=3.840000000000e+02  λ=8.689268e-01  dt=1.313e-03  relΔE=4.021e-08  ||F||=4.138e-03
 step= 73500  E=1.796823265077e+02  Q=3.840000000000e+02  λ=8.688181e-01  dt=1.016e-03  relΔE=2.734e-08  ||F||=3.877e-03
 step= 74000  E=1.796795253073e+02  Q=3.840000000000e+02  λ=8.687131e-01  dt=7.867e-04  relΔE=1.850e-08  ||F||=3.624e-03
 step= 74500  E=1.796771977037e+02  Q=3.840000000000e+02  λ=8.686206e-01  dt=1.218e-03  relΔE=2.521e-08  ||F||=3.400e-03
 step= 75000  E=1.796750901075e+02  Q=3.840000000000e+02  λ=8.685316e-01  dt=9.425e-04  relΔE=1.711e-08  ||F||=3.183e-03
 step= 75500  E=1.796732196919e+02  Q=3.840000000000e+02  λ=8.684477e-01  dt=1.459e-03  relΔE=2.319e-08  ||F||=2.978e-03
 step= 76000  E=1.796716432027e+02  Q=3.840000000000e+02  λ=8.683724e-01  dt=1.129e-03  relΔE=1.579e-08  ||F||=2.793e-03
 step= 76500  E=1.796702072818e+02  Q=3.840000000000e+02  λ=8.682996e-01  dt=8.739e-04  relΔE=1.071e-08  ||F||=2.613e-03
 step= 77000  E=1.796689659736e+02  Q=3.840000000000e+02  λ=8.682326e-01  dt=1.353e-03  relΔE=1.455e-08  ||F||=2.448e-03
 step= 77500  E=1.796678878280e+02  Q=3.840000000000e+02  λ=8.681707e-01  dt=1.047e-03  relΔE=9.900e-09  ||F||=2.294e-03
 step= 78000  E=1.796669114257e+02  Q=3.840000000000e+02  λ=8.681110e-01  dt=8.103e-04  relΔE=6.710e-09  ||F||=2.146e-03
 step= 78500  E=1.796660863260e+02  Q=3.840000000000e+02  λ=8.680574e-01  dt=1.254e-03  relΔE=9.143e-09  ||F||=2.013e-03
 step= 79000  E=1.796653510079e+02  Q=3.840000000000e+02  λ=8.680065e-01  dt=9.708e-04  relΔE=6.219e-09  ||F||=1.886e-03
 step= 79500  E=1.796646866570e+02  Q=3.840000000000e+02  λ=8.679577e-01  dt=1.503e-03  relΔE=8.404e-09  ||F||=3.791e-03
 step= 80000  E=1.796641350007e+02  Q=3.840000000000e+02  λ=8.679144e-01  dt=1.163e-03  relΔE=5.758e-09  ||F||=1.657e-03
 step= 80500  E=1.796636290660e+02  Q=3.840000000000e+02  λ=8.678722e-01  dt=9.002e-04  relΔE=3.912e-09  ||F||=1.551e-03
 step= 81000  E=1.796631877380e+02  Q=3.840000000000e+02  λ=8.678331e-01  dt=1.393e-03  relΔE=5.324e-09  ||F||=1.454e-03
 step= 81500  E=1.796628067319e+02  Q=3.840000000000e+02  λ=8.677971e-01  dt=1.078e-03  relΔE=3.632e-09  ||F||=1.364e-03
 step= 82000  E=1.796624610361e+02  Q=3.840000000000e+02  λ=8.677624e-01  dt=8.347e-04  relΔE=2.469e-09  ||F||=1.278e-03
 step= 82500  E=1.796621647193e+02  Q=3.840000000000e+02  λ=8.677308e-01  dt=1.292e-03  relΔE=3.369e-09  ||F||=1.199e-03
 step= 83000  E=1.796619031180e+02  Q=3.840000000000e+02  λ=8.677010e-01  dt=1.000e-03  relΔE=2.299e-09  ||F||=1.125e-03
 step= 83500  E=1.796616645411e+02  Q=3.840000000000e+02  λ=8.676722e-01  dt=7.740e-04  relΔE=1.562e-09  ||F||=1.059e-03
 step= 84000  E=1.796614664611e+02  Q=3.840000000000e+02  λ=8.676467e-01  dt=1.198e-03  relΔE=2.139e-09  ||F||=9.897e-04
 step= 84500  E=1.796612852216e+02  Q=3.840000000000e+02  λ=8.676220e-01  dt=9.273e-04  relΔE=1.458e-09  ||F||=9.282e-04
 step= 85000  E=1.796611242584e+02  Q=3.840000000000e+02  λ=8.675986e-01  dt=1.435e-03  relΔE=1.988e-09  ||F||=8.702e-04
 step= 85500  E=1.796609872026e+02  Q=3.840000000000e+02  λ=8.675774e-01  dt=1.111e-03  relΔE=1.361e-09  ||F||=8.177e-04
 step= 86000  E=1.796608620627e+02  Q=3.840000000000e+02  λ=8.675569e-01  dt=8.598e-04  relΔE=9.284e-10  ||F||=7.669e-04
 step= 86500  E=1.796607533617e+02  Q=3.840000000000e+02  λ=8.675380e-01  dt=1.331e-03  relΔE=1.270e-09  ||F||=7.200e-04
 step= 87000  E=1.796606581965e+02  Q=3.840000000000e+02  λ=8.675203e-01  dt=1.030e-03  relΔE=8.693e-10  ||F||=6.765e-04
 step= 87500  E=1.796605712532e+02  Q=3.840000000000e+02  λ=8.675033e-01  dt=7.973e-04  relΔE=5.930e-10  ||F||=6.343e-04
 step= 88000  E=1.796604976583e+02  Q=3.840000000000e+02  λ=8.674879e-01  dt=1.234e-03  relΔE=8.137e-10  ||F||=5.965e-04
 step= 88500  E=1.796604311910e+02  Q=3.840000000000e+02  λ=8.674732e-01  dt=9.551e-04  relΔE=5.571e-10  ||F||=5.602e-04
 step= 89000  E=1.796603711244e+02  Q=3.840000000000e+02  λ=8.674591e-01  dt=1.479e-03  relΔE=7.609e-10  ||F||=6.111e-04
 step= 89500  E=1.796603206005e+02  Q=3.840000000000e+02  λ=8.674465e-01  dt=1.144e-03  relΔE=5.233e-10  ||F||=4.945e-04
 step= 90000  E=1.796602739952e+02  Q=3.840000000000e+02  λ=8.674342e-01  dt=8.857e-04  relΔE=3.582e-10  ||F||=4.643e-04
 step= 90500  E=1.796602331228e+02  Q=3.840000000000e+02  λ=8.674228e-01  dt=1.371e-03  relΔE=4.911e-10  ||F||=4.362e-04
 step= 91000  E=1.796601975326e+02  Q=3.840000000000e+02  λ=8.674122e-01  dt=1.061e-03  relΔE=3.376e-10  ||F||=4.103e-04
 step= 91500  E=1.796601649446e+02  Q=3.840000000000e+02  λ=8.674020e-01  dt=8.212e-04  relΔE=2.312e-10  ||F||=3.853e-04
 step= 92000  E=1.796601368769e+02  Q=3.840000000000e+02  λ=8.673927e-01  dt=1.271e-03  relΔE=3.180e-10  ||F||=3.624e-04
 step= 92500  E=1.796601118210e+02  Q=3.840000000000e+02  λ=8.673839e-01  dt=9.839e-04  relΔE=2.187e-10  ||F||=3.408e-04
 step= 93000  E=1.796600887862e+02  Q=3.840000000000e+02  λ=8.673753e-01  dt=7.615e-04  relΔE=1.510e-10  ||F||=9.842e-04
 step= 93500  E=1.796600695804e+02  Q=3.840000000000e+02  λ=8.673677e-01  dt=1.179e-03  relΔE=2.068e-10  ||F||=3.014e-04
 step= 94000  E=1.796600517705e+02  Q=3.840000000000e+02  λ=8.673603e-01  dt=9.123e-04  relΔE=1.421e-10  ||F||=2.833e-04
 step= 94500  E=1.796600359502e+02  Q=3.840000000000e+02  λ=8.673533e-01  dt=1.412e-03  relΔE=1.955e-10  ||F||=2.663e-04
 step= 95000  E=1.796600222453e+02  Q=3.840000000000e+02  λ=8.673470e-01  dt=1.093e-03  relΔE=1.349e-10  ||F||=2.507e-04
 step= 95500  E=1.796600097003e+02  Q=3.840000000000e+02  λ=8.673408e-01  dt=8.459e-04  relΔE=9.287e-11  ||F||=2.357e-04
 step= 96000  E=1.796599986883e+02  Q=3.840000000000e+02  λ=8.673351e-01  dt=1.309e-03  relΔE=1.281e-10  ||F||=2.218e-04
 step= 96500  E=1.796599889356e+02  Q=3.840000000000e+02  λ=8.673298e-01  dt=1.013e-03  relΔE=8.849e-11  ||F||=2.088e-04
 step= 97000  E=1.796599799629e+02  Q=3.840000000000e+02  λ=8.673246e-01  dt=7.844e-04  relΔE=6.092e-11  ||F||=1.962e-04
 step= 97500  E=1.796599723236e+02  Q=3.840000000000e+02  λ=8.673200e-01  dt=1.214e-03  relΔE=8.439e-11  ||F||=1.849e-04
 step= 98000  E=1.796599654176e+02  Q=3.840000000000e+02  λ=8.673155e-01  dt=7.831e-04  relΔE=4.866e-11  ||F||=1.742e-04
 step= 98500  E=1.796599593032e+02  Q=3.840000000000e+02  λ=8.673114e-01  dt=1.212e-03  relΔE=6.748e-11  ||F||=1.642e-04
 step= 99000  E=1.796599537703e+02  Q=3.840000000000e+02  λ=8.673075e-01  dt=7.818e-04  relΔE=3.896e-11  ||F||=1.546e-04
 step= 99500  E=1.796599488723e+02  Q=3.840000000000e+02  λ=8.673039e-01  dt=1.210e-03  relΔE=5.409e-11  ||F||=1.458e-04
 step=100000  E=1.796599443629e+02  Q=3.840000000000e+02  λ=8.673004e-01  dt=9.367e-04  relΔE=3.746e-11  ||F||=1.372e-04
 step=100500  E=1.796599402711e+02  Q=3.840000000000e+02  λ=8.672970e-01  dt=1.450e-03  relΔE=5.183e-11  ||F||=1.293e-04
 step=101000  E=1.796599367626e+02  Q=3.840000000000e+02  λ=8.672940e-01  dt=1.122e-03  relΔE=3.605e-11  ||F||=1.217e-04
 step=101500  E=1.796599334952e+02  Q=3.840000000000e+02  λ=8.672910e-01  dt=8.685e-04  relΔE=2.499e-11  ||F||=1.145e-04
 step=102000  E=1.796599305994e+02  Q=3.840000000000e+02  λ=8.672883e-01  dt=1.344e-03  relΔE=3.471e-11  ||F||=1.078e-04
 step=102500  E=1.796599280388e+02  Q=3.840000000000e+02  λ=8.672857e-01  dt=1.041e-03  relΔE=2.416e-11  ||F||=1.016e-04
 step=103000  E=1.796599256598e+02  Q=3.840000000000e+02  λ=8.672832e-01  dt=8.054e-04  relΔE=1.677e-11  ||F||=9.560e-05
 step=103500  E=1.796599235919e+02  Q=3.840000000000e+02  λ=8.672810e-01  dt=1.247e-03  relΔE=2.339e-11  ||F||=9.012e-05
 step=104000  E=1.796599217120e+02  Q=3.840000000000e+02  λ=8.672788e-01  dt=9.649e-04  relΔE=1.630e-11  ||F||=8.491e-05
 step=104500  E=1.796599199646e+02  Q=3.840000000000e+02  λ=8.672768e-01  dt=1.494e-03  relΔE=2.096e-11  ||F||=9.292e-04
 step=105000  E=1.796599184847e+02  Q=3.840000000000e+02  λ=8.672749e-01  dt=1.156e-03  relΔE=1.586e-11  ||F||=7.536e-05
 step=105500  E=1.796599170912e+02  Q=3.840000000000e+02  λ=8.672731e-01  dt=8.947e-04  relΔE=1.106e-11  ||F||=7.095e-05
 step=106000  E=1.796599158387e+02  Q=3.840000000000e+02  λ=8.672714e-01  dt=1.385e-03  relΔE=1.545e-11  ||F||=6.682e-05
 step=106500  E=1.796599147330e+02  Q=3.840000000000e+02  λ=8.672698e-01  dt=1.072e-03  relΔE=1.083e-11  ||F||=6.302e-05
 step=107000  E=1.796599137021e+02  Q=3.840000000000e+02  λ=8.672683e-01  dt=8.296e-04  relΔE=7.568e-12  ||F||=5.932e-05
 step=107500  E=1.796599127885e+02  Q=3.840000000000e+02  λ=8.672669e-01  dt=1.284e-03  relΔE=1.061e-11  ||F||=5.592e-05
 step=108000  E=1.796599119643e+02  Q=3.840000000000e+02  λ=8.672656e-01  dt=9.939e-04  relΔE=7.448e-12  ||F||=5.272e-05
 step=108500  E=1.796599111895e+02  Q=3.840000000000e+02  λ=8.672643e-01  dt=7.692e-04  relΔE=5.212e-12  ||F||=4.960e-05
 step=109000  E=1.796599105248e+02  Q=3.840000000000e+02  λ=8.672632e-01  dt=1.191e-03  relΔE=7.343e-12  ||F||=4.682e-05
 step=109500  E=1.796599098994e+02  Q=3.840000000000e+02  λ=8.672621e-01  dt=9.216e-04  relΔE=5.160e-12  ||F||=4.411e-05
 step=110000  E=1.796599093275e+02  Q=3.840000000000e+02  λ=8.672610e-01  dt=1.427e-03  relΔE=7.252e-12  ||F||=4.154e-05
 step=110500  E=1.796599088257e+02  Q=3.840000000000e+02  λ=8.672601e-01  dt=1.104e-03  relΔE=5.119e-12  ||F||=3.920e-05
 step=111000  E=1.796599083536e+02  Q=3.840000000000e+02  λ=8.672591e-01  dt=8.545e-04  relΔE=3.605e-12  ||F||=3.692e-05
 step=111500  E=1.796599079278e+02  Q=3.840000000000e+02  λ=8.672583e-01  dt=1.323e-03  relΔE=5.088e-12  ||F||=3.480e-05
 step=112000  E=1.796599075452e+02  Q=3.840000000000e+02  λ=8.672575e-01  dt=1.024e-03  relΔE=3.599e-12  ||F||=3.283e-05
 step=112500  E=1.796599071837e+02  Q=3.840000000000e+02  λ=8.672567e-01  dt=7.924e-04  relΔE=2.539e-12  ||F||=3.091e-05
 step=113000  E=1.796599068658e+02  Q=3.840000000000e+02  λ=8.672560e-01  dt=1.227e-03  relΔE=3.600e-12  ||F||=2.917e-05
 step=113500  E=1.796599065701e+02  Q=3.840000000000e+02  λ=8.672553e-01  dt=9.493e-04  relΔE=2.550e-12  ||F||=2.750e-05
 step=114000  E=1.796599062923e+02  Q=3.840000000000e+02  λ=8.672546e-01  dt=1.469e-03  relΔE=3.599e-12  ||F||=7.471e-05
 step=114500  E=1.796599060515e+02  Q=3.840000000000e+02  λ=8.672540e-01  dt=1.137e-03  relΔE=2.566e-12  ||F||=2.445e-05
 step=115000  E=1.796599058214e+02  Q=3.840000000000e+02  λ=8.672534e-01  dt=8.802e-04  relΔE=1.821e-12  ||F||=2.303e-05
 step=115500  E=1.796599056115e+02  Q=3.840000000000e+02  λ=8.672529e-01  dt=1.363e-03  relΔE=2.589e-12  ||F||=2.171e-05
 step=116000  E=1.796599054223e+02  Q=3.840000000000e+02  λ=8.672524e-01  dt=1.055e-03  relΔE=1.844e-12  ||F||=2.049e-05
 step=116500  E=1.796599052433e+02  Q=3.840000000000e+02  λ=8.672519e-01  dt=8.162e-04  relΔE=1.312e-12  ||F||=1.930e-05
 step=117000  E=1.796599050821e+02  Q=3.840000000000e+02  λ=8.672515e-01  dt=1.263e-03  relΔE=1.871e-12  ||F||=1.821e-05
 step=117500  E=1.796599049337e+02  Q=3.840000000000e+02  λ=8.672511e-01  dt=9.778e-04  relΔE=1.336e-12  ||F||=1.718e-05
 step=118000  E=1.796599047916e+02  Q=3.840000000000e+02  λ=8.672506e-01  dt=7.568e-04  relΔE=9.520e-13  ||F||=1.772e-05
 step=118500  E=1.796599046683e+02  Q=3.840000000000e+02  λ=8.672503e-01  dt=1.172e-03  relΔE=1.364e-12  ||F||=1.528e-05
 step=119000  E=1.796599045497e+02  Q=3.840000000000e+02  λ=8.672499e-01  dt=9.067e-04  relΔE=9.750e-13  ||F||=1.440e-05
 step=119500  E=1.796599044398e+02  Q=3.840000000000e+02  λ=8.672496e-01  dt=1.404e-03  relΔE=1.394e-12  ||F||=1.357e-05
 step=120000  E=1.796599043413e+02  Q=3.840000000000e+02  λ=8.672493e-01  dt=1.086e-03  relΔE=1.001e-12  ||F||=1.282e-05
 step=120500  E=1.796599042471e+02  Q=3.840000000000e+02  λ=8.672490e-01  dt=8.408e-04  relΔE=7.162e-13  ||F||=1.208e-05
 step=121000  E=1.796599041609e+02  Q=3.840000000000e+02  λ=8.672487e-01  dt=1.301e-03  relΔE=1.029e-12  ||F||=1.139e-05
 step=121500  E=1.796599040821e+02  Q=3.840000000000e+02  λ=8.672484e-01  dt=1.007e-03  relΔE=7.391e-13  ||F||=1.075e-05
 step=122000  E=1.796599040061e+02  Q=3.840000000000e+02  λ=8.672482e-01  dt=7.796e-04  relΔE=5.296e-13  ||F||=1.013e-05
 step=122500  E=1.796599039388e+02  Q=3.840000000000e+02  λ=8.672480e-01  dt=1.207e-03  relΔE=7.638e-13  ||F||=9.565e-06
 step=123000  E=1.796599038746e+02  Q=3.840000000000e+02  λ=8.672477e-01  dt=9.340e-04  relΔE=5.491e-13  ||F||=9.021e-06
 step=123500  E=1.796599038138e+02  Q=3.840000000000e+02  λ=8.672475e-01  dt=1.446e-03  relΔE=7.899e-13  ||F||=9.388e-06
 step=124000  E=1.796599037599e+02  Q=3.840000000000e+02  λ=8.672473e-01  dt=1.119e-03  relΔE=5.701e-13  ||F||=8.028e-06
 step=124500  E=1.796599037078e+02  Q=3.840000000000e+02  λ=8.672471e-01  dt=8.660e-04  relΔE=4.108e-13  ||F||=7.568e-06
 step=125000  E=1.796599036596e+02  Q=3.840000000000e+02  λ=8.672470e-01  dt=1.341e-03  relΔE=5.928e-13  ||F||=7.138e-06
 step=125500  E=1.796599036155e+02  Q=3.840000000000e+02  λ=8.672468e-01  dt=1.038e-03  relΔE=4.284e-13  ||F||=6.739e-06
 step=126000  E=1.796599035731e+02  Q=3.840000000000e+02  λ=8.672467e-01  dt=8.030e-04  relΔE=3.086e-13  ||F||=6.351e-06
 step=126500  E=1.796599035346e+02  Q=3.840000000000e+02  λ=8.672465e-01  dt=1.243e-03  relΔE=4.464e-13  ||F||=5.996e-06
 step=127000  E=1.796599034991e+02  Q=3.840000000000e+02  λ=8.672464e-01  dt=8.017e-04  relΔE=2.696e-13  ||F||=5.664e-06
 step=127500  E=1.796599034655e+02  Q=3.840000000000e+02  λ=8.672462e-01  dt=1.241e-03  relΔE=3.901e-13  ||F||=5.348e-06
 step=128000  E=1.796599034338e+02  Q=3.840000000000e+02  λ=8.672461e-01  dt=9.605e-04  relΔE=2.827e-13  ||F||=5.046e-06
 step=128500  E=1.796599034031e+02  Q=3.840000000000e+02  λ=8.672460e-01  dt=1.487e-03  relΔE=1.205e-13  ||F||=3.767e-04
 step=129000  E=1.796599033762e+02  Q=3.840000000000e+02  λ=8.672459e-01  dt=1.151e-03  relΔE=2.961e-13  ||F||=4.492e-06
 step=129500  E=1.796599033499e+02  Q=3.840000000000e+02  λ=8.672458e-01  dt=8.906e-04  relΔE=2.145e-13  ||F||=4.235e-06
 step=130000  E=1.796599033253e+02  Q=3.840000000000e+02  λ=8.672457e-01  dt=1.379e-03  relΔE=3.109e-13  ||F||=3.994e-06
 step=130500  E=1.796599033028e+02  Q=3.840000000000e+02  λ=8.672456e-01  dt=1.067e-03  relΔE=2.262e-13  ||F||=3.772e-06
 step=131000  E=1.796599032812e+02  Q=3.840000000000e+02  λ=8.672455e-01  dt=8.258e-04  relΔE=1.634e-13  ||F||=3.556e-06
 step=131500  E=1.796599032612e+02  Q=3.840000000000e+02  λ=8.672454e-01  dt=1.278e-03  relΔE=2.368e-13  ||F||=3.356e-06
 step=132000  E=1.796599032427e+02  Q=3.840000000000e+02  λ=8.672454e-01  dt=9.894e-04  relΔE=1.728e-13  ||F||=3.169e-06
 step=132500  E=1.796599032245e+02  Q=3.840000000000e+02  λ=8.672453e-01  dt=7.658e-04  relΔE=1.245e-13  ||F||=2.986e-06
 step=133000  E=1.796599032084e+02  Q=3.840000000000e+02  λ=8.672452e-01  dt=1.185e-03  relΔE=1.818e-13  ||F||=2.821e-06
 step=133500  E=1.796599031928e+02  Q=3.840000000000e+02  λ=8.672452e-01  dt=9.174e-04  relΔE=1.321e-13  ||F||=2.662e-06
 step=134000  E=1.796599031780e+02  Q=3.840000000000e+02  λ=8.672451e-01  dt=1.420e-03  relΔE=1.914e-13  ||F||=2.533e-06
 step=134500  E=1.796599031646e+02  Q=3.840000000000e+02  λ=8.672450e-01  dt=1.099e-03  relΔE=1.400e-13  ||F||=2.371e-06
 step=135000  E=1.796599031516e+02  Q=3.840000000000e+02  λ=8.672450e-01  dt=8.507e-04  relΔE=1.016e-13  ||F||=2.236e-06
 step=135500  E=1.796599031395e+02  Q=3.840000000000e+02  λ=8.672449e-01  dt=1.317e-03  relΔE=1.476e-13  ||F||=2.110e-06
 step=136000  E=1.796599031283e+02  Q=3.840000000000e+02  λ=8.672449e-01  dt=1.019e-03  relΔE=1.073e-13  ||F||=1.992e-06
 step=136500  E=1.796599031175e+02  Q=3.840000000000e+02  λ=8.672448e-01  dt=7.888e-04  relΔE=7.831e-14  ||F||=1.878e-06
 step=137000  E=1.796599031076e+02  Q=3.840000000000e+02  λ=8.672448e-01  dt=1.221e-03  relΔE=1.142e-13  ||F||=1.774e-06
 step=137500  E=1.796599030982e+02  Q=3.840000000000e+02  λ=8.672448e-01  dt=9.450e-04  relΔE=8.321e-14  ||F||=1.674e-06
 step=138000  E=1.796599030891e+02  Q=3.840000000000e+02  λ=8.672447e-01  dt=1.463e-03  relΔE=1.182e-13  ||F||=3.310e-05
 step=138500  E=1.796599030810e+02  Q=3.840000000000e+02  λ=8.672447e-01  dt=1.132e-03  relΔE=8.780e-14  ||F||=1.492e-06
 step=139000  E=1.796599030731e+02  Q=3.840000000000e+02  λ=8.672447e-01  dt=8.763e-04  relΔE=6.407e-14  ||F||=1.407e-06
 step=139500  E=1.796599030657e+02  Q=3.840000000000e+02  λ=8.672446e-01  dt=1.356e-03  relΔE=9.349e-14  ||F||=1.327e-06
 step=140000  E=1.796599030588e+02  Q=3.840000000000e+02  λ=8.672446e-01  dt=1.050e-03  relΔE=6.834e-14  ||F||=1.254e-06
 step=140500  E=1.796599030522e+02  Q=3.840000000000e+02  λ=8.672446e-01  dt=8.125e-04  relΔE=4.967e-14  ||F||=1.183e-06
 step=141000  E=1.796599030461e+02  Q=3.840000000000e+02  λ=8.672445e-01  dt=1.258e-03  relΔE=7.261e-14  ||F||=1.117e-06
 step=141500  E=1.796599030403e+02  Q=3.840000000000e+02  λ=8.672445e-01  dt=9.734e-04  relΔE=5.284e-14  ||F||=1.054e-06
 step=142000  E=1.796599030347e+02  Q=3.840000000000e+02  λ=8.672445e-01  dt=7.534e-04  relΔE=3.813e-14  ||F||=9.937e-07
 step=142500  E=1.796599030297e+02  Q=3.840000000000e+02  λ=8.672445e-01  dt=1.166e-03  relΔE=5.616e-14  ||F||=9.394e-07
 step=143000  E=1.796599030248e+02  Q=3.840000000000e+02  λ=8.672445e-01  dt=9.026e-04  relΔE=4.050e-14  ||F||=8.863e-07
 step=143500  E=1.796599030202e+02  Q=3.840000000000e+02  λ=8.672444e-01  dt=1.397e-03  relΔE=5.932e-14  ||F||=8.380e-07
 step=144000  E=1.796599030160e+02  Q=3.840000000000e+02  λ=8.672444e-01  dt=1.081e-03  relΔE=4.350e-14  ||F||=7.899e-07
 step=144500  E=1.796599030119e+02  Q=3.840000000000e+02  λ=8.672444e-01  dt=8.370e-04  relΔE=3.132e-14  ||F||=7.452e-07
 step=145000  E=1.796599030080e+02  Q=3.840000000000e+02  λ=8.672444e-01  dt=1.296e-03  relΔE=4.604e-14  ||F||=7.034e-07
 step=145500  E=1.796599030045e+02  Q=3.840000000000e+02  λ=8.672444e-01  dt=1.003e-03  relΔE=3.417e-14  ||F||=6.645e-07
 step=146000  E=1.796599030010e+02  Q=3.840000000000e+02  λ=8.672443e-01  dt=7.761e-04  relΔE=2.452e-14  ||F||=6.264e-07
 step=146500  E=1.796599029979e+02  Q=3.840000000000e+02  λ=8.672443e-01  dt=1.201e-03  relΔE=3.591e-14  ||F||=5.920e-07
 step=147000  E=1.796599029949e+02  Q=3.840000000000e+02  λ=8.672443e-01  dt=9.298e-04  relΔE=2.658e-14  ||F||=5.587e-07
 step=147500  E=1.796599029920e+02  Q=3.840000000000e+02  λ=8.672443e-01  dt=1.439e-03  relΔE=3.828e-14  ||F||=1.991e-06
 step=148000  E=1.796599029893e+02  Q=3.840000000000e+02  λ=8.672443e-01  dt=1.114e-03  relΔE=2.800e-14  ||F||=4.980e-07
 step=148500  E=1.796599029868e+02  Q=3.840000000000e+02  λ=8.672443e-01  dt=8.621e-04  relΔE=2.057e-14  ||F||=4.699e-07
 step=149000  E=1.796599029844e+02  Q=3.840000000000e+02  λ=8.672443e-01  dt=1.335e-03  relΔE=2.974e-14  ||F||=4.435e-07
 step=149500  E=1.796599029822e+02  Q=3.840000000000e+02  λ=8.672443e-01  dt=1.033e-03  relΔE=2.136e-14  ||F||=4.190e-07
 step=150000  E=1.796599029800e+02  Q=3.840000000000e+02  λ=8.672443e-01  dt=7.994e-04  relΔE=1.614e-14  ||F||=3.952e-07
 step=150500  E=1.796599029780e+02  Q=3.840000000000e+02  λ=8.672442e-01  dt=1.237e-03  relΔE=2.294e-14  ||F||=3.733e-07
 step=151000  E=1.796599029762e+02  Q=3.840000000000e+02  λ=8.672442e-01  dt=9.577e-04  relΔE=1.709e-14  ||F||=3.526e-07
 step=151500  E=1.796599029743e+02  Q=3.840000000000e+02  λ=8.672442e-01  dt=7.413e-04  relΔE=1.440e-14  ||F||=3.336e-05
 step=152000  E=1.796599029727e+02  Q=3.840000000000e+02  λ=8.672442e-01  dt=1.147e-03  relΔE=1.819e-14  ||F||=3.142e-07
 step=152500  E=1.796599029711e+02  Q=3.840000000000e+02  λ=8.672442e-01  dt=8.881e-04  relΔE=1.313e-14  ||F||=2.965e-07
 step=153000  E=1.796599029696e+02  Q=3.840000000000e+02  λ=8.672442e-01  dt=1.375e-03  relΔE=1.914e-14  ||F||=2.801e-07
 step=153500  E=1.796599029683e+02  Q=3.840000000000e+02  λ=8.672442e-01  dt=8.866e-04  relΔE=1.171e-14  ||F||=2.648e-07
 step=154000  E=1.796599029669e+02  Q=3.840000000000e+02  λ=8.672442e-01  dt=1.372e-03  relΔE=1.629e-14  ||F||=2.501e-07
 step=154500  E=1.796599029657e+02  Q=3.840000000000e+02  λ=8.672442e-01  dt=8.852e-04  relΔE=1.028e-14  ||F||=2.365e-07
 step=155000  E=1.796599029645e+02  Q=3.840000000000e+02  λ=8.672442e-01  dt=1.370e-03  relΔE=1.566e-14  ||F||=2.234e-07
 step=155500  E=1.796599029634e+02  Q=3.840000000000e+02  λ=8.672442e-01  dt=1.060e-03  relΔE=1.107e-14  ||F||=2.109e-07
 step=156000  E=1.796599029623e+02  Q=3.840000000000e+02  λ=8.672442e-01  dt=8.208e-04  relΔE=8.543e-15  ||F||=1.990e-07
 step=156500  E=1.796599029613e+02  Q=3.840000000000e+02  λ=8.672442e-01  dt=1.271e-03  relΔE=1.123e-14  ||F||=1.879e-07
 step=157000  E=1.796599029604e+02  Q=3.840000000000e+02  λ=8.672442e-01  dt=9.833e-04  relΔE=9.017e-15  ||F||=1.776e-07
 step=157500  E=1.796599029595e+02  Q=3.840000000000e+02  λ=8.672442e-01  dt=7.611e-04  relΔE=6.486e-15  ||F||=1.674e-07
 step=158000  E=1.796599029587e+02  Q=3.840000000000e+02  λ=8.672442e-01  dt=1.178e-03  relΔE=8.859e-15  ||F||=1.583e-07
 step=158500  E=1.796599029579e+02  Q=3.840000000000e+02  λ=8.672442e-01  dt=9.118e-04  relΔE=6.802e-15  ||F||=1.494e-07
 step=159000  E=1.796599029571e+02  Q=3.840000000000e+02  λ=8.672442e-01  dt=1.411e-03  relΔE=9.808e-15  ||F||=2.223e-07
 step=159500  E=1.796599029564e+02  Q=3.840000000000e+02  λ=8.672441e-01  dt=1.092e-03  relΔE=7.119e-15  ||F||=1.333e-07
 step=160000  E=1.796599029558e+02  Q=3.840000000000e+02  λ=8.672441e-01  dt=8.455e-04  relΔE=5.221e-15  ||F||=1.258e-07
 step=160500  E=1.796599029551e+02  Q=3.840000000000e+02  λ=8.672441e-01  dt=1.309e-03  relΔE=8.226e-15  ||F||=1.188e-07
 step=161000  E=1.796599029545e+02  Q=3.840000000000e+02  λ=8.672441e-01  dt=1.013e-03  relΔE=5.695e-15  ||F||=1.122e-07
 step=161500  E=1.796599029540e+02  Q=3.840000000000e+02  λ=8.672441e-01  dt=7.840e-04  relΔE=4.113e-15  ||F||=1.059e-07
 step=162000  E=1.796599029535e+02  Q=3.840000000000e+02  λ=8.672441e-01  dt=1.214e-03  relΔE=5.695e-15  ||F||=1.001e-07
 step=162500  E=1.796599029530e+02  Q=3.840000000000e+02  λ=8.672441e-01  dt=9.392e-04  relΔE=4.430e-15  ||F||=9.450e-08
 step=163000  E=1.796599029525e+02  Q=3.840000000000e+02  λ=8.672441e-01  dt=1.454e-03  relΔE=6.011e-15  ||F||=1.088e-05
 step=163500  E=1.796599029520e+02  Q=3.840000000000e+02  λ=8.672441e-01  dt=1.125e-03  relΔE=4.904e-15  ||F||=8.429e-08
 step=164000  E=1.796599029516e+02  Q=3.840000000000e+02  λ=8.672441e-01  dt=8.709e-04  relΔE=3.480e-15  ||F||=7.956e-08
 step=164500  E=1.796599029512e+02  Q=3.840000000000e+02  λ=8.672441e-01  dt=1.348e-03  relΔE=4.904e-15  ||F||=7.514e-08
 step=165000  E=1.796599029509e+02  Q=3.840000000000e+02  λ=8.672441e-01  dt=1.043e-03  relΔE=3.322e-15  ||F||=7.100e-08
 step=165500  E=1.796599029505e+02  Q=3.840000000000e+02  λ=8.672441e-01  dt=8.075e-04  relΔE=2.689e-15  ||F||=6.700e-08
 step=166000  E=1.796599029502e+02  Q=3.840000000000e+02  λ=8.672441e-01  dt=1.250e-03  relΔE=3.639e-15  ||F||=6.329e-08
 step=166500  E=1.796599029499e+02  Q=3.840000000000e+02  λ=8.672441e-01  dt=9.675e-04  relΔE=2.848e-15  ||F||=5.981e-08
 step=167000  E=1.796599029495e+02  Q=3.840000000000e+02  λ=8.672441e-01  dt=7.488e-04  relΔE=1.898e-15  ||F||=5.640e-08
 step=167500  E=1.796599029493e+02  Q=3.840000000000e+02  λ=8.672441e-01  dt=1.159e-03  relΔE=3.006e-15  ||F||=5.335e-08
 step=168000  E=1.796599029490e+02  Q=3.840000000000e+02  λ=8.672441e-01  dt=8.971e-04  relΔE=2.057e-15  ||F||=5.036e-08
 Converged (aggressive): step=168065, E=1.796599029490e+02, Q=3.840000000000e+02, dt=1.077e-03, ||F||=5.000e-08

Stationary candidate (aggressive): E=1.796599029490e+02, Q=3.840000000000e+02, maxρ=4.044794e-01

=== Stability test (damped inertial dynamics) ===
Perturb eps=0.02, gamma=1
t=0: E=1.985918678293e+02, Q=3.840000000000e+02, maxρ=4.181813e-01, σ=3.173436e+00, Rc=1.802030e+01
 step=     1  E=1.985917723436e+02  Q=3.840000000000e+02  λ=1.258232e+00  maxρ=4.181813e-01  minρ=1.832e-09  σ=3.173436e+00  Rc=1.802030e+01
 step=   300  E=1.946774978857e+02  Q=3.840000000000e+02  λ=1.153738e+00  maxρ=4.173779e-01  minρ=1.836e-09  σ=3.173433e+00  Rc=1.802031e+01
 step=   600  E=1.868130105541e+02  Q=3.840000000000e+02  λ=9.648368e-01  maxρ=4.153786e-01  minρ=1.849e-09  σ=3.173427e+00  Rc=1.802031e+01
 step=   900  E=1.822277059808e+02  Q=3.840000000000e+02  λ=9.053729e-01  maxρ=4.124211e-01  minρ=1.844e-09  σ=3.173426e+00  Rc=1.802031e+01
 step=  1200  E=1.840050574007e+02  Q=3.840000000000e+02  λ=1.015091e+00  maxρ=4.111406e-01  minρ=1.823e-09  σ=3.173429e+00  Rc=1.802030e+01
 step=  1500  E=1.887289995189e+02  Q=3.840000000000e+02  λ=1.132964e+00  maxρ=4.130590e-01  minρ=1.811e-09  σ=3.173431e+00  Rc=1.802030e+01
 step=  1800  E=1.911259046194e+02  Q=3.840000000000e+02  λ=1.117630e+00  maxρ=4.143815e-01  minρ=1.810e-09  σ=3.173428e+00  Rc=1.802030e+01
 step=  2100  E=1.896996650823e+02  Q=3.840000000000e+02  λ=1.014337e+00  maxρ=4.122725e-01  minρ=1.810e-09  σ=3.173424e+00  Rc=1.802030e+01
 step=  2400  E=1.872161134106e+02  Q=3.840000000000e+02  λ=9.676730e-01  maxρ=4.081713e-01  minρ=1.796e-09  σ=3.173425e+00  Rc=1.802030e+01
 step=  2700  E=1.866120142889e+02  Q=3.840000000000e+02  λ=1.024408e+00  maxρ=4.108902e-01  minρ=1.759e-09  σ=3.173429e+00  Rc=1.802030e+01
 step=  3000  E=1.878050834729e+02  Q=3.840000000000e+02  λ=1.091142e+00  maxρ=4.160534e-01  minρ=1.751e-09  σ=3.173431e+00  Rc=1.802030e+01
 step=  3300  E=1.886883214122e+02  Q=3.840000000000e+02  λ=1.077172e+00  maxρ=4.171251e-01  minρ=1.779e-09  σ=3.173427e+00  Rc=1.802030e+01
 step=  3600  E=1.881244149382e+02  Q=3.840000000000e+02  λ=1.010655e+00  maxρ=4.144794e-01  minρ=1.790e-09  σ=3.173422e+00  Rc=1.802031e+01
 step=  3900  E=1.869993508834e+02  Q=3.840000000000e+02  λ=9.822813e-01  maxρ=4.133195e-01  minρ=1.797e-09  σ=3.173422e+00  Rc=1.802030e+01
 step=  4200  E=1.866202012687e+02  Q=3.840000000000e+02  λ=1.017100e+00  maxρ=4.118833e-01  minρ=1.751e-09  σ=3.173426e+00  Rc=1.802030e+01
 step=  4500  E=1.870497258570e+02  Q=3.840000000000e+02  λ=1.053533e+00  maxρ=4.112461e-01  minρ=1.702e-09  σ=3.173428e+00  Rc=1.802029e+01
 step=  4800  E=1.873893509539e+02  Q=3.840000000000e+02  λ=1.039655e+00  maxρ=4.128036e-01  minρ=1.683e-09  σ=3.173424e+00  Rc=1.802029e+01
 step=  5100  E=1.871448485955e+02  Q=3.840000000000e+02  λ=1.000203e+00  maxρ=4.131273e-01  minρ=1.700e-09  σ=3.173419e+00  Rc=1.802030e+01
 step=  5400  E=1.867018618825e+02  Q=3.840000000000e+02  λ=9.901525e-01  maxρ=4.126413e-01  minρ=1.670e-09  σ=3.173418e+00  Rc=1.802029e+01
 step=  5700  E=1.865631367162e+02  Q=3.840000000000e+02  λ=1.015668e+00  maxρ=4.112319e-01  minρ=1.623e-09  σ=3.173419e+00  Rc=1.802029e+01
 step=  6000  E=1.866628967860e+02  Q=3.840000000000e+02  λ=1.033938e+00  maxρ=4.104241e-01  minρ=1.616e-09  σ=3.173420e+00  Rc=1.802029e+01
 >>> No runaway detected in this horizon. Likely stable (within this model & box).

STABILITY: PASS
