
=== Aggressive relaxation to Q = 1337 ===
Initial: E=7.990505569632e+02, Q=1.337000000000e+03, dt=1.000e-04
 step=     1  E=7.990175600940e+02  Q=1.337000000000e+03  λ=1.235047e+00  dt=1.000e-04  relΔE=4.130e-05  ||F||=4.973e-01
 step=   500  E=7.647018360240e+02  Q=1.337000000000e+03  λ=1.153795e+00  dt=6.192e-04  relΔE=1.448e-04  ||F||=4.012e-01
 step=  1000  E=7.023922432676e+02  Q=1.337000000000e+03  λ=1.009041e+00  dt=9.584e-04  relΔE=9.101e-05  ||F||=2.449e-01
 step=  1500  E=6.733679720403e+02  Q=1.337000000000e+03  λ=9.426822e-01  dt=1.484e-03  relΔE=7.038e-05  ||F||=1.695e-01
 step=  2000  E=6.587844261857e+02  Q=1.337000000000e+03  λ=9.095136e-01  dt=1.148e-03  relΔE=3.225e-05  ||F||=1.290e-01
 step=  2500  E=6.496072389158e+02  Q=1.337000000000e+03  λ=8.888564e-01  dt=8.887e-04  relΔE=1.609e-05  ||F||=1.028e-01
 step=  3000  E=6.436257682231e+02  Q=1.337000000000e+03  λ=8.756359e-01  dt=1.376e-03  relΔE=1.751e-05  ||F||=8.581e-02
 step=  3500  E=6.393369424136e+02  Q=1.337000000000e+03  λ=8.663646e-01  dt=1.065e-03  relΔE=1.020e-05  ||F||=7.421e-02
 step=  4000  E=6.359555478623e+02  Q=1.337000000000e+03  λ=8.592635e-01  dt=8.241e-04  relΔE=6.288e-06  ||F||=6.605e-02
 step=  4500  E=6.333419955778e+02  Q=1.337000000000e+03  λ=8.539503e-01  dt=1.276e-03  relΔE=7.942e-06  ||F||=5.953e-02
 step=  5000  E=6.311313807182e+02  Q=1.337000000000e+03  λ=8.495892e-01  dt=9.873e-04  relΔE=5.213e-06  ||F||=5.472e-02
 step=  5500  E=6.291885047504e+02  Q=1.337000000000e+03  λ=8.458808e-01  dt=1.528e-03  relΔE=6.956e-06  ||F||=8.562e-02
 step=  6000  E=6.275878867385e+02  Q=1.337000000000e+03  λ=8.429043e-01  dt=1.183e-03  relΔE=4.787e-06  ||F||=4.777e-02
 step=  6500  E=6.261047083713e+02  Q=1.337000000000e+03  λ=8.402209e-01  dt=9.154e-04  relΔE=3.312e-06  ||F||=4.511e-02
 step=  7000  E=6.247834868274e+02  Q=1.337000000000e+03  λ=8.378915e-01  dt=1.417e-03  relΔE=4.636e-06  ||F||=4.285e-02
 step=  7500  E=6.236092163180e+02  Q=1.337000000000e+03  λ=8.358635e-01  dt=1.097e-03  relΔE=3.279e-06  ||F||=4.092e-02
 step=  8000  E=6.224997645646e+02  Q=1.337000000000e+03  λ=8.339857e-01  dt=8.488e-04  relΔE=2.328e-06  ||F||=3.916e-02
 step=  8500  E=6.215083201364e+02  Q=1.337000000000e+03  λ=8.323397e-01  dt=1.314e-03  relΔE=3.332e-06  ||F||=3.762e-02
 step=  9000  E=6.205859970016e+02  Q=1.337000000000e+03  λ=8.308312e-01  dt=1.017e-03  relΔE=2.395e-06  ||F||=3.623e-02
 step=  9500  E=6.197013107273e+02  Q=1.337000000000e+03  λ=8.294060e-01  dt=7.871e-04  relΔE=1.746e-06  ||F||=3.843e-02
 step= 10000  E=6.189216434862e+02  Q=1.337000000000e+03  λ=8.281679e-01  dt=1.218e-03  relΔE=2.500e-06  ||F||=3.377e-02
 step= 10500  E=6.181665701055e+02  Q=1.337000000000e+03  λ=8.269821e-01  dt=9.430e-04  relΔE=1.814e-06  ||F||=3.268e-02
 step= 11000  E=6.174539063354e+02  Q=1.337000000000e+03  λ=8.258769e-01  dt=1.460e-03  relΔE=2.638e-06  ||F||=3.166e-02
 step= 11500  E=6.168053066778e+02  Q=1.337000000000e+03  λ=8.248800e-01  dt=1.130e-03  relΔE=1.927e-06  ||F||=3.073e-02
 step= 12000  E=6.161715754058e+02  Q=1.337000000000e+03  λ=8.239154e-01  dt=8.744e-04  relΔE=1.407e-06  ||F||=2.984e-02
 step= 12500  E=6.155857268636e+02  Q=1.337000000000e+03  λ=8.230328e-01  dt=1.353e-03  relΔE=2.061e-06  ||F||=2.901e-02
 step= 13000  E=6.150343090036e+02  Q=1.337000000000e+03  λ=8.222078e-01  dt=1.048e-03  relΔE=1.513e-06  ||F||=2.824e-02
 step= 13500  E=6.144948338430e+02  Q=1.337000000000e+03  λ=8.214072e-01  dt=8.108e-04  relΔE=1.112e-06  ||F||=2.751e-02
 step= 14000  E=6.140041145582e+02  Q=1.337000000000e+03  λ=8.206851e-01  dt=1.255e-03  relΔE=1.636e-06  ||F||=2.680e-02
 step= 14500  E=6.135276618288e+02  Q=1.337000000000e+03  λ=8.199881e-01  dt=9.713e-04  relΔE=1.205e-06  ||F||=2.614e-02
 step= 15000  E=6.130646674217e+02  Q=1.337000000000e+03  λ=8.193163e-01  dt=1.504e-03  relΔE=1.776e-06  ||F||=2.583e-02
 step= 15500  E=6.126448286254e+02  Q=1.337000000000e+03  λ=8.187102e-01  dt=1.164e-03  relΔE=1.314e-06  ||F||=2.492e-02
 step= 16000  E=6.122277446609e+02  Q=1.337000000000e+03  λ=8.181120e-01  dt=9.007e-04  relΔE=9.706e-07  ||F||=2.434e-02
 step= 16500  E=6.118333409436e+02  Q=1.337000000000e+03  λ=8.175504e-01  dt=1.394e-03  relΔE=1.437e-06  ||F||=2.379e-02
 step= 17000  E=6.114622209868e+02  Q=1.337000000000e+03  λ=8.170245e-01  dt=1.079e-03  relΔE=1.065e-06  ||F||=2.328e-02
 step= 17500  E=6.111099183446e+02  Q=1.337000000000e+03  λ=8.165286e-01  dt=1.392e-03  relΔE=1.318e-06  ||F||=2.279e-02
 step= 18000  E=6.107695962561e+02  Q=1.337000000000e+03  λ=8.160518e-01  dt=1.077e-03  relΔE=9.788e-07  ||F||=2.232e-02
 step= 18500  E=6.104454942292e+02  Q=1.337000000000e+03  λ=8.156008e-01  dt=1.390e-03  relΔE=1.213e-06  ||F||=2.187e-02
 step= 19000  E=6.101309523183e+02  Q=1.337000000000e+03  λ=8.151650e-01  dt=1.076e-03  relΔE=9.024e-07  ||F||=2.144e-02
 step= 19500  E=6.098189227162e+02  Q=1.337000000000e+03  λ=8.147352e-01  dt=8.324e-04  relΔE=6.710e-07  ||F||=2.101e-02
 step= 20000  E=6.095292320454e+02  Q=1.337000000000e+03  λ=8.143389e-01  dt=1.289e-03  relΔE=1.000e-06  ||F||=2.061e-02
 step= 20500  E=6.092477511885e+02  Q=1.337000000000e+03  λ=8.139555e-01  dt=9.973e-04  relΔE=7.455e-07  ||F||=2.022e-02
 step= 21000  E=6.089679023008e+02  Q=1.337000000000e+03  λ=8.136367e-01  dt=1.544e-03  relΔE=8.169e-07  ||F||=3.484e-01
 step= 21500  E=6.087137517708e+02  Q=1.337000000000e+03  λ=8.132348e-01  dt=1.195e-03  relΔE=8.302e-07  ||F||=1.949e-02
 step= 22000  E=6.084582096992e+02  Q=1.337000000000e+03  λ=8.128926e-01  dt=9.248e-04  relΔE=6.199e-07  ||F||=1.913e-02
 step= 22500  E=6.082121692614e+02  Q=1.337000000000e+03  λ=8.125656e-01  dt=1.431e-03  relΔE=9.265e-07  ||F||=1.880e-02
 step= 23000  E=6.079806924287e+02  Q=1.337000000000e+03  λ=8.122592e-01  dt=1.108e-03  relΔE=6.934e-07  ||F||=1.848e-02
 step= 23500  E=6.077490579585e+02  Q=1.337000000000e+03  λ=8.119545e-01  dt=8.575e-04  relΔE=5.187e-07  ||F||=1.817e-02
 step= 24000  E=6.075304978460e+02  Q=1.337000000000e+03  λ=8.116690e-01  dt=1.327e-03  relΔE=7.772e-07  ||F||=1.787e-02
 step= 24500  E=6.073190202784e+02  Q=1.337000000000e+03  λ=8.113941e-01  dt=1.027e-03  relΔE=5.827e-07  ||F||=1.758e-02
 step= 25000  E=6.071074112001e+02  Q=1.337000000000e+03  λ=8.111207e-01  dt=7.951e-04  relΔE=4.366e-07  ||F||=1.730e-02
 step= 25500  E=6.069126692389e+02  Q=1.337000000000e+03  λ=8.108710e-01  dt=1.231e-03  relΔE=6.558e-07  ||F||=1.704e-02
 step= 26000  E=6.067183128475e+02  Q=1.337000000000e+03  λ=8.106230e-01  dt=9.526e-04  relΔE=4.923e-07  ||F||=1.678e-02
 step= 26500  E=6.065268583200e+02  Q=1.337000000000e+03  λ=8.103805e-01  dt=1.475e-03  relΔE=7.394e-07  ||F||=1.652e-02
 step= 27000  E=6.063486290290e+02  Q=1.337000000000e+03  λ=8.101560e-01  dt=1.141e-03  relΔE=5.562e-07  ||F||=1.629e-02
 step= 27500  E=6.061690391130e+02  Q=1.337000000000e+03  λ=8.099313e-01  dt=8.833e-04  relΔE=4.182e-07  ||F||=1.605e-02
 step= 28000  E=6.059970000032e+02  Q=1.337000000000e+03  λ=8.097177e-01  dt=1.367e-03  relΔE=6.296e-07  ||F||=1.583e-02
 step= 28500  E=6.058315566414e+02  Q=1.337000000000e+03  λ=8.095134e-01  dt=1.058e-03  relΔE=4.743e-07  ||F||=1.561e-02
 step= 29000  E=6.056652130661e+02  Q=1.337000000000e+03  λ=8.093094e-01  dt=8.190e-04  relΔE=3.572e-07  ||F||=1.540e-02
 step= 29500  E=6.055093214523e+02  Q=1.337000000000e+03  λ=8.091198e-01  dt=1.268e-03  relΔE=5.388e-07  ||F||=1.520e-02
 step= 30000  E=6.053552307437e+02  Q=1.337000000000e+03  λ=8.089334e-01  dt=9.812e-04  relΔE=4.064e-07  ||F||=1.500e-02
 step= 30500  E=6.052008149365e+02  Q=1.337000000000e+03  λ=8.087485e-01  dt=1.519e-03  relΔE=6.119e-07  ||F||=2.743e-02
 step= 31000  E=6.050583510022e+02  Q=1.337000000000e+03  λ=8.085784e-01  dt=1.176e-03  relΔE=4.634e-07  ||F||=1.463e-02
 step= 31500  E=6.049136761342e+02  Q=1.337000000000e+03  λ=8.084072e-01  dt=9.098e-04  relΔE=3.500e-07  ||F||=1.445e-02
 step= 32000  E=6.047731013127e+02  Q=1.337000000000e+03  λ=8.082422e-01  dt=1.408e-03  relΔE=5.292e-07  ||F||=1.428e-02
 step= 32500  E=6.046385475364e+02  Q=1.337000000000e+03  λ=8.080853e-01  dt=1.090e-03  relΔE=4.004e-07  ||F||=1.412e-02
 step= 33000  E=6.045028067858e+02  Q=1.337000000000e+03  λ=8.079283e-01  dt=8.436e-04  relΔE=3.029e-07  ||F||=1.396e-02
 step= 33500  E=6.043736281083e+02  Q=1.337000000000e+03  λ=8.077801e-01  dt=1.306e-03  relΔE=4.588e-07  ||F||=1.381e-02
 step= 34000  E=6.042467194287e+02  Q=1.337000000000e+03  λ=8.076355e-01  dt=1.011e-03  relΔE=3.477e-07  ||F||=1.366e-02
 step= 34500  E=6.041183101964e+02  Q=1.337000000000e+03  λ=8.074904e-01  dt=7.823e-04  relΔE=2.634e-07  ||F||=1.426e-02
 step= 35000  E=6.039994547419e+02  Q=1.337000000000e+03  λ=8.073572e-01  dt=1.211e-03  relΔE=3.998e-07  ||F||=1.338e-02
 step= 35500  E=6.038787407045e+02  Q=1.337000000000e+03  λ=8.072229e-01  dt=9.372e-04  relΔE=3.033e-07  ||F||=1.325e-02
 step= 36000  E=6.037595916744e+02  Q=1.337000000000e+03  λ=8.070916e-01  dt=1.451e-03  relΔE=4.605e-07  ||F||=1.312e-02
 step= 36500  E=6.036466281222e+02  Q=1.337000000000e+03  λ=8.069679e-01  dt=1.123e-03  relΔE=3.499e-07  ||F||=1.300e-02
 step= 37000  E=6.035318420701e+02  Q=1.337000000000e+03  λ=8.068433e-01  dt=8.690e-04  relΔE=2.659e-07  ||F||=1.287e-02
 step= 37500  E=6.034211762073e+02  Q=1.337000000000e+03  λ=8.067243e-01  dt=1.345e-03  relΔE=4.044e-07  ||F||=1.276e-02
 step= 38000  E=6.033130152008e+02  Q=1.337000000000e+03  λ=8.066088e-01  dt=1.041e-03  relΔE=3.077e-07  ||F||=1.265e-02
 step= 38500  E=6.032030791818e+02  Q=1.337000000000e+03  λ=8.064924e-01  dt=8.058e-04  relΔE=2.342e-07  ||F||=1.254e-02
 step= 39000  E=6.030997361092e+02  Q=1.337000000000e+03  λ=8.063840e-01  dt=1.247e-03  relΔE=3.568e-07  ||F||=1.244e-02
 step= 39500  E=6.029957510789e+02  Q=1.337000000000e+03  λ=8.062757e-01  dt=9.654e-04  relΔE=2.719e-07  ||F||=1.235e-02
 step= 40000  E=6.028910257357e+02  Q=1.337000000000e+03  λ=8.061677e-01  dt=1.494e-03  relΔE=4.145e-07  ||F||=1.234e-02
 step= 40500  E=6.027958723458e+02  Q=1.337000000000e+03  λ=8.060702e-01  dt=9.638e-04  relΔE=2.637e-07  ||F||=1.217e-02
 step= 41000  E=6.026942860777e+02  Q=1.337000000000e+03  λ=8.059672e-01  dt=1.492e-03  relΔE=4.024e-07  ||F||=1.212e-02
 step= 41500  E=6.026018873303e+02  Q=1.337000000000e+03  λ=8.058741e-01  dt=9.623e-04  relΔE=2.563e-07  ||F||=1.200e-02
 step= 42000  E=6.025030060043e+02  Q=1.337000000000e+03  λ=8.057755e-01  dt=1.490e-03  relΔE=3.915e-07  ||F||=1.195e-02
 step= 42500  E=6.024098550833e+02  Q=1.337000000000e+03  λ=8.056833e-01  dt=1.153e-03  relΔE=2.994e-07  ||F||=1.185e-02
 step= 43000  E=6.023142113971e+02  Q=1.337000000000e+03  λ=8.055894e-01  dt=8.923e-04  relΔE=2.289e-07  ||F||=1.178e-02
 step= 43500  E=6.022207707576e+02  Q=1.337000000000e+03  λ=8.054986e-01  dt=1.381e-03  relΔE=3.504e-07  ||F||=1.171e-02
 step= 44000  E=6.021298159613e+02  Q=1.337000000000e+03  λ=8.054108e-01  dt=1.069e-03  relΔE=2.683e-07  ||F||=1.165e-02
 step= 44500  E=6.020367423888e+02  Q=1.337000000000e+03  λ=8.053217e-01  dt=8.273e-04  relΔE=2.055e-07  ||F||=1.159e-02
 step= 45000  E=6.019476131956e+02  Q=1.337000000000e+03  λ=8.052372e-01  dt=1.281e-03  relΔE=3.152e-07  ||F||=1.153e-02
 step= 45500  E=6.018583675077e+02  Q=1.337000000000e+03  λ=8.051531e-01  dt=9.912e-04  relΔE=2.417e-07  ||F||=1.148e-02
 step= 46000  E=6.017670961419e+02  Q=1.337000000000e+03  λ=8.050777e-01  dt=1.534e-03  relΔE=3.205e-07  ||F||=1.401e-01
 step= 46500  E=6.016819957361e+02  Q=1.337000000000e+03  λ=8.049892e-01  dt=1.188e-03  relΔE=2.849e-07  ||F||=1.138e-02
 step= 47000  E=6.015939455372e+02  Q=1.337000000000e+03  λ=8.049083e-01  dt=9.191e-04  relΔE=2.188e-07  ||F||=1.134e-02
 step= 47500  E=6.015066054499e+02  Q=1.337000000000e+03  λ=8.048288e-01  dt=1.423e-03  relΔE=3.364e-07  ||F||=1.130e-02
 step= 48000  E=6.014219428272e+02  Q=1.337000000000e+03  λ=8.047522e-01  dt=1.101e-03  relΔE=2.588e-07  ||F||=1.127e-02
 step= 48500  E=6.013349652351e+02  Q=1.337000000000e+03  λ=8.046741e-01  dt=8.522e-04  relΔE=1.992e-07  ||F||=1.123e-02
 step= 49000  E=6.012505258516e+02  Q=1.337000000000e+03  λ=8.045989e-01  dt=1.319e-03  relΔE=3.067e-07  ||F||=1.120e-02
 step= 49500  E=6.011664316989e+02  Q=1.337000000000e+03  λ=8.045245e-01  dt=1.021e-03  relΔE=2.364e-07  ||F||=1.118e-02
 step= 50000  E=6.010798939061e+02  Q=1.337000000000e+03  λ=8.044484e-01  dt=7.902e-04  relΔE=1.822e-07  ||F||=1.116e-02
 step= 50500  E=6.009980944581e+02  Q=1.337000000000e+03  λ=8.043771e-01  dt=1.223e-03  relΔE=2.812e-07  ||F||=1.114e-02
 step= 51000  E=6.009140575983e+02  Q=1.337000000000e+03  λ=8.043042e-01  dt=9.467e-04  relΔE=2.170e-07  ||F||=1.112e-02
 step= 51500  E=6.008291549528e+02  Q=1.337000000000e+03  λ=8.042312e-01  dt=1.465e-03  relΔE=3.353e-07  ||F||=1.111e-02
 step= 52000  E=6.007476614445e+02  Q=1.337000000000e+03  λ=8.041614e-01  dt=1.134e-03  relΔE=2.592e-07  ||F||=1.110e-02
 step= 52500  E=6.006632335652e+02  Q=1.337000000000e+03  λ=8.040895e-01  dt=8.779e-04  relΔE=2.004e-07  ||F||=1.110e-02
 step= 53000  E=6.005801581022e+02  Q=1.337000000000e+03  λ=8.040192e-01  dt=1.359e-03  relΔE=3.102e-07  ||F||=1.109e-02
 step= 53500  E=6.004978940191e+02  Q=1.337000000000e+03  λ=8.039499e-01  dt=1.052e-03  relΔE=2.402e-07  ||F||=1.110e-02
 step= 54000  E=6.004128301843e+02  Q=1.337000000000e+03  λ=8.038786e-01  dt=8.140e-04  relΔE=1.862e-07  ||F||=1.110e-02
 step= 54500  E=6.003309225806e+02  Q=1.337000000000e+03  λ=8.038103e-01  dt=1.260e-03  relΔE=2.887e-07  ||F||=1.111e-02
 step= 55000  E=6.002475565463e+02  Q=1.337000000000e+03  λ=8.037409e-01  dt=9.752e-04  relΔE=2.240e-07  ||F||=1.113e-02
 step= 55500  E=6.001616973114e+02  Q=1.337000000000e+03  λ=8.036699e-01  dt=1.510e-03  relΔE=3.477e-07  ||F||=1.385e-02
 step= 56000  E=6.000800783875e+02  Q=1.337000000000e+03  λ=8.036025e-01  dt=1.168e-03  relΔE=2.703e-07  ||F||=1.116e-02
 step= 56500  E=5.999946720303e+02  Q=1.337000000000e+03  λ=8.035322e-01  dt=9.043e-04  relΔE=2.102e-07  ||F||=1.119e-02
 step= 57000  E=5.999095068959e+02  Q=1.337000000000e+03  λ=8.034623e-01  dt=1.400e-03  relΔE=3.271e-07  ||F||=1.122e-02
 step= 57500  E=5.998253310962e+02  Q=1.337000000000e+03  λ=8.033933e-01  dt=1.083e-03  relΔE=2.547e-07  ||F||=1.125e-02
 step= 58000  E=5.997378343458e+02  Q=1.337000000000e+03  λ=8.033217e-01  dt=8.385e-04  relΔE=1.985e-07  ||F||=1.129e-02
 step= 58500  E=5.996523796406e+02  Q=1.337000000000e+03  λ=8.032518e-01  dt=1.298e-03  relΔE=3.095e-07  ||F||=1.133e-02
 step= 59000  E=5.995657127471e+02  Q=1.337000000000e+03  λ=8.031810e-01  dt=1.005e-03  relΔE=2.415e-07  ||F||=1.138e-02
 step= 59500  E=5.994750871404e+02  Q=1.337000000000e+03  λ=8.031083e-01  dt=7.775e-04  relΔE=1.923e-07  ||F||=5.329e-02
 step= 60000  E=5.993889894537e+02  Q=1.337000000000e+03  λ=8.030366e-01  dt=1.203e-03  relΔE=2.949e-07  ||F||=1.148e-02
 step= 60500  E=5.992986414007e+02  Q=1.337000000000e+03  λ=8.029626e-01  dt=9.315e-04  relΔE=2.307e-07  ||F||=1.154e-02
 step= 61000  E=5.992070525161e+02  Q=1.337000000000e+03  λ=8.028875e-01  dt=1.442e-03  relΔE=3.613e-07  ||F||=1.161e-02
 step= 61500  E=5.991172474578e+02  Q=1.337000000000e+03  λ=8.028137e-01  dt=1.116e-03  relΔE=2.830e-07  ||F||=1.168e-02
 step= 62000  E=5.990228741569e+02  Q=1.337000000000e+03  λ=8.027359e-01  dt=8.637e-04  relΔE=2.220e-07  ||F||=1.176e-02
 step= 62500  E=5.989336023407e+02  Q=1.337000000000e+03  λ=8.026621e-01  dt=1.114e-03  relΔE=2.901e-07  ||F||=1.183e-02
 step= 63000  E=5.988367989595e+02  Q=1.337000000000e+03  λ=8.025817e-01  dt=8.623e-04  relΔE=2.279e-07  ||F||=1.192e-02
 step= 63500  E=5.987404368417e+02  Q=1.337000000000e+03  λ=8.025015e-01  dt=1.335e-03  relΔE=3.583e-07  ||F||=1.201e-02
 step= 64000  E=5.986429250159e+02  Q=1.337000000000e+03  λ=8.024197e-01  dt=1.033e-03  relΔE=2.819e-07  ||F||=1.211e-02
 step= 64500  E=5.985402831709e+02  Q=1.337000000000e+03  λ=8.023332e-01  dt=7.996e-04  relΔE=2.221e-07  ||F||=1.222e-02
 step= 65000  E=5.984407786932e+02  Q=1.337000000000e+03  λ=8.022488e-01  dt=1.238e-03  relΔE=3.501e-07  ||F||=1.233e-02
 step= 65500  E=5.983369157874e+02  Q=1.337000000000e+03  λ=8.021601e-01  dt=9.579e-04  relΔE=2.762e-07  ||F||=1.245e-02
 step= 66000  E=5.982288283477e+02  Q=1.337000000000e+03  λ=8.020672e-01  dt=1.483e-03  relΔE=4.365e-07  ||F||=1.258e-02
 step= 66500  E=5.981233815759e+02  Q=1.337000000000e+03  λ=8.019757e-01  dt=1.148e-03  relΔE=3.449e-07  ||F||=1.270e-02
 step= 67000  E=5.980115886610e+02  Q=1.337000000000e+03  λ=8.018779e-01  dt=8.882e-04  relΔE=2.731e-07  ||F||=1.285e-02
 step= 67500  E=5.978985430576e+02  Q=1.337000000000e+03  λ=8.017782e-01  dt=1.375e-03  relΔE=4.326e-07  ||F||=1.300e-02
 step= 68000  E=5.977844546482e+02  Q=1.337000000000e+03  λ=8.016765e-01  dt=1.064e-03  relΔE=3.429e-07  ||F||=1.315e-02
 step= 68500  E=5.976633763219e+02  Q=1.337000000000e+03  λ=8.015675e-01  dt=8.236e-04  relΔE=2.724e-07  ||F||=1.332e-02
 step= 69000  E=5.975436768874e+02  Q=1.337000000000e+03  λ=8.014587e-01  dt=1.275e-03  relΔE=4.327e-07  ||F||=1.349e-02
 step= 69500  E=5.974189463898e+02  Q=1.337000000000e+03  λ=8.013439e-01  dt=9.867e-04  relΔE=3.442e-07  ||F||=1.368e-02
 step= 70000  E=5.972868286057e+02  Q=1.337000000000e+03  λ=8.012227e-01  dt=1.527e-03  relΔE=5.408e-07  ||F||=6.005e-02
 step= 70500  E=5.971587356830e+02  Q=1.337000000000e+03  λ=8.011003e-01  dt=1.182e-03  relΔE=4.371e-07  ||F||=1.408e-02
 step= 71000  E=5.970210487294e+02  Q=1.337000000000e+03  λ=8.009690e-01  dt=9.149e-04  relΔE=3.490e-07  ||F||=1.430e-02
 step= 71500  E=5.968795382927e+02  Q=1.337000000000e+03  λ=8.008324e-01  dt=1.416e-03  relΔE=5.579e-07  ||F||=1.453e-02
 step= 72000  E=5.967366487981e+02  Q=1.337000000000e+03  λ=8.006924e-01  dt=1.096e-03  relΔE=4.462e-07  ||F||=1.477e-02
 step= 72500  E=5.965837916126e+02  Q=1.337000000000e+03  λ=8.005406e-01  dt=8.484e-04  relΔE=3.576e-07  ||F||=1.503e-02
 step= 73000  E=5.964296069920e+02  Q=1.337000000000e+03  λ=8.003855e-01  dt=1.313e-03  relΔE=5.735e-07  ||F||=1.529e-02
 step= 73500  E=5.962695498173e+02  Q=1.337000000000e+03  λ=8.002221e-01  dt=1.016e-03  relΔE=4.604e-07  ||F||=1.557e-02
 step= 74000  E=5.960972762272e+02  Q=1.337000000000e+03  λ=8.000435e-01  dt=7.867e-04  relΔE=3.707e-07  ||F||=1.606e-02
 step= 74500  E=5.959278503629e+02  Q=1.337000000000e+03  λ=7.998654e-01  dt=1.218e-03  relΔE=5.962e-07  ||F||=1.619e-02
 step= 75000  E=5.957457248901e+02  Q=1.337000000000e+03  λ=7.996709e-01  dt=9.425e-04  relΔE=4.808e-07  ||F||=1.652e-02
 step= 75500  E=5.955542852816e+02  Q=1.337000000000e+03  λ=7.994635e-01  dt=1.459e-03  relΔE=7.767e-07  ||F||=1.687e-02
 step= 76000  E=5.953613409437e+02  Q=1.337000000000e+03  λ=7.992509e-01  dt=1.129e-03  relΔE=6.273e-07  ||F||=1.723e-02
 step= 76500  E=5.951523544525e+02  Q=1.337000000000e+03  λ=7.990171e-01  dt=8.739e-04  relΔE=5.082e-07  ||F||=1.763e-02
 step= 77000  E=5.949373127096e+02  Q=1.337000000000e+03  λ=7.987728e-01  dt=1.353e-03  relΔE=8.237e-07  ||F||=1.803e-02
 step= 77500  E=5.947139583821e+02  Q=1.337000000000e+03  λ=7.985148e-01  dt=1.047e-03  relΔE=6.683e-07  ||F||=1.846e-02
 step= 78000  E=5.944715464378e+02  Q=1.337000000000e+03  λ=7.982302e-01  dt=8.103e-04  relΔE=5.439e-07  ||F||=1.893e-02
 step= 78500  E=5.942275214390e+02  Q=1.337000000000e+03  λ=7.979395e-01  dt=1.254e-03  relΔE=8.845e-07  ||F||=1.940e-02
 step= 79000  E=5.939651607410e+02  Q=1.337000000000e+03  λ=7.976214e-01  dt=9.708e-04  relΔE=7.211e-07  ||F||=1.990e-02
 step= 79500  E=5.936826409596e+02  Q=1.337000000000e+03  λ=7.972738e-01  dt=1.503e-03  relΔE=1.179e-06  ||F||=2.079e-02
 step= 80000  E=5.933991223853e+02  Q=1.337000000000e+03  λ=7.969188e-01  dt=1.163e-03  relΔE=9.621e-07  ||F||=2.099e-02
 step= 80500  E=5.930875179279e+02  Q=1.337000000000e+03  λ=7.965225e-01  dt=9.002e-04  relΔE=7.881e-07  ||F||=2.159e-02
 step= 81000  E=5.927774325477e+02  Q=1.337000000000e+03  λ=7.961222e-01  dt=1.161e-03  relΔE=1.074e-06  ||F||=2.218e-02
 step= 81500  E=5.924290837065e+02  Q=1.337000000000e+03  λ=7.956652e-01  dt=8.987e-04  relΔE=8.819e-07  ||F||=2.284e-02
 step= 82000  E=5.920820815665e+02  Q=1.337000000000e+03  λ=7.952033e-01  dt=1.159e-03  relΔE=1.204e-06  ||F||=2.350e-02
 step= 82500  E=5.916913668829e+02  Q=1.337000000000e+03  λ=7.946748e-01  dt=8.973e-04  relΔE=9.915e-07  ||F||=2.423e-02
 step= 83000  E=5.912789123233e+02  Q=1.337000000000e+03  λ=7.941091e-01  dt=1.389e-03  relΔE=1.634e-06  ||F||=2.499e-02
 step= 83500  E=5.908470707332e+02  Q=1.337000000000e+03  λ=7.935071e-01  dt=1.075e-03  relΔE=1.346e-06  ||F||=2.577e-02
 step= 84000  E=5.903712273735e+02  Q=1.337000000000e+03  λ=7.928340e-01  dt=8.320e-04  relΔE=1.113e-06  ||F||=2.662e-02
 step= 84500  E=5.898803978570e+02  Q=1.337000000000e+03  λ=7.921305e-01  dt=1.288e-03  relΔE=1.837e-06  ||F||=2.748e-02
 step= 85000  E=5.893513599058e+02  Q=1.337000000000e+03  λ=7.913606e-01  dt=9.968e-04  relΔE=1.518e-06  ||F||=2.839e-02
 step= 85500  E=5.887679606834e+02  Q=1.337000000000e+03  λ=7.905492e-01  dt=1.543e-03  relΔE=2.237e-06  ||F||=3.145e-01
 step= 86000  E=5.881807200615e+02  Q=1.337000000000e+03  λ=7.896228e-01  dt=1.194e-03  relΔE=2.078e-06  ||F||=3.031e-02
 step= 86500  E=5.875288847902e+02  Q=1.337000000000e+03  λ=7.886356e-01  dt=9.242e-04  relΔE=1.721e-06  ||F||=3.134e-02
 step= 87000  E=5.868328788062e+02  Q=1.337000000000e+03  λ=7.875696e-01  dt=1.431e-03  relΔE=2.850e-06  ||F||=3.239e-02
 step= 87500  E=5.861079852618e+02  Q=1.337000000000e+03  λ=7.864446e-01  dt=1.107e-03  relΔE=2.354e-06  ||F||=3.345e-02
 step= 88000  E=5.853063426782e+02  Q=1.337000000000e+03  λ=7.851861e-01  dt=8.570e-04  relΔE=1.948e-06  ||F||=3.456e-02
 step= 88500  E=5.844755086511e+02  Q=1.337000000000e+03  λ=7.838688e-01  dt=1.327e-03  relΔE=3.215e-06  ||F||=3.566e-02
 step= 89000  E=5.835885558756e+02  Q=1.337000000000e+03  λ=7.824461e-01  dt=1.027e-03  relΔE=2.649e-06  ||F||=3.676e-02
 step= 89500  E=5.826140119120e+02  Q=1.337000000000e+03  λ=7.808671e-01  dt=7.947e-04  relΔE=2.183e-06  ||F||=3.791e-02
 step= 90000  E=5.816328100541e+02  Q=1.337000000000e+03  λ=7.792640e-01  dt=1.230e-03  relΔE=3.577e-06  ||F||=3.896e-02
 step= 90500  E=5.805651116046e+02  Q=1.337000000000e+03  λ=7.775021e-01  dt=9.520e-04  relΔE=2.926e-06  ||F||=4.002e-02
 step= 91000  E=5.794275161404e+02  Q=1.337000000000e+03  λ=7.756114e-01  dt=1.474e-03  relΔE=4.773e-06  ||F||=4.104e-02
 step= 91500  E=5.782804567935e+02  Q=1.337000000000e+03  λ=7.736873e-01  dt=1.141e-03  relΔE=3.869e-06  ||F||=4.196e-02
 step= 92000  E=5.770359065134e+02  Q=1.337000000000e+03  λ=7.715847e-01  dt=8.828e-04  relΔE=3.125e-06  ||F||=4.282e-02
 step= 92500  E=5.757676006481e+02  Q=1.337000000000e+03  λ=7.694300e-01  dt=1.366e-03  relΔE=5.015e-06  ||F||=4.355e-02
 step= 93000  E=5.744708069891e+02  Q=1.337000000000e+03  λ=7.672102e-01  dt=1.058e-03  relΔE=3.998e-06  ||F||=4.415e-02
 step= 93500  E=5.730985152980e+02  Q=1.337000000000e+03  λ=7.648477e-01  dt=8.186e-04  relΔE=3.167e-06  ||F||=4.461e-02
 step= 94000  E=5.717567995922e+02  Q=1.337000000000e+03  λ=7.625280e-01  dt=1.267e-03  relΔE=4.973e-06  ||F||=4.488e-02
 step= 94500  E=5.703813232816e+02  Q=1.337000000000e+03  λ=7.601353e-01  dt=9.807e-04  relΔE=3.873e-06  ||F||=4.496e-02
 step= 95000  E=5.689717382824e+02  Q=1.337000000000e+03  λ=7.576754e-01  dt=1.518e-03  relΔE=5.975e-06  ||F||=4.848e-02
 step= 95500  E=5.676461580208e+02  Q=1.337000000000e+03  λ=7.553484e-01  dt=1.175e-03  relΔE=4.568e-06  ||F||=4.451e-02
 step= 96000  E=5.662958945363e+02  Q=1.337000000000e+03  λ=7.529692e-01  dt=9.093e-04  relΔE=3.455e-06  ||F||=4.394e-02
 step= 96500  E=5.649966200455e+02  Q=1.337000000000e+03  λ=7.506739e-01  dt=1.408e-03  relΔE=5.172e-06  ||F||=4.316e-02
 step= 97000  E=5.637719393701e+02  Q=1.337000000000e+03  λ=7.484996e-01  dt=1.089e-03  relΔE=3.833e-06  ||F||=4.219e-02
 step= 97500  E=5.625707812214e+02  Q=1.337000000000e+03  λ=7.463598e-01  dt=8.432e-04  relΔE=2.805e-06  ||F||=4.098e-02
 step= 98000  E=5.614748584313e+02  Q=1.337000000000e+03  λ=7.444027e-01  dt=1.305e-03  relΔE=4.068e-06  ||F||=3.963e-02
 step= 98500  E=5.604494114111e+02  Q=1.337000000000e+03  λ=7.425627e-01  dt=1.010e-03  relΔE=2.917e-06  ||F||=3.811e-02
 step= 99000  E=5.594741212936e+02  Q=1.337000000000e+03  λ=7.410585e-01  dt=7.818e-04  relΔE=2.598e-06  ||F||=7.139e-01
 step= 99500  E=5.586383681762e+02  Q=1.337000000000e+03  λ=7.392975e-01  dt=1.210e-03  relΔE=2.906e-06  ||F||=3.469e-02
 step=100000  E=5.578560100545e+02  Q=1.337000000000e+03  λ=7.378775e-01  dt=9.367e-04  relΔE=2.018e-06  ||F||=3.284e-02
 step=100500  E=5.571555202723e+02  Q=1.337000000000e+03  λ=7.366022e-01  dt=1.450e-03  relΔE=2.776e-06  ||F||=3.094e-02
 step=101000  E=5.565546059448e+02  Q=1.337000000000e+03  λ=7.355015e-01  dt=1.122e-03  relΔE=1.899e-06  ||F||=2.907e-02
 step=101500  E=5.560083751038e+02  Q=1.337000000000e+03  λ=7.344961e-01  dt=8.685e-04  relΔE=1.282e-06  ||F||=2.713e-02
 step=102000  E=5.555440221734e+02  Q=1.337000000000e+03  λ=7.336375e-01  dt=1.344e-03  relΔE=1.722e-06  ||F||=2.527e-02
 step=102500  E=5.551443702669e+02  Q=1.337000000000e+03  λ=7.328931e-01  dt=1.041e-03  relΔE=1.149e-06  ||F||=2.345e-02
 step=103000  E=5.548069463897e+02  Q=1.337000000000e+03  λ=7.322610e-01  dt=1.342e-03  relΔE=1.272e-06  ||F||=2.172e-02
 step=103500  E=5.545138441842e+02  Q=1.337000000000e+03  λ=7.317073e-01  dt=1.039e-03  relΔE=8.381e-07  ||F||=2.003e-02
 step=104000  E=5.542693223757e+02  Q=1.337000000000e+03  λ=7.312420e-01  dt=1.340e-03  relΔE=9.176e-07  ||F||=1.845e-02
 step=104500  E=5.540589635398e+02  Q=1.337000000000e+03  λ=7.308377e-01  dt=1.037e-03  relΔE=5.978e-07  ||F||=1.693e-02
 step=105000  E=5.538855017007e+02  Q=1.337000000000e+03  λ=7.305013e-01  dt=1.338e-03  relΔE=6.483e-07  ||F||=1.552e-02
 step=105500  E=5.537372749014e+02  Q=1.337000000000e+03  λ=7.302103e-01  dt=1.035e-03  relΔE=4.184e-07  ||F||=1.417e-02
 step=106000  E=5.536105162370e+02  Q=1.337000000000e+03  λ=7.299583e-01  dt=8.014e-04  relΔE=2.673e-07  ||F||=1.287e-02
 step=106500  E=5.535103523721e+02  Q=1.337000000000e+03  λ=7.297567e-01  dt=1.241e-03  relΔE=3.434e-07  ||F||=1.172e-02
 step=107000  E=5.534255263559e+02  Q=1.337000000000e+03  λ=7.295830e-01  dt=9.602e-04  relΔE=2.188e-07  ||F||=1.063e-02
 step=107500  E=5.533547141301e+02  Q=1.337000000000e+03  λ=7.294358e-01  dt=1.486e-03  relΔE=2.770e-07  ||F||=9.628e-03
 step=108000  E=5.532992942160e+02  Q=1.337000000000e+03  λ=7.293182e-01  dt=1.150e-03  relΔE=1.765e-07  ||F||=8.723e-03
 step=108500  E=5.532521737612e+02  Q=1.337000000000e+03  λ=7.292162e-01  dt=8.903e-04  relΔE=1.113e-07  ||F||=7.874e-03
 step=109000  E=5.532142092601e+02  Q=1.337000000000e+03  λ=7.291323e-01  dt=1.378e-03  relΔE=1.405e-07  ||F||=7.108e-03
 step=109500  E=5.531837347295e+02  Q=1.337000000000e+03  λ=7.290631e-01  dt=1.067e-03  relΔE=8.873e-08  ||F||=6.421e-03
 step=110000  E=5.531581527093e+02  Q=1.337000000000e+03  λ=7.290035e-01  dt=8.255e-04  relΔE=5.557e-08  ||F||=5.775e-03
 step=110500  E=5.531381061426e+02  Q=1.337000000000e+03  λ=7.289555e-01  dt=1.278e-03  relΔE=7.001e-08  ||F||=5.209e-03
 step=111000  E=5.531216651904e+02  Q=1.337000000000e+03  λ=7.289148e-01  dt=9.890e-04  relΔE=4.394e-08  ||F||=4.690e-03
 step=111500  E=5.531079335335e+02  Q=1.337000000000e+03  λ=7.288833e-01  dt=1.531e-03  relΔE=3.592e-08  ||F||=8.663e-02
 step=112000  E=5.530975024924e+02  Q=1.337000000000e+03  λ=7.288519e-01  dt=1.185e-03  relΔE=3.446e-08  ||F||=3.794e-03
 step=112500  E=5.530886982706e+02  Q=1.337000000000e+03  λ=7.288276e-01  dt=9.171e-04  relΔE=2.150e-08  ||F||=3.406e-03
 step=113000  E=5.530816142931e+02  Q=1.337000000000e+03  λ=7.288071e-01  dt=1.420e-03  relΔE=2.683e-08  ||F||=3.057e-03
 step=113500  E=5.530760353386e+02  Q=1.337000000000e+03  λ=7.287903e-01  dt=1.099e-03  relΔE=1.681e-08  ||F||=2.749e-03
 step=114000  E=5.530713993220e+02  Q=1.337000000000e+03  λ=7.287756e-01  dt=8.504e-04  relΔE=1.045e-08  ||F||=2.464e-03
 step=114500  E=5.530677378313e+02  Q=1.337000000000e+03  λ=7.287634e-01  dt=1.316e-03  relΔE=1.306e-08  ||F||=2.213e-03
 step=115000  E=5.530648039116e+02  Q=1.337000000000e+03  λ=7.287530e-01  dt=1.019e-03  relΔE=8.158e-09  ||F||=1.987e-03
 step=115500  E=5.530623586801e+02  Q=1.337000000000e+03  λ=7.287439e-01  dt=7.885e-04  relΔE=5.056e-09  ||F||=1.778e-03
 step=116000  E=5.530604868294e+02  Q=1.337000000000e+03  λ=7.287365e-01  dt=1.221e-03  relΔE=6.334e-09  ||F||=1.599e-03
 step=116500  E=5.530589349363e+02  Q=1.337000000000e+03  λ=7.287300e-01  dt=9.447e-04  relΔE=3.942e-09  ||F||=1.433e-03
 step=117000  E=5.530576709104e+02  Q=1.337000000000e+03  λ=7.287243e-01  dt=1.462e-03  relΔE=4.891e-09  ||F||=1.283e-03
 step=117500  E=5.530566958047e+02  Q=1.337000000000e+03  λ=7.287196e-01  dt=1.132e-03  relΔE=3.061e-09  ||F||=1.152e-03
 step=118000  E=5.530558828772e+02  Q=1.337000000000e+03  λ=7.287153e-01  dt=8.760e-04  relΔE=1.901e-09  ||F||=1.032e-03
 step=118500  E=5.530552372264e+02  Q=1.337000000000e+03  λ=7.287117e-01  dt=1.356e-03  relΔE=2.367e-09  ||F||=9.247e-04
 step=119000  E=5.530547238518e+02  Q=1.337000000000e+03  λ=7.287086e-01  dt=1.049e-03  relΔE=1.478e-09  ||F||=8.298e-04
 step=119500  E=5.530542987652e+02  Q=1.337000000000e+03  λ=7.287059e-01  dt=8.122e-04  relΔE=9.165e-10  ||F||=7.422e-04
 step=120000  E=5.530539680704e+02  Q=1.337000000000e+03  λ=7.287035e-01  dt=1.257e-03  relΔE=1.145e-09  ||F||=6.662e-04
 step=120500  E=5.530536985420e+02  Q=1.337000000000e+03  λ=7.287015e-01  dt=9.731e-04  relΔE=7.138e-10  ||F||=5.972e-04
 step=121000  E=5.530534752136e+02  Q=1.337000000000e+03  λ=7.286996e-01  dt=1.506e-03  relΔE=8.480e-10  ||F||=3.821e-03
 step=121500  E=5.530533060771e+02  Q=1.337000000000e+03  λ=7.286981e-01  dt=1.166e-03  relΔE=5.544e-10  ||F||=4.797e-04
 step=122000  E=5.530531640650e+02  Q=1.337000000000e+03  λ=7.286967e-01  dt=9.023e-04  relΔE=3.449e-10  ||F||=4.295e-04
 step=122500  E=5.530530502520e+02  Q=1.337000000000e+03  λ=7.286954e-01  dt=1.397e-03  relΔE=4.296e-10  ||F||=3.847e-04
 step=123000  E=5.530529605609e+02  Q=1.337000000000e+03  λ=7.286944e-01  dt=1.081e-03  relΔE=2.689e-10  ||F||=3.453e-04
 step=123500  E=5.530528860845e+02  Q=1.337000000000e+03  λ=7.286934e-01  dt=8.367e-04  relΔE=1.673e-10  ||F||=3.090e-04
 step=124000  E=5.530528272761e+02  Q=1.337000000000e+03  λ=7.286926e-01  dt=1.295e-03  relΔE=2.092e-10  ||F||=2.772e-04
 step=124500  E=5.530527799619e+02  Q=1.337000000000e+03  λ=7.286918e-01  dt=1.002e-03  relΔE=1.310e-10  ||F||=2.487e-04
 step=125000  E=5.530527403815e+02  Q=1.337000000000e+03  λ=7.286911e-01  dt=7.758e-04  relΔE=8.137e-11  ||F||=2.222e-04
 step=125500  E=5.530527101521e+02  Q=1.337000000000e+03  λ=7.286906e-01  dt=1.201e-03  relΔE=1.024e-10  ||F||=1.998e-04
 step=126000  E=5.530526849370e+02  Q=1.337000000000e+03  λ=7.286901e-01  dt=9.294e-04  relΔE=6.404e-11  ||F||=1.791e-04
 step=126500  E=5.530526643368e+02  Q=1.337000000000e+03  λ=7.286896e-01  dt=1.439e-03  relΔE=7.999e-11  ||F||=1.603e-04
 step=127000  E=5.530526482698e+02  Q=1.337000000000e+03  λ=7.286892e-01  dt=1.114e-03  relΔE=5.038e-11  ||F||=1.440e-04
 step=127500  E=5.530526348020e+02  Q=1.337000000000e+03  λ=7.286888e-01  dt=8.618e-04  relΔE=3.154e-11  ||F||=1.290e-04
 step=128000  E=5.530526240154e+02  Q=1.337000000000e+03  λ=7.286885e-01  dt=1.334e-03  relΔE=3.962e-11  ||F||=1.157e-04
 step=128500  E=5.530526153594e+02  Q=1.337000000000e+03  λ=7.286882e-01  dt=1.033e-03  relΔE=2.497e-11  ||F||=1.039e-04
 step=129000  E=5.530526081010e+02  Q=1.337000000000e+03  λ=7.286879e-01  dt=7.991e-04  relΔE=1.565e-11  ||F||=9.293e-05
 step=129500  E=5.530526024147e+02  Q=1.337000000000e+03  λ=7.286877e-01  dt=1.237e-03  relΔE=1.979e-11  ||F||=8.349e-05
 step=130000  E=5.530525977171e+02  Q=1.337000000000e+03  λ=7.286875e-01  dt=9.574e-04  relΔE=1.249e-11  ||F||=7.491e-05
 step=130500  E=5.530525937750e+02  Q=1.337000000000e+03  λ=7.286873e-01  dt=1.482e-03  relΔE=1.554e-11  ||F||=2.620e-04
 step=131000  E=5.530525907373e+02  Q=1.337000000000e+03  λ=7.286872e-01  dt=1.147e-03  relΔE=9.991e-12  ||F||=6.028e-05
 step=131500  E=5.530525881432e+02  Q=1.337000000000e+03  λ=7.286870e-01  dt=8.877e-04  relΔE=6.317e-12  ||F||=5.400e-05
 step=132000  E=5.530525860328e+02  Q=1.337000000000e+03  λ=7.286869e-01  dt=1.374e-03  relΔE=8.009e-12  ||F||=4.841e-05
 step=132500  E=5.530525843382e+02  Q=1.337000000000e+03  λ=7.286868e-01  dt=1.064e-03  relΔE=5.107e-12  ||F||=4.351e-05
 step=133000  E=5.530525829021e+02  Q=1.337000000000e+03  λ=7.286867e-01  dt=8.232e-04  relΔE=3.244e-12  ||F||=3.897e-05
 step=133500  E=5.530525817448e+02  Q=1.337000000000e+03  λ=7.286866e-01  dt=1.274e-03  relΔE=4.146e-12  ||F||=3.499e-05
 step=134000  E=5.530525807918e+02  Q=1.337000000000e+03  λ=7.286865e-01  dt=9.862e-04  relΔE=2.656e-12  ||F||=3.142e-05
 step=134500  E=5.530525799749e+02  Q=1.337000000000e+03  λ=7.286864e-01  dt=7.633e-04  relΔE=1.693e-12  ||F||=2.810e-05
 step=135000  E=5.530525793362e+02  Q=1.337000000000e+03  λ=7.286864e-01  dt=1.182e-03  relΔE=2.187e-12  ||F||=2.530e-05
 step=135500  E=5.530525787858e+02  Q=1.337000000000e+03  λ=7.286863e-01  dt=9.144e-04  relΔE=1.406e-12  ||F||=2.269e-05
 step=136000  E=5.530525783248e+02  Q=1.337000000000e+03  λ=7.286862e-01  dt=1.415e-03  relΔE=1.811e-12  ||F||=2.033e-05
 step=136500  E=5.530525779530e+02  Q=1.337000000000e+03  λ=7.286862e-01  dt=1.096e-03  relΔE=1.177e-12  ||F||=1.829e-05
 step=137000  E=5.530525776316e+02  Q=1.337000000000e+03  λ=7.286862e-01  dt=8.479e-04  relΔE=7.614e-13  ||F||=1.639e-05
 step=137500  E=5.530525773653e+02  Q=1.337000000000e+03  λ=7.286861e-01  dt=1.313e-03  relΔE=9.908e-13  ||F||=1.472e-05
 step=138000  E=5.530525771444e+02  Q=1.337000000000e+03  λ=7.286861e-01  dt=1.016e-03  relΔE=6.473e-13  ||F||=1.323e-05
 step=138500  E=5.530525769511e+02  Q=1.337000000000e+03  λ=7.286861e-01  dt=7.862e-04  relΔE=4.214e-13  ||F||=1.185e-05
 step=139000  E=5.530525767944e+02  Q=1.337000000000e+03  λ=7.286860e-01  dt=1.217e-03  relΔE=5.548e-13  ||F||=1.066e-05
 step=139500  E=5.530525766591e+02  Q=1.337000000000e+03  λ=7.286860e-01  dt=9.419e-04  relΔE=3.649e-13  ||F||=9.574e-06
 step=140000  E=5.530525765412e+02  Q=1.337000000000e+03  λ=7.286860e-01  dt=1.458e-03  relΔE=4.785e-13  ||F||=2.038e-05
 step=140500  E=5.530525764458e+02  Q=1.337000000000e+03  λ=7.286860e-01  dt=1.129e-03  relΔE=3.180e-13  ||F||=7.723e-06
 step=141000  E=5.530525763610e+02  Q=1.337000000000e+03  λ=7.286859e-01  dt=8.734e-04  relΔE=2.099e-13  ||F||=6.928e-06
 step=141500  E=5.530525762888e+02  Q=1.337000000000e+03  λ=7.286859e-01  dt=1.352e-03  relΔE=2.798e-13  ||F||=6.218e-06
 step=142000  E=5.530525762280e+02  Q=1.337000000000e+03  λ=7.286859e-01  dt=1.046e-03  relΔE=1.862e-13  ||F||=5.594e-06
 step=142500  E=5.530525761740e+02  Q=1.337000000000e+03  λ=7.286859e-01  dt=8.099e-04  relΔE=1.242e-13  ||F||=5.015e-06
 step=143000  E=5.530525761285e+02  Q=1.337000000000e+03  λ=7.286859e-01  dt=1.254e-03  relΔE=1.665e-13  ||F||=4.509e-06
 step=143500  E=5.530525760892e+02  Q=1.337000000000e+03  λ=7.286859e-01  dt=9.703e-04  relΔE=1.114e-13  ||F||=4.055e-06
 step=144000  E=5.530525760538e+02  Q=1.337000000000e+03  λ=7.286859e-01  dt=7.510e-04  relΔE=7.441e-14  ||F||=3.651e-06
 step=144500  E=5.530525760248e+02  Q=1.337000000000e+03  λ=7.286859e-01  dt=1.162e-03  relΔE=1.007e-13  ||F||=3.273e-06
 step=145000  E=5.530525759986e+02  Q=1.337000000000e+03  λ=7.286859e-01  dt=8.997e-04  relΔE=6.866e-14  ||F||=2.938e-06
 step=145500  E=5.530525759756e+02  Q=1.337000000000e+03  λ=7.286858e-01  dt=1.393e-03  relΔE=9.230e-14  ||F||=2.637e-06
 step=146000  E=5.530525759562e+02  Q=1.337000000000e+03  λ=7.286858e-01  dt=1.078e-03  relΔE=6.229e-14  ||F||=2.373e-06
 step=146500  E=5.530525759387e+02  Q=1.337000000000e+03  λ=7.286858e-01  dt=8.342e-04  relΔE=4.214e-14  ||F||=2.130e-06
 step=147000  E=5.530525759235e+02  Q=1.337000000000e+03  λ=7.286858e-01  dt=1.291e-03  relΔE=5.694e-14  ||F||=1.914e-06
 step=147500  E=5.530525759103e+02  Q=1.337000000000e+03  λ=7.286858e-01  dt=9.995e-04  relΔE=3.885e-14  ||F||=1.723e-06
 step=148000  E=5.530525758983e+02  Q=1.337000000000e+03  λ=7.286858e-01  dt=7.736e-04  relΔE=2.611e-14  ||F||=1.544e-06
 step=148500  E=5.530525758882e+02  Q=1.337000000000e+03  λ=7.286858e-01  dt=1.197e-03  relΔE=3.577e-14  ||F||=1.391e-06
 step=149000  E=5.530525758791e+02  Q=1.337000000000e+03  λ=7.286858e-01  dt=9.268e-04  relΔE=2.487e-14  ||F||=1.250e-06
 step=149500  E=5.530525758709e+02  Q=1.337000000000e+03  λ=7.286858e-01  dt=1.435e-03  relΔE=3.330e-14  ||F||=1.643e-06
 step=150000  E=5.530525758640e+02  Q=1.337000000000e+03  λ=7.286858e-01  dt=1.110e-03  relΔE=2.343e-14  ||F||=1.011e-06
 step=150500  E=5.530525758577e+02  Q=1.337000000000e+03  λ=7.286858e-01  dt=8.593e-04  relΔE=1.583e-14  ||F||=9.075e-07
 step=151000  E=5.530525758521e+02  Q=1.337000000000e+03  λ=7.286858e-01  dt=1.330e-03  relΔE=2.158e-14  ||F||=8.154e-07
 step=151500  E=5.530525758473e+02  Q=1.337000000000e+03  λ=7.286858e-01  dt=1.030e-03  relΔE=1.480e-14  ||F||=7.342e-07
 step=152000  E=5.530525758429e+02  Q=1.337000000000e+03  λ=7.286858e-01  dt=7.968e-04  relΔE=1.069e-14  ||F||=6.588e-07
 step=152500  E=5.530525758391e+02  Q=1.337000000000e+03  λ=7.286858e-01  dt=1.233e-03  relΔE=1.398e-14  ||F||=5.931e-07
 step=153000  E=5.530525758357e+02  Q=1.337000000000e+03  λ=7.286858e-01  dt=9.546e-04  relΔE=9.661e-15  ||F||=5.337e-07
 step=153500  E=5.530525758326e+02  Q=1.337000000000e+03  λ=7.286858e-01  dt=6.157e-04  relΔE=2.734e-14  ||F||=1.240e-04
 step=154000  E=5.530525758301e+02  Q=1.337000000000e+03  λ=7.286858e-01  dt=9.531e-04  relΔE=8.017e-15  ||F||=4.331e-07
 step=154500  E=5.530525758276e+02  Q=1.337000000000e+03  λ=7.286858e-01  dt=7.376e-04  relΔE=5.550e-15  ||F||=2.002e-05
 step=155000  E=5.530525758256e+02  Q=1.337000000000e+03  λ=7.286858e-01  dt=1.142e-03  relΔE=6.989e-15  ||F||=3.503e-07
 step=155500  E=5.530525758237e+02  Q=1.337000000000e+03  λ=7.286858e-01  dt=8.837e-04  relΔE=4.522e-15  ||F||=3.148e-07
 step=156000  E=5.530525758220e+02  Q=1.337000000000e+03  λ=7.286858e-01  dt=1.368e-03  relΔE=6.784e-15  ||F||=2.829e-07
 step=156500  E=5.530525758205e+02  Q=1.337000000000e+03  λ=7.286858e-01  dt=8.823e-04  relΔE=3.906e-15  ||F||=2.556e-07
 step=157000  E=5.530525758192e+02  Q=1.337000000000e+03  λ=7.286858e-01  dt=1.366e-03  relΔE=5.550e-15  ||F||=2.298e-07
 step=157500  E=5.530525758181e+02  Q=1.337000000000e+03  λ=7.286858e-01  dt=8.809e-04  relΔE=3.700e-15  ||F||=2.076e-07
 step=158000  E=5.530525758170e+02  Q=1.337000000000e+03  λ=7.286858e-01  dt=1.364e-03  relΔE=4.933e-15  ||F||=1.867e-07
 step=158500  E=5.530525758161e+02  Q=1.337000000000e+03  λ=7.286858e-01  dt=1.055e-03  relΔE=3.083e-15  ||F||=1.681e-07
 step=159000  E=5.530525758152e+02  Q=1.337000000000e+03  λ=7.286858e-01  dt=8.168e-04  relΔE=2.056e-15  ||F||=1.511e-07
 step=159500  E=5.530525758145e+02  Q=1.337000000000e+03  λ=7.286858e-01  dt=1.264e-03  relΔE=2.261e-15  ||F||=1.360e-07
 step=160000  E=5.530525758138e+02  Q=1.337000000000e+03  λ=7.286858e-01  dt=9.786e-04  relΔE=2.056e-15  ||F||=1.225e-07
 step=160500  E=5.530525758132e+02  Q=1.337000000000e+03  λ=7.286858e-01  dt=7.574e-04  relΔE=1.644e-15  ||F||=1.099e-07
 step=161000  E=5.530525758127e+02  Q=1.337000000000e+03  λ=7.286858e-01  dt=1.172e-03  relΔE=1.644e-15  ||F||=9.917e-08
 step=161500  E=5.530525758122e+02  Q=1.337000000000e+03  λ=7.286858e-01  dt=9.074e-04  relΔE=1.439e-15  ||F||=8.920e-08
 step=162000  E=5.530525758118e+02  Q=1.337000000000e+03  λ=7.286858e-01  dt=1.405e-03  relΔE=1.644e-15  ||F||=1.379e-07
 step=162500  E=5.530525758114e+02  Q=1.337000000000e+03  λ=7.286858e-01  dt=1.087e-03  relΔE=1.233e-15  ||F||=7.229e-08
 step=163000  E=5.530525758111e+02  Q=1.337000000000e+03  λ=7.286858e-01  dt=8.414e-04  relΔE=8.222e-16  ||F||=6.499e-08
 step=163500  E=5.530525758108e+02  Q=1.337000000000e+03  λ=7.286858e-01  dt=1.302e-03  relΔE=1.028e-15  ||F||=5.847e-08
 step=164000  E=5.530525758105e+02  Q=1.337000000000e+03  λ=7.286858e-01  dt=1.008e-03  relΔE=1.028e-15  ||F||=5.273e-08
 Converged (aggressive): step=164247, E=5.530525758104e+02, Q=1.337000000000e+03, dt=1.045e-03, ||F||=5.000e-08

Stationary candidate (aggressive): E=5.530525758104e+02, Q=1.337000000000e+03, maxρ=8.617646e-01

=== Stability test (damped inertial dynamics) ===
Perturb eps=0.02, gamma=1
t=0: E=6.185822230787e+02, Q=1.337000000000e+03, maxρ=8.892965e-01, σ=2.636076e+00, Rc=1.829770e+01
 step=     1  E=6.185818932156e+02  Q=1.337000000000e+03  λ=1.116280e+00  maxρ=8.892965e-01  minρ=1.938e-10  σ=2.636076e+00  Rc=1.829770e+01
 step=   300  E=6.050577353616e+02  Q=1.337000000000e+03  λ=1.012942e+00  maxρ=8.877875e-01  minρ=1.946e-10  σ=2.636073e+00  Rc=1.829770e+01
 step=   600  E=5.778669020428e+02  Q=1.337000000000e+03  λ=8.258946e-01  maxρ=8.835330e-01  minρ=1.961e-10  σ=2.636068e+00  Rc=1.829770e+01
 step=   900  E=5.619723578507e+02  Q=1.337000000000e+03  λ=7.664632e-01  maxρ=8.772402e-01  minρ=1.944e-10  σ=2.636066e+00  Rc=1.829770e+01
 step=  1200  E=5.680641922542e+02  Q=1.337000000000e+03  λ=8.745109e-01  maxρ=8.744886e-01  minρ=1.922e-10  σ=2.636069e+00  Rc=1.829770e+01
 step=  1500  E=5.843918763543e+02  Q=1.337000000000e+03  λ=9.914668e-01  maxρ=8.796037e-01  minρ=1.909e-10  σ=2.636070e+00  Rc=1.829769e+01
 step=  1800  E=5.927241835764e+02  Q=1.337000000000e+03  λ=9.772146e-01  maxρ=8.824178e-01  minρ=1.908e-10  σ=2.636068e+00  Rc=1.829769e+01
 step=  2100  E=5.878204220476e+02  Q=1.337000000000e+03  λ=8.753574e-01  maxρ=8.779239e-01  minρ=1.909e-10  σ=2.636065e+00  Rc=1.829770e+01
 step=  2400  E=5.792003559011e+02  Q=1.337000000000e+03  λ=8.284133e-01  maxρ=8.692453e-01  minρ=1.899e-10  σ=2.636065e+00  Rc=1.829769e+01
 step=  2700  E=5.770690737917e+02  Q=1.337000000000e+03  λ=8.836168e-01  maxρ=8.741622e-01  minρ=1.860e-10  σ=2.636068e+00  Rc=1.829769e+01
 step=  3000  E=5.812229704214e+02  Q=1.337000000000e+03  λ=9.498351e-01  maxρ=8.851433e-01  minρ=1.851e-10  σ=2.636069e+00  Rc=1.829769e+01
 step=  3300  E=5.843681328006e+02  Q=1.337000000000e+03  λ=9.371812e-01  maxρ=8.874169e-01  minρ=1.881e-10  σ=2.636065e+00  Rc=1.829770e+01
 step=  3600  E=5.824670092596e+02  Q=1.337000000000e+03  λ=8.720478e-01  maxρ=8.811689e-01  minρ=1.907e-10  σ=2.636061e+00  Rc=1.829770e+01
 step=  3900  E=5.785104845461e+02  Q=1.337000000000e+03  λ=8.432766e-01  maxρ=8.806273e-01  minρ=1.914e-10  σ=2.636061e+00  Rc=1.829769e+01
 step=  4200  E=5.770790284354e+02  Q=1.337000000000e+03  λ=8.765039e-01  maxρ=8.775655e-01  minρ=1.857e-10  σ=2.636064e+00  Rc=1.829769e+01
 step=  4500  E=5.785203289643e+02  Q=1.337000000000e+03  λ=9.122790e-01  maxρ=8.759312e-01  minρ=1.805e-10  σ=2.636065e+00  Rc=1.829768e+01
 step=  4800  E=5.797726850188e+02  Q=1.337000000000e+03  λ=8.994469e-01  maxρ=8.790500e-01  minρ=1.785e-10  σ=2.636061e+00  Rc=1.829768e+01
 step=  5100  E=5.790332824875e+02  Q=1.337000000000e+03  λ=8.612762e-01  maxρ=8.800647e-01  minρ=1.803e-10  σ=2.636056e+00  Rc=1.829769e+01
 step=  5400  E=5.775151218991e+02  Q=1.337000000000e+03  λ=8.511480e-01  maxρ=8.790261e-01  minρ=1.764e-10  σ=2.636055e+00  Rc=1.829768e+01
 step=  5700  E=5.769495419649e+02  Q=1.337000000000e+03  λ=8.755403e-01  maxρ=8.760213e-01  minρ=1.715e-10  σ=2.636056e+00  Rc=1.829768e+01
 step=  6000  E=5.772178961134e+02  Q=1.337000000000e+03  λ=8.932022e-01  maxρ=8.742978e-01  minρ=1.708e-10  σ=2.636057e+00  Rc=1.829768e+01
 >>> No runaway detected in this horizon. Likely stable (within this model & box).

STABILITY: PASS
