
=== Aggressive relaxation to Q = 431 ===
Initial: E=2.692015474520e+02, Q=4.310000000000e+02, dt=1.000e-04
 step=     1  E=2.691963039966e+02  Q=4.310000000000e+02  λ=1.156536e+00  dt=1.000e-04  relΔE=1.948e-05  ||F||=3.493e-01
 step=   500  E=2.631516159503e+02  Q=4.310000000000e+02  λ=1.126305e+00  dt=6.192e-04  relΔE=8.125e-05  ||F||=3.105e-01
 step=  1000  E=2.492476536596e+02  Q=4.310000000000e+02  λ=1.058521e+00  dt=9.584e-04  relΔE=6.540e-05  ||F||=2.179e-01
 step=  1500  E=2.413238006830e+02  Q=4.310000000000e+02  λ=1.021751e+00  dt=1.484e-03  relΔE=5.727e-05  ||F||=1.613e-01
 step=  2000  E=2.368908476317e+02  Q=4.310000000000e+02  λ=1.002223e+00  dt=1.148e-03  relΔE=2.857e-05  ||F||=1.282e-01
 step=  2500  E=2.338632389396e+02  Q=4.310000000000e+02  λ=9.896049e-01  dt=8.887e-04  relΔE=1.528e-05  ||F||=1.059e-01
 step=  3000  E=2.317643603756e+02  Q=4.310000000000e+02  λ=9.813375e-01  dt=1.376e-03  relΔE=1.755e-05  ||F||=9.080e-02
 step=  3500  E=2.301814308969e+02  Q=4.310000000000e+02  λ=9.754053e-01  dt=1.065e-03  relΔE=1.070e-05  ||F||=8.033e-02
 step=  4000  E=2.288788656752e+02  Q=4.310000000000e+02  λ=9.707442e-01  dt=8.241e-04  relΔE=6.791e-06  ||F||=7.252e-02
 step=  4500  E=2.278362449579e+02  Q=4.310000000000e+02  λ=9.671604e-01  dt=1.276e-03  relΔE=8.952e-06  ||F||=6.677e-02
 step=  5000  E=2.269260635177e+02  Q=4.310000000000e+02  λ=9.641268e-01  dt=9.873e-04  relΔE=6.049e-06  ||F||=6.225e-02
 step=  5500  E=2.261055422773e+02  Q=4.310000000000e+02  λ=9.614707e-01  dt=1.528e-03  relΔE=8.260e-06  ||F||=9.826e-02
 step=  6000  E=2.254137652463e+02  Q=4.310000000000e+02  λ=9.592703e-01  dt=1.183e-03  relΔE=5.820e-06  ||F||=5.560e-02
 step=  6500  E=2.247596240016e+02  Q=4.310000000000e+02  λ=9.572291e-01  dt=9.154e-04  relΔE=4.109e-06  ||F||=5.302e-02
 step=  7000  E=2.241660626203e+02  Q=4.310000000000e+02  λ=9.554065e-01  dt=1.417e-03  relΔE=5.856e-06  ||F||=5.081e-02
 step=  7500  E=2.236290200668e+02  Q=4.310000000000e+02  λ=9.537759e-01  dt=1.097e-03  relΔE=4.207e-06  ||F||=4.889e-02
 step=  8000  E=2.231147807105e+02  Q=4.310000000000e+02  λ=9.522319e-01  dt=8.488e-04  relΔE=3.033e-06  ||F||=4.713e-02
 step=  8500  E=2.226482107947e+02  Q=4.310000000000e+02  λ=9.508465e-01  dt=1.314e-03  relΔE=4.399e-06  ||F||=4.557e-02
 step=  9000  E=2.222093356373e+02  Q=4.310000000000e+02  λ=9.495534e-01  dt=1.017e-03  relΔE=3.202e-06  ||F||=4.415e-02
 step=  9500  E=2.217832958251e+02  Q=4.310000000000e+02  λ=9.483094e-01  dt=7.871e-04  relΔE=2.361e-06  ||F||=4.549e-02
 step= 10000  E=2.214036259534e+02  Q=4.310000000000e+02  λ=9.472106e-01  dt=1.218e-03  relΔE=3.421e-06  ||F||=4.162e-02
 step= 10500  E=2.210310794904e+02  Q=4.310000000000e+02  λ=9.461400e-01  dt=9.430e-04  relΔE=2.511e-06  ||F||=4.049e-02
 step= 11000  E=2.206767761255e+02  Q=4.310000000000e+02  λ=9.451312e-01  dt=1.460e-03  relΔE=3.688e-06  ||F||=3.941e-02
 step= 11500  E=2.203511537989e+02  Q=4.310000000000e+02  λ=9.442101e-01  dt=1.130e-03  relΔE=2.721e-06  ||F||=3.845e-02
 step= 12000  E=2.200299158582e+02  Q=4.310000000000e+02  λ=9.433088e-01  dt=8.744e-04  relΔE=2.007e-06  ||F||=3.751e-02
 step= 12500  E=2.197297164528e+02  Q=4.310000000000e+02  λ=9.424744e-01  dt=1.353e-03  relΔE=2.969e-06  ||F||=3.664e-02
 step= 13000  E=2.194444719338e+02  Q=4.310000000000e+02  λ=9.416870e-01  dt=1.048e-03  relΔE=2.201e-06  ||F||=3.583e-02
 step= 13500  E=2.191627905732e+02  Q=4.310000000000e+02  λ=9.409161e-01  dt=8.108e-04  relΔE=1.644e-06  ||F||=3.519e-02
 step= 14000  E=2.189040854324e+02  Q=4.310000000000e+02  λ=9.402147e-01  dt=1.255e-03  relΔE=2.426e-06  ||F||=3.433e-02
 step= 14500  E=2.186505857456e+02  Q=4.310000000000e+02  λ=9.395325e-01  dt=9.713e-04  relΔE=1.807e-06  ||F||=3.366e-02
 step= 15000  E=2.184014537715e+02  Q=4.310000000000e+02  λ=9.388689e-01  dt=1.504e-03  relΔE=2.689e-06  ||F||=3.321e-02
 step= 15500  E=2.181735941254e+02  Q=4.310000000000e+02  λ=9.382665e-01  dt=1.164e-03  relΔE=2.009e-06  ||F||=3.239e-02
 step= 16000  E=2.179449730965e+02  Q=4.310000000000e+02  λ=9.376675e-01  dt=9.007e-04  relΔE=1.500e-06  ||F||=3.180e-02
 step= 16500  E=2.177373501006e+02  Q=4.310000000000e+02  λ=9.371289e-01  dt=1.162e-03  relΔE=1.874e-06  ||F||=3.128e-02
 step= 17000  E=2.175238944321e+02  Q=4.310000000000e+02  λ=9.365797e-01  dt=8.992e-04  relΔE=1.403e-06  ||F||=3.075e-02
 step= 17500  E=2.173295349854e+02  Q=4.310000000000e+02  λ=9.360847e-01  dt=1.160e-03  relΔE=1.757e-06  ||F||=3.028e-02
 step= 18000  E=2.171292027125e+02  Q=4.310000000000e+02  λ=9.355786e-01  dt=8.978e-04  relΔE=1.319e-06  ||F||=2.981e-02
 step= 18500  E=2.169368269636e+02  Q=4.310000000000e+02  λ=9.350977e-01  dt=1.390e-03  relΔE=1.985e-06  ||F||=2.937e-02
 step= 19000  E=2.167528566344e+02  Q=4.310000000000e+02  λ=9.346414e-01  dt=1.076e-03  relΔE=1.495e-06  ||F||=2.897e-02
 step= 19500  E=2.165678006898e+02  Q=4.310000000000e+02  λ=9.341868e-01  dt=8.324e-04  relΔE=1.127e-06  ||F||=2.857e-02
 step= 20000  E=2.163934757960e+02  Q=4.310000000000e+02  λ=9.337629e-01  dt=1.289e-03  relΔE=1.701e-06  ||F||=2.821e-02
 step= 20500  E=2.162218753130e+02  Q=4.310000000000e+02  λ=9.333488e-01  dt=9.973e-04  relΔE=1.286e-06  ||F||=2.787e-02
 step= 21000  E=2.160487643162e+02  Q=4.310000000000e+02  λ=9.330120e-01  dt=1.544e-03  relΔE=1.654e-06  ||F||=3.952e-01
 step= 21500  E=2.158896288209e+02  Q=4.310000000000e+02  λ=9.325577e-01  dt=1.195e-03  relΔE=1.475e-06  ||F||=2.724e-02
 step= 22000  E=2.157274172500e+02  Q=4.310000000000e+02  λ=9.321761e-01  dt=9.248e-04  relΔE=1.118e-06  ||F||=2.696e-02
 step= 22500  E=2.155683659225e+02  Q=4.310000000000e+02  λ=9.318052e-01  dt=1.431e-03  relΔE=1.699e-06  ||F||=2.669e-02
 step= 23000  E=2.154160606075e+02  Q=4.310000000000e+02  λ=9.314523e-01  dt=1.108e-03  relΔE=1.292e-06  ||F||=2.645e-02
 step= 23500  E=2.152615892628e+02  Q=4.310000000000e+02  λ=9.310968e-01  dt=8.575e-04  relΔE=9.838e-07  ||F||=2.623e-02
 step= 24000  E=2.151132843591e+02  Q=4.310000000000e+02  λ=9.307580e-01  dt=1.327e-03  relΔE=1.500e-06  ||F||=2.602e-02
 step= 24500  E=2.149670691035e+02  Q=4.310000000000e+02  λ=9.304255e-01  dt=1.027e-03  relΔE=1.145e-06  ||F||=2.584e-02
 step= 25000  E=2.148180301617e+02  Q=4.310000000000e+02  λ=9.300883e-01  dt=7.951e-04  relΔE=8.757e-07  ||F||=2.567e-02
 step= 25500  E=2.146782215950e+02  Q=4.310000000000e+02  λ=9.297736e-01  dt=1.231e-03  relΔE=1.340e-06  ||F||=2.551e-02
 step= 26000  E=2.145359406665e+02  Q=4.310000000000e+02  λ=9.294542e-01  dt=9.526e-04  relΔE=1.027e-06  ||F||=2.538e-02
 step= 26500  E=2.143933015451e+02  Q=4.310000000000e+02  λ=9.291351e-01  dt=1.475e-03  relΔE=1.575e-06  ||F||=2.526e-02
 step= 27000  E=2.142575266351e+02  Q=4.310000000000e+02  λ=9.288315e-01  dt=1.141e-03  relΔE=1.210e-06  ||F||=2.515e-02
 step= 27500  E=2.141173447138e+02  Q=4.310000000000e+02  λ=9.285182e-01  dt=8.833e-04  relΔE=9.308e-07  ||F||=2.507e-02
 step= 28000  E=2.139803935504e+02  Q=4.310000000000e+02  λ=9.282124e-01  dt=1.367e-03  relΔE=1.434e-06  ||F||=2.500e-02
 step= 28500  E=2.138454437866e+02  Q=4.310000000000e+02  λ=9.279102e-01  dt=1.058e-03  relΔE=1.106e-06  ||F||=2.495e-02
 step= 29000  E=2.137063056509e+02  Q=4.310000000000e+02  λ=9.275979e-01  dt=8.190e-04  relΔE=8.538e-07  ||F||=2.491e-02
 step= 29500  E=2.135730160220e+02  Q=4.310000000000e+02  λ=9.272978e-01  dt=1.268e-03  relΔE=1.320e-06  ||F||=2.489e-02
 step= 30000  E=2.134375745382e+02  Q=4.310000000000e+02  λ=9.269909e-01  dt=9.812e-04  relΔE=1.022e-06  ||F||=2.488e-02
 step= 30500  E=2.132984291654e+02  Q=4.310000000000e+02  λ=9.266743e-01  dt=1.519e-03  relΔE=1.584e-06  ||F||=3.250e-02
 step= 31000  E=2.131665750030e+02  Q=4.310000000000e+02  λ=9.263710e-01  dt=1.176e-03  relΔE=1.230e-06  ||F||=2.492e-02
 step= 31500  E=2.130287937194e+02  Q=4.310000000000e+02  λ=9.260516e-01  dt=9.098e-04  relΔE=9.559e-07  ||F||=2.497e-02
 step= 32000  E=2.128912916477e+02  Q=4.310000000000e+02  λ=9.257300e-01  dt=1.408e-03  relΔE=1.488e-06  ||F||=2.503e-02
 step= 32500  E=2.127558032821e+02  Q=4.310000000000e+02  λ=9.254090e-01  dt=1.090e-03  relΔE=1.159e-06  ||F||=2.510e-02
 step= 33000  E=2.126148515779e+02  Q=4.310000000000e+02  λ=9.250708e-01  dt=8.436e-04  relΔE=9.045e-07  ||F||=2.520e-02
 step= 33500  E=2.124766987468e+02  Q=4.310000000000e+02  λ=9.247350e-01  dt=1.306e-03  relΔE=1.413e-06  ||F||=2.530e-02
 step= 34000  E=2.123363767491e+02  Q=4.310000000000e+02  λ=9.243884e-01  dt=1.011e-03  relΔE=1.105e-06  ||F||=2.543e-02
 step= 34500  E=2.121897660334e+02  Q=4.310000000000e+02  λ=9.240301e-01  dt=7.823e-04  relΔE=8.877e-07  ||F||=1.431e-01
 step= 35000  E=2.120499368161e+02  Q=4.310000000000e+02  λ=9.236635e-01  dt=1.211e-03  relΔE=1.357e-06  ||F||=2.573e-02
 step= 35500  E=2.119029835851e+02  Q=4.310000000000e+02  λ=9.232811e-01  dt=9.372e-04  relΔE=1.066e-06  ||F||=2.590e-02
 step= 36000  E=2.117531195278e+02  Q=4.310000000000e+02  λ=9.228841e-01  dt=1.451e-03  relΔE=1.676e-06  ||F||=2.610e-02
 step= 36500  E=2.116056429370e+02  Q=4.310000000000e+02  λ=9.224848e-01  dt=1.123e-03  relΔE=1.318e-06  ||F||=2.630e-02
 step= 37000  E=2.114504780105e+02  Q=4.310000000000e+02  λ=9.220559e-01  dt=8.690e-04  relΔE=1.039e-06  ||F||=2.653e-02
 step= 37500  E=2.112958422359e+02  Q=4.310000000000e+02  λ=9.216195e-01  dt=1.345e-03  relΔE=1.638e-06  ||F||=2.677e-02
 step= 38000  E=2.111387551661e+02  Q=4.310000000000e+02  λ=9.211656e-01  dt=1.041e-03  relΔE=1.293e-06  ||F||=2.702e-02
 step= 38500  E=2.109814914621e+02  Q=4.310000000000e+02  λ=9.207013e-01  dt=1.343e-03  relΔE=1.702e-06  ||F||=2.729e-02
 step= 39000  E=2.108181303315e+02  Q=4.310000000000e+02  λ=9.202072e-01  dt=1.039e-03  relΔE=1.346e-06  ||F||=2.757e-02
 step= 39500  E=2.106453745293e+02  Q=4.310000000000e+02  λ=9.196720e-01  dt=8.045e-04  relΔE=1.067e-06  ||F||=2.789e-02
 step= 40000  E=2.104768919307e+02  Q=4.310000000000e+02  λ=9.191378e-01  dt=1.245e-03  relΔE=1.689e-06  ||F||=2.820e-02
 step= 40500  E=2.103002598043e+02  Q=4.310000000000e+02  λ=9.185632e-01  dt=9.638e-04  relΔE=1.339e-06  ||F||=2.853e-02
 step= 41000  E=2.101161746728e+02  Q=4.310000000000e+02  λ=9.179500e-01  dt=1.492e-03  relΔE=2.127e-06  ||F||=2.890e-02
 step= 41500  E=2.099359751915e+02  Q=4.310000000000e+02  λ=9.173338e-01  dt=1.155e-03  relΔE=1.687e-06  ||F||=2.923e-02
 step= 42000  E=2.097437121113e+02  Q=4.310000000000e+02  λ=9.166598e-01  dt=8.937e-04  relΔE=1.341e-06  ||F||=2.960e-02
 step= 42500  E=2.095490104951e+02  Q=4.310000000000e+02  λ=9.159608e-01  dt=1.383e-03  relΔE=2.131e-06  ||F||=2.998e-02
 step= 43000  E=2.093521523599e+02  Q=4.310000000000e+02  λ=9.152353e-01  dt=1.071e-03  relΔE=1.693e-06  ||F||=3.036e-02
 step= 43500  E=2.091429918092e+02  Q=4.310000000000e+02  λ=9.144450e-01  dt=8.287e-04  relΔE=1.347e-06  ||F||=3.077e-02
 step= 44000  E=2.089358726365e+02  Q=4.310000000000e+02  λ=9.136438e-01  dt=1.283e-03  relΔE=2.141e-06  ||F||=3.116e-02
 step= 44500  E=2.087211727775e+02  Q=4.310000000000e+02  λ=9.127918e-01  dt=9.928e-04  relΔE=1.701e-06  ||F||=3.156e-02
 step= 45000  E=2.084936919846e+02  Q=4.310000000000e+02  λ=9.118825e-01  dt=1.537e-03  relΔE=2.649e-06  ||F||=1.751e-01
 step= 45500  E=2.082736757776e+02  Q=4.310000000000e+02  λ=9.109512e-01  dt=1.189e-03  relΔE=2.147e-06  ||F||=3.236e-02
 step= 46000  E=2.080388551737e+02  Q=4.310000000000e+02  λ=9.099498e-01  dt=9.206e-04  relΔE=1.705e-06  ||F||=3.275e-02
 step= 46500  E=2.077993080900e+02  Q=4.310000000000e+02  λ=9.089052e-01  dt=1.425e-03  relΔE=2.704e-06  ||F||=3.314e-02
 step= 47000  E=2.075598075410e+02  Q=4.310000000000e+02  λ=9.078351e-01  dt=1.103e-03  relΔE=2.141e-06  ||F||=3.350e-02
 step= 47500  E=2.073063227350e+02  Q=4.310000000000e+02  λ=9.066766e-01  dt=8.536e-04  relΔE=1.695e-06  ||F||=3.385e-02
 step= 48000  E=2.070547849873e+02  Q=4.310000000000e+02  λ=9.055023e-01  dt=1.321e-03  relΔE=2.677e-06  ||F||=3.418e-02
 step= 48500  E=2.067978138347e+02  Q=4.310000000000e+02  λ=9.042746e-01  dt=1.023e-03  relΔE=2.111e-06  ||F||=3.448e-02
 step= 49000  E=2.065277153314e+02  Q=4.310000000000e+02  λ=9.029559e-01  dt=7.915e-04  relΔE=1.662e-06  ||F||=3.479e-02
 step= 49500  E=2.062677536469e+02  Q=4.310000000000e+02  λ=9.016607e-01  dt=1.225e-03  relΔE=2.609e-06  ||F||=3.497e-02
 step= 50000  E=2.059963234922e+02  Q=4.310000000000e+02  λ=9.002785e-01  dt=9.483e-04  relΔE=2.044e-06  ||F||=3.516e-02
 step= 50500  E=2.057196296562e+02  Q=4.310000000000e+02  λ=8.988417e-01  dt=1.468e-03  relΔE=3.194e-06  ||F||=3.530e-02
 step= 51000  E=2.054513520368e+02  Q=4.310000000000e+02  λ=8.974181e-01  dt=1.136e-03  relΔE=2.487e-06  ||F||=3.539e-02
 step= 51500  E=2.051718868484e+02  Q=4.310000000000e+02  λ=8.959053e-01  dt=8.793e-04  relΔE=1.931e-06  ||F||=3.542e-02
 step= 52000  E=2.048975185086e+02  Q=4.310000000000e+02  λ=8.943921e-01  dt=1.361e-03  relΔE=2.987e-06  ||F||=3.539e-02
 step= 52500  E=2.046260565577e+02  Q=4.310000000000e+02  λ=8.928633e-01  dt=1.053e-03  relΔE=2.302e-06  ||F||=3.529e-02
 step= 53000  E=2.043477885663e+02  Q=4.310000000000e+02  λ=8.912654e-01  dt=8.153e-04  relΔE=1.768e-06  ||F||=3.512e-02
 step= 53500  E=2.040842577903e+02  Q=4.310000000000e+02  λ=8.897242e-01  dt=1.262e-03  relΔE=2.703e-06  ||F||=3.488e-02
 step= 54000  E=2.038193097058e+02  Q=4.310000000000e+02  λ=8.881428e-01  dt=9.768e-04  relΔE=2.057e-06  ||F||=3.457e-02
 step= 54500  E=2.035537728585e+02  Q=4.310000000000e+02  λ=8.865286e-01  dt=1.512e-03  relΔE=3.116e-06  ||F||=3.552e-02
 step= 55000  E=2.033079774374e+02  Q=4.310000000000e+02  λ=8.850029e-01  dt=1.170e-03  relΔE=2.353e-06  ||F||=3.373e-02
 step= 55500  E=2.030595345084e+02  Q=4.310000000000e+02  λ=8.834309e-01  dt=9.057e-04  relΔE=1.765e-06  ||F||=3.320e-02
 step= 56000  E=2.028210759324e+02  Q=4.310000000000e+02  λ=8.818934e-01  dt=1.402e-03  relΔE=2.637e-06  ||F||=3.259e-02
 step= 56500  E=2.025957961849e+02  Q=4.310000000000e+02  λ=8.804097e-01  dt=1.085e-03  relΔE=1.962e-06  ||F||=3.193e-02
 step= 57000  E=2.023732086262e+02  Q=4.310000000000e+02  λ=8.789135e-01  dt=8.398e-04  relΔE=1.450e-06  ||F||=3.119e-02
 step= 57500  E=2.021678470511e+02  Q=4.310000000000e+02  λ=8.775056e-01  dt=1.300e-03  relΔE=2.136e-06  ||F||=3.041e-02
 step= 58000  E=2.019711690705e+02  Q=4.310000000000e+02  λ=8.761265e-01  dt=1.006e-03  relΔE=1.565e-06  ||F||=2.957e-02
 step= 58500  E=2.017796240311e+02  Q=4.310000000000e+02  λ=8.758931e-01  dt=6.490e-04  relΔE=4.498e-06  ||F||=1.516e+00
 step= 59000  E=2.016163905634e+02  Q=4.310000000000e+02  λ=8.735577e-01  dt=1.005e-03  relΔE=1.382e-06  ||F||=2.779e-02
 step= 59500  E=2.014480882008e+02  Q=4.310000000000e+02  λ=8.732089e-01  dt=6.479e-04  relΔE=3.521e-06  ||F||=1.358e+00
 step= 60000  E=2.013059633504e+02  Q=4.310000000000e+02  λ=8.712045e-01  dt=1.003e-03  relΔE=1.198e-06  ||F||=2.587e-02
 step= 60500  E=2.011608897125e+02  Q=4.310000000000e+02  λ=8.704937e-01  dt=6.468e-04  relΔE=1.944e-06  ||F||=9.331e-01
 step= 61000  E=2.010394608691e+02  Q=4.310000000000e+02  λ=8.690824e-01  dt=1.001e-03  relΔE=1.021e-06  ||F||=2.389e-02
 step= 61500  E=2.009163923559e+02  Q=4.310000000000e+02  λ=8.682528e-01  dt=1.550e-03  relΔE=2.888e-07  ||F||=6.241e-01
 step= 62000  E=2.008101787588e+02  Q=4.310000000000e+02  λ=8.671566e-01  dt=1.200e-03  relΔE=1.024e-06  ||F||=2.184e-02
 step= 62500  E=2.007096601868e+02  Q=4.310000000000e+02  λ=8.662738e-01  dt=9.284e-04  relΔE=7.200e-07  ||F||=2.081e-02
 step= 63000  E=2.006185601940e+02  Q=4.310000000000e+02  λ=8.654497e-01  dt=1.437e-03  relΔE=1.009e-06  ||F||=1.980e-02
 step= 63500  E=2.005384406351e+02  Q=4.310000000000e+02  λ=8.647005e-01  dt=1.112e-03  relΔE=7.065e-07  ||F||=1.883e-02
 step= 64000  E=2.004637313299e+02  Q=4.310000000000e+02  λ=8.639786e-01  dt=8.609e-04  relΔE=4.913e-07  ||F||=1.784e-02
 step= 64500  E=2.003981234574e+02  Q=4.310000000000e+02  λ=8.633229e-01  dt=1.333e-03  relΔE=6.828e-07  ||F||=1.690e-02
 step= 65000  E=2.003394049582e+02  Q=4.310000000000e+02  λ=8.627141e-01  dt=1.031e-03  relΔE=4.731e-07  ||F||=1.599e-02
 step= 65500  E=2.002852564895e+02  Q=4.310000000000e+02  λ=8.621311e-01  dt=7.983e-04  relΔE=3.257e-07  ||F||=1.508e-02
 step= 66000  E=2.002393902378e+02  Q=4.310000000000e+02  λ=8.616182e-01  dt=1.236e-03  relΔE=4.499e-07  ||F||=1.424e-02
 step= 66500  E=2.001975098441e+02  Q=4.310000000000e+02  λ=8.611303e-01  dt=9.564e-04  relΔE=3.091e-07  ||F||=1.342e-02
 step= 67000  E=2.001598334846e+02  Q=4.310000000000e+02  λ=8.606730e-01  dt=1.480e-03  relΔE=4.229e-07  ||F||=1.261e-02
 step= 67500  E=2.001279190533e+02  Q=4.310000000000e+02  λ=8.602680e-01  dt=1.146e-03  relΔE=2.902e-07  ||F||=1.187e-02
 step= 68000  E=2.000986447730e+02  Q=4.310000000000e+02  λ=8.598797e-01  dt=8.868e-04  relΔE=1.979e-07  ||F||=1.114e-02
 step= 68500  E=2.000731900272e+02  Q=4.310000000000e+02  λ=8.595264e-01  dt=1.373e-03  relΔE=2.699e-07  ||F||=1.046e-02
 step= 69000  E=2.000510238859e+02  Q=4.310000000000e+02  λ=8.592035e-01  dt=1.062e-03  relΔE=1.840e-07  ||F||=9.815e-03
 step= 69500  E=2.000309213328e+02  Q=4.310000000000e+02  λ=8.588959e-01  dt=8.223e-04  relΔE=1.247e-07  ||F||=9.185e-03
 step= 70000  E=2.000139275135e+02  Q=4.310000000000e+02  λ=8.586227e-01  dt=1.273e-03  relΔE=1.697e-07  ||F||=8.611e-03
 step= 70500  E=1.999988298900e+02  Q=4.310000000000e+02  λ=8.583670e-01  dt=9.851e-04  relΔE=1.152e-07  ||F||=8.061e-03
 step= 71000  E=1.999852195268e+02  Q=4.310000000000e+02  λ=8.581250e-01  dt=1.525e-03  relΔE=1.513e-07  ||F||=4.453e-02
 step= 71500  E=1.999740141591e+02  Q=4.310000000000e+02  λ=8.579127e-01  dt=1.180e-03  relΔE=1.057e-07  ||F||=7.054e-03
 step= 72000  E=1.999637790566e+02  Q=4.310000000000e+02  λ=8.577088e-01  dt=9.135e-04  relΔE=7.140e-08  ||F||=6.589e-03
 step= 72500  E=1.999548820612e+02  Q=4.310000000000e+02  λ=8.575215e-01  dt=1.414e-03  relΔE=9.644e-08  ||F||=6.154e-03
 step= 73000  E=1.999472860494e+02  Q=4.310000000000e+02  λ=8.573519e-01  dt=1.094e-03  relΔE=6.529e-08  ||F||=5.754e-03
 step= 73500  E=1.999404460611e+02  Q=4.310000000000e+02  λ=8.571901e-01  dt=8.470e-04  relΔE=4.398e-08  ||F||=5.368e-03
 step= 74000  E=1.999346335631e+02  Q=4.310000000000e+02  λ=8.570443e-01  dt=1.311e-03  relΔE=5.944e-08  ||F||=5.015e-03
 step= 74500  E=1.999295565554e+02  Q=4.310000000000e+02  λ=8.569090e-01  dt=1.015e-03  relΔE=4.014e-08  ||F||=4.683e-03
 step= 75000  E=1.999249821024e+02  Q=4.310000000000e+02  λ=8.567794e-01  dt=7.854e-04  relΔE=2.697e-08  ||F||=4.363e-03
 step= 75500  E=1.999212075161e+02  Q=4.310000000000e+02  λ=8.566657e-01  dt=1.216e-03  relΔE=3.651e-08  ||F||=4.079e-03
 step= 76000  E=1.999178091825e+02  Q=4.310000000000e+02  λ=8.565568e-01  dt=9.409e-04  relΔE=2.459e-08  ||F||=3.805e-03
 step= 76500  E=1.999148240306e+02  Q=4.310000000000e+02  λ=8.564550e-01  dt=1.457e-03  relΔE=3.309e-08  ||F||=3.546e-03
 step= 77000  E=1.999123228275e+02  Q=4.310000000000e+02  λ=8.563640e-01  dt=1.127e-03  relΔE=2.237e-08  ||F||=3.314e-03
 step= 77500  E=1.999100647966e+02  Q=4.310000000000e+02  λ=8.562765e-01  dt=8.725e-04  relΔE=1.505e-08  ||F||=3.089e-03
 step= 78000  E=1.999081251761e+02  Q=4.310000000000e+02  λ=8.561964e-01  dt=1.351e-03  relΔE=2.029e-08  ||F||=2.882e-03
 step= 78500  E=1.999064559489e+02  Q=4.310000000000e+02  λ=8.561228e-01  dt=1.045e-03  relΔE=1.370e-08  ||F||=2.691e-03
 step= 79000  E=1.999049523107e+02  Q=4.310000000000e+02  λ=8.560520e-01  dt=8.090e-04  relΔE=9.209e-09  ||F||=2.506e-03
 step= 79500  E=1.999036935881e+02  Q=4.310000000000e+02  λ=8.559889e-01  dt=1.252e-03  relΔE=1.245e-08  ||F||=2.341e-03
 step= 80000  E=1.999025796294e+02  Q=4.310000000000e+02  λ=8.559291e-01  dt=9.692e-04  relΔE=8.396e-09  ||F||=2.185e-03
 step= 80500  E=1.999015830739e+02  Q=4.310000000000e+02  λ=8.558721e-01  dt=1.500e-03  relΔE=1.127e-08  ||F||=3.510e-03
 step= 81000  E=1.999007635463e+02  Q=4.310000000000e+02  λ=8.558220e-01  dt=1.161e-03  relΔE=7.646e-09  ||F||=1.903e-03
 step= 81500  E=1.999000180277e+02  Q=4.310000000000e+02  λ=8.557733e-01  dt=8.987e-04  relΔE=5.152e-09  ||F||=1.775e-03
 step= 82000  E=1.998993724282e+02  Q=4.310000000000e+02  λ=8.557283e-01  dt=1.391e-03  relΔE=6.951e-09  ||F||=1.656e-03
 step= 82500  E=1.998988203633e+02  Q=4.310000000000e+02  λ=8.556872e-01  dt=1.077e-03  relΔE=4.703e-09  ||F||=1.548e-03
 step= 83000  E=1.998983231765e+02  Q=4.310000000000e+02  λ=8.556476e-01  dt=8.333e-04  relΔE=3.169e-09  ||F||=1.443e-03
 step= 83500  E=1.998979005357e+02  Q=4.310000000000e+02  λ=8.556117e-01  dt=1.290e-03  relΔE=4.287e-09  ||F||=1.348e-03
 step= 84000  E=1.998975302426e+02  Q=4.310000000000e+02  λ=8.555781e-01  dt=9.984e-04  relΔE=2.899e-09  ||F||=1.259e-03
 step= 84500  E=1.998971963803e+02  Q=4.310000000000e+02  λ=8.555457e-01  dt=7.727e-04  relΔE=1.953e-09  ||F||=1.181e-03
 step= 85000  E=1.998969215537e+02  Q=4.310000000000e+02  λ=8.555173e-01  dt=1.196e-03  relΔE=2.652e-09  ||F||=1.099e-03
 step= 85500  E=1.998966718953e+02  Q=4.310000000000e+02  λ=8.554897e-01  dt=9.258e-04  relΔE=1.793e-09  ||F||=1.026e-03
 step= 86000  E=1.998964526719e+02  Q=4.310000000000e+02  λ=8.554638e-01  dt=1.433e-03  relΔE=2.423e-09  ||F||=9.577e-04
 step= 86500  E=1.998962668153e+02  Q=4.310000000000e+02  λ=8.554404e-01  dt=1.109e-03  relΔE=1.644e-09  ||F||=8.959e-04
 step= 87000  E=1.998960988609e+02  Q=4.310000000000e+02  λ=8.554178e-01  dt=8.584e-04  relΔE=1.112e-09  ||F||=8.365e-04
 step= 87500  E=1.998959542465e+02  Q=4.310000000000e+02  λ=8.553971e-01  dt=1.329e-03  relΔE=1.507e-09  ||F||=7.819e-04
 step= 88000  E=1.998958287303e+02  Q=4.310000000000e+02  λ=8.553779e-01  dt=1.028e-03  relΔE=1.023e-09  ||F||=7.314e-04
 step= 88500  E=1.998957150834e+02  Q=4.310000000000e+02  λ=8.553594e-01  dt=7.960e-04  relΔE=6.917e-10  ||F||=6.827e-04
 step= 89000  E=1.998956196881e+02  Q=4.310000000000e+02  λ=8.553428e-01  dt=1.232e-03  relΔE=9.412e-10  ||F||=6.392e-04
 step= 89500  E=1.998955343913e+02  Q=4.310000000000e+02  λ=8.553270e-01  dt=9.536e-04  relΔE=6.389e-10  ||F||=5.977e-04
 step= 90000  E=1.998954579589e+02  Q=4.310000000000e+02  λ=8.553119e-01  dt=1.476e-03  relΔE=8.653e-10  ||F||=5.751e-04
 step= 90500  E=1.998953941999e+02  Q=4.310000000000e+02  λ=8.552984e-01  dt=1.142e-03  relΔE=5.901e-10  ||F||=5.231e-04
 step= 91000  E=1.998953358771e+02  Q=4.310000000000e+02  λ=8.552854e-01  dt=8.842e-04  relΔE=4.005e-10  ||F||=4.890e-04
 step= 91500  E=1.998952851033e+02  Q=4.310000000000e+02  λ=8.552733e-01  dt=1.369e-03  relΔE=5.446e-10  ||F||=4.574e-04
 step= 92000  E=1.998952413107e+02  Q=4.310000000000e+02  λ=8.552622e-01  dt=1.059e-03  relΔE=3.713e-10  ||F||=4.284e-04
 step= 92500  E=1.998952015454e+02  Q=4.310000000000e+02  λ=8.552514e-01  dt=8.199e-04  relΔE=2.522e-10  ||F||=4.005e-04
 step= 93000  E=1.998951675701e+02  Q=4.310000000000e+02  λ=8.552417e-01  dt=1.269e-03  relΔE=3.441e-10  ||F||=3.751e-04
 step= 93500  E=1.998951375266e+02  Q=4.310000000000e+02  λ=8.552325e-01  dt=9.823e-04  relΔE=2.347e-10  ||F||=3.513e-04
 step= 94000  E=1.998951100593e+02  Q=4.310000000000e+02  λ=8.552236e-01  dt=7.603e-04  relΔE=1.820e-10  ||F||=3.969e-03
 step= 94500  E=1.998950873994e+02  Q=4.310000000000e+02  λ=8.552158e-01  dt=1.177e-03  relΔE=2.184e-10  ||F||=3.079e-04
 step= 95000  E=1.998950665183e+02  Q=4.310000000000e+02  λ=8.552082e-01  dt=9.108e-04  relΔE=1.489e-10  ||F||=2.882e-04
 step= 95500  E=1.998950481192e+02  Q=4.310000000000e+02  λ=8.552011e-01  dt=1.410e-03  relΔE=2.033e-10  ||F||=2.697e-04
 step= 96000  E=1.998950323227e+02  Q=4.310000000000e+02  λ=8.551946e-01  dt=1.091e-03  relΔE=1.392e-10  ||F||=2.529e-04
 step= 96500  E=1.998950179158e+02  Q=4.310000000000e+02  λ=8.551883e-01  dt=8.446e-04  relΔE=9.507e-11  ||F||=2.367e-04
 step= 97000  E=1.998950059523e+02  Q=4.310000000000e+02  λ=8.551828e-01  dt=1.089e-03  relΔE=1.091e-10  ||F||=2.225e-04
 step= 97500  E=1.998949946267e+02  Q=4.310000000000e+02  λ=8.551773e-01  dt=8.432e-04  relΔE=7.457e-11  ||F||=2.082e-04
 step= 98000  E=1.998949852367e+02  Q=4.310000000000e+02  λ=8.551725e-01  dt=1.088e-03  relΔE=8.569e-11  ||F||=1.958e-04
 step= 98500  E=1.998949763465e+02  Q=4.310000000000e+02  λ=8.551676e-01  dt=8.418e-04  relΔE=5.866e-11  ||F||=1.833e-04
 step= 99000  E=1.998949686052e+02  Q=4.310000000000e+02  λ=8.551632e-01  dt=1.303e-03  relΔE=8.055e-11  ||F||=1.718e-04
 step= 99500  E=1.998949617893e+02  Q=4.310000000000e+02  λ=8.551590e-01  dt=1.009e-03  relΔE=5.538e-11  ||F||=1.611e-04
 step=100000  E=1.998949555160e+02  Q=4.310000000000e+02  λ=8.551550e-01  dt=7.806e-04  relΔE=3.794e-11  ||F||=1.508e-04
 step=100500  E=1.998949502192e+02  Q=4.310000000000e+02  λ=8.551514e-01  dt=1.208e-03  relΔE=5.232e-11  ||F||=1.416e-04
 step=101000  E=1.998949453812e+02  Q=4.310000000000e+02  λ=8.551480e-01  dt=9.352e-04  relΔE=3.600e-11  ||F||=1.327e-04
 step=101500  E=1.998949410083e+02  Q=4.310000000000e+02  λ=8.551447e-01  dt=1.448e-03  relΔE=4.947e-11  ||F||=1.244e-04
 step=102000  E=1.998949372875e+02  Q=4.310000000000e+02  λ=8.551418e-01  dt=1.120e-03  relΔE=3.420e-11  ||F||=1.167e-04
 step=102500  E=1.998949338442e+02  Q=4.310000000000e+02  λ=8.551389e-01  dt=8.671e-04  relΔE=2.356e-11  ||F||=1.093e-04
 step=103000  E=1.998949308072e+02  Q=4.310000000000e+02  λ=8.551363e-01  dt=1.342e-03  relΔE=3.252e-11  ||F||=1.025e-04
 step=103500  E=1.998949281415e+02  Q=4.310000000000e+02  λ=8.551338e-01  dt=1.039e-03  relΔE=2.251e-11  ||F||=9.623e-05
 step=104000  E=1.998949256794e+02  Q=4.310000000000e+02  λ=8.551314e-01  dt=8.041e-04  relΔE=1.554e-11  ||F||=9.014e-05
 step=104500  E=1.998949235510e+02  Q=4.310000000000e+02  λ=8.551293e-01  dt=1.245e-03  relΔE=2.154e-11  ||F||=8.462e-05
 step=105000  E=1.998949216267e+02  Q=4.310000000000e+02  λ=8.551273e-01  dt=9.633e-04  relΔE=1.493e-11  ||F||=7.940e-05
 step=105500  E=1.998949198474e+02  Q=4.310000000000e+02  λ=8.551253e-01  dt=1.491e-03  relΔE=1.935e-11  ||F||=7.720e-04
 step=106000  E=1.998949183504e+02  Q=4.310000000000e+02  λ=8.551236e-01  dt=1.154e-03  relΔE=1.439e-11  ||F||=6.989e-05
 step=106500  E=1.998949169453e+02  Q=4.310000000000e+02  λ=8.551219e-01  dt=8.932e-04  relΔE=9.987e-12  ||F||=6.553e-05
 step=107000  E=1.998949156887e+02  Q=4.310000000000e+02  λ=8.551203e-01  dt=1.383e-03  relΔE=1.388e-11  ||F||=6.146e-05
 step=107500  E=1.998949145843e+02  Q=4.310000000000e+02  λ=8.551188e-01  dt=1.070e-03  relΔE=9.684e-12  ||F||=5.772e-05
 step=108000  E=1.998949135592e+02  Q=4.310000000000e+02  λ=8.551174e-01  dt=8.282e-04  relΔE=6.739e-12  ||F||=5.411e-05
 step=108500  E=1.998949126531e+02  Q=4.310000000000e+02  λ=8.551161e-01  dt=1.282e-03  relΔE=9.410e-12  ||F||=5.079e-05
 step=109000  E=1.998949118404e+02  Q=4.310000000000e+02  λ=8.551149e-01  dt=9.923e-04  relΔE=6.579e-12  ||F||=4.770e-05
 step=109500  E=1.998949110784e+02  Q=4.310000000000e+02  λ=8.551137e-01  dt=7.680e-04  relΔE=4.586e-12  ||F||=4.468e-05
 step=110000  E=1.998949104287e+02  Q=4.310000000000e+02  λ=8.551127e-01  dt=1.189e-03  relΔE=6.439e-12  ||F||=4.201e-05
 step=110500  E=1.998949098196e+02  Q=4.310000000000e+02  λ=8.551117e-01  dt=9.201e-04  relΔE=4.509e-12  ||F||=3.942e-05
 step=111000  E=1.998949092629e+02  Q=4.310000000000e+02  λ=8.551107e-01  dt=1.424e-03  relΔE=6.317e-12  ||F||=3.696e-05
 step=111500  E=1.998949087767e+02  Q=4.310000000000e+02  λ=8.551099e-01  dt=1.102e-03  relΔE=4.445e-12  ||F||=3.474e-05
 step=112000  E=1.998949083199e+02  Q=4.310000000000e+02  λ=8.551090e-01  dt=8.531e-04  relΔE=3.121e-12  ||F||=3.258e-05
 step=112500  E=1.998949079098e+02  Q=4.310000000000e+02  λ=8.551082e-01  dt=1.321e-03  relΔE=4.392e-12  ||F||=3.059e-05
 step=113000  E=1.998949075423e+02  Q=4.310000000000e+02  λ=8.551075e-01  dt=1.022e-03  relΔE=3.098e-12  ||F||=2.874e-05
 step=113500  E=1.998949071959e+02  Q=4.310000000000e+02  λ=8.551068e-01  dt=7.911e-04  relΔE=2.181e-12  ||F||=2.695e-05
 step=114000  E=1.998949068924e+02  Q=4.310000000000e+02  λ=8.551062e-01  dt=1.225e-03  relΔE=3.085e-12  ||F||=2.533e-05
 step=114500  E=1.998949066104e+02  Q=4.310000000000e+02  λ=8.551056e-01  dt=9.478e-04  relΔE=2.180e-12  ||F||=2.378e-05
 step=115000  E=1.998949063460e+02  Q=4.310000000000e+02  λ=8.551050e-01  dt=1.467e-03  relΔE=3.075e-12  ||F||=4.391e-05
 step=115500  E=1.998949061173e+02  Q=4.310000000000e+02  λ=8.551045e-01  dt=1.135e-03  relΔE=2.186e-12  ||F||=2.097e-05
 step=116000  E=1.998949058989e+02  Q=4.310000000000e+02  λ=8.551040e-01  dt=8.788e-04  relΔE=1.548e-12  ||F||=1.968e-05
 step=116500  E=1.998949057004e+02  Q=4.310000000000e+02  λ=8.551035e-01  dt=1.360e-03  relΔE=2.196e-12  ||F||=1.848e-05
 step=117000  E=1.998949055221e+02  Q=4.310000000000e+02  λ=8.551031e-01  dt=1.053e-03  relΔE=1.562e-12  ||F||=1.737e-05
 step=117500  E=1.998949053532e+02  Q=4.310000000000e+02  λ=8.551027e-01  dt=8.149e-04  relΔE=1.109e-12  ||F||=1.629e-05
 step=118000  E=1.998949052016e+02  Q=4.310000000000e+02  λ=8.551023e-01  dt=1.261e-03  relΔE=1.580e-12  ||F||=1.531e-05
 step=118500  E=1.998949050621e+02  Q=4.310000000000e+02  λ=8.551020e-01  dt=9.763e-04  relΔE=1.127e-12  ||F||=1.439e-05
 step=119000  E=1.998949049287e+02  Q=4.310000000000e+02  λ=8.551016e-01  dt=7.556e-04  relΔE=8.011e-13  ||F||=1.476e-05
 step=119500  E=1.998949048132e+02  Q=4.310000000000e+02  λ=8.551013e-01  dt=1.170e-03  relΔE=1.147e-12  ||F||=1.269e-05
 step=120000  E=1.998949047022e+02  Q=4.310000000000e+02  λ=8.551010e-01  dt=9.052e-04  relΔE=8.185e-13  ||F||=1.192e-05
 step=120500  E=1.998949045995e+02  Q=4.310000000000e+02  λ=8.551007e-01  dt=1.401e-03  relΔE=1.169e-12  ||F||=1.119e-05
 step=121000  E=1.998949045074e+02  Q=4.310000000000e+02  λ=8.551005e-01  dt=1.085e-03  relΔE=8.376e-13  ||F||=1.052e-05
 step=121500  E=1.998949044197e+02  Q=4.310000000000e+02  λ=8.551002e-01  dt=8.394e-04  relΔE=5.992e-13  ||F||=9.873e-06
 step=122000  E=1.998949043395e+02  Q=4.310000000000e+02  λ=8.551000e-01  dt=1.299e-03  relΔE=8.588e-13  ||F||=9.275e-06
 step=122500  E=1.998949042662e+02  Q=4.310000000000e+02  λ=8.550998e-01  dt=1.006e-03  relΔE=6.162e-13  ||F||=8.721e-06
 step=123000  E=1.998949041957e+02  Q=4.310000000000e+02  λ=8.550995e-01  dt=7.783e-04  relΔE=4.413e-13  ||F||=8.180e-06
 step=123500  E=1.998949041332e+02  Q=4.310000000000e+02  λ=8.550994e-01  dt=1.205e-03  relΔE=6.350e-13  ||F||=7.695e-06
 step=124000  E=1.998949040739e+02  Q=4.310000000000e+02  λ=8.550992e-01  dt=9.325e-04  relΔE=4.561e-13  ||F||=7.228e-06
 step=124500  E=1.998949040177e+02  Q=4.310000000000e+02  λ=8.550990e-01  dt=1.443e-03  relΔE=6.549e-13  ||F||=7.693e-06
 step=125000  E=1.998949039680e+02  Q=4.310000000000e+02  λ=8.550989e-01  dt=1.117e-03  relΔE=4.719e-13  ||F||=6.382e-06
 step=125500  E=1.998949039199e+02  Q=4.310000000000e+02  λ=8.550987e-01  dt=8.646e-04  relΔE=3.392e-13  ||F||=5.992e-06
 step=126000  E=1.998949038756e+02  Q=4.310000000000e+02  λ=8.550986e-01  dt=1.338e-03  relΔE=4.891e-13  ||F||=5.629e-06
 step=126500  E=1.998949038351e+02  Q=4.310000000000e+02  λ=8.550984e-01  dt=1.036e-03  relΔE=3.525e-13  ||F||=5.294e-06
 step=127000  E=1.998949037976e+02  Q=4.310000000000e+02  λ=8.550983e-01  dt=1.336e-03  relΔE=4.244e-13  ||F||=4.981e-06
 step=127500  E=1.998949037624e+02  Q=4.310000000000e+02  λ=8.550982e-01  dt=1.034e-03  relΔE=3.065e-13  ||F||=4.685e-06
 step=128000  E=1.998949037297e+02  Q=4.310000000000e+02  λ=8.550981e-01  dt=1.334e-03  relΔE=3.691e-13  ||F||=4.408e-06
 step=128500  E=1.998949036991e+02  Q=4.310000000000e+02  λ=8.550980e-01  dt=1.033e-03  relΔE=2.670e-13  ||F||=4.146e-06
 step=129000  E=1.998949036695e+02  Q=4.310000000000e+02  λ=8.550979e-01  dt=7.991e-04  relΔE=1.924e-13  ||F||=3.891e-06
 step=129500  E=1.998949036427e+02  Q=4.310000000000e+02  λ=8.550978e-01  dt=1.237e-03  relΔE=2.785e-13  ||F||=3.660e-06
 step=130000  E=1.998949036175e+02  Q=4.310000000000e+02  λ=8.550977e-01  dt=9.574e-04  relΔE=2.015e-13  ||F||=3.440e-06
 step=130500  E=1.998949035932e+02  Q=4.310000000000e+02  λ=8.550976e-01  dt=1.482e-03  relΔE=1.874e-13  ||F||=2.387e-04
 step=131000  E=1.998949035718e+02  Q=4.310000000000e+02  λ=8.550976e-01  dt=1.147e-03  relΔE=2.106e-13  ||F||=3.038e-06
 step=131500  E=1.998949035510e+02  Q=4.310000000000e+02  λ=8.550975e-01  dt=8.877e-04  relΔE=1.524e-13  ||F||=2.854e-06
 step=132000  E=1.998949035316e+02  Q=4.310000000000e+02  λ=8.550974e-01  dt=1.374e-03  relΔE=2.201e-13  ||F||=2.681e-06
 step=132500  E=1.998949035138e+02  Q=4.310000000000e+02  λ=8.550974e-01  dt=1.064e-03  relΔE=1.597e-13  ||F||=2.522e-06
 step=133000  E=1.998949034967e+02  Q=4.310000000000e+02  λ=8.550973e-01  dt=8.232e-04  relΔE=1.157e-13  ||F||=2.368e-06
 step=133500  E=1.998949034810e+02  Q=4.310000000000e+02  λ=8.550973e-01  dt=1.274e-03  relΔE=1.675e-13  ||F||=2.226e-06
 step=134000  E=1.998949034664e+02  Q=4.310000000000e+02  λ=8.550972e-01  dt=9.862e-04  relΔE=1.217e-13  ||F||=2.094e-06
 step=134500  E=1.998949034522e+02  Q=4.310000000000e+02  λ=8.550972e-01  dt=7.633e-04  relΔE=8.801e-14  ||F||=1.965e-06
 step=135000  E=1.998949034396e+02  Q=4.310000000000e+02  λ=8.550971e-01  dt=1.182e-03  relΔE=1.278e-13  ||F||=1.850e-06
 step=135500  E=1.998949034274e+02  Q=4.310000000000e+02  λ=8.550971e-01  dt=9.144e-04  relΔE=9.270e-14  ||F||=1.738e-06
 step=136000  E=1.998949034158e+02  Q=4.310000000000e+02  λ=8.550970e-01  dt=1.415e-03  relΔE=1.338e-13  ||F||=1.652e-06
 step=136500  E=1.998949034054e+02  Q=4.310000000000e+02  λ=8.550970e-01  dt=1.096e-03  relΔE=9.740e-14  ||F||=1.536e-06
 step=137000  E=1.998949033953e+02  Q=4.310000000000e+02  λ=8.550970e-01  dt=8.479e-04  relΔE=7.081e-14  ||F||=1.443e-06
 step=137500  E=1.998949033859e+02  Q=4.310000000000e+02  λ=8.550969e-01  dt=1.313e-03  relΔE=1.028e-13  ||F||=1.356e-06
 step=138000  E=1.998949033773e+02  Q=4.310000000000e+02  λ=8.550969e-01  dt=1.016e-03  relΔE=7.436e-14  ||F||=1.276e-06
 step=138500  E=1.998949033689e+02  Q=4.310000000000e+02  λ=8.550969e-01  dt=7.862e-04  relΔE=5.389e-14  ||F||=1.198e-06
 step=139000  E=1.998949033613e+02  Q=4.310000000000e+02  λ=8.550968e-01  dt=1.217e-03  relΔE=7.834e-14  ||F||=1.127e-06
 step=139500  E=1.998949033541e+02  Q=4.310000000000e+02  λ=8.550968e-01  dt=9.419e-04  relΔE=5.673e-14  ||F||=1.060e-06
 step=140000  E=1.998949033471e+02  Q=4.310000000000e+02  λ=8.550968e-01  dt=1.458e-03  relΔE=8.176e-14  ||F||=1.753e-05
 step=140500  E=1.998949033409e+02  Q=4.310000000000e+02  λ=8.550968e-01  dt=1.129e-03  relΔE=6.029e-14  ||F||=9.369e-07
 step=141000  E=1.998949033349e+02  Q=4.310000000000e+02  λ=8.550967e-01  dt=8.734e-04  relΔE=4.365e-14  ||F||=8.802e-07
 step=141500  E=1.998949033292e+02  Q=4.310000000000e+02  λ=8.550967e-01  dt=1.352e-03  relΔE=6.327e-14  ||F||=8.272e-07
 step=142000  E=1.998949033241e+02  Q=4.310000000000e+02  λ=8.550967e-01  dt=1.046e-03  relΔE=4.593e-14  ||F||=7.784e-07
 step=142500  E=1.998949033190e+02  Q=4.310000000000e+02  λ=8.550967e-01  dt=8.099e-04  relΔE=3.327e-14  ||F||=7.312e-07
 step=143000  E=1.998949033144e+02  Q=4.310000000000e+02  λ=8.550967e-01  dt=1.254e-03  relΔE=4.891e-14  ||F||=6.878e-07
 step=143500  E=1.998949033101e+02  Q=4.310000000000e+02  λ=8.550966e-01  dt=9.703e-04  relΔE=3.540e-14  ||F||=6.471e-07
 step=144000  E=1.998949033059e+02  Q=4.310000000000e+02  λ=8.550966e-01  dt=7.510e-04  relΔE=2.588e-14  ||F||=6.111e-07
 step=144500  E=1.998949033022e+02  Q=4.310000000000e+02  λ=8.550966e-01  dt=1.162e-03  relΔE=3.725e-14  ||F||=5.720e-07
 step=145000  E=1.998949032986e+02  Q=4.310000000000e+02  λ=8.550966e-01  dt=8.997e-04  relΔE=2.744e-14  ||F||=5.375e-07
 step=145500  E=1.998949032951e+02  Q=4.310000000000e+02  λ=8.550966e-01  dt=1.393e-03  relΔE=3.967e-14  ||F||=5.066e-07
 step=146000  E=1.998949032920e+02  Q=4.310000000000e+02  λ=8.550966e-01  dt=1.078e-03  relΔE=2.886e-14  ||F||=4.755e-07
 step=146500  E=1.998949032890e+02  Q=4.310000000000e+02  λ=8.550966e-01  dt=8.342e-04  relΔE=2.076e-14  ||F||=4.468e-07
 step=147000  E=1.998949032862e+02  Q=4.310000000000e+02  λ=8.550966e-01  dt=1.291e-03  relΔE=3.029e-14  ||F||=4.201e-07
 step=147500  E=1.998949032836e+02  Q=4.310000000000e+02  λ=8.550966e-01  dt=9.995e-04  relΔE=2.232e-14  ||F||=3.954e-07
 step=148000  E=1.998949032811e+02  Q=4.310000000000e+02  λ=8.550965e-01  dt=7.736e-04  relΔE=1.564e-14  ||F||=3.712e-07
 step=148500  E=1.998949032788e+02  Q=4.310000000000e+02  λ=8.550965e-01  dt=1.197e-03  relΔE=2.346e-14  ||F||=3.495e-07
 step=149000  E=1.998949032766e+02  Q=4.310000000000e+02  λ=8.550965e-01  dt=9.268e-04  relΔE=1.720e-14  ||F||=3.286e-07
 step=149500  E=1.998949032745e+02  Q=4.310000000000e+02  λ=8.550965e-01  dt=1.435e-03  relΔE=2.488e-14  ||F||=1.453e-06
 step=150000  E=1.998949032726e+02  Q=4.310000000000e+02  λ=8.550965e-01  dt=1.110e-03  relΔE=1.792e-14  ||F||=2.907e-07
 step=150500  E=1.998949032708e+02  Q=4.310000000000e+02  λ=8.550965e-01  dt=8.593e-04  relΔE=1.322e-14  ||F||=2.732e-07
 step=151000  E=1.998949032691e+02  Q=4.310000000000e+02  λ=8.550965e-01  dt=1.330e-03  relΔE=1.905e-14  ||F||=2.569e-07
 step=151500  E=1.998949032675e+02  Q=4.310000000000e+02  λ=8.550965e-01  dt=1.030e-03  relΔE=1.393e-14  ||F||=2.418e-07
 step=152000  E=1.998949032660e+02  Q=4.310000000000e+02  λ=8.550965e-01  dt=7.968e-04  relΔE=9.953e-15  ||F||=2.271e-07
 step=152500  E=1.998949032646e+02  Q=4.310000000000e+02  λ=8.550965e-01  dt=1.233e-03  relΔE=1.436e-14  ||F||=2.138e-07
 step=153000  E=1.998949032632e+02  Q=4.310000000000e+02  λ=8.550965e-01  dt=9.546e-04  relΔE=1.109e-14  ||F||=2.011e-07
 step=153500  E=1.998949032619e+02  Q=4.310000000000e+02  λ=8.550965e-01  dt=7.389e-04  relΔE=8.815e-15  ||F||=2.434e-05
 step=154000  E=1.998949032608e+02  Q=4.310000000000e+02  λ=8.550965e-01  dt=1.144e-03  relΔE=1.123e-14  ||F||=1.779e-07
 step=154500  E=1.998949032597e+02  Q=4.310000000000e+02  λ=8.550965e-01  dt=7.376e-04  relΔE=7.109e-15  ||F||=1.673e-07
 step=155000  E=1.998949032587e+02  Q=4.310000000000e+02  λ=8.550965e-01  dt=1.142e-03  relΔE=1.010e-14  ||F||=1.577e-07
 step=155500  E=1.998949032577e+02  Q=4.310000000000e+02  λ=8.550965e-01  dt=8.837e-04  relΔE=7.251e-15  ||F||=1.482e-07
 step=156000  E=1.998949032568e+02  Q=4.310000000000e+02  λ=8.550965e-01  dt=1.368e-03  relΔE=1.052e-14  ||F||=1.396e-07
 step=156500  E=1.998949032559e+02  Q=4.310000000000e+02  λ=8.550965e-01  dt=1.059e-03  relΔE=7.678e-15  ||F||=1.312e-07
 step=157000  E=1.998949032551e+02  Q=4.310000000000e+02  λ=8.550964e-01  dt=8.194e-04  relΔE=5.545e-15  ||F||=1.233e-07
 step=157500  E=1.998949032543e+02  Q=4.310000000000e+02  λ=8.550964e-01  dt=1.268e-03  relΔE=8.104e-15  ||F||=1.160e-07
 step=158000  E=1.998949032536e+02  Q=4.310000000000e+02  λ=8.550964e-01  dt=9.817e-04  relΔE=5.972e-15  ||F||=1.092e-07
 step=158500  E=1.998949032529e+02  Q=4.310000000000e+02  λ=8.550964e-01  dt=7.598e-04  relΔE=4.265e-15  ||F||=1.025e-07
 step=159000  E=1.998949032523e+02  Q=4.310000000000e+02  λ=8.550964e-01  dt=1.176e-03  relΔE=6.114e-15  ||F||=9.658e-08
 step=159500  E=1.998949032517e+02  Q=4.310000000000e+02  λ=8.550964e-01  dt=9.103e-04  relΔE=4.265e-15  ||F||=9.081e-08
 step=160000  E=1.998949032511e+02  Q=4.310000000000e+02  λ=8.550964e-01  dt=1.409e-03  relΔE=6.683e-15  ||F||=1.451e-07
 step=160500  E=1.998949032506e+02  Q=4.310000000000e+02  λ=8.550964e-01  dt=1.091e-03  relΔE=4.976e-15  ||F||=8.037e-08
 step=161000  E=1.998949032501e+02  Q=4.310000000000e+02  λ=8.550964e-01  dt=8.441e-04  relΔE=3.412e-15  ||F||=7.556e-08
 step=161500  E=1.998949032497e+02  Q=4.310000000000e+02  λ=8.550964e-01  dt=1.307e-03  relΔE=5.261e-15  ||F||=7.106e-08
 step=162000  E=1.998949032492e+02  Q=4.310000000000e+02  λ=8.550964e-01  dt=1.011e-03  relΔE=3.981e-15  ||F||=6.691e-08
 step=162500  E=1.998949032488e+02  Q=4.310000000000e+02  λ=8.550964e-01  dt=7.827e-04  relΔE=2.701e-15  ||F||=6.286e-08
 step=163000  E=1.998949032484e+02  Q=4.310000000000e+02  λ=8.550964e-01  dt=1.212e-03  relΔE=3.839e-15  ||F||=5.919e-08
 step=163500  E=1.998949032481e+02  Q=4.310000000000e+02  λ=8.550964e-01  dt=9.377e-04  relΔE=2.701e-15  ||F||=5.569e-08
 step=164000  E=1.998949032477e+02  Q=4.310000000000e+02  λ=8.550964e-01  dt=1.452e-03  relΔE=4.265e-15  ||F||=8.828e-06
 Converged (aggressive): step=164388, E=1.998949032475e+02, Q=4.310000000000e+02, dt=6.501e-04, ||F||=4.990e-08

Stationary candidate (aggressive): E=1.998949032475e+02, Q=4.310000000000e+02, maxρ=4.388776e-01

=== Stability test (damped inertial dynamics) ===
Perturb eps=0.02, gamma=1
t=0: E=2.211236336814e+02, Q=4.310000000000e+02, maxρ=4.534518e-01, σ=3.087363e+00, Rc=1.806511e+01
 step=     1  E=2.211235266433e+02  Q=4.310000000000e+02  λ=1.245539e+00  maxρ=4.534518e-01  minρ=1.445e-09  σ=3.087363e+00  Rc=1.806511e+01
 step=   300  E=2.167355826858e+02  Q=4.310000000000e+02  λ=1.141230e+00  maxρ=4.526827e-01  minρ=1.448e-09  σ=3.087360e+00  Rc=1.806511e+01
 step=   600  E=2.079185031248e+02  Q=4.310000000000e+02  λ=9.526252e-01  maxρ=4.505143e-01  minρ=1.458e-09  σ=3.087354e+00  Rc=1.806512e+01
 step=   900  E=2.027757763413e+02  Q=4.310000000000e+02  λ=8.931692e-01  maxρ=4.473067e-01  minρ=1.454e-09  σ=3.087353e+00  Rc=1.806511e+01
 step=  1200  E=2.047658159738e+02  Q=4.310000000000e+02  λ=1.002624e+00  maxρ=4.459140e-01  minρ=1.438e-09  σ=3.087356e+00  Rc=1.806511e+01
 step=  1500  E=2.100617323065e+02  Q=4.310000000000e+02  λ=1.120351e+00  maxρ=4.481273e-01  minρ=1.427e-09  σ=3.087357e+00  Rc=1.806510e+01
 step=  1800  E=2.127511647024e+02  Q=4.310000000000e+02  λ=1.105186e+00  maxρ=4.495620e-01  minρ=1.427e-09  σ=3.087354e+00  Rc=1.806511e+01
 step=  2100  E=2.111534218220e+02  Q=4.310000000000e+02  λ=1.002118e+00  maxρ=4.472738e-01  minρ=1.427e-09  σ=3.087351e+00  Rc=1.806511e+01
 step=  2400  E=2.083673299106e+02  Q=4.310000000000e+02  λ=9.554099e-01  maxρ=4.426856e-01  minρ=1.416e-09  σ=3.087351e+00  Rc=1.806511e+01
 step=  2700  E=2.076880322914e+02  Q=4.310000000000e+02  λ=1.011905e+00  maxρ=4.456630e-01  minρ=1.387e-09  σ=3.087356e+00  Rc=1.806510e+01
 step=  3000  E=2.090272464639e+02  Q=4.310000000000e+02  λ=1.078559e+00  maxρ=4.512631e-01  minρ=1.381e-09  σ=3.087357e+00  Rc=1.806510e+01
 step=  3300  E=2.100221090496e+02  Q=4.310000000000e+02  λ=1.064798e+00  maxρ=4.524252e-01  minρ=1.403e-09  σ=3.087353e+00  Rc=1.806511e+01
 step=  3600  E=2.093921725514e+02  Q=4.310000000000e+02  λ=9.984971e-01  maxρ=4.494728e-01  minρ=1.413e-09  σ=3.087348e+00  Rc=1.806511e+01
 step=  3900  E=2.081272463367e+02  Q=4.310000000000e+02  λ=9.700578e-01  maxρ=4.484705e-01  minρ=1.418e-09  σ=3.087348e+00  Rc=1.806511e+01
 step=  4200  E=2.076960339460e+02  Q=4.310000000000e+02  λ=1.004625e+00  maxρ=4.469123e-01  minρ=1.381e-09  σ=3.087352e+00  Rc=1.806510e+01
 step=  4500  E=2.081755310267e+02  Q=4.310000000000e+02  λ=1.040958e+00  maxρ=4.461817e-01  minρ=1.342e-09  σ=3.087354e+00  Rc=1.806510e+01
 step=  4800  E=2.085604218987e+02  Q=4.310000000000e+02  λ=1.027248e+00  maxρ=4.478496e-01  minρ=1.327e-09  σ=3.087351e+00  Rc=1.806510e+01
 step=  5100  E=2.082916838783e+02  Q=4.310000000000e+02  λ=9.879972e-01  maxρ=4.482422e-01  minρ=1.341e-09  σ=3.087346e+00  Rc=1.806510e+01
 step=  5400  E=2.077956080944e+02  Q=4.310000000000e+02  λ=9.779312e-01  maxρ=4.477151e-01  minρ=1.317e-09  σ=3.087344e+00  Rc=1.806510e+01
 step=  5700  E=2.076356574995e+02  Q=4.310000000000e+02  λ=1.003268e+00  maxρ=4.461863e-01  minρ=1.280e-09  σ=3.087345e+00  Rc=1.806509e+01
 step=  6000  E=2.077436862660e+02  Q=4.310000000000e+02  λ=1.021444e+00  maxρ=4.453053e-01  minρ=1.275e-09  σ=3.087346e+00  Rc=1.806509e+01
 >>> No runaway detected in this horizon. Likely stable (within this model & box).

STABILITY: PASS
