
=== Aggressive relaxation to Q = 1870 ===
Initial: E=1.145687844332e+03, Q=1.870000000000e+03, dt=1.000e-04
 step=     1  E=1.145614956845e+03  Q=1.870000000000e+03  λ=1.373873e+00  dt=1.000e-04  relΔE=6.362e-05  ||F||=6.249e-01
 step=   500  E=1.074784427782e+03  Q=1.870000000000e+03  λ=1.240726e+00  dt=6.192e-04  relΔE=2.001e-04  ||F||=4.727e-01
 step=  1000  E=9.629278743871e+02  Q=1.870000000000e+03  λ=1.032364e+00  dt=9.584e-04  relΔE=1.113e-04  ||F||=2.681e-01
 step=  1500  E=9.155529680506e+02  Q=1.870000000000e+03  λ=9.442920e-01  dt=1.484e-03  relΔE=8.226e-05  ||F||=1.807e-01
 step=  2000  E=8.926885348729e+02  Q=1.870000000000e+03  λ=9.013124e-01  dt=1.148e-03  relΔE=3.679e-05  ||F||=1.356e-01
 step=  2500  E=8.786160384642e+02  Q=1.870000000000e+03  λ=8.747296e-01  dt=8.887e-04  relΔE=1.806e-05  ||F||=1.071e-01
 step=  3000  E=8.695938280163e+02  Q=1.870000000000e+03  λ=8.577749e-01  dt=1.376e-03  relΔE=1.943e-05  ||F||=8.884e-02
 step=  3500  E=8.631902443647e+02  Q=1.870000000000e+03  λ=8.458855e-01  dt=1.065e-03  relΔE=1.123e-05  ||F||=7.650e-02
 step=  4000  E=8.581815474791e+02  Q=1.870000000000e+03  λ=8.367820e-01  dt=8.241e-04  relΔE=6.854e-06  ||F||=6.772e-02
 step=  4500  E=8.543381608991e+02  Q=1.870000000000e+03  λ=8.299826e-01  dt=1.276e-03  relΔE=8.629e-06  ||F||=6.093e-02
 step=  5000  E=8.511090377986e+02  Q=1.870000000000e+03  λ=8.244182e-01  dt=9.873e-04  relΔE=5.628e-06  ||F||=5.583e-02
 step=  5500  E=8.482865251262e+02  Q=1.870000000000e+03  λ=8.197007e-01  dt=1.528e-03  relΔE=7.438e-06  ||F||=9.054e-02
 step=  6000  E=8.459801306113e+02  Q=1.870000000000e+03  λ=8.159406e-01  dt=1.183e-03  relΔE=5.100e-06  ||F||=4.840e-02
 step=  6500  E=8.438567789707e+02  Q=1.870000000000e+03  λ=8.125705e-01  dt=9.154e-04  relΔE=3.507e-06  ||F||=4.556e-02
 step=  7000  E=8.419773257012e+02  Q=1.870000000000e+03  λ=8.096638e-01  dt=1.417e-03  relΔE=4.879e-06  ||F||=4.314e-02
 step=  7500  E=8.403145285349e+02  Q=1.870000000000e+03  λ=8.071458e-01  dt=1.097e-03  relΔE=3.430e-06  ||F||=4.108e-02
 step=  8000  E=8.387549572948e+02  Q=1.870000000000e+03  λ=8.048331e-01  dt=8.488e-04  relΔE=2.422e-06  ||F||=3.920e-02
 step=  8500  E=8.373668209910e+02  Q=1.870000000000e+03  λ=8.028159e-01  dt=1.314e-03  relΔE=3.449e-06  ||F||=3.756e-02
 step=  9000  E=8.360837549995e+02  Q=1.870000000000e+03  λ=8.009808e-01  dt=1.017e-03  relΔE=2.467e-06  ||F||=3.608e-02
 step=  9500  E=8.348588852437e+02  Q=1.870000000000e+03  λ=7.992570e-01  dt=7.871e-04  relΔE=1.788e-06  ||F||=3.893e-02
 step= 10000  E=8.337841389610e+02  Q=1.870000000000e+03  λ=7.977676e-01  dt=1.218e-03  relΔE=2.553e-06  ||F||=3.349e-02
 step= 10500  E=8.327474327837e+02  Q=1.870000000000e+03  λ=7.963478e-01  dt=9.430e-04  relΔE=1.845e-06  ||F||=3.234e-02
 step= 11000  E=8.317726751406e+02  Q=1.870000000000e+03  λ=7.950306e-01  dt=1.460e-03  relΔE=2.674e-06  ||F||=3.127e-02
 step= 11500  E=8.308899055485e+02  Q=1.870000000000e+03  λ=7.938490e-01  dt=1.130e-03  relΔE=1.946e-06  ||F||=3.031e-02
 step= 12000  E=8.300289085417e+02  Q=1.870000000000e+03  λ=7.927081e-01  dt=8.744e-04  relΔE=1.417e-06  ||F||=2.938e-02
 step= 12500  E=8.292354449105e+02  Q=1.870000000000e+03  λ=7.916677e-01  dt=1.353e-03  relΔE=2.070e-06  ||F||=2.853e-02
 step= 13000  E=8.284907748852e+02  Q=1.870000000000e+03  λ=7.906981e-01  dt=1.048e-03  relΔE=1.515e-06  ||F||=2.773e-02
 step= 13500  E=8.277642501511e+02  Q=1.870000000000e+03  λ=7.897596e-01  dt=8.108e-04  relΔE=1.110e-06  ||F||=2.697e-02
 step= 14000  E=8.271051253786e+02  Q=1.870000000000e+03  λ=7.889151e-01  dt=1.255e-03  relΔE=1.629e-06  ||F||=2.625e-02
 step= 14500  E=8.264667405544e+02  Q=1.870000000000e+03  λ=7.881015e-01  dt=9.713e-04  relΔE=1.197e-06  ||F||=2.557e-02
 step= 15000  E=8.258470741747e+02  Q=1.870000000000e+03  λ=7.873177e-01  dt=1.504e-03  relΔE=1.760e-06  ||F||=2.521e-02
 step= 15500  E=8.252872243774e+02  Q=1.870000000000e+03  λ=7.866124e-01  dt=1.164e-03  relΔE=1.299e-06  ||F||=2.431e-02
 step= 16000  E=8.247322941520e+02  Q=1.870000000000e+03  λ=7.859171e-01  dt=9.007e-04  relΔE=9.577e-07  ||F||=2.372e-02
 step= 16500  E=8.242086413218e+02  Q=1.870000000000e+03  λ=7.852650e-01  dt=1.394e-03  relΔE=1.415e-06  ||F||=2.317e-02
 step= 17000  E=8.237169181075e+02  Q=1.870000000000e+03  λ=7.846547e-01  dt=1.079e-03  relΔE=1.047e-06  ||F||=2.264e-02
 step= 17500  E=8.232510521923e+02  Q=1.870000000000e+03  λ=7.840795e-01  dt=1.392e-03  relΔE=1.292e-06  ||F||=2.215e-02
 step= 18000  E=8.228018986324e+02  Q=1.870000000000e+03  λ=7.835265e-01  dt=1.077e-03  relΔE=9.580e-07  ||F||=2.167e-02
 step= 18500  E=8.223749616787e+02  Q=1.870000000000e+03  λ=7.830034e-01  dt=1.390e-03  relΔE=1.185e-06  ||F||=2.122e-02
 step= 19000  E=8.219613886296e+02  Q=1.870000000000e+03  λ=7.824980e-01  dt=1.076e-03  relΔE=8.799e-07  ||F||=2.077e-02
 step= 19500  E=8.215518851101e+02  Q=1.870000000000e+03  λ=7.819993e-01  dt=8.324e-04  relΔE=6.530e-07  ||F||=2.034e-02
 step= 20000  E=8.211723979801e+02  Q=1.870000000000e+03  λ=7.815393e-01  dt=1.289e-03  relΔE=9.715e-07  ||F||=1.993e-02
 step= 20500  E=8.208043259649e+02  Q=1.870000000000e+03  λ=7.810939e-01  dt=9.973e-04  relΔE=7.229e-07  ||F||=1.954e-02
 step= 21000  E=8.204380460767e+02  Q=1.870000000000e+03  λ=7.807190e-01  dt=1.544e-03  relΔE=7.910e-07  ||F||=3.673e-01
 step= 21500  E=8.201069370124e+02  Q=1.870000000000e+03  λ=7.802544e-01  dt=1.195e-03  relΔE=8.021e-07  ||F||=1.880e-02
 step= 22000  E=8.197745918893e+02  Q=1.870000000000e+03  λ=7.798559e-01  dt=9.248e-04  relΔE=5.979e-07  ||F||=1.844e-02
 step= 22500  E=8.194551664698e+02  Q=1.870000000000e+03  λ=7.794744e-01  dt=1.431e-03  relΔE=8.920e-07  ||F||=1.810e-02
 step= 23000  E=8.191551663951e+02  Q=1.870000000000e+03  λ=7.791167e-01  dt=1.108e-03  relΔE=6.665e-07  ||F||=1.778e-02
 step= 23500  E=8.188558582988e+02  Q=1.870000000000e+03  λ=7.787607e-01  dt=8.575e-04  relΔE=4.977e-07  ||F||=1.746e-02
 step= 24000  E=8.185739700956e+02  Q=1.870000000000e+03  λ=7.784268e-01  dt=1.327e-03  relΔE=7.445e-07  ||F||=1.717e-02
 step= 24500  E=8.183012729195e+02  Q=1.870000000000e+03  λ=7.781041e-01  dt=1.027e-03  relΔE=5.571e-07  ||F||=1.688e-02
 step= 25000  E=8.180288778554e+02  Q=1.870000000000e+03  λ=7.777828e-01  dt=7.951e-04  relΔE=4.167e-07  ||F||=1.659e-02
 step= 25500  E=8.177786246136e+02  Q=1.870000000000e+03  λ=7.774886e-01  dt=1.231e-03  relΔE=6.249e-07  ||F||=1.632e-02
 step= 26000  E=8.175292898405e+02  Q=1.870000000000e+03  λ=7.771959e-01  dt=9.526e-04  relΔE=4.683e-07  ||F||=1.606e-02
 step= 26500  E=8.172841036315e+02  Q=1.870000000000e+03  λ=7.769092e-01  dt=1.475e-03  relΔE=7.021e-07  ||F||=1.580e-02
 step= 27000  E=8.170565921980e+02  Q=1.870000000000e+03  λ=7.766435e-01  dt=1.141e-03  relΔE=5.273e-07  ||F||=1.556e-02
 step= 27500  E=8.168273782522e+02  Q=1.870000000000e+03  λ=7.763765e-01  dt=8.833e-04  relΔE=3.958e-07  ||F||=1.533e-02
 step= 28000  E=8.166081840276e+02  Q=1.870000000000e+03  λ=7.761222e-01  dt=1.367e-03  relΔE=5.947e-07  ||F||=1.510e-02
 step= 28500  E=8.163977574927e+02  Q=1.870000000000e+03  λ=7.758783e-01  dt=1.058e-03  relΔE=4.472e-07  ||F||=1.488e-02
 step= 29000  E=8.161865571934e+02  Q=1.870000000000e+03  λ=7.756342e-01  dt=8.190e-04  relΔE=3.362e-07  ||F||=1.466e-02
 step= 29500  E=8.159889758565e+02  Q=1.870000000000e+03  λ=7.754067e-01  dt=1.268e-03  relΔE=5.063e-07  ||F||=1.446e-02
 step= 30000  E=8.157940188494e+02  Q=1.870000000000e+03  λ=7.751826e-01  dt=9.812e-04  relΔE=3.812e-07  ||F||=1.426e-02
 step= 30500  E=8.155990020847e+02  Q=1.870000000000e+03  λ=7.749595e-01  dt=1.519e-03  relΔE=5.730e-07  ||F||=2.495e-02
 step= 31000  E=8.154196472951e+02  Q=1.870000000000e+03  λ=7.747542e-01  dt=1.176e-03  relΔE=4.331e-07  ||F||=1.388e-02
 step= 31500  E=8.152375798580e+02  Q=1.870000000000e+03  λ=7.745465e-01  dt=9.098e-04  relΔE=3.265e-07  ||F||=1.370e-02
 step= 32000  E=8.150609972195e+02  Q=1.870000000000e+03  λ=7.743460e-01  dt=1.408e-03  relΔE=4.928e-07  ||F||=1.353e-02
 step= 32500  E=8.148922874519e+02  Q=1.870000000000e+03  λ=7.741546e-01  dt=1.090e-03  relΔE=3.722e-07  ||F||=1.336e-02
 step= 33000  E=8.147224058696e+02  Q=1.870000000000e+03  λ=7.739625e-01  dt=8.436e-04  relΔE=2.810e-07  ||F||=1.320e-02
 step= 33500  E=8.145610412533e+02  Q=1.870000000000e+03  λ=7.737807e-01  dt=1.306e-03  relΔE=4.249e-07  ||F||=1.304e-02
 step= 34000  E=8.144028103851e+02  Q=1.870000000000e+03  λ=7.736028e-01  dt=1.011e-03  relΔE=3.213e-07  ||F||=1.289e-02
 step= 34500  E=8.142430188176e+02  Q=1.870000000000e+03  λ=7.734237e-01  dt=7.823e-04  relΔE=2.430e-07  ||F||=1.371e-02
 step= 35000  E=8.140954026106e+02  Q=1.870000000000e+03  λ=7.732588e-01  dt=1.211e-03  relΔE=3.680e-07  ||F||=1.260e-02
 step= 35500  E=8.139457689464e+02  Q=1.870000000000e+03  λ=7.730921e-01  dt=9.372e-04  relΔE=2.787e-07  ||F||=1.246e-02
 step= 36000  E=8.137983715078e+02  Q=1.870000000000e+03  λ=7.729285e-01  dt=1.451e-03  relΔE=4.222e-07  ||F||=1.233e-02
 step= 36500  E=8.136589061979e+02  Q=1.870000000000e+03  λ=7.727739e-01  dt=1.123e-03  relΔE=3.202e-07  ||F||=1.220e-02
 step= 37000  E=8.135172882043e+02  Q=1.870000000000e+03  λ=7.726175e-01  dt=8.690e-04  relΔE=2.428e-07  ||F||=1.208e-02
 step= 37500  E=8.133810232076e+02  Q=1.870000000000e+03  λ=7.724677e-01  dt=1.345e-03  relΔE=3.685e-07  ||F||=1.196e-02
 step= 38000  E=8.132481425980e+02  Q=1.870000000000e+03  λ=7.723218e-01  dt=1.041e-03  relΔE=2.798e-07  ||F||=1.184e-02
 step= 38500  E=8.131135523501e+02  Q=1.870000000000e+03  λ=7.721745e-01  dt=8.058e-04  relΔE=2.124e-07  ||F||=1.173e-02
 step= 39000  E=8.129873064435e+02  Q=1.870000000000e+03  λ=7.720370e-01  dt=1.247e-03  relΔE=3.230e-07  ||F||=1.162e-02
 step= 39500  E=8.128605510618e+02  Q=1.870000000000e+03  λ=7.718991e-01  dt=9.654e-04  relΔE=2.456e-07  ||F||=1.152e-02
 step= 40000  E=8.127331799499e+02  Q=1.870000000000e+03  λ=7.717613e-01  dt=1.494e-03  relΔE=3.735e-07  ||F||=1.150e-02
 step= 40500  E=8.126178864850e+02  Q=1.870000000000e+03  λ=7.716366e-01  dt=9.638e-04  relΔE=2.371e-07  ||F||=1.133e-02
 step= 41000  E=8.124948815537e+02  Q=1.870000000000e+03  λ=7.715043e-01  dt=1.492e-03  relΔE=3.610e-07  ||F||=1.127e-02
 step= 41500  E=8.123832569177e+02  Q=1.870000000000e+03  λ=7.713845e-01  dt=9.623e-04  relΔE=2.294e-07  ||F||=1.115e-02
 step= 42000  E=8.122642366162e+02  Q=1.870000000000e+03  λ=7.712573e-01  dt=1.490e-03  relΔE=3.496e-07  ||F||=1.108e-02
 step= 42500  E=8.121559533561e+02  Q=1.870000000000e+03  λ=7.711417e-01  dt=9.607e-04  relΔE=2.223e-07  ||F||=1.098e-02
 step= 43000  E=8.120402505861e+02  Q=1.870000000000e+03  λ=7.710189e-01  dt=1.487e-03  relΔE=3.392e-07  ||F||=1.092e-02
 step= 43500  E=8.119314113756e+02  Q=1.870000000000e+03  λ=7.709035e-01  dt=1.151e-03  relΔE=2.590e-07  ||F||=1.083e-02
 step= 44000  E=8.118199710372e+02  Q=1.870000000000e+03  λ=7.707858e-01  dt=8.908e-04  relΔE=1.978e-07  ||F||=1.075e-02
 step= 44500  E=8.117111178054e+02  Q=1.870000000000e+03  λ=7.706714e-01  dt=1.379e-03  relΔE=3.022e-07  ||F||=1.068e-02
 step= 45000  E=8.116051532059e+02  Q=1.870000000000e+03  λ=7.705602e-01  dt=1.067e-03  relΔE=2.311e-07  ||F||=1.062e-02
 step= 45500  E=8.114969090747e+02  Q=1.870000000000e+03  λ=7.704470e-01  dt=8.260e-04  relΔE=1.767e-07  ||F||=1.055e-02
 step= 46000  E=8.113937076998e+02  Q=1.870000000000e+03  λ=7.703396e-01  dt=1.279e-03  relΔE=2.705e-07  ||F||=1.050e-02
 step= 46500  E=8.112905403228e+02  Q=1.870000000000e+03  λ=7.702325e-01  dt=9.896e-04  relΔE=2.071e-07  ||F||=1.044e-02
 step= 47000  E=8.111850271773e+02  Q=1.870000000000e+03  λ=7.701280e-01  dt=1.532e-03  relΔE=3.007e-07  ||F||=9.747e-02
 step= 47500  E=8.110867597218e+02  Q=1.870000000000e+03  λ=7.700220e-01  dt=1.186e-03  relΔE=2.432e-07  ||F||=1.033e-02
 step= 48000  E=8.109852168465e+02  Q=1.870000000000e+03  λ=7.699175e-01  dt=9.176e-04  relΔE=1.865e-07  ||F||=1.029e-02
 step= 48500  E=8.108849710161e+02  Q=1.870000000000e+03  λ=7.698149e-01  dt=1.420e-03  relΔE=2.862e-07  ||F||=1.024e-02
 step= 49000  E=8.107879806706e+02  Q=1.870000000000e+03  λ=7.697158e-01  dt=1.099e-03  relΔE=2.197e-07  ||F||=1.020e-02
 step= 49500  E=8.106885312499e+02  Q=1.870000000000e+03  λ=7.696145e-01  dt=8.508e-04  relΔE=1.687e-07  ||F||=1.016e-02
 step= 50000  E=8.105920309367e+02  Q=1.870000000000e+03  λ=7.695167e-01  dt=1.317e-03  relΔE=2.594e-07  ||F||=1.012e-02
 step= 50500  E=8.104962662262e+02  Q=1.870000000000e+03  λ=7.694198e-01  dt=1.019e-03  relΔE=1.994e-07  ||F||=1.009e-02
 step= 51000  E=8.103977836758e+02  Q=1.870000000000e+03  λ=7.693204e-01  dt=7.889e-04  relΔE=1.534e-07  ||F||=1.006e-02
 step= 51500  E=8.103050306805e+02  Q=1.870000000000e+03  λ=7.692272e-01  dt=1.221e-03  relΔE=2.362e-07  ||F||=1.003e-02
 step= 52000  E=8.102096891768e+02  Q=1.870000000000e+03  λ=7.691316e-01  dt=9.452e-04  relΔE=1.819e-07  ||F||=1.000e-02
 step= 52500  E=8.101137228969e+02  Q=1.870000000000e+03  λ=7.690358e-01  dt=1.463e-03  relΔE=2.804e-07  ||F||=9.981e-03
 step= 53000  E=8.100218052504e+02  Q=1.870000000000e+03  λ=7.689442e-01  dt=1.132e-03  relΔE=2.162e-07  ||F||=9.962e-03
 step= 53500  E=8.099268156906e+02  Q=1.870000000000e+03  λ=7.688498e-01  dt=8.764e-04  relΔE=1.668e-07  ||F||=9.946e-03
 step= 54000  E=8.098337116959e+02  Q=1.870000000000e+03  λ=7.687576e-01  dt=1.357e-03  relΔE=2.575e-07  ||F||=9.932e-03
 step= 54500  E=8.097416230804e+02  Q=1.870000000000e+03  λ=7.686666e-01  dt=1.050e-03  relΔE=1.989e-07  ||F||=9.922e-03
 step= 55000  E=8.096466569889e+02  Q=1.870000000000e+03  λ=7.685730e-01  dt=8.127e-04  relΔE=1.537e-07  ||F||=9.914e-03
 step= 55500  E=8.095554396321e+02  Q=1.870000000000e+03  λ=7.684834e-01  dt=1.258e-03  relΔE=2.377e-07  ||F||=9.909e-03
 step= 56000  E=8.094627261436e+02  Q=1.870000000000e+03  λ=7.683925e-01  dt=9.736e-04  relΔE=1.840e-07  ||F||=9.907e-03
 step= 56500  E=8.093676416359e+02  Q=1.870000000000e+03  λ=7.682996e-01  dt=1.507e-03  relΔE=2.848e-07  ||F||=1.127e-02
 step= 57000  E=8.092775143482e+02  Q=1.870000000000e+03  λ=7.682116e-01  dt=1.166e-03  relΔE=2.207e-07  ||F||=9.913e-03
 step= 57500  E=8.091833469388e+02  Q=1.870000000000e+03  λ=7.681198e-01  dt=9.028e-04  relΔE=1.711e-07  ||F||=9.920e-03
 step= 58000  E=8.090898717769e+02  Q=1.870000000000e+03  λ=7.680291e-01  dt=1.397e-03  relΔE=2.654e-07  ||F||=9.931e-03
 step= 58500  E=8.089978852868e+02  Q=1.870000000000e+03  λ=7.679399e-01  dt=1.082e-03  relΔE=2.060e-07  ||F||=9.945e-03
 step= 59000  E=8.089025747164e+02  Q=1.870000000000e+03  λ=7.678476e-01  dt=8.371e-04  relΔE=1.600e-07  ||F||=9.962e-03
 step= 59500  E=8.088096538354e+02  Q=1.870000000000e+03  λ=7.677580e-01  dt=1.296e-03  relΔE=2.487e-07  ||F||=9.982e-03
 step= 60000  E=8.087157471528e+02  Q=1.870000000000e+03  λ=7.676674e-01  dt=1.003e-03  relΔE=1.935e-07  ||F||=1.001e-02
 step= 60500  E=8.086180185107e+02  Q=1.870000000000e+03  λ=7.675738e-01  dt=7.762e-04  relΔE=1.522e-07  ||F||=3.610e-02
 step= 61000  E=8.085255005051e+02  Q=1.870000000000e+03  λ=7.674844e-01  dt=1.202e-03  relΔE=2.345e-07  ||F||=1.006e-02
 step= 61500  E=8.084287626222e+02  Q=1.870000000000e+03  λ=7.673914e-01  dt=9.299e-04  relΔE=1.828e-07  ||F||=1.010e-02
 step= 62000  E=8.083309302806e+02  Q=1.870000000000e+03  λ=7.672977e-01  dt=1.439e-03  relΔE=2.851e-07  ||F||=1.014e-02
 step= 62500  E=8.082353516222e+02  Q=1.870000000000e+03  λ=7.672061e-01  dt=1.114e-03  relΔE=2.225e-07  ||F||=1.018e-02
 step= 63000  E=8.081354526518e+02  Q=1.870000000000e+03  λ=7.671104e-01  dt=8.623e-04  relΔE=1.738e-07  ||F||=1.022e-02
 step= 63500  E=8.080413257708e+02  Q=1.870000000000e+03  λ=7.670204e-01  dt=1.112e-03  relΔE=2.263e-07  ||F||=1.027e-02
 step= 64000  E=8.079395263758e+02  Q=1.870000000000e+03  λ=7.669230e-01  dt=8.609e-04  relΔE=1.770e-07  ||F||=1.033e-02
 step= 64500  E=8.078386100442e+02  Q=1.870000000000e+03  λ=7.668267e-01  dt=1.333e-03  relΔE=2.771e-07  ||F||=1.038e-02
 step= 65000  E=8.077369408813e+02  Q=1.870000000000e+03  λ=7.667295e-01  dt=1.031e-03  relΔE=2.171e-07  ||F||=1.045e-02
 step= 65500  E=8.076305413738e+02  Q=1.870000000000e+03  λ=7.666278e-01  dt=7.983e-04  relΔE=1.703e-07  ||F||=1.051e-02
 step= 66000  E=8.075278626499e+02  Q=1.870000000000e+03  λ=7.665297e-01  dt=1.236e-03  relΔE=2.671e-07  ||F||=1.058e-02
 step= 66500  E=8.074208808140e+02  Q=1.870000000000e+03  λ=7.664274e-01  dt=9.564e-04  relΔE=2.098e-07  ||F||=1.066e-02
 step= 67000  E=8.073103890513e+02  Q=1.870000000000e+03  λ=7.663218e-01  dt=1.480e-03  relΔE=3.299e-07  ||F||=1.075e-02
 step= 67500  E=8.072031224496e+02  Q=1.870000000000e+03  λ=7.662191e-01  dt=1.146e-03  relΔE=2.594e-07  ||F||=1.083e-02
 step= 68000  E=8.070899663591e+02  Q=1.870000000000e+03  λ=7.661107e-01  dt=8.868e-04  relΔE=2.043e-07  ||F||=1.092e-02
 step= 68500  E=8.069761332121e+02  Q=1.870000000000e+03  λ=7.660016e-01  dt=1.373e-03  relΔE=3.219e-07  ||F||=1.102e-02
 step= 69000  E=8.068615265319e+02  Q=1.870000000000e+03  λ=7.658915e-01  dt=1.062e-03  relΔE=2.539e-07  ||F||=1.112e-02
 step= 69500  E=8.067408904168e+02  Q=1.870000000000e+03  λ=7.657755e-01  dt=8.223e-04  relΔE=2.005e-07  ||F||=1.124e-02
 step= 70000  E=8.066222868977e+02  Q=1.870000000000e+03  λ=7.656613e-01  dt=1.273e-03  relΔE=3.167e-07  ||F||=1.135e-02
 step= 70500  E=8.064993893541e+02  Q=1.870000000000e+03  λ=7.655427e-01  dt=9.851e-04  relΔE=2.505e-07  ||F||=1.147e-02
 step= 71000  E=8.063697940732e+02  Q=1.870000000000e+03  λ=7.654184e-01  dt=1.525e-03  relΔE=3.925e-07  ||F||=4.346e-02
 step= 71500  E=8.062448623654e+02  Q=1.870000000000e+03  λ=7.652964e-01  dt=1.180e-03  relΔE=3.144e-07  ||F||=1.174e-02
 step= 72000  E=8.061115786828e+02  Q=1.870000000000e+03  λ=7.651669e-01  dt=9.135e-04  relΔE=2.494e-07  ||F||=1.189e-02
 step= 72500  E=8.059752608566e+02  Q=1.870000000000e+03  λ=7.650342e-01  dt=1.414e-03  relΔE=3.963e-07  ||F||=1.204e-02
 step= 73000  E=8.058386580582e+02  Q=1.870000000000e+03  λ=7.649007e-01  dt=1.094e-03  relΔE=3.149e-07  ||F||=1.220e-02
 step= 73500  E=8.056932790372e+02  Q=1.870000000000e+03  λ=7.647582e-01  dt=8.470e-04  relΔE=2.507e-07  ||F||=1.237e-02
 step= 74000  E=8.055477870201e+02  Q=1.870000000000e+03  λ=7.646154e-01  dt=1.311e-03  relΔE=3.994e-07  ||F||=1.255e-02
 step= 74500  E=8.053975500165e+02  Q=1.870000000000e+03  λ=7.644671e-01  dt=1.015e-03  relΔE=3.185e-07  ||F||=1.274e-02
 step= 75000  E=8.052371747313e+02  Q=1.870000000000e+03  λ=7.643083e-01  dt=7.854e-04  relΔE=2.545e-07  ||F||=1.308e-02
 step= 75500  E=8.050805463804e+02  Q=1.870000000000e+03  λ=7.641528e-01  dt=1.216e-03  relΔE=4.066e-07  ||F||=1.315e-02
 step= 76000  E=8.049131108301e+02  Q=1.870000000000e+03  λ=7.639858e-01  dt=9.409e-04  relΔE=3.255e-07  ||F||=1.337e-02
 step= 76500  E=8.047383989453e+02  Q=1.870000000000e+03  λ=7.638109e-01  dt=1.457e-03  relΔE=5.220e-07  ||F||=1.361e-02
 step= 77000  E=8.045638174647e+02  Q=1.870000000000e+03  λ=7.636352e-01  dt=1.127e-03  relΔE=4.185e-07  ||F||=1.385e-02
 step= 77500  E=8.043761120150e+02  Q=1.870000000000e+03  λ=7.634455e-01  dt=8.725e-04  relΔE=3.364e-07  ||F||=1.411e-02
 step= 78000  E=8.041847102087e+02  Q=1.870000000000e+03  λ=7.632513e-01  dt=1.351e-03  relΔE=5.412e-07  ||F||=1.438e-02
 step= 78500  E=8.039871097050e+02  Q=1.870000000000e+03  λ=7.630497e-01  dt=1.045e-03  relΔE=4.357e-07  ||F||=1.467e-02
 step= 79000  E=8.037742890058e+02  Q=1.870000000000e+03  λ=7.628315e-01  dt=8.090e-04  relΔE=3.518e-07  ||F||=1.498e-02
 step= 79500  E=8.035616905013e+02  Q=1.870000000000e+03  λ=7.626126e-01  dt=1.252e-03  relΔE=5.677e-07  ||F||=1.529e-02
 step= 80000  E=8.033351595570e+02  Q=1.870000000000e+03  λ=7.623780e-01  dt=9.692e-04  relΔE=4.592e-07  ||F||=1.563e-02
 step= 80500  E=8.030927981441e+02  Q=1.870000000000e+03  λ=7.621259e-01  dt=1.500e-03  relΔE=7.446e-07  ||F||=1.621e-02
 step= 81000  E=8.028514279175e+02  Q=1.870000000000e+03  λ=7.618731e-01  dt=1.161e-03  relΔE=6.032e-07  ||F||=1.636e-02
 step= 81500  E=8.025885283579e+02  Q=1.870000000000e+03  λ=7.615964e-01  dt=8.987e-04  relΔE=4.902e-07  ||F||=1.676e-02
 step= 82000  E=8.023146876157e+02  Q=1.870000000000e+03  λ=7.613069e-01  dt=1.391e-03  relΔE=7.977e-07  ||F||=1.718e-02
 step= 82500  E=8.020314943255e+02  Q=1.870000000000e+03  λ=7.610054e-01  dt=1.077e-03  relΔE=6.494e-07  ||F||=1.762e-02
 step= 83000  E=8.017362537139e+02  Q=1.870000000000e+03  λ=7.606897e-01  dt=1.389e-03  relΔE=8.820e-07  ||F||=1.808e-02
 step= 83500  E=8.014219937953e+02  Q=1.870000000000e+03  λ=7.603514e-01  dt=1.075e-03  relΔE=7.202e-07  ||F||=1.856e-02
 step= 84000  E=8.010785975063e+02  Q=1.870000000000e+03  λ=7.599798e-01  dt=8.320e-04  relΔE=5.901e-07  ||F||=1.910e-02
 step= 84500  E=8.007277384587e+02  Q=1.870000000000e+03  λ=7.595983e-01  dt=1.288e-03  relΔE=9.665e-07  ||F||=1.964e-02
 step= 85000  E=8.003522235605e+02  Q=1.870000000000e+03  λ=7.591872e-01  dt=9.968e-04  relΔE=7.932e-07  ||F||=2.022e-02
 step= 85500  E=7.999403312548e+02  Q=1.870000000000e+03  λ=7.587950e-01  dt=1.543e-03  relΔE=1.004e-06  ||F||=3.515e-01
 step= 86000  E=7.995286712693e+02  Q=1.870000000000e+03  λ=7.582787e-01  dt=1.194e-03  relΔE=1.074e-06  ||F||=2.148e-02
 step= 86500  E=7.990724261457e+02  Q=1.870000000000e+03  λ=7.577710e-01  dt=9.242e-04  relΔE=8.857e-07  ||F||=2.217e-02
 step= 87000  E=7.985857004063e+02  Q=1.870000000000e+03  λ=7.572271e-01  dt=1.431e-03  relΔE=1.463e-06  ||F||=2.290e-02
 step= 87500  E=7.980790571424e+02  Q=1.870000000000e+03  λ=7.566573e-01  dt=1.107e-03  relΔE=1.209e-06  ||F||=2.365e-02
 step= 88000  E=7.975202870930e+02  Q=1.870000000000e+03  λ=7.560259e-01  dt=8.570e-04  relΔE=1.002e-06  ||F||=2.446e-02
 step= 88500  E=7.969367785479e+02  Q=1.870000000000e+03  λ=7.553641e-01  dt=1.327e-03  relΔE=1.660e-06  ||F||=2.530e-02
 step= 89000  E=7.963108303203e+02  Q=1.870000000000e+03  λ=7.546500e-01  dt=1.027e-03  relΔE=1.377e-06  ||F||=2.618e-02
 step= 89500  E=7.956177453852e+02  Q=1.870000000000e+03  λ=7.538560e-01  dt=7.947e-04  relΔE=1.146e-06  ||F||=2.714e-02
 step= 90000  E=7.949113837922e+02  Q=1.870000000000e+03  λ=7.530445e-01  dt=1.230e-03  relΔE=1.903e-06  ||F||=2.809e-02
 step= 90500  E=7.941304969522e+02  Q=1.870000000000e+03  λ=7.521430e-01  dt=9.520e-04  relΔE=1.584e-06  ||F||=2.911e-02
 step= 91000  E=7.932791580978e+02  Q=1.870000000000e+03  λ=7.511581e-01  dt=1.474e-03  relΔE=2.639e-06  ||F||=3.020e-02
 step= 91500  E=7.924008935553e+02  Q=1.870000000000e+03  λ=7.501377e-01  dt=1.141e-03  relΔE=2.194e-06  ||F||=3.128e-02
 step= 92000  E=7.914224144255e+02  Q=1.870000000000e+03  λ=7.489980e-01  dt=8.828e-04  relΔE=1.828e-06  ||F||=3.243e-02
 step= 92500  E=7.903858876367e+02  Q=1.870000000000e+03  λ=7.477898e-01  dt=1.366e-03  relΔE=3.043e-06  ||F||=3.361e-02
 step= 93000  E=7.892830827734e+02  Q=1.870000000000e+03  λ=7.465005e-01  dt=1.058e-03  relΔE=2.528e-06  ||F||=3.480e-02
 step= 93500  E=7.880626470154e+02  Q=1.870000000000e+03  λ=7.450724e-01  dt=8.186e-04  relΔE=2.103e-06  ||F||=3.605e-02
 step= 94000  E=7.868078823022e+02  Q=1.870000000000e+03  λ=7.436050e-01  dt=1.267e-03  relΔE=3.483e-06  ||F||=3.725e-02
 step= 94500  E=7.854415371907e+02  Q=1.870000000000e+03  λ=7.420053e-01  dt=9.807e-04  relΔE=2.881e-06  ||F||=3.848e-02
 step= 95000  E=7.839471306423e+02  Q=1.870000000000e+03  λ=7.402596e-01  dt=1.518e-03  relΔE=4.760e-06  ||F||=4.610e-02
 step= 95500  E=7.824458334105e+02  Q=1.870000000000e+03  λ=7.385051e-01  dt=1.175e-03  relΔE=3.908e-06  ||F||=4.086e-02
 step= 96000  E=7.807891968272e+02  Q=1.870000000000e+03  λ=7.365735e-01  dt=9.093e-04  relΔE=3.201e-06  ||F||=4.200e-02
 step= 96500  E=7.790576891231e+02  Q=1.870000000000e+03  λ=7.345627e-01  dt=1.408e-03  relΔE=5.218e-06  ||F||=4.305e-02
 step= 97000  E=7.772776724543e+02  Q=1.870000000000e+03  λ=7.324998e-01  dt=1.089e-03  relΔE=4.224e-06  ||F||=4.398e-02
 step= 97500  E=7.753612577819e+02  Q=1.870000000000e+03  λ=7.302884e-01  dt=8.432e-04  relΔE=3.403e-06  ||F||=4.481e-02
 step= 98000  E=7.734390425472e+02  Q=1.870000000000e+03  λ=7.280837e-01  dt=1.305e-03  relΔE=5.437e-06  ||F||=4.547e-02
 step= 98500  E=7.714528042699e+02  Q=1.870000000000e+03  λ=7.258155e-01  dt=1.010e-03  relΔE=4.310e-06  ||F||=4.596e-02
 step= 99000  E=7.693636994890e+02  Q=1.870000000000e+03  λ=7.236042e-01  dt=7.818e-04  relΔE=3.854e-06  ||F||=5.675e-01
 step= 99500  E=7.673786463218e+02  Q=1.870000000000e+03  λ=7.212123e-01  dt=1.210e-03  relΔE=5.274e-06  ||F||=4.633e-02
 step=100000  E=7.653433549463e+02  Q=1.870000000000e+03  λ=7.189371e-01  dt=7.806e-04  relΔE=3.388e-06  ||F||=4.617e-02
 step=100500  E=7.633883754671e+02  Q=1.870000000000e+03  λ=7.167735e-01  dt=1.208e-03  relΔE=5.170e-06  ||F||=4.578e-02
 step=101000  E=7.614243251068e+02  Q=1.870000000000e+03  λ=7.146171e-01  dt=7.793e-04  relΔE=3.251e-06  ||F||=4.515e-02
 step=101500  E=7.595746022718e+02  Q=1.870000000000e+03  λ=7.126098e-01  dt=1.206e-03  relΔE=4.857e-06  ||F||=4.430e-02
 step=102000  E=7.577337476274e+02  Q=1.870000000000e+03  λ=7.106321e-01  dt=9.336e-04  relΔE=3.582e-06  ||F||=4.319e-02
 step=102500  E=7.559898259682e+02  Q=1.870000000000e+03  λ=7.087840e-01  dt=1.445e-03  relΔE=5.220e-06  ||F||=4.186e-02
 step=103000  E=7.544047602627e+02  Q=1.870000000000e+03  λ=7.071244e-01  dt=1.119e-03  relΔE=3.767e-06  ||F||=4.038e-02
 step=103500  E=7.528892401482e+02  Q=1.870000000000e+03  λ=7.055611e-01  dt=8.657e-04  relΔE=2.681e-06  ||F||=3.868e-02
 step=104000  E=7.515370016670e+02  Q=1.870000000000e+03  λ=7.041903e-01  dt=1.340e-03  relΔE=3.781e-06  ||F||=3.689e-02
 step=104500  E=7.503150395773e+02  Q=1.870000000000e+03  λ=7.029717e-01  dt=1.037e-03  relΔE=2.639e-06  ||F||=3.500e-02
 step=105000  E=7.491857340416e+02  Q=1.870000000000e+03  λ=7.018678e-01  dt=8.027e-04  relΔE=1.816e-06  ||F||=3.298e-02
 step=105500  E=7.482326560255e+02  Q=1.870000000000e+03  λ=7.009574e-01  dt=1.243e-03  relΔE=2.490e-06  ||F||=3.102e-02
 step=106000  E=7.473726711213e+02  Q=1.870000000000e+03  λ=7.001545e-01  dt=9.617e-04  relΔE=1.686e-06  ||F||=2.899e-02
 step=106500  E=7.466132779612e+02  Q=1.870000000000e+03  λ=6.994658e-01  dt=1.489e-03  relΔE=2.258e-06  ||F||=2.697e-02
 step=107000  E=7.459862961420e+02  Q=1.870000000000e+03  λ=6.989137e-01  dt=1.152e-03  relΔE=1.510e-06  ||F||=2.505e-02
 step=107500  E=7.454280075127e+02  Q=1.870000000000e+03  λ=6.984390e-01  dt=8.918e-04  relΔE=9.972e-07  ||F||=2.313e-02
 step=108000  E=7.449592623876e+02  Q=1.870000000000e+03  λ=6.980567e-01  dt=1.380e-03  relΔE=1.311e-06  ||F||=2.130e-02
 step=108500  E=7.445674344993e+02  Q=1.870000000000e+03  λ=6.977509e-01  dt=1.068e-03  relΔE=8.579e-07  ||F||=1.959e-02
 step=109000  E=7.442273127856e+02  Q=1.870000000000e+03  λ=6.974994e-01  dt=8.269e-04  relΔE=5.552e-07  ||F||=1.791e-02
 step=109500  E=7.439528771941e+02  Q=1.870000000000e+03  λ=6.973089e-01  dt=1.280e-03  relΔE=7.196e-07  ||F||=1.638e-02
 step=110000  E=7.437208573308e+02  Q=1.870000000000e+03  λ=6.971589e-01  dt=9.907e-04  relΔE=4.630e-07  ||F||=1.493e-02
 step=110500  E=7.435230072720e+02  Q=1.870000000000e+03  λ=6.970456e-01  dt=1.533e-03  relΔE=5.700e-07  ||F||=8.623e-02
 step=111000  E=7.433692634311e+02  Q=1.870000000000e+03  λ=6.969603e-01  dt=1.187e-03  relΔE=3.788e-07  ||F||=1.234e-02
 step=111500  E=7.432371539953e+02  Q=1.870000000000e+03  λ=6.968986e-01  dt=9.186e-04  relΔE=2.405e-07  ||F||=1.117e-02
 step=112000  E=7.431293224338e+02  Q=1.870000000000e+03  λ=6.968563e-01  dt=1.422e-03  relΔE=3.047e-07  ||F||=1.011e-02
 step=112500  E=7.430431305705e+02  Q=1.870000000000e+03  λ=6.968292e-01  dt=1.101e-03  relΔE=1.934e-07  ||F||=9.153e-03
 step=113000  E=7.429703878628e+02  Q=1.870000000000e+03  λ=6.968128e-01  dt=8.518e-04  relΔE=1.217e-07  ||F||=8.251e-03
 step=113500  E=7.429126009364e+02  Q=1.870000000000e+03  λ=6.968055e-01  dt=1.318e-03  relΔE=1.535e-07  ||F||=7.449e-03
 step=114000  E=7.428656329973e+02  Q=1.870000000000e+03  λ=6.968045e-01  dt=1.020e-03  relΔE=9.669e-08  ||F||=6.719e-03
 step=114500  E=7.428262889209e+02  Q=1.870000000000e+03  λ=6.968083e-01  dt=7.898e-04  relΔE=6.038e-08  ||F||=6.035e-03
 step=115000  E=7.427960378919e+02  Q=1.870000000000e+03  λ=6.968152e-01  dt=1.223e-03  relΔE=7.615e-08  ||F||=5.448e-03
 step=115500  E=7.427707355696e+02  Q=1.870000000000e+03  λ=6.968246e-01  dt=9.462e-04  relΔE=4.765e-08  ||F||=4.898e-03
 step=116000  E=7.427500794589e+02  Q=1.870000000000e+03  λ=6.968355e-01  dt=1.465e-03  relΔE=5.942e-08  ||F||=4.397e-03
 step=116500  E=7.427340449529e+02  Q=1.870000000000e+03  λ=6.968468e-01  dt=1.134e-03  relΔE=3.733e-08  ||F||=3.961e-03
 step=117000  E=7.427205969069e+02  Q=1.870000000000e+03  λ=6.968588e-01  dt=8.774e-04  relΔE=2.325e-08  ||F||=3.553e-03
 step=117500  E=7.427099296642e+02  Q=1.870000000000e+03  λ=6.968706e-01  dt=1.358e-03  relΔE=2.905e-08  ||F||=3.192e-03
 step=118000  E=7.427014120841e+02  Q=1.870000000000e+03  λ=6.968819e-01  dt=1.051e-03  relΔE=1.817e-08  ||F||=2.870e-03
 step=118500  E=7.426943212674e+02  Q=1.870000000000e+03  λ=6.968932e-01  dt=8.136e-04  relΔE=1.128e-08  ||F||=2.571e-03
 step=119000  E=7.426888339304e+02  Q=1.870000000000e+03  λ=6.969035e-01  dt=1.259e-03  relΔE=1.412e-08  ||F||=2.312e-03
 step=119500  E=7.426843499207e+02  Q=1.870000000000e+03  λ=6.969132e-01  dt=9.747e-04  relΔE=8.813e-09  ||F||=2.076e-03
 step=120000  E=7.426806297507e+02  Q=1.870000000000e+03  λ=6.969226e-01  dt=1.509e-03  relΔE=1.082e-08  ||F||=6.152e-03
 step=120500  E=7.426778110852e+02  Q=1.870000000000e+03  λ=6.969308e-01  dt=1.168e-03  relΔE=6.852e-09  ||F||=1.673e-03
 step=121000  E=7.426754345163e+02  Q=1.870000000000e+03  λ=6.969386e-01  dt=9.038e-04  relΔE=4.259e-09  ||F||=1.499e-03
 step=121500  E=7.426735356648e+02  Q=1.870000000000e+03  λ=6.969457e-01  dt=1.399e-03  relΔE=5.300e-09  ||F||=1.344e-03
 step=122000  E=7.426720438150e+02  Q=1.870000000000e+03  λ=6.969521e-01  dt=1.083e-03  relΔE=3.314e-09  ||F||=1.209e-03
 step=122500  E=7.426708010138e+02  Q=1.870000000000e+03  λ=6.969580e-01  dt=8.380e-04  relΔE=2.057e-09  ||F||=1.083e-03
 step=123000  E=7.426698277115e+02  Q=1.870000000000e+03  λ=6.969633e-01  dt=1.297e-03  relΔE=2.569e-09  ||F||=9.729e-04
 step=123500  E=7.426690422892e+02  Q=1.870000000000e+03  λ=6.969680e-01  dt=1.004e-03  relΔE=1.603e-09  ||F||=8.739e-04
 step=124000  E=7.426683890615e+02  Q=1.870000000000e+03  λ=6.969724e-01  dt=7.771e-04  relΔE=9.930e-10  ||F||=7.822e-04
 step=124500  E=7.426678916857e+02  Q=1.870000000000e+03  λ=6.969762e-01  dt=1.203e-03  relΔE=1.245e-09  ||F||=7.042e-04
 step=125000  E=7.426674768154e+02  Q=1.870000000000e+03  λ=6.969797e-01  dt=9.310e-04  relΔE=7.747e-10  ||F||=6.319e-04
 step=125500  E=7.426671407285e+02  Q=1.870000000000e+03  λ=6.969828e-01  dt=1.441e-03  relΔE=9.625e-10  ||F||=5.665e-04
 step=126000  E=7.426668803250e+02  Q=1.870000000000e+03  λ=6.969855e-01  dt=1.115e-03  relΔE=6.028e-10  ||F||=5.100e-04
 step=126500  E=7.426666628736e+02  Q=1.870000000000e+03  λ=6.969881e-01  dt=8.632e-04  relΔE=3.746e-10  ||F||=4.574e-04
 step=127000  E=7.426664904881e+02  Q=1.870000000000e+03  λ=6.969903e-01  dt=1.336e-03  relΔE=4.670e-10  ||F||=4.109e-04
 step=127500  E=7.426663532714e+02  Q=1.870000000000e+03  λ=6.969922e-01  dt=1.034e-03  relΔE=2.918e-10  ||F||=3.697e-04
 step=128000  E=7.426662390490e+02  Q=1.870000000000e+03  λ=6.969940e-01  dt=8.004e-04  relΔE=1.809e-10  ||F||=3.314e-04
 step=128500  E=7.426661509610e+02  Q=1.870000000000e+03  λ=6.969956e-01  dt=1.239e-03  relΔE=2.263e-10  ||F||=2.985e-04
 step=129000  E=7.426660787491e+02  Q=1.870000000000e+03  λ=6.969970e-01  dt=9.590e-04  relΔE=1.410e-10  ||F||=2.683e-04
 step=129500  E=7.426660190764e+02  Q=1.870000000000e+03  λ=6.969983e-01  dt=1.484e-03  relΔE=1.743e-10  ||F||=4.242e-04
 step=130000  E=7.426659738009e+02  Q=1.870000000000e+03  λ=6.969993e-01  dt=1.149e-03  relΔE=1.094e-10  ||F||=2.170e-04
 step=130500  E=7.426659358414e+02  Q=1.870000000000e+03  λ=6.970003e-01  dt=8.892e-04  relΔE=6.787e-11  ||F||=1.949e-04
 step=131000  E=7.426659055294e+02  Q=1.870000000000e+03  λ=6.970012e-01  dt=1.376e-03  relΔE=8.428e-11  ||F||=1.752e-04
 step=131500  E=7.426658817032e+02  Q=1.870000000000e+03  λ=6.970020e-01  dt=1.065e-03  relΔE=5.252e-11  ||F||=1.578e-04
 step=132000  E=7.426658619926e+02  Q=1.870000000000e+03  λ=6.970027e-01  dt=8.245e-04  relΔE=3.248e-11  ||F||=1.418e-04
 step=132500  E=7.426658465757e+02  Q=1.870000000000e+03  λ=6.970033e-01  dt=1.276e-03  relΔE=4.033e-11  ||F||=1.277e-04
 step=133000  E=7.426658342774e+02  Q=1.870000000000e+03  λ=6.970038e-01  dt=9.878e-04  relΔE=2.503e-11  ||F||=1.150e-04
 step=133500  E=7.426658240776e+02  Q=1.870000000000e+03  λ=6.970043e-01  dt=7.645e-04  relΔE=1.537e-11  ||F||=1.032e-04
 step=134000  E=7.426658164103e+02  Q=1.870000000000e+03  λ=6.970047e-01  dt=1.183e-03  relΔE=1.910e-11  ||F||=9.323e-05
 step=134500  E=7.426658100484e+02  Q=1.870000000000e+03  λ=6.970051e-01  dt=9.159e-04  relΔE=1.173e-11  ||F||=8.386e-05
 step=135000  E=7.426658049918e+02  Q=1.870000000000e+03  λ=6.970054e-01  dt=1.418e-03  relΔE=1.437e-11  ||F||=7.544e-05
 step=135500  E=7.426658011150e+02  Q=1.870000000000e+03  λ=6.970057e-01  dt=1.097e-03  relΔE=8.836e-12  ||F||=6.809e-05
 step=136000  E=7.426657979515e+02  Q=1.870000000000e+03  λ=6.970060e-01  dt=8.493e-04  relΔE=5.370e-12  ||F||=6.125e-05
 step=136500  E=7.426657955036e+02  Q=1.870000000000e+03  λ=6.970062e-01  dt=1.315e-03  relΔE=6.519e-12  ||F||=5.520e-05
 step=137000  E=7.426657936108e+02  Q=1.870000000000e+03  λ=6.970064e-01  dt=1.018e-03  relΔE=3.945e-12  ||F||=4.981e-05
 step=137500  E=7.426657920886e+02  Q=1.870000000000e+03  λ=6.970066e-01  dt=7.875e-04  relΔE=2.349e-12  ||F||=4.478e-05
 step=138000  E=7.426657909660e+02  Q=1.870000000000e+03  λ=6.970068e-01  dt=1.219e-03  relΔE=2.805e-12  ||F||=4.045e-05
 step=138500  E=7.426657900906e+02  Q=1.870000000000e+03  λ=6.970069e-01  dt=9.435e-04  relΔE=1.647e-12  ||F||=3.647e-05
 step=139000  E=7.426657894171e+02  Q=1.870000000000e+03  λ=6.970071e-01  dt=1.460e-03  relΔE=1.892e-12  ||F||=3.945e-05
 step=139500  E=7.426657889440e+02  Q=1.870000000000e+03  λ=6.970072e-01  dt=1.130e-03  relΔE=1.084e-12  ||F||=2.967e-05
 step=140000  E=7.426657885867e+02  Q=1.870000000000e+03  λ=6.970073e-01  dt=8.748e-04  relΔE=5.970e-13  ||F||=2.673e-05
 step=140500  E=7.426657883382e+02  Q=1.870000000000e+03  λ=6.970074e-01  dt=1.354e-03  relΔE=6.328e-13  ||F||=2.411e-05
 step=141000  E=7.426657881755e+02  Q=1.870000000000e+03  λ=6.970074e-01  dt=1.048e-03  relΔE=3.173e-13  ||F||=2.178e-05
 step=141500  E=7.426657880726e+02  Q=1.870000000000e+03  λ=6.970075e-01  dt=8.112e-04  relΔE=1.401e-13  ||F||=1.963e-05
 step=142000  E=7.426657880207e+02  Q=1.870000000000e+03  λ=6.970076e-01  dt=1.256e-03  relΔE=9.399e-14  ||F||=1.774e-05
 step=142500  E=7.426657880053e+02  Q=1.870000000000e+03  λ=6.970076e-01  dt=9.719e-04  relΔE=1.378e-15  ||F||=1.604e-05
  !! dt fell below dt_min: stiffness-limited termination.

Stationary candidate (aggressive): E=7.426657880053e+02, Q=1.870000000000e+03, maxρ=9.940919e-01

=== Stability test (damped inertial dynamics) ===
Perturb eps=0.02, gamma=1
t=0: E=8.344157439017e+02, Q=1.870000000000e+03, maxρ=1.027187e+00, σ=2.644389e+00, Rc=1.828003e+01
 step=     1  E=8.344152819420e+02  Q=1.870000000000e+03  λ=1.085035e+00  maxρ=1.027187e+00  minρ=1.415e-10  σ=2.644389e+00  Rc=1.828003e+01
 step=   300  E=8.154754115542e+02  Q=1.870000000000e+03  λ=9.815619e-01  maxρ=1.025272e+00  minρ=1.421e-10  σ=2.644386e+00  Rc=1.828003e+01
 step=   600  E=7.773975214240e+02  Q=1.870000000000e+03  λ=7.942858e-01  maxρ=1.020357e+00  minρ=1.434e-10  σ=2.644381e+00  Rc=1.828003e+01
 step=   900  E=7.551424141732e+02  Q=1.870000000000e+03  λ=7.348165e-01  maxρ=1.013087e+00  minρ=1.420e-10  σ=2.644380e+00  Rc=1.828003e+01
 step=  1200  E=7.636793493485e+02  Q=1.870000000000e+03  λ=8.430309e-01  maxρ=1.009937e+00  minρ=1.404e-10  σ=2.644382e+00  Rc=1.828003e+01
 step=  1500  E=7.865501039095e+02  Q=1.870000000000e+03  λ=9.601097e-01  maxρ=1.015044e+00  minρ=1.395e-10  σ=2.644383e+00  Rc=1.828002e+01
 step=  1800  E=7.982236169841e+02  Q=1.870000000000e+03  λ=9.457849e-01  maxρ=1.018290e+00  minρ=1.394e-10  σ=2.644381e+00  Rc=1.828002e+01
 step=  2100  E=7.913612588698e+02  Q=1.870000000000e+03  λ=8.437975e-01  maxρ=1.013103e+00  minρ=1.394e-10  σ=2.644378e+00  Rc=1.828003e+01
 step=  2400  E=7.792897473391e+02  Q=1.870000000000e+03  λ=7.968670e-01  maxρ=1.002778e+00  minρ=1.388e-10  σ=2.644378e+00  Rc=1.828003e+01
 step=  2700  E=7.762933318350e+02  Q=1.870000000000e+03  λ=8.521944e-01  maxρ=1.009490e+00  minρ=1.359e-10  σ=2.644381e+00  Rc=1.828002e+01
 step=  3000  E=7.820897743786e+02  Q=1.870000000000e+03  λ=9.184374e-01  maxρ=1.022170e+00  minρ=1.353e-10  σ=2.644382e+00  Rc=1.828002e+01
 step=  3300  E=7.864813805618e+02  Q=1.870000000000e+03  λ=9.056424e-01  maxρ=1.024793e+00  minρ=1.375e-10  σ=2.644378e+00  Rc=1.828003e+01
 step=  3600  E=7.838288737074e+02  Q=1.870000000000e+03  λ=8.403885e-01  maxρ=1.018129e+00  minρ=1.396e-10  σ=2.644374e+00  Rc=1.828003e+01
 step=  3900  E=7.783139568589e+02  Q=1.870000000000e+03  λ=8.116945e-01  maxρ=1.015856e+00  minρ=1.400e-10  σ=2.644374e+00  Rc=1.828002e+01
 step=  4200  E=7.763254609922e+02  Q=1.870000000000e+03  λ=8.451046e-01  maxρ=1.012321e+00  minρ=1.358e-10  σ=2.644377e+00  Rc=1.828002e+01
 step=  4500  E=7.783329978465e+02  Q=1.870000000000e+03  λ=8.809221e-01  maxρ=1.010708e+00  minρ=1.320e-10  σ=2.644378e+00  Rc=1.828001e+01
 step=  4800  E=7.800612141220e+02  Q=1.870000000000e+03  λ=8.679277e-01  maxρ=1.014404e+00  minρ=1.305e-10  σ=2.644375e+00  Rc=1.828002e+01
 step=  5100  E=7.790150466894e+02  Q=1.870000000000e+03  λ=8.295991e-01  maxρ=1.015327e+00  minρ=1.319e-10  σ=2.644370e+00  Rc=1.828002e+01
 step=  5400  E=7.769065567841e+02  Q=1.870000000000e+03  λ=8.195219e-01  maxρ=1.014123e+00  minρ=1.290e-10  σ=2.644368e+00  Rc=1.828001e+01
 step=  5700  E=7.761415294082e+02  Q=1.870000000000e+03  λ=8.441049e-01  maxρ=1.010650e+00  minρ=1.254e-10  σ=2.644369e+00  Rc=1.828001e+01
 step=  6000  E=7.765236534366e+02  Q=1.870000000000e+03  λ=8.618507e-01  maxρ=1.008723e+00  minρ=1.249e-10  σ=2.644370e+00  Rc=1.828001e+01
 >>> No runaway detected in this horizon. Likely stable (within this model & box).

STABILITY: PASS
