
=== Aggressive relaxation to Q = 1136 ===
Initial: E=1.499712637481e+03, Q=1.136000000000e+03, dt=1.000e-04
 step=     1  E=1.499674386518e+03  Q=1.136000000000e+03  λ=2.643106e+00  dt=1.000e-04  relΔE=2.551e-05  ||F||=5.806e-01
 step=   500  E=1.454557299868e+03  Q=1.136000000000e+03  λ=2.542979e+00  dt=6.192e-04  relΔE=1.135e-04  ||F||=5.311e-01
 step=  1000  E=1.336205597776e+03  Q=1.136000000000e+03  λ=2.297349e+00  dt=9.584e-04  relΔE=1.341e-04  ||F||=4.445e-01
 step=  1500  E=1.242706639699e+03  Q=1.136000000000e+03  λ=2.114246e+00  dt=7.418e-04  relΔE=8.825e-05  ||F||=3.955e-01
 step=  2000  E=1.173044473462e+03  Q=1.136000000000e+03  λ=1.982016e+00  dt=1.148e-03  relΔE=1.122e-04  ||F||=3.480e-01
 step=  2500  E=1.114917895514e+03  Q=1.136000000000e+03  λ=1.873614e+00  dt=8.887e-04  relΔE=7.479e-05  ||F||=3.149e-01
 step=  3000  E=1.066254901015e+03  Q=1.136000000000e+03  λ=1.784258e+00  dt=1.376e-03  relΔE=1.003e-04  ||F||=3.445e-01
 step=  3500  E=1.027044907104e+03  Q=1.136000000000e+03  λ=1.712909e+00  dt=1.065e-03  relΔE=6.878e-05  ||F||=2.648e-01
 step=  4000  E=9.924478412123e+02  Q=1.136000000000e+03  λ=1.650542e+00  dt=8.241e-04  relΔE=4.726e-05  ||F||=2.452e-01
 step=  4500  E=9.627233318287e+02  Q=1.136000000000e+03  λ=1.597437e+00  dt=1.276e-03  relΔE=6.529e-05  ||F||=2.282e-01
 step=  5000  E=9.373811980018e+02  Q=1.136000000000e+03  λ=1.552402e+00  dt=9.873e-04  relΔE=4.557e-05  ||F||=2.138e-01
 step=  5500  E=9.141864963932e+02  Q=1.136000000000e+03  λ=1.511443e+00  dt=7.641e-04  relΔE=3.239e-05  ||F||=2.024e-01
 step=  6000  E=8.943800319571e+02  Q=1.136000000000e+03  λ=1.476699e+00  dt=1.183e-03  relΔE=4.510e-05  ||F||=1.898e-01
 step=  6500  E=8.763467682738e+02  Q=1.136000000000e+03  λ=1.445192e+00  dt=9.154e-04  relΔE=3.208e-05  ||F||=1.801e-01
 step=  7000  E=8.595817848762e+02  Q=1.136000000000e+03  λ=1.416387e+00  dt=1.417e-03  relΔE=3.707e-05  ||F||=8.508e-01
 step=  7500  E=8.451248359919e+02  Q=1.136000000000e+03  λ=1.391083e+00  dt=1.097e-03  relΔE=3.320e-05  ||F||=1.644e-01
 step=  8000  E=8.312716858333e+02  Q=1.136000000000e+03  λ=1.367241e+00  dt=8.488e-04  relΔE=2.420e-05  ||F||=1.582e-01
 step=  8500  E=8.183508057979e+02  Q=1.136000000000e+03  λ=1.345136e+00  dt=1.314e-03  relΔE=3.559e-05  ||F||=1.533e-01
 step=  9000  E=8.065295661692e+02  Q=1.136000000000e+03  λ=1.324970e+00  dt=1.017e-03  relΔE=2.649e-05  ||F||=1.490e-01
 step=  9500  E=7.948934968617e+02  Q=1.136000000000e+03  λ=1.305193e+00  dt=7.871e-04  relΔE=2.000e-05  ||F||=1.461e-01
 step= 10000  E=7.839328776736e+02  Q=1.136000000000e+03  λ=1.286629e+00  dt=1.218e-03  relΔE=3.023e-05  ||F||=1.434e-01
 step= 10500  E=7.732909002566e+02  Q=1.136000000000e+03  λ=1.268595e+00  dt=9.430e-04  relΔE=2.320e-05  ||F||=1.418e-01
 step= 11000  E=7.624533406014e+02  Q=1.136000000000e+03  λ=1.250209e+00  dt=7.298e-04  relΔE=1.930e-05  ||F||=1.462e-01
 step= 11500  E=7.523015869685e+02  Q=1.136000000000e+03  λ=1.232941e+00  dt=1.130e-03  relΔE=2.798e-05  ||F||=1.403e-01
 step= 12000  E=7.418370092178e+02  Q=1.136000000000e+03  λ=1.215017e+00  dt=8.744e-04  relΔE=2.191e-05  ||F||=1.401e-01
 step= 12500  E=7.313143682184e+02  Q=1.136000000000e+03  λ=1.196871e+00  dt=1.353e-03  relΔE=3.431e-05  ||F||=1.445e-01
 step= 13000  E=7.211998376616e+02  Q=1.136000000000e+03  λ=1.179232e+00  dt=1.048e-03  relΔE=2.680e-05  ||F||=1.396e-01
 step= 13500  E=7.108429843727e+02  Q=1.136000000000e+03  λ=1.160976e+00  dt=8.108e-04  relΔE=2.082e-05  ||F||=1.389e-01
 step= 14000  E=7.007704023926e+02  Q=1.136000000000e+03  λ=1.143035e+00  dt=1.255e-03  relΔE=3.178e-05  ||F||=1.369e-01
 step= 14500  E=6.911997993633e+02  Q=1.136000000000e+03  λ=1.125769e+00  dt=9.713e-04  relΔE=2.389e-05  ||F||=1.340e-01
 step= 15000  E=6.817814158953e+02  Q=1.136000000000e+03  λ=1.108591e+00  dt=7.518e-04  relΔE=1.788e-05  ||F||=1.309e-01
 step= 15500  E=6.734326741041e+02  Q=1.136000000000e+03  λ=1.093224e+00  dt=1.164e-03  relΔE=2.515e-05  ||F||=1.240e-01
 step= 16000  E=6.657386779670e+02  Q=1.136000000000e+03  λ=1.078915e+00  dt=9.007e-04  relΔE=1.751e-05  ||F||=1.169e-01
 step= 16500  E=6.588588125234e+02  Q=1.136000000000e+03  λ=1.066040e+00  dt=1.394e-03  relΔE=2.319e-05  ||F||=1.950e-01
 step= 17000  E=6.532763279526e+02  Q=1.136000000000e+03  λ=1.055479e+00  dt=1.079e-03  relΔE=1.554e-05  ||F||=9.970e-02
 step= 17500  E=6.484699415973e+02  Q=1.136000000000e+03  λ=1.046337e+00  dt=8.352e-04  relΔE=9.909e-06  ||F||=9.015e-02
 step= 18000  E=6.445932095354e+02  Q=1.136000000000e+03  λ=1.038925e+00  dt=1.293e-03  relΔE=1.229e-05  ||F||=8.048e-02
 step= 18500  E=6.416027099023e+02  Q=1.136000000000e+03  λ=1.033164e+00  dt=1.001e-03  relΔE=7.491e-06  ||F||=7.123e-02
 step= 19000  E=6.392103204345e+02  Q=1.136000000000e+03  λ=1.028528e+00  dt=7.744e-04  relΔE=4.473e-06  ||F||=6.245e-02
 step= 19500  E=6.374488677045e+02  Q=1.136000000000e+03  λ=1.025095e+00  dt=1.199e-03  relΔE=5.195e-06  ||F||=5.402e-02
 step= 20000  E=6.361197081864e+02  Q=1.136000000000e+03  λ=1.022483e+00  dt=9.278e-04  relΔE=2.991e-06  ||F||=4.654e-02
 step= 20500  E=6.351120001999e+02  Q=1.136000000000e+03  λ=1.020496e+00  dt=7.181e-04  relΔE=2.739e-06  ||F||=1.442e-01
 step= 21000  E=6.344195916721e+02  Q=1.136000000000e+03  λ=1.019104e+00  dt=1.112e-03  relΔE=1.907e-06  ||F||=3.390e-02
 step= 21500  E=6.339037611191e+02  Q=1.136000000000e+03  λ=1.018061e+00  dt=7.169e-04  relΔE=8.861e-07  ||F||=2.876e-02
 step= 22000  E=6.335408311365e+02  Q=1.136000000000e+03  λ=1.017319e+00  dt=1.110e-03  relΔE=9.852e-07  ||F||=2.436e-02
 step= 22500  E=6.332728675762e+02  Q=1.136000000000e+03  λ=1.016762e+00  dt=8.589e-04  relΔE=5.391e-07  ||F||=2.048e-02
 step= 23000  E=6.330843041306e+02  Q=1.136000000000e+03  λ=1.016363e+00  dt=1.329e-03  relΔE=5.860e-07  ||F||=1.722e-02
 step= 23500  E=6.329581809111e+02  Q=1.136000000000e+03  λ=1.016090e+00  dt=8.575e-04  relΔE=2.698e-07  ||F||=1.449e-02
 step= 24000  E=6.328632643447e+02  Q=1.136000000000e+03  λ=1.015880e+00  dt=1.327e-03  relΔE=2.904e-07  ||F||=1.213e-02
 step= 24500  E=6.327993345408e+02  Q=1.136000000000e+03  λ=1.015734e+00  dt=1.027e-03  relΔE=1.579e-07  ||F||=1.012e-02
 step= 25000  E=6.327533148092e+02  Q=1.136000000000e+03  λ=1.015625e+00  dt=7.951e-04  relΔE=8.505e-08  ||F||=8.441e-03
 step= 25500  E=6.327217968964e+02  Q=1.136000000000e+03  λ=1.015547e+00  dt=1.231e-03  relΔE=9.133e-08  ||F||=7.028e-03
 step= 26000  E=6.327000495294e+02  Q=1.136000000000e+03  λ=1.015490e+00  dt=9.526e-04  relΔE=4.931e-08  ||F||=5.866e-03
 step= 26500  E=6.326844003781e+02  Q=1.136000000000e+03  λ=1.015447e+00  dt=7.373e-04  relΔE=2.744e-08  ||F||=4.975e-03
 step= 27000  E=6.326740977507e+02  Q=1.136000000000e+03  λ=1.015417e+00  dt=1.141e-03  relΔE=2.844e-08  ||F||=4.065e-03
 step= 27500  E=6.326666871818e+02  Q=1.136000000000e+03  λ=1.015393e+00  dt=8.833e-04  relΔE=1.525e-08  ||F||=3.380e-03
 step= 28000  E=6.326615109628e+02  Q=1.136000000000e+03  λ=1.015375e+00  dt=1.367e-03  relΔE=1.624e-08  ||F||=3.196e-03
 step= 28500  E=6.326580591968e+02  Q=1.136000000000e+03  λ=1.015362e+00  dt=1.058e-03  relΔE=8.827e-09  ||F||=2.343e-03
 step= 29000  E=6.326555693504e+02  Q=1.136000000000e+03  λ=1.015352e+00  dt=8.190e-04  relΔE=4.744e-09  ||F||=1.949e-03
 step= 29500  E=6.326538512492e+02  Q=1.136000000000e+03  λ=1.015343e+00  dt=1.268e-03  relΔE=5.097e-09  ||F||=1.621e-03
 step= 30000  E=6.326526762604e+02  Q=1.136000000000e+03  λ=1.015337e+00  dt=9.812e-04  relΔE=2.770e-09  ||F||=1.355e-03
 step= 30500  E=6.326518228265e+02  Q=1.136000000000e+03  λ=1.015332e+00  dt=7.594e-04  relΔE=1.509e-09  ||F||=1.133e-03
 step= 31000  E=6.326512481225e+02  Q=1.136000000000e+03  λ=1.015328e+00  dt=1.176e-03  relΔE=1.627e-09  ||F||=9.421e-04
 step= 31500  E=6.326508366160e+02  Q=1.136000000000e+03  λ=1.015325e+00  dt=9.098e-04  relΔE=8.880e-10  ||F||=7.874e-04
 step= 32000  E=6.326505389449e+02  Q=1.136000000000e+03  λ=1.015322e+00  dt=1.408e-03  relΔE=8.432e-10  ||F||=2.772e-03
 step= 32500  E=6.326503393654e+02  Q=1.136000000000e+03  λ=1.015320e+00  dt=1.090e-03  relΔE=5.361e-10  ||F||=5.523e-04
 step= 33000  E=6.326501907987e+02  Q=1.136000000000e+03  λ=1.015318e+00  dt=8.436e-04  relΔE=2.963e-10  ||F||=4.629e-04
 step= 33500  E=6.326500843930e+02  Q=1.136000000000e+03  λ=1.015316e+00  dt=1.306e-03  relΔE=3.295e-10  ||F||=3.889e-04
 step= 34000  E=6.326500093711e+02  Q=1.136000000000e+03  λ=1.015315e+00  dt=1.011e-03  relΔE=1.863e-10  ||F||=3.286e-04
 step= 34500  E=6.326499527154e+02  Q=1.136000000000e+03  λ=1.015314e+00  dt=7.823e-04  relΔE=1.056e-10  ||F||=2.776e-04
 step= 35000  E=6.326499120395e+02  Q=1.136000000000e+03  λ=1.015313e+00  dt=1.211e-03  relΔE=1.207e-10  ||F||=2.350e-04
 step= 35500  E=6.326498817141e+02  Q=1.136000000000e+03  λ=1.015312e+00  dt=9.372e-04  relΔE=7.003e-11  ||F||=2.000e-04
 step= 36000  E=6.326498581689e+02  Q=1.136000000000e+03  λ=1.015311e+00  dt=7.254e-04  relΔE=4.456e-11  ||F||=1.809e-04
 step= 36500  E=6.326498412529e+02  Q=1.136000000000e+03  λ=1.015311e+00  dt=1.123e-03  relΔE=4.851e-11  ||F||=1.460e-04
 step= 37000  E=6.326498277238e+02  Q=1.136000000000e+03  λ=1.015310e+00  dt=8.690e-04  relΔE=2.902e-11  ||F||=1.253e-04
 step= 37500  E=6.326498171577e+02  Q=1.136000000000e+03  λ=1.015310e+00  dt=1.345e-03  relΔE=3.505e-11  ||F||=1.101e-04
 step= 38000  E=6.326498090941e+02  Q=1.136000000000e+03  λ=1.015310e+00  dt=1.041e-03  relΔE=2.160e-11  ||F||=9.362e-05
 step= 38500  E=6.326498024675e+02  Q=1.136000000000e+03  λ=1.015309e+00  dt=8.058e-04  relΔE=1.340e-11  ||F||=8.144e-05
 step= 39000  E=6.326497971876e+02  Q=1.136000000000e+03  λ=1.015309e+00  dt=1.247e-03  relΔE=1.677e-11  ||F||=7.092e-05
 step= 39500  E=6.326497929427e+02  Q=1.136000000000e+03  λ=1.015309e+00  dt=9.654e-04  relΔE=1.065e-11  ||F||=6.224e-05
 step= 40000  E=6.326497893211e+02  Q=1.136000000000e+03  λ=1.015309e+00  dt=7.472e-04  relΔE=6.951e-12  ||F||=5.598e-05
 step= 40500  E=6.326497864499e+02  Q=1.136000000000e+03  λ=1.015308e+00  dt=1.157e-03  relΔE=8.780e-12  ||F||=4.827e-05
 step= 41000  E=6.326497839868e+02  Q=1.136000000000e+03  λ=1.015308e+00  dt=8.952e-04  relΔE=5.707e-12  ||F||=4.272e-05
 step= 41500  E=6.326497818728e+02  Q=1.136000000000e+03  λ=1.015308e+00  dt=1.386e-03  relΔE=7.362e-12  ||F||=8.400e-05
 step= 42000  E=6.326497801631e+02  Q=1.136000000000e+03  λ=1.015308e+00  dt=1.072e-03  relΔE=4.926e-12  ||F||=3.377e-05
 step= 42500  E=6.326497786484e+02  Q=1.136000000000e+03  λ=1.015308e+00  dt=8.300e-04  relΔE=3.264e-12  ||F||=3.017e-05
 step= 43000  E=6.326497773546e+02  Q=1.136000000000e+03  λ=1.015308e+00  dt=1.285e-03  relΔE=4.338e-12  ||F||=2.692e-05
 step= 43500  E=6.326497762624e+02  Q=1.136000000000e+03  λ=1.015308e+00  dt=9.944e-04  relΔE=2.910e-12  ||F||=2.415e-05
 step= 44000  E=6.326497753071e+02  Q=1.136000000000e+03  λ=1.015308e+00  dt=1.283e-03  relΔE=3.264e-12  ||F||=2.172e-05
 step= 44500  E=6.326497744824e+02  Q=1.136000000000e+03  λ=1.015308e+00  dt=9.928e-04  relΔE=2.206e-12  ||F||=1.954e-05
 step= 45000  E=6.326497737343e+02  Q=1.136000000000e+03  λ=1.015307e+00  dt=7.684e-04  relΔE=1.503e-12  ||F||=1.790e-05
 step= 45500  E=6.326497731015e+02  Q=1.136000000000e+03  λ=1.015307e+00  dt=1.189e-03  relΔE=2.024e-12  ||F||=1.583e-05
 step= 46000  E=6.326497725389e+02  Q=1.136000000000e+03  λ=1.015307e+00  dt=9.206e-04  relΔE=1.378e-12  ||F||=1.429e-05
 step= 46500  E=6.326497720295e+02  Q=1.136000000000e+03  λ=1.015307e+00  dt=1.425e-03  relΔE=9.851e-13  ||F||=2.242e-04
 step= 47000  E=6.326497716041e+02  Q=1.136000000000e+03  λ=1.015307e+00  dt=1.103e-03  relΔE=1.286e-12  ||F||=1.164e-05
 step= 47500  E=6.326497712132e+02  Q=1.136000000000e+03  λ=1.015307e+00  dt=8.536e-04  relΔE=8.809e-13  ||F||=1.052e-05
 step= 48000  E=6.326497708662e+02  Q=1.136000000000e+03  λ=1.015307e+00  dt=1.321e-03  relΔE=1.208e-12  ||F||=9.632e-06
 step= 48500  E=6.326497705670e+02  Q=1.136000000000e+03  λ=1.015307e+00  dt=1.023e-03  relΔE=8.324e-13  ||F||=8.600e-06
 step= 49000  E=6.326497702919e+02  Q=1.136000000000e+03  λ=1.015307e+00  dt=7.915e-04  relΔE=5.754e-13  ||F||=7.909e-06
 step= 49500  E=6.326497700513e+02  Q=1.136000000000e+03  λ=1.015307e+00  dt=1.225e-03  relΔE=7.905e-13  ||F||=7.034e-06
 step= 50000  E=6.326497698381e+02  Q=1.136000000000e+03  λ=1.015307e+00  dt=9.483e-04  relΔE=5.472e-13  ||F||=6.376e-06
 step= 50500  E=6.326497696404e+02  Q=1.136000000000e+03  λ=1.015307e+00  dt=7.339e-04  relΔE=3.993e-13  ||F||=7.308e-06
 step= 51000  E=6.326497694727e+02  Q=1.136000000000e+03  λ=1.015307e+00  dt=1.136e-03  relΔE=5.245e-13  ||F||=5.225e-06
 step= 51500  E=6.326497693175e+02  Q=1.136000000000e+03  λ=1.015307e+00  dt=8.793e-04  relΔE=3.632e-13  ||F||=4.745e-06
 step= 52000  E=6.326497691772e+02  Q=1.136000000000e+03  λ=1.015307e+00  dt=1.361e-03  relΔE=5.026e-13  ||F||=6.407e-06
 step= 52500  E=6.326497690558e+02  Q=1.136000000000e+03  λ=1.015307e+00  dt=1.053e-03  relΔE=3.511e-13  ||F||=3.884e-06
 step= 53000  E=6.326497689435e+02  Q=1.136000000000e+03  λ=1.015307e+00  dt=8.153e-04  relΔE=2.437e-13  ||F||=3.557e-06
 step= 53500  E=6.326497688430e+02  Q=1.136000000000e+03  λ=1.015307e+00  dt=1.262e-03  relΔE=3.393e-13  ||F||=3.186e-06
 step= 54000  E=6.326497687544e+02  Q=1.136000000000e+03  λ=1.015307e+00  dt=9.768e-04  relΔE=2.363e-13  ||F||=2.891e-06
 step= 54500  E=6.326497686716e+02  Q=1.136000000000e+03  λ=1.015307e+00  dt=7.560e-04  relΔE=1.680e-13  ||F||=3.144e-06
 step= 55000  E=6.326497686000e+02  Q=1.136000000000e+03  λ=1.015307e+00  dt=1.170e-03  relΔE=2.291e-13  ||F||=2.372e-06
 step= 55500  E=6.326497685342e+02  Q=1.136000000000e+03  λ=1.015307e+00  dt=9.057e-04  relΔE=1.607e-13  ||F||=2.156e-06
 step= 56000  E=6.326497684735e+02  Q=1.136000000000e+03  λ=1.015307e+00  dt=1.402e-03  relΔE=2.092e-13  ||F||=2.942e-05
 step= 56500  E=6.326497684216e+02  Q=1.136000000000e+03  λ=1.015307e+00  dt=1.085e-03  relΔE=1.563e-13  ||F||=1.766e-06
 step= 57000  E=6.326497683729e+02  Q=1.136000000000e+03  λ=1.015307e+00  dt=8.398e-04  relΔE=1.091e-13  ||F||=1.632e-06
 step= 57500  E=6.326497683290e+02  Q=1.136000000000e+03  λ=1.015307e+00  dt=1.300e-03  relΔE=1.517e-13  ||F||=1.475e-06
 step= 58000  E=6.326497682904e+02  Q=1.136000000000e+03  λ=1.015307e+00  dt=1.006e-03  relΔE=1.066e-13  ||F||=1.316e-06
 step= 58500  E=6.326497682543e+02  Q=1.136000000000e+03  λ=1.015307e+00  dt=7.787e-04  relΔE=7.529e-14  ||F||=1.333e-06
 step= 59000  E=6.326497682225e+02  Q=1.136000000000e+03  λ=1.015307e+00  dt=1.205e-03  relΔE=1.046e-13  ||F||=1.080e-06
 step= 59500  E=6.326497681936e+02  Q=1.136000000000e+03  λ=1.015307e+00  dt=9.330e-04  relΔE=7.224e-14  ||F||=9.829e-07
 step= 60000  E=6.326497681666e+02  Q=1.136000000000e+03  λ=1.015307e+00  dt=7.221e-04  relΔE=6.721e-14  ||F||=9.016e-06
 step= 60500  E=6.326497681436e+02  Q=1.136000000000e+03  λ=1.015307e+00  dt=1.118e-03  relΔE=7.116e-14  ||F||=8.047e-07
 step= 61000  E=6.326497681219e+02  Q=1.136000000000e+03  λ=1.015307e+00  dt=8.651e-04  relΔE=5.050e-14  ||F||=7.476e-07
 step= 61500  E=6.326497681023e+02  Q=1.136000000000e+03  λ=1.015307e+00  dt=1.339e-03  relΔE=6.990e-14  ||F||=9.880e-07
 step= 62000  E=6.326497680850e+02  Q=1.136000000000e+03  λ=1.015307e+00  dt=1.036e-03  relΔE=4.924e-14  ||F||=5.998e-07
 step= 62500  E=6.326497680690e+02  Q=1.136000000000e+03  λ=1.015307e+00  dt=8.022e-04  relΔE=3.432e-14  ||F||=6.247e-07
 step= 63000  E=6.326497680552e+02  Q=1.136000000000e+03  λ=1.015307e+00  dt=1.035e-03  relΔE=3.989e-14  ||F||=4.941e-07
 step= 63500  E=6.326497680419e+02  Q=1.136000000000e+03  λ=1.015307e+00  dt=8.009e-04  relΔE=2.875e-14  ||F||=5.422e-07
 step= 64000  E=6.326497680300e+02  Q=1.136000000000e+03  λ=1.015307e+00  dt=1.240e-03  relΔE=4.025e-14  ||F||=4.058e-07
 step= 64500  E=6.326497680195e+02  Q=1.136000000000e+03  λ=1.015307e+00  dt=9.595e-04  relΔE=2.821e-14  ||F||=3.690e-07
 step= 65000  E=6.326497680095e+02  Q=1.136000000000e+03  λ=1.015307e+00  dt=7.426e-04  relΔE=1.959e-14  ||F||=8.905e-07
 step= 65500  E=6.326497680009e+02  Q=1.136000000000e+03  λ=1.015307e+00  dt=1.149e-03  relΔE=2.731e-14  ||F||=3.022e-07
 step= 66000  E=6.326497679930e+02  Q=1.136000000000e+03  λ=1.015307e+00  dt=7.414e-04  relΔE=1.725e-14  ||F||=1.153e-06
 step= 66500  E=6.326497679860e+02  Q=1.136000000000e+03  λ=1.015307e+00  dt=1.148e-03  relΔE=2.246e-14  ||F||=2.490e-07
 step= 67000  E=6.326497679794e+02  Q=1.136000000000e+03  λ=1.015307e+00  dt=8.882e-04  relΔE=1.545e-14  ||F||=2.380e-07
 step= 67500  E=6.326497679733e+02  Q=1.136000000000e+03  λ=1.015307e+00  dt=1.375e-03  relΔE=2.174e-14  ||F||=2.642e-06
 step= 68000  E=6.326497679681e+02  Q=1.136000000000e+03  λ=1.015307e+00  dt=1.064e-03  relΔE=1.563e-14  ||F||=1.858e-07
 step= 68500  E=6.326497679632e+02  Q=1.136000000000e+03  λ=1.015307e+00  dt=8.236e-04  relΔE=1.114e-14  ||F||=1.968e-07
 step= 69000  E=6.326497679587e+02  Q=1.136000000000e+03  λ=1.015307e+00  dt=1.275e-03  relΔE=1.456e-14  ||F||=1.570e-07
 step= 69500  E=6.326497679548e+02  Q=1.136000000000e+03  λ=1.015307e+00  dt=9.867e-04  relΔE=1.042e-14  ||F||=1.393e-07
 step= 70000  E=6.326497679511e+02  Q=1.136000000000e+03  λ=1.015307e+00  dt=7.637e-04  relΔE=7.368e-15  ||F||=3.560e-07
 step= 70500  E=6.326497679479e+02  Q=1.136000000000e+03  λ=1.015307e+00  dt=1.182e-03  relΔE=1.006e-14  ||F||=1.135e-07
 step= 71000  E=6.326497679449e+02  Q=1.136000000000e+03  λ=1.015307e+00  dt=9.149e-04  relΔE=6.829e-15  ||F||=1.082e-07
 step= 71500  E=6.326497679421e+02  Q=1.136000000000e+03  λ=1.015307e+00  dt=1.416e-03  relΔE=8.086e-15  ||F||=1.187e-05
 step= 72000  E=6.326497679398e+02  Q=1.136000000000e+03  λ=1.015307e+00  dt=1.096e-03  relΔE=7.727e-15  ||F||=8.471e-08
 step= 72500  E=6.326497679375e+02  Q=1.136000000000e+03  λ=1.015307e+00  dt=8.484e-04  relΔE=5.032e-15  ||F||=1.053e-07
 step= 73000  E=6.326497679355e+02  Q=1.136000000000e+03  λ=1.015307e+00  dt=1.313e-03  relΔE=7.008e-15  ||F||=1.157e-07
 step= 73500  E=6.326497679337e+02  Q=1.136000000000e+03  λ=1.015307e+00  dt=1.016e-03  relΔE=4.672e-15  ||F||=6.375e-08
 step= 74000  E=6.326497679320e+02  Q=1.136000000000e+03  λ=1.015307e+00  dt=7.867e-04  relΔE=3.235e-15  ||F||=1.266e-07
 step= 74500  E=6.326497679306e+02  Q=1.136000000000e+03  λ=1.015307e+00  dt=1.218e-03  relΔE=4.672e-15  ||F||=5.183e-08
 Converged (aggressive): step=74820, E=6.326497679297e+02, Q=1.136000000000e+03, dt=9.090e-04, ||F||=4.991e-08

Stationary candidate (aggressive): E=6.326497679297e+02, Q=1.136000000000e+03, maxρ=8.736889e-01

=== Stability test (damped inertial dynamics) ===
Perturb eps=0.02, gamma=1
t=0: E=6.880370646406e+02, Q=1.136000000000e+03, maxρ=9.016723e-01, σ=2.520589e+00, Rc=1.860339e+01
 step=     1  E=6.880367864803e+02  Q=1.136000000000e+03  λ=1.401103e+00  maxρ=9.016723e-01  minρ=1.000e-15  σ=2.520589e+00  Rc=1.860339e+01
 step=   300  E=6.766308839289e+02  Q=1.136000000000e+03  λ=1.298423e+00  maxρ=9.001423e-01  minρ=1.000e-15  σ=2.520586e+00  Rc=1.860339e+01
 step=   600  E=6.536841014470e+02  Q=1.136000000000e+03  λ=1.112419e+00  maxρ=8.958288e-01  minρ=1.000e-15  σ=2.520580e+00  Rc=1.860340e+01
 step=   900  E=6.402335655641e+02  Q=1.136000000000e+03  λ=1.052964e+00  maxρ=8.894489e-01  minρ=1.000e-15  σ=2.520579e+00  Rc=1.860340e+01
 step=  1200  E=6.453163600531e+02  Q=1.136000000000e+03  λ=1.160007e+00  maxρ=8.865255e-01  minρ=1.000e-15  σ=2.520581e+00  Rc=1.860339e+01
 step=  1500  E=6.590649091449e+02  Q=1.136000000000e+03  λ=1.276406e+00  maxρ=8.916656e-01  minρ=1.000e-15  σ=2.520583e+00  Rc=1.860339e+01
 step=  1800  E=6.661142250715e+02  Q=1.136000000000e+03  λ=1.262757e+00  maxρ=8.945191e-01  minρ=1.000e-15  σ=2.520580e+00  Rc=1.860339e+01
 step=  2100  E=6.620100342740e+02  Q=1.136000000000e+03  λ=1.161717e+00  maxρ=8.899649e-01  minρ=1.000e-15  σ=2.520577e+00  Rc=1.860339e+01
 step=  2400  E=6.547493891889e+02  Q=1.136000000000e+03  λ=1.114641e+00  maxρ=8.811414e-01  minρ=1.000e-15  σ=2.520577e+00  Rc=1.860339e+01
 step=  2700  E=6.529518618416e+02  Q=1.136000000000e+03  λ=1.169057e+00  maxρ=8.843273e-01  minρ=1.000e-15  σ=2.520580e+00  Rc=1.860339e+01
 step=  3000  E=6.564776991163e+02  Q=1.136000000000e+03  λ=1.235101e+00  maxρ=8.954324e-01  minρ=1.000e-15  σ=2.520581e+00  Rc=1.860339e+01
 step=  3300  E=6.591691134700e+02  Q=1.136000000000e+03  λ=1.223248e+00  maxρ=8.977275e-01  minρ=1.000e-15  σ=2.520577e+00  Rc=1.860339e+01
 step=  3600  E=6.575723582285e+02  Q=1.136000000000e+03  λ=1.158811e+00  maxρ=8.928059e-01  minρ=1.000e-15  σ=2.520573e+00  Rc=1.860339e+01
 step=  3900  E=6.541820576300e+02  Q=1.136000000000e+03  λ=1.129638e+00  maxρ=8.928107e-01  minρ=1.000e-15  σ=2.520573e+00  Rc=1.860338e+01
 step=  4200  E=6.529017356659e+02  Q=1.136000000000e+03  λ=1.161858e+00  maxρ=8.897082e-01  minρ=1.000e-15  σ=2.520576e+00  Rc=1.860338e+01
 step=  4500  E=6.540957901115e+02  Q=1.136000000000e+03  λ=1.197321e+00  maxρ=8.873725e-01  minρ=1.000e-15  σ=2.520577e+00  Rc=1.860338e+01
 step=  4800  E=6.552013910394e+02  Q=1.136000000000e+03  λ=1.185224e+00  maxρ=8.911023e-01  minρ=1.000e-15  σ=2.520573e+00  Rc=1.860338e+01
 step=  5100  E=6.546401228270e+02  Q=1.136000000000e+03  λ=1.147841e+00  maxρ=8.922432e-01  minρ=1.000e-15  σ=2.520568e+00  Rc=1.860338e+01
 step=  5400  E=6.533650277019e+02  Q=1.136000000000e+03  λ=1.137599e+00  maxρ=8.911937e-01  minρ=1.000e-15  σ=2.520567e+00  Rc=1.860337e+01
 step=  5700  E=6.528332757259e+02  Q=1.136000000000e+03  λ=1.161261e+00  maxρ=8.881528e-01  minρ=1.000e-15  σ=2.520568e+00  Rc=1.860337e+01
 step=  6000  E=6.530097061587e+02  Q=1.136000000000e+03  λ=1.178572e+00  maxρ=8.855957e-01  minρ=1.000e-15  σ=2.520569e+00  Rc=1.860336e+01
 >>> No runaway detected in this horizon. Likely stable (within this model & box).

STABILITY: PASS
