
=== Aggressive relaxation to Q = 476 ===
Initial: E=6.398455412117e+02, Q=4.760000000000e+02, dt=1.000e-04
 step=     1  E=6.398331890725e+02  Q=4.760000000000e+02  λ=2.599140e+00  dt=1.000e-04  relΔE=1.930e-05  ||F||=5.097e-01
 step=   500  E=6.245579203699e+02  Q=4.760000000000e+02  λ=2.532224e+00  dt=6.192e-04  relΔE=9.297e-05  ||F||=4.865e-01
 step=  1000  E=5.804488980149e+02  Q=4.760000000000e+02  λ=2.342001e+00  dt=9.584e-04  relΔE=1.200e-04  ||F||=4.282e-01
 step=  1500  E=5.448486304800e+02  Q=4.760000000000e+02  λ=2.191264e+00  dt=1.236e-03  relΔE=1.330e-04  ||F||=3.845e-01
 step=  2000  E=5.153488177570e+02  Q=4.760000000000e+02  λ=2.067714e+00  dt=9.569e-04  relΔE=8.958e-05  ||F||=3.488e-01
 step=  2500  E=4.901422073613e+02  Q=4.760000000000e+02  λ=1.963098e+00  dt=7.406e-04  relΔE=6.258e-05  ||F||=3.233e-01
 step=  3000  E=4.699587408710e+02  Q=4.760000000000e+02  λ=1.879985e+00  dt=1.146e-03  relΔE=8.335e-05  ||F||=2.935e-01
 step=  3500  E=4.522274448045e+02  Q=4.760000000000e+02  λ=1.807293e+00  dt=8.873e-04  relΔE=5.746e-05  ||F||=2.718e-01
 step=  4000  E=4.367493544534e+02  Q=4.760000000000e+02  λ=1.744244e+00  dt=1.373e-03  relΔE=7.931e-05  ||F||=3.002e-01
 step=  4500  E=4.238266396294e+02  Q=4.760000000000e+02  λ=1.691736e+00  dt=1.063e-03  relΔE=5.562e-05  ||F||=2.365e-01
 step=  5000  E=4.121186469099e+02  Q=4.760000000000e+02  λ=1.644370e+00  dt=8.227e-04  relΔE=3.905e-05  ||F||=2.221e-01
 step=  5500  E=4.017752341588e+02  Q=4.760000000000e+02  λ=1.602729e+00  dt=1.274e-03  relΔE=5.505e-05  ||F||=2.093e-01
 step=  6000  E=3.927396496017e+02  Q=4.760000000000e+02  λ=1.566432e+00  dt=9.857e-04  relΔE=3.920e-05  ||F||=1.984e-01
 step=  6500  E=3.842777172543e+02  Q=4.760000000000e+02  λ=1.532567e+00  dt=7.629e-04  relΔE=2.837e-05  ||F||=1.899e-01
 step=  7000  E=3.768451032788e+02  Q=4.760000000000e+02  λ=1.502960e+00  dt=1.181e-03  relΔE=4.059e-05  ||F||=1.807e-01
 step=  7500  E=3.699126005182e+02  Q=4.760000000000e+02  λ=1.475412e+00  dt=9.140e-04  relΔE=2.964e-05  ||F||=1.739e-01
 step=  8000  E=3.632644463259e+02  Q=4.760000000000e+02  λ=1.449468e+00  dt=1.415e-03  relΔE=3.383e-05  ||F||=9.064e-01
 step=  8500  E=3.573440833201e+02  Q=4.760000000000e+02  λ=1.425760e+00  dt=1.095e-03  relΔE=3.261e-05  ||F||=1.638e-01
 step=  9000  E=3.514856305725e+02  Q=4.760000000000e+02  λ=1.402701e+00  dt=8.475e-04  relΔE=2.458e-05  ||F||=1.603e-01
 step=  9500  E=3.458491916929e+02  Q=4.760000000000e+02  λ=1.380568e+00  dt=1.312e-03  relΔE=3.731e-05  ||F||=1.577e-01
 step= 10000  E=3.405315280532e+02  Q=4.760000000000e+02  λ=1.359641e+00  dt=1.015e-03  relΔE=2.855e-05  ||F||=1.554e-01
 step= 10500  E=3.351721841341e+02  Q=4.760000000000e+02  λ=1.338484e+00  dt=7.858e-04  relΔE=2.200e-05  ||F||=1.538e-01
 step= 11000  E=3.300470061918e+02  Q=4.760000000000e+02  λ=1.318150e+00  dt=1.216e-03  relΔE=3.365e-05  ||F||=1.517e-01
 step= 11500  E=3.250566992394e+02  Q=4.760000000000e+02  λ=1.298146e+00  dt=9.414e-04  relΔE=2.576e-05  ||F||=1.497e-01
 step= 12000  E=3.200313064319e+02  Q=4.760000000000e+02  λ=1.277767e+00  dt=7.286e-04  relΔE=2.196e-05  ||F||=1.566e-01
 step= 12500  E=3.154682568141e+02  Q=4.760000000000e+02  λ=1.259007e+00  dt=1.128e-03  relΔE=2.937e-05  ||F||=1.439e-01
 step= 13000  E=3.109801006502e+02  Q=4.760000000000e+02  λ=1.240234e+00  dt=8.730e-04  relΔE=2.171e-05  ||F||=1.396e-01
 step= 13500  E=3.067707997900e+02  Q=4.760000000000e+02  λ=1.222325e+00  dt=1.351e-03  relΔE=3.142e-05  ||F||=1.368e-01
 step= 14000  E=3.030461836179e+02  Q=4.760000000000e+02  λ=1.206145e+00  dt=1.046e-03  relΔE=2.233e-05  ||F||=1.277e-01
 step= 14500  E=2.996090806717e+02  Q=4.760000000000e+02  λ=1.190908e+00  dt=8.095e-04  relΔE=1.548e-05  ||F||=1.202e-01
 step= 15000  E=2.966211493929e+02  Q=4.760000000000e+02  λ=1.177388e+00  dt=1.253e-03  relΔE=2.090e-05  ||F||=1.117e-01
 step= 15500  E=2.941123231899e+02  Q=4.760000000000e+02  λ=1.165762e+00  dt=9.698e-04  relΔE=1.383e-05  ||F||=1.028e-01
 step= 16000  E=2.919276806591e+02  Q=4.760000000000e+02  λ=1.155393e+00  dt=7.506e-04  relΔE=9.136e-06  ||F||=9.468e-02
 step= 16500  E=2.902191135880e+02  Q=4.760000000000e+02  λ=1.147083e+00  dt=1.162e-03  relΔE=1.125e-05  ||F||=8.418e-02
 step= 17000  E=2.888129223921e+02  Q=4.760000000000e+02  λ=1.140044e+00  dt=8.992e-04  relΔE=6.962e-06  ||F||=7.508e-02
 step= 17500  E=2.876830633499e+02  Q=4.760000000000e+02  λ=1.134223e+00  dt=1.392e-03  relΔE=8.257e-06  ||F||=1.249e-01
 step= 18000  E=2.868477660293e+02  Q=4.760000000000e+02  λ=1.129757e+00  dt=1.077e-03  relΔE=5.071e-06  ||F||=5.834e-02
 step= 18500  E=2.861828761843e+02  Q=4.760000000000e+02  λ=1.126072e+00  dt=8.338e-04  relΔE=2.991e-06  ||F||=5.087e-02
 step= 19000  E=2.856808429606e+02  Q=4.760000000000e+02  λ=1.123172e+00  dt=1.291e-03  relΔE=3.483e-06  ||F||=4.409e-02
 step= 19500  E=2.853134414929e+02  Q=4.760000000000e+02  λ=1.120943e+00  dt=9.989e-04  relΔE=2.025e-06  ||F||=3.818e-02
 step= 20000  E=2.850299591571e+02  Q=4.760000000000e+02  λ=1.119128e+00  dt=7.731e-04  relΔE=1.165e-06  ||F||=3.290e-02
 step= 20500  E=2.848271126219e+02  Q=4.760000000000e+02  λ=1.117749e+00  dt=1.197e-03  relΔE=1.323e-06  ||F||=2.817e-02
 step= 21000  E=2.846765601975e+02  Q=4.760000000000e+02  λ=1.116653e+00  dt=9.263e-04  relΔE=7.521e-07  ||F||=2.413e-02
 step= 21500  E=2.845632126935e+02  Q=4.760000000000e+02  λ=1.115764e+00  dt=7.169e-04  relΔE=6.872e-07  ||F||=7.447e-02
 step= 22000  E=2.844852109558e+02  Q=4.760000000000e+02  λ=1.115096e+00  dt=1.110e-03  relΔE=4.800e-07  ||F||=1.760e-02
 step= 22500  E=2.844265697199e+02  Q=4.760000000000e+02  λ=1.114548e+00  dt=7.157e-04  relΔE=2.259e-07  ||F||=1.503e-02
 step= 23000  E=2.843846466307e+02  Q=4.760000000000e+02  λ=1.114115e+00  dt=1.108e-03  relΔE=2.559e-07  ||F||=1.285e-02
 step= 23500  E=2.843529795575e+02  Q=4.760000000000e+02  λ=1.113751e+00  dt=8.575e-04  relΔE=1.438e-07  ||F||=1.095e-02
 step= 24000  E=2.843300240475e+02  Q=4.760000000000e+02  λ=1.113455e+00  dt=1.327e-03  relΔE=1.615e-07  ||F||=9.360e-03
 step= 24500  E=2.843137159448e+02  Q=4.760000000000e+02  λ=1.113217e+00  dt=1.027e-03  relΔE=9.183e-08  ||F||=7.987e-03
 step= 25000  E=2.843014034793e+02  Q=4.760000000000e+02  λ=1.113014e+00  dt=7.951e-04  relΔE=5.204e-08  ||F||=6.832e-03
 step= 25500  E=2.842925027221e+02  Q=4.760000000000e+02  λ=1.112846e+00  dt=1.231e-03  relΔE=5.918e-08  ||F||=5.852e-03
 step= 26000  E=2.842859838919e+02  Q=4.760000000000e+02  λ=1.112706e+00  dt=9.526e-04  relΔE=3.402e-08  ||F||=5.040e-03
 step= 26500  E=2.842809621356e+02  Q=4.760000000000e+02  λ=1.112582e+00  dt=7.373e-04  relΔE=2.077e-08  ||F||=4.478e-03
 step= 27000  E=2.842774034258e+02  Q=4.760000000000e+02  λ=1.112482e+00  dt=1.141e-03  relΔE=2.277e-08  ||F||=3.761e-03
 step= 27500  E=2.842746301484e+02  Q=4.760000000000e+02  λ=1.112393e+00  dt=8.833e-04  relΔE=1.332e-08  ||F||=3.267e-03
 step= 28000  E=2.842725034959e+02  Q=4.760000000000e+02  λ=1.112315e+00  dt=1.367e-03  relΔE=1.565e-08  ||F||=3.177e-03
 step= 28500  E=2.842709350878e+02  Q=4.760000000000e+02  λ=1.112249e+00  dt=1.058e-03  relΔE=9.408e-09  ||F||=2.502e-03
 step= 29000  E=2.842696784985e+02  Q=4.760000000000e+02  λ=1.112190e+00  dt=8.190e-04  relΔE=5.666e-09  ||F||=2.204e-03
 step= 29500  E=2.842687008590e+02  Q=4.760000000000e+02  λ=1.112139e+00  dt=1.268e-03  relΔE=6.886e-09  ||F||=1.950e-03
 step= 30000  E=2.842679423440e+02  Q=4.760000000000e+02  λ=1.112094e+00  dt=9.812e-04  relΔE=4.251e-09  ||F||=1.739e-03
 step= 30500  E=2.842673137199e+02  Q=4.760000000000e+02  λ=1.112053e+00  dt=7.594e-04  relΔE=2.660e-09  ||F||=1.561e-03
 step= 31000  E=2.842668261638e+02  Q=4.760000000000e+02  λ=1.112018e+00  dt=1.176e-03  relΔE=3.309e-09  ||F||=1.397e-03
 step= 31500  E=2.842664221679e+02  Q=4.760000000000e+02  λ=1.111986e+00  dt=9.098e-04  relΔE=2.094e-09  ||F||=1.261e-03
 step= 32000  E=2.842660826502e+02  Q=4.760000000000e+02  λ=1.111957e+00  dt=1.408e-03  relΔE=2.473e-09  ||F||=3.648e-03
 step= 32500  E=2.842658166377e+02  Q=4.760000000000e+02  λ=1.111932e+00  dt=1.090e-03  relΔE=1.717e-09  ||F||=1.039e-03
 step= 33000  E=2.842655861459e+02  Q=4.760000000000e+02  λ=1.111909e+00  dt=8.436e-04  relΔE=1.110e-09  ||F||=9.475e-04
 step= 33500  E=2.842653932177e+02  Q=4.760000000000e+02  λ=1.111888e+00  dt=1.306e-03  relΔE=1.441e-09  ||F||=8.665e-04
 step= 34000  E=2.842652348486e+02  Q=4.760000000000e+02  λ=1.111870e+00  dt=1.011e-03  relΔE=9.451e-10  ||F||=7.954e-04
 step= 34500  E=2.842650959154e+02  Q=4.760000000000e+02  λ=1.111852e+00  dt=7.823e-04  relΔE=6.230e-10  ||F||=7.326e-04
 step= 35000  E=2.842649807976e+02  Q=4.760000000000e+02  λ=1.111837e+00  dt=1.211e-03  relΔE=8.170e-10  ||F||=6.725e-04
 step= 35500  E=2.842648825712e+02  Q=4.760000000000e+02  λ=1.111823e+00  dt=9.372e-04  relΔE=5.411e-10  ||F||=6.206e-04
 step= 36000  E=2.842647954399e+02  Q=4.760000000000e+02  λ=1.111810e+00  dt=7.254e-04  relΔE=4.000e-10  ||F||=6.124e-04
 step= 36500  E=2.842647248550e+02  Q=4.760000000000e+02  λ=1.111799e+00  dt=1.123e-03  relΔE=4.770e-10  ||F||=5.295e-04
 step= 37000  E=2.842646618522e+02  Q=4.760000000000e+02  λ=1.111788e+00  dt=8.690e-04  relΔE=3.176e-10  ||F||=4.897e-04
 step= 37500  E=2.842646073431e+02  Q=4.760000000000e+02  λ=1.111778e+00  dt=1.345e-03  relΔE=4.228e-10  ||F||=4.593e-04
 step= 38000  E=2.842645617814e+02  Q=4.760000000000e+02  λ=1.111770e+00  dt=1.041e-03  relΔE=2.834e-10  ||F||=4.199e-04
 step= 38500  E=2.842645211953e+02  Q=4.760000000000e+02  λ=1.111762e+00  dt=8.058e-04  relΔE=1.898e-10  ||F||=3.894e-04
 step= 39000  E=2.842644864122e+02  Q=4.760000000000e+02  λ=1.111754e+00  dt=1.247e-03  relΔE=2.538e-10  ||F||=3.605e-04
 step= 39500  E=2.842644567524e+02  Q=4.760000000000e+02  λ=1.111747e+00  dt=9.654e-04  relΔE=1.706e-10  ||F||=3.347e-04
 step= 40000  E=2.842644299892e+02  Q=4.760000000000e+02  λ=1.111741e+00  dt=7.472e-04  relΔE=1.174e-10  ||F||=3.149e-04
 step= 40500  E=2.842644078161e+02  Q=4.760000000000e+02  λ=1.111735e+00  dt=1.157e-03  relΔE=1.540e-10  ||F||=2.880e-04
 step= 41000  E=2.842643880681e+02  Q=4.760000000000e+02  λ=1.111730e+00  dt=8.952e-04  relΔE=1.036e-10  ||F||=2.672e-04
 step= 41500  E=2.842643705745e+02  Q=4.760000000000e+02  λ=1.111725e+00  dt=1.386e-03  relΔE=1.374e-10  ||F||=4.299e-04
 step= 42000  E=2.842643563592e+02  Q=4.760000000000e+02  λ=1.111720e+00  dt=8.937e-04  relΔE=7.867e-11  ||F||=2.307e-04
 step= 42500  E=2.842643430813e+02  Q=4.760000000000e+02  λ=1.111716e+00  dt=1.383e-03  relΔE=1.050e-10  ||F||=3.210e-04
 step= 43000  E=2.842643322404e+02  Q=4.760000000000e+02  λ=1.111713e+00  dt=8.923e-04  relΔE=5.995e-11  ||F||=1.992e-04
 step= 43500  E=2.842643220983e+02  Q=4.760000000000e+02  λ=1.111709e+00  dt=1.381e-03  relΔE=8.043e-11  ||F||=2.467e-04
 step= 44000  E=2.842643137911e+02  Q=4.760000000000e+02  λ=1.111706e+00  dt=8.908e-04  relΔE=4.584e-11  ||F||=1.721e-04
 step= 44500  E=2.842643060183e+02  Q=4.760000000000e+02  λ=1.111703e+00  dt=1.379e-03  relΔE=6.158e-11  ||F||=2.199e-04
 step= 45000  E=2.842642995008e+02  Q=4.760000000000e+02  λ=1.111700e+00  dt=1.067e-03  relΔE=4.207e-11  ||F||=1.484e-04
 step= 45500  E=2.842642935936e+02  Q=4.760000000000e+02  λ=1.111697e+00  dt=8.260e-04  relΔE=2.853e-11  ||F||=1.378e-04
 step= 46000  E=2.842642884275e+02  Q=4.760000000000e+02  λ=1.111695e+00  dt=1.279e-03  relΔE=3.867e-11  ||F||=1.278e-04
 step= 46500  E=2.842642840004e+02  Q=4.760000000000e+02  λ=1.111693e+00  dt=9.896e-04  relΔE=2.634e-11  ||F||=1.188e-04
 step= 47000  E=2.842642799600e+02  Q=4.760000000000e+02  λ=1.111690e+00  dt=7.659e-04  relΔE=1.803e-11  ||F||=1.108e-04
 step= 47500  E=2.842642765296e+02  Q=4.760000000000e+02  λ=1.111688e+00  dt=1.186e-03  relΔE=2.440e-11  ||F||=1.024e-04
 step= 48000  E=2.842642734685e+02  Q=4.760000000000e+02  λ=1.111687e+00  dt=9.176e-04  relΔE=1.664e-11  ||F||=9.512e-05
 step= 48500  E=2.842642706953e+02  Q=4.760000000000e+02  λ=1.111685e+00  dt=1.420e-03  relΔE=1.757e-11  ||F||=5.655e-04
 step= 49000  E=2.842642683816e+02  Q=4.760000000000e+02  λ=1.111684e+00  dt=1.099e-03  relΔE=1.553e-11  ||F||=8.203e-05
 step= 49500  E=2.842642662532e+02  Q=4.760000000000e+02  λ=1.111682e+00  dt=8.508e-04  relΔE=1.063e-11  ||F||=7.617e-05
 step= 50000  E=2.842642643731e+02  Q=4.760000000000e+02  λ=1.111681e+00  dt=1.317e-03  relΔE=1.453e-11  ||F||=7.083e-05
 step= 50500  E=2.842642627527e+02  Q=4.760000000000e+02  λ=1.111680e+00  dt=1.019e-03  relΔE=9.992e-12  ||F||=6.569e-05
 step= 51000  E=2.842642612659e+02  Q=4.760000000000e+02  λ=1.111678e+00  dt=7.889e-04  relΔE=6.881e-12  ||F||=6.115e-05
 step= 51500  E=2.842642599726e+02  Q=4.760000000000e+02  λ=1.111677e+00  dt=1.221e-03  relΔE=9.433e-12  ||F||=5.661e-05
 step= 52000  E=2.842642588252e+02  Q=4.760000000000e+02  λ=1.111676e+00  dt=9.452e-04  relΔE=6.504e-12  ||F||=5.260e-05
 step= 52500  E=2.842642577679e+02  Q=4.760000000000e+02  λ=1.111675e+00  dt=7.315e-04  relΔE=4.769e-12  ||F||=5.176e-05
 step= 53000  E=2.842642568737e+02  Q=4.760000000000e+02  λ=1.111675e+00  dt=1.132e-03  relΔE=6.195e-12  ||F||=4.535e-05
 step= 53500  E=2.842642560484e+02  Q=4.760000000000e+02  λ=1.111674e+00  dt=8.764e-04  relΔE=4.283e-12  ||F||=4.212e-05
 step= 54000  E=2.842642553037e+02  Q=4.760000000000e+02  λ=1.111673e+00  dt=1.357e-03  relΔE=5.915e-12  ||F||=4.346e-05
 step= 54500  E=2.842642546616e+02  Q=4.760000000000e+02  λ=1.111672e+00  dt=1.050e-03  relΔE=4.115e-12  ||F||=3.632e-05
 step= 55000  E=2.842642540672e+02  Q=4.760000000000e+02  λ=1.111672e+00  dt=8.127e-04  relΔE=2.859e-12  ||F||=3.376e-05
 step= 55500  E=2.842642535371e+02  Q=4.760000000000e+02  λ=1.111671e+00  dt=1.258e-03  relΔE=3.968e-12  ||F||=3.129e-05
 step= 56000  E=2.842642530689e+02  Q=4.760000000000e+02  λ=1.111671e+00  dt=9.736e-04  relΔE=2.768e-12  ||F||=2.909e-05
 step= 56500  E=2.842642526311e+02  Q=4.760000000000e+02  λ=1.111670e+00  dt=7.536e-04  relΔE=1.971e-12  ||F||=2.779e-05
 step= 57000  E=2.842642522532e+02  Q=4.760000000000e+02  λ=1.111670e+00  dt=1.166e-03  relΔE=2.693e-12  ||F||=2.508e-05
 step= 57500  E=2.842642519049e+02  Q=4.760000000000e+02  λ=1.111669e+00  dt=9.028e-04  relΔE=1.883e-12  ||F||=2.329e-05
 step= 58000  E=2.842642515826e+02  Q=4.760000000000e+02  λ=1.111669e+00  dt=1.397e-03  relΔE=2.529e-12  ||F||=8.591e-05
 step= 58500  E=2.842642513061e+02  Q=4.760000000000e+02  λ=1.111669e+00  dt=1.082e-03  relΔE=1.847e-12  ||F||=2.008e-05
 step= 59000  E=2.842642510456e+02  Q=4.760000000000e+02  λ=1.111668e+00  dt=8.371e-04  relΔE=1.297e-12  ||F||=1.867e-05
 step= 59500  E=2.842642508103e+02  Q=4.760000000000e+02  λ=1.111668e+00  dt=1.296e-03  relΔE=1.819e-12  ||F||=1.732e-05
 step= 60000  E=2.842642506014e+02  Q=4.760000000000e+02  λ=1.111668e+00  dt=1.003e-03  relΔE=1.282e-12  ||F||=1.608e-05
 step= 60500  E=2.842642504048e+02  Q=4.760000000000e+02  λ=1.111667e+00  dt=7.762e-04  relΔE=9.066e-13  ||F||=1.511e-05
 step= 61000  E=2.842642502306e+02  Q=4.760000000000e+02  λ=1.111667e+00  dt=1.202e-03  relΔE=1.271e-12  ||F||=1.386e-05
 step= 61500  E=2.842642500714e+02  Q=4.760000000000e+02  λ=1.111667e+00  dt=9.299e-04  relΔE=8.973e-13  ||F||=1.288e-05
 step= 62000  E=2.842642499212e+02  Q=4.760000000000e+02  λ=1.111667e+00  dt=7.197e-04  relΔE=8.189e-13  ||F||=3.238e-05
 step= 62500  E=2.842642497917e+02  Q=4.760000000000e+02  λ=1.111666e+00  dt=1.114e-03  relΔE=8.961e-13  ||F||=1.111e-05
 step= 63000  E=2.842642496686e+02  Q=4.760000000000e+02  λ=1.111666e+00  dt=8.623e-04  relΔE=6.335e-13  ||F||=1.033e-05
 step= 63500  E=2.842642495559e+02  Q=4.760000000000e+02  λ=1.111666e+00  dt=1.335e-03  relΔE=8.963e-13  ||F||=9.945e-06
 step= 64000  E=2.842642494584e+02  Q=4.760000000000e+02  λ=1.111666e+00  dt=8.609e-04  relΔE=5.319e-13  ||F||=8.911e-06
 step= 64500  E=2.842642493629e+02  Q=4.760000000000e+02  λ=1.111666e+00  dt=1.333e-03  relΔE=7.537e-13  ||F||=8.554e-06
 step= 65000  E=2.842642492784e+02  Q=4.760000000000e+02  λ=1.111666e+00  dt=1.031e-03  relΔE=5.357e-13  ||F||=7.683e-06
 step= 65500  E=2.842642491986e+02  Q=4.760000000000e+02  λ=1.111666e+00  dt=7.983e-04  relΔE=3.817e-13  ||F||=7.215e-06
 step= 66000  E=2.842642491295e+02  Q=4.760000000000e+02  λ=1.111665e+00  dt=1.030e-03  relΔE=4.523e-13  ||F||=6.643e-06
 step= 66500  E=2.842642490613e+02  Q=4.760000000000e+02  λ=1.111665e+00  dt=7.970e-04  relΔE=3.229e-13  ||F||=6.268e-06
 step= 67000  E=2.842642490001e+02  Q=4.760000000000e+02  λ=1.111665e+00  dt=1.234e-03  relΔE=4.573e-13  ||F||=5.721e-06
 step= 67500  E=2.842642489443e+02  Q=4.760000000000e+02  λ=1.111665e+00  dt=9.548e-04  relΔE=3.259e-13  ||F||=5.319e-06
 step= 68000  E=2.842642488909e+02  Q=4.760000000000e+02  λ=1.111665e+00  dt=7.390e-04  relΔE=2.462e-13  ||F||=6.227e-06
 step= 68500  E=2.842642488442e+02  Q=4.760000000000e+02  λ=1.111665e+00  dt=1.144e-03  relΔE=3.313e-13  ||F||=4.584e-06
 step= 69000  E=2.842642487999e+02  Q=4.760000000000e+02  λ=1.111665e+00  dt=8.853e-04  relΔE=2.366e-13  ||F||=4.264e-06
 step= 69500  E=2.842642487585e+02  Q=4.760000000000e+02  λ=1.111665e+00  dt=1.370e-03  relΔE=3.361e-13  ||F||=8.615e-06
 step= 70000  E=2.842642487218e+02  Q=4.760000000000e+02  λ=1.111665e+00  dt=1.061e-03  relΔE=2.412e-13  ||F||=3.671e-06
 step= 70500  E=2.842642486869e+02  Q=4.760000000000e+02  λ=1.111665e+00  dt=8.209e-04  relΔE=1.724e-13  ||F||=3.437e-06
 step= 71000  E=2.842642486547e+02  Q=4.760000000000e+02  λ=1.111665e+00  dt=1.271e-03  relΔE=2.458e-13  ||F||=3.165e-06
 step= 71500  E=2.842642486257e+02  Q=4.760000000000e+02  λ=1.111665e+00  dt=9.835e-04  relΔE=1.762e-13  ||F||=2.941e-06
 step= 72000  E=2.842642485978e+02  Q=4.760000000000e+02  λ=1.111664e+00  dt=7.612e-04  relΔE=1.282e-13  ||F||=3.040e-06
 step= 72500  E=2.842642485730e+02  Q=4.760000000000e+02  λ=1.111664e+00  dt=1.178e-03  relΔE=1.806e-13  ||F||=2.534e-06
 step= 73000  E=2.842642485497e+02  Q=4.760000000000e+02  λ=1.111664e+00  dt=9.120e-04  relΔE=1.290e-13  ||F||=2.357e-06
 step= 73500  E=2.842642485276e+02  Q=4.760000000000e+02  λ=1.111664e+00  dt=1.412e-03  relΔE=1.650e-13  ||F||=3.554e-05
 step= 74000  E=2.842642485082e+02  Q=4.760000000000e+02  λ=1.111664e+00  dt=1.093e-03  relΔE=1.320e-13  ||F||=2.030e-06
 step= 74500  E=2.842642484896e+02  Q=4.760000000000e+02  λ=1.111664e+00  dt=8.456e-04  relΔE=9.478e-14  ||F||=1.901e-06
 step= 75000  E=2.842642484724e+02  Q=4.760000000000e+02  λ=1.111664e+00  dt=1.309e-03  relΔE=1.354e-13  ||F||=1.793e-06
 step= 75500  E=2.842642484568e+02  Q=4.760000000000e+02  λ=1.111664e+00  dt=1.013e-03  relΔE=9.738e-14  ||F||=1.626e-06
 step= 76000  E=2.842642484420e+02  Q=4.760000000000e+02  λ=1.111664e+00  dt=7.841e-04  relΔE=7.019e-14  ||F||=1.602e-06
 step= 76500  E=2.842642484285e+02  Q=4.760000000000e+02  λ=1.111664e+00  dt=1.214e-03  relΔE=9.978e-14  ||F||=1.401e-06
 step= 77000  E=2.842642484160e+02  Q=4.760000000000e+02  λ=1.111664e+00  dt=9.394e-04  relΔE=7.119e-14  ||F||=1.305e-06
 step= 77500  E=2.842642484041e+02  Q=4.760000000000e+02  λ=1.111664e+00  dt=7.271e-04  relΔE=5.699e-14  ||F||=2.737e-06
 step= 78000  E=2.842642483936e+02  Q=4.760000000000e+02  λ=1.111664e+00  dt=1.125e-03  relΔE=7.399e-14  ||F||=1.123e-06
 step= 78500  E=2.842642483835e+02  Q=4.760000000000e+02  λ=1.111664e+00  dt=8.711e-04  relΔE=5.279e-14  ||F||=1.057e-06
 step= 79000  E=2.842642483742e+02  Q=4.760000000000e+02  λ=1.111664e+00  dt=1.348e-03  relΔE=7.579e-14  ||F||=1.694e-06
 step= 79500  E=2.842642483657e+02  Q=4.760000000000e+02  λ=1.111664e+00  dt=1.044e-03  relΔE=5.479e-14  ||F||=8.995e-07
 step= 80000  E=2.842642483577e+02  Q=4.760000000000e+02  λ=1.111664e+00  dt=8.077e-04  relΔE=3.919e-14  ||F||=8.865e-07
 step= 80500  E=2.842642483503e+02  Q=4.760000000000e+02  λ=1.111664e+00  dt=1.250e-03  relΔE=5.599e-14  ||F||=7.756e-07
 step= 81000  E=2.842642483436e+02  Q=4.760000000000e+02  λ=1.111664e+00  dt=9.677e-04  relΔE=4.039e-14  ||F||=7.211e-07
 step= 81500  E=2.842642483371e+02  Q=4.760000000000e+02  λ=1.111664e+00  dt=7.489e-04  relΔE=2.980e-14  ||F||=1.136e-06
 step= 82000  E=2.842642483313e+02  Q=4.760000000000e+02  λ=1.111664e+00  dt=1.159e-03  relΔE=4.139e-14  ||F||=6.210e-07
 step= 82500  E=2.842642483258e+02  Q=4.760000000000e+02  λ=1.111664e+00  dt=8.973e-04  relΔE=2.960e-14  ||F||=5.819e-07
 step= 83000  E=2.842642483207e+02  Q=4.760000000000e+02  λ=1.111664e+00  dt=1.389e-03  relΔE=4.219e-14  ||F||=6.614e-06
 step= 83500  E=2.842642483161e+02  Q=4.760000000000e+02  λ=1.111664e+00  dt=1.075e-03  relΔE=3.079e-14  ||F||=4.976e-07
 step= 84000  E=2.842642483117e+02  Q=4.760000000000e+02  λ=1.111664e+00  dt=8.320e-04  relΔE=2.220e-14  ||F||=4.811e-07
 step= 84500  E=2.842642483076e+02  Q=4.760000000000e+02  λ=1.111664e+00  dt=1.288e-03  relΔE=3.159e-14  ||F||=4.387e-07
 step= 85000  E=2.842642483039e+02  Q=4.760000000000e+02  λ=1.111664e+00  dt=9.968e-04  relΔE=2.280e-14  ||F||=3.991e-07
 step= 85500  E=2.842642483004e+02  Q=4.760000000000e+02  λ=1.111664e+00  dt=7.715e-04  relΔE=1.660e-14  ||F||=5.461e-07
 step= 86000  E=2.842642482972e+02  Q=4.760000000000e+02  λ=1.111664e+00  dt=1.194e-03  relΔE=2.340e-14  ||F||=3.435e-07
 step= 86500  E=2.842642482942e+02  Q=4.760000000000e+02  λ=1.111664e+00  dt=7.702e-04  relΔE=1.460e-14  ||F||=4.386e-07
 step= 87000  E=2.842642482915e+02  Q=4.760000000000e+02  λ=1.111664e+00  dt=1.192e-03  relΔE=2.000e-14  ||F||=2.969e-07
 step= 87500  E=2.842642482889e+02  Q=4.760000000000e+02  λ=1.111664e+00  dt=7.690e-04  relΔE=1.220e-14  ||F||=4.252e-07
 step= 88000  E=2.842642482865e+02  Q=4.760000000000e+02  λ=1.111664e+00  dt=1.190e-03  relΔE=1.740e-14  ||F||=2.566e-07
 step= 88500  E=2.842642482843e+02  Q=4.760000000000e+02  λ=1.111664e+00  dt=9.212e-04  relΔE=1.220e-14  ||F||=2.429e-07
 step= 89000  E=2.842642482822e+02  Q=4.760000000000e+02  λ=1.111664e+00  dt=5.942e-04  relΔE=3.279e-14  ||F||=3.546e-05
 step= 89500  E=2.842642482804e+02  Q=4.760000000000e+02  λ=1.111664e+00  dt=9.198e-04  relΔE=1.080e-14  ||F||=2.087e-07
 step= 90000  E=2.842642482785e+02  Q=4.760000000000e+02  λ=1.111664e+00  dt=1.424e-03  relΔE=6.799e-15  ||F||=2.344e-05
 step= 90500  E=2.842642482769e+02  Q=4.760000000000e+02  λ=1.111664e+00  dt=1.102e-03  relΔE=1.120e-14  ||F||=1.778e-07
 step= 91000  E=2.842642482753e+02  Q=4.760000000000e+02  λ=1.111664e+00  dt=8.528e-04  relΔE=8.199e-15  ||F||=1.835e-07
 step= 91500  E=2.842642482739e+02  Q=4.760000000000e+02  λ=1.111664e+00  dt=1.320e-03  relΔE=1.120e-14  ||F||=2.337e-07
 step= 92000  E=2.842642482726e+02  Q=4.760000000000e+02  λ=1.111664e+00  dt=1.022e-03  relΔE=8.599e-15  ||F||=1.426e-07
 step= 92500  E=2.842642482713e+02  Q=4.760000000000e+02  λ=1.111664e+00  dt=7.908e-04  relΔE=6.199e-15  ||F||=1.972e-07
 step= 93000  E=2.842642482702e+02  Q=4.760000000000e+02  λ=1.111664e+00  dt=1.224e-03  relΔE=8.399e-15  ||F||=1.227e-07
 step= 93500  E=2.842642482691e+02  Q=4.760000000000e+02  λ=1.111664e+00  dt=9.474e-04  relΔE=6.199e-15  ||F||=1.168e-07
 step= 94000  E=2.842642482681e+02  Q=4.760000000000e+02  λ=1.111664e+00  dt=7.333e-04  relΔE=4.599e-15  ||F||=5.476e-07
 step= 94500  E=2.842642482672e+02  Q=4.760000000000e+02  λ=1.111664e+00  dt=1.135e-03  relΔE=6.599e-15  ||F||=9.842e-08
 step= 95000  E=2.842642482664e+02  Q=4.760000000000e+02  λ=1.111664e+00  dt=8.785e-04  relΔE=4.599e-15  ||F||=1.072e-07
 step= 95500  E=2.842642482656e+02  Q=4.760000000000e+02  λ=1.111664e+00  dt=1.360e-03  relΔE=6.399e-15  ||F||=7.091e-07
 step= 96000  E=2.842642482648e+02  Q=4.760000000000e+02  λ=1.111664e+00  dt=1.052e-03  relΔE=4.999e-15  ||F||=7.919e-08
 step= 96500  E=2.842642482642e+02  Q=4.760000000000e+02  λ=1.111664e+00  dt=8.146e-04  relΔE=3.199e-15  ||F||=1.194e-07
 step= 97000  E=2.842642482635e+02  Q=4.760000000000e+02  λ=1.111664e+00  dt=1.261e-03  relΔE=4.999e-15  ||F||=6.940e-08
 step= 97500  E=2.842642482629e+02  Q=4.760000000000e+02  λ=1.111664e+00  dt=9.759e-04  relΔE=3.000e-15  ||F||=6.432e-08
 step= 98000  E=2.842642482624e+02  Q=4.760000000000e+02  λ=1.111664e+00  dt=7.553e-04  relΔE=3.000e-15  ||F||=2.344e-07
 step= 98500  E=2.842642482619e+02  Q=4.760000000000e+02  λ=1.111664e+00  dt=1.169e-03  relΔE=3.599e-15  ||F||=5.450e-08
 step= 99000  E=2.842642482614e+02  Q=4.760000000000e+02  λ=1.111664e+00  dt=9.049e-04  relΔE=2.800e-15  ||F||=5.701e-08
 Converged (aggressive): step=99219, E=2.842642482612e+02, Q=4.760000000000e+02, dt=9.382e-04, ||F||=4.997e-08

Stationary candidate (aggressive): E=2.842642482612e+02, Q=4.760000000000e+02, maxρ=5.423146e-01

=== Stability test (damped inertial dynamics) ===
Perturb eps=0.02, gamma=1
t=0: E=3.075191238674e+02, Q=4.760000000000e+02, maxρ=5.598567e-01, σ=2.743261e+00, Rc=1.854804e+01
 step=     1  E=3.075190069756e+02  Q=4.760000000000e+02  λ=1.498722e+00  maxρ=5.598567e-01  minρ=1.000e-15  σ=2.743261e+00  Rc=1.854804e+01
 step=   300  E=3.027261973500e+02  Q=4.760000000000e+02  λ=1.395608e+00  maxρ=5.589071e-01  minρ=1.000e-15  σ=2.743257e+00  Rc=1.854804e+01
 step=   600  E=2.930868080097e+02  Q=4.760000000000e+02  λ=1.208905e+00  maxρ=5.562300e-01  minρ=1.000e-15  σ=2.743252e+00  Rc=1.854804e+01
 step=   900  E=2.874433348824e+02  Q=4.760000000000e+02  λ=1.149439e+00  maxρ=5.522702e-01  minρ=1.000e-15  σ=2.743250e+00  Rc=1.854804e+01
 step=  1200  E=2.895875905513e+02  Q=4.760000000000e+02  λ=1.257125e+00  maxρ=5.504515e-01  minρ=1.000e-15  σ=2.743253e+00  Rc=1.854804e+01
 step=  1500  E=2.953644215057e+02  Q=4.760000000000e+02  λ=1.373893e+00  maxρ=5.535120e-01  minρ=1.000e-15  σ=2.743255e+00  Rc=1.854803e+01
 step=  1800  E=2.983179224361e+02  Q=4.760000000000e+02  λ=1.359839e+00  maxρ=5.552844e-01  minρ=1.000e-15  σ=2.743252e+00  Rc=1.854803e+01
 step=  2100  E=2.965873021579e+02  Q=4.760000000000e+02  λ=1.258220e+00  maxρ=5.524588e-01  minρ=1.000e-15  σ=2.743249e+00  Rc=1.854803e+01
 step=  2400  E=2.935403148018e+02  Q=4.760000000000e+02  λ=1.211206e+00  maxρ=5.469265e-01  minρ=1.000e-15  σ=2.743249e+00  Rc=1.854803e+01
 step=  2700  E=2.927923145015e+02  Q=4.760000000000e+02  λ=1.266211e+00  maxρ=5.489591e-01  minρ=1.000e-15  σ=2.743253e+00  Rc=1.854803e+01
 step=  3000  E=2.942724709529e+02  Q=4.760000000000e+02  λ=1.332511e+00  maxρ=5.558543e-01  minρ=1.000e-15  σ=2.743254e+00  Rc=1.854803e+01
 step=  3300  E=2.953926608775e+02  Q=4.760000000000e+02  λ=1.320203e+00  maxρ=5.572818e-01  minρ=1.000e-15  σ=2.743250e+00  Rc=1.854803e+01
 step=  3600  E=2.947146828056e+02  Q=4.760000000000e+02  λ=1.255210e+00  maxρ=5.541660e-01  minρ=1.000e-15  σ=2.743245e+00  Rc=1.854804e+01
 step=  3900  E=2.932967926651e+02  Q=4.760000000000e+02  λ=1.226120e+00  maxρ=5.541707e-01  minρ=1.000e-15  σ=2.743245e+00  Rc=1.854803e+01
 step=  4200  E=2.927722959479e+02  Q=4.760000000000e+02  λ=1.258926e+00  maxρ=5.522468e-01  minρ=1.000e-15  σ=2.743249e+00  Rc=1.854803e+01
 step=  4500  E=2.932782399369e+02  Q=4.760000000000e+02  λ=1.294683e+00  maxρ=5.508091e-01  minρ=1.000e-15  σ=2.743250e+00  Rc=1.854802e+01
 step=  4800  E=2.937327393041e+02  Q=4.760000000000e+02  λ=1.282225e+00  maxρ=5.531662e-01  minρ=1.000e-15  σ=2.743247e+00  Rc=1.854803e+01
 step=  5100  E=2.934853079620e+02  Q=4.760000000000e+02  λ=1.244336e+00  maxρ=5.538373e-01  minρ=1.000e-15  σ=2.743241e+00  Rc=1.854803e+01
 step=  5400  E=2.929512840185e+02  Q=4.760000000000e+02  λ=1.234093e+00  maxρ=5.531890e-01  minρ=1.000e-15  σ=2.743240e+00  Rc=1.854802e+01
 step=  5700  E=2.927414479676e+02  Q=4.760000000000e+02  λ=1.258204e+00  maxρ=5.513045e-01  minρ=1.000e-15  σ=2.743242e+00  Rc=1.854802e+01
 step=  6000  E=2.928244861448e+02  Q=4.760000000000e+02  λ=1.275795e+00  maxρ=5.496665e-01  minρ=1.000e-15  σ=2.743243e+00  Rc=1.854801e+01
 >>> No runaway detected in this horizon. Likely stable (within this model & box).

STABILITY: PASS
