
=== Aggressive relaxation to Q = 1713 ===
Initial: E=1.135076634785e+03, Q=1.713000000000e+03, dt=1.000e-04
 step=     1  E=1.135018459004e+03  Q=1.713000000000e+03  λ=1.440424e+00  dt=1.000e-04  relΔE=5.125e-05  ||F||=5.833e-01
 step=   500  E=1.077323056595e+03  Q=1.713000000000e+03  λ=1.324746e+00  dt=6.192e-04  relΔE=1.658e-04  ||F||=4.500e-01
 step=  1000  E=9.818859812088e+02  Q=1.713000000000e+03  λ=1.136384e+00  dt=9.584e-04  relΔE=9.767e-05  ||F||=2.650e-01
 step=  1500  E=9.385941626273e+02  Q=1.713000000000e+03  λ=1.052946e+00  dt=1.484e-03  relΔE=7.664e-05  ||F||=4.555e-01
 step=  2000  E=9.157585516876e+02  Q=1.713000000000e+03  λ=1.009855e+00  dt=1.148e-03  relΔE=3.956e-05  ||F||=1.488e-01
 step=  2500  E=8.995893115354e+02  Q=1.713000000000e+03  λ=9.804633e-01  dt=8.887e-04  relΔE=2.202e-05  ||F||=1.250e-01
 step=  3000  E=8.878795046014e+02  Q=1.713000000000e+03  λ=9.600771e-01  dt=1.376e-03  relΔE=2.656e-05  ||F||=1.096e-01
 step=  3500  E=8.787397093739e+02  Q=1.713000000000e+03  λ=9.447875e-01  dt=1.065e-03  relΔE=1.697e-05  ||F||=9.910e-02
 step=  4000  E=8.708728514324e+02  Q=1.713000000000e+03  λ=9.321279e-01  dt=8.241e-04  relΔE=1.115e-05  ||F||=9.089e-02
 step=  4500  E=8.643938282296e+02  Q=1.713000000000e+03  λ=9.220657e-01  dt=1.276e-03  relΔE=1.503e-05  ||F||=8.450e-02
 step=  5000  E=8.587026634142e+02  Q=1.713000000000e+03  λ=9.134739e-01  dt=9.873e-04  relΔE=1.029e-05  ||F||=7.921e-02
 step=  5500  E=8.535045873928e+02  Q=1.713000000000e+03  λ=9.061173e-01  dt=1.528e-03  relΔE=5.301e-06  ||F||=7.879e-01
 step=  6000  E=8.491156698216e+02  Q=1.713000000000e+03  λ=8.995307e-01  dt=1.183e-03  relΔE=9.935e-06  ||F||=7.070e-02
 step=  6500  E=8.450219707341e+02  Q=1.713000000000e+03  λ=8.937609e-01  dt=9.154e-04  relΔE=7.002e-06  ||F||=6.730e-02
 step=  7000  E=8.412891672631e+02  Q=1.713000000000e+03  λ=8.885985e-01  dt=1.417e-03  relΔE=9.859e-06  ||F||=6.406e-02
 step=  7500  E=8.380814847601e+02  Q=1.713000000000e+03  λ=8.842222e-01  dt=9.140e-04  relΔE=5.864e-06  ||F||=6.139e-02
 step=  8000  E=8.349377051245e+02  Q=1.713000000000e+03  λ=8.799984e-01  dt=1.415e-03  relΔE=8.354e-06  ||F||=5.878e-02
 step=  8500  E=8.321333575346e+02  Q=1.713000000000e+03  λ=8.762724e-01  dt=1.095e-03  relΔE=5.992e-06  ||F||=5.649e-02
 step=  9000  E=8.294714977754e+02  Q=1.713000000000e+03  λ=8.727760e-01  dt=8.475e-04  relΔE=4.327e-06  ||F||=5.448e-02
 step=  9500  E=8.270434026372e+02  Q=1.713000000000e+03  λ=8.696231e-01  dt=1.312e-03  relΔE=6.207e-06  ||F||=5.236e-02
 step= 10000  E=8.248000946331e+02  Q=1.713000000000e+03  λ=8.667334e-01  dt=1.015e-03  relΔE=4.492e-06  ||F||=5.057e-02
 step= 10500  E=8.227342436360e+02  Q=1.713000000000e+03  λ=8.640974e-01  dt=1.310e-03  relΔE=5.436e-06  ||F||=4.892e-02
 step= 11000  E=8.207407508426e+02  Q=1.713000000000e+03  λ=8.615712e-01  dt=1.014e-03  relΔE=3.951e-06  ||F||=4.734e-02
 step= 11500  E=8.188412928151e+02  Q=1.713000000000e+03  λ=8.591825e-01  dt=7.845e-04  relΔE=2.992e-06  ||F||=4.680e-02
 step= 12000  E=8.171318685320e+02  Q=1.713000000000e+03  λ=8.570500e-01  dt=1.214e-03  relΔE=4.200e-06  ||F||=4.450e-02
 step= 12500  E=8.154765403474e+02  Q=1.713000000000e+03  λ=8.549957e-01  dt=9.399e-04  relΔE=3.075e-06  ||F||=4.323e-02
 step= 13000  E=8.138929716534e+02  Q=1.713000000000e+03  λ=8.530452e-01  dt=1.455e-03  relΔE=4.497e-06  ||F||=4.199e-02
 step= 13500  E=8.124541766072e+02  Q=1.713000000000e+03  λ=8.512806e-01  dt=1.126e-03  relΔE=3.306e-06  ||F||=4.088e-02
 step= 14000  E=8.110357021803e+02  Q=1.713000000000e+03  λ=8.495509e-01  dt=8.715e-04  relΔE=2.438e-06  ||F||=3.987e-02
 step= 14500  E=8.097170913118e+02  Q=1.713000000000e+03  λ=8.479533e-01  dt=1.349e-03  relΔE=3.580e-06  ||F||=3.880e-02
 step= 15000  E=8.084648664516e+02  Q=1.713000000000e+03  λ=8.464418e-01  dt=1.044e-03  relΔE=2.643e-06  ||F||=3.787e-02
 step= 15500  E=8.072415642879e+02  Q=1.713000000000e+03  λ=8.449727e-01  dt=8.081e-04  relΔE=1.993e-06  ||F||=3.735e-02
 step= 16000  E=8.061151924270e+02  Q=1.713000000000e+03  λ=8.436279e-01  dt=1.251e-03  relΔE=2.891e-06  ||F||=3.613e-02
 step= 16500  E=8.050198137655e+02  Q=1.713000000000e+03  λ=8.423244e-01  dt=9.682e-04  relΔE=2.144e-06  ||F||=3.534e-02
 step= 17000  E=8.039438732799e+02  Q=1.713000000000e+03  λ=8.410544e-01  dt=1.499e-03  relΔE=3.091e-06  ||F||=8.524e-02
 step= 17500  E=8.029690498747e+02  Q=1.713000000000e+03  λ=8.399018e-01  dt=1.160e-03  relΔE=2.366e-06  ||F||=3.388e-02
 step= 18000  E=8.019936158434e+02  Q=1.713000000000e+03  λ=8.387563e-01  dt=8.978e-04  relΔE=1.765e-06  ||F||=3.323e-02
 step= 18500  E=8.010627518388e+02  Q=1.713000000000e+03  λ=8.376692e-01  dt=1.390e-03  relΔE=2.626e-06  ||F||=3.257e-02
 step= 19000  E=8.001793165277e+02  Q=1.713000000000e+03  λ=8.366404e-01  dt=1.076e-03  relΔE=1.962e-06  ||F||=3.198e-02
 step= 19500  E=7.993040493062e+02  Q=1.713000000000e+03  λ=8.356255e-01  dt=8.324e-04  relΔE=1.478e-06  ||F||=3.154e-02
 step= 20000  E=7.984798866977e+02  Q=1.713000000000e+03  λ=8.346748e-01  dt=1.289e-03  relΔE=2.196e-06  ||F||=3.088e-02
 step= 20500  E=7.976785703301e+02  Q=1.713000000000e+03  λ=8.337531e-01  dt=9.973e-04  relΔE=1.647e-06  ||F||=3.038e-02
 step= 21000  E=7.968786006531e+02  Q=1.713000000000e+03  λ=8.328369e-01  dt=7.719e-04  relΔE=1.359e-06  ||F||=3.182e-02
 step= 21500  E=7.961423568457e+02  Q=1.713000000000e+03  λ=8.319977e-01  dt=1.195e-03  relΔE=1.860e-06  ||F||=2.947e-02
 step= 22000  E=7.954032119492e+02  Q=1.713000000000e+03  λ=8.311576e-01  dt=9.248e-04  relΔE=1.404e-06  ||F||=2.909e-02
 step= 22500  E=7.946785140578e+02  Q=1.713000000000e+03  λ=8.303382e-01  dt=1.431e-03  relΔE=2.111e-06  ||F||=2.867e-02
 step= 23000  E=7.939978953149e+02  Q=1.713000000000e+03  λ=8.295706e-01  dt=1.108e-03  relΔE=1.595e-06  ||F||=2.830e-02
 step= 23500  E=7.933062002810e+02  Q=1.713000000000e+03  λ=8.287935e-01  dt=8.575e-04  relΔE=1.216e-06  ||F||=2.808e-02
 step= 24000  E=7.926453972898e+02  Q=1.713000000000e+03  λ=8.280548e-01  dt=1.327e-03  relΔE=1.827e-06  ||F||=2.765e-02
 step= 24500  E=7.920046233817e+02  Q=1.713000000000e+03  λ=8.273401e-01  dt=1.027e-03  relΔE=1.386e-06  ||F||=2.736e-02
 step= 25000  E=7.913548067044e+02  Q=1.713000000000e+03  λ=8.266181e-01  dt=7.951e-04  relΔE=1.081e-06  ||F||=2.747e-02
 step= 25500  E=7.907421736963e+02  Q=1.713000000000e+03  λ=8.259405e-01  dt=1.231e-03  relΔE=1.602e-06  ||F||=2.686e-02
 step= 26000  E=7.901265051624e+02  Q=1.713000000000e+03  λ=8.252610e-01  dt=9.526e-04  relΔE=1.223e-06  ||F||=2.665e-02
 step= 26500  E=7.895084061561e+02  Q=1.713000000000e+03  λ=8.245819e-01  dt=1.475e-03  relΔE=1.863e-06  ||F||=2.682e-02
 step= 27000  E=7.889420377405e+02  Q=1.713000000000e+03  λ=8.239605e-01  dt=9.510e-04  relΔE=1.188e-06  ||F||=2.628e-02
 step= 27500  E=7.883389508285e+02  Q=1.713000000000e+03  λ=8.233018e-01  dt=1.472e-03  relΔE=1.819e-06  ||F||=2.623e-02
 step= 28000  E=7.877723160261e+02  Q=1.713000000000e+03  λ=8.226838e-01  dt=1.139e-03  relΔE=1.396e-06  ||F||=2.601e-02
 step= 28500  E=7.871830779272e+02  Q=1.713000000000e+03  λ=8.220429e-01  dt=8.818e-04  relΔE=1.078e-06  ||F||=2.596e-02
 step= 29000  E=7.866115157822e+02  Q=1.713000000000e+03  λ=8.214234e-01  dt=1.365e-03  relΔE=1.652e-06  ||F||=2.582e-02
 step= 29500  E=7.860440807969e+02  Q=1.713000000000e+03  λ=8.208089e-01  dt=1.056e-03  relΔE=1.274e-06  ||F||=2.577e-02
 step= 30000  E=7.854631891669e+02  Q=1.713000000000e+03  λ=8.201810e-01  dt=8.177e-04  relΔE=9.864e-07  ||F||=2.577e-02
 step= 30500  E=7.849028470493e+02  Q=1.713000000000e+03  λ=8.195769e-01  dt=1.266e-03  relΔE=1.524e-06  ||F||=2.573e-02
 step= 31000  E=7.843352899660e+02  Q=1.713000000000e+03  λ=8.189650e-01  dt=9.796e-04  relΔE=1.183e-06  ||F||=2.576e-02
 step= 31500  E=7.837481359257e+02  Q=1.713000000000e+03  λ=8.183490e-01  dt=1.516e-03  relΔE=1.292e-06  ||F||=1.863e-01
 step= 32000  E=7.831920035055e+02  Q=1.713000000000e+03  λ=8.177345e-01  dt=1.174e-03  relΔE=1.432e-06  ||F||=2.587e-02
 step= 32500  E=7.826091257262e+02  Q=1.713000000000e+03  λ=8.171071e-01  dt=9.084e-04  relΔE=1.120e-06  ||F||=2.600e-02
 step= 33000  E=7.820224142312e+02  Q=1.713000000000e+03  λ=8.164761e-01  dt=1.406e-03  relΔE=1.748e-06  ||F||=2.610e-02
 step= 33500  E=7.814435789547e+02  Q=1.713000000000e+03  λ=8.158522e-01  dt=1.088e-03  relΔE=1.370e-06  ||F||=2.626e-02
 step= 34000  E=7.808376771795e+02  Q=1.713000000000e+03  λ=8.151986e-01  dt=8.423e-04  relΔE=1.084e-06  ||F||=2.654e-02
 step= 34500  E=7.802357969613e+02  Q=1.713000000000e+03  λ=8.145489e-01  dt=1.304e-03  relΔE=1.696e-06  ||F||=2.666e-02
 step= 35000  E=7.796248219398e+02  Q=1.713000000000e+03  λ=8.138873e-01  dt=1.009e-03  relΔE=1.338e-06  ||F||=2.692e-02
 step= 35500  E=7.789792923026e+02  Q=1.713000000000e+03  λ=8.131866e-01  dt=7.810e-04  relΔE=1.142e-06  ||F||=2.829e-02
 step= 36000  E=7.783516655104e+02  Q=1.713000000000e+03  λ=8.125038e-01  dt=1.209e-03  relΔE=1.679e-06  ||F||=2.752e-02
 step= 36500  E=7.776887770785e+02  Q=1.713000000000e+03  λ=8.117793e-01  dt=9.357e-04  relΔE=1.338e-06  ||F||=2.791e-02
 step= 37000  E=7.769996728004e+02  Q=1.713000000000e+03  λ=8.110242e-01  dt=1.448e-03  relΔE=2.129e-06  ||F||=2.833e-02
 step= 37500  E=7.763195941178e+02  Q=1.713000000000e+03  λ=8.102746e-01  dt=1.121e-03  relΔE=1.699e-06  ||F||=2.871e-02
 step= 38000  E=7.755847640949e+02  Q=1.713000000000e+03  λ=8.094608e-01  dt=8.676e-04  relΔE=1.366e-06  ||F||=2.925e-02
 step= 38500  E=7.748416851954e+02  Q=1.713000000000e+03  λ=8.086344e-01  dt=1.343e-03  relΔE=2.187e-06  ||F||=2.973e-02
 step= 39000  E=7.740751323660e+02  Q=1.713000000000e+03  λ=8.077760e-01  dt=1.039e-03  relΔE=1.760e-06  ||F||=3.030e-02
 step= 39500  E=7.732503407250e+02  Q=1.713000000000e+03  λ=8.068468e-01  dt=8.045e-04  relΔE=1.474e-06  ||F||=3.152e-02
 step= 40000  E=7.724252681023e+02  Q=1.713000000000e+03  λ=8.059122e-01  dt=1.245e-03  relΔE=2.298e-06  ||F||=3.160e-02
 step= 40500  E=7.715477785560e+02  Q=1.713000000000e+03  λ=8.049105e-01  dt=9.638e-04  relΔE=1.866e-06  ||F||=3.235e-02
 step= 41000  E=7.706028890143e+02  Q=1.713000000000e+03  λ=8.038261e-01  dt=1.492e-03  relΔE=3.018e-06  ||F||=4.587e-02
 step= 41500  E=7.696639661806e+02  Q=1.713000000000e+03  λ=8.027385e-01  dt=1.155e-03  relΔE=2.469e-06  ||F||=3.395e-02
 step= 42000  E=7.686332393548e+02  Q=1.713000000000e+03  λ=8.015365e-01  dt=8.937e-04  relΔE=2.022e-06  ||F||=3.490e-02
 step= 42500  E=7.675600745569e+02  Q=1.713000000000e+03  λ=8.002773e-01  dt=1.383e-03  relΔE=3.301e-06  ||F||=3.582e-02
 step= 43000  E=7.664361730192e+02  Q=1.713000000000e+03  λ=7.989472e-01  dt=1.071e-03  relΔE=2.705e-06  ||F||=3.683e-02
 step= 43500  E=7.652110171269e+02  Q=1.713000000000e+03  λ=7.974868e-01  dt=8.287e-04  relΔE=2.236e-06  ||F||=3.803e-02
 step= 44000  E=7.639522187441e+02  Q=1.713000000000e+03  λ=7.959773e-01  dt=1.283e-03  relΔE=3.653e-06  ||F||=3.904e-02
 step= 44500  E=7.626114195709e+02  Q=1.713000000000e+03  λ=7.943566e-01  dt=9.928e-04  relΔE=3.007e-06  ||F||=4.023e-02
 step= 45000  E=7.611351016873e+02  Q=1.713000000000e+03  λ=7.926538e-01  dt=1.537e-03  relΔE=1.663e-06  ||F||=4.485e-01
 step= 45500  E=7.596579535758e+02  Q=1.713000000000e+03  λ=7.907538e-01  dt=1.189e-03  relΔE=4.076e-06  ||F||=4.271e-02
 step= 46000  E=7.580237424822e+02  Q=1.713000000000e+03  λ=7.887415e-01  dt=9.206e-04  relΔE=3.363e-06  ||F||=4.405e-02
 step= 46500  E=7.562906799589e+02  Q=1.713000000000e+03  λ=7.865989e-01  dt=1.425e-03  relΔE=5.528e-06  ||F||=4.534e-02
 step= 47000  E=7.545560453332e+02  Q=1.713000000000e+03  λ=7.844410e-01  dt=9.191e-04  relΔE=3.775e-06  ||F||=4.660e-02
 step= 47500  E=7.525930734273e+02  Q=1.713000000000e+03  λ=7.819935e-01  dt=1.423e-03  relΔE=6.192e-06  ||F||=4.791e-02
 step= 48000  E=7.506618471773e+02  Q=1.713000000000e+03  λ=7.795738e-01  dt=9.176e-04  relΔE=4.206e-06  ||F||=4.910e-02
 step= 48500  E=7.484910052520e+02  Q=1.713000000000e+03  λ=7.768516e-01  dt=1.420e-03  relΔE=6.849e-06  ||F||=5.029e-02
 step= 49000  E=7.463061694386e+02  Q=1.713000000000e+03  λ=7.741036e-01  dt=1.099e-03  relΔE=5.542e-06  ||F||=5.134e-02
 step= 49500  E=7.439597670144e+02  Q=1.713000000000e+03  λ=7.711501e-01  dt=8.508e-04  relΔE=4.503e-06  ||F||=5.253e-02
 step= 50000  E=7.415840884988e+02  Q=1.713000000000e+03  λ=7.681635e-01  dt=1.317e-03  relΔE=7.131e-06  ||F||=5.303e-02
 step= 50500  E=7.391635056542e+02  Q=1.713000000000e+03  λ=7.651193e-01  dt=1.019e-03  relΔE=5.653e-06  ||F||=5.359e-02
 step= 51000  E=7.366186935858e+02  Q=1.713000000000e+03  λ=7.619250e-01  dt=7.889e-04  relΔE=4.664e-06  ||F||=5.527e-02
 step= 51500  E=7.341685383170e+02  Q=1.713000000000e+03  λ=7.588613e-01  dt=1.221e-03  relΔE=6.910e-06  ||F||=5.394e-02
 step= 52000  E=7.316714793755e+02  Q=1.713000000000e+03  λ=7.557462e-01  dt=9.452e-04  relΔE=5.323e-06  ||F||=5.372e-02
 step= 52500  E=7.291636299171e+02  Q=1.713000000000e+03  λ=7.526358e-01  dt=1.463e-03  relΔE=8.087e-06  ||F||=5.317e-02
 step= 53000  E=7.268312597234e+02  Q=1.713000000000e+03  λ=7.497544e-01  dt=1.132e-03  relΔE=6.082e-06  ||F||=5.229e-02
 step= 53500  E=7.244886063313e+02  Q=1.713000000000e+03  λ=7.468786e-01  dt=8.764e-04  relΔE=4.521e-06  ||F||=5.117e-02
 step= 54000  E=7.223130748326e+02  Q=1.713000000000e+03  λ=7.442302e-01  dt=1.357e-03  relΔE=6.607e-06  ||F||=4.964e-02
 step= 54500  E=7.202769635324e+02  Q=1.713000000000e+03  λ=7.417679e-01  dt=1.050e-03  relΔE=4.779e-06  ||F||=4.792e-02
 step= 55000  E=7.183420555345e+02  Q=1.713000000000e+03  λ=7.394495e-01  dt=8.127e-04  relΔE=3.488e-06  ||F||=4.649e-02
 step= 55500  E=7.166362312381e+02  Q=1.713000000000e+03  λ=7.374283e-01  dt=1.258e-03  relΔE=4.803e-06  ||F||=4.378e-02
 step= 56000  E=7.150824091141e+02  Q=1.713000000000e+03  λ=7.356050e-01  dt=9.736e-04  relΔE=3.347e-06  ||F||=4.149e-02
 step= 56500  E=7.136488487338e+02  Q=1.713000000000e+03  λ=7.339465e-01  dt=1.507e-03  relΔE=4.566e-06  ||F||=4.996e-02
 step= 57000  E=7.124539910940e+02  Q=1.713000000000e+03  λ=7.325804e-01  dt=1.166e-03  relΔE=3.127e-06  ||F||=3.658e-02
 step= 57500  E=7.113675246784e+02  Q=1.713000000000e+03  λ=7.313578e-01  dt=9.028e-04  relΔE=2.106e-06  ||F||=3.410e-02
 step= 58000  E=7.104371839313e+02  Q=1.713000000000e+03  λ=7.303302e-01  dt=1.397e-03  relΔE=2.794e-06  ||F||=3.154e-02
 step= 58500  E=7.096572835397e+02  Q=1.713000000000e+03  λ=7.294843e-01  dt=1.082e-03  relΔE=1.848e-06  ||F||=2.914e-02
 step= 59000  E=7.089747880655e+02  Q=1.713000000000e+03  λ=7.287604e-01  dt=8.371e-04  relΔE=1.216e-06  ||F||=2.686e-02
 step= 59500  E=7.084148465090e+02  Q=1.713000000000e+03  λ=7.281818e-01  dt=1.296e-03  relΔE=1.566e-06  ||F||=2.449e-02
 step= 60000  E=7.079468652047e+02  Q=1.713000000000e+03  λ=7.277112e-01  dt=1.003e-03  relΔE=1.011e-06  ||F||=2.235e-02
 step= 60500  E=7.075452110280e+02  Q=1.713000000000e+03  λ=7.273205e-01  dt=7.762e-04  relΔE=6.979e-07  ||F||=2.143e-02
 step= 61000  E=7.072321681853e+02  Q=1.713000000000e+03  λ=7.270274e-01  dt=1.202e-03  relΔE=8.231e-07  ||F||=1.842e-02
 step= 61500  E=7.069663087512e+02  Q=1.713000000000e+03  λ=7.267888e-01  dt=9.299e-04  relΔE=5.214e-07  ||F||=1.666e-02
 step= 62000  E=7.067481032880e+02  Q=1.713000000000e+03  λ=7.266030e-01  dt=1.439e-03  relΔE=6.540e-07  ||F||=1.500e-02
 step= 62500  E=7.065767440703e+02  Q=1.713000000000e+03  λ=7.264653e-01  dt=1.114e-03  relΔE=4.121e-07  ||F||=1.353e-02
 step= 63000  E=7.064328218331e+02  Q=1.713000000000e+03  λ=7.263575e-01  dt=8.623e-04  relΔE=2.582e-07  ||F||=1.217e-02
 step= 63500  E=7.063193630054e+02  Q=1.713000000000e+03  λ=7.262797e-01  dt=1.335e-03  relΔE=3.200e-07  ||F||=1.089e-02
 step= 64000  E=7.062285549222e+02  Q=1.713000000000e+03  λ=7.262234e-01  dt=1.033e-03  relΔE=1.992e-07  ||F||=9.765e-03
 step= 64500  E=7.061536439023e+02  Q=1.713000000000e+03  λ=7.261828e-01  dt=7.996e-04  relΔE=1.276e-07  ||F||=8.885e-03
 step= 65000  E=7.060960487211e+02  Q=1.713000000000e+03  λ=7.261564e-01  dt=1.238e-03  relΔE=1.524e-07  ||F||=7.803e-03
 step= 65500  E=7.060493119310e+02  Q=1.713000000000e+03  λ=7.261393e-01  dt=9.579e-04  relΔE=9.416e-08  ||F||=6.970e-03
 step= 66000  E=7.060110871913e+02  Q=1.713000000000e+03  λ=7.261294e-01  dt=1.483e-03  relΔE=1.152e-07  ||F||=6.334e-03
 step= 66500  E=7.059823633030e+02  Q=1.713000000000e+03  λ=7.261253e-01  dt=1.148e-03  relΔE=7.131e-08  ||F||=5.541e-03
 step= 67000  E=7.059584328304e+02  Q=1.713000000000e+03  λ=7.261249e-01  dt=8.882e-04  relΔE=4.364e-08  ||F||=4.927e-03
 step= 67500  E=7.059398558239e+02  Q=1.713000000000e+03  λ=7.261273e-01  dt=1.375e-03  relΔE=5.353e-08  ||F||=4.385e-03
 step= 68000  E=7.059252376168e+02  Q=1.713000000000e+03  λ=7.261316e-01  dt=1.064e-03  relΔE=3.288e-08  ||F||=3.906e-03
 step= 68500  E=7.059133323047e+02  Q=1.713000000000e+03  λ=7.261371e-01  dt=8.236e-04  relΔE=2.006e-08  ||F||=3.468e-03
 step= 69000  E=7.059042254816e+02  Q=1.713000000000e+03  λ=7.261432e-01  dt=1.275e-03  relΔE=2.459e-08  ||F||=3.086e-03
 step= 69500  E=7.058969561141e+02  Q=1.713000000000e+03  λ=7.261496e-01  dt=9.867e-04  relΔE=1.505e-08  ||F||=2.744e-03
 step= 70000  E=7.058910387250e+02  Q=1.713000000000e+03  λ=7.261575e-01  dt=1.527e-03  relΔE=1.048e-08  ||F||=4.803e-02
 step= 70500  E=7.058866422798e+02  Q=1.713000000000e+03  λ=7.261625e-01  dt=1.182e-03  relΔE=1.124e-08  ||F||=2.167e-03
 step= 71000  E=7.058830193968e+02  Q=1.713000000000e+03  λ=7.261687e-01  dt=9.149e-04  relΔE=6.850e-09  ||F||=1.923e-03
 step= 71500  E=7.058801716951e+02  Q=1.713000000000e+03  λ=7.261745e-01  dt=1.416e-03  relΔE=8.350e-09  ||F||=1.706e-03
 step= 72000  E=7.058779818471e+02  Q=1.713000000000e+03  λ=7.261798e-01  dt=1.096e-03  relΔE=5.120e-09  ||F||=1.519e-03
 step= 72500  E=7.058761984780e+02  Q=1.713000000000e+03  λ=7.261848e-01  dt=8.484e-04  relΔE=3.115e-09  ||F||=1.347e-03
 step= 73000  E=7.058748218865e+02  Q=1.713000000000e+03  λ=7.261893e-01  dt=1.313e-03  relΔE=3.811e-09  ||F||=1.197e-03
 step= 73500  E=7.058737396778e+02  Q=1.713000000000e+03  λ=7.261934e-01  dt=1.016e-03  relΔE=2.333e-09  ||F||=1.065e-03
 step= 74000  E=7.058728559886e+02  Q=1.713000000000e+03  λ=7.261973e-01  dt=7.867e-04  relΔE=1.416e-09  ||F||=9.433e-04
 step= 74500  E=7.058721940192e+02  Q=1.713000000000e+03  λ=7.262006e-01  dt=1.218e-03  relΔE=1.740e-09  ||F||=8.406e-04
 step= 75000  E=7.058716555775e+02  Q=1.713000000000e+03  λ=7.262036e-01  dt=9.425e-04  relΔE=1.062e-09  ||F||=7.467e-04
 step= 75500  E=7.058712254538e+02  Q=1.713000000000e+03  λ=7.262064e-01  dt=1.459e-03  relΔE=1.293e-09  ||F||=6.626e-04
 step= 76000  E=7.058708998854e+02  Q=1.713000000000e+03  λ=7.262087e-01  dt=1.129e-03  relΔE=7.943e-10  ||F||=5.904e-04
 step= 76500  E=7.058706334296e+02  Q=1.713000000000e+03  λ=7.262109e-01  dt=8.739e-04  relΔE=4.841e-10  ||F||=5.242e-04
 step= 77000  E=7.058704257088e+02  Q=1.713000000000e+03  λ=7.262128e-01  dt=1.353e-03  relΔE=5.918e-10  ||F||=4.661e-04
 step= 77500  E=7.058702639930e+02  Q=1.713000000000e+03  λ=7.262145e-01  dt=1.047e-03  relΔE=3.629e-10  ||F||=4.153e-04
 step= 78000  E=7.058701319640e+02  Q=1.713000000000e+03  λ=7.262160e-01  dt=8.103e-04  relΔE=2.208e-10  ||F||=3.686e-04
 step= 78500  E=7.058700314510e+02  Q=1.713000000000e+03  λ=7.262173e-01  dt=1.254e-03  relΔE=2.710e-10  ||F||=3.286e-04
 step= 79000  E=7.058699511088e+02  Q=1.713000000000e+03  λ=7.262185e-01  dt=9.708e-04  relΔE=1.658e-10  ||F||=2.926e-04
 step= 79500  E=7.058698856342e+02  Q=1.713000000000e+03  λ=7.262196e-01  dt=1.503e-03  relΔE=1.730e-10  ||F||=4.110e-03
 step= 80000  E=7.058698370955e+02  Q=1.713000000000e+03  λ=7.262205e-01  dt=1.163e-03  relΔE=1.239e-10  ||F||=2.320e-04
 step= 80500  E=7.058697970859e+02  Q=1.713000000000e+03  λ=7.262213e-01  dt=9.002e-04  relΔE=7.554e-11  ||F||=2.064e-04
 step= 81000  E=7.058697656365e+02  Q=1.713000000000e+03  λ=7.262220e-01  dt=1.393e-03  relΔE=9.210e-11  ||F||=1.837e-04
 step= 81500  E=7.058697414202e+02  Q=1.713000000000e+03  λ=7.262226e-01  dt=1.078e-03  relΔE=5.641e-11  ||F||=1.640e-04
 step= 82000  E=7.058697217784e+02  Q=1.713000000000e+03  λ=7.262231e-01  dt=8.347e-04  relΔE=3.429e-11  ||F||=1.460e-04
 step= 82500  E=7.058697065988e+02  Q=1.713000000000e+03  λ=7.262236e-01  dt=1.292e-03  relΔE=4.183e-11  ||F||=1.302e-04
 step= 83000  E=7.058696947516e+02  Q=1.713000000000e+03  λ=7.262240e-01  dt=1.000e-03  relΔE=2.553e-11  ||F||=1.163e-04
 step= 83500  E=7.058696851167e+02  Q=1.713000000000e+03  λ=7.262244e-01  dt=7.740e-04  relΔE=1.542e-11  ||F||=1.035e-04
 step= 84000  E=7.058696779320e+02  Q=1.713000000000e+03  λ=7.262247e-01  dt=1.198e-03  relΔE=1.882e-11  ||F||=9.259e-05
 step= 84500  E=7.058696721146e+02  Q=1.713000000000e+03  λ=7.262250e-01  dt=9.273e-04  relΔE=1.136e-11  ||F||=8.257e-05
 step= 85000  E=7.058696675424e+02  Q=1.713000000000e+03  λ=7.262253e-01  dt=1.435e-03  relΔE=1.364e-11  ||F||=7.358e-05
 step= 85500  E=7.058696641231e+02  Q=1.713000000000e+03  λ=7.262255e-01  dt=1.111e-03  relΔE=8.239e-12  ||F||=6.585e-05
 step= 86000  E=7.058696613829e+02  Q=1.713000000000e+03  λ=7.262257e-01  dt=8.598e-04  relΔE=4.912e-12  ||F||=5.873e-05
 step= 86500  E=7.058696592940e+02  Q=1.713000000000e+03  λ=7.262258e-01  dt=1.331e-03  relΔE=5.836e-12  ||F||=5.245e-05
 step= 87000  E=7.058696577219e+02  Q=1.713000000000e+03  λ=7.262260e-01  dt=1.030e-03  relΔE=3.458e-12  ||F||=4.694e-05
 step= 87500  E=7.058696564879e+02  Q=1.713000000000e+03  λ=7.262261e-01  dt=7.973e-04  relΔE=2.011e-12  ||F||=4.186e-05
 step= 88000  E=7.058696555939e+02  Q=1.713000000000e+03  λ=7.262262e-01  dt=1.234e-03  relΔE=2.336e-12  ||F||=3.749e-05
 step= 88500  E=7.058696549216e+02  Q=1.713000000000e+03  λ=7.262263e-01  dt=9.551e-04  relΔE=1.331e-12  ||F||=3.354e-05
 step= 89000  E=7.058696544180e+02  Q=1.713000000000e+03  λ=7.262264e-01  dt=1.479e-03  relΔE=1.419e-12  ||F||=1.857e-04
 step= 89500  E=7.058696540818e+02  Q=1.713000000000e+03  λ=7.262265e-01  dt=1.144e-03  relΔE=8.038e-13  ||F||=2.685e-05
 step= 90000  E=7.058696538406e+02  Q=1.713000000000e+03  λ=7.262265e-01  dt=8.857e-04  relΔE=4.136e-13  ||F||=2.400e-05
 step= 90500  E=7.058696536859e+02  Q=1.713000000000e+03  λ=7.262266e-01  dt=1.371e-03  relΔE=3.946e-13  ||F||=2.147e-05
 step= 91000  E=7.058696535978e+02  Q=1.713000000000e+03  λ=7.262266e-01  dt=1.061e-03  relΔE=1.646e-13  ||F||=1.927e-05
 step= 91500  E=7.058696535559e+02  Q=1.713000000000e+03  λ=7.262267e-01  dt=8.212e-04  relΔE=4.316e-14  ||F||=1.725e-05
  !! dt fell below dt_min: stiffness-limited termination.

Stationary candidate (aggressive): E=7.058696535491e+02, Q=1.713000000000e+03, maxρ=9.697036e-01

=== Stability test (damped inertial dynamics) ===
Perturb eps=0.02, gamma=1
t=0: E=7.898419278558e+02, Q=1.713000000000e+03, maxρ=1.001546e+00, σ=2.621585e+00, Rc=1.832763e+01
 step=     1  E=7.898415051939e+02  Q=1.713000000000e+03  λ=1.113909e+00  maxρ=1.001546e+00  minρ=2.698e-12  σ=2.621585e+00  Rc=1.832763e+01
 step=   300  E=7.725124706582e+02  Q=1.713000000000e+03  λ=1.010557e+00  maxρ=9.998463e-01  minρ=2.711e-12  σ=2.621582e+00  Rc=1.832763e+01
 step=   600  E=7.376699722872e+02  Q=1.713000000000e+03  λ=8.234748e-01  maxρ=9.950536e-01  minρ=2.727e-12  σ=2.621577e+00  Rc=1.832764e+01
 step=   900  E=7.172983186706e+02  Q=1.713000000000e+03  λ=7.640079e-01  maxρ=9.879647e-01  minρ=2.694e-12  σ=2.621575e+00  Rc=1.832763e+01
 step=  1200  E=7.250986691020e+02  Q=1.713000000000e+03  λ=8.720461e-01  maxρ=9.848718e-01  minρ=2.661e-12  σ=2.621577e+00  Rc=1.832763e+01
 step=  1500  E=7.460210554285e+02  Q=1.713000000000e+03  λ=9.890272e-01  maxρ=9.900411e-01  minρ=2.644e-12  σ=2.621579e+00  Rc=1.832762e+01
 step=  1800  E=7.567060940741e+02  Q=1.713000000000e+03  λ=9.748107e-01  maxρ=9.932080e-01  minρ=2.645e-12  σ=2.621576e+00  Rc=1.832762e+01
 step=  2100  E=7.504307608600e+02  Q=1.713000000000e+03  λ=8.729648e-01  maxρ=9.881490e-01  minρ=2.640e-12  σ=2.621573e+00  Rc=1.832763e+01
 step=  2400  E=7.393838922119e+02  Q=1.713000000000e+03  λ=8.260006e-01  maxρ=9.781289e-01  minρ=2.573e-12  σ=2.621574e+00  Rc=1.832763e+01
 step=  2700  E=7.366421703382e+02  Q=1.713000000000e+03  λ=8.811792e-01  maxρ=9.842540e-01  minρ=2.534e-12  σ=2.621577e+00  Rc=1.832762e+01
 step=  3000  E=7.419558108697e+02  Q=1.713000000000e+03  λ=9.473940e-01  maxρ=9.966169e-01  minρ=2.567e-12  σ=2.621577e+00  Rc=1.832762e+01
 step=  3300  E=7.459887292458e+02  Q=1.713000000000e+03  λ=9.347554e-01  maxρ=9.991746e-01  minρ=2.605e-12  σ=2.621574e+00  Rc=1.832763e+01
 step=  3600  E=7.435644296432e+02  Q=1.713000000000e+03  λ=8.696359e-01  maxρ=9.922487e-01  minρ=2.610e-12  σ=2.621569e+00  Rc=1.832763e+01
 step=  3900  E=7.385016704929e+02  Q=1.713000000000e+03  λ=8.408656e-01  maxρ=9.909342e-01  minρ=2.520e-12  σ=2.621569e+00  Rc=1.832762e+01
 step=  4200  E=7.366602832649e+02  Q=1.713000000000e+03  λ=8.740829e-01  maxρ=9.874864e-01  minρ=2.406e-12  σ=2.621573e+00  Rc=1.832762e+01
 step=  4500  E=7.384917408095e+02  Q=1.713000000000e+03  λ=9.098404e-01  maxρ=9.857057e-01  minρ=2.359e-12  σ=2.621574e+00  Rc=1.832762e+01
 step=  4800  E=7.400885693718e+02  Q=1.713000000000e+03  λ=8.969884e-01  maxρ=9.894167e-01  minρ=2.402e-12  σ=2.621570e+00  Rc=1.832762e+01
 step=  5100  E=7.391493558278e+02  Q=1.713000000000e+03  λ=8.588131e-01  maxρ=9.903888e-01  minρ=2.266e-12  σ=2.621565e+00  Rc=1.832762e+01
 step=  5400  E=7.372204571555e+02  Q=1.713000000000e+03  λ=8.487128e-01  maxρ=9.892160e-01  minρ=2.174e-12  σ=2.621563e+00  Rc=1.832761e+01
 step=  5700  E=7.365039967437e+02  Q=1.713000000000e+03  λ=8.731492e-01  maxρ=9.858305e-01  minρ=2.190e-12  σ=2.621565e+00  Rc=1.832761e+01
 step=  6000  E=7.368402197413e+02  Q=1.713000000000e+03  λ=8.908230e-01  maxρ=9.838507e-01  minρ=2.283e-12  σ=2.621565e+00  Rc=1.832761e+01
 >>> No runaway detected in this horizon. Likely stable (within this model & box).

STABILITY: PASS
