
=== Aggressive relaxation to Q = 1172 ===
Initial: E=7.639094389396e+02, Q=1.172000000000e+03, dt=1.000e-04
 step=     1  E=7.638847297992e+02  Q=1.172000000000e+03  λ=1.312784e+00  dt=1.000e-04  relΔE=3.235e-05  ||F||=4.597e-01
 step=   500  E=7.376038105602e+02  Q=1.172000000000e+03  λ=1.244924e+00  dt=6.192e-04  relΔE=1.174e-04  ||F||=3.789e-01
 step=  1000  E=6.871832756997e+02  Q=1.172000000000e+03  λ=1.117942e+00  dt=9.584e-04  relΔE=7.922e-05  ||F||=2.414e-01
 step=  1500  E=6.618860812608e+02  Q=1.172000000000e+03  λ=1.056416e+00  dt=1.484e-03  relΔE=6.637e-05  ||F||=3.298e-01
 step=  2000  E=6.480396700935e+02  Q=1.172000000000e+03  λ=1.023778e+00  dt=9.569e-04  relΔE=2.908e-05  ||F||=1.421e-01
 step=  2500  E=6.378141886432e+02  Q=1.172000000000e+03  λ=1.000688e+00  dt=1.481e-03  relΔE=3.276e-05  ||F||=1.448e-01
 step=  3000  E=6.305302207062e+02  Q=1.172000000000e+03  λ=9.848952e-01  dt=1.146e-03  relΔE=2.030e-05  ||F||=1.070e-01
 step=  3500  E=6.243445522972e+02  Q=1.172000000000e+03  λ=9.720138e-01  dt=8.873e-04  relΔE=1.307e-05  ||F||=9.710e-02
 step=  4000  E=6.192528229698e+02  Q=1.172000000000e+03  λ=9.618017e-01  dt=1.373e-03  relΔE=1.736e-05  ||F||=8.955e-02
 step=  4500  E=6.149376283667e+02  Q=1.172000000000e+03  λ=9.533997e-01  dt=1.063e-03  relΔE=1.183e-05  ||F||=8.375e-02
 step=  5000  E=6.109905664470e+02  Q=1.172000000000e+03  λ=9.459196e-01  dt=8.227e-04  relΔE=8.151e-06  ||F||=7.875e-02
 step=  5500  E=6.075912908245e+02  Q=1.172000000000e+03  λ=9.396323e-01  dt=1.274e-03  relΔE=1.139e-05  ||F||=7.462e-02
 step=  6000  E=6.045096578167e+02  Q=1.172000000000e+03  λ=9.340367e-01  dt=9.857e-04  relΔE=8.023e-06  ||F||=7.100e-02
 step=  6500  E=6.016122773661e+02  Q=1.172000000000e+03  λ=9.290003e-01  dt=1.526e-03  relΔE=7.451e-06  ||F||=5.297e-01
 step=  7000  E=5.991159075961e+02  Q=1.172000000000e+03  λ=9.244870e-01  dt=1.181e-03  relΔE=8.079e-06  ||F||=6.480e-02
 step=  7500  E=5.967422801749e+02  Q=1.172000000000e+03  λ=9.203721e-01  dt=9.140e-04  relΔE=5.791e-06  ||F||=6.224e-02
 step=  8000  E=5.945418161538e+02  Q=1.172000000000e+03  λ=9.166087e-01  dt=1.415e-03  relΔE=8.277e-06  ||F||=5.970e-02
 step=  8500  E=5.926231078735e+02  Q=1.172000000000e+03  λ=9.133571e-01  dt=9.125e-04  relΔE=4.985e-06  ||F||=5.758e-02
 step=  9000  E=5.907188355553e+02  Q=1.172000000000e+03  λ=9.101674e-01  dt=1.412e-03  relΔE=7.188e-06  ||F||=5.549e-02
 step=  9500  E=5.889972841274e+02  Q=1.172000000000e+03  λ=9.073068e-01  dt=1.093e-03  relΔE=5.210e-06  ||F||=5.362e-02
 step= 10000  E=5.873483094351e+02  Q=1.172000000000e+03  λ=9.045909e-01  dt=8.461e-04  relΔE=3.799e-06  ||F||=5.197e-02
 step= 10500  E=5.858290634056e+02  Q=1.172000000000e+03  λ=9.021120e-01  dt=1.310e-03  relΔE=5.500e-06  ||F||=5.020e-02
 step= 11000  E=5.844089563318e+02  Q=1.172000000000e+03  λ=8.998096e-01  dt=1.014e-03  relΔE=4.014e-06  ||F||=4.869e-02
 step= 11500  E=5.830277676538e+02  Q=1.172000000000e+03  λ=8.975876e-01  dt=7.845e-04  relΔE=3.114e-06  ||F||=4.872e-02
 step= 12000  E=5.817866297511e+02  Q=1.172000000000e+03  λ=8.956065e-01  dt=1.214e-03  relΔE=4.294e-06  ||F||=4.590e-02
 step= 12500  E=5.805802230665e+02  Q=1.172000000000e+03  λ=8.936918e-01  dt=9.399e-04  relΔE=3.153e-06  ||F||=4.466e-02
 step= 13000  E=5.794225716026e+02  Q=1.172000000000e+03  λ=8.918690e-01  dt=1.455e-03  relΔE=4.624e-06  ||F||=4.344e-02
 step= 13500  E=5.783692773361e+02  Q=1.172000000000e+03  λ=8.902188e-01  dt=1.126e-03  relΔE=3.409e-06  ||F||=4.234e-02
 step= 14000  E=5.773253799888e+02  Q=1.172000000000e+03  λ=8.885940e-01  dt=8.715e-04  relΔE=2.522e-06  ||F||=4.136e-02
 step= 14500  E=5.763540087022e+02  Q=1.172000000000e+03  λ=8.870933e-01  dt=1.349e-03  relΔE=3.711e-06  ||F||=4.029e-02
 step= 15000  E=5.754303134455e+02  Q=1.172000000000e+03  λ=8.856731e-01  dt=1.044e-03  relΔE=2.747e-06  ||F||=3.937e-02
 step= 15500  E=5.745221290511e+02  Q=1.172000000000e+03  λ=8.842857e-01  dt=8.081e-04  relΔE=2.110e-06  ||F||=3.921e-02
 step= 16000  E=5.736856343844e+02  Q=1.172000000000e+03  λ=8.830166e-01  dt=1.251e-03  relΔE=3.019e-06  ||F||=3.766e-02
 step= 16500  E=5.728729741052e+02  Q=1.172000000000e+03  λ=8.817897e-01  dt=9.682e-04  relΔE=2.246e-06  ||F||=3.689e-02
 step= 17000  E=5.720702057657e+02  Q=1.172000000000e+03  λ=8.805885e-01  dt=1.499e-03  relΔE=3.285e-06  ||F||=7.060e-02
 step= 17500  E=5.713411917020e+02  Q=1.172000000000e+03  λ=8.794993e-01  dt=1.160e-03  relΔE=2.491e-06  ||F||=3.544e-02
 step= 18000  E=5.706087953220e+02  Q=1.172000000000e+03  λ=8.784136e-01  dt=8.978e-04  relΔE=1.864e-06  ||F||=3.483e-02
 step= 18500  E=5.699080923844e+02  Q=1.172000000000e+03  λ=8.773823e-01  dt=1.390e-03  relΔE=2.778e-06  ||F||=3.416e-02
 step= 19000  E=5.692441971271e+02  Q=1.172000000000e+03  λ=8.764099e-01  dt=1.076e-03  relΔE=2.081e-06  ||F||=3.359e-02
 step= 19500  E=5.685810151357e+02  Q=1.172000000000e+03  λ=8.754445e-01  dt=8.324e-04  relΔE=1.576e-06  ||F||=3.320e-02
 step= 20000  E=5.679573678462e+02  Q=1.172000000000e+03  λ=8.745432e-01  dt=1.289e-03  relΔE=2.343e-06  ||F||=3.252e-02
 step= 20500  E=5.673485430260e+02  Q=1.172000000000e+03  λ=8.736675e-01  dt=9.973e-04  relΔE=1.763e-06  ||F||=3.204e-02
 step= 21000  E=5.667390609998e+02  Q=1.172000000000e+03  λ=8.727967e-01  dt=7.719e-04  relΔE=1.473e-06  ||F||=3.382e-02
 step= 21500  E=5.661763252364e+02  Q=1.172000000000e+03  λ=8.719976e-01  dt=1.195e-03  relΔE=2.001e-06  ||F||=3.116e-02
 step= 22000  E=5.656104727920e+02  Q=1.172000000000e+03  λ=8.711983e-01  dt=9.248e-04  relΔE=1.514e-06  ||F||=3.080e-02
 step= 22500  E=5.650533185872e+02  Q=1.172000000000e+03  λ=8.704169e-01  dt=1.431e-03  relΔE=2.286e-06  ||F||=3.040e-02
 step= 23000  E=5.645269901406e+02  Q=1.172000000000e+03  λ=8.696820e-01  dt=1.108e-03  relΔE=1.733e-06  ||F||=3.007e-02
 step= 23500  E=5.639945363590e+02  Q=1.172000000000e+03  λ=8.689429e-01  dt=8.575e-04  relΔE=1.320e-06  ||F||=2.982e-02
 step= 24000  E=5.634810097069e+02  Q=1.172000000000e+03  λ=8.682348e-01  dt=1.327e-03  relΔE=1.999e-06  ||F||=2.948e-02
 step= 24500  E=5.629797837504e+02  Q=1.172000000000e+03  λ=8.675466e-01  dt=1.027e-03  relΔE=1.522e-06  ||F||=2.923e-02
 step= 25000  E=5.624696444405e+02  Q=1.172000000000e+03  λ=8.668500e-01  dt=7.951e-04  relΔE=1.212e-06  ||F||=2.965e-02
 step= 25500  E=5.619892405653e+02  Q=1.172000000000e+03  λ=8.661977e-01  dt=1.231e-03  relΔE=1.773e-06  ||F||=2.879e-02
 step= 26000  E=5.615075849989e+02  Q=1.172000000000e+03  λ=8.655461e-01  dt=9.526e-04  relΔE=1.358e-06  ||F||=2.863e-02
 step= 26500  E=5.610172793368e+02  Q=1.172000000000e+03  λ=8.648866e-01  dt=1.475e-03  relΔE=2.079e-06  ||F||=2.865e-02
 step= 27000  E=5.605562315609e+02  Q=1.172000000000e+03  λ=8.642680e-01  dt=1.141e-03  relΔE=1.597e-06  ||F||=2.834e-02
 step= 27500  E=5.600777265444e+02  Q=1.172000000000e+03  λ=8.636285e-01  dt=8.833e-04  relΔE=1.234e-06  ||F||=2.831e-02
 step= 28000  E=5.596112533094e+02  Q=1.172000000000e+03  λ=8.630078e-01  dt=1.367e-03  relΔE=1.893e-06  ||F||=2.817e-02
 step= 28500  E=5.591509708378e+02  Q=1.172000000000e+03  λ=8.623962e-01  dt=1.058e-03  relΔE=1.462e-06  ||F||=2.813e-02
 step= 29000  E=5.586766586414e+02  Q=1.172000000000e+03  λ=8.617675e-01  dt=8.190e-04  relΔE=1.137e-06  ||F||=2.819e-02
 step= 29500  E=5.582192108165e+02  Q=1.172000000000e+03  λ=8.611627e-01  dt=1.268e-03  relΔE=1.753e-06  ||F||=2.812e-02
 step= 30000  E=5.577555680879e+02  Q=1.172000000000e+03  λ=8.605497e-01  dt=9.812e-04  relΔE=1.362e-06  ||F||=2.816e-02
 step= 30500  E=5.572762352658e+02  Q=1.172000000000e+03  λ=8.599447e-01  dt=1.519e-03  relΔE=1.216e-06  ||F||=2.456e-01
 step= 31000  E=5.568204009645e+02  Q=1.172000000000e+03  λ=8.593140e-01  dt=1.176e-03  relΔE=1.653e-06  ||F||=2.831e-02
 step= 31500  E=5.563431221910e+02  Q=1.172000000000e+03  λ=8.586822e-01  dt=9.098e-04  relΔE=1.296e-06  ||F||=2.848e-02
 step= 32000  E=5.558613865055e+02  Q=1.172000000000e+03  λ=8.580440e-01  dt=1.408e-03  relΔE=2.023e-06  ||F||=2.860e-02
 step= 32500  E=5.553856271691e+02  Q=1.172000000000e+03  λ=8.574111e-01  dt=1.090e-03  relΔE=1.588e-06  ||F||=2.879e-02
 step= 33000  E=5.548876136891e+02  Q=1.172000000000e+03  λ=8.567464e-01  dt=8.436e-04  relΔE=1.259e-06  ||F||=2.912e-02
 step= 33500  E=5.543917657318e+02  Q=1.172000000000e+03  λ=8.560823e-01  dt=1.306e-03  relΔE=1.970e-06  ||F||=2.926e-02
 step= 34000  E=5.538877814703e+02  Q=1.172000000000e+03  λ=8.554029e-01  dt=1.011e-03  relΔE=1.557e-06  ||F||=2.956e-02
 step= 34500  E=5.533558850132e+02  Q=1.172000000000e+03  λ=8.546815e-01  dt=7.823e-04  relΔE=1.289e-06  ||F||=3.057e-02
 step= 35000  E=5.528367429376e+02  Q=1.172000000000e+03  λ=8.539729e-01  dt=1.211e-03  relΔE=1.957e-06  ||F||=3.025e-02
 step= 35500  E=5.522884805475e+02  Q=1.172000000000e+03  λ=8.532179e-01  dt=9.372e-04  relΔE=1.561e-06  ||F||=3.069e-02
 step= 36000  E=5.517180256346e+02  Q=1.172000000000e+03  λ=8.524262e-01  dt=1.451e-03  relΔE=2.486e-06  ||F||=3.120e-02
 step= 36500  E=5.511555885881e+02  Q=1.172000000000e+03  λ=8.516370e-01  dt=1.123e-03  relΔE=1.986e-06  ||F||=3.159e-02
 step= 37000  E=5.505468332878e+02  Q=1.172000000000e+03  λ=8.507740e-01  dt=8.690e-04  relΔE=1.600e-06  ||F||=3.222e-02
 step= 37500  E=5.499312060381e+02  Q=1.172000000000e+03  λ=8.498923e-01  dt=1.345e-03  relΔE=2.556e-06  ||F||=3.271e-02
 step= 38000  E=5.492971333193e+02  Q=1.172000000000e+03  λ=8.489721e-01  dt=1.041e-03  relΔE=2.057e-06  ||F||=3.334e-02
 step= 38500  E=5.486150507653e+02  Q=1.172000000000e+03  λ=8.479699e-01  dt=8.058e-04  relΔE=1.705e-06  ||F||=3.449e-02
 step= 39000  E=5.479318779775e+02  Q=1.172000000000e+03  λ=8.469536e-01  dt=1.247e-03  relΔE=2.682e-06  ||F||=3.473e-02
 step= 39500  E=5.472091680438e+02  Q=1.172000000000e+03  λ=8.458626e-01  dt=9.654e-04  relΔE=2.173e-06  ||F||=3.552e-02
 step= 40000  E=5.464304017543e+02  Q=1.172000000000e+03  λ=8.446717e-01  dt=1.494e-03  relΔE=3.525e-06  ||F||=3.838e-02
 step= 40500  E=5.456558701649e+02  Q=1.172000000000e+03  λ=8.434681e-01  dt=1.157e-03  relΔE=2.864e-06  ||F||=3.720e-02
 step= 41000  E=5.448108185991e+02  Q=1.172000000000e+03  λ=8.421358e-01  dt=8.952e-04  relΔE=2.341e-06  ||F||=3.820e-02
 step= 41500  E=5.439317943718e+02  Q=1.172000000000e+03  λ=8.407306e-01  dt=1.386e-03  relΔE=3.802e-06  ||F||=3.909e-02
 step= 42000  E=5.430220488386e+02  Q=1.172000000000e+03  λ=8.392524e-01  dt=1.072e-03  relΔE=3.099e-06  ||F||=4.009e-02
 step= 42500  E=5.420319157405e+02  Q=1.172000000000e+03  λ=8.376193e-01  dt=8.300e-04  relΔE=2.567e-06  ||F||=4.144e-02
 step= 43000  E=5.410211290457e+02  Q=1.172000000000e+03  λ=8.359288e-01  dt=1.285e-03  relΔE=4.133e-06  ||F||=4.221e-02
 step= 43500  E=5.399542166909e+02  Q=1.172000000000e+03  λ=8.341158e-01  dt=9.944e-04  relΔE=3.374e-06  ||F||=4.331e-02
 step= 44000  E=5.387868829443e+02  Q=1.172000000000e+03  λ=8.321204e-01  dt=7.697e-04  relΔE=3.641e-06  ||F||=1.956e-01
 step= 44500  E=5.376289601473e+02  Q=1.172000000000e+03  λ=8.300794e-01  dt=1.191e-03  relΔE=4.485e-06  ||F||=4.552e-02
 step= 45000  E=5.363739634351e+02  Q=1.172000000000e+03  λ=8.278533e-01  dt=9.221e-04  relΔE=3.656e-06  ||F||=4.667e-02
 step= 45500  E=5.350510581033e+02  Q=1.172000000000e+03  λ=8.254777e-01  dt=1.427e-03  relΔE=5.925e-06  ||F||=4.769e-02
 step= 46000  E=5.337045788833e+02  Q=1.172000000000e+03  λ=8.230247e-01  dt=1.105e-03  relΔE=4.791e-06  ||F||=4.868e-02
 step= 46500  E=5.322627456546e+02  Q=1.172000000000e+03  λ=8.203650e-01  dt=8.550e-04  relΔE=3.890e-06  ||F||=4.980e-02
 step= 47000  E=5.307973804120e+02  Q=1.172000000000e+03  λ=8.176324e-01  dt=1.323e-03  relΔE=6.193e-06  ||F||=5.043e-02
 step= 47500  E=5.292947965065e+02  Q=1.172000000000e+03  λ=8.147945e-01  dt=1.024e-03  relΔE=4.938e-06  ||F||=5.111e-02
 step= 48000  E=5.277024233278e+02  Q=1.172000000000e+03  λ=8.117540e-01  dt=7.928e-04  relΔE=4.104e-06  ||F||=5.292e-02
 step= 48500  E=5.261565116486e+02  Q=1.172000000000e+03  λ=8.087746e-01  dt=1.227e-03  relΔE=6.153e-06  ||F||=5.197e-02
 step= 49000  E=5.245610884299e+02  Q=1.172000000000e+03  λ=8.056656e-01  dt=9.498e-04  relΔE=4.806e-06  ||F||=5.213e-02
 step= 49500  E=5.229293364918e+02  Q=1.172000000000e+03  λ=8.024594e-01  dt=1.470e-03  relΔE=7.420e-06  ||F||=5.216e-02
 step= 50000  E=5.213919411846e+02  Q=1.172000000000e+03  λ=7.994067e-01  dt=1.138e-03  relΔE=5.682e-06  ||F||=5.163e-02
 step= 50500  E=5.198119966936e+02  Q=1.172000000000e+03  λ=7.962425e-01  dt=8.807e-04  relΔE=4.315e-06  ||F||=5.107e-02
 step= 51000  E=5.183128134682e+02  Q=1.172000000000e+03  λ=7.932180e-01  dt=1.363e-03  relΔE=6.448e-06  ||F||=5.010e-02
 step= 51500  E=5.168799299193e+02  Q=1.172000000000e+03  λ=7.902995e-01  dt=1.055e-03  relΔE=4.779e-06  ||F||=4.896e-02
 step= 52000  E=5.154807244630e+02  Q=1.172000000000e+03  λ=7.874262e-01  dt=8.166e-04  relΔE=3.547e-06  ||F||=4.788e-02
 step= 52500  E=5.142135158467e+02  Q=1.172000000000e+03  λ=7.848055e-01  dt=1.264e-03  relΔE=5.063e-06  ||F||=4.592e-02
 step= 53000  E=5.130241475579e+02  Q=1.172000000000e+03  λ=7.823221e-01  dt=9.784e-04  relΔE=3.622e-06  ||F||=4.410e-02
 step= 53500  E=5.119014362730e+02  Q=1.172000000000e+03  λ=7.799686e-01  dt=1.514e-03  relΔE=4.779e-06  ||F||=1.414e-01
 step= 54000  E=5.109405732891e+02  Q=1.172000000000e+03  λ=7.779182e-01  dt=1.172e-03  relΔE=3.580e-06  ||F||=3.997e-02
 step= 54500  E=5.100427878507e+02  Q=1.172000000000e+03  λ=7.759924e-01  dt=9.072e-04  relΔE=2.477e-06  ||F||=3.776e-02
 step= 55000  E=5.092492686046e+02  Q=1.172000000000e+03  λ=7.742750e-01  dt=1.404e-03  relΔE=3.378e-06  ||F||=3.542e-02
 step= 55500  E=5.085695509826e+02  Q=1.172000000000e+03  λ=7.727859e-01  dt=1.087e-03  relΔE=2.294e-06  ||F||=3.314e-02
 step= 56000  E=5.079571393219e+02  Q=1.172000000000e+03  λ=7.714288e-01  dt=8.412e-04  relΔE=1.546e-06  ||F||=3.091e-02
 step= 56500  E=5.074431033623e+02  Q=1.172000000000e+03  λ=7.702764e-01  dt=1.302e-03  relΔE=2.044e-06  ||F||=2.855e-02
 step= 57000  E=5.070023840194e+02  Q=1.172000000000e+03  λ=7.692734e-01  dt=1.008e-03  relΔE=1.350e-06  ||F||=2.637e-02
 step= 57500  E=5.066163716836e+02  Q=1.172000000000e+03  λ=7.683812e-01  dt=7.800e-04  relΔE=9.475e-07  ||F||=2.514e-02
 step= 58000  E=5.063076950612e+02  Q=1.172000000000e+03  λ=7.676569e-01  dt=1.207e-03  relΔE=1.149e-06  ||F||=2.220e-02
 step= 58500  E=5.060412485689e+02  Q=1.172000000000e+03  λ=7.670192e-01  dt=9.345e-04  relΔE=7.425e-07  ||F||=2.028e-02
 step= 59000  E=5.058172775348e+02  Q=1.172000000000e+03  λ=7.664729e-01  dt=1.447e-03  relΔE=9.496e-07  ||F||=1.844e-02
 step= 59500  E=5.056386870605e+02  Q=1.172000000000e+03  λ=7.660268e-01  dt=1.120e-03  relΔE=6.092e-07  ||F||=1.678e-02
 step= 60000  E=5.054861615049e+02  Q=1.172000000000e+03  λ=7.656366e-01  dt=8.665e-04  relΔE=3.876e-07  ||F||=1.521e-02
 step= 60500  E=5.053635346790e+02  Q=1.172000000000e+03  λ=7.653147e-01  dt=1.341e-03  relΔE=4.893e-07  ||F||=1.373e-02
 step= 61000  E=5.052639119817e+02  Q=1.172000000000e+03  λ=7.650450e-01  dt=1.038e-03  relΔE=3.092e-07  ||F||=1.241e-02
 step= 61500  E=5.051805600387e+02  Q=1.172000000000e+03  λ=7.648121e-01  dt=8.035e-04  relΔE=1.973e-07  ||F||=1.127e-02
 step= 62000  E=5.051154722809e+02  Q=1.172000000000e+03  λ=7.646240e-01  dt=1.244e-03  relΔE=2.432e-07  ||F||=1.005e-02
 step= 62500  E=5.050620338970e+02  Q=1.172000000000e+03  λ=7.644634e-01  dt=9.626e-04  relΔE=1.521e-07  ||F||=9.033e-03
 step= 63000  E=5.050177791054e+02  Q=1.172000000000e+03  λ=7.643249e-01  dt=1.490e-03  relΔE=1.879e-07  ||F||=9.588e-03
 step= 63500  E=5.049841930899e+02  Q=1.172000000000e+03  λ=7.642149e-01  dt=1.153e-03  relΔE=1.179e-07  ||F||=7.263e-03
 step= 64000  E=5.049558934561e+02  Q=1.172000000000e+03  λ=7.641177e-01  dt=8.926e-04  relΔE=7.312e-08  ||F||=6.500e-03
 step= 64500  E=5.049336232488e+02  Q=1.172000000000e+03  λ=7.640373e-01  dt=1.382e-03  relΔE=9.038e-08  ||F||=5.807e-03
 step= 65000  E=5.049159651225e+02  Q=1.172000000000e+03  λ=7.639699e-01  dt=1.069e-03  relΔE=5.603e-08  ||F||=5.196e-03
 step= 65500  E=5.049014943064e+02  Q=1.172000000000e+03  λ=7.639113e-01  dt=8.276e-04  relΔE=3.450e-08  ||F||=4.633e-03
 step= 66000  E=5.048902711648e+02  Q=1.172000000000e+03  λ=7.638629e-01  dt=1.281e-03  relΔE=4.266e-08  ||F||=4.140e-03
 step= 66500  E=5.048813886280e+02  Q=1.172000000000e+03  λ=7.638221e-01  dt=8.263e-04  relΔE=2.202e-08  ||F||=3.702e-03
 step= 67000  E=5.048742188141e+02  Q=1.172000000000e+03  λ=7.637868e-01  dt=1.279e-03  relΔE=2.719e-08  ||F||=3.306e-03
 step= 67500  E=5.048685617477e+02  Q=1.172000000000e+03  λ=7.637569e-01  dt=8.250e-04  relΔE=1.401e-08  ||F||=2.954e-03
 step= 68000  E=5.048640069430e+02  Q=1.172000000000e+03  λ=7.637310e-01  dt=1.277e-03  relΔE=1.729e-08  ||F||=2.637e-03
 step= 68500  E=5.048603459701e+02  Q=1.172000000000e+03  λ=7.637085e-01  dt=9.883e-04  relΔE=1.064e-08  ||F||=2.349e-03
 step= 69000  E=5.048573490677e+02  Q=1.172000000000e+03  λ=7.636905e-01  dt=6.374e-04  relΔE=1.513e-08  ||F||=6.483e-02
 step= 69500  E=5.048551902362e+02  Q=1.172000000000e+03  λ=7.636727e-01  dt=9.867e-04  relΔE=6.750e-09  ||F||=1.871e-03
 step= 70000  E=5.048532905500e+02  Q=1.172000000000e+03  λ=7.636599e-01  dt=1.527e-03  relΔE=1.042e-09  ||F||=6.771e-02
 step= 70500  E=5.048518706362e+02  Q=1.172000000000e+03  λ=7.636454e-01  dt=1.182e-03  relΔE=5.093e-09  ||F||=1.483e-03
 step= 71000  E=5.048506954244e+02  Q=1.172000000000e+03  λ=7.636342e-01  dt=9.149e-04  relΔE=3.120e-09  ||F||=1.318e-03
 step= 71500  E=5.048497676726e+02  Q=1.172000000000e+03  λ=7.636245e-01  dt=1.416e-03  relΔE=3.825e-09  ||F||=1.172e-03
 step= 72000  E=5.048490693630e+02  Q=1.172000000000e+03  λ=7.636164e-01  dt=9.135e-04  relΔE=1.979e-09  ||F||=1.048e-03
 step= 72500  E=5.048484806737e+02  Q=1.172000000000e+03  λ=7.636090e-01  dt=1.414e-03  relΔE=2.428e-09  ||F||=9.321e-04
 step= 73000  E=5.048480252560e+02  Q=1.172000000000e+03  λ=7.636026e-01  dt=1.094e-03  relΔE=1.498e-09  ||F||=8.311e-04
 step= 73500  E=5.048476513705e+02  Q=1.172000000000e+03  λ=7.635968e-01  dt=8.470e-04  relΔE=9.176e-10  ||F||=7.381e-04
 step= 74000  E=5.048473608615e+02  Q=1.172000000000e+03  λ=7.635918e-01  dt=1.311e-03  relΔE=1.130e-09  ||F||=6.572e-04
 step= 74500  E=5.048471311389e+02  Q=1.172000000000e+03  λ=7.635875e-01  dt=1.015e-03  relΔE=6.971e-10  ||F||=5.856e-04
 step= 75000  E=5.048469420876e+02  Q=1.172000000000e+03  λ=7.635835e-01  dt=7.854e-04  relΔE=4.267e-10  ||F||=5.195e-04
 step= 75500  E=5.048467990854e+02  Q=1.172000000000e+03  λ=7.635801e-01  dt=1.216e-03  relΔE=5.286e-10  ||F||=4.636e-04
 step= 76000  E=5.048466817899e+02  Q=1.172000000000e+03  λ=7.635771e-01  dt=9.409e-04  relΔE=3.256e-10  ||F||=4.124e-04
 step= 76500  E=5.048465871960e+02  Q=1.172000000000e+03  λ=7.635743e-01  dt=1.457e-03  relΔE=4.001e-10  ||F||=3.667e-04
 step= 77000  E=5.048465150792e+02  Q=1.172000000000e+03  λ=7.635720e-01  dt=1.127e-03  relΔE=2.485e-10  ||F||=3.269e-04
 step= 77500  E=5.048464552217e+02  Q=1.172000000000e+03  λ=7.635699e-01  dt=8.725e-04  relΔE=1.532e-10  ||F||=2.905e-04
 step= 78000  E=5.048464080047e+02  Q=1.172000000000e+03  λ=7.635680e-01  dt=1.351e-03  relΔE=1.896e-10  ||F||=2.586e-04
 step= 78500  E=5.048463707196e+02  Q=1.172000000000e+03  λ=7.635663e-01  dt=1.045e-03  relΔE=1.178e-10  ||F||=2.305e-04
 step= 79000  E=5.048463399673e+02  Q=1.172000000000e+03  λ=7.635648e-01  dt=8.090e-04  relΔE=7.281e-11  ||F||=2.048e-04
 step= 79500  E=5.048463160842e+02  Q=1.172000000000e+03  λ=7.635635e-01  dt=1.252e-03  relΔE=9.078e-11  ||F||=1.826e-04
 step= 80000  E=5.048462966954e+02  Q=1.172000000000e+03  λ=7.635624e-01  dt=9.692e-04  relΔE=5.657e-11  ||F||=1.627e-04
 step= 80500  E=5.048462806288e+02  Q=1.172000000000e+03  λ=7.635613e-01  dt=1.500e-03  relΔE=5.908e-11  ||F||=2.025e-03
 step= 81000  E=5.048462684375e+02  Q=1.172000000000e+03  λ=7.635604e-01  dt=1.161e-03  relΔE=4.414e-11  ||F||=1.291e-04
 step= 81500  E=5.048462581511e+02  Q=1.172000000000e+03  λ=7.635596e-01  dt=8.987e-04  relΔE=2.760e-11  ||F||=1.149e-04
 step= 82000  E=5.048462498453e+02  Q=1.172000000000e+03  λ=7.635589e-01  dt=1.391e-03  relΔE=3.461e-11  ||F||=1.023e-04
 step= 82500  E=5.048462432620e+02  Q=1.172000000000e+03  λ=7.635582e-01  dt=1.077e-03  relΔE=2.186e-11  ||F||=9.128e-05
 step= 83000  E=5.048462377299e+02  Q=1.172000000000e+03  λ=7.635576e-01  dt=8.333e-04  relΔE=1.375e-11  ||F||=8.119e-05
 step= 83500  E=5.048462332979e+02  Q=1.172000000000e+03  λ=7.635571e-01  dt=1.290e-03  relΔE=1.742e-11  ||F||=7.237e-05
 step= 84000  E=5.048462296906e+02  Q=1.172000000000e+03  λ=7.635566e-01  dt=9.984e-04  relΔE=1.108e-11  ||F||=6.456e-05
 step= 84500  E=5.048462266203e+02  Q=1.172000000000e+03  λ=7.635562e-01  dt=7.727e-04  relΔE=7.014e-12  ||F||=5.735e-05
 step= 85000  E=5.048462242253e+02  Q=1.172000000000e+03  λ=7.635559e-01  dt=1.196e-03  relΔE=9.008e-12  ||F||=5.127e-05
 step= 85500  E=5.048462221772e+02  Q=1.172000000000e+03  λ=7.635555e-01  dt=9.258e-04  relΔE=5.768e-12  ||F||=4.566e-05
 step= 86000  E=5.048462204642e+02  Q=1.172000000000e+03  λ=7.635552e-01  dt=1.433e-03  relΔE=7.400e-12  ||F||=4.066e-05
 step= 86500  E=5.048462190923e+02  Q=1.172000000000e+03  λ=7.635550e-01  dt=1.109e-03  relΔE=4.798e-12  ||F||=3.631e-05
 step= 87000  E=5.048462179045e+02  Q=1.172000000000e+03  λ=7.635547e-01  dt=8.584e-04  relΔE=3.104e-12  ||F||=3.233e-05
 step= 87500  E=5.048462169190e+02  Q=1.172000000000e+03  λ=7.635545e-01  dt=1.329e-03  relΔE=4.039e-12  ||F||=2.882e-05
 step= 88000  E=5.048462161032e+02  Q=1.172000000000e+03  λ=7.635543e-01  dt=1.028e-03  relΔE=2.645e-12  ||F||=2.574e-05
 step= 88500  E=5.048462153889e+02  Q=1.172000000000e+03  λ=7.635542e-01  dt=7.960e-04  relΔE=1.729e-12  ||F||=2.291e-05
 step= 89000  E=5.048462148040e+02  Q=1.172000000000e+03  λ=7.635540e-01  dt=1.232e-03  relΔE=2.284e-12  ||F||=2.047e-05
 step= 89500  E=5.048462142987e+02  Q=1.172000000000e+03  λ=7.635539e-01  dt=9.536e-04  relΔE=1.510e-12  ||F||=1.826e-05
 step= 90000  E=5.048462138538e+02  Q=1.172000000000e+03  λ=7.635538e-01  dt=1.476e-03  relΔE=1.964e-12  ||F||=1.370e-04
 step= 90500  E=5.048462134942e+02  Q=1.172000000000e+03  λ=7.635537e-01  dt=1.142e-03  relΔE=1.335e-12  ||F||=1.454e-05
 step= 91000  E=5.048462131699e+02  Q=1.172000000000e+03  λ=7.635536e-01  dt=8.842e-04  relΔE=8.909e-13  ||F||=1.296e-05
 step= 91500  E=5.048462128913e+02  Q=1.172000000000e+03  λ=7.635535e-01  dt=1.369e-03  relΔE=1.194e-12  ||F||=1.155e-05
 step= 92000  E=5.048462126548e+02  Q=1.172000000000e+03  λ=7.635534e-01  dt=1.059e-03  relΔE=8.052e-13  ||F||=1.033e-05
 step= 92500  E=5.048462124429e+02  Q=1.172000000000e+03  λ=7.635533e-01  dt=8.199e-04  relΔE=5.418e-13  ||F||=9.204e-06
 step= 93000  E=5.048462122616e+02  Q=1.172000000000e+03  λ=7.635533e-01  dt=1.269e-03  relΔE=7.342e-13  ||F||=8.222e-06
 step= 93500  E=5.048462121037e+02  Q=1.172000000000e+03  λ=7.635532e-01  dt=9.823e-04  relΔE=4.990e-13  ||F||=7.349e-06
 step= 94000  E=5.048462119597e+02  Q=1.172000000000e+03  λ=7.635532e-01  dt=7.603e-04  relΔE=3.381e-13  ||F||=6.540e-06
 step= 94500  E=5.048462118400e+02  Q=1.172000000000e+03  λ=7.635531e-01  dt=1.177e-03  relΔE=4.631e-13  ||F||=5.860e-06
 step= 95000  E=5.048462117304e+02  Q=1.172000000000e+03  λ=7.635531e-01  dt=9.108e-04  relΔE=3.163e-13  ||F||=5.228e-06
 step= 95500  E=5.048462116330e+02  Q=1.172000000000e+03  λ=7.635530e-01  dt=1.410e-03  relΔE=4.326e-13  ||F||=4.664e-06
 step= 96000  E=5.048462115496e+02  Q=1.172000000000e+03  λ=7.635530e-01  dt=1.091e-03  relΔE=2.973e-13  ||F||=4.173e-06
 step= 96500  E=5.048462114734e+02  Q=1.172000000000e+03  λ=7.635530e-01  dt=8.446e-04  relΔE=2.044e-13  ||F||=3.723e-06
 step= 97000  E=5.048462114063e+02  Q=1.172000000000e+03  λ=7.635530e-01  dt=1.307e-03  relΔE=2.808e-13  ||F||=3.326e-06
 step= 97500  E=5.048462113475e+02  Q=1.172000000000e+03  λ=7.635529e-01  dt=1.012e-03  relΔE=1.941e-13  ||F||=2.976e-06
 step= 98000  E=5.048462112931e+02  Q=1.172000000000e+03  λ=7.635529e-01  dt=7.831e-04  relΔE=1.339e-13  ||F||=2.653e-06
 step= 98500  E=5.048462112467e+02  Q=1.172000000000e+03  λ=7.635529e-01  dt=1.212e-03  relΔE=1.851e-13  ||F||=2.376e-06
 step= 99000  E=5.048462112043e+02  Q=1.172000000000e+03  λ=7.635529e-01  dt=9.382e-04  relΔE=1.280e-13  ||F||=2.123e-06
 step= 99500  E=5.048462111656e+02  Q=1.172000000000e+03  λ=7.635529e-01  dt=1.452e-03  relΔE=1.765e-13  ||F||=6.894e-06
 step=100000  E=5.048462111327e+02  Q=1.172000000000e+03  λ=7.635528e-01  dt=1.124e-03  relΔE=1.231e-13  ||F||=1.698e-06
 step=100500  E=5.048462111021e+02  Q=1.172000000000e+03  λ=7.635528e-01  dt=8.700e-04  relΔE=8.523e-14  ||F||=1.516e-06
 step=101000  E=5.048462110748e+02  Q=1.172000000000e+03  λ=7.635528e-01  dt=1.347e-03  relΔE=1.181e-13  ||F||=1.355e-06
 step=101500  E=5.048462110508e+02  Q=1.172000000000e+03  λ=7.635528e-01  dt=1.042e-03  relΔE=8.231e-14  ||F||=1.214e-06
 step=102000  E=5.048462110286e+02  Q=1.172000000000e+03  λ=7.635528e-01  dt=8.067e-04  relΔE=5.709e-14  ||F||=1.084e-06
 step=102500  E=5.048462110091e+02  Q=1.172000000000e+03  λ=7.635528e-01  dt=1.249e-03  relΔE=7.904e-14  ||F||=9.700e-07
 step=103000  E=5.048462109916e+02  Q=1.172000000000e+03  λ=7.635528e-01  dt=9.664e-04  relΔE=5.506e-14  ||F||=8.685e-07
 step=103500  E=5.048462109752e+02  Q=1.172000000000e+03  λ=7.635528e-01  dt=7.480e-04  relΔE=3.851e-14  ||F||=1.385e-06
 step=104000  E=5.048462109614e+02  Q=1.172000000000e+03  λ=7.635528e-01  dt=1.158e-03  relΔE=5.360e-14  ||F||=6.954e-07
 step=104500  E=5.048462109485e+02  Q=1.172000000000e+03  λ=7.635528e-01  dt=8.961e-04  relΔE=3.738e-14  ||F||=6.217e-07
 step=105000  E=5.048462109368e+02  Q=1.172000000000e+03  λ=7.635528e-01  dt=1.387e-03  relΔE=5.202e-14  ||F||=5.568e-07
 step=105500  E=5.048462109267e+02  Q=1.172000000000e+03  λ=7.635528e-01  dt=1.074e-03  relΔE=3.614e-14  ||F||=4.986e-07
 step=106000  E=5.048462109172e+02  Q=1.172000000000e+03  λ=7.635528e-01  dt=8.309e-04  relΔE=2.545e-14  ||F||=4.458e-07
 step=106500  E=5.048462109088e+02  Q=1.172000000000e+03  λ=7.635528e-01  dt=1.286e-03  relΔE=3.535e-14  ||F||=3.992e-07
 step=107000  E=5.048462109013e+02  Q=1.172000000000e+03  λ=7.635528e-01  dt=9.955e-04  relΔE=2.477e-14  ||F||=3.580e-07
 step=107500  E=5.048462108943e+02  Q=1.172000000000e+03  λ=7.635528e-01  dt=7.705e-04  relΔE=1.734e-14  ||F||=3.197e-07
 step=108000  E=5.048462108883e+02  Q=1.172000000000e+03  λ=7.635528e-01  dt=1.193e-03  relΔE=2.410e-14  ||F||=2.871e-07
 step=108500  E=5.048462108827e+02  Q=1.172000000000e+03  λ=7.635527e-01  dt=9.231e-04  relΔE=1.689e-14  ||F||=2.572e-07
 step=109000  E=5.048462108776e+02  Q=1.172000000000e+03  λ=7.635527e-01  dt=1.429e-03  relΔE=2.331e-14  ||F||=8.026e-07
 step=109500  E=5.048462108732e+02  Q=1.172000000000e+03  λ=7.635527e-01  dt=1.106e-03  relΔE=1.644e-14  ||F||=2.066e-07
 step=110000  E=5.048462108691e+02  Q=1.172000000000e+03  λ=7.635527e-01  dt=8.559e-04  relΔE=1.160e-14  ||F||=1.849e-07
 step=110500  E=5.048462108654e+02  Q=1.172000000000e+03  λ=7.635527e-01  dt=1.325e-03  relΔE=1.576e-14  ||F||=1.657e-07
 step=111000  E=5.048462108621e+02  Q=1.172000000000e+03  λ=7.635527e-01  dt=1.025e-03  relΔE=1.103e-14  ||F||=1.488e-07
 step=111500  E=5.048462108591e+02  Q=1.172000000000e+03  λ=7.635527e-01  dt=7.937e-04  relΔE=7.994e-15  ||F||=1.331e-07
 step=112000  E=5.048462108564e+02  Q=1.172000000000e+03  λ=7.635527e-01  dt=1.229e-03  relΔE=1.070e-14  ||F||=1.196e-07
 step=112500  E=5.048462108540e+02  Q=1.172000000000e+03  λ=7.635527e-01  dt=7.924e-04  relΔE=6.531e-15  ||F||=1.075e-07
 step=113000  E=5.048462108519e+02  Q=1.172000000000e+03  λ=7.635527e-01  dt=1.227e-03  relΔE=8.895e-15  ||F||=9.655e-08
 step=113500  E=5.048462108499e+02  Q=1.172000000000e+03  λ=7.635527e-01  dt=9.493e-04  relΔE=6.305e-15  ||F||=8.665e-08
 step=114000  E=5.048462108480e+02  Q=1.172000000000e+03  λ=7.635527e-01  dt=1.469e-03  relΔE=3.378e-16  ||F||=6.747e-05
 step=114500  E=5.048462108464e+02  Q=1.172000000000e+03  λ=7.635527e-01  dt=1.137e-03  relΔE=5.968e-15  ||F||=6.977e-08
 step=115000  E=5.048462108450e+02  Q=1.172000000000e+03  λ=7.635527e-01  dt=8.802e-04  relΔE=4.166e-15  ||F||=6.255e-08
 step=115500  E=5.048462108436e+02  Q=1.172000000000e+03  λ=7.635527e-01  dt=1.363e-03  relΔE=6.080e-15  ||F||=5.635e-08
 step=116000  E=5.048462108425e+02  Q=1.172000000000e+03  λ=7.635527e-01  dt=1.055e-03  relΔE=4.053e-15  ||F||=5.045e-08
 Converged (aggressive): step=116038, E=5.048462108424e+02, Q=1.172000000000e+03, dt=1.055e-03, ||F||=5.000e-08

Stationary candidate (aggressive): E=5.048462108424e+02, Q=1.172000000000e+03, maxρ=8.175945e-01

=== Stability test (damped inertial dynamics) ===
Perturb eps=0.02, gamma=1
t=0: E=5.622512129099e+02, Q=1.172000000000e+03, maxρ=8.435375e-01, σ=2.631055e+00, Rc=1.833443e+01
 step=     1  E=5.622509240107e+02  Q=1.172000000000e+03  λ=1.150937e+00  maxρ=8.435375e-01  minρ=3.952e-12  σ=2.631055e+00  Rc=1.833443e+01
 step=   300  E=5.504061167177e+02  Q=1.172000000000e+03  λ=1.047673e+00  maxρ=8.421063e-01  minρ=3.970e-12  σ=2.631052e+00  Rc=1.833443e+01
 step=   600  E=5.265903238955e+02  Q=1.172000000000e+03  λ=8.607444e-01  maxρ=8.380711e-01  minρ=3.995e-12  σ=2.631047e+00  Rc=1.833444e+01
 step=   900  E=5.126653173516e+02  Q=1.172000000000e+03  λ=8.013154e-01  maxρ=8.321027e-01  minρ=3.945e-12  σ=2.631045e+00  Rc=1.833443e+01
 step=  1200  E=5.179956647596e+02  Q=1.172000000000e+03  λ=9.092569e-01  maxρ=8.294760e-01  minρ=3.896e-12  σ=2.631048e+00  Rc=1.833443e+01
 step=  1500  E=5.322934851771e+02  Q=1.172000000000e+03  λ=1.026153e+00  maxρ=8.344493e-01  minρ=3.872e-12  σ=2.631049e+00  Rc=1.833442e+01
 step=  1800  E=5.395919252903e+02  Q=1.172000000000e+03  λ=1.011963e+00  maxρ=8.371192e-01  minρ=3.873e-12  σ=2.631047e+00  Rc=1.833442e+01
 step=  2100  E=5.352982333900e+02  Q=1.172000000000e+03  λ=9.101861e-01  maxρ=8.328565e-01  minρ=3.866e-12  σ=2.631044e+00  Rc=1.833443e+01
 step=  2400  E=5.277487284100e+02  Q=1.172000000000e+03  λ=8.632201e-01  maxρ=8.246746e-01  minρ=3.764e-12  σ=2.631044e+00  Rc=1.833443e+01
 step=  2700  E=5.258839899107e+02  Q=1.172000000000e+03  λ=9.183405e-01  maxρ=8.290025e-01  minρ=3.708e-12  σ=2.631047e+00  Rc=1.833442e+01
 step=  3000  E=5.295279846307e+02  Q=1.172000000000e+03  λ=9.845536e-01  maxρ=8.394163e-01  minρ=3.756e-12  σ=2.631048e+00  Rc=1.833442e+01
 step=  3300  E=5.322888870043e+02  Q=1.172000000000e+03  λ=9.719999e-01  maxρ=8.415726e-01  minρ=3.803e-12  σ=2.631044e+00  Rc=1.833443e+01
 step=  3600  E=5.306233292650e+02  Q=1.172000000000e+03  λ=9.069399e-01  maxρ=8.354838e-01  minρ=3.811e-12  σ=2.631040e+00  Rc=1.833443e+01
 step=  3900  E=5.271489676674e+02  Q=1.172000000000e+03  λ=8.781076e-01  maxρ=8.354886e-01  minρ=3.684e-12  σ=2.631040e+00  Rc=1.833442e+01
 step=  4200  E=5.258850562613e+02  Q=1.172000000000e+03  λ=9.112116e-01  maxρ=8.325845e-01  minρ=3.517e-12  σ=2.631043e+00  Rc=1.833442e+01
 step=  4500  E=5.271457590506e+02  Q=1.172000000000e+03  λ=9.469582e-01  maxρ=8.308671e-01  minρ=3.449e-12  σ=2.631044e+00  Rc=1.833442e+01
 step=  4800  E=5.282504663220e+02  Q=1.172000000000e+03  λ=9.342250e-01  maxρ=8.339243e-01  minρ=3.511e-12  σ=2.631041e+00  Rc=1.833442e+01
 step=  5100  E=5.276111260866e+02  Q=1.172000000000e+03  λ=8.961503e-01  maxρ=8.349362e-01  minρ=3.315e-12  σ=2.631036e+00  Rc=1.833442e+01
 step=  5400  E=5.262811794530e+02  Q=1.172000000000e+03  λ=8.859998e-01  maxρ=8.339524e-01  minρ=3.182e-12  σ=2.631034e+00  Rc=1.833441e+01
 step=  5700  E=5.257779861080e+02  Q=1.172000000000e+03  λ=9.102948e-01  maxρ=8.311035e-01  minρ=3.204e-12  σ=2.631035e+00  Rc=1.833441e+01
 step=  6000  E=5.260068847415e+02  Q=1.172000000000e+03  λ=9.279143e-01  maxρ=8.293822e-01  minρ=3.343e-12  σ=2.631036e+00  Rc=1.833441e+01
 >>> No runaway detected in this horizon. Likely stable (within this model & box).

STABILITY: PASS
