
=== Aggressive relaxation to Q = 1364 ===
Initial: E=8.917389178436e+02, Q=1.364000000000e+03, dt=1.000e-04
 step=     1  E=8.917047502871e+02  Q=1.364000000000e+03  λ=1.352461e+00  dt=1.000e-04  relΔE=3.832e-05  ||F||=5.010e-01
 step=   500  E=8.562594254924e+02  Q=1.364000000000e+03  λ=1.269476e+00  dt=6.192e-04  relΔE=1.334e-04  ||F||=4.033e-01
 step=  1000  E=7.918134108526e+02  Q=1.364000000000e+03  λ=1.121895e+00  dt=9.584e-04  relΔE=8.546e-05  ||F||=2.495e-01
 step=  1500  E=7.606785844608e+02  Q=1.364000000000e+03  λ=1.052829e+00  dt=1.484e-03  relΔE=6.787e-05  ||F||=5.581e-01
 step=  2000  E=7.438092146811e+02  Q=1.364000000000e+03  λ=1.016313e+00  dt=1.148e-03  relΔE=3.636e-05  ||F||=1.441e-01
 step=  2500  E=7.316582398738e+02  Q=1.364000000000e+03  λ=9.910932e-01  dt=8.887e-04  relΔE=2.045e-05  ||F||=1.218e-01
 step=  3000  E=7.227703670452e+02  Q=1.364000000000e+03  λ=9.734389e-01  dt=1.376e-03  relΔE=2.492e-05  ||F||=1.074e-01
 step=  3500  E=7.157328906759e+02  Q=1.364000000000e+03  λ=9.600000e-01  dt=1.065e-03  relΔE=1.603e-05  ||F||=9.742e-02
 step=  4000  E=7.098361443401e+02  Q=1.364000000000e+03  λ=9.491580e-01  dt=1.373e-03  relΔE=1.775e-05  ||F||=8.987e-02
 step=  4500  E=7.047682391429e+02  Q=1.364000000000e+03  λ=9.401270e-01  dt=1.063e-03  relΔE=1.205e-05  ||F||=8.385e-02
 step=  5000  E=7.001743315842e+02  Q=1.364000000000e+03  λ=9.321720e-01  dt=8.227e-04  relΔE=8.277e-06  ||F||=7.875e-02
 step=  5500  E=6.962302172118e+02  Q=1.364000000000e+03  λ=9.255158e-01  dt=1.274e-03  relΔE=1.151e-05  ||F||=7.444e-02
 step=  6000  E=6.926664562085e+02  Q=1.364000000000e+03  λ=9.196191e-01  dt=9.857e-04  relΔE=8.085e-06  ||F||=7.072e-02
 step=  6500  E=6.893244586227e+02  Q=1.364000000000e+03  λ=9.143000e-01  dt=1.526e-03  relΔE=8.210e-06  ||F||=4.755e-01
 step=  7000  E=6.864550702724e+02  Q=1.364000000000e+03  λ=9.096142e-01  dt=1.181e-03  relΔE=8.099e-06  ||F||=6.437e-02
 step=  7500  E=6.837619029598e+02  Q=1.364000000000e+03  λ=9.053712e-01  dt=7.616e-04  relΔE=4.839e-06  ||F||=6.183e-02
 step=  8000  E=6.813283574936e+02  Q=1.364000000000e+03  λ=9.015912e-01  dt=1.179e-03  relΔE=6.909e-06  ||F||=5.928e-02
 step=  8500  E=6.789952112180e+02  Q=1.364000000000e+03  λ=8.980047e-01  dt=9.125e-04  relΔE=4.965e-06  ||F||=5.702e-02
 step=  9000  E=6.768357328945e+02  Q=1.364000000000e+03  λ=8.947248e-01  dt=1.412e-03  relΔE=7.144e-06  ||F||=5.490e-02
 step=  9500  E=6.749434811608e+02  Q=1.364000000000e+03  λ=8.918732e-01  dt=9.110e-04  relΔE=4.319e-06  ||F||=5.306e-02
 step= 10000  E=6.730554297551e+02  Q=1.364000000000e+03  λ=8.890578e-01  dt=1.410e-03  relΔE=6.251e-06  ||F||=5.124e-02
 step= 10500  E=6.713438018766e+02  Q=1.364000000000e+03  λ=8.865233e-01  dt=1.091e-03  relΔE=4.546e-06  ||F||=4.961e-02
 step= 11000  E=6.696966567458e+02  Q=1.364000000000e+03  λ=8.841036e-01  dt=8.447e-04  relΔE=3.323e-06  ||F||=4.815e-02
 step= 11500  E=6.681757412651e+02  Q=1.364000000000e+03  λ=8.818884e-01  dt=1.308e-03  relΔE=4.828e-06  ||F||=4.660e-02
 step= 12000  E=6.667459237721e+02  Q=1.364000000000e+03  λ=8.798176e-01  dt=1.012e-03  relΔE=3.533e-06  ||F||=4.526e-02
 step= 12500  E=6.653546830195e+02  Q=1.364000000000e+03  λ=8.778167e-01  dt=7.833e-04  relΔE=2.726e-06  ||F||=4.518e-02
 step= 13000  E=6.640997327819e+02  Q=1.364000000000e+03  λ=8.760249e-01  dt=1.212e-03  relΔE=3.798e-06  ||F||=4.279e-02
 step= 13500  E=6.628766238384e+02  Q=1.364000000000e+03  λ=8.742873e-01  dt=9.384e-04  relΔE=2.798e-06  ||F||=4.170e-02
 step= 14000  E=6.616999810950e+02  Q=1.364000000000e+03  λ=8.726279e-01  dt=1.453e-03  relΔE=4.109e-06  ||F||=4.066e-02
 step= 14500  E=6.606284011816e+02  Q=1.364000000000e+03  λ=8.711233e-01  dt=1.124e-03  relΔE=3.035e-06  ||F||=3.962e-02
 step= 15000  E=6.595639376692e+02  Q=1.364000000000e+03  λ=8.696374e-01  dt=8.701e-04  relΔE=2.249e-06  ||F||=3.873e-02
 step= 15500  E=6.585698625339e+02  Q=1.364000000000e+03  λ=8.682592e-01  dt=1.347e-03  relΔE=3.318e-06  ||F||=3.778e-02
 step= 16000  E=6.576252869518e+02  Q=1.364000000000e+03  λ=8.669551e-01  dt=1.042e-03  relΔE=2.460e-06  ||F||=3.696e-02
 step= 16500  E=6.566905723943e+02  Q=1.364000000000e+03  λ=8.656719e-01  dt=8.068e-04  relΔE=1.881e-06  ||F||=3.672e-02
 step= 17000  E=6.558306422747e+02  Q=1.364000000000e+03  λ=8.644990e-01  dt=1.249e-03  relΔE=2.714e-06  ||F||=3.541e-02
 step= 17500  E=6.549948182610e+02  Q=1.364000000000e+03  λ=8.633637e-01  dt=9.666e-04  relΔE=2.022e-06  ||F||=3.472e-02
 step= 18000  E=6.541664764620e+02  Q=1.364000000000e+03  λ=8.622462e-01  dt=1.496e-03  relΔE=3.007e-06  ||F||=3.689e-02
 step= 18500  E=6.534094791163e+02  Q=1.364000000000e+03  λ=8.612287e-01  dt=1.158e-03  relΔE=2.250e-06  ||F||=3.342e-02
 step= 19000  E=6.526522189197e+02  Q=1.364000000000e+03  λ=8.602165e-01  dt=8.963e-04  relΔE=1.684e-06  ||F||=3.285e-02
 step= 19500  E=6.519275976602e+02  Q=1.364000000000e+03  λ=8.592544e-01  dt=1.387e-03  relΔE=2.518e-06  ||F||=3.226e-02
 step= 20000  E=6.512339885562e+02  Q=1.364000000000e+03  λ=8.583370e-01  dt=1.074e-03  relΔE=1.888e-06  ||F||=3.174e-02
 step= 20500  E=6.505459797770e+02  Q=1.364000000000e+03  λ=8.574320e-01  dt=8.311e-04  relΔE=1.428e-06  ||F||=3.136e-02
 step= 21000  E=6.498943823880e+02  Q=1.364000000000e+03  λ=8.565805e-01  dt=1.286e-03  relΔE=2.131e-06  ||F||=3.078e-02
 step= 21500  E=6.492592064084e+02  Q=1.364000000000e+03  λ=8.557537e-01  dt=9.957e-04  relΔE=1.605e-06  ||F||=3.035e-02
 step= 22000  E=6.486212161898e+02  Q=1.364000000000e+03  λ=8.549295e-01  dt=7.706e-04  relΔE=1.446e-06  ||F||=6.091e-02
 step= 22500  E=6.480328502208e+02  Q=1.364000000000e+03  λ=8.541709e-01  dt=1.193e-03  relΔE=1.828e-06  ||F||=2.956e-02
 step= 23000  E=6.474392932267e+02  Q=1.364000000000e+03  λ=8.534103e-01  dt=9.233e-04  relΔE=1.386e-06  ||F||=2.925e-02
 step= 23500  E=6.468548392546e+02  Q=1.364000000000e+03  λ=8.526663e-01  dt=1.429e-03  relΔE=2.093e-06  ||F||=2.888e-02
 step= 24000  E=6.463019854864e+02  Q=1.364000000000e+03  λ=8.519650e-01  dt=1.106e-03  relΔE=1.589e-06  ||F||=2.858e-02
 step= 24500  E=6.457406203148e+02  Q=1.364000000000e+03  λ=8.512565e-01  dt=8.561e-04  relΔE=1.215e-06  ||F||=2.840e-02
 step= 25000  E=6.452001167533e+02  Q=1.364000000000e+03  λ=8.505784e-01  dt=1.325e-03  relΔE=1.836e-06  ||F||=2.805e-02
 step= 25500  E=6.446724843127e+02  Q=1.364000000000e+03  λ=8.499187e-01  dt=1.026e-03  relΔE=1.400e-06  ||F||=2.783e-02
 step= 26000  E=6.441340793476e+02  Q=1.364000000000e+03  λ=8.492488e-01  dt=7.938e-04  relΔE=1.107e-06  ||F||=2.813e-02
 step= 26500  E=6.436266402478e+02  Q=1.364000000000e+03  λ=8.486207e-01  dt=1.229e-03  relΔE=1.634e-06  ||F||=2.744e-02
 step= 27000  E=6.431157796383e+02  Q=1.364000000000e+03  λ=8.479901e-01  dt=9.510e-04  relΔE=1.253e-06  ||F||=2.730e-02
 step= 27500  E=6.425966876111e+02  Q=1.364000000000e+03  λ=8.473528e-01  dt=1.472e-03  relΔE=1.920e-06  ||F||=2.734e-02
 step= 28000  E=6.421087840458e+02  Q=1.364000000000e+03  λ=8.467549e-01  dt=1.139e-03  relΔE=1.476e-06  ||F||=2.706e-02
 step= 28500  E=6.416004813072e+02  Q=1.364000000000e+03  λ=8.461342e-01  dt=8.818e-04  relΔE=1.142e-06  ||F||=2.704e-02
 step= 29000  E=6.411058314162e+02  Q=1.364000000000e+03  λ=8.455326e-01  dt=1.365e-03  relΔE=1.753e-06  ||F||=2.692e-02
 step= 29500  E=6.406151545205e+02  Q=1.364000000000e+03  λ=8.449365e-01  dt=1.056e-03  relΔE=1.355e-06  ||F||=2.689e-02
 step= 30000  E=6.401105170887e+02  Q=1.364000000000e+03  λ=8.443247e-01  dt=8.177e-04  relΔE=1.055e-06  ||F||=2.695e-02
 step= 30500  E=6.396232919632e+02  Q=1.364000000000e+03  λ=8.437356e-01  dt=1.266e-03  relΔE=1.628e-06  ||F||=2.690e-02
 step= 31000  E=6.391289565405e+02  Q=1.364000000000e+03  λ=8.431377e-01  dt=9.796e-04  relΔE=1.266e-06  ||F||=2.695e-02
 step= 31500  E=6.386164681864e+02  Q=1.364000000000e+03  λ=8.425254e-01  dt=1.516e-03  relΔE=1.761e-06  ||F||=1.201e-01
 step= 32000  E=6.381298063669e+02  Q=1.364000000000e+03  λ=8.419306e-01  dt=1.174e-03  relΔE=1.539e-06  ||F||=2.713e-02
 step= 32500  E=6.376188322524e+02  Q=1.364000000000e+03  λ=8.413125e-01  dt=9.084e-04  relΔE=1.207e-06  ||F||=2.730e-02
 step= 33000  E=6.371033836218e+02  Q=1.364000000000e+03  λ=8.406888e-01  dt=1.406e-03  relΔE=1.887e-06  ||F||=2.743e-02
 step= 33500  E=6.365937776732e+02  Q=1.364000000000e+03  λ=8.400701e-01  dt=1.088e-03  relΔE=1.483e-06  ||F||=2.762e-02
 step= 34000  E=6.360585262733e+02  Q=1.364000000000e+03  λ=8.394186e-01  dt=8.423e-04  relΔE=1.182e-06  ||F||=2.802e-02
 step= 34500  E=6.355270699870e+02  Q=1.364000000000e+03  λ=8.387701e-01  dt=1.304e-03  relΔE=1.842e-06  ||F||=2.811e-02
 step= 35000  E=6.349849692080e+02  Q=1.364000000000e+03  λ=8.381051e-01  dt=1.009e-03  relΔE=1.458e-06  ||F||=2.841e-02
 step= 35500  E=6.344119967515e+02  Q=1.364000000000e+03  λ=8.373991e-01  dt=7.810e-04  relΔE=1.264e-06  ||F||=3.010e-02
 step= 36000  E=6.338526087598e+02  Q=1.364000000000e+03  λ=8.367062e-01  dt=1.209e-03  relΔE=1.836e-06  ||F||=2.910e-02
 step= 36500  E=6.332639736775e+02  Q=1.364000000000e+03  λ=8.359718e-01  dt=9.357e-04  relΔE=1.465e-06  ||F||=2.953e-02
 step= 37000  E=6.326486326668e+02  Q=1.364000000000e+03  λ=8.351997e-01  dt=1.448e-03  relΔE=2.337e-06  ||F||=2.997e-02
 step= 37500  E=6.320369812400e+02  Q=1.364000000000e+03  λ=8.344251e-01  dt=1.121e-03  relΔE=1.869e-06  ||F||=3.045e-02
 step= 38000  E=6.313819493441e+02  Q=1.364000000000e+03  λ=8.335887e-01  dt=8.676e-04  relΔE=1.506e-06  ||F||=3.106e-02
 step= 38500  E=6.307154230165e+02  Q=1.364000000000e+03  λ=8.327309e-01  dt=1.343e-03  relΔE=2.413e-06  ||F||=3.158e-02
 step= 39000  E=6.300225594809e+02  Q=1.364000000000e+03  λ=8.318294e-01  dt=1.039e-03  relΔE=1.945e-06  ||F||=3.221e-02
 step= 39500  E=6.292842604662e+02  Q=1.364000000000e+03  λ=8.308591e-01  dt=8.045e-04  relΔE=1.601e-06  ||F||=3.321e-02
 step= 40000  E=6.285404845123e+02  Q=1.364000000000e+03  λ=8.298720e-01  dt=1.245e-03  relΔE=2.545e-06  ||F||=3.362e-02
 step= 40500  E=6.277471865439e+02  Q=1.364000000000e+03  λ=8.288064e-01  dt=9.638e-04  relΔE=2.066e-06  ||F||=3.441e-02
 step= 41000  E=6.268964274094e+02  Q=1.364000000000e+03  λ=8.276519e-01  dt=1.492e-03  relΔE=3.356e-06  ||F||=4.070e-02
 step= 41500  E=6.260474067101e+02  Q=1.364000000000e+03  λ=8.264841e-01  dt=1.155e-03  relΔE=2.736e-06  ||F||=3.613e-02
 step= 42000  E=6.251197445225e+02  Q=1.364000000000e+03  λ=8.251934e-01  dt=8.937e-04  relΔE=2.241e-06  ||F||=3.713e-02
 step= 42500  E=6.241535574280e+02  Q=1.364000000000e+03  λ=8.238342e-01  dt=1.383e-03  relΔE=3.652e-06  ||F||=3.808e-02
 step= 43000  E=6.231416923115e+02  Q=1.364000000000e+03  λ=8.223915e-01  dt=1.071e-03  relΔE=2.988e-06  ||F||=3.912e-02
 step= 43500  E=6.220443891138e+02  Q=1.364000000000e+03  λ=8.208080e-01  dt=8.287e-04  relΔE=2.493e-06  ||F||=4.058e-02
 step= 44000  E=6.209182364783e+02  Q=1.364000000000e+03  λ=8.191649e-01  dt=1.283e-03  relΔE=4.014e-06  ||F||=4.134e-02
 step= 44500  E=6.197198380926e+02  Q=1.364000000000e+03  λ=8.173936e-01  dt=9.928e-04  relΔE=3.292e-06  ||F||=4.252e-02
 step= 45000  E=6.184128790298e+02  Q=1.364000000000e+03  λ=8.154398e-01  dt=7.684e-04  relΔE=3.077e-06  ||F||=5.166e-02
 step= 45500  E=6.171057232423e+02  Q=1.364000000000e+03  λ=8.134647e-01  dt=1.189e-03  relΔE=4.416e-06  ||F||=4.490e-02
 step= 46000  E=6.156927456058e+02  Q=1.364000000000e+03  λ=8.113042e-01  dt=7.672e-04  relΔE=3.020e-06  ||F||=4.618e-02
 step= 46500  E=6.142289974248e+02  Q=1.364000000000e+03  λ=8.090461e-01  dt=1.188e-03  relΔE=4.907e-06  ||F||=4.726e-02
 step= 47000  E=6.126475042612e+02  Q=1.364000000000e+03  λ=8.065794e-01  dt=9.191e-04  relΔE=4.008e-06  ||F||=4.849e-02
 step= 47500  E=6.109928730777e+02  Q=1.364000000000e+03  λ=8.039776e-01  dt=1.423e-03  relΔE=6.484e-06  ||F||=4.950e-02
 step= 48000  E=6.093093026545e+02  Q=1.364000000000e+03  λ=8.013035e-01  dt=1.101e-03  relΔE=5.232e-06  ||F||=5.047e-02
 step= 48500  E=6.075098427667e+02  Q=1.364000000000e+03  λ=7.984223e-01  dt=8.522e-04  relΔE=4.227e-06  ||F||=5.149e-02
 step= 49000  E=6.056835828530e+02  Q=1.364000000000e+03  λ=7.954797e-01  dt=1.319e-03  relΔE=6.710e-06  ||F||=5.206e-02
 step= 49500  E=6.038263177538e+02  Q=1.364000000000e+03  λ=7.924630e-01  dt=1.021e-03  relΔE=5.317e-06  ||F||=5.260e-02
 step= 50000  E=6.018762270780e+02  Q=1.364000000000e+03  λ=7.892758e-01  dt=7.902e-04  relΔE=4.373e-06  ||F||=5.416e-02
 step= 50500  E=5.999945874845e+02  Q=1.364000000000e+03  λ=7.861869e-01  dt=1.223e-03  relΔE=6.508e-06  ||F||=5.299e-02
 step= 51000  E=5.980710358267e+02  Q=1.364000000000e+03  λ=7.830096e-01  dt=9.467e-04  relΔE=5.025e-06  ||F||=5.285e-02
 step= 51500  E=5.961385532860e+02  Q=1.364000000000e+03  λ=7.798071e-01  dt=1.465e-03  relΔE=7.655e-06  ||F||=5.240e-02
 step= 52000  E=5.943327645750e+02  Q=1.364000000000e+03  λ=7.767984e-01  dt=1.134e-03  relΔE=5.779e-06  ||F||=5.161e-02
 step= 52500  E=5.925106913812e+02  Q=1.364000000000e+03  λ=7.737523e-01  dt=8.779e-04  relΔE=4.322e-06  ||F||=5.066e-02
 step= 53000  E=5.908104309557e+02  Q=1.364000000000e+03  λ=7.709041e-01  dt=1.359e-03  relΔE=6.342e-06  ||F||=4.925e-02
 step= 53500  E=5.892137933083e+02  Q=1.364000000000e+03  λ=7.682183e-01  dt=1.052e-03  relΔE=4.616e-06  ||F||=4.770e-02
 step= 54000  E=5.876810951097e+02  Q=1.364000000000e+03  λ=7.656335e-01  dt=8.140e-04  relΔE=3.324e-06  ||F||=4.595e-02
 step= 54500  E=5.863240845270e+02  Q=1.364000000000e+03  λ=7.633420e-01  dt=1.260e-03  relΔE=4.703e-06  ||F||=4.388e-02
 step= 55000  E=5.850695080048e+02  Q=1.364000000000e+03  λ=7.612159e-01  dt=9.752e-04  relΔE=3.300e-06  ||F||=4.173e-02
 step= 55500  E=5.839121453211e+02  Q=1.364000000000e+03  λ=7.592596e-01  dt=1.510e-03  relΔE=4.271e-06  ||F||=1.310e-01
 step= 56000  E=5.829412885605e+02  Q=1.364000000000e+03  λ=7.575994e-01  dt=1.168e-03  relΔE=3.131e-06  ||F||=3.707e-02
 step= 56500  E=5.820501914995e+02  Q=1.364000000000e+03  λ=7.560789e-01  dt=9.043e-04  relΔE=2.124e-06  ||F||=3.468e-02
 step= 57000  E=5.812790904952e+02  Q=1.364000000000e+03  λ=7.547614e-01  dt=1.400e-03  relΔE=2.841e-06  ||F||=3.221e-02
 step= 57500  E=5.806306005347e+02  Q=1.364000000000e+03  λ=7.536489e-01  dt=1.083e-03  relΔE=1.893e-06  ||F||=2.988e-02
 step= 58000  E=5.800555762206e+02  Q=1.364000000000e+03  λ=7.526598e-01  dt=8.385e-04  relΔE=1.251e-06  ||F||=2.759e-02
 step= 58500  E=5.795825478471e+02  Q=1.364000000000e+03  λ=7.518445e-01  dt=1.298e-03  relΔE=1.628e-06  ||F||=2.528e-02
 step= 59000  E=5.791843301427e+02  Q=1.364000000000e+03  λ=7.511548e-01  dt=1.005e-03  relΔE=1.058e-06  ||F||=2.316e-02
 step= 59500  E=5.788401071069e+02  Q=1.364000000000e+03  λ=7.505563e-01  dt=7.775e-04  relΔE=7.251e-07  ||F||=2.182e-02
 step= 60000  E=5.785699080603e+02  Q=1.364000000000e+03  λ=7.500850e-01  dt=1.203e-03  relΔE=8.725e-07  ||F||=1.921e-02
 step= 60500  E=5.783387464905e+02  Q=1.364000000000e+03  λ=7.496792e-01  dt=9.315e-04  relΔE=5.558e-07  ||F||=1.742e-02
 step= 61000  E=5.781482170997e+02  Q=1.364000000000e+03  λ=7.493432e-01  dt=1.442e-03  relΔE=7.009e-07  ||F||=1.572e-02
 step= 61500  E=5.779978334753e+02  Q=1.364000000000e+03  λ=7.490759e-01  dt=1.116e-03  relΔE=4.439e-07  ||F||=1.422e-02
 step= 62000  E=5.778710490951e+02  Q=1.364000000000e+03  λ=7.488490e-01  dt=8.637e-04  relΔE=2.797e-07  ||F||=1.283e-02
 step= 62500  E=5.777704857935e+02  Q=1.364000000000e+03  λ=7.486677e-01  dt=1.337e-03  relΔE=3.480e-07  ||F||=1.150e-02
 step= 63000  E=5.776896723304e+02  Q=1.364000000000e+03  λ=7.485205e-01  dt=1.035e-03  relΔE=2.175e-07  ||F||=1.033e-02
 step= 63500  E=5.776227144150e+02  Q=1.364000000000e+03  λ=7.483973e-01  dt=8.009e-04  relΔE=1.372e-07  ||F||=9.327e-03
 step= 64000  E=5.775710975770e+02  Q=1.364000000000e+03  λ=7.483013e-01  dt=1.240e-03  relΔE=1.676e-07  ||F||=8.283e-03
 step= 64500  E=5.775291137146e+02  Q=1.364000000000e+03  λ=7.482220e-01  dt=9.595e-04  relΔE=1.039e-07  ||F||=7.410e-03
 step= 65000  E=5.774946194208e+02  Q=1.364000000000e+03  λ=7.481560e-01  dt=1.485e-03  relΔE=1.274e-07  ||F||=6.735e-03
 step= 65500  E=5.774692316815e+02  Q=1.364000000000e+03  λ=7.481066e-01  dt=9.579e-04  relΔE=6.627e-08  ||F||=5.922e-03
 step= 66000  E=5.774472468808e+02  Q=1.364000000000e+03  λ=7.480631e-01  dt=1.483e-03  relΔE=8.111e-08  ||F||=5.281e-03
 step= 66500  E=5.774310686414e+02  Q=1.364000000000e+03  λ=7.480303e-01  dt=9.564e-04  relΔE=4.204e-08  ||F||=4.719e-03
 step= 67000  E=5.774171385161e+02  Q=1.364000000000e+03  λ=7.480015e-01  dt=1.480e-03  relΔE=5.133e-08  ||F||=4.199e-03
 step= 67500  E=5.774066205591e+02  Q=1.364000000000e+03  λ=7.479792e-01  dt=1.146e-03  relΔE=3.165e-08  ||F||=3.739e-03
 step= 68000  E=5.773979646749e+02  Q=1.364000000000e+03  λ=7.479604e-01  dt=8.868e-04  relΔE=1.933e-08  ||F||=3.321e-03
 step= 68500  E=5.773912063190e+02  Q=1.364000000000e+03  λ=7.479452e-01  dt=1.373e-03  relΔE=2.365e-08  ||F||=2.952e-03
 step= 69000  E=5.773859352113e+02  Q=1.364000000000e+03  λ=7.479330e-01  dt=1.062e-03  relΔE=1.450e-08  ||F||=2.627e-03
 step= 69500  E=5.773816423753e+02  Q=1.364000000000e+03  λ=7.479227e-01  dt=8.223e-04  relΔE=8.829e-09  ||F||=2.329e-03
 step= 70000  E=5.773783630531e+02  Q=1.364000000000e+03  λ=7.479145e-01  dt=1.273e-03  relΔE=1.082e-08  ||F||=2.071e-03
 step= 70500  E=5.773757516383e+02  Q=1.364000000000e+03  λ=7.479076e-01  dt=9.851e-04  relΔE=6.615e-09  ||F||=1.840e-03
 step= 71000  E=5.773736250660e+02  Q=1.364000000000e+03  λ=7.479024e-01  dt=1.525e-03  relΔE=4.484e-09  ||F||=3.426e-02
 step= 71500  E=5.773720484802e+02  Q=1.364000000000e+03  λ=7.478973e-01  dt=1.180e-03  relΔE=4.933e-09  ||F||=1.451e-03
 step= 72000  E=5.773707501677e+02  Q=1.364000000000e+03  λ=7.478934e-01  dt=9.135e-04  relΔE=3.004e-09  ||F||=1.286e-03
 step= 72500  E=5.773697288581e+02  Q=1.364000000000e+03  λ=7.478901e-01  dt=1.414e-03  relΔE=3.660e-09  ||F||=1.140e-03
 step= 73000  E=5.773689451398e+02  Q=1.364000000000e+03  λ=7.478875e-01  dt=1.094e-03  relΔE=2.243e-09  ||F||=1.014e-03
 step= 73500  E=5.773683070477e+02  Q=1.364000000000e+03  λ=7.478852e-01  dt=8.470e-04  relΔE=1.364e-09  ||F||=8.982e-04
 step= 74000  E=5.773678140831e+02  Q=1.364000000000e+03  λ=7.478833e-01  dt=1.311e-03  relΔE=1.668e-09  ||F||=7.976e-04
 step= 74500  E=5.773674267636e+02  Q=1.364000000000e+03  λ=7.478817e-01  dt=1.015e-03  relΔE=1.021e-09  ||F||=7.085e-04
 step= 75000  E=5.773671110635e+02  Q=1.364000000000e+03  λ=7.478803e-01  dt=7.854e-04  relΔE=6.194e-10  ||F||=6.267e-04
 step= 75500  E=5.773668745636e+02  Q=1.364000000000e+03  λ=7.478791e-01  dt=1.216e-03  relΔE=7.612e-10  ||F||=5.578e-04
 step= 76000  E=5.773666821967e+02  Q=1.364000000000e+03  λ=7.478781e-01  dt=9.409e-04  relΔE=4.647e-10  ||F||=4.948e-04
 step= 76500  E=5.773665282741e+02  Q=1.364000000000e+03  λ=7.478773e-01  dt=1.457e-03  relΔE=5.656e-10  ||F||=4.383e-04
 step= 77000  E=5.773664120477e+02  Q=1.364000000000e+03  λ=7.478766e-01  dt=1.127e-03  relΔE=3.479e-10  ||F||=3.899e-04
 step= 77500  E=5.773663165712e+02  Q=1.364000000000e+03  λ=7.478759e-01  dt=8.725e-04  relΔE=2.121e-10  ||F||=3.455e-04
 step= 78000  E=5.773662420810e+02  Q=1.364000000000e+03  λ=7.478754e-01  dt=1.351e-03  relΔE=2.596e-10  ||F||=3.066e-04
 step= 78500  E=5.773661840189e+02  Q=1.364000000000e+03  λ=7.478749e-01  dt=1.045e-03  relΔE=1.594e-10  ||F||=2.725e-04
 step= 79000  E=5.773661365884e+02  Q=1.364000000000e+03  λ=7.478745e-01  dt=8.090e-04  relΔE=9.723e-11  ||F||=2.413e-04
 step= 79500  E=5.773661003438e+02  Q=1.364000000000e+03  λ=7.478742e-01  dt=1.252e-03  relΔE=1.196e-10  ||F||=2.146e-04
 step= 80000  E=5.773660713259e+02  Q=1.364000000000e+03  λ=7.478739e-01  dt=9.692e-04  relΔE=7.349e-11  ||F||=1.906e-04
 step= 80500  E=5.773660475699e+02  Q=1.364000000000e+03  λ=7.478736e-01  dt=1.500e-03  relΔE=8.112e-11  ||F||=2.015e-03
 step= 81000  E=5.773660298750e+02  Q=1.364000000000e+03  λ=7.478734e-01  dt=1.161e-03  relΔE=5.548e-11  ||F||=1.503e-04
 step= 81500  E=5.773660151588e+02  Q=1.364000000000e+03  λ=7.478732e-01  dt=8.987e-04  relΔE=3.404e-11  ||F||=1.333e-04
 step= 82000  E=5.773660035518e+02  Q=1.364000000000e+03  λ=7.478730e-01  dt=1.391e-03  relΔE=4.186e-11  ||F||=1.183e-04
 step= 82500  E=5.773659945092e+02  Q=1.364000000000e+03  λ=7.478728e-01  dt=1.077e-03  relΔE=2.589e-11  ||F||=1.052e-04
 step= 83000  E=5.773659871053e+02  Q=1.364000000000e+03  λ=7.478727e-01  dt=8.333e-04  relΔE=1.593e-11  ||F||=9.331e-05
 step= 83500  E=5.773659812939e+02  Q=1.364000000000e+03  λ=7.478726e-01  dt=1.290e-03  relΔE=1.969e-11  ||F||=8.291e-05
 step= 84000  E=5.773659766926e+02  Q=1.364000000000e+03  λ=7.478725e-01  dt=9.984e-04  relΔE=1.221e-11  ||F||=7.374e-05
 step= 84500  E=5.773659728697e+02  Q=1.364000000000e+03  λ=7.478724e-01  dt=7.727e-04  relΔE=7.511e-12  ||F||=6.528e-05
 step= 85000  E=5.773659699804e+02  Q=1.364000000000e+03  λ=7.478723e-01  dt=1.196e-03  relΔE=9.374e-12  ||F||=5.819e-05
 step= 85500  E=5.773659675828e+02  Q=1.364000000000e+03  λ=7.478722e-01  dt=9.258e-04  relΔE=5.817e-12  ||F||=5.167e-05
 step= 86000  E=5.773659656392e+02  Q=1.364000000000e+03  λ=7.478722e-01  dt=1.433e-03  relΔE=7.212e-12  ||F||=4.584e-05
 step= 86500  E=5.773659641337e+02  Q=1.364000000000e+03  λ=7.478721e-01  dt=1.109e-03  relΔE=4.514e-12  ||F||=4.082e-05
 step= 87000  E=5.773659628805e+02  Q=1.364000000000e+03  λ=7.478721e-01  dt=8.584e-04  relΔE=2.811e-12  ||F||=3.623e-05
 step= 87500  E=5.773659618803e+02  Q=1.364000000000e+03  λ=7.478720e-01  dt=1.329e-03  relΔE=3.516e-12  ||F||=3.220e-05
 step= 88000  E=5.773659610841e+02  Q=1.364000000000e+03  λ=7.478720e-01  dt=1.028e-03  relΔE=2.210e-12  ||F||=2.867e-05
 step= 88500  E=5.773659604154e+02  Q=1.364000000000e+03  λ=7.478720e-01  dt=7.960e-04  relΔE=1.381e-12  ||F||=2.541e-05
 step= 89000  E=5.773659598927e+02  Q=1.364000000000e+03  λ=7.478719e-01  dt=1.232e-03  relΔE=1.743e-12  ||F||=2.263e-05
 step= 89500  E=5.773659594619e+02  Q=1.364000000000e+03  λ=7.478719e-01  dt=9.536e-04  relΔE=1.100e-12  ||F||=2.013e-05
 step= 90000  E=5.773659591006e+02  Q=1.364000000000e+03  λ=7.478719e-01  dt=1.476e-03  relΔE=1.349e-12  ||F||=1.064e-04
 step= 90500  E=5.773659588228e+02  Q=1.364000000000e+03  λ=7.478719e-01  dt=1.142e-03  relΔE=8.815e-13  ||F||=1.592e-05
 step= 91000  E=5.773659585851e+02  Q=1.364000000000e+03  λ=7.478719e-01  dt=8.842e-04  relΔE=5.582e-13  ||F||=1.415e-05
 step= 91500  E=5.773659583909e+02  Q=1.364000000000e+03  λ=7.478718e-01  dt=1.369e-03  relΔE=7.095e-13  ||F||=1.257e-05
 step= 92000  E=5.773659582345e+02  Q=1.364000000000e+03  λ=7.478718e-01  dt=1.059e-03  relΔE=4.535e-13  ||F||=1.120e-05
 step= 92500  E=5.773659581016e+02  Q=1.364000000000e+03  λ=7.478718e-01  dt=8.199e-04  relΔE=2.893e-13  ||F||=9.949e-06
 step= 93000  E=5.773659579943e+02  Q=1.364000000000e+03  λ=7.478718e-01  dt=1.269e-03  relΔE=3.710e-13  ||F||=8.859e-06
 step= 93500  E=5.773659579057e+02  Q=1.364000000000e+03  λ=7.478718e-01  dt=9.823e-04  relΔE=2.385e-13  ||F||=7.892e-06
 step= 94000  E=5.773659578294e+02  Q=1.364000000000e+03  λ=7.478718e-01  dt=7.603e-04  relΔE=1.524e-13  ||F||=6.999e-06
 step= 94500  E=5.773659577694e+02  Q=1.364000000000e+03  λ=7.478718e-01  dt=1.177e-03  relΔE=1.979e-13  ||F||=6.248e-06
 step= 95000  E=5.773659577176e+02  Q=1.364000000000e+03  λ=7.478718e-01  dt=9.108e-04  relΔE=1.274e-13  ||F||=5.557e-06
 step= 95500  E=5.773659576741e+02  Q=1.364000000000e+03  λ=7.478718e-01  dt=1.410e-03  relΔE=1.640e-13  ||F||=4.940e-06
 step= 96000  E=5.773659576390e+02  Q=1.364000000000e+03  λ=7.478718e-01  dt=1.091e-03  relΔE=1.067e-13  ||F||=4.405e-06
 step= 96500  E=5.773659576087e+02  Q=1.364000000000e+03  λ=7.478718e-01  dt=8.446e-04  relΔE=6.951e-14  ||F||=3.916e-06
 step= 97000  E=5.773659575835e+02  Q=1.364000000000e+03  λ=7.478717e-01  dt=1.307e-03  relΔE=9.018e-14  ||F||=3.486e-06
 step= 97500  E=5.773659575627e+02  Q=1.364000000000e+03  λ=7.478717e-01  dt=1.012e-03  relΔE=5.868e-14  ||F||=3.109e-06
 step= 98000  E=5.773659575446e+02  Q=1.364000000000e+03  λ=7.478717e-01  dt=7.831e-04  relΔE=3.761e-14  ||F||=2.762e-06
 step= 98500  E=5.773659575300e+02  Q=1.364000000000e+03  λ=7.478717e-01  dt=1.212e-03  relΔE=4.962e-14  ||F||=2.465e-06
 step= 99000  E=5.773659575174e+02  Q=1.364000000000e+03  λ=7.478717e-01  dt=9.382e-04  relΔE=3.229e-14  ||F||=2.196e-06
 step= 99500  E=5.773659575066e+02  Q=1.364000000000e+03  λ=7.478717e-01  dt=1.452e-03  relΔE=4.174e-14  ||F||=7.614e-06
 step=100000  E=5.773659574979e+02  Q=1.364000000000e+03  λ=7.478717e-01  dt=1.124e-03  relΔE=2.757e-14  ||F||=1.743e-06
 step=100500  E=5.773659574903e+02  Q=1.364000000000e+03  λ=7.478717e-01  dt=8.700e-04  relΔE=1.772e-14  ||F||=1.551e-06
 step=101000  E=5.773659574840e+02  Q=1.364000000000e+03  λ=7.478717e-01  dt=1.347e-03  relΔE=2.383e-14  ||F||=1.381e-06
 step=101500  E=5.773659574787e+02  Q=1.364000000000e+03  λ=7.478717e-01  dt=1.042e-03  relΔE=1.536e-14  ||F||=1.232e-06
 step=102000  E=5.773659574742e+02  Q=1.364000000000e+03  λ=7.478717e-01  dt=8.067e-04  relΔE=9.648e-15  ||F||=1.096e-06
 step=102500  E=5.773659574705e+02  Q=1.364000000000e+03  λ=7.478717e-01  dt=1.249e-03  relΔE=1.280e-14  ||F||=9.780e-07
 step=103000  E=5.773659574673e+02  Q=1.364000000000e+03  λ=7.478717e-01  dt=9.664e-04  relΔE=8.467e-15  ||F||=8.728e-07
 step=103500  E=5.773659574646e+02  Q=1.364000000000e+03  λ=7.478717e-01  dt=7.480e-04  relΔE=5.710e-15  ||F||=7.758e-07
 step=104000  E=5.773659574625e+02  Q=1.364000000000e+03  λ=7.478717e-01  dt=1.158e-03  relΔE=6.498e-15  ||F||=6.937e-07
 step=104500  E=5.773659574606e+02  Q=1.364000000000e+03  λ=7.478717e-01  dt=8.961e-04  relΔE=5.120e-15  ||F||=6.178e-07
 step=105000  E=5.773659574590e+02  Q=1.364000000000e+03  λ=7.478717e-01  dt=1.387e-03  relΔE=6.104e-15  ||F||=5.509e-07
 step=105500  E=5.773659574578e+02  Q=1.364000000000e+03  λ=7.478717e-01  dt=1.074e-03  relΔE=3.938e-15  ||F||=4.918e-07
 step=106000  E=5.773659574567e+02  Q=1.364000000000e+03  λ=7.478717e-01  dt=8.309e-04  relΔE=2.757e-15  ||F||=4.381e-07
 step=106500  E=5.773659574558e+02  Q=1.364000000000e+03  λ=7.478717e-01  dt=1.286e-03  relΔE=2.954e-15  ||F||=3.906e-07
 step=107000  E=5.773659574551e+02  Q=1.364000000000e+03  λ=7.478717e-01  dt=9.955e-04  relΔE=1.772e-15  ||F||=3.491e-07
 step=107500  E=5.773659574546e+02  Q=1.364000000000e+03  λ=7.478717e-01  dt=7.705e-04  relΔE=7.876e-16  ||F||=3.106e-07
 step=108000  E=5.773659574541e+02  Q=1.364000000000e+03  λ=7.478717e-01  dt=1.193e-03  relΔE=1.378e-15  ||F||=2.779e-07
 step=108500  E=5.773659574537e+02  Q=1.364000000000e+03  λ=7.478717e-01  dt=9.231e-04  relΔE=1.181e-15  ||F||=2.480e-07
 step=109000  E=5.773659574535e+02  Q=1.364000000000e+03  λ=7.478717e-01  dt=1.429e-03  relΔE=1.378e-15  ||F||=7.622e-07
 step=109500  E=5.773659574532e+02  Q=1.364000000000e+03  λ=7.478717e-01  dt=1.106e-03  relΔE=7.876e-16  ||F||=1.976e-07
  !! dt fell below dt_min: stiffness-limited termination.

Stationary candidate (aggressive): E=5.773659574531e+02, Q=1.364000000000e+03, maxρ=8.790681e-01

=== Stability test (damped inertial dynamics) ===
Perturb eps=0.02, gamma=1
t=0: E=6.441840608949e+02, Q=1.364000000000e+03, maxρ=9.072502e-01, σ=2.617368e+00, Rc=1.833764e+01
 step=     1  E=6.441837246242e+02  Q=1.364000000000e+03  λ=1.135276e+00  maxρ=9.072502e-01  minρ=3.307e-12  σ=2.617368e+00  Rc=1.833764e+01
 step=   300  E=6.303966520361e+02  Q=1.364000000000e+03  λ=1.032009e+00  maxρ=9.057107e-01  minρ=3.322e-12  σ=2.617365e+00  Rc=1.833764e+01
 step=   600  E=6.026752328007e+02  Q=1.364000000000e+03  λ=8.450732e-01  maxρ=9.013702e-01  minρ=3.342e-12  σ=2.617360e+00  Rc=1.833764e+01
 step=   900  E=5.864657602158e+02  Q=1.364000000000e+03  λ=7.856329e-01  maxρ=8.949502e-01  minρ=3.301e-12  σ=2.617358e+00  Rc=1.833764e+01
 step=  1200  E=5.926694191964e+02  Q=1.364000000000e+03  λ=8.935676e-01  maxρ=8.921322e-01  minρ=3.261e-12  σ=2.617361e+00  Rc=1.833763e+01
 step=  1500  E=6.093129699155e+02  Q=1.364000000000e+03  λ=1.010470e+00  maxρ=8.972845e-01  minρ=3.240e-12  σ=2.617362e+00  Rc=1.833763e+01
 step=  1800  E=6.178112490828e+02  Q=1.364000000000e+03  λ=9.962952e-01  maxρ=9.001552e-01  minρ=3.241e-12  σ=2.617360e+00  Rc=1.833763e+01
 step=  2100  E=6.128157605628e+02  Q=1.364000000000e+03  λ=8.945292e-01  maxρ=8.955710e-01  minρ=3.235e-12  σ=2.617357e+00  Rc=1.833763e+01
 step=  2400  E=6.040270187360e+02  Q=1.364000000000e+03  λ=8.475582e-01  maxρ=8.866893e-01  minρ=3.151e-12  σ=2.617357e+00  Rc=1.833763e+01
 step=  2700  E=6.018520631824e+02  Q=1.364000000000e+03  λ=9.026628e-01  maxρ=8.916114e-01  minρ=3.104e-12  σ=2.617360e+00  Rc=1.833763e+01
 step=  3000  E=6.060898368194e+02  Q=1.364000000000e+03  λ=9.688641e-01  maxρ=9.028112e-01  minρ=3.144e-12  σ=2.617361e+00  Rc=1.833763e+01
 step=  3300  E=6.093039862076e+02  Q=1.364000000000e+03  λ=9.563123e-01  maxρ=9.051295e-01  minρ=3.187e-12  σ=2.617357e+00  Rc=1.833763e+01
 step=  3600  E=6.073695571782e+02  Q=1.364000000000e+03  λ=8.912650e-01  maxρ=8.985298e-01  minρ=3.193e-12  σ=2.617353e+00  Rc=1.833763e+01
 step=  3900  E=6.033290719240e+02  Q=1.364000000000e+03  λ=8.624445e-01  maxρ=8.983108e-01  minρ=3.085e-12  σ=2.617353e+00  Rc=1.833763e+01
 step=  4200  E=6.018571631524e+02  Q=1.364000000000e+03  λ=8.955487e-01  maxρ=8.951873e-01  minρ=2.945e-12  σ=2.617356e+00  Rc=1.833762e+01
 step=  4500  E=6.033204181445e+02  Q=1.364000000000e+03  λ=9.312831e-01  maxρ=8.934116e-01  minρ=2.888e-12  σ=2.617357e+00  Rc=1.833762e+01
 step=  4800  E=6.046031939937e+02  Q=1.364000000000e+03  λ=9.185352e-01  maxρ=8.967193e-01  minρ=2.940e-12  σ=2.617353e+00  Rc=1.833762e+01
 step=  5100  E=6.038603273790e+02  Q=1.364000000000e+03  λ=8.804580e-01  maxρ=8.977463e-01  minρ=2.775e-12  σ=2.617348e+00  Rc=1.833762e+01
 step=  5400  E=6.023166025455e+02  Q=1.364000000000e+03  λ=8.703222e-01  maxρ=8.966867e-01  minρ=2.663e-12  σ=2.617347e+00  Rc=1.833762e+01
 step=  5700  E=6.017337304633e+02  Q=1.364000000000e+03  λ=8.946361e-01  maxρ=8.936215e-01  minρ=2.682e-12  σ=2.617348e+00  Rc=1.833762e+01
 step=  6000  E=6.019988109266e+02  Q=1.364000000000e+03  λ=9.122579e-01  maxρ=8.917895e-01  minρ=2.797e-12  σ=2.617348e+00  Rc=1.833761e+01
 >>> No runaway detected in this horizon. Likely stable (within this model & box).

STABILITY: PASS
