
=== Aggressive relaxation to Q = 1280 ===
Initial: E=8.353426622578e+02, Q=1.280000000000e+03, dt=1.000e-04
 step=     1  E=8.353129233630e+02  Q=1.280000000000e+03  λ=1.334217e+00  dt=1.000e-04  relΔE=3.560e-05  ||F||=4.825e-01
 step=   500  E=8.041226201705e+02  Q=1.280000000000e+03  λ=1.258104e+00  dt=6.192e-04  relΔE=1.262e-04  ||F||=3.925e-01
 step=  1000  E=7.460750713814e+02  Q=1.280000000000e+03  λ=1.119732e+00  dt=9.584e-04  relΔE=8.272e-05  ||F||=2.460e-01
 step=  1500  E=7.175829317662e+02  Q=1.280000000000e+03  λ=1.054031e+00  dt=1.484e-03  relΔE=6.726e-05  ||F||=4.732e-01
 step=  2000  E=7.019920146351e+02  Q=1.280000000000e+03  λ=1.019053e+00  dt=1.148e-03  relΔE=3.565e-05  ||F||=1.430e-01
 step=  2500  E=6.907297431777e+02  Q=1.280000000000e+03  λ=9.948246e-01  dt=8.887e-04  relΔE=2.014e-05  ||F||=1.212e-01
 step=  3000  E=6.824557808027e+02  Q=1.280000000000e+03  λ=9.777924e-01  dt=1.376e-03  relΔE=2.457e-05  ||F||=1.069e-01
 step=  3500  E=6.759243539291e+02  Q=1.280000000000e+03  λ=9.648619e-01  dt=1.065e-03  relΔE=1.585e-05  ||F||=9.717e-02
 step=  4000  E=6.702462243387e+02  Q=1.280000000000e+03  λ=9.540287e-01  dt=8.241e-04  relΔE=1.051e-05  ||F||=8.955e-02
 step=  4500  E=6.655271624144e+02  Q=1.280000000000e+03  λ=9.453206e-01  dt=1.276e-03  relΔE=1.428e-05  ||F||=8.361e-02
 step=  5000  E=6.613479402706e+02  Q=1.280000000000e+03  λ=9.378074e-01  dt=9.873e-04  relΔE=9.852e-06  ||F||=7.869e-02
 step=  5500  E=6.575017198876e+02  Q=1.280000000000e+03  λ=9.313453e-01  dt=1.528e-03  relΔE=5.093e-06  ||F||=7.867e-01
 step=  6000  E=6.542274981447e+02  Q=1.280000000000e+03  λ=9.254369e-01  dt=1.183e-03  relΔE=9.635e-06  ||F||=7.070e-02
 step=  6500  E=6.511664828021e+02  Q=1.280000000000e+03  λ=9.202679e-01  dt=9.154e-04  relΔE=6.825e-06  ||F||=6.748e-02
 step=  7000  E=6.483602153244e+02  Q=1.280000000000e+03  λ=9.156098e-01  dt=1.417e-03  relΔE=9.672e-06  ||F||=6.443e-02
 step=  7500  E=6.458440393311e+02  Q=1.280000000000e+03  λ=9.114858e-01  dt=1.097e-03  relΔE=6.914e-06  ||F||=6.179e-02
 step=  8000  E=6.434705392614e+02  Q=1.280000000000e+03  λ=9.076450e-01  dt=8.488e-04  relΔE=4.990e-06  ||F||=5.957e-02
 step=  8500  E=6.413096277184e+02  Q=1.280000000000e+03  λ=9.041919e-01  dt=1.314e-03  relΔE=7.123e-06  ||F||=5.710e-02
 step=  9000  E=6.393212186143e+02  Q=1.280000000000e+03  λ=9.010429e-01  dt=1.017e-03  relΔE=5.144e-06  ||F||=5.507e-02
 step=  9500  E=6.374926072731e+02  Q=1.280000000000e+03  λ=8.981769e-01  dt=1.312e-03  relΔE=6.212e-06  ||F||=5.321e-02
 step= 10000  E=6.357366009007e+02  Q=1.280000000000e+03  λ=8.954459e-01  dt=1.015e-03  relΔE=4.506e-06  ||F||=5.144e-02
 step= 10500  E=6.340630182310e+02  Q=1.280000000000e+03  λ=8.928654e-01  dt=7.858e-04  relΔE=3.430e-06  ||F||=5.098e-02
 step= 11000  E=6.325595148227e+02  Q=1.280000000000e+03  λ=8.905671e-01  dt=1.216e-03  relΔE=4.773e-06  ||F||=4.825e-02
 step= 11500  E=6.311070817618e+02  Q=1.280000000000e+03  λ=8.883606e-01  dt=9.414e-04  relΔE=3.490e-06  ||F||=4.684e-02
 step= 12000  E=6.297197077822e+02  Q=1.280000000000e+03  λ=8.862704e-01  dt=1.457e-03  relΔE=5.094e-06  ||F||=4.546e-02
 step= 12500  E=6.284649164323e+02  Q=1.280000000000e+03  λ=8.843899e-01  dt=1.128e-03  relΔE=3.740e-06  ||F||=4.420e-02
 step= 13000  E=6.272248415411e+02  Q=1.280000000000e+03  λ=8.825438e-01  dt=8.730e-04  relΔE=2.754e-06  ||F||=4.308e-02
 step= 13500  E=6.260759769578e+02  Q=1.280000000000e+03  λ=8.808462e-01  dt=1.351e-03  relΔE=4.038e-06  ||F||=4.188e-02
 step= 14000  E=6.249908517588e+02  Q=1.280000000000e+03  λ=8.792504e-01  dt=1.046e-03  relΔE=2.978e-06  ||F||=4.085e-02
 step= 14500  E=6.239230131566e+02  Q=1.280000000000e+03  λ=8.776898e-01  dt=8.095e-04  relΔE=2.238e-06  ||F||=4.023e-02
 step= 15000  E=6.229456239795e+02  Q=1.280000000000e+03  λ=8.762713e-01  dt=1.253e-03  relΔE=3.248e-06  ||F||=3.891e-02
 step= 15500  E=6.220034609828e+02  Q=1.280000000000e+03  λ=8.749101e-01  dt=9.698e-04  relΔE=2.408e-06  ||F||=3.805e-02
 step= 16000  E=6.210709401109e+02  Q=1.280000000000e+03  λ=8.735730e-01  dt=1.501e-03  relΔE=3.543e-06  ||F||=5.254e-02
 step= 16500  E=6.202259651230e+02  Q=1.280000000000e+03  λ=8.723654e-01  dt=1.162e-03  relΔE=2.650e-06  ||F||=3.642e-02
 step= 17000  E=6.193862677794e+02  Q=1.280000000000e+03  λ=8.711730e-01  dt=8.992e-04  relΔE=1.974e-06  ||F||=3.571e-02
 step= 17500  E=6.185846060541e+02  Q=1.280000000000e+03  λ=8.700423e-01  dt=1.392e-03  relΔE=2.935e-06  ||F||=3.497e-02
 step= 18000  E=6.178226330815e+02  Q=1.280000000000e+03  λ=8.689723e-01  dt=1.077e-03  relΔE=2.190e-06  ||F||=3.432e-02
 step= 18500  E=6.170704903644e+02  Q=1.280000000000e+03  λ=8.679222e-01  dt=8.338e-04  relΔE=1.652e-06  ||F||=3.386e-02
 step= 19000  E=6.163621735751e+02  Q=1.280000000000e+03  λ=8.669400e-01  dt=1.291e-03  relΔE=2.447e-06  ||F||=3.310e-02
 step= 19500  E=6.156741221046e+02  Q=1.280000000000e+03  λ=8.659900e-01  dt=9.989e-04  relΔE=1.834e-06  ||F||=3.255e-02
 step= 20000  E=6.149888923145e+02  Q=1.280000000000e+03  λ=8.650498e-01  dt=7.731e-04  relΔE=1.517e-06  ||F||=3.376e-02
 step= 20500  E=6.143579174837e+02  Q=1.280000000000e+03  λ=8.641892e-01  dt=1.197e-03  relΔE=2.067e-06  ||F||=3.154e-02
 step= 21000  E=6.137251851281e+02  Q=1.280000000000e+03  λ=8.633303e-01  dt=9.263e-04  relΔE=1.558e-06  ||F||=3.111e-02
 step= 21500  E=6.131052978526e+02  Q=1.280000000000e+03  λ=8.624947e-01  dt=1.434e-03  relΔE=2.342e-06  ||F||=3.068e-02
 step= 22000  E=6.125244606642e+02  Q=1.280000000000e+03  λ=8.617149e-01  dt=1.110e-03  relΔE=1.769e-06  ||F||=3.026e-02
 step= 22500  E=6.119346382660e+02  Q=1.280000000000e+03  λ=8.609276e-01  dt=8.589e-04  relΔE=1.343e-06  ||F||=2.995e-02
 step= 23000  E=6.113713629276e+02  Q=1.280000000000e+03  λ=8.601808e-01  dt=1.329e-03  relΔE=2.023e-06  ||F||=2.953e-02
 step= 23500  E=6.108238262186e+02  Q=1.280000000000e+03  λ=8.594577e-01  dt=1.029e-03  relΔE=1.534e-06  ||F||=2.922e-02
 step= 24000  E=6.102680623129e+02  Q=1.280000000000e+03  λ=8.587280e-01  dt=7.964e-04  relΔE=1.201e-06  ||F||=2.939e-02
 step= 24500  E=6.097473779245e+02  Q=1.280000000000e+03  λ=8.580483e-01  dt=1.233e-03  relΔE=1.770e-06  ||F||=2.865e-02
 step= 25000  E=6.092294260442e+02  Q=1.280000000000e+03  λ=8.573748e-01  dt=7.951e-04  relΔE=1.123e-06  ||F||=2.841e-02
 step= 25500  E=6.087256875360e+02  Q=1.280000000000e+03  λ=8.567237e-01  dt=1.231e-03  relΔE=1.714e-06  ||F||=2.820e-02
 step= 26000  E=6.082186366556e+02  Q=1.280000000000e+03  λ=8.560707e-01  dt=9.526e-04  relΔE=1.311e-06  ||F||=2.801e-02
 step= 26500  E=6.077069462979e+02  Q=1.280000000000e+03  λ=8.554154e-01  dt=1.475e-03  relΔE=2.004e-06  ||F||=2.799e-02
 step= 27000  E=6.072367647196e+02  Q=1.280000000000e+03  λ=8.548148e-01  dt=9.510e-04  relΔE=1.281e-06  ||F||=2.769e-02
 step= 27500  E=6.067355678405e+02  Q=1.280000000000e+03  λ=8.541780e-01  dt=1.472e-03  relΔE=1.967e-06  ||F||=2.766e-02
 step= 28000  E=6.062613524077e+02  Q=1.280000000000e+03  λ=8.535768e-01  dt=1.139e-03  relΔE=1.514e-06  ||F||=2.748e-02
 step= 28500  E=6.057702766246e+02  Q=1.280000000000e+03  λ=8.529562e-01  dt=8.818e-04  relΔE=1.171e-06  ||F||=2.746e-02
 step= 29000  E=6.052906632271e+02  Q=1.280000000000e+03  λ=8.523525e-01  dt=1.365e-03  relΔE=1.802e-06  ||F||=2.737e-02
 step= 29500  E=6.048137105505e+02  Q=1.280000000000e+03  λ=8.517527e-01  dt=1.056e-03  relΔE=1.394e-06  ||F||=2.736e-02
 step= 30000  E=6.043235627047e+02  Q=1.280000000000e+03  λ=8.511375e-01  dt=8.177e-04  relΔE=1.094e-06  ||F||=2.754e-02
 step= 30500  E=6.038495593720e+02  Q=1.280000000000e+03  λ=8.505439e-01  dt=1.266e-03  relΔE=1.678e-06  ||F||=2.740e-02
 step= 31000  E=6.033682106750e+02  Q=1.280000000000e+03  λ=8.499407e-01  dt=9.796e-04  relΔE=1.306e-06  ||F||=2.747e-02
 step= 31500  E=6.028686268403e+02  Q=1.280000000000e+03  λ=8.493224e-01  dt=1.516e-03  relΔE=1.810e-06  ||F||=1.254e-01
 step= 32000  E=6.023936388007e+02  Q=1.280000000000e+03  λ=8.487197e-01  dt=1.174e-03  relΔE=1.592e-06  ||F||=2.768e-02
 step= 32500  E=6.018943503393e+02  Q=1.280000000000e+03  λ=8.480927e-01  dt=9.084e-04  relΔE=1.250e-06  ||F||=2.787e-02
 step= 33000  E=6.013900773716e+02  Q=1.280000000000e+03  λ=8.474589e-01  dt=1.406e-03  relΔE=1.957e-06  ||F||=2.802e-02
 step= 33500  E=6.008909081566e+02  Q=1.280000000000e+03  λ=8.468288e-01  dt=1.088e-03  relΔE=1.539e-06  ||F||=2.823e-02
 step= 34000  E=6.003659652666e+02  Q=1.280000000000e+03  λ=8.461640e-01  dt=8.423e-04  relΔE=1.229e-06  ||F||=2.866e-02
 step= 34500  E=5.998440835573e+02  Q=1.280000000000e+03  λ=8.455007e-01  dt=1.304e-03  relΔE=1.918e-06  ||F||=2.876e-02
 step= 35000  E=5.993110812093e+02  Q=1.280000000000e+03  λ=8.448190e-01  dt=1.009e-03  relΔE=1.520e-06  ||F||=2.909e-02
 step= 35500  E=5.987473848014e+02  Q=1.280000000000e+03  λ=8.440938e-01  dt=7.810e-04  relΔE=1.269e-06  ||F||=3.023e-02
 step= 36000  E=5.981972003065e+02  Q=1.280000000000e+03  λ=8.433817e-01  dt=1.209e-03  relΔE=1.919e-06  ||F||=2.984e-02
 step= 36500  E=5.976146402343e+02  Q=1.280000000000e+03  λ=8.426212e-01  dt=9.357e-04  relΔE=1.533e-06  ||F||=3.030e-02
 step= 37000  E=5.970065856484e+02  Q=1.280000000000e+03  λ=8.418217e-01  dt=1.448e-03  relΔE=2.449e-06  ||F||=3.077e-02
 step= 37500  E=5.964014680932e+02  Q=1.280000000000e+03  λ=8.410177e-01  dt=1.121e-03  relΔE=1.961e-06  ||F||=3.128e-02
 step= 38000  E=5.957527086348e+02  Q=1.280000000000e+03  λ=8.401474e-01  dt=8.676e-04  relΔE=1.583e-06  ||F||=3.193e-02
 step= 38500  E=5.950910951238e+02  Q=1.280000000000e+03  λ=8.392516e-01  dt=1.343e-03  relΔE=2.537e-06  ||F||=3.247e-02
 step= 39000  E=5.944053581820e+02  Q=1.280000000000e+03  λ=8.383116e-01  dt=1.039e-03  relΔE=2.047e-06  ||F||=3.313e-02
 step= 39500  E=5.936699518902e+02  Q=1.280000000000e+03  λ=8.372918e-01  dt=8.045e-04  relΔE=1.696e-06  ||F||=3.427e-02
 step= 40000  E=5.929303400234e+02  Q=1.280000000000e+03  λ=8.362547e-01  dt=1.245e-03  relΔE=2.683e-06  ||F||=3.461e-02
 step= 40500  E=5.921446928585e+02  Q=1.280000000000e+03  λ=8.351381e-01  dt=9.638e-04  relΔE=2.180e-06  ||F||=3.544e-02
 step= 41000  E=5.912970163089e+02  Q=1.280000000000e+03  λ=8.339192e-01  dt=1.492e-03  relΔE=3.546e-06  ||F||=3.866e-02
 step= 41500  E=5.904517640474e+02  Q=1.280000000000e+03  λ=8.326859e-01  dt=1.155e-03  relΔE=2.888e-06  ||F||=3.721e-02
 step= 42000  E=5.895269968283e+02  Q=1.280000000000e+03  λ=8.313188e-01  dt=8.937e-04  relΔE=2.365e-06  ||F||=3.825e-02
 step= 42500  E=5.885640240014e+02  Q=1.280000000000e+03  λ=8.298777e-01  dt=1.383e-03  relΔE=3.854e-06  ||F||=3.921e-02
 step= 43000  E=5.875588120091e+02  Q=1.280000000000e+03  λ=8.283511e-01  dt=1.071e-03  relΔE=3.151e-06  ||F||=4.027e-02
 step= 43500  E=5.864712526887e+02  Q=1.280000000000e+03  λ=8.266773e-01  dt=8.287e-04  relΔE=2.615e-06  ||F||=4.166e-02
 step= 44000  E=5.853522467520e+02  Q=1.280000000000e+03  λ=8.249342e-01  dt=1.283e-03  relΔE=4.222e-06  ||F||=4.250e-02
 step= 44500  E=5.841633345925e+02  Q=1.280000000000e+03  λ=8.230557e-01  dt=9.928e-04  relΔE=3.455e-06  ||F||=4.366e-02
 step= 45000  E=5.828713520907e+02  Q=1.280000000000e+03  λ=8.209903e-01  dt=7.684e-04  relΔE=3.247e-06  ||F||=7.824e-02
 step= 45500  E=5.815829487270e+02  Q=1.280000000000e+03  λ=8.189031e-01  dt=1.189e-03  relΔE=4.612e-06  ||F||=4.598e-02
 step= 46000  E=5.801782371570e+02  Q=1.280000000000e+03  λ=8.166002e-01  dt=9.206e-04  relΔE=3.771e-06  ||F||=4.720e-02
 step= 46500  E=5.786982434984e+02  Q=1.280000000000e+03  λ=8.141487e-01  dt=1.425e-03  relΔE=6.115e-06  ||F||=4.827e-02
 step= 47000  E=5.772420492337e+02  Q=1.280000000000e+03  λ=8.117065e-01  dt=9.191e-04  relΔE=4.120e-06  ||F||=4.926e-02
 step= 47500  E=5.756164723151e+02  Q=1.280000000000e+03  λ=8.089568e-01  dt=1.423e-03  relΔE=6.649e-06  ||F||=5.023e-02
 step= 48000  E=5.739993200092e+02  Q=1.280000000000e+03  λ=8.061906e-01  dt=1.101e-03  relΔE=5.331e-06  ||F||=5.104e-02
 step= 48500  E=5.722738750676e+02  Q=1.280000000000e+03  λ=8.032122e-01  dt=8.522e-04  relΔE=4.277e-06  ||F||=5.189e-02
 step= 49000  E=5.706235780155e+02  Q=1.280000000000e+03  λ=8.003418e-01  dt=1.099e-03  relΔE=5.607e-06  ||F||=5.223e-02
 step= 49500  E=5.688092624758e+02  Q=1.280000000000e+03  λ=7.971582e-01  dt=8.508e-04  relΔE=4.446e-06  ||F||=5.279e-02
 step= 50000  E=5.670379913788e+02  Q=1.280000000000e+03  λ=7.940302e-01  dt=1.317e-03  relΔE=6.865e-06  ||F||=5.264e-02
 step= 50500  E=5.652800913997e+02  Q=1.280000000000e+03  λ=7.909002e-01  dt=1.019e-03  relΔE=5.297e-06  ||F||=5.248e-02
 step= 51000  E=5.634803888730e+02  Q=1.280000000000e+03  λ=7.876751e-01  dt=7.889e-04  relΔE=4.223e-06  ||F||=5.321e-02
 step= 51500  E=5.618019295645e+02  Q=1.280000000000e+03  λ=7.846523e-01  dt=1.221e-03  relΔE=6.107e-06  ||F||=5.132e-02
 step= 52000  E=5.601362921214e+02  Q=1.280000000000e+03  λ=7.816318e-01  dt=9.452e-04  relΔE=4.562e-06  ||F||=5.035e-02
 step= 52500  E=5.585179289209e+02  Q=1.280000000000e+03  λ=7.786846e-01  dt=1.463e-03  relΔE=6.718e-06  ||F||=4.905e-02
 step= 53000  E=5.570535419571e+02  Q=1.280000000000e+03  λ=7.759999e-01  dt=1.132e-03  relΔE=4.903e-06  ||F||=4.755e-02
 step= 53500  E=5.556277414517e+02  Q=1.280000000000e+03  λ=7.733728e-01  dt=8.764e-04  relΔE=3.541e-06  ||F||=4.587e-02
 step= 54000  E=5.543409600564e+02  Q=1.280000000000e+03  λ=7.709924e-01  dt=1.357e-03  relΔE=5.014e-06  ||F||=4.383e-02
 step= 54500  E=5.531757895283e+02  Q=1.280000000000e+03  λ=7.688229e-01  dt=1.050e-03  relΔE=3.528e-06  ||F||=4.174e-02
 step= 55000  E=5.520912917099e+02  Q=1.280000000000e+03  λ=7.667930e-01  dt=8.127e-04  relΔE=2.467e-06  ||F||=3.964e-02
 step= 55500  E=5.511627673617e+02  Q=1.280000000000e+03  λ=7.650471e-01  dt=1.258e-03  relΔE=3.365e-06  ||F||=3.717e-02
 step= 56000  E=5.503303850424e+02  Q=1.280000000000e+03  λ=7.634708e-01  dt=9.736e-04  relΔE=2.289e-06  ||F||=3.482e-02
 step= 56500  E=5.495848751465e+02  Q=1.280000000000e+03  λ=7.620557e-01  dt=1.507e-03  relΔE=2.903e-06  ||F||=1.011e-01
 step= 57000  E=5.489765887354e+02  Q=1.280000000000e+03  λ=7.608839e-01  dt=1.166e-03  relΔE=2.054e-06  ||F||=3.010e-02
 step= 57500  E=5.484322036210e+02  Q=1.280000000000e+03  λ=7.598312e-01  dt=9.028e-04  relΔE=1.357e-06  ||F||=2.780e-02
 step= 58000  E=5.479729265623e+02  Q=1.280000000000e+03  λ=7.589366e-01  dt=1.397e-03  relΔE=1.775e-06  ||F||=2.554e-02
 step= 58500  E=5.475927902805e+02  Q=1.280000000000e+03  λ=7.581883e-01  dt=1.082e-03  relΔE=1.158e-06  ||F||=2.344e-02
 step= 59000  E=5.472651921567e+02  Q=1.280000000000e+03  λ=7.575370e-01  dt=8.371e-04  relΔE=7.509e-07  ||F||=2.145e-02
 step= 59500  E=5.469990116899e+02  Q=1.280000000000e+03  λ=7.570023e-01  dt=1.296e-03  relΔE=9.593e-07  ||F||=1.948e-02
 step= 60000  E=5.467780451205e+02  Q=1.280000000000e+03  λ=7.565522e-01  dt=1.003e-03  relΔE=6.134e-07  ||F||=1.770e-02
 step= 60500  E=5.465909462787e+02  Q=1.280000000000e+03  λ=7.561657e-01  dt=7.762e-04  relΔE=4.217e-07  ||F||=1.674e-02
 step= 61000  E=5.464454924128e+02  Q=1.280000000000e+03  λ=7.558609e-01  dt=1.202e-03  relΔE=4.927e-07  ||F||=1.449e-02
 step= 61500  E=5.463228652959e+02  Q=1.280000000000e+03  λ=7.555992e-01  dt=9.299e-04  relΔE=3.104e-07  ||F||=1.307e-02
 step= 62000  E=5.462226631655e+02  Q=1.280000000000e+03  λ=7.553814e-01  dt=1.439e-03  relΔE=3.877e-07  ||F||=1.174e-02
 step= 62500  E=5.461442846004e+02  Q=1.280000000000e+03  λ=7.552071e-01  dt=1.114e-03  relΔE=2.435e-07  ||F||=1.057e-02
 step= 63000  E=5.460787082304e+02  Q=1.280000000000e+03  λ=7.550579e-01  dt=8.623e-04  relΔE=1.519e-07  ||F||=9.492e-03
 step= 63500  E=5.460271095178e+02  Q=1.280000000000e+03  λ=7.549376e-01  dt=1.335e-03  relΔE=1.883e-07  ||F||=8.492e-03
 step= 64000  E=5.459857792232e+02  Q=1.280000000000e+03  λ=7.548383e-01  dt=1.033e-03  relΔE=1.170e-07  ||F||=7.608e-03
 step= 64500  E=5.459517678991e+02  Q=1.280000000000e+03  λ=7.547540e-01  dt=7.996e-04  relΔE=7.438e-08  ||F||=6.896e-03
 step= 65000  E=5.459256408759e+02  Q=1.280000000000e+03  λ=7.546871e-01  dt=1.238e-03  relΔE=8.943e-08  ||F||=6.074e-03
 step= 65500  E=5.459043932400e+02  Q=1.280000000000e+03  λ=7.546305e-01  dt=9.579e-04  relΔE=5.521e-08  ||F||=5.424e-03
 step= 66000  E=5.458871090120e+02  Q=1.280000000000e+03  λ=7.545827e-01  dt=1.483e-03  relΔE=6.756e-08  ||F||=4.928e-03
 step= 66500  E=5.458743945846e+02  Q=1.280000000000e+03  λ=7.545459e-01  dt=9.564e-04  relΔE=3.508e-08  ||F||=4.325e-03
 step= 67000  E=5.458634005031e+02  Q=1.280000000000e+03  λ=7.545126e-01  dt=1.480e-03  relΔE=4.288e-08  ||F||=3.852e-03
 step= 67500  E=5.458550904748e+02  Q=1.280000000000e+03  λ=7.544861e-01  dt=1.146e-03  relΔE=2.646e-08  ||F||=3.430e-03
 step= 68000  E=5.458482436064e+02  Q=1.280000000000e+03  λ=7.544631e-01  dt=8.868e-04  relΔE=1.618e-08  ||F||=3.048e-03
 step= 68500  E=5.458431310022e+02  Q=1.280000000000e+03  λ=7.544449e-01  dt=1.144e-03  relΔE=1.672e-08  ||F||=2.727e-03
 step= 69000  E=5.458388083287e+02  Q=1.280000000000e+03  λ=7.544286e-01  dt=8.853e-04  relΔE=1.021e-08  ||F||=2.421e-03
 step= 69500  E=5.458354283970e+02  Q=1.280000000000e+03  λ=7.544149e-01  dt=1.370e-03  relΔE=1.249e-08  ||F||=2.152e-03
 step= 70000  E=5.458327979014e+02  Q=1.280000000000e+03  λ=7.544036e-01  dt=1.061e-03  relΔE=7.672e-09  ||F||=1.916e-03
 step= 70500  E=5.458306502588e+02  Q=1.280000000000e+03  λ=7.543936e-01  dt=8.209e-04  relΔE=4.673e-09  ||F||=1.699e-03
 step= 71000  E=5.458290099535e+02  Q=1.280000000000e+03  λ=7.543854e-01  dt=1.271e-03  relΔE=5.737e-09  ||F||=1.512e-03
 step= 71500  E=5.458276998827e+02  Q=1.280000000000e+03  λ=7.543783e-01  dt=9.835e-04  relΔE=3.513e-09  ||F||=1.344e-03
 step= 72000  E=5.458266311779e+02  Q=1.280000000000e+03  λ=7.543724e-01  dt=1.522e-03  relΔE=2.594e-09  ||F||=2.741e-02
 step= 72500  E=5.458258387717e+02  Q=1.280000000000e+03  λ=7.543670e-01  dt=1.178e-03  relΔE=2.630e-09  ||F||=1.061e-03
 step= 73000  E=5.458251838117e+02  Q=1.280000000000e+03  λ=7.543625e-01  dt=9.120e-04  relΔE=1.605e-09  ||F||=9.410e-04
 step= 73500  E=5.458246680675e+02  Q=1.280000000000e+03  λ=7.543586e-01  dt=1.412e-03  relΔE=1.960e-09  ||F||=8.350e-04
 step= 74000  E=5.458242702631e+02  Q=1.280000000000e+03  λ=7.543552e-01  dt=1.093e-03  relΔE=1.204e-09  ||F||=7.429e-04
 step= 74500  E=5.458239460926e+02  Q=1.280000000000e+03  λ=7.543523e-01  dt=8.456e-04  relΔE=7.343e-10  ||F||=6.586e-04
 step= 75000  E=5.458236949531e+02  Q=1.280000000000e+03  λ=7.543498e-01  dt=1.309e-03  relΔE=9.002e-10  ||F||=5.852e-04
 step= 75500  E=5.458234970469e+02  Q=1.280000000000e+03  λ=7.543476e-01  dt=1.013e-03  relΔE=5.525e-10  ||F||=5.202e-04
 step= 76000  E=5.458233352098e+02  Q=1.280000000000e+03  λ=7.543456e-01  dt=7.841e-04  relΔE=3.365e-10  ||F||=4.606e-04
 step= 76500  E=5.458232135488e+02  Q=1.280000000000e+03  λ=7.543439e-01  dt=1.214e-03  relΔE=4.150e-10  ||F||=4.103e-04
 step= 77000  E=5.458231142223e+02  Q=1.280000000000e+03  λ=7.543424e-01  dt=9.394e-04  relΔE=2.544e-10  ||F||=3.642e-04
 step= 77500  E=5.458230345135e+02  Q=1.280000000000e+03  λ=7.543411e-01  dt=1.454e-03  relΔE=3.110e-10  ||F||=3.230e-04
 step= 78000  E=5.458229738855e+02  Q=1.280000000000e+03  λ=7.543400e-01  dt=1.125e-03  relΔE=1.921e-10  ||F||=2.875e-04
 step= 78500  E=5.458229239326e+02  Q=1.280000000000e+03  λ=7.543390e-01  dt=8.711e-04  relΔE=1.177e-10  ||F||=2.550e-04
 step= 79000  E=5.458228848093e+02  Q=1.280000000000e+03  λ=7.543381e-01  dt=1.348e-03  relΔE=1.449e-10  ||F||=2.265e-04
 step= 79500  E=5.458228540913e+02  Q=1.280000000000e+03  λ=7.543374e-01  dt=1.044e-03  relΔE=8.950e-11  ||F||=2.015e-04
 step= 80000  E=5.458228288775e+02  Q=1.280000000000e+03  λ=7.543367e-01  dt=8.077e-04  relΔE=5.495e-11  ||F||=1.786e-04
 step= 80500  E=5.458228094486e+02  Q=1.280000000000e+03  λ=7.543361e-01  dt=1.250e-03  relΔE=6.808e-11  ||F||=1.590e-04
 step= 81000  E=5.458227937824e+02  Q=1.280000000000e+03  λ=7.543355e-01  dt=9.677e-04  relΔE=4.213e-11  ||F||=1.413e-04
 step= 81500  E=5.458227808369e+02  Q=1.280000000000e+03  λ=7.543350e-01  dt=1.498e-03  relΔE=4.747e-11  ||F||=1.455e-03
 step= 82000  E=5.458227711146e+02  Q=1.280000000000e+03  λ=7.543346e-01  dt=1.159e-03  relΔE=3.235e-11  ||F||=1.116e-04
 step= 82500  E=5.458227629756e+02  Q=1.280000000000e+03  λ=7.543343e-01  dt=8.973e-04  relΔE=2.005e-11  ||F||=9.904e-05
 step= 83000  E=5.458227564711e+02  Q=1.280000000000e+03  λ=7.543339e-01  dt=1.389e-03  relΔE=2.492e-11  ||F||=8.796e-05
 step= 83500  E=5.458227513540e+02  Q=1.280000000000e+03  λ=7.543337e-01  dt=1.075e-03  relΔE=1.559e-11  ||F||=7.832e-05
 step= 84000  E=5.458227471026e+02  Q=1.280000000000e+03  λ=7.543334e-01  dt=8.320e-04  relΔE=9.712e-12  ||F||=6.949e-05
 step= 84500  E=5.458227437350e+02  Q=1.280000000000e+03  λ=7.543332e-01  dt=1.288e-03  relΔE=1.218e-11  ||F||=6.181e-05
 step= 85000  E=5.458227410219e+02  Q=1.280000000000e+03  λ=7.543330e-01  dt=9.968e-04  relΔE=7.663e-12  ||F||=5.501e-05
 step= 85500  E=5.458227387349e+02  Q=1.280000000000e+03  λ=7.543328e-01  dt=7.715e-04  relΔE=4.796e-12  ||F||=4.874e-05
 step= 86000  E=5.458227369743e+02  Q=1.280000000000e+03  λ=7.543326e-01  dt=1.194e-03  relΔE=6.089e-12  ||F||=4.347e-05
 step= 86500  E=5.458227354885e+02  Q=1.280000000000e+03  λ=7.543325e-01  dt=9.242e-04  relΔE=3.852e-12  ||F||=3.863e-05
 step= 87000  E=5.458227342594e+02  Q=1.280000000000e+03  λ=7.543324e-01  dt=1.431e-03  relΔE=4.878e-12  ||F||=3.431e-05
 step= 87500  E=5.458227332879e+02  Q=1.280000000000e+03  λ=7.543323e-01  dt=1.107e-03  relΔE=3.122e-12  ||F||=3.057e-05
 step= 88000  E=5.458227324581e+02  Q=1.280000000000e+03  λ=7.543322e-01  dt=8.570e-04  relΔE=1.991e-12  ||F||=2.715e-05
 step= 88500  E=5.458227317794e+02  Q=1.280000000000e+03  λ=7.543321e-01  dt=1.327e-03  relΔE=2.554e-12  ||F||=2.414e-05
 step= 89000  E=5.458227312250e+02  Q=1.280000000000e+03  λ=7.543320e-01  dt=1.027e-03  relΔE=1.648e-12  ||F||=2.151e-05
 step= 89500  E=5.458227307469e+02  Q=1.280000000000e+03  λ=7.543319e-01  dt=7.947e-04  relΔE=1.061e-12  ||F||=1.908e-05
 step= 90000  E=5.458227303625e+02  Q=1.280000000000e+03  λ=7.543319e-01  dt=1.230e-03  relΔE=1.380e-12  ||F||=1.701e-05
 step= 90500  E=5.458227300349e+02  Q=1.280000000000e+03  λ=7.543318e-01  dt=9.520e-04  relΔE=8.977e-13  ||F||=1.514e-05
 step= 91000  E=5.458227297510e+02  Q=1.280000000000e+03  λ=7.543317e-01  dt=1.474e-03  relΔE=1.150e-12  ||F||=8.142e-05
 step= 91500  E=5.458227295247e+02  Q=1.280000000000e+03  λ=7.543317e-01  dt=1.141e-03  relΔE=7.692e-13  ||F||=1.198e-05
 step= 92000  E=5.458227293243e+02  Q=1.280000000000e+03  λ=7.543317e-01  dt=8.828e-04  relΔE=5.043e-13  ||F||=1.065e-05
 step= 92500  E=5.458227291550e+02  Q=1.280000000000e+03  λ=7.543316e-01  dt=1.366e-03  relΔE=6.657e-13  ||F||=9.466e-06
 step= 93000  E=5.458227290135e+02  Q=1.280000000000e+03  λ=7.543316e-01  dt=1.058e-03  relΔE=4.420e-13  ||F||=8.437e-06
 step= 93500  E=5.458227288887e+02  Q=1.280000000000e+03  λ=7.543316e-01  dt=8.186e-04  relΔE=2.926e-13  ||F||=7.496e-06
 step= 94000  E=5.458227287836e+02  Q=1.280000000000e+03  λ=7.543316e-01  dt=1.267e-03  relΔE=3.901e-13  ||F||=6.676e-06
 step= 94500  E=5.458227286935e+02  Q=1.280000000000e+03  λ=7.543315e-01  dt=9.807e-04  relΔE=2.614e-13  ||F||=5.949e-06
 step= 95000  E=5.458227286126e+02  Q=1.280000000000e+03  λ=7.543315e-01  dt=7.590e-04  relΔE=1.743e-13  ||F||=5.278e-06
 step= 95500  E=5.458227285464e+02  Q=1.280000000000e+03  λ=7.543315e-01  dt=1.175e-03  relΔE=2.356e-13  ||F||=4.714e-06
 step= 96000  E=5.458227284867e+02  Q=1.280000000000e+03  λ=7.543315e-01  dt=9.093e-04  relΔE=1.585e-13  ||F||=4.193e-06
 step= 96500  E=5.458227284344e+02  Q=1.280000000000e+03  λ=7.543315e-01  dt=1.408e-03  relΔE=2.131e-13  ||F||=3.730e-06
 step= 97000  E=5.458227283902e+02  Q=1.280000000000e+03  λ=7.543315e-01  dt=1.089e-03  relΔE=1.450e-13  ||F||=3.326e-06
 step= 97500  E=5.458227283504e+02  Q=1.280000000000e+03  λ=7.543314e-01  dt=8.432e-04  relΔE=9.789e-14  ||F||=2.958e-06
 step= 98000  E=5.458227283159e+02  Q=1.280000000000e+03  λ=7.543314e-01  dt=1.305e-03  relΔE=1.331e-13  ||F||=2.633e-06
 step= 98500  E=5.458227282860e+02  Q=1.280000000000e+03  λ=7.543314e-01  dt=1.010e-03  relΔE=9.081e-14  ||F||=2.349e-06
 step= 99000  E=5.458227282587e+02  Q=1.280000000000e+03  λ=7.543314e-01  dt=7.818e-04  relΔE=6.124e-14  ||F||=2.086e-06
 step= 99500  E=5.458227282357e+02  Q=1.280000000000e+03  λ=7.543314e-01  dt=1.210e-03  relΔE=8.436e-14  ||F||=1.862e-06
 step=100000  E=5.458227282150e+02  Q=1.280000000000e+03  λ=7.543314e-01  dt=9.367e-04  relΔE=5.749e-14  ||F||=1.658e-06
 step=100500  E=5.458227281963e+02  Q=1.280000000000e+03  λ=7.543314e-01  dt=1.450e-03  relΔE=7.832e-14  ||F||=5.757e-06
 step=101000  E=5.458227281806e+02  Q=1.280000000000e+03  λ=7.543314e-01  dt=1.122e-03  relΔE=5.436e-14  ||F||=1.316e-06
 step=101500  E=5.458227281661e+02  Q=1.280000000000e+03  λ=7.543314e-01  dt=8.685e-04  relΔE=3.645e-14  ||F||=1.170e-06
 step=102000  E=5.458227281534e+02  Q=1.280000000000e+03  λ=7.543314e-01  dt=1.344e-03  relΔE=5.103e-14  ||F||=1.042e-06
 step=102500  E=5.458227281423e+02  Q=1.280000000000e+03  λ=7.543314e-01  dt=1.041e-03  relΔE=3.458e-14  ||F||=9.300e-07
 step=103000  E=5.458227281322e+02  Q=1.280000000000e+03  λ=7.543314e-01  dt=8.054e-04  relΔE=2.395e-14  ||F||=8.271e-07
 step=103500  E=5.458227281235e+02  Q=1.280000000000e+03  λ=7.543314e-01  dt=1.247e-03  relΔE=3.270e-14  ||F||=7.376e-07
 step=104000  E=5.458227281157e+02  Q=1.280000000000e+03  λ=7.543314e-01  dt=9.649e-04  relΔE=2.270e-14  ||F||=6.577e-07
 step=104500  E=5.458227281085e+02  Q=1.280000000000e+03  λ=7.543314e-01  dt=7.468e-04  relΔE=1.604e-14  ||F||=8.944e-07
 step=105000  E=5.458227281025e+02  Q=1.280000000000e+03  λ=7.543314e-01  dt=1.156e-03  relΔE=2.104e-14  ||F||=5.221e-07
 step=105500  E=5.458227280969e+02  Q=1.280000000000e+03  λ=7.543314e-01  dt=8.947e-04  relΔE=1.458e-14  ||F||=4.647e-07
 step=106000  E=5.458227280919e+02  Q=1.280000000000e+03  λ=7.543314e-01  dt=1.385e-03  relΔE=2.083e-14  ||F||=4.146e-07
 step=106500  E=5.458227280876e+02  Q=1.280000000000e+03  λ=7.543314e-01  dt=1.072e-03  relΔE=1.396e-14  ||F||=3.694e-07
 step=107000  E=5.458227280837e+02  Q=1.280000000000e+03  λ=7.543314e-01  dt=8.296e-04  relΔE=1.021e-14  ||F||=3.288e-07
 step=107500  E=5.458227280802e+02  Q=1.280000000000e+03  λ=7.543314e-01  dt=1.284e-03  relΔE=1.396e-14  ||F||=2.930e-07
 step=108000  E=5.458227280771e+02  Q=1.280000000000e+03  λ=7.543314e-01  dt=9.939e-04  relΔE=9.789e-15  ||F||=2.616e-07
 step=108500  E=5.458227280743e+02  Q=1.280000000000e+03  λ=7.543314e-01  dt=7.692e-04  relΔE=5.832e-15  ||F||=2.325e-07
 step=109000  E=5.458227280719e+02  Q=1.280000000000e+03  λ=7.543314e-01  dt=1.191e-03  relΔE=8.956e-15  ||F||=2.078e-07
 step=109500  E=5.458227280697e+02  Q=1.280000000000e+03  λ=7.543314e-01  dt=9.216e-04  relΔE=6.040e-15  ||F||=1.852e-07
 step=110000  E=5.458227280677e+02  Q=1.280000000000e+03  λ=7.543314e-01  dt=1.427e-03  relΔE=8.123e-15  ||F||=6.317e-07
 step=110500  E=5.458227280660e+02  Q=1.280000000000e+03  λ=7.543314e-01  dt=1.104e-03  relΔE=5.624e-15  ||F||=1.472e-07
 step=111000  E=5.458227280644e+02  Q=1.280000000000e+03  λ=7.543314e-01  dt=8.545e-04  relΔE=3.333e-15  ||F||=1.311e-07
 step=111500  E=5.458227280630e+02  Q=1.280000000000e+03  λ=7.543314e-01  dt=1.323e-03  relΔE=5.624e-15  ||F||=1.168e-07
 step=112000  E=5.458227280618e+02  Q=1.280000000000e+03  λ=7.543314e-01  dt=1.024e-03  relΔE=4.374e-15  ||F||=1.043e-07
 step=112500  E=5.458227280606e+02  Q=1.280000000000e+03  λ=7.543314e-01  dt=7.924e-04  relΔE=2.499e-15  ||F||=9.284e-08
 step=113000  E=5.458227280597e+02  Q=1.280000000000e+03  λ=7.543314e-01  dt=1.227e-03  relΔE=3.957e-15  ||F||=8.289e-08
 step=113500  E=5.458227280588e+02  Q=1.280000000000e+03  λ=7.543314e-01  dt=9.493e-04  relΔE=2.499e-15  ||F||=7.396e-08
 step=114000  E=5.458227280579e+02  Q=1.280000000000e+03  λ=7.543314e-01  dt=6.123e-04  relΔE=6.665e-15  ||F||=5.498e-05
 step=114500  E=5.458227280573e+02  Q=1.280000000000e+03  λ=7.543314e-01  dt=9.478e-04  relΔE=2.499e-15  ||F||=5.906e-08
 step=115000  E=5.458227280566e+02  Q=1.280000000000e+03  λ=7.543314e-01  dt=6.113e-04  relΔE=4.791e-15  ||F||=4.148e-05
 Converged (aggressive): step=115244, E=5.458227280564e+02, Q=1.280000000000e+03, dt=6.338e-04, ||F||=4.986e-08

Stationary candidate (aggressive): E=5.458227280564e+02, Q=1.280000000000e+03, maxρ=8.533532e-01

=== Stability test (damped inertial dynamics) ===
Perturb eps=0.02, gamma=1
t=0: E=6.085204502656e+02, Q=1.280000000000e+03, maxρ=8.805770e-01, σ=2.621512e+00, Rc=1.833723e+01
 step=     1  E=6.085201347336e+02  Q=1.280000000000e+03  λ=1.141711e+00  maxρ=8.805770e-01  minρ=3.549e-12  σ=2.621512e+00  Rc=1.833723e+01
 step=   300  E=5.955833598285e+02  Q=1.280000000000e+03  λ=1.038451e+00  maxρ=8.790829e-01  minρ=3.566e-12  σ=2.621509e+00  Rc=1.833723e+01
 step=   600  E=5.695717132936e+02  Q=1.280000000000e+03  λ=8.515267e-01  maxρ=8.748702e-01  minρ=3.588e-12  σ=2.621503e+00  Rc=1.833723e+01
 step=   900  E=5.543621798368e+02  Q=1.280000000000e+03  λ=7.920917e-01  maxρ=8.686392e-01  minρ=3.543e-12  σ=2.621502e+00  Rc=1.833723e+01
 step=  1200  E=5.601833304937e+02  Q=1.280000000000e+03  λ=9.000222e-01  maxρ=8.659008e-01  minρ=3.500e-12  σ=2.621504e+00  Rc=1.833723e+01
 step=  1500  E=5.757998921470e+02  Q=1.280000000000e+03  λ=1.016917e+00  maxρ=8.709931e-01  minρ=3.478e-12  σ=2.621505e+00  Rc=1.833722e+01
 step=  1800  E=5.837729340281e+02  Q=1.280000000000e+03  λ=1.002740e+00  maxρ=8.737798e-01  minρ=3.479e-12  σ=2.621503e+00  Rc=1.833722e+01
 step=  2100  E=5.790846635278e+02  Q=1.280000000000e+03  λ=9.009757e-01  maxρ=8.693301e-01  minρ=3.472e-12  σ=2.621500e+00  Rc=1.833722e+01
 step=  2400  E=5.708383669663e+02  Q=1.280000000000e+03  λ=8.540059e-01  maxρ=8.607476e-01  minρ=3.382e-12  σ=2.621500e+00  Rc=1.833722e+01
 step=  2700  E=5.687993038763e+02  Q=1.280000000000e+03  λ=9.091111e-01  maxρ=8.654015e-01  minρ=3.331e-12  σ=2.621503e+00  Rc=1.833722e+01
 step=  3000  E=5.727774875997e+02  Q=1.280000000000e+03  λ=9.753154e-01  maxρ=8.762723e-01  minρ=3.374e-12  σ=2.621504e+00  Rc=1.833722e+01
 step=  3300  E=5.757935752921e+02  Q=1.280000000000e+03  λ=9.627685e-01  maxρ=8.785227e-01  minρ=3.419e-12  σ=2.621500e+00  Rc=1.833722e+01
 step=  3600  E=5.739767999004e+02  Q=1.280000000000e+03  λ=8.977215e-01  maxρ=8.720526e-01  minρ=3.425e-12  σ=2.621496e+00  Rc=1.833722e+01
 step=  3900  E=5.701836489244e+02  Q=1.280000000000e+03  λ=8.688940e-01  maxρ=8.720317e-01  minρ=3.310e-12  σ=2.621496e+00  Rc=1.833722e+01
 step=  4200  E=5.688023382506e+02  Q=1.280000000000e+03  λ=9.019910e-01  maxρ=8.690001e-01  minρ=3.160e-12  σ=2.621499e+00  Rc=1.833722e+01
 step=  4500  E=5.701770046205e+02  Q=1.280000000000e+03  λ=9.377280e-01  maxρ=8.672439e-01  minρ=3.099e-12  σ=2.621500e+00  Rc=1.833721e+01
 step=  4800  E=5.713823527589e+02  Q=1.280000000000e+03  λ=9.249915e-01  maxρ=8.704448e-01  minρ=3.155e-12  σ=2.621497e+00  Rc=1.833721e+01
 step=  5100  E=5.706851593681e+02  Q=1.280000000000e+03  λ=8.869213e-01  maxρ=8.714701e-01  minρ=2.978e-12  σ=2.621492e+00  Rc=1.833721e+01
 step=  5400  E=5.692347762412e+02  Q=1.280000000000e+03  λ=8.767784e-01  maxρ=8.704423e-01  minρ=2.858e-12  σ=2.621490e+00  Rc=1.833721e+01
 step=  5700  E=5.686862155072e+02  Q=1.280000000000e+03  λ=9.010783e-01  maxρ=8.674676e-01  minρ=2.878e-12  σ=2.621491e+00  Rc=1.833721e+01
 step=  6000  E=5.689352207070e+02  Q=1.280000000000e+03  λ=9.186961e-01  maxρ=8.656810e-01  minρ=3.002e-12  σ=2.621492e+00  Rc=1.833720e+01
 >>> No runaway detected in this horizon. Likely stable (within this model & box).

STABILITY: PASS
