
=== Aggressive relaxation to Q = 51 ===
Initial: E=3.947489276917e+01, Q=5.100000000000e+01, dt=1.000e-04
 step=     1  E=3.947418229429e+01  Q=5.100000000000e+01  λ=1.482248e+00  dt=1.000e-04  relΔE=1.800e-05  ||F||=3.737e-01
 step=   500  E=3.864040766128e+01  Q=5.100000000000e+01  λ=1.451748e+00  dt=6.192e-04  relΔE=7.768e-05  ||F||=3.382e-01
 step=  1000  E=3.659723700565e+01  Q=5.100000000000e+01  λ=1.377806e+00  dt=9.584e-04  relΔE=6.990e-05  ||F||=2.509e-01
 step=  1500  E=3.530033912130e+01  Q=5.100000000000e+01  λ=1.331928e+00  dt=1.484e-03  relΔE=6.818e-05  ||F||=5.120e-01
 step=  2000  E=3.447692050057e+01  Q=5.100000000000e+01  λ=1.303006e+00  dt=1.148e-03  relΔE=4.066e-05  ||F||=1.696e-01
 step=  2500  E=3.381668191348e+01  Q=5.100000000000e+01  λ=1.280085e+00  dt=8.887e-04  relΔE=2.520e-05  ||F||=1.503e-01
 step=  3000  E=3.329230609546e+01  Q=5.100000000000e+01  λ=1.261962e+00  dt=1.376e-03  relΔE=3.296e-05  ||F||=1.371e-01
 step=  3500  E=3.285277296348e+01  Q=5.100000000000e+01  λ=1.246757e+00  dt=1.065e-03  relΔE=2.241e-05  ||F||=1.276e-01
 step=  4000  E=3.246610132815e+01  Q=5.100000000000e+01  λ=1.233385e+00  dt=1.373e-03  relΔE=2.592e-05  ||F||=1.201e-01
 step=  4500  E=3.212282743379e+01  Q=5.100000000000e+01  λ=1.221488e+00  dt=1.063e-03  relΔE=1.825e-05  ||F||=1.139e-01
 step=  5000  E=3.180031401474e+01  Q=5.100000000000e+01  λ=1.210298e+00  dt=8.227e-04  relΔE=1.296e-05  ||F||=1.086e-01
 step=  5500  E=3.151758112289e+01  Q=5.100000000000e+01  λ=1.200488e+00  dt=1.274e-03  relΔE=1.846e-05  ||F||=1.037e-01
 step=  6000  E=3.125660567500e+01  Q=5.100000000000e+01  λ=1.191414e+00  dt=9.857e-04  relΔE=1.327e-05  ||F||=9.951e-02
 step=  6500  E=3.100619071715e+01  Q=5.100000000000e+01  λ=1.182795e+00  dt=1.526e-03  relΔE=1.695e-05  ||F||=4.295e-01
 step=  7000  E=3.078779232022e+01  Q=5.100000000000e+01  λ=1.175110e+00  dt=1.181e-03  relΔE=1.385e-05  ||F||=9.220e-02
 step=  7500  E=3.057943144413e+01  Q=5.100000000000e+01  λ=1.167854e+00  dt=7.616e-04  relΔE=8.440e-06  ||F||=8.930e-02
 step=  8000  E=3.038820081501e+01  Q=5.100000000000e+01  λ=1.161201e+00  dt=1.179e-03  relΔE=1.230e-05  ||F||=8.637e-02
 step=  8500  E=3.020074880541e+01  Q=5.100000000000e+01  λ=1.154672e+00  dt=9.125e-04  relΔE=9.043e-06  ||F||=8.393e-02
 step=  9000  E=3.002478310015e+01  Q=5.100000000000e+01  λ=1.148551e+00  dt=1.412e-03  relΔE=1.329e-05  ||F||=8.156e-02
 step=  9500  E=2.986230655901e+01  Q=5.100000000000e+01  λ=1.142891e+00  dt=1.093e-03  relΔE=9.855e-06  ||F||=7.960e-02
 step= 10000  E=2.970227610127e+01  Q=5.100000000000e+01  λ=1.137317e+00  dt=8.461e-04  relΔE=7.374e-06  ||F||=7.806e-02
 step= 10500  E=2.955840379523e+01  Q=5.100000000000e+01  λ=1.132310e+00  dt=1.091e-03  relΔE=9.133e-06  ||F||=7.629e-02
 step= 11000  E=2.940848147091e+01  Q=5.100000000000e+01  λ=1.127087e+00  dt=8.447e-04  relΔE=6.904e-06  ||F||=7.522e-02
 step= 11500  E=2.926887486194e+01  Q=5.100000000000e+01  λ=1.122228e+00  dt=1.308e-03  relΔE=1.029e-05  ||F||=7.361e-02
 step= 12000  E=2.913394628732e+01  Q=5.100000000000e+01  λ=1.117523e+00  dt=1.012e-03  relΔE=7.761e-06  ||F||=7.251e-02
 step= 12500  E=2.899813030522e+01  Q=5.100000000000e+01  λ=1.112784e+00  dt=7.833e-04  relΔE=6.230e-06  ||F||=7.374e-02
 step= 13000  E=2.887239339126e+01  Q=5.100000000000e+01  λ=1.108395e+00  dt=1.212e-03  relΔE=8.874e-06  ||F||=7.052e-02
 step= 13500  E=2.874675653777e+01  Q=5.100000000000e+01  λ=1.103998e+00  dt=9.384e-04  relΔE=6.729e-06  ||F||=6.965e-02
 step= 14000  E=2.862245827853e+01  Q=5.100000000000e+01  λ=1.099644e+00  dt=1.453e-03  relΔE=1.018e-05  ||F||=6.872e-02
 step= 14500  E=2.850571564482e+01  Q=5.100000000000e+01  λ=1.095539e+00  dt=1.124e-03  relΔE=7.721e-06  ||F||=6.787e-02
 step= 15000  E=2.838756692203e+01  Q=5.100000000000e+01  λ=1.091371e+00  dt=8.701e-04  relΔE=5.878e-06  ||F||=6.718e-02
 step= 15500  E=2.827493556040e+01  Q=5.100000000000e+01  λ=1.087388e+00  dt=1.347e-03  relΔE=8.835e-06  ||F||=6.606e-02
 step= 16000  E=2.816607029557e+01  Q=5.100000000000e+01  λ=1.083518e+00  dt=1.042e-03  relΔE=6.670e-06  ||F||=6.512e-02
 step= 16500  E=2.805697600827e+01  Q=5.100000000000e+01  λ=1.079621e+00  dt=8.068e-04  relΔE=5.135e-06  ||F||=6.484e-02
 step= 17000  E=2.795551745818e+01  Q=5.100000000000e+01  λ=1.075982e+00  dt=1.249e-03  relΔE=7.540e-06  ||F||=6.302e-02
 step= 17500  E=2.785590342625e+01  Q=5.100000000000e+01  λ=1.072384e+00  dt=9.666e-04  relΔE=5.650e-06  ||F||=6.190e-02
 step= 18000  E=2.775738068512e+01  Q=5.100000000000e+01  λ=1.068812e+00  dt=1.496e-03  relΔE=8.288e-06  ||F||=1.167e-01
 step= 18500  E=2.766834787741e+01  Q=5.100000000000e+01  λ=1.065550e+00  dt=1.158e-03  relΔE=6.265e-06  ||F||=5.935e-02
 step= 19000  E=2.757902409347e+01  Q=5.100000000000e+01  λ=1.062260e+00  dt=8.963e-04  relΔE=4.646e-06  ||F||=5.800e-02
 step= 19500  E=2.749499893280e+01  Q=5.100000000000e+01  λ=1.059145e+00  dt=1.387e-03  relΔE=6.841e-06  ||F||=5.648e-02
 step= 20000  E=2.741676470775e+01  Q=5.100000000000e+01  λ=1.056219e+00  dt=1.074e-03  relΔE=5.031e-06  ||F||=5.498e-02
 step= 20500  E=2.734020625549e+01  Q=5.100000000000e+01  λ=1.053334e+00  dt=8.311e-04  relΔE=3.684e-06  ||F||=5.341e-02
 step= 21000  E=2.727045185942e+01  Q=5.100000000000e+01  λ=1.050686e+00  dt=1.286e-03  relΔE=5.363e-06  ||F||=5.172e-02
 step= 21500  E=2.720462445299e+01  Q=5.100000000000e+01  λ=1.048164e+00  dt=9.957e-04  relΔE=3.894e-06  ||F||=5.004e-02
 step= 22000  E=2.714120879928e+01  Q=5.100000000000e+01  λ=1.045714e+00  dt=7.706e-04  relΔE=3.082e-06  ||F||=5.123e-02
 step= 22500  E=2.708542659315e+01  Q=5.100000000000e+01  λ=1.043541e+00  dt=1.193e-03  relΔE=4.051e-06  ||F||=4.652e-02
 step= 23000  E=2.703229830957e+01  Q=5.100000000000e+01  λ=1.041451e+00  dt=7.694e-04  relΔE=2.430e-06  ||F||=4.482e-02
 step= 23500  E=2.698405747978e+01  Q=5.100000000000e+01  λ=1.039540e+00  dt=1.191e-03  relΔE=3.463e-06  ||F||=4.297e-02
 step= 24000  E=2.693850566728e+01  Q=5.100000000000e+01  λ=1.037716e+00  dt=9.218e-04  relΔE=2.467e-06  ||F||=4.119e-02
 step= 24500  E=2.689653811979e+01  Q=5.100000000000e+01  λ=1.036022e+00  dt=1.427e-03  relΔE=3.489e-06  ||F||=3.934e-02
 step= 25000  E=2.685937405967e+01  Q=5.100000000000e+01  λ=1.034505e+00  dt=1.104e-03  relΔE=2.469e-06  ||F||=3.759e-02
 step= 25500  E=2.682442177433e+01  Q=5.100000000000e+01  λ=1.033066e+00  dt=8.547e-04  relΔE=1.749e-06  ||F||=3.594e-02
 step= 26000  E=2.679330728318e+01  Q=5.100000000000e+01  λ=1.031774e+00  dt=1.323e-03  relΔE=2.440e-06  ||F||=3.410e-02
 step= 26500  E=2.676523137541e+01  Q=5.100000000000e+01  λ=1.030595e+00  dt=1.024e-03  relΔE=1.710e-06  ||F||=3.243e-02
 step= 27000  E=2.674033268980e+01  Q=5.100000000000e+01  λ=1.029540e+00  dt=1.321e-03  relΔE=1.995e-06  ||F||=3.083e-02
 step= 27500  E=2.671727369090e+01  Q=5.100000000000e+01  λ=1.028553e+00  dt=1.022e-03  relΔE=1.390e-06  ||F||=2.924e-02
 step= 28000  E=2.669708811321e+01  Q=5.100000000000e+01  λ=1.027680e+00  dt=1.319e-03  relΔE=1.614e-06  ||F||=2.773e-02
 step= 28500  E=2.667848011575e+01  Q=5.100000000000e+01  λ=1.026867e+00  dt=1.021e-03  relΔE=1.119e-06  ||F||=2.624e-02
 step= 29000  E=2.666148485473e+01  Q=5.100000000000e+01  λ=1.026117e+00  dt=7.899e-04  relΔE=7.974e-07  ||F||=2.518e-02
 step= 29500  E=2.664692705821e+01  Q=5.100000000000e+01  λ=1.025468e+00  dt=1.223e-03  relΔE=1.069e-06  ||F||=2.341e-02
 step= 30000  E=2.663369547900e+01  Q=5.100000000000e+01  λ=1.024871e+00  dt=9.464e-04  relΔE=7.381e-07  ||F||=2.211e-02
 step= 30500  E=2.662167157569e+01  Q=5.100000000000e+01  λ=1.024324e+00  dt=1.465e-03  relΔE=1.012e-06  ||F||=2.087e-02
 step= 31000  E=2.661149666942e+01  Q=5.100000000000e+01  λ=1.023854e+00  dt=1.134e-03  relΔE=6.983e-07  ||F||=1.964e-02
 step= 31500  E=2.660204697912e+01  Q=5.100000000000e+01  λ=1.023414e+00  dt=8.775e-04  relΔE=4.797e-07  ||F||=1.850e-02
 step= 32000  E=2.659385215046e+01  Q=5.100000000000e+01  λ=1.023028e+00  dt=1.358e-03  relΔE=6.566e-07  ||F||=1.739e-02
 step= 32500  E=2.658663308109e+01  Q=5.100000000000e+01  λ=1.022684e+00  dt=1.051e-03  relΔE=4.505e-07  ||F||=1.637e-02
 step= 33000  E=2.658005431415e+01  Q=5.100000000000e+01  λ=1.022368e+00  dt=8.137e-04  relΔE=3.122e-07  ||F||=1.549e-02
 step= 33500  E=2.657444722468e+01  Q=5.100000000000e+01  λ=1.022095e+00  dt=1.260e-03  relΔE=4.218e-07  ||F||=1.447e-02
 step= 34000  E=2.656942913735e+01  Q=5.100000000000e+01  λ=1.021848e+00  dt=9.749e-04  relΔE=2.886e-07  ||F||=1.361e-02
 step= 34500  E=2.656486004994e+01  Q=5.100000000000e+01  λ=1.021621e+00  dt=1.509e-03  relΔE=3.782e-07  ||F||=3.598e-02
 step= 35000  E=2.656105720376e+01  Q=5.100000000000e+01  λ=1.021430e+00  dt=1.168e-03  relΔE=2.698e-07  ||F||=1.201e-02
 step= 35500  E=2.655755103794e+01  Q=5.100000000000e+01  λ=1.021252e+00  dt=9.039e-04  relΔE=1.845e-07  ||F||=1.129e-02
 step= 36000  E=2.655447576255e+01  Q=5.100000000000e+01  λ=1.021094e+00  dt=1.399e-03  relΔE=2.514e-07  ||F||=1.060e-02
 step= 36500  E=2.655181200971e+01  Q=5.100000000000e+01  λ=1.020957e+00  dt=1.083e-03  relΔE=1.722e-07  ||F||=9.966e-03
 step= 37000  E=2.654938686476e+01  Q=5.100000000000e+01  λ=1.020830e+00  dt=8.382e-04  relΔE=1.186e-07  ||F||=9.404e-03
 step= 37500  E=2.654730027295e+01  Q=5.100000000000e+01  λ=1.020721e+00  dt=1.297e-03  relΔE=1.608e-07  ||F||=8.798e-03
 step= 38000  E=2.654545194658e+01  Q=5.100000000000e+01  λ=1.020623e+00  dt=1.004e-03  relΔE=1.101e-07  ||F||=8.277e-03
 step= 38500  E=2.654376364420e+01  Q=5.100000000000e+01  λ=1.020534e+00  dt=7.772e-04  relΔE=8.176e-08  ||F||=8.116e-03
 step= 39000  E=2.654234480777e+01  Q=5.100000000000e+01  λ=1.020458e+00  dt=1.203e-03  relΔE=1.033e-07  ||F||=7.324e-03
 step= 39500  E=2.654104641341e+01  Q=5.100000000000e+01  λ=1.020389e+00  dt=9.311e-04  relΔE=7.097e-08  ||F||=6.899e-03
 step= 40000  E=2.653988694291e+01  Q=5.100000000000e+01  λ=1.020328e+00  dt=1.441e-03  relΔE=9.708e-08  ||F||=6.487e-03
 step= 40500  E=2.653889477285e+01  Q=5.100000000000e+01  λ=1.020275e+00  dt=1.116e-03  relΔE=6.692e-08  ||F||=6.121e-03
 step= 41000  E=2.653797676033e+01  Q=5.100000000000e+01  λ=1.020227e+00  dt=8.634e-04  relΔE=4.624e-08  ||F||=5.783e-03
 step= 41500  E=2.653717801605e+01  Q=5.100000000000e+01  λ=1.020185e+00  dt=1.336e-03  relΔE=6.343e-08  ||F||=5.444e-03
 step= 42000  E=2.653646858633e+01  Q=5.100000000000e+01  λ=1.020148e+00  dt=1.034e-03  relΔE=4.385e-08  ||F||=5.145e-03
 step= 42500  E=2.653581670729e+01  Q=5.100000000000e+01  λ=1.020115e+00  dt=8.006e-04  relΔE=3.110e-08  ||F||=4.927e-03
 step= 43000  E=2.653525513189e+01  Q=5.100000000000e+01  λ=1.020087e+00  dt=1.239e-03  relΔE=4.204e-08  ||F||=4.602e-03
 step= 43500  E=2.653474288290e+01  Q=5.100000000000e+01  λ=1.020062e+00  dt=9.591e-04  relΔE=2.922e-08  ||F||=4.361e-03
 step= 44000  E=2.653427149959e+01  Q=5.100000000000e+01  λ=1.020040e+00  dt=1.485e-03  relΔE=4.052e-08  ||F||=4.493e-03
 step= 44500  E=2.653386975195e+01  Q=5.100000000000e+01  λ=1.020022e+00  dt=1.149e-03  relΔE=2.839e-08  ||F||=3.928e-03
 step= 45000  E=2.653348997825e+01  Q=5.100000000000e+01  λ=1.020006e+00  dt=8.894e-04  relΔE=1.986e-08  ||F||=3.734e-03
 step= 45500  E=2.653315167456e+01  Q=5.100000000000e+01  λ=1.019992e+00  dt=1.377e-03  relΔE=2.781e-08  ||F||=3.552e-03
 step= 46000  E=2.653284800384e+01  Q=5.100000000000e+01  λ=1.019981e+00  dt=1.065e-03  relΔE=1.958e-08  ||F||=3.387e-03
 step= 46500  E=2.653256412241e+01  Q=5.100000000000e+01  λ=1.019971e+00  dt=8.247e-04  relΔE=1.379e-08  ||F||=3.231e-03
 step= 47000  E=2.653231258696e+01  Q=5.100000000000e+01  λ=1.019963e+00  dt=1.277e-03  relΔE=1.950e-08  ||F||=3.088e-03
 step= 47500  E=2.653208456770e+01  Q=5.100000000000e+01  λ=1.019957e+00  dt=8.233e-04  relΔE=1.154e-08  ||F||=2.958e-03
 step= 48000  E=2.653187271184e+01  Q=5.100000000000e+01  λ=1.019952e+00  dt=1.274e-03  relΔE=1.642e-08  ||F||=2.836e-03
 step= 48500  E=2.653167719219e+01  Q=5.100000000000e+01  λ=1.019948e+00  dt=9.864e-04  relΔE=1.171e-08  ||F||=2.723e-03
 step= 49000  E=2.653149030828e+01  Q=5.100000000000e+01  λ=1.019946e+00  dt=1.527e-03  relΔE=5.178e-09  ||F||=6.031e-02
 step= 49500  E=2.653132798551e+01  Q=5.100000000000e+01  λ=1.019943e+00  dt=1.182e-03  relΔE=1.200e-08  ||F||=2.518e-03
 step= 50000  E=2.653117075238e+01  Q=5.100000000000e+01  λ=1.019942e+00  dt=9.146e-04  relΔE=8.621e-09  ||F||=2.426e-03
 step= 50500  E=2.653102506763e+01  Q=5.100000000000e+01  λ=1.019942e+00  dt=1.416e-03  relΔE=1.241e-08  ||F||=2.340e-03
 step= 51000  E=2.653089243584e+01  Q=5.100000000000e+01  λ=1.019943e+00  dt=1.096e-03  relΔE=8.980e-09  ||F||=2.262e-03
 step= 51500  E=2.653076468569e+01  Q=5.100000000000e+01  λ=1.019944e+00  dt=8.481e-04  relΔE=6.499e-09  ||F||=2.188e-03
 step= 52000  E=2.653064716563e+01  Q=5.100000000000e+01  λ=1.019946e+00  dt=1.313e-03  relΔE=9.439e-09  ||F||=2.119e-03
 step= 52500  E=2.653053750594e+01  Q=5.100000000000e+01  λ=1.019948e+00  dt=1.016e-03  relΔE=6.874e-09  ||F||=2.056e-03
 step= 53000  E=2.653043061245e+01  Q=5.100000000000e+01  λ=1.019951e+00  dt=7.864e-04  relΔE=5.172e-09  ||F||=2.028e-03
 step= 53500  E=2.653033449183e+01  Q=5.100000000000e+01  λ=1.019954e+00  dt=1.217e-03  relΔE=7.327e-09  ||F||=1.939e-03
 step= 54000  E=2.653024110296e+01  Q=5.100000000000e+01  λ=1.019958e+00  dt=9.421e-04  relΔE=5.373e-09  ||F||=1.887e-03
 step= 54500  E=2.653015132578e+01  Q=5.100000000000e+01  λ=1.019962e+00  dt=1.458e-03  relΔE=7.865e-09  ||F||=1.836e-03
 step= 55000  E=2.653006975482e+01  Q=5.100000000000e+01  λ=1.019966e+00  dt=1.129e-03  relΔE=5.788e-09  ||F||=1.790e-03
 step= 55500  E=2.652998909020e+01  Q=5.100000000000e+01  λ=1.019971e+00  dt=8.736e-04  relΔE=4.260e-09  ||F||=1.745e-03
 step= 56000  E=2.652991351969e+01  Q=5.100000000000e+01  λ=1.019976e+00  dt=1.352e-03  relΔE=6.279e-09  ||F||=1.703e-03
 step= 56500  E=2.652984227392e+01  Q=5.100000000000e+01  λ=1.019981e+00  dt=1.047e-03  relΔE=4.639e-09  ||F||=1.664e-03
 step= 57000  E=2.652977206110e+01  Q=5.100000000000e+01  λ=1.019986e+00  dt=8.100e-04  relΔE=3.432e-09  ||F||=1.627e-03
 step= 57500  E=2.652970721104e+01  Q=5.100000000000e+01  λ=1.019992e+00  dt=1.254e-03  relΔE=5.077e-09  ||F||=1.591e-03
 step= 58000  E=2.652964446802e+01  Q=5.100000000000e+01  λ=1.019997e+00  dt=9.705e-04  relΔE=3.764e-09  ||F||=1.557e-03
 step= 58500  E=2.652958243683e+01  Q=5.100000000000e+01  λ=1.020003e+00  dt=1.502e-03  relΔE=5.528e-09  ||F||=3.459e-03
 step= 59000  E=2.652952637944e+01  Q=5.100000000000e+01  λ=1.020009e+00  dt=1.163e-03  relΔE=4.148e-09  ||F||=1.493e-03
 step= 59500  E=2.652947030066e+01  Q=5.100000000000e+01  λ=1.020015e+00  dt=8.999e-04  relΔE=3.082e-09  ||F||=1.463e-03
 step= 60000  E=2.652941673273e+01  Q=5.100000000000e+01  λ=1.020021e+00  dt=1.393e-03  relΔE=4.584e-09  ||F||=1.434e-03
 step= 60500  E=2.652936614064e+01  Q=5.100000000000e+01  λ=1.020027e+00  dt=1.078e-03  relΔE=3.415e-09  ||F||=1.407e-03
 step= 61000  E=2.652931594574e+01  Q=5.100000000000e+01  λ=1.020033e+00  dt=8.344e-04  relΔE=2.544e-09  ||F||=1.380e-03
 step= 61500  E=2.652926886686e+01  Q=5.100000000000e+01  λ=1.020039e+00  dt=1.292e-03  relΔE=3.792e-09  ||F||=1.355e-03
 step= 62000  E=2.652922348549e+01  Q=5.100000000000e+01  λ=1.020045e+00  dt=9.996e-04  relΔE=2.829e-09  ||F||=1.330e-03
 step= 62500  E=2.652917810254e+01  Q=5.100000000000e+01  λ=1.020052e+00  dt=7.737e-04  relΔE=2.168e-09  ||F||=1.325e-03
 step= 63000  E=2.652913671910e+01  Q=5.100000000000e+01  λ=1.020058e+00  dt=1.198e-03  relΔE=3.153e-09  ||F||=1.283e-03
 step= 63500  E=2.652909539663e+01  Q=5.100000000000e+01  λ=1.020064e+00  dt=9.269e-04  relΔE=2.355e-09  ||F||=1.260e-03
 step= 64000  E=2.652905524419e+01  Q=5.100000000000e+01  λ=1.020071e+00  dt=1.435e-03  relΔE=3.517e-09  ||F||=1.238e-03
 step= 64500  E=2.652901772323e+01  Q=5.100000000000e+01  λ=1.020077e+00  dt=1.111e-03  relΔE=2.631e-09  ||F||=1.217e-03
 step= 65000  E=2.652898024229e+01  Q=5.100000000000e+01  λ=1.020083e+00  dt=8.595e-04  relΔE=1.967e-09  ||F||=1.196e-03
 step= 65500  E=2.652894463670e+01  Q=5.100000000000e+01  λ=1.020089e+00  dt=1.330e-03  relΔE=2.943e-09  ||F||=1.176e-03
 step= 66000  E=2.652891045209e+01  Q=5.100000000000e+01  λ=1.020096e+00  dt=1.030e-03  relΔE=2.203e-09  ||F||=1.157e-03
 step= 66500  E=2.652887632421e+01  Q=5.100000000000e+01  λ=1.020102e+00  dt=7.970e-04  relΔE=1.664e-09  ||F||=1.143e-03
 step= 67000  E=2.652884473610e+01  Q=5.100000000000e+01  λ=1.020108e+00  dt=1.234e-03  relΔE=2.469e-09  ||F||=1.119e-03
 step= 67500  E=2.652881352673e+01  Q=5.100000000000e+01  λ=1.020114e+00  dt=9.548e-04  relΔE=1.849e-09  ||F||=1.101e-03
 step= 68000  E=2.652878260328e+01  Q=5.100000000000e+01  λ=1.020120e+00  dt=1.478e-03  relΔE=2.767e-09  ||F||=1.110e-03
 step= 68500  E=2.652875416641e+01  Q=5.100000000000e+01  λ=1.020126e+00  dt=1.144e-03  relΔE=2.075e-09  ||F||=1.065e-03
 step= 69000  E=2.652872547200e+01  Q=5.100000000000e+01  λ=1.020133e+00  dt=8.853e-04  relΔE=1.554e-09  ||F||=1.048e-03
 step= 69500  E=2.652869800264e+01  Q=5.100000000000e+01  λ=1.020139e+00  dt=1.370e-03  relΔE=2.329e-09  ||F||=1.031e-03
 step= 70000  E=2.652867183460e+01  Q=5.100000000000e+01  λ=1.020144e+00  dt=1.061e-03  relΔE=1.746e-09  ||F||=1.015e-03
 step= 70500  E=2.652864663514e+01  Q=5.100000000000e+01  λ=1.020150e+00  dt=1.368e-03  relΔE=2.183e-09  ||F||=9.991e-04
 step= 71000  E=2.652862206609e+01  Q=5.100000000000e+01  λ=1.020156e+00  dt=1.059e-03  relΔE=1.638e-09  ||F||=9.836e-04
 step= 71500  E=2.652859846541e+01  Q=5.100000000000e+01  λ=1.020162e+00  dt=1.366e-03  relΔE=2.048e-09  ||F||=9.685e-04
 step= 72000  E=2.652857535139e+01  Q=5.100000000000e+01  λ=1.020168e+00  dt=1.057e-03  relΔE=1.536e-09  ||F||=9.535e-04
 step= 72500  E=2.652855317787e+01  Q=5.100000000000e+01  λ=1.020173e+00  dt=1.364e-03  relΔE=1.922e-09  ||F||=9.390e-04
 step= 73000  E=2.652853148582e+01  Q=5.100000000000e+01  λ=1.020179e+00  dt=1.056e-03  relΔE=1.442e-09  ||F||=9.246e-04
 step= 73500  E=2.652850976991e+01  Q=5.100000000000e+01  λ=1.020184e+00  dt=8.169e-04  relΔE=1.081e-09  ||F||=9.101e-04
 step= 74000  E=2.652848939005e+01  Q=5.100000000000e+01  λ=1.020190e+00  dt=1.265e-03  relΔE=1.623e-09  ||F||=8.961e-04
 step= 74500  E=2.652846946882e+01  Q=5.100000000000e+01  λ=1.020195e+00  dt=9.787e-04  relΔE=1.218e-09  ||F||=8.823e-04
 step= 75000  E=2.652844947060e+01  Q=5.100000000000e+01  λ=1.020201e+00  dt=1.515e-03  relΔE=1.465e-09  ||F||=1.219e-02
 step= 75500  E=2.652843127884e+01  Q=5.100000000000e+01  λ=1.020206e+00  dt=1.173e-03  relΔE=1.371e-09  ||F||=8.555e-04
 step= 76000  E=2.652841283940e+01  Q=5.100000000000e+01  λ=1.020212e+00  dt=9.075e-04  relΔE=1.029e-09  ||F||=8.422e-04
 step= 76500  E=2.652839502415e+01  Q=5.100000000000e+01  λ=1.020217e+00  dt=1.405e-03  relΔE=1.543e-09  ||F||=8.293e-04
 step= 77000  E=2.652837814862e+01  Q=5.100000000000e+01  λ=1.020222e+00  dt=1.087e-03  relΔE=1.159e-09  ||F||=8.168e-04
 step= 77500  E=2.652836129502e+01  Q=5.100000000000e+01  λ=1.020227e+00  dt=8.415e-04  relΔE=8.695e-10  ||F||=8.042e-04
 step= 78000  E=2.652834525897e+01  Q=5.100000000000e+01  λ=1.020232e+00  dt=1.303e-03  relΔE=1.306e-09  ||F||=7.921e-04
 step= 78500  E=2.652832977328e+01  Q=5.100000000000e+01  λ=1.020238e+00  dt=1.008e-03  relΔE=9.803e-10  ||F||=7.802e-04
 step= 79000  E=2.652831421305e+01  Q=5.100000000000e+01  λ=1.020243e+00  dt=7.803e-04  relΔE=7.463e-10  ||F||=7.740e-04
 step= 79500  E=2.652829989212e+01  Q=5.100000000000e+01  λ=1.020247e+00  dt=1.208e-03  relΔE=1.105e-09  ||F||=7.568e-04
 step= 80000  E=2.652828555159e+01  Q=5.100000000000e+01  λ=1.020252e+00  dt=9.348e-04  relΔE=8.297e-10  ||F||=7.455e-04
 step= 80500  E=2.652827148730e+01  Q=5.100000000000e+01  λ=1.020257e+00  dt=1.447e-03  relΔE=1.245e-09  ||F||=7.340e-04
 step= 81000  E=2.652825836682e+01  Q=5.100000000000e+01  λ=1.020262e+00  dt=1.120e-03  relΔE=9.355e-10  ||F||=7.232e-04
 step= 81500  E=2.652824517969e+01  Q=5.100000000000e+01  λ=1.020267e+00  dt=8.668e-04  relΔE=7.022e-10  ||F||=7.122e-04
 step= 82000  E=2.652823256738e+01  Q=5.100000000000e+01  λ=1.020271e+00  dt=1.342e-03  relΔE=1.055e-09  ||F||=7.016e-04
 step= 82500  E=2.652822048305e+01  Q=5.100000000000e+01  λ=1.020276e+00  dt=1.038e-03  relΔE=7.923e-10  ||F||=6.913e-04
 step= 83000  E=2.652820833367e+01  Q=5.100000000000e+01  λ=1.020281e+00  dt=8.038e-04  relΔE=5.957e-10  ||F||=6.813e-04
 step= 83500  E=2.652819700035e+01  Q=5.100000000000e+01  λ=1.020285e+00  dt=1.244e-03  relΔE=8.937e-10  ||F||=6.708e-04
 step= 84000  E=2.652818580826e+01  Q=5.100000000000e+01  λ=1.020289e+00  dt=9.629e-04  relΔE=6.712e-10  ||F||=6.608e-04
 step= 84500  E=2.652817465852e+01  Q=5.100000000000e+01  λ=1.020294e+00  dt=1.491e-03  relΔE=1.006e-09  ||F||=9.767e-04
 step= 85000  E=2.652816442087e+01  Q=5.100000000000e+01  λ=1.020298e+00  dt=1.154e-03  relΔE=7.574e-10  ||F||=6.413e-04
 step= 85500  E=2.652815408047e+01  Q=5.100000000000e+01  λ=1.020302e+00  dt=8.929e-04  relΔE=5.688e-10  ||F||=6.317e-04
 step= 86000  E=2.652814411966e+01  Q=5.100000000000e+01  λ=1.020307e+00  dt=1.382e-03  relΔE=8.544e-10  ||F||=6.223e-04
 step= 86500  E=2.652813463426e+01  Q=5.100000000000e+01  λ=1.020311e+00  dt=1.070e-03  relΔE=6.421e-10  ||F||=6.133e-04
 step= 87000  E=2.652812513055e+01  Q=5.100000000000e+01  λ=1.020315e+00  dt=8.279e-04  relΔE=4.822e-10  ||F||=6.041e-04
 step= 87500  E=2.652811612774e+01  Q=5.100000000000e+01  λ=1.020319e+00  dt=1.282e-03  relΔE=7.246e-10  ||F||=5.952e-04
 step= 88000  E=2.652810737757e+01  Q=5.100000000000e+01  λ=1.020323e+00  dt=9.919e-04  relΔE=5.445e-10  ||F||=5.865e-04
 step= 88500  E=2.652809857526e+01  Q=5.100000000000e+01  λ=1.020327e+00  dt=7.677e-04  relΔE=4.116e-10  ||F||=6.241e-04
 step= 89000  E=2.652809053335e+01  Q=5.100000000000e+01  λ=1.020331e+00  dt=1.188e-03  relΔE=6.148e-10  ||F||=5.694e-04
 step= 89500  E=2.652808242941e+01  Q=5.100000000000e+01  λ=1.020335e+00  dt=9.198e-04  relΔE=4.618e-10  ||F||=5.610e-04
 step= 90000  E=2.652807452112e+01  Q=5.100000000000e+01  λ=1.020338e+00  dt=1.424e-03  relΔE=6.938e-10  ||F||=5.527e-04
 step= 90500  E=2.652806708040e+01  Q=5.100000000000e+01  λ=1.020342e+00  dt=1.102e-03  relΔE=5.217e-10  ||F||=5.448e-04
 step= 91000  E=2.652805961174e+01  Q=5.100000000000e+01  λ=1.020346e+00  dt=8.528e-04  relΔE=3.918e-10  ||F||=5.367e-04
 step= 91500  E=2.652805247353e+01  Q=5.100000000000e+01  λ=1.020350e+00  dt=1.320e-03  relΔE=5.890e-10  ||F||=5.289e-04
 step= 92000  E=2.652804560878e+01  Q=5.100000000000e+01  λ=1.020353e+00  dt=1.022e-03  relΔE=4.427e-10  ||F||=5.212e-04
 step= 92500  E=2.652803870732e+01  Q=5.100000000000e+01  λ=1.020357e+00  dt=7.908e-04  relΔE=3.329e-10  ||F||=5.138e-04
 step= 93000  E=2.652803230358e+01  Q=5.100000000000e+01  λ=1.020360e+00  dt=1.224e-03  relΔE=5.001e-10  ||F||=5.061e-04
 step= 93500  E=2.652802592700e+01  Q=5.100000000000e+01  λ=1.020364e+00  dt=9.474e-04  relΔE=3.758e-10  ||F||=4.988e-04
 step= 94000  E=2.652801962156e+01  Q=5.100000000000e+01  λ=1.020367e+00  dt=1.467e-03  relΔE=5.645e-10  ||F||=4.941e-04
 step= 94500  E=2.652801378697e+01  Q=5.100000000000e+01  λ=1.020370e+00  dt=1.135e-03  relΔE=4.246e-10  ||F||=4.844e-04
 step= 95000  E=2.652800790535e+01  Q=5.100000000000e+01  λ=1.020374e+00  dt=8.785e-04  relΔE=3.191e-10  ||F||=4.773e-04
 step= 95500  E=2.652800223541e+01  Q=5.100000000000e+01  λ=1.020377e+00  dt=1.360e-03  relΔE=4.796e-10  ||F||=4.703e-04
 step= 96000  E=2.652799682338e+01  Q=5.100000000000e+01  λ=1.020380e+00  dt=1.052e-03  relΔE=3.606e-10  ||F||=4.636e-04
 step= 96500  E=2.652799138646e+01  Q=5.100000000000e+01  λ=1.020384e+00  dt=8.146e-04  relΔE=2.709e-10  ||F||=4.568e-04
 step= 97000  E=2.652798628103e+01  Q=5.100000000000e+01  λ=1.020387e+00  dt=1.261e-03  relΔE=4.075e-10  ||F||=4.503e-04
 step= 97500  E=2.652798128034e+01  Q=5.100000000000e+01  λ=1.020390e+00  dt=9.759e-04  relΔE=3.063e-10  ||F||=4.438e-04
 step= 98000  E=2.652797624411e+01  Q=5.100000000000e+01  λ=1.020393e+00  dt=1.511e-03  relΔE=3.574e-10  ||F||=7.077e-03
 step= 98500  E=2.652797165466e+01  Q=5.100000000000e+01  λ=1.020396e+00  dt=1.169e-03  relΔE=3.462e-10  ||F||=4.311e-04
 step= 99000  E=2.652796701390e+01  Q=5.100000000000e+01  λ=1.020399e+00  dt=9.049e-04  relΔE=2.602e-10  ||F||=4.248e-04
 step= 99500  E=2.652796250849e+01  Q=5.100000000000e+01  λ=1.020402e+00  dt=1.401e-03  relΔE=3.912e-10  ||F||=4.187e-04
 step=100000  E=2.652795824001e+01  Q=5.100000000000e+01  λ=1.020405e+00  dt=1.084e-03  relΔE=2.943e-10  ||F||=4.128e-04
 step=100500  E=2.652795395740e+01  Q=5.100000000000e+01  λ=1.020408e+00  dt=8.391e-04  relΔE=2.211e-10  ||F||=4.067e-04
 step=101000  E=2.652794987596e+01  Q=5.100000000000e+01  λ=1.020410e+00  dt=1.299e-03  relΔE=3.326e-10  ||F||=4.009e-04
 step=101500  E=2.652794594467e+01  Q=5.100000000000e+01  λ=1.020413e+00  dt=1.005e-03  relΔE=2.501e-10  ||F||=3.952e-04
 step=102000  E=2.652794197582e+01  Q=5.100000000000e+01  λ=1.020416e+00  dt=7.780e-04  relΔE=1.882e-10  ||F||=3.897e-04
 step=102500  E=2.652793831932e+01  Q=5.100000000000e+01  λ=1.020419e+00  dt=1.204e-03  relΔE=2.828e-10  ||F||=3.840e-04
 step=103000  E=2.652793465200e+01  Q=5.100000000000e+01  λ=1.020421e+00  dt=9.321e-04  relΔE=2.126e-10  ||F||=3.785e-04
 step=103500  E=2.652793104938e+01  Q=5.100000000000e+01  λ=1.020424e+00  dt=1.443e-03  relΔE=3.196e-10  ||F||=3.730e-04
 step=104000  E=2.652792768436e+01  Q=5.100000000000e+01  λ=1.020427e+00  dt=1.117e-03  relΔE=2.405e-10  ||F||=3.678e-04
 step=104500  E=2.652792429198e+01  Q=5.100000000000e+01  λ=1.020429e+00  dt=8.643e-04  relΔE=1.807e-10  ||F||=3.624e-04
 step=105000  E=2.652792104339e+01  Q=5.100000000000e+01  λ=1.020432e+00  dt=1.338e-03  relΔE=2.718e-10  ||F||=3.573e-04
 step=105500  E=2.652791792249e+01  Q=5.100000000000e+01  λ=1.020434e+00  dt=1.035e-03  relΔE=2.045e-10  ||F||=3.522e-04
 step=106000  E=2.652791478891e+01  Q=5.100000000000e+01  λ=1.020437e+00  dt=8.014e-04  relΔE=1.537e-10  ||F||=3.471e-04
 step=106500  E=2.652791186254e+01  Q=5.100000000000e+01  λ=1.020439e+00  dt=1.241e-03  relΔE=2.312e-10  ||F||=3.422e-04
 step=107000  E=2.652790897664e+01  Q=5.100000000000e+01  λ=1.020442e+00  dt=9.602e-04  relΔE=1.739e-10  ||F||=3.374e-04
 step=107500  E=2.652790608591e+01  Q=5.100000000000e+01  λ=1.020444e+00  dt=1.486e-03  relΔE=2.610e-10  ||F||=5.461e-04
 step=108000  E=2.652790343961e+01  Q=5.100000000000e+01  λ=1.020446e+00  dt=1.150e-03  relΔE=1.967e-10  ||F||=3.279e-04
 step=108500  E=2.652790075200e+01  Q=5.100000000000e+01  λ=1.020449e+00  dt=8.903e-04  relΔE=1.479e-10  ||F||=3.232e-04
 step=109000  E=2.652789816012e+01  Q=5.100000000000e+01  λ=1.020451e+00  dt=1.378e-03  relΔE=2.225e-10  ||F||=3.186e-04
 step=109500  E=2.652789568900e+01  Q=5.100000000000e+01  λ=1.020453e+00  dt=1.067e-03  relΔE=1.674e-10  ||F||=3.141e-04
 step=110000  E=2.652789321664e+01  Q=5.100000000000e+01  λ=1.020455e+00  dt=8.255e-04  relΔE=1.258e-10  ||F||=3.096e-04
 step=110500  E=2.652789086579e+01  Q=5.100000000000e+01  λ=1.020458e+00  dt=1.278e-03  relΔE=1.893e-10  ||F||=3.052e-04
 step=111000  E=2.652788858159e+01  Q=5.100000000000e+01  λ=1.020460e+00  dt=9.890e-04  relΔE=1.424e-10  ||F||=3.009e-04
 step=111500  E=2.652788628070e+01  Q=5.100000000000e+01  λ=1.020462e+00  dt=7.655e-04  relΔE=1.071e-10  ||F||=2.973e-04
 step=112000  E=2.652788417682e+01  Q=5.100000000000e+01  λ=1.020464e+00  dt=1.185e-03  relΔE=1.612e-10  ||F||=2.925e-04
 step=112500  E=2.652788205452e+01  Q=5.100000000000e+01  λ=1.020466e+00  dt=9.171e-04  relΔE=1.212e-10  ||F||=2.883e-04
 step=113000  E=2.652787998090e+01  Q=5.100000000000e+01  λ=1.020468e+00  dt=1.420e-03  relΔE=1.823e-10  ||F||=2.842e-04
 step=113500  E=2.652787802541e+01  Q=5.100000000000e+01  λ=1.020470e+00  dt=1.099e-03  relΔE=1.372e-10  ||F||=2.803e-04
 step=114000  E=2.652787606316e+01  Q=5.100000000000e+01  λ=1.020472e+00  dt=8.504e-04  relΔE=1.031e-10  ||F||=2.763e-04
 step=114500  E=2.652787418567e+01  Q=5.100000000000e+01  λ=1.020474e+00  dt=1.316e-03  relΔE=1.552e-10  ||F||=2.724e-04
 step=115000  E=2.652787237842e+01  Q=5.100000000000e+01  λ=1.020476e+00  dt=1.019e-03  relΔE=1.168e-10  ||F||=2.686e-04
 step=115500  E=2.652787055726e+01  Q=5.100000000000e+01  λ=1.020478e+00  dt=7.885e-04  relΔE=8.780e-11  ||F||=2.648e-04
 step=116000  E=2.652786886591e+01  Q=5.100000000000e+01  λ=1.020480e+00  dt=1.221e-03  relΔE=1.321e-10  ||F||=2.611e-04
 step=116500  E=2.652786718695e+01  Q=5.100000000000e+01  λ=1.020482e+00  dt=9.447e-04  relΔE=9.941e-11  ||F||=2.574e-04
 step=117000  E=2.652786551831e+01  Q=5.100000000000e+01  λ=1.020484e+00  dt=1.462e-03  relΔE=1.495e-10  ||F||=2.556e-04
 step=117500  E=2.652786402228e+01  Q=5.100000000000e+01  λ=1.020485e+00  dt=9.431e-04  relΔE=9.385e-11  ||F||=2.504e-04
 step=118000  E=2.652786244683e+01  Q=5.100000000000e+01  λ=1.020487e+00  dt=1.460e-03  relΔE=1.411e-10  ||F||=2.478e-04
 step=118500  E=2.652786103229e+01  Q=5.100000000000e+01  λ=1.020489e+00  dt=9.416e-04  relΔE=8.862e-11  ||F||=2.435e-04
 step=119000  E=2.652785954262e+01  Q=5.100000000000e+01  λ=1.020490e+00  dt=1.458e-03  relΔE=1.333e-10  ||F||=2.409e-04
 step=119500  E=2.652785815726e+01  Q=5.100000000000e+01  λ=1.020492e+00  dt=1.128e-03  relΔE=1.003e-10  ||F||=2.367e-04
 step=120000  E=2.652785676315e+01  Q=5.100000000000e+01  λ=1.020494e+00  dt=8.731e-04  relΔE=7.545e-11  ||F||=2.334e-04
 step=120500  E=2.652785542003e+01  Q=5.100000000000e+01  λ=1.020496e+00  dt=1.352e-03  relΔE=1.135e-10  ||F||=2.301e-04
 step=121000  E=2.652785413670e+01  Q=5.100000000000e+01  λ=1.020497e+00  dt=1.046e-03  relΔE=8.544e-11  ||F||=2.269e-04
 step=121500  E=2.652785284639e+01  Q=5.100000000000e+01  λ=1.020499e+00  dt=8.096e-04  relΔE=6.424e-11  ||F||=2.237e-04
 step=122000  E=2.652785163168e+01  Q=5.100000000000e+01  λ=1.020500e+00  dt=1.253e-03  relΔE=9.671e-11  ||F||=2.206e-04
 step=122500  E=2.652785044115e+01  Q=5.100000000000e+01  λ=1.020502e+00  dt=9.699e-04  relΔE=7.277e-11  ||F||=2.175e-04
 step=123000  E=2.652784924516e+01  Q=5.100000000000e+01  λ=1.020504e+00  dt=1.501e-03  relΔE=6.685e-11  ||F||=4.689e-03
 step=123500  E=2.652784815269e+01  Q=5.100000000000e+01  λ=1.020505e+00  dt=1.162e-03  relΔE=8.240e-11  ||F||=2.115e-04
 step=124000  E=2.652784704301e+01  Q=5.100000000000e+01  λ=1.020507e+00  dt=8.994e-04  relΔE=6.198e-11  ||F||=2.085e-04
 step=124500  E=2.652784596960e+01  Q=5.100000000000e+01  λ=1.020508e+00  dt=1.392e-03  relΔE=9.325e-11  ||F||=2.056e-04
 step=125000  E=2.652784494865e+01  Q=5.100000000000e+01  λ=1.020510e+00  dt=1.077e-03  relΔE=7.020e-11  ||F||=2.028e-04
 step=125500  E=2.652784392658e+01  Q=5.100000000000e+01  λ=1.020511e+00  dt=8.339e-04  relΔE=5.280e-11  ||F||=1.999e-04
 step=126000  E=2.652784295315e+01  Q=5.100000000000e+01  λ=1.020512e+00  dt=1.291e-03  relΔE=7.947e-11  ||F||=1.972e-04
 step=126500  E=2.652784200951e+01  Q=5.100000000000e+01  λ=1.020514e+00  dt=9.991e-04  relΔE=5.981e-11  ||F||=1.944e-04
 step=127000  E=2.652784105745e+01  Q=5.100000000000e+01  λ=1.020515e+00  dt=7.733e-04  relΔE=4.497e-11  ||F||=1.917e-04
 step=127500  E=2.652784018078e+01  Q=5.100000000000e+01  λ=1.020517e+00  dt=1.197e-03  relΔE=6.773e-11  ||F||=1.891e-04
 step=128000  E=2.652783930092e+01  Q=5.100000000000e+01  λ=1.020518e+00  dt=9.264e-04  relΔE=5.096e-11  ||F||=1.864e-04
 step=128500  E=2.652783843824e+01  Q=5.100000000000e+01  λ=1.020519e+00  dt=1.434e-03  relΔE=7.666e-11  ||F||=1.838e-04
 step=129000  E=2.652783762947e+01  Q=5.100000000000e+01  λ=1.020521e+00  dt=1.110e-03  relΔE=5.773e-11  ||F||=1.813e-04
 step=129500  E=2.652783681370e+01  Q=5.100000000000e+01  λ=1.020522e+00  dt=8.590e-04  relΔE=4.342e-11  ||F||=1.787e-04
 step=130000  E=2.652783603080e+01  Q=5.100000000000e+01  λ=1.020523e+00  dt=1.330e-03  relΔE=6.535e-11  ||F||=1.763e-04
 step=130500  E=2.652783528025e+01  Q=5.100000000000e+01  λ=1.020524e+00  dt=1.029e-03  relΔE=4.919e-11  ||F||=1.739e-04
 step=131000  E=2.652783452500e+01  Q=5.100000000000e+01  λ=1.020526e+00  dt=7.965e-04  relΔE=3.700e-11  ||F||=1.714e-04
 step=131500  E=2.652783381821e+01  Q=5.100000000000e+01  λ=1.020527e+00  dt=1.233e-03  relΔE=5.571e-11  ||F||=1.691e-04
 step=132000  E=2.652783312185e+01  Q=5.100000000000e+01  λ=1.020528e+00  dt=9.543e-04  relΔE=4.192e-11  ||F||=1.667e-04
 step=132500  E=2.652783242475e+01  Q=5.100000000000e+01  λ=1.020529e+00  dt=1.477e-03  relΔE=6.299e-11  ||F||=2.392e-04
 step=133000  E=2.652783178430e+01  Q=5.100000000000e+01  λ=1.020531e+00  dt=1.143e-03  relΔE=4.749e-11  ||F||=1.621e-04
 step=133500  E=2.652783113354e+01  Q=5.100000000000e+01  λ=1.020532e+00  dt=8.849e-04  relΔE=3.573e-11  ||F||=1.599e-04
 step=134000  E=2.652783050649e+01  Q=5.100000000000e+01  λ=1.020533e+00  dt=1.370e-03  relΔE=5.377e-11  ||F||=1.576e-04
 step=134500  E=2.652782990821e+01  Q=5.100000000000e+01  λ=1.020534e+00  dt=1.060e-03  relΔE=4.048e-11  ||F||=1.555e-04
 step=135000  E=2.652782930859e+01  Q=5.100000000000e+01  λ=1.020535e+00  dt=8.205e-04  relΔE=3.045e-11  ||F||=1.533e-04
 step=135500  E=2.652782873956e+01  Q=5.100000000000e+01  λ=1.020536e+00  dt=1.270e-03  relΔE=4.584e-11  ||F||=1.512e-04
 step=136000  E=2.652782818632e+01  Q=5.100000000000e+01  λ=1.020537e+00  dt=9.830e-04  relΔE=3.451e-11  ||F||=1.491e-04
 step=136500  E=2.652782762799e+01  Q=5.100000000000e+01  λ=1.020538e+00  dt=7.608e-04  relΔE=2.595e-11  ||F||=1.548e-04
 step=137000  E=2.652782711711e+01  Q=5.100000000000e+01  λ=1.020539e+00  dt=1.178e-03  relΔE=3.909e-11  ||F||=1.451e-04
 step=137500  E=2.652782660001e+01  Q=5.100000000000e+01  λ=1.020540e+00  dt=9.115e-04  relΔE=2.941e-11  ||F||=1.430e-04
 step=138000  E=2.652782609663e+01  Q=5.100000000000e+01  λ=1.020542e+00  dt=1.411e-03  relΔE=4.426e-11  ||F||=1.410e-04
 step=138500  E=2.652782562032e+01  Q=5.100000000000e+01  λ=1.020543e+00  dt=1.092e-03  relΔE=3.333e-11  ||F||=1.391e-04
 step=139000  E=2.652782514345e+01  Q=5.100000000000e+01  λ=1.020544e+00  dt=8.452e-04  relΔE=2.507e-11  ||F||=1.372e-04
 step=139500  E=2.652782468577e+01  Q=5.100000000000e+01  λ=1.020545e+00  dt=1.308e-03  relΔE=3.774e-11  ||F||=1.353e-04
 step=140000  E=2.652782424547e+01  Q=5.100000000000e+01  λ=1.020546e+00  dt=1.013e-03  relΔE=2.842e-11  ||F||=1.335e-04
 step=140500  E=2.652782380101e+01  Q=5.100000000000e+01  λ=1.020546e+00  dt=7.837e-04  relΔE=2.137e-11  ||F||=1.316e-04
 step=141000  E=2.652782338913e+01  Q=5.100000000000e+01  λ=1.020547e+00  dt=1.213e-03  relΔE=3.219e-11  ||F||=1.298e-04
 step=141500  E=2.652782298419e+01  Q=5.100000000000e+01  λ=1.020548e+00  dt=7.824e-04  relΔE=2.020e-11  ||F||=1.280e-04
 step=142000  E=2.652782259498e+01  Q=5.100000000000e+01  λ=1.020549e+00  dt=1.211e-03  relΔE=3.042e-11  ||F||=1.263e-04
 step=142500  E=2.652782220625e+01  Q=5.100000000000e+01  λ=1.020550e+00  dt=9.374e-04  relΔE=2.289e-11  ||F||=1.246e-04
 step=143000  E=2.652782182133e+01  Q=5.100000000000e+01  λ=1.020551e+00  dt=1.451e-03  relΔE=3.444e-11  ||F||=1.233e-04
 step=143500  E=2.652782147502e+01  Q=5.100000000000e+01  λ=1.020552e+00  dt=9.358e-04  relΔE=2.164e-11  ||F||=1.212e-04
 step=144000  E=2.652782111124e+01  Q=5.100000000000e+01  λ=1.020553e+00  dt=1.449e-03  relΔE=3.255e-11  ||F||=1.198e-04
 step=144500  E=2.652782077276e+01  Q=5.100000000000e+01  λ=1.020554e+00  dt=1.121e-03  relΔE=2.452e-11  ||F||=1.179e-04
 step=145000  E=2.652782043104e+01  Q=5.100000000000e+01  λ=1.020555e+00  dt=8.678e-04  relΔE=1.845e-11  ||F||=1.163e-04
 step=145500  E=2.652782010260e+01  Q=5.100000000000e+01  λ=1.020555e+00  dt=1.343e-03  relΔE=2.777e-11  ||F||=1.147e-04
 step=146000  E=2.652781978773e+01  Q=5.100000000000e+01  λ=1.020556e+00  dt=1.040e-03  relΔE=2.090e-11  ||F||=1.131e-04
 step=146500  E=2.652781947147e+01  Q=5.100000000000e+01  λ=1.020557e+00  dt=8.046e-04  relΔE=1.573e-11  ||F||=1.116e-04
 step=147000  E=2.652781917406e+01  Q=5.100000000000e+01  λ=1.020558e+00  dt=1.246e-03  relΔE=2.368e-11  ||F||=1.101e-04
 step=147500  E=2.652781888162e+01  Q=5.100000000000e+01  λ=1.020559e+00  dt=9.640e-04  relΔE=1.783e-11  ||F||=1.086e-04
 step=148000  E=2.652781858771e+01  Q=5.100000000000e+01  λ=1.020559e+00  dt=1.492e-03  relΔE=2.544e-11  ||F||=9.084e-04
 step=148500  E=2.652781831914e+01  Q=5.100000000000e+01  λ=1.020560e+00  dt=1.155e-03  relΔE=2.020e-11  ||F||=1.056e-04
 step=149000  E=2.652781804664e+01  Q=5.100000000000e+01  λ=1.020561e+00  dt=8.939e-04  relΔE=1.520e-11  ||F||=1.041e-04
 step=149500  E=2.652781778229e+01  Q=5.100000000000e+01  λ=1.020562e+00  dt=1.384e-03  relΔE=2.288e-11  ||F||=1.027e-04
 step=150000  E=2.652781753143e+01  Q=5.100000000000e+01  λ=1.020562e+00  dt=1.071e-03  relΔE=1.723e-11  ||F||=1.013e-04
 step=150500  E=2.652781727991e+01  Q=5.100000000000e+01  λ=1.020563e+00  dt=8.288e-04  relΔE=1.296e-11  ||F||=9.991e-05
 step=151000  E=2.652781703983e+01  Q=5.100000000000e+01  λ=1.020564e+00  dt=1.283e-03  relΔE=1.951e-11  ||F||=9.855e-05
 step=151500  E=2.652781680746e+01  Q=5.100000000000e+01  λ=1.020565e+00  dt=9.930e-04  relΔE=1.469e-11  ||F||=9.721e-05
 step=152000  E=2.652781657261e+01  Q=5.100000000000e+01  λ=1.020565e+00  dt=7.685e-04  relΔE=1.105e-11  ||F||=9.584e-05
 step=152500  E=2.652781635689e+01  Q=5.100000000000e+01  λ=1.020566e+00  dt=1.190e-03  relΔE=1.665e-11  ||F||=9.457e-05
 step=153000  E=2.652781613967e+01  Q=5.100000000000e+01  λ=1.020567e+00  dt=9.207e-04  relΔE=1.253e-11  ||F||=9.327e-05
 step=153500  E=2.652781592700e+01  Q=5.100000000000e+01  λ=1.020567e+00  dt=1.425e-03  relΔE=1.885e-11  ||F||=9.198e-05
 step=154000  E=2.652781572725e+01  Q=5.100000000000e+01  λ=1.020568e+00  dt=1.103e-03  relΔE=1.420e-11  ||F||=9.074e-05
 step=154500  E=2.652781552658e+01  Q=5.100000000000e+01  λ=1.020569e+00  dt=8.538e-04  relΔE=1.068e-11  ||F||=8.949e-05
 step=155000  E=2.652781533369e+01  Q=5.100000000000e+01  λ=1.020569e+00  dt=1.322e-03  relΔE=1.608e-11  ||F||=8.827e-05
 step=155500  E=2.652781514869e+01  Q=5.100000000000e+01  λ=1.020570e+00  dt=1.023e-03  relΔE=1.211e-11  ||F||=8.708e-05
 step=156000  E=2.652781496224e+01  Q=5.100000000000e+01  λ=1.020571e+00  dt=7.917e-04  relΔE=9.109e-12  ||F||=8.586e-05
 step=156500  E=2.652781478819e+01  Q=5.100000000000e+01  λ=1.020571e+00  dt=1.225e-03  relΔE=1.372e-11  ||F||=8.471e-05
 step=157000  E=2.652781461569e+01  Q=5.100000000000e+01  λ=1.020572e+00  dt=9.484e-04  relΔE=1.033e-11  ||F||=8.355e-05
 step=157500  E=2.652781444395e+01  Q=5.100000000000e+01  λ=1.020572e+00  dt=1.468e-03  relΔE=1.553e-11  ||F||=1.023e-04
 step=158000  E=2.652781428548e+01  Q=5.100000000000e+01  λ=1.020573e+00  dt=1.136e-03  relΔE=1.170e-11  ||F||=8.130e-05
 step=158500  E=2.652781412485e+01  Q=5.100000000000e+01  λ=1.020574e+00  dt=8.794e-04  relΔE=8.806e-12  ||F||=8.017e-05
 step=159000  E=2.652781396985e+01  Q=5.100000000000e+01  λ=1.020574e+00  dt=1.361e-03  relΔE=1.326e-11  ||F||=7.908e-05
 step=159500  E=2.652781382210e+01  Q=5.100000000000e+01  λ=1.020575e+00  dt=1.054e-03  relΔE=9.982e-12  ||F||=7.801e-05
 step=160000  E=2.652781367384e+01  Q=5.100000000000e+01  λ=1.020575e+00  dt=8.155e-04  relΔE=7.510e-12  ||F||=7.693e-05
 step=160500  E=2.652781353347e+01  Q=5.100000000000e+01  λ=1.020576e+00  dt=1.262e-03  relΔE=1.131e-11  ||F||=7.590e-05
 step=161000  E=2.652781339641e+01  Q=5.100000000000e+01  λ=1.020576e+00  dt=9.770e-04  relΔE=8.514e-12  ||F||=7.487e-05
 step=161500  E=2.652781325790e+01  Q=5.100000000000e+01  λ=1.020577e+00  dt=7.561e-04  relΔE=6.485e-12  ||F||=2.640e-04
 step=162000  E=2.652781313164e+01  Q=5.100000000000e+01  λ=1.020578e+00  dt=1.170e-03  relΔE=9.648e-12  ||F||=7.284e-05
 step=162500  E=2.652781300365e+01  Q=5.100000000000e+01  λ=1.020578e+00  dt=9.059e-04  relΔE=7.261e-12  ||F||=7.184e-05
 step=163000  E=2.652781287888e+01  Q=5.100000000000e+01  λ=1.020579e+00  dt=1.402e-03  relΔE=1.093e-11  ||F||=7.085e-05
 step=163500  E=2.652781276095e+01  Q=5.100000000000e+01  λ=1.020579e+00  dt=1.085e-03  relΔE=8.228e-12  ||F||=6.991e-05
 step=164000  E=2.652781264288e+01  Q=5.100000000000e+01  λ=1.020580e+00  dt=8.400e-04  relΔE=6.191e-12  ||F||=6.894e-05
 step=164500  E=2.652781252968e+01  Q=5.100000000000e+01  λ=1.020580e+00  dt=1.300e-03  relΔE=9.322e-12  ||F||=6.801e-05
 step=165000  E=2.652781242063e+01  Q=5.100000000000e+01  λ=1.020581e+00  dt=1.006e-03  relΔE=7.019e-12  ||F||=6.709e-05
 step=165500  E=2.652781231585e+01  Q=5.100000000000e+01  λ=1.020581e+00  dt=1.298e-03  relΔE=8.812e-12  ||F||=6.620e-05
 step=166000  E=2.652781221263e+01  Q=5.100000000000e+01  λ=1.020582e+00  dt=1.005e-03  relΔE=6.635e-12  ||F||=6.531e-05
 step=166500  E=2.652781210831e+01  Q=5.100000000000e+01  λ=1.020582e+00  dt=7.776e-04  relΔE=4.990e-12  ||F||=6.440e-05
 step=167000  E=2.652781201185e+01  Q=5.100000000000e+01  λ=1.020582e+00  dt=1.204e-03  relΔE=7.518e-12  ||F||=6.355e-05
 step=167500  E=2.652781191541e+01  Q=5.100000000000e+01  λ=1.020583e+00  dt=9.316e-04  relΔE=5.657e-12  ||F||=6.268e-05
 step=168000  E=2.652781182028e+01  Q=5.100000000000e+01  λ=1.020583e+00  dt=1.442e-03  relΔE=8.513e-12  ||F||=6.191e-05
 step=168500  E=2.652781173164e+01  Q=5.100000000000e+01  λ=1.020584e+00  dt=1.116e-03  relΔE=6.412e-12  ||F||=6.099e-05
 step=169000  E=2.652781164226e+01  Q=5.100000000000e+01  λ=1.020584e+00  dt=8.638e-04  relΔE=4.825e-12  ||F||=6.015e-05
 step=169500  E=2.652781155610e+01  Q=5.100000000000e+01  λ=1.020585e+00  dt=1.337e-03  relΔE=7.262e-12  ||F||=5.934e-05
 step=170000  E=2.652781147374e+01  Q=5.100000000000e+01  λ=1.020585e+00  dt=1.035e-03  relΔE=5.469e-12  ||F||=5.854e-05
 step=170500  E=2.652781139090e+01  Q=5.100000000000e+01  λ=1.020586e+00  dt=8.010e-04  relΔE=4.114e-12  ||F||=5.773e-05
 step=171000  E=2.652781131298e+01  Q=5.100000000000e+01  λ=1.020586e+00  dt=1.240e-03  relΔE=6.196e-12  ||F||=5.696e-05
 step=171500  E=2.652781123636e+01  Q=5.100000000000e+01  λ=1.020586e+00  dt=9.596e-04  relΔE=4.664e-12  ||F||=5.619e-05
 step=172000  E=2.652781115947e+01  Q=5.100000000000e+01  λ=1.020587e+00  dt=1.485e-03  relΔE=6.782e-12  ||F||=3.760e-04
 step=172500  E=2.652781108911e+01  Q=5.100000000000e+01  λ=1.020587e+00  dt=1.150e-03  relΔE=5.285e-12  ||F||=5.468e-05
 step=173000  E=2.652781101782e+01  Q=5.100000000000e+01  λ=1.020588e+00  dt=8.898e-04  relΔE=3.976e-12  ||F||=5.393e-05
 step=173500  E=2.652781094866e+01  Q=5.100000000000e+01  λ=1.020588e+00  dt=1.377e-03  relΔE=5.985e-12  ||F||=5.319e-05
 step=174000  E=2.652781088293e+01  Q=5.100000000000e+01  λ=1.020588e+00  dt=1.066e-03  relΔE=4.507e-12  ||F||=5.248e-05
 step=174500  E=2.652781081712e+01  Q=5.100000000000e+01  λ=1.020589e+00  dt=8.251e-04  relΔE=3.391e-12  ||F||=5.176e-05
 step=175000  E=2.652781075431e+01  Q=5.100000000000e+01  λ=1.020589e+00  dt=1.277e-03  relΔE=5.106e-12  ||F||=5.106e-05
 step=175500  E=2.652781069351e+01  Q=5.100000000000e+01  λ=1.020590e+00  dt=9.885e-04  relΔE=3.844e-12  ||F||=5.038e-05
 step=176000  E=2.652781063215e+01  Q=5.100000000000e+01  λ=1.020590e+00  dt=7.651e-04  relΔE=2.891e-12  ||F||=4.968e-05
 step=176500  E=2.652781057571e+01  Q=5.100000000000e+01  λ=1.020590e+00  dt=1.184e-03  relΔE=4.355e-12  ||F||=4.902e-05
 step=177000  E=2.652781051881e+01  Q=5.100000000000e+01  λ=1.020591e+00  dt=9.166e-04  relΔE=3.277e-12  ||F||=4.835e-05
 step=177500  E=2.652781046310e+01  Q=5.100000000000e+01  λ=1.020591e+00  dt=1.419e-03  relΔE=4.931e-12  ||F||=4.769e-05
 step=178000  E=2.652781041077e+01  Q=5.100000000000e+01  λ=1.020591e+00  dt=1.098e-03  relΔE=3.714e-12  ||F||=4.706e-05
 step=178500  E=2.652781035828e+01  Q=5.100000000000e+01  λ=1.020592e+00  dt=8.499e-04  relΔE=2.794e-12  ||F||=4.641e-05
 step=179000  E=2.652781030775e+01  Q=5.100000000000e+01  λ=1.020592e+00  dt=1.316e-03  relΔE=4.206e-12  ||F||=4.579e-05
 step=179500  E=2.652781025929e+01  Q=5.100000000000e+01  λ=1.020592e+00  dt=1.018e-03  relΔE=3.167e-12  ||F||=4.517e-05
 step=180000  E=2.652781021041e+01  Q=5.100000000000e+01  λ=1.020593e+00  dt=7.881e-04  relΔE=2.382e-12  ||F||=4.455e-05
 step=180500  E=2.652781016490e+01  Q=5.100000000000e+01  λ=1.020593e+00  dt=1.220e-03  relΔE=3.588e-12  ||F||=4.396e-05
 step=181000  E=2.652781011979e+01  Q=5.100000000000e+01  λ=1.020593e+00  dt=9.442e-04  relΔE=2.700e-12  ||F||=4.336e-05
 step=181500  E=2.652781007483e+01  Q=5.100000000000e+01  λ=1.020594e+00  dt=1.461e-03  relΔE=4.061e-12  ||F||=4.941e-05
 step=182000  E=2.652781003329e+01  Q=5.100000000000e+01  λ=1.020594e+00  dt=1.131e-03  relΔE=3.059e-12  ||F||=4.220e-05
 step=182500  E=2.652780999130e+01  Q=5.100000000000e+01  λ=1.020594e+00  dt=8.755e-04  relΔE=2.301e-12  ||F||=4.162e-05
 step=183000  E=2.652780995080e+01  Q=5.100000000000e+01  λ=1.020595e+00  dt=1.355e-03  relΔE=3.464e-12  ||F||=4.106e-05
 step=183500  E=2.652780991219e+01  Q=5.100000000000e+01  λ=1.020595e+00  dt=1.049e-03  relΔE=2.608e-12  ||F||=4.051e-05
 step=184000  E=2.652780987340e+01  Q=5.100000000000e+01  λ=1.020595e+00  dt=8.118e-04  relΔE=1.962e-12  ||F||=3.996e-05
 step=184500  E=2.652780983667e+01  Q=5.100000000000e+01  λ=1.020595e+00  dt=1.257e-03  relΔE=2.954e-12  ||F||=3.942e-05
 step=185000  E=2.652780980083e+01  Q=5.100000000000e+01  λ=1.020596e+00  dt=9.726e-04  relΔE=2.224e-12  ||F||=3.889e-05
 step=185500  E=2.652780976465e+01  Q=5.100000000000e+01  λ=1.020596e+00  dt=7.527e-04  relΔE=1.687e-12  ||F||=1.110e-04
 step=186000  E=2.652780973169e+01  Q=5.100000000000e+01  λ=1.020596e+00  dt=1.165e-03  relΔE=2.519e-12  ||F||=3.785e-05
 step=186500  E=2.652780969823e+01  Q=5.100000000000e+01  λ=1.020597e+00  dt=9.018e-04  relΔE=1.895e-12  ||F||=3.733e-05
 step=187000  E=2.652780966566e+01  Q=5.100000000000e+01  λ=1.020597e+00  dt=1.396e-03  relΔE=2.852e-12  ||F||=3.683e-05
 step=187500  E=2.652780963489e+01  Q=5.100000000000e+01  λ=1.020597e+00  dt=1.080e-03  relΔE=2.147e-12  ||F||=3.634e-05
 step=188000  E=2.652780960403e+01  Q=5.100000000000e+01  λ=1.020597e+00  dt=8.362e-04  relΔE=1.615e-12  ||F||=3.584e-05
 step=188500  E=2.652780957583e+01  Q=5.100000000000e+01  λ=1.020598e+00  dt=1.079e-03  relΔE=2.029e-12  ||F||=3.538e-05
 step=189000  E=2.652780954664e+01  Q=5.100000000000e+01  λ=1.020598e+00  dt=8.348e-04  relΔE=1.526e-12  ||F||=3.490e-05
 step=189500  E=2.652780951866e+01  Q=5.100000000000e+01  λ=1.020598e+00  dt=1.292e-03  relΔE=2.297e-12  ||F||=3.443e-05
 step=190000  E=2.652780949176e+01  Q=5.100000000000e+01  λ=1.020598e+00  dt=1.000e-03  relΔE=1.730e-12  ||F||=3.397e-05
 step=190500  E=2.652780946453e+01  Q=5.100000000000e+01  λ=1.020599e+00  dt=7.741e-04  relΔE=1.301e-12  ||F||=3.350e-05
 step=191000  E=2.652780943940e+01  Q=5.100000000000e+01  λ=1.020599e+00  dt=1.198e-03  relΔE=1.959e-12  ||F||=3.306e-05
 step=191500  E=2.652780941427e+01  Q=5.100000000000e+01  λ=1.020599e+00  dt=9.274e-04  relΔE=1.474e-12  ||F||=3.261e-05
 step=192000  E=2.652780938950e+01  Q=5.100000000000e+01  λ=1.020599e+00  dt=1.436e-03  relΔE=2.217e-12  ||F||=3.219e-05
 step=192500  E=2.652780936641e+01  Q=5.100000000000e+01  λ=1.020600e+00  dt=1.111e-03  relΔE=1.670e-12  ||F||=3.174e-05
 step=193000  E=2.652780934315e+01  Q=5.100000000000e+01  λ=1.020600e+00  dt=8.600e-04  relΔE=1.256e-12  ||F||=3.131e-05
 step=193500  E=2.652780932072e+01  Q=5.100000000000e+01  λ=1.020600e+00  dt=1.331e-03  relΔE=1.890e-12  ||F||=3.088e-05
 step=194000  E=2.652780929933e+01  Q=5.100000000000e+01  λ=1.020600e+00  dt=1.030e-03  relΔE=1.422e-12  ||F||=3.048e-05
 step=194500  E=2.652780927775e+01  Q=5.100000000000e+01  λ=1.020600e+00  dt=7.974e-04  relΔE=1.070e-12  ||F||=3.006e-05
 step=195000  E=2.652780925749e+01  Q=5.100000000000e+01  λ=1.020601e+00  dt=1.234e-03  relΔE=1.611e-12  ||F||=2.966e-05
 step=195500  E=2.652780923758e+01  Q=5.100000000000e+01  λ=1.020601e+00  dt=9.553e-04  relΔE=1.212e-12  ||F||=2.926e-05
 step=196000  E=2.652780921760e+01  Q=5.100000000000e+01  λ=1.020601e+00  dt=1.479e-03  relΔE=1.772e-12  ||F||=1.616e-04
 step=196500  E=2.652780919929e+01  Q=5.100000000000e+01  λ=1.020601e+00  dt=1.145e-03  relΔE=1.372e-12  ||F||=2.848e-05
 step=197000  E=2.652780918078e+01  Q=5.100000000000e+01  λ=1.020602e+00  dt=8.858e-04  relΔE=1.033e-12  ||F||=2.809e-05
 step=197500  E=2.652780916283e+01  Q=5.100000000000e+01  λ=1.020602e+00  dt=1.371e-03  relΔE=1.554e-12  ||F||=2.771e-05
 step=198000  E=2.652780914575e+01  Q=5.100000000000e+01  λ=1.020602e+00  dt=1.061e-03  relΔE=1.169e-12  ||F||=2.734e-05
 step=198500  E=2.652780912866e+01  Q=5.100000000000e+01  λ=1.020602e+00  dt=8.214e-04  relΔE=8.795e-13  ||F||=2.697e-05
 step=199000  E=2.652780911237e+01  Q=5.100000000000e+01  λ=1.020602e+00  dt=1.271e-03  relΔE=1.323e-12  ||F||=2.661e-05
 step=199500  E=2.652780909664e+01  Q=5.100000000000e+01  λ=1.020603e+00  dt=9.840e-04  relΔE=9.959e-13  ||F||=2.626e-05
 step=200000  E=2.652780908070e+01  Q=5.100000000000e+01  λ=1.020603e+00  dt=7.616e-04  relΔE=7.484e-13  ||F||=2.589e-05
 step=200500  E=2.652780906608e+01  Q=5.100000000000e+01  λ=1.020603e+00  dt=1.179e-03  relΔE=1.128e-12  ||F||=2.555e-05
 step=201000  E=2.652780905135e+01  Q=5.100000000000e+01  λ=1.020603e+00  dt=9.125e-04  relΔE=8.477e-13  ||F||=2.521e-05
 step=201500  E=2.652780903696e+01  Q=5.100000000000e+01  λ=1.020603e+00  dt=1.412e-03  relΔE=1.276e-12  ||F||=2.487e-05
 step=202000  E=2.652780902342e+01  Q=5.100000000000e+01  λ=1.020603e+00  dt=1.093e-03  relΔE=9.604e-13  ||F||=2.454e-05
 step=202500  E=2.652780900985e+01  Q=5.100000000000e+01  λ=1.020604e+00  dt=8.461e-04  relΔE=7.224e-13  ||F||=2.420e-05
 step=203000  E=2.652780899680e+01  Q=5.100000000000e+01  λ=1.020604e+00  dt=1.310e-03  relΔE=1.087e-12  ||F||=2.388e-05
 step=203500  E=2.652780898428e+01  Q=5.100000000000e+01  λ=1.020604e+00  dt=1.014e-03  relΔE=8.180e-13  ||F||=2.356e-05
 step=204000  E=2.652780897166e+01  Q=5.100000000000e+01  λ=1.020604e+00  dt=7.845e-04  relΔE=6.147e-13  ||F||=2.324e-05
 step=204500  E=2.652780895992e+01  Q=5.100000000000e+01  λ=1.020604e+00  dt=1.214e-03  relΔE=9.253e-13  ||F||=2.293e-05
 step=205000  E=2.652780894829e+01  Q=5.100000000000e+01  λ=1.020604e+00  dt=9.399e-04  relΔE=6.964e-13  ||F||=2.263e-05
 step=205500  E=2.652780893671e+01  Q=5.100000000000e+01  λ=1.020605e+00  dt=1.455e-03  relΔE=1.046e-12  ||F||=2.579e-05
 step=206000  E=2.652780892601e+01  Q=5.100000000000e+01  λ=1.020605e+00  dt=1.126e-03  relΔE=7.877e-13  ||F||=2.202e-05
 step=206500  E=2.652780891520e+01  Q=5.100000000000e+01  λ=1.020605e+00  dt=8.715e-04  relΔE=5.925e-13  ||F||=2.172e-05
 step=207000  E=2.652780890476e+01  Q=5.100000000000e+01  λ=1.020605e+00  dt=1.349e-03  relΔE=8.909e-13  ||F||=2.143e-05
 step=207500  E=2.652780889482e+01  Q=5.100000000000e+01  λ=1.020605e+00  dt=1.044e-03  relΔE=6.707e-13  ||F||=2.115e-05
 step=208000  E=2.652780888485e+01  Q=5.100000000000e+01  λ=1.020605e+00  dt=8.081e-04  relΔE=5.040e-13  ||F||=2.086e-05
 step=208500  E=2.652780887542e+01  Q=5.100000000000e+01  λ=1.020606e+00  dt=1.251e-03  relΔE=7.585e-13  ||F||=2.058e-05
 step=209000  E=2.652780886622e+01  Q=5.100000000000e+01  λ=1.020606e+00  dt=9.682e-04  relΔE=5.705e-13  ||F||=2.031e-05
 step=209500  E=2.652780885695e+01  Q=5.100000000000e+01  λ=1.020606e+00  dt=7.493e-04  relΔE=4.319e-13  ||F||=5.294e-05
 step=210000  E=2.652780884850e+01  Q=5.100000000000e+01  λ=1.020606e+00  dt=1.160e-03  relΔE=6.454e-13  ||F||=1.977e-05
 step=210500  E=2.652780883991e+01  Q=5.100000000000e+01  λ=1.020606e+00  dt=8.977e-04  relΔE=4.856e-13  ||F||=1.950e-05
 step=211000  E=2.652780883157e+01  Q=5.100000000000e+01  λ=1.020606e+00  dt=1.390e-03  relΔE=7.300e-13  ||F||=1.924e-05
 step=211500  E=2.652780882391e+01  Q=5.100000000000e+01  λ=1.020606e+00  dt=8.963e-04  relΔE=4.582e-13  ||F||=1.899e-05
 step=212000  E=2.652780881604e+01  Q=5.100000000000e+01  λ=1.020607e+00  dt=1.387e-03  relΔE=6.885e-13  ||F||=1.873e-05
 step=212500  E=2.652780880881e+01  Q=5.100000000000e+01  λ=1.020607e+00  dt=8.948e-04  relΔE=4.324e-13  ||F||=1.849e-05
 step=213000  E=2.652780880138e+01  Q=5.100000000000e+01  λ=1.020607e+00  dt=1.385e-03  relΔE=6.498e-13  ||F||=1.824e-05
 step=213500  E=2.652780879433e+01  Q=5.100000000000e+01  λ=1.020607e+00  dt=1.072e-03  relΔE=4.887e-13  ||F||=1.800e-05
 step=214000  E=2.652780878729e+01  Q=5.100000000000e+01  λ=1.020607e+00  dt=8.297e-04  relΔE=3.671e-13  ||F||=1.776e-05
 step=214500  E=2.652780878055e+01  Q=5.100000000000e+01  λ=1.020607e+00  dt=1.284e-03  relΔE=5.527e-13  ||F||=1.752e-05
 step=215000  E=2.652780877407e+01  Q=5.100000000000e+01  λ=1.020607e+00  dt=9.941e-04  relΔE=4.154e-13  ||F||=1.729e-05
 step=215500  E=2.652780876752e+01  Q=5.100000000000e+01  λ=1.020607e+00  dt=7.694e-04  relΔE=3.128e-13  ||F||=1.705e-05
 step=216000  E=2.652780876149e+01  Q=5.100000000000e+01  λ=1.020608e+00  dt=1.191e-03  relΔE=4.698e-13  ||F||=1.683e-05
 step=216500  E=2.652780875544e+01  Q=5.100000000000e+01  λ=1.020608e+00  dt=9.217e-04  relΔE=3.537e-13  ||F||=1.660e-05
 step=217000  E=2.652780874949e+01  Q=5.100000000000e+01  λ=1.020608e+00  dt=1.427e-03  relΔE=5.315e-13  ||F||=1.639e-05
 step=217500  E=2.652780874395e+01  Q=5.100000000000e+01  λ=1.020608e+00  dt=1.104e-03  relΔE=3.995e-13  ||F||=1.616e-05
 step=218000  E=2.652780873838e+01  Q=5.100000000000e+01  λ=1.020608e+00  dt=8.547e-04  relΔE=3.005e-13  ||F||=1.594e-05
 step=218500  E=2.652780873302e+01  Q=5.100000000000e+01  λ=1.020608e+00  dt=1.323e-03  relΔE=4.516e-13  ||F||=1.573e-05
 step=219000  E=2.652780872790e+01  Q=5.100000000000e+01  λ=1.020608e+00  dt=1.024e-03  relΔE=3.395e-13  ||F||=1.552e-05
 step=219500  E=2.652780872274e+01  Q=5.100000000000e+01  λ=1.020608e+00  dt=7.925e-04  relΔE=2.546e-13  ||F||=1.531e-05
 step=220000  E=2.652780871792e+01  Q=5.100000000000e+01  λ=1.020609e+00  dt=1.227e-03  relΔE=3.837e-13  ||F||=1.511e-05
 step=220500  E=2.652780871317e+01  Q=5.100000000000e+01  λ=1.020609e+00  dt=9.495e-04  relΔE=2.885e-13  ||F||=1.491e-05
 step=221000  E=2.652780870842e+01  Q=5.100000000000e+01  λ=1.020609e+00  dt=1.470e-03  relΔE=4.263e-13  ||F||=6.612e-05
 step=221500  E=2.652780870407e+01  Q=5.100000000000e+01  λ=1.020609e+00  dt=1.138e-03  relΔE=3.261e-13  ||F||=1.451e-05
 step=222000  E=2.652780869966e+01  Q=5.100000000000e+01  λ=1.020609e+00  dt=8.804e-04  relΔE=2.453e-13  ||F||=1.432e-05
 step=222500  E=2.652780869540e+01  Q=5.100000000000e+01  λ=1.020609e+00  dt=1.363e-03  relΔE=3.678e-13  ||F||=1.412e-05
 step=223000  E=2.652780869135e+01  Q=5.100000000000e+01  λ=1.020609e+00  dt=1.055e-03  relΔE=2.766e-13  ||F||=1.394e-05
 step=223500  E=2.652780868731e+01  Q=5.100000000000e+01  λ=1.020609e+00  dt=8.163e-04  relΔE=2.084e-13  ||F||=1.375e-05
 step=224000  E=2.652780868346e+01  Q=5.100000000000e+01  λ=1.020609e+00  dt=1.264e-03  relΔE=3.126e-13  ||F||=1.357e-05
 step=224500  E=2.652780867973e+01  Q=5.100000000000e+01  λ=1.020609e+00  dt=9.780e-04  relΔE=2.346e-13  ||F||=1.339e-05
 step=225000  E=2.652780867597e+01  Q=5.100000000000e+01  λ=1.020610e+00  dt=7.570e-04  relΔE=1.768e-13  ||F||=1.320e-05
 step=225500  E=2.652780867253e+01  Q=5.100000000000e+01  λ=1.020610e+00  dt=1.172e-03  relΔE=2.648e-13  ||F||=1.303e-05
 step=226000  E=2.652780866906e+01  Q=5.100000000000e+01  λ=1.020610e+00  dt=9.069e-04  relΔE=1.991e-13  ||F||=1.286e-05
 step=226500  E=2.652780866568e+01  Q=5.100000000000e+01  λ=1.020610e+00  dt=1.404e-03  relΔE=2.995e-13  ||F||=1.268e-05
 step=227000  E=2.652780866250e+01  Q=5.100000000000e+01  λ=1.020610e+00  dt=1.086e-03  relΔE=2.251e-13  ||F||=1.252e-05
 step=227500  E=2.652780865932e+01  Q=5.100000000000e+01  λ=1.020610e+00  dt=8.409e-04  relΔE=1.687e-13  ||F||=1.235e-05
 step=228000  E=2.652780865626e+01  Q=5.100000000000e+01  λ=1.020610e+00  dt=1.302e-03  relΔE=2.539e-13  ||F||=1.218e-05
 step=228500  E=2.652780865334e+01  Q=5.100000000000e+01  λ=1.020610e+00  dt=1.007e-03  relΔE=1.908e-13  ||F||=1.202e-05
 step=229000  E=2.652780865039e+01  Q=5.100000000000e+01  λ=1.020610e+00  dt=7.797e-04  relΔE=1.430e-13  ||F||=1.186e-05
 step=229500  E=2.652780864765e+01  Q=5.100000000000e+01  λ=1.020610e+00  dt=1.207e-03  relΔE=2.158e-13  ||F||=1.170e-05
 step=230000  E=2.652780864494e+01  Q=5.100000000000e+01  λ=1.020610e+00  dt=9.341e-04  relΔE=1.622e-13  ||F||=1.155e-05
 step=230500  E=2.652780864225e+01  Q=5.100000000000e+01  λ=1.020611e+00  dt=1.446e-03  relΔE=2.427e-13  ||F||=1.232e-05
 step=231000  E=2.652780863976e+01  Q=5.100000000000e+01  λ=1.020611e+00  dt=1.119e-03  relΔE=1.824e-13  ||F||=1.124e-05
 step=231500  E=2.652780863726e+01  Q=5.100000000000e+01  λ=1.020611e+00  dt=8.662e-04  relΔE=1.369e-13  ||F||=1.109e-05
 step=232000  E=2.652780863485e+01  Q=5.100000000000e+01  λ=1.020611e+00  dt=1.341e-03  relΔE=2.058e-13  ||F||=1.094e-05
 step=232500  E=2.652780863255e+01  Q=5.100000000000e+01  λ=1.020611e+00  dt=1.038e-03  relΔE=1.551e-13  ||F||=1.080e-05
 step=233000  E=2.652780863025e+01  Q=5.100000000000e+01  λ=1.020611e+00  dt=8.032e-04  relΔE=1.165e-13  ||F||=1.065e-05
 step=233500  E=2.652780862808e+01  Q=5.100000000000e+01  λ=1.020611e+00  dt=1.243e-03  relΔE=1.741e-13  ||F||=1.051e-05
 step=234000  E=2.652780862597e+01  Q=5.100000000000e+01  λ=1.020611e+00  dt=9.622e-04  relΔE=1.308e-13  ||F||=1.037e-05
 step=234500  E=2.652780862384e+01  Q=5.100000000000e+01  λ=1.020611e+00  dt=7.447e-04  relΔE=1.091e-13  ||F||=9.386e-05
 step=235000  E=2.652780862191e+01  Q=5.100000000000e+01  λ=1.020611e+00  dt=1.153e-03  relΔE=1.472e-13  ||F||=1.010e-05
 step=235500  E=2.652780861997e+01  Q=5.100000000000e+01  λ=1.020611e+00  dt=7.435e-04  relΔE=9.268e-14  ||F||=9.963e-06
 step=236000  E=2.652780861815e+01  Q=5.100000000000e+01  λ=1.020611e+00  dt=1.151e-03  relΔE=1.386e-13  ||F||=9.835e-06
 step=236500  E=2.652780861630e+01  Q=5.100000000000e+01  λ=1.020611e+00  dt=8.908e-04  relΔE=1.045e-13  ||F||=9.703e-06
 step=237000  E=2.652780861451e+01  Q=5.100000000000e+01  λ=1.020612e+00  dt=1.379e-03  relΔE=1.559e-13  ||F||=9.572e-06
 step=237500  E=2.652780861282e+01  Q=5.100000000000e+01  λ=1.020612e+00  dt=1.067e-03  relΔE=1.173e-13  ||F||=9.447e-06
 step=238000  E=2.652780861114e+01  Q=5.100000000000e+01  λ=1.020612e+00  dt=8.260e-04  relΔE=8.785e-14  ||F||=9.320e-06
 step=238500  E=2.652780860953e+01  Q=5.100000000000e+01  λ=1.020612e+00  dt=1.279e-03  relΔE=1.318e-13  ||F||=9.196e-06
 step=239000  E=2.652780860798e+01  Q=5.100000000000e+01  λ=1.020612e+00  dt=9.896e-04  relΔE=9.910e-14  ||F||=9.075e-06
 step=239500  E=2.652780860642e+01  Q=5.100000000000e+01  λ=1.020612e+00  dt=7.659e-04  relΔE=7.473e-14  ||F||=8.951e-06
 step=240000  E=2.652780860499e+01  Q=5.100000000000e+01  λ=1.020612e+00  dt=1.186e-03  relΔE=1.113e-13  ||F||=8.835e-06
 step=240500  E=2.652780860356e+01  Q=5.100000000000e+01  λ=1.020612e+00  dt=9.176e-04  relΔE=8.384e-14  ||F||=8.717e-06
 step=241000  E=2.652780860215e+01  Q=5.100000000000e+01  λ=1.020612e+00  dt=1.420e-03  relΔE=1.252e-13  ||F||=8.608e-06
 step=241500  E=2.652780860084e+01  Q=5.100000000000e+01  λ=1.020612e+00  dt=1.099e-03  relΔE=9.428e-14  ||F||=8.487e-06
 step=242000  E=2.652780859953e+01  Q=5.100000000000e+01  λ=1.020612e+00  dt=8.508e-04  relΔE=7.085e-14  ||F||=8.373e-06
 step=242500  E=2.652780859827e+01  Q=5.100000000000e+01  λ=1.020612e+00  dt=1.317e-03  relΔE=1.059e-13  ||F||=8.261e-06
 step=243000  E=2.652780859707e+01  Q=5.100000000000e+01  λ=1.020612e+00  dt=1.019e-03  relΔE=7.955e-14  ||F||=8.153e-06
 step=243500  E=2.652780859587e+01  Q=5.100000000000e+01  λ=1.020612e+00  dt=7.889e-04  relΔE=6.000e-14  ||F||=8.042e-06
 step=244000  E=2.652780859474e+01  Q=5.100000000000e+01  λ=1.020612e+00  dt=1.221e-03  relΔE=8.946e-14  ||F||=7.937e-06
 step=244500  E=2.652780859364e+01  Q=5.100000000000e+01  λ=1.020612e+00  dt=9.452e-04  relΔE=6.696e-14  ||F||=7.832e-06
 step=245000  E=2.652780859254e+01  Q=5.100000000000e+01  λ=1.020613e+00  dt=1.463e-03  relΔE=9.857e-14  ||F||=3.232e-05
 step=245500  E=2.652780859154e+01  Q=5.100000000000e+01  λ=1.020613e+00  dt=1.132e-03  relΔE=7.486e-14  ||F||=7.625e-06
 step=246000  E=2.652780859052e+01  Q=5.100000000000e+01  λ=1.020613e+00  dt=8.764e-04  relΔE=5.598e-14  ||F||=7.523e-06
 step=246500  E=2.652780858954e+01  Q=5.100000000000e+01  λ=1.020613e+00  dt=1.357e-03  relΔE=8.437e-14  ||F||=7.422e-06
 step=247000  E=2.652780858861e+01  Q=5.100000000000e+01  λ=1.020613e+00  dt=1.050e-03  relΔE=6.321e-14  ||F||=7.325e-06
 step=247500  E=2.652780858769e+01  Q=5.100000000000e+01  λ=1.020613e+00  dt=8.127e-04  relΔE=4.794e-14  ||F||=7.227e-06
 step=248000  E=2.652780858681e+01  Q=5.100000000000e+01  λ=1.020613e+00  dt=1.258e-03  relΔE=7.098e-14  ||F||=7.131e-06
 step=248500  E=2.652780858597e+01  Q=5.100000000000e+01  λ=1.020613e+00  dt=9.736e-04  relΔE=5.263e-14  ||F||=7.037e-06
 step=249000  E=2.652780858512e+01  Q=5.100000000000e+01  λ=1.020613e+00  dt=7.535e-04  relΔE=3.924e-14  ||F||=6.941e-06
 step=249500  E=2.652780858434e+01  Q=5.100000000000e+01  λ=1.020613e+00  dt=1.166e-03  relΔE=5.986e-14  ||F||=6.852e-06
 step=250000  E=2.652780858356e+01  Q=5.100000000000e+01  λ=1.020613e+00  dt=9.028e-04  relΔE=4.433e-14  ||F||=6.760e-06
 step=250500  E=2.652780858280e+01  Q=5.100000000000e+01  λ=1.020613e+00  dt=1.397e-03  relΔE=6.683e-14  ||F||=6.669e-06
 step=251000  E=2.652780858210e+01  Q=5.100000000000e+01  λ=1.020613e+00  dt=1.082e-03  relΔE=5.022e-14  ||F||=6.582e-06
 step=251500  E=2.652780858139e+01  Q=5.100000000000e+01  λ=1.020613e+00  dt=8.371e-04  relΔE=3.750e-14  ||F||=6.494e-06
 step=252000  E=2.652780858071e+01  Q=5.100000000000e+01  λ=1.020613e+00  dt=1.296e-03  relΔE=5.625e-14  ||F||=6.408e-06
 step=252500  E=2.652780858007e+01  Q=5.100000000000e+01  λ=1.020613e+00  dt=1.003e-03  relΔE=4.205e-14  ||F||=6.324e-06
 step=253000  E=2.652780857942e+01  Q=5.100000000000e+01  λ=1.020613e+00  dt=7.762e-04  relΔE=3.107e-14  ||F||=6.238e-06
 step=253500  E=2.652780857882e+01  Q=5.100000000000e+01  λ=1.020613e+00  dt=1.202e-03  relΔE=4.701e-14  ||F||=6.157e-06
 step=254000  E=2.652780857823e+01  Q=5.100000000000e+01  λ=1.020613e+00  dt=9.299e-04  relΔE=3.549e-14  ||F||=6.075e-06
 step=254500  E=2.652780857764e+01  Q=5.100000000000e+01  λ=1.020613e+00  dt=1.439e-03  relΔE=5.223e-14  ||F||=6.412e-06
 step=255000  E=2.652780857711e+01  Q=5.100000000000e+01  λ=1.020614e+00  dt=1.114e-03  relΔE=3.978e-14  ||F||=5.915e-06
 step=255500  E=2.652780857657e+01  Q=5.100000000000e+01  λ=1.020614e+00  dt=8.623e-04  relΔE=2.920e-14  ||F||=5.836e-06
 step=256000  E=2.652780857605e+01  Q=5.100000000000e+01  λ=1.020614e+00  dt=1.335e-03  relΔE=4.406e-14  ||F||=5.759e-06
 step=256500  E=2.652780857556e+01  Q=5.100000000000e+01  λ=1.020614e+00  dt=1.033e-03  relΔE=3.268e-14  ||F||=5.683e-06
 step=257000  E=2.652780857508e+01  Q=5.100000000000e+01  λ=1.020614e+00  dt=7.996e-04  relΔE=2.451e-14  ||F||=5.607e-06
 step=257500  E=2.652780857462e+01  Q=5.100000000000e+01  λ=1.020614e+00  dt=1.238e-03  relΔE=3.696e-14  ||F||=5.533e-06
 step=258000  E=2.652780857417e+01  Q=5.100000000000e+01  λ=1.020614e+00  dt=9.579e-04  relΔE=2.745e-14  ||F||=5.460e-06
 step=258500  E=2.652780857373e+01  Q=5.100000000000e+01  λ=1.020614e+00  dt=7.414e-04  relΔE=2.303e-14  ||F||=4.446e-05
 step=259000  E=2.652780857333e+01  Q=5.100000000000e+01  λ=1.020614e+00  dt=1.148e-03  relΔE=3.000e-14  ||F||=5.317e-06
 step=259500  E=2.652780857292e+01  Q=5.100000000000e+01  λ=1.020614e+00  dt=8.882e-04  relΔE=2.263e-14  ||F||=5.246e-06
 step=260000  E=2.652780857253e+01  Q=5.100000000000e+01  λ=1.020614e+00  dt=1.375e-03  relΔE=3.388e-14  ||F||=5.176e-06
 step=260500  E=2.652780857218e+01  Q=5.100000000000e+01  λ=1.020614e+00  dt=8.868e-04  relΔE=2.129e-14  ||F||=5.110e-06
 step=261000  E=2.652780857181e+01  Q=5.100000000000e+01  λ=1.020614e+00  dt=1.373e-03  relΔE=3.161e-14  ||F||=5.042e-06
 step=261500  E=2.652780857147e+01  Q=5.100000000000e+01  λ=1.020614e+00  dt=1.062e-03  relΔE=2.397e-14  ||F||=4.976e-06
 step=262000  E=2.652780857113e+01  Q=5.100000000000e+01  λ=1.020614e+00  dt=8.223e-04  relΔE=1.781e-14  ||F||=4.910e-06
 step=262500  E=2.652780857081e+01  Q=5.100000000000e+01  λ=1.020614e+00  dt=1.273e-03  relΔE=2.638e-14  ||F||=4.845e-06
 step=263000  E=2.652780857051e+01  Q=5.100000000000e+01  λ=1.020614e+00  dt=9.851e-04  relΔE=1.969e-14  ||F||=4.781e-06
 step=263500  E=2.652780857020e+01  Q=5.100000000000e+01  λ=1.020614e+00  dt=7.624e-04  relΔE=1.460e-14  ||F||=4.716e-06
 step=264000  E=2.652780856992e+01  Q=5.100000000000e+01  λ=1.020614e+00  dt=1.180e-03  relΔE=2.143e-14  ||F||=4.656e-06
 step=264500  E=2.652780856964e+01  Q=5.100000000000e+01  λ=1.020614e+00  dt=9.134e-04  relΔE=1.620e-14  ||F||=4.594e-06
 step=265000  E=2.652780856937e+01  Q=5.100000000000e+01  λ=1.020614e+00  dt=1.414e-03  relΔE=2.411e-14  ||F||=4.538e-06
 step=265500  E=2.652780856912e+01  Q=5.100000000000e+01  λ=1.020614e+00  dt=1.094e-03  relΔE=1.781e-14  ||F||=4.474e-06
 step=266000  E=2.652780856887e+01  Q=5.100000000000e+01  λ=1.020614e+00  dt=8.470e-04  relΔE=1.339e-14  ||F||=4.414e-06
 step=266500  E=2.652780856864e+01  Q=5.100000000000e+01  λ=1.020614e+00  dt=1.311e-03  relΔE=1.929e-14  ||F||=4.355e-06
 step=267000  E=2.652780856841e+01  Q=5.100000000000e+01  λ=1.020614e+00  dt=1.015e-03  relΔE=1.500e-14  ||F||=4.299e-06
 step=267500  E=2.652780856819e+01  Q=5.100000000000e+01  λ=1.020614e+00  dt=7.854e-04  relΔE=1.098e-14  ||F||=4.241e-06
 step=268000  E=2.652780856799e+01  Q=5.100000000000e+01  λ=1.020614e+00  dt=1.216e-03  relΔE=1.607e-14  ||F||=4.186e-06
 step=268500  E=2.652780856778e+01  Q=5.100000000000e+01  λ=1.020614e+00  dt=9.409e-04  relΔE=1.165e-14  ||F||=4.130e-06
 step=269000  E=2.652780856759e+01  Q=5.100000000000e+01  λ=1.020615e+00  dt=1.456e-03  relΔE=1.741e-14  ||F||=1.573e-05
 step=269500  E=2.652780856741e+01  Q=5.100000000000e+01  λ=1.020615e+00  dt=1.127e-03  relΔE=1.379e-14  ||F||=4.022e-06
 step=270000  E=2.652780856723e+01  Q=5.100000000000e+01  λ=1.020615e+00  dt=8.725e-04  relΔE=9.910e-15  ||F||=3.969e-06
 step=270500  E=2.652780856706e+01  Q=5.100000000000e+01  λ=1.020615e+00  dt=1.351e-03  relΔE=1.433e-14  ||F||=3.916e-06
 step=271000  E=2.652780856690e+01  Q=5.100000000000e+01  λ=1.020615e+00  dt=1.045e-03  relΔE=1.058e-14  ||F||=3.865e-06
 step=271500  E=2.652780856674e+01  Q=5.100000000000e+01  λ=1.020615e+00  dt=8.090e-04  relΔE=8.169e-15  ||F||=3.813e-06
 step=272000  E=2.652780856659e+01  Q=5.100000000000e+01  λ=1.020615e+00  dt=1.252e-03  relΔE=1.232e-14  ||F||=3.763e-06
 step=272500  E=2.652780856645e+01  Q=5.100000000000e+01  λ=1.020615e+00  dt=9.692e-04  relΔE=8.839e-15  ||F||=3.714e-06
 step=273000  E=2.652780856631e+01  Q=5.100000000000e+01  λ=1.020615e+00  dt=7.501e-04  relΔE=6.027e-15  ||F||=3.664e-06
 step=273500  E=2.652780856619e+01  Q=5.100000000000e+01  λ=1.020615e+00  dt=1.161e-03  relΔE=9.643e-15  ||F||=3.617e-06
 step=274000  E=2.652780856606e+01  Q=5.100000000000e+01  λ=1.020615e+00  dt=8.987e-04  relΔE=7.232e-15  ||F||=3.569e-06
 step=274500  E=2.652780856594e+01  Q=5.100000000000e+01  λ=1.020615e+00  dt=1.391e-03  relΔE=1.045e-14  ||F||=3.521e-06
 step=275000  E=2.652780856583e+01  Q=5.100000000000e+01  λ=1.020615e+00  dt=1.077e-03  relΔE=7.768e-15  ||F||=3.476e-06
 step=275500  E=2.652780856573e+01  Q=5.100000000000e+01  λ=1.020615e+00  dt=8.333e-04  relΔE=5.625e-15  ||F||=3.429e-06
 step=276000  E=2.652780856563e+01  Q=5.100000000000e+01  λ=1.020615e+00  dt=1.290e-03  relΔE=8.169e-15  ||F||=3.384e-06
 step=276500  E=2.652780856553e+01  Q=5.100000000000e+01  λ=1.020615e+00  dt=9.984e-04  relΔE=5.491e-15  ||F||=3.340e-06
 step=277000  E=2.652780856544e+01  Q=5.100000000000e+01  λ=1.020615e+00  dt=7.727e-04  relΔE=4.419e-15  ||F||=3.295e-06
 step=277500  E=2.652780856535e+01  Q=5.100000000000e+01  λ=1.020615e+00  dt=1.196e-03  relΔE=6.428e-15  ||F||=3.253e-06
 step=278000  E=2.652780856527e+01  Q=5.100000000000e+01  λ=1.020615e+00  dt=9.257e-04  relΔE=4.955e-15  ||F||=3.210e-06
 step=278500  E=2.652780856519e+01  Q=5.100000000000e+01  λ=1.020615e+00  dt=1.433e-03  relΔE=7.366e-15  ||F||=3.434e-06
 step=279000  E=2.652780856512e+01  Q=5.100000000000e+01  λ=1.020615e+00  dt=1.109e-03  relΔE=5.089e-15  ||F||=3.126e-06
 step=279500  E=2.652780856505e+01  Q=5.100000000000e+01  λ=1.020615e+00  dt=8.584e-04  relΔE=3.884e-15  ||F||=3.085e-06
 step=280000  E=2.652780856498e+01  Q=5.100000000000e+01  λ=1.020615e+00  dt=1.329e-03  relΔE=5.625e-15  ||F||=3.044e-06
 step=280500  E=2.652780856492e+01  Q=5.100000000000e+01  λ=1.020615e+00  dt=1.028e-03  relΔE=4.286e-15  ||F||=3.004e-06
 step=281000  E=2.652780856486e+01  Q=5.100000000000e+01  λ=1.020615e+00  dt=7.959e-04  relΔE=2.946e-15  ||F||=2.964e-06
 step=281500  E=2.652780856481e+01  Q=5.100000000000e+01  λ=1.020615e+00  dt=1.232e-03  relΔE=4.286e-15  ||F||=2.926e-06
 step=282000  E=2.652780856476e+01  Q=5.100000000000e+01  λ=1.020615e+00  dt=9.536e-04  relΔE=3.214e-15  ||F||=2.887e-06
 step=282500  E=2.652780856471e+01  Q=5.100000000000e+01  λ=1.020615e+00  dt=7.380e-04  relΔE=2.277e-15  ||F||=4.414e-06
 step=283000  E=2.652780856466e+01  Q=5.100000000000e+01  λ=1.020615e+00  dt=1.142e-03  relΔE=2.678e-15  ||F||=2.812e-06
 step=283500  E=2.652780856462e+01  Q=5.100000000000e+01  λ=1.020615e+00  dt=8.842e-04  relΔE=2.411e-15  ||F||=2.775e-06
 step=284000  E=2.652780856458e+01  Q=5.100000000000e+01  λ=1.020615e+00  dt=1.369e-03  relΔE=3.348e-15  ||F||=2.738e-06
 step=284500  E=2.652780856455e+01  Q=5.100000000000e+01  λ=1.020615e+00  dt=1.059e-03  relΔE=2.277e-15  ||F||=2.703e-06
 step=285000  E=2.652780856452e+01  Q=5.100000000000e+01  λ=1.020615e+00  dt=8.199e-04  relΔE=1.875e-15  ||F||=2.667e-06
 step=285500  E=2.652780856449e+01  Q=5.100000000000e+01  λ=1.020615e+00  dt=1.058e-03  relΔE=2.545e-15  ||F||=2.634e-06
 step=286000  E=2.652780856446e+01  Q=5.100000000000e+01  λ=1.020615e+00  dt=8.186e-04  relΔE=1.339e-15  ||F||=2.599e-06
 step=286500  E=2.652780856444e+01  Q=5.100000000000e+01  λ=1.020615e+00  dt=1.056e-03  relΔE=1.071e-15  ||F||=2.566e-06
 step=287000  E=2.652780856441e+01  Q=5.100000000000e+01  λ=1.020615e+00  dt=8.172e-04  relΔE=8.035e-16  ||F||=2.532e-06
 step=287500  E=2.652780856439e+01  Q=5.100000000000e+01  λ=1.020615e+00  dt=1.265e-03  relΔE=1.741e-15  ||F||=2.499e-06
 step=288000  E=2.652780856438e+01  Q=5.100000000000e+01  λ=1.020615e+00  dt=9.791e-04  relΔE=1.205e-15  ||F||=2.467e-06
 step=288500  E=2.652780856436e+01  Q=5.100000000000e+01  λ=1.020615e+00  dt=7.578e-04  relΔE=6.696e-16  ||F||=2.434e-06
 step=289000  E=2.652780856435e+01  Q=5.100000000000e+01  λ=1.020615e+00  dt=1.173e-03  relΔE=8.035e-16  ||F||=2.403e-06
 step=289500  E=2.652780856433e+01  Q=5.100000000000e+01  λ=1.020615e+00  dt=9.078e-04  relΔE=0.000e+00  ||F||=2.371e-06
 step=290000  E=2.652780856432e+01  Q=5.100000000000e+01  λ=1.020615e+00  dt=1.405e-03  relΔE=1.339e-15  ||F||=2.342e-06
  !! dt fell below dt_min: stiffness-limited termination.

Stationary candidate (aggressive): E=2.652780856432e+01, Q=5.100000000000e+01, maxρ=9.434402e-02

=== Stability test (damped inertial dynamics) ===
Perturb eps=0.02, gamma=1
t=0: E=2.907138076680e+01, Q=5.100000000000e+01, maxρ=9.830364e-02, σ=5.680322e+00, Rc=1.744686e+01
 step=     1  E=2.907136789905e+01  Q=5.100000000000e+01  λ=1.419465e+00  maxρ=9.830363e-02  minρ=5.227e-10  σ=5.680322e+00  Rc=1.744686e+01
 step=   300  E=2.854405448077e+01  Q=5.100000000000e+01  λ=1.312279e+00  maxρ=9.794767e-02  minρ=5.241e-10  σ=5.680319e+00  Rc=1.744686e+01
 step=   600  E=2.748620492874e+01  Q=5.100000000000e+01  λ=1.119097e+00  maxρ=9.747837e-02  minρ=5.284e-10  σ=5.680313e+00  Rc=1.744687e+01
 step=   900  E=2.687285210915e+01  Q=5.100000000000e+01  λ=1.059656e+00  maxρ=9.678400e-02  minρ=5.270e-10  σ=5.680312e+00  Rc=1.744687e+01
 step=  1200  E=2.711562024828e+01  Q=5.100000000000e+01  λ=1.173315e+00  maxρ=9.649238e-02  minρ=5.206e-10  σ=5.680315e+00  Rc=1.744686e+01
 step=  1500  E=2.774947290758e+01  Q=5.100000000000e+01  λ=1.293196e+00  maxρ=9.678041e-02  minρ=5.173e-10  σ=5.680316e+00  Rc=1.744686e+01
 step=  1800  E=2.806580595031e+01  Q=5.100000000000e+01  λ=1.275092e+00  maxρ=9.684075e-02  minρ=5.174e-10  σ=5.680312e+00  Rc=1.744686e+01
 step=  2100  E=2.787109970037e+01  Q=5.100000000000e+01  λ=1.168314e+00  maxρ=9.639668e-02  minρ=5.164e-10  σ=5.680308e+00  Rc=1.744686e+01
 step=  2400  E=2.754204622957e+01  Q=5.100000000000e+01  λ=1.122431e+00  maxρ=9.619722e-02  minρ=5.000e-10  σ=5.680311e+00  Rc=1.744686e+01
 step=  2700  E=2.746790801432e+01  Q=5.100000000000e+01  λ=1.183020e+00  maxρ=9.633637e-02  minρ=4.925e-10  σ=5.680317e+00  Rc=1.744686e+01
 step=  3000  E=2.762795864490e+01  Q=5.100000000000e+01  λ=1.251143e+00  maxρ=9.753283e-02  minρ=4.989e-10  σ=5.680318e+00  Rc=1.744686e+01
 step=  3300  E=2.773807999661e+01  Q=5.100000000000e+01  λ=1.234064e+00  maxρ=9.778447e-02  minρ=4.970e-10  σ=5.680314e+00  Rc=1.744687e+01
 step=  3600  E=2.765552948966e+01  Q=5.100000000000e+01  λ=1.164132e+00  maxρ=9.734791e-02  minρ=4.980e-10  σ=5.680309e+00  Rc=1.744687e+01
 step=  3900  E=2.750826586625e+01  Q=5.100000000000e+01  λ=1.136523e+00  maxρ=9.685739e-02  minρ=4.861e-10  σ=5.680311e+00  Rc=1.744687e+01
 step=  4200  E=2.746819658844e+01  Q=5.100000000000e+01  λ=1.175032e+00  maxρ=9.626449e-02  minρ=4.641e-10  σ=5.680316e+00  Rc=1.744686e+01
 step=  4500  E=2.753158164721e+01  Q=5.100000000000e+01  λ=1.213114e+00  maxρ=9.633868e-02  minρ=4.551e-10  σ=5.680319e+00  Rc=1.744686e+01
 step=  4800  E=2.757171181682e+01  Q=5.100000000000e+01  λ=1.196945e+00  maxρ=9.679716e-02  minρ=4.631e-10  σ=5.680316e+00  Rc=1.744686e+01
 step=  5100  E=2.752920625681e+01  Q=5.100000000000e+01  λ=1.154560e+00  maxρ=9.666247e-02  minρ=4.409e-10  σ=5.680310e+00  Rc=1.744686e+01
 step=  5400  E=2.746689104622e+01  Q=5.100000000000e+01  λ=1.144594e+00  maxρ=9.634708e-02  minρ=4.231e-10  σ=5.680309e+00  Rc=1.744686e+01
 step=  5700  E=2.745421502632e+01  Q=5.100000000000e+01  λ=1.172554e+00  maxρ=9.626280e-02  minρ=4.259e-10  σ=5.680311e+00  Rc=1.744686e+01
 step=  6000  E=2.747372641227e+01  Q=5.100000000000e+01  λ=1.192141e+00  maxρ=9.642710e-02  minρ=4.455e-10  σ=5.680313e+00  Rc=1.744686e+01
 >>> No runaway detected in this horizon. Likely stable (within this model & box).

STABILITY: PASS
