
=== Aggressive relaxation to Q = 1697 ===
Initial: E=1.123574586517e+03, Q=1.697000000000e+03, dt=1.000e-04
 step=     1  E=1.123517730454e+03  Q=1.697000000000e+03  λ=1.436019e+00  dt=1.000e-04  relΔE=5.060e-05  ||F||=5.794e-01
 step=   500  E=1.067016312490e+03  Q=1.697000000000e+03  λ=1.321983e+00  dt=6.192e-04  relΔE=1.642e-04  ||F||=4.478e-01
 step=  1000  E=9.730046932234e+02  Q=1.697000000000e+03  λ=1.135267e+00  dt=9.584e-04  relΔE=9.682e-05  ||F||=2.639e-01
 step=  1500  E=9.303911539893e+02  Q=1.697000000000e+03  λ=1.052609e+00  dt=1.484e-03  relΔE=7.712e-05  ||F||=3.530e-01
 step=  2000  E=9.078744059862e+02  Q=1.697000000000e+03  λ=1.009914e+00  dt=1.148e-03  relΔE=3.936e-05  ||F||=1.484e-01
 step=  2500  E=8.918982042164e+02  Q=1.697000000000e+03  λ=9.807135e-01  dt=8.887e-04  relΔE=2.196e-05  ||F||=1.249e-01
 step=  3000  E=8.803368041511e+02  Q=1.697000000000e+03  λ=9.604768e-01  dt=1.376e-03  relΔE=2.645e-05  ||F||=1.095e-01
 step=  3500  E=8.713079218907e+02  Q=1.697000000000e+03  λ=9.452906e-01  dt=1.065e-03  relΔE=1.691e-05  ||F||=9.897e-02
 step=  4000  E=8.635312473511e+02  Q=1.697000000000e+03  λ=9.327075e-01  dt=8.241e-04  relΔE=1.111e-05  ||F||=9.076e-02
 step=  4500  E=8.571168216563e+02  Q=1.697000000000e+03  λ=9.226905e-01  dt=1.276e-03  relΔE=1.499e-05  ||F||=8.441e-02
 step=  5000  E=8.514889109994e+02  Q=1.697000000000e+03  λ=9.141468e-01  dt=9.873e-04  relΔE=1.027e-05  ||F||=7.915e-02
 step=  5500  E=8.463382953451e+02  Q=1.697000000000e+03  λ=9.066877e-01  dt=1.528e-03  relΔE=9.368e-06  ||F||=5.771e-01
 step=  6000  E=8.420033926850e+02  Q=1.697000000000e+03  λ=9.002727e-01  dt=1.183e-03  relΔE=9.914e-06  ||F||=7.066e-02
 step=  6500  E=8.379510106142e+02  Q=1.697000000000e+03  λ=8.945282e-01  dt=9.154e-04  relΔE=6.983e-06  ||F||=6.724e-02
 step=  7000  E=8.342610591941e+02  Q=1.697000000000e+03  λ=8.893952e-01  dt=1.417e-03  relΔE=9.845e-06  ||F||=6.403e-02
 step=  7500  E=8.309824764994e+02  Q=1.697000000000e+03  λ=8.848981e-01  dt=1.097e-03  relΔE=7.007e-06  ||F||=6.128e-02
 step=  8000  E=8.278938646370e+02  Q=1.697000000000e+03  λ=8.807202e-01  dt=8.488e-04  relΔE=5.018e-06  ||F||=5.884e-02
 step=  8500  E=8.252174453196e+02  Q=1.697000000000e+03  λ=8.771469e-01  dt=1.095e-03  relΔE=5.989e-06  ||F||=5.651e-02
 step=  9000  E=8.225383941996e+02  Q=1.697000000000e+03  λ=8.736066e-01  dt=8.475e-04  relΔE=4.349e-06  ||F||=5.465e-02
 step=  9500  E=8.201397304211e+02  Q=1.697000000000e+03  λ=8.704732e-01  dt=1.312e-03  relΔE=6.200e-06  ||F||=5.236e-02
 step= 10000  E=8.179197543610e+02  Q=1.697000000000e+03  λ=8.675962e-01  dt=1.015e-03  relΔE=4.489e-06  ||F||=5.058e-02
 step= 10500  E=8.157693441623e+02  Q=1.697000000000e+03  λ=8.648339e-01  dt=7.858e-04  relΔE=3.423e-06  ||F||=5.017e-02
 step= 11000  E=8.138501547420e+02  Q=1.697000000000e+03  λ=8.623908e-01  dt=1.216e-03  relΔE=4.730e-06  ||F||=4.731e-02
 step= 11500  E=8.120053046539e+02  Q=1.697000000000e+03  λ=8.600567e-01  dt=9.414e-04  relΔE=3.448e-06  ||F||=4.586e-02
 step= 12000  E=8.102428160243e+02  Q=1.697000000000e+03  λ=8.578451e-01  dt=1.457e-03  relΔE=5.025e-06  ||F||=4.445e-02
 step= 12500  E=8.086476759674e+02  Q=1.697000000000e+03  λ=8.558536e-01  dt=1.128e-03  relΔE=3.681e-06  ||F||=4.320e-02
 step= 13000  E=8.070809155610e+02  Q=1.697000000000e+03  λ=8.539097e-01  dt=8.730e-04  relΔE=2.704e-06  ||F||=4.205e-02
 step= 13500  E=8.056299159845e+02  Q=1.697000000000e+03  λ=8.521221e-01  dt=1.351e-03  relΔE=3.959e-06  ||F||=4.086e-02
 step= 14000  E=8.042584111365e+02  Q=1.697000000000e+03  λ=8.504395e-01  dt=1.046e-03  relΔE=2.913e-06  ||F||=3.981e-02
 step= 14500  E=8.029195878253e+02  Q=1.697000000000e+03  λ=8.488060e-01  dt=8.095e-04  relΔE=2.222e-06  ||F||=3.950e-02
 step= 15000  E=8.016918498738e+02  Q=1.697000000000e+03  λ=8.473172e-01  dt=1.253e-03  relΔE=3.167e-06  ||F||=3.786e-02
 step= 15500  E=8.005039153672e+02  Q=1.697000000000e+03  λ=8.458819e-01  dt=9.698e-04  relΔE=2.343e-06  ||F||=3.699e-02
 step= 16000  E=7.993389115088e+02  Q=1.697000000000e+03  λ=8.444896e-01  dt=1.501e-03  relΔE=3.252e-06  ||F||=1.258e-01
 step= 16500  E=7.982877057656e+02  Q=1.697000000000e+03  λ=8.432247e-01  dt=1.162e-03  relΔE=2.570e-06  ||F||=3.534e-02
 step= 17000  E=7.972375233817e+02  Q=1.697000000000e+03  λ=8.419735e-01  dt=8.992e-04  relΔE=1.911e-06  ||F||=3.462e-02
 step= 17500  E=7.962367974973e+02  Q=1.697000000000e+03  λ=8.407879e-01  dt=1.392e-03  relΔE=2.836e-06  ||F||=3.387e-02
 step= 18000  E=7.952938595066e+02  Q=1.697000000000e+03  λ=8.396742e-01  dt=1.077e-03  relΔE=2.113e-06  ||F||=3.322e-02
 step= 18500  E=7.943582635055e+02  Q=1.697000000000e+03  λ=8.385740e-01  dt=8.338e-04  relΔE=1.595e-06  ||F||=3.279e-02
 step= 19000  E=7.934808931564e+02  Q=1.697000000000e+03  λ=8.375479e-01  dt=1.291e-03  relΔE=2.352e-06  ||F||=3.198e-02
 step= 19500  E=7.926313865392e+02  Q=1.697000000000e+03  λ=8.365572e-01  dt=9.989e-04  relΔE=1.760e-06  ||F||=3.143e-02
 step= 20000  E=7.917852981492e+02  Q=1.697000000000e+03  λ=8.355749e-01  dt=7.731e-04  relΔE=1.418e-06  ||F||=3.209e-02
 step= 20500  E=7.910094742536e+02  Q=1.697000000000e+03  λ=8.346785e-01  dt=1.197e-03  relΔE=1.976e-06  ||F||=3.039e-02
 step= 21000  E=7.902284629988e+02  Q=1.697000000000e+03  λ=8.337790e-01  dt=9.263e-04  relΔE=1.486e-06  ||F||=2.995e-02
 step= 21500  E=7.894696880288e+02  Q=1.697000000000e+03  λ=8.329096e-01  dt=1.434e-03  relΔE=2.230e-06  ||F||=2.949e-02
 step= 22000  E=7.887573477593e+02  Q=1.697000000000e+03  λ=8.320956e-01  dt=1.110e-03  relΔE=1.681e-06  ||F||=2.907e-02
 step= 22500  E=7.880373040952e+02  Q=1.697000000000e+03  λ=8.312762e-01  dt=8.589e-04  relΔE=1.273e-06  ||F||=2.874e-02
 step= 23000  E=7.873492694290e+02  Q=1.697000000000e+03  λ=8.304971e-01  dt=1.329e-03  relΔE=1.914e-06  ||F||=2.831e-02
 step= 23500  E=7.866835648299e+02  Q=1.697000000000e+03  λ=8.297453e-01  dt=1.029e-03  relΔE=1.448e-06  ||F||=2.798e-02
 step= 24000  E=7.860093312652e+02  Q=1.697000000000e+03  λ=8.289869e-01  dt=7.964e-04  relΔE=1.130e-06  ||F||=2.809e-02
 step= 24500  E=7.853783070308e+02  Q=1.697000000000e+03  λ=8.282804e-01  dt=1.233e-03  relΔE=1.664e-06  ||F||=2.738e-02
 step= 25000  E=7.847460777134e+02  Q=1.697000000000e+03  λ=8.275743e-01  dt=9.541e-04  relΔE=1.266e-06  ||F||=2.713e-02
 step= 25500  E=7.841124560985e+02  Q=1.697000000000e+03  λ=8.268702e-01  dt=1.477e-03  relΔE=1.923e-06  ||F||=2.720e-02
 step= 26000  E=7.835202663691e+02  Q=1.697000000000e+03  λ=8.262133e-01  dt=1.143e-03  relΔE=1.466e-06  ||F||=2.666e-02
 step= 26500  E=7.829101612095e+02  Q=1.697000000000e+03  λ=8.255389e-01  dt=8.847e-04  relΔE=1.122e-06  ||F||=2.650e-02
 step= 27000  E=7.823207200999e+02  Q=1.697000000000e+03  λ=8.248903e-01  dt=1.369e-03  relΔE=1.712e-06  ||F||=2.630e-02
 step= 27500  E=7.817396200105e+02  Q=1.697000000000e+03  λ=8.242518e-01  dt=1.060e-03  relΔE=1.311e-06  ||F||=2.615e-02
 step= 28000  E=7.811714677550e+02  Q=1.697000000000e+03  λ=8.236300e-01  dt=1.367e-03  relΔE=1.677e-06  ||F||=2.603e-02
 step= 28500  E=7.806020328523e+02  Q=1.697000000000e+03  λ=8.230076e-01  dt=1.058e-03  relΔE=1.289e-06  ||F||=2.593e-02
 step= 29000  E=7.800205067517e+02  Q=1.697000000000e+03  λ=8.223737e-01  dt=8.190e-04  relΔE=9.977e-07  ||F||=2.592e-02
 step= 29500  E=7.794606415691e+02  Q=1.697000000000e+03  λ=8.217654e-01  dt=1.268e-03  relΔE=1.531e-06  ||F||=2.580e-02
 step= 30000  E=7.788974826749e+02  Q=1.697000000000e+03  λ=8.211538e-01  dt=9.812e-04  relΔE=1.183e-06  ||F||=2.577e-02
 step= 30500  E=7.783162543395e+02  Q=1.697000000000e+03  λ=8.205302e-01  dt=1.519e-03  relΔE=1.640e-06  ||F||=1.146e-01
 step= 31000  E=7.777676046155e+02  Q=1.697000000000e+03  λ=8.199302e-01  dt=1.176e-03  relΔE=1.421e-06  ||F||=2.579e-02
 step= 31500  E=7.771958790980e+02  Q=1.697000000000e+03  λ=8.193116e-01  dt=9.098e-04  relΔE=1.107e-06  ||F||=2.586e-02
 step= 32000  E=7.766219014373e+02  Q=1.697000000000e+03  λ=8.186916e-01  dt=1.408e-03  relΔE=1.721e-06  ||F||=2.591e-02
 step= 32500  E=7.760580493107e+02  Q=1.697000000000e+03  λ=8.180818e-01  dt=1.090e-03  relΔE=1.343e-06  ||F||=2.601e-02
 step= 33000  E=7.754702744924e+02  Q=1.697000000000e+03  λ=8.174461e-01  dt=8.436e-04  relΔE=1.061e-06  ||F||=2.626e-02
 step= 33500  E=7.748889780805e+02  Q=1.697000000000e+03  λ=8.168175e-01  dt=1.306e-03  relΔE=1.648e-06  ||F||=2.629e-02
 step= 34000  E=7.743022577132e+02  Q=1.697000000000e+03  λ=8.161816e-01  dt=1.011e-03  relΔE=1.295e-06  ||F||=2.648e-02
 step= 34500  E=7.736843912058e+02  Q=1.697000000000e+03  λ=8.155110e-01  dt=7.823e-04  relΔE=1.094e-06  ||F||=2.769e-02
 step= 35000  E=7.730864775229e+02  Q=1.697000000000e+03  λ=8.148610e-01  dt=1.211e-03  relΔE=1.609e-06  ||F||=2.695e-02
 step= 35500  E=7.724587011571e+02  Q=1.697000000000e+03  λ=8.141762e-01  dt=9.372e-04  relΔE=1.276e-06  ||F||=2.727e-02
 step= 36000  E=7.718074629715e+02  Q=1.697000000000e+03  λ=8.134645e-01  dt=1.451e-03  relΔE=2.020e-06  ||F||=2.769e-02
 step= 36500  E=7.711688980645e+02  Q=1.697000000000e+03  λ=8.127631e-01  dt=1.123e-03  relΔE=1.605e-06  ||F||=2.792e-02
 step= 37000  E=7.704830134265e+02  Q=1.697000000000e+03  λ=8.120068e-01  dt=8.690e-04  relΔE=1.288e-06  ||F||=2.842e-02
 step= 37500  E=7.697919321109e+02  Q=1.697000000000e+03  λ=8.112421e-01  dt=1.345e-03  relΔE=2.045e-06  ||F||=2.877e-02
 step= 38000  E=7.690834911153e+02  Q=1.697000000000e+03  λ=8.104534e-01  dt=1.041e-03  relΔE=1.638e-06  ||F||=2.925e-02
 step= 38500  E=7.683236945878e+02  Q=1.697000000000e+03  λ=8.096029e-01  dt=8.058e-04  relΔE=1.351e-06  ||F||=3.019e-02
 step= 39000  E=7.675666174180e+02  Q=1.697000000000e+03  λ=8.087513e-01  dt=1.247e-03  relΔE=2.118e-06  ||F||=3.036e-02
 step= 39500  E=7.667686508267e+02  Q=1.697000000000e+03  λ=8.078472e-01  dt=9.654e-04  relΔE=1.710e-06  ||F||=3.099e-02
 step= 40000  E=7.659110996485e+02  Q=1.697000000000e+03  λ=8.068706e-01  dt=1.494e-03  relΔE=2.759e-06  ||F||=3.929e-02
 step= 40500  E=7.650640152357e+02  Q=1.697000000000e+03  λ=8.058974e-01  dt=1.157e-03  relΔE=2.242e-06  ||F||=3.238e-02
 step= 41000  E=7.641343020627e+02  Q=1.697000000000e+03  λ=8.048221e-01  dt=8.952e-04  relΔE=1.830e-06  ||F||=3.324e-02
 step= 41500  E=7.631687697671e+02  Q=1.697000000000e+03  λ=8.036985e-01  dt=1.386e-03  relΔE=2.973e-06  ||F||=3.403e-02
 step= 42000  E=7.621729399781e+02  Q=1.697000000000e+03  λ=8.025294e-01  dt=1.072e-03  relΔE=2.426e-06  ||F||=3.492e-02
 step= 42500  E=7.610836115418e+02  Q=1.697000000000e+03  λ=8.012411e-01  dt=8.300e-04  relΔE=1.992e-06  ||F||=3.594e-02
 step= 43000  E=7.599681049814e+02  Q=1.697000000000e+03  λ=7.999134e-01  dt=1.285e-03  relΔE=3.255e-06  ||F||=3.690e-02
 step= 43500  E=7.587826201117e+02  Q=1.697000000000e+03  λ=7.984901e-01  dt=9.944e-04  relΔE=2.673e-06  ||F||=3.798e-02
 step= 44000  E=7.574800521799e+02  Q=1.697000000000e+03  λ=7.969171e-01  dt=7.697e-04  relΔE=2.650e-06  ||F||=7.692e-02
 step= 44500  E=7.561736817879e+02  Q=1.697000000000e+03  λ=7.953255e-01  dt=1.191e-03  relΔE=3.615e-06  ||F||=4.028e-02
 step= 45000  E=7.547404409562e+02  Q=1.697000000000e+03  λ=7.935680e-01  dt=9.221e-04  relΔE=2.983e-06  ||F||=4.155e-02
 step= 45500  E=7.532079210617e+02  Q=1.697000000000e+03  λ=7.916789e-01  dt=1.427e-03  relΔE=4.907e-06  ||F||=4.280e-02
 step= 46000  E=7.516749704520e+02  Q=1.697000000000e+03  λ=7.897750e-01  dt=9.206e-04  relΔE=3.358e-06  ||F||=4.404e-02
 step= 46500  E=7.499340983635e+02  Q=1.697000000000e+03  λ=7.876047e-01  dt=1.425e-03  relΔE=5.530e-06  ||F||=4.537e-02
 step= 47000  E=7.481641796057e+02  Q=1.697000000000e+03  λ=7.853844e-01  dt=1.103e-03  relΔE=4.536e-06  ||F||=4.665e-02
 step= 47500  E=7.462266913483e+02  Q=1.697000000000e+03  λ=7.829439e-01  dt=8.536e-04  relΔE=3.744e-06  ||F||=4.811e-02
 step= 48000  E=7.443200003814e+02  Q=1.697000000000e+03  λ=7.805358e-01  dt=1.101e-03  relΔE=5.048e-06  ||F||=4.912e-02
 step= 48500  E=7.421569193137e+02  Q=1.697000000000e+03  λ=7.777942e-01  dt=8.522e-04  relΔE=4.147e-06  ||F||=5.054e-02
 step= 49000  E=7.399630413208e+02  Q=1.697000000000e+03  λ=7.750112e-01  dt=1.319e-03  relΔE=6.653e-06  ||F||=5.137e-02
 step= 49500  E=7.376968062582e+02  Q=1.697000000000e+03  λ=7.721296e-01  dt=1.021e-03  relΔE=5.351e-06  ||F||=5.229e-02
 step= 50000  E=7.352750671332e+02  Q=1.697000000000e+03  λ=7.690497e-01  dt=7.902e-04  relΔE=4.439e-06  ||F||=5.407e-02
 step= 50500  E=7.328995093100e+02  Q=1.697000000000e+03  λ=7.660336e-01  dt=1.223e-03  relΔE=6.775e-06  ||F||=5.358e-02
 step= 51000  E=7.304376792119e+02  Q=1.697000000000e+03  λ=7.629090e-01  dt=9.467e-04  relΔE=5.325e-06  ||F||=5.390e-02
 step= 51500  E=7.279049725965e+02  Q=1.697000000000e+03  λ=7.597061e-01  dt=1.465e-03  relΔE=8.274e-06  ||F||=5.399e-02
 step= 52000  E=7.255028374306e+02  Q=1.697000000000e+03  λ=7.566739e-01  dt=1.134e-03  relΔE=6.365e-06  ||F||=5.366e-02
 step= 52500  E=7.230255980760e+02  Q=1.697000000000e+03  λ=7.535601e-01  dt=8.779e-04  relΔE=4.856e-06  ||F||=5.318e-02
 step= 53000  E=7.206718236272e+02  Q=1.697000000000e+03  λ=7.506197e-01  dt=1.359e-03  relΔE=7.267e-06  ||F||=5.220e-02
 step= 53500  E=7.184159066275e+02  Q=1.697000000000e+03  λ=7.478141e-01  dt=1.052e-03  relΔE=5.392e-06  ||F||=5.103e-02
 step= 54000  E=7.162197665135e+02  Q=1.697000000000e+03  λ=7.451015e-01  dt=8.140e-04  relΔE=4.014e-06  ||F||=4.999e-02
 step= 54500  E=7.142295548514e+02  Q=1.697000000000e+03  λ=7.426644e-01  dt=1.260e-03  relΔE=5.703e-06  ||F||=4.781e-02
 step= 55000  E=7.123604191656e+02  Q=1.697000000000e+03  λ=7.403920e-01  dt=9.752e-04  relΔE=4.068e-06  ||F||=4.584e-02
 step= 55500  E=7.106061070603e+02  Q=1.697000000000e+03  λ=7.382972e-01  dt=1.510e-03  relΔE=5.098e-06  ||F||=1.864e-01
 step= 56000  E=7.091133376309e+02  Q=1.697000000000e+03  λ=7.365034e-01  dt=1.168e-03  relΔE=3.986e-06  ||F||=4.136e-02
 step= 56500  E=7.077259191441e+02  Q=1.697000000000e+03  λ=7.348694e-01  dt=9.043e-04  relΔE=2.740e-06  ||F||=3.894e-02
 step= 57000  E=7.065093973371e+02  Q=1.697000000000e+03  λ=7.334573e-01  dt=1.400e-03  relΔE=3.716e-06  ||F||=3.642e-02
 step= 57500  E=7.054684668103e+02  Q=1.697000000000e+03  λ=7.322648e-01  dt=1.083e-03  relΔE=2.503e-06  ||F||=3.395e-02
 step= 58000  E=7.045435042517e+02  Q=1.697000000000e+03  λ=7.312228e-01  dt=8.385e-04  relΔE=1.672e-06  ||F||=3.152e-02
 step= 58500  E=7.037711019792e+02  Q=1.697000000000e+03  λ=7.303695e-01  dt=1.298e-03  relΔE=2.195e-06  ||F||=2.901e-02
 step= 59000  E=7.031148471368e+02  Q=1.697000000000e+03  λ=7.296585e-01  dt=1.005e-03  relΔE=1.437e-06  ||F||=2.667e-02
 step= 59500  E=7.025458143677e+02  Q=1.697000000000e+03  λ=7.290569e-01  dt=7.775e-04  relΔE=9.920e-07  ||F||=2.521e-02
 step= 60000  E=7.020950992177e+02  Q=1.697000000000e+03  λ=7.285932e-01  dt=1.203e-03  relΔE=1.201e-06  ||F||=2.226e-02
 step= 60500  E=7.017085461556e+02  Q=1.697000000000e+03  λ=7.282072e-01  dt=9.315e-04  relΔE=7.689e-07  ||F||=2.024e-02
 step= 61000  E=7.013875697227e+02  Q=1.697000000000e+03  λ=7.278983e-01  dt=1.442e-03  relΔE=9.740e-07  ||F||=1.831e-02
 step= 61500  E=7.011339602354e+02  Q=1.697000000000e+03  λ=7.276636e-01  dt=1.116e-03  relΔE=6.191e-07  ||F||=1.658e-02
 step= 62000  E=7.009191093132e+02  Q=1.697000000000e+03  λ=7.274740e-01  dt=8.637e-04  relΔE=3.904e-07  ||F||=1.497e-02
 step= 62500  E=7.007484090980e+02  Q=1.697000000000e+03  λ=7.273318e-01  dt=1.337e-03  relΔE=4.882e-07  ||F||=1.345e-02
 step= 63000  E=7.006106087976e+02  Q=1.697000000000e+03  λ=7.272241e-01  dt=1.035e-03  relΔE=3.057e-07  ||F||=1.209e-02
 step= 63500  E=7.004965355992e+02  Q=1.697000000000e+03  λ=7.271418e-01  dt=8.009e-04  relΔE=1.943e-07  ||F||=1.096e-02
 step= 64000  E=7.004080852212e+02  Q=1.697000000000e+03  λ=7.270838e-01  dt=1.240e-03  relΔE=2.362e-07  ||F||=9.711e-03
 step= 64500  E=7.003362113770e+02  Q=1.697000000000e+03  λ=7.270419e-01  dt=9.595e-04  relΔE=1.465e-07  ||F||=8.693e-03
 step= 65000  E=7.002771966343e+02  Q=1.697000000000e+03  λ=7.270124e-01  dt=1.485e-03  relΔE=1.798e-07  ||F||=8.210e-03
 step= 65500  E=7.002326515837e+02  Q=1.697000000000e+03  λ=7.269942e-01  dt=1.149e-03  relΔE=1.117e-07  ||F||=6.932e-03
 step= 66000  E=7.001955332868e+02  Q=1.697000000000e+03  λ=7.269828e-01  dt=8.897e-04  relΔE=6.861e-08  ||F||=6.176e-03
 step= 66500  E=7.001665631439e+02  Q=1.697000000000e+03  λ=7.269771e-01  dt=1.377e-03  relΔE=8.424e-08  ||F||=5.500e-03
 step= 67000  E=7.001437294725e+02  Q=1.697000000000e+03  λ=7.269755e-01  dt=1.066e-03  relΔE=5.182e-08  ||F||=4.903e-03
 step= 67500  E=7.001257838259e+02  Q=1.697000000000e+03  λ=7.269768e-01  dt=1.375e-03  relΔE=5.322e-08  ||F||=4.375e-03
 step= 68000  E=7.001113715263e+02  Q=1.697000000000e+03  λ=7.269799e-01  dt=1.064e-03  relΔE=3.268e-08  ||F||=3.897e-03
 step= 68500  E=7.000996223971e+02  Q=1.697000000000e+03  λ=7.269846e-01  dt=8.236e-04  relΔE=1.992e-08  ||F||=3.458e-03
 step= 69000  E=7.000906499286e+02  Q=1.697000000000e+03  λ=7.269898e-01  dt=1.275e-03  relΔE=2.442e-08  ||F||=3.077e-03
 step= 69500  E=7.000834891225e+02  Q=1.697000000000e+03  λ=7.269956e-01  dt=9.867e-04  relΔE=1.494e-08  ||F||=2.736e-03
 step= 70000  E=7.000776596315e+02  Q=1.697000000000e+03  λ=7.270027e-01  dt=1.527e-03  relΔE=1.180e-08  ||F||=4.620e-02
 step= 70500  E=7.000733324262e+02  Q=1.697000000000e+03  λ=7.270073e-01  dt=1.182e-03  relΔE=1.116e-08  ||F||=2.160e-03
 step= 71000  E=7.000697660065e+02  Q=1.697000000000e+03  λ=7.270130e-01  dt=9.149e-04  relΔE=6.798e-09  ||F||=1.916e-03
 step= 71500  E=7.000669633768e+02  Q=1.697000000000e+03  λ=7.270184e-01  dt=1.416e-03  relΔE=8.285e-09  ||F||=1.700e-03
 step= 72000  E=7.000648087350e+02  Q=1.697000000000e+03  λ=7.270233e-01  dt=1.096e-03  relΔE=5.079e-09  ||F||=1.513e-03
 step= 72500  E=7.000630565880e+02  Q=1.697000000000e+03  λ=7.270280e-01  dt=8.484e-04  relΔE=3.091e-09  ||F||=1.342e-03
 step= 73000  E=7.000617024236e+02  Q=1.697000000000e+03  λ=7.270322e-01  dt=1.313e-03  relΔE=3.779e-09  ||F||=1.193e-03
 step= 73500  E=7.000606381470e+02  Q=1.697000000000e+03  λ=7.270361e-01  dt=1.016e-03  relΔE=2.313e-09  ||F||=1.061e-03
 step= 74000  E=7.000597693574e+02  Q=1.697000000000e+03  λ=7.270397e-01  dt=7.867e-04  relΔE=1.404e-09  ||F||=9.393e-04
 step= 74500  E=7.000591187470e+02  Q=1.697000000000e+03  λ=7.270428e-01  dt=1.218e-03  relΔE=1.724e-09  ||F||=8.369e-04
 step= 75000  E=7.000585897058e+02  Q=1.697000000000e+03  λ=7.270457e-01  dt=9.425e-04  relΔE=1.052e-09  ||F||=7.433e-04
 step= 75500  E=7.000581672258e+02  Q=1.697000000000e+03  λ=7.270483e-01  dt=1.459e-03  relΔE=1.280e-09  ||F||=6.595e-04
 step= 76000  E=7.000578479271e+02  Q=1.697000000000e+03  λ=7.270506e-01  dt=1.129e-03  relΔE=7.865e-10  ||F||=5.875e-04
 step= 76500  E=7.000575862919e+02  Q=1.697000000000e+03  λ=7.270526e-01  dt=8.739e-04  relΔE=4.792e-10  ||F||=5.215e-04
 step= 77000  E=7.000573823951e+02  Q=1.697000000000e+03  λ=7.270545e-01  dt=1.353e-03  relΔE=5.856e-10  ||F||=4.637e-04
 step= 77500  E=7.000572237069e+02  Q=1.697000000000e+03  λ=7.270561e-01  dt=1.047e-03  relΔE=3.590e-10  ||F||=4.130e-04
 step= 78000  E=7.000570941908e+02  Q=1.697000000000e+03  λ=7.270575e-01  dt=8.103e-04  relΔE=2.184e-10  ||F||=3.665e-04
 step= 78500  E=7.000569956214e+02  Q=1.697000000000e+03  λ=7.270588e-01  dt=1.254e-03  relΔE=2.679e-10  ||F||=3.266e-04
 step= 79000  E=7.000569167640e+02  Q=1.697000000000e+03  λ=7.270599e-01  dt=9.708e-04  relΔE=1.639e-10  ||F||=2.907e-04
 step= 79500  E=7.000568526001e+02  Q=1.697000000000e+03  λ=7.270609e-01  dt=1.503e-03  relΔE=1.837e-10  ||F||=2.305e-03
 step= 80000  E=7.000568050709e+02  Q=1.697000000000e+03  λ=7.270618e-01  dt=1.163e-03  relΔE=1.224e-10  ||F||=2.304e-04
 step= 80500  E=7.000567658396e+02  Q=1.697000000000e+03  λ=7.270626e-01  dt=9.002e-04  relΔE=7.456e-11  ||F||=2.049e-04
 step= 81000  E=7.000567350592e+02  Q=1.697000000000e+03  λ=7.270632e-01  dt=1.393e-03  relΔE=9.088e-11  ||F||=1.823e-04
 step= 81500  E=7.000567113626e+02  Q=1.697000000000e+03  λ=7.270638e-01  dt=1.078e-03  relΔE=5.566e-11  ||F||=1.627e-04
 step= 82000  E=7.000566921215e+02  Q=1.697000000000e+03  λ=7.270644e-01  dt=8.347e-04  relΔE=3.382e-11  ||F||=1.447e-04
 step= 82500  E=7.000566772959e+02  Q=1.697000000000e+03  λ=7.270648e-01  dt=1.292e-03  relΔE=4.126e-11  ||F||=1.291e-04
 step= 83000  E=7.000566656933e+02  Q=1.697000000000e+03  λ=7.270652e-01  dt=1.000e-03  relΔE=2.517e-11  ||F||=1.152e-04
 step= 83500  E=7.000566562588e+02  Q=1.697000000000e+03  λ=7.270656e-01  dt=7.740e-04  relΔE=1.520e-11  ||F||=1.025e-04
 step= 84000  E=7.000566492252e+02  Q=1.697000000000e+03  λ=7.270659e-01  dt=1.198e-03  relΔE=1.854e-11  ||F||=9.166e-05
 step= 84500  E=7.000566435461e+02  Q=1.697000000000e+03  λ=7.270662e-01  dt=9.273e-04  relΔE=1.120e-11  ||F||=8.173e-05
 step= 85000  E=7.000566390735e+02  Q=1.697000000000e+03  λ=7.270664e-01  dt=1.435e-03  relΔE=1.346e-11  ||F||=7.282e-05
 step= 85500  E=7.000566357272e+02  Q=1.697000000000e+03  λ=7.270666e-01  dt=1.111e-03  relΔE=8.134e-12  ||F||=6.514e-05
 step= 86000  E=7.000566330438e+02  Q=1.697000000000e+03  λ=7.270668e-01  dt=8.598e-04  relΔE=4.852e-12  ||F||=5.808e-05
 step= 86500  E=7.000566309989e+02  Q=1.697000000000e+03  λ=7.270669e-01  dt=1.331e-03  relΔE=5.773e-12  ||F||=5.186e-05
 step= 87000  E=7.000566294541e+02  Q=1.697000000000e+03  λ=7.270671e-01  dt=1.030e-03  relΔE=3.423e-12  ||F||=4.639e-05
 step= 87500  E=7.000566282400e+02  Q=1.697000000000e+03  λ=7.270672e-01  dt=7.973e-04  relΔE=1.994e-12  ||F||=4.134e-05
 step= 88000  E=7.000566273602e+02  Q=1.697000000000e+03  λ=7.270673e-01  dt=1.234e-03  relΔE=2.321e-12  ||F||=3.702e-05
 step= 88500  E=7.000566266960e+02  Q=1.697000000000e+03  λ=7.270674e-01  dt=9.551e-04  relΔE=1.326e-12  ||F||=3.310e-05
 step= 89000  E=7.000566261973e+02  Q=1.697000000000e+03  λ=7.270675e-01  dt=1.479e-03  relΔE=1.423e-12  ||F||=1.420e-04
 step= 89500  E=7.000566258627e+02  Q=1.697000000000e+03  λ=7.270676e-01  dt=1.144e-03  relΔE=8.094e-13  ||F||=2.648e-05
 step= 90000  E=7.000566256206e+02  Q=1.697000000000e+03  λ=7.270676e-01  dt=8.857e-04  relΔE=4.208e-13  ||F||=2.366e-05
 step= 90500  E=7.000566254633e+02  Q=1.697000000000e+03  λ=7.270677e-01  dt=1.371e-03  relΔE=4.089e-13  ||F||=2.116e-05
 step= 91000  E=7.000566253714e+02  Q=1.697000000000e+03  λ=7.270677e-01  dt=1.061e-03  relΔE=1.772e-13  ||F||=1.898e-05
 step= 91500  E=7.000566253247e+02  Q=1.697000000000e+03  λ=7.270678e-01  dt=8.212e-04  relΔE=5.310e-14  ||F||=1.698e-05
  !! dt fell below dt_min: stiffness-limited termination.

Stationary candidate (aggressive): E=7.000566253140e+02, Q=1.697000000000e+03, maxρ=9.660406e-01

=== Stability test (damped inertial dynamics) ===
Perturb eps=0.02, gamma=1
t=0: E=7.832412770361e+02, Q=1.697000000000e+03, maxρ=9.977259e-01, σ=2.620816e+00, Rc=1.832840e+01
 step=     1  E=7.832408583426e+02  Q=1.697000000000e+03  λ=1.114733e+00  maxρ=9.977259e-01  minρ=2.717e-12  σ=2.620816e+00  Rc=1.832840e+01
 step=   300  E=7.660745200630e+02  Q=1.697000000000e+03  λ=1.011386e+00  maxρ=9.960325e-01  minρ=2.729e-12  σ=2.620813e+00  Rc=1.832840e+01
 step=   600  E=7.315590811853e+02  Q=1.697000000000e+03  λ=8.243133e-01  maxρ=9.912581e-01  minρ=2.746e-12  σ=2.620808e+00  Rc=1.832840e+01
 step=   900  E=7.113784978083e+02  Q=1.697000000000e+03  λ=7.648476e-01  maxρ=9.841963e-01  minρ=2.713e-12  σ=2.620806e+00  Rc=1.832840e+01
 step=  1200  E=7.191053848102e+02  Q=1.697000000000e+03  λ=8.728788e-01  maxρ=9.811143e-01  minρ=2.680e-12  σ=2.620808e+00  Rc=1.832839e+01
 step=  1500  E=7.398312025070e+02  Q=1.697000000000e+03  λ=9.898550e-01  maxρ=9.862894e-01  minρ=2.663e-12  σ=2.620810e+00  Rc=1.832839e+01
 step=  1800  E=7.504158492128e+02  Q=1.697000000000e+03  λ=9.756418e-01  maxρ=9.894443e-01  minρ=2.664e-12  σ=2.620807e+00  Rc=1.832839e+01
 step=  2100  E=7.441993194242e+02  Q=1.697000000000e+03  λ=8.738016e-01  maxρ=9.844046e-01  minρ=2.659e-12  σ=2.620804e+00  Rc=1.832839e+01
 step=  2400  E=7.332561191024e+02  Q=1.697000000000e+03  λ=8.268367e-01  maxρ=9.744332e-01  minρ=2.591e-12  σ=2.620805e+00  Rc=1.832839e+01
 step=  2700  E=7.305404354255e+02  Q=1.697000000000e+03  λ=8.820099e-01  maxρ=9.805013e-01  minρ=2.552e-12  σ=2.620808e+00  Rc=1.832839e+01
 step=  3000  E=7.358048313629e+02  Q=1.697000000000e+03  λ=9.482233e-01  maxρ=9.928170e-01  minρ=2.585e-12  σ=2.620808e+00  Rc=1.832839e+01
 step=  3300  E=7.398003618792e+02  Q=1.697000000000e+03  λ=9.355905e-01  maxρ=9.953650e-01  minρ=2.623e-12  σ=2.620805e+00  Rc=1.832839e+01
 step=  3600  E=7.373985752218e+02  Q=1.697000000000e+03  λ=8.704762e-01  maxρ=9.884480e-01  minρ=2.628e-12  σ=2.620801e+00  Rc=1.832839e+01
 step=  3900  E=7.323825097246e+02  Q=1.697000000000e+03  λ=8.417031e-01  maxρ=9.871909e-01  minρ=2.538e-12  σ=2.620801e+00  Rc=1.832839e+01
 step=  4200  E=7.305578159277e+02  Q=1.697000000000e+03  λ=8.749131e-01  maxρ=9.837562e-01  minρ=2.423e-12  σ=2.620804e+00  Rc=1.832838e+01
 step=  4500  E=7.323723728892e+02  Q=1.697000000000e+03  λ=9.106686e-01  maxρ=9.819736e-01  minρ=2.376e-12  σ=2.620805e+00  Rc=1.832838e+01
 step=  4800  E=7.339550591580e+02  Q=1.697000000000e+03  λ=8.978227e-01  maxρ=9.856675e-01  minρ=2.418e-12  σ=2.620801e+00  Rc=1.832838e+01
 step=  5100  E=7.330250805921e+02  Q=1.697000000000e+03  λ=8.596537e-01  maxρ=9.866438e-01  minρ=2.281e-12  σ=2.620796e+00  Rc=1.832838e+01
 step=  5400  E=7.311137609243e+02  Q=1.697000000000e+03  λ=8.495517e-01  maxρ=9.854756e-01  minρ=2.190e-12  σ=2.620794e+00  Rc=1.832838e+01
 step=  5700  E=7.304031195015e+02  Q=1.697000000000e+03  λ=8.739809e-01  maxρ=9.821031e-01  minρ=2.205e-12  σ=2.620796e+00  Rc=1.832838e+01
 step=  6000  E=7.307359241675e+02  Q=1.697000000000e+03  λ=8.916514e-01  maxρ=9.801288e-01  minρ=2.299e-12  σ=2.620796e+00  Rc=1.832837e+01
 >>> No runaway detected in this horizon. Likely stable (within this model & box).

STABILITY: PASS
