
=== Aggressive relaxation to Q = 53 ===
Initial: E=4.095492128314e+01, Q=5.300000000000e+01, dt=1.000e-04
 step=     1  E=4.095418657944e+01  Q=5.300000000000e+01  λ=1.478750e+00  dt=1.000e-04  relΔE=1.794e-05  ||F||=3.728e-01
 step=   500  E=4.009192763630e+01  Q=5.300000000000e+01  λ=1.448415e+00  dt=6.192e-04  relΔE=7.743e-05  ||F||=3.374e-01
 step=  1000  E=3.797466407005e+01  Q=5.300000000000e+01  λ=1.374747e+00  dt=9.584e-04  relΔE=6.960e-05  ||F||=2.501e-01
 step=  1500  E=3.663898986609e+01  Q=5.300000000000e+01  λ=1.329289e+00  dt=1.484e-03  relΔE=6.909e-05  ||F||=3.875e-01
 step=  2000  E=3.579590019075e+01  Q=5.300000000000e+01  λ=1.300882e+00  dt=9.569e-04  relΔE=3.386e-05  ||F||=1.695e-01
 step=  2500  E=3.510856023502e+01  Q=5.300000000000e+01  λ=1.278002e+00  dt=1.481e-03  relΔE=4.155e-05  ||F||=2.115e-01
 step=  3000  E=3.459063692151e+01  Q=5.300000000000e+01  λ=1.260773e+00  dt=9.553e-04  relΔE=2.299e-05  ||F||=1.373e-01
 step=  3500  E=3.411579212119e+01  Q=5.300000000000e+01  λ=1.245044e+00  dt=1.479e-03  relΔE=3.063e-05  ||F||=2.415e-01
 step=  4000  E=3.372486688844e+01  Q=5.300000000000e+01  λ=1.232031e+00  dt=1.145e-03  relΔE=2.161e-05  ||F||=1.201e-01
 step=  4500  E=3.335611308816e+01  Q=5.300000000000e+01  λ=1.219763e+00  dt=8.858e-04  relΔE=1.518e-05  ||F||=1.138e-01
 step=  5000  E=3.302983966399e+01  Q=5.300000000000e+01  λ=1.208908e+00  dt=1.371e-03  relΔE=2.149e-05  ||F||=1.083e-01
 step=  5500  E=3.273653702891e+01  Q=5.300000000000e+01  λ=1.199126e+00  dt=1.061e-03  relΔE=1.536e-05  ||F||=1.036e-01
 step=  6000  E=3.245789355329e+01  Q=5.300000000000e+01  λ=1.189827e+00  dt=8.214e-04  relΔE=1.102e-05  ||F||=9.931e-02
 step=  6500  E=3.221025085392e+01  Q=5.300000000000e+01  λ=1.181566e+00  dt=1.271e-03  relΔE=1.589e-05  ||F||=9.548e-02
 step=  7000  E=3.197806169650e+01  Q=5.300000000000e+01  λ=1.173807e+00  dt=9.841e-04  relΔE=1.152e-05  ||F||=9.208e-02
 step=  7500  E=3.175573823181e+01  Q=5.300000000000e+01  λ=1.166886e+00  dt=1.523e-03  relΔE=4.020e-06  ||F||=1.043e+00
 step=  8000  E=3.155813753343e+01  Q=5.300000000000e+01  λ=1.159778e+00  dt=1.179e-03  relΔE=1.224e-05  ||F||=8.612e-02
 step=  8500  E=3.136834694262e+01  Q=5.300000000000e+01  λ=1.153431e+00  dt=7.604e-04  relΔE=7.518e-06  ||F||=8.381e-02
 step=  9000  E=3.119230799275e+01  Q=5.300000000000e+01  λ=1.147552e+00  dt=1.177e-03  relΔE=1.105e-05  ||F||=8.143e-02
 step=  9500  E=3.101861434330e+01  Q=5.300000000000e+01  λ=1.141745e+00  dt=9.110e-04  relΔE=8.189e-06  ||F||=7.946e-02
 step= 10000  E=3.085341645310e+01  Q=5.300000000000e+01  λ=1.136229e+00  dt=1.410e-03  relΔE=1.215e-05  ||F||=7.761e-02
 step= 10500  E=3.069991649034e+01  Q=5.300000000000e+01  λ=1.131096e+00  dt=1.091e-03  relΔE=9.081e-06  ||F||=7.605e-02
 step= 11000  E=3.054730420353e+01  Q=5.300000000000e+01  λ=1.125993e+00  dt=8.447e-04  relΔE=6.832e-06  ||F||=7.480e-02
 step= 11500  E=3.040273073495e+01  Q=5.300000000000e+01  λ=1.121163e+00  dt=1.308e-03  relΔE=1.023e-05  ||F||=7.338e-02
 step= 12000  E=3.026301327260e+01  Q=5.300000000000e+01  λ=1.116487e+00  dt=1.012e-03  relΔE=7.714e-06  ||F||=7.227e-02
 step= 12500  E=3.012312334750e+01  Q=5.300000000000e+01  λ=1.111803e+00  dt=7.833e-04  relΔE=6.127e-06  ||F||=7.310e-02
 step= 13000  E=2.999350571359e+01  Q=5.300000000000e+01  λ=1.107461e+00  dt=1.212e-03  relΔE=8.821e-06  ||F||=7.029e-02
 step= 13500  E=2.986325143555e+01  Q=5.300000000000e+01  λ=1.103087e+00  dt=9.384e-04  relΔE=6.690e-06  ||F||=6.944e-02
 step= 14000  E=2.973467904889e+01  Q=5.300000000000e+01  λ=1.098765e+00  dt=1.453e-03  relΔE=1.013e-05  ||F||=6.857e-02
 step= 14500  E=2.961454671866e+01  Q=5.300000000000e+01  λ=1.094710e+00  dt=1.124e-03  relΔE=7.680e-06  ||F||=6.768e-02
 step= 15000  E=2.949209911942e+01  Q=5.300000000000e+01  λ=1.090566e+00  dt=8.701e-04  relΔE=5.854e-06  ||F||=6.704e-02
 step= 15500  E=2.937567847496e+01  Q=5.300000000000e+01  λ=1.086615e+00  dt=1.347e-03  relΔE=8.796e-06  ||F||=6.591e-02
 step= 16000  E=2.926334471313e+01  Q=5.300000000000e+01  λ=1.082782e+00  dt=1.042e-03  relΔE=6.645e-06  ||F||=6.499e-02
 step= 16500  E=2.914986950207e+01  Q=5.300000000000e+01  λ=1.078892e+00  dt=8.068e-04  relΔE=5.082e-06  ||F||=6.449e-02
 step= 17000  E=2.904472550443e+01  Q=5.300000000000e+01  λ=1.075272e+00  dt=1.249e-03  relΔE=7.524e-06  ||F||=6.294e-02
 step= 17500  E=2.894200874105e+01  Q=5.300000000000e+01  λ=1.071712e+00  dt=9.666e-04  relΔE=5.643e-06  ||F||=6.185e-02
 step= 18000  E=2.883970620828e+01  Q=5.300000000000e+01  λ=1.068148e+00  dt=1.496e-03  relΔE=8.407e-06  ||F||=6.587e-02
 step= 18500  E=2.874647030081e+01  Q=5.300000000000e+01  λ=1.064873e+00  dt=1.158e-03  relΔE=6.271e-06  ||F||=5.937e-02
 step= 19000  E=2.865403497640e+01  Q=5.300000000000e+01  λ=1.061603e+00  dt=8.963e-04  relΔE=4.660e-06  ||F||=5.809e-02
 step= 19500  E=2.856670957349e+01  Q=5.300000000000e+01  λ=1.058496e+00  dt=1.387e-03  relΔE=6.867e-06  ||F||=5.658e-02
 step= 20000  E=2.848449027873e+01  Q=5.300000000000e+01  λ=1.055543e+00  dt=1.074e-03  relΔE=5.056e-06  ||F||=5.511e-02
 step= 20500  E=2.840505532934e+01  Q=5.300000000000e+01  λ=1.052668e+00  dt=8.311e-04  relΔE=3.736e-06  ||F||=5.377e-02
 step= 21000  E=2.833175384966e+01  Q=5.300000000000e+01  λ=1.049995e+00  dt=1.286e-03  relΔE=5.404e-06  ||F||=5.191e-02
 step= 21500  E=2.826261332242e+01  Q=5.300000000000e+01  λ=1.047450e+00  dt=9.957e-04  relΔE=3.928e-06  ||F||=5.025e-02
 step= 22000  E=2.819621314794e+01  Q=5.300000000000e+01  λ=1.044985e+00  dt=7.706e-04  relΔE=3.189e-06  ||F||=5.228e-02
 step= 22500  E=2.813751730531e+01  Q=5.300000000000e+01  λ=1.042787e+00  dt=1.193e-03  relΔE=4.098e-06  ||F||=4.678e-02
 step= 23000  E=2.808115805295e+01  Q=5.300000000000e+01  λ=1.040657e+00  dt=9.233e-04  relΔE=2.945e-06  ||F||=4.504e-02
 step= 23500  E=2.802878348669e+01  Q=5.300000000000e+01  λ=1.038661e+00  dt=1.429e-03  relΔE=4.201e-06  ||F||=4.320e-02
 step= 24000  E=2.798332922279e+01  Q=5.300000000000e+01  λ=1.036910e+00  dt=9.218e-04  relΔE=2.505e-06  ||F||=4.149e-02
 step= 24500  E=2.793859680798e+01  Q=5.300000000000e+01  λ=1.035173e+00  dt=1.427e-03  relΔE=3.548e-06  ||F||=3.968e-02
 step= 25000  E=2.789941709842e+01  Q=5.300000000000e+01  λ=1.033635e+00  dt=1.104e-03  relΔE=2.515e-06  ||F||=3.793e-02
 step= 25500  E=2.786242480461e+01  Q=5.300000000000e+01  λ=1.032169e+00  dt=8.547e-04  relΔE=1.778e-06  ||F||=3.623e-02
 step= 26000  E=2.782942254026e+01  Q=5.300000000000e+01  λ=1.030850e+00  dt=1.323e-03  relΔE=2.490e-06  ||F||=3.444e-02
 step= 26500  E=2.779972830322e+01  Q=5.300000000000e+01  λ=1.029650e+00  dt=1.024e-03  relΔE=1.747e-06  ||F||=3.277e-02
 step= 27000  E=2.777325707209e+01  Q=5.300000000000e+01  λ=1.028570e+00  dt=1.321e-03  relΔE=2.039e-06  ||F||=3.116e-02
 step= 27500  E=2.774876004517e+01  Q=5.300000000000e+01  λ=1.027559e+00  dt=1.022e-03  relΔE=1.422e-06  ||F||=2.957e-02
 step= 28000  E=2.772630304199e+01  Q=5.300000000000e+01  λ=1.026623e+00  dt=7.912e-04  relΔE=1.015e-06  ||F||=2.839e-02
 step= 28500  E=2.770692911979e+01  Q=5.300000000000e+01  λ=1.025808e+00  dt=1.225e-03  relΔE=1.371e-06  ||F||=2.650e-02
 step= 29000  E=2.768929594904e+01  Q=5.300000000000e+01  λ=1.025057e+00  dt=9.479e-04  relΔE=9.507e-07  ||F||=2.508e-02
 step= 29500  E=2.767316685942e+01  Q=5.300000000000e+01  λ=1.024364e+00  dt=1.467e-03  relΔE=1.309e-06  ||F||=2.383e-02
 step= 30000  E=2.765951119939e+01  Q=5.300000000000e+01  λ=1.023769e+00  dt=1.136e-03  relΔE=9.057e-07  ||F||=2.235e-02
 step= 30500  E=2.764677309499e+01  Q=5.300000000000e+01  λ=1.023208e+00  dt=8.790e-04  relΔE=6.259e-07  ||F||=2.111e-02
 step= 31000  E=2.763570790636e+01  Q=5.300000000000e+01  λ=1.022716e+00  dt=1.361e-03  relΔE=8.564e-07  ||F||=1.985e-02
 step= 31500  E=2.762591415338e+01  Q=5.300000000000e+01  λ=1.022275e+00  dt=1.053e-03  relΔE=5.888e-07  ||F||=1.870e-02
 step= 32000  E=2.761699285173e+01  Q=5.300000000000e+01  λ=1.021869e+00  dt=8.150e-04  relΔE=4.042e-07  ||F||=1.761e-02
 step= 32500  E=2.760937226350e+01  Q=5.300000000000e+01  λ=1.021518e+00  dt=1.262e-03  relΔE=5.531e-07  ||F||=1.656e-02
 step= 33000  E=2.760253972310e+01  Q=5.300000000000e+01  λ=1.021199e+00  dt=9.764e-04  relΔE=3.788e-07  ||F||=1.557e-02
 step= 33500  E=2.759631506725e+01  Q=5.300000000000e+01  λ=1.020906e+00  dt=1.511e-03  relΔE=5.009e-07  ||F||=3.757e-02
 step= 34000  E=2.759113197778e+01  Q=5.300000000000e+01  λ=1.020658e+00  dt=1.170e-03  relΔE=3.545e-07  ||F||=1.376e-02
 step= 34500  E=2.758635278937e+01  Q=5.300000000000e+01  λ=1.020427e+00  dt=9.054e-04  relΔE=2.424e-07  ||F||=1.293e-02
 step= 35000  E=2.758216131928e+01  Q=5.300000000000e+01  λ=1.020223e+00  dt=1.402e-03  relΔE=3.303e-07  ||F||=1.213e-02
 step= 35500  E=2.757853866200e+01  Q=5.300000000000e+01  λ=1.020044e+00  dt=1.085e-03  relΔE=2.260e-07  ||F||=1.141e-02
 step= 36000  E=2.757523792576e+01  Q=5.300000000000e+01  λ=1.019879e+00  dt=8.395e-04  relΔE=1.550e-07  ||F||=1.074e-02
 step= 36500  E=2.757239854206e+01  Q=5.300000000000e+01  λ=1.019736e+00  dt=1.300e-03  relΔE=2.105e-07  ||F||=1.006e-02
 step= 37000  E=2.756989080493e+01  Q=5.300000000000e+01  λ=1.019608e+00  dt=1.006e-03  relΔE=1.440e-07  ||F||=9.452e-03
 step= 37500  E=2.756760775374e+01  Q=5.300000000000e+01  λ=1.019491e+00  dt=7.785e-04  relΔE=1.058e-07  ||F||=9.219e-03
 step= 38000  E=2.756568917646e+01  Q=5.300000000000e+01  λ=1.019392e+00  dt=1.205e-03  relΔE=1.343e-07  ||F||=8.342e-03
 step= 38500  E=2.756394309456e+01  Q=5.300000000000e+01  λ=1.019301e+00  dt=9.326e-04  relΔE=9.199e-08  ||F||=7.846e-03
 step= 39000  E=2.756238487607e+01  Q=5.300000000000e+01  λ=1.019219e+00  dt=1.444e-03  relΔE=1.254e-07  ||F||=7.365e-03
 step= 39500  E=2.756105863113e+01  Q=5.300000000000e+01  λ=1.019150e+00  dt=1.117e-03  relΔE=8.610e-08  ||F||=6.934e-03
 step= 40000  E=2.755983796875e+01  Q=5.300000000000e+01  λ=1.019085e+00  dt=8.648e-04  relΔE=5.912e-08  ||F||=6.531e-03
 step= 40500  E=2.755877936760e+01  Q=5.300000000000e+01  λ=1.019030e+00  dt=1.339e-03  relΔE=8.085e-08  ||F||=6.139e-03
 step= 41000  E=2.755784278567e+01  Q=5.300000000000e+01  λ=1.018980e+00  dt=1.036e-03  relΔE=5.560e-08  ||F||=5.786e-03
 step= 41500  E=2.755698697162e+01  Q=5.300000000000e+01  λ=1.018936e+00  dt=8.019e-04  relΔE=3.913e-08  ||F||=5.519e-03
 step= 42000  E=2.755625640973e+01  Q=5.300000000000e+01  λ=1.018898e+00  dt=1.241e-03  relΔE=5.266e-08  ||F||=5.145e-03
 step= 42500  E=2.755559414385e+01  Q=5.300000000000e+01  λ=1.018864e+00  dt=9.607e-04  relΔE=3.637e-08  ||F||=4.860e-03
 step= 43000  E=2.755498722399e+01  Q=5.300000000000e+01  λ=1.018833e+00  dt=1.487e-03  relΔE=5.001e-08  ||F||=5.250e-03
 step= 43500  E=2.755447380551e+01  Q=5.300000000000e+01  λ=1.018808e+00  dt=1.151e-03  relΔE=3.481e-08  ||F||=4.344e-03
 step= 44000  E=2.755399357293e+01  Q=5.300000000000e+01  λ=1.018785e+00  dt=8.908e-04  relΔE=2.415e-08  ||F||=4.113e-03
 step= 44500  E=2.755356808436e+01  Q=5.300000000000e+01  λ=1.018765e+00  dt=1.379e-03  relΔE=3.354e-08  ||F||=3.895e-03
 step= 45000  E=2.755318994460e+01  Q=5.300000000000e+01  λ=1.018748e+00  dt=1.067e-03  relΔE=2.341e-08  ||F||=3.699e-03
 step= 45500  E=2.755283949904e+01  Q=5.300000000000e+01  λ=1.018733e+00  dt=8.260e-04  relΔE=1.634e-08  ||F||=3.513e-03
 step= 46000  E=2.755253143899e+01  Q=5.300000000000e+01  λ=1.018721e+00  dt=1.279e-03  relΔE=2.289e-08  ||F||=3.342e-03
 step= 46500  E=2.755225119895e+01  Q=5.300000000000e+01  λ=1.018711e+00  dt=9.896e-04  relΔE=1.608e-08  ||F||=3.184e-03
 step= 47000  E=2.755198714195e+01  Q=5.300000000000e+01  λ=1.018706e+00  dt=6.383e-04  relΔE=3.199e-08  ||F||=9.640e-02
 step= 47500  E=2.755176866085e+01  Q=5.300000000000e+01  λ=1.018695e+00  dt=9.880e-04  relΔE=1.336e-08  ||F||=2.905e-03
 step= 48000  E=2.755154837181e+01  Q=5.300000000000e+01  λ=1.018691e+00  dt=1.529e-03  relΔE=4.610e-09  ||F||=6.771e-02
 step= 48500  E=2.755135902165e+01  Q=5.300000000000e+01  λ=1.018684e+00  dt=1.184e-03  relΔE=1.343e-08  ||F||=2.661e-03
 step= 49000  E=2.755117719721e+01  Q=5.300000000000e+01  λ=1.018681e+00  dt=9.161e-04  relΔE=9.557e-09  ||F||=2.551e-03
 step= 49500  E=2.755101078885e+01  Q=5.300000000000e+01  λ=1.018679e+00  dt=1.418e-03  relΔE=1.363e-08  ||F||=2.449e-03
 step= 50000  E=2.755086054122e+01  Q=5.300000000000e+01  λ=1.018677e+00  dt=1.098e-03  relΔE=9.765e-09  ||F||=2.356e-03
 step= 50500  E=2.755071714919e+01  Q=5.300000000000e+01  λ=1.018677e+00  dt=8.495e-04  relΔE=7.002e-09  ||F||=2.268e-03
 step= 51000  E=2.755058645676e+01  Q=5.300000000000e+01  λ=1.018677e+00  dt=1.315e-03  relΔE=1.008e-08  ||F||=2.187e-03
 step= 51500  E=2.755046539750e+01  Q=5.300000000000e+01  λ=1.018677e+00  dt=1.018e-03  relΔE=7.276e-09  ||F||=2.112e-03
 step= 52000  E=2.755034870938e+01  Q=5.300000000000e+01  λ=1.018679e+00  dt=7.877e-04  relΔE=5.410e-09  ||F||=2.071e-03
 step= 52500  E=2.755024437112e+01  Q=5.300000000000e+01  λ=1.018681e+00  dt=1.219e-03  relΔE=7.629e-09  ||F||=1.976e-03
 step= 53000  E=2.755014407990e+01  Q=5.300000000000e+01  λ=1.018683e+00  dt=9.437e-04  relΔE=5.549e-09  ||F||=1.916e-03
 step= 53500  E=2.755004824344e+01  Q=5.300000000000e+01  λ=1.018686e+00  dt=1.461e-03  relΔE=8.065e-09  ||F||=1.857e-03
 step= 54000  E=2.754996191673e+01  Q=5.300000000000e+01  λ=1.018690e+00  dt=1.131e-03  relΔE=5.896e-09  ||F||=1.804e-03
 step= 54500  E=2.754987700656e+01  Q=5.300000000000e+01  λ=1.018693e+00  dt=8.750e-04  relΔE=4.309e-09  ||F||=1.753e-03
 step= 55000  E=2.754979796703e+01  Q=5.300000000000e+01  λ=1.018697e+00  dt=1.354e-03  relΔE=6.313e-09  ||F||=1.706e-03
 step= 55500  E=2.754972380979e+01  Q=5.300000000000e+01  λ=1.018701e+00  dt=1.048e-03  relΔE=4.636e-09  ||F||=1.662e-03
 step= 56000  E=2.754965135045e+01  Q=5.300000000000e+01  λ=1.018706e+00  dt=8.114e-04  relΔE=3.408e-09  ||F||=1.619e-03
 step= 56500  E=2.754958479638e+01  Q=5.300000000000e+01  λ=1.018711e+00  dt=1.256e-03  relΔE=5.020e-09  ||F||=1.580e-03
 step= 57000  E=2.754952054374e+01  Q=5.300000000000e+01  λ=1.018716e+00  dt=9.720e-04  relΔE=3.702e-09  ||F||=1.542e-03
 step= 57500  E=2.754945733903e+01  Q=5.300000000000e+01  λ=1.018721e+00  dt=1.505e-03  relΔE=5.318e-09  ||F||=4.930e-03
 step= 58000  E=2.754940063041e+01  Q=5.300000000000e+01  λ=1.018726e+00  dt=1.165e-03  relΔE=4.043e-09  ||F||=1.472e-03
 step= 58500  E=2.754934397959e+01  Q=5.300000000000e+01  λ=1.018732e+00  dt=9.013e-04  relΔE=2.992e-09  ||F||=1.440e-03
 step= 59000  E=2.754929015180e+01  Q=5.300000000000e+01  λ=1.018737e+00  dt=1.395e-03  relΔE=4.433e-09  ||F||=1.409e-03
 step= 59500  E=2.754923958134e+01  Q=5.300000000000e+01  λ=1.018743e+00  dt=1.080e-03  relΔE=3.291e-09  ||F||=1.380e-03
 step= 60000  E=2.754918950091e+01  Q=5.300000000000e+01  λ=1.018749e+00  dt=8.358e-04  relΔE=2.444e-09  ||F||=1.351e-03
 step= 60500  E=2.754914262447e+01  Q=5.300000000000e+01  λ=1.018754e+00  dt=1.294e-03  relΔE=3.630e-09  ||F||=1.324e-03
 step= 61000  E=2.754909763587e+01  Q=5.300000000000e+01  λ=1.018760e+00  dt=1.001e-03  relΔE=2.700e-09  ||F||=1.298e-03
 step= 61500  E=2.754905279657e+01  Q=5.300000000000e+01  λ=1.018766e+00  dt=7.750e-04  relΔE=2.088e-09  ||F||=1.306e-03
 step= 62000  E=2.754901205443e+01  Q=5.300000000000e+01  λ=1.018772e+00  dt=1.200e-03  relΔE=2.993e-09  ||F||=1.249e-03
 step= 62500  E=2.754897142528e+01  Q=5.300000000000e+01  λ=1.018778e+00  dt=9.284e-04  relΔE=2.231e-09  ||F||=1.225e-03
 step= 63000  E=2.754893203782e+01  Q=5.300000000000e+01  λ=1.018784e+00  dt=1.437e-03  relΔE=3.323e-09  ||F||=1.202e-03
 step= 63500  E=2.754889537040e+01  Q=5.300000000000e+01  λ=1.018790e+00  dt=1.112e-03  relΔE=2.481e-09  ||F||=1.180e-03
 step= 64000  E=2.754885876807e+01  Q=5.300000000000e+01  λ=1.018796e+00  dt=8.609e-04  relΔE=1.850e-09  ||F||=1.159e-03
 step= 64500  E=2.754882407146e+01  Q=5.300000000000e+01  λ=1.018802e+00  dt=1.333e-03  relΔE=2.763e-09  ||F||=1.138e-03
 step= 65000  E=2.754879086498e+01  Q=5.300000000000e+01  λ=1.018808e+00  dt=1.031e-03  relΔE=2.064e-09  ||F||=1.118e-03
 step= 65500  E=2.754875772423e+01  Q=5.300000000000e+01  λ=1.018814e+00  dt=7.983e-04  relΔE=1.553e-09  ||F||=1.103e-03
 step= 66000  E=2.754872706943e+01  Q=5.300000000000e+01  λ=1.018820e+00  dt=1.236e-03  relΔE=2.305e-09  ||F||=1.080e-03
 step= 66500  E=2.754869687145e+01  Q=5.300000000000e+01  λ=1.018826e+00  dt=9.564e-04  relΔE=1.724e-09  ||F||=1.061e-03
 step= 67000  E=2.754866700320e+01  Q=5.300000000000e+01  λ=1.018832e+00  dt=1.480e-03  relΔE=2.575e-09  ||F||=1.078e-03
 step= 67500  E=2.754863957907e+01  Q=5.300000000000e+01  λ=1.018838e+00  dt=1.146e-03  relΔE=1.928e-09  ||F||=1.026e-03
 step= 68000  E=2.754861198787e+01  Q=5.300000000000e+01  λ=1.018844e+00  dt=8.868e-04  relΔE=1.442e-09  ||F||=1.008e-03
 step= 68500  E=2.754858560694e+01  Q=5.300000000000e+01  λ=1.018849e+00  dt=1.373e-03  relΔE=2.158e-09  ||F||=9.914e-04
 step= 69000  E=2.754856044609e+01  Q=5.300000000000e+01  λ=1.018855e+00  dt=1.062e-03  relΔE=1.616e-09  ||F||=9.751e-04
 step= 69500  E=2.754853539447e+01  Q=5.300000000000e+01  λ=1.018861e+00  dt=8.223e-04  relΔE=1.209e-09  ||F||=9.588e-04
 step= 70000  E=2.754851185276e+01  Q=5.300000000000e+01  λ=1.018867e+00  dt=1.273e-03  relΔE=1.811e-09  ||F||=9.432e-04
 step= 70500  E=2.754848896705e+01  Q=5.300000000000e+01  λ=1.018872e+00  dt=9.851e-04  relΔE=1.356e-09  ||F||=9.279e-04
 step= 71000  E=2.754846596647e+01  Q=5.300000000000e+01  λ=1.018879e+00  dt=6.354e-04  relΔE=3.068e-09  ||F||=3.534e-02
 step= 71500  E=2.754844582370e+01  Q=5.300000000000e+01  λ=1.018883e+00  dt=9.835e-04  relΔE=1.270e-09  ||F||=8.985e-04
 step= 72000  E=2.754842429094e+01  Q=5.300000000000e+01  λ=1.018889e+00  dt=1.522e-03  relΔE=5.499e-10  ||F||=2.570e-02
 step= 72500  E=2.754840467622e+01  Q=5.300000000000e+01  λ=1.018894e+00  dt=1.178e-03  relΔE=1.425e-09  ||F||=8.698e-04
 step= 73000  E=2.754838489868e+01  Q=5.300000000000e+01  λ=1.018900e+00  dt=9.120e-04  relΔE=1.068e-09  ||F||=8.557e-04
 step= 73500  E=2.754836578453e+01  Q=5.300000000000e+01  λ=1.018905e+00  dt=1.412e-03  relΔE=1.600e-09  ||F||=8.419e-04
 step= 74000  E=2.754834774067e+01  Q=5.300000000000e+01  λ=1.018910e+00  dt=1.093e-03  relΔE=1.200e-09  ||F||=8.287e-04
 step= 74500  E=2.754832970990e+01  Q=5.300000000000e+01  λ=1.018916e+00  dt=8.456e-04  relΔE=8.987e-10  ||F||=8.154e-04
 step= 75000  E=2.754831256147e+01  Q=5.300000000000e+01  λ=1.018921e+00  dt=1.309e-03  relΔE=1.348e-09  ||F||=8.025e-04
 step= 75500  E=2.754829608806e+01  Q=5.300000000000e+01  λ=1.018926e+00  dt=1.013e-03  relΔE=1.011e-09  ||F||=7.899e-04
 step= 76000  E=2.754827951314e+01  Q=5.300000000000e+01  λ=1.018931e+00  dt=7.841e-04  relΔE=7.759e-10  ||F||=7.871e-04
 step= 76500  E=2.754826425486e+01  Q=5.300000000000e+01  λ=1.018936e+00  dt=1.214e-03  relΔE=1.136e-09  ||F||=7.652e-04
 step= 77000  E=2.754824908538e+01  Q=5.300000000000e+01  λ=1.018941e+00  dt=9.394e-04  relΔE=8.518e-10  ||F||=7.532e-04
 step= 77500  E=2.754823414055e+01  Q=5.300000000000e+01  λ=1.018946e+00  dt=1.454e-03  relΔE=1.277e-09  ||F||=7.413e-04
 step= 78000  E=2.754822025839e+01  Q=5.300000000000e+01  λ=1.018951e+00  dt=1.125e-03  relΔE=9.580e-10  ||F||=7.299e-04
 step= 78500  E=2.754820632002e+01  Q=5.300000000000e+01  λ=1.018956e+00  dt=8.711e-04  relΔE=7.182e-10  ||F||=7.183e-04
 step= 79000  E=2.754819297059e+01  Q=5.300000000000e+01  λ=1.018960e+00  dt=1.348e-03  relΔE=1.077e-09  ||F||=7.071e-04
 step= 79500  E=2.754818019700e+01  Q=5.300000000000e+01  λ=1.018965e+00  dt=1.044e-03  relΔE=8.083e-10  ||F||=6.963e-04
 step= 80000  E=2.754816741883e+01  Q=5.300000000000e+01  λ=1.018970e+00  dt=8.077e-04  relΔE=6.061e-10  ||F||=6.853e-04
 step= 80500  E=2.754815546975e+01  Q=5.300000000000e+01  λ=1.018974e+00  dt=1.250e-03  relΔE=9.094e-10  ||F||=6.748e-04
 step= 81000  E=2.754814372963e+01  Q=5.300000000000e+01  λ=1.018979e+00  dt=9.677e-04  relΔE=6.823e-10  ||F||=6.644e-04
 step= 81500  E=2.754813200177e+01  Q=5.300000000000e+01  λ=1.018983e+00  dt=1.498e-03  relΔE=1.008e-09  ||F||=2.920e-03
 step= 82000  E=2.754812129267e+01  Q=5.300000000000e+01  λ=1.018988e+00  dt=1.159e-03  relΔE=7.680e-10  ||F||=6.440e-04
 step= 82500  E=2.754811047372e+01  Q=5.300000000000e+01  λ=1.018992e+00  dt=8.973e-04  relΔE=5.760e-10  ||F||=6.340e-04
 step= 83000  E=2.754810003184e+01  Q=5.300000000000e+01  λ=1.018996e+00  dt=1.389e-03  relΔE=8.642e-10  ||F||=6.242e-04
 step= 83500  E=2.754809013306e+01  Q=5.300000000000e+01  λ=1.019001e+00  dt=1.075e-03  relΔE=6.488e-10  ||F||=6.147e-04
 step= 84000  E=2.754808021993e+01  Q=5.300000000000e+01  λ=1.019005e+00  dt=8.320e-04  relΔE=4.866e-10  ||F||=6.052e-04
 step= 84500  E=2.754807083328e+01  Q=5.300000000000e+01  λ=1.019009e+00  dt=1.288e-03  relΔE=7.304e-10  ||F||=5.960e-04
 step= 85000  E=2.754806174137e+01  Q=5.300000000000e+01  λ=1.019013e+00  dt=9.968e-04  relΔE=5.482e-10  ||F||=5.869e-04
 step= 85500  E=2.754805260583e+01  Q=5.300000000000e+01  λ=1.019017e+00  dt=7.715e-04  relΔE=4.123e-10  ||F||=5.788e-04
 step= 86000  E=2.754804423654e+01  Q=5.300000000000e+01  λ=1.019021e+00  dt=1.194e-03  relΔE=6.175e-10  ||F||=5.691e-04
 step= 86500  E=2.754803582413e+01  Q=5.300000000000e+01  λ=1.019025e+00  dt=9.242e-04  relΔE=4.633e-10  ||F||=5.604e-04
 step= 87000  E=2.754802761254e+01  Q=5.300000000000e+01  λ=1.019029e+00  dt=1.431e-03  relΔE=6.952e-10  ||F||=5.517e-04
 step= 87500  E=2.754801990862e+01  Q=5.300000000000e+01  λ=1.019033e+00  dt=1.107e-03  relΔE=5.221e-10  ||F||=5.435e-04
 step= 88000  E=2.754801219300e+01  Q=5.300000000000e+01  λ=1.019036e+00  dt=8.570e-04  relΔE=3.917e-10  ||F||=5.351e-04
 step= 88500  E=2.754800481748e+01  Q=5.300000000000e+01  λ=1.019040e+00  dt=1.327e-03  relΔE=5.880e-10  ||F||=5.270e-04
 step= 89000  E=2.754799774323e+01  Q=5.300000000000e+01  λ=1.019044e+00  dt=1.027e-03  relΔE=4.416e-10  ||F||=5.191e-04
 step= 89500  E=2.754799063727e+01  Q=5.300000000000e+01  λ=1.019047e+00  dt=7.947e-04  relΔE=3.314e-10  ||F||=5.113e-04
 step= 90000  E=2.754798403595e+01  Q=5.300000000000e+01  λ=1.019051e+00  dt=1.230e-03  relΔE=4.976e-10  ||F||=5.035e-04
 step= 90500  E=2.754797750477e+01  Q=5.300000000000e+01  λ=1.019054e+00  dt=9.520e-04  relΔE=3.735e-10  ||F||=4.959e-04
 step= 91000  E=2.754797101879e+01  Q=5.300000000000e+01  λ=1.019058e+00  dt=1.474e-03  relΔE=5.604e-10  ||F||=5.000e-04
 step= 91500  E=2.754796504081e+01  Q=5.300000000000e+01  λ=1.019061e+00  dt=1.141e-03  relΔE=4.210e-10  ||F||=4.810e-04
 step= 92000  E=2.754795901386e+01  Q=5.300000000000e+01  λ=1.019065e+00  dt=8.828e-04  relΔE=3.160e-10  ||F||=4.737e-04
 step= 92500  E=2.754795321589e+01  Q=5.300000000000e+01  λ=1.019068e+00  dt=1.366e-03  relΔE=4.744e-10  ||F||=4.666e-04
 step= 93000  E=2.754794769177e+01  Q=5.300000000000e+01  λ=1.019071e+00  dt=1.058e-03  relΔE=3.564e-10  ||F||=4.596e-04
 step= 93500  E=2.754794215919e+01  Q=5.300000000000e+01  λ=1.019075e+00  dt=8.186e-04  relΔE=2.674e-10  ||F||=4.526e-04
 step= 94000  E=2.754793694459e+01  Q=5.300000000000e+01  λ=1.019078e+00  dt=1.267e-03  relΔE=4.017e-10  ||F||=4.459e-04
 step= 94500  E=2.754793186175e+01  Q=5.300000000000e+01  λ=1.019081e+00  dt=9.807e-04  relΔE=3.017e-10  ||F||=4.392e-04
 step= 95000  E=2.754792674533e+01  Q=5.300000000000e+01  λ=1.019084e+00  dt=6.325e-04  relΔE=5.641e-10  ||F||=1.627e-02
 step= 95500  E=2.754792224958e+01  Q=5.300000000000e+01  λ=1.019087e+00  dt=9.791e-04  relΔE=2.838e-10  ||F||=4.264e-04
 step= 96000  E=2.754791743449e+01  Q=5.300000000000e+01  λ=1.019090e+00  dt=1.516e-03  relΔE=4.431e-11  ||F||=1.419e-02
 step= 96500  E=2.754791302552e+01  Q=5.300000000000e+01  λ=1.019093e+00  dt=1.173e-03  relΔE=3.200e-10  ||F||=4.137e-04
 step= 97000  E=2.754790864058e+01  Q=5.300000000000e+01  λ=1.019096e+00  dt=7.566e-04  relΔE=2.003e-10  ||F||=4.076e-04
 step= 97500  E=2.754790450929e+01  Q=5.300000000000e+01  λ=1.019099e+00  dt=1.171e-03  relΔE=3.011e-10  ||F||=4.017e-04
 step= 98000  E=2.754790031423e+01  Q=5.300000000000e+01  λ=1.019102e+00  dt=9.064e-04  relΔE=2.261e-10  ||F||=3.956e-04
 step= 98500  E=2.754789626277e+01  Q=5.300000000000e+01  λ=1.019104e+00  dt=1.403e-03  relΔE=3.395e-10  ||F||=3.897e-04
 step= 99000  E=2.754789241829e+01  Q=5.300000000000e+01  λ=1.019107e+00  dt=1.086e-03  relΔE=2.551e-10  ||F||=3.840e-04
 step= 99500  E=2.754788858066e+01  Q=5.300000000000e+01  λ=1.019110e+00  dt=8.404e-04  relΔE=1.915e-10  ||F||=3.782e-04
 step=100000  E=2.754788492327e+01  Q=5.300000000000e+01  λ=1.019113e+00  dt=1.301e-03  relΔE=2.877e-10  ||F||=3.726e-04
 step=100500  E=2.754788138886e+01  Q=5.300000000000e+01  λ=1.019115e+00  dt=1.007e-03  relΔE=2.161e-10  ||F||=3.671e-04
 step=101000  E=2.754787783491e+01  Q=5.300000000000e+01  λ=1.019118e+00  dt=7.793e-04  relΔE=1.626e-10  ||F||=3.620e-04
 step=101500  E=2.754787455936e+01  Q=5.300000000000e+01  λ=1.019121e+00  dt=1.206e-03  relΔE=2.438e-10  ||F||=3.563e-04
 step=102000  E=2.754787128673e+01  Q=5.300000000000e+01  λ=1.019123e+00  dt=9.336e-04  relΔE=1.831e-10  ||F||=3.510e-04
 step=102500  E=2.754786807512e+01  Q=5.300000000000e+01  λ=1.019126e+00  dt=1.445e-03  relΔE=2.749e-10  ||F||=3.457e-04
 step=103000  E=2.754786507880e+01  Q=5.300000000000e+01  λ=1.019128e+00  dt=1.119e-03  relΔE=2.067e-10  ||F||=3.407e-04
 step=103500  E=2.754786206108e+01  Q=5.300000000000e+01  λ=1.019131e+00  dt=8.657e-04  relΔE=1.552e-10  ||F||=3.356e-04
 step=104000  E=2.754785917075e+01  Q=5.300000000000e+01  λ=1.019133e+00  dt=1.340e-03  relΔE=2.331e-10  ||F||=3.306e-04
 step=104500  E=2.754785640067e+01  Q=5.300000000000e+01  λ=1.019135e+00  dt=1.037e-03  relΔE=1.752e-10  ||F||=3.258e-04
 step=105000  E=2.754785362160e+01  Q=5.300000000000e+01  λ=1.019138e+00  dt=8.027e-04  relΔE=1.315e-10  ||F||=3.209e-04
 step=105500  E=2.754785102242e+01  Q=5.300000000000e+01  λ=1.019140e+00  dt=1.243e-03  relΔE=1.977e-10  ||F||=3.162e-04
 step=106000  E=2.754784846876e+01  Q=5.300000000000e+01  λ=1.019142e+00  dt=9.617e-04  relΔE=1.485e-10  ||F||=3.115e-04
 step=106500  E=2.754784591388e+01  Q=5.300000000000e+01  λ=1.019145e+00  dt=1.489e-03  relΔE=2.224e-10  ||F||=6.479e-04
 step=107000  E=2.754784357109e+01  Q=5.300000000000e+01  λ=1.019147e+00  dt=1.152e-03  relΔE=1.676e-10  ||F||=3.024e-04
 step=107500  E=2.754784120445e+01  Q=5.300000000000e+01  λ=1.019149e+00  dt=8.918e-04  relΔE=1.259e-10  ||F||=2.979e-04
 step=108000  E=2.754783891769e+01  Q=5.300000000000e+01  λ=1.019151e+00  dt=1.380e-03  relΔE=1.891e-10  ||F||=2.935e-04
 step=108500  E=2.754783674341e+01  Q=5.300000000000e+01  λ=1.019153e+00  dt=1.068e-03  relΔE=1.422e-10  ||F||=2.893e-04
 step=109000  E=2.754783456688e+01  Q=5.300000000000e+01  λ=1.019155e+00  dt=8.269e-04  relΔE=1.068e-10  ||F||=2.850e-04
 step=109500  E=2.754783250296e+01  Q=5.300000000000e+01  λ=1.019157e+00  dt=1.280e-03  relΔE=1.605e-10  ||F||=2.808e-04
 step=110000  E=2.754783050163e+01  Q=5.300000000000e+01  λ=1.019159e+00  dt=9.907e-04  relΔE=1.206e-10  ||F||=2.767e-04
 step=110500  E=2.754782848836e+01  Q=5.300000000000e+01  λ=1.019162e+00  dt=7.667e-04  relΔE=9.053e-11  ||F||=2.740e-04
 step=111000  E=2.754782664175e+01  Q=5.300000000000e+01  λ=1.019163e+00  dt=1.187e-03  relΔE=1.361e-10  ||F||=2.687e-04
 step=111500  E=2.754782478322e+01  Q=5.300000000000e+01  λ=1.019165e+00  dt=9.186e-04  relΔE=1.023e-10  ||F||=2.647e-04
 step=112000  E=2.754782296954e+01  Q=5.300000000000e+01  λ=1.019167e+00  dt=1.422e-03  relΔE=1.536e-10  ||F||=2.608e-04
 step=112500  E=2.754782126352e+01  Q=5.300000000000e+01  λ=1.019169e+00  dt=1.101e-03  relΔE=1.155e-10  ||F||=2.570e-04
 step=113000  E=2.754781955098e+01  Q=5.300000000000e+01  λ=1.019171e+00  dt=8.518e-04  relΔE=8.675e-11  ||F||=2.532e-04
 step=113500  E=2.754781791454e+01  Q=5.300000000000e+01  λ=1.019173e+00  dt=1.318e-03  relΔE=1.304e-10  ||F||=2.495e-04
 step=114000  E=2.754781634091e+01  Q=5.300000000000e+01  λ=1.019175e+00  dt=1.020e-03  relΔE=9.800e-11  ||F||=2.459e-04
 step=114500  E=2.754781476102e+01  Q=5.300000000000e+01  λ=1.019177e+00  dt=7.898e-04  relΔE=7.359e-11  ||F||=2.423e-04
 step=115000  E=2.754781329576e+01  Q=5.300000000000e+01  λ=1.019178e+00  dt=1.223e-03  relΔE=1.107e-10  ||F||=2.388e-04
 step=115500  E=2.754781183839e+01  Q=5.300000000000e+01  λ=1.019180e+00  dt=9.462e-04  relΔE=8.316e-11  ||F||=2.353e-04
 step=116000  E=2.754781039365e+01  Q=5.300000000000e+01  λ=1.019182e+00  dt=1.465e-03  relΔE=1.249e-10  ||F||=2.359e-04
 step=116500  E=2.754780905724e+01  Q=5.300000000000e+01  λ=1.019184e+00  dt=1.134e-03  relΔE=9.392e-11  ||F||=2.285e-04
 step=117000  E=2.754780771024e+01  Q=5.300000000000e+01  λ=1.019185e+00  dt=8.774e-04  relΔE=7.056e-11  ||F||=2.251e-04
 step=117500  E=2.754780641335e+01  Q=5.300000000000e+01  λ=1.019187e+00  dt=1.358e-03  relΔE=1.060e-10  ||F||=2.219e-04
 step=118000  E=2.754780517457e+01  Q=5.300000000000e+01  λ=1.019188e+00  dt=1.051e-03  relΔE=7.972e-11  ||F||=2.187e-04
 step=118500  E=2.754780393310e+01  Q=5.300000000000e+01  λ=1.019190e+00  dt=8.136e-04  relΔE=5.987e-11  ||F||=2.154e-04
 step=119000  E=2.754780276329e+01  Q=5.300000000000e+01  λ=1.019192e+00  dt=1.259e-03  relΔE=9.002e-11  ||F||=2.123e-04
 step=119500  E=2.754780162216e+01  Q=5.300000000000e+01  λ=1.019193e+00  dt=9.747e-04  relΔE=6.767e-11  ||F||=2.093e-04
 step=120000  E=2.754780047505e+01  Q=5.300000000000e+01  λ=1.019195e+00  dt=1.509e-03  relΔE=4.759e-11  ||F||=5.187e-03
 step=120500  E=2.754779942562e+01  Q=5.300000000000e+01  λ=1.019196e+00  dt=1.168e-03  relΔE=7.644e-11  ||F||=2.033e-04
 step=121000  E=2.754779836482e+01  Q=5.300000000000e+01  λ=1.019198e+00  dt=9.038e-04  relΔE=5.744e-11  ||F||=2.003e-04
 step=121500  E=2.754779733515e+01  Q=5.300000000000e+01  λ=1.019199e+00  dt=1.399e-03  relΔE=8.631e-11  ||F||=1.974e-04
 step=122000  E=2.754779635890e+01  Q=5.300000000000e+01  λ=1.019201e+00  dt=1.083e-03  relΔE=6.490e-11  ||F||=1.945e-04
 step=122500  E=2.754779538344e+01  Q=5.300000000000e+01  λ=1.019202e+00  dt=8.380e-04  relΔE=4.875e-11  ||F||=1.917e-04
 step=123000  E=2.754779445335e+01  Q=5.300000000000e+01  λ=1.019203e+00  dt=1.297e-03  relΔE=7.330e-11  ||F||=1.889e-04
 step=123500  E=2.754779355738e+01  Q=5.300000000000e+01  λ=1.019205e+00  dt=1.004e-03  relΔE=5.511e-11  ||F||=1.862e-04
 step=124000  E=2.754779265211e+01  Q=5.300000000000e+01  λ=1.019206e+00  dt=7.771e-04  relΔE=4.139e-11  ||F||=1.834e-04
 step=124500  E=2.754779181959e+01  Q=5.300000000000e+01  λ=1.019208e+00  dt=1.203e-03  relΔE=6.226e-11  ||F||=1.809e-04
 step=125000  E=2.754779098488e+01  Q=5.300000000000e+01  λ=1.019209e+00  dt=9.310e-04  relΔE=4.679e-11  ||F||=1.782e-04
 step=125500  E=2.754779016730e+01  Q=5.300000000000e+01  λ=1.019210e+00  dt=1.441e-03  relΔE=7.031e-11  ||F||=1.757e-04
 step=126000  E=2.754778940187e+01  Q=5.300000000000e+01  λ=1.019211e+00  dt=1.115e-03  relΔE=5.288e-11  ||F||=1.731e-04
 step=126500  E=2.754778863163e+01  Q=5.300000000000e+01  λ=1.019213e+00  dt=8.632e-04  relΔE=3.973e-11  ||F||=1.706e-04
 step=127000  E=2.754778789230e+01  Q=5.300000000000e+01  λ=1.019214e+00  dt=1.336e-03  relΔE=5.973e-11  ||F||=1.682e-04
 step=127500  E=2.754778718433e+01  Q=5.300000000000e+01  λ=1.019215e+00  dt=1.034e-03  relΔE=4.491e-11  ||F||=1.658e-04
 step=128000  E=2.754778647269e+01  Q=5.300000000000e+01  λ=1.019217e+00  dt=8.004e-04  relΔE=3.374e-11  ||F||=1.633e-04
 step=128500  E=2.754778580672e+01  Q=5.300000000000e+01  λ=1.019218e+00  dt=1.239e-03  relΔE=5.074e-11  ||F||=1.610e-04
 step=129000  E=2.754778515107e+01  Q=5.300000000000e+01  λ=1.019219e+00  dt=9.590e-04  relΔE=3.814e-11  ||F||=1.587e-04
 step=129500  E=2.754778449476e+01  Q=5.300000000000e+01  λ=1.019220e+00  dt=1.484e-03  relΔE=5.703e-11  ||F||=4.117e-04
 step=130000  E=2.754778389353e+01  Q=5.300000000000e+01  λ=1.019221e+00  dt=1.149e-03  relΔE=4.310e-11  ||F||=1.541e-04
 step=130500  E=2.754778328492e+01  Q=5.300000000000e+01  λ=1.019222e+00  dt=8.892e-04  relΔE=3.239e-11  ||F||=1.519e-04
 step=131000  E=2.754778269730e+01  Q=5.300000000000e+01  λ=1.019223e+00  dt=1.376e-03  relΔE=4.868e-11  ||F||=1.497e-04
 step=131500  E=2.754778213758e+01  Q=5.300000000000e+01  λ=1.019225e+00  dt=1.065e-03  relΔE=3.661e-11  ||F||=1.476e-04
 step=132000  E=2.754778157846e+01  Q=5.300000000000e+01  λ=1.019226e+00  dt=8.245e-04  relΔE=2.750e-11  ||F||=1.454e-04
 step=132500  E=2.754778104660e+01  Q=5.300000000000e+01  λ=1.019227e+00  dt=1.276e-03  relΔE=4.136e-11  ||F||=1.433e-04
 step=133000  E=2.754778053202e+01  Q=5.300000000000e+01  λ=1.019228e+00  dt=9.878e-04  relΔE=3.110e-11  ||F||=1.413e-04
 step=133500  E=2.754778001268e+01  Q=5.300000000000e+01  λ=1.019229e+00  dt=7.645e-04  relΔE=2.336e-11  ||F||=1.397e-04
 step=134000  E=2.754777953677e+01  Q=5.300000000000e+01  λ=1.019230e+00  dt=1.183e-03  relΔE=3.514e-11  ||F||=1.373e-04
 step=134500  E=2.754777905701e+01  Q=5.300000000000e+01  λ=1.019231e+00  dt=9.159e-04  relΔE=2.641e-11  ||F||=1.353e-04
 step=135000  E=2.754777858915e+01  Q=5.300000000000e+01  λ=1.019232e+00  dt=1.418e-03  relΔE=3.970e-11  ||F||=1.333e-04
 step=135500  E=2.754777814890e+01  Q=5.300000000000e+01  λ=1.019233e+00  dt=1.097e-03  relΔE=2.986e-11  ||F||=1.314e-04
 step=136000  E=2.754777770734e+01  Q=5.300000000000e+01  λ=1.019234e+00  dt=8.493e-04  relΔE=2.244e-11  ||F||=1.295e-04
 step=136500  E=2.754777728458e+01  Q=5.300000000000e+01  λ=1.019235e+00  dt=1.315e-03  relΔE=3.373e-11  ||F||=1.277e-04
 step=137000  E=2.754777687789e+01  Q=5.300000000000e+01  λ=1.019236e+00  dt=1.018e-03  relΔE=2.537e-11  ||F||=1.259e-04
 step=137500  E=2.754777646995e+01  Q=5.300000000000e+01  λ=1.019237e+00  dt=7.875e-04  relΔE=1.906e-11  ||F||=1.240e-04
 step=138000  E=2.754777608988e+01  Q=5.300000000000e+01  λ=1.019238e+00  dt=1.219e-03  relΔE=2.867e-11  ||F||=1.223e-04
 step=138500  E=2.754777571275e+01  Q=5.300000000000e+01  λ=1.019238e+00  dt=9.435e-04  relΔE=2.155e-11  ||F||=1.205e-04
 step=139000  E=2.754777533877e+01  Q=5.300000000000e+01  λ=1.019239e+00  dt=1.460e-03  relΔE=3.238e-11  ||F||=1.251e-04
 step=139500  E=2.754777499314e+01  Q=5.300000000000e+01  λ=1.019240e+00  dt=1.130e-03  relΔE=2.436e-11  ||F||=1.171e-04
 step=140000  E=2.754777464369e+01  Q=5.300000000000e+01  λ=1.019241e+00  dt=8.748e-04  relΔE=1.831e-11  ||F||=1.154e-04
 step=140500  E=2.754777430756e+01  Q=5.300000000000e+01  λ=1.019242e+00  dt=1.354e-03  relΔE=2.752e-11  ||F||=1.138e-04
 step=141000  E=2.754777398641e+01  Q=5.300000000000e+01  λ=1.019243e+00  dt=1.048e-03  relΔE=2.070e-11  ||F||=1.122e-04
 step=141500  E=2.754777367666e+01  Q=5.300000000000e+01  λ=1.019244e+00  dt=1.352e-03  relΔE=2.595e-11  ||F||=1.106e-04
 step=142000  E=2.754777337386e+01  Q=5.300000000000e+01  λ=1.019244e+00  dt=1.046e-03  relΔE=1.952e-11  ||F||=1.090e-04
 step=142500  E=2.754777308140e+01  Q=5.300000000000e+01  λ=1.019245e+00  dt=1.350e-03  relΔE=2.447e-11  ||F||=1.075e-04
 step=143000  E=2.754777279506e+01  Q=5.300000000000e+01  λ=1.019246e+00  dt=1.045e-03  relΔE=1.840e-11  ||F||=1.060e-04
 step=143500  E=2.754777250770e+01  Q=5.300000000000e+01  λ=1.019247e+00  dt=8.086e-04  relΔE=1.383e-11  ||F||=1.045e-04
 step=144000  E=2.754777223712e+01  Q=5.300000000000e+01  λ=1.019248e+00  dt=1.252e-03  relΔE=2.080e-11  ||F||=1.030e-04
 step=144500  E=2.754777197208e+01  Q=5.300000000000e+01  λ=1.019248e+00  dt=9.687e-04  relΔE=1.564e-11  ||F||=1.015e-04
 step=145000  E=2.754777170564e+01  Q=5.300000000000e+01  λ=1.019249e+00  dt=1.499e-03  relΔE=1.564e-11  ||F||=2.068e-03
 step=145500  E=2.754777146291e+01  Q=5.300000000000e+01  λ=1.019250e+00  dt=1.161e-03  relΔE=1.767e-11  ||F||=9.864e-05
 step=146000  E=2.754777121654e+01  Q=5.300000000000e+01  λ=1.019251e+00  dt=8.982e-04  relΔE=1.328e-11  ||F||=9.721e-05
 step=146500  E=2.754777097805e+01  Q=5.300000000000e+01  λ=1.019251e+00  dt=1.390e-03  relΔE=1.997e-11  ||F||=9.582e-05
 step=147000  E=2.754777075182e+01  Q=5.300000000000e+01  λ=1.019252e+00  dt=1.076e-03  relΔE=1.502e-11  ||F||=9.447e-05
 step=147500  E=2.754777052576e+01  Q=5.300000000000e+01  λ=1.019253e+00  dt=8.329e-04  relΔE=1.129e-11  ||F||=9.311e-05
 step=148000  E=2.754777030978e+01  Q=5.300000000000e+01  λ=1.019253e+00  dt=1.289e-03  relΔE=1.697e-11  ||F||=9.179e-05
 step=148500  E=2.754777010145e+01  Q=5.300000000000e+01  λ=1.019254e+00  dt=9.978e-04  relΔE=1.276e-11  ||F||=9.049e-05
 step=149000  E=2.754776989089e+01  Q=5.300000000000e+01  λ=1.019255e+00  dt=7.723e-04  relΔE=9.587e-12  ||F||=8.917e-05
 step=149500  E=2.754776969745e+01  Q=5.300000000000e+01  λ=1.019255e+00  dt=1.195e-03  relΔE=1.443e-11  ||F||=8.793e-05
 step=150000  E=2.754776950348e+01  Q=5.300000000000e+01  λ=1.019256e+00  dt=9.252e-04  relΔE=1.084e-11  ||F||=8.667e-05
 step=150500  E=2.754776931320e+01  Q=5.300000000000e+01  λ=1.019257e+00  dt=1.432e-03  relΔE=1.630e-11  ||F||=8.544e-05
 step=151000  E=2.754776913475e+01  Q=5.300000000000e+01  λ=1.019257e+00  dt=1.108e-03  relΔE=1.226e-11  ||F||=8.423e-05
 step=151500  E=2.754776895590e+01  Q=5.300000000000e+01  λ=1.019258e+00  dt=8.579e-04  relΔE=9.213e-12  ||F||=8.302e-05
 step=152000  E=2.754776878421e+01  Q=5.300000000000e+01  λ=1.019259e+00  dt=1.328e-03  relΔE=1.385e-11  ||F||=8.184e-05
 step=152500  E=2.754776861974e+01  Q=5.300000000000e+01  λ=1.019259e+00  dt=1.028e-03  relΔE=1.042e-11  ||F||=8.069e-05
 step=153000  E=2.754776845437e+01  Q=5.300000000000e+01  λ=1.019260e+00  dt=7.955e-04  relΔE=7.828e-12  ||F||=7.952e-05
 step=153500  E=2.754776829958e+01  Q=5.300000000000e+01  λ=1.019260e+00  dt=1.231e-03  relΔE=1.178e-11  ||F||=7.841e-05
 step=154000  E=2.754776814716e+01  Q=5.300000000000e+01  λ=1.019261e+00  dt=9.531e-04  relΔE=8.854e-12  ||F||=7.730e-05
 step=154500  E=2.754776799477e+01  Q=5.300000000000e+01  λ=1.019262e+00  dt=1.475e-03  relΔE=1.327e-11  ||F||=1.696e-04
 step=155000  E=2.754776785475e+01  Q=5.300000000000e+01  λ=1.019262e+00  dt=1.142e-03  relΔE=1.001e-11  ||F||=7.512e-05
 step=155500  E=2.754776771319e+01  Q=5.300000000000e+01  λ=1.019263e+00  dt=8.837e-04  relΔE=7.523e-12  ||F||=7.404e-05
 step=156000  E=2.754776757651e+01  Q=5.300000000000e+01  λ=1.019263e+00  dt=1.368e-03  relΔE=1.131e-11  ||F||=7.298e-05
 step=156500  E=2.754776744625e+01  Q=5.300000000000e+01  λ=1.019264e+00  dt=1.059e-03  relΔE=8.506e-12  ||F||=7.196e-05
 step=157000  E=2.754776731615e+01  Q=5.300000000000e+01  λ=1.019264e+00  dt=8.194e-04  relΔE=6.392e-12  ||F||=7.093e-05
 step=157500  E=2.754776719253e+01  Q=5.300000000000e+01  λ=1.019265e+00  dt=1.268e-03  relΔE=9.614e-12  ||F||=6.993e-05
 step=158000  E=2.754776707242e+01  Q=5.300000000000e+01  λ=1.019265e+00  dt=9.817e-04  relΔE=7.230e-12  ||F||=6.895e-05
 step=158500  E=2.754776695136e+01  Q=5.300000000000e+01  λ=1.019266e+00  dt=7.598e-04  relΔE=5.430e-12  ||F||=7.033e-05
 step=159000  E=2.754776684055e+01  Q=5.300000000000e+01  λ=1.019266e+00  dt=1.176e-03  relΔE=8.171e-12  ||F||=6.700e-05
 step=159500  E=2.754776672882e+01  Q=5.300000000000e+01  λ=1.019267e+00  dt=9.103e-04  relΔE=6.143e-12  ||F||=6.605e-05
 step=160000  E=2.754776661987e+01  Q=5.300000000000e+01  λ=1.019267e+00  dt=1.409e-03  relΔE=9.232e-12  ||F||=6.510e-05
 step=160500  E=2.754776651718e+01  Q=5.300000000000e+01  λ=1.019268e+00  dt=1.091e-03  relΔE=6.945e-12  ||F||=6.420e-05
 step=161000  E=2.754776641433e+01  Q=5.300000000000e+01  λ=1.019268e+00  dt=8.441e-04  relΔE=5.219e-12  ||F||=6.327e-05
 step=161500  E=2.754776631570e+01  Q=5.300000000000e+01  λ=1.019269e+00  dt=1.307e-03  relΔE=7.848e-12  ||F||=6.238e-05
 step=162000  E=2.754776622096e+01  Q=5.300000000000e+01  λ=1.019269e+00  dt=1.011e-03  relΔE=5.902e-12  ||F||=6.151e-05
 step=162500  E=2.754776612553e+01  Q=5.300000000000e+01  λ=1.019270e+00  dt=7.827e-04  relΔE=4.434e-12  ||F||=6.061e-05
 step=163000  E=2.754776603710e+01  Q=5.300000000000e+01  λ=1.019270e+00  dt=1.212e-03  relΔE=6.671e-12  ||F||=5.978e-05
 step=163500  E=2.754776594912e+01  Q=5.300000000000e+01  λ=1.019271e+00  dt=9.377e-04  relΔE=5.015e-12  ||F||=5.893e-05
 step=164000  E=2.754776586198e+01  Q=5.300000000000e+01  λ=1.019271e+00  dt=1.452e-03  relΔE=7.535e-12  ||F||=5.875e-05
 step=164500  E=2.754776578121e+01  Q=5.300000000000e+01  λ=1.019271e+00  dt=1.123e-03  relΔE=5.669e-12  ||F||=5.728e-05
 step=165000  E=2.754776569978e+01  Q=5.300000000000e+01  λ=1.019272e+00  dt=8.695e-04  relΔE=4.260e-12  ||F||=5.646e-05
 step=165500  E=2.754776562516e+01  Q=5.300000000000e+01  λ=1.019272e+00  dt=1.122e-03  relΔE=5.345e-12  ||F||=5.569e-05
 step=166000  E=2.754776554817e+01  Q=5.300000000000e+01  λ=1.019273e+00  dt=8.681e-04  relΔE=4.016e-12  ||F||=5.490e-05
 step=166500  E=2.754776547781e+01  Q=5.300000000000e+01  λ=1.019273e+00  dt=1.120e-03  relΔE=5.040e-12  ||F||=5.416e-05
 step=167000  E=2.754776540522e+01  Q=5.300000000000e+01  λ=1.019273e+00  dt=8.667e-04  relΔE=3.787e-12  ||F||=5.338e-05
 step=167500  E=2.754776533523e+01  Q=5.300000000000e+01  λ=1.019274e+00  dt=1.342e-03  relΔE=5.693e-12  ||F||=5.262e-05
 step=168000  E=2.754776526851e+01  Q=5.300000000000e+01  λ=1.019274e+00  dt=1.038e-03  relΔE=4.282e-12  ||F||=5.189e-05
 step=168500  E=2.754776520147e+01  Q=5.300000000000e+01  λ=1.019275e+00  dt=8.036e-04  relΔE=3.217e-12  ||F||=5.114e-05
 step=169000  E=2.754776513843e+01  Q=5.300000000000e+01  λ=1.019275e+00  dt=1.244e-03  relΔE=4.839e-12  ||F||=5.043e-05
 step=169500  E=2.754776507668e+01  Q=5.300000000000e+01  λ=1.019275e+00  dt=9.628e-04  relΔE=3.638e-12  ||F||=4.972e-05
 step=170000  E=2.754776501464e+01  Q=5.300000000000e+01  λ=1.019276e+00  dt=1.490e-03  relΔE=4.798e-12  ||F||=5.498e-04
 step=170500  E=2.754776495806e+01  Q=5.300000000000e+01  λ=1.019276e+00  dt=1.153e-03  relΔE=4.112e-12  ||F||=4.833e-05
 step=171000  E=2.754776490074e+01  Q=5.300000000000e+01  λ=1.019276e+00  dt=8.927e-04  relΔE=3.090e-12  ||F||=4.764e-05
 step=171500  E=2.754776484512e+01  Q=5.300000000000e+01  λ=1.019277e+00  dt=1.382e-03  relΔE=4.645e-12  ||F||=4.696e-05
 step=172000  E=2.754776479242e+01  Q=5.300000000000e+01  λ=1.019277e+00  dt=1.070e-03  relΔE=3.494e-12  ||F||=4.631e-05
 step=172500  E=2.754776473970e+01  Q=5.300000000000e+01  λ=1.019278e+00  dt=8.278e-04  relΔE=2.625e-12  ||F||=4.565e-05
 step=173000  E=2.754776468939e+01  Q=5.300000000000e+01  λ=1.019278e+00  dt=1.281e-03  relΔE=3.947e-12  ||F||=4.501e-05
 step=173500  E=2.754776464082e+01  Q=5.300000000000e+01  λ=1.019278e+00  dt=9.917e-04  relΔE=2.968e-12  ||F||=4.438e-05
 step=174000  E=2.754776459179e+01  Q=5.300000000000e+01  λ=1.019279e+00  dt=7.676e-04  relΔE=2.229e-12  ||F||=4.373e-05
 step=174500  E=2.754776454676e+01  Q=5.300000000000e+01  λ=1.019279e+00  dt=1.188e-03  relΔE=3.354e-12  ||F||=4.313e-05
 step=175000  E=2.754776450154e+01  Q=5.300000000000e+01  λ=1.019279e+00  dt=9.196e-04  relΔE=2.520e-12  ||F||=4.252e-05
 step=175500  E=2.754776445725e+01  Q=5.300000000000e+01  λ=1.019279e+00  dt=1.423e-03  relΔE=3.787e-12  ||F||=4.192e-05
 step=176000  E=2.754776441578e+01  Q=5.300000000000e+01  λ=1.019280e+00  dt=1.102e-03  relΔE=2.849e-12  ||F||=4.134e-05
 step=176500  E=2.754776437412e+01  Q=5.300000000000e+01  λ=1.019280e+00  dt=8.527e-04  relΔE=2.140e-12  ||F||=4.075e-05
 step=177000  E=2.754776433412e+01  Q=5.300000000000e+01  λ=1.019280e+00  dt=1.320e-03  relΔE=3.218e-12  ||F||=4.017e-05
 step=177500  E=2.754776429581e+01  Q=5.300000000000e+01  λ=1.019281e+00  dt=1.022e-03  relΔE=2.420e-12  ||F||=3.961e-05
 step=178000  E=2.754776425726e+01  Q=5.300000000000e+01  λ=1.019281e+00  dt=7.906e-04  relΔE=1.817e-12  ||F||=3.904e-05
 step=178500  E=2.754776422132e+01  Q=5.300000000000e+01  λ=1.019281e+00  dt=1.224e-03  relΔE=2.734e-12  ||F||=3.850e-05
 step=179000  E=2.754776418580e+01  Q=5.300000000000e+01  λ=1.019282e+00  dt=9.472e-04  relΔE=2.055e-12  ||F||=3.796e-05
 step=179500  E=2.754776415039e+01  Q=5.300000000000e+01  λ=1.019282e+00  dt=1.466e-03  relΔE=3.084e-12  ||F||=5.773e-05
 step=180000  E=2.754776411785e+01  Q=5.300000000000e+01  λ=1.019282e+00  dt=1.135e-03  relΔE=2.322e-12  ||F||=3.690e-05
 step=180500  E=2.754776408492e+01  Q=5.300000000000e+01  λ=1.019282e+00  dt=8.783e-04  relΔE=1.745e-12  ||F||=3.638e-05
 step=181000  E=2.754776405314e+01  Q=5.300000000000e+01  λ=1.019283e+00  dt=1.360e-03  relΔE=2.622e-12  ||F||=3.586e-05
 step=181500  E=2.754776402294e+01  Q=5.300000000000e+01  λ=1.019283e+00  dt=1.052e-03  relΔE=1.972e-12  ||F||=3.537e-05
 step=182000  E=2.754776399271e+01  Q=5.300000000000e+01  λ=1.019283e+00  dt=8.144e-04  relΔE=1.482e-12  ||F||=3.486e-05
 step=182500  E=2.754776396402e+01  Q=5.300000000000e+01  λ=1.019283e+00  dt=1.261e-03  relΔE=2.227e-12  ||F||=3.438e-05
 step=183000  E=2.754776393613e+01  Q=5.300000000000e+01  λ=1.019284e+00  dt=9.757e-04  relΔE=1.674e-12  ||F||=3.390e-05
 step=183500  E=2.754776390801e+01  Q=5.300000000000e+01  λ=1.019284e+00  dt=7.552e-04  relΔE=1.257e-12  ||F||=3.389e-05
 step=184000  E=2.754776388236e+01  Q=5.300000000000e+01  λ=1.019284e+00  dt=1.169e-03  relΔE=1.892e-12  ||F||=3.295e-05
 step=184500  E=2.754776385643e+01  Q=5.300000000000e+01  λ=1.019284e+00  dt=9.047e-04  relΔE=1.421e-12  ||F||=3.248e-05
 step=185000  E=2.754776383115e+01  Q=5.300000000000e+01  λ=1.019285e+00  dt=1.400e-03  relΔE=2.136e-12  ||F||=3.202e-05
 step=185500  E=2.754776380734e+01  Q=5.300000000000e+01  λ=1.019285e+00  dt=1.084e-03  relΔE=1.606e-12  ||F||=3.158e-05
 step=186000  E=2.754776378349e+01  Q=5.300000000000e+01  λ=1.019285e+00  dt=8.389e-04  relΔE=1.206e-12  ||F||=3.113e-05
 step=186500  E=2.754776376067e+01  Q=5.300000000000e+01  λ=1.019285e+00  dt=1.299e-03  relΔE=1.814e-12  ||F||=3.069e-05
 step=187000  E=2.754776373878e+01  Q=5.300000000000e+01  λ=1.019286e+00  dt=1.005e-03  relΔE=1.364e-12  ||F||=3.027e-05
 step=187500  E=2.754776371665e+01  Q=5.300000000000e+01  λ=1.019286e+00  dt=7.779e-04  relΔE=1.024e-12  ||F||=2.983e-05
 step=188000  E=2.754776369621e+01  Q=5.300000000000e+01  λ=1.019286e+00  dt=1.204e-03  relΔE=1.539e-12  ||F||=2.942e-05
 step=188500  E=2.754776367614e+01  Q=5.300000000000e+01  λ=1.019286e+00  dt=7.766e-04  relΔE=9.644e-13  ||F||=2.901e-05
 step=189000  E=2.754776365685e+01  Q=5.300000000000e+01  λ=1.019287e+00  dt=1.202e-03  relΔE=1.450e-12  ||F||=2.862e-05
 step=189500  E=2.754776363792e+01  Q=5.300000000000e+01  λ=1.019287e+00  dt=7.754e-04  relΔE=9.086e-13  ||F||=2.822e-05
 step=190000  E=2.754776361974e+01  Q=5.300000000000e+01  λ=1.019287e+00  dt=1.200e-03  relΔE=1.367e-12  ||F||=2.783e-05
 step=190500  E=2.754776360158e+01  Q=5.300000000000e+01  λ=1.019287e+00  dt=9.289e-04  relΔE=1.027e-12  ||F||=2.744e-05
 step=191000  E=2.754776358369e+01  Q=5.300000000000e+01  λ=1.019287e+00  dt=1.438e-03  relΔE=1.542e-12  ||F||=2.712e-05
 step=191500  E=2.754776356705e+01  Q=5.300000000000e+01  λ=1.019288e+00  dt=1.113e-03  relΔE=1.159e-12  ||F||=2.668e-05
 step=192000  E=2.754776355035e+01  Q=5.300000000000e+01  λ=1.019288e+00  dt=8.614e-04  relΔE=8.712e-13  ||F||=2.630e-05
 step=192500  E=2.754776353426e+01  Q=5.300000000000e+01  λ=1.019288e+00  dt=1.333e-03  relΔE=1.309e-12  ||F||=2.593e-05
 step=193000  E=2.754776351890e+01  Q=5.300000000000e+01  λ=1.019288e+00  dt=1.032e-03  relΔE=9.840e-13  ||F||=2.557e-05
 step=193500  E=2.754776350348e+01  Q=5.300000000000e+01  λ=1.019288e+00  dt=7.987e-04  relΔE=7.387e-13  ||F||=2.521e-05
 step=194000  E=2.754776348900e+01  Q=5.300000000000e+01  λ=1.019289e+00  dt=1.236e-03  relΔE=1.111e-12  ||F||=2.486e-05
 step=194500  E=2.754776347481e+01  Q=5.300000000000e+01  λ=1.019289e+00  dt=9.569e-04  relΔE=8.345e-13  ||F||=2.451e-05
 step=195000  E=2.754776346056e+01  Q=5.300000000000e+01  λ=1.019289e+00  dt=1.481e-03  relΔE=1.165e-12  ||F||=2.177e-04
 step=195500  E=2.754776344757e+01  Q=5.300000000000e+01  λ=1.019289e+00  dt=1.146e-03  relΔE=9.422e-13  ||F||=2.383e-05
 step=196000  E=2.754776343439e+01  Q=5.300000000000e+01  λ=1.019289e+00  dt=8.873e-04  relΔE=7.071e-13  ||F||=2.349e-05
 step=196500  E=2.754776342165e+01  Q=5.300000000000e+01  λ=1.019289e+00  dt=1.373e-03  relΔE=1.063e-12  ||F||=2.316e-05
 step=197000  E=2.754776340957e+01  Q=5.300000000000e+01  λ=1.019290e+00  dt=1.063e-03  relΔE=7.991e-13  ||F||=2.284e-05
 step=197500  E=2.754776339750e+01  Q=5.300000000000e+01  λ=1.019290e+00  dt=8.227e-04  relΔE=6.001e-13  ||F||=2.252e-05
 step=198000  E=2.754776338601e+01  Q=5.300000000000e+01  λ=1.019290e+00  dt=1.274e-03  relΔE=9.017e-13  ||F||=2.220e-05
 step=198500  E=2.754776337490e+01  Q=5.300000000000e+01  λ=1.019290e+00  dt=9.856e-04  relΔE=6.768e-13  ||F||=2.190e-05
 step=199000  E=2.754776336368e+01  Q=5.300000000000e+01  λ=1.019290e+00  dt=7.629e-04  relΔE=5.081e-13  ||F||=2.158e-05
 step=199500  E=2.754776335340e+01  Q=5.300000000000e+01  λ=1.019290e+00  dt=1.181e-03  relΔE=7.644e-13  ||F||=2.129e-05
 step=200000  E=2.754776334308e+01  Q=5.300000000000e+01  λ=1.019291e+00  dt=9.139e-04  relΔE=5.744e-13  ||F||=2.099e-05
 step=200500  E=2.754776333300e+01  Q=5.300000000000e+01  λ=1.019291e+00  dt=1.415e-03  relΔE=8.621e-13  ||F||=2.069e-05
 step=201000  E=2.754776332353e+01  Q=5.300000000000e+01  λ=1.019291e+00  dt=1.095e-03  relΔE=6.482e-13  ||F||=2.041e-05
 step=201500  E=2.754776331404e+01  Q=5.300000000000e+01  λ=1.019291e+00  dt=8.475e-04  relΔE=4.863e-13  ||F||=2.012e-05
 step=202000  E=2.754776330494e+01  Q=5.300000000000e+01  λ=1.019291e+00  dt=1.312e-03  relΔE=7.308e-13  ||F||=1.984e-05
 step=202500  E=2.754776329624e+01  Q=5.300000000000e+01  λ=1.019291e+00  dt=1.015e-03  relΔE=5.493e-13  ||F||=1.956e-05
 step=203000  E=2.754776328748e+01  Q=5.300000000000e+01  λ=1.019291e+00  dt=7.858e-04  relΔE=4.122e-13  ||F||=1.928e-05
 step=203500  E=2.754776327933e+01  Q=5.300000000000e+01  λ=1.019292e+00  dt=1.216e-03  relΔE=6.197e-13  ||F||=1.902e-05
 step=204000  E=2.754776327127e+01  Q=5.300000000000e+01  λ=1.019292e+00  dt=9.414e-04  relΔE=4.648e-13  ||F||=1.875e-05
 step=204500  E=2.754776326325e+01  Q=5.300000000000e+01  λ=1.019292e+00  dt=1.457e-03  relΔE=6.982e-13  ||F||=2.390e-05
 step=205000  E=2.754776325587e+01  Q=5.300000000000e+01  λ=1.019292e+00  dt=1.128e-03  relΔE=5.246e-13  ||F||=1.823e-05
 step=205500  E=2.754776324843e+01  Q=5.300000000000e+01  λ=1.019292e+00  dt=8.729e-04  relΔE=3.939e-13  ||F||=1.798e-05
 step=206000  E=2.754776324126e+01  Q=5.300000000000e+01  λ=1.019292e+00  dt=1.351e-03  relΔE=5.916e-13  ||F||=1.772e-05
 step=206500  E=2.754776323443e+01  Q=5.300000000000e+01  λ=1.019292e+00  dt=1.046e-03  relΔE=4.449e-13  ||F||=1.748e-05
 step=207000  E=2.754776322760e+01  Q=5.300000000000e+01  λ=1.019293e+00  dt=8.094e-04  relΔE=3.336e-13  ||F||=1.723e-05
 step=207500  E=2.754776322115e+01  Q=5.300000000000e+01  λ=1.019293e+00  dt=1.253e-03  relΔE=5.014e-13  ||F||=1.699e-05
 step=208000  E=2.754776321486e+01  Q=5.300000000000e+01  λ=1.019293e+00  dt=9.697e-04  relΔE=3.767e-13  ||F||=1.676e-05
 step=208500  E=2.754776320853e+01  Q=5.300000000000e+01  λ=1.019293e+00  dt=7.506e-04  relΔE=2.824e-13  ||F||=1.996e-05
 step=209000  E=2.754776320277e+01  Q=5.300000000000e+01  λ=1.019293e+00  dt=1.162e-03  relΔE=4.243e-13  ||F||=1.629e-05
 step=209500  E=2.754776319695e+01  Q=5.300000000000e+01  λ=1.019293e+00  dt=8.992e-04  relΔE=3.182e-13  ||F||=1.606e-05
 step=210000  E=2.754776319129e+01  Q=5.300000000000e+01  λ=1.019293e+00  dt=1.392e-03  relΔE=4.778e-13  ||F||=1.584e-05
 step=210500  E=2.754776318595e+01  Q=5.300000000000e+01  λ=1.019293e+00  dt=1.077e-03  relΔE=3.594e-13  ||F||=1.562e-05
 step=211000  E=2.754776318062e+01  Q=5.300000000000e+01  λ=1.019294e+00  dt=8.338e-04  relΔE=2.695e-13  ||F||=1.540e-05
 step=211500  E=2.754776317552e+01  Q=5.300000000000e+01  λ=1.019294e+00  dt=1.291e-03  relΔE=4.047e-13  ||F||=1.518e-05
 step=212000  E=2.754776317063e+01  Q=5.300000000000e+01  λ=1.019294e+00  dt=9.989e-04  relΔE=3.038e-13  ||F||=1.498e-05
 step=212500  E=2.754776316570e+01  Q=5.300000000000e+01  λ=1.019294e+00  dt=7.731e-04  relΔE=2.275e-13  ||F||=1.476e-05
 step=213000  E=2.754776316116e+01  Q=5.300000000000e+01  λ=1.019294e+00  dt=1.197e-03  relΔE=3.424e-13  ||F||=1.456e-05
 step=213500  E=2.754776315669e+01  Q=5.300000000000e+01  λ=1.019294e+00  dt=7.719e-04  relΔE=2.141e-13  ||F||=1.436e-05
 step=214000  E=2.754776315241e+01  Q=5.300000000000e+01  λ=1.019294e+00  dt=1.195e-03  relΔE=3.218e-13  ||F||=1.416e-05
 step=214500  E=2.754776314814e+01  Q=5.300000000000e+01  λ=1.019294e+00  dt=9.247e-04  relΔE=2.412e-13  ||F||=1.397e-05
 step=215000  E=2.754776314394e+01  Q=5.300000000000e+01  λ=1.019294e+00  dt=1.431e-03  relΔE=3.619e-13  ||F||=1.381e-05
 step=215500  E=2.754776314004e+01  Q=5.300000000000e+01  λ=1.019294e+00  dt=1.108e-03  relΔE=2.719e-13  ||F||=1.358e-05
 step=216000  E=2.754776313612e+01  Q=5.300000000000e+01  λ=1.019295e+00  dt=8.575e-04  relΔE=2.034e-13  ||F||=1.339e-05
 step=216500  E=2.754776313235e+01  Q=5.300000000000e+01  λ=1.019295e+00  dt=1.327e-03  relΔE=3.056e-13  ||F||=1.320e-05
 step=217000  E=2.754776312877e+01  Q=5.300000000000e+01  λ=1.019295e+00  dt=1.027e-03  relΔE=2.293e-13  ||F||=1.302e-05
 step=217500  E=2.754776312516e+01  Q=5.300000000000e+01  λ=1.019295e+00  dt=7.951e-04  relΔE=1.722e-13  ||F||=1.283e-05
 step=218000  E=2.754776312179e+01  Q=5.300000000000e+01  λ=1.019295e+00  dt=1.231e-03  relΔE=2.583e-13  ||F||=1.266e-05
 step=218500  E=2.754776311849e+01  Q=5.300000000000e+01  λ=1.019295e+00  dt=9.526e-04  relΔE=1.940e-13  ||F||=1.248e-05
 step=219000  E=2.754776311519e+01  Q=5.300000000000e+01  λ=1.019295e+00  dt=1.474e-03  relΔE=2.717e-13  ||F||=1.077e-04
 step=219500  E=2.754776311218e+01  Q=5.300000000000e+01  λ=1.019295e+00  dt=1.141e-03  relΔE=2.182e-13  ||F||=1.214e-05
 step=220000  E=2.754776310913e+01  Q=5.300000000000e+01  λ=1.019295e+00  dt=8.833e-04  relΔE=1.635e-13  ||F||=1.197e-05
 step=220500  E=2.754776310619e+01  Q=5.300000000000e+01  λ=1.019295e+00  dt=1.367e-03  relΔE=2.452e-13  ||F||=1.180e-05
 step=221000  E=2.754776310341e+01  Q=5.300000000000e+01  λ=1.019296e+00  dt=1.058e-03  relΔE=1.842e-13  ||F||=1.164e-05
 step=221500  E=2.754776310063e+01  Q=5.300000000000e+01  λ=1.019296e+00  dt=8.190e-04  relΔE=1.383e-13  ||F||=1.147e-05
 step=222000  E=2.754776309798e+01  Q=5.300000000000e+01  λ=1.019296e+00  dt=1.268e-03  relΔE=2.074e-13  ||F||=1.132e-05
 step=222500  E=2.754776309544e+01  Q=5.300000000000e+01  λ=1.019296e+00  dt=9.812e-04  relΔE=1.554e-13  ||F||=1.116e-05
 step=223000  E=2.754776309287e+01  Q=5.300000000000e+01  λ=1.019296e+00  dt=7.594e-04  relΔE=1.165e-13  ||F||=1.100e-05
 step=223500  E=2.754776309052e+01  Q=5.300000000000e+01  λ=1.019296e+00  dt=1.176e-03  relΔE=1.750e-13  ||F||=1.085e-05
 step=224000  E=2.754776308816e+01  Q=5.300000000000e+01  λ=1.019296e+00  dt=9.098e-04  relΔE=1.310e-13  ||F||=1.070e-05
 step=224500  E=2.754776308587e+01  Q=5.300000000000e+01  λ=1.019296e+00  dt=1.408e-03  relΔE=1.965e-13  ||F||=1.055e-05
 step=225000  E=2.754776308371e+01  Q=5.300000000000e+01  λ=1.019296e+00  dt=1.090e-03  relΔE=1.470e-13  ||F||=1.040e-05
 step=225500  E=2.754776308157e+01  Q=5.300000000000e+01  λ=1.019296e+00  dt=8.436e-04  relΔE=1.100e-13  ||F||=1.026e-05
 step=226000  E=2.754776307951e+01  Q=5.300000000000e+01  λ=1.019296e+00  dt=1.306e-03  relΔE=1.651e-13  ||F||=1.012e-05
 step=226500  E=2.754776307754e+01  Q=5.300000000000e+01  λ=1.019296e+00  dt=1.011e-03  relΔE=1.243e-13  ||F||=9.978e-06
 step=227000  E=2.754776307557e+01  Q=5.300000000000e+01  λ=1.019296e+00  dt=7.823e-04  relΔE=9.337e-14  ||F||=9.836e-06
 step=227500  E=2.754776307373e+01  Q=5.300000000000e+01  λ=1.019297e+00  dt=1.211e-03  relΔE=1.390e-13  ||F||=9.702e-06
 step=228000  E=2.754776307192e+01  Q=5.300000000000e+01  λ=1.019297e+00  dt=9.372e-04  relΔE=1.045e-13  ||F||=9.567e-06
 step=228500  E=2.754776307013e+01  Q=5.300000000000e+01  λ=1.019297e+00  dt=1.451e-03  relΔE=1.558e-13  ||F||=1.182e-05
 step=229000  E=2.754776306848e+01  Q=5.300000000000e+01  λ=1.019297e+00  dt=1.123e-03  relΔE=1.175e-13  ||F||=9.304e-06
 step=229500  E=2.754776306682e+01  Q=5.300000000000e+01  λ=1.019297e+00  dt=8.690e-04  relΔE=8.770e-14  ||F||=9.173e-06
 step=230000  E=2.754776306523e+01  Q=5.300000000000e+01  λ=1.019297e+00  dt=1.345e-03  relΔE=1.317e-13  ||F||=9.045e-06
 step=230500  E=2.754776306372e+01  Q=5.300000000000e+01  λ=1.019297e+00  dt=1.041e-03  relΔE=9.840e-14  ||F||=8.921e-06
 step=231000  E=2.754776306221e+01  Q=5.300000000000e+01  λ=1.019297e+00  dt=8.058e-04  relΔE=7.364e-14  ||F||=8.795e-06
 step=231500  E=2.754776306078e+01  Q=5.300000000000e+01  λ=1.019297e+00  dt=1.247e-03  relΔE=1.109e-13  ||F||=8.674e-06
 step=232000  E=2.754776305940e+01  Q=5.300000000000e+01  λ=1.019297e+00  dt=9.654e-04  relΔE=8.254e-14  ||F||=8.555e-06
 step=232500  E=2.754776305801e+01  Q=5.300000000000e+01  λ=1.019297e+00  dt=7.472e-04  relΔE=6.190e-14  ||F||=9.884e-06
 step=233000  E=2.754776305675e+01  Q=5.300000000000e+01  λ=1.019297e+00  dt=1.157e-03  relΔE=9.311e-14  ||F||=8.319e-06
 step=233500  E=2.754776305548e+01  Q=5.300000000000e+01  λ=1.019297e+00  dt=8.951e-04  relΔE=6.925e-14  ||F||=8.203e-06
 step=234000  E=2.754776305425e+01  Q=5.300000000000e+01  λ=1.019297e+00  dt=1.386e-03  relΔE=1.037e-13  ||F||=8.088e-06
 step=234500  E=2.754776305310e+01  Q=5.300000000000e+01  λ=1.019297e+00  dt=1.072e-03  relΔE=7.764e-14  ||F||=7.977e-06
 step=235000  E=2.754776305195e+01  Q=5.300000000000e+01  λ=1.019298e+00  dt=8.300e-04  relΔE=5.791e-14  ||F||=7.866e-06
 step=235500  E=2.754776305085e+01  Q=5.300000000000e+01  λ=1.019298e+00  dt=1.285e-03  relΔE=8.718e-14  ||F||=7.757e-06
 step=236000  E=2.754776304980e+01  Q=5.300000000000e+01  λ=1.019298e+00  dt=9.944e-04  relΔE=6.500e-14  ||F||=7.650e-06
 step=236500  E=2.754776304874e+01  Q=5.300000000000e+01  λ=1.019298e+00  dt=7.696e-04  relΔE=4.926e-14  ||F||=7.542e-06
 step=237000  E=2.754776304777e+01  Q=5.300000000000e+01  λ=1.019298e+00  dt=1.191e-03  relΔE=7.261e-14  ||F||=7.440e-06
 step=237500  E=2.754776304682e+01  Q=5.300000000000e+01  λ=1.019298e+00  dt=7.684e-04  relΔE=4.552e-14  ||F||=7.338e-06
 step=238000  E=2.754776304592e+01  Q=5.300000000000e+01  λ=1.019298e+00  dt=1.189e-03  relΔE=6.784e-14  ||F||=7.239e-06
 step=238500  E=2.754776304502e+01  Q=5.300000000000e+01  λ=1.019298e+00  dt=9.206e-04  relΔE=5.107e-14  ||F||=7.138e-06
 step=239000  E=2.754776304413e+01  Q=5.300000000000e+01  λ=1.019298e+00  dt=1.425e-03  relΔE=7.596e-14  ||F||=7.059e-06
 step=239500  E=2.754776304332e+01  Q=5.300000000000e+01  λ=1.019298e+00  dt=1.103e-03  relΔE=5.687e-14  ||F||=6.942e-06
 step=240000  E=2.754776304250e+01  Q=5.300000000000e+01  λ=1.019298e+00  dt=8.536e-04  relΔE=4.243e-14  ||F||=6.845e-06
 step=240500  E=2.754776304172e+01  Q=5.300000000000e+01  λ=1.019298e+00  dt=1.321e-03  relΔE=6.332e-14  ||F||=6.750e-06
 step=241000  E=2.754776304098e+01  Q=5.300000000000e+01  λ=1.019298e+00  dt=1.023e-03  relΔE=4.733e-14  ||F||=6.657e-06
 step=241500  E=2.754776304023e+01  Q=5.300000000000e+01  λ=1.019298e+00  dt=7.915e-04  relΔE=3.508e-14  ||F||=6.563e-06
 step=242000  E=2.754776303954e+01  Q=5.300000000000e+01  λ=1.019298e+00  dt=1.225e-03  relΔE=5.339e-14  ||F||=6.474e-06
 step=242500  E=2.754776303887e+01  Q=5.300000000000e+01  λ=1.019298e+00  dt=9.483e-04  relΔE=3.959e-14  ||F||=6.384e-06
 step=243000  E=2.754776303820e+01  Q=5.300000000000e+01  λ=1.019298e+00  dt=1.468e-03  relΔE=5.417e-14  ||F||=5.468e-05
 step=243500  E=2.754776303759e+01  Q=5.300000000000e+01  λ=1.019298e+00  dt=1.136e-03  relΔE=4.424e-14  ||F||=6.209e-06
 step=244000  E=2.754776303697e+01  Q=5.300000000000e+01  λ=1.019298e+00  dt=8.793e-04  relΔE=3.289e-14  ||F||=6.122e-06
 step=244500  E=2.754776303638e+01  Q=5.300000000000e+01  λ=1.019299e+00  dt=1.361e-03  relΔE=4.901e-14  ||F||=6.037e-06
 step=245000  E=2.754776303583e+01  Q=5.300000000000e+01  λ=1.019299e+00  dt=1.053e-03  relΔE=3.650e-14  ||F||=5.955e-06
 step=245500  E=2.754776303528e+01  Q=5.300000000000e+01  λ=1.019299e+00  dt=8.153e-04  relΔE=2.747e-14  ||F||=5.872e-06
 step=246000  E=2.754776303476e+01  Q=5.300000000000e+01  λ=1.019299e+00  dt=1.262e-03  relΔE=4.101e-14  ||F||=5.791e-06
 step=246500  E=2.754776303426e+01  Q=5.300000000000e+01  λ=1.019299e+00  dt=9.768e-04  relΔE=3.069e-14  ||F||=5.712e-06
 step=247000  E=2.754776303376e+01  Q=5.300000000000e+01  λ=1.019299e+00  dt=7.560e-04  relΔE=2.244e-14  ||F||=5.630e-06
 step=247500  E=2.754776303330e+01  Q=5.300000000000e+01  λ=1.019299e+00  dt=1.170e-03  relΔE=3.366e-14  ||F||=5.555e-06
 step=248000  E=2.754776303285e+01  Q=5.300000000000e+01  λ=1.019299e+00  dt=9.057e-04  relΔE=2.515e-14  ||F||=5.478e-06
 step=248500  E=2.754776303240e+01  Q=5.300000000000e+01  λ=1.019299e+00  dt=1.402e-03  relΔE=3.753e-14  ||F||=5.402e-06
 step=249000  E=2.754776303200e+01  Q=5.300000000000e+01  λ=1.019299e+00  dt=1.085e-03  relΔE=2.811e-14  ||F||=5.328e-06
 step=249500  E=2.754776303159e+01  Q=5.300000000000e+01  λ=1.019299e+00  dt=8.398e-04  relΔE=2.063e-14  ||F||=5.253e-06
 step=250000  E=2.754776303120e+01  Q=5.300000000000e+01  λ=1.019299e+00  dt=1.300e-03  relΔE=3.121e-14  ||F||=5.181e-06
 step=250500  E=2.754776303083e+01  Q=5.300000000000e+01  λ=1.019299e+00  dt=1.006e-03  relΔE=2.270e-14  ||F||=5.110e-06
 step=251000  E=2.754776303047e+01  Q=5.300000000000e+01  λ=1.019299e+00  dt=7.787e-04  relΔE=1.741e-14  ||F||=5.038e-06
 step=251500  E=2.754776303013e+01  Q=5.300000000000e+01  λ=1.019299e+00  dt=1.205e-03  relΔE=2.528e-14  ||F||=4.970e-06
 step=252000  E=2.754776302980e+01  Q=5.300000000000e+01  λ=1.019299e+00  dt=9.330e-04  relΔE=1.909e-14  ||F||=4.901e-06
 step=252500  E=2.754776302948e+01  Q=5.300000000000e+01  λ=1.019299e+00  dt=1.444e-03  relΔE=2.799e-14  ||F||=6.257e-06
 step=253000  E=2.754776302918e+01  Q=5.300000000000e+01  λ=1.019299e+00  dt=1.118e-03  relΔE=2.115e-14  ||F||=4.767e-06
 step=253500  E=2.754776302888e+01  Q=5.300000000000e+01  λ=1.019299e+00  dt=8.651e-04  relΔE=1.560e-14  ||F||=4.701e-06
 step=254000  E=2.754776302860e+01  Q=5.300000000000e+01  λ=1.019299e+00  dt=1.339e-03  relΔE=2.270e-14  ||F||=4.636e-06
 step=254500  E=2.754776302834e+01  Q=5.300000000000e+01  λ=1.019299e+00  dt=1.036e-03  relΔE=1.689e-14  ||F||=4.573e-06
 step=255000  E=2.754776302808e+01  Q=5.300000000000e+01  λ=1.019299e+00  dt=8.022e-04  relΔE=1.277e-14  ||F||=4.509e-06
 step=255500  E=2.754776302783e+01  Q=5.300000000000e+01  λ=1.019299e+00  dt=1.242e-03  relΔE=1.857e-14  ||F||=4.447e-06
 step=256000  E=2.754776302760e+01  Q=5.300000000000e+01  λ=1.019299e+00  dt=9.610e-04  relΔE=1.354e-14  ||F||=4.386e-06
 step=256500  E=2.754776302736e+01  Q=5.300000000000e+01  λ=1.019299e+00  dt=7.438e-04  relΔE=1.058e-14  ||F||=4.882e-06
 step=257000  E=2.754776302715e+01  Q=5.300000000000e+01  λ=1.019299e+00  dt=1.151e-03  relΔE=1.535e-14  ||F||=4.266e-06
 step=257500  E=2.754776302694e+01  Q=5.300000000000e+01  λ=1.019299e+00  dt=8.911e-04  relΔE=1.109e-14  ||F||=4.207e-06
 step=258000  E=2.754776302674e+01  Q=5.300000000000e+01  λ=1.019300e+00  dt=1.379e-03  relΔE=1.664e-14  ||F||=4.148e-06
 step=258500  E=2.754776302655e+01  Q=5.300000000000e+01  λ=1.019300e+00  dt=1.068e-03  relΔE=1.251e-14  ||F||=4.092e-06
 step=259000  E=2.754776302637e+01  Q=5.300000000000e+01  λ=1.019300e+00  dt=8.263e-04  relΔE=9.286e-15  ||F||=4.035e-06
 step=259500  E=2.754776302620e+01  Q=5.300000000000e+01  λ=1.019300e+00  dt=1.279e-03  relΔE=1.341e-14  ||F||=3.979e-06
 step=260000  E=2.754776302603e+01  Q=5.300000000000e+01  λ=1.019300e+00  dt=9.899e-04  relΔE=9.930e-15  ||F||=3.925e-06
 step=260500  E=2.754776302587e+01  Q=5.300000000000e+01  λ=1.019300e+00  dt=7.662e-04  relΔE=7.480e-15  ||F||=3.870e-06
 step=261000  E=2.754776302573e+01  Q=5.300000000000e+01  λ=1.019300e+00  dt=1.186e-03  relΔE=1.135e-14  ||F||=3.818e-06
 step=261500  E=2.754776302558e+01  Q=5.300000000000e+01  λ=1.019300e+00  dt=7.649e-04  relΔE=6.835e-15  ||F||=3.766e-06
 step=262000  E=2.754776302545e+01  Q=5.300000000000e+01  λ=1.019300e+00  dt=1.184e-03  relΔE=9.930e-15  ||F||=3.715e-06
 step=262500  E=2.754776302532e+01  Q=5.300000000000e+01  λ=1.019300e+00  dt=7.637e-04  relΔE=6.190e-15  ||F||=3.665e-06
 step=263000  E=2.754776302520e+01  Q=5.300000000000e+01  λ=1.019300e+00  dt=1.182e-03  relΔE=9.157e-15  ||F||=3.616e-06
 step=263500  E=2.754776302509e+01  Q=5.300000000000e+01  λ=1.019300e+00  dt=9.149e-04  relΔE=6.577e-15  ||F||=3.566e-06
 step=264000  E=2.754776302497e+01  Q=5.300000000000e+01  λ=1.019300e+00  dt=1.416e-03  relΔE=9.543e-15  ||F||=3.527e-06
 step=264500  E=2.754776302487e+01  Q=5.300000000000e+01  λ=1.019300e+00  dt=1.096e-03  relΔE=6.964e-15  ||F||=3.469e-06
 step=265000  E=2.754776302477e+01  Q=5.300000000000e+01  λ=1.019300e+00  dt=8.484e-04  relΔE=5.417e-15  ||F||=3.421e-06
 step=265500  E=2.754776302468e+01  Q=5.300000000000e+01  λ=1.019300e+00  dt=1.313e-03  relΔE=7.093e-15  ||F||=3.373e-06
 step=266000  E=2.754776302459e+01  Q=5.300000000000e+01  λ=1.019300e+00  dt=1.016e-03  relΔE=5.030e-15  ||F||=3.328e-06
 step=266500  E=2.754776302450e+01  Q=5.300000000000e+01  λ=1.019300e+00  dt=7.867e-04  relΔE=4.127e-15  ||F||=3.281e-06
 step=267000  E=2.754776302443e+01  Q=5.300000000000e+01  λ=1.019300e+00  dt=1.218e-03  relΔE=5.803e-15  ||F||=3.237e-06
 step=267500  E=2.754776302435e+01  Q=5.300000000000e+01  λ=1.019300e+00  dt=9.425e-04  relΔE=4.127e-15  ||F||=3.192e-06
 step=268000  E=2.754776302428e+01  Q=5.300000000000e+01  λ=1.019300e+00  dt=1.459e-03  relΔE=5.546e-15  ||F||=1.980e-05
 step=268500  E=2.754776302422e+01  Q=5.300000000000e+01  λ=1.019300e+00  dt=1.129e-03  relΔE=4.643e-15  ||F||=3.105e-06
 step=269000  E=2.754776302416e+01  Q=5.300000000000e+01  λ=1.019300e+00  dt=8.739e-04  relΔE=3.353e-15  ||F||=3.062e-06
 step=269500  E=2.754776302410e+01  Q=5.300000000000e+01  λ=1.019300e+00  dt=1.353e-03  relΔE=4.514e-15  ||F||=3.020e-06
 step=270000  E=2.754776302405e+01  Q=5.300000000000e+01  λ=1.019300e+00  dt=1.047e-03  relΔE=3.353e-15  ||F||=2.979e-06
 step=270500  E=2.754776302400e+01  Q=5.300000000000e+01  λ=1.019300e+00  dt=8.103e-04  relΔE=2.579e-15  ||F||=2.938e-06
 step=271000  E=2.754776302395e+01  Q=5.300000000000e+01  λ=1.019300e+00  dt=1.254e-03  relΔE=3.611e-15  ||F||=2.898e-06
 step=271500  E=2.754776302391e+01  Q=5.300000000000e+01  λ=1.019300e+00  dt=9.708e-04  relΔE=2.579e-15  ||F||=2.859e-06
 step=272000  E=2.754776302387e+01  Q=5.300000000000e+01  λ=1.019300e+00  dt=7.514e-04  relΔE=1.161e-15  ||F||=2.818e-06
 step=272500  E=2.754776302384e+01  Q=5.300000000000e+01  λ=1.019300e+00  dt=1.163e-03  relΔE=2.321e-15  ||F||=2.781e-06
 step=273000  E=2.754776302381e+01  Q=5.300000000000e+01  λ=1.019300e+00  dt=9.002e-04  relΔE=1.806e-15  ||F||=2.743e-06
 step=273500  E=2.754776302378e+01  Q=5.300000000000e+01  λ=1.019300e+00  dt=1.393e-03  relΔE=2.063e-15  ||F||=2.705e-06
 step=274000  E=2.754776302375e+01  Q=5.300000000000e+01  λ=1.019300e+00  dt=1.078e-03  relΔE=1.161e-15  ||F||=2.668e-06
 step=274500  E=2.754776302373e+01  Q=5.300000000000e+01  λ=1.019300e+00  dt=8.347e-04  relΔE=1.032e-15  ||F||=2.631e-06
 step=275000  E=2.754776302371e+01  Q=5.300000000000e+01  λ=1.019300e+00  dt=1.292e-03  relΔE=1.677e-15  ||F||=2.595e-06
 step=275500  E=2.754776302369e+01  Q=5.300000000000e+01  λ=1.019300e+00  dt=1.000e-03  relΔE=1.032e-15  ||F||=2.560e-06
 step=276000  E=2.754776302368e+01  Q=5.300000000000e+01  λ=1.019300e+00  dt=7.740e-04  relΔE=3.869e-16  ||F||=2.525e-06
 step=276500  E=2.754776302367e+01  Q=5.300000000000e+01  λ=1.019300e+00  dt=1.198e-03  relΔE=7.738e-16  ||F||=2.491e-06
 step=277000  E=2.754776302366e+01  Q=5.300000000000e+01  λ=1.019300e+00  dt=9.272e-04  relΔE=6.448e-16  ||F||=2.457e-06
 step=277500  E=2.754776302365e+01  Q=5.300000000000e+01  λ=1.019300e+00  dt=1.435e-03  relΔE=9.028e-16  ||F||=2.815e-06
  !! dt fell below dt_min: stiffness-limited termination.

Stationary candidate (aggressive): E=2.754776302364e+01, Q=5.300000000000e+01, maxρ=9.711589e-02

=== Stability test (damped inertial dynamics) ===
Perturb eps=0.02, gamma=1
t=0: E=3.019064235258e+01, Q=5.300000000000e+01, maxρ=1.011822e-01, σ=5.596464e+00, Rc=1.745612e+01
 step=     1  E=3.019062898251e+01  Q=5.300000000000e+01  λ=1.418025e+00  maxρ=1.011821e-01  minρ=5.039e-10  σ=5.596464e+00  Rc=1.745612e+01
 step=   300  E=2.964272791995e+01  Q=5.300000000000e+01  λ=1.310881e+00  maxρ=1.008177e-01  minρ=5.053e-10  σ=5.596461e+00  Rc=1.745612e+01
 step=   600  E=2.854355710329e+01  Q=5.300000000000e+01  λ=1.117767e+00  maxρ=1.003347e-01  minρ=5.095e-10  σ=5.596455e+00  Rc=1.745613e+01
 step=   900  E=2.790621119949e+01  Q=5.300000000000e+01  λ=1.058323e+00  maxρ=9.961998e-02  minρ=5.081e-10  σ=5.596454e+00  Rc=1.745613e+01
 step=  1200  E=2.815844976831e+01  Q=5.300000000000e+01  λ=1.171920e+00  maxρ=9.931970e-02  minρ=5.018e-10  σ=5.596457e+00  Rc=1.745612e+01
 step=  1500  E=2.881714032389e+01  Q=5.300000000000e+01  λ=1.291773e+00  maxρ=9.960056e-02  minρ=4.987e-10  σ=5.596458e+00  Rc=1.745612e+01
 step=  1800  E=2.914594922901e+01  Q=5.300000000000e+01  λ=1.273718e+00  maxρ=9.968352e-02  minρ=4.988e-10  σ=5.596454e+00  Rc=1.745612e+01
 step=  2100  E=2.894364985542e+01  Q=5.300000000000e+01  λ=1.166996e+00  maxρ=9.919418e-02  minρ=4.979e-10  σ=5.596450e+00  Rc=1.745613e+01
 step=  2400  E=2.860159336097e+01  Q=5.300000000000e+01  λ=1.121094e+00  maxρ=9.898895e-02  minρ=4.821e-10  σ=5.596452e+00  Rc=1.745612e+01
 step=  2700  E=2.852439358599e+01  Q=5.300000000000e+01  λ=1.181617e+00  maxρ=9.914609e-02  minρ=4.748e-10  σ=5.596458e+00  Rc=1.745612e+01
 step=  3000  E=2.869070965427e+01  Q=5.300000000000e+01  λ=1.249718e+00  maxρ=1.003921e-01  minρ=4.809e-10  σ=5.596460e+00  Rc=1.745612e+01
 step=  3300  E=2.880532331445e+01  Q=5.300000000000e+01  λ=1.232694e+00  maxρ=1.006511e-01  minρ=4.792e-10  σ=5.596456e+00  Rc=1.745613e+01
 step=  3600  E=2.871969726206e+01  Q=5.300000000000e+01  λ=1.162820e+00  maxρ=1.001995e-01  minρ=4.801e-10  σ=5.596451e+00  Rc=1.745613e+01
 step=  3900  E=2.856660620404e+01  Q=5.300000000000e+01  λ=1.135196e+00  maxρ=9.969065e-02  minρ=4.686e-10  σ=5.596452e+00  Rc=1.745613e+01
 step=  4200  E=2.852474728901e+01  Q=5.300000000000e+01  λ=1.173641e+00  maxρ=9.908043e-02  minρ=4.475e-10  σ=5.596458e+00  Rc=1.745612e+01
 step=  4500  E=2.859047881217e+01  Q=5.300000000000e+01  λ=1.211696e+00  maxρ=9.916344e-02  minρ=4.388e-10  σ=5.596461e+00  Rc=1.745612e+01
 step=  4800  E=2.863226969579e+01  Q=5.300000000000e+01  λ=1.195567e+00  maxρ=9.963121e-02  minρ=4.465e-10  σ=5.596457e+00  Rc=1.745612e+01
 step=  5100  E=2.858829493461e+01  Q=5.300000000000e+01  λ=1.153231e+00  maxρ=9.949260e-02  minρ=4.251e-10  σ=5.596452e+00  Rc=1.745613e+01
 step=  5400  E=2.852362364657e+01  Q=5.300000000000e+01  λ=1.143263e+00  maxρ=9.914125e-02  minρ=4.079e-10  σ=5.596451e+00  Rc=1.745612e+01
 step=  5700  E=2.851036756552e+01  Q=5.300000000000e+01  λ=1.171183e+00  maxρ=9.908385e-02  minρ=4.106e-10  σ=5.596453e+00  Rc=1.745612e+01
 step=  6000  E=2.853053761848e+01  Q=5.300000000000e+01  λ=1.190750e+00  maxρ=9.923893e-02  minρ=4.304e-10  σ=5.596454e+00  Rc=1.745612e+01
 >>> No runaway detected in this horizon. Likely stable (within this model & box).

STABILITY: PASS
