
=== Aggressive relaxation to Q = 1295 ===
Initial: E=8.453576472163e+02, Q=1.295000000000e+03, dt=1.000e-04
 step=     1  E=8.453271518161e+02  Q=1.295000000000e+03  λ=1.337378e+00  dt=1.000e-04  relΔE=3.607e-05  ||F||=4.858e-01
 step=   500  E=8.134058047689e+02  Q=1.295000000000e+03  λ=1.260067e+00  dt=6.192e-04  relΔE=1.275e-04  ||F||=3.944e-01
 step=  1000  E=7.542370802153e+02  Q=1.295000000000e+03  λ=1.120053e+00  dt=9.584e-04  relΔE=8.318e-05  ||F||=2.465e-01
 step=  1500  E=7.252620479764e+02  Q=1.295000000000e+03  λ=1.053673e+00  dt=1.484e-03  relΔE=6.822e-05  ||F||=3.951e-01
 step=  2000  E=7.094365858464e+02  Q=1.295000000000e+03  λ=1.018439e+00  dt=1.148e-03  relΔE=3.574e-05  ||F||=1.431e-01
 step=  2500  E=6.980285082465e+02  Q=1.295000000000e+03  λ=9.940604e-01  dt=8.887e-04  relΔE=2.018e-05  ||F||=1.213e-01
 step=  3000  E=6.896404414228e+02  Q=1.295000000000e+03  λ=9.769082e-01  dt=1.376e-03  relΔE=2.460e-05  ||F||=1.070e-01
 step=  3500  E=6.830387551997e+02  Q=1.295000000000e+03  λ=9.639262e-01  dt=1.065e-03  relΔE=1.588e-05  ||F||=9.719e-02
 step=  4000  E=6.772911704513e+02  Q=1.295000000000e+03  λ=9.530348e-01  dt=8.241e-04  relΔE=1.051e-05  ||F||=8.952e-02
 step=  4500  E=6.725104380904e+02  Q=1.295000000000e+03  λ=9.442736e-01  dt=1.276e-03  relΔE=1.429e-05  ||F||=8.359e-02
 step=  5000  E=6.682950347480e+02  Q=1.295000000000e+03  λ=9.367482e-01  dt=9.873e-04  relΔE=9.861e-06  ||F||=7.867e-02
 step=  5500  E=6.643893349808e+02  Q=1.295000000000e+03  λ=9.300134e-01  dt=1.528e-03  relΔE=1.172e-05  ||F||=3.770e-01
 step=  6000  E=6.610890987187e+02  Q=1.295000000000e+03  λ=9.243180e-01  dt=1.183e-03  relΔE=9.639e-06  ||F||=7.067e-02
 step=  6500  E=6.579915955693e+02  Q=1.295000000000e+03  λ=9.191253e-01  dt=9.154e-04  relΔE=6.822e-06  ||F||=6.743e-02
 step=  7000  E=6.551559496921e+02  Q=1.295000000000e+03  λ=9.144530e-01  dt=1.417e-03  relΔE=9.671e-06  ||F||=6.438e-02
 step=  7500  E=6.526175676298e+02  Q=1.295000000000e+03  λ=9.103233e-01  dt=1.097e-03  relΔE=6.912e-06  ||F||=6.175e-02
 step=  8000  E=6.502198830060e+02  Q=1.295000000000e+03  λ=9.064722e-01  dt=8.488e-04  relΔE=4.978e-06  ||F||=5.945e-02
 step=  8500  E=6.481342091888e+02  Q=1.295000000000e+03  λ=9.031623e-01  dt=1.095e-03  relΔE=5.953e-06  ||F||=5.715e-02
 step=  9000  E=6.460391171653e+02  Q=1.295000000000e+03  λ=8.998688e-01  dt=8.475e-04  relΔE=4.311e-06  ||F||=5.520e-02
 step=  9500  E=6.441578533338e+02  Q=1.295000000000e+03  λ=8.969434e-01  dt=1.312e-03  relΔE=6.202e-06  ||F||=5.313e-02
 step= 10000  E=6.424092052127e+02  Q=1.295000000000e+03  λ=8.942445e-01  dt=1.015e-03  relΔE=4.502e-06  ||F||=5.138e-02
 step= 10500  E=6.407126635350e+02  Q=1.295000000000e+03  λ=8.916483e-01  dt=7.858e-04  relΔE=3.401e-06  ||F||=5.073e-02
 step= 11000  E=6.391976207478e+02  Q=1.295000000000e+03  λ=8.893500e-01  dt=1.216e-03  relΔE=4.768e-06  ||F||=4.819e-02
 step= 11500  E=6.377314935916e+02  Q=1.295000000000e+03  λ=8.871395e-01  dt=9.414e-04  relΔE=3.484e-06  ||F||=4.677e-02
 step= 12000  E=6.363296258168e+02  Q=1.295000000000e+03  λ=8.850435e-01  dt=1.457e-03  relΔE=5.087e-06  ||F||=4.541e-02
 step= 12500  E=6.350635302315e+02  Q=1.295000000000e+03  λ=8.831604e-01  dt=1.128e-03  relΔE=3.734e-06  ||F||=4.414e-02
 step= 13000  E=6.338123613964e+02  Q=1.295000000000e+03  λ=8.813118e-01  dt=8.730e-04  relΔE=2.748e-06  ||F||=4.300e-02
 step= 13500  E=6.326545807767e+02  Q=1.295000000000e+03  λ=8.796139e-01  dt=1.351e-03  relΔE=4.031e-06  ||F||=4.183e-02
 step= 14000  E=6.315552734572e+02  Q=1.295000000000e+03  λ=8.780094e-01  dt=1.046e-03  relΔE=2.972e-06  ||F||=4.078e-02
 step= 14500  E=6.304828804163e+02  Q=1.295000000000e+03  λ=8.764538e-01  dt=8.095e-04  relΔE=2.234e-06  ||F||=4.017e-02
 step= 15000  E=6.294971725452e+02  Q=1.295000000000e+03  λ=8.750338e-01  dt=1.253e-03  relΔE=3.242e-06  ||F||=3.885e-02
 step= 15500  E=6.285400184235e+02  Q=1.295000000000e+03  λ=8.736611e-01  dt=9.698e-04  relΔE=2.403e-06  ||F||=3.799e-02
 step= 16000  E=6.276011813259e+02  Q=1.295000000000e+03  λ=8.723308e-01  dt=1.501e-03  relΔE=3.358e-06  ||F||=1.243e-01
 step= 16500  E=6.267527226835e+02  Q=1.295000000000e+03  λ=8.711212e-01  dt=1.162e-03  relΔE=2.644e-06  ||F||=3.636e-02
 step= 17000  E=6.259036886832e+02  Q=1.295000000000e+03  λ=8.699242e-01  dt=8.992e-04  relΔE=1.969e-06  ||F||=3.564e-02
 step= 17500  E=6.250933220179e+02  Q=1.295000000000e+03  λ=8.687896e-01  dt=1.392e-03  relΔE=2.928e-06  ||F||=3.491e-02
 step= 18000  E=6.243285037044e+02  Q=1.295000000000e+03  λ=8.677232e-01  dt=1.077e-03  relΔE=2.185e-06  ||F||=3.426e-02
 step= 18500  E=6.235683727771e+02  Q=1.295000000000e+03  λ=8.666695e-01  dt=8.338e-04  relΔE=1.650e-06  ||F||=3.383e-02
 step= 19000  E=6.228543991276e+02  Q=1.295000000000e+03  λ=8.656864e-01  dt=1.291e-03  relΔE=2.441e-06  ||F||=3.304e-02
 step= 19500  E=6.221619681889e+02  Q=1.295000000000e+03  λ=8.647371e-01  dt=9.989e-04  relΔE=1.830e-06  ||F||=3.250e-02
 step= 20000  E=6.214706251038e+02  Q=1.295000000000e+03  λ=8.637951e-01  dt=7.731e-04  relΔE=1.534e-06  ||F||=3.395e-02
 step= 20500  E=6.208347160595e+02  Q=1.295000000000e+03  λ=8.629337e-01  dt=1.197e-03  relΔE=2.061e-06  ||F||=3.148e-02
 step= 21000  E=6.201972374825e+02  Q=1.295000000000e+03  λ=8.620742e-01  dt=9.263e-04  relΔE=1.553e-06  ||F||=3.104e-02
 step= 21500  E=6.195727670180e+02  Q=1.295000000000e+03  λ=8.612381e-01  dt=1.434e-03  relΔE=2.335e-06  ||F||=3.061e-02
 step= 22000  E=6.189876913034e+02  Q=1.295000000000e+03  λ=8.604580e-01  dt=1.110e-03  relΔE=1.763e-06  ||F||=3.019e-02
 step= 22500  E=6.183927982661e+02  Q=1.295000000000e+03  λ=8.596692e-01  dt=8.589e-04  relΔE=1.338e-06  ||F||=2.988e-02
 step= 23000  E=6.178513090367e+02  Q=1.295000000000e+03  λ=8.589556e-01  dt=1.108e-03  relΔE=1.681e-06  ||F||=2.948e-02
 step= 23500  E=6.172812757891e+02  Q=1.295000000000e+03  λ=8.582078e-01  dt=8.575e-04  relΔE=1.278e-06  ||F||=2.920e-02
 step= 24000  E=6.167372826468e+02  Q=1.295000000000e+03  λ=8.574987e-01  dt=1.327e-03  relΔE=1.933e-06  ||F||=2.885e-02
 step= 24500  E=6.162070366808e+02  Q=1.295000000000e+03  λ=8.568102e-01  dt=1.027e-03  relΔE=1.470e-06  ||F||=2.859e-02
 step= 25000  E=6.156688363395e+02  Q=1.295000000000e+03  λ=8.561151e-01  dt=7.951e-04  relΔE=1.165e-06  ||F||=2.893e-02
 step= 25500  E=6.151621640396e+02  Q=1.295000000000e+03  λ=8.554644e-01  dt=1.231e-03  relΔE=1.707e-06  ||F||=2.812e-02
 step= 26000  E=6.146526705696e+02  Q=1.295000000000e+03  λ=8.548124e-01  dt=9.526e-04  relΔE=1.305e-06  ||F||=2.794e-02
 step= 26500  E=6.141378294961e+02  Q=1.295000000000e+03  λ=8.541573e-01  dt=1.475e-03  relΔE=1.995e-06  ||F||=2.800e-02
 step= 27000  E=6.136552916456e+02  Q=1.295000000000e+03  λ=8.535450e-01  dt=1.141e-03  relΔE=1.530e-06  ||F||=2.761e-02
 step= 27500  E=6.131532152416e+02  Q=1.295000000000e+03  λ=8.529104e-01  dt=8.833e-04  relΔE=1.181e-06  ||F||=2.756e-02
 step= 28000  E=6.126859143381e+02  Q=1.295000000000e+03  λ=8.523223e-01  dt=1.139e-03  relΔE=1.506e-06  ||F||=2.740e-02
 step= 28500  E=6.121914719471e+02  Q=1.295000000000e+03  λ=8.517015e-01  dt=8.818e-04  relΔE=1.164e-06  ||F||=2.736e-02
 step= 29000  E=6.117093155645e+02  Q=1.295000000000e+03  λ=8.510985e-01  dt=1.365e-03  relΔE=1.792e-06  ||F||=2.728e-02
 step= 29500  E=6.112299095825e+02  Q=1.295000000000e+03  λ=8.504995e-01  dt=1.056e-03  relΔE=1.387e-06  ||F||=2.727e-02
 step= 30000  E=6.107373749693e+02  Q=1.295000000000e+03  λ=8.498853e-01  dt=8.177e-04  relΔE=1.093e-06  ||F||=2.751e-02
 step= 30500  E=6.102610847022e+02  Q=1.295000000000e+03  λ=8.492927e-01  dt=1.266e-03  relΔE=1.668e-06  ||F||=2.730e-02
 step= 31000  E=6.097776582175e+02  Q=1.295000000000e+03  λ=8.486909e-01  dt=9.796e-04  relΔE=1.299e-06  ||F||=2.737e-02
 step= 31500  E=6.092762692183e+02  Q=1.295000000000e+03  λ=8.480816e-01  dt=1.516e-03  relΔE=1.562e-06  ||F||=1.754e-01
 step= 32000  E=6.087997255666e+02  Q=1.295000000000e+03  λ=8.474741e-01  dt=1.174e-03  relΔE=1.581e-06  ||F||=2.757e-02
 step= 32500  E=6.082985065157e+02  Q=1.295000000000e+03  λ=8.468491e-01  dt=9.084e-04  relΔE=1.241e-06  ||F||=2.775e-02
 step= 33000  E=6.077924152222e+02  Q=1.295000000000e+03  λ=8.462176e-01  dt=1.406e-03  relΔE=1.943e-06  ||F||=2.790e-02
 step= 33500  E=6.072915584692e+02  Q=1.295000000000e+03  λ=8.455900e-01  dt=1.088e-03  relΔE=1.528e-06  ||F||=2.811e-02
 step= 34000  E=6.067656311598e+02  Q=1.295000000000e+03  λ=8.449289e-01  dt=8.423e-04  relΔE=1.213e-06  ||F||=2.846e-02
 step= 34500  E=6.062415456054e+02  Q=1.295000000000e+03  λ=8.442680e-01  dt=1.304e-03  relΔE=1.903e-06  ||F||=2.864e-02
 step= 35000  E=6.057078835147e+02  Q=1.295000000000e+03  λ=8.435909e-01  dt=1.009e-03  relΔE=1.507e-06  ||F||=2.895e-02
 step= 35500  E=6.051422635507e+02  Q=1.295000000000e+03  λ=8.428693e-01  dt=7.810e-04  relΔE=1.289e-06  ||F||=3.046e-02
 step= 36000  E=6.045906652879e+02  Q=1.295000000000e+03  λ=8.421612e-01  dt=1.209e-03  relΔE=1.902e-06  ||F||=2.969e-02
 step= 36500  E=6.040063426462e+02  Q=1.295000000000e+03  λ=8.414050e-01  dt=9.357e-04  relΔE=1.520e-06  ||F||=3.016e-02
 step= 37000  E=6.033971362788e+02  Q=1.295000000000e+03  λ=8.406111e-01  dt=1.448e-03  relΔE=2.427e-06  ||F||=3.066e-02
 step= 37500  E=6.027942528365e+02  Q=1.295000000000e+03  λ=8.398173e-01  dt=1.121e-03  relΔE=1.943e-06  ||F||=3.112e-02
 step= 38000  E=6.021411379603e+02  Q=1.295000000000e+03  λ=8.389494e-01  dt=8.676e-04  relΔE=1.566e-06  ||F||=3.174e-02
 step= 38500  E=6.014790862571e+02  Q=1.295000000000e+03  λ=8.380616e-01  dt=1.343e-03  relΔE=2.513e-06  ||F||=3.229e-02
 step= 39000  E=6.007946433909e+02  Q=1.295000000000e+03  λ=8.371326e-01  dt=1.039e-03  relΔE=2.027e-06  ||F||=3.295e-02
 step= 39500  E=6.000567905965e+02  Q=1.295000000000e+03  λ=8.361199e-01  dt=8.045e-04  relΔE=1.700e-06  ||F||=3.429e-02
 step= 40000  E=5.993164435490e+02  Q=1.295000000000e+03  λ=8.350925e-01  dt=1.245e-03  relΔE=2.656e-06  ||F||=3.442e-02
 step= 40500  E=5.985328208509e+02  Q=1.295000000000e+03  λ=8.339907e-01  dt=9.638e-04  relΔE=2.157e-06  ||F||=3.524e-02
 step= 41000  E=5.976836687716e+02  Q=1.295000000000e+03  λ=8.327831e-01  dt=1.492e-03  relΔE=3.506e-06  ||F||=4.086e-02
 step= 41500  E=5.968406677505e+02  Q=1.295000000000e+03  λ=8.315667e-01  dt=1.155e-03  relΔE=2.858e-06  ||F||=3.700e-02
 step= 42000  E=5.959131399533e+02  Q=1.295000000000e+03  λ=8.302113e-01  dt=8.937e-04  relΔE=2.343e-06  ||F||=3.805e-02
 step= 42500  E=5.949470226291e+02  Q=1.295000000000e+03  λ=8.287822e-01  dt=1.383e-03  relΔE=3.815e-06  ||F||=3.899e-02
 step= 43000  E=5.939469721110e+02  Q=1.295000000000e+03  λ=8.272815e-01  dt=1.071e-03  relΔE=3.119e-06  ||F||=4.004e-02
 step= 43500  E=5.928554835143e+02  Q=1.295000000000e+03  λ=8.256220e-01  dt=8.287e-04  relΔE=2.557e-06  ||F||=4.118e-02
 step= 44000  E=5.917372290870e+02  Q=1.295000000000e+03  λ=8.239015e-01  dt=1.283e-03  relΔE=4.181e-06  ||F||=4.228e-02
 step= 44500  E=5.905483720485e+02  Q=1.295000000000e+03  λ=8.220466e-01  dt=9.928e-04  relΔE=3.422e-06  ||F||=4.343e-02
 step= 45000  E=5.892528820033e+02  Q=1.295000000000e+03  λ=8.200024e-01  dt=7.684e-04  relΔE=3.324e-06  ||F||=8.358e-02
 step= 45500  E=5.879590070470e+02  Q=1.295000000000e+03  λ=8.179329e-01  dt=1.189e-03  relΔE=4.575e-06  ||F||=4.578e-02
 step= 46000  E=5.865536376009e+02  Q=1.295000000000e+03  λ=8.156589e-01  dt=9.206e-04  relΔE=3.739e-06  ||F||=4.699e-02
 step= 46500  E=5.850682209038e+02  Q=1.295000000000e+03  λ=8.132311e-01  dt=1.425e-03  relΔE=6.075e-06  ||F||=4.808e-02
 step= 47000  E=5.835610524295e+02  Q=1.295000000000e+03  λ=8.107378e-01  dt=1.103e-03  relΔE=4.921e-06  ||F||=4.912e-02
 step= 47500  E=5.819360963061e+02  Q=1.295000000000e+03  λ=8.080224e-01  dt=8.536e-04  relΔE=3.995e-06  ||F||=5.024e-02
 step= 48000  E=5.802833064908e+02  Q=1.295000000000e+03  λ=8.052372e-01  dt=1.321e-03  relΔE=6.383e-06  ||F||=5.097e-02
 step= 48500  E=5.785820397170e+02  Q=1.295000000000e+03  λ=8.023407e-01  dt=1.023e-03  relΔE=5.097e-06  ||F||=5.169e-02
 step= 49000  E=5.767873753925e+02  Q=1.295000000000e+03  λ=7.992596e-01  dt=7.915e-04  relΔE=4.214e-06  ||F||=5.337e-02
 step= 49500  E=5.750343709986e+02  Q=1.295000000000e+03  λ=7.962299e-01  dt=1.225e-03  relΔE=6.359e-06  ||F||=5.259e-02
 step= 50000  E=5.732302260769e+02  Q=1.295000000000e+03  λ=7.930856e-01  dt=9.483e-04  relΔE=4.965e-06  ||F||=5.274e-02
 step= 50500  E=5.713882876069e+02  Q=1.295000000000e+03  λ=7.898577e-01  dt=1.468e-03  relΔE=7.662e-06  ||F||=5.263e-02
 step= 51000  E=5.696472688464e+02  Q=1.295000000000e+03  λ=7.867834e-01  dt=1.136e-03  relΔE=5.861e-06  ||F||=5.218e-02
 step= 51500  E=5.678682403221e+02  Q=1.295000000000e+03  λ=7.836242e-01  dt=8.793e-04  relΔE=4.442e-06  ||F||=5.156e-02
 step= 52000  E=5.661810918390e+02  Q=1.295000000000e+03  λ=7.806155e-01  dt=1.361e-03  relΔE=6.625e-06  ||F||=5.053e-02
 step= 52500  E=5.645705352721e+02  Q=1.295000000000e+03  λ=7.777249e-01  dt=1.053e-03  relΔE=4.897e-06  ||F||=4.931e-02
 step= 53000  E=5.630054771607e+02  Q=1.295000000000e+03  λ=7.749025e-01  dt=8.153e-04  relΔE=3.645e-06  ||F||=4.831e-02
 step= 53500  E=5.615925815529e+02  Q=1.295000000000e+03  λ=7.723453e-01  dt=1.262e-03  relΔE=5.150e-06  ||F||=4.608e-02
 step= 54000  E=5.602721158287e+02  Q=1.295000000000e+03  λ=7.699413e-01  dt=9.768e-04  relΔE=3.672e-06  ||F||=4.417e-02
 step= 54500  E=5.590299150112e+02  Q=1.295000000000e+03  λ=7.676909e-01  dt=1.512e-03  relΔE=4.382e-06  ||F||=2.101e-01
 step= 55000  E=5.579724349606e+02  Q=1.295000000000e+03  λ=7.657279e-01  dt=1.170e-03  relΔE=3.593e-06  ||F||=3.984e-02
 step= 55500  E=5.569908324189e+02  Q=1.295000000000e+03  λ=7.639147e-01  dt=9.057e-04  relΔE=2.472e-06  ||F||=3.753e-02
 step= 56000  E=5.561277363355e+02  Q=1.295000000000e+03  λ=7.623139e-01  dt=1.402e-03  relΔE=3.357e-06  ||F||=3.512e-02
 step= 56500  E=5.553880446024e+02  Q=1.295000000000e+03  λ=7.609322e-01  dt=1.085e-03  relΔE=2.266e-06  ||F||=3.278e-02
 step= 57000  E=5.547292293327e+02  Q=1.295000000000e+03  λ=7.596943e-01  dt=8.398e-04  relΔE=1.523e-06  ||F||=3.053e-02
 step= 57500  E=5.541776211253e+02  Q=1.295000000000e+03  λ=7.586521e-01  dt=1.300e-03  relΔE=1.996e-06  ||F||=2.808e-02
 step= 58000  E=5.537087299181e+02  Q=1.295000000000e+03  λ=7.577584e-01  dt=1.006e-03  relΔE=1.312e-06  ||F||=2.586e-02
 step= 58500  E=5.532992020717e+02  Q=1.295000000000e+03  λ=7.569716e-01  dt=7.787e-04  relΔE=9.204e-07  ||F||=2.465e-02
 step= 59000  E=5.529740027619e+02  Q=1.295000000000e+03  λ=7.563419e-01  dt=1.205e-03  relΔE=1.103e-06  ||F||=2.165e-02
 step= 59500  E=5.526945024574e+02  Q=1.295000000000e+03  λ=7.557945e-01  dt=9.330e-04  relΔE=7.094e-07  ||F||=1.973e-02
 step= 60000  E=5.524611745270e+02  Q=1.295000000000e+03  λ=7.553330e-01  dt=1.444e-03  relΔE=9.019e-07  ||F||=1.788e-02
 step= 60500  E=5.522763152712e+02  Q=1.295000000000e+03  λ=7.549622e-01  dt=1.118e-03  relΔE=5.757e-07  ||F||=1.623e-02
 step= 61000  E=5.521186916666e+02  Q=1.295000000000e+03  λ=7.546418e-01  dt=8.651e-04  relΔE=3.647e-07  ||F||=1.468e-02
 step= 61500  E=5.519931544652e+02  Q=1.295000000000e+03  λ=7.543829e-01  dt=1.339e-03  relΔE=4.574e-07  ||F||=1.321e-02
 step= 62000  E=5.518914014587e+02  Q=1.295000000000e+03  λ=7.541691e-01  dt=1.036e-03  relΔE=2.875e-07  ||F||=1.190e-02
 step= 62500  E=5.518069444727e+02  Q=1.295000000000e+03  λ=7.539883e-01  dt=8.022e-04  relΔE=1.826e-07  ||F||=1.078e-02
 step= 63000  E=5.517411262293e+02  Q=1.295000000000e+03  λ=7.538446e-01  dt=1.242e-03  relΔE=2.239e-07  ||F||=9.595e-03
 step= 63500  E=5.516875098331e+02  Q=1.295000000000e+03  λ=7.537246e-01  dt=9.610e-04  relΔE=1.394e-07  ||F||=8.605e-03
 step= 64000  E=5.516432549656e+02  Q=1.295000000000e+03  λ=7.536231e-01  dt=1.488e-03  relΔE=1.717e-07  ||F||=8.114e-03
 step= 64500  E=5.516097351011e+02  Q=1.295000000000e+03  λ=7.535439e-01  dt=1.151e-03  relΔE=1.070e-07  ||F||=6.885e-03
 step= 65000  E=5.515817525343e+02  Q=1.295000000000e+03  λ=7.534757e-01  dt=8.911e-04  relΔE=6.597e-08  ||F||=6.144e-03
 step= 65500  E=5.515598044496e+02  Q=1.295000000000e+03  λ=7.534205e-01  dt=1.379e-03  relΔE=8.125e-08  ||F||=5.480e-03
 step= 66000  E=5.515424548909e+02  Q=1.295000000000e+03  λ=7.533751e-01  dt=1.068e-03  relΔE=5.013e-08  ||F||=4.891e-03
 step= 66500  E=5.515283274499e+02  Q=1.295000000000e+03  λ=7.533366e-01  dt=8.263e-04  relΔE=3.072e-08  ||F||=4.352e-03
 step= 67000  E=5.515174183604e+02  Q=1.295000000000e+03  λ=7.533056e-01  dt=1.279e-03  relΔE=3.782e-08  ||F||=3.880e-03
 step= 67500  E=5.515088343613e+02  Q=1.295000000000e+03  λ=7.532800e-01  dt=8.250e-04  relΔE=1.944e-08  ||F||=3.463e-03
 step= 68000  E=5.515019339318e+02  Q=1.295000000000e+03  λ=7.532585e-01  dt=1.277e-03  relΔE=2.391e-08  ||F||=3.086e-03
 step= 68500  E=5.514964143455e+02  Q=1.295000000000e+03  λ=7.532403e-01  dt=9.883e-04  relΔE=1.466e-08  ||F||=2.746e-03
 step= 69000  E=5.514919153101e+02  Q=1.295000000000e+03  λ=7.532275e-01  dt=1.530e-03  relΔE=7.795e-09  ||F||=7.752e-02
 step= 69500  E=5.514885674715e+02  Q=1.295000000000e+03  λ=7.532121e-01  dt=1.184e-03  relΔE=1.099e-08  ||F||=2.170e-03
 step= 70000  E=5.514858057854e+02  Q=1.295000000000e+03  λ=7.532011e-01  dt=9.164e-04  relΔE=6.708e-09  ||F||=1.926e-03
 step= 70500  E=5.514836283223e+02  Q=1.295000000000e+03  λ=7.531919e-01  dt=1.419e-03  relΔE=8.188e-09  ||F||=1.710e-03
 step= 71000  E=5.514819521823e+02  Q=1.295000000000e+03  λ=7.531842e-01  dt=1.098e-03  relΔE=5.026e-09  ||F||=1.522e-03
 step= 71500  E=5.514805854713e+02  Q=1.295000000000e+03  λ=7.531775e-01  dt=8.498e-04  relΔE=3.062e-09  ||F||=1.349e-03
 step= 72000  E=5.514795295812e+02  Q=1.295000000000e+03  λ=7.531719e-01  dt=1.315e-03  relΔE=3.749e-09  ||F||=1.199e-03
 step= 72500  E=5.514786986428e+02  Q=1.295000000000e+03  λ=7.531671e-01  dt=1.018e-03  relΔE=2.297e-09  ||F||=1.066e-03
 step= 73000  E=5.514780204508e+02  Q=1.295000000000e+03  λ=7.531629e-01  dt=7.879e-04  relΔE=1.396e-09  ||F||=9.439e-04
 step= 73500  E=5.514775111012e+02  Q=1.295000000000e+03  λ=7.531594e-01  dt=1.220e-03  relΔE=1.717e-09  ||F||=8.405e-04
 step= 74000  E=5.514770964668e+02  Q=1.295000000000e+03  λ=7.531563e-01  dt=9.440e-04  relΔE=1.049e-09  ||F||=7.460e-04
 step= 74500  E=5.514767648472e+02  Q=1.295000000000e+03  λ=7.531536e-01  dt=1.461e-03  relΔE=1.278e-09  ||F||=6.617e-04
 step= 75000  E=5.514765135567e+02  Q=1.295000000000e+03  λ=7.531514e-01  dt=1.131e-03  relΔE=7.862e-10  ||F||=5.884e-04
 step= 75500  E=5.514763076206e+02  Q=1.295000000000e+03  λ=7.531493e-01  dt=8.753e-04  relΔE=4.799e-10  ||F||=5.216e-04
 step= 76000  E=5.514761468434e+02  Q=1.295000000000e+03  λ=7.531476e-01  dt=1.355e-03  relΔE=5.877e-10  ||F||=4.632e-04
 step= 76500  E=5.514760214090e+02  Q=1.295000000000e+03  λ=7.531461e-01  dt=1.049e-03  relΔE=3.612e-10  ||F||=4.119e-04
 step= 77000  E=5.514759187425e+02  Q=1.295000000000e+03  λ=7.531447e-01  dt=8.116e-04  relΔE=2.204e-10  ||F||=3.648e-04
 step= 77500  E=5.514758402594e+02  Q=1.295000000000e+03  λ=7.531436e-01  dt=1.256e-03  relΔE=2.713e-10  ||F||=3.245e-04
 step= 78000  E=5.514757774025e+02  Q=1.295000000000e+03  λ=7.531426e-01  dt=9.724e-04  relΔE=1.667e-10  ||F||=2.883e-04
 step= 78500  E=5.514757259518e+02  Q=1.295000000000e+03  λ=7.531416e-01  dt=1.505e-03  relΔE=1.585e-10  ||F||=3.917e-03
 step= 79000  E=5.514756877170e+02  Q=1.295000000000e+03  λ=7.531409e-01  dt=1.165e-03  relΔE=1.261e-10  ||F||=2.276e-04
 step= 79500  E=5.514756558552e+02  Q=1.295000000000e+03  λ=7.531402e-01  dt=9.017e-04  relΔE=7.742e-11  ||F||=2.019e-04
 step= 80000  E=5.514756306307e+02  Q=1.295000000000e+03  λ=7.531396e-01  dt=1.396e-03  relΔE=9.527e-11  ||F||=1.792e-04
 step= 80500  E=5.514756109929e+02  Q=1.295000000000e+03  λ=7.531390e-01  dt=1.080e-03  relΔE=5.897e-11  ||F||=1.595e-04
 step= 81000  E=5.514755948571e+02  Q=1.295000000000e+03  λ=7.531386e-01  dt=8.361e-04  relΔE=3.630e-11  ||F||=1.414e-04
 step= 81500  E=5.514755822340e+02  Q=1.295000000000e+03  λ=7.531381e-01  dt=1.294e-03  relΔE=4.495e-11  ||F||=1.257e-04
 step= 82000  E=5.514755722084e+02  Q=1.295000000000e+03  λ=7.531378e-01  dt=1.002e-03  relΔE=2.791e-11  ||F||=1.119e-04
 step= 82500  E=5.514755638755e+02  Q=1.295000000000e+03  λ=7.531374e-01  dt=7.752e-04  relΔE=1.721e-11  ||F||=9.908e-05
 step= 83000  E=5.514755575405e+02  Q=1.295000000000e+03  λ=7.531372e-01  dt=1.200e-03  relΔE=2.151e-11  ||F||=8.831e-05
 step= 83500  E=5.514755522820e+02  Q=1.295000000000e+03  λ=7.531369e-01  dt=9.288e-04  relΔE=1.337e-11  ||F||=7.843e-05
 step= 84000  E=5.514755480095e+02  Q=1.295000000000e+03  λ=7.531367e-01  dt=1.438e-03  relΔE=1.662e-11  ||F||=6.958e-05
 step= 84500  E=5.514755446999e+02  Q=1.295000000000e+03  λ=7.531365e-01  dt=1.113e-03  relΔE=1.044e-11  ||F||=6.198e-05
 step= 85000  E=5.514755419271e+02  Q=1.295000000000e+03  λ=7.531363e-01  dt=8.612e-04  relΔE=6.524e-12  ||F||=5.501e-05
 step= 85500  E=5.514755397056e+02  Q=1.295000000000e+03  λ=7.531361e-01  dt=1.333e-03  relΔE=8.193e-12  ||F||=4.889e-05
 step= 86000  E=5.514755379293e+02  Q=1.295000000000e+03  λ=7.531360e-01  dt=1.032e-03  relΔE=5.174e-12  ||F||=4.353e-05
 step= 86500  E=5.514755364332e+02  Q=1.295000000000e+03  λ=7.531359e-01  dt=7.986e-04  relΔE=3.254e-12  ||F||=3.860e-05
 step= 87000  E=5.514755352549e+02  Q=1.295000000000e+03  λ=7.531358e-01  dt=1.236e-03  relΔE=4.135e-12  ||F||=3.438e-05
 step= 87500  E=5.514755342744e+02  Q=1.295000000000e+03  λ=7.531357e-01  dt=9.567e-04  relΔE=2.627e-12  ||F||=3.057e-05
 step= 88000  E=5.514755334467e+02  Q=1.295000000000e+03  λ=7.531356e-01  dt=1.481e-03  relΔE=3.257e-12  ||F||=1.800e-04
 step= 88500  E=5.514755328053e+02  Q=1.295000000000e+03  λ=7.531355e-01  dt=1.146e-03  relΔE=2.143e-12  ||F||=2.419e-05
 step= 89000  E=5.514755322503e+02  Q=1.295000000000e+03  λ=7.531354e-01  dt=8.871e-04  relΔE=1.372e-12  ||F||=2.148e-05
 step= 89500  E=5.514755317914e+02  Q=1.295000000000e+03  λ=7.531354e-01  dt=1.373e-03  relΔE=1.764e-12  ||F||=1.909e-05
 step= 90000  E=5.514755314180e+02  Q=1.295000000000e+03  λ=7.531353e-01  dt=1.063e-03  relΔE=1.143e-12  ||F||=1.701e-05
 step= 90500  E=5.514755310969e+02  Q=1.295000000000e+03  λ=7.531353e-01  dt=8.226e-04  relΔE=7.388e-13  ||F||=1.511e-05
 step= 91000  E=5.514755308321e+02  Q=1.295000000000e+03  λ=7.531352e-01  dt=1.273e-03  relΔE=9.619e-13  ||F||=1.344e-05
 step= 91500  E=5.514755306105e+02  Q=1.295000000000e+03  λ=7.531352e-01  dt=9.855e-04  relΔE=6.288e-13  ||F||=1.197e-05
 step= 92000  E=5.514755304160e+02  Q=1.295000000000e+03  λ=7.531352e-01  dt=7.627e-04  relΔE=4.096e-13  ||F||=1.061e-05
 step= 92500  E=5.514755302605e+02  Q=1.295000000000e+03  λ=7.531351e-01  dt=1.181e-03  relΔE=5.414e-13  ||F||=9.473e-06
 step= 93000  E=5.514755301234e+02  Q=1.295000000000e+03  λ=7.531351e-01  dt=9.138e-04  relΔE=3.566e-13  ||F||=8.421e-06
 step= 93500  E=5.514755300058e+02  Q=1.295000000000e+03  λ=7.531351e-01  dt=1.414e-03  relΔE=4.704e-13  ||F||=7.483e-06
 step= 94000  E=5.514755299087e+02  Q=1.295000000000e+03  λ=7.531351e-01  dt=1.095e-03  relΔE=3.131e-13  ||F||=6.672e-06
 step= 94500  E=5.514755298226e+02  Q=1.295000000000e+03  λ=7.531350e-01  dt=8.473e-04  relΔE=2.084e-13  ||F||=5.930e-06
 step= 95000  E=5.514755297493e+02  Q=1.295000000000e+03  λ=7.531350e-01  dt=1.312e-03  relΔE=2.775e-13  ||F||=5.277e-06
 step= 95500  E=5.514755296870e+02  Q=1.295000000000e+03  λ=7.531350e-01  dt=1.015e-03  relΔE=1.859e-13  ||F||=4.705e-06
 step= 96000  E=5.514755296312e+02  Q=1.295000000000e+03  λ=7.531350e-01  dt=7.857e-04  relΔE=1.247e-13  ||F||=4.177e-06
 step= 96500  E=5.514755295846e+02  Q=1.295000000000e+03  λ=7.531350e-01  dt=1.216e-03  relΔE=1.682e-13  ||F||=3.726e-06
 step= 97000  E=5.514755295433e+02  Q=1.295000000000e+03  λ=7.531350e-01  dt=9.413e-04  relΔE=1.138e-13  ||F||=3.317e-06
 step= 97500  E=5.514755295064e+02  Q=1.295000000000e+03  λ=7.531350e-01  dt=1.457e-03  relΔE=1.519e-13  ||F||=1.400e-05
 step= 98000  E=5.514755294760e+02  Q=1.295000000000e+03  λ=7.531350e-01  dt=1.128e-03  relΔE=1.033e-13  ||F||=2.629e-06
 step= 98500  E=5.514755294483e+02  Q=1.295000000000e+03  λ=7.531349e-01  dt=8.728e-04  relΔE=6.988e-14  ||F||=2.338e-06
 step= 99000  E=5.514755294242e+02  Q=1.295000000000e+03  λ=7.531349e-01  dt=1.351e-03  relΔE=9.483e-14  ||F||=2.081e-06
 step= 99500  E=5.514755294035e+02  Q=1.295000000000e+03  λ=7.531349e-01  dt=1.046e-03  relΔE=6.494e-14  ||F||=1.856e-06
 step=100000  E=5.514755293846e+02  Q=1.295000000000e+03  λ=7.531349e-01  dt=8.093e-04  relΔE=4.391e-14  ||F||=1.649e-06
 step=100500  E=5.514755293685e+02  Q=1.295000000000e+03  λ=7.531349e-01  dt=1.253e-03  relΔE=5.937e-14  ||F||=1.470e-06
 step=101000  E=5.514755293543e+02  Q=1.295000000000e+03  λ=7.531349e-01  dt=9.696e-04  relΔE=4.123e-14  ||F||=1.311e-06
 step=101500  E=5.514755293412e+02  Q=1.295000000000e+03  λ=7.531349e-01  dt=7.504e-04  relΔE=2.804e-14  ||F||=1.187e-06
 step=102000  E=5.514755293304e+02  Q=1.295000000000e+03  λ=7.531349e-01  dt=1.162e-03  relΔE=3.814e-14  ||F||=1.039e-06
 step=102500  E=5.514755293205e+02  Q=1.295000000000e+03  λ=7.531349e-01  dt=8.990e-04  relΔE=2.618e-14  ||F||=9.248e-07
 step=103000  E=5.514755293117e+02  Q=1.295000000000e+03  λ=7.531349e-01  dt=1.392e-03  relΔE=3.628e-14  ||F||=8.243e-07
 step=103500  E=5.514755293041e+02  Q=1.295000000000e+03  λ=7.531349e-01  dt=1.077e-03  relΔE=2.433e-14  ||F||=7.345e-07
 step=104000  E=5.514755292972e+02  Q=1.295000000000e+03  λ=7.531349e-01  dt=8.336e-04  relΔE=1.711e-14  ||F||=6.535e-07
 step=104500  E=5.514755292912e+02  Q=1.295000000000e+03  λ=7.531349e-01  dt=1.290e-03  relΔE=2.268e-14  ||F||=5.821e-07
 step=105000  E=5.514755292859e+02  Q=1.295000000000e+03  λ=7.531349e-01  dt=9.987e-04  relΔE=1.587e-14  ||F||=5.193e-07
 step=105500  E=5.514755292810e+02  Q=1.295000000000e+03  λ=7.531349e-01  dt=7.730e-04  relΔE=1.093e-14  ||F||=4.613e-07
 step=106000  E=5.514755292769e+02  Q=1.295000000000e+03  λ=7.531349e-01  dt=1.197e-03  relΔE=1.484e-14  ||F||=4.120e-07
 step=106500  E=5.514755292731e+02  Q=1.295000000000e+03  λ=7.531349e-01  dt=9.261e-04  relΔE=1.010e-14  ||F||=3.670e-07
 step=107000  E=5.514755292697e+02  Q=1.295000000000e+03  λ=7.531349e-01  dt=1.434e-03  relΔE=1.422e-14  ||F||=1.156e-06
 step=107500  E=5.514755292669e+02  Q=1.295000000000e+03  λ=7.531349e-01  dt=1.109e-03  relΔE=9.483e-15  ||F||=2.915e-07
 step=108000  E=5.514755292642e+02  Q=1.295000000000e+03  λ=7.531349e-01  dt=8.587e-04  relΔE=6.803e-15  ||F||=2.594e-07
 step=108500  E=5.514755292619e+02  Q=1.295000000000e+03  λ=7.531349e-01  dt=1.329e-03  relΔE=8.658e-15  ||F||=2.311e-07
 step=109000  E=5.514755292599e+02  Q=1.295000000000e+03  λ=7.531349e-01  dt=1.029e-03  relΔE=6.391e-15  ||F||=2.063e-07
 step=109500  E=5.514755292580e+02  Q=1.295000000000e+03  λ=7.531349e-01  dt=7.962e-04  relΔE=4.329e-15  ||F||=1.835e-07
 step=110000  E=5.514755292564e+02  Q=1.295000000000e+03  λ=7.531349e-01  dt=1.233e-03  relΔE=5.566e-15  ||F||=1.638e-07
 step=110500  E=5.514755292549e+02  Q=1.295000000000e+03  λ=7.531349e-01  dt=9.539e-04  relΔE=4.329e-15  ||F||=1.461e-07
 step=111000  E=5.514755292536e+02  Q=1.295000000000e+03  λ=7.531349e-01  dt=7.383e-04  relΔE=2.474e-15  ||F||=3.530e-06
 step=111500  E=5.514755292525e+02  Q=1.295000000000e+03  λ=7.531349e-01  dt=1.143e-03  relΔE=3.917e-15  ||F||=1.161e-07
 step=112000  E=5.514755292514e+02  Q=1.295000000000e+03  λ=7.531349e-01  dt=8.845e-04  relΔE=2.886e-15  ||F||=1.034e-07
 step=112500  E=5.514755292505e+02  Q=1.295000000000e+03  λ=7.531349e-01  dt=1.369e-03  relΔE=3.917e-15  ||F||=9.246e-08
 step=113000  E=5.514755292497e+02  Q=1.295000000000e+03  λ=7.531349e-01  dt=1.060e-03  relΔE=3.298e-15  ||F||=8.223e-08
 step=113500  E=5.514755292490e+02  Q=1.295000000000e+03  λ=7.531349e-01  dt=8.202e-04  relΔE=2.062e-15  ||F||=7.323e-08
 step=114000  E=5.514755292483e+02  Q=1.295000000000e+03  λ=7.531349e-01  dt=1.270e-03  relΔE=2.474e-15  ||F||=6.530e-08
 step=114500  E=5.514755292478e+02  Q=1.295000000000e+03  λ=7.531349e-01  dt=9.826e-04  relΔE=1.855e-15  ||F||=5.832e-08
 step=115000  E=5.514755292473e+02  Q=1.295000000000e+03  λ=7.531349e-01  dt=1.268e-03  relΔE=2.062e-15  ||F||=5.214e-08
 Converged (aggressive): step=115184, E=5.514755292471e+02, Q=1.295000000000e+03, dt=1.095e-03, ||F||=4.999e-08

Stationary candidate (aggressive): E=5.514755292471e+02, Q=1.295000000000e+03, maxρ=8.580735e-01

=== Stability test (damped inertial dynamics) ===
Perturb eps=0.02, gamma=1
t=0: E=6.149087887006e+02, Q=1.295000000000e+03, maxρ=8.854709e-01, σ=2.620580e+00, Rc=1.833740e+01
 step=     1  E=6.149084694668e+02  Q=1.295000000000e+03  λ=1.140518e+00  maxρ=8.854708e-01  minρ=3.502e-12  σ=2.620580e+00  Rc=1.833740e+01
 step=   300  E=6.018199193511e+02  Q=1.295000000000e+03  λ=1.037257e+00  maxρ=8.839684e-01  minρ=3.518e-12  σ=2.620577e+00  Rc=1.833741e+01
 step=   600  E=5.755030774595e+02  Q=1.295000000000e+03  λ=8.503311e-01  maxρ=8.797323e-01  minρ=3.540e-12  σ=2.620571e+00  Rc=1.833741e+01
 step=   900  E=5.601150384631e+02  Q=1.295000000000e+03  λ=7.908952e-01  maxρ=8.734666e-01  minρ=3.496e-12  σ=2.620570e+00  Rc=1.833741e+01
 step=  1200  E=5.660044440490e+02  Q=1.295000000000e+03  λ=8.988257e-01  maxρ=8.707136e-01  minρ=3.453e-12  σ=2.620572e+00  Rc=1.833740e+01
 step=  1500  E=5.818043130613e+02  Q=1.295000000000e+03  λ=1.015722e+00  maxρ=8.758186e-01  minρ=3.431e-12  σ=2.620574e+00  Rc=1.833740e+01
 step=  1800  E=5.898711129081e+02  Q=1.295000000000e+03  λ=1.001545e+00  maxρ=8.786207e-01  minρ=3.432e-12  σ=2.620571e+00  Rc=1.833740e+01
 step=  2100  E=5.851280034703e+02  Q=1.295000000000e+03  λ=8.997813e-01  maxρ=8.741463e-01  minρ=3.426e-12  σ=2.620568e+00  Rc=1.833740e+01
 step=  2400  E=5.767848733157e+02  Q=1.295000000000e+03  λ=8.528112e-01  maxρ=8.655096e-01  minρ=3.337e-12  σ=2.620569e+00  Rc=1.833740e+01
 step=  2700  E=5.747215624907e+02  Q=1.295000000000e+03  λ=9.079156e-01  maxρ=8.702105e-01  minρ=3.287e-12  σ=2.620572e+00  Rc=1.833740e+01
 step=  3000  E=5.787461225010e+02  Q=1.295000000000e+03  λ=9.741191e-01  maxρ=8.811417e-01  minρ=3.329e-12  σ=2.620572e+00  Rc=1.833740e+01
 step=  3300  E=5.817976055081e+02  Q=1.295000000000e+03  λ=9.615720e-01  maxρ=8.834045e-01  minρ=3.373e-12  σ=2.620568e+00  Rc=1.833740e+01
 step=  3600  E=5.799598240557e+02  Q=1.295000000000e+03  λ=8.965256e-01  maxρ=8.769096e-01  minρ=3.380e-12  σ=2.620564e+00  Rc=1.833740e+01
 step=  3900  E=5.761224672668e+02  Q=1.295000000000e+03  λ=8.676991e-01  maxρ=8.768557e-01  minρ=3.267e-12  σ=2.620564e+00  Rc=1.833740e+01
 step=  4200  E=5.747249320586e+02  Q=1.295000000000e+03  λ=9.007966e-01  maxρ=8.738072e-01  minρ=3.118e-12  σ=2.620568e+00  Rc=1.833739e+01
 step=  4500  E=5.761154202141e+02  Q=1.295000000000e+03  λ=9.365329e-01  maxρ=8.720468e-01  minρ=3.058e-12  σ=2.620569e+00  Rc=1.833739e+01
 step=  4800  E=5.773346490389e+02  Q=1.295000000000e+03  λ=9.237949e-01  maxρ=8.752671e-01  minρ=3.113e-12  σ=2.620565e+00  Rc=1.833739e+01
 step=  5100  E=5.766293436587e+02  Q=1.295000000000e+03  λ=8.857241e-01  maxρ=8.762932e-01  minρ=2.939e-12  σ=2.620560e+00  Rc=1.833739e+01
 step=  5400  E=5.751622716048e+02  Q=1.295000000000e+03  λ=8.755823e-01  maxρ=8.752596e-01  minρ=2.820e-12  σ=2.620558e+00  Rc=1.833739e+01
 step=  5700  E=5.746075211845e+02  Q=1.295000000000e+03  λ=8.998842e-01  maxρ=8.722683e-01  minρ=2.840e-12  σ=2.620559e+00  Rc=1.833738e+01
 step=  6000  E=5.748593684465e+02  Q=1.295000000000e+03  λ=9.175024e-01  maxρ=8.704733e-01  minρ=2.962e-12  σ=2.620560e+00  Rc=1.833738e+01
 >>> No runaway detected in this horizon. Likely stable (within this model & box).

STABILITY: PASS
