
=== Aggressive relaxation to Q = 916 ===
Initial: E=5.986606885425e+02, Q=9.160000000000e+02, dt=1.000e-04
 step=     1  E=5.986452943247e+02  Q=9.160000000000e+02  λ=1.273032e+00  dt=1.000e-04  relΔE=2.571e-05  ||F||=4.104e-01
 step=   500  E=5.817328481781e+02  Q=9.160000000000e+02  λ=1.222071e+00  dt=6.192e-04  relΔE=9.859e-05  ||F||=3.488e-01
 step=  1000  E=5.469012112319e+02  Q=9.160000000000e+02  λ=1.119945e+00  dt=9.584e-04  relΔE=7.151e-05  ||F||=2.315e-01
 step=  1500  E=5.283873966503e+02  Q=9.160000000000e+02  λ=1.067868e+00  dt=1.484e-03  relΔE=6.094e-05  ||F||=4.238e-01
 step=  2000  E=5.178944070211e+02  Q=9.160000000000e+02  λ=1.039377e+00  dt=1.148e-03  relΔE=3.295e-05  ||F||=1.396e-01
 step=  2500  E=5.101429019258e+02  Q=9.160000000000e+02  λ=1.019262e+00  dt=8.887e-04  relΔE=1.894e-05  ||F||=1.194e-01
 step=  3000  E=5.043558975941e+02  Q=9.160000000000e+02  λ=1.004888e+00  dt=1.376e-03  relΔE=2.341e-05  ||F||=1.061e-01
 step=  3500  E=4.997313365604e+02  Q=9.160000000000e+02  λ=9.938098e-01  dt=1.065e-03  relΔE=1.526e-05  ||F||=9.692e-02
 step=  4000  E=4.956690437634e+02  Q=9.160000000000e+02  λ=9.843957e-01  dt=8.241e-04  relΔE=1.022e-05  ||F||=8.976e-02
 step=  4500  E=4.922619934128e+02  Q=9.160000000000e+02  λ=9.767266e-01  dt=1.276e-03  relΔE=1.400e-05  ||F||=8.416e-02
 step=  5000  E=4.892204473109e+02  Q=9.160000000000e+02  λ=9.700298e-01  dt=9.873e-04  relΔE=9.730e-06  ||F||=7.950e-02
 step=  5500  E=4.864006587807e+02  Q=9.160000000000e+02  λ=9.642447e-01  dt=1.528e-03  relΔE=5.048e-06  ||F||=7.985e-01
 step=  6000  E=4.839843845033e+02  Q=9.160000000000e+02  λ=9.588298e-01  dt=1.183e-03  relΔE=9.641e-06  ||F||=7.191e-02
 step=  6500  E=4.817122482794e+02  Q=9.160000000000e+02  λ=9.540836e-01  dt=9.154e-04  relΔE=6.867e-06  ||F||=6.882e-02
 step=  7000  E=4.796179588143e+02  Q=9.160000000000e+02  λ=9.497725e-01  dt=1.417e-03  relΔE=9.783e-06  ||F||=6.588e-02
 step=  7500  E=4.777310301681e+02  Q=9.160000000000e+02  λ=9.459292e-01  dt=1.097e-03  relΔE=7.025e-06  ||F||=6.333e-02
 step=  8000  E=4.759430786986e+02  Q=9.160000000000e+02  λ=9.423275e-01  dt=8.488e-04  relΔE=5.100e-06  ||F||=6.122e-02
 step=  8500  E=4.743109862044e+02  Q=9.160000000000e+02  λ=9.390760e-01  dt=1.314e-03  relΔE=7.299e-06  ||F||=5.876e-02
 step=  9000  E=4.728014597460e+02  Q=9.160000000000e+02  λ=9.360924e-01  dt=1.017e-03  relΔE=5.290e-06  ||F||=5.678e-02
 step=  9500  E=4.713337836790e+02  Q=9.160000000000e+02  λ=9.332178e-01  dt=7.871e-04  relΔE=4.064e-06  ||F||=5.652e-02
 step= 10000  E=4.700265124929e+02  Q=9.160000000000e+02  λ=9.306801e-01  dt=1.218e-03  relΔE=5.587e-06  ||F||=5.315e-02
 step= 10500  E=4.687741505438e+02  Q=9.160000000000e+02  λ=9.282654e-01  dt=9.430e-04  relΔE=4.079e-06  ||F||=5.155e-02
 step= 11000  E=4.675700770827e+02  Q=9.160000000000e+02  λ=9.259645e-01  dt=1.460e-03  relΔE=5.951e-06  ||F||=4.999e-02
 step= 11500  E=4.664825343362e+02  Q=9.160000000000e+02  λ=9.238985e-01  dt=1.130e-03  relΔE=4.365e-06  ||F||=4.860e-02
 step= 12000  E=4.654118542117e+02  Q=9.160000000000e+02  λ=9.218794e-01  dt=8.744e-04  relΔE=3.211e-06  ||F||=4.732e-02
 step= 12500  E=4.644195219032e+02  Q=9.160000000000e+02  λ=9.200235e-01  dt=1.353e-03  relΔE=4.706e-06  ||F||=4.600e-02
 step= 13000  E=4.634818568597e+02  Q=9.160000000000e+02  λ=9.182796e-01  dt=1.048e-03  relΔE=3.468e-06  ||F||=4.484e-02
 step= 13500  E=4.625640839469e+02  Q=9.160000000000e+02  λ=9.165851e-01  dt=8.108e-04  relΔE=2.642e-06  ||F||=4.446e-02
 step= 14000  E=4.617217262482e+02  Q=9.160000000000e+02  λ=9.150417e-01  dt=1.255e-03  relΔE=3.781e-06  ||F||=4.269e-02
 step= 14500  E=4.609078424385e+02  Q=9.160000000000e+02  λ=9.135589e-01  dt=9.713e-04  relΔE=2.801e-06  ||F||=4.173e-02
 step= 15000  E=4.601061904420e+02  Q=9.160000000000e+02  λ=9.121144e-01  dt=1.504e-03  relΔE=4.030e-06  ||F||=1.006e-01
 step= 15500  E=4.593798912468e+02  Q=9.160000000000e+02  λ=9.108052e-01  dt=1.164e-03  relΔE=3.084e-06  ||F||=3.994e-02
 step= 16000  E=4.586572034517e+02  Q=9.160000000000e+02  λ=9.095154e-01  dt=9.007e-04  relΔE=2.301e-06  ||F||=3.918e-02
 step= 16500  E=4.579652618245e+02  Q=9.160000000000e+02  λ=9.082906e-01  dt=1.394e-03  relΔE=3.417e-06  ||F||=3.835e-02
 step= 17000  E=4.573131240803e+02  Q=9.160000000000e+02  λ=9.071425e-01  dt=1.079e-03  relΔE=2.552e-06  ||F||=3.764e-02
 step= 17500  E=4.566636526753e+02  Q=9.160000000000e+02  λ=9.060073e-01  dt=8.352e-04  relΔE=1.930e-06  ||F||=3.719e-02
 step= 18000  E=4.560533296063e+02  Q=9.160000000000e+02  λ=9.049489e-01  dt=1.293e-03  relΔE=2.855e-06  ||F||=3.633e-02
 step= 18500  E=4.554617118355e+02  Q=9.160000000000e+02  λ=9.039288e-01  dt=1.001e-03  relΔE=2.142e-06  ||F||=3.575e-02
 step= 19000  E=4.548700672956e+02  Q=9.160000000000e+02  λ=9.029163e-01  dt=7.744e-04  relΔE=1.718e-06  ||F||=3.641e-02
 step= 19500  E=4.543261158433e+02  Q=9.160000000000e+02  λ=9.019919e-01  dt=1.199e-03  relΔE=2.419e-06  ||F||=3.466e-02
 step= 20000  E=4.537775406276e+02  Q=9.160000000000e+02  λ=9.010654e-01  dt=9.278e-04  relΔE=1.826e-06  ||F||=3.421e-02
 step= 20500  E=4.532421073695e+02  Q=9.160000000000e+02  λ=9.001682e-01  dt=1.436e-03  relΔE=2.750e-06  ||F||=3.374e-02
 step= 21000  E=4.527377895353e+02  Q=9.160000000000e+02  λ=8.993276e-01  dt=1.112e-03  relΔE=2.080e-06  ||F||=3.332e-02
 step= 21500  E=4.522267351202e+02  Q=9.160000000000e+02  λ=8.984814e-01  dt=8.603e-04  relΔE=1.581e-06  ||F||=3.300e-02
 step= 22000  E=4.517363948819e+02  Q=9.160000000000e+02  λ=8.976755e-01  dt=1.332e-03  relΔE=2.388e-06  ||F||=3.258e-02
 step= 22500  E=4.512581547286e+02  Q=9.160000000000e+02  λ=8.968933e-01  dt=1.031e-03  relΔE=1.815e-06  ||F||=3.227e-02
 step= 23000  E=4.507748665766e+02  Q=9.160000000000e+02  λ=8.961077e-01  dt=7.977e-04  relΔE=1.411e-06  ||F||=3.234e-02
 step= 23500  E=4.503180284394e+02  Q=9.160000000000e+02  λ=8.953697e-01  dt=1.235e-03  relΔE=2.106e-06  ||F||=3.173e-02
 step= 24000  E=4.498585693182e+02  Q=9.160000000000e+02  λ=8.946306e-01  dt=9.557e-04  relΔE=1.610e-06  ||F||=3.151e-02
 step= 24500  E=4.493957246795e+02  Q=9.160000000000e+02  λ=8.938906e-01  dt=1.479e-03  relΔE=2.461e-06  ||F||=3.177e-02
 step= 25000  E=4.489601392109e+02  Q=9.160000000000e+02  λ=8.931961e-01  dt=1.145e-03  relΔE=1.888e-06  ||F||=3.114e-02
 step= 25500  E=4.485100419028e+02  Q=9.160000000000e+02  λ=8.924813e-01  dt=8.861e-04  relΔE=1.455e-06  ||F||=3.106e-02
 step= 26000  E=4.480712812205e+02  Q=9.160000000000e+02  λ=8.917876e-01  dt=1.372e-03  relΔE=2.231e-06  ||F||=3.090e-02
 step= 26500  E=4.476379102645e+02  Q=9.160000000000e+02  λ=8.911033e-01  dt=1.062e-03  relΔE=1.721e-06  ||F||=3.083e-02
 step= 27000  E=4.471936922248e+02  Q=9.160000000000e+02  λ=8.904033e-01  dt=8.217e-04  relΔE=1.331e-06  ||F||=3.081e-02
 step= 27500  E=4.467642390180e+02  Q=9.160000000000e+02  λ=8.897280e-01  dt=1.272e-03  relΔE=2.058e-06  ||F||=3.078e-02
 step= 28000  E=4.463346042532e+02  Q=9.160000000000e+02  λ=8.890517e-01  dt=8.203e-04  relΔE=1.337e-06  ||F||=3.087e-02
 step= 28500  E=4.459040484258e+02  Q=9.160000000000e+02  λ=8.883744e-01  dt=1.270e-03  relΔE=2.069e-06  ||F||=3.085e-02
 step= 29000  E=4.454675821159e+02  Q=9.160000000000e+02  λ=8.876861e-01  dt=9.828e-04  relΔE=1.612e-06  ||F||=3.094e-02
 step= 29500  E=4.450138729779e+02  Q=9.160000000000e+02  λ=8.870043e-01  dt=1.521e-03  relΔE=1.398e-06  ||F||=2.738e-01
 step= 30000  E=4.445815580490e+02  Q=9.160000000000e+02  λ=8.862836e-01  dt=1.177e-03  relΔE=1.968e-06  ||F||=3.121e-02
 step= 30500  E=4.441275993433e+02  Q=9.160000000000e+02  λ=8.855601e-01  dt=9.113e-04  relΔE=1.548e-06  ||F||=3.144e-02
 step= 31000  E=4.436678676394e+02  Q=9.160000000000e+02  λ=8.848241e-01  dt=1.411e-03  relΔE=2.426e-06  ||F||=3.162e-02
 step= 31500  E=4.432124570285e+02  Q=9.160000000000e+02  λ=8.840892e-01  dt=1.092e-03  relΔE=1.911e-06  ||F||=3.188e-02
 step= 32000  E=4.427341275187e+02  Q=9.160000000000e+02  λ=8.833113e-01  dt=8.450e-04  relΔE=1.523e-06  ||F||=3.234e-02
 step= 32500  E=4.422563529893e+02  Q=9.160000000000e+02  λ=8.825282e-01  dt=1.308e-03  relΔE=2.387e-06  ||F||=3.252e-02
 step= 33000  E=4.417698686973e+02  Q=9.160000000000e+02  λ=8.817218e-01  dt=1.012e-03  relΔE=1.893e-06  ||F||=3.290e-02
 step= 33500  E=4.412530257532e+02  Q=9.160000000000e+02  λ=8.808559e-01  dt=7.835e-04  relΔE=1.607e-06  ||F||=3.447e-02
 step= 34000  E=4.407485899971e+02  Q=9.160000000000e+02  λ=8.800007e-01  dt=1.213e-03  relΔE=2.394e-06  ||F||=3.376e-02
 step= 34500  E=4.402145725286e+02  Q=9.160000000000e+02  λ=8.790829e-01  dt=9.387e-04  relΔE=1.915e-06  ||F||=3.430e-02
 step= 35000  E=4.396559448134e+02  Q=9.160000000000e+02  λ=8.781103e-01  dt=1.453e-03  relΔE=3.058e-06  ||F||=3.505e-02
 step= 35500  E=4.391054449241e+02  Q=9.160000000000e+02  λ=8.771363e-01  dt=1.125e-03  relΔE=2.449e-06  ||F||=3.539e-02
 step= 36000  E=4.385076180311e+02  Q=9.160000000000e+02  λ=8.760620e-01  dt=8.704e-04  relΔE=1.977e-06  ||F||=3.613e-02
 step= 36500  E=4.379020316300e+02  Q=9.160000000000e+02  λ=8.749569e-01  dt=1.347e-03  relΔE=3.164e-06  ||F||=3.670e-02
 step= 37000  E=4.372777759141e+02  Q=9.160000000000e+02  λ=8.737970e-01  dt=1.043e-03  relΔE=2.548e-06  ||F||=3.742e-02
 step= 37500  E=4.366048044983e+02  Q=9.160000000000e+02  λ=8.725245e-01  dt=8.071e-04  relΔE=2.094e-06  ||F||=3.853e-02
 step= 38000  E=4.359321496937e+02  Q=9.160000000000e+02  λ=8.712309e-01  dt=1.249e-03  relΔE=3.323e-06  ||F||=3.897e-02
 step= 38500  E=4.352203605940e+02  Q=9.160000000000e+02  λ=8.698354e-01  dt=9.670e-04  relΔE=2.689e-06  ||F||=3.982e-02
 step= 39000  E=4.344569719429e+02  Q=9.160000000000e+02  λ=8.683129e-01  dt=1.497e-03  relΔE=4.340e-06  ||F||=5.066e-02
 step= 39500  E=4.337016700852e+02  Q=9.160000000000e+02  λ=8.667753e-01  dt=1.158e-03  relΔE=3.522e-06  ||F||=4.156e-02
 step= 40000  E=4.328788757259e+02  Q=9.160000000000e+02  λ=8.650696e-01  dt=8.966e-04  relΔE=2.861e-06  ||F||=4.254e-02
 step= 40500  E=4.320292050931e+02  Q=9.160000000000e+02  λ=8.632771e-01  dt=1.388e-03  relΔE=4.623e-06  ||F||=4.342e-02
 step= 41000  E=4.311526954208e+02  Q=9.160000000000e+02  λ=8.613911e-01  dt=1.074e-03  relΔE=3.740e-06  ||F||=4.435e-02
 step= 41500  E=4.302126243176e+02  Q=9.160000000000e+02  λ=8.593309e-01  dt=8.314e-04  relΔE=3.073e-06  ||F||=4.565e-02
 step= 42000  E=4.292598335443e+02  Q=9.160000000000e+02  λ=8.572071e-01  dt=1.287e-03  relΔE=4.880e-06  ||F||=4.618e-02
 step= 42500  E=4.282698533577e+02  Q=9.160000000000e+02  λ=8.549585e-01  dt=9.960e-04  relΔE=3.929e-06  ||F||=4.704e-02
 step= 43000  E=4.272007212578e+02  Q=9.160000000000e+02  λ=8.525106e-01  dt=7.709e-04  relΔE=4.306e-06  ||F||=2.247e-01
 step= 43500  E=4.261597209405e+02  Q=9.160000000000e+02  λ=8.500425e-01  dt=1.193e-03  relΔE=5.045e-06  ||F||=4.859e-02
 step= 44000  E=4.250528601063e+02  Q=9.160000000000e+02  λ=8.473970e-01  dt=9.236e-04  relΔE=4.028e-06  ||F||=4.928e-02
 step= 44500  E=4.239100887970e+02  Q=9.160000000000e+02  λ=8.446242e-01  dt=1.430e-03  relΔE=6.372e-06  ||F||=4.980e-02
 step= 45000  E=4.227867375430e+02  Q=9.160000000000e+02  λ=8.418516e-01  dt=1.106e-03  relΔE=5.020e-06  ||F||=5.013e-02
 step= 45500  E=4.216092031107e+02  Q=9.160000000000e+02  λ=8.389009e-01  dt=8.564e-04  relΔE=3.952e-06  ||F||=5.049e-02
 step= 46000  E=4.204460944614e+02  Q=9.160000000000e+02  λ=8.359457e-01  dt=1.326e-03  relΔE=6.108e-06  ||F||=5.038e-02
 step= 46500  E=4.192914292888e+02  Q=9.160000000000e+02  λ=8.329649e-01  dt=1.026e-03  relΔE=4.711e-06  ||F||=5.022e-02
 step= 47000  E=4.181689831234e+02  Q=9.160000000000e+02  λ=8.300289e-01  dt=1.323e-03  relΔE=6.004e-06  ||F||=4.985e-02
 step= 47500  E=4.170378675741e+02  Q=9.160000000000e+02  λ=8.270252e-01  dt=1.024e-03  relΔE=4.551e-06  ||F||=4.927e-02
 step= 48000  E=4.159657154620e+02  Q=9.160000000000e+02  λ=8.241407e-01  dt=1.321e-03  relΔE=5.696e-06  ||F||=4.847e-02
 step= 48500  E=4.149053951832e+02  Q=9.160000000000e+02  λ=8.212448e-01  dt=1.023e-03  relΔE=4.235e-06  ||F||=4.744e-02
 step= 49000  E=4.138755045102e+02  Q=9.160000000000e+02  λ=8.183911e-01  dt=7.915e-04  relΔE=3.206e-06  ||F||=4.688e-02
 step= 49500  E=4.129432059234e+02  Q=9.160000000000e+02  λ=8.157730e-01  dt=1.225e-03  relΔE=4.535e-06  ||F||=4.475e-02
 step= 50000  E=4.120533094046e+02  Q=9.160000000000e+02  λ=8.132333e-01  dt=9.483e-04  relΔE=3.272e-06  ||F||=4.316e-02
 step= 50500  E=4.112152545015e+02  Q=9.160000000000e+02  λ=8.108068e-01  dt=1.468e-03  relΔE=4.651e-06  ||F||=4.145e-02
 step= 51000  E=4.104849774334e+02  Q=9.160000000000e+02  λ=8.086548e-01  dt=1.136e-03  relΔE=3.292e-06  ||F||=3.947e-02
 step= 51500  E=4.097918361041e+02  Q=9.160000000000e+02  λ=8.065776e-01  dt=8.793e-04  relΔE=2.303e-06  ||F||=3.750e-02
 step= 52000  E=4.091847252234e+02  Q=9.160000000000e+02  λ=8.047269e-01  dt=1.361e-03  relΔE=3.180e-06  ||F||=3.539e-02
 step= 52500  E=4.086451096946e+02  Q=9.160000000000e+02  λ=8.030480e-01  dt=1.053e-03  relΔE=2.183e-06  ||F||=3.330e-02
 step= 53000  E=4.081575723729e+02  Q=9.160000000000e+02  λ=8.014993e-01  dt=8.153e-04  relΔE=1.505e-06  ||F||=3.142e-02
 step= 53500  E=4.077462698074e+02  Q=9.160000000000e+02  λ=8.001651e-01  dt=1.262e-03  relΔE=1.999e-06  ||F||=2.909e-02
 step= 54000  E=4.073851654760e+02  Q=9.160000000000e+02  λ=7.989641e-01  dt=9.768e-04  relΔE=1.339e-06  ||F||=2.705e-02
 step= 54500  E=4.070650332125e+02  Q=9.160000000000e+02  λ=7.978795e-01  dt=1.512e-03  relΔE=1.489e-06  ||F||=1.293e-01
 step= 55000  E=4.068078172890e+02  Q=9.160000000000e+02  λ=7.969696e-01  dt=1.170e-03  relΔE=1.175e-06  ||F||=2.312e-02
 step= 55500  E=4.065780305853e+02  Q=9.160000000000e+02  λ=7.961386e-01  dt=9.057e-04  relΔE=7.700e-07  ||F||=2.127e-02
 step= 56000  E=4.063858692168e+02  Q=9.160000000000e+02  λ=7.954214e-01  dt=1.402e-03  relΔE=1.001e-06  ||F||=1.949e-02
 step= 56500  E=4.062278990322e+02  Q=9.160000000000e+02  λ=7.948101e-01  dt=1.085e-03  relΔE=6.517e-07  ||F||=1.787e-02
 step= 57000  E=4.060913351898e+02  Q=9.160000000000e+02  λ=7.942612e-01  dt=8.398e-04  relΔE=4.233e-07  ||F||=1.637e-02
 step= 57500  E=4.059806467061e+02  Q=9.160000000000e+02  λ=7.937985e-01  dt=1.300e-03  relΔE=5.404e-07  ||F||=1.486e-02
 step= 58000  E=4.058886137914e+02  Q=9.160000000000e+02  λ=7.933962e-01  dt=1.006e-03  relΔE=3.467e-07  ||F||=1.353e-02
 step= 58500  E=4.058101910589e+02  Q=9.160000000000e+02  λ=7.930367e-01  dt=7.787e-04  relΔE=2.334e-07  ||F||=1.263e-02
 step= 59000  E=4.057487730696e+02  Q=9.160000000000e+02  λ=7.927414e-01  dt=1.205e-03  relΔE=2.816e-07  ||F||=1.113e-02
 step= 59500  E=4.056967477208e+02  Q=9.160000000000e+02  λ=7.924773e-01  dt=9.330e-04  relΔE=1.788e-07  ||F||=1.008e-02
 step= 60000  E=4.056537647423e+02  Q=9.160000000000e+02  λ=7.922466e-01  dt=1.444e-03  relΔE=2.253e-07  ||F||=9.100e-03
 step= 60500  E=4.056199532212e+02  Q=9.160000000000e+02  λ=7.920537e-01  dt=1.118e-03  relΔE=1.430e-07  ||F||=8.235e-03
 step= 61000  E=4.055912828921e+02  Q=9.160000000000e+02  λ=7.918796e-01  dt=8.651e-04  relΔE=9.009e-08  ||F||=7.429e-03
 step= 61500  E=4.055684039653e+02  Q=9.160000000000e+02  λ=7.917313e-01  dt=1.339e-03  relΔE=1.131e-07  ||F||=6.689e-03
 step= 62000  E=4.055499669813e+02  Q=9.160000000000e+02  λ=7.916031e-01  dt=1.036e-03  relΔE=7.126e-08  ||F||=6.033e-03
 step= 62500  E=4.055345145883e+02  Q=9.160000000000e+02  λ=7.914876e-01  dt=8.022e-04  relΔE=4.531e-08  ||F||=5.468e-03
 step= 63000  E=4.055224852609e+02  Q=9.160000000000e+02  λ=7.913907e-01  dt=1.242e-03  relΔE=5.602e-08  ||F||=4.885e-03
 step= 63500  E=4.055125653841e+02  Q=9.160000000000e+02  λ=7.913043e-01  dt=9.610e-04  relΔE=3.512e-08  ||F||=4.395e-03
 step= 64000  E=4.055043560462e+02  Q=9.160000000000e+02  λ=7.912268e-01  dt=1.488e-03  relΔE=4.368e-08  ||F||=4.105e-03
 step= 64500  E=4.054980676248e+02  Q=9.160000000000e+02  λ=7.911621e-01  dt=1.151e-03  relΔE=2.750e-08  ||F||=3.550e-03
 step= 65000  E=4.054927564748e+02  Q=9.160000000000e+02  λ=7.911027e-01  dt=8.911e-04  relΔE=1.714e-08  ||F||=3.184e-03
 step= 65500  E=4.054885224923e+02  Q=9.160000000000e+02  λ=7.910510e-01  dt=1.379e-03  relΔE=2.140e-08  ||F||=2.859e-03
 step= 66000  E=4.054851577107e+02  Q=9.160000000000e+02  λ=7.910060e-01  dt=1.068e-03  relΔE=1.341e-08  ||F||=2.570e-03
 step= 66500  E=4.054823560492e+02  Q=9.160000000000e+02  λ=7.909649e-01  dt=8.263e-04  relΔE=8.344e-09  ||F||=2.303e-03
 step= 67000  E=4.054801670061e+02  Q=9.160000000000e+02  λ=7.909296e-01  dt=1.279e-03  relΔE=1.044e-08  ||F||=2.070e-03
 step= 67500  E=4.054783868442e+02  Q=9.160000000000e+02  λ=7.908981e-01  dt=9.899e-04  relΔE=6.530e-09  ||F||=1.859e-03
 step= 68000  E=4.054769012551e+02  Q=9.160000000000e+02  λ=7.908693e-01  dt=7.662e-04  relΔE=4.670e-09  ||F||=2.175e-02
 step= 68500  E=4.054757772957e+02  Q=9.160000000000e+02  λ=7.908449e-01  dt=1.186e-03  relΔE=5.098e-09  ||F||=1.498e-03
 step= 69000  E=4.054748304515e+02  Q=9.160000000000e+02  λ=7.908224e-01  dt=9.179e-04  relΔE=3.181e-09  ||F||=1.343e-03
 step= 69500  E=4.054740661557e+02  Q=9.160000000000e+02  λ=7.908024e-01  dt=1.421e-03  relΔE=3.971e-09  ||F||=1.204e-03
 step= 70000  E=4.054734801131e+02  Q=9.160000000000e+02  λ=7.907854e-01  dt=9.164e-04  relΔE=2.090e-09  ||F||=1.086e-03
 step= 70500  E=4.054729778230e+02  Q=9.160000000000e+02  λ=7.907693e-01  dt=1.419e-03  relΔE=2.611e-09  ||F||=9.745e-04
 step= 71000  E=4.054725917096e+02  Q=9.160000000000e+02  λ=7.907557e-01  dt=9.149e-04  relΔE=1.375e-09  ||F||=8.790e-04
 step= 71500  E=4.054722605203e+02  Q=9.160000000000e+02  λ=7.907428e-01  dt=1.416e-03  relΔE=1.720e-09  ||F||=7.886e-04
 step= 72000  E=4.054720059583e+02  Q=9.160000000000e+02  λ=7.907318e-01  dt=9.135e-04  relΔE=9.074e-10  ||F||=7.115e-04
 step= 72500  E=4.054717870108e+02  Q=9.160000000000e+02  λ=7.907214e-01  dt=1.414e-03  relΔE=1.137e-09  ||F||=6.384e-04
 step= 73000  E=4.054716140254e+02  Q=9.160000000000e+02  λ=7.907123e-01  dt=1.094e-03  relΔE=7.163e-10  ||F||=5.745e-04
 step= 73500  E=4.054714692350e+02  Q=9.160000000000e+02  λ=7.907039e-01  dt=8.470e-04  relΔE=4.490e-10  ||F||=5.153e-04
 step= 74000  E=4.054713587989e+02  Q=9.160000000000e+02  λ=7.906968e-01  dt=1.093e-03  relΔE=4.761e-10  ||F||=4.656e-04
 step= 74500  E=4.054712625787e+02  Q=9.160000000000e+02  λ=7.906900e-01  dt=8.456e-04  relΔE=2.992e-10  ||F||=4.179e-04
 step= 75000  E=4.054711855717e+02  Q=9.160000000000e+02  λ=7.906840e-01  dt=1.309e-03  relΔE=3.779e-10  ||F||=3.758e-04
 step= 75500  E=4.054711232494e+02  Q=9.160000000000e+02  λ=7.906786e-01  dt=1.013e-03  relΔE=2.394e-10  ||F||=3.383e-04
 step= 76000  E=4.054710704636e+02  Q=9.160000000000e+02  λ=7.906736e-01  dt=7.841e-04  relΔE=1.507e-10  ||F||=3.034e-04
 step= 76500  E=4.054710294053e+02  Q=9.160000000000e+02  λ=7.906693e-01  dt=1.214e-03  relΔE=1.920e-10  ||F||=2.737e-04
 step= 77000  E=4.054709947890e+02  Q=9.160000000000e+02  λ=7.906653e-01  dt=9.394e-04  relΔE=1.218e-10  ||F||=2.461e-04
 step= 77500  E=4.054709659684e+02  Q=9.160000000000e+02  λ=7.906616e-01  dt=1.454e-03  relΔE=1.545e-10  ||F||=2.213e-04
 step= 78000  E=4.054709432724e+02  Q=9.160000000000e+02  λ=7.906585e-01  dt=1.125e-03  relΔE=9.891e-11  ||F||=1.995e-04
 step= 78500  E=4.054709238800e+02  Q=9.160000000000e+02  λ=7.906556e-01  dt=8.711e-04  relΔE=6.304e-11  ||F||=1.794e-04
 step= 79000  E=4.054709080399e+02  Q=9.160000000000e+02  λ=7.906529e-01  dt=1.348e-03  relΔE=8.070e-11  ||F||=1.616e-04
 step= 79500  E=4.054708951158e+02  Q=9.160000000000e+02  λ=7.906506e-01  dt=1.044e-03  relΔE=5.191e-11  ||F||=1.457e-04
 step= 80000  E=4.054708840406e+02  Q=9.160000000000e+02  λ=7.906484e-01  dt=8.077e-04  relΔE=3.327e-11  ||F||=1.310e-04
 step= 80500  E=4.054708751330e+02  Q=9.160000000000e+02  λ=7.906465e-01  dt=1.250e-03  relΔE=4.302e-11  ||F||=1.183e-04
 step= 81000  E=4.054708676180e+02  Q=9.160000000000e+02  λ=7.906448e-01  dt=9.677e-04  relΔE=2.783e-11  ||F||=1.066e-04
 step= 81500  E=4.054708611371e+02  Q=9.160000000000e+02  λ=7.906432e-01  dt=1.498e-03  relΔE=2.998e-11  ||F||=1.617e-03
 step= 82000  E=4.054708560235e+02  Q=9.160000000000e+02  λ=7.906418e-01  dt=1.159e-03  relΔE=2.348e-11  ||F||=8.672e-05
 step= 82500  E=4.054708515300e+02  Q=9.160000000000e+02  λ=7.906405e-01  dt=8.973e-04  relΔE=1.528e-11  ||F||=7.813e-05
 step= 83000  E=4.054708477605e+02  Q=9.160000000000e+02  λ=7.906393e-01  dt=1.389e-03  relΔE=1.998e-11  ||F||=7.045e-05
 step= 83500  E=4.054708446457e+02  Q=9.160000000000e+02  λ=7.906383e-01  dt=1.075e-03  relΔE=1.315e-11  ||F||=6.370e-05
 step= 84000  E=4.054708419190e+02  Q=9.160000000000e+02  λ=7.906374e-01  dt=8.320e-04  relΔE=8.642e-12  ||F||=5.742e-05
 step= 84500  E=4.054708396320e+02  Q=9.160000000000e+02  λ=7.906365e-01  dt=1.288e-03  relΔE=1.142e-11  ||F||=5.186e-05
 step= 85000  E=4.054708376921e+02  Q=9.160000000000e+02  λ=7.906357e-01  dt=9.968e-04  relΔE=7.582e-12  ||F||=4.688e-05
 step= 85500  E=4.054708359649e+02  Q=9.160000000000e+02  λ=7.906350e-01  dt=7.715e-04  relΔE=5.018e-12  ||F||=4.222e-05
 step= 86000  E=4.054708345601e+02  Q=9.160000000000e+02  λ=7.906344e-01  dt=1.194e-03  relΔE=6.722e-12  ||F||=3.825e-05
 step= 86500  E=4.054708333048e+02  Q=9.160000000000e+02  λ=7.906338e-01  dt=9.242e-04  relΔE=4.494e-12  ||F||=3.455e-05
 step= 87000  E=4.054708322099e+02  Q=9.160000000000e+02  λ=7.906333e-01  dt=1.431e-03  relΔE=6.021e-12  ||F||=3.120e-05
 step= 87500  E=4.054708312941e+02  Q=9.160000000000e+02  λ=7.906328e-01  dt=1.107e-03  relΔE=4.067e-12  ||F||=2.825e-05
 step= 88000  E=4.054708304689e+02  Q=9.160000000000e+02  λ=7.906324e-01  dt=8.570e-04  relΔE=2.742e-12  ||F||=2.552e-05
 step= 88500  E=4.054708297557e+02  Q=9.160000000000e+02  λ=7.906320e-01  dt=1.327e-03  relΔE=3.715e-12  ||F||=2.308e-05
 step= 89000  E=4.054708291406e+02  Q=9.160000000000e+02  λ=7.906317e-01  dt=1.027e-03  relΔE=2.528e-12  ||F||=2.091e-05
 step= 89500  E=4.054708285803e+02  Q=9.160000000000e+02  λ=7.906314e-01  dt=7.947e-04  relΔE=1.717e-12  ||F||=1.888e-05
 step= 90000  E=4.054708281048e+02  Q=9.160000000000e+02  λ=7.906311e-01  dt=1.230e-03  relΔE=2.350e-12  ||F||=1.711e-05
 step= 90500  E=4.054708276785e+02  Q=9.160000000000e+02  λ=7.906308e-01  dt=9.520e-04  relΔE=1.609e-12  ||F||=1.549e-05
 step= 91000  E=4.054708272905e+02  Q=9.160000000000e+02  λ=7.906306e-01  dt=1.474e-03  relΔE=2.187e-12  ||F||=9.051e-05
 step= 91500  E=4.054708269657e+02  Q=9.160000000000e+02  λ=7.906304e-01  dt=1.141e-03  relΔE=1.519e-12  ||F||=1.271e-05
 step= 92000  E=4.054708266647e+02  Q=9.160000000000e+02  λ=7.906302e-01  dt=8.828e-04  relΔE=1.045e-12  ||F||=1.150e-05
 step= 92500  E=4.054708263981e+02  Q=9.160000000000e+02  λ=7.906300e-01  dt=1.366e-03  relΔE=1.444e-12  ||F||=1.041e-05
 step= 93000  E=4.054708261654e+02  Q=9.160000000000e+02  λ=7.906298e-01  dt=1.058e-03  relΔE=1.000e-12  ||F||=9.452e-06
 step= 93500  E=4.054708259502e+02  Q=9.160000000000e+02  λ=7.906297e-01  dt=8.186e-04  relΔE=6.918e-13  ||F||=8.553e-06
 step= 94000  E=4.054708257618e+02  Q=9.160000000000e+02  λ=7.906296e-01  dt=1.267e-03  relΔE=9.604e-13  ||F||=7.759e-06
 step= 94500  E=4.054708255932e+02  Q=9.160000000000e+02  λ=7.906295e-01  dt=9.807e-04  relΔE=6.687e-13  ||F||=7.041e-06
 step= 95000  E=4.054708254359e+02  Q=9.160000000000e+02  λ=7.906293e-01  dt=7.590e-04  relΔE=4.636e-13  ||F||=6.367e-06
 step= 95500  E=4.054708253026e+02  Q=9.160000000000e+02  λ=7.906293e-01  dt=1.175e-03  relΔE=6.477e-13  ||F||=5.792e-06
 step= 96000  E=4.054708251779e+02  Q=9.160000000000e+02  λ=7.906292e-01  dt=9.093e-04  relΔE=4.516e-13  ||F||=5.250e-06
 step= 96500  E=4.054708250649e+02  Q=9.160000000000e+02  λ=7.906291e-01  dt=1.408e-03  relΔE=6.299e-13  ||F||=4.759e-06
 step= 97000  E=4.054708249664e+02  Q=9.160000000000e+02  λ=7.906290e-01  dt=1.089e-03  relΔE=4.409e-13  ||F||=4.326e-06
 step= 97500  E=4.054708248746e+02  Q=9.160000000000e+02  λ=7.906289e-01  dt=8.432e-04  relΔE=3.080e-13  ||F||=3.922e-06
 step= 98000  E=4.054708247923e+02  Q=9.160000000000e+02  λ=7.906289e-01  dt=1.305e-03  relΔE=4.318e-13  ||F||=3.560e-06
 step= 98500  E=4.054708247190e+02  Q=9.160000000000e+02  λ=7.906288e-01  dt=1.010e-03  relΔE=3.028e-13  ||F||=3.237e-06
 step= 99000  E=4.054708246502e+02  Q=9.160000000000e+02  λ=7.906288e-01  dt=7.818e-04  relΔE=2.117e-13  ||F||=2.933e-06
 step= 99500  E=4.054708245904e+02  Q=9.160000000000e+02  λ=7.906287e-01  dt=1.210e-03  relΔE=2.973e-13  ||F||=2.668e-06
 step=100000  E=4.054708245352e+02  Q=9.160000000000e+02  λ=7.906287e-01  dt=9.367e-04  relΔE=2.087e-13  ||F||=2.424e-06
 step=100500  E=4.054708244839e+02  Q=9.160000000000e+02  λ=7.906287e-01  dt=1.450e-03  relΔE=2.926e-13  ||F||=9.972e-06
 step=101000  E=4.054708244398e+02  Q=9.160000000000e+02  λ=7.906286e-01  dt=1.122e-03  relΔE=2.065e-13  ||F||=2.002e-06
 step=101500  E=4.054708243981e+02  Q=9.160000000000e+02  λ=7.906286e-01  dt=8.685e-04  relΔE=1.450e-13  ||F||=1.817e-06
 step=102000  E=4.054708243604e+02  Q=9.160000000000e+02  λ=7.906286e-01  dt=1.344e-03  relΔE=2.037e-13  ||F||=1.651e-06
 step=102500  E=4.054708243270e+02  Q=9.160000000000e+02  λ=7.906285e-01  dt=1.041e-03  relΔE=1.434e-13  ||F||=1.503e-06
 step=103000  E=4.054708242955e+02  Q=9.160000000000e+02  λ=7.906285e-01  dt=8.054e-04  relΔE=1.008e-13  ||F||=1.364e-06
 step=103500  E=4.054708242677e+02  Q=9.160000000000e+02  λ=7.906285e-01  dt=1.247e-03  relΔE=1.422e-13  ||F||=1.242e-06
 step=104000  E=4.054708242423e+02  Q=9.160000000000e+02  λ=7.906285e-01  dt=9.649e-04  relΔE=1.001e-13  ||F||=1.130e-06
 step=104500  E=4.054708242184e+02  Q=9.160000000000e+02  λ=7.906285e-01  dt=7.468e-04  relΔE=7.038e-14  ||F||=4.481e-06
 step=105000  E=4.054708241979e+02  Q=9.160000000000e+02  λ=7.906285e-01  dt=1.156e-03  relΔE=9.982e-14  ||F||=9.348e-07
 step=105500  E=4.054708241785e+02  Q=9.160000000000e+02  λ=7.906284e-01  dt=8.947e-04  relΔE=6.982e-14  ||F||=8.496e-07
 step=106000  E=4.054708241608e+02  Q=9.160000000000e+02  λ=7.906284e-01  dt=1.385e-03  relΔE=9.841e-14  ||F||=7.726e-07
 step=106500  E=4.054708241451e+02  Q=9.160000000000e+02  λ=7.906284e-01  dt=1.072e-03  relΔE=6.953e-14  ||F||=7.039e-07
 step=107000  E=4.054708241304e+02  Q=9.160000000000e+02  λ=7.906284e-01  dt=8.296e-04  relΔE=4.921e-14  ||F||=6.399e-07
 step=107500  E=4.054708241172e+02  Q=9.160000000000e+02  λ=7.906284e-01  dt=1.284e-03  relΔE=6.897e-14  ||F||=5.824e-07
 step=108000  E=4.054708241054e+02  Q=9.160000000000e+02  λ=7.906284e-01  dt=9.939e-04  relΔE=4.879e-14  ||F||=5.309e-07
 step=108500  E=4.054708240941e+02  Q=9.160000000000e+02  λ=7.906284e-01  dt=7.692e-04  relΔE=3.435e-14  ||F||=4.821e-07
 step=109000  E=4.054708240844e+02  Q=9.160000000000e+02  λ=7.906284e-01  dt=1.191e-03  relΔE=4.823e-14  ||F||=4.399e-07
 step=109500  E=4.054708240752e+02  Q=9.160000000000e+02  λ=7.906284e-01  dt=9.216e-04  relΔE=3.407e-14  ||F||=4.004e-07
 step=110000  E=4.054708240668e+02  Q=9.160000000000e+02  λ=7.906284e-01  dt=1.427e-03  relΔE=4.837e-14  ||F||=7.076e-07
 step=110500  E=4.054708240594e+02  Q=9.160000000000e+02  λ=7.906283e-01  dt=1.104e-03  relΔE=3.407e-14  ||F||=3.321e-07
 step=111000  E=4.054708240524e+02  Q=9.160000000000e+02  λ=7.906283e-01  dt=8.545e-04  relΔE=2.411e-14  ||F||=3.022e-07
 step=111500  E=4.054708240461e+02  Q=9.160000000000e+02  λ=7.906283e-01  dt=1.323e-03  relΔE=3.393e-14  ||F||=2.752e-07
 step=112000  E=4.054708240405e+02  Q=9.160000000000e+02  λ=7.906283e-01  dt=1.024e-03  relΔE=2.397e-14  ||F||=2.510e-07
 step=112500  E=4.054708240352e+02  Q=9.160000000000e+02  λ=7.906283e-01  dt=7.924e-04  relΔE=1.682e-14  ||F||=2.283e-07
 step=113000  E=4.054708240305e+02  Q=9.160000000000e+02  λ=7.906283e-01  dt=1.227e-03  relΔE=2.369e-14  ||F||=2.083e-07
 step=113500  E=4.054708240261e+02  Q=9.160000000000e+02  λ=7.906283e-01  dt=9.493e-04  relΔE=1.696e-14  ||F||=1.899e-07
 step=114000  E=4.054708240221e+02  Q=9.160000000000e+02  λ=7.906283e-01  dt=1.469e-03  relΔE=1.738e-14  ||F||=5.649e-05
 step=114500  E=4.054708240186e+02  Q=9.160000000000e+02  λ=7.906283e-01  dt=1.137e-03  relΔE=1.696e-14  ||F||=1.577e-07
 step=115000  E=4.054708240153e+02  Q=9.160000000000e+02  λ=7.906283e-01  dt=8.802e-04  relΔE=1.164e-14  ||F||=1.436e-07
 step=115500  E=4.054708240122e+02  Q=9.160000000000e+02  λ=7.906283e-01  dt=1.363e-03  relΔE=1.682e-14  ||F||=1.310e-07
 step=116000  E=4.054708240095e+02  Q=9.160000000000e+02  λ=7.906283e-01  dt=1.055e-03  relΔE=1.164e-14  ||F||=1.194e-07
 step=116500  E=4.054708240070e+02  Q=9.160000000000e+02  λ=7.906283e-01  dt=8.162e-04  relΔE=8.552e-15  ||F||=1.088e-07
 step=117000  E=4.054708240047e+02  Q=9.160000000000e+02  λ=7.906283e-01  dt=1.263e-03  relΔE=1.178e-14  ||F||=9.918e-08
 step=117500  E=4.054708240027e+02  Q=9.160000000000e+02  λ=7.906283e-01  dt=9.778e-04  relΔE=8.411e-15  ||F||=9.055e-08
 step=118000  E=4.054708240007e+02  Q=9.160000000000e+02  λ=7.906283e-01  dt=7.568e-04  relΔE=5.888e-15  ||F||=8.234e-08
 step=118500  E=4.054708239991e+02  Q=9.160000000000e+02  λ=7.906283e-01  dt=1.172e-03  relΔE=8.131e-15  ||F||=7.528e-08
 step=119000  E=4.054708239975e+02  Q=9.160000000000e+02  λ=7.906283e-01  dt=9.067e-04  relΔE=5.748e-15  ||F||=6.862e-08
 step=119500  E=4.054708239960e+02  Q=9.160000000000e+02  λ=7.906283e-01  dt=1.404e-03  relΔE=8.271e-15  ||F||=1.187e-07
 step=120000  E=4.054708239947e+02  Q=9.160000000000e+02  λ=7.906283e-01  dt=1.086e-03  relΔE=5.748e-15  ||F||=5.712e-08
 step=120500  E=4.054708239935e+02  Q=9.160000000000e+02  λ=7.906283e-01  dt=8.408e-04  relΔE=4.206e-15  ||F||=5.206e-08
 Converged (aggressive): step=120723, E=4.054708239930e+02, Q=9.160000000000e+02, dt=8.717e-04, ||F||=4.999e-08

Stationary candidate (aggressive): E=4.054708239930e+02, Q=9.160000000000e+02, maxρ=7.183531e-01

=== Stability test (damped inertial dynamics) ===
Perturb eps=0.02, gamma=1
t=0: E=4.503516002223e+02, Q=9.160000000000e+02, maxρ=7.410099e-01, σ=2.680839e+00, Rc=1.831330e+01
 step=     1  E=4.503513743168e+02  Q=9.160000000000e+02  λ=1.178251e+00  maxρ=7.410099e-01  minρ=5.619e-12  σ=2.680839e+00  Rc=1.831330e+01
 step=   300  E=4.410894263211e+02  Q=9.160000000000e+02  λ=1.074901e+00  maxρ=7.397528e-01  minρ=5.644e-12  σ=2.680836e+00  Rc=1.831330e+01
 step=   600  E=4.224680727259e+02  Q=9.160000000000e+02  λ=8.878401e-01  maxρ=7.362087e-01  minρ=5.681e-12  σ=2.680831e+00  Rc=1.831330e+01
 step=   900  E=4.115829371162e+02  Q=9.160000000000e+02  λ=8.284180e-01  maxρ=7.309665e-01  minρ=5.607e-12  σ=2.680829e+00  Rc=1.831330e+01
 step=  1200  E=4.157540774906e+02  Q=9.160000000000e+02  λ=9.364910e-01  maxρ=7.286550e-01  minρ=5.538e-12  σ=2.680832e+00  Rc=1.831329e+01
 step=  1500  E=4.269332802104e+02  Q=9.160000000000e+02  λ=1.053452e+00  maxρ=7.331142e-01  minρ=5.503e-12  σ=2.680833e+00  Rc=1.831329e+01
 step=  1800  E=4.326359155923e+02  Q=9.160000000000e+02  λ=1.039168e+00  maxρ=7.354603e-01  minρ=5.505e-12  σ=2.680831e+00  Rc=1.831329e+01
 step=  2100  E=4.292758812056e+02  Q=9.160000000000e+02  λ=9.372741e-01  maxρ=7.317158e-01  minρ=5.494e-12  σ=2.680827e+00  Rc=1.831329e+01
 step=  2400  E=4.233751917892e+02  Q=9.160000000000e+02  λ=8.903313e-01  maxρ=7.245664e-01  minρ=5.347e-12  σ=2.680828e+00  Rc=1.831329e+01
 step=  2700  E=4.219217122790e+02  Q=9.160000000000e+02  λ=9.455797e-01  maxρ=7.282331e-01  minρ=5.267e-12  σ=2.680831e+00  Rc=1.831329e+01
 step=  3000  E=4.247715412726e+02  Q=9.160000000000e+02  λ=1.011843e+00  maxρ=7.373817e-01  minρ=5.336e-12  σ=2.680832e+00  Rc=1.831329e+01
 step=  3300  E=4.269253610611e+02  Q=9.160000000000e+02  λ=9.991902e-01  maxρ=7.392770e-01  minρ=5.395e-12  σ=2.680828e+00  Rc=1.831329e+01
 step=  3600  E=4.256182762613e+02  Q=9.160000000000e+02  λ=9.340143e-01  maxρ=7.340651e-01  minρ=5.405e-12  σ=2.680824e+00  Rc=1.831329e+01
 step=  3900  E=4.229030935278e+02  Q=9.160000000000e+02  λ=9.052003e-01  maxρ=7.340702e-01  minρ=5.230e-12  σ=2.680824e+00  Rc=1.831329e+01
 step=  4200  E=4.219213013355e+02  Q=9.160000000000e+02  λ=9.384239e-01  maxρ=7.315197e-01  minρ=4.993e-12  σ=2.680827e+00  Rc=1.831328e+01
 step=  4500  E=4.229113822427e+02  Q=9.160000000000e+02  λ=9.742322e-01  maxρ=7.299706e-01  minρ=4.896e-12  σ=2.680829e+00  Rc=1.831328e+01
 step=  4800  E=4.237727424422e+02  Q=9.160000000000e+02  λ=9.614328e-01  maxρ=7.326543e-01  minρ=4.984e-12  σ=2.680825e+00  Rc=1.831328e+01
 step=  5100  E=4.232668793701e+02  Q=9.160000000000e+02  λ=9.232618e-01  maxρ=7.335712e-01  minρ=4.710e-12  σ=2.680820e+00  Rc=1.831328e+01
 step=  5400  E=4.222243758511e+02  Q=9.160000000000e+02  λ=9.131043e-01  maxρ=7.327086e-01  minρ=4.520e-12  σ=2.680818e+00  Rc=1.831328e+01
 step=  5700  E=4.218341307995e+02  Q=9.160000000000e+02  λ=9.374710e-01  maxρ=7.302073e-01  minρ=4.551e-12  σ=2.680820e+00  Rc=1.831328e+01
 step=  6000  E=4.220176928508e+02  Q=9.160000000000e+02  λ=9.551372e-01  maxρ=7.286793e-01  minρ=4.751e-12  σ=2.680820e+00  Rc=1.831327e+01
 >>> No runaway detected in this horizon. Likely stable (within this model & box).

STABILITY: PASS
