
=== Aggressive relaxation to Q = 781 ===
Initial: E=5.132366379714e+02, Q=7.810000000000e+02, dt=1.000e-04
 step=     1  E=5.132249100887e+02  Q=7.810000000000e+02  λ=1.260065e+00  dt=1.000e-04  relΔE=2.285e-05  ||F||=3.880e-01
 step=   500  E=5.001321768210e+02  Q=7.810000000000e+02  λ=1.216467e+00  dt=6.192e-04  relΔE=9.004e-05  ||F||=3.347e-01
 step=  1000  E=4.721297752658e+02  Q=7.810000000000e+02  λ=1.125774e+00  dt=9.584e-04  relΔE=6.783e-05  ||F||=2.268e-01
 step=  1500  E=4.568410306850e+02  Q=7.810000000000e+02  λ=1.078374e+00  dt=1.484e-03  relΔE=6.011e-05  ||F||=2.736e-01
 step=  2000  E=4.479996908602e+02  Q=7.810000000000e+02  λ=1.052054e+00  dt=1.148e-03  relΔE=3.222e-05  ||F||=1.391e-01
 step=  2500  E=4.414143289125e+02  Q=7.810000000000e+02  λ=1.033305e+00  dt=8.887e-04  relΔE=1.866e-05  ||F||=1.194e-01
 step=  3000  E=4.364565692066e+02  Q=7.810000000000e+02  λ=1.019780e+00  dt=1.376e-03  relΔE=2.321e-05  ||F||=1.064e-01
 step=  3500  E=4.324838167787e+02  Q=7.810000000000e+02  λ=1.009308e+00  dt=1.065e-03  relΔE=1.521e-05  ||F||=9.748e-02
 step=  4000  E=4.289723366519e+02  Q=7.810000000000e+02  λ=1.000331e+00  dt=8.241e-04  relΔE=1.021e-05  ||F||=9.043e-02
 step=  4500  E=4.260126439036e+02  Q=7.810000000000e+02  λ=9.929628e-01  dt=1.276e-03  relΔE=1.405e-05  ||F||=8.496e-02
 step=  5000  E=4.233726047756e+02  Q=7.810000000000e+02  λ=9.865188e-01  dt=9.873e-04  relΔE=9.802e-06  ||F||=8.039e-02
 step=  5500  E=4.209005754807e+02  Q=7.810000000000e+02  λ=9.806702e-01  dt=1.528e-03  relΔE=1.172e-05  ||F||=3.941e-01
 step=  6000  E=4.187895440540e+02  Q=7.810000000000e+02  λ=9.756184e-01  dt=1.183e-03  relΔE=9.763e-06  ||F||=7.290e-02
 step=  6500  E=4.167962982408e+02  Q=7.810000000000e+02  λ=9.709768e-01  dt=9.154e-04  relΔE=6.971e-06  ||F||=6.985e-02
 step=  7000  E=4.149550805162e+02  Q=7.810000000000e+02  λ=9.667458e-01  dt=1.417e-03  relΔE=9.951e-06  ||F||=6.693e-02
 step=  7500  E=4.132953680451e+02  Q=7.810000000000e+02  λ=9.629678e-01  dt=1.097e-03  relΔE=7.160e-06  ||F||=6.440e-02
 step=  8000  E=4.117176264329e+02  Q=7.810000000000e+02  λ=9.594124e-01  dt=8.488e-04  relΔE=5.182e-06  ||F||=6.216e-02
 step=  8500  E=4.102722719000e+02  Q=7.810000000000e+02  λ=9.561888e-01  dt=1.314e-03  relΔE=7.465e-06  ||F||=5.986e-02
 step=  9000  E=4.089285412091e+02  Q=7.810000000000e+02  λ=9.532138e-01  dt=1.017e-03  relΔE=5.419e-06  ||F||=5.787e-02
 step=  9500  E=4.076375374215e+02  Q=7.810000000000e+02  λ=9.503799e-01  dt=7.871e-04  relΔE=4.102e-06  ||F||=5.717e-02
 step= 10000  E=4.064770613171e+02  Q=7.810000000000e+02  λ=9.478542e-01  dt=1.218e-03  relΔE=5.742e-06  ||F||=5.426e-02
 step= 10500  E=4.053624324037e+02  Q=7.810000000000e+02  λ=9.454458e-01  dt=7.858e-04  relΔE=3.500e-06  ||F||=8.669e-02
 step= 11000  E=4.043338020878e+02  Q=7.810000000000e+02  λ=9.432381e-01  dt=1.216e-03  relΔE=5.124e-06  ||F||=5.116e-02
 step= 11500  E=4.033390167001e+02  Q=7.810000000000e+02  λ=9.411180e-01  dt=9.414e-04  relΔE=3.763e-06  ||F||=4.978e-02
 step= 12000  E=4.023809563936e+02  Q=7.810000000000e+02  λ=9.390935e-01  dt=1.457e-03  relΔE=5.518e-06  ||F||=4.839e-02
 step= 12500  E=4.015095321450e+02  Q=7.810000000000e+02  λ=9.372626e-01  dt=1.128e-03  relΔE=4.068e-06  ||F||=4.717e-02
 step= 13000  E=4.006460108831e+02  Q=7.810000000000e+02  λ=9.354614e-01  dt=8.730e-04  relΔE=3.008e-06  ||F||=4.607e-02
 step= 13500  E=3.998426066586e+02  Q=7.810000000000e+02  λ=9.337993e-01  dt=1.351e-03  relΔE=4.431e-06  ||F||=4.489e-02
 step= 14000  E=3.990805442255e+02  Q=7.810000000000e+02  λ=9.322319e-01  dt=1.046e-03  relΔE=3.282e-06  ||F||=4.387e-02
 step= 14500  E=3.983273238575e+02  Q=7.810000000000e+02  λ=9.306940e-01  dt=8.095e-04  relΔE=2.481e-06  ||F||=4.332e-02
 step= 15000  E=3.976347723350e+02  Q=7.810000000000e+02  λ=9.292913e-01  dt=1.253e-03  relΔE=3.614e-06  ||F||=4.198e-02
 step= 15500  E=3.969632065686e+02  Q=7.810000000000e+02  λ=9.279392e-01  dt=9.698e-04  relΔE=2.692e-06  ||F||=4.115e-02
 step= 16000  E=3.962971019970e+02  Q=7.810000000000e+02  λ=9.266105e-01  dt=1.501e-03  relΔE=3.973e-06  ||F||=6.269e-02
 step= 16500  E=3.956905098906e+02  Q=7.810000000000e+02  λ=9.254055e-01  dt=1.162e-03  relΔE=2.994e-06  ||F||=3.958e-02
 step= 17000  E=3.950829316740e+02  Q=7.810000000000e+02  λ=9.242083e-01  dt=8.992e-04  relΔE=2.242e-06  ||F||=3.891e-02
 step= 17500  E=3.944997572957e+02  Q=7.810000000000e+02  λ=9.230688e-01  dt=1.392e-03  relΔE=3.353e-06  ||F||=3.821e-02
 step= 18000  E=3.939438686259e+02  Q=7.810000000000e+02  λ=9.219889e-01  dt=1.077e-03  relΔE=2.517e-06  ||F||=3.761e-02
 step= 18500  E=3.933911053492e+02  Q=7.810000000000e+02  λ=9.209229e-01  dt=8.338e-04  relΔE=1.911e-06  ||F||=3.723e-02
 step= 19000  E=3.928673050040e+02  Q=7.810000000000e+02  λ=9.199208e-01  dt=1.291e-03  relΔE=2.848e-06  ||F||=3.650e-02
 step= 19500  E=3.923552071946e+02  Q=7.810000000000e+02  λ=9.189466e-01  dt=9.989e-04  relΔE=2.149e-06  ||F||=3.601e-02
 step= 20000  E=3.918416997118e+02  Q=7.810000000000e+02  λ=9.179771e-01  dt=7.731e-04  relΔE=1.791e-06  ||F||=3.749e-02
 step= 20500  E=3.913654668749e+02  Q=7.810000000000e+02  λ=9.170836e-01  dt=1.197e-03  relΔE=2.458e-06  ||F||=3.515e-02
 step= 21000  E=3.908843698170e+02  Q=7.810000000000e+02  λ=9.161861e-01  dt=9.263e-04  relΔE=1.867e-06  ||F||=3.480e-02
 step= 21500  E=3.904093040066e+02  Q=7.810000000000e+02  λ=9.153064e-01  dt=1.434e-03  relΔE=2.831e-06  ||F||=3.445e-02
 step= 22000  E=3.899605238632e+02  Q=7.810000000000e+02  λ=9.144789e-01  dt=1.110e-03  relΔE=2.156e-06  ||F||=3.412e-02
 step= 22500  E=3.895002536808e+02  Q=7.810000000000e+02  λ=9.136348e-01  dt=8.589e-04  relΔE=1.651e-06  ||F||=3.392e-02
 step= 23000  E=3.890775476182e+02  Q=7.810000000000e+02  λ=9.128638e-01  dt=1.108e-03  relΔE=2.093e-06  ||F||=3.361e-02
 step= 23500  E=3.886278139001e+02  Q=7.810000000000e+02  λ=9.120464e-01  dt=8.575e-04  relΔE=1.611e-06  ||F||=3.350e-02
 step= 24000  E=3.881949659755e+02  Q=7.810000000000e+02  λ=9.112635e-01  dt=1.327e-03  relΔE=2.457e-06  ||F||=3.323e-02
 step= 24500  E=3.877692475489e+02  Q=7.810000000000e+02  λ=9.104948e-01  dt=1.027e-03  relΔE=1.888e-06  ||F||=3.310e-02
 step= 25000  E=3.873311168520e+02  Q=7.810000000000e+02  λ=9.097059e-01  dt=7.951e-04  relΔE=1.498e-06  ||F||=3.350e-02
 step= 25500  E=3.869148237142e+02  Q=7.810000000000e+02  λ=9.089579e-01  dt=1.231e-03  relΔE=2.243e-06  ||F||=3.292e-02
 step= 26000  E=3.864913152318e+02  Q=7.810000000000e+02  λ=9.081967e-01  dt=9.526e-04  relΔE=1.736e-06  ||F||=3.290e-02
 step= 26500  E=3.860581535002e+02  Q=7.810000000000e+02  λ=9.074189e-01  dt=1.475e-03  relΔE=2.687e-06  ||F||=3.314e-02
 step= 27000  E=3.856459128548e+02  Q=7.810000000000e+02  λ=9.066768e-01  dt=1.141e-03  relΔE=2.087e-06  ||F||=3.292e-02
 step= 27500  E=3.852139605987e+02  Q=7.810000000000e+02  λ=9.058975e-01  dt=8.833e-04  relΔE=1.628e-06  ||F||=3.303e-02
 step= 28000  E=3.847880515404e+02  Q=7.810000000000e+02  λ=9.051273e-01  dt=1.367e-03  relΔE=2.532e-06  ||F||=3.309e-02
 step= 28500  E=3.843604507085e+02  Q=7.810000000000e+02  λ=9.043497e-01  dt=1.058e-03  relΔE=1.979e-06  ||F||=3.324e-02
 step= 29000  E=3.839170635896e+02  Q=7.810000000000e+02  λ=9.035387e-01  dt=8.190e-04  relΔE=1.558e-06  ||F||=3.350e-02
 step= 29500  E=3.834835708938e+02  Q=7.810000000000e+02  λ=9.027412e-01  dt=1.268e-03  relΔE=2.433e-06  ||F||=3.363e-02
 step= 30000  E=3.830386797709e+02  Q=7.810000000000e+02  λ=9.019152e-01  dt=9.812e-04  relΔE=1.914e-06  ||F||=3.388e-02
 step= 30500  E=3.825726772748e+02  Q=7.810000000000e+02  λ=9.010729e-01  dt=1.519e-03  relΔE=2.069e-06  ||F||=2.557e-01
 step= 31000  E=3.821238500218e+02  Q=7.810000000000e+02  λ=9.001926e-01  dt=1.176e-03  relΔE=2.384e-06  ||F||=3.451e-02
 step= 31500  E=3.816491028216e+02  Q=7.810000000000e+02  λ=8.992830e-01  dt=9.098e-04  relΔE=1.890e-06  ||F||=3.491e-02
 step= 32000  E=3.811631928335e+02  Q=7.810000000000e+02  λ=8.983410e-01  dt=1.408e-03  relΔE=2.996e-06  ||F||=3.530e-02
 step= 32500  E=3.806765622762e+02  Q=7.810000000000e+02  λ=8.973832e-01  dt=1.090e-03  relΔE=2.381e-06  ||F||=3.574e-02
 step= 33000  E=3.801623706807e+02  Q=7.810000000000e+02  λ=8.963561e-01  dt=8.436e-04  relΔE=1.907e-06  ||F||=3.634e-02
 step= 33500  E=3.796428686068e+02  Q=7.810000000000e+02  λ=8.953029e-01  dt=1.306e-03  relΔE=3.027e-06  ||F||=3.677e-02
 step= 34000  E=3.791096007870e+02  Q=7.810000000000e+02  λ=8.942024e-01  dt=1.011e-03  relΔE=2.420e-06  ||F||=3.735e-02
 step= 34500  E=3.785393189455e+02  Q=7.810000000000e+02  λ=8.930050e-01  dt=7.823e-04  relΔE=2.065e-06  ||F||=3.922e-02
 step= 35000  E=3.779789241536e+02  Q=7.810000000000e+02  λ=8.918074e-01  dt=1.211e-03  relΔE=3.107e-06  ||F||=3.861e-02
 step= 35500  E=3.773825451552e+02  Q=7.810000000000e+02  λ=8.905078e-01  dt=9.372e-04  relΔE=2.499e-06  ||F||=3.932e-02
 step= 36000  E=3.767557671881e+02  Q=7.810000000000e+02  λ=8.891169e-01  dt=1.451e-03  relΔE=4.014e-06  ||F||=4.003e-02
 step= 36500  E=3.761302699745e+02  Q=7.810000000000e+02  λ=8.876995e-01  dt=1.123e-03  relΔE=3.227e-06  ||F||=4.076e-02
 step= 37000  E=3.754553087009e+02  Q=7.810000000000e+02  λ=8.861394e-01  dt=8.690e-04  relΔE=2.612e-06  ||F||=4.164e-02
 step= 37500  E=3.747687052359e+02  Q=7.810000000000e+02  λ=8.845219e-01  dt=1.345e-03  relΔE=4.186e-06  ||F||=4.233e-02
 step= 38000  E=3.740590316072e+02  Q=7.810000000000e+02  λ=8.828140e-01  dt=1.041e-03  relΔE=3.370e-06  ||F||=4.314e-02
 step= 38500  E=3.733000461095e+02  Q=7.810000000000e+02  λ=8.809501e-01  dt=8.058e-04  relΔE=2.776e-06  ||F||=4.447e-02
 step= 39000  E=3.725422621064e+02  Q=7.810000000000e+02  λ=8.790533e-01  dt=1.247e-03  relΔE=4.362e-06  ||F||=4.474e-02
 step= 39500  E=3.717431448096e+02  Q=7.810000000000e+02  λ=8.770106e-01  dt=9.654e-04  relΔE=3.506e-06  ||F||=4.555e-02
 step= 40000  E=3.708951545531e+02  Q=7.810000000000e+02  λ=8.748048e-01  dt=1.494e-03  relΔE=5.527e-06  ||F||=9.068e-02
 step= 40500  E=3.700720757699e+02  Q=7.810000000000e+02  λ=8.726133e-01  dt=1.157e-03  relΔE=4.488e-06  ||F||=4.697e-02
 step= 41000  E=3.691797044832e+02  Q=7.810000000000e+02  λ=8.701950e-01  dt=8.952e-04  relΔE=3.586e-06  ||F||=4.767e-02
 step= 41500  E=3.682774792888e+02  Q=7.810000000000e+02  λ=8.677062e-01  dt=1.386e-03  relΔE=5.685e-06  ||F||=4.819e-02
 step= 42000  E=3.673689948509e+02  Q=7.810000000000e+02  λ=8.651502e-01  dt=1.072e-03  relΔE=4.496e-06  ||F||=4.865e-02
 step= 42500  E=3.664178568184e+02  Q=7.810000000000e+02  λ=8.624253e-01  dt=8.300e-04  relΔE=3.573e-06  ||F||=4.923e-02
 step= 43000  E=3.654831689377e+02  Q=7.810000000000e+02  λ=8.597026e-01  dt=1.285e-03  relΔE=5.537e-06  ||F||=4.919e-02
 step= 43500  E=3.645416904974e+02  Q=7.810000000000e+02  λ=8.569080e-01  dt=8.287e-04  relΔE=3.602e-06  ||F||=4.934e-02
 step= 44000  E=3.636032327866e+02  Q=7.810000000000e+02  λ=8.540788e-01  dt=1.283e-03  relΔE=5.544e-06  ||F||=4.914e-02
 step= 44500  E=3.626656426585e+02  Q=7.810000000000e+02  λ=8.512006e-01  dt=9.928e-04  relΔE=4.252e-06  ||F||=4.885e-02
 step= 45000  E=3.617126931332e+02  Q=7.810000000000e+02  λ=8.482522e-01  dt=7.684e-04  relΔE=4.689e-06  ||F||=2.450e-01
 step= 45500  E=3.608326739721e+02  Q=7.810000000000e+02  λ=8.454343e-01  dt=1.189e-03  relΔE=4.878e-06  ||F||=4.768e-02
 step= 46000  E=3.599608464302e+02  Q=7.810000000000e+02  λ=8.426190e-01  dt=7.672e-04  relΔE=3.053e-06  ||F||=4.691e-02
 step= 46500  E=3.591360282128e+02  Q=7.810000000000e+02  λ=8.399146e-01  dt=1.188e-03  relΔE=4.509e-06  ||F||=4.577e-02
 step= 47000  E=3.583299110897e+02  Q=7.810000000000e+02  λ=8.372226e-01  dt=9.191e-04  relΔE=3.315e-06  ||F||=4.457e-02
 step= 47500  E=3.575681940515e+02  Q=7.810000000000e+02  λ=8.346367e-01  dt=1.423e-03  relΔE=4.808e-06  ||F||=4.309e-02
 step= 48000  E=3.568779575989e+02  Q=7.810000000000e+02  λ=8.322474e-01  dt=1.101e-03  relΔE=3.468e-06  ||F||=4.155e-02
 step= 48500  E=3.562185785560e+02  Q=7.810000000000e+02  λ=8.299219e-01  dt=8.522e-04  relΔE=2.489e-06  ||F||=3.998e-02
 step= 49000  E=3.556261971992e+02  Q=7.810000000000e+02  λ=8.277938e-01  dt=1.319e-03  relΔE=3.496e-06  ||F||=3.805e-02
 step= 49500  E=3.550910757798e+02  Q=7.810000000000e+02  λ=8.258291e-01  dt=1.021e-03  relΔE=2.452e-06  ||F||=3.620e-02
 step= 50000  E=3.545932065227e+02  Q=7.810000000000e+02  λ=8.239606e-01  dt=7.902e-04  relΔE=1.769e-06  ||F||=3.494e-02
 step= 50500  E=3.541683989214e+02  Q=7.810000000000e+02  λ=8.223314e-01  dt=1.223e-03  relΔE=2.345e-06  ||F||=3.230e-02
 step= 51000  E=3.537831653815e+02  Q=7.810000000000e+02  λ=8.208155e-01  dt=9.467e-04  relΔE=1.605e-06  ||F||=3.035e-02
 step= 51500  E=3.534384676960e+02  Q=7.810000000000e+02  λ=8.194244e-01  dt=1.465e-03  relΔE=2.168e-06  ||F||=2.839e-02
 step= 52000  E=3.531515652545e+02  Q=7.810000000000e+02  λ=8.182320e-01  dt=1.134e-03  relΔE=1.465e-06  ||F||=2.647e-02
 step= 52500  E=3.528913777588e+02  Q=7.810000000000e+02  λ=8.171180e-01  dt=8.779e-04  relΔE=9.808e-07  ||F||=2.461e-02
 step= 53000  E=3.526727019032e+02  Q=7.810000000000e+02  λ=8.161520e-01  dt=1.359e-03  relΔE=1.301e-06  ||F||=2.278e-02
 step= 53500  E=3.524856688970e+02  Q=7.810000000000e+02  λ=8.152959e-01  dt=1.052e-03  relΔE=8.618e-07  ||F||=2.106e-02
 step= 54000  E=3.523218304740e+02  Q=7.810000000000e+02  λ=8.145176e-01  dt=8.140e-04  relΔE=5.685e-07  ||F||=1.944e-02
 step= 54500  E=3.521882409769e+02  Q=7.810000000000e+02  λ=8.138581e-01  dt=1.260e-03  relΔE=7.415e-07  ||F||=1.784e-02
 step= 55000  E=3.520736886383e+02  Q=7.810000000000e+02  λ=8.132677e-01  dt=9.752e-04  relΔE=4.838e-07  ||F||=1.637e-02
 step= 55500  E=3.519747856967e+02  Q=7.810000000000e+02  λ=8.127353e-01  dt=1.510e-03  relΔE=6.120e-07  ||F||=3.195e-02
 step= 56000  E=3.518966255680e+02  Q=7.810000000000e+02  λ=8.122927e-01  dt=1.168e-03  relΔE=4.065e-07  ||F||=1.371e-02
 step= 56500  E=3.518283885935e+02  Q=7.810000000000e+02  λ=8.118867e-01  dt=9.043e-04  relΔE=2.623e-07  ||F||=1.251e-02
 step= 57000  E=3.517722412581e+02  Q=7.810000000000e+02  λ=8.115345e-01  dt=1.400e-03  relΔE=3.363e-07  ||F||=1.139e-02
 step= 57500  E=3.517263942673e+02  Q=7.810000000000e+02  λ=8.112298e-01  dt=1.083e-03  relΔE=2.163e-07  ||F||=1.038e-02
 step= 58000  E=3.516872750420e+02  Q=7.810000000000e+02  λ=8.109539e-01  dt=8.385e-04  relΔE=1.386e-07  ||F||=9.442e-03
 step= 58500  E=3.516558155613e+02  Q=7.810000000000e+02  λ=8.107178e-01  dt=1.298e-03  relΔE=1.765e-07  ||F||=8.562e-03
 step= 59000  E=3.516297699439e+02  Q=7.810000000000e+02  λ=8.105090e-01  dt=1.005e-03  relΔE=1.127e-07  ||F||=7.775e-03
 step= 59500  E=3.516076729738e+02  Q=7.810000000000e+02  λ=8.103192e-01  dt=7.775e-04  relΔE=7.655e-08  ||F||=7.308e-03
 step= 60000  E=3.515904567347e+02  Q=7.810000000000e+02  λ=8.101607e-01  dt=1.203e-03  relΔE=9.119e-08  ||F||=6.387e-03
 step= 60500  E=3.515758162654e+02  Q=7.810000000000e+02  λ=8.100155e-01  dt=9.315e-04  relΔE=5.795e-08  ||F||=5.786e-03
 step= 61000  E=3.515637512641e+02  Q=7.810000000000e+02  λ=8.098865e-01  dt=1.442e-03  relΔE=7.318e-08  ||F||=5.225e-03
 step= 61500  E=3.515541827163e+02  Q=7.810000000000e+02  λ=8.097756e-01  dt=1.116e-03  relΔE=4.657e-08  ||F||=4.736e-03
 step= 62000  E=3.515460790888e+02  Q=7.810000000000e+02  λ=8.096739e-01  dt=8.637e-04  relΔE=2.942e-08  ||F||=4.277e-03
 step= 62500  E=3.515395681925e+02  Q=7.810000000000e+02  λ=8.095851e-01  dt=1.337e-03  relΔE=3.727e-08  ||F||=3.868e-03
 step= 63000  E=3.515342735618e+02  Q=7.810000000000e+02  λ=8.095066e-01  dt=1.035e-03  relΔE=2.363e-08  ||F||=3.499e-03
 step= 63500  E=3.515298093771e+02  Q=7.810000000000e+02  λ=8.094343e-01  dt=8.009e-04  relΔE=1.509e-08  ||F||=3.178e-03
 step= 64000  E=3.515263135491e+02  Q=7.810000000000e+02  λ=8.093725e-01  dt=1.240e-03  relΔE=1.890e-08  ||F||=2.856e-03
 step= 64500  E=3.515233952550e+02  Q=7.810000000000e+02  λ=8.093161e-01  dt=9.595e-04  relΔE=1.196e-08  ||F||=2.581e-03
 step= 65000  E=3.515209642902e+02  Q=7.810000000000e+02  λ=8.092647e-01  dt=1.485e-03  relΔE=1.506e-08  ||F||=2.392e-03
 step= 65500  E=3.515190730929e+02  Q=7.810000000000e+02  λ=8.092208e-01  dt=1.149e-03  relΔE=9.579e-09  ||F||=2.107e-03
 step= 66000  E=3.515174615374e+02  Q=7.810000000000e+02  λ=8.091798e-01  dt=8.897e-04  relΔE=6.046e-09  ||F||=1.902e-03
 step= 66500  E=3.515161599011e+02  Q=7.810000000000e+02  λ=8.091434e-01  dt=1.377e-03  relΔE=7.652e-09  ||F||=1.718e-03
 step= 67000  E=3.515151129421e+02  Q=7.810000000000e+02  λ=8.091112e-01  dt=1.066e-03  relΔE=4.861e-09  ||F||=1.555e-03
 step= 67500  E=3.515142282930e+02  Q=7.810000000000e+02  λ=8.090814e-01  dt=8.250e-04  relΔE=3.069e-09  ||F||=1.402e-03
 step= 68000  E=3.515135259860e+02  Q=7.810000000000e+02  λ=8.090553e-01  dt=1.277e-03  relΔE=3.901e-09  ||F||=1.269e-03
 step= 68500  E=3.515129460521e+02  Q=7.810000000000e+02  λ=8.090316e-01  dt=9.883e-04  relΔE=2.477e-09  ||F||=1.148e-03
 step= 69000  E=3.515124543128e+02  Q=7.810000000000e+02  λ=8.090096e-01  dt=7.649e-04  relΔE=1.855e-09  ||F||=1.323e-02
 step= 69500  E=3.515120756759e+02  Q=7.810000000000e+02  λ=8.089908e-01  dt=1.184e-03  relΔE=1.997e-09  ||F||=9.387e-04
 step= 70000  E=3.515117543877e+02  Q=7.810000000000e+02  λ=8.089733e-01  dt=7.637e-04  relΔE=1.058e-09  ||F||=8.491e-04
 step= 70500  E=3.515114976968e+02  Q=7.810000000000e+02  λ=8.089580e-01  dt=1.182e-03  relΔE=1.355e-09  ||F||=7.707e-04
 step= 71000  E=3.515112797785e+02  Q=7.810000000000e+02  λ=8.089437e-01  dt=7.625e-04  relΔE=7.197e-10  ||F||=6.976e-04
 step= 71500  E=3.515111050732e+02  Q=7.810000000000e+02  λ=8.089311e-01  dt=1.180e-03  relΔE=9.234e-10  ||F||=6.335e-04
 step= 72000  E=3.515109547167e+02  Q=7.810000000000e+02  λ=8.089193e-01  dt=9.135e-04  relΔE=5.882e-10  ||F||=5.730e-04
 step= 72500  E=3.515108309329e+02  Q=7.810000000000e+02  λ=8.089085e-01  dt=1.414e-03  relΔE=7.502e-10  ||F||=5.184e-04
 step= 73000  E=3.515107339599e+02  Q=7.810000000000e+02  λ=8.088993e-01  dt=9.120e-04  relΔE=4.032e-10  ||F||=4.716e-04
 step= 73500  E=3.515106489902e+02  Q=7.810000000000e+02  λ=8.088905e-01  dt=1.412e-03  relΔE=5.156e-10  ||F||=4.270e-04
 step= 74000  E=3.515105823485e+02  Q=7.810000000000e+02  λ=8.088829e-01  dt=9.105e-04  relΔE=2.779e-10  ||F||=3.887e-04
 step= 74500  E=3.515105236367e+02  Q=7.810000000000e+02  λ=8.088756e-01  dt=1.409e-03  relΔE=3.563e-10  ||F||=3.520e-04
 step= 75000  E=3.515104773993e+02  Q=7.810000000000e+02  λ=8.088693e-01  dt=9.090e-04  relΔE=1.925e-10  ||F||=3.206e-04
 step= 75500  E=3.515104367288e+02  Q=7.810000000000e+02  λ=8.088633e-01  dt=1.407e-03  relΔE=2.476e-10  ||F||=2.905e-04
 step= 76000  E=3.515104036536e+02  Q=7.810000000000e+02  λ=8.088580e-01  dt=1.089e-03  relΔE=1.601e-10  ||F||=2.640e-04
 step= 76500  E=3.515103752568e+02  Q=7.810000000000e+02  λ=8.088530e-01  dt=8.429e-04  relΔE=1.032e-10  ||F||=2.392e-04
 step= 77000  E=3.515103519498e+02  Q=7.810000000000e+02  λ=8.088485e-01  dt=1.305e-03  relΔE=1.337e-10  ||F||=2.172e-04
 step= 77500  E=3.515103326034e+02  Q=7.810000000000e+02  λ=8.088445e-01  dt=1.010e-03  relΔE=8.686e-11  ||F||=1.974e-04
 step= 78000  E=3.515103157832e+02  Q=7.810000000000e+02  λ=8.088407e-01  dt=7.816e-04  relΔE=5.617e-11  ||F||=1.788e-04
 step= 78500  E=3.515103023482e+02  Q=7.810000000000e+02  λ=8.088375e-01  dt=1.210e-03  relΔE=7.345e-11  ||F||=1.628e-04
 step= 79000  E=3.515102907161e+02  Q=7.810000000000e+02  λ=8.088344e-01  dt=9.364e-04  relΔE=4.789e-11  ||F||=1.479e-04
 step= 79500  E=3.515102807611e+02  Q=7.810000000000e+02  λ=8.088316e-01  dt=1.449e-03  relΔE=6.244e-11  ||F||=1.346e-04
 step= 80000  E=3.515102727035e+02  Q=7.810000000000e+02  λ=8.088291e-01  dt=1.122e-03  relΔE=4.108e-11  ||F||=1.223e-04
 step= 80500  E=3.515102656062e+02  Q=7.810000000000e+02  λ=8.088268e-01  dt=8.682e-04  relΔE=2.692e-11  ||F||=1.111e-04
 step= 81000  E=3.515102596519e+02  Q=7.810000000000e+02  λ=8.088247e-01  dt=1.344e-03  relΔE=3.545e-11  ||F||=1.010e-04
 step= 81500  E=3.515102546631e+02  Q=7.810000000000e+02  λ=8.088229e-01  dt=1.040e-03  relΔE=2.345e-11  ||F||=9.202e-05
 step= 82000  E=3.515102502530e+02  Q=7.810000000000e+02  λ=8.088211e-01  dt=8.051e-04  relΔE=1.546e-11  ||F||=8.357e-05
 step= 82500  E=3.515102466093e+02  Q=7.810000000000e+02  λ=8.088195e-01  dt=1.246e-03  relΔE=2.056e-11  ||F||=7.617e-05
 step= 83000  E=3.515102434484e+02  Q=7.810000000000e+02  λ=8.088181e-01  dt=9.645e-04  relΔE=1.368e-11  ||F||=6.937e-05
 step= 83500  E=3.515102406389e+02  Q=7.810000000000e+02  λ=8.088168e-01  dt=1.493e-03  relΔE=1.656e-11  ||F||=8.646e-04
 step= 84000  E=3.515102383674e+02  Q=7.810000000000e+02  λ=8.088156e-01  dt=1.156e-03  relΔE=1.220e-11  ||F||=5.755e-05
 step= 84500  E=3.515102363090e+02  Q=7.810000000000e+02  λ=8.088145e-01  dt=8.943e-04  relΔE=8.167e-12  ||F||=5.237e-05
 step= 85000  E=3.515102345351e+02  Q=7.810000000000e+02  λ=8.088135e-01  dt=1.384e-03  relΔE=1.097e-11  ||F||=4.769e-05
 step= 85500  E=3.515102330294e+02  Q=7.810000000000e+02  λ=8.088126e-01  dt=1.071e-03  relΔE=7.409e-12  ||F||=4.354e-05
 step= 86000  E=3.515102316770e+02  Q=7.810000000000e+02  λ=8.088118e-01  dt=8.293e-04  relΔE=4.997e-12  ||F||=3.964e-05
 step= 86500  E=3.515102305161e+02  Q=7.810000000000e+02  λ=8.088111e-01  dt=1.284e-03  relΔE=6.776e-12  ||F||=3.616e-05
 step= 87000  E=3.515102295052e+02  Q=7.810000000000e+02  λ=8.088104e-01  dt=9.935e-04  relΔE=4.609e-12  ||F||=3.301e-05
 step= 87500  E=3.515102285829e+02  Q=7.810000000000e+02  λ=8.088098e-01  dt=7.690e-04  relΔE=3.126e-12  ||F||=3.004e-05
 step= 88000  E=3.515102278147e+02  Q=7.810000000000e+02  λ=8.088092e-01  dt=1.190e-03  relΔE=4.282e-12  ||F||=2.747e-05
 step= 88500  E=3.515102271128e+02  Q=7.810000000000e+02  λ=8.088087e-01  dt=9.212e-04  relΔE=2.928e-12  ||F||=2.506e-05
 step= 89000  E=3.515102264862e+02  Q=7.810000000000e+02  λ=8.088082e-01  dt=1.426e-03  relΔE=4.007e-12  ||F||=2.285e-05
 step= 89500  E=3.515102259510e+02  Q=7.810000000000e+02  λ=8.088078e-01  dt=1.104e-03  relΔE=2.760e-12  ||F||=2.089e-05
 step= 90000  E=3.515102254594e+02  Q=7.810000000000e+02  λ=8.088074e-01  dt=8.542e-04  relΔE=1.898e-12  ||F||=1.905e-05
 step= 90500  E=3.515102250263e+02  Q=7.810000000000e+02  λ=8.088070e-01  dt=1.322e-03  relΔE=2.619e-12  ||F||=1.739e-05
 step= 91000  E=3.515102246456e+02  Q=7.810000000000e+02  λ=8.088067e-01  dt=1.023e-03  relΔE=1.813e-12  ||F||=1.591e-05
 step= 91500  E=3.515102242933e+02  Q=7.810000000000e+02  λ=8.088064e-01  dt=7.921e-04  relΔE=1.253e-12  ||F||=1.450e-05
 step= 92000  E=3.515102239898e+02  Q=7.810000000000e+02  λ=8.088062e-01  dt=1.226e-03  relΔE=1.741e-12  ||F||=1.327e-05
 step= 92500  E=3.515102237136e+02  Q=7.810000000000e+02  λ=8.088059e-01  dt=9.490e-04  relΔE=1.211e-12  ||F||=1.213e-05
 step= 93000  E=3.515102234587e+02  Q=7.810000000000e+02  λ=8.088057e-01  dt=1.469e-03  relΔE=1.671e-12  ||F||=6.366e-05
 step= 93500  E=3.515102232420e+02  Q=7.810000000000e+02  λ=8.088055e-01  dt=1.137e-03  relΔE=1.175e-12  ||F||=1.014e-05
 step= 94000  E=3.515102230380e+02  Q=7.810000000000e+02  λ=8.088053e-01  dt=8.799e-04  relΔE=8.191e-13  ||F||=9.255e-06
 step= 94500  E=3.515102228553e+02  Q=7.810000000000e+02  λ=8.088051e-01  dt=1.362e-03  relΔE=1.144e-12  ||F||=8.459e-06
 step= 95000  E=3.515102226936e+02  Q=7.810000000000e+02  λ=8.088050e-01  dt=1.054e-03  relΔE=8.018e-13  ||F||=7.745e-06
 step= 95500  E=3.515102225428e+02  Q=7.810000000000e+02  λ=8.088048e-01  dt=8.159e-04  relΔE=5.611e-13  ||F||=7.073e-06
 step= 96000  E=3.515102224093e+02  Q=7.810000000000e+02  λ=8.088047e-01  dt=1.263e-03  relΔE=7.869e-13  ||F||=6.473e-06
 step= 96500  E=3.515102222884e+02  Q=7.810000000000e+02  λ=8.088046e-01  dt=9.775e-04  relΔE=5.524e-13  ||F||=5.926e-06
 step= 97000  E=3.515102221745e+02  Q=7.810000000000e+02  λ=8.088044e-01  dt=7.566e-04  relΔE=3.871e-13  ||F||=5.599e-06
 step= 97500  E=3.515102220772e+02  Q=7.810000000000e+02  λ=8.088043e-01  dt=1.171e-03  relΔE=5.463e-13  ||F||=4.959e-06
 step= 98000  E=3.515102219855e+02  Q=7.810000000000e+02  λ=8.088043e-01  dt=9.064e-04  relΔE=3.839e-13  ||F||=4.535e-06
 step= 98500  E=3.515102219017e+02  Q=7.810000000000e+02  λ=8.088042e-01  dt=1.403e-03  relΔE=5.404e-13  ||F||=4.147e-06
 step= 99000  E=3.515102218278e+02  Q=7.810000000000e+02  λ=8.088041e-01  dt=1.086e-03  relΔE=3.816e-13  ||F||=3.801e-06
 step= 99500  E=3.515102217584e+02  Q=7.810000000000e+02  λ=8.088040e-01  dt=8.404e-04  relΔE=2.684e-13  ||F||=3.476e-06
 step=100000  E=3.515102216960e+02  Q=7.810000000000e+02  λ=8.088040e-01  dt=1.301e-03  relΔE=3.787e-13  ||F||=3.182e-06
 step=100500  E=3.515102216398e+02  Q=7.810000000000e+02  λ=8.088039e-01  dt=1.007e-03  relΔE=2.680e-13  ||F||=2.917e-06
 step=101000  E=3.515102215867e+02  Q=7.810000000000e+02  λ=8.088038e-01  dt=7.793e-04  relΔE=1.884e-13  ||F||=2.665e-06
 step=101500  E=3.515102215404e+02  Q=7.810000000000e+02  λ=8.088038e-01  dt=1.206e-03  relΔE=2.675e-13  ||F||=2.446e-06
 step=102000  E=3.515102214970e+02  Q=7.810000000000e+02  λ=8.088038e-01  dt=9.336e-04  relΔE=1.884e-13  ||F||=2.239e-06
 step=102500  E=3.515102214567e+02  Q=7.810000000000e+02  λ=8.088037e-01  dt=1.445e-03  relΔE=2.663e-13  ||F||=4.794e-06
 step=103000  E=3.515102214216e+02  Q=7.810000000000e+02  λ=8.088037e-01  dt=1.119e-03  relΔE=1.887e-13  ||F||=1.879e-06
 step=103500  E=3.515102213882e+02  Q=7.810000000000e+02  λ=8.088036e-01  dt=8.657e-04  relΔE=1.337e-13  ||F||=1.720e-06
 step=104000  E=3.515102213580e+02  Q=7.810000000000e+02  λ=8.088036e-01  dt=1.340e-03  relΔE=1.889e-13  ||F||=1.575e-06
 step=104500  E=3.515102213309e+02  Q=7.810000000000e+02  λ=8.088036e-01  dt=1.037e-03  relΔE=1.339e-13  ||F||=1.445e-06
 step=105000  E=3.515102213052e+02  Q=7.810000000000e+02  λ=8.088036e-01  dt=8.027e-04  relΔE=9.460e-14  ||F||=1.322e-06
 step=105500  E=3.515102212824e+02  Q=7.810000000000e+02  λ=8.088035e-01  dt=1.243e-03  relΔE=1.345e-13  ||F||=1.212e-06
 step=106000  E=3.515102212615e+02  Q=7.810000000000e+02  λ=8.088035e-01  dt=9.617e-04  relΔE=9.492e-14  ||F||=1.111e-06
 step=106500  E=3.515102212416e+02  Q=7.810000000000e+02  λ=8.088035e-01  dt=7.443e-04  relΔE=7.843e-14  ||F||=8.962e-05
 step=107000  E=3.515102212245e+02  Q=7.810000000000e+02  λ=8.088035e-01  dt=1.152e-03  relΔE=9.573e-14  ||F||=9.337e-07
 step=107500  E=3.515102212083e+02  Q=7.810000000000e+02  λ=8.088035e-01  dt=7.431e-04  relΔE=5.644e-14  ||F||=8.559e-07
 step=108000  E=3.515102211940e+02  Q=7.810000000000e+02  λ=8.088034e-01  dt=1.150e-03  relΔE=7.989e-14  ||F||=7.868e-07
 step=108500  E=3.515102211802e+02  Q=7.810000000000e+02  λ=8.088034e-01  dt=8.903e-04  relΔE=5.676e-14  ||F||=7.206e-07
 step=109000  E=3.515102211677e+02  Q=7.810000000000e+02  λ=8.088034e-01  dt=1.378e-03  relΔE=8.053e-14  ||F||=6.603e-07
 step=109500  E=3.515102211568e+02  Q=7.810000000000e+02  λ=8.088034e-01  dt=8.889e-04  relΔE=4.868e-14  ||F||=6.075e-07
 step=110000  E=3.515102211462e+02  Q=7.810000000000e+02  λ=8.088034e-01  dt=1.376e-03  relΔE=6.776e-14  ||F||=5.567e-07
 step=110500  E=3.515102211367e+02  Q=7.810000000000e+02  λ=8.088034e-01  dt=1.065e-03  relΔE=4.771e-14  ||F||=5.110e-07
 step=111000  E=3.515102211278e+02  Q=7.810000000000e+02  λ=8.088034e-01  dt=8.242e-04  relΔE=3.444e-14  ||F||=4.681e-07
 step=111500  E=3.515102211197e+02  Q=7.810000000000e+02  λ=8.088034e-01  dt=1.276e-03  relΔE=4.868e-14  ||F||=4.293e-07
 step=112000  E=3.515102211124e+02  Q=7.810000000000e+02  λ=8.088034e-01  dt=9.874e-04  relΔE=3.461e-14  ||F||=3.941e-07
 step=112500  E=3.515102211054e+02  Q=7.810000000000e+02  λ=8.088033e-01  dt=7.642e-04  relΔE=2.442e-14  ||F||=3.605e-07
 step=113000  E=3.515102210994e+02  Q=7.810000000000e+02  λ=8.088033e-01  dt=1.183e-03  relΔE=3.461e-14  ||F||=3.314e-07
 step=113500  E=3.515102210937e+02  Q=7.810000000000e+02  λ=8.088033e-01  dt=9.156e-04  relΔE=2.426e-14  ||F||=3.038e-07
 step=114000  E=3.515102210883e+02  Q=7.810000000000e+02  λ=8.088033e-01  dt=1.417e-03  relΔE=3.509e-14  ||F||=4.311e-07
 step=114500  E=3.515102210836e+02  Q=7.810000000000e+02  λ=8.088033e-01  dt=1.097e-03  relΔE=2.490e-14  ||F||=2.557e-07
 step=115000  E=3.515102210792e+02  Q=7.810000000000e+02  λ=8.088033e-01  dt=8.490e-04  relΔE=1.746e-14  ||F||=2.344e-07
 step=115500  E=3.515102210752e+02  Q=7.810000000000e+02  λ=8.088033e-01  dt=1.314e-03  relΔE=2.507e-14  ||F||=2.150e-07
 step=116000  E=3.515102210715e+02  Q=7.810000000000e+02  λ=8.088033e-01  dt=1.017e-03  relΔE=1.730e-14  ||F||=1.974e-07
 step=116500  E=3.515102210681e+02  Q=7.810000000000e+02  λ=8.088033e-01  dt=7.872e-04  relΔE=1.294e-14  ||F||=1.808e-07
 step=117000  E=3.515102210650e+02  Q=7.810000000000e+02  λ=8.088033e-01  dt=1.219e-03  relΔE=1.779e-14  ||F||=1.661e-07
 step=117500  E=3.515102210621e+02  Q=7.810000000000e+02  λ=8.088033e-01  dt=9.431e-04  relΔE=1.261e-14  ||F||=1.524e-07
 step=118000  E=3.515102210594e+02  Q=7.810000000000e+02  λ=8.088033e-01  dt=1.460e-03  relΔE=1.746e-14  ||F||=1.823e-05
 step=118500  E=3.515102210571e+02  Q=7.810000000000e+02  λ=8.088033e-01  dt=1.130e-03  relΔE=1.310e-14  ||F||=1.284e-07
 step=119000  E=3.515102210549e+02  Q=7.810000000000e+02  λ=8.088033e-01  dt=8.745e-04  relΔE=9.056e-15  ||F||=1.177e-07
 step=119500  E=3.515102210529e+02  Q=7.810000000000e+02  λ=8.088033e-01  dt=1.354e-03  relΔE=1.358e-14  ||F||=1.080e-07
 step=120000  E=3.515102210510e+02  Q=7.810000000000e+02  λ=8.088033e-01  dt=1.048e-03  relΔE=9.218e-15  ||F||=9.921e-08
 step=120500  E=3.515102210493e+02  Q=7.810000000000e+02  λ=8.088033e-01  dt=8.109e-04  relΔE=6.630e-15  ||F||=9.094e-08
 step=121000  E=3.515102210478e+02  Q=7.810000000000e+02  λ=8.088033e-01  dt=1.255e-03  relΔE=8.894e-15  ||F||=8.349e-08
 step=121500  E=3.515102210463e+02  Q=7.810000000000e+02  λ=8.088033e-01  dt=9.715e-04  relΔE=6.307e-15  ||F||=7.671e-08
 step=122000  E=3.515102210450e+02  Q=7.810000000000e+02  λ=8.088033e-01  dt=7.519e-04  relΔE=4.528e-15  ||F||=7.023e-08
 step=122500  E=3.515102210438e+02  Q=7.810000000000e+02  λ=8.088033e-01  dt=1.164e-03  relΔE=6.468e-15  ||F||=6.463e-08
 step=123000  E=3.515102210427e+02  Q=7.810000000000e+02  λ=8.088033e-01  dt=9.008e-04  relΔE=4.690e-15  ||F||=5.929e-08
 step=123500  E=3.515102210417e+02  Q=7.810000000000e+02  λ=8.088033e-01  dt=1.394e-03  relΔE=6.145e-15  ||F||=6.665e-08
 step=124000  E=3.515102210408e+02  Q=7.810000000000e+02  λ=8.088033e-01  dt=1.079e-03  relΔE=5.013e-15  ||F||=4.999e-08
 Converged (aggressive): step=124000, E=3.515102210408e+02, Q=7.810000000000e+02, dt=1.079e-03, ||F||=4.999e-08

Stationary candidate (aggressive): E=3.515102210408e+02, Q=7.810000000000e+02, maxρ=6.559334e-01

=== Stability test (damped inertial dynamics) ===
Perturb eps=0.02, gamma=1
t=0: E=3.897972680881e+02, Q=7.810000000000e+02, maxρ=6.766823e-01, σ=2.730874e+00, Rc=1.828968e+01
 step=     1  E=3.897970753343e+02  Q=7.810000000000e+02  λ=1.196743e+00  maxρ=6.766823e-01  minρ=7.301e-12  σ=2.730874e+00  Rc=1.828968e+01
 step=   300  E=3.818944318918e+02  Q=7.810000000000e+02  λ=1.093286e+00  maxρ=6.755345e-01  minρ=7.325e-12  σ=2.730871e+00  Rc=1.828969e+01
 step=   600  E=3.660070472840e+02  Q=7.810000000000e+02  λ=9.060501e-01  maxρ=6.722982e-01  minρ=7.383e-12  σ=2.730865e+00  Rc=1.828969e+01
 step=   900  E=3.567224467656e+02  Q=7.810000000000e+02  λ=8.466255e-01  maxρ=6.675114e-01  minρ=7.284e-12  σ=2.730864e+00  Rc=1.828969e+01
 step=  1200  E=3.602843139946e+02  Q=7.810000000000e+02  λ=9.548568e-01  maxρ=6.654014e-01  minρ=7.194e-12  σ=2.730866e+00  Rc=1.828968e+01
 step=  1500  E=3.698225777568e+02  Q=7.810000000000e+02  λ=1.071905e+00  maxρ=6.694285e-01  minρ=7.148e-12  σ=2.730868e+00  Rc=1.828968e+01
 step=  1800  E=3.746853732524e+02  Q=7.810000000000e+02  λ=1.057520e+00  maxρ=6.715710e-01  minρ=7.151e-12  σ=2.730865e+00  Rc=1.828968e+01
 step=  2100  E=3.718169411214e+02  Q=7.810000000000e+02  λ=9.554881e-01  maxρ=6.681521e-01  minρ=7.137e-12  σ=2.730862e+00  Rc=1.828968e+01
 step=  2400  E=3.667843035505e+02  Q=7.810000000000e+02  λ=9.085698e-01  maxρ=6.616049e-01  minρ=6.944e-12  σ=2.730863e+00  Rc=1.828968e+01
 step=  2700  E=3.655466396174e+02  Q=7.810000000000e+02  λ=9.639633e-01  maxρ=6.650003e-01  minρ=6.839e-12  σ=2.730866e+00  Rc=1.828968e+01
 step=  3000  E=3.679766231427e+02  Q=7.810000000000e+02  λ=1.030278e+00  maxρ=6.733549e-01  minρ=6.928e-12  σ=2.730867e+00  Rc=1.828968e+01
 step=  3300  E=3.698092596254e+02  Q=7.810000000000e+02  λ=1.017503e+00  maxρ=6.750862e-01  minρ=6.998e-12  σ=2.730863e+00  Rc=1.828968e+01
 step=  3600  E=3.686913239505e+02  Q=7.810000000000e+02  λ=9.521943e-01  maxρ=6.702766e-01  minρ=7.011e-12  σ=2.730859e+00  Rc=1.828968e+01
 step=  3900  E=3.663782842930e+02  Q=7.810000000000e+02  λ=9.234148e-01  maxρ=6.702816e-01  minρ=6.789e-12  σ=2.730859e+00  Rc=1.828968e+01
 step=  4200  E=3.655471261008e+02  Q=7.810000000000e+02  λ=9.567885e-01  maxρ=6.679531e-01  minρ=6.481e-12  σ=2.730862e+00  Rc=1.828967e+01
 step=  4500  E=3.663941806000e+02  Q=7.810000000000e+02  λ=9.926614e-01  maxρ=6.665460e-01  minρ=6.356e-12  σ=2.730863e+00  Rc=1.828967e+01
 step=  4800  E=3.671248092651e+02  Q=7.810000000000e+02  λ=9.797648e-01  maxρ=6.690094e-01  minρ=6.469e-12  σ=2.730860e+00  Rc=1.828967e+01
 step=  5100  E=3.666875492550e+02  Q=7.810000000000e+02  λ=9.414714e-01  maxρ=6.698325e-01  minρ=6.117e-12  σ=2.730855e+00  Rc=1.828967e+01
 step=  5400  E=3.657976279628e+02  Q=7.810000000000e+02  λ=9.313195e-01  maxρ=6.690455e-01  minρ=5.870e-12  σ=2.730853e+00  Rc=1.828967e+01
 step=  5700  E=3.654696110646e+02  Q=7.810000000000e+02  λ=9.557937e-01  maxρ=6.667621e-01  minρ=5.911e-12  σ=2.730855e+00  Rc=1.828967e+01
 step=  6000  E=3.656303801684e+02  Q=7.810000000000e+02  λ=9.735201e-01  maxρ=6.653628e-01  minρ=6.172e-12  σ=2.730855e+00  Rc=1.828966e+01
 >>> No runaway detected in this horizon. Likely stable (within this model & box).

STABILITY: PASS
