
=== Aggressive relaxation to Q = 1843 ===
Initial: E=1.229863930290e+03, Q=1.843000000000e+03, dt=1.000e-04
 step=     1  E=1.229794162274e+03  Q=1.843000000000e+03  λ=1.477366e+00  dt=1.000e-04  relΔE=5.673e-05  ||F||=6.158e-01
 step=   500  E=1.161727318523e+03  Q=1.843000000000e+03  λ=1.347843e+00  dt=6.192e-04  relΔE=1.787e-04  ||F||=4.677e-01
 step=  1000  E=1.052737396078e+03  Q=1.843000000000e+03  λ=1.143175e+00  dt=9.584e-04  relΔE=1.022e-04  ||F||=2.706e-01
 step=  1500  E=1.004460787943e+03  Q=1.843000000000e+03  λ=1.054401e+00  dt=1.484e-03  relΔE=8.005e-05  ||F||=3.956e-01
 step=  2000  E=9.792119895255e+02  Q=1.843000000000e+03  λ=1.008902e+00  dt=1.148e-03  relΔE=4.078e-05  ||F||=1.506e-01
 step=  2500  E=9.614023159301e+02  Q=1.843000000000e+03  λ=9.779392e-01  dt=8.887e-04  relΔE=2.264e-05  ||F||=1.264e-01
 step=  3000  E=9.485530068486e+02  Q=1.843000000000e+03  λ=9.565380e-01  dt=1.376e-03  relΔE=2.720e-05  ||F||=1.106e-01
 step=  3500  E=9.385787102648e+02  Q=1.843000000000e+03  λ=9.405751e-01  dt=1.065e-03  relΔE=1.734e-05  ||F||=9.982e-02
 step=  4000  E=9.299902554750e+02  Q=1.843000000000e+03  λ=9.273556e-01  dt=8.241e-04  relΔE=1.137e-05  ||F||=9.143e-02
 step=  4500  E=9.229352376049e+02  Q=1.843000000000e+03  λ=9.168792e-01  dt=1.276e-03  relΔE=1.529e-05  ||F||=8.489e-02
 step=  5000  E=9.167772309750e+02  Q=1.843000000000e+03  λ=9.079931e-01  dt=9.873e-04  relΔE=1.045e-05  ||F||=7.951e-02
 step=  5500  E=9.111243129820e+02  Q=1.843000000000e+03  λ=9.001145e-01  dt=1.528e-03  relΔE=1.260e-05  ||F||=3.533e-01
 step=  6000  E=9.063892208694e+02  Q=1.843000000000e+03  λ=8.935591e-01  dt=1.183e-03  relΔE=1.005e-05  ||F||=7.082e-02
 step=  6500  E=9.019770304881e+02  Q=1.843000000000e+03  λ=8.876213e-01  dt=9.154e-04  relΔE=7.067e-06  ||F||=6.734e-02
 step=  7000  E=8.979666604771e+02  Q=1.843000000000e+03  λ=8.823272e-01  dt=1.417e-03  relΔE=9.947e-06  ||F||=6.407e-02
 step=  7500  E=8.943939326780e+02  Q=1.843000000000e+03  λ=8.776783e-01  dt=1.097e-03  relΔE=7.068e-06  ||F||=6.127e-02
 step=  8000  E=8.910430560148e+02  Q=1.843000000000e+03  λ=8.733800e-01  dt=8.488e-04  relΔE=5.060e-06  ||F||=5.882e-02
 step=  8500  E=8.881428197616e+02  Q=1.843000000000e+03  λ=8.697090e-01  dt=1.095e-03  relΔE=6.027e-06  ||F||=5.643e-02
 step=  9000  E=8.852504326663e+02  Q=1.843000000000e+03  λ=8.660862e-01  dt=8.475e-04  relΔE=4.352e-06  ||F||=5.442e-02
 step=  9500  E=8.826531472925e+02  Q=1.843000000000e+03  λ=8.628710e-01  dt=1.312e-03  relΔE=6.227e-06  ||F||=5.224e-02
 step= 10000  E=8.802517386544e+02  Q=1.843000000000e+03  λ=8.599225e-01  dt=1.015e-03  relΔE=4.504e-06  ||F||=5.043e-02
 step= 10500  E=8.779299972557e+02  Q=1.843000000000e+03  λ=8.570971e-01  dt=7.858e-04  relΔE=3.377e-06  ||F||=4.960e-02
 step= 11000  E=8.758636798408e+02  Q=1.843000000000e+03  λ=8.546056e-01  dt=1.216e-03  relΔE=4.739e-06  ||F||=4.714e-02
 step= 11500  E=8.738674401834e+02  Q=1.843000000000e+03  λ=8.522133e-01  dt=9.414e-04  relΔE=3.454e-06  ||F||=4.570e-02
 step= 12000  E=8.719690351537e+02  Q=1.843000000000e+03  λ=8.499571e-01  dt=1.457e-03  relΔE=5.027e-06  ||F||=4.428e-02
 step= 12500  E=8.702545896309e+02  Q=1.843000000000e+03  λ=8.479298e-01  dt=1.128e-03  relΔE=3.680e-06  ||F||=4.300e-02
 step= 13000  E=8.685668605939e+02  Q=1.843000000000e+03  λ=8.459464e-01  dt=8.730e-04  relΔE=2.711e-06  ||F||=4.191e-02
 step= 13500  E=8.670069853179e+02  Q=1.843000000000e+03  λ=8.441260e-01  dt=1.351e-03  relΔE=3.954e-06  ||F||=4.065e-02
 step= 14000  E=8.655350922579e+02  Q=1.843000000000e+03  λ=8.424152e-01  dt=1.046e-03  relΔE=2.909e-06  ||F||=3.959e-02
 step= 14500  E=8.640943363162e+02  Q=1.843000000000e+03  λ=8.407494e-01  dt=8.095e-04  relΔE=2.188e-06  ||F||=3.901e-02
 step= 15000  E=8.627763643645e+02  Q=1.843000000000e+03  λ=8.392348e-01  dt=1.253e-03  relΔE=3.159e-06  ||F||=3.764e-02
 step= 15500  E=8.615049910455e+02  Q=1.843000000000e+03  λ=8.377786e-01  dt=9.698e-04  relΔE=2.337e-06  ||F||=3.677e-02
 step= 16000  E=8.602529912406e+02  Q=1.843000000000e+03  λ=8.363551e-01  dt=1.501e-03  relΔE=3.386e-06  ||F||=7.475e-02
 step= 16500  E=8.591240672282e+02  Q=1.843000000000e+03  λ=8.350714e-01  dt=1.162e-03  relΔE=2.561e-06  ||F||=3.512e-02
 step= 17000  E=8.579964967217e+02  Q=1.843000000000e+03  λ=8.337969e-01  dt=8.992e-04  relΔE=1.908e-06  ||F||=3.443e-02
 step= 17500  E=8.569237996449e+02  Q=1.843000000000e+03  λ=8.325908e-01  dt=1.392e-03  relΔE=2.824e-06  ||F||=3.365e-02
 step= 18000  E=8.559149080758e+02  Q=1.843000000000e+03  λ=8.314595e-01  dt=1.077e-03  relΔE=2.104e-06  ||F||=3.299e-02
 step= 18500  E=8.549098157611e+02  Q=1.843000000000e+03  λ=8.303370e-01  dt=8.338e-04  relΔE=1.576e-06  ||F||=3.244e-02
 step= 19000  E=8.539717113389e+02  Q=1.843000000000e+03  λ=8.292945e-01  dt=1.291e-03  relΔE=2.340e-06  ||F||=3.175e-02
 step= 19500  E=8.530634752660e+02  Q=1.843000000000e+03  λ=8.282877e-01  dt=9.989e-04  relΔE=1.751e-06  ||F||=3.120e-02
 step= 20000  E=8.521551922566e+02  Q=1.843000000000e+03  λ=8.272851e-01  dt=7.731e-04  relΔE=1.498e-06  ||F||=3.737e-02
 step= 20500  E=8.513230560031e+02  Q=1.843000000000e+03  λ=8.263703e-01  dt=1.197e-03  relΔE=1.964e-06  ||F||=3.016e-02
 step= 21000  E=8.504937582704e+02  Q=1.843000000000e+03  λ=8.254610e-01  dt=9.263e-04  relΔE=1.477e-06  ||F||=2.972e-02
 step= 21500  E=8.496812864140e+02  Q=1.843000000000e+03  λ=8.245745e-01  dt=1.434e-03  relΔE=2.217e-06  ||F||=2.925e-02
 step= 22000  E=8.489153510571e+02  Q=1.843000000000e+03  λ=8.237406e-01  dt=1.110e-03  relΔE=1.670e-06  ||F||=2.884e-02
 step= 22500  E=8.481474957247e+02  Q=1.843000000000e+03  λ=8.229075e-01  dt=8.589e-04  relΔE=1.264e-06  ||F||=2.851e-02
 step= 23000  E=8.474118237561e+02  Q=1.843000000000e+03  λ=8.221130e-01  dt=1.329e-03  relΔE=1.901e-06  ||F||=2.809e-02
 step= 23500  E=8.466993681778e+02  Q=1.843000000000e+03  λ=8.213452e-01  dt=1.029e-03  relΔE=1.438e-06  ||F||=2.776e-02
 step= 24000  E=8.459788016091e+02  Q=1.843000000000e+03  λ=8.205712e-01  dt=7.964e-04  relΔE=1.119e-06  ||F||=2.783e-02
 step= 24500  E=8.453045647968e+02  Q=1.843000000000e+03  λ=8.198501e-01  dt=1.233e-03  relΔE=1.652e-06  ||F||=2.716e-02
 step= 25000  E=8.446290841975e+02  Q=1.843000000000e+03  λ=8.191290e-01  dt=9.541e-04  relΔE=1.256e-06  ||F||=2.691e-02
 step= 25500  E=8.439512626925e+02  Q=1.843000000000e+03  λ=8.184085e-01  dt=1.477e-03  relΔE=1.908e-06  ||F||=2.764e-02
 step= 26000  E=8.433331247995e+02  Q=1.843000000000e+03  λ=8.177522e-01  dt=9.526e-04  relΔE=1.213e-06  ||F||=2.644e-02
 step= 26500  E=8.426760109685e+02  Q=1.843000000000e+03  λ=8.170577e-01  dt=1.475e-03  relΔE=1.851e-06  ||F||=2.659e-02
 step= 27000  E=8.420624668816e+02  Q=1.843000000000e+03  λ=8.164099e-01  dt=1.141e-03  relΔE=1.416e-06  ||F||=2.608e-02
 step= 27500  E=8.414256442607e+02  Q=1.843000000000e+03  λ=8.157394e-01  dt=8.833e-04  relΔE=1.089e-06  ||F||=2.599e-02
 step= 28000  E=8.408100435840e+02  Q=1.843000000000e+03  λ=8.150935e-01  dt=1.367e-03  relΔE=1.664e-06  ||F||=2.581e-02
 step= 28500  E=8.402010659548e+02  Q=1.843000000000e+03  λ=8.144551e-01  dt=1.058e-03  relΔE=1.279e-06  ||F||=2.572e-02
 step= 29000  E=8.395807426931e+02  Q=1.843000000000e+03  λ=8.138061e-01  dt=8.190e-04  relΔE=9.863e-07  ||F||=2.566e-02
 step= 29500  E=8.389828462825e+02  Q=1.843000000000e+03  λ=8.131823e-01  dt=1.268e-03  relΔE=1.519e-06  ||F||=2.558e-02
 step= 30000  E=8.383811594788e+02  Q=1.843000000000e+03  λ=8.125548e-01  dt=9.812e-04  relΔE=1.174e-06  ||F||=2.556e-02
 step= 30500  E=8.377602952783e+02  Q=1.843000000000e+03  λ=8.119147e-01  dt=1.519e-03  relΔE=1.618e-06  ||F||=1.156e-01
 step= 31000  E=8.371741152517e+02  Q=1.843000000000e+03  λ=8.112988e-01  dt=1.176e-03  relΔE=1.411e-06  ||F||=2.558e-02
 step= 31500  E=8.365632195654e+02  Q=1.843000000000e+03  λ=8.106634e-01  dt=9.098e-04  relΔE=1.099e-06  ||F||=2.565e-02
 step= 32000  E=8.359497961784e+02  Q=1.843000000000e+03  λ=8.100264e-01  dt=1.408e-03  relΔE=1.709e-06  ||F||=2.570e-02
 step= 32500  E=8.353470749496e+02  Q=1.843000000000e+03  λ=8.093996e-01  dt=1.090e-03  relΔE=1.334e-06  ||F||=2.580e-02
 step= 33000  E=8.347194302588e+02  Q=1.843000000000e+03  λ=8.087468e-01  dt=8.436e-04  relΔE=1.051e-06  ||F||=2.602e-02
 step= 33500  E=8.340978214485e+02  Q=1.843000000000e+03  λ=8.081006e-01  dt=1.306e-03  relΔE=1.637e-06  ||F||=2.609e-02
 step= 34000  E=8.334693114444e+02  Q=1.843000000000e+03  λ=8.074456e-01  dt=1.011e-03  relΔE=1.287e-06  ||F||=2.629e-02
 step= 34500  E=8.328088737288e+02  Q=1.843000000000e+03  λ=8.067564e-01  dt=7.823e-04  relΔE=1.085e-06  ||F||=2.746e-02
 step= 35000  E=8.321687854618e+02  Q=1.843000000000e+03  λ=8.060878e-01  dt=1.211e-03  relΔE=1.601e-06  ||F||=2.676e-02
 step= 35500  E=8.314962930218e+02  Q=1.843000000000e+03  λ=8.053830e-01  dt=9.372e-04  relΔE=1.269e-06  ||F||=2.708e-02
 step= 36000  E=8.307994772317e+02  Q=1.843000000000e+03  λ=8.046517e-01  dt=1.451e-03  relΔE=2.012e-06  ||F||=2.740e-02
 step= 36500  E=8.301120748921e+02  Q=1.843000000000e+03  λ=8.039271e-01  dt=1.123e-03  relΔE=1.599e-06  ||F||=2.775e-02
 step= 37000  E=8.293792562082e+02  Q=1.843000000000e+03  λ=8.031519e-01  dt=8.690e-04  relΔE=1.281e-06  ||F||=2.821e-02
 step= 37500  E=8.286380228426e+02  Q=1.843000000000e+03  λ=8.023658e-01  dt=1.345e-03  relΔE=2.040e-06  ||F||=2.860e-02
 step= 38000  E=8.278727851600e+02  Q=1.843000000000e+03  λ=8.015498e-01  dt=1.041e-03  relΔE=1.635e-06  ||F||=2.910e-02
 step= 38500  E=8.270596284865e+02  Q=1.843000000000e+03  λ=8.006788e-01  dt=8.058e-04  relΔE=1.355e-06  ||F||=3.010e-02
 step= 39000  E=8.262452919100e+02  Q=1.843000000000e+03  λ=7.998033e-01  dt=1.247e-03  relΔE=2.117e-06  ||F||=3.022e-02
 step= 39500  E=8.253823367901e+02  Q=1.843000000000e+03  λ=7.988696e-01  dt=9.654e-04  relΔE=1.712e-06  ||F||=3.087e-02
 step= 40000  E=8.244580021613e+02  Q=1.843000000000e+03  λ=7.978669e-01  dt=1.494e-03  relΔE=2.721e-06  ||F||=6.518e-02
 step= 40500  E=8.235469316492e+02  Q=1.843000000000e+03  λ=7.968688e-01  dt=1.157e-03  relΔE=2.248e-06  ||F||=3.228e-02
 step= 41000  E=8.225430677376e+02  Q=1.843000000000e+03  λ=7.957645e-01  dt=8.952e-04  relΔE=1.835e-06  ||F||=3.314e-02
 step= 41500  E=8.215023373044e+02  Q=1.843000000000e+03  λ=7.946143e-01  dt=1.386e-03  relΔE=2.986e-06  ||F||=3.395e-02
 step= 42000  E=8.204185439081e+02  Q=1.843000000000e+03  λ=7.934080e-01  dt=1.072e-03  relΔE=2.441e-06  ||F||=3.487e-02
 step= 42500  E=8.192400469995e+02  Q=1.843000000000e+03  λ=7.920887e-01  dt=8.300e-04  relΔE=2.033e-06  ||F||=3.616e-02
 step= 43000  E=8.180296222454e+02  Q=1.843000000000e+03  λ=7.907275e-01  dt=1.285e-03  relΔE=3.282e-06  ||F||=3.689e-02
 step= 43500  E=8.167420665023e+02  Q=1.843000000000e+03  λ=7.892697e-01  dt=9.944e-04  relΔE=2.698e-06  ||F||=3.799e-02
 step= 44000  E=8.153256344007e+02  Q=1.843000000000e+03  λ=7.876597e-01  dt=7.697e-04  relΔE=2.689e-06  ||F||=7.751e-02
 step= 44500  E=8.139031730667e+02  Q=1.843000000000e+03  λ=7.860321e-01  dt=1.191e-03  relΔE=3.659e-06  ||F||=4.034e-02
 step= 45000  E=8.123407316028e+02  Q=1.843000000000e+03  λ=7.842365e-01  dt=9.221e-04  relΔE=3.023e-06  ||F||=4.164e-02
 step= 45500  E=8.106680385819e+02  Q=1.843000000000e+03  λ=7.823086e-01  dt=1.427e-03  relΔE=4.980e-06  ||F||=4.292e-02
 step= 46000  E=8.089929758554e+02  Q=1.843000000000e+03  λ=7.803677e-01  dt=9.206e-04  relΔE=3.412e-06  ||F||=4.418e-02
 step= 46500  E=8.070886881342e+02  Q=1.843000000000e+03  λ=7.781585e-01  dt=1.425e-03  relΔE=5.624e-06  ||F||=4.555e-02
 step= 47000  E=8.051507239539e+02  Q=1.843000000000e+03  λ=7.759019e-01  dt=1.103e-03  relΔE=4.618e-06  ||F||=4.685e-02
 step= 47500  E=8.030302995463e+02  Q=1.843000000000e+03  λ=7.734293e-01  dt=8.536e-04  relΔE=3.805e-06  ||F||=4.828e-02
 step= 48000  E=8.008348680677e+02  Q=1.843000000000e+03  λ=7.708704e-01  dt=1.321e-03  relΔE=6.190e-06  ||F||=4.942e-02
 step= 48500  E=7.985399805548e+02  Q=1.843000000000e+03  λ=7.681924e-01  dt=1.023e-03  relΔE=5.036e-06  ||F||=5.060e-02
 step= 49000  E=7.960667499303e+02  Q=1.843000000000e+03  λ=7.653097e-01  dt=7.915e-04  relΔE=4.199e-06  ||F||=5.246e-02
 step= 49500  E=7.936000998166e+02  Q=1.843000000000e+03  λ=7.624436e-01  dt=1.225e-03  relΔE=6.555e-06  ||F||=5.258e-02
 step= 50000  E=7.909998376491e+02  Q=1.843000000000e+03  λ=7.594276e-01  dt=9.483e-04  relΔE=5.241e-06  ||F||=5.336e-02
 step= 50500  E=7.882874387604e+02  Q=1.843000000000e+03  λ=7.562983e-01  dt=1.468e-03  relΔE=8.293e-06  ||F||=5.388e-02
 step= 51000  E=7.856586216365e+02  Q=1.843000000000e+03  λ=7.532762e-01  dt=1.136e-03  relΔE=6.504e-06  ||F||=5.412e-02
 step= 51500  E=7.828922014021e+02  Q=1.843000000000e+03  λ=7.501155e-01  dt=8.793e-04  relΔE=5.076e-06  ||F||=5.425e-02
 step= 52000  E=7.802061840629e+02  Q=1.843000000000e+03  λ=7.470720e-01  dt=1.361e-03  relΔE=7.756e-06  ||F||=5.380e-02
 step= 52500  E=7.775736504892e+02  Q=1.843000000000e+03  λ=7.441091e-01  dt=1.053e-03  relΔE=5.888e-06  ||F||=5.319e-02
 step= 53000  E=7.749514290232e+02  Q=1.843000000000e+03  λ=7.411853e-01  dt=8.153e-04  relΔE=4.507e-06  ||F||=5.283e-02
 step= 53500  E=7.725185928779e+02  Q=1.843000000000e+03  λ=7.385031e-01  dt=1.262e-03  relΔE=6.529e-06  ||F||=5.101e-02
 step= 54000  E=7.701844487605e+02  Q=1.843000000000e+03  λ=7.359554e-01  dt=9.768e-04  relΔE=4.771e-06  ||F||=4.949e-02
 step= 54500  E=7.679403604437e+02  Q=1.843000000000e+03  λ=7.335497e-01  dt=1.512e-03  relΔE=6.461e-06  ||F||=1.532e-01
 step= 55000  E=7.659828289165e+02  Q=1.843000000000e+03  λ=7.314589e-01  dt=1.170e-03  relΔE=4.892e-06  ||F||=4.566e-02
 step= 55500  E=7.641289599185e+02  Q=1.843000000000e+03  λ=7.295179e-01  dt=9.057e-04  relΔE=3.439e-06  ||F||=4.347e-02
 step= 56000  E=7.624663379636e+02  Q=1.843000000000e+03  λ=7.278086e-01  dt=1.402e-03  relΔE=4.761e-06  ||F||=4.106e-02
 step= 56500  E=7.610176608200e+02  Q=1.843000000000e+03  λ=7.263448e-01  dt=1.085e-03  relΔE=3.271e-06  ||F||=3.865e-02
 step= 57000  E=7.597007476575e+02  Q=1.843000000000e+03  λ=7.250420e-01  dt=8.398e-04  relΔE=2.242e-06  ||F||=3.634e-02
 step= 57500  E=7.585861384182e+02  Q=1.843000000000e+03  λ=7.239662e-01  dt=1.300e-03  relΔE=2.972e-06  ||F||=3.360e-02
 step= 58000  E=7.576248373059e+02  Q=1.843000000000e+03  λ=7.230612e-01  dt=1.006e-03  relΔE=1.977e-06  ||F||=3.114e-02
 step= 58500  E=7.567753420228e+02  Q=1.843000000000e+03  λ=7.222857e-01  dt=7.787e-04  relΔE=1.406e-06  ||F||=2.988e-02
 step= 59000  E=7.560929013372e+02  Q=1.843000000000e+03  λ=7.216839e-01  dt=1.205e-03  relΔE=1.699e-06  ||F||=2.634e-02
 step= 59500  E=7.555028608531e+02  Q=1.843000000000e+03  λ=7.211829e-01  dt=9.330e-04  relΔE=1.102e-06  ||F||=2.410e-02
 step= 60000  E=7.550057114634e+02  Q=1.843000000000e+03  λ=7.207801e-01  dt=1.444e-03  relΔE=1.411e-06  ||F||=2.192e-02
 step= 60500  E=7.546092336067e+02  Q=1.843000000000e+03  λ=7.204749e-01  dt=1.118e-03  relΔE=9.063e-07  ||F||=1.996e-02
 step= 61000  E=7.542692521394e+02  Q=1.843000000000e+03  λ=7.202289e-01  dt=8.651e-04  relΔE=5.756e-07  ||F||=1.808e-02
 step= 61500  E=7.539972213445e+02  Q=1.843000000000e+03  λ=7.200462e-01  dt=1.339e-03  relΔE=7.272e-07  ||F||=1.633e-02
 step= 62000  E=7.537758440367e+02  Q=1.843000000000e+03  λ=7.199099e-01  dt=1.036e-03  relΔE=4.588e-07  ||F||=1.474e-02
 step= 62500  E=7.535912767161e+02  Q=1.843000000000e+03  λ=7.198079e-01  dt=8.022e-04  relΔE=2.950e-07  ||F||=1.344e-02
 step= 63000  E=7.534473867998e+02  Q=1.843000000000e+03  λ=7.197385e-01  dt=1.242e-03  relΔE=3.594e-07  ||F||=1.191e-02
 step= 63500  E=7.533295714719e+02  Q=1.843000000000e+03  λ=7.196907e-01  dt=9.610e-04  relΔE=2.242e-07  ||F||=1.069e-02
 step= 64000  E=7.532323063583e+02  Q=1.843000000000e+03  λ=7.196598e-01  dt=1.488e-03  relΔE=2.765e-07  ||F||=1.031e-02
 step= 64500  E=7.531585990257e+02  Q=1.843000000000e+03  λ=7.196433e-01  dt=1.151e-03  relΔE=1.727e-07  ||F||=8.574e-03
 step= 65000  E=7.530968114765e+02  Q=1.843000000000e+03  λ=7.196360e-01  dt=8.911e-04  relΔE=1.066e-07  ||F||=7.658e-03
 step= 65500  E=7.530483631005e+02  Q=1.843000000000e+03  λ=7.196360e-01  dt=1.379e-03  relΔE=1.314e-07  ||F||=6.834e-03
 step= 66000  E=7.530100270727e+02  Q=1.843000000000e+03  λ=7.196409e-01  dt=1.068e-03  relΔE=8.118e-08  ||F||=6.104e-03
 step= 66500  E=7.529797411722e+02  Q=1.843000000000e+03  λ=7.196491e-01  dt=1.377e-03  relΔE=8.365e-08  ||F||=5.456e-03
 step= 67000  E=7.529553374889e+02  Q=1.843000000000e+03  λ=7.196596e-01  dt=1.066e-03  relΔE=5.154e-08  ||F||=4.867e-03
 step= 67500  E=7.529354257599e+02  Q=1.843000000000e+03  λ=7.196716e-01  dt=8.250e-04  relΔE=3.156e-08  ||F||=4.329e-03
 step= 68000  E=7.529201269891e+02  Q=1.843000000000e+03  λ=7.196838e-01  dt=1.277e-03  relΔE=3.878e-08  ||F||=3.857e-03
 step= 68500  E=7.529079100418e+02  Q=1.843000000000e+03  λ=7.196962e-01  dt=9.883e-04  relΔE=2.381e-08  ||F||=3.436e-03
 step= 69000  E=7.528979110951e+02  Q=1.843000000000e+03  λ=7.197119e-01  dt=1.530e-03  relΔE=1.461e-08  ||F||=8.032e-02
 step= 69500  E=7.528904668535e+02  Q=1.843000000000e+03  λ=7.197200e-01  dt=1.184e-03  relΔE=1.789e-08  ||F||=2.721e-03
 step= 70000  E=7.528843175128e+02  Q=1.843000000000e+03  λ=7.197311e-01  dt=9.164e-04  relΔE=1.093e-08  ||F||=2.418e-03
 step= 70500  E=7.528794692963e+02  Q=1.843000000000e+03  λ=7.197414e-01  dt=1.419e-03  relΔE=1.337e-08  ||F||=2.149e-03
 step= 71000  E=7.528757258830e+02  Q=1.843000000000e+03  λ=7.197506e-01  dt=1.098e-03  relΔE=8.216e-09  ||F||=1.915e-03
 step= 71500  E=7.528726695334e+02  Q=1.843000000000e+03  λ=7.197594e-01  dt=8.498e-04  relΔE=5.013e-09  ||F||=1.701e-03
 step= 72000  E=7.528703073128e+02  Q=1.843000000000e+03  λ=7.197672e-01  dt=1.315e-03  relΔE=6.149e-09  ||F||=1.514e-03
 step= 72500  E=7.528684423756e+02  Q=1.843000000000e+03  λ=7.197742e-01  dt=1.018e-03  relΔE=3.774e-09  ||F||=1.349e-03
 step= 73000  E=7.528669175048e+02  Q=1.843000000000e+03  λ=7.197807e-01  dt=7.879e-04  relΔE=2.298e-09  ||F||=1.197e-03
 step= 73500  E=7.528657702534e+02  Q=1.843000000000e+03  λ=7.197862e-01  dt=1.220e-03  relΔE=2.832e-09  ||F||=1.068e-03
 step= 74000  E=7.528648358340e+02  Q=1.843000000000e+03  λ=7.197914e-01  dt=9.440e-04  relΔE=1.734e-09  ||F||=9.504e-04
 step= 74500  E=7.528640860238e+02  Q=1.843000000000e+03  λ=7.197960e-01  dt=1.461e-03  relΔE=2.116e-09  ||F||=8.447e-04
 step= 75000  E=7.528635168728e+02  Q=1.843000000000e+03  λ=7.197999e-01  dt=1.131e-03  relΔE=1.304e-09  ||F||=7.537e-04
 step= 75500  E=7.528630497230e+02  Q=1.843000000000e+03  λ=7.198035e-01  dt=8.753e-04  relΔE=7.970e-10  ||F||=6.703e-04
 step= 76000  E=7.528626844627e+02  Q=1.843000000000e+03  λ=7.198067e-01  dt=1.355e-03  relΔE=9.772e-10  ||F||=5.971e-04
 step= 76500  E=7.528623992433e+02  Q=1.843000000000e+03  λ=7.198094e-01  dt=1.049e-03  relΔE=6.011e-10  ||F||=5.329e-04
 step= 77000  E=7.528621656602e+02  Q=1.843000000000e+03  λ=7.198119e-01  dt=8.116e-04  relΔE=3.669e-10  ||F||=4.738e-04
 step= 77500  E=7.528619872681e+02  Q=1.843000000000e+03  λ=7.198140e-01  dt=1.256e-03  relΔE=4.517e-10  ||F||=4.231e-04
 step= 78000  E=7.528618442169e+02  Q=1.843000000000e+03  λ=7.198159e-01  dt=9.724e-04  relΔE=2.773e-10  ||F||=3.775e-04
 step= 78500  E=7.528617273828e+02  Q=1.843000000000e+03  λ=7.198176e-01  dt=1.505e-03  relΔE=2.969e-10  ||F||=4.318e-03
 step= 79000  E=7.528616404543e+02  Q=1.843000000000e+03  λ=7.198190e-01  dt=1.165e-03  relΔE=2.088e-10  ||F||=3.005e-04
 step= 79500  E=7.528615683423e+02  Q=1.843000000000e+03  λ=7.198203e-01  dt=9.017e-04  relΔE=1.277e-10  ||F||=2.678e-04
 step= 80000  E=7.528615116780e+02  Q=1.843000000000e+03  λ=7.198214e-01  dt=1.396e-03  relΔE=1.563e-10  ||F||=2.390e-04
 step= 80500  E=7.528614678105e+02  Q=1.843000000000e+03  λ=7.198224e-01  dt=1.080e-03  relΔE=9.616e-11  ||F||=2.138e-04
 step= 81000  E=7.528614319897e+02  Q=1.843000000000e+03  λ=7.198233e-01  dt=8.361e-04  relΔE=5.867e-11  ||F||=1.906e-04
 step= 81500  E=7.528614042364e+02  Q=1.843000000000e+03  λ=7.198240e-01  dt=1.294e-03  relΔE=7.186e-11  ||F||=1.704e-04
 step= 82000  E=7.528613824064e+02  Q=1.843000000000e+03  λ=7.198246e-01  dt=1.002e-03  relΔE=4.400e-11  ||F||=1.525e-04
 step= 82500  E=7.528613645903e+02  Q=1.843000000000e+03  λ=7.198252e-01  dt=7.752e-04  relΔE=2.667e-11  ||F||=1.359e-04
 step= 83000  E=7.528613513048e+02  Q=1.843000000000e+03  λ=7.198257e-01  dt=1.200e-03  relΔE=3.270e-11  ||F||=1.219e-04
 step= 83500  E=7.528613405072e+02  Q=1.843000000000e+03  λ=7.198261e-01  dt=9.288e-04  relΔE=1.985e-11  ||F||=1.089e-04
 step= 84000  E=7.528613319619e+02  Q=1.843000000000e+03  λ=7.198265e-01  dt=1.438e-03  relΔE=2.398e-11  ||F||=9.731e-05
 step= 84500  E=7.528613255339e+02  Q=1.843000000000e+03  λ=7.198268e-01  dt=1.113e-03  relΔE=1.457e-11  ||F||=8.727e-05
 step= 85000  E=7.528613203492e+02  Q=1.843000000000e+03  λ=7.198271e-01  dt=8.612e-04  relΔE=8.746e-12  ||F||=7.802e-05
 step= 85500  E=7.528613163724e+02  Q=1.843000000000e+03  λ=7.198274e-01  dt=1.333e-03  relΔE=1.048e-11  ||F||=6.985e-05
 step= 86000  E=7.528613133501e+02  Q=1.843000000000e+03  λ=7.198276e-01  dt=1.032e-03  relΔE=6.263e-12  ||F||=6.266e-05
 step= 86500  E=7.528613109542e+02  Q=1.843000000000e+03  λ=7.198278e-01  dt=7.986e-04  relΔE=3.682e-12  ||F||=5.601e-05
 step= 87000  E=7.528613091981e+02  Q=1.843000000000e+03  λ=7.198279e-01  dt=1.236e-03  relΔE=4.332e-12  ||F||=5.028e-05
 step= 87500  E=7.528613078586e+02  Q=1.843000000000e+03  λ=7.198281e-01  dt=9.567e-04  relΔE=2.509e-12  ||F||=4.509e-05
 step= 88000  E=7.528613068360e+02  Q=1.843000000000e+03  λ=7.198282e-01  dt=1.481e-03  relΔE=2.737e-12  ||F||=2.248e-04
 step= 88500  E=7.528613061364e+02  Q=1.843000000000e+03  λ=7.198283e-01  dt=1.146e-03  relΔE=1.593e-12  ||F||=3.627e-05
 step= 89000  E=7.528613056164e+02  Q=1.843000000000e+03  λ=7.198284e-01  dt=8.871e-04  relΔE=8.570e-13  ||F||=3.251e-05
 step= 89500  E=7.528613052637e+02  Q=1.843000000000e+03  λ=7.198284e-01  dt=1.373e-03  relΔE=8.786e-13  ||F||=2.915e-05
 step= 90000  E=7.528613050422e+02  Q=1.843000000000e+03  λ=7.198285e-01  dt=1.063e-03  relΔE=4.198e-13  ||F||=2.621e-05
 step= 90500  E=7.528613049112e+02  Q=1.843000000000e+03  λ=7.198286e-01  dt=8.226e-04  relΔE=1.675e-13  ||F||=2.350e-05
 step= 91000  E=7.528613048546e+02  Q=1.843000000000e+03  λ=7.198286e-01  dt=1.273e-03  relΔE=7.988e-14  ||F||=2.112e-05
  !! dt fell below dt_min: stiffness-limited termination.

Stationary candidate (aggressive): E=7.528613048472e+02, Q=1.843000000000e+03, maxρ=9.979749e-01

=== Stability test (damped inertial dynamics) ===
Perturb eps=0.02, gamma=1
t=0: E=8.432370150377e+02, Q=1.843000000000e+03, maxρ=1.031061e+00, σ=2.629362e+00, Rc=1.832060e+01
 step=     1  E=8.432365601060e+02  Q=1.843000000000e+03  λ=1.107664e+00  maxρ=1.031061e+00  minρ=2.567e-12  σ=2.629362e+00  Rc=1.832060e+01
 step=   300  E=8.245845447955e+02  Q=1.843000000000e+03  λ=1.004263e+00  maxρ=1.029311e+00  minρ=2.579e-12  σ=2.629359e+00  Rc=1.832061e+01
 step=   600  E=7.870826783410e+02  Q=1.843000000000e+03  λ=8.170995e-01  maxρ=1.024376e+00  minρ=2.595e-12  σ=2.629353e+00  Rc=1.832061e+01
 step=   900  E=7.651577480487e+02  Q=1.843000000000e+03  λ=7.576220e-01  maxρ=1.017078e+00  minρ=2.564e-12  σ=2.629352e+00  Rc=1.832061e+01
 step=  1200  E=7.735559189548e+02  Q=1.843000000000e+03  λ=8.657232e-01  maxρ=1.013901e+00  minρ=2.533e-12  σ=2.629354e+00  Rc=1.832060e+01
 step=  1500  E=7.960767890025e+02  Q=1.843000000000e+03  λ=9.827475e-01  maxρ=1.019006e+00  minρ=2.517e-12  σ=2.629356e+00  Rc=1.832060e+01
 step=  1800  E=8.075779218580e+02  Q=1.843000000000e+03  λ=9.684999e-01  maxρ=1.022265e+00  minρ=2.517e-12  σ=2.629353e+00  Rc=1.832060e+01
 step=  2100  E=8.008243214616e+02  Q=1.843000000000e+03  λ=8.666030e-01  maxρ=1.017058e+00  minρ=2.513e-12  σ=2.629350e+00  Rc=1.832060e+01
 step=  2400  E=7.889346832697e+02  Q=1.843000000000e+03  λ=8.196447e-01  maxρ=1.006653e+00  minρ=2.449e-12  σ=2.629351e+00  Rc=1.832060e+01
 step=  2700  E=7.859812988685e+02  Q=1.843000000000e+03  λ=8.748732e-01  maxρ=1.013245e+00  minρ=2.412e-12  σ=2.629354e+00  Rc=1.832060e+01
 step=  3000  E=7.916948378249e+02  Q=1.843000000000e+03  λ=9.411012e-01  maxρ=1.025972e+00  minρ=2.443e-12  σ=2.629354e+00  Rc=1.832060e+01
 step=  3300  E=7.960309925356e+02  Q=1.843000000000e+03  λ=9.284115e-01  maxρ=1.028604e+00  minρ=2.480e-12  σ=2.629351e+00  Rc=1.832060e+01
 step=  3600  E=7.934235062016e+02  Q=1.843000000000e+03  λ=8.632444e-01  maxρ=1.021623e+00  minρ=2.485e-12  σ=2.629346e+00  Rc=1.832060e+01
 step=  3900  E=7.879819074929e+02  Q=1.843000000000e+03  λ=8.344978e-01  maxρ=1.019825e+00  minρ=2.399e-12  σ=2.629346e+00  Rc=1.832060e+01
 step=  4200  E=7.860057613160e+02  Q=1.843000000000e+03  λ=8.677806e-01  maxρ=1.016276e+00  minρ=2.290e-12  σ=2.629350e+00  Rc=1.832059e+01
 step=  4500  E=7.879746760797e+02  Q=1.843000000000e+03  λ=9.035571e-01  maxρ=1.014516e+00  minρ=2.246e-12  σ=2.629351e+00  Rc=1.832059e+01
 step=  4800  E=7.896855652724e+02  Q=1.843000000000e+03  λ=8.906511e-01  maxρ=1.018363e+00  minρ=2.286e-12  σ=2.629347e+00  Rc=1.832059e+01
 step=  5100  E=7.886704819525e+02  Q=1.843000000000e+03  λ=8.524199e-01  maxρ=1.019296e+00  minρ=2.156e-12  σ=2.629342e+00  Rc=1.832059e+01
 step=  5400  E=7.865989709845e+02  Q=1.843000000000e+03  λ=8.423337e-01  maxρ=1.018088e+00  minρ=2.069e-12  σ=2.629340e+00  Rc=1.832059e+01
 step=  5700  E=7.858362640767e+02  Q=1.843000000000e+03  λ=8.668331e-01  maxρ=1.014602e+00  minρ=2.084e-12  σ=2.629342e+00  Rc=1.832058e+01
 step=  6000  E=7.862008334519e+02  Q=1.843000000000e+03  λ=8.845363e-01  maxρ=1.012580e+00  minρ=2.172e-12  σ=2.629342e+00  Rc=1.832058e+01
 >>> No runaway detected in this horizon. Likely stable (within this model & box).

STABILITY: PASS
