
=== Aggressive relaxation to Q = 644 ===
Initial: E=4.271931744982e+02, Q=6.440000000000e+02, dt=1.000e-04
 step=     1  E=4.271844549098e+02  Q=6.440000000000e+02  λ=1.254537e+00  dt=1.000e-04  relΔE=2.041e-05  ||F||=3.684e-01
 step=   500  E=4.173034263400e+02  Q=6.440000000000e+02  λ=1.217273e+00  dt=6.192e-04  relΔE=8.253e-05  ||F||=3.224e-01
 step=  1000  E=3.953982862537e+02  Q=6.440000000000e+02  λ=1.136909e+00  dt=9.584e-04  relΔE=6.465e-05  ||F||=2.232e-01
 step=  1500  E=3.830366520735e+02  Q=6.440000000000e+02  λ=1.093686e+00  dt=1.484e-03  relΔE=5.692e-05  ||F||=4.599e-01
 step=  2000  E=3.757935075361e+02  Q=6.440000000000e+02  λ=1.069328e+00  dt=1.148e-03  relΔE=3.172e-05  ||F||=1.392e-01
 step=  2500  E=3.703286105958e+02  Q=6.440000000000e+02  λ=1.051799e+00  dt=8.887e-04  relΔE=1.854e-05  ||F||=1.201e-01
 step=  3000  E=3.661900375286e+02  Q=6.440000000000e+02  λ=1.039054e+00  dt=1.376e-03  relΔE=2.324e-05  ||F||=1.074e-01
 step=  3500  E=3.628210549263e+02  Q=6.440000000000e+02  λ=1.028999e+00  dt=1.065e-03  relΔE=1.530e-05  ||F||=9.861e-02
 step=  4000  E=3.598529412435e+02  Q=6.440000000000e+02  λ=1.020378e+00  dt=8.241e-04  relΔE=1.058e-05  ||F||=9.287e-02
 step=  4500  E=3.573374165422e+02  Q=6.440000000000e+02  λ=1.013238e+00  dt=1.276e-03  relΔE=1.426e-05  ||F||=8.631e-02
 step=  5000  E=3.550867095778e+02  Q=6.440000000000e+02  λ=1.006956e+00  dt=9.873e-04  relΔE=9.980e-06  ||F||=8.181e-02
 step=  5500  E=3.529719953613e+02  Q=6.440000000000e+02  λ=1.001206e+00  dt=1.528e-03  relΔE=1.243e-05  ||F||=3.541e-01
 step=  6000  E=3.511613588567e+02  Q=6.440000000000e+02  λ=9.962380e-01  dt=1.183e-03  relΔE=9.999e-06  ||F||=7.440e-02
 step=  6500  E=3.494434419928e+02  Q=6.440000000000e+02  λ=9.916303e-01  dt=9.154e-04  relΔE=7.162e-06  ||F||=7.140e-02
 step=  7000  E=3.478524814520e+02  Q=6.440000000000e+02  λ=9.874121e-01  dt=1.417e-03  relΔE=1.024e-05  ||F||=6.846e-02
 step=  7500  E=3.464664072459e+02  Q=6.440000000000e+02  λ=9.837648e-01  dt=9.140e-04  relΔE=6.168e-06  ||F||=6.602e-02
 step=  8000  E=3.450890178423e+02  Q=6.440000000000e+02  λ=9.801773e-01  dt=1.415e-03  relΔE=8.898e-06  ||F||=6.361e-02
 step=  8500  E=3.438493064164e+02  Q=6.440000000000e+02  λ=9.769703e-01  dt=1.095e-03  relΔE=6.456e-06  ||F||=6.147e-02
 step=  9000  E=3.426564975897e+02  Q=6.440000000000e+02  λ=9.739092e-01  dt=8.475e-04  relΔE=4.726e-06  ||F||=5.968e-02
 step=  9500  E=3.415586255192e+02  Q=6.440000000000e+02  λ=9.711158e-01  dt=1.312e-03  relΔE=6.828e-06  ||F||=5.757e-02
 step= 10000  E=3.405347023806e+02  Q=6.440000000000e+02  λ=9.685262e-01  dt=1.015e-03  relΔE=4.989e-06  ||F||=5.585e-02
 step= 10500  E=3.395346047641e+02  Q=6.440000000000e+02  λ=9.660159e-01  dt=7.858e-04  relΔE=3.765e-06  ||F||=5.509e-02
 step= 11000  E=3.386364163062e+02  Q=6.440000000000e+02  λ=9.637788e-01  dt=1.216e-03  relΔE=5.352e-06  ||F||=5.270e-02
 step= 11500  E=3.377606089692e+02  Q=6.440000000000e+02  λ=9.616105e-01  dt=9.414e-04  relΔE=3.938e-06  ||F||=5.131e-02
 step= 12000  E=3.369204092950e+02  Q=6.440000000000e+02  λ=9.595476e-01  dt=1.457e-03  relΔE=5.784e-06  ||F||=4.994e-02
 step= 12500  E=3.361549570055e+02  Q=6.440000000000e+02  λ=9.576788e-01  dt=1.128e-03  relΔE=4.272e-06  ||F||=4.872e-02
 step= 13000  E=3.353959063373e+02  Q=6.440000000000e+02  λ=9.558388e-01  dt=8.730e-04  relΔE=3.165e-06  ||F||=4.761e-02
 step= 13500  E=3.346871609975e+02  Q=6.440000000000e+02  λ=9.541350e-01  dt=1.351e-03  relΔE=4.674e-06  ||F||=4.645e-02
 step= 14000  E=3.340117308521e+02  Q=6.440000000000e+02  λ=9.525205e-01  dt=1.046e-03  relΔE=3.469e-06  ||F||=4.544e-02
 step= 14500  E=3.333467910801e+02  Q=6.440000000000e+02  λ=9.509432e-01  dt=8.095e-04  relΔE=2.667e-06  ||F||=4.526e-02
 step= 15000  E=3.327317768038e+02  Q=6.440000000000e+02  λ=9.494955e-01  dt=1.253e-03  relΔE=3.839e-06  ||F||=4.359e-02
 step= 15500  E=3.321314558563e+02  Q=6.440000000000e+02  λ=9.480911e-01  dt=9.698e-04  relΔE=2.867e-06  ||F||=4.278e-02
 step= 16000  E=3.315372675258e+02  Q=6.440000000000e+02  λ=9.467221e-01  dt=1.501e-03  relΔE=4.015e-06  ||F||=1.470e-01
 step= 16500  E=3.309960397597e+02  Q=6.440000000000e+02  λ=9.454645e-01  dt=1.162e-03  relΔE=3.206e-06  ||F||=4.126e-02
 step= 17000  E=3.304500762675e+02  Q=6.440000000000e+02  λ=9.442142e-01  dt=8.992e-04  relΔE=2.409e-06  ||F||=4.062e-02
 step= 17500  E=3.299244556830e+02  Q=6.440000000000e+02  λ=9.430204e-01  dt=1.392e-03  relΔE=3.614e-06  ||F||=3.996e-02
 step= 18000  E=3.294239323008e+02  Q=6.440000000000e+02  λ=9.418897e-01  dt=1.077e-03  relΔE=2.723e-06  ||F||=3.939e-02
 step= 18500  E=3.289217811523e+02  Q=6.440000000000e+02  λ=9.407631e-01  dt=8.338e-04  relΔE=2.081e-06  ||F||=3.912e-02
 step= 19000  E=3.284453852946e+02  Q=6.440000000000e+02  λ=9.397021e-01  dt=1.291e-03  relΔE=3.104e-06  ||F||=3.837e-02
 step= 19500  E=3.279785783985e+02  Q=6.440000000000e+02  λ=9.386676e-01  dt=9.989e-04  relΔE=2.352e-06  ||F||=3.794e-02
 step= 20000  E=3.275077227913e+02  Q=6.440000000000e+02  λ=9.376309e-01  dt=7.731e-04  relΔE=1.924e-06  ||F||=3.903e-02
 step= 20500  E=3.270702461531e+02  Q=6.440000000000e+02  λ=9.366726e-01  dt=1.197e-03  relΔE=2.713e-06  ||F||=3.717e-02
 step= 21000  E=3.266238407620e+02  Q=6.440000000000e+02  λ=9.356989e-01  dt=9.263e-04  relΔE=2.070e-06  ||F||=3.689e-02
 step= 21500  E=3.261838369504e+02  Q=6.440000000000e+02  λ=9.347445e-01  dt=1.434e-03  relΔE=3.154e-06  ||F||=3.659e-02
 step= 22000  E=3.257645968254e+02  Q=6.440000000000e+02  λ=9.338372e-01  dt=1.110e-03  relΔE=2.413e-06  ||F||=3.634e-02
 step= 22500  E=3.253342238449e+02  Q=6.440000000000e+02  λ=9.329086e-01  dt=8.589e-04  relΔE=1.858e-06  ||F||=3.622e-02
 step= 23000  E=3.249162609488e+02  Q=6.440000000000e+02  λ=9.320098e-01  dt=1.329e-03  relΔE=2.841e-06  ||F||=3.597e-02
 step= 23500  E=3.245051268436e+02  Q=6.440000000000e+02  λ=9.311256e-01  dt=1.029e-03  relΔE=2.187e-06  ||F||=3.585e-02
 step= 24000  E=3.240796700587e+02  Q=6.440000000000e+02  λ=9.302114e-01  dt=7.964e-04  relΔE=1.761e-06  ||F||=3.657e-02
 step= 24500  E=3.236756344101e+02  Q=6.440000000000e+02  λ=9.293429e-01  dt=1.233e-03  relΔE=2.607e-06  ||F||=3.572e-02
 step= 25000  E=3.232670650497e+02  Q=6.440000000000e+02  λ=9.284625e-01  dt=9.541e-04  relΔE=2.021e-06  ||F||=3.572e-02
 step= 25500  E=3.228442102299e+02  Q=6.440000000000e+02  λ=9.275497e-01  dt=1.477e-03  relΔE=3.135e-06  ||F||=3.661e-02
 step= 26000  E=3.224445018590e+02  Q=6.440000000000e+02  λ=9.266821e-01  dt=1.143e-03  relΔE=2.439e-06  ||F||=3.581e-02
 step= 26500  E=3.220213296943e+02  Q=6.440000000000e+02  λ=9.257589e-01  dt=8.847e-04  relΔE=1.908e-06  ||F||=3.598e-02
 step= 27000  E=3.216049527235e+02  Q=6.440000000000e+02  λ=9.248455e-01  dt=1.369e-03  relΔE=2.972e-06  ||F||=3.607e-02
 step= 27500  E=3.211856977700e+02  Q=6.440000000000e+02  λ=9.239173e-01  dt=1.060e-03  relΔE=2.328e-06  ||F||=3.626e-02
 step= 28000  E=3.207501182661e+02  Q=6.440000000000e+02  λ=9.229442e-01  dt=8.203e-04  relΔE=1.834e-06  ||F||=3.656e-02
 step= 28500  E=3.203230024020e+02  Q=6.440000000000e+02  λ=9.219810e-01  dt=1.270e-03  relΔE=2.872e-06  ||F||=3.674e-02
 step= 29000  E=3.198859034512e+02  Q=6.440000000000e+02  λ=9.209825e-01  dt=9.828e-04  relΔE=2.264e-06  ||F||=3.706e-02
 step= 29500  E=3.194255025269e+02  Q=6.440000000000e+02  λ=9.199519e-01  dt=1.521e-03  relΔE=2.489e-06  ||F||=2.708e-01
 step= 30000  E=3.189828578751e+02  Q=6.440000000000e+02  λ=9.188792e-01  dt=1.177e-03  relΔE=2.825e-06  ||F||=3.777e-02
 step= 30500  E=3.185129753818e+02  Q=6.440000000000e+02  λ=9.177595e-01  dt=9.113e-04  relΔE=2.243e-06  ||F||=3.822e-02
 step= 31000  E=3.180317623589e+02  Q=6.440000000000e+02  λ=9.165952e-01  dt=1.411e-03  relΔE=3.555e-06  ||F||=3.865e-02
 step= 31500  E=3.175520217594e+02  Q=6.440000000000e+02  λ=9.154129e-01  dt=1.092e-03  relΔE=2.825e-06  ||F||=3.913e-02
 step= 32000  E=3.170438655660e+02  Q=6.440000000000e+02  λ=9.141378e-01  dt=8.450e-04  relΔE=2.260e-06  ||F||=3.976e-02
 step= 32500  E=3.165311183433e+02  Q=6.440000000000e+02  λ=9.128281e-01  dt=1.308e-03  relΔE=3.586e-06  ||F||=4.021e-02
 step= 33000  E=3.160063893853e+02  Q=6.440000000000e+02  λ=9.114599e-01  dt=1.012e-03  relΔE=2.861e-06  ||F||=4.080e-02
 step= 33500  E=3.154464411036e+02  Q=6.440000000000e+02  λ=9.099704e-01  dt=7.835e-04  relΔE=2.387e-06  ||F||=4.234e-02
 step= 34000  E=3.148978656185e+02  Q=6.440000000000e+02  λ=9.084820e-01  dt=1.213e-03  relΔE=3.651e-06  ||F||=4.203e-02
 step= 34500  E=3.143155717646e+02  Q=6.440000000000e+02  λ=9.068675e-01  dt=9.387e-04  relΔE=2.921e-06  ||F||=4.270e-02
 step= 35000  E=3.137077317791e+02  Q=6.440000000000e+02  λ=9.051480e-01  dt=1.453e-03  relΔE=4.667e-06  ||F||=4.334e-02
 step= 35500  E=3.131052234448e+02  Q=6.440000000000e+02  λ=9.034047e-01  dt=1.125e-03  relΔE=3.727e-06  ||F||=4.397e-02
 step= 36000  E=3.124609618928e+02  Q=6.440000000000e+02  λ=9.015007e-01  dt=8.704e-04  relΔE=2.986e-06  ||F||=4.470e-02
 step= 36500  E=3.118115334768e+02  Q=6.440000000000e+02  λ=8.995422e-01  dt=1.347e-03  relΔE=4.746e-06  ||F||=4.524e-02
 step= 37000  E=3.111448844534e+02  Q=6.440000000000e+02  λ=8.974863e-01  dt=1.043e-03  relΔE=3.779e-06  ||F||=4.584e-02
 step= 37500  E=3.104448228571e+02  Q=6.440000000000e+02  λ=8.952813e-01  dt=8.071e-04  relΔE=3.083e-06  ||F||=4.702e-02
 step= 38000  E=3.097536188790e+02  Q=6.440000000000e+02  λ=8.930608e-01  dt=1.249e-03  relΔE=4.756e-06  ||F||=4.688e-02
 step= 38500  E=3.090348110378e+02  Q=6.440000000000e+02  λ=8.907010e-01  dt=9.670e-04  relΔE=3.759e-06  ||F||=4.732e-02
 step= 39000  E=3.082877329629e+02  Q=6.440000000000e+02  λ=8.882024e-01  dt=1.497e-03  relΔE=5.859e-06  ||F||=7.753e-02
 step= 39500  E=3.075723293588e+02  Q=6.440000000000e+02  λ=8.857544e-01  dt=1.158e-03  relΔE=4.634e-06  ||F||=4.788e-02
 step= 40000  E=3.068181939657e+02  Q=6.440000000000e+02  λ=8.831249e-01  dt=8.966e-04  relΔE=3.629e-06  ||F||=4.810e-02
 step= 40500  E=3.060698931847e+02  Q=6.440000000000e+02  λ=8.804671e-01  dt=1.388e-03  relΔE=5.606e-06  ||F||=4.800e-02
 step= 41000  E=3.053377725948e+02  Q=6.440000000000e+02  λ=8.778128e-01  dt=1.074e-03  relΔE=4.324e-06  ||F||=4.785e-02
 step= 41500  E=3.045887506893e+02  Q=6.440000000000e+02  λ=8.750448e-01  dt=8.314e-04  relΔE=3.341e-06  ||F||=4.777e-02
 step= 42000  E=3.038716102828e+02  Q=6.440000000000e+02  λ=8.723468e-01  dt=1.287e-03  relΔE=5.039e-06  ||F||=4.709e-02
 step= 42500  E=3.031683791493e+02  Q=6.440000000000e+02  λ=8.696474e-01  dt=9.960e-04  relΔE=3.808e-06  ||F||=4.647e-02
 step= 43000  E=3.024616362019e+02  Q=6.440000000000e+02  λ=8.671369e-01  dt=6.424e-04  relΔE=8.748e-06  ||F||=7.278e-01
 step= 43500  E=3.018343743375e+02  Q=6.440000000000e+02  λ=8.643828e-01  dt=9.944e-04  relΔE=3.541e-06  ||F||=4.475e-02
 step= 44000  E=3.011856153040e+02  Q=6.440000000000e+02  λ=8.617452e-01  dt=7.697e-04  relΔE=2.860e-06  ||F||=4.623e-02
 step= 44500  E=3.006051912449e+02  Q=6.440000000000e+02  λ=8.593419e-01  dt=1.191e-03  relΔE=3.823e-06  ||F||=4.239e-02
 step= 45000  E=3.000351841656e+02  Q=6.440000000000e+02  λ=8.569304e-01  dt=9.221e-04  relΔE=2.778e-06  ||F||=4.104e-02
 step= 45500  E=2.995071092397e+02  Q=6.440000000000e+02  λ=8.546516e-01  dt=1.427e-03  relΔE=3.985e-06  ||F||=3.947e-02
 step= 46000  E=2.990307824519e+02  Q=6.440000000000e+02  λ=8.525483e-01  dt=1.105e-03  relΔE=2.848e-06  ||F||=3.790e-02
 step= 46500  E=2.985806025977e+02  Q=6.440000000000e+02  λ=8.505154e-01  dt=8.550e-04  relΔE=2.025e-06  ||F||=3.630e-02
 step= 47000  E=2.981963470515e+02  Q=6.440000000000e+02  λ=8.487411e-01  dt=1.103e-03  relΔE=2.368e-06  ||F||=3.454e-02
 step= 47500  E=2.978206862742e+02  Q=6.440000000000e+02  λ=8.469618e-01  dt=8.536e-04  relΔE=1.657e-06  ||F||=3.282e-02
 step= 48000  E=2.974946057213e+02  Q=6.440000000000e+02  λ=8.453779e-01  dt=1.321e-03  relΔE=2.280e-06  ||F||=3.092e-02
 step= 48500  E=2.972053203561e+02  Q=6.440000000000e+02  λ=8.439315e-01  dt=1.023e-03  relΔE=1.569e-06  ||F||=2.914e-02
 step= 49000  E=2.969420275918e+02  Q=6.440000000000e+02  λ=8.425756e-01  dt=7.915e-04  relΔE=1.109e-06  ||F||=2.785e-02
 step= 49500  E=2.967199354516e+02  Q=6.440000000000e+02  λ=8.413974e-01  dt=1.225e-03  relΔE=1.453e-06  ||F||=2.560e-02
 step= 50000  E=2.965219814355e+02  Q=6.440000000000e+02  λ=8.403106e-01  dt=9.483e-04  relΔE=9.813e-07  ||F||=2.391e-02
 step= 50500  E=2.963457003388e+02  Q=6.440000000000e+02  λ=8.393091e-01  dt=1.468e-03  relΔE=1.311e-06  ||F||=2.276e-02
 step= 51000  E=2.962015668939e+02  Q=6.440000000000e+02  λ=8.384579e-01  dt=1.136e-03  relΔE=8.795e-07  ||F||=2.066e-02
 step= 51500  E=2.960710498250e+02  Q=6.440000000000e+02  λ=8.376561e-01  dt=8.793e-04  relΔE=5.857e-07  ||F||=1.916e-02
 step= 52000  E=2.959619828401e+02  Q=6.440000000000e+02  λ=8.369580e-01  dt=1.361e-03  relΔE=7.719e-07  ||F||=1.768e-02
 step= 52500  E=2.958692731335e+02  Q=6.440000000000e+02  λ=8.363369e-01  dt=1.053e-03  relΔE=5.097e-07  ||F||=1.632e-02
 step= 53000  E=2.957882041681e+02  Q=6.440000000000e+02  λ=8.357674e-01  dt=8.153e-04  relΔE=3.354e-07  ||F||=1.505e-02
 step= 53500  E=2.957219393856e+02  Q=6.440000000000e+02  λ=8.352788e-01  dt=1.262e-03  relΔE=4.382e-07  ||F||=1.382e-02
 step= 54000  E=2.956652076136e+02  Q=6.440000000000e+02  λ=8.348377e-01  dt=9.768e-04  relΔE=2.864e-07  ||F||=1.270e-02
 step= 54500  E=2.956159696069e+02  Q=6.440000000000e+02  λ=8.344340e-01  dt=1.512e-03  relΔE=3.491e-07  ||F||=3.922e-02
 step= 55000  E=2.955769989291e+02  Q=6.440000000000e+02  λ=8.340941e-01  dt=1.170e-03  relΔE=2.426e-07  ||F||=1.068e-02
 step= 55500  E=2.955428021443e+02  Q=6.440000000000e+02  λ=8.337782e-01  dt=9.057e-04  relΔE=1.573e-07  ||F||=9.769e-03
 step= 56000  E=2.955144049955e+02  Q=6.440000000000e+02  λ=8.334992e-01  dt=1.402e-03  relΔE=2.032e-07  ||F||=8.923e-03
 step= 56500  E=2.954910801975e+02  Q=6.440000000000e+02  λ=8.332543e-01  dt=1.085e-03  relΔE=1.317e-07  ||F||=8.164e-03
 step= 57000  E=2.954710318851e+02  Q=6.440000000000e+02  λ=8.330292e-01  dt=8.398e-04  relΔE=8.498e-08  ||F||=7.453e-03
 step= 57500  E=2.954547188963e+02  Q=6.440000000000e+02  λ=8.328330e-01  dt=1.300e-03  relΔE=1.095e-07  ||F||=6.798e-03
 step= 58000  E=2.954411474511e+02  Q=6.440000000000e+02  λ=8.326576e-01  dt=1.006e-03  relΔE=7.065e-08  ||F||=6.206e-03
 step= 58500  E=2.954294448712e+02  Q=6.440000000000e+02  λ=8.324945e-01  dt=7.787e-04  relΔE=4.954e-08  ||F||=5.918e-03
 step= 59000  E=2.954202305079e+02  Q=6.440000000000e+02  λ=8.323564e-01  dt=1.205e-03  relΔE=5.850e-08  ||F||=5.156e-03
 step= 59500  E=2.954123123838e+02  Q=6.440000000000e+02  λ=8.322280e-01  dt=9.330e-04  relΔE=3.761e-08  ||F||=4.699e-03
 step= 60000  E=2.954056927053e+02  Q=6.440000000000e+02  λ=8.321119e-01  dt=1.444e-03  relΔE=4.818e-08  ||F||=4.273e-03
 step= 60500  E=2.954003725702e+02  Q=6.440000000000e+02  λ=8.320107e-01  dt=1.118e-03  relΔE=3.107e-08  ||F||=3.899e-03
 step= 61000  E=2.953958039320e+02  Q=6.440000000000e+02  λ=8.319164e-01  dt=8.651e-04  relΔE=1.993e-08  ||F||=3.548e-03
 step= 61500  E=2.953920791558e+02  Q=6.440000000000e+02  λ=8.318329e-01  dt=1.339e-03  relΔE=2.560e-08  ||F||=3.230e-03
 step= 62000  E=2.953890133761e+02  Q=6.440000000000e+02  λ=8.317581e-01  dt=1.036e-03  relΔE=1.648e-08  ||F||=2.945e-03
 step= 62500  E=2.953863803739e+02  Q=6.440000000000e+02  λ=8.316881e-01  dt=8.022e-04  relΔE=1.066e-08  ||F||=2.691e-03
 step= 63000  E=2.953842887262e+02  Q=6.440000000000e+02  λ=8.316277e-01  dt=1.242e-03  relΔE=1.361e-08  ||F||=2.442e-03
 step= 63500  E=2.953825114983e+02  Q=6.440000000000e+02  λ=8.315716e-01  dt=9.610e-04  relΔE=8.750e-09  ||F||=2.224e-03
 step= 64000  E=2.953810045947e+02  Q=6.440000000000e+02  λ=8.315198e-01  dt=1.488e-03  relΔE=1.120e-08  ||F||=2.091e-03
 step= 64500  E=2.953798142655e+02  Q=6.440000000000e+02  λ=8.314751e-01  dt=1.151e-03  relΔE=7.246e-09  ||F||=1.846e-03
 step= 65000  E=2.953787854329e+02  Q=6.440000000000e+02  λ=8.314329e-01  dt=8.911e-04  relΔE=4.656e-09  ||F||=1.681e-03
 step= 65500  E=2.953779371074e+02  Q=6.440000000000e+02  λ=8.313950e-01  dt=1.379e-03  relΔE=5.997e-09  ||F||=1.532e-03
 step= 66000  E=2.953772428786e+02  Q=6.440000000000e+02  λ=8.313610e-01  dt=1.068e-03  relΔE=3.876e-09  ||F||=1.398e-03
 step= 66500  E=2.953766456921e+02  Q=6.440000000000e+02  λ=8.313292e-01  dt=8.263e-04  relΔE=2.492e-09  ||F||=1.273e-03
 step= 67000  E=2.953761630047e+02  Q=6.440000000000e+02  λ=8.313011e-01  dt=1.279e-03  relΔE=3.225e-09  ||F||=1.162e-03
 step= 67500  E=2.953757581274e+02  Q=6.440000000000e+02  λ=8.312753e-01  dt=9.899e-04  relΔE=2.086e-09  ||F||=1.061e-03
 step= 68000  E=2.953754077966e+02  Q=6.440000000000e+02  λ=8.312510e-01  dt=7.662e-04  relΔE=1.356e-09  ||F||=3.325e-03
 step= 68500  E=2.953751329796e+02  Q=6.440000000000e+02  λ=8.312302e-01  dt=1.186e-03  relΔE=1.746e-09  ||F||=8.839e-04
 step= 69000  E=2.953748932234e+02  Q=6.440000000000e+02  λ=8.312104e-01  dt=9.179e-04  relΔE=1.130e-09  ||F||=8.064e-04
 step= 69500  E=2.953746925329e+02  Q=6.440000000000e+02  λ=8.311924e-01  dt=1.421e-03  relΔE=1.462e-09  ||F||=7.359e-04
 step= 70000  E=2.953745287403e+02  Q=6.440000000000e+02  λ=8.311763e-01  dt=1.100e-03  relΔE=9.519e-10  ||F||=6.733e-04
 step= 70500  E=2.953743870594e+02  Q=6.440000000000e+02  λ=8.311612e-01  dt=8.511e-04  relΔE=6.169e-10  ||F||=6.145e-04
 step= 71000  E=2.953742701875e+02  Q=6.440000000000e+02  λ=8.311476e-01  dt=1.318e-03  relΔE=8.028e-10  ||F||=5.619e-04
 step= 71500  E=2.953741727648e+02  Q=6.440000000000e+02  λ=8.311353e-01  dt=1.020e-03  relΔE=5.237e-10  ||F||=5.143e-04
 step= 72000  E=2.953740878461e+02  Q=6.440000000000e+02  λ=8.311237e-01  dt=7.892e-04  relΔE=3.398e-10  ||F||=4.694e-04
 step= 72500  E=2.953740196738e+02  Q=6.440000000000e+02  λ=8.311135e-01  dt=1.222e-03  relΔE=4.452e-10  ||F||=4.303e-04
 step= 73000  E=2.953739606908e+02  Q=6.440000000000e+02  λ=8.311040e-01  dt=9.455e-04  relΔE=2.908e-10  ||F||=3.937e-04
 step= 73500  E=2.953739100349e+02  Q=6.440000000000e+02  λ=8.310951e-01  dt=1.464e-03  relΔE=3.791e-10  ||F||=3.622e-04
 step= 74000  E=2.953738703708e+02  Q=6.440000000000e+02  λ=8.310876e-01  dt=9.440e-04  relΔE=2.089e-10  ||F||=3.311e-04
 step= 74500  E=2.953738338870e+02  Q=6.440000000000e+02  λ=8.310801e-01  dt=1.461e-03  relΔE=2.730e-10  ||F||=3.042e-04
 step= 75000  E=2.953738043646e+02  Q=6.440000000000e+02  λ=8.310736e-01  dt=1.131e-03  relΔE=1.800e-10  ||F||=2.779e-04
 step= 75500  E=2.953737783232e+02  Q=6.440000000000e+02  λ=8.310674e-01  dt=8.753e-04  relΔE=1.181e-10  ||F||=2.544e-04
 step= 76000  E=2.953737564041e+02  Q=6.440000000000e+02  λ=8.310618e-01  dt=1.355e-03  relΔE=1.555e-10  ||F||=2.331e-04
 step= 76500  E=2.953737380735e+02  Q=6.440000000000e+02  λ=8.310567e-01  dt=1.049e-03  relΔE=1.028e-10  ||F||=2.140e-04
 step= 77000  E=2.953737225588e+02  Q=6.440000000000e+02  λ=8.310521e-01  dt=1.353e-03  relΔE=1.136e-10  ||F||=1.967e-04
 step= 77500  E=2.953737091491e+02  Q=6.440000000000e+02  λ=8.310478e-01  dt=1.047e-03  relΔE=7.531e-11  ||F||=1.806e-04
 step= 78000  E=2.953736973010e+02  Q=6.440000000000e+02  λ=8.310438e-01  dt=8.103e-04  relΔE=4.975e-11  ||F||=1.655e-04
 step= 78500  E=2.953736874757e+02  Q=6.440000000000e+02  λ=8.310402e-01  dt=1.254e-03  relΔE=6.619e-11  ||F||=1.521e-04
 step= 79000  E=2.953736789616e+02  Q=6.440000000000e+02  λ=8.310368e-01  dt=9.708e-04  relΔE=4.404e-11  ||F||=1.397e-04
 step= 79500  E=2.953736713961e+02  Q=6.440000000000e+02  λ=8.310337e-01  dt=1.503e-03  relΔE=3.974e-11  ||F||=3.072e-03
 step= 80000  E=2.953736652936e+02  Q=6.440000000000e+02  λ=8.310310e-01  dt=1.163e-03  relΔE=3.916e-11  ||F||=1.178e-04
 step= 80500  E=2.953736597745e+02  Q=6.440000000000e+02  λ=8.310283e-01  dt=9.002e-04  relΔE=2.613e-11  ||F||=1.081e-04
 step= 81000  E=2.953736550253e+02  Q=6.440000000000e+02  λ=8.310259e-01  dt=1.393e-03  relΔE=3.497e-11  ||F||=9.927e-05
 step= 81500  E=2.953736510119e+02  Q=6.440000000000e+02  λ=8.310238e-01  dt=1.078e-03  relΔE=2.352e-11  ||F||=9.135e-05
 step= 82000  E=2.953736474233e+02  Q=6.440000000000e+02  λ=8.310218e-01  dt=8.347e-04  relΔE=1.578e-11  ||F||=8.387e-05
 step= 82500  E=2.953736443605e+02  Q=6.440000000000e+02  λ=8.310200e-01  dt=1.292e-03  relΔE=2.127e-11  ||F||=7.714e-05
 step= 83000  E=2.953736417053e+02  Q=6.440000000000e+02  λ=8.310183e-01  dt=1.000e-03  relΔE=1.438e-11  ||F||=7.098e-05
 step= 83500  E=2.953736393024e+02  Q=6.440000000000e+02  λ=8.310167e-01  dt=7.740e-04  relΔE=9.684e-12  ||F||=6.512e-05
 step= 84000  E=2.953736373126e+02  Q=6.440000000000e+02  λ=8.310153e-01  dt=1.198e-03  relΔE=1.317e-11  ||F||=6.003e-05
 step= 84500  E=2.953736355127e+02  Q=6.440000000000e+02  λ=8.310140e-01  dt=9.273e-04  relΔE=8.938e-12  ||F||=5.521e-05
 step= 85000  E=2.953736339159e+02  Q=6.440000000000e+02  λ=8.310128e-01  dt=1.435e-03  relΔE=1.214e-11  ||F||=5.076e-05
 step= 85500  E=2.953736325649e+02  Q=6.440000000000e+02  λ=8.310117e-01  dt=1.111e-03  relΔE=8.298e-12  ||F||=4.677e-05
 step= 86000  E=2.953736313314e+02  Q=6.440000000000e+02  λ=8.310107e-01  dt=8.598e-04  relΔE=5.660e-12  ||F||=4.300e-05
 step= 86500  E=2.953736302534e+02  Q=6.440000000000e+02  λ=8.310097e-01  dt=1.331e-03  relΔE=7.747e-12  ||F||=3.958e-05
 step= 87000  E=2.953736293147e+02  Q=6.440000000000e+02  λ=8.310089e-01  dt=1.030e-03  relΔE=5.322e-12  ||F||=3.649e-05
 step= 87500  E=2.953736284528e+02  Q=6.440000000000e+02  λ=8.310081e-01  dt=7.973e-04  relΔE=3.648e-12  ||F||=3.354e-05
 step= 88000  E=2.953736277141e+02  Q=6.440000000000e+02  λ=8.310074e-01  dt=1.234e-03  relΔE=5.032e-12  ||F||=3.093e-05
 step= 88500  E=2.953736270479e+02  Q=6.440000000000e+02  λ=8.310067e-01  dt=9.551e-04  relΔE=3.472e-12  ||F||=2.849e-05
 step= 89000  E=2.953736264359e+02  Q=6.440000000000e+02  λ=8.310061e-01  dt=1.479e-03  relΔE=4.735e-12  ||F||=1.778e-04
 step= 89500  E=2.953736259207e+02  Q=6.440000000000e+02  λ=8.310055e-01  dt=1.144e-03  relΔE=3.323e-12  ||F||=2.418e-05
 step= 90000  E=2.953736254397e+02  Q=6.440000000000e+02  λ=8.310050e-01  dt=8.857e-04  relΔE=2.301e-12  ||F||=2.226e-05
 step= 90500  E=2.953736250104e+02  Q=6.440000000000e+02  λ=8.310045e-01  dt=1.371e-03  relΔE=3.195e-12  ||F||=2.050e-05
 step= 91000  E=2.953736246334e+02  Q=6.440000000000e+02  λ=8.310041e-01  dt=1.061e-03  relΔE=2.227e-12  ||F||=1.892e-05
 step= 91500  E=2.953736242838e+02  Q=6.440000000000e+02  λ=8.310037e-01  dt=8.212e-04  relΔE=1.550e-12  ||F||=1.741e-05
 step= 92000  E=2.953736239751e+02  Q=6.440000000000e+02  λ=8.310033e-01  dt=1.271e-03  relΔE=2.163e-12  ||F||=1.606e-05
 step= 92500  E=2.953736236978e+02  Q=6.440000000000e+02  λ=8.310030e-01  dt=9.839e-04  relΔE=1.513e-12  ||F||=1.481e-05
 step= 93000  E=2.953736234375e+02  Q=6.440000000000e+02  λ=8.310026e-01  dt=7.615e-04  relΔE=1.055e-12  ||F||=1.363e-05
 step= 93500  E=2.953736232158e+02  Q=6.440000000000e+02  λ=8.310024e-01  dt=1.179e-03  relΔE=1.484e-12  ||F||=1.259e-05
 step= 94000  E=2.953736230070e+02  Q=6.440000000000e+02  λ=8.310021e-01  dt=9.123e-04  relΔE=1.041e-12  ||F||=1.160e-05
 step= 94500  E=2.953736228167e+02  Q=6.440000000000e+02  λ=8.310018e-01  dt=1.412e-03  relΔE=1.461e-12  ||F||=1.069e-05
 step= 95000  E=2.953736226498e+02  Q=6.440000000000e+02  λ=8.310016e-01  dt=1.093e-03  relΔE=1.028e-12  ||F||=9.876e-06
 step= 95500  E=2.953736224931e+02  Q=6.440000000000e+02  λ=8.310014e-01  dt=8.459e-04  relΔE=7.246e-13  ||F||=9.101e-06
 step= 96000  E=2.953736223521e+02  Q=6.440000000000e+02  λ=8.310012e-01  dt=1.309e-03  relΔE=1.020e-12  ||F||=8.395e-06
 step= 96500  E=2.953736222256e+02  Q=6.440000000000e+02  λ=8.310010e-01  dt=1.013e-03  relΔE=7.207e-13  ||F||=7.754e-06
 step= 97000  E=2.953736221058e+02  Q=6.440000000000e+02  λ=8.310009e-01  dt=7.844e-04  relΔE=5.082e-13  ||F||=7.140e-06
 step= 97500  E=2.953736220011e+02  Q=6.440000000000e+02  λ=8.310007e-01  dt=1.214e-03  relΔE=7.186e-13  ||F||=6.598e-06
 step= 98000  E=2.953736219034e+02  Q=6.440000000000e+02  λ=8.310006e-01  dt=9.397e-04  relΔE=5.090e-13  ||F||=6.087e-06
 step= 98500  E=2.953736218122e+02  Q=6.440000000000e+02  λ=8.310005e-01  dt=1.455e-03  relΔE=7.180e-13  ||F||=1.183e-05
 step= 99000  E=2.953736217330e+02  Q=6.440000000000e+02  λ=8.310004e-01  dt=1.126e-03  relΔE=5.100e-13  ||F||=5.186e-06
 step= 99500  E=2.953736216575e+02  Q=6.440000000000e+02  λ=8.310002e-01  dt=8.714e-04  relΔE=3.614e-13  ||F||=4.781e-06
 step=100000  E=2.953736215888e+02  Q=6.440000000000e+02  λ=8.310001e-01  dt=1.349e-03  relΔE=5.127e-13  ||F||=4.411e-06
 step=100500  E=2.953736215272e+02  Q=6.440000000000e+02  λ=8.310001e-01  dt=1.044e-03  relΔE=3.637e-13  ||F||=4.077e-06
 step=101000  E=2.953736214688e+02  Q=6.440000000000e+02  λ=8.310000e-01  dt=8.080e-04  relΔE=2.583e-13  ||F||=3.758e-06
 step=101500  E=2.953736214167e+02  Q=6.440000000000e+02  λ=8.309999e-01  dt=1.251e-03  relΔE=3.670e-13  ||F||=3.472e-06
 step=102000  E=2.953736213687e+02  Q=6.440000000000e+02  λ=8.309998e-01  dt=9.680e-04  relΔE=2.615e-13  ||F||=3.207e-06
 step=102500  E=2.953736213229e+02  Q=6.440000000000e+02  λ=8.309997e-01  dt=7.492e-04  relΔE=1.846e-13  ||F||=8.277e-06
 step=103000  E=2.953736212834e+02  Q=6.440000000000e+02  λ=8.309997e-01  dt=1.160e-03  relΔE=2.638e-13  ||F||=2.733e-06
 step=103500  E=2.953736212455e+02  Q=6.440000000000e+02  λ=8.309996e-01  dt=8.976e-04  relΔE=1.884e-13  ||F||=2.521e-06
 step=104000  E=2.953736212107e+02  Q=6.440000000000e+02  λ=8.309996e-01  dt=1.389e-03  relΔE=2.665e-13  ||F||=2.326e-06
 step=104500  E=2.953736211796e+02  Q=6.440000000000e+02  λ=8.309995e-01  dt=1.075e-03  relΔE=1.903e-13  ||F||=2.151e-06
 step=105000  E=2.953736211501e+02  Q=6.440000000000e+02  λ=8.309995e-01  dt=8.323e-04  relΔE=1.363e-13  ||F||=1.984e-06
 step=105500  E=2.953736211232e+02  Q=6.440000000000e+02  λ=8.309994e-01  dt=1.288e-03  relΔE=1.936e-13  ||F||=1.832e-06
 step=106000  E=2.953736210989e+02  Q=6.440000000000e+02  λ=8.309994e-01  dt=9.971e-04  relΔE=1.380e-13  ||F||=1.694e-06
 step=106500  E=2.953736210755e+02  Q=6.440000000000e+02  λ=8.309994e-01  dt=7.717e-04  relΔE=9.776e-14  ||F||=1.561e-06
 step=107000  E=2.953736210550e+02  Q=6.440000000000e+02  λ=8.309993e-01  dt=1.195e-03  relΔE=1.405e-13  ||F||=1.444e-06
 step=107500  E=2.953736210359e+02  Q=6.440000000000e+02  λ=8.309993e-01  dt=7.705e-04  relΔE=8.333e-14  ||F||=1.335e-06
 step=108000  E=2.953736210185e+02  Q=6.440000000000e+02  λ=8.309993e-01  dt=1.193e-03  relΔE=1.185e-13  ||F||=1.236e-06
 step=108500  E=2.953736210023e+02  Q=6.440000000000e+02  λ=8.309993e-01  dt=7.692e-04  relΔE=7.082e-14  ||F||=1.142e-06
 step=109000  E=2.953736209874e+02  Q=6.440000000000e+02  λ=8.309992e-01  dt=1.191e-03  relΔE=1.018e-13  ||F||=1.057e-06
 step=109500  E=2.953736209733e+02  Q=6.440000000000e+02  λ=8.309992e-01  dt=9.216e-04  relΔE=7.274e-14  ||F||=9.761e-07
 step=110000  E=2.953736209602e+02  Q=6.440000000000e+02  λ=8.309992e-01  dt=1.427e-03  relΔE=1.028e-13  ||F||=1.122e-06
 step=110500  E=2.953736209486e+02  Q=6.440000000000e+02  λ=8.309992e-01  dt=1.104e-03  relΔE=7.371e-14  ||F||=8.333e-07
 step=111000  E=2.953736209374e+02  Q=6.440000000000e+02  λ=8.309992e-01  dt=8.545e-04  relΔE=5.350e-14  ||F||=7.691e-07
 step=111500  E=2.953736209273e+02  Q=6.440000000000e+02  λ=8.309991e-01  dt=1.323e-03  relΔE=7.544e-14  ||F||=7.104e-07
 step=112000  E=2.953736209181e+02  Q=6.440000000000e+02  λ=8.309991e-01  dt=1.024e-03  relΔE=5.408e-14  ||F||=6.571e-07
 step=112500  E=2.953736209093e+02  Q=6.440000000000e+02  λ=8.309991e-01  dt=7.924e-04  relΔE=3.830e-14  ||F||=6.061e-07
 step=113000  E=2.953736209014e+02  Q=6.440000000000e+02  λ=8.309991e-01  dt=1.227e-03  relΔE=5.523e-14  ||F||=5.607e-07
 step=113500  E=2.953736208941e+02  Q=6.440000000000e+02  λ=8.309991e-01  dt=9.493e-04  relΔE=3.868e-14  ||F||=5.182e-07
 step=114000  E=2.953736208871e+02  Q=6.440000000000e+02  λ=8.309991e-01  dt=1.469e-03  relΔE=4.907e-14  ||F||=6.489e-05
 step=114500  E=2.953736208810e+02  Q=6.440000000000e+02  λ=8.309991e-01  dt=1.137e-03  relΔE=3.984e-14  ||F||=4.425e-07
 step=115000  E=2.953736208752e+02  Q=6.440000000000e+02  λ=8.309991e-01  dt=8.802e-04  relΔE=2.810e-14  ||F||=4.085e-07
 step=115500  E=2.953736208698e+02  Q=6.440000000000e+02  λ=8.309991e-01  dt=1.363e-03  relΔE=4.080e-14  ||F||=3.774e-07
 step=116000  E=2.953736208650e+02  Q=6.440000000000e+02  λ=8.309991e-01  dt=1.055e-03  relΔE=2.964e-14  ||F||=3.491e-07
 step=116500  E=2.953736208604e+02  Q=6.440000000000e+02  λ=8.309990e-01  dt=8.162e-04  relΔE=2.117e-14  ||F||=3.223e-07
 step=117000  E=2.953736208562e+02  Q=6.440000000000e+02  λ=8.309990e-01  dt=1.263e-03  relΔE=2.925e-14  ||F||=2.979e-07
 step=117500  E=2.953736208523e+02  Q=6.440000000000e+02  λ=8.309990e-01  dt=9.778e-04  relΔE=2.155e-14  ||F||=2.756e-07
 step=118000  E=2.953736208486e+02  Q=6.440000000000e+02  λ=8.309990e-01  dt=7.568e-04  relΔE=1.501e-14  ||F||=2.541e-07
 step=118500  E=2.953736208454e+02  Q=6.440000000000e+02  λ=8.309990e-01  dt=1.172e-03  relΔE=2.252e-14  ||F||=2.354e-07
 step=119000  E=2.953736208423e+02  Q=6.440000000000e+02  λ=8.309990e-01  dt=9.067e-04  relΔE=1.559e-14  ||F||=2.175e-07
 step=119500  E=2.953736208395e+02  Q=6.440000000000e+02  λ=8.309990e-01  dt=1.404e-03  relΔE=2.194e-14  ||F||=2.218e-07
 step=120000  E=2.953736208369e+02  Q=6.440000000000e+02  λ=8.309990e-01  dt=1.086e-03  relΔE=1.597e-14  ||F||=1.859e-07
 step=120500  E=2.953736208345e+02  Q=6.440000000000e+02  λ=8.309990e-01  dt=8.408e-04  relΔE=1.135e-14  ||F||=1.717e-07
 step=121000  E=2.953736208323e+02  Q=6.440000000000e+02  λ=8.309990e-01  dt=1.301e-03  relΔE=1.713e-14  ||F||=1.587e-07
 step=121500  E=2.953736208302e+02  Q=6.440000000000e+02  λ=8.309990e-01  dt=1.007e-03  relΔE=1.174e-14  ||F||=1.468e-07
 step=122000  E=2.953736208283e+02  Q=6.440000000000e+02  λ=8.309990e-01  dt=7.796e-04  relΔE=8.468e-15  ||F||=1.355e-07
 step=122500  E=2.953736208266e+02  Q=6.440000000000e+02  λ=8.309990e-01  dt=1.207e-03  relΔE=1.212e-14  ||F||=1.254e-07
 step=123000  E=2.953736208249e+02  Q=6.440000000000e+02  λ=8.309990e-01  dt=9.340e-04  relΔE=8.853e-15  ||F||=1.160e-07
 step=123500  E=2.953736208234e+02  Q=6.440000000000e+02  λ=8.309990e-01  dt=1.446e-03  relΔE=1.232e-14  ||F||=4.287e-06
 step=124000  E=2.953736208220e+02  Q=6.440000000000e+02  λ=8.309990e-01  dt=1.119e-03  relΔE=9.237e-15  ||F||=9.912e-08
 step=124500  E=2.953736208208e+02  Q=6.440000000000e+02  λ=8.309990e-01  dt=8.660e-04  relΔE=6.543e-15  ||F||=9.157e-08
 step=125000  E=2.953736208196e+02  Q=6.440000000000e+02  λ=8.309990e-01  dt=1.341e-03  relΔE=9.045e-15  ||F||=8.463e-08
 step=125500  E=2.953736208185e+02  Q=6.440000000000e+02  λ=8.309990e-01  dt=1.038e-03  relΔE=6.736e-15  ||F||=7.834e-08
 step=126000  E=2.953736208175e+02  Q=6.440000000000e+02  λ=8.309990e-01  dt=8.030e-04  relΔE=3.849e-15  ||F||=7.235e-08
 step=126500  E=2.953736208165e+02  Q=6.440000000000e+02  λ=8.309990e-01  dt=1.243e-03  relΔE=6.543e-15  ||F||=6.693e-08
 step=127000  E=2.953736208157e+02  Q=6.440000000000e+02  λ=8.309990e-01  dt=9.621e-04  relΔE=5.196e-15  ||F||=6.192e-08
 step=127500  E=2.953736208148e+02  Q=6.440000000000e+02  λ=8.309990e-01  dt=7.446e-04  relΔE=3.464e-15  ||F||=9.395e-08
 step=128000  E=2.953736208141e+02  Q=6.440000000000e+02  λ=8.309990e-01  dt=1.153e-03  relΔE=4.234e-15  ||F||=5.295e-08
 Converged (aggressive): step=128365, E=2.953736208136e+02, Q=6.440000000000e+02, dt=1.033e-03, ||F||=5.000e-08

Stationary candidate (aggressive): E=2.953736208136e+02, Q=6.440000000000e+02, maxρ=5.836320e-01

=== Stability test (damped inertial dynamics) ===
Perturb eps=0.02, gamma=1
t=0: E=3.269745897607e+02, Q=6.440000000000e+02, maxρ=6.022761e-01, σ=2.809706e+00, Rc=1.825150e+01
 step=     1  E=3.269744306169e+02  Q=6.440000000000e+02  λ=1.219474e+00  maxρ=6.022761e-01  minρ=1.029e-11  σ=2.809706e+00  Rc=1.825150e+01
 step=   300  E=3.204499003632e+02  Q=6.440000000000e+02  λ=1.115835e+00  maxρ=6.012546e-01  minρ=1.031e-11  σ=2.809702e+00  Rc=1.825150e+01
 step=   600  E=3.073344245323e+02  Q=6.440000000000e+02  λ=9.283080e-01  maxρ=5.983743e-01  minρ=1.040e-11  σ=2.809697e+00  Rc=1.825151e+01
 step=   900  E=2.996728248153e+02  Q=6.440000000000e+02  λ=8.688746e-01  maxρ=5.941140e-01  minρ=1.027e-11  σ=2.809695e+00  Rc=1.825151e+01
 step=  1200  E=3.026173378115e+02  Q=6.440000000000e+02  λ=9.773655e-01  maxρ=5.922394e-01  minρ=1.014e-11  σ=2.809698e+00  Rc=1.825150e+01
 step=  1500  E=3.104920954730e+02  Q=6.440000000000e+02  λ=1.094561e+00  maxρ=5.956946e-01  minρ=1.008e-11  σ=2.809700e+00  Rc=1.825150e+01
 step=  1800  E=3.145034356675e+02  Q=6.440000000000e+02  λ=1.080012e+00  maxρ=5.976013e-01  minρ=1.008e-11  σ=2.809697e+00  Rc=1.825150e+01
 step=  2100  E=3.121335374499e+02  Q=6.440000000000e+02  λ=9.777576e-01  maxρ=5.945593e-01  minρ=1.006e-11  σ=2.809694e+00  Rc=1.825150e+01
 step=  2400  E=3.079811208292e+02  Q=6.440000000000e+02  λ=9.308784e-01  maxρ=5.886786e-01  minρ=9.784e-12  σ=2.809694e+00  Rc=1.825150e+01
 step=  2700  E=3.069619609388e+02  Q=6.440000000000e+02  λ=9.865062e-01  maxρ=5.918550e-01  minρ=9.637e-12  σ=2.809698e+00  Rc=1.825150e+01
 step=  3000  E=3.089653919143e+02  Q=6.440000000000e+02  λ=1.052902e+00  maxρ=5.992910e-01  minρ=9.762e-12  σ=2.809699e+00  Rc=1.825150e+01
 step=  3300  E=3.104716158331e+02  Q=6.440000000000e+02  λ=1.039924e+00  maxρ=6.008326e-01  minρ=9.848e-12  σ=2.809695e+00  Rc=1.825150e+01
 step=  3600  E=3.095457040252e+02  Q=6.440000000000e+02  λ=9.744013e-01  maxρ=5.963907e-01  minρ=9.867e-12  σ=2.809690e+00  Rc=1.825150e+01
 step=  3900  E=3.076416188135e+02  Q=6.440000000000e+02  λ=9.456836e-01  maxρ=5.963954e-01  minρ=9.561e-12  σ=2.809691e+00  Rc=1.825150e+01
 step=  4200  E=3.069641964789e+02  Q=6.440000000000e+02  λ=9.793051e-01  maxρ=5.943237e-01  minρ=9.128e-12  σ=2.809694e+00  Rc=1.825149e+01
 step=  4500  E=3.076659452483e+02  Q=6.440000000000e+02  λ=1.015280e+00  maxρ=5.931048e-01  minρ=8.951e-12  σ=2.809696e+00  Rc=1.825149e+01
 step=  4800  E=3.082627635131e+02  Q=6.440000000000e+02  λ=1.002217e+00  maxρ=5.953227e-01  minρ=9.110e-12  σ=2.809692e+00  Rc=1.825149e+01
 step=  5100  E=3.078942710030e+02  Q=6.440000000000e+02  λ=9.637209e-01  maxρ=5.960149e-01  minρ=8.619e-12  σ=2.809687e+00  Rc=1.825149e+01
 step=  5400  E=3.071596433124e+02  Q=6.440000000000e+02  λ=9.535842e-01  maxρ=5.953149e-01  minρ=8.272e-12  σ=2.809685e+00  Rc=1.825149e+01
 step=  5700  E=3.068960059630e+02  Q=6.440000000000e+02  λ=9.782424e-01  maxρ=5.932833e-01  minρ=8.329e-12  σ=2.809687e+00  Rc=1.825148e+01
 step=  6000  E=3.070341601900e+02  Q=6.440000000000e+02  λ=9.960681e-01  maxρ=5.920381e-01  minρ=8.701e-12  σ=2.809687e+00  Rc=1.825148e+01
 >>> No runaway detected in this horizon. Likely stable (within this model & box).

STABILITY: PASS
