
=== Aggressive relaxation to Q = 502 ===
Initial: E=3.380469223863e+02, Q=5.020000000000e+02, dt=1.000e-04
 step=     1  E=3.380406990906e+02  Q=5.020000000000e+02  λ=1.259729e+00  dt=1.000e-04  relΔE=1.841e-05  ||F||=3.526e-01
 step=   500  E=3.308923778428e+02  Q=5.020000000000e+02  λ=1.227744e+00  dt=6.192e-04  relΔE=7.621e-05  ||F||=3.125e-01
 step=  1000  E=3.144919122915e+02  Q=5.020000000000e+02  λ=1.156301e+00  dt=9.584e-04  relΔE=6.217e-05  ||F||=2.211e-01
 step=  1500  E=3.049421345207e+02  Q=5.020000000000e+02  λ=1.116725e+00  dt=1.484e-03  relΔE=5.648e-05  ||F||=4.102e-01
 step=  2000  E=2.992309995273e+02  Q=5.020000000000e+02  λ=1.094009e+00  dt=1.148e-03  relΔE=3.164e-05  ||F||=1.405e-01
 step=  2500  E=2.948660686575e+02  Q=5.020000000000e+02  λ=1.077414e+00  dt=8.887e-04  relΔE=1.870e-05  ||F||=1.219e-01
 step=  3000  E=2.915252055312e+02  Q=5.020000000000e+02  λ=1.065172e+00  dt=1.376e-03  relΔE=2.363e-05  ||F||=1.095e-01
 step=  3500  E=2.888011960060e+02  Q=5.020000000000e+02  λ=1.055452e+00  dt=1.065e-03  relΔE=1.566e-05  ||F||=1.008e-01
 step=  4000  E=2.863755438854e+02  Q=5.020000000000e+02  λ=1.046987e+00  dt=8.241e-04  relΔE=1.063e-05  ||F||=9.402e-02
 step=  4500  E=2.843121190484e+02  Q=5.020000000000e+02  λ=1.039918e+00  dt=1.276e-03  relΔE=1.474e-05  ||F||=8.865e-02
 step=  5000  E=2.824627597503e+02  Q=5.020000000000e+02  λ=1.033661e+00  dt=9.873e-04  relΔE=1.036e-05  ||F||=8.419e-02
 step=  5500  E=2.807119231228e+02  Q=5.020000000000e+02  λ=1.027875e+00  dt=1.528e-03  relΔE=1.295e-05  ||F||=3.667e-01
 step=  6000  E=2.792125811380e+02  Q=5.020000000000e+02  λ=1.022851e+00  dt=1.183e-03  relΔE=1.044e-05  ||F||=7.678e-02
 step=  6500  E=2.777843429837e+02  Q=5.020000000000e+02  λ=1.018165e+00  dt=9.154e-04  relΔE=7.500e-06  ||F||=7.378e-02
 step=  7000  E=2.764585132361e+02  Q=5.020000000000e+02  λ=1.013855e+00  dt=1.417e-03  relΔE=1.075e-05  ||F||=7.083e-02
 step=  7500  E=2.752697327056e+02  Q=5.020000000000e+02  λ=1.010014e+00  dt=1.097e-03  relΔE=7.771e-06  ||F||=6.830e-02
 step=  8000  E=2.741212401707e+02  Q=5.020000000000e+02  λ=1.006330e+00  dt=8.488e-04  relΔE=5.660e-06  ||F||=6.612e-02
 step=  8500  E=2.730727754197e+02  Q=5.020000000000e+02  λ=1.002993e+00  dt=1.314e-03  relΔE=8.167e-06  ||F||=6.371e-02
 step=  9000  E=2.720978244390e+02  Q=5.020000000000e+02  λ=9.999059e-01  dt=1.017e-03  relΔE=5.952e-06  ||F||=6.171e-02
 step=  9500  E=2.711936045171e+02  Q=5.020000000000e+02  λ=9.970639e-01  dt=1.312e-03  relΔE=7.251e-06  ||F||=5.987e-02
 step= 10000  E=2.703168524165e+02  Q=5.020000000000e+02  λ=9.943229e-01  dt=1.015e-03  relΔE=5.306e-06  ||F||=5.812e-02
 step= 10500  E=2.694782641309e+02  Q=5.020000000000e+02  λ=9.917188e-01  dt=7.858e-04  relΔE=3.982e-06  ||F||=5.716e-02
 step= 11000  E=2.687143520344e+02  Q=5.020000000000e+02  λ=9.893635e-01  dt=1.216e-03  relΔE=5.718e-06  ||F||=5.496e-02
 step= 11500  E=2.679731156509e+02  Q=5.020000000000e+02  λ=9.870902e-01  dt=9.414e-04  relΔE=4.217e-06  ||F||=5.358e-02
 step= 12000  E=2.672572933538e+02  Q=5.020000000000e+02  λ=9.849119e-01  dt=1.457e-03  relΔE=6.211e-06  ||F||=5.224e-02
 step= 12500  E=2.666052739122e+02  Q=5.020000000000e+02  λ=9.829379e-01  dt=1.128e-03  relΔE=4.600e-06  ||F||=5.099e-02
 step= 13000  E=2.659552722895e+02  Q=5.020000000000e+02  λ=9.809832e-01  dt=8.730e-04  relΔE=3.418e-06  ||F||=4.990e-02
 step= 13500  E=2.653475981849e+02  Q=5.020000000000e+02  λ=9.791699e-01  dt=1.351e-03  relΔE=5.063e-06  ||F||=4.876e-02
 step= 14000  E=2.647674231140e+02  Q=5.020000000000e+02  λ=9.774478e-01  dt=1.046e-03  relΔE=3.770e-06  ||F||=4.777e-02
 step= 14500  E=2.641925989963e+02  Q=5.020000000000e+02  λ=9.757535e-01  dt=8.095e-04  relΔE=2.878e-06  ||F||=4.741e-02
 step= 15000  E=2.636601183083e+02  Q=5.020000000000e+02  λ=9.741954e-01  dt=1.253e-03  relΔE=4.203e-06  ||F||=4.598e-02
 step= 15500  E=2.631405640897e+02  Q=5.020000000000e+02  λ=9.726833e-01  dt=9.698e-04  relΔE=3.150e-06  ||F||=4.521e-02
 step= 16000  E=2.626212593329e+02  Q=5.020000000000e+02  λ=9.711846e-01  dt=1.501e-03  relΔE=4.694e-06  ||F||=6.308e-02
 step= 16500  E=2.621450732777e+02  Q=5.020000000000e+02  λ=9.698149e-01  dt=1.162e-03  relΔE=3.555e-06  ||F||=4.379e-02
 step= 17000  E=2.616653125087e+02  Q=5.020000000000e+02  λ=9.684443e-01  dt=8.992e-04  relΔE=2.686e-06  ||F||=4.323e-02
 step= 17500  E=2.612012260302e+02  Q=5.020000000000e+02  λ=9.671275e-01  dt=1.392e-03  relΔE=4.046e-06  ||F||=4.261e-02
 step= 18000  E=2.607552787519e+02  Q=5.020000000000e+02  λ=9.658670e-01  dt=1.077e-03  relΔE=3.063e-06  ||F||=4.210e-02
 step= 18500  E=2.603074503709e+02  Q=5.020000000000e+02  λ=9.646077e-01  dt=8.338e-04  relΔE=2.348e-06  ||F||=4.187e-02
 step= 19000  E=2.598798063840e+02  Q=5.020000000000e+02  λ=9.634112e-01  dt=1.291e-03  relΔE=3.532e-06  ||F||=4.123e-02
 step= 19500  E=2.594572545855e+02  Q=5.020000000000e+02  λ=9.622319e-01  dt=9.989e-04  relΔE=2.691e-06  ||F||=4.088e-02
 step= 20000  E=2.590303492210e+02  Q=5.020000000000e+02  λ=9.610450e-01  dt=7.731e-04  relΔE=2.231e-06  ||F||=4.234e-02
 step= 20500  E=2.586306800907e+02  Q=5.020000000000e+02  λ=9.599356e-01  dt=1.197e-03  relΔE=3.143e-06  ||F||=4.030e-02
 step= 21000  E=2.582203306188e+02  Q=5.020000000000e+02  λ=9.587976e-01  dt=9.263e-04  relΔE=2.415e-06  ||F||=4.013e-02
 step= 21500  E=2.578128019194e+02  Q=5.020000000000e+02  λ=9.576690e-01  dt=1.434e-03  relΔE=3.703e-06  ||F||=3.993e-02
 step= 22000  E=2.574224953668e+02  Q=5.020000000000e+02  λ=9.565858e-01  dt=1.110e-03  relΔE=2.852e-06  ||F||=3.977e-02
 step= 22500  E=2.570191967947e+02  Q=5.020000000000e+02  λ=9.554645e-01  dt=8.589e-04  relΔE=2.209e-06  ||F||=3.976e-02
 step= 23000  E=2.566253369797e+02  Q=5.020000000000e+02  λ=9.543673e-01  dt=1.329e-03  relΔE=3.404e-06  ||F||=3.964e-02
 step= 23500  E=2.562327027798e+02  Q=5.020000000000e+02  λ=9.532674e-01  dt=1.029e-03  relΔE=2.639e-06  ||F||=3.964e-02
 step= 24000  E=2.558473575132e+02  Q=5.020000000000e+02  λ=9.521830e-01  dt=1.327e-03  relΔE=3.415e-06  ||F||=3.967e-02
 step= 24500  E=2.554513084577e+02  Q=5.020000000000e+02  λ=9.510597e-01  dt=1.027e-03  relΔE=2.658e-06  ||F||=3.975e-02
 step= 25000  E=2.550420325777e+02  Q=5.020000000000e+02  λ=9.498897e-01  dt=7.951e-04  relΔE=2.164e-06  ||F||=4.076e-02
 step= 25500  E=2.546486663388e+02  Q=5.020000000000e+02  λ=9.487547e-01  dt=1.231e-03  relΔE=3.239e-06  ||F||=4.003e-02
 step= 26000  E=2.542464564197e+02  Q=5.020000000000e+02  λ=9.475803e-01  dt=7.938e-04  relΔE=2.112e-06  ||F||=4.022e-02
 step= 26500  E=2.538453549446e+02  Q=5.020000000000e+02  λ=9.463967e-01  dt=1.229e-03  relΔE=3.312e-06  ||F||=4.045e-02
 step= 27000  E=2.534295730790e+02  Q=5.020000000000e+02  λ=9.451519e-01  dt=9.510e-04  relΔE=2.604e-06  ||F||=4.073e-02
 step= 27500  E=2.530001797774e+02  Q=5.020000000000e+02  λ=9.438488e-01  dt=1.472e-03  relΔE=4.096e-06  ||F||=4.112e-02
 step= 28000  E=2.525933523695e+02  Q=5.020000000000e+02  λ=9.425925e-01  dt=9.495e-04  relΔE=2.687e-06  ||F||=4.134e-02
 step= 28500  E=2.521501968141e+02  Q=5.020000000000e+02  λ=9.412037e-01  dt=1.470e-03  relΔE=4.241e-06  ||F||=4.182e-02
 step= 29000  E=2.517206709419e+02  Q=5.020000000000e+02  λ=9.398317e-01  dt=1.138e-03  relΔE=3.348e-06  ||F||=4.209e-02
 step= 29500  E=2.512622331536e+02  Q=5.020000000000e+02  λ=9.383401e-01  dt=8.804e-04  relΔE=2.654e-06  ||F||=4.256e-02
 step= 30000  E=2.508048185448e+02  Q=5.020000000000e+02  λ=9.368244e-01  dt=1.363e-03  relΔE=4.188e-06  ||F||=4.293e-02
 step= 30500  E=2.503390741273e+02  Q=5.020000000000e+02  λ=9.352481e-01  dt=1.055e-03  relΔE=3.315e-06  ||F||=4.337e-02
 step= 31000  E=2.498503206864e+02  Q=5.020000000000e+02  λ=9.335596e-01  dt=8.164e-04  relΔE=2.664e-06  ||F||=4.416e-02
 step= 31500  E=2.493692587398e+02  Q=5.020000000000e+02  λ=9.318640e-01  dt=1.264e-03  relΔE=4.153e-06  ||F||=4.426e-02
 step= 32000  E=2.488721051707e+02  Q=5.020000000000e+02  λ=9.300723e-01  dt=9.780e-04  relΔE=3.287e-06  ||F||=4.472e-02
 step= 32500  E=2.483496288673e+02  Q=5.020000000000e+02  λ=9.281761e-01  dt=1.514e-03  relΔE=4.360e-06  ||F||=2.414e-01
 step= 33000  E=2.478473675362e+02  Q=5.020000000000e+02  λ=9.262595e-01  dt=1.172e-03  relΔE=4.102e-06  ||F||=4.555e-02
 step= 33500  E=2.473155810626e+02  Q=5.020000000000e+02  λ=9.242142e-01  dt=9.069e-04  relΔE=3.239e-06  ||F||=4.596e-02
 step= 34000  E=2.467760926456e+02  Q=5.020000000000e+02  λ=9.220959e-01  dt=1.404e-03  relΔE=5.091e-06  ||F||=4.626e-02
 step= 34500  E=2.462431947373e+02  Q=5.020000000000e+02  λ=9.199549e-01  dt=1.086e-03  relΔE=3.996e-06  ||F||=4.653e-02
 step= 35000  E=2.456854117691e+02  Q=5.020000000000e+02  λ=9.176653e-01  dt=8.409e-04  relΔE=3.154e-06  ||F||=4.694e-02
 step= 35500  E=2.451378494508e+02  Q=5.020000000000e+02  λ=9.153713e-01  dt=1.302e-03  relΔE=4.881e-06  ||F||=4.688e-02
 step= 36000  E=2.445872935403e+02  Q=5.020000000000e+02  λ=9.130125e-01  dt=1.007e-03  relΔE=3.795e-06  ||F||=4.693e-02
 step= 36500  E=2.440186599259e+02  Q=5.020000000000e+02  λ=9.105240e-01  dt=7.797e-04  relΔE=3.123e-06  ||F||=4.838e-02
 step= 37000  E=2.434806715381e+02  Q=5.020000000000e+02  λ=9.081223e-01  dt=1.207e-03  relΔE=4.525e-06  ||F||=4.671e-02
 step= 37500  E=2.429317234848e+02  Q=5.020000000000e+02  λ=9.056176e-01  dt=9.342e-04  relΔE=3.473e-06  ||F||=4.647e-02
 step= 38000  E=2.423850450091e+02  Q=5.020000000000e+02  λ=9.030739e-01  dt=1.446e-03  relΔE=5.287e-06  ||F||=4.603e-02
 step= 38500  E=2.418666079761e+02  Q=5.020000000000e+02  λ=9.006077e-01  dt=1.119e-03  relΔE=4.009e-06  ||F||=4.551e-02
 step= 39000  E=2.413445940968e+02  Q=5.020000000000e+02  λ=8.980731e-01  dt=8.662e-04  relΔE=3.032e-06  ||F||=4.494e-02
 step= 39500  E=2.408488745211e+02  Q=5.020000000000e+02  λ=8.956184e-01  dt=1.341e-03  relΔE=4.517e-06  ||F||=4.404e-02
 step= 40000  E=2.403730189163e+02  Q=5.020000000000e+02  λ=8.932093e-01  dt=1.038e-03  relΔE=3.359e-06  ||F||=4.313e-02
 step= 40500  E=2.399075744396e+02  Q=5.020000000000e+02  λ=8.908024e-01  dt=8.032e-04  relΔE=2.518e-06  ||F||=4.241e-02
 step= 41000  E=2.394802118598e+02  Q=5.020000000000e+02  λ=8.885472e-01  dt=1.243e-03  relΔE=3.635e-06  ||F||=4.091e-02
 step= 41500  E=2.390717141408e+02  Q=5.020000000000e+02  λ=8.863412e-01  dt=9.623e-04  relΔE=2.648e-06  ||F||=3.966e-02
 step= 42000  E=2.386795478835e+02  Q=5.020000000000e+02  λ=8.841775e-01  dt=1.490e-03  relΔE=3.816e-06  ||F||=4.081e-02
 step= 42500  E=2.383336311418e+02  Q=5.020000000000e+02  λ=8.822211e-01  dt=1.153e-03  relΔE=2.747e-06  ||F||=3.685e-02
 step= 43000  E=2.380008375606e+02  Q=5.020000000000e+02  λ=8.802939e-01  dt=8.923e-04  relΔE=1.964e-06  ||F||=3.539e-02
 step= 43500  E=2.376999443868e+02  Q=5.020000000000e+02  λ=8.785093e-01  dt=1.381e-03  relΔE=2.771e-06  ||F||=3.376e-02
 step= 44000  E=2.374288009577e+02  Q=5.020000000000e+02  λ=8.768566e-01  dt=1.069e-03  relΔE=1.952e-06  ||F||=3.219e-02
 step= 44500  E=2.371758910118e+02  Q=5.020000000000e+02  λ=8.752725e-01  dt=8.273e-04  relΔE=1.371e-06  ||F||=3.065e-02
 step= 45000  E=2.369553930718e+02  Q=5.020000000000e+02  λ=8.738529e-01  dt=1.281e-03  relΔE=1.895e-06  ||F||=2.895e-02
 step= 45500  E=2.367568028432e+02  Q=5.020000000000e+02  λ=8.725340e-01  dt=9.912e-04  relΔE=1.311e-06  ||F||=2.736e-02
 step= 46000  E=2.365741181589e+02  Q=5.020000000000e+02  λ=8.713579e-01  dt=6.393e-04  relΔE=2.883e-06  ||F||=4.015e-01
 step= 46500  E=2.364252154372e+02  Q=5.020000000000e+02  λ=8.702273e-01  dt=9.896e-04  relΔE=1.030e-06  ||F||=2.425e-02
 step= 47000  E=2.362821436148e+02  Q=5.020000000000e+02  λ=8.691980e-01  dt=1.532e-03  relΔE=8.205e-07  ||F||=2.086e-01
 step= 47500  E=2.361641441640e+02  Q=5.020000000000e+02  λ=8.682809e-01  dt=1.186e-03  relΔE=9.507e-07  ||F||=2.127e-02
 step= 48000  E=2.360563390217e+02  Q=5.020000000000e+02  λ=8.674282e-01  dt=9.176e-04  relΔE=6.422e-07  ||F||=1.987e-02
 step= 48500  E=2.359631740498e+02  Q=5.020000000000e+02  λ=8.666613e-01  dt=1.420e-03  relΔE=8.609e-07  ||F||=1.848e-02
 step= 49000  E=2.358840606633e+02  Q=5.020000000000e+02  λ=8.659805e-01  dt=1.099e-03  relΔE=5.781e-07  ||F||=1.721e-02
 step= 49500  E=2.358135436488e+02  Q=5.020000000000e+02  λ=8.653458e-01  dt=8.508e-04  relΔE=3.879e-07  ||F||=1.603e-02
 step= 50000  E=2.357541478958e+02  Q=5.020000000000e+02  λ=8.647860e-01  dt=1.317e-03  relΔE=5.136e-07  ||F||=1.482e-02
 step= 50500  E=2.357032037311e+02  Q=5.020000000000e+02  λ=8.642809e-01  dt=1.019e-03  relΔE=3.418e-07  ||F||=1.374e-02
 step= 51000  E=2.356582585677e+02  Q=5.020000000000e+02  λ=8.638114e-01  dt=7.889e-04  relΔE=2.354e-07  ||F||=1.296e-02
 step= 51500  E=2.356213567644e+02  Q=5.020000000000e+02  λ=8.634055e-01  dt=1.221e-03  relΔE=2.995e-07  ||F||=1.174e-02
 step= 52000  E=2.355891746590e+02  Q=5.020000000000e+02  λ=8.630306e-01  dt=9.452e-04  relΔE=1.979e-07  ||F||=1.085e-02
 step= 52500  E=2.355611822108e+02  Q=5.020000000000e+02  λ=8.626854e-01  dt=1.463e-03  relΔE=2.597e-07  ||F||=1.007e-02
 step= 53000  E=2.355384979285e+02  Q=5.020000000000e+02  λ=8.623879e-01  dt=1.132e-03  relΔE=1.717e-07  ||F||=9.230e-03
 step= 53500  E=2.355183452305e+02  Q=5.020000000000e+02  λ=8.621069e-01  dt=8.764e-04  relΔE=1.131e-07  ||F||=8.513e-03
 step= 54000  E=2.355016298486e+02  Q=5.020000000000e+02  λ=8.618587e-01  dt=1.357e-03  relΔE=1.479e-07  ||F||=7.825e-03
 step= 54500  E=2.354874676507e+02  Q=5.020000000000e+02  λ=8.616340e-01  dt=1.050e-03  relΔE=9.719e-08  ||F||=7.209e-03
 step= 55000  E=2.354751635313e+02  Q=5.020000000000e+02  λ=8.614251e-01  dt=8.127e-04  relΔE=6.425e-08  ||F||=6.662e-03
 step= 55500  E=2.354650917359e+02  Q=5.020000000000e+02  λ=8.612422e-01  dt=1.258e-03  relΔE=8.344e-08  ||F||=6.100e-03
 step= 56000  E=2.354564548138e+02  Q=5.020000000000e+02  λ=8.610738e-01  dt=9.736e-04  relΔE=5.470e-08  ||F||=5.612e-03
 step= 56500  E=2.354489343445e+02  Q=5.020000000000e+02  λ=8.609165e-01  dt=1.507e-03  relΔE=7.070e-08  ||F||=9.534e-03
 step= 57000  E=2.354429389973e+02  Q=5.020000000000e+02  λ=8.607814e-01  dt=1.166e-03  relΔE=4.691e-08  ||F||=4.746e-03
 step= 57500  E=2.354376322645e+02  Q=5.020000000000e+02  λ=8.606528e-01  dt=9.028e-04  relΔE=3.066e-08  ||F||=4.360e-03
 step= 58000  E=2.354331821969e+02  Q=5.020000000000e+02  λ=8.605367e-01  dt=1.397e-03  relΔE=4.010e-08  ||F||=4.007e-03
 step= 58500  E=2.354294870831e+02  Q=5.020000000000e+02  λ=8.604326e-01  dt=1.082e-03  relΔE=2.631e-08  ||F||=3.688e-03
 step= 59000  E=2.354262686010e+02  Q=5.020000000000e+02  λ=8.603348e-01  dt=8.371e-04  relΔE=1.719e-08  ||F||=3.387e-03
 step= 59500  E=2.354236092095e+02  Q=5.020000000000e+02  λ=8.602476e-01  dt=1.296e-03  relΔE=2.255e-08  ||F||=3.117e-03
 step= 60000  E=2.354213554273e+02  Q=5.020000000000e+02  λ=8.601677e-01  dt=1.003e-03  relΔE=1.479e-08  ||F||=2.868e-03
 step= 60500  E=2.354193788043e+02  Q=5.020000000000e+02  λ=8.600920e-01  dt=7.762e-04  relΔE=9.943e-09  ||F||=2.894e-03
 step= 61000  E=2.354177998929e+02  Q=5.020000000000e+02  λ=8.600266e-01  dt=1.202e-03  relΔE=1.272e-08  ||F||=2.427e-03
 step= 61500  E=2.354164112255e+02  Q=5.020000000000e+02  λ=8.599645e-01  dt=9.299e-04  relΔE=8.336e-09  ||F||=2.233e-03
 step= 62000  E=2.354152288287e+02  Q=5.020000000000e+02  λ=8.599072e-01  dt=1.439e-03  relΔE=1.092e-08  ||F||=2.053e-03
 step= 62500  E=2.354142562768e+02  Q=5.020000000000e+02  λ=8.598563e-01  dt=1.114e-03  relΔE=7.197e-09  ||F||=1.893e-03
 step= 63000  E=2.354134034394e+02  Q=5.020000000000e+02  λ=8.598080e-01  dt=8.623e-04  relΔE=4.720e-09  ||F||=1.741e-03
 step= 63500  E=2.354126915972e+02  Q=5.020000000000e+02  λ=8.597644e-01  dt=1.335e-03  relΔE=6.213e-09  ||F||=1.604e-03
 step= 64000  E=2.354120908005e+02  Q=5.020000000000e+02  λ=8.597246e-01  dt=1.033e-03  relΔE=4.097e-09  ||F||=1.480e-03
 step= 64500  E=2.354115631925e+02  Q=5.020000000000e+02  λ=8.596869e-01  dt=7.996e-04  relΔE=2.691e-09  ||F||=1.362e-03
 step= 65000  E=2.354111323934e+02  Q=5.020000000000e+02  λ=8.596535e-01  dt=1.238e-03  relΔE=3.557e-09  ||F||=1.257e-03
 step= 65500  E=2.354107579559e+02  Q=5.020000000000e+02  λ=8.596223e-01  dt=9.579e-04  relΔE=2.347e-09  ||F||=1.159e-03
 step= 66000  E=2.354104314767e+02  Q=5.020000000000e+02  λ=8.595928e-01  dt=1.483e-03  relΔE=3.088e-09  ||F||=1.122e-03
 step= 66500  E=2.354101670641e+02  Q=5.020000000000e+02  λ=8.595670e-01  dt=1.148e-03  relΔE=2.050e-09  ||F||=9.874e-04
 step= 67000  E=2.354099316684e+02  Q=5.020000000000e+02  λ=8.595423e-01  dt=8.882e-04  relΔE=1.353e-09  ||F||=9.106e-04
 step= 67500  E=2.354097325307e+02  Q=5.020000000000e+02  λ=8.595197e-01  dt=1.375e-03  relΔE=1.791e-09  ||F||=8.407e-04
 step= 68000  E=2.354095650811e+02  Q=5.020000000000e+02  λ=8.594992e-01  dt=1.064e-03  relΔE=1.189e-09  ||F||=7.774e-04
 step= 68500  E=2.354094170182e+02  Q=5.020000000000e+02  λ=8.594797e-01  dt=8.236e-04  relΔE=7.865e-10  ||F||=7.173e-04
 step= 69000  E=2.354092938065e+02  Q=5.020000000000e+02  λ=8.594623e-01  dt=1.275e-03  relΔE=1.046e-09  ||F||=6.636e-04
 step= 69500  E=2.354091876044e+02  Q=5.020000000000e+02  λ=8.594460e-01  dt=9.867e-04  relΔE=6.954e-10  ||F||=6.138e-04
 step= 70000  E=2.354090932167e+02  Q=5.020000000000e+02  λ=8.594305e-01  dt=7.637e-04  relΔE=4.646e-10  ||F||=1.738e-03
 step= 70500  E=2.354090170696e+02  Q=5.020000000000e+02  λ=8.594171e-01  dt=1.182e-03  relΔE=6.157e-10  ||F||=5.252e-04
 step= 71000  E=2.354089485995e+02  Q=5.020000000000e+02  λ=8.594041e-01  dt=9.149e-04  relΔE=4.095e-10  ||F||=4.856e-04
 step= 71500  E=2.354088897394e+02  Q=5.020000000000e+02  λ=8.593921e-01  dt=1.416e-03  relΔE=5.453e-10  ||F||=4.492e-04
 step= 72000  E=2.354088404106e+02  Q=5.020000000000e+02  λ=8.593813e-01  dt=1.096e-03  relΔE=3.648e-10  ||F||=4.164e-04
 step= 72500  E=2.354087965315e+02  Q=5.020000000000e+02  λ=8.593711e-01  dt=8.484e-04  relΔE=2.432e-10  ||F||=3.852e-04
 step= 73000  E=2.354087593031e+02  Q=5.020000000000e+02  λ=8.593617e-01  dt=1.313e-03  relΔE=3.255e-10  ||F||=3.569e-04
 step= 73500  E=2.354087273991e+02  Q=5.020000000000e+02  λ=8.593531e-01  dt=1.016e-03  relΔE=2.182e-10  ||F||=3.310e-04
 step= 74000  E=2.354087000695e+02  Q=5.020000000000e+02  λ=8.593453e-01  dt=1.311e-03  relΔE=2.445e-10  ||F||=3.074e-04
 step= 74500  E=2.354086760118e+02  Q=5.020000000000e+02  λ=8.593379e-01  dt=1.015e-03  relΔE=1.642e-10  ||F||=2.851e-04
 step= 75000  E=2.354086553941e+02  Q=5.020000000000e+02  λ=8.593312e-01  dt=1.309e-03  relΔE=1.844e-10  ||F||=2.649e-04
 step= 75500  E=2.354086372384e+02  Q=5.020000000000e+02  λ=8.593249e-01  dt=1.013e-03  relΔE=1.241e-10  ||F||=2.458e-04
 step= 76000  E=2.354086216444e+02  Q=5.020000000000e+02  λ=8.593191e-01  dt=1.307e-03  relΔE=1.396e-10  ||F||=2.285e-04
 step= 76500  E=2.354086078820e+02  Q=5.020000000000e+02  λ=8.593137e-01  dt=1.011e-03  relΔE=9.416e-11  ||F||=2.121e-04
 step= 77000  E=2.354085954584e+02  Q=5.020000000000e+02  λ=8.593084e-01  dt=7.828e-04  relΔE=6.324e-11  ||F||=1.965e-04
 step= 77500  E=2.354085851811e+02  Q=5.020000000000e+02  λ=8.593038e-01  dt=1.212e-03  relΔE=8.566e-11  ||F||=1.827e-04
 step= 78000  E=2.354085760707e+02  Q=5.020000000000e+02  λ=8.592995e-01  dt=7.816e-04  relΔE=4.830e-11  ||F||=1.697e-04
 step= 78500  E=2.354085681915e+02  Q=5.020000000000e+02  λ=8.592955e-01  dt=1.210e-03  relΔE=6.555e-11  ||F||=1.579e-04
 step= 79000  E=2.354085610923e+02  Q=5.020000000000e+02  λ=8.592918e-01  dt=9.364e-04  relΔE=4.435e-11  ||F||=1.465e-04
 step= 79500  E=2.354085547975e+02  Q=5.020000000000e+02  λ=8.592882e-01  dt=1.449e-03  relΔE=5.998e-11  ||F||=1.360e-04
 step= 80000  E=2.354085495246e+02  Q=5.020000000000e+02  λ=8.592850e-01  dt=1.122e-03  relΔE=4.084e-11  ||F||=1.265e-04
 step= 80500  E=2.354085447247e+02  Q=5.020000000000e+02  λ=8.592820e-01  dt=8.682e-04  relΔE=2.771e-11  ||F||=1.174e-04
 step= 81000  E=2.354085405538e+02  Q=5.020000000000e+02  λ=8.592792e-01  dt=1.344e-03  relΔE=3.771e-11  ||F||=1.091e-04
 step= 81500  E=2.354085369393e+02  Q=5.020000000000e+02  λ=8.592767e-01  dt=1.040e-03  relΔE=2.574e-11  ||F||=1.015e-04
 step= 82000  E=2.354085336475e+02  Q=5.020000000000e+02  λ=8.592742e-01  dt=8.051e-04  relΔE=1.751e-11  ||F||=9.415e-05
 step= 82500  E=2.354085308448e+02  Q=5.020000000000e+02  λ=8.592721e-01  dt=1.246e-03  relΔE=2.397e-11  ||F||=8.762e-05
 step= 83000  E=2.354085283431e+02  Q=5.020000000000e+02  λ=8.592700e-01  dt=9.645e-04  relΔE=1.640e-11  ||F||=8.148e-05
 step= 83500  E=2.354085260598e+02  Q=5.020000000000e+02  λ=8.592680e-01  dt=1.493e-03  relΔE=2.072e-11  ||F||=8.031e-04
 step= 84000  E=2.354085241596e+02  Q=5.020000000000e+02  λ=8.592663e-01  dt=1.156e-03  relΔE=1.541e-11  ||F||=7.046e-05
 step= 84500  E=2.354085223997e+02  Q=5.020000000000e+02  λ=8.592647e-01  dt=8.943e-04  relΔE=1.057e-11  ||F||=6.548e-05
 step= 85000  E=2.354085208437e+02  Q=5.020000000000e+02  λ=8.592631e-01  dt=1.384e-03  relΔE=1.453e-11  ||F||=6.087e-05
 step= 85500  E=2.354085194915e+02  Q=5.020000000000e+02  λ=8.592617e-01  dt=1.071e-03  relΔE=1.003e-11  ||F||=5.669e-05
 step= 86000  E=2.354085182496e+02  Q=5.020000000000e+02  λ=8.592604e-01  dt=8.293e-04  relΔE=6.905e-12  ||F||=5.268e-05
 step= 86500  E=2.354085171650e+02  Q=5.020000000000e+02  λ=8.592592e-01  dt=1.284e-03  relΔE=9.545e-12  ||F||=4.903e-05
 step= 87000  E=2.354085162001e+02  Q=5.020000000000e+02  λ=8.592580e-01  dt=9.935e-04  relΔE=6.609e-12  ||F||=4.565e-05
 step= 87500  E=2.354085153052e+02  Q=5.020000000000e+02  λ=8.592570e-01  dt=7.690e-04  relΔE=4.563e-12  ||F||=4.239e-05
 step= 88000  E=2.354085145474e+02  Q=5.020000000000e+02  λ=8.592560e-01  dt=1.190e-03  relΔE=6.349e-12  ||F||=3.952e-05
 step= 88500  E=2.354085138432e+02  Q=5.020000000000e+02  λ=8.592551e-01  dt=9.212e-04  relΔE=4.407e-12  ||F||=3.676e-05
 step= 89000  E=2.354085132061e+02  Q=5.020000000000e+02  λ=8.592542e-01  dt=1.426e-03  relΔE=6.121e-12  ||F||=3.418e-05
 step= 89500  E=2.354085126543e+02  Q=5.020000000000e+02  λ=8.592535e-01  dt=1.104e-03  relΔE=4.273e-12  ||F||=3.186e-05
 step= 90000  E=2.354085121392e+02  Q=5.020000000000e+02  λ=8.592527e-01  dt=8.542e-04  relΔE=2.976e-12  ||F||=2.963e-05
 step= 90500  E=2.354085116816e+02  Q=5.020000000000e+02  λ=8.592520e-01  dt=1.322e-03  relΔE=4.158e-12  ||F||=2.758e-05
 step= 91000  E=2.354085112734e+02  Q=5.020000000000e+02  λ=8.592514e-01  dt=1.023e-03  relΔE=2.911e-12  ||F||=2.570e-05
 step= 91500  E=2.354085108915e+02  Q=5.020000000000e+02  λ=8.592508e-01  dt=7.921e-04  relΔE=2.035e-12  ||F||=2.389e-05
 step= 92000  E=2.354085105593e+02  Q=5.020000000000e+02  λ=8.592503e-01  dt=1.226e-03  relΔE=2.858e-12  ||F||=2.227e-05
 step= 92500  E=2.354085102534e+02  Q=5.020000000000e+02  λ=8.592498e-01  dt=9.490e-04  relΔE=2.007e-12  ||F||=2.074e-05
 step= 93000  E=2.354085099681e+02  Q=5.020000000000e+02  λ=8.592493e-01  dt=1.469e-03  relΔE=2.812e-12  ||F||=4.411e-05
 step= 93500  E=2.354085097229e+02  Q=5.020000000000e+02  λ=8.592489e-01  dt=1.137e-03  relΔE=1.987e-12  ||F||=1.799e-05
 step= 94000  E=2.354085094905e+02  Q=5.020000000000e+02  λ=8.592485e-01  dt=8.799e-04  relΔE=1.399e-12  ||F||=1.674e-05
 step= 94500  E=2.354085092801e+02  Q=5.020000000000e+02  λ=8.592481e-01  dt=1.362e-03  relΔE=1.972e-12  ||F||=1.558e-05
 step= 95000  E=2.354085090921e+02  Q=5.020000000000e+02  λ=8.592477e-01  dt=1.054e-03  relΔE=1.396e-12  ||F||=1.453e-05
 step= 95500  E=2.354085089149e+02  Q=5.020000000000e+02  λ=8.592474e-01  dt=8.159e-04  relΔE=9.849e-13  ||F||=1.352e-05
 step= 96000  E=2.354085087569e+02  Q=5.020000000000e+02  λ=8.592471e-01  dt=1.263e-03  relΔE=1.395e-12  ||F||=1.260e-05
 step= 96500  E=2.354085086125e+02  Q=5.020000000000e+02  λ=8.592468e-01  dt=9.775e-04  relΔE=9.893e-13  ||F||=1.174e-05
 step= 97000  E=2.354085084753e+02  Q=5.020000000000e+02  λ=8.592466e-01  dt=7.566e-04  relΔE=6.997e-13  ||F||=1.099e-05
 step= 97500  E=2.354085083569e+02  Q=5.020000000000e+02  λ=8.592463e-01  dt=1.171e-03  relΔE=9.959e-13  ||F||=1.019e-05
 step= 98000  E=2.354085082438e+02  Q=5.020000000000e+02  λ=8.592461e-01  dt=9.064e-04  relΔE=7.070e-13  ||F||=9.487e-06
 step= 98500  E=2.354085081399e+02  Q=5.020000000000e+02  λ=8.592459e-01  dt=1.403e-03  relΔE=1.005e-12  ||F||=8.833e-06
 step= 99000  E=2.354085080472e+02  Q=5.020000000000e+02  λ=8.592457e-01  dt=1.086e-03  relΔE=7.155e-13  ||F||=8.240e-06
 step= 99500  E=2.354085079591e+02  Q=5.020000000000e+02  λ=8.592455e-01  dt=8.404e-04  relΔE=5.097e-13  ||F||=7.671e-06
 step=100000  E=2.354085078791e+02  Q=5.020000000000e+02  λ=8.592453e-01  dt=1.301e-03  relΔE=7.265e-13  ||F||=7.147e-06
 step=100500  E=2.354085078063e+02  Q=5.020000000000e+02  λ=8.592452e-01  dt=1.007e-03  relΔE=5.183e-13  ||F||=6.666e-06
 step=101000  E=2.354085077368e+02  Q=5.020000000000e+02  λ=8.592450e-01  dt=7.793e-04  relΔE=3.693e-13  ||F||=6.201e-06
 step=101500  E=2.354085076756e+02  Q=5.020000000000e+02  λ=8.592449e-01  dt=1.206e-03  relΔE=5.287e-13  ||F||=5.788e-06
 step=102000  E=2.354085076175e+02  Q=5.020000000000e+02  λ=8.592448e-01  dt=9.336e-04  relΔE=3.778e-13  ||F||=5.392e-06
 step=102500  E=2.354085075630e+02  Q=5.020000000000e+02  λ=8.592446e-01  dt=1.445e-03  relΔE=5.396e-13  ||F||=6.352e-06
 step=103000  E=2.354085075150e+02  Q=5.020000000000e+02  λ=8.592445e-01  dt=1.119e-03  relΔE=3.866e-13  ||F||=4.684e-06
 step=103500  E=2.354085074689e+02  Q=5.020000000000e+02  λ=8.592444e-01  dt=8.657e-04  relΔE=2.761e-13  ||F||=4.362e-06
 step=104000  E=2.354085074265e+02  Q=5.020000000000e+02  λ=8.592443e-01  dt=1.340e-03  relΔE=3.958e-13  ||F||=4.064e-06
 step=104500  E=2.354085073881e+02  Q=5.020000000000e+02  λ=8.592442e-01  dt=1.037e-03  relΔE=2.840e-13  ||F||=3.792e-06
 step=105000  E=2.354085073514e+02  Q=5.020000000000e+02  λ=8.592441e-01  dt=8.027e-04  relΔE=2.036e-13  ||F||=3.530e-06
 step=105500  E=2.354085073183e+02  Q=5.020000000000e+02  λ=8.592441e-01  dt=1.243e-03  relΔE=2.916e-13  ||F||=3.293e-06
 step=106000  E=2.354085072875e+02  Q=5.020000000000e+02  λ=8.592440e-01  dt=9.617e-04  relΔE=2.094e-13  ||F||=3.071e-06
 step=106500  E=2.354085072579e+02  Q=5.020000000000e+02  λ=8.592439e-01  dt=6.203e-04  relΔE=4.954e-13  ||F||=4.620e-04
 step=107000  E=2.354085072330e+02  Q=5.020000000000e+02  λ=8.592439e-01  dt=9.602e-04  relΔE=1.805e-13  ||F||=2.675e-06
 step=107500  E=2.354085072075e+02  Q=5.020000000000e+02  λ=8.592438e-01  dt=1.486e-03  relΔE=1.690e-14  ||F||=3.542e-04
 step=108000  E=2.354085071852e+02  Q=5.020000000000e+02  λ=8.592438e-01  dt=1.150e-03  relΔE=1.863e-13  ||F||=2.324e-06
 step=108500  E=2.354085071636e+02  Q=5.020000000000e+02  λ=8.592437e-01  dt=8.903e-04  relΔE=1.332e-13  ||F||=2.165e-06
 step=109000  E=2.354085071437e+02  Q=5.020000000000e+02  λ=8.592437e-01  dt=1.378e-03  relΔE=1.922e-13  ||F||=2.017e-06
 step=109500  E=2.354085071256e+02  Q=5.020000000000e+02  λ=8.592436e-01  dt=1.067e-03  relΔE=1.382e-13  ||F||=1.883e-06
 step=110000  E=2.354085071083e+02  Q=5.020000000000e+02  λ=8.592436e-01  dt=8.255e-04  relΔE=9.936e-14  ||F||=1.754e-06
 step=110500  E=2.354085070925e+02  Q=5.020000000000e+02  λ=8.592435e-01  dt=1.278e-03  relΔE=1.429e-13  ||F||=1.635e-06
 step=111000  E=2.354085070779e+02  Q=5.020000000000e+02  λ=8.592435e-01  dt=9.890e-04  relΔE=1.031e-13  ||F||=1.526e-06
 step=111500  E=2.354085070638e+02  Q=5.020000000000e+02  λ=8.592435e-01  dt=7.655e-04  relΔE=7.353e-14  ||F||=1.420e-06
 step=112000  E=2.354085070514e+02  Q=5.020000000000e+02  λ=8.592434e-01  dt=1.185e-03  relΔE=1.065e-13  ||F||=1.326e-06
 step=112500  E=2.354085070395e+02  Q=5.020000000000e+02  λ=8.592434e-01  dt=9.171e-04  relΔE=7.679e-14  ||F||=1.236e-06
 step=113000  E=2.354085070283e+02  Q=5.020000000000e+02  λ=8.592434e-01  dt=1.420e-03  relΔE=1.104e-13  ||F||=1.199e-06
 step=113500  E=2.354085070182e+02  Q=5.020000000000e+02  λ=8.592434e-01  dt=1.099e-03  relΔE=7.968e-14  ||F||=1.075e-06
 step=114000  E=2.354085070086e+02  Q=5.020000000000e+02  λ=8.592433e-01  dt=8.504e-04  relΔE=5.711e-14  ||F||=1.002e-06
 step=114500  E=2.354085069997e+02  Q=5.020000000000e+02  λ=8.592433e-01  dt=1.316e-03  relΔE=8.258e-14  ||F||=9.339e-07
 step=115000  E=2.354085069916e+02  Q=5.020000000000e+02  λ=8.592433e-01  dt=1.019e-03  relΔE=5.964e-14  ||F||=8.719e-07
 step=115500  E=2.354085069837e+02  Q=5.020000000000e+02  λ=8.592433e-01  dt=7.885e-04  relΔE=4.238e-14  ||F||=8.118e-07
 step=116000  E=2.354085069767e+02  Q=5.020000000000e+02  λ=8.592433e-01  dt=1.221e-03  relΔE=6.194e-14  ||F||=7.578e-07
 step=116500  E=2.354085069700e+02  Q=5.020000000000e+02  λ=8.592432e-01  dt=9.447e-04  relΔE=4.431e-14  ||F||=7.069e-07
 step=117000  E=2.354085069637e+02  Q=5.020000000000e+02  λ=8.592432e-01  dt=1.462e-03  relΔE=6.266e-14  ||F||=2.383e-05
 step=117500  E=2.354085069581e+02  Q=5.020000000000e+02  λ=8.592432e-01  dt=1.132e-03  relΔE=4.576e-14  ||F||=6.149e-07
 step=118000  E=2.354085069526e+02  Q=5.020000000000e+02  λ=8.592432e-01  dt=8.760e-04  relΔE=3.356e-14  ||F||=5.730e-07
 step=118500  E=2.354085069476e+02  Q=5.020000000000e+02  λ=8.592432e-01  dt=1.356e-03  relΔE=4.829e-14  ||F||=5.342e-07
 step=119000  E=2.354085069430e+02  Q=5.020000000000e+02  λ=8.592432e-01  dt=1.049e-03  relΔE=3.465e-14  ||F||=4.987e-07
 step=119500  E=2.354085069386e+02  Q=5.020000000000e+02  λ=8.592432e-01  dt=8.122e-04  relΔE=2.535e-14  ||F||=4.647e-07
 step=120000  E=2.354085069346e+02  Q=5.020000000000e+02  λ=8.592432e-01  dt=1.257e-03  relΔE=3.598e-14  ||F||=4.336e-07
 step=120500  E=2.354085069308e+02  Q=5.020000000000e+02  λ=8.592431e-01  dt=9.731e-04  relΔE=2.632e-14  ||F||=4.047e-07
 step=121000  E=2.354085069272e+02  Q=5.020000000000e+02  λ=8.592431e-01  dt=7.531e-04  relΔE=1.859e-14  ||F||=3.769e-07
 step=121500  E=2.354085069240e+02  Q=5.020000000000e+02  λ=8.592431e-01  dt=1.166e-03  relΔE=2.717e-14  ||F||=3.520e-07
 step=122000  E=2.354085069210e+02  Q=5.020000000000e+02  λ=8.592431e-01  dt=9.023e-04  relΔE=1.968e-14  ||F||=3.282e-07
 step=122500  E=2.354085069181e+02  Q=5.020000000000e+02  λ=8.592431e-01  dt=1.397e-03  relΔE=2.801e-14  ||F||=3.111e-07
 step=123000  E=2.354085069155e+02  Q=5.020000000000e+02  λ=8.592431e-01  dt=1.081e-03  relΔE=2.052e-14  ||F||=2.856e-07
 step=123500  E=2.354085069130e+02  Q=5.020000000000e+02  λ=8.592431e-01  dt=8.367e-04  relΔE=1.449e-14  ||F||=2.662e-07
 step=124000  E=2.354085069107e+02  Q=5.020000000000e+02  λ=8.592431e-01  dt=1.295e-03  relΔE=2.125e-14  ||F||=2.483e-07
 step=124500  E=2.354085069086e+02  Q=5.020000000000e+02  λ=8.592431e-01  dt=1.002e-03  relΔE=1.509e-14  ||F||=2.319e-07
 step=125000  E=2.354085069065e+02  Q=5.020000000000e+02  λ=8.592431e-01  dt=7.758e-04  relΔE=1.050e-14  ||F||=2.159e-07
 step=125500  E=2.354085069047e+02  Q=5.020000000000e+02  λ=8.592431e-01  dt=1.201e-03  relΔE=1.594e-14  ||F||=2.017e-07
 step=126000  E=2.354085069029e+02  Q=5.020000000000e+02  λ=8.592431e-01  dt=9.294e-04  relΔE=1.159e-14  ||F||=1.882e-07
 step=126500  E=2.354085069013e+02  Q=5.020000000000e+02  λ=8.592431e-01  dt=1.439e-03  relΔE=1.666e-14  ||F||=1.873e-06
 step=127000  E=2.354085068998e+02  Q=5.020000000000e+02  λ=8.592431e-01  dt=1.114e-03  relΔE=1.135e-14  ||F||=1.638e-07
 step=127500  E=2.354085068984e+02  Q=5.020000000000e+02  λ=8.592431e-01  dt=8.618e-04  relΔE=8.693e-15  ||F||=1.527e-07
 step=128000  E=2.354085068971e+02  Q=5.020000000000e+02  λ=8.592431e-01  dt=1.334e-03  relΔE=1.256e-14  ||F||=1.424e-07
 step=128500  E=2.354085068959e+02  Q=5.020000000000e+02  λ=8.592431e-01  dt=1.033e-03  relΔE=8.934e-15  ||F||=1.330e-07
 step=129000  E=2.354085068947e+02  Q=5.020000000000e+02  λ=8.592431e-01  dt=7.991e-04  relΔE=6.399e-15  ||F||=1.239e-07
 step=129500  E=2.354085068936e+02  Q=5.020000000000e+02  λ=8.592431e-01  dt=1.237e-03  relΔE=9.779e-15  ||F||=1.157e-07
 step=130000  E=2.354085068926e+02  Q=5.020000000000e+02  λ=8.592430e-01  dt=9.574e-04  relΔE=6.761e-15  ||F||=1.080e-07
 step=130500  E=2.354085068917e+02  Q=5.020000000000e+02  λ=8.592430e-01  dt=7.410e-04  relΔE=5.554e-15  ||F||=9.514e-07
 step=131000  E=2.354085068909e+02  Q=5.020000000000e+02  λ=8.592430e-01  dt=1.147e-03  relΔE=7.123e-15  ||F||=9.405e-08
 step=131500  E=2.354085068900e+02  Q=5.020000000000e+02  λ=8.592430e-01  dt=8.877e-04  relΔE=5.071e-15  ||F||=8.770e-08
 step=132000  E=2.354085068893e+02  Q=5.020000000000e+02  λ=8.592430e-01  dt=1.374e-03  relΔE=7.365e-15  ||F||=8.284e-08
 step=132500  E=2.354085068886e+02  Q=5.020000000000e+02  λ=8.592430e-01  dt=1.064e-03  relΔE=4.829e-15  ||F||=7.640e-08
 step=133000  E=2.354085068879e+02  Q=5.020000000000e+02  λ=8.592430e-01  dt=8.232e-04  relΔE=3.863e-15  ||F||=7.124e-08
 step=133500  E=2.354085068873e+02  Q=5.020000000000e+02  λ=8.592430e-01  dt=1.274e-03  relΔE=5.433e-15  ||F||=6.648e-08
 step=134000  E=2.354085068868e+02  Q=5.020000000000e+02  λ=8.592430e-01  dt=9.862e-04  relΔE=4.105e-15  ||F||=6.209e-08
 step=134500  E=2.354085068862e+02  Q=5.020000000000e+02  λ=8.592430e-01  dt=1.272e-03  relΔE=4.829e-15  ||F||=5.803e-08
 step=135000  E=2.354085068858e+02  Q=5.020000000000e+02  λ=8.592430e-01  dt=9.846e-04  relΔE=3.863e-15  ||F||=5.420e-08
 step=135500  E=2.354085068853e+02  Q=5.020000000000e+02  λ=8.592430e-01  dt=1.270e-03  relΔE=4.226e-15  ||F||=5.066e-08
 Converged (aggressive): step=135598, E=2.354085068852e+02, Q=5.020000000000e+02, dt=7.620e-04, ||F||=5.000e-08

Stationary candidate (aggressive): E=2.354085068852e+02, Q=5.020000000000e+02, maxρ=4.971022e-01

=== Stability test (damped inertial dynamics) ===
Perturb eps=0.02, gamma=1
t=0: E=2.600810336605e+02, Q=5.020000000000e+02, maxρ=5.133116e-01, σ=2.940370e+00, Rc=1.818832e+01
 step=     1  E=2.600809093444e+02  Q=5.020000000000e+02  λ=1.248610e+00  maxρ=5.133116e-01  minρ=1.646e-11  σ=2.940370e+00  Rc=1.818832e+01
 step=   300  E=2.549844219737e+02  Q=5.020000000000e+02  λ=1.144670e+00  maxρ=5.124410e-01  minρ=1.651e-11  σ=2.940367e+00  Rc=1.818832e+01
 step=   600  E=2.447413005433e+02  Q=5.020000000000e+02  λ=9.566575e-01  maxρ=5.099863e-01  minρ=1.664e-11  σ=2.940362e+00  Rc=1.818833e+01
 step=   900  E=2.387615507362e+02  Q=5.020000000000e+02  λ=8.972073e-01  maxρ=5.063554e-01  minρ=1.645e-11  σ=2.940360e+00  Rc=1.818833e+01
 step=  1200  E=2.410663787997e+02  Q=5.020000000000e+02  λ=1.006127e+00  maxρ=5.047641e-01  minρ=1.625e-11  σ=2.940363e+00  Rc=1.818832e+01
 step=  1500  E=2.472173513828e+02  Q=5.020000000000e+02  λ=1.123566e+00  maxρ=5.074780e-01  minρ=1.615e-11  σ=2.940365e+00  Rc=1.818832e+01
 step=  1800  E=2.503463742724e+02  Q=5.020000000000e+02  λ=1.108750e+00  maxρ=5.091026e-01  minρ=1.615e-11  σ=2.940362e+00  Rc=1.818832e+01
 step=  2100  E=2.484931185780e+02  Q=5.020000000000e+02  λ=1.006127e+00  maxρ=5.065113e-01  minρ=1.612e-11  σ=2.940358e+00  Rc=1.818832e+01
 step=  2400  E=2.452528795301e+02  Q=5.020000000000e+02  λ=9.593125e-01  maxρ=5.014035e-01  minρ=1.567e-11  σ=2.940359e+00  Rc=1.818832e+01
 step=  2700  E=2.444600927781e+02  Q=5.020000000000e+02  λ=1.015326e+00  maxρ=5.043942e-01  minρ=1.543e-11  σ=2.940363e+00  Rc=1.818832e+01
 step=  3000  E=2.460213223082e+02  Q=5.020000000000e+02  λ=1.081852e+00  maxρ=5.107318e-01  minρ=1.563e-11  σ=2.940364e+00  Rc=1.818832e+01
 step=  3300  E=2.471891447521e+02  Q=5.020000000000e+02  λ=1.068541e+00  maxρ=5.120463e-01  minρ=1.574e-11  σ=2.940360e+00  Rc=1.818832e+01
 step=  3600  E=2.464623018611e+02  Q=5.020000000000e+02  λ=1.002667e+00  maxρ=5.083974e-01  minρ=1.577e-11  σ=2.940355e+00  Rc=1.818832e+01
 step=  3900  E=2.449822969001e+02  Q=5.020000000000e+02  λ=9.740527e-01  maxρ=5.079699e-01  minρ=1.530e-11  σ=2.940356e+00  Rc=1.818832e+01
 step=  4200  E=2.444644121809e+02  Q=5.020000000000e+02  λ=1.008083e+00  maxρ=5.062053e-01  minρ=1.461e-11  σ=2.940359e+00  Rc=1.818831e+01
 step=  4500  E=2.450155008838e+02  Q=5.020000000000e+02  λ=1.044223e+00  maxρ=5.052310e-01  minρ=1.432e-11  σ=2.940361e+00  Rc=1.818831e+01
 step=  4800  E=2.454733502060e+02  Q=5.020000000000e+02  λ=1.030884e+00  maxρ=5.071624e-01  minρ=1.458e-11  σ=2.940357e+00  Rc=1.818831e+01
 step=  5100  E=2.451759232390e+02  Q=5.020000000000e+02  λ=9.920541e-01  maxρ=5.076802e-01  minρ=1.380e-11  σ=2.940352e+00  Rc=1.818831e+01
 step=  5400  E=2.446023259755e+02  Q=5.020000000000e+02  λ=9.819452e-01  maxρ=5.070837e-01  minρ=1.325e-11  σ=2.940351e+00  Rc=1.818831e+01
 step=  5700  E=2.444056488140e+02  Q=5.020000000000e+02  λ=1.006908e+00  maxρ=5.053530e-01  minρ=1.334e-11  σ=2.940352e+00  Rc=1.818831e+01
 step=  6000  E=2.445204497161e+02  Q=5.020000000000e+02  λ=1.024896e+00  maxρ=5.042968e-01  minρ=1.394e-11  σ=2.940353e+00  Rc=1.818830e+01
 >>> No runaway detected in this horizon. Likely stable (within this model & box).

STABILITY: PASS
