
=== Aggressive relaxation to Q = 558 ===
Initial: E=3.066434840445e+02, Q=5.580000000000e+02, dt=1.000e-04
 step=     1  E=3.066359923153e+02  Q=5.580000000000e+02  λ=1.017367e+00  dt=1.000e-04  relΔE=2.443e-05  ||F||=3.669e-01
 step=   500  E=2.980774427169e+02  Q=5.580000000000e+02  λ=9.819960e-01  dt=6.192e-04  relΔE=1.008e-04  ||F||=3.234e-01
 step=  1000  E=2.788022006974e+02  Q=5.580000000000e+02  λ=9.043936e-01  dt=9.584e-04  relΔE=8.013e-05  ||F||=2.242e-01
 step=  1500  E=2.680198558242e+02  Q=5.580000000000e+02  λ=8.628854e-01  dt=1.484e-03  relΔE=6.949e-05  ||F||=1.645e-01
 step=  2000  E=2.620760177914e+02  Q=5.580000000000e+02  λ=8.409921e-01  dt=1.148e-03  relΔE=3.370e-05  ||F||=1.287e-01
 step=  2500  E=2.581983620893e+02  Q=5.580000000000e+02  λ=8.273734e-01  dt=8.887e-04  relΔE=1.710e-05  ||F||=1.035e-01
 step=  3000  E=2.556712179370e+02  Q=5.580000000000e+02  λ=8.189464e-01  dt=1.376e-03  relΔE=1.830e-05  ||F||=8.561e-02
 step=  3500  E=2.539248409172e+02  Q=5.580000000000e+02  λ=8.134179e-01  dt=1.065e-03  relΔE=1.016e-05  ||F||=7.224e-02
 step=  4000  E=2.526295421371e+02  Q=5.580000000000e+02  λ=8.095483e-01  dt=8.241e-04  relΔE=5.731e-06  ||F||=6.153e-02
 step=  4500  E=2.517115547167e+02  Q=5.580000000000e+02  λ=8.069726e-01  dt=1.276e-03  relΔE=6.695e-06  ||F||=5.335e-02
 step=  5000  E=2.510044258768e+02  Q=5.580000000000e+02  λ=8.051105e-01  dt=9.873e-04  relΔE=3.963e-06  ||F||=4.660e-02
 step=  5500  E=2.504482817847e+02  Q=5.580000000000e+02  λ=8.037477e-01  dt=1.528e-03  relΔE=4.736e-06  ||F||=6.420e-02
 step=  6000  E=2.500372471934e+02  Q=5.580000000000e+02  λ=8.028069e-01  dt=1.183e-03  relΔE=2.919e-06  ||F||=3.647e-02
 step=  6500  E=2.496963728903e+02  Q=5.580000000000e+02  λ=8.020824e-01  dt=9.154e-04  relΔE=1.805e-06  ||F||=3.257e-02
 step=  7000  E=2.494243657664e+02  Q=5.580000000000e+02  λ=8.015457e-01  dt=1.417e-03  relΔE=2.266e-06  ||F||=2.932e-02
 step=  7500  E=2.492067885940e+02  Q=5.580000000000e+02  λ=8.011444e-01  dt=1.097e-03  relΔE=1.446e-06  ||F||=2.661e-02
 step=  8000  E=2.490209613282e+02  Q=5.580000000000e+02  λ=8.008222e-01  dt=8.488e-04  relΔE=9.278e-07  ||F||=2.422e-02
 step=  8500  E=2.488700944581e+02  Q=5.580000000000e+02  λ=8.005736e-01  dt=1.314e-03  relΔE=1.211e-06  ||F||=2.224e-02
 step=  9000  E=2.487417148116e+02  Q=5.580000000000e+02  λ=8.003687e-01  dt=1.017e-03  relΔE=7.992e-07  ||F||=2.053e-02
 step=  9500  E=2.486284453892e+02  Q=5.580000000000e+02  λ=8.001903e-01  dt=7.871e-04  relΔE=5.307e-07  ||F||=1.928e-02
 step= 10000  E=2.485356688689e+02  Q=5.580000000000e+02  λ=8.000429e-01  dt=1.218e-03  relΔE=7.182e-07  ||F||=1.777e-02
 step= 10500  E=2.484517566594e+02  Q=5.580000000000e+02  λ=7.999052e-01  dt=9.430e-04  relΔE=4.889e-07  ||F||=1.666e-02
 step= 11000  E=2.483769113094e+02  Q=5.580000000000e+02  λ=7.997760e-01  dt=1.460e-03  relΔE=6.718e-07  ||F||=1.570e-02
 step= 11500  E=2.483123214514e+02  Q=5.580000000000e+02  λ=7.996565e-01  dt=1.130e-03  relΔE=4.677e-07  ||F||=1.488e-02
 step= 12000  E=2.482520192090e+02  Q=5.580000000000e+02  λ=7.995357e-01  dt=8.744e-04  relΔE=3.274e-07  ||F||=1.415e-02
 step= 12500  E=2.481982112529e+02  Q=5.580000000000e+02  λ=7.994183e-01  dt=1.353e-03  relΔE=4.630e-07  ||F||=1.353e-02
 step= 13000  E=2.481491988154e+02  Q=5.580000000000e+02  λ=7.993012e-01  dt=1.048e-03  relΔE=3.301e-07  ||F||=1.298e-02
 step= 13500  E=2.481025225077e+02  Q=5.580000000000e+02  λ=7.991792e-01  dt=8.108e-04  relΔE=2.365e-07  ||F||=1.249e-02
 step= 14000  E=2.480608927350e+02  Q=5.580000000000e+02  λ=7.990606e-01  dt=1.255e-03  relΔE=3.420e-07  ||F||=1.207e-02
 step= 14500  E=2.480211478562e+02  Q=5.580000000000e+02  λ=7.989375e-01  dt=9.713e-04  relΔE=2.484e-07  ||F||=1.169e-02
 step= 15000  E=2.479828856928e+02  Q=5.580000000000e+02  λ=7.988094e-01  dt=1.504e-03  relΔE=3.621e-07  ||F||=1.193e-02
 step= 15500  E=2.479486209975e+02  Q=5.580000000000e+02  λ=7.986858e-01  dt=1.164e-03  relΔE=2.659e-07  ||F||=1.105e-02
 step= 16000  E=2.479147641624e+02  Q=5.580000000000e+02  λ=7.985551e-01  dt=9.007e-04  relΔE=1.956e-07  ||F||=1.077e-02
 step= 16500  E=2.478827401846e+02  Q=5.580000000000e+02  λ=7.984237e-01  dt=1.394e-03  relΔE=2.889e-07  ||F||=1.051e-02
 step= 17000  E=2.478526457093e+02  Q=5.580000000000e+02  λ=7.982926e-01  dt=1.079e-03  relΔE=2.140e-07  ||F||=1.029e-02
 step= 17500  E=2.478229222013e+02  Q=5.580000000000e+02  λ=7.981561e-01  dt=8.352e-04  relΔE=1.588e-07  ||F||=1.007e-02
 step= 18000  E=2.477952403838e+02  Q=5.580000000000e+02  λ=7.980227e-01  dt=1.293e-03  relΔE=2.364e-07  ||F||=9.874e-03
 step= 18500  E=2.477684415457e+02  Q=5.580000000000e+02  λ=7.978876e-01  dt=1.001e-03  relΔE=1.762e-07  ||F||=9.689e-03
 step= 19000  E=2.477416874421e+02  Q=5.580000000000e+02  λ=7.977578e-01  dt=7.744e-04  relΔE=1.609e-07  ||F||=1.487e-01
 step= 19500  E=2.477174251737e+02  Q=5.580000000000e+02  λ=7.976145e-01  dt=1.199e-03  relΔE=1.964e-07  ||F||=9.345e-03
 step= 20000  E=2.476933120443e+02  Q=5.580000000000e+02  λ=7.974782e-01  dt=7.731e-04  relΔE=1.224e-07  ||F||=9.185e-03
 step= 20500  E=2.476706800146e+02  Q=5.580000000000e+02  λ=7.973462e-01  dt=1.197e-03  relΔE=1.834e-07  ||F||=9.036e-03
 step= 21000  E=2.476481534938e+02  Q=5.580000000000e+02  λ=7.972107e-01  dt=7.719e-04  relΔE=1.145e-07  ||F||=8.887e-03
 step= 21500  E=2.476269285132e+02  Q=5.580000000000e+02  λ=7.970796e-01  dt=1.195e-03  relΔE=1.716e-07  ||F||=8.747e-03
 step= 22000  E=2.476054917537e+02  Q=5.580000000000e+02  λ=7.969435e-01  dt=9.248e-04  relΔE=1.286e-07  ||F||=8.604e-03
 step= 22500  E=2.475847793046e+02  Q=5.580000000000e+02  λ=7.968089e-01  dt=1.431e-03  relΔE=1.926e-07  ||F||=8.464e-03
 step= 23000  E=2.475652538767e+02  Q=5.580000000000e+02  λ=7.966789e-01  dt=1.108e-03  relΔE=1.444e-07  ||F||=8.331e-03
 step= 23500  E=2.475457197464e+02  Q=5.580000000000e+02  λ=7.965459e-01  dt=8.575e-04  relΔE=1.082e-07  ||F||=8.195e-03
 step= 24000  E=2.475272247475e+02  Q=5.580000000000e+02  λ=7.964176e-01  dt=1.327e-03  relΔE=1.622e-07  ||F||=8.065e-03
 step= 24500  E=2.475093624944e+02  Q=5.580000000000e+02  λ=7.962910e-01  dt=1.027e-03  relΔE=1.216e-07  ||F||=7.936e-03
 step= 25000  E=2.474914459096e+02  Q=5.580000000000e+02  λ=7.961616e-01  dt=7.951e-04  relΔE=9.102e-08  ||F||=7.804e-03
 step= 25500  E=2.474749540798e+02  Q=5.580000000000e+02  λ=7.960406e-01  dt=1.231e-03  relΔE=1.365e-07  ||F||=7.680e-03
 step= 26000  E=2.474585715703e+02  Q=5.580000000000e+02  λ=7.959181e-01  dt=9.526e-04  relΔE=1.022e-07  ||F||=7.554e-03
 step= 26500  E=2.474424762725e+02  Q=5.580000000000e+02  λ=7.957959e-01  dt=1.475e-03  relΔE=1.529e-07  ||F||=7.429e-03
 step= 27000  E=2.474275545142e+02  Q=5.580000000000e+02  λ=7.956807e-01  dt=1.141e-03  relΔE=1.146e-07  ||F||=7.306e-03
 step= 27500  E=2.474125601268e+02  Q=5.580000000000e+02  λ=7.955631e-01  dt=8.833e-04  relΔE=8.568e-08  ||F||=7.182e-03
 step= 28000  E=2.473982744220e+02  Q=5.580000000000e+02  λ=7.954495e-01  dt=1.367e-03  relΔE=1.282e-07  ||F||=7.060e-03
 step= 28500  E=2.473846446911e+02  Q=5.580000000000e+02  λ=7.953394e-01  dt=1.058e-03  relΔE=9.590e-08  ||F||=6.941e-03
 step= 29000  E=2.473710353549e+02  Q=5.580000000000e+02  λ=7.952279e-01  dt=8.190e-04  relΔE=7.164e-08  ||F||=6.819e-03
 step= 29500  E=2.473583714321e+02  Q=5.580000000000e+02  λ=7.951228e-01  dt=1.268e-03  relΔE=1.071e-07  ||F||=6.702e-03
 step= 30000  E=2.473459964201e+02  Q=5.580000000000e+02  λ=7.950186e-01  dt=9.812e-04  relΔE=8.005e-08  ||F||=6.584e-03
 step= 30500  E=2.473336704978e+02  Q=5.580000000000e+02  λ=7.949138e-01  dt=1.519e-03  relΔE=1.182e-07  ||F||=2.410e-02
 step= 31000  E=2.473224535193e+02  Q=5.580000000000e+02  λ=7.948165e-01  dt=1.176e-03  relΔE=8.926e-08  ||F||=6.352e-03
 step= 31500  E=2.473111956768e+02  Q=5.580000000000e+02  λ=7.947178e-01  dt=9.098e-04  relΔE=6.659e-08  ||F||=6.235e-03
 step= 32000  E=2.473003905191e+02  Q=5.580000000000e+02  λ=7.946220e-01  dt=1.408e-03  relΔE=9.933e-08  ||F||=6.121e-03
 step= 32500  E=2.472902080336e+02  Q=5.580000000000e+02  λ=7.945304e-01  dt=1.090e-03  relΔE=7.412e-08  ||F||=6.010e-03
 step= 33000  E=2.472800617952e+02  Q=5.580000000000e+02  λ=7.944379e-01  dt=8.436e-04  relΔE=5.521e-08  ||F||=5.896e-03
 step= 33500  E=2.472705463639e+02  Q=5.580000000000e+02  λ=7.943502e-01  dt=1.306e-03  relΔE=8.232e-08  ||F||=5.786e-03
 step= 34000  E=2.472613685463e+02  Q=5.580000000000e+02  λ=7.942645e-01  dt=1.011e-03  relΔE=6.134e-08  ||F||=5.677e-03
 step= 34500  E=2.472522293280e+02  Q=5.580000000000e+02  λ=7.941779e-01  dt=7.823e-04  relΔE=4.563e-08  ||F||=5.569e-03
 step= 35000  E=2.472439231353e+02  Q=5.580000000000e+02  λ=7.940984e-01  dt=1.211e-03  relΔE=6.802e-08  ||F||=5.461e-03
 step= 35500  E=2.472356540459e+02  Q=5.580000000000e+02  λ=7.940181e-01  dt=9.372e-04  relΔE=5.061e-08  ||F||=5.354e-03
 step= 36000  E=2.472276297035e+02  Q=5.580000000000e+02  λ=7.939392e-01  dt=1.451e-03  relΔE=7.525e-08  ||F||=5.248e-03
 step= 36500  E=2.472201889276e+02  Q=5.580000000000e+02  λ=7.938651e-01  dt=1.123e-03  relΔE=5.601e-08  ||F||=5.146e-03
 step= 37000  E=2.472127867282e+02  Q=5.580000000000e+02  λ=7.937904e-01  dt=8.690e-04  relΔE=4.161e-08  ||F||=5.042e-03
 step= 37500  E=2.472057994789e+02  Q=5.580000000000e+02  λ=7.937190e-01  dt=1.345e-03  relΔE=6.186e-08  ||F||=4.940e-03
 step= 38000  E=2.471991455268e+02  Q=5.580000000000e+02  λ=7.936501e-01  dt=1.041e-03  relΔE=4.598e-08  ||F||=4.841e-03
 step= 38500  E=2.471925405891e+02  Q=5.580000000000e+02  λ=7.935807e-01  dt=8.058e-04  relΔE=3.412e-08  ||F||=4.740e-03
 step= 39000  E=2.471864623061e+02  Q=5.580000000000e+02  λ=7.935162e-01  dt=1.247e-03  relΔE=5.071e-08  ||F||=4.645e-03
 step= 39500  E=2.471805229049e+02  Q=5.580000000000e+02  λ=7.934521e-01  dt=9.654e-04  relΔE=3.764e-08  ||F||=4.548e-03
 step= 40000  E=2.471746925039e+02  Q=5.580000000000e+02  λ=7.933885e-01  dt=1.494e-03  relΔE=5.580e-08  ||F||=4.671e-03
 step= 40500  E=2.471693894916e+02  Q=5.580000000000e+02  λ=7.933298e-01  dt=1.157e-03  relΔE=4.145e-08  ||F||=4.360e-03
 step= 41000  E=2.471640985105e+02  Q=5.580000000000e+02  λ=7.932704e-01  dt=8.952e-04  relΔE=3.073e-08  ||F||=4.267e-03
 step= 41500  E=2.471590717268e+02  Q=5.580000000000e+02  λ=7.932132e-01  dt=1.386e-03  relΔE=4.556e-08  ||F||=4.176e-03
 step= 42000  E=2.471543424987e+02  Q=5.580000000000e+02  λ=7.931587e-01  dt=1.072e-03  relΔE=3.379e-08  ||F||=4.088e-03
 step= 42500  E=2.471496668908e+02  Q=5.580000000000e+02  λ=7.931039e-01  dt=8.300e-04  relΔE=2.502e-08  ||F||=3.998e-03
 step= 43000  E=2.471453252218e+02  Q=5.580000000000e+02  λ=7.930525e-01  dt=1.285e-03  relΔE=3.709e-08  ||F||=3.912e-03
 step= 43500  E=2.471411378414e+02  Q=5.580000000000e+02  λ=7.930020e-01  dt=9.944e-04  relΔE=2.747e-08  ||F||=3.827e-03
 step= 44000  E=2.471369863159e+02  Q=5.580000000000e+02  λ=7.929523e-01  dt=7.697e-04  relΔE=2.329e-08  ||F||=4.550e-02
 step= 44500  E=2.471332583952e+02  Q=5.580000000000e+02  λ=7.929051e-01  dt=1.191e-03  relΔE=3.012e-08  ||F||=3.661e-03
 step= 45000  E=2.471295885104e+02  Q=5.580000000000e+02  λ=7.928589e-01  dt=7.684e-04  relΔE=1.858e-08  ||F||=3.580e-03
 step= 45500  E=2.471261756656e+02  Q=5.580000000000e+02  λ=7.928154e-01  dt=1.189e-03  relΔE=2.753e-08  ||F||=3.503e-03
 step= 46000  E=2.471227758081e+02  Q=5.580000000000e+02  λ=7.927714e-01  dt=9.206e-04  relΔE=2.036e-08  ||F||=3.423e-03
 step= 46500  E=2.471195284336e+02  Q=5.580000000000e+02  λ=7.927287e-01  dt=1.425e-03  relΔE=3.010e-08  ||F||=3.346e-03
 step= 47000  E=2.471165034460e+02  Q=5.580000000000e+02  λ=7.926883e-01  dt=1.103e-03  relΔE=2.227e-08  ||F||=3.271e-03
 step= 47500  E=2.471135257681e+02  Q=5.580000000000e+02  λ=7.926479e-01  dt=8.536e-04  relΔE=1.645e-08  ||F||=3.196e-03
 step= 48000  E=2.471107378876e+02  Q=5.580000000000e+02  λ=7.926095e-01  dt=1.321e-03  relΔE=2.432e-08  ||F||=3.123e-03
 step= 48500  E=2.471080860412e+02  Q=5.580000000000e+02  λ=7.925723e-01  dt=1.023e-03  relΔE=1.798e-08  ||F||=3.052e-03
 step= 49000  E=2.471054631681e+02  Q=5.580000000000e+02  λ=7.925350e-01  dt=7.915e-04  relΔE=1.327e-08  ||F||=2.980e-03
 step= 49500  E=2.471030862307e+02  Q=5.580000000000e+02  λ=7.925006e-01  dt=1.225e-03  relΔE=1.962e-08  ||F||=2.912e-03
 step= 50000  E=2.471007509549e+02  Q=5.580000000000e+02  λ=7.924663e-01  dt=9.483e-04  relΔE=1.449e-08  ||F||=2.844e-03
 step= 50500  E=2.470984889544e+02  Q=5.580000000000e+02  λ=7.924325e-01  dt=1.468e-03  relΔE=2.137e-08  ||F||=2.778e-03
 step= 51000  E=2.470964266548e+02  Q=5.580000000000e+02  λ=7.924012e-01  dt=1.136e-03  relΔE=1.579e-08  ||F||=2.713e-03
 step= 51500  E=2.470943822440e+02  Q=5.580000000000e+02  λ=7.923696e-01  dt=8.793e-04  relΔE=1.165e-08  ||F||=2.648e-03
 step= 52000  E=2.470924587474e+02  Q=5.580000000000e+02  λ=7.923394e-01  dt=1.361e-03  relΔE=1.719e-08  ||F||=2.586e-03
 step= 52500  E=2.470906478859e+02  Q=5.580000000000e+02  λ=7.923104e-01  dt=1.053e-03  relΔE=1.269e-08  ||F||=2.525e-03
 step= 53000  E=2.470888660618e+02  Q=5.580000000000e+02  λ=7.922814e-01  dt=8.153e-04  relΔE=9.351e-09  ||F||=2.464e-03
 step= 53500  E=2.470872279960e+02  Q=5.580000000000e+02  λ=7.922543e-01  dt=1.262e-03  relΔE=1.380e-08  ||F||=2.406e-03
 step= 54000  E=2.470856476096e+02  Q=5.580000000000e+02  λ=7.922277e-01  dt=9.768e-04  relΔE=1.018e-08  ||F||=2.348e-03
 step= 54500  E=2.470840940117e+02  Q=5.580000000000e+02  λ=7.922011e-01  dt=1.512e-03  relΔE=1.475e-08  ||F||=1.009e-02
 step= 55000  E=2.470827019478e+02  Q=5.580000000000e+02  λ=7.921767e-01  dt=1.170e-03  relΔE=1.107e-08  ||F||=2.237e-03
 step= 55500  E=2.470813179134e+02  Q=5.580000000000e+02  λ=7.921521e-01  dt=9.057e-04  relΔE=8.154e-09  ||F||=2.182e-03
 step= 56000  E=2.470800057764e+02  Q=5.580000000000e+02  λ=7.921283e-01  dt=1.402e-03  relΔE=1.201e-08  ||F||=2.129e-03
 step= 56500  E=2.470787825055e+02  Q=5.580000000000e+02  λ=7.921058e-01  dt=1.085e-03  relΔE=8.859e-09  ||F||=2.078e-03
 step= 57000  E=2.470775827425e+02  Q=5.580000000000e+02  λ=7.920832e-01  dt=8.398e-04  relΔE=6.521e-09  ||F||=2.026e-03
 step= 57500  E=2.470764678735e+02  Q=5.580000000000e+02  λ=7.920619e-01  dt=1.300e-03  relΔE=9.612e-09  ||F||=1.977e-03
 step= 58000  E=2.470754073661e+02  Q=5.580000000000e+02  λ=7.920412e-01  dt=1.006e-03  relΔE=7.083e-09  ||F||=1.929e-03
 step= 58500  E=2.470743604013e+02  Q=5.580000000000e+02  λ=7.920203e-01  dt=7.787e-04  relΔE=5.208e-09  ||F||=1.881e-03
 step= 59000  E=2.470734193413e+02  Q=5.580000000000e+02  λ=7.920013e-01  dt=1.205e-03  relΔE=7.681e-09  ||F||=1.835e-03
 step= 59500  E=2.470724923221e+02  Q=5.580000000000e+02  λ=7.919821e-01  dt=9.330e-04  relΔE=5.654e-09  ||F||=1.789e-03
 step= 60000  E=2.470716035633e+02  Q=5.580000000000e+02  λ=7.919634e-01  dt=1.444e-03  relΔE=8.318e-09  ||F||=1.744e-03
 step= 60500  E=2.470707881452e+02  Q=5.580000000000e+02  λ=7.919458e-01  dt=1.118e-03  relΔE=6.129e-09  ||F||=1.702e-03
 step= 61000  E=2.470699849292e+02  Q=5.580000000000e+02  λ=7.919282e-01  dt=8.651e-04  relΔE=4.508e-09  ||F||=1.659e-03
 step= 61500  E=2.470692331717e+02  Q=5.580000000000e+02  λ=7.919114e-01  dt=1.339e-03  relΔE=6.635e-09  ||F||=1.618e-03
 step= 62000  E=2.470685261467e+02  Q=5.580000000000e+02  λ=7.918952e-01  dt=1.036e-03  relΔE=4.886e-09  ||F||=1.578e-03
 step= 62500  E=2.470678309039e+02  Q=5.580000000000e+02  λ=7.918790e-01  dt=8.022e-04  relΔE=3.591e-09  ||F||=1.537e-03
 step= 63000  E=2.470671962867e+02  Q=5.580000000000e+02  λ=7.918640e-01  dt=1.242e-03  relΔE=5.288e-09  ||F||=1.499e-03
 step= 63500  E=2.470665807794e+02  Q=5.580000000000e+02  λ=7.918490e-01  dt=9.610e-04  relΔE=3.890e-09  ||F||=1.461e-03
 step= 64000  E=2.470659828850e+02  Q=5.580000000000e+02  λ=7.918342e-01  dt=1.488e-03  relΔE=5.715e-09  ||F||=1.556e-03
 step= 64500  E=2.470654437478e+02  Q=5.580000000000e+02  λ=7.918206e-01  dt=1.151e-03  relΔE=4.210e-09  ||F||=1.389e-03
 step= 65000  E=2.470649097152e+02  Q=5.580000000000e+02  λ=7.918068e-01  dt=8.911e-04  relΔE=3.094e-09  ||F||=1.353e-03
 step= 65500  E=2.470644071724e+02  Q=5.580000000000e+02  λ=7.917936e-01  dt=1.379e-03  relΔE=4.549e-09  ||F||=1.319e-03
 step= 66000  E=2.470639376577e+02  Q=5.580000000000e+02  λ=7.917809e-01  dt=1.068e-03  relΔE=3.347e-09  ||F||=1.286e-03
 step= 66500  E=2.470634777131e+02  Q=5.580000000000e+02  λ=7.917683e-01  dt=8.263e-04  relΔE=2.459e-09  ||F||=1.252e-03
 step= 67000  E=2.470630528269e+02  Q=5.580000000000e+02  λ=7.917563e-01  dt=1.279e-03  relΔE=3.617e-09  ||F||=1.221e-03
 step= 67500  E=2.470626477433e+02  Q=5.580000000000e+02  λ=7.917447e-01  dt=9.899e-04  relΔE=2.660e-09  ||F||=1.190e-03
 step= 68000  E=2.470622491094e+02  Q=5.580000000000e+02  λ=7.917330e-01  dt=7.662e-04  relΔE=1.968e-09  ||F||=3.818e-03
 step= 68500  E=2.470618927932e+02  Q=5.580000000000e+02  λ=7.917223e-01  dt=1.186e-03  relΔE=2.874e-09  ||F||=1.130e-03
 step= 69000  E=2.470615405472e+02  Q=5.580000000000e+02  λ=7.917115e-01  dt=9.179e-04  relΔE=2.111e-09  ||F||=1.100e-03
 step= 69500  E=2.470612058518e+02  Q=5.580000000000e+02  λ=7.917010e-01  dt=1.421e-03  relΔE=3.101e-09  ||F||=1.072e-03
 step= 70000  E=2.470609051192e+02  Q=5.580000000000e+02  λ=7.916914e-01  dt=9.164e-04  relΔE=1.903e-09  ||F||=1.045e-03
 step= 70500  E=2.470606029613e+02  Q=5.580000000000e+02  λ=7.916815e-01  dt=1.419e-03  relΔE=2.796e-09  ||F||=1.018e-03
 step= 71000  E=2.470603318579e+02  Q=5.580000000000e+02  λ=7.916724e-01  dt=9.149e-04  relΔE=1.716e-09  ||F||=9.930e-04
 step= 71500  E=2.470600594963e+02  Q=5.580000000000e+02  λ=7.916631e-01  dt=1.416e-03  relΔE=2.520e-09  ||F||=9.672e-04
 step= 72000  E=2.470598078087e+02  Q=5.580000000000e+02  λ=7.916543e-01  dt=1.096e-03  relΔE=1.853e-09  ||F||=9.426e-04
 step= 72500  E=2.470595608870e+02  Q=5.580000000000e+02  λ=7.916455e-01  dt=8.484e-04  relΔE=1.360e-09  ||F||=9.178e-04
 step= 73000  E=2.470593311435e+02  Q=5.580000000000e+02  λ=7.916371e-01  dt=1.313e-03  relΔE=1.999e-09  ||F||=8.941e-04
 step= 73500  E=2.470591142013e+02  Q=5.580000000000e+02  λ=7.916290e-01  dt=1.016e-03  relΔE=1.469e-09  ||F||=8.711e-04
 step= 74000  E=2.470589014815e+02  Q=5.580000000000e+02  λ=7.916208e-01  dt=7.867e-04  relΔE=1.078e-09  ||F||=8.479e-04
 step= 74500  E=2.470587089841e+02  Q=5.580000000000e+02  λ=7.916133e-01  dt=1.218e-03  relΔE=1.585e-09  ||F||=8.264e-04
 step= 75000  E=2.470585211426e+02  Q=5.580000000000e+02  λ=7.916057e-01  dt=9.425e-04  relΔE=1.164e-09  ||F||=8.048e-04
 step= 75500  E=2.470583404292e+02  Q=5.580000000000e+02  λ=7.915983e-01  dt=1.459e-03  relΔE=1.708e-09  ||F||=7.839e-04
 step= 76000  E=2.470581760782e+02  Q=5.580000000000e+02  λ=7.915914e-01  dt=1.129e-03  relΔE=1.256e-09  ||F||=7.635e-04
 step= 76500  E=2.470580141948e+02  Q=5.580000000000e+02  λ=7.915845e-01  dt=8.739e-04  relΔE=9.214e-10  ||F||=7.433e-04
 step= 77000  E=2.470578626347e+02  Q=5.580000000000e+02  λ=7.915778e-01  dt=1.353e-03  relΔE=1.353e-09  ||F||=7.239e-04
 step= 77500  E=2.470577208337e+02  Q=5.580000000000e+02  λ=7.915714e-01  dt=1.047e-03  relΔE=9.943e-10  ||F||=7.052e-04
 step= 78000  E=2.470575817666e+02  Q=5.580000000000e+02  λ=7.915650e-01  dt=8.103e-04  relΔE=7.293e-10  ||F||=6.863e-04
 step= 78500  E=2.470574544887e+02  Q=5.580000000000e+02  λ=7.915590e-01  dt=1.254e-03  relΔE=1.072e-09  ||F||=6.687e-04
 step= 79000  E=2.470573322148e+02  Q=5.580000000000e+02  λ=7.915531e-01  dt=9.708e-04  relΔE=7.871e-10  ||F||=6.512e-04
 step= 79500  E=2.470572125348e+02  Q=5.580000000000e+02  λ=7.915472e-01  dt=1.503e-03  relΔE=1.124e-09  ||F||=4.112e-03
 step= 80000  E=2.470571057269e+02  Q=5.580000000000e+02  λ=7.915418e-01  dt=1.163e-03  relΔE=8.487e-10  ||F||=6.175e-04
 step= 80500  E=2.470569999733e+02  Q=5.580000000000e+02  λ=7.915363e-01  dt=9.002e-04  relΔE=6.228e-10  ||F||=6.011e-04
 step= 81000  E=2.470569000881e+02  Q=5.580000000000e+02  λ=7.915310e-01  dt=1.393e-03  relΔE=9.141e-10  ||F||=5.852e-04
 step= 81500  E=2.470568074548e+02  Q=5.580000000000e+02  λ=7.915259e-01  dt=1.078e-03  relΔE=6.716e-10  ||F||=5.700e-04
 step= 82000  E=2.470567169063e+02  Q=5.580000000000e+02  λ=7.915209e-01  dt=8.347e-04  relΔE=4.927e-10  ||F||=5.548e-04
 step= 82500  E=2.470566328329e+02  Q=5.580000000000e+02  λ=7.915161e-01  dt=1.292e-03  relΔE=7.236e-10  ||F||=5.403e-04
 step= 83000  E=2.470565532423e+02  Q=5.580000000000e+02  λ=7.915114e-01  dt=1.000e-03  relΔE=5.315e-10  ||F||=5.262e-04
 step= 83500  E=2.470564750274e+02  Q=5.580000000000e+02  λ=7.915067e-01  dt=7.740e-04  relΔE=3.896e-10  ||F||=5.120e-04
 step= 84000  E=2.470564048499e+02  Q=5.580000000000e+02  λ=7.915024e-01  dt=1.198e-03  relΔE=5.728e-10  ||F||=4.988e-04
 step= 84500  E=2.470563359315e+02  Q=5.580000000000e+02  λ=7.914981e-01  dt=9.273e-04  relΔE=4.203e-10  ||F||=4.856e-04
 step= 85000  E=2.470562701345e+02  Q=5.580000000000e+02  λ=7.914939e-01  dt=1.435e-03  relΔE=6.166e-10  ||F||=4.726e-04
 step= 85500  E=2.470562098528e+02  Q=5.580000000000e+02  λ=7.914899e-01  dt=1.111e-03  relΔE=4.531e-10  ||F||=4.603e-04
 step= 86000  E=2.470561507906e+02  Q=5.580000000000e+02  λ=7.914859e-01  dt=8.598e-04  relΔE=3.324e-10  ||F||=4.480e-04
 step= 86500  E=2.470560955847e+02  Q=5.580000000000e+02  λ=7.914821e-01  dt=1.331e-03  relΔE=4.881e-10  ||F||=4.362e-04
 step= 87000  E=2.470560436492e+02  Q=5.580000000000e+02  λ=7.914784e-01  dt=1.030e-03  relΔE=3.584e-10  ||F||=4.248e-04
 step= 87500  E=2.470559927823e+02  Q=5.580000000000e+02  λ=7.914747e-01  dt=7.973e-04  relΔE=2.628e-10  ||F||=4.133e-04
 step= 88000  E=2.470559465213e+02  Q=5.580000000000e+02  λ=7.914712e-01  dt=1.234e-03  relΔE=3.862e-10  ||F||=4.026e-04
 step= 88500  E=2.470559018055e+02  Q=5.580000000000e+02  λ=7.914678e-01  dt=9.551e-04  relΔE=2.835e-10  ||F||=3.919e-04
 step= 89000  E=2.470558583382e+02  Q=5.580000000000e+02  λ=7.914644e-01  dt=1.479e-03  relΔE=4.155e-10  ||F||=4.684e-04
 step= 89500  E=2.470558192822e+02  Q=5.580000000000e+02  λ=7.914613e-01  dt=1.144e-03  relΔE=3.056e-10  ||F||=3.715e-04
 step= 90000  E=2.470557806637e+02  Q=5.580000000000e+02  λ=7.914581e-01  dt=8.857e-04  relΔE=2.241e-10  ||F||=3.615e-04
 step= 90500  E=2.470557443367e+02  Q=5.580000000000e+02  λ=7.914550e-01  dt=1.371e-03  relΔE=3.290e-10  ||F||=3.519e-04
 step= 91000  E=2.470557105098e+02  Q=5.580000000000e+02  λ=7.914521e-01  dt=1.061e-03  relΔE=2.417e-10  ||F||=3.427e-04
 step= 91500  E=2.470556774169e+02  Q=5.580000000000e+02  λ=7.914492e-01  dt=8.212e-04  relΔE=1.772e-10  ||F||=3.334e-04
 step= 92000  E=2.470556468590e+02  Q=5.580000000000e+02  λ=7.914464e-01  dt=1.271e-03  relΔE=2.603e-10  ||F||=3.246e-04
 step= 92500  E=2.470556178058e+02  Q=5.580000000000e+02  λ=7.914437e-01  dt=9.839e-04  relΔE=1.911e-10  ||F||=3.161e-04
 step= 93000  E=2.470555892177e+02  Q=5.580000000000e+02  λ=7.914409e-01  dt=7.615e-04  relΔE=1.417e-10  ||F||=1.136e-03
 step= 93500  E=2.470555637696e+02  Q=5.580000000000e+02  λ=7.914384e-01  dt=1.179e-03  relΔE=2.060e-10  ||F||=2.995e-04
 step= 94000  E=2.470555386390e+02  Q=5.580000000000e+02  λ=7.914359e-01  dt=9.123e-04  relΔE=1.511e-10  ||F||=2.915e-04
 step= 94500  E=2.470555147517e+02  Q=5.580000000000e+02  λ=7.914335e-01  dt=1.412e-03  relΔE=2.218e-10  ||F||=2.837e-04
 step= 95000  E=2.470554927622e+02  Q=5.580000000000e+02  λ=7.914312e-01  dt=1.093e-03  relΔE=1.630e-10  ||F||=2.763e-04
 step= 95500  E=2.470554711981e+02  Q=5.580000000000e+02  λ=7.914288e-01  dt=8.459e-04  relΔE=1.196e-10  ||F||=2.688e-04
 step= 96000  E=2.470554510933e+02  Q=5.580000000000e+02  λ=7.914266e-01  dt=1.309e-03  relΔE=1.756e-10  ||F||=2.617e-04
 step= 96500  E=2.470554321757e+02  Q=5.580000000000e+02  λ=7.914244e-01  dt=1.013e-03  relΔE=1.290e-10  ||F||=2.548e-04
 step= 97000  E=2.470554144641e+02  Q=5.580000000000e+02  λ=7.914224e-01  dt=1.307e-03  relΔE=1.580e-10  ||F||=2.482e-04
 step= 97500  E=2.470553974390e+02  Q=5.580000000000e+02  λ=7.914204e-01  dt=1.012e-03  relΔE=1.161e-10  ||F||=2.417e-04
 step= 98000  E=2.470553806376e+02  Q=5.580000000000e+02  λ=7.914183e-01  dt=7.831e-04  relΔE=8.508e-11  ||F||=2.351e-04
 step= 98500  E=2.470553655063e+02  Q=5.580000000000e+02  λ=7.914164e-01  dt=1.212e-03  relΔE=1.251e-10  ||F||=2.290e-04
 step= 99000  E=2.470553507470e+02  Q=5.580000000000e+02  λ=7.914145e-01  dt=9.382e-04  relΔE=9.181e-11  ||F||=2.228e-04
 step= 99500  E=2.470553365303e+02  Q=5.580000000000e+02  λ=7.914126e-01  dt=1.452e-03  relΔE=1.347e-10  ||F||=2.175e-04
 step=100000  E=2.470553236260e+02  Q=5.580000000000e+02  λ=7.914109e-01  dt=1.124e-03  relΔE=9.901e-11  ||F||=2.111e-04
 step=100500  E=2.470553109321e+02  Q=5.580000000000e+02  λ=7.914091e-01  dt=8.700e-04  relΔE=7.265e-11  ||F||=2.055e-04
 step=101000  E=2.470552989984e+02  Q=5.580000000000e+02  λ=7.914074e-01  dt=1.347e-03  relΔE=1.067e-10  ||F||=2.000e-04
 step=101500  E=2.470552878527e+02  Q=5.580000000000e+02  λ=7.914058e-01  dt=1.042e-03  relΔE=7.838e-11  ||F||=1.947e-04
 step=102000  E=2.470552769193e+02  Q=5.580000000000e+02  λ=7.914042e-01  dt=8.067e-04  relΔE=5.749e-11  ||F||=1.894e-04
 step=102500  E=2.470552669010e+02  Q=5.580000000000e+02  λ=7.914027e-01  dt=1.249e-03  relΔE=8.449e-11  ||F||=1.844e-04
 step=103000  E=2.470552573153e+02  Q=5.580000000000e+02  λ=7.914012e-01  dt=9.664e-04  relΔE=6.206e-11  ||F||=1.795e-04
 step=103500  E=2.470552479064e+02  Q=5.580000000000e+02  λ=7.913996e-01  dt=1.496e-03  relΔE=8.502e-11  ||F||=1.802e-03
 step=104000  E=2.470552395287e+02  Q=5.580000000000e+02  λ=7.913983e-01  dt=1.158e-03  relΔE=6.696e-11  ||F||=1.701e-04
 step=104500  E=2.470552312207e+02  Q=5.580000000000e+02  λ=7.913969e-01  dt=8.961e-04  relΔE=4.915e-11  ||F||=1.655e-04
 step=105000  E=2.470552233678e+02  Q=5.580000000000e+02  λ=7.913955e-01  dt=1.387e-03  relΔE=7.217e-11  ||F||=1.611e-04
 step=105500  E=2.470552160850e+02  Q=5.580000000000e+02  λ=7.913942e-01  dt=1.074e-03  relΔE=5.305e-11  ||F||=1.569e-04
 step=106000  E=2.470552089593e+02  Q=5.580000000000e+02  λ=7.913929e-01  dt=8.309e-04  relΔE=3.894e-11  ||F||=1.526e-04
 step=106500  E=2.470552023228e+02  Q=5.580000000000e+02  λ=7.913917e-01  dt=1.286e-03  relΔE=5.722e-11  ||F||=1.486e-04
 step=107000  E=2.470551960612e+02  Q=5.580000000000e+02  λ=7.913905e-01  dt=9.955e-04  relΔE=4.205e-11  ||F||=1.446e-04
 step=107500  E=2.470551898867e+02  Q=5.580000000000e+02  λ=7.913893e-01  dt=7.705e-04  relΔE=3.085e-11  ||F||=1.407e-04
 step=108000  E=2.470551843511e+02  Q=5.580000000000e+02  λ=7.913882e-01  dt=1.193e-03  relΔE=4.539e-11  ||F||=1.370e-04
 step=108500  E=2.470551789028e+02  Q=5.580000000000e+02  λ=7.913870e-01  dt=9.231e-04  relΔE=3.333e-11  ||F||=1.334e-04
 step=109000  E=2.470551736965e+02  Q=5.580000000000e+02  λ=7.913859e-01  dt=1.429e-03  relΔE=4.895e-11  ||F||=1.298e-04
 step=109500  E=2.470551689229e+02  Q=5.580000000000e+02  λ=7.913849e-01  dt=1.106e-03  relΔE=3.600e-11  ||F||=1.264e-04
 step=110000  E=2.470551642415e+02  Q=5.580000000000e+02  λ=7.913839e-01  dt=8.559e-04  relΔE=2.643e-11  ||F||=1.229e-04
 step=110500  E=2.470551598493e+02  Q=5.580000000000e+02  λ=7.913829e-01  dt=1.325e-03  relΔE=3.885e-11  ||F||=1.197e-04
 step=111000  E=2.470551557422e+02  Q=5.580000000000e+02  λ=7.913819e-01  dt=1.025e-03  relΔE=2.857e-11  ||F||=1.165e-04
 step=111500  E=2.470551517010e+02  Q=5.580000000000e+02  λ=7.913810e-01  dt=7.937e-04  relΔE=2.097e-11  ||F||=1.133e-04
 step=112000  E=2.470551480127e+02  Q=5.580000000000e+02  λ=7.913801e-01  dt=1.229e-03  relΔE=3.085e-11  ||F||=1.104e-04
 step=112500  E=2.470551444481e+02  Q=5.580000000000e+02  λ=7.913792e-01  dt=9.508e-04  relΔE=2.268e-11  ||F||=1.074e-04
 step=113000  E=2.470551409784e+02  Q=5.580000000000e+02  λ=7.913783e-01  dt=1.472e-03  relΔE=3.328e-11  ||F||=1.301e-04
 step=113500  E=2.470551378563e+02  Q=5.580000000000e+02  λ=7.913775e-01  dt=1.139e-03  relΔE=2.451e-11  ||F||=1.018e-04
 step=114000  E=2.470551347696e+02  Q=5.580000000000e+02  λ=7.913766e-01  dt=8.817e-04  relΔE=1.801e-11  ||F||=9.904e-05
 step=114500  E=2.470551318603e+02  Q=5.580000000000e+02  λ=7.913758e-01  dt=1.365e-03  relΔE=2.647e-11  ||F||=9.639e-05
 step=115000  E=2.470551291517e+02  Q=5.580000000000e+02  λ=7.913751e-01  dt=1.056e-03  relΔE=1.948e-11  ||F||=9.386e-05
 step=115500  E=2.470551264959e+02  Q=5.580000000000e+02  λ=7.913743e-01  dt=8.175e-04  relΔE=1.431e-11  ||F||=9.132e-05
 step=116000  E=2.470551240335e+02  Q=5.580000000000e+02  λ=7.913736e-01  dt=1.265e-03  relΔE=2.106e-11  ||F||=8.890e-05
 step=116500  E=2.470551216908e+02  Q=5.580000000000e+02  λ=7.913729e-01  dt=9.794e-04  relΔE=1.549e-11  ||F||=8.655e-05
 step=117000  E=2.470551193813e+02  Q=5.580000000000e+02  λ=7.913722e-01  dt=7.581e-04  relΔE=1.138e-11  ||F||=1.197e-04
 step=117500  E=2.470551173187e+02  Q=5.580000000000e+02  λ=7.913715e-01  dt=1.173e-03  relΔE=1.676e-11  ||F||=8.200e-05
 step=118000  E=2.470551152724e+02  Q=5.580000000000e+02  λ=7.913708e-01  dt=9.082e-04  relΔE=1.232e-11  ||F||=7.979e-05
 step=118500  E=2.470551133288e+02  Q=5.580000000000e+02  λ=7.913702e-01  dt=1.406e-03  relΔE=1.811e-11  ||F||=7.764e-05
 step=119000  E=2.470551115335e+02  Q=5.580000000000e+02  λ=7.913696e-01  dt=1.088e-03  relΔE=1.334e-11  ||F||=7.560e-05
 step=119500  E=2.470551097764e+02  Q=5.580000000000e+02  λ=7.913690e-01  dt=8.421e-04  relΔE=9.806e-12  ||F||=7.357e-05
 step=120000  E=2.470551081255e+02  Q=5.580000000000e+02  λ=7.913684e-01  dt=1.304e-03  relΔE=1.443e-11  ||F||=7.161e-05
 step=120500  E=2.470551065752e+02  Q=5.580000000000e+02  λ=7.913678e-01  dt=1.009e-03  relΔE=1.063e-11  ||F||=6.972e-05
 step=121000  E=2.470551050450e+02  Q=5.580000000000e+02  λ=7.913672e-01  dt=7.809e-04  relΔE=7.809e-12  ||F||=6.781e-05
 step=121500  E=2.470551036586e+02  Q=5.580000000000e+02  λ=7.913667e-01  dt=1.209e-03  relΔE=1.151e-11  ||F||=6.605e-05
 step=122000  E=2.470551023252e+02  Q=5.580000000000e+02  λ=7.913662e-01  dt=7.796e-04  relΔE=7.062e-12  ||F||=6.430e-05
 step=122500  E=2.470551010713e+02  Q=5.580000000000e+02  λ=7.913657e-01  dt=1.207e-03  relΔE=1.041e-11  ||F||=6.263e-05
 step=123000  E=2.470550998632e+02  Q=5.580000000000e+02  λ=7.913652e-01  dt=7.783e-04  relΔE=6.389e-12  ||F||=6.098e-05
 step=123500  E=2.470550987270e+02  Q=5.580000000000e+02  λ=7.913647e-01  dt=1.205e-03  relΔE=9.420e-12  ||F||=5.939e-05
 step=124000  E=2.470550976141e+02  Q=5.580000000000e+02  λ=7.913642e-01  dt=9.325e-04  relΔE=6.933e-12  ||F||=5.780e-05
 step=124500  E=2.470550965404e+02  Q=5.580000000000e+02  λ=7.913638e-01  dt=1.443e-03  relΔE=1.020e-11  ||F||=5.651e-05
 step=125000  E=2.470550955630e+02  Q=5.580000000000e+02  λ=7.913633e-01  dt=1.117e-03  relΔE=7.521e-12  ||F||=5.477e-05
 step=125500  E=2.470550945999e+02  Q=5.580000000000e+02  λ=7.913629e-01  dt=8.646e-04  relΔE=5.536e-12  ||F||=5.329e-05
 step=126000  E=2.470550936916e+02  Q=5.580000000000e+02  λ=7.913625e-01  dt=1.338e-03  relΔE=8.156e-12  ||F||=5.187e-05
 step=126500  E=2.470550928405e+02  Q=5.580000000000e+02  λ=7.913621e-01  dt=1.036e-03  relΔE=6.012e-12  ||F||=5.051e-05
 step=127000  E=2.470550920026e+02  Q=5.580000000000e+02  λ=7.913617e-01  dt=8.017e-04  relΔE=4.424e-12  ||F||=4.914e-05
 step=127500  E=2.470550912314e+02  Q=5.580000000000e+02  λ=7.913613e-01  dt=1.241e-03  relΔE=6.526e-12  ||F||=4.785e-05
 step=128000  E=2.470550904898e+02  Q=5.580000000000e+02  λ=7.913609e-01  dt=9.605e-04  relΔE=4.810e-12  ||F||=4.657e-05
 step=128500  E=2.470550897594e+02  Q=5.580000000000e+02  λ=7.913605e-01  dt=1.487e-03  relΔE=6.732e-12  ||F||=4.325e-04
 step=129000  E=2.470550891058e+02  Q=5.580000000000e+02  λ=7.913602e-01  dt=1.151e-03  relΔE=5.225e-12  ||F||=4.413e-05
 step=129500  E=2.470550884562e+02  Q=5.580000000000e+02  λ=7.913598e-01  dt=8.906e-04  relΔE=3.850e-12  ||F||=4.294e-05
 step=130000  E=2.470550878408e+02  Q=5.580000000000e+02  λ=7.913595e-01  dt=1.379e-03  relΔE=5.674e-12  ||F||=4.179e-05
 step=130500  E=2.470550872670e+02  Q=5.580000000000e+02  λ=7.913591e-01  dt=1.067e-03  relΔE=4.187e-12  ||F||=4.069e-05
 step=131000  E=2.470550867036e+02  Q=5.580000000000e+02  λ=7.913588e-01  dt=8.258e-04  relΔE=3.085e-12  ||F||=3.959e-05
 step=131500  E=2.470550861767e+02  Q=5.580000000000e+02  λ=7.913585e-01  dt=1.278e-03  relΔE=4.552e-12  ||F||=3.854e-05
 step=132000  E=2.470550856782e+02  Q=5.580000000000e+02  λ=7.913582e-01  dt=9.894e-04  relΔE=3.359e-12  ||F||=3.753e-05
 step=132500  E=2.470550851840e+02  Q=5.580000000000e+02  λ=7.913579e-01  dt=7.658e-04  relΔE=2.475e-12  ||F||=3.650e-05
 step=133000  E=2.470550847390e+02  Q=5.580000000000e+02  λ=7.913576e-01  dt=1.185e-03  relΔE=3.656e-12  ||F||=3.555e-05
 step=133500  E=2.470550843003e+02  Q=5.580000000000e+02  λ=7.913573e-01  dt=9.174e-04  relΔE=2.697e-12  ||F||=3.460e-05
 step=134000  E=2.470550838787e+02  Q=5.580000000000e+02  λ=7.913570e-01  dt=1.420e-03  relΔE=3.979e-12  ||F||=3.367e-05
 step=134500  E=2.470550834904e+02  Q=5.580000000000e+02  λ=7.913568e-01  dt=1.099e-03  relΔE=2.940e-12  ||F||=3.279e-05
 step=135000  E=2.470550831077e+02  Q=5.580000000000e+02  λ=7.913565e-01  dt=8.507e-04  relΔE=2.169e-12  ||F||=3.191e-05
 step=135500  E=2.470550827470e+02  Q=5.580000000000e+02  λ=7.913563e-01  dt=1.317e-03  relΔE=3.202e-12  ||F||=3.106e-05
 step=136000  E=2.470550824076e+02  Q=5.580000000000e+02  λ=7.913560e-01  dt=1.019e-03  relΔE=2.366e-12  ||F||=3.024e-05
 step=136500  E=2.470550820721e+02  Q=5.580000000000e+02  λ=7.913558e-01  dt=7.888e-04  relΔE=1.745e-12  ||F||=2.942e-05
 step=137000  E=2.470550817643e+02  Q=5.580000000000e+02  λ=7.913555e-01  dt=1.221e-03  relΔE=2.581e-12  ||F||=2.865e-05
 step=137500  E=2.470550814650e+02  Q=5.580000000000e+02  λ=7.913553e-01  dt=9.450e-04  relΔE=1.906e-12  ||F||=2.789e-05
 step=138000  E=2.470550811726e+02  Q=5.580000000000e+02  λ=7.913551e-01  dt=1.463e-03  relΔE=2.812e-12  ||F||=4.410e-05
 step=138500  E=2.470550809081e+02  Q=5.580000000000e+02  λ=7.913549e-01  dt=1.132e-03  relΔE=2.083e-12  ||F||=2.642e-05
 step=139000  E=2.470550806455e+02  Q=5.580000000000e+02  λ=7.913547e-01  dt=8.763e-04  relΔE=1.538e-12  ||F||=2.571e-05
 step=139500  E=2.470550803961e+02  Q=5.580000000000e+02  λ=7.913545e-01  dt=1.356e-03  relΔE=2.273e-12  ||F||=2.503e-05
 step=140000  E=2.470550801629e+02  Q=5.580000000000e+02  λ=7.913543e-01  dt=1.050e-03  relΔE=1.682e-12  ||F||=2.437e-05
 step=140500  E=2.470550799327e+02  Q=5.580000000000e+02  λ=7.913541e-01  dt=8.125e-04  relΔE=1.242e-12  ||F||=2.371e-05
 step=141000  E=2.470550797183e+02  Q=5.580000000000e+02  λ=7.913539e-01  dt=1.258e-03  relΔE=1.839e-12  ||F||=2.309e-05
 step=141500  E=2.470550795134e+02  Q=5.580000000000e+02  λ=7.913537e-01  dt=9.734e-04  relΔE=1.360e-12  ||F||=2.248e-05
 step=142000  E=2.470550793097e+02  Q=5.580000000000e+02  λ=7.913535e-01  dt=7.534e-04  relΔE=1.005e-12  ||F||=3.318e-05
 step=142500  E=2.470550791272e+02  Q=5.580000000000e+02  λ=7.913534e-01  dt=1.166e-03  relΔE=1.489e-12  ||F||=2.130e-05
 step=143000  E=2.470550789451e+02  Q=5.580000000000e+02  λ=7.913532e-01  dt=9.026e-04  relΔE=1.101e-12  ||F||=2.073e-05
 step=143500  E=2.470550787708e+02  Q=5.580000000000e+02  λ=7.913530e-01  dt=1.397e-03  relΔE=1.630e-12  ||F||=2.017e-05
 step=144000  E=2.470550786090e+02  Q=5.580000000000e+02  λ=7.913529e-01  dt=1.081e-03  relΔE=1.208e-12  ||F||=1.965e-05
 step=144500  E=2.470550784494e+02  Q=5.580000000000e+02  λ=7.913527e-01  dt=8.370e-04  relΔE=8.942e-13  ||F||=1.912e-05
 step=145000  E=2.470550782987e+02  Q=5.580000000000e+02  λ=7.913526e-01  dt=1.296e-03  relΔE=1.324e-12  ||F||=1.861e-05
 step=145500  E=2.470550781561e+02  Q=5.580000000000e+02  λ=7.913524e-01  dt=1.003e-03  relΔE=9.806e-13  ||F||=1.812e-05
 step=146000  E=2.470550780144e+02  Q=5.580000000000e+02  λ=7.913523e-01  dt=7.761e-04  relΔE=7.253e-13  ||F||=1.763e-05
 step=146500  E=2.470550778853e+02  Q=5.580000000000e+02  λ=7.913521e-01  dt=1.201e-03  relΔE=1.076e-12  ||F||=1.717e-05
 step=147000  E=2.470550777604e+02  Q=5.580000000000e+02  λ=7.913520e-01  dt=7.748e-04  relΔE=6.651e-13  ||F||=1.672e-05
 step=147500  E=2.470550776419e+02  Q=5.580000000000e+02  λ=7.913519e-01  dt=1.199e-03  relΔE=9.868e-13  ||F||=1.629e-05
 step=148000  E=2.470550775271e+02  Q=5.580000000000e+02  λ=7.913517e-01  dt=7.736e-04  relΔE=6.104e-13  ||F||=1.586e-05
 step=148500  E=2.470550774185e+02  Q=5.580000000000e+02  λ=7.913516e-01  dt=1.197e-03  relΔE=9.054e-13  ||F||=1.545e-05
 step=149000  E=2.470550773112e+02  Q=5.580000000000e+02  λ=7.913515e-01  dt=9.268e-04  relΔE=6.713e-13  ||F||=1.504e-05
 step=149500  E=2.470550772071e+02  Q=5.580000000000e+02  λ=7.913514e-01  dt=1.435e-03  relΔE=9.949e-13  ||F||=1.473e-05
 step=150000  E=2.470550771114e+02  Q=5.580000000000e+02  λ=7.913513e-01  dt=1.110e-03  relΔE=7.385e-13  ||F||=1.425e-05
 step=150500  E=2.470550770165e+02  Q=5.580000000000e+02  λ=7.913512e-01  dt=8.593e-04  relΔE=5.478e-13  ||F||=1.387e-05
 step=151000  E=2.470550769262e+02  Q=5.580000000000e+02  λ=7.913510e-01  dt=1.330e-03  relΔE=8.127e-13  ||F||=1.350e-05
 step=151500  E=2.470550768412e+02  Q=5.580000000000e+02  λ=7.913509e-01  dt=1.030e-03  relΔE=6.037e-13  ||F||=1.315e-05
 step=152000  E=2.470550767567e+02  Q=5.580000000000e+02  λ=7.913508e-01  dt=7.968e-04  relΔE=4.482e-13  ||F||=1.279e-05
 step=152500  E=2.470550766785e+02  Q=5.580000000000e+02  λ=7.913507e-01  dt=1.233e-03  relΔE=6.657e-13  ||F||=1.246e-05
 step=153000  E=2.470550766027e+02  Q=5.580000000000e+02  λ=7.913506e-01  dt=9.546e-04  relΔE=4.936e-13  ||F||=1.213e-05
 step=153500  E=2.470550765274e+02  Q=5.580000000000e+02  λ=7.913505e-01  dt=1.478e-03  relΔE=6.874e-13  ||F||=1.661e-04
 step=154000  E=2.470550764596e+02  Q=5.580000000000e+02  λ=7.913504e-01  dt=1.144e-03  relΔE=5.456e-13  ||F||=1.150e-05
 step=154500  E=2.470550763915e+02  Q=5.580000000000e+02  λ=7.913504e-01  dt=8.852e-04  relΔE=4.053e-13  ||F||=1.119e-05
 step=155000  E=2.470550763264e+02  Q=5.580000000000e+02  λ=7.913503e-01  dt=1.370e-03  relΔE=6.019e-13  ||F||=1.089e-05
 step=155500  E=2.470550762654e+02  Q=5.580000000000e+02  λ=7.913502e-01  dt=1.060e-03  relΔE=4.475e-13  ||F||=1.061e-05
 step=156000  E=2.470550762051e+02  Q=5.580000000000e+02  λ=7.913501e-01  dt=8.208e-04  relΔE=3.333e-13  ||F||=1.032e-05
 step=156500  E=2.470550761480e+02  Q=5.580000000000e+02  λ=7.913500e-01  dt=1.271e-03  relΔE=4.949e-13  ||F||=1.005e-05
 step=157000  E=2.470550760936e+02  Q=5.580000000000e+02  λ=7.913499e-01  dt=9.833e-04  relΔE=3.679e-13  ||F||=9.785e-06
 step=157500  E=2.470550760392e+02  Q=5.580000000000e+02  λ=7.913499e-01  dt=7.611e-04  relΔE=2.740e-13  ||F||=9.518e-06
 step=158000  E=2.470550759899e+02  Q=5.580000000000e+02  λ=7.913498e-01  dt=1.178e-03  relΔE=4.082e-13  ||F||=9.273e-06
 step=158500  E=2.470550759408e+02  Q=5.580000000000e+02  λ=7.913497e-01  dt=9.118e-04  relΔE=3.030e-13  ||F||=9.026e-06
 step=159000  E=2.470550758932e+02  Q=5.580000000000e+02  λ=7.913496e-01  dt=1.411e-03  relΔE=4.510e-13  ||F||=8.787e-06
 step=159500  E=2.470550758490e+02  Q=5.580000000000e+02  λ=7.913496e-01  dt=1.092e-03  relΔE=3.358e-13  ||F||=8.556e-06
 step=160000  E=2.470550758051e+02  Q=5.580000000000e+02  λ=7.913495e-01  dt=8.455e-04  relΔE=2.490e-13  ||F||=8.327e-06
 step=160500  E=2.470550757633e+02  Q=5.580000000000e+02  λ=7.913494e-01  dt=1.309e-03  relΔE=3.722e-13  ||F||=8.107e-06
 step=161000  E=2.470550757237e+02  Q=5.580000000000e+02  λ=7.913494e-01  dt=1.013e-03  relΔE=2.776e-13  ||F||=7.895e-06
 step=161500  E=2.470550756842e+02  Q=5.580000000000e+02  λ=7.913493e-01  dt=7.840e-04  relΔE=2.063e-13  ||F||=7.681e-06
 step=162000  E=2.470550756477e+02  Q=5.580000000000e+02  λ=7.913493e-01  dt=1.214e-03  relΔE=3.081e-13  ||F||=7.482e-06
 step=162500  E=2.470550756119e+02  Q=5.580000000000e+02  λ=7.913492e-01  dt=9.392e-04  relΔE=2.301e-13  ||F||=7.285e-06
 step=163000  E=2.470550755766e+02  Q=5.580000000000e+02  λ=7.913491e-01  dt=1.454e-03  relΔE=3.419e-13  ||F||=1.369e-05
 step=163500  E=2.470550755444e+02  Q=5.580000000000e+02  λ=7.913491e-01  dt=1.125e-03  relΔE=2.548e-13  ||F||=6.905e-06
 step=164000  E=2.470550755120e+02  Q=5.580000000000e+02  λ=7.913490e-01  dt=8.709e-04  relΔE=1.895e-13  ||F||=6.721e-06
 step=164500  E=2.470550754811e+02  Q=5.580000000000e+02  λ=7.913490e-01  dt=1.348e-03  relΔE=2.835e-13  ||F||=6.542e-06
 step=165000  E=2.470550754518e+02  Q=5.580000000000e+02  λ=7.913489e-01  dt=1.043e-03  relΔE=2.116e-13  ||F||=6.372e-06
 step=165500  E=2.470550754228e+02  Q=5.580000000000e+02  λ=7.913489e-01  dt=8.075e-04  relΔE=1.576e-13  ||F||=6.201e-06
 step=166000  E=2.470550753955e+02  Q=5.580000000000e+02  λ=7.913488e-01  dt=1.250e-03  relΔE=2.353e-13  ||F||=6.039e-06
 step=166500  E=2.470550753691e+02  Q=5.580000000000e+02  λ=7.913488e-01  dt=9.675e-04  relΔE=1.765e-13  ||F||=5.880e-06
 step=167000  E=2.470550753426e+02  Q=5.580000000000e+02  λ=7.913487e-01  dt=7.488e-04  relΔE=1.311e-13  ||F||=9.947e-06
 step=167500  E=2.470550753187e+02  Q=5.580000000000e+02  λ=7.913487e-01  dt=1.159e-03  relΔE=1.967e-13  ||F||=5.574e-06
 step=168000  E=2.470550752946e+02  Q=5.580000000000e+02  λ=7.913486e-01  dt=8.971e-04  relΔE=1.462e-13  ||F||=5.425e-06
 step=168500  E=2.470550752714e+02  Q=5.580000000000e+02  λ=7.913486e-01  dt=1.389e-03  relΔE=2.187e-13  ||F||=5.281e-06
 step=169000  E=2.470550752496e+02  Q=5.580000000000e+02  λ=7.913486e-01  dt=1.075e-03  relΔE=1.636e-13  ||F||=5.143e-06
 step=169500  E=2.470550752279e+02  Q=5.580000000000e+02  λ=7.913485e-01  dt=8.318e-04  relΔE=1.213e-13  ||F||=5.006e-06
 step=170000  E=2.470550752073e+02  Q=5.580000000000e+02  λ=7.913485e-01  dt=1.288e-03  relΔE=1.823e-13  ||F||=4.874e-06
 step=170500  E=2.470550751876e+02  Q=5.580000000000e+02  λ=7.913484e-01  dt=9.966e-04  relΔE=1.368e-13  ||F||=4.747e-06
 step=171000  E=2.470550751678e+02  Q=5.580000000000e+02  λ=7.913484e-01  dt=7.713e-04  relΔE=1.018e-13  ||F||=4.618e-06
 step=171500  E=2.470550751497e+02  Q=5.580000000000e+02  λ=7.913484e-01  dt=1.194e-03  relΔE=1.522e-13  ||F||=4.499e-06
 step=172000  E=2.470550751319e+02  Q=5.580000000000e+02  λ=7.913483e-01  dt=7.701e-04  relΔE=9.456e-14  ||F||=4.382e-06
 step=172500  E=2.470550751150e+02  Q=5.580000000000e+02  λ=7.913483e-01  dt=1.192e-03  relΔE=1.424e-13  ||F||=4.269e-06
 step=173000  E=2.470550750981e+02  Q=5.580000000000e+02  λ=7.913483e-01  dt=9.226e-04  relΔE=1.061e-13  ||F||=4.156e-06
 step=173500  E=2.470550750816e+02  Q=5.580000000000e+02  λ=7.913482e-01  dt=1.428e-03  relΔE=1.585e-13  ||F||=4.101e-06
 step=174000  E=2.470550750663e+02  Q=5.580000000000e+02  λ=7.913482e-01  dt=1.105e-03  relΔE=1.183e-13  ||F||=3.940e-06
 step=174500  E=2.470550750510e+02  Q=5.580000000000e+02  λ=7.913482e-01  dt=8.555e-04  relΔE=8.858e-14  ||F||=3.835e-06
 step=175000  E=2.470550750363e+02  Q=5.580000000000e+02  λ=7.913481e-01  dt=1.324e-03  relΔE=1.329e-13  ||F||=3.733e-06
 step=175500  E=2.470550750224e+02  Q=5.580000000000e+02  λ=7.913481e-01  dt=1.025e-03  relΔE=9.951e-14  ||F||=3.636e-06
 step=176000  E=2.470550750084e+02  Q=5.580000000000e+02  λ=7.913481e-01  dt=7.932e-04  relΔE=7.455e-14  ||F||=3.539e-06
 step=176500  E=2.470550749954e+02  Q=5.580000000000e+02  λ=7.913481e-01  dt=1.228e-03  relΔE=1.119e-13  ||F||=3.446e-06
 step=177000  E=2.470550749826e+02  Q=5.580000000000e+02  λ=7.913480e-01  dt=9.503e-04  relΔE=8.306e-14  ||F||=3.356e-06
 step=177500  E=2.470550749699e+02  Q=5.580000000000e+02  λ=7.913480e-01  dt=1.471e-03  relΔE=1.154e-13  ||F||=6.677e-05
 step=178000  E=2.470550749583e+02  Q=5.580000000000e+02  λ=7.913480e-01  dt=1.139e-03  relΔE=9.410e-14  ||F||=3.181e-06
 step=178500  E=2.470550749466e+02  Q=5.580000000000e+02  λ=7.913480e-01  dt=8.812e-04  relΔE=6.949e-14  ||F||=3.097e-06
 step=179000  E=2.470550749353e+02  Q=5.580000000000e+02  λ=7.913479e-01  dt=1.364e-03  relΔE=1.047e-13  ||F||=3.015e-06
 step=179500  E=2.470550749246e+02  Q=5.580000000000e+02  λ=7.913479e-01  dt=1.056e-03  relΔE=7.846e-14  ||F||=2.936e-06
 step=180000  E=2.470550749140e+02  Q=5.580000000000e+02  λ=7.913479e-01  dt=8.171e-04  relΔE=5.890e-14  ||F||=2.858e-06
 step=180500  E=2.470550749039e+02  Q=5.580000000000e+02  λ=7.913479e-01  dt=1.265e-03  relΔE=8.801e-14  ||F||=2.783e-06
 step=181000  E=2.470550748942e+02  Q=5.580000000000e+02  λ=7.913478e-01  dt=9.789e-04  relΔE=6.661e-14  ||F||=2.711e-06
 step=181500  E=2.470550748844e+02  Q=5.580000000000e+02  λ=7.913478e-01  dt=7.576e-04  relΔE=4.947e-14  ||F||=2.637e-06
 step=182000  E=2.470550748754e+02  Q=5.580000000000e+02  λ=7.913478e-01  dt=1.173e-03  relΔE=7.466e-14  ||F||=2.570e-06
 step=182500  E=2.470550748664e+02  Q=5.580000000000e+02  λ=7.913478e-01  dt=9.077e-04  relΔE=5.580e-14  ||F||=2.501e-06
 step=183000  E=2.470550748576e+02  Q=5.580000000000e+02  λ=7.913478e-01  dt=1.405e-03  relΔE=8.318e-14  ||F||=2.437e-06
 step=183500  E=2.470550748494e+02  Q=5.580000000000e+02  λ=7.913477e-01  dt=1.087e-03  relΔE=6.270e-14  ||F||=2.372e-06
 step=184000  E=2.470550748412e+02  Q=5.580000000000e+02  λ=7.913477e-01  dt=8.417e-04  relΔE=4.671e-14  ||F||=2.309e-06
 step=184500  E=2.470550748333e+02  Q=5.580000000000e+02  λ=7.913477e-01  dt=1.303e-03  relΔE=7.018e-14  ||F||=2.248e-06
 step=185000  E=2.470550748258e+02  Q=5.580000000000e+02  λ=7.913477e-01  dt=1.008e-03  relΔE=5.257e-14  ||F||=2.190e-06
 step=185500  E=2.470550748183e+02  Q=5.580000000000e+02  λ=7.913477e-01  dt=7.804e-04  relΔE=3.969e-14  ||F||=2.131e-06
 step=186000  E=2.470550748112e+02  Q=5.580000000000e+02  λ=7.913477e-01  dt=1.208e-03  relΔE=5.936e-14  ||F||=2.076e-06
 step=186500  E=2.470550748043e+02  Q=5.580000000000e+02  λ=7.913476e-01  dt=9.350e-04  relΔE=4.521e-14  ||F||=2.021e-06
 step=187000  E=2.470550747974e+02  Q=5.580000000000e+02  λ=7.913476e-01  dt=1.447e-03  relΔE=6.661e-14  ||F||=5.477e-06
 step=187500  E=2.470550747911e+02  Q=5.580000000000e+02  λ=7.913476e-01  dt=1.120e-03  relΔE=5.039e-14  ||F||=1.916e-06
 step=188000  E=2.470550747847e+02  Q=5.580000000000e+02  λ=7.913476e-01  dt=8.670e-04  relΔE=3.819e-14  ||F||=1.865e-06
 step=188500  E=2.470550747785e+02  Q=5.580000000000e+02  λ=7.913476e-01  dt=1.342e-03  relΔE=5.660e-14  ||F||=1.816e-06
 step=189000  E=2.470550747726e+02  Q=5.580000000000e+02  λ=7.913476e-01  dt=1.039e-03  relΔE=4.268e-14  ||F||=1.769e-06
 step=189500  E=2.470550747668e+02  Q=5.580000000000e+02  λ=7.913476e-01  dt=8.039e-04  relΔE=3.141e-14  ||F||=1.722e-06
 step=190000  E=2.470550747612e+02  Q=5.580000000000e+02  λ=7.913475e-01  dt=1.244e-03  relΔE=4.740e-14  ||F||=1.677e-06
 step=190500  E=2.470550747558e+02  Q=5.580000000000e+02  λ=7.913475e-01  dt=9.631e-04  relΔE=3.578e-14  ||F||=1.633e-06
 step=191000  E=2.470550747504e+02  Q=5.580000000000e+02  λ=7.913475e-01  dt=7.454e-04  relΔE=2.715e-14  ||F||=3.969e-06
 step=191500  E=2.470550747455e+02  Q=5.580000000000e+02  λ=7.913475e-01  dt=1.154e-03  relΔE=4.038e-14  ||F||=1.549e-06
 step=192000  E=2.470550747405e+02  Q=5.580000000000e+02  λ=7.913475e-01  dt=8.930e-04  relΔE=3.060e-14  ||F||=1.507e-06
 step=192500  E=2.470550747356e+02  Q=5.580000000000e+02  λ=7.913475e-01  dt=1.382e-03  relΔE=4.579e-14  ||F||=1.468e-06
 step=193000  E=2.470550747310e+02  Q=5.580000000000e+02  λ=7.913475e-01  dt=1.070e-03  relΔE=3.486e-14  ||F||=1.430e-06
 step=193500  E=2.470550747264e+02  Q=5.580000000000e+02  λ=7.913475e-01  dt=8.281e-04  relΔE=2.611e-14  ||F||=1.392e-06
 step=194000  E=2.470550747220e+02  Q=5.580000000000e+02  λ=7.913474e-01  dt=1.282e-03  relΔE=3.900e-14  ||F||=1.355e-06
 step=194500  E=2.470550747178e+02  Q=5.580000000000e+02  λ=7.913474e-01  dt=9.921e-04  relΔE=2.899e-14  ||F||=1.320e-06
 step=195000  E=2.470550747135e+02  Q=5.580000000000e+02  λ=7.913474e-01  dt=7.678e-04  relΔE=2.197e-14  ||F||=1.284e-06
 step=195500  E=2.470550747096e+02  Q=5.580000000000e+02  λ=7.913474e-01  dt=1.189e-03  relΔE=3.325e-14  ||F||=1.251e-06
 step=196000  E=2.470550747058e+02  Q=5.580000000000e+02  λ=7.913474e-01  dt=7.666e-04  relΔE=2.071e-14  ||F||=1.219e-06
 step=196500  E=2.470550747021e+02  Q=5.580000000000e+02  λ=7.913474e-01  dt=1.187e-03  relΔE=3.083e-14  ||F||=1.188e-06
 step=197000  E=2.470550746983e+02  Q=5.580000000000e+02  λ=7.913474e-01  dt=9.184e-04  relΔE=2.312e-14  ||F||=1.156e-06
 step=197500  E=2.470550746947e+02  Q=5.580000000000e+02  λ=7.913474e-01  dt=1.422e-03  relΔE=3.543e-14  ||F||=1.213e-06
 step=198000  E=2.470550746913e+02  Q=5.580000000000e+02  λ=7.913474e-01  dt=1.100e-03  relΔE=2.623e-14  ||F||=1.097e-06
 step=198500  E=2.470550746879e+02  Q=5.580000000000e+02  λ=7.913474e-01  dt=8.516e-04  relΔE=2.002e-14  ||F||=1.067e-06
 step=199000  E=2.470550746846e+02  Q=5.580000000000e+02  λ=7.913473e-01  dt=1.318e-03  relΔE=3.003e-14  ||F||=1.039e-06
 step=199500  E=2.470550746815e+02  Q=5.580000000000e+02  λ=7.913473e-01  dt=1.020e-03  relΔE=2.278e-14  ||F||=1.012e-06
 step=200000  E=2.470550746783e+02  Q=5.580000000000e+02  λ=7.913473e-01  dt=7.896e-04  relΔE=1.634e-14  ||F||=9.854e-07
 step=200500  E=2.470550746753e+02  Q=5.580000000000e+02  λ=7.913473e-01  dt=1.222e-03  relΔE=2.519e-14  ||F||=9.600e-07
 step=201000  E=2.470550746724e+02  Q=5.580000000000e+02  λ=7.913473e-01  dt=9.460e-04  relΔE=1.921e-14  ||F||=9.348e-07
 step=201500  E=2.470550746695e+02  Q=5.580000000000e+02  λ=7.913473e-01  dt=1.464e-03  relΔE=2.657e-14  ||F||=3.834e-05
 step=202000  E=2.470550746668e+02  Q=5.580000000000e+02  λ=7.913473e-01  dt=1.133e-03  relΔE=2.094e-14  ||F||=8.865e-07
 step=202500  E=2.470550746641e+02  Q=5.580000000000e+02  λ=7.913473e-01  dt=8.772e-04  relΔE=1.599e-14  ||F||=8.630e-07
 step=203000  E=2.470550746615e+02  Q=5.580000000000e+02  λ=7.913473e-01  dt=1.358e-03  relΔE=2.462e-14  ||F||=8.402e-07
 step=203500  E=2.470550746590e+02  Q=5.580000000000e+02  λ=7.913473e-01  dt=1.051e-03  relΔE=1.806e-14  ||F||=8.185e-07
 step=204000  E=2.470550746565e+02  Q=5.580000000000e+02  λ=7.913473e-01  dt=8.134e-04  relΔE=1.450e-14  ||F||=7.968e-07
 step=204500  E=2.470550746541e+02  Q=5.580000000000e+02  λ=7.913473e-01  dt=1.259e-03  relΔE=2.013e-14  ||F||=7.760e-07
 step=205000  E=2.470550746518e+02  Q=5.580000000000e+02  λ=7.913473e-01  dt=9.745e-04  relΔE=1.599e-14  ||F||=7.559e-07
 step=205500  E=2.470550746495e+02  Q=5.580000000000e+02  λ=7.913473e-01  dt=7.542e-04  relΔE=1.104e-14  ||F||=7.355e-07
 step=206000  E=2.470550746474e+02  Q=5.580000000000e+02  λ=7.913473e-01  dt=1.167e-03  relΔE=1.772e-14  ||F||=7.168e-07
 step=206500  E=2.470550746452e+02  Q=5.580000000000e+02  λ=7.913472e-01  dt=9.036e-04  relΔE=1.323e-14  ||F||=6.979e-07
 step=207000  E=2.470550746431e+02  Q=5.580000000000e+02  λ=7.913472e-01  dt=1.399e-03  relΔE=2.048e-14  ||F||=6.824e-07
 step=207500  E=2.470550746412e+02  Q=5.580000000000e+02  λ=7.913472e-01  dt=1.083e-03  relΔE=1.553e-14  ||F||=6.619e-07
 step=208000  E=2.470550746392e+02  Q=5.580000000000e+02  λ=7.913472e-01  dt=8.379e-04  relΔE=1.150e-14  ||F||=6.444e-07
 step=208500  E=2.470550746373e+02  Q=5.580000000000e+02  λ=7.913472e-01  dt=1.297e-03  relΔE=1.714e-14  ||F||=6.275e-07
 step=209000  E=2.470550746354e+02  Q=5.580000000000e+02  λ=7.913472e-01  dt=1.004e-03  relΔE=1.254e-14  ||F||=6.113e-07
 step=209500  E=2.470550746336e+02  Q=5.580000000000e+02  λ=7.913472e-01  dt=7.769e-04  relΔE=9.548e-15  ||F||=5.949e-07
 step=210000  E=2.470550746319e+02  Q=5.580000000000e+02  λ=7.913472e-01  dt=1.203e-03  relΔE=1.438e-14  ||F||=5.796e-07
 step=210500  E=2.470550746302e+02  Q=5.580000000000e+02  λ=7.913472e-01  dt=9.308e-04  relΔE=1.116e-14  ||F||=5.644e-07
 step=211000  E=2.470550746285e+02  Q=5.580000000000e+02  λ=7.913472e-01  dt=1.441e-03  relΔE=1.703e-14  ||F||=3.054e-06
 step=211500  E=2.470550746269e+02  Q=5.580000000000e+02  λ=7.913472e-01  dt=1.115e-03  relΔE=1.277e-14  ||F||=5.353e-07
 step=212000  E=2.470550746253e+02  Q=5.580000000000e+02  λ=7.913472e-01  dt=8.631e-04  relΔE=9.088e-15  ||F||=5.212e-07
 step=212500  E=2.470550746238e+02  Q=5.580000000000e+02  λ=7.913472e-01  dt=1.336e-03  relΔE=1.438e-14  ||F||=5.075e-07
 step=213000  E=2.470550746224e+02  Q=5.580000000000e+02  λ=7.913472e-01  dt=1.034e-03  relΔE=1.081e-14  ||F||=4.944e-07
 step=213500  E=2.470550746209e+02  Q=5.580000000000e+02  λ=7.913472e-01  dt=8.003e-04  relΔE=7.938e-15  ||F||=4.812e-07
 step=214000  E=2.470550746195e+02  Q=5.580000000000e+02  λ=7.913472e-01  dt=1.239e-03  relΔE=1.219e-14  ||F||=4.687e-07
 step=214500  E=2.470550746181e+02  Q=5.580000000000e+02  λ=7.913472e-01  dt=9.588e-04  relΔE=8.973e-15  ||F||=4.566e-07
 step=215000  E=2.470550746168e+02  Q=5.580000000000e+02  λ=7.913472e-01  dt=7.421e-04  relΔE=6.442e-15  ||F||=1.516e-06
 step=215500  E=2.470550746155e+02  Q=5.580000000000e+02  λ=7.913472e-01  dt=1.149e-03  relΔE=9.779e-15  ||F||=4.330e-07
 step=216000  E=2.470550746143e+02  Q=5.580000000000e+02  λ=7.913472e-01  dt=8.890e-04  relΔE=7.708e-15  ||F||=4.216e-07
 step=216500  E=2.470550746130e+02  Q=5.580000000000e+02  λ=7.913472e-01  dt=1.376e-03  relΔE=1.162e-14  ||F||=4.108e-07
 step=217000  E=2.470550746119e+02  Q=5.580000000000e+02  λ=7.913472e-01  dt=1.065e-03  relΔE=9.088e-15  ||F||=3.999e-07
 step=217500  E=2.470550746107e+02  Q=5.580000000000e+02  λ=7.913472e-01  dt=8.243e-04  relΔE=7.018e-15  ||F||=3.893e-07
 step=218000  E=2.470550746096e+02  Q=5.580000000000e+02  λ=7.913472e-01  dt=1.276e-03  relΔE=1.058e-14  ||F||=3.791e-07
 step=218500  E=2.470550746085e+02  Q=5.580000000000e+02  λ=7.913472e-01  dt=9.876e-04  relΔE=7.593e-15  ||F||=3.694e-07
 step=219000  E=2.470550746074e+02  Q=5.580000000000e+02  λ=7.913471e-01  dt=7.644e-04  relΔE=5.522e-15  ||F||=3.595e-07
 step=219500  E=2.470550746064e+02  Q=5.580000000000e+02  λ=7.913471e-01  dt=1.183e-03  relΔE=8.628e-15  ||F||=3.503e-07
 step=220000  E=2.470550746054e+02  Q=5.580000000000e+02  λ=7.913471e-01  dt=7.631e-04  relΔE=5.752e-15  ||F||=3.412e-07
 step=220500  E=2.470550746044e+02  Q=5.580000000000e+02  λ=7.913471e-01  dt=1.181e-03  relΔE=7.708e-15  ||F||=3.325e-07
 step=221000  E=2.470550746035e+02  Q=5.580000000000e+02  λ=7.913471e-01  dt=9.143e-04  relΔE=6.442e-15  ||F||=3.238e-07
 step=221500  E=2.470550746025e+02  Q=5.580000000000e+02  λ=7.913471e-01  dt=1.415e-03  relΔE=8.858e-15  ||F||=4.019e-07
 step=222000  E=2.470550746017e+02  Q=5.580000000000e+02  λ=7.913471e-01  dt=1.095e-03  relΔE=7.593e-15  ||F||=3.071e-07
 step=222500  E=2.470550746008e+02  Q=5.580000000000e+02  λ=7.913471e-01  dt=8.478e-04  relΔE=5.407e-15  ||F||=2.990e-07
 step=223000  E=2.470550745999e+02  Q=5.580000000000e+02  λ=7.913471e-01  dt=1.312e-03  relΔE=8.168e-15  ||F||=2.912e-07
 step=223500  E=2.470550745991e+02  Q=5.580000000000e+02  λ=7.913471e-01  dt=1.016e-03  relΔE=6.212e-15  ||F||=2.837e-07
 step=224000  E=2.470550745983e+02  Q=5.580000000000e+02  λ=7.913471e-01  dt=7.861e-04  relΔE=4.602e-15  ||F||=2.761e-07
 step=224500  E=2.470550745975e+02  Q=5.580000000000e+02  λ=7.913471e-01  dt=1.217e-03  relΔE=7.018e-15  ||F||=2.690e-07
 step=225000  E=2.470550745967e+02  Q=5.580000000000e+02  λ=7.913471e-01  dt=9.418e-04  relΔE=4.947e-15  ||F||=2.620e-07
 step=225500  E=2.470550745960e+02  Q=5.580000000000e+02  λ=7.913471e-01  dt=1.458e-03  relΔE=6.903e-15  ||F||=1.729e-05
 step=226000  E=2.470550745953e+02  Q=5.580000000000e+02  λ=7.913471e-01  dt=1.128e-03  relΔE=5.752e-15  ||F||=2.485e-07
 step=226500  E=2.470550745945e+02  Q=5.580000000000e+02  λ=7.913471e-01  dt=8.733e-04  relΔE=4.026e-15  ||F||=2.420e-07
 step=227000  E=2.470550745938e+02  Q=5.580000000000e+02  λ=7.913471e-01  dt=1.352e-03  relΔE=6.557e-15  ||F||=2.356e-07
 step=227500  E=2.470550745932e+02  Q=5.580000000000e+02  λ=7.913471e-01  dt=1.046e-03  relΔE=5.177e-15  ||F||=2.296e-07
 step=228000  E=2.470550745925e+02  Q=5.580000000000e+02  λ=7.913471e-01  dt=8.097e-04  relΔE=3.681e-15  ||F||=2.235e-07
 step=228500  E=2.470550745919e+02  Q=5.580000000000e+02  λ=7.913471e-01  dt=1.253e-03  relΔE=5.522e-15  ||F||=2.177e-07
 step=229000  E=2.470550745913e+02  Q=5.580000000000e+02  λ=7.913471e-01  dt=9.701e-04  relΔE=4.372e-15  ||F||=2.121e-07
 step=229500  E=2.470550745907e+02  Q=5.580000000000e+02  λ=7.913471e-01  dt=7.508e-04  relΔE=3.106e-15  ||F||=2.064e-07
 step=230000  E=2.470550745901e+02  Q=5.580000000000e+02  λ=7.913471e-01  dt=1.162e-03  relΔE=4.487e-15  ||F||=2.011e-07
 step=230500  E=2.470550745895e+02  Q=5.580000000000e+02  λ=7.913471e-01  dt=8.995e-04  relΔE=3.106e-15  ||F||=1.959e-07
 step=231000  E=2.470550745890e+02  Q=5.580000000000e+02  λ=7.913471e-01  dt=1.392e-03  relΔE=4.947e-15  ||F||=1.960e-07
 step=231500  E=2.470550745884e+02  Q=5.580000000000e+02  λ=7.913471e-01  dt=1.078e-03  relΔE=4.257e-15  ||F||=1.858e-07
 step=232000  E=2.470550745879e+02  Q=5.580000000000e+02  λ=7.913471e-01  dt=8.341e-04  relΔE=3.106e-15  ||F||=1.809e-07
 step=232500  E=2.470550745874e+02  Q=5.580000000000e+02  λ=7.913471e-01  dt=1.291e-03  relΔE=4.832e-15  ||F||=1.762e-07
 step=233000  E=2.470550745869e+02  Q=5.580000000000e+02  λ=7.913471e-01  dt=9.993e-04  relΔE=4.257e-15  ||F||=1.717e-07
 step=233500  E=2.470550745864e+02  Q=5.580000000000e+02  λ=7.913471e-01  dt=7.734e-04  relΔE=2.761e-15  ||F||=1.671e-07
 step=234000  E=2.470550745859e+02  Q=5.580000000000e+02  λ=7.913471e-01  dt=1.197e-03  relΔE=2.991e-15  ||F||=1.628e-07
 step=234500  E=2.470550745855e+02  Q=5.580000000000e+02  λ=7.913471e-01  dt=9.266e-04  relΔE=2.761e-15  ||F||=1.586e-07
 step=235000  E=2.470550745850e+02  Q=5.580000000000e+02  λ=7.913471e-01  dt=1.434e-03  relΔE=4.142e-15  ||F||=1.359e-06
 step=235500  E=2.470550745846e+02  Q=5.580000000000e+02  λ=7.913471e-01  dt=1.110e-03  relΔE=2.761e-15  ||F||=1.504e-07
 step=236000  E=2.470550745842e+02  Q=5.580000000000e+02  λ=7.913471e-01  dt=8.592e-04  relΔE=3.451e-15  ||F||=1.465e-07
 step=236500  E=2.470550745838e+02  Q=5.580000000000e+02  λ=7.913471e-01  dt=1.330e-03  relΔE=3.911e-15  ||F||=1.426e-07
 step=237000  E=2.470550745834e+02  Q=5.580000000000e+02  λ=7.913471e-01  dt=1.029e-03  relΔE=2.761e-15  ||F||=1.390e-07
 step=237500  E=2.470550745830e+02  Q=5.580000000000e+02  λ=7.913471e-01  dt=7.967e-04  relΔE=2.646e-15  ||F||=1.353e-07
 step=238000  E=2.470550745826e+02  Q=5.580000000000e+02  λ=7.913471e-01  dt=1.233e-03  relΔE=2.761e-15  ||F||=1.318e-07
 step=238500  E=2.470550745822e+02  Q=5.580000000000e+02  λ=7.913471e-01  dt=9.544e-04  relΔE=1.611e-15  ||F||=1.284e-07
 step=239000  E=2.470550745819e+02  Q=5.580000000000e+02  λ=7.913471e-01  dt=7.387e-04  relΔE=2.186e-15  ||F||=6.356e-07
 step=239500  E=2.470550745815e+02  Q=5.580000000000e+02  λ=7.913471e-01  dt=1.143e-03  relΔE=3.336e-15  ||F||=1.218e-07
 step=240000  E=2.470550745812e+02  Q=5.580000000000e+02  λ=7.913471e-01  dt=8.850e-04  relΔE=1.956e-15  ||F||=1.186e-07
 step=240500  E=2.470550745808e+02  Q=5.580000000000e+02  λ=7.913471e-01  dt=1.370e-03  relΔE=3.106e-15  ||F||=1.159e-07
 step=241000  E=2.470550745805e+02  Q=5.580000000000e+02  λ=7.913471e-01  dt=1.060e-03  relΔE=2.531e-15  ||F||=1.125e-07
 step=241500  E=2.470550745802e+02  Q=5.580000000000e+02  λ=7.913471e-01  dt=8.206e-04  relΔE=1.496e-15  ||F||=1.096e-07
 step=242000  E=2.470550745799e+02  Q=5.580000000000e+02  λ=7.913471e-01  dt=1.270e-03  relΔE=2.646e-15  ||F||=1.067e-07
 step=242500  E=2.470550745796e+02  Q=5.580000000000e+02  λ=7.913471e-01  dt=9.832e-04  relΔE=1.841e-15  ||F||=1.040e-07
 step=243000  E=2.470550745793e+02  Q=5.580000000000e+02  λ=7.913471e-01  dt=1.268e-03  relΔE=2.186e-15  ||F||=1.013e-07
 step=243500  E=2.470550745790e+02  Q=5.580000000000e+02  λ=7.913471e-01  dt=9.816e-04  relΔE=1.956e-15  ||F||=9.872e-08
 step=244000  E=2.470550745788e+02  Q=5.580000000000e+02  λ=7.913471e-01  dt=1.266e-03  relΔE=2.531e-15  ||F||=9.621e-08
 step=244500  E=2.470550745785e+02  Q=5.580000000000e+02  λ=7.913471e-01  dt=9.800e-04  relΔE=1.611e-15  ||F||=9.374e-08
 step=245000  E=2.470550745782e+02  Q=5.580000000000e+02  λ=7.913471e-01  dt=7.585e-04  relΔE=9.203e-16  ||F||=9.123e-08
 step=245500  E=2.470550745780e+02  Q=5.580000000000e+02  λ=7.913471e-01  dt=1.174e-03  relΔE=1.726e-15  ||F||=8.891e-08
 step=246000  E=2.470550745777e+02  Q=5.580000000000e+02  λ=7.913471e-01  dt=9.087e-04  relΔE=1.726e-15  ||F||=8.659e-08
 step=246500  E=2.470550745775e+02  Q=5.580000000000e+02  λ=7.913471e-01  dt=1.407e-03  relΔE=2.416e-15  ||F||=1.681e-07
 step=247000  E=2.470550745773e+02  Q=5.580000000000e+02  λ=7.913471e-01  dt=1.089e-03  relΔE=1.726e-15  ||F||=8.216e-08
 step=247500  E=2.470550745770e+02  Q=5.580000000000e+02  λ=7.913471e-01  dt=8.426e-04  relΔE=1.150e-15  ||F||=8.000e-08
 step=248000  E=2.470550745768e+02  Q=5.580000000000e+02  λ=7.913471e-01  dt=1.304e-03  relΔE=1.496e-15  ||F||=7.791e-08
 step=248500  E=2.470550745766e+02  Q=5.580000000000e+02  λ=7.913471e-01  dt=1.009e-03  relΔE=1.265e-15  ||F||=7.592e-08
 step=249000  E=2.470550745764e+02  Q=5.580000000000e+02  λ=7.913471e-01  dt=7.813e-04  relΔE=1.265e-15  ||F||=7.390e-08
 step=249500  E=2.470550745762e+02  Q=5.580000000000e+02  λ=7.913471e-01  dt=1.209e-03  relΔE=1.496e-15  ||F||=7.201e-08
 step=250000  E=2.470550745760e+02  Q=5.580000000000e+02  λ=7.913471e-01  dt=9.360e-04  relΔE=1.265e-15  ||F||=7.014e-08
 step=250500  E=2.470550745758e+02  Q=5.580000000000e+02  λ=7.913471e-01  dt=1.449e-03  relΔE=1.841e-15  ||F||=6.501e-06
  !! dt fell below dt_min: stiffness-limited termination.

Stationary candidate (aggressive): E=2.470550745756e+02, Q=5.580000000000e+02, maxρ=7.508158e-01

=== Stability test (damped inertial dynamics) ===
Perturb eps=0.02, gamma=1
t=0: E=2.754005447170e+02, Q=5.580000000000e+02, maxρ=7.841464e-01, σ=3.097008e+00, Rc=6.334356e+00
 step=     1  E=2.754004009361e+02  Q=5.580000000000e+02  λ=1.198606e+00  maxρ=7.841463e-01  minρ=1.263e-05  σ=3.097008e+00  Rc=6.334356e+00
 step=   300  E=2.695105834961e+02  Q=5.580000000000e+02  λ=1.088512e+00  maxρ=7.797616e-01  minρ=1.266e-05  σ=3.097008e+00  Rc=6.334356e+00
 step=   600  E=2.577151817377e+02  Q=5.580000000000e+02  λ=8.907973e-01  maxρ=7.677237e-01  minρ=1.276e-05  σ=3.097008e+00  Rc=6.334356e+00
 step=   900  E=2.509169575723e+02  Q=5.580000000000e+02  λ=8.315593e-01  maxρ=7.616927e-01  minρ=1.274e-05  σ=3.097008e+00  Rc=6.334354e+00
 step=  1200  E=2.536615616028e+02  Q=5.580000000000e+02  λ=9.494411e-01  maxρ=7.714432e-01  minρ=1.265e-05  σ=3.097008e+00  Rc=6.334352e+00
 step=  1500  E=2.606919601263e+02  Q=5.580000000000e+02  λ=1.071079e+00  maxρ=7.835602e-01  minρ=1.256e-05  σ=3.097007e+00  Rc=6.334350e+00
 step=  1800  E=2.641251144275e+02  Q=5.580000000000e+02  λ=1.049622e+00  maxρ=7.840354e-01  minρ=1.253e-05  σ=3.097007e+00  Rc=6.334350e+00
 step=  2100  E=2.619179644546e+02  Q=5.580000000000e+02  λ=9.393245e-01  maxρ=7.734313e-01  minρ=1.255e-05  σ=3.097007e+00  Rc=6.334352e+00
 step=  2400  E=2.583388150029e+02  Q=5.580000000000e+02  λ=8.949498e-01  maxρ=7.651160e-01  minρ=1.254e-05  σ=3.097007e+00  Rc=6.334354e+00
 step=  2700  E=2.576404806475e+02  Q=5.580000000000e+02  λ=9.599606e-01  maxρ=7.702678e-01  minρ=1.253e-05  σ=3.097007e+00  Rc=6.334356e+00
 step=  3000  E=2.594398823960e+02  Q=5.580000000000e+02  λ=1.029087e+00  maxρ=7.711578e-01  minρ=1.247e-05  σ=3.097006e+00  Rc=6.334357e+00
 step=  3300  E=2.605476390335e+02  Q=5.580000000000e+02  λ=1.008098e+00  maxρ=7.698870e-01  minρ=1.244e-05  σ=3.097006e+00  Rc=6.334355e+00
 step=  3600  E=2.595256781444e+02  Q=5.580000000000e+02  λ=9.346904e-01  maxρ=7.765922e-01  minρ=1.254e-05  σ=3.097008e+00  Rc=6.334353e+00
 step=  3900  E=2.579459123107e+02  Q=5.580000000000e+02  λ=9.086497e-01  maxρ=7.747022e-01  minρ=1.269e-05  σ=3.097009e+00  Rc=6.334352e+00
 step=  4200  E=2.576705534759e+02  Q=5.580000000000e+02  λ=9.514081e-01  maxρ=7.697612e-01  minρ=1.263e-05  σ=3.097010e+00  Rc=6.334353e+00
 step=  4500  E=2.584522362736e+02  Q=5.580000000000e+02  λ=9.906489e-01  maxρ=7.665195e-01  minρ=1.253e-05  σ=3.097009e+00  Rc=6.334355e+00
 step=  4800  E=2.587659508087e+02  Q=5.580000000000e+02  λ=9.712102e-01  maxρ=7.665007e-01  minρ=1.246e-05  σ=3.097008e+00  Rc=6.334356e+00
 step=  5100  E=2.580776577825e+02  Q=5.580000000000e+02  λ=9.255256e-01  maxρ=7.653600e-01  minρ=1.242e-05  σ=3.097007e+00  Rc=6.334354e+00
 step=  5400  E=2.573213161194e+02  Q=5.580000000000e+02  λ=9.161254e-01  maxρ=7.655929e-01  minρ=1.241e-05  σ=3.097008e+00  Rc=6.334352e+00
 step=  5700  E=2.573464374348e+02  Q=5.580000000000e+02  λ=9.471799e-01  maxρ=7.650952e-01  minρ=1.241e-05  σ=3.097008e+00  Rc=6.334352e+00
 step=  6000  E=2.577890341979e+02  Q=5.580000000000e+02  λ=9.684166e-01  maxρ=7.687491e-01  minρ=1.242e-05  σ=3.097007e+00  Rc=6.334355e+00
 >>> No runaway detected in this horizon. Likely stable (within this model & box).

STABILITY: PASS
