
=== Aggressive relaxation to Q = 522 ===
Initial: E=2.883219532648e+02, Q=5.220000000000e+02, dt=1.000e-04
 step=     1  E=2.883150849749e+02  Q=5.220000000000e+02  λ=1.019436e+00  dt=1.000e-04  relΔE=2.382e-05  ||F||=3.632e-01
 step=   500  E=2.804435443096e+02  Q=5.220000000000e+02  λ=9.853356e-01  dt=6.192e-04  relΔE=9.878e-05  ||F||=3.211e-01
 step=  1000  E=2.625484087081e+02  Q=5.220000000000e+02  λ=9.098007e-01  dt=9.584e-04  relΔE=7.923e-05  ||F||=2.236e-01
 step=  1500  E=2.524876172114e+02  Q=5.220000000000e+02  λ=8.692346e-01  dt=1.484e-03  relΔE=6.917e-05  ||F||=1.647e-01
 step=  2000  E=2.469081755225e+02  Q=5.220000000000e+02  λ=8.477425e-01  dt=1.148e-03  relΔE=3.371e-05  ||F||=1.292e-01
 step=  2500  E=2.432519155733e+02  Q=5.220000000000e+02  λ=8.343368e-01  dt=8.887e-04  relΔE=1.718e-05  ||F||=1.041e-01
 step=  3000  E=2.408569710084e+02  Q=5.220000000000e+02  λ=8.260160e-01  dt=1.376e-03  relΔE=1.844e-05  ||F||=8.624e-02
 step=  3500  E=2.391952929306e+02  Q=5.220000000000e+02  λ=8.205476e-01  dt=1.065e-03  relΔE=1.026e-05  ||F||=7.285e-02
 step=  4000  E=2.379633080689e+02  Q=5.220000000000e+02  λ=8.167314e-01  dt=8.241e-04  relΔE=5.804e-06  ||F||=6.213e-02
 step=  4500  E=2.370868563204e+02  Q=5.220000000000e+02  λ=8.141892e-01  dt=1.276e-03  relΔE=6.792e-06  ||F||=5.393e-02
 step=  5000  E=2.364105992272e+02  Q=5.220000000000e+02  λ=8.123548e-01  dt=9.873e-04  relΔE=4.027e-06  ||F||=4.713e-02
 step=  5500  E=2.358780747193e+02  Q=5.220000000000e+02  λ=8.110180e-01  dt=1.528e-03  relΔE=4.814e-06  ||F||=8.372e-02
 step=  6000  E=2.354837237011e+02  Q=5.220000000000e+02  λ=8.100961e-01  dt=1.183e-03  relΔE=2.970e-06  ||F||=3.691e-02
 step=  6500  E=2.351575525217e+02  Q=5.220000000000e+02  λ=8.093940e-01  dt=9.154e-04  relΔE=1.837e-06  ||F||=3.297e-02
 step=  7000  E=2.348966705965e+02  Q=5.220000000000e+02  λ=8.088772e-01  dt=1.417e-03  relΔE=2.303e-06  ||F||=2.966e-02
 step=  7500  E=2.346882694145e+02  Q=5.220000000000e+02  λ=8.084955e-01  dt=1.097e-03  relΔE=1.467e-06  ||F||=2.689e-02
 step=  8000  E=2.345110965512e+02  Q=5.220000000000e+02  λ=8.081943e-01  dt=8.488e-04  relΔE=9.395e-07  ||F||=2.445e-02
 step=  8500  E=2.343674256886e+02  Q=5.220000000000e+02  λ=8.079656e-01  dt=1.314e-03  relΔE=1.223e-06  ||F||=2.242e-02
 step=  9000  E=2.342457253489e+02  Q=5.220000000000e+02  λ=8.077808e-01  dt=1.017e-03  relΔE=8.040e-07  ||F||=2.066e-02
 step=  9500  E=2.341386472366e+02  Q=5.220000000000e+02  λ=8.076229e-01  dt=7.871e-04  relΔE=5.314e-07  ||F||=1.939e-02
 step= 10000  E=2.340513671799e+02  Q=5.220000000000e+02  λ=8.074948e-01  dt=1.218e-03  relΔE=7.155e-07  ||F||=1.780e-02
 step= 10500  E=2.339727437632e+02  Q=5.220000000000e+02  λ=8.073768e-01  dt=9.430e-04  relΔE=4.842e-07  ||F||=1.664e-02
 step= 11000  E=2.339031505615e+02  Q=5.220000000000e+02  λ=8.072673e-01  dt=1.460e-03  relΔE=6.611e-07  ||F||=1.562e-02
 step= 11500  E=2.338436348015e+02  Q=5.220000000000e+02  λ=8.071669e-01  dt=1.130e-03  relΔE=4.574e-07  ||F||=1.477e-02
 step= 12000  E=2.337883489465e+02  Q=5.220000000000e+02  λ=8.070655e-01  dt=8.744e-04  relΔE=3.180e-07  ||F||=1.400e-02
 step= 12500  E=2.337392918046e+02  Q=5.220000000000e+02  λ=8.069665e-01  dt=1.353e-03  relΔE=4.467e-07  ||F||=1.333e-02
 step= 13000  E=2.336949743585e+02  Q=5.220000000000e+02  λ=8.068676e-01  dt=1.048e-03  relΔE=3.163e-07  ||F||=1.275e-02
 step= 13500  E=2.336529990376e+02  Q=5.220000000000e+02  λ=8.067637e-01  dt=8.108e-04  relΔE=2.250e-07  ||F||=1.222e-02
 step= 14000  E=2.336158120025e+02  Q=5.220000000000e+02  λ=8.066620e-01  dt=1.255e-03  relΔE=3.234e-07  ||F||=1.177e-02
 step= 14500  E=2.335805330923e+02  Q=5.220000000000e+02  λ=8.065557e-01  dt=9.713e-04  relΔE=2.334e-07  ||F||=1.137e-02
 step= 15000  E=2.335467775668e+02  Q=5.220000000000e+02  λ=8.064442e-01  dt=1.504e-03  relΔE=3.382e-07  ||F||=1.183e-02
 step= 15500  E=2.335167184999e+02  Q=5.220000000000e+02  λ=8.063358e-01  dt=1.164e-03  relΔE=2.470e-07  ||F||=1.068e-02
 step= 16000  E=2.334871699232e+02  Q=5.220000000000e+02  λ=8.062205e-01  dt=9.007e-04  relΔE=1.808e-07  ||F||=1.039e-02
 step= 16500  E=2.334593890517e+02  Q=5.220000000000e+02  λ=8.061038e-01  dt=1.394e-03  relΔE=2.658e-07  ||F||=1.012e-02
 step= 17000  E=2.334333974953e+02  Q=5.220000000000e+02  λ=8.059867e-01  dt=1.079e-03  relΔE=1.962e-07  ||F||=9.883e-03
 step= 17500  E=2.334077857087e+02  Q=5.220000000000e+02  λ=8.058639e-01  dt=8.352e-04  relΔE=1.450e-07  ||F||=9.657e-03
 step= 18000  E=2.333840145410e+02  Q=5.220000000000e+02  λ=8.057431e-01  dt=1.293e-03  relΔE=2.152e-07  ||F||=9.454e-03
 step= 18500  E=2.333610695928e+02  Q=5.220000000000e+02  λ=8.056201e-01  dt=1.001e-03  relΔE=1.599e-07  ||F||=9.264e-03
 step= 19000  E=2.333382548775e+02  Q=5.220000000000e+02  λ=8.054998e-01  dt=7.744e-04  relΔE=1.411e-07  ||F||=1.290e-01
 step= 19500  E=2.333175809472e+02  Q=5.220000000000e+02  λ=8.053699e-01  dt=1.199e-03  relΔE=1.776e-07  ||F||=8.915e-03
 step= 20000  E=2.332970718769e+02  Q=5.220000000000e+02  λ=8.052439e-01  dt=7.731e-04  relΔE=1.105e-07  ||F||=8.755e-03
 step= 20500  E=2.332778521676e+02  Q=5.220000000000e+02  λ=8.051214e-01  dt=1.197e-03  relΔE=1.653e-07  ||F||=8.607e-03
 step= 21000  E=2.332587460967e+02  Q=5.220000000000e+02  λ=8.049951e-01  dt=7.719e-04  relΔE=1.030e-07  ||F||=8.460e-03
 step= 21500  E=2.332407869854e+02  Q=5.220000000000e+02  λ=8.048726e-01  dt=1.195e-03  relΔE=1.544e-07  ||F||=8.323e-03
 step= 22000  E=2.332226876767e+02  Q=5.220000000000e+02  λ=8.047452e-01  dt=9.248e-04  relΔE=1.155e-07  ||F||=8.185e-03
 step= 22500  E=2.332051588405e+02  Q=5.220000000000e+02  λ=8.046182e-01  dt=1.431e-03  relΔE=1.730e-07  ||F||=8.050e-03
 step= 23000  E=2.331886404914e+02  Q=5.220000000000e+02  λ=8.044951e-01  dt=1.108e-03  relΔE=1.297e-07  ||F||=7.922e-03
 step= 23500  E=2.331721176868e+02  Q=5.220000000000e+02  λ=8.043688e-01  dt=8.575e-04  relΔE=9.716e-08  ||F||=7.793e-03
 step= 24000  E=2.331564739866e+02  Q=5.220000000000e+02  λ=8.042465e-01  dt=1.327e-03  relΔE=1.457e-07  ||F||=7.669e-03
 step= 24500  E=2.331413626220e+02  Q=5.220000000000e+02  λ=8.041254e-01  dt=1.027e-03  relΔE=1.092e-07  ||F||=7.547e-03
 step= 25000  E=2.331262208796e+02  Q=5.220000000000e+02  λ=8.040014e-01  dt=7.951e-04  relΔE=8.178e-08  ||F||=7.423e-03
 step= 25500  E=2.331122594471e+02  Q=5.220000000000e+02  λ=8.038848e-01  dt=1.231e-03  relΔE=1.227e-07  ||F||=7.307e-03
 step= 26000  E=2.330983834495e+02  Q=5.220000000000e+02  λ=8.037664e-01  dt=9.526e-04  relΔE=9.192e-08  ||F||=7.189e-03
 step= 26500  E=2.330847421435e+02  Q=5.220000000000e+02  λ=8.036480e-01  dt=1.475e-03  relΔE=1.377e-07  ||F||=7.072e-03
 step= 27000  E=2.330721030891e+02  Q=5.220000000000e+02  λ=8.035361e-01  dt=1.141e-03  relΔE=1.032e-07  ||F||=6.958e-03
 step= 27500  E=2.330593917212e+02  Q=5.220000000000e+02  λ=8.034216e-01  dt=8.833e-04  relΔE=7.725e-08  ||F||=6.843e-03
 step= 28000  E=2.330472537801e+02  Q=5.220000000000e+02  λ=8.033105e-01  dt=1.367e-03  relΔE=1.157e-07  ||F||=6.730e-03
 step= 28500  E=2.330356621011e+02  Q=5.220000000000e+02  λ=8.032025e-01  dt=1.058e-03  relΔE=8.663e-08  ||F||=6.620e-03
 step= 29000  E=2.330240903204e+02  Q=5.220000000000e+02  λ=8.030929e-01  dt=8.190e-04  relΔE=6.479e-08  ||F||=6.507e-03
 step= 29500  E=2.330132965128e+02  Q=5.220000000000e+02  λ=8.029892e-01  dt=1.268e-03  relΔE=9.699e-08  ||F||=6.399e-03
 step= 30000  E=2.330027227703e+02  Q=5.220000000000e+02  λ=8.028859e-01  dt=9.812e-04  relΔE=7.255e-08  ||F||=6.290e-03
 step= 30500  E=2.329921925173e+02  Q=5.220000000000e+02  λ=8.027819e-01  dt=1.519e-03  relΔE=1.074e-07  ||F||=2.310e-02
 step= 31000  E=2.329826102616e+02  Q=5.220000000000e+02  λ=8.026852e-01  dt=1.176e-03  relΔE=8.111e-08  ||F||=6.076e-03
 step= 31500  E=2.329729673537e+02  Q=5.220000000000e+02  λ=8.025867e-01  dt=9.098e-04  relΔE=6.059e-08  ||F||=5.968e-03
 step= 32000  E=2.329636994722e+02  Q=5.220000000000e+02  λ=8.024908e-01  dt=1.408e-03  relΔE=9.050e-08  ||F||=5.863e-03
 step= 32500  E=2.329549534402e+02  Q=5.220000000000e+02  λ=8.023988e-01  dt=1.090e-03  relΔE=6.763e-08  ||F||=5.760e-03
 step= 33000  E=2.329462259007e+02  Q=5.220000000000e+02  λ=8.023058e-01  dt=8.436e-04  relΔE=5.045e-08  ||F||=5.655e-03
 step= 33500  E=2.329380287160e+02  Q=5.220000000000e+02  λ=8.022172e-01  dt=1.306e-03  relΔE=7.534e-08  ||F||=5.554e-03
 step= 34000  E=2.329301103887e+02  Q=5.220000000000e+02  λ=8.021304e-01  dt=1.011e-03  relΔE=5.622e-08  ||F||=5.454e-03
 step= 34500  E=2.329222129031e+02  Q=5.220000000000e+02  λ=8.020426e-01  dt=7.823e-04  relΔE=4.189e-08  ||F||=5.354e-03
 step= 35000  E=2.329150237845e+02  Q=5.220000000000e+02  λ=8.019616e-01  dt=1.211e-03  relΔE=6.254e-08  ||F||=5.255e-03
 step= 35500  E=2.329078552387e+02  Q=5.220000000000e+02  λ=8.018797e-01  dt=9.372e-04  relΔE=4.661e-08  ||F||=5.156e-03
 step= 36000  E=2.329008871751e+02  Q=5.220000000000e+02  λ=8.017990e-01  dt=1.451e-03  relΔE=6.942e-08  ||F||=5.058e-03
 step= 36500  E=2.328944242839e+02  Q=5.220000000000e+02  λ=8.017231e-01  dt=1.123e-03  relΔE=5.176e-08  ||F||=4.964e-03
 step= 37000  E=2.328879741829e+02  Q=5.220000000000e+02  λ=8.016462e-01  dt=8.690e-04  relΔE=3.853e-08  ||F||=4.868e-03
 step= 37500  E=2.328818749267e+02  Q=5.220000000000e+02  λ=8.015726e-01  dt=1.345e-03  relΔE=5.737e-08  ||F||=4.774e-03
 step= 38000  E=2.328760563436e+02  Q=5.220000000000e+02  λ=8.015013e-01  dt=1.041e-03  relΔE=4.272e-08  ||F||=4.683e-03
 step= 38500  E=2.328702783858e+02  Q=5.220000000000e+02  λ=8.014295e-01  dt=8.058e-04  relΔE=3.176e-08  ||F||=4.589e-03
 step= 39000  E=2.328649434516e+02  Q=5.220000000000e+02  λ=8.013623e-01  dt=1.247e-03  relΔE=4.729e-08  ||F||=4.501e-03
 step= 39500  E=2.328597208307e+02  Q=5.220000000000e+02  λ=8.012956e-01  dt=9.654e-04  relΔE=3.517e-08  ||F||=4.411e-03
 step= 40000  E=2.328545843064e+02  Q=5.220000000000e+02  λ=8.012291e-01  dt=1.494e-03  relΔE=5.224e-08  ||F||=4.517e-03
 step= 40500  E=2.328499035351e+02  Q=5.220000000000e+02  λ=8.011675e-01  dt=1.157e-03  relΔE=3.887e-08  ||F||=4.237e-03
 step= 41000  E=2.328452311985e+02  Q=5.220000000000e+02  λ=8.011052e-01  dt=8.952e-04  relΔE=2.887e-08  ||F||=4.151e-03
 step= 41500  E=2.328407767984e+02  Q=5.220000000000e+02  λ=8.010450e-01  dt=1.386e-03  relΔE=4.289e-08  ||F||=4.066e-03
 step= 42000  E=2.328365778782e+02  Q=5.220000000000e+02  λ=8.009873e-01  dt=1.072e-03  relΔE=3.188e-08  ||F||=3.984e-03
 step= 42500  E=2.328324183112e+02  Q=5.220000000000e+02  λ=8.009293e-01  dt=8.300e-04  relΔE=2.365e-08  ||F||=3.900e-03
 step= 43000  E=2.328285480620e+02  Q=5.220000000000e+02  λ=8.008746e-01  dt=1.285e-03  relΔE=3.513e-08  ||F||=3.821e-03
 step= 43500  E=2.328248078649e+02  Q=5.220000000000e+02  λ=8.008209e-01  dt=9.944e-04  relΔE=2.608e-08  ||F||=3.742e-03
 step= 44000  E=2.328210920206e+02  Q=5.220000000000e+02  λ=8.007676e-01  dt=7.697e-04  relΔE=2.180e-08  ||F||=4.026e-02
 step= 44500  E=2.328177531107e+02  Q=5.220000000000e+02  λ=8.007174e-01  dt=1.191e-03  relΔE=2.870e-08  ||F||=3.586e-03
 step= 45000  E=2.328144547051e+02  Q=5.220000000000e+02  λ=8.006679e-01  dt=7.684e-04  relΔE=1.774e-08  ||F||=3.511e-03
 step= 45500  E=2.328113810208e+02  Q=5.220000000000e+02  λ=8.006211e-01  dt=1.189e-03  relΔE=2.635e-08  ||F||=3.438e-03
 step= 46000  E=2.328083543342e+02  Q=5.220000000000e+02  λ=8.005742e-01  dt=7.672e-04  relΔE=1.628e-08  ||F||=3.365e-03
 step= 46500  E=2.328055348970e+02  Q=5.220000000000e+02  λ=8.005299e-01  dt=1.188e-03  relΔE=2.416e-08  ||F||=3.295e-03
 step= 47000  E=2.328027173449e+02  Q=5.220000000000e+02  λ=8.004849e-01  dt=9.191e-04  relΔE=1.790e-08  ||F||=3.223e-03
 step= 47500  E=2.328000253942e+02  Q=5.220000000000e+02  λ=8.004413e-01  dt=1.423e-03  relΔE=2.651e-08  ||F||=3.153e-03
 step= 48000  E=2.327975133341e+02  Q=5.220000000000e+02  λ=8.003999e-01  dt=1.101e-03  relΔE=1.965e-08  ||F||=3.085e-03
 step= 48500  E=2.327950296861e+02  Q=5.220000000000e+02  λ=8.003582e-01  dt=8.522e-04  relΔE=1.454e-08  ||F||=3.017e-03
 step= 49000  E=2.327927063678e+02  Q=5.220000000000e+02  λ=8.003187e-01  dt=1.319e-03  relΔE=2.154e-08  ||F||=2.951e-03
 step= 49500  E=2.327904894811e+02  Q=5.220000000000e+02  λ=8.002803e-01  dt=1.021e-03  relΔE=1.595e-08  ||F||=2.886e-03
 step= 50000  E=2.327882929178e+02  Q=5.220000000000e+02  λ=8.002417e-01  dt=7.902e-04  relΔE=1.179e-08  ||F||=2.821e-03
 step= 50500  E=2.327862956125e+02  Q=5.220000000000e+02  λ=8.002059e-01  dt=1.223e-03  relΔE=1.747e-08  ||F||=2.759e-03
 step= 51000  E=2.327843325169e+02  Q=5.220000000000e+02  λ=8.001702e-01  dt=9.467e-04  relΔE=1.292e-08  ||F||=2.697e-03
 step= 51500  E=2.327824301523e+02  Q=5.220000000000e+02  λ=8.001350e-01  dt=1.465e-03  relΔE=1.910e-08  ||F||=2.636e-03
 step= 52000  E=2.327806875349e+02  Q=5.220000000000e+02  λ=8.001022e-01  dt=1.134e-03  relΔE=1.414e-08  ||F||=2.578e-03
 step= 52500  E=2.327789593404e+02  Q=5.220000000000e+02  λ=8.000690e-01  dt=8.779e-04  relΔE=1.045e-08  ||F||=2.519e-03
 step= 53000  E=2.327773300243e+02  Q=5.220000000000e+02  λ=8.000373e-01  dt=1.359e-03  relΔE=1.545e-08  ||F||=2.461e-03
 step= 53500  E=2.327757911738e+02  Q=5.220000000000e+02  λ=8.000067e-01  dt=1.052e-03  relΔE=1.142e-08  ||F||=2.406e-03
 step= 54000  E=2.327742763917e+02  Q=5.220000000000e+02  λ=7.999761e-01  dt=8.140e-04  relΔE=8.436e-09  ||F||=2.350e-03
 step= 54500  E=2.327728808723e+02  Q=5.220000000000e+02  λ=7.999475e-01  dt=1.260e-03  relΔE=1.248e-08  ||F||=2.297e-03
 step= 55000  E=2.327715320849e+02  Q=5.220000000000e+02  λ=7.999192e-01  dt=9.752e-04  relΔE=9.220e-09  ||F||=2.244e-03
 step= 55500  E=2.327702051366e+02  Q=5.220000000000e+02  λ=7.998910e-01  dt=1.510e-03  relΔE=1.350e-08  ||F||=7.272e-03
 step= 56000  E=2.327690103359e+02  Q=5.220000000000e+02  λ=7.998650e-01  dt=1.168e-03  relΔE=1.006e-08  ||F||=2.142e-03
 step= 56500  E=2.327678202487e+02  Q=5.220000000000e+02  λ=7.998387e-01  dt=9.043e-04  relΔE=7.429e-09  ||F||=2.091e-03
 step= 57000  E=2.327666914372e+02  Q=5.220000000000e+02  λ=7.998132e-01  dt=1.400e-03  relΔE=1.097e-08  ||F||=2.042e-03
 step= 57500  E=2.327656382607e+02  Q=5.220000000000e+02  λ=7.997891e-01  dt=1.083e-03  relΔE=8.104e-09  ||F||=1.996e-03
 step= 58000  E=2.327646004456e+02  Q=5.220000000000e+02  λ=7.997648e-01  dt=8.385e-04  relΔE=5.978e-09  ||F||=1.948e-03
 step= 58500  E=2.327636351974e+02  Q=5.220000000000e+02  λ=7.997418e-01  dt=1.298e-03  relΔE=8.829e-09  ||F||=1.903e-03
 step= 59000  E=2.327627128289e+02  Q=5.220000000000e+02  λ=7.997194e-01  dt=1.005e-03  relΔE=6.519e-09  ||F||=1.858e-03
 step= 59500  E=2.327618028057e+02  Q=5.220000000000e+02  λ=7.996968e-01  dt=7.775e-04  relΔE=4.804e-09  ||F||=1.814e-03
 step= 60000  E=2.327609830956e+02  Q=5.220000000000e+02  λ=7.996761e-01  dt=1.203e-03  relΔE=7.099e-09  ||F||=1.771e-03
 step= 60500  E=2.327601738897e+02  Q=5.220000000000e+02  λ=7.996553e-01  dt=9.315e-04  relΔE=5.236e-09  ||F||=1.729e-03
 step= 61000  E=2.327593965509e+02  Q=5.220000000000e+02  λ=7.996349e-01  dt=1.442e-03  relΔE=7.721e-09  ||F||=1.687e-03
 step= 61500  E=2.327586816994e+02  Q=5.220000000000e+02  λ=7.996158e-01  dt=1.116e-03  relΔE=5.701e-09  ||F||=1.648e-03
 step= 62000  E=2.327579761249e+02  Q=5.220000000000e+02  λ=7.995965e-01  dt=8.637e-04  relΔE=4.202e-09  ||F||=1.608e-03
 step= 62500  E=2.327573152463e+02  Q=5.220000000000e+02  λ=7.995781e-01  dt=1.337e-03  relΔE=6.199e-09  ||F||=1.570e-03
 step= 63000  E=2.327566906409e+02  Q=5.220000000000e+02  λ=7.995603e-01  dt=1.035e-03  relΔE=4.574e-09  ||F||=1.533e-03
 step= 63500  E=2.327560752667e+02  Q=5.220000000000e+02  λ=7.995425e-01  dt=8.009e-04  relΔE=3.369e-09  ||F||=1.495e-03
 step= 64000  E=2.327555137754e+02  Q=5.220000000000e+02  λ=7.995259e-01  dt=1.240e-03  relΔE=4.972e-09  ||F||=1.460e-03
 step= 64500  E=2.327549672953e+02  Q=5.220000000000e+02  λ=7.995094e-01  dt=9.595e-04  relΔE=3.665e-09  ||F||=1.424e-03
 step= 65000  E=2.327544352170e+02  Q=5.220000000000e+02  λ=7.994930e-01  dt=1.485e-03  relΔE=5.397e-09  ||F||=1.474e-03
 step= 65500  E=2.327539544160e+02  Q=5.220000000000e+02  λ=7.994778e-01  dt=1.149e-03  relΔE=3.984e-09  ||F||=1.356e-03
 step= 66000  E=2.327534777441e+02  Q=5.220000000000e+02  λ=7.994625e-01  dt=8.897e-04  relΔE=2.935e-09  ||F||=1.323e-03
 step= 66500  E=2.327530275704e+02  Q=5.220000000000e+02  λ=7.994478e-01  dt=1.377e-03  relΔE=4.325e-09  ||F||=1.291e-03
 step= 67000  E=2.327526060061e+02  Q=5.220000000000e+02  λ=7.994336e-01  dt=1.066e-03  relΔE=3.189e-09  ||F||=1.260e-03
 step= 67500  E=2.327521921779e+02  Q=5.220000000000e+02  λ=7.994195e-01  dt=8.250e-04  relΔE=2.348e-09  ||F||=1.229e-03
 step= 68000  E=2.327518095276e+02  Q=5.220000000000e+02  λ=7.994061e-01  dt=1.277e-03  relΔE=3.462e-09  ||F||=1.199e-03
 step= 68500  E=2.327514429266e+02  Q=5.220000000000e+02  λ=7.993930e-01  dt=9.883e-04  relΔE=2.551e-09  ||F||=1.170e-03
 step= 69000  E=2.327510813758e+02  Q=5.220000000000e+02  λ=7.993800e-01  dt=7.649e-04  relΔE=2.135e-09  ||F||=1.519e-02
 step= 69500  E=2.327507583403e+02  Q=5.220000000000e+02  λ=7.993678e-01  dt=1.184e-03  relΔE=2.769e-09  ||F||=1.113e-03
 step= 70000  E=2.327504418300e+02  Q=5.220000000000e+02  λ=7.993558e-01  dt=7.637e-04  relΔE=1.700e-09  ||F||=1.086e-03
 step= 70500  E=2.327501488171e+02  Q=5.220000000000e+02  λ=7.993444e-01  dt=1.182e-03  relΔE=2.508e-09  ||F||=1.060e-03
 step= 71000  E=2.327498613223e+02  Q=5.220000000000e+02  λ=7.993330e-01  dt=7.625e-04  relΔE=1.539e-09  ||F||=1.034e-03
 step= 71500  E=2.327495956106e+02  Q=5.220000000000e+02  λ=7.993222e-01  dt=1.180e-03  relΔE=2.271e-09  ||F||=1.009e-03
 step= 72000  E=2.327493352940e+02  Q=5.220000000000e+02  λ=7.993114e-01  dt=7.612e-04  relΔE=1.394e-09  ||F||=9.844e-04
 step= 72500  E=2.327490947127e+02  Q=5.220000000000e+02  λ=7.993012e-01  dt=1.178e-03  relΔE=2.056e-09  ||F||=9.608e-04
 step= 73000  E=2.327488557970e+02  Q=5.220000000000e+02  λ=7.992909e-01  dt=9.120e-04  relΔE=1.513e-09  ||F||=9.368e-04
 step= 73500  E=2.327486289547e+02  Q=5.220000000000e+02  λ=7.992809e-01  dt=1.412e-03  relΔE=2.227e-09  ||F||=9.134e-04
 step= 74000  E=2.327484185413e+02  Q=5.220000000000e+02  λ=7.992714e-01  dt=1.093e-03  relΔE=1.641e-09  ||F||=8.911e-04
 step= 74500  E=2.327482117287e+02  Q=5.220000000000e+02  λ=7.992618e-01  dt=8.456e-04  relΔE=1.207e-09  ||F||=8.686e-04
 step= 75000  E=2.327480188151e+02  Q=5.220000000000e+02  λ=7.992527e-01  dt=1.309e-03  relΔE=1.778e-09  ||F||=8.471e-04
 step= 75500  E=2.327478365575e+02  Q=5.220000000000e+02  λ=7.992439e-01  dt=1.013e-03  relΔE=1.310e-09  ||F||=8.262e-04
 step= 76000  E=2.327476567162e+02  Q=5.220000000000e+02  λ=7.992350e-01  dt=7.841e-04  relΔE=9.627e-10  ||F||=8.051e-04
 step= 76500  E=2.327474940569e+02  Q=5.220000000000e+02  λ=7.992267e-01  dt=1.214e-03  relΔE=1.419e-09  ||F||=7.855e-04
 step= 77000  E=2.327473347972e+02  Q=5.220000000000e+02  λ=7.992185e-01  dt=9.394e-04  relΔE=1.044e-09  ||F||=7.658e-04
 step= 77500  E=2.327471814529e+02  Q=5.220000000000e+02  λ=7.992104e-01  dt=1.454e-03  relΔE=1.536e-09  ||F||=7.465e-04
 step= 78000  E=2.327470416412e+02  Q=5.220000000000e+02  λ=7.992028e-01  dt=1.125e-03  relΔE=1.132e-09  ||F||=7.280e-04
 step= 78500  E=2.327469038583e+02  Q=5.220000000000e+02  λ=7.991952e-01  dt=8.711e-04  relΔE=8.323e-10  ||F||=7.096e-04
 step= 79000  E=2.327467743785e+02  Q=5.220000000000e+02  λ=7.991879e-01  dt=1.348e-03  relΔE=1.225e-09  ||F||=6.918e-04
 step= 79500  E=2.327466527972e+02  Q=5.220000000000e+02  λ=7.991808e-01  dt=1.044e-03  relΔE=9.020e-10  ||F||=6.746e-04
 step= 80000  E=2.327465334744e+02  Q=5.220000000000e+02  λ=7.991737e-01  dt=8.077e-04  relΔE=6.631e-10  ||F||=6.573e-04
 step= 80500  E=2.327464240135e+02  Q=5.220000000000e+02  λ=7.991671e-01  dt=1.250e-03  relΔE=9.768e-10  ||F||=6.411e-04
 step= 81000  E=2.327463184939e+02  Q=5.220000000000e+02  λ=7.991605e-01  dt=9.677e-04  relΔE=7.188e-10  ||F||=6.250e-04
 step= 81500  E=2.327462152624e+02  Q=5.220000000000e+02  λ=7.991540e-01  dt=1.498e-03  relΔE=1.050e-09  ||F||=1.812e-03
 step= 82000  E=2.327461227987e+02  Q=5.220000000000e+02  λ=7.991480e-01  dt=1.159e-03  relΔE=7.786e-10  ||F||=5.940e-04
 step= 82500  E=2.327460310352e+02  Q=5.220000000000e+02  λ=7.991418e-01  dt=8.973e-04  relΔE=5.726e-10  ||F||=5.789e-04
 step= 83000  E=2.327459443069e+02  Q=5.220000000000e+02  λ=7.991359e-01  dt=1.389e-03  relΔE=8.424e-10  ||F||=5.642e-04
 step= 83500  E=2.327458633273e+02  Q=5.220000000000e+02  λ=7.991303e-01  dt=1.075e-03  relΔE=6.202e-10  ||F||=5.502e-04
 step= 84000  E=2.327457841522e+02  Q=5.220000000000e+02  λ=7.991246e-01  dt=8.320e-04  relΔE=4.560e-10  ||F||=5.361e-04
 step= 84500  E=2.327457106550e+02  Q=5.220000000000e+02  λ=7.991193e-01  dt=1.288e-03  relΔE=6.713e-10  ||F||=5.226e-04
 step= 85000  E=2.327456409240e+02  Q=5.220000000000e+02  λ=7.991140e-01  dt=9.968e-04  relΔE=4.941e-10  ||F||=5.096e-04
 step= 85500  E=2.327455719708e+02  Q=5.220000000000e+02  λ=7.991088e-01  dt=7.715e-04  relΔE=3.630e-10  ||F||=4.992e-04
 step= 86000  E=2.327455101272e+02  Q=5.220000000000e+02  λ=7.991039e-01  dt=1.194e-03  relΔE=5.349e-10  ||F||=4.841e-04
 step= 86500  E=2.327454492631e+02  Q=5.220000000000e+02  λ=7.990990e-01  dt=9.242e-04  relΔE=3.934e-10  ||F||=4.718e-04
 step= 87000  E=2.327453910242e+02  Q=5.220000000000e+02  λ=7.990942e-01  dt=1.431e-03  relΔE=5.785e-10  ||F||=4.597e-04
 step= 87500  E=2.327453375387e+02  Q=5.220000000000e+02  λ=7.990897e-01  dt=1.107e-03  relΔE=4.260e-10  ||F||=4.482e-04
 step= 88000  E=2.327452848841e+02  Q=5.220000000000e+02  λ=7.990852e-01  dt=8.570e-04  relΔE=3.132e-10  ||F||=4.367e-04
 step= 88500  E=2.327452356177e+02  Q=5.220000000000e+02  λ=7.990809e-01  dt=1.327e-03  relΔE=4.609e-10  ||F||=4.257e-04
 step= 89000  E=2.327451892383e+02  Q=5.220000000000e+02  λ=7.990767e-01  dt=1.027e-03  relΔE=3.392e-10  ||F||=4.150e-04
 step= 89500  E=2.327451436511e+02  Q=5.220000000000e+02  λ=7.990724e-01  dt=7.947e-04  relΔE=2.493e-10  ||F||=4.042e-04
 step= 90000  E=2.327451021486e+02  Q=5.220000000000e+02  λ=7.990685e-01  dt=1.230e-03  relΔE=3.671e-10  ||F||=3.942e-04
 step= 90500  E=2.327450618415e+02  Q=5.220000000000e+02  λ=7.990646e-01  dt=9.520e-04  relΔE=2.701e-10  ||F||=3.841e-04
 step= 91000  E=2.327450226782e+02  Q=5.220000000000e+02  λ=7.990607e-01  dt=1.474e-03  relΔE=3.969e-10  ||F||=3.981e-04
 step= 91500  E=2.327449873059e+02  Q=5.220000000000e+02  λ=7.990571e-01  dt=1.141e-03  relΔE=2.924e-10  ||F||=3.649e-04
 step= 92000  E=2.327449523578e+02  Q=5.220000000000e+02  λ=7.990535e-01  dt=8.828e-04  relΔE=2.150e-10  ||F||=3.555e-04
 step= 92500  E=2.327449194548e+02  Q=5.220000000000e+02  λ=7.990500e-01  dt=1.366e-03  relΔE=3.163e-10  ||F||=3.464e-04
 step= 93000  E=2.327448886537e+02  Q=5.220000000000e+02  λ=7.990466e-01  dt=1.058e-03  relΔE=2.328e-10  ||F||=3.377e-04
 step= 93500  E=2.327448584674e+02  Q=5.220000000000e+02  λ=7.990432e-01  dt=8.186e-04  relΔE=1.711e-10  ||F||=3.290e-04
 step= 94000  E=2.327448306381e+02  Q=5.220000000000e+02  λ=7.990400e-01  dt=1.267e-03  relΔE=2.519e-10  ||F||=3.207e-04
 step= 94500  E=2.327448040116e+02  Q=5.220000000000e+02  λ=7.990369e-01  dt=9.807e-04  relΔE=1.854e-10  ||F||=3.126e-04
 step= 95000  E=2.327447777517e+02  Q=5.220000000000e+02  λ=7.990337e-01  dt=7.590e-04  relΔE=1.508e-10  ||F||=3.165e-03
 step= 95500  E=2.327447543204e+02  Q=5.220000000000e+02  λ=7.990308e-01  dt=1.175e-03  relΔE=2.007e-10  ||F||=2.969e-04
 step= 96000  E=2.327447313904e+02  Q=5.220000000000e+02  λ=7.990280e-01  dt=7.578e-04  relΔE=1.231e-10  ||F||=2.893e-04
 step= 96500  E=2.327447102154e+02  Q=5.220000000000e+02  λ=7.990252e-01  dt=1.173e-03  relΔE=1.814e-10  ||F||=2.822e-04
 step= 97000  E=2.327446894325e+02  Q=5.220000000000e+02  λ=7.990225e-01  dt=7.566e-04  relΔE=1.112e-10  ||F||=2.750e-04
 step= 97500  E=2.327446702702e+02  Q=5.220000000000e+02  λ=7.990199e-01  dt=1.171e-03  relΔE=1.639e-10  ||F||=2.682e-04
 step= 98000  E=2.327446512301e+02  Q=5.220000000000e+02  λ=7.990172e-01  dt=9.064e-04  relΔE=1.205e-10  ||F||=2.613e-04
 step= 98500  E=2.327446331675e+02  Q=5.220000000000e+02  λ=7.990147e-01  dt=1.403e-03  relΔE=1.773e-10  ||F||=2.546e-04
 step= 99000  E=2.327446164732e+02  Q=5.220000000000e+02  λ=7.990123e-01  dt=1.086e-03  relΔE=1.306e-10  ||F||=2.482e-04
 step= 99500  E=2.327446000923e+02  Q=5.220000000000e+02  λ=7.990098e-01  dt=8.404e-04  relΔE=9.600e-11  ||F||=2.417e-04
 step=100000  E=2.327445848035e+02  Q=5.220000000000e+02  λ=7.990075e-01  dt=1.301e-03  relΔE=1.413e-10  ||F||=2.356e-04
 step=100500  E=2.327445703425e+02  Q=5.220000000000e+02  λ=7.990052e-01  dt=1.007e-03  relΔE=1.040e-10  ||F||=2.297e-04
 step=101000  E=2.327445560605e+02  Q=5.220000000000e+02  λ=7.990029e-01  dt=7.793e-04  relΔE=7.644e-11  ||F||=2.236e-04
 step=101500  E=2.327445432021e+02  Q=5.220000000000e+02  λ=7.990008e-01  dt=1.206e-03  relΔE=1.126e-10  ||F||=2.181e-04
 step=102000  E=2.327445306311e+02  Q=5.220000000000e+02  λ=7.989987e-01  dt=9.336e-04  relΔE=8.288e-11  ||F||=2.125e-04
 step=102500  E=2.327445184937e+02  Q=5.220000000000e+02  λ=7.989966e-01  dt=1.445e-03  relΔE=1.219e-10  ||F||=2.070e-04
 step=103000  E=2.327445074162e+02  Q=5.220000000000e+02  λ=7.989947e-01  dt=1.119e-03  relΔE=8.979e-11  ||F||=2.018e-04
 step=103500  E=2.327444965134e+02  Q=5.220000000000e+02  λ=7.989927e-01  dt=8.657e-04  relΔE=6.604e-11  ||F||=1.966e-04
 step=104000  E=2.327444862533e+02  Q=5.220000000000e+02  λ=7.989908e-01  dt=1.340e-03  relΔE=9.720e-11  ||F||=1.915e-04
 step=104500  E=2.327444766341e+02  Q=5.220000000000e+02  λ=7.989890e-01  dt=1.037e-03  relΔE=7.158e-11  ||F||=1.867e-04
 step=105000  E=2.327444671898e+02  Q=5.220000000000e+02  λ=7.989872e-01  dt=8.027e-04  relΔE=5.263e-11  ||F||=1.818e-04
 step=105500  E=2.327444585265e+02  Q=5.220000000000e+02  λ=7.989855e-01  dt=1.243e-03  relΔE=7.754e-11  ||F||=1.773e-04
 step=106000  E=2.327444501839e+02  Q=5.220000000000e+02  λ=7.989838e-01  dt=9.617e-04  relΔE=5.708e-11  ||F||=1.728e-04
 step=106500  E=2.327444419970e+02  Q=5.220000000000e+02  λ=7.989821e-01  dt=1.489e-03  relΔE=8.273e-11  ||F||=8.102e-04
 step=107000  E=2.327444346728e+02  Q=5.220000000000e+02  λ=7.989805e-01  dt=1.152e-03  relΔE=6.187e-11  ||F||=1.640e-04
 step=107500  E=2.327444274002e+02  Q=5.220000000000e+02  λ=7.989789e-01  dt=8.918e-04  relΔE=4.552e-11  ||F||=1.598e-04
 step=108000  E=2.327444205131e+02  Q=5.220000000000e+02  λ=7.989774e-01  dt=1.380e-03  relΔE=6.700e-11  ||F||=1.557e-04
 step=108500  E=2.327444140991e+02  Q=5.220000000000e+02  λ=7.989759e-01  dt=1.068e-03  relΔE=4.936e-11  ||F||=1.518e-04
 step=109000  E=2.327444078211e+02  Q=5.220000000000e+02  λ=7.989744e-01  dt=8.269e-04  relΔE=3.631e-11  ||F||=1.478e-04
 step=109500  E=2.327444019750e+02  Q=5.220000000000e+02  λ=7.989730e-01  dt=1.280e-03  relΔE=5.349e-11  ||F||=1.441e-04
 step=110000  E=2.327443964317e+02  Q=5.220000000000e+02  λ=7.989717e-01  dt=9.907e-04  relΔE=3.941e-11  ||F||=1.404e-04
 step=110500  E=2.327443909453e+02  Q=5.220000000000e+02  λ=7.989703e-01  dt=7.667e-04  relΔE=2.897e-11  ||F||=1.368e-04
 step=111000  E=2.327443860213e+02  Q=5.220000000000e+02  λ=7.989690e-01  dt=1.187e-03  relΔE=4.273e-11  ||F||=1.334e-04
 step=111500  E=2.327443811706e+02  Q=5.220000000000e+02  λ=7.989678e-01  dt=9.186e-04  relΔE=3.145e-11  ||F||=1.299e-04
 step=112000  E=2.327443765245e+02  Q=5.220000000000e+02  λ=7.989665e-01  dt=1.422e-03  relΔE=4.629e-11  ||F||=1.266e-04
 step=112500  E=2.327443722420e+02  Q=5.220000000000e+02  λ=7.989653e-01  dt=1.101e-03  relΔE=3.413e-11  ||F||=1.234e-04
 step=113000  E=2.327443680335e+02  Q=5.220000000000e+02  λ=7.989641e-01  dt=8.518e-04  relΔE=2.512e-11  ||F||=1.202e-04
 step=113500  E=2.327443640815e+02  Q=5.220000000000e+02  λ=7.989630e-01  dt=1.318e-03  relΔE=3.700e-11  ||F||=1.171e-04
 step=114000  E=2.327443603665e+02  Q=5.220000000000e+02  λ=7.989619e-01  dt=1.020e-03  relΔE=2.726e-11  ||F||=1.141e-04
 step=114500  E=2.327443567143e+02  Q=5.220000000000e+02  λ=7.989608e-01  dt=7.898e-04  relΔE=2.006e-11  ||F||=1.112e-04
 step=115000  E=2.327443533768e+02  Q=5.220000000000e+02  λ=7.989598e-01  dt=1.223e-03  relΔE=2.958e-11  ||F||=1.084e-04
 step=115500  E=2.327443501310e+02  Q=5.220000000000e+02  λ=7.989587e-01  dt=9.462e-04  relΔE=2.179e-11  ||F||=1.056e-04
 step=116000  E=2.327443469774e+02  Q=5.220000000000e+02  λ=7.989577e-01  dt=1.465e-03  relΔE=3.207e-11  ||F||=1.198e-04
 step=116500  E=2.327443441253e+02  Q=5.220000000000e+02  λ=7.989568e-01  dt=1.134e-03  relΔE=2.366e-11  ||F||=1.003e-04
 step=117000  E=2.327443413026e+02  Q=5.220000000000e+02  λ=7.989558e-01  dt=8.774e-04  relΔE=1.742e-11  ||F||=9.768e-05
 step=117500  E=2.327443386337e+02  Q=5.220000000000e+02  λ=7.989549e-01  dt=1.358e-03  relΔE=2.567e-11  ||F||=9.518e-05
 step=118000  E=2.327443361383e+02  Q=5.220000000000e+02  λ=7.989540e-01  dt=1.051e-03  relΔE=1.893e-11  ||F||=9.277e-05
 step=118500  E=2.327443336881e+02  Q=5.220000000000e+02  λ=7.989531e-01  dt=8.136e-04  relΔE=1.394e-11  ||F||=9.036e-05
 step=119000  E=2.327443314193e+02  Q=5.220000000000e+02  λ=7.989522e-01  dt=1.259e-03  relΔE=2.056e-11  ||F||=8.807e-05
 step=119500  E=2.327443292504e+02  Q=5.220000000000e+02  λ=7.989514e-01  dt=9.747e-04  relΔE=1.516e-11  ||F||=8.583e-05
 step=120000  E=2.327443271046e+02  Q=5.220000000000e+02  λ=7.989506e-01  dt=7.544e-04  relΔE=1.291e-11  ||F||=1.038e-03
 step=120500  E=2.327443251889e+02  Q=5.220000000000e+02  λ=7.989498e-01  dt=1.168e-03  relΔE=1.647e-11  ||F||=8.150e-05
 step=121000  E=2.327443232842e+02  Q=5.220000000000e+02  λ=7.989490e-01  dt=9.038e-04  relΔE=1.214e-11  ||F||=7.939e-05
 step=121500  E=2.327443214734e+02  Q=5.220000000000e+02  λ=7.989483e-01  dt=1.399e-03  relΔE=1.789e-11  ||F||=7.735e-05
 step=122000  E=2.327443198366e+02  Q=5.220000000000e+02  λ=7.989476e-01  dt=9.023e-04  relΔE=1.101e-11  ||F||=7.545e-05
 step=122500  E=2.327443181888e+02  Q=5.220000000000e+02  λ=7.989469e-01  dt=1.397e-03  relΔE=1.623e-11  ||F||=7.350e-05
 step=123000  E=2.327443166586e+02  Q=5.220000000000e+02  λ=7.989462e-01  dt=1.081e-03  relΔE=1.198e-11  ||F||=7.165e-05
 step=123500  E=2.327443151579e+02  Q=5.220000000000e+02  λ=7.989455e-01  dt=8.367e-04  relΔE=8.829e-12  ||F||=6.979e-05
 step=124000  E=2.327443137502e+02  Q=5.220000000000e+02  λ=7.989449e-01  dt=1.295e-03  relΔE=1.303e-11  ||F||=6.801e-05
 step=124500  E=2.327443124212e+02  Q=5.220000000000e+02  λ=7.989442e-01  dt=1.002e-03  relΔE=9.613e-12  ||F||=6.629e-05
 step=125000  E=2.327443111070e+02  Q=5.220000000000e+02  λ=7.989436e-01  dt=7.758e-04  relΔE=7.082e-12  ||F||=6.455e-05
 step=125500  E=2.327443099159e+02  Q=5.220000000000e+02  λ=7.989430e-01  dt=1.201e-03  relΔE=1.046e-11  ||F||=6.294e-05
 step=126000  E=2.327443087470e+02  Q=5.220000000000e+02  λ=7.989424e-01  dt=9.294e-04  relΔE=7.716e-12  ||F||=6.133e-05
 step=126500  E=2.327443076184e+02  Q=5.220000000000e+02  λ=7.989418e-01  dt=1.439e-03  relΔE=1.138e-11  ||F||=5.977e-05
 step=127000  E=2.327443065858e+02  Q=5.220000000000e+02  λ=7.989413e-01  dt=1.114e-03  relΔE=8.405e-12  ||F||=5.824e-05
 step=127500  E=2.327443055651e+02  Q=5.220000000000e+02  λ=7.989407e-01  dt=8.618e-04  relΔE=6.198e-12  ||F||=5.673e-05
 step=128000  E=2.327443046021e+02  Q=5.220000000000e+02  λ=7.989402e-01  dt=1.334e-03  relΔE=9.151e-12  ||F||=5.528e-05
 step=128500  E=2.327443036978e+02  Q=5.220000000000e+02  λ=7.989397e-01  dt=1.033e-03  relΔE=6.758e-12  ||F||=5.388e-05
 step=129000  E=2.327443028049e+02  Q=5.220000000000e+02  λ=7.989391e-01  dt=7.991e-04  relΔE=4.983e-12  ||F||=5.248e-05
 step=129500  E=2.327443019846e+02  Q=5.220000000000e+02  λ=7.989387e-01  dt=1.237e-03  relΔE=7.365e-12  ||F||=5.116e-05
 step=130000  E=2.327443011911e+02  Q=5.220000000000e+02  λ=7.989382e-01  dt=9.574e-04  relΔE=5.438e-12  ||F||=4.985e-05
 step=130500  E=2.327443004100e+02  Q=5.220000000000e+02  λ=7.989377e-01  dt=1.482e-03  relΔE=7.892e-12  ||F||=2.436e-04
 step=131000  E=2.327442997099e+02  Q=5.220000000000e+02  λ=7.989373e-01  dt=1.147e-03  relΔE=5.931e-12  ||F||=4.734e-05
 step=131500  E=2.327442990116e+02  Q=5.220000000000e+02  λ=7.989368e-01  dt=8.877e-04  relΔE=4.378e-12  ||F||=4.611e-05
 step=132000  E=2.327442983481e+02  Q=5.220000000000e+02  λ=7.989364e-01  dt=1.374e-03  relΔE=6.465e-12  ||F||=4.492e-05
 step=132500  E=2.327442977291e+02  Q=5.220000000000e+02  λ=7.989360e-01  dt=1.064e-03  relΔE=4.780e-12  ||F||=4.379e-05
 step=133000  E=2.327442971201e+02  Q=5.220000000000e+02  λ=7.989355e-01  dt=8.232e-04  relΔE=3.529e-12  ||F||=4.266e-05
 step=133500  E=2.327442965503e+02  Q=5.220000000000e+02  λ=7.989351e-01  dt=1.274e-03  relΔE=5.215e-12  ||F||=4.157e-05
 step=134000  E=2.327442960088e+02  Q=5.220000000000e+02  λ=7.989348e-01  dt=9.862e-04  relΔE=3.856e-12  ||F||=4.052e-05
 step=134500  E=2.327442954717e+02  Q=5.220000000000e+02  λ=7.989344e-01  dt=7.633e-04  relΔE=2.846e-12  ||F||=3.945e-05
 step=135000  E=2.327442949878e+02  Q=5.220000000000e+02  λ=7.989340e-01  dt=1.182e-03  relΔE=4.212e-12  ||F||=3.847e-05
 step=135500  E=2.327442945086e+02  Q=5.220000000000e+02  λ=7.989337e-01  dt=9.144e-04  relΔE=3.113e-12  ||F||=3.748e-05
 step=136000  E=2.327442940485e+02  Q=5.220000000000e+02  λ=7.989333e-01  dt=1.415e-03  relΔE=4.599e-12  ||F||=3.651e-05
 step=136500  E=2.327442936233e+02  Q=5.220000000000e+02  λ=7.989330e-01  dt=1.096e-03  relΔE=3.405e-12  ||F||=3.560e-05
 step=137000  E=2.327442932037e+02  Q=5.220000000000e+02  λ=7.989326e-01  dt=8.479e-04  relΔE=2.517e-12  ||F||=3.468e-05
 step=137500  E=2.327442928074e+02  Q=5.220000000000e+02  λ=7.989323e-01  dt=1.313e-03  relΔE=3.722e-12  ||F||=3.379e-05
 step=138000  E=2.327442924339e+02  Q=5.220000000000e+02  λ=7.989320e-01  dt=1.016e-03  relΔE=2.755e-12  ||F||=3.294e-05
 step=138500  E=2.327442920640e+02  Q=5.220000000000e+02  λ=7.989317e-01  dt=7.862e-04  relΔE=2.036e-12  ||F||=3.208e-05
 step=139000  E=2.327442917255e+02  Q=5.220000000000e+02  λ=7.989314e-01  dt=1.217e-03  relΔE=3.016e-12  ||F||=3.128e-05
 step=139500  E=2.327442913948e+02  Q=5.220000000000e+02  λ=7.989311e-01  dt=9.419e-04  relΔE=2.231e-12  ||F||=3.048e-05
 step=140000  E=2.327442910715e+02  Q=5.220000000000e+02  λ=7.989308e-01  dt=1.458e-03  relΔE=3.300e-12  ||F||=3.687e-05
 step=140500  E=2.327442907778e+02  Q=5.220000000000e+02  λ=7.989305e-01  dt=1.129e-03  relΔE=2.446e-12  ||F||=2.894e-05
 step=141000  E=2.327442904858e+02  Q=5.220000000000e+02  λ=7.989303e-01  dt=8.734e-04  relΔE=1.810e-12  ||F||=2.820e-05
 step=141500  E=2.327442902083e+02  Q=5.220000000000e+02  λ=7.989300e-01  dt=1.352e-03  relΔE=2.679e-12  ||F||=2.747e-05
 step=142000  E=2.327442899480e+02  Q=5.220000000000e+02  λ=7.989297e-01  dt=1.046e-03  relΔE=1.985e-12  ||F||=2.678e-05
 step=142500  E=2.327442896907e+02  Q=5.220000000000e+02  λ=7.989295e-01  dt=8.099e-04  relΔE=1.469e-12  ||F||=2.609e-05
 step=143000  E=2.327442894513e+02  Q=5.220000000000e+02  λ=7.989292e-01  dt=1.254e-03  relΔE=2.178e-12  ||F||=2.543e-05
 step=143500  E=2.327442892213e+02  Q=5.220000000000e+02  λ=7.989290e-01  dt=9.703e-04  relΔE=1.614e-12  ||F||=2.479e-05
 step=144000  E=2.327442889928e+02  Q=5.220000000000e+02  λ=7.989288e-01  dt=7.510e-04  relΔE=1.202e-12  ||F||=7.763e-05
 step=144500  E=2.327442887878e+02  Q=5.220000000000e+02  λ=7.989286e-01  dt=1.162e-03  relΔE=1.773e-12  ||F||=2.354e-05
 step=145000  E=2.327442885826e+02  Q=5.220000000000e+02  λ=7.989283e-01  dt=8.997e-04  relΔE=1.313e-12  ||F||=2.293e-05
 step=145500  E=2.327442883861e+02  Q=5.220000000000e+02  λ=7.989281e-01  dt=1.393e-03  relΔE=1.946e-12  ||F||=2.234e-05
 step=146000  E=2.327442882033e+02  Q=5.220000000000e+02  λ=7.989279e-01  dt=1.078e-03  relΔE=1.444e-12  ||F||=2.178e-05
 step=146500  E=2.327442880224e+02  Q=5.220000000000e+02  λ=7.989277e-01  dt=8.342e-04  relΔE=1.069e-12  ||F||=2.122e-05
 step=147000  E=2.327442878596e+02  Q=5.220000000000e+02  λ=7.989275e-01  dt=1.076e-03  relΔE=1.325e-12  ||F||=2.070e-05
 step=147500  E=2.327442876934e+02  Q=5.220000000000e+02  λ=7.989273e-01  dt=8.329e-04  relΔE=9.823e-13  ||F||=2.017e-05
 step=148000  E=2.327442875363e+02  Q=5.220000000000e+02  λ=7.989271e-01  dt=1.289e-03  relΔE=1.458e-12  ||F||=1.966e-05
 step=148500  E=2.327442873876e+02  Q=5.220000000000e+02  λ=7.989270e-01  dt=9.978e-04  relΔE=1.082e-12  ||F||=1.916e-05
 step=149000  E=2.327442872392e+02  Q=5.220000000000e+02  λ=7.989268e-01  dt=7.723e-04  relΔE=8.014e-13  ||F||=1.866e-05
 step=149500  E=2.327442871043e+02  Q=5.220000000000e+02  λ=7.989266e-01  dt=1.195e-03  relΔE=1.192e-12  ||F||=1.820e-05
 step=150000  E=2.327442869711e+02  Q=5.220000000000e+02  λ=7.989264e-01  dt=9.252e-04  relΔE=8.848e-13  ||F||=1.773e-05
 step=150500  E=2.327442868413e+02  Q=5.220000000000e+02  λ=7.989263e-01  dt=1.432e-03  relΔE=1.312e-12  ||F||=1.731e-05
 step=151000  E=2.327442867218e+02  Q=5.220000000000e+02  λ=7.989261e-01  dt=1.108e-03  relΔE=9.745e-13  ||F||=1.684e-05
 step=151500  E=2.327442866033e+02  Q=5.220000000000e+02  λ=7.989260e-01  dt=8.579e-04  relΔE=7.239e-13  ||F||=1.641e-05
 step=152000  E=2.327442864906e+02  Q=5.220000000000e+02  λ=7.989258e-01  dt=1.328e-03  relΔE=1.075e-12  ||F||=1.599e-05
 step=152500  E=2.327442863844e+02  Q=5.220000000000e+02  λ=7.989257e-01  dt=1.028e-03  relΔE=7.995e-13  ||F||=1.559e-05
 step=153000  E=2.327442862787e+02  Q=5.220000000000e+02  λ=7.989255e-01  dt=7.955e-04  relΔE=5.941e-13  ||F||=1.518e-05
 step=153500  E=2.327442861807e+02  Q=5.220000000000e+02  λ=7.989254e-01  dt=1.231e-03  relΔE=8.828e-13  ||F||=1.480e-05
 step=154000  E=2.327442860855e+02  Q=5.220000000000e+02  λ=7.989252e-01  dt=9.531e-04  relΔE=6.564e-13  ||F||=1.442e-05
 step=154500  E=2.327442859911e+02  Q=5.220000000000e+02  λ=7.989251e-01  dt=1.475e-03  relΔE=9.526e-13  ||F||=1.115e-04
 step=155000  E=2.327442859058e+02  Q=5.220000000000e+02  λ=7.989250e-01  dt=1.142e-03  relΔE=7.261e-13  ||F||=1.370e-05
 step=155500  E=2.327442858205e+02  Q=5.220000000000e+02  λ=7.989248e-01  dt=8.837e-04  relΔE=5.391e-13  ||F||=1.335e-05
 step=156000  E=2.327442857386e+02  Q=5.220000000000e+02  λ=7.989247e-01  dt=1.368e-03  relΔE=8.023e-13  ||F||=1.301e-05
 step=156500  E=2.327442856616e+02  Q=5.220000000000e+02  λ=7.989246e-01  dt=1.059e-03  relΔE=5.973e-13  ||F||=1.268e-05
 step=157000  E=2.327442855855e+02  Q=5.220000000000e+02  λ=7.989245e-01  dt=8.194e-04  relΔE=4.436e-13  ||F||=1.235e-05
 step=157500  E=2.327442855137e+02  Q=5.220000000000e+02  λ=7.989244e-01  dt=1.268e-03  relΔE=6.613e-13  ||F||=1.204e-05
 step=158000  E=2.327442854451e+02  Q=5.220000000000e+02  λ=7.989243e-01  dt=9.817e-04  relΔE=4.918e-13  ||F||=1.174e-05
 step=158500  E=2.327442853765e+02  Q=5.220000000000e+02  λ=7.989241e-01  dt=7.598e-04  relΔE=3.660e-13  ||F||=1.143e-05
 step=159000  E=2.327442853142e+02  Q=5.220000000000e+02  λ=7.989240e-01  dt=1.176e-03  relΔE=5.461e-13  ||F||=1.115e-05
 step=159500  E=2.327442852520e+02  Q=5.220000000000e+02  λ=7.989239e-01  dt=9.103e-04  relΔE=4.063e-13  ||F||=1.086e-05
 step=160000  E=2.327442851918e+02  Q=5.220000000000e+02  λ=7.989238e-01  dt=1.409e-03  relΔE=6.051e-13  ||F||=1.058e-05
 step=160500  E=2.327442851358e+02  Q=5.220000000000e+02  λ=7.989237e-01  dt=1.091e-03  relΔE=4.511e-13  ||F||=1.032e-05
 step=161000  E=2.327442850802e+02  Q=5.220000000000e+02  λ=7.989236e-01  dt=8.441e-04  relΔE=3.366e-13  ||F||=1.005e-05
 step=161500  E=2.327442850273e+02  Q=5.220000000000e+02  λ=7.989235e-01  dt=1.307e-03  relΔE=5.010e-13  ||F||=9.799e-06
 step=162000  E=2.327442849770e+02  Q=5.220000000000e+02  λ=7.989235e-01  dt=1.011e-03  relΔE=3.738e-13  ||F||=9.554e-06
 step=162500  E=2.327442849268e+02  Q=5.220000000000e+02  λ=7.989234e-01  dt=7.827e-04  relΔE=2.783e-13  ||F||=9.306e-06
 step=163000  E=2.327442848805e+02  Q=5.220000000000e+02  λ=7.989233e-01  dt=1.212e-03  relΔE=4.156e-13  ||F||=9.074e-06
 step=163500  E=2.327442848349e+02  Q=5.220000000000e+02  λ=7.989232e-01  dt=9.377e-04  relΔE=3.093e-13  ||F||=8.844e-06
 step=164000  E=2.327442847900e+02  Q=5.220000000000e+02  λ=7.989231e-01  dt=1.452e-03  relΔE=4.618e-13  ||F||=1.138e-05
 step=164500  E=2.327442847488e+02  Q=5.220000000000e+02  λ=7.989230e-01  dt=1.123e-03  relΔE=3.441e-13  ||F||=8.401e-06
 step=165000  E=2.327442847077e+02  Q=5.220000000000e+02  λ=7.989230e-01  dt=8.695e-04  relΔE=2.571e-13  ||F||=8.185e-06
 step=165500  E=2.327442846682e+02  Q=5.220000000000e+02  λ=7.989229e-01  dt=1.346e-03  relΔE=3.833e-13  ||F||=7.977e-06
 step=166000  E=2.327442846309e+02  Q=5.220000000000e+02  λ=7.989228e-01  dt=1.042e-03  relΔE=2.864e-13  ||F||=7.777e-06
 step=166500  E=2.327442845938e+02  Q=5.220000000000e+02  λ=7.989227e-01  dt=8.062e-04  relΔE=2.137e-13  ||F||=7.577e-06
 step=167000  E=2.327442845589e+02  Q=5.220000000000e+02  λ=7.989227e-01  dt=1.248e-03  relΔE=3.190e-13  ||F||=7.386e-06
 step=167500  E=2.327442845251e+02  Q=5.220000000000e+02  λ=7.989226e-01  dt=9.659e-04  relΔE=2.376e-13  ||F||=7.200e-06
 step=168000  E=2.327442844913e+02  Q=5.220000000000e+02  λ=7.989225e-01  dt=7.476e-04  relΔE=1.784e-13  ||F||=2.961e-05
 step=168500  E=2.327442844607e+02  Q=5.220000000000e+02  λ=7.989225e-01  dt=1.157e-03  relΔE=2.651e-13  ||F||=6.839e-06
 step=169000  E=2.327442844299e+02  Q=5.220000000000e+02  λ=7.989224e-01  dt=8.956e-04  relΔE=1.986e-13  ||F||=6.664e-06
 step=169500  E=2.327442844002e+02  Q=5.220000000000e+02  λ=7.989223e-01  dt=1.386e-03  relΔE=2.965e-13  ||F||=6.494e-06
 step=170000  E=2.327442843730e+02  Q=5.220000000000e+02  λ=7.989223e-01  dt=8.942e-04  relΔE=1.846e-13  ||F||=6.336e-06
 step=170500  E=2.327442843452e+02  Q=5.220000000000e+02  λ=7.989222e-01  dt=1.384e-03  relΔE=2.766e-13  ||F||=6.174e-06
 step=171000  E=2.327442843199e+02  Q=5.220000000000e+02  λ=7.989222e-01  dt=8.927e-04  relΔE=1.725e-13  ||F||=6.024e-06
 step=171500  E=2.327442842940e+02  Q=5.220000000000e+02  λ=7.989221e-01  dt=1.382e-03  relΔE=2.584e-13  ||F||=5.870e-06
 step=172000  E=2.327442842703e+02  Q=5.220000000000e+02  λ=7.989221e-01  dt=8.913e-04  relΔE=1.609e-13  ||F||=5.728e-06
 step=172500  E=2.327442842461e+02  Q=5.220000000000e+02  λ=7.989220e-01  dt=1.380e-03  relΔE=2.407e-13  ||F||=5.582e-06
 step=173000  E=2.327442842233e+02  Q=5.220000000000e+02  λ=7.989220e-01  dt=1.068e-03  relΔE=1.802e-13  ||F||=5.442e-06
 step=173500  E=2.327442842006e+02  Q=5.220000000000e+02  λ=7.989219e-01  dt=8.264e-04  relΔE=1.343e-13  ||F||=5.303e-06
 step=174000  E=2.327442841790e+02  Q=5.220000000000e+02  λ=7.989219e-01  dt=1.279e-03  relΔE=2.015e-13  ||F||=5.169e-06
 step=174500  E=2.327442841584e+02  Q=5.220000000000e+02  λ=7.989218e-01  dt=9.901e-04  relΔE=1.512e-13  ||F||=5.039e-06
 step=175000  E=2.327442841376e+02  Q=5.220000000000e+02  λ=7.989218e-01  dt=7.663e-04  relΔE=1.130e-13  ||F||=4.908e-06
 step=175500  E=2.327442841186e+02  Q=5.220000000000e+02  λ=7.989217e-01  dt=1.186e-03  relΔE=1.691e-13  ||F||=4.787e-06
 step=176000  E=2.327442840995e+02  Q=5.220000000000e+02  λ=7.989217e-01  dt=9.181e-04  relΔE=1.261e-13  ||F||=4.665e-06
 step=176500  E=2.327442840809e+02  Q=5.220000000000e+02  λ=7.989216e-01  dt=1.421e-03  relΔE=1.893e-13  ||F||=4.569e-06
 step=177000  E=2.327442840636e+02  Q=5.220000000000e+02  λ=7.989216e-01  dt=1.100e-03  relΔE=1.420e-13  ||F||=4.432e-06
 step=177500  E=2.327442840463e+02  Q=5.220000000000e+02  λ=7.989216e-01  dt=8.513e-04  relΔE=1.064e-13  ||F||=4.319e-06
 step=178000  E=2.327442840297e+02  Q=5.220000000000e+02  λ=7.989215e-01  dt=1.318e-03  relΔE=1.591e-13  ||F||=4.209e-06
 step=178500  E=2.327442840139e+02  Q=5.220000000000e+02  λ=7.989215e-01  dt=1.020e-03  relΔE=1.192e-13  ||F||=4.104e-06
 step=179000  E=2.327442839981e+02  Q=5.220000000000e+02  λ=7.989214e-01  dt=7.894e-04  relΔE=8.939e-14  ||F||=3.998e-06
 step=179500  E=2.327442839833e+02  Q=5.220000000000e+02  λ=7.989214e-01  dt=1.222e-03  relΔE=1.342e-13  ||F||=3.898e-06
 step=180000  E=2.327442839688e+02  Q=5.220000000000e+02  λ=7.989214e-01  dt=9.457e-04  relΔE=1.001e-13  ||F||=3.800e-06
 step=180500  E=2.327442839543e+02  Q=5.220000000000e+02  λ=7.989213e-01  dt=1.464e-03  relΔE=1.485e-13  ||F||=3.539e-05
 step=181000  E=2.327442839411e+02  Q=5.220000000000e+02  λ=7.989213e-01  dt=1.133e-03  relΔE=1.123e-13  ||F||=3.610e-06
 step=181500  E=2.327442839278e+02  Q=5.220000000000e+02  λ=7.989213e-01  dt=8.769e-04  relΔE=8.463e-14  ||F||=3.518e-06
 step=182000  E=2.327442839149e+02  Q=5.220000000000e+02  λ=7.989212e-01  dt=1.357e-03  relΔE=1.266e-13  ||F||=3.428e-06
 step=182500  E=2.327442839027e+02  Q=5.220000000000e+02  λ=7.989212e-01  dt=1.051e-03  relΔE=9.476e-14  ||F||=3.343e-06
 step=183000  E=2.327442838905e+02  Q=5.220000000000e+02  λ=7.989212e-01  dt=8.131e-04  relΔE=7.132e-14  ||F||=3.257e-06
 step=183500  E=2.327442838790e+02  Q=5.220000000000e+02  λ=7.989211e-01  dt=1.259e-03  relΔE=1.080e-13  ||F||=3.176e-06
 step=184000  E=2.327442838678e+02  Q=5.220000000000e+02  λ=7.989211e-01  dt=9.741e-04  relΔE=8.011e-14  ||F||=3.096e-06
 step=184500  E=2.327442838566e+02  Q=5.220000000000e+02  λ=7.989211e-01  dt=7.540e-04  relΔE=5.971e-14  ||F||=3.016e-06
 step=185000  E=2.327442838463e+02  Q=5.220000000000e+02  λ=7.989211e-01  dt=1.167e-03  relΔE=9.037e-14  ||F||=2.941e-06
 step=185500  E=2.327442838360e+02  Q=5.220000000000e+02  λ=7.989210e-01  dt=9.033e-04  relΔE=6.765e-14  ||F||=2.867e-06
 step=186000  E=2.327442838259e+02  Q=5.220000000000e+02  λ=7.989210e-01  dt=1.398e-03  relΔE=1.015e-13  ||F||=2.794e-06
 step=186500  E=2.327442838164e+02  Q=5.220000000000e+02  λ=7.989210e-01  dt=1.082e-03  relΔE=7.644e-14  ||F||=2.724e-06
 step=187000  E=2.327442838070e+02  Q=5.220000000000e+02  λ=7.989209e-01  dt=8.376e-04  relΔE=5.715e-14  ||F||=2.654e-06
 step=187500  E=2.327442837979e+02  Q=5.220000000000e+02  λ=7.989209e-01  dt=1.296e-03  relΔE=8.597e-14  ||F||=2.587e-06
 step=188000  E=2.327442837892e+02  Q=5.220000000000e+02  λ=7.989209e-01  dt=1.003e-03  relΔE=6.399e-14  ||F||=2.523e-06
 step=188500  E=2.327442837805e+02  Q=5.220000000000e+02  λ=7.989209e-01  dt=7.766e-04  relΔE=4.897e-14  ||F||=2.458e-06
 step=189000  E=2.327442837724e+02  Q=5.220000000000e+02  λ=7.989209e-01  dt=1.202e-03  relΔE=7.266e-14  ||F||=2.397e-06
 step=189500  E=2.327442837643e+02  Q=5.220000000000e+02  λ=7.989208e-01  dt=9.304e-04  relΔE=5.495e-14  ||F||=2.336e-06
 step=190000  E=2.327442837563e+02  Q=5.220000000000e+02  λ=7.989208e-01  dt=1.440e-03  relΔE=8.267e-14  ||F||=3.511e-06
 step=190500  E=2.327442837490e+02  Q=5.220000000000e+02  λ=7.989208e-01  dt=1.115e-03  relΔE=6.179e-14  ||F||=2.220e-06
 step=191000  E=2.327442837415e+02  Q=5.220000000000e+02  λ=7.989208e-01  dt=8.628e-04  relΔE=4.665e-14  ||F||=2.163e-06
 step=191500  E=2.327442837344e+02  Q=5.220000000000e+02  λ=7.989207e-01  dt=1.335e-03  relΔE=6.948e-14  ||F||=2.108e-06
 step=192000  E=2.327442837276e+02  Q=5.220000000000e+02  λ=7.989207e-01  dt=1.034e-03  relΔE=5.275e-14  ||F||=2.056e-06
 step=192500  E=2.327442837207e+02  Q=5.220000000000e+02  λ=7.989207e-01  dt=8.000e-04  relΔE=3.908e-14  ||F||=2.003e-06
 step=193000  E=2.327442837143e+02  Q=5.220000000000e+02  λ=7.989207e-01  dt=1.238e-03  relΔE=5.971e-14  ||F||=1.953e-06
 step=193500  E=2.327442837080e+02  Q=5.220000000000e+02  λ=7.989207e-01  dt=9.584e-04  relΔE=4.445e-14  ||F||=1.904e-06
 step=194000  E=2.327442837016e+02  Q=5.220000000000e+02  λ=7.989207e-01  dt=7.418e-04  relΔE=3.700e-14  ||F||=4.846e-05
 step=194500  E=2.327442836959e+02  Q=5.220000000000e+02  λ=7.989206e-01  dt=1.148e-03  relΔE=5.056e-14  ||F||=1.809e-06
 step=195000  E=2.327442836901e+02  Q=5.220000000000e+02  λ=7.989206e-01  dt=7.406e-04  relΔE=3.199e-14  ||F||=1.764e-06
 step=195500  E=2.327442836846e+02  Q=5.220000000000e+02  λ=7.989206e-01  dt=1.146e-03  relΔE=4.738e-14  ||F||=1.720e-06
 step=196000  E=2.327442836792e+02  Q=5.220000000000e+02  λ=7.989206e-01  dt=7.394e-04  relΔE=2.980e-14  ||F||=1.677e-06
 step=196500  E=2.327442836740e+02  Q=5.220000000000e+02  λ=7.989206e-01  dt=1.145e-03  relΔE=4.506e-14  ||F||=1.636e-06
 step=197000  E=2.327442836688e+02  Q=5.220000000000e+02  λ=7.989206e-01  dt=8.858e-04  relΔE=3.370e-14  ||F||=1.595e-06
 step=197500  E=2.327442836637e+02  Q=5.220000000000e+02  λ=7.989205e-01  dt=1.371e-03  relΔE=5.056e-14  ||F||=1.554e-06
 step=198000  E=2.327442836589e+02  Q=5.220000000000e+02  λ=7.989205e-01  dt=1.061e-03  relΔE=3.786e-14  ||F||=1.516e-06
 step=198500  E=2.327442836541e+02  Q=5.220000000000e+02  λ=7.989205e-01  dt=8.214e-04  relΔE=2.845e-14  ||F||=1.477e-06
 step=199000  E=2.327442836495e+02  Q=5.220000000000e+02  λ=7.989205e-01  dt=1.271e-03  relΔE=4.250e-14  ||F||=1.440e-06
 step=199500  E=2.327442836451e+02  Q=5.220000000000e+02  λ=7.989205e-01  dt=9.840e-04  relΔE=3.248e-14  ||F||=1.404e-06
 step=200000  E=2.327442836406e+02  Q=5.220000000000e+02  λ=7.989205e-01  dt=7.616e-04  relΔE=2.418e-14  ||F||=1.367e-06
 step=200500  E=2.327442836365e+02  Q=5.220000000000e+02  λ=7.989205e-01  dt=1.179e-03  relΔE=3.688e-14  ||F||=1.334e-06
 step=201000  E=2.327442836324e+02  Q=5.220000000000e+02  λ=7.989205e-01  dt=9.125e-04  relΔE=2.784e-14  ||F||=1.300e-06
 step=201500  E=2.327442836283e+02  Q=5.220000000000e+02  λ=7.989204e-01  dt=1.412e-03  relΔE=4.091e-14  ||F||=1.283e-06
 step=202000  E=2.327442836245e+02  Q=5.220000000000e+02  λ=7.989204e-01  dt=1.093e-03  relΔE=3.138e-14  ||F||=1.236e-06
 step=202500  E=2.327442836207e+02  Q=5.220000000000e+02  λ=7.989204e-01  dt=8.461e-04  relΔE=2.369e-14  ||F||=1.204e-06
 step=203000  E=2.327442836170e+02  Q=5.220000000000e+02  λ=7.989204e-01  dt=1.310e-03  relΔE=3.517e-14  ||F||=1.174e-06
 step=203500  E=2.327442836135e+02  Q=5.220000000000e+02  λ=7.989204e-01  dt=1.014e-03  relΔE=2.687e-14  ||F||=1.145e-06
 step=204000  E=2.327442836099e+02  Q=5.220000000000e+02  λ=7.989204e-01  dt=7.845e-04  relΔE=1.966e-14  ||F||=1.115e-06
 step=204500  E=2.327442836066e+02  Q=5.220000000000e+02  λ=7.989204e-01  dt=1.214e-03  relΔE=2.919e-14  ||F||=1.088e-06
 step=205000  E=2.327442836033e+02  Q=5.220000000000e+02  λ=7.989204e-01  dt=9.399e-04  relΔE=2.247e-14  ||F||=1.060e-06
 step=205500  E=2.327442836000e+02  Q=5.220000000000e+02  λ=7.989204e-01  dt=1.455e-03  relΔE=3.407e-14  ||F||=1.273e-05
 step=206000  E=2.327442835970e+02  Q=5.220000000000e+02  λ=7.989203e-01  dt=1.126e-03  relΔE=2.625e-14  ||F||=1.008e-06
 step=206500  E=2.327442835939e+02  Q=5.220000000000e+02  λ=7.989203e-01  dt=8.715e-04  relΔE=1.917e-14  ||F||=9.819e-07
 step=207000  E=2.327442835910e+02  Q=5.220000000000e+02  λ=7.989203e-01  dt=1.349e-03  relΔE=2.919e-14  ||F||=9.570e-07
 step=207500  E=2.327442835882e+02  Q=5.220000000000e+02  λ=7.989203e-01  dt=1.044e-03  relΔE=2.174e-14  ||F||=9.333e-07
 step=208000  E=2.327442835853e+02  Q=5.220000000000e+02  λ=7.989203e-01  dt=8.081e-04  relΔE=1.636e-14  ||F||=9.095e-07
 step=208500  E=2.327442835826e+02  Q=5.220000000000e+02  λ=7.989203e-01  dt=1.251e-03  relΔE=2.479e-14  ||F||=8.867e-07
 step=209000  E=2.327442835800e+02  Q=5.220000000000e+02  λ=7.989203e-01  dt=9.682e-04  relΔE=1.868e-14  ||F||=8.646e-07
 step=209500  E=2.327442835774e+02  Q=5.220000000000e+02  λ=7.989203e-01  dt=7.493e-04  relΔE=1.441e-14  ||F||=8.434e-07
 step=210000  E=2.327442835750e+02  Q=5.220000000000e+02  λ=7.989203e-01  dt=1.160e-03  relΔE=2.137e-14  ||F||=8.217e-07
 step=210500  E=2.327442835725e+02  Q=5.220000000000e+02  λ=7.989203e-01  dt=8.977e-04  relΔE=1.588e-14  ||F||=8.008e-07
 step=211000  E=2.327442835701e+02  Q=5.220000000000e+02  λ=7.989203e-01  dt=1.390e-03  relΔE=2.393e-14  ||F||=7.812e-07
 step=211500  E=2.327442835679e+02  Q=5.220000000000e+02  λ=7.989203e-01  dt=1.076e-03  relΔE=1.807e-14  ||F||=7.612e-07
 step=212000  E=2.327442835656e+02  Q=5.220000000000e+02  λ=7.989203e-01  dt=8.324e-04  relΔE=1.429e-14  ||F||=7.418e-07
 step=212500  E=2.327442835634e+02  Q=5.220000000000e+02  λ=7.989202e-01  dt=1.289e-03  relΔE=2.052e-14  ||F||=7.231e-07
 step=213000  E=2.327442835613e+02  Q=5.220000000000e+02  λ=7.989202e-01  dt=9.973e-04  relΔE=1.539e-14  ||F||=7.052e-07
 step=213500  E=2.327442835592e+02  Q=5.220000000000e+02  λ=7.989202e-01  dt=7.719e-04  relΔE=1.111e-14  ||F||=6.870e-07
 step=214000  E=2.327442835573e+02  Q=5.220000000000e+02  λ=7.989202e-01  dt=1.195e-03  relΔE=1.746e-14  ||F||=6.702e-07
 step=214500  E=2.327442835553e+02  Q=5.220000000000e+02  λ=7.989202e-01  dt=9.247e-04  relΔE=1.282e-14  ||F||=6.533e-07
 step=215000  E=2.327442835534e+02  Q=5.220000000000e+02  λ=7.989202e-01  dt=1.431e-03  relΔE=2.015e-14  ||F||=1.393e-06
 step=215500  E=2.327442835516e+02  Q=5.220000000000e+02  λ=7.989202e-01  dt=1.108e-03  relΔE=1.551e-14  ||F||=6.209e-07
 step=216000  E=2.327442835497e+02  Q=5.220000000000e+02  λ=7.989202e-01  dt=8.575e-04  relΔE=1.111e-14  ||F||=6.051e-07
 step=216500  E=2.327442835480e+02  Q=5.220000000000e+02  λ=7.989202e-01  dt=1.327e-03  relΔE=1.746e-14  ||F||=5.898e-07
 step=217000  E=2.327442835463e+02  Q=5.220000000000e+02  λ=7.989202e-01  dt=1.027e-03  relΔE=1.294e-14  ||F||=5.753e-07
 step=217500  E=2.327442835446e+02  Q=5.220000000000e+02  λ=7.989202e-01  dt=7.951e-04  relΔE=1.001e-14  ||F||=5.605e-07
 step=218000  E=2.327442835430e+02  Q=5.220000000000e+02  λ=7.989202e-01  dt=1.231e-03  relΔE=1.490e-14  ||F||=5.466e-07
 step=218500  E=2.327442835415e+02  Q=5.220000000000e+02  λ=7.989202e-01  dt=7.938e-04  relΔE=9.159e-15  ||F||=5.332e-07
 step=219000  E=2.327442835399e+02  Q=5.220000000000e+02  λ=7.989202e-01  dt=1.229e-03  relΔE=1.368e-14  ||F||=5.199e-07
 step=219500  E=2.327442835385e+02  Q=5.220000000000e+02  λ=7.989202e-01  dt=7.925e-04  relΔE=8.670e-15  ||F||=5.072e-07
 step=220000  E=2.327442835370e+02  Q=5.220000000000e+02  λ=7.989202e-01  dt=1.227e-03  relΔE=1.270e-14  ||F||=4.946e-07
 step=220500  E=2.327442835356e+02  Q=5.220000000000e+02  λ=7.989202e-01  dt=9.495e-04  relΔE=9.647e-15  ||F||=4.822e-07
 step=221000  E=2.327442835342e+02  Q=5.220000000000e+02  λ=7.989202e-01  dt=1.470e-03  relΔE=7.205e-15  ||F||=7.262e-05
 step=221500  E=2.327442835329e+02  Q=5.220000000000e+02  λ=7.989201e-01  dt=1.138e-03  relΔE=1.099e-14  ||F||=4.583e-07
 step=222000  E=2.327442835316e+02  Q=5.220000000000e+02  λ=7.989201e-01  dt=8.804e-04  relΔE=8.914e-15  ||F||=4.467e-07
 step=222500  E=2.327442835303e+02  Q=5.220000000000e+02  λ=7.989201e-01  dt=1.363e-03  relΔE=1.331e-14  ||F||=4.354e-07
 step=223000  E=2.327442835291e+02  Q=5.220000000000e+02  λ=7.989201e-01  dt=1.055e-03  relΔE=9.769e-15  ||F||=4.246e-07
 step=223500  E=2.327442835278e+02  Q=5.220000000000e+02  λ=7.989201e-01  dt=8.163e-04  relΔE=7.449e-15  ||F||=4.138e-07
 step=224000  E=2.327442835267e+02  Q=5.220000000000e+02  λ=7.989201e-01  dt=1.264e-03  relΔE=1.075e-14  ||F||=4.035e-07
 step=224500  E=2.327442835255e+02  Q=5.220000000000e+02  λ=7.989201e-01  dt=9.780e-04  relΔE=8.060e-15  ||F||=3.935e-07
 step=225000  E=2.327442835244e+02  Q=5.220000000000e+02  λ=7.989201e-01  dt=7.570e-04  relΔE=6.472e-15  ||F||=3.833e-07
 step=225500  E=2.327442835233e+02  Q=5.220000000000e+02  λ=7.989201e-01  dt=1.172e-03  relΔE=9.403e-15  ||F||=3.740e-07
 step=226000  E=2.327442835223e+02  Q=5.220000000000e+02  λ=7.989201e-01  dt=9.069e-04  relΔE=7.449e-15  ||F||=3.645e-07
 step=226500  E=2.327442835212e+02  Q=5.220000000000e+02  λ=7.989201e-01  dt=1.404e-03  relΔE=1.038e-14  ||F||=3.711e-07
 step=227000  E=2.327442835202e+02  Q=5.220000000000e+02  λ=7.989201e-01  dt=1.086e-03  relΔE=8.182e-15  ||F||=3.465e-07
 step=227500  E=2.327442835192e+02  Q=5.220000000000e+02  λ=7.989201e-01  dt=8.409e-04  relΔE=6.106e-15  ||F||=3.378e-07
 step=228000  E=2.327442835183e+02  Q=5.220000000000e+02  λ=7.989201e-01  dt=1.302e-03  relΔE=8.914e-15  ||F||=3.293e-07
 step=228500  E=2.327442835174e+02  Q=5.220000000000e+02  λ=7.989201e-01  dt=1.007e-03  relΔE=7.449e-15  ||F||=3.211e-07
 step=229000  E=2.327442835164e+02  Q=5.220000000000e+02  λ=7.989201e-01  dt=7.797e-04  relΔE=5.251e-15  ||F||=3.129e-07
 step=229500  E=2.327442835156e+02  Q=5.220000000000e+02  λ=7.989201e-01  dt=1.207e-03  relΔE=7.571e-15  ||F||=3.052e-07
 step=230000  E=2.327442835147e+02  Q=5.220000000000e+02  λ=7.989201e-01  dt=9.341e-04  relΔE=6.106e-15  ||F||=2.976e-07
 step=230500  E=2.327442835138e+02  Q=5.220000000000e+02  λ=7.989201e-01  dt=1.446e-03  relΔE=7.815e-15  ||F||=4.558e-06
 step=231000  E=2.327442835131e+02  Q=5.220000000000e+02  λ=7.989201e-01  dt=1.119e-03  relΔE=6.228e-15  ||F||=2.829e-07
 step=231500  E=2.327442835123e+02  Q=5.220000000000e+02  λ=7.989201e-01  dt=8.662e-04  relΔE=5.495e-15  ||F||=2.757e-07
 step=232000  E=2.327442835115e+02  Q=5.220000000000e+02  λ=7.989201e-01  dt=1.341e-03  relΔE=7.449e-15  ||F||=2.687e-07
 step=232500  E=2.327442835107e+02  Q=5.220000000000e+02  λ=7.989201e-01  dt=1.038e-03  relΔE=5.617e-15  ||F||=2.621e-07
 step=233000  E=2.327442835100e+02  Q=5.220000000000e+02  λ=7.989201e-01  dt=8.032e-04  relΔE=4.274e-15  ||F||=2.555e-07
 step=233500  E=2.327442835093e+02  Q=5.220000000000e+02  λ=7.989201e-01  dt=1.243e-03  relΔE=6.716e-15  ||F||=2.491e-07
 step=234000  E=2.327442835086e+02  Q=5.220000000000e+02  λ=7.989201e-01  dt=9.622e-04  relΔE=4.640e-15  ||F||=2.429e-07
 step=234500  E=2.327442835079e+02  Q=5.220000000000e+02  λ=7.989201e-01  dt=7.447e-04  relΔE=3.786e-15  ||F||=2.475e-07
 step=235000  E=2.327442835072e+02  Q=5.220000000000e+02  λ=7.989201e-01  dt=1.153e-03  relΔE=5.739e-15  ||F||=2.309e-07
 step=235500  E=2.327442835066e+02  Q=5.220000000000e+02  λ=7.989201e-01  dt=8.922e-04  relΔE=4.518e-15  ||F||=2.251e-07
 step=236000  E=2.327442835059e+02  Q=5.220000000000e+02  λ=7.989201e-01  dt=1.381e-03  relΔE=5.862e-15  ||F||=2.206e-07
 step=236500  E=2.327442835053e+02  Q=5.220000000000e+02  λ=7.989201e-01  dt=1.069e-03  relΔE=5.129e-15  ||F||=2.140e-07
 step=237000  E=2.327442835047e+02  Q=5.220000000000e+02  λ=7.989201e-01  dt=8.273e-04  relΔE=3.541e-15  ||F||=2.086e-07
 step=237500  E=2.327442835042e+02  Q=5.220000000000e+02  λ=7.989201e-01  dt=1.281e-03  relΔE=5.129e-15  ||F||=2.033e-07
 step=238000  E=2.327442835036e+02  Q=5.220000000000e+02  λ=7.989201e-01  dt=9.912e-04  relΔE=4.518e-15  ||F||=1.983e-07
 step=238500  E=2.327442835030e+02  Q=5.220000000000e+02  λ=7.989201e-01  dt=7.671e-04  relΔE=3.419e-15  ||F||=1.932e-07
 step=239000  E=2.327442835025e+02  Q=5.220000000000e+02  λ=7.989201e-01  dt=1.187e-03  relΔE=4.518e-15  ||F||=1.885e-07
 step=239500  E=2.327442835020e+02  Q=5.220000000000e+02  λ=7.989200e-01  dt=9.191e-04  relΔE=4.152e-15  ||F||=1.838e-07
 step=240000  E=2.327442835015e+02  Q=5.220000000000e+02  λ=7.989200e-01  dt=1.423e-03  relΔE=5.251e-15  ||F||=5.621e-07
 step=240500  E=2.327442835010e+02  Q=5.220000000000e+02  λ=7.989200e-01  dt=1.101e-03  relΔE=4.274e-15  ||F||=1.747e-07
 step=241000  E=2.327442835005e+02  Q=5.220000000000e+02  λ=7.989200e-01  dt=8.522e-04  relΔE=2.931e-15  ||F||=1.703e-07
 step=241500  E=2.327442835000e+02  Q=5.220000000000e+02  λ=7.989200e-01  dt=1.319e-03  relΔE=4.518e-15  ||F||=1.660e-07
 step=242000  E=2.327442834996e+02  Q=5.220000000000e+02  λ=7.989200e-01  dt=1.021e-03  relΔE=4.030e-15  ||F||=1.619e-07
 step=242500  E=2.327442834991e+02  Q=5.220000000000e+02  λ=7.989200e-01  dt=1.317e-03  relΔE=5.007e-15  ||F||=1.579e-07
 step=243000  E=2.327442834987e+02  Q=5.220000000000e+02  λ=7.989200e-01  dt=1.019e-03  relΔE=2.809e-15  ||F||=1.541e-07
 step=243500  E=2.327442834983e+02  Q=5.220000000000e+02  λ=7.989200e-01  dt=1.315e-03  relΔE=4.518e-15  ||F||=1.503e-07
 step=244000  E=2.327442834978e+02  Q=5.220000000000e+02  λ=7.989200e-01  dt=1.018e-03  relΔE=2.442e-15  ||F||=1.466e-07
 step=244500  E=2.327442834974e+02  Q=5.220000000000e+02  λ=7.989200e-01  dt=7.877e-04  relΔE=1.710e-15  ||F||=1.428e-07
 step=245000  E=2.327442834970e+02  Q=5.220000000000e+02  λ=7.989200e-01  dt=1.219e-03  relΔE=3.541e-15  ||F||=1.393e-07
 step=245500  E=2.327442834967e+02  Q=5.220000000000e+02  λ=7.989200e-01  dt=9.436e-04  relΔE=2.320e-15  ||F||=1.359e-07
 step=246000  E=2.327442834963e+02  Q=5.220000000000e+02  λ=7.989200e-01  dt=1.461e-03  relΔE=3.786e-15  ||F||=2.194e-05
 step=246500  E=2.327442834959e+02  Q=5.220000000000e+02  λ=7.989200e-01  dt=1.131e-03  relΔE=2.198e-15  ||F||=1.292e-07
 step=247000  E=2.327442834956e+02  Q=5.220000000000e+02  λ=7.989200e-01  dt=8.750e-04  relΔE=2.320e-15  ||F||=1.259e-07
 step=247500  E=2.327442834952e+02  Q=5.220000000000e+02  λ=7.989200e-01  dt=1.354e-03  relΔE=3.053e-15  ||F||=1.228e-07
 step=248000  E=2.327442834949e+02  Q=5.220000000000e+02  λ=7.989200e-01  dt=1.048e-03  relΔE=3.053e-15  ||F||=1.197e-07
 step=248500  E=2.327442834945e+02  Q=5.220000000000e+02  λ=7.989200e-01  dt=8.113e-04  relΔE=1.832e-15  ||F||=1.167e-07
 step=249000  E=2.327442834942e+02  Q=5.220000000000e+02  λ=7.989200e-01  dt=1.256e-03  relΔE=3.297e-15  ||F||=1.138e-07
 step=249500  E=2.327442834939e+02  Q=5.220000000000e+02  λ=7.989200e-01  dt=9.720e-04  relΔE=2.198e-15  ||F||=1.110e-07
 step=250000  E=2.327442834936e+02  Q=5.220000000000e+02  λ=7.989200e-01  dt=7.523e-04  relΔE=1.221e-15  ||F||=1.081e-07
 step=250500  E=2.327442834933e+02  Q=5.220000000000e+02  λ=7.989200e-01  dt=1.165e-03  relΔE=2.198e-15  ||F||=1.055e-07
 step=251000  E=2.327442834930e+02  Q=5.220000000000e+02  λ=7.989200e-01  dt=9.013e-04  relΔE=1.954e-15  ||F||=1.028e-07
 step=251500  E=2.327442834927e+02  Q=5.220000000000e+02  λ=7.989200e-01  dt=1.395e-03  relΔE=3.175e-15  ||F||=1.161e-07
 step=252000  E=2.327442834924e+02  Q=5.220000000000e+02  λ=7.989200e-01  dt=1.080e-03  relΔE=1.710e-15  ||F||=9.778e-08
 step=252500  E=2.327442834922e+02  Q=5.220000000000e+02  λ=7.989200e-01  dt=8.357e-04  relΔE=2.198e-15  ||F||=9.531e-08
 step=253000  E=2.327442834919e+02  Q=5.220000000000e+02  λ=7.989200e-01  dt=1.294e-03  relΔE=1.710e-15  ||F||=9.293e-08
 step=253500  E=2.327442834917e+02  Q=5.220000000000e+02  λ=7.989200e-01  dt=1.001e-03  relΔE=2.198e-15  ||F||=9.064e-08
 step=254000  E=2.327442834914e+02  Q=5.220000000000e+02  λ=7.989200e-01  dt=7.749e-04  relΔE=1.710e-15  ||F||=8.832e-08
 step=254500  E=2.327442834912e+02  Q=5.220000000000e+02  λ=7.989200e-01  dt=1.200e-03  relΔE=2.198e-15  ||F||=8.616e-08
 step=255000  E=2.327442834909e+02  Q=5.220000000000e+02  λ=7.989200e-01  dt=9.284e-04  relΔE=2.442e-15  ||F||=8.401e-08
 step=255500  E=2.327442834907e+02  Q=5.220000000000e+02  λ=7.989200e-01  dt=1.437e-03  relΔE=2.442e-15  ||F||=1.942e-06
 step=256000  E=2.327442834905e+02  Q=5.220000000000e+02  λ=7.989200e-01  dt=1.112e-03  relΔE=1.465e-15  ||F||=7.987e-08
 step=256500  E=2.327442834902e+02  Q=5.220000000000e+02  λ=7.989200e-01  dt=8.609e-04  relΔE=9.769e-16  ||F||=7.786e-08
 step=257000  E=2.327442834900e+02  Q=5.220000000000e+02  λ=7.989200e-01  dt=1.333e-03  relΔE=1.954e-15  ||F||=7.591e-08
 step=257500  E=2.327442834898e+02  Q=5.220000000000e+02  λ=7.989200e-01  dt=1.031e-03  relΔE=1.710e-15  ||F||=7.404e-08
 step=258000  E=2.327442834896e+02  Q=5.220000000000e+02  λ=7.989200e-01  dt=7.983e-04  relΔE=7.327e-16  ||F||=7.217e-08
 step=258500  E=2.327442834894e+02  Q=5.220000000000e+02  λ=7.989200e-01  dt=1.236e-03  relΔE=1.832e-15  ||F||=7.038e-08
 step=259000  E=2.327442834892e+02  Q=5.220000000000e+02  λ=7.989200e-01  dt=9.563e-04  relΔE=1.465e-15  ||F||=6.864e-08
 step=259500  E=2.327442834890e+02  Q=5.220000000000e+02  λ=7.989200e-01  dt=7.402e-04  relΔE=1.221e-15  ||F||=1.617e-07
 step=260000  E=2.327442834889e+02  Q=5.220000000000e+02  λ=7.989200e-01  dt=1.146e-03  relΔE=1.221e-15  ||F||=6.526e-08
 step=260500  E=2.327442834887e+02  Q=5.220000000000e+02  λ=7.989200e-01  dt=8.868e-04  relΔE=1.465e-15  ||F||=6.362e-08
 step=261000  E=2.327442834885e+02  Q=5.220000000000e+02  λ=7.989200e-01  dt=1.373e-03  relΔE=1.343e-15  ||F||=6.306e-08
 step=261500  E=2.327442834883e+02  Q=5.220000000000e+02  λ=7.989200e-01  dt=1.062e-03  relΔE=2.198e-15  ||F||=6.050e-08
 step=262000  E=2.327442834882e+02  Q=5.220000000000e+02  λ=7.989200e-01  dt=8.223e-04  relΔE=9.769e-16  ||F||=5.897e-08
 step=262500  E=2.327442834880e+02  Q=5.220000000000e+02  λ=7.989200e-01  dt=1.273e-03  relΔE=1.832e-15  ||F||=5.750e-08
 step=263000  E=2.327442834879e+02  Q=5.220000000000e+02  λ=7.989200e-01  dt=9.851e-04  relΔE=7.327e-16  ||F||=5.609e-08
 step=263500  E=2.327442834877e+02  Q=5.220000000000e+02  λ=7.989200e-01  dt=7.624e-04  relΔE=7.327e-16  ||F||=5.465e-08
 step=264000  E=2.327442834875e+02  Q=5.220000000000e+02  λ=7.989200e-01  dt=1.180e-03  relΔE=9.769e-16  ||F||=5.332e-08
 step=264500  E=2.327442834874e+02  Q=5.220000000000e+02  λ=7.989200e-01  dt=9.134e-04  relΔE=7.327e-16  ||F||=5.199e-08
 step=265000  E=2.327442834873e+02  Q=5.220000000000e+02  λ=7.989200e-01  dt=1.414e-03  relΔE=1.588e-15  ||F||=2.385e-07
 Converged (aggressive): step=265283, E=2.327442834872e+02, Q=5.220000000000e+02, dt=7.330e-04, ||F||=5.000e-08

Stationary candidate (aggressive): E=2.327442834872e+02, Q=5.220000000000e+02, maxρ=7.204954e-01

=== Stability test (damped inertial dynamics) ===
Perturb eps=0.02, gamma=1
t=0: E=2.592620250720e+02, Q=5.220000000000e+02, maxρ=7.525973e-01, σ=3.123059e+00, Rc=6.378972e+00
 step=     1  E=2.592618905679e+02  Q=5.220000000000e+02  λ=1.206176e+00  maxρ=7.525972e-01  minρ=1.381e-05  σ=3.123059e+00  Rc=6.378972e+00
 step=   300  E=2.537520877852e+02  Q=5.220000000000e+02  λ=1.096087e+00  maxρ=7.483889e-01  minρ=1.385e-05  σ=3.123059e+00  Rc=6.378972e+00
 step=   600  E=2.427177046413e+02  Q=5.220000000000e+02  λ=8.983802e-01  maxρ=7.368353e-01  minρ=1.395e-05  σ=3.123059e+00  Rc=6.378972e+00
 step=   900  E=2.363579012839e+02  Q=5.220000000000e+02  λ=8.391421e-01  maxρ=7.313259e-01  minρ=1.393e-05  σ=3.123059e+00  Rc=6.378970e+00
 step=  1200  E=2.389248218789e+02  Q=5.220000000000e+02  λ=9.570114e-01  maxρ=7.401264e-01  minρ=1.383e-05  σ=3.123059e+00  Rc=6.378968e+00
 step=  1500  E=2.455007164362e+02  Q=5.220000000000e+02  λ=1.078634e+00  maxρ=7.517524e-01  minρ=1.373e-05  σ=3.123059e+00  Rc=6.378966e+00
 step=  1800  E=2.487118438731e+02  Q=5.220000000000e+02  λ=1.057171e+00  maxρ=7.522100e-01  minρ=1.370e-05  σ=3.123059e+00  Rc=6.378966e+00
 step=  2100  E=2.466477354431e+02  Q=5.220000000000e+02  λ=9.468856e-01  maxρ=7.420381e-01  minρ=1.372e-05  σ=3.123059e+00  Rc=6.378968e+00
 step=  2400  E=2.433011725430e+02  Q=5.220000000000e+02  λ=9.025301e-01  maxρ=7.350190e-01  minρ=1.371e-05  σ=3.123059e+00  Rc=6.378971e+00
 step=  2700  E=2.426492407582e+02  Q=5.220000000000e+02  λ=9.675528e-01  maxρ=7.399679e-01  minρ=1.370e-05  σ=3.123058e+00  Rc=6.378973e+00
 step=  3000  E=2.443321502247e+02  Q=5.220000000000e+02  λ=1.036675e+00  maxρ=7.408230e-01  minρ=1.363e-05  σ=3.123057e+00  Rc=6.378973e+00
 step=  3300  E=2.453663723382e+02  Q=5.220000000000e+02  λ=1.015670e+00  maxρ=7.389108e-01  minρ=1.360e-05  σ=3.123058e+00  Rc=6.378972e+00
 step=  3600  E=2.444084489140e+02  Q=5.220000000000e+02  λ=9.422477e-01  maxρ=7.453451e-01  minρ=1.371e-05  σ=3.123059e+00  Rc=6.378970e+00
 step=  3900  E=2.429307945543e+02  Q=5.220000000000e+02  λ=9.162075e-01  maxρ=7.435304e-01  minρ=1.387e-05  σ=3.123061e+00  Rc=6.378969e+00
 step=  4200  E=2.426754686418e+02  Q=5.220000000000e+02  λ=9.589806e-01  maxρ=7.382414e-01  minρ=1.381e-05  σ=3.123061e+00  Rc=6.378969e+00
 step=  4500  E=2.434089508303e+02  Q=5.220000000000e+02  λ=9.982372e-01  maxρ=7.351327e-01  minρ=1.370e-05  σ=3.123060e+00  Rc=6.378971e+00
 step=  4800  E=2.437024123220e+02  Q=5.220000000000e+02  λ=9.788002e-01  maxρ=7.351095e-01  minρ=1.363e-05  σ=3.123059e+00  Rc=6.378972e+00
 step=  5100  E=2.430561944117e+02  Q=5.220000000000e+02  λ=9.330989e-01  maxρ=7.345653e-01  minρ=1.359e-05  σ=3.123059e+00  Rc=6.378970e+00
 step=  5400  E=2.423462087126e+02  Q=5.220000000000e+02  λ=9.236766e-01  maxρ=7.346593e-01  minρ=1.357e-05  σ=3.123059e+00  Rc=6.378968e+00
 step=  5700  E=2.423695224418e+02  Q=5.220000000000e+02  λ=9.547245e-01  maxρ=7.339578e-01  minρ=1.357e-05  σ=3.123059e+00  Rc=6.378968e+00
 step=  6000  E=2.427858573528e+02  Q=5.220000000000e+02  λ=9.759797e-01  maxρ=7.364357e-01  minρ=1.359e-05  σ=3.123058e+00  Rc=6.378971e+00
 >>> No runaway detected in this horizon. Likely stable (within this model & box).

STABILITY: PASS
