
=== Aggressive relaxation to Q = 965 ===
Initial: E=5.147241566011e+02, Q=9.650000000000e+02, dt=1.000e-04
 step=     1  E=5.147065811583e+02  Q=9.650000000000e+02  λ=1.040518e+00  dt=1.000e-04  relΔE=3.415e-05  ||F||=4.273e-01
 step=   500  E=4.955021433801e+02  Q=9.650000000000e+02  λ=9.849832e-01  dt=6.192e-04  relΔE=1.308e-04  ||F||=3.612e-01
 step=  1000  E=4.565629897004e+02  Q=9.650000000000e+02  λ=8.753054e-01  dt=9.584e-04  relΔE=9.316e-05  ||F||=2.352e-01
 step=  1500  E=4.366858754007e+02  Q=9.650000000000e+02  λ=8.210739e-01  dt=1.484e-03  relΔE=7.622e-05  ||F||=1.672e-01
 step=  2000  E=4.263020082845e+02  Q=9.650000000000e+02  λ=7.933860e-01  dt=1.148e-03  relΔE=3.552e-05  ||F||=1.282e-01
 step=  2500  E=4.197738938566e+02  Q=9.650000000000e+02  λ=7.763821e-01  dt=8.887e-04  relΔE=1.741e-05  ||F||=1.012e-01
 step=  3000  E=4.156511237539e+02  Q=9.650000000000e+02  λ=7.659082e-01  dt=1.376e-03  relΔE=1.808e-05  ||F||=8.250e-02
 step=  3500  E=4.128813986667e+02  Q=9.650000000000e+02  λ=7.590329e-01  dt=1.065e-03  relΔE=9.774e-06  ||F||=6.872e-02
 step=  4000  E=4.108773149652e+02  Q=9.650000000000e+02  λ=7.541878e-01  dt=8.241e-04  relΔE=5.387e-06  ||F||=5.785e-02
 step=  4500  E=4.094867709996e+02  Q=9.650000000000e+02  λ=7.509209e-01  dt=1.276e-03  relΔE=6.174e-06  ||F||=4.970e-02
 step=  5000  E=4.084350380837e+02  Q=9.650000000000e+02  λ=7.485166e-01  dt=9.873e-04  relΔE=3.601e-06  ||F||=4.308e-02
 step=  5500  E=4.076175098150e+02  Q=9.650000000000e+02  λ=7.467072e-01  dt=1.528e-03  relΔE=4.252e-06  ||F||=6.553e-02
 step=  6000  E=4.070183599547e+02  Q=9.650000000000e+02  λ=7.454168e-01  dt=1.183e-03  relΔE=2.608e-06  ||F||=3.344e-02
 step=  6500  E=4.065236940347e+02  Q=9.650000000000e+02  λ=7.443846e-01  dt=9.154e-04  relΔE=1.612e-06  ||F||=2.987e-02
 step=  7000  E=4.061269271730e+02  Q=9.650000000000e+02  λ=7.435819e-01  dt=1.417e-03  relΔE=2.034e-06  ||F||=2.695e-02
 step=  7500  E=4.058078510767e+02  Q=9.650000000000e+02  λ=7.429528e-01  dt=1.097e-03  relΔE=1.312e-06  ||F||=2.460e-02
 step=  8000  E=4.055310219213e+02  Q=9.650000000000e+02  λ=7.424202e-01  dt=8.488e-04  relΔE=8.567e-07  ||F||=2.259e-02
 step=  8500  E=4.053017720032e+02  Q=9.650000000000e+02  λ=7.419883e-01  dt=1.314e-03  relΔE=1.144e-06  ||F||=2.097e-02
 step=  9000  E=4.051023217481e+02  Q=9.650000000000e+02  λ=7.416177e-01  dt=1.017e-03  relΔE=7.755e-07  ||F||=1.962e-02
 step=  9500  E=4.049205480692e+02  Q=9.650000000000e+02  λ=7.412834e-01  dt=7.871e-04  relΔE=5.317e-07  ||F||=1.874e-02
 step= 10000  E=4.047667135752e+02  Q=9.650000000000e+02  λ=7.410021e-01  dt=1.218e-03  relΔE=7.437e-07  ||F||=1.755e-02
 step= 10500  E=4.046224757717e+02  Q=9.650000000000e+02  λ=7.407381e-01  dt=9.430e-04  relΔE=5.248e-07  ||F||=1.675e-02
 step= 11000  E=4.044892313522e+02  Q=9.650000000000e+02  λ=7.404937e-01  dt=1.460e-03  relΔE=7.483e-07  ||F||=1.607e-02
 step= 11500  E=4.043699744690e+02  Q=9.650000000000e+02  λ=7.402733e-01  dt=1.130e-03  relΔE=5.399e-07  ||F||=1.551e-02
 step= 12000  E=4.042545813977e+02  Q=9.650000000000e+02  λ=7.400583e-01  dt=8.744e-04  relΔE=3.917e-07  ||F||=1.502e-02
 step= 12500  E=4.041479886200e+02  Q=9.650000000000e+02  λ=7.398579e-01  dt=1.353e-03  relΔE=5.728e-07  ||F||=1.459e-02
 step= 13000  E=4.040477243970e+02  Q=9.650000000000e+02  λ=7.396673e-01  dt=1.048e-03  relΔE=4.212e-07  ||F||=1.422e-02
 step= 13500  E=4.039490683125e+02  Q=9.650000000000e+02  λ=7.394779e-01  dt=8.108e-04  relΔE=3.106e-07  ||F||=1.388e-02
 step= 14000  E=4.038587795128e+02  Q=9.650000000000e+02  λ=7.393029e-01  dt=1.255e-03  relΔE=4.606e-07  ||F||=1.358e-02
 step= 14500  E=4.037705052218e+02  Q=9.650000000000e+02  λ=7.391302e-01  dt=9.713e-04  relΔE=3.422e-07  ||F||=1.331e-02
 step= 15000  E=4.036837932945e+02  Q=9.650000000000e+02  λ=7.389593e-01  dt=1.504e-03  relΔE=5.091e-07  ||F||=1.365e-02
 step= 15500  E=4.036045958017e+02  Q=9.650000000000e+02  λ=7.388018e-01  dt=1.164e-03  relΔE=3.801e-07  ||F||=1.281e-02
 step= 16000  E=4.035251177481e+02  Q=9.650000000000e+02  λ=7.386429e-01  dt=9.007e-04  relΔE=2.837e-07  ||F||=1.258e-02
 step= 16500  E=4.034489649065e+02  Q=9.650000000000e+02  λ=7.384900e-01  dt=1.394e-03  relΔE=4.239e-07  ||F||=1.235e-02
 step= 17000  E=4.033767398608e+02  Q=9.650000000000e+02  λ=7.383442e-01  dt=1.079e-03  relΔE=3.171e-07  ||F||=1.214e-02
 step= 17500  E=4.033046260560e+02  Q=9.650000000000e+02  λ=7.381983e-01  dt=8.352e-04  relΔE=2.369e-07  ||F||=1.193e-02
 step= 18000  E=4.032372172941e+02  Q=9.650000000000e+02  λ=7.380618e-01  dt=1.293e-03  relΔE=3.546e-07  ||F||=1.173e-02
 step= 18500  E=4.031715012022e+02  Q=9.650000000000e+02  λ=7.379285e-01  dt=1.001e-03  relΔE=2.652e-07  ||F||=1.153e-02
 step= 19000  E=4.031058333988e+02  Q=9.650000000000e+02  λ=7.380843e-01  dt=6.453e-04  relΔE=7.592e-07  ||F||=7.637e-01
 step= 19500  E=4.030483637809e+02  Q=9.650000000000e+02  λ=7.376790e-01  dt=9.989e-04  relΔE=2.473e-07  ||F||=1.114e-02
 step= 20000  E=4.029870664469e+02  Q=9.650000000000e+02  λ=7.376640e-01  dt=6.443e-04  relΔE=5.187e-07  ||F||=4.687e-01
 step= 20500  E=4.029334728862e+02  Q=9.650000000000e+02  λ=7.374472e-01  dt=9.973e-04  relΔE=2.303e-07  ||F||=1.076e-02
 step= 21000  E=4.028765385851e+02  Q=9.650000000000e+02  λ=7.373921e-01  dt=1.544e-03  relΔE=5.907e-08  ||F||=3.462e-01
 step= 21500  E=4.028246307997e+02  Q=9.650000000000e+02  λ=7.372293e-01  dt=1.195e-03  relΔE=2.566e-07  ||F||=1.037e-02
 step= 22000  E=4.027726228998e+02  Q=9.650000000000e+02  λ=7.371258e-01  dt=9.248e-04  relΔE=1.913e-07  ||F||=1.018e-02
 step= 22500  E=4.027225708859e+02  Q=9.650000000000e+02  λ=7.370271e-01  dt=1.431e-03  relΔE=2.850e-07  ||F||=9.985e-03
 step= 23000  E=4.026757274816e+02  Q=9.650000000000e+02  λ=7.369351e-01  dt=1.108e-03  relΔE=2.124e-07  ||F||=9.797e-03
 step= 23500  E=4.026291709225e+02  Q=9.650000000000e+02  λ=7.368445e-01  dt=8.575e-04  relΔE=1.580e-07  ||F||=9.604e-03
 step= 24000  E=4.025853451597e+02  Q=9.650000000000e+02  λ=7.367599e-01  dt=1.327e-03  relΔE=2.351e-07  ||F||=9.416e-03
 step= 24500  E=4.025432928944e+02  Q=9.650000000000e+02  λ=7.366795e-01  dt=1.027e-03  relΔE=1.748e-07  ||F||=9.229e-03
 step= 25000  E=4.025015796535e+02  Q=9.650000000000e+02  λ=7.366005e-01  dt=7.951e-04  relΔE=1.297e-07  ||F||=9.036e-03
 step= 25500  E=4.024635173986e+02  Q=9.650000000000e+02  λ=7.365292e-01  dt=1.231e-03  relΔE=1.928e-07  ||F||=8.854e-03
 step= 26000  E=4.024259462794e+02  Q=9.650000000000e+02  λ=7.364596e-01  dt=9.526e-04  relΔE=1.430e-07  ||F||=8.668e-03
 step= 26500  E=4.023893936652e+02  Q=9.650000000000e+02  λ=7.363928e-01  dt=1.475e-03  relΔE=2.119e-07  ||F||=8.480e-03
 step= 27000  E=4.023558811013e+02  Q=9.650000000000e+02  λ=7.363323e-01  dt=1.141e-03  relΔE=1.572e-07  ||F||=8.301e-03
 step= 27500  E=4.023225992170e+02  Q=9.650000000000e+02  λ=7.362730e-01  dt=8.833e-04  relΔE=1.163e-07  ||F||=8.117e-03
 step= 28000  E=4.022911851538e+02  Q=9.650000000000e+02  λ=7.362180e-01  dt=1.367e-03  relΔE=1.722e-07  ||F||=7.937e-03
 step= 28500  E=4.022615740596e+02  Q=9.650000000000e+02  λ=7.361669e-01  dt=1.058e-03  relΔE=1.274e-07  ||F||=7.760e-03
 step= 29000  E=4.022323350333e+02  Q=9.650000000000e+02  λ=7.361172e-01  dt=8.190e-04  relΔE=9.411e-08  ||F||=7.580e-03
 step= 29500  E=4.022053977918e+02  Q=9.650000000000e+02  λ=7.360724e-01  dt=1.268e-03  relΔE=1.392e-07  ||F||=7.408e-03
 step= 30000  E=4.021793405586e+02  Q=9.650000000000e+02  λ=7.360297e-01  dt=9.812e-04  relΔE=1.028e-07  ||F||=7.236e-03
 step= 30500  E=4.021537701813e+02  Q=9.650000000000e+02  λ=7.359890e-01  dt=1.519e-03  relΔE=1.504e-07  ||F||=2.100e-02
 step= 31000  E=4.021307794158e+02  Q=9.650000000000e+02  λ=7.359527e-01  dt=1.176e-03  relΔE=1.119e-07  ||F||=6.897e-03
 step= 31500  E=4.021079503191e+02  Q=9.650000000000e+02  λ=7.359177e-01  dt=9.098e-04  relΔE=8.240e-08  ||F||=6.728e-03
 step= 32000  E=4.020863154352e+02  Q=9.650000000000e+02  λ=7.358853e-01  dt=1.408e-03  relΔE=1.214e-07  ||F||=6.563e-03
 step= 32500  E=4.020661790269e+02  Q=9.650000000000e+02  λ=7.358559e-01  dt=1.090e-03  relΔE=8.944e-08  ||F||=6.404e-03
 step= 33000  E=4.020463754412e+02  Q=9.650000000000e+02  λ=7.358278e-01  dt=8.436e-04  relΔE=6.576e-08  ||F||=6.241e-03
 step= 33500  E=4.020280668484e+02  Q=9.650000000000e+02  λ=7.358025e-01  dt=1.306e-03  relΔE=9.679e-08  ||F||=6.086e-03
 step= 34000  E=4.020106126935e+02  Q=9.650000000000e+02  λ=7.357792e-01  dt=1.011e-03  relΔE=7.118e-08  ||F||=5.932e-03
 step= 34500  E=4.019934865866e+02  Q=9.650000000000e+02  λ=7.357571e-01  dt=7.823e-04  relΔE=5.223e-08  ||F||=5.779e-03
 step= 35000  E=4.019780861651e+02  Q=9.650000000000e+02  λ=7.357379e-01  dt=1.211e-03  relΔE=7.683e-08  ||F||=5.630e-03
 step= 35500  E=4.019629794485e+02  Q=9.650000000000e+02  λ=7.357197e-01  dt=9.372e-04  relΔE=5.639e-08  ||F||=5.482e-03
 step= 36000  E=4.019485423722e+02  Q=9.650000000000e+02  λ=7.357031e-01  dt=1.451e-03  relΔE=8.269e-08  ||F||=5.336e-03
 step= 36500  E=4.019353206338e+02  Q=9.650000000000e+02  λ=7.356885e-01  dt=1.123e-03  relΔE=6.072e-08  ||F||=5.197e-03
 step= 37000  E=4.019223654069e+02  Q=9.650000000000e+02  λ=7.356749e-01  dt=8.690e-04  relΔE=4.448e-08  ||F||=5.056e-03
 step= 37500  E=4.019103070078e+02  Q=9.650000000000e+02  λ=7.356629e-01  dt=1.345e-03  relΔE=6.521e-08  ||F||=4.921e-03
 step= 38000  E=4.018989830958e+02  Q=9.650000000000e+02  λ=7.356522e-01  dt=1.041e-03  relΔE=4.780e-08  ||F||=4.788e-03
 step= 38500  E=4.018879015436e+02  Q=9.650000000000e+02  λ=7.356424e-01  dt=8.058e-04  relΔE=3.495e-08  ||F||=4.654e-03
 step= 39000  E=4.018778482586e+02  Q=9.650000000000e+02  λ=7.356342e-01  dt=1.247e-03  relΔE=5.122e-08  ||F||=4.529e-03
 step= 39500  E=4.018681505905e+02  Q=9.650000000000e+02  λ=7.356268e-01  dt=9.654e-04  relΔE=3.748e-08  ||F||=4.403e-03
 step= 40000  E=4.018587815169e+02  Q=9.650000000000e+02  λ=7.356202e-01  dt=1.494e-03  relΔE=5.475e-08  ||F||=4.510e-03
 step= 40500  E=4.018503822578e+02  Q=9.650000000000e+02  λ=7.356149e-01  dt=1.157e-03  relΔE=4.010e-08  ||F||=4.160e-03
 step= 41000  E=4.018421111237e+02  Q=9.650000000000e+02  λ=7.356102e-01  dt=8.952e-04  relΔE=2.928e-08  ||F||=4.041e-03
 step= 41500  E=4.018343787366e+02  Q=9.650000000000e+02  λ=7.356064e-01  dt=1.386e-03  relΔE=4.278e-08  ||F||=3.926e-03
 step= 42000  E=4.018271997501e+02  Q=9.650000000000e+02  λ=7.356034e-01  dt=1.072e-03  relΔE=3.127e-08  ||F||=3.815e-03
 step= 42500  E=4.018202161600e+02  Q=9.650000000000e+02  λ=7.356010e-01  dt=8.300e-04  relΔE=2.281e-08  ||F||=3.704e-03
 step= 43000  E=4.018138268051e+02  Q=9.650000000000e+02  λ=7.355993e-01  dt=1.285e-03  relΔE=3.333e-08  ||F||=3.598e-03
 step= 43500  E=4.018077544499e+02  Q=9.650000000000e+02  λ=7.355981e-01  dt=9.944e-04  relΔE=2.432e-08  ||F||=3.494e-03
 step= 44000  E=4.018018241538e+02  Q=9.650000000000e+02  λ=7.355985e-01  dt=7.697e-04  relΔE=2.035e-08  ||F||=4.589e-02
 step= 44500  E=4.017965851030e+02  Q=9.650000000000e+02  λ=7.355974e-01  dt=1.191e-03  relΔE=2.588e-08  ||F||=3.293e-03
 step= 45000  E=4.017914954218e+02  Q=9.650000000000e+02  λ=7.355977e-01  dt=7.684e-04  relΔE=1.573e-08  ||F||=3.196e-03
 step= 45500  E=4.017868314530e+02  Q=9.650000000000e+02  λ=7.355985e-01  dt=1.189e-03  relΔE=2.297e-08  ||F||=3.105e-03
 step= 46000  E=4.017823153608e+02  Q=9.650000000000e+02  λ=7.355996e-01  dt=7.672e-04  relΔE=1.395e-08  ||F||=3.013e-03
 step= 46500  E=4.017781787952e+02  Q=9.650000000000e+02  λ=7.356011e-01  dt=1.188e-03  relΔE=2.037e-08  ||F||=2.926e-03
 step= 47000  E=4.017741693016e+02  Q=9.650000000000e+02  λ=7.356029e-01  dt=7.659e-04  relΔE=1.237e-08  ||F||=2.838e-03
 step= 47500  E=4.017704987949e+02  Q=9.650000000000e+02  λ=7.356049e-01  dt=1.186e-03  relΔE=1.805e-08  ||F||=2.756e-03
 step= 48000  E=4.017668943116e+02  Q=9.650000000000e+02  λ=7.356072e-01  dt=9.176e-04  relΔE=1.313e-08  ||F||=2.672e-03
 step= 48500  E=4.017635116368e+02  Q=9.650000000000e+02  λ=7.356099e-01  dt=1.420e-03  relΔE=1.910e-08  ||F||=2.590e-03
 step= 49000  E=4.017604142949e+02  Q=9.650000000000e+02  λ=7.356126e-01  dt=1.099e-03  relΔE=1.392e-08  ||F||=2.513e-03
 step= 49500  E=4.017574055140e+02  Q=9.650000000000e+02  λ=7.356156e-01  dt=8.508e-04  relΔE=1.011e-08  ||F||=2.435e-03
 step= 50000  E=4.017546365196e+02  Q=9.650000000000e+02  λ=7.356187e-01  dt=1.317e-03  relΔE=1.472e-08  ||F||=2.361e-03
 step= 50500  E=4.017520440082e+02  Q=9.650000000000e+02  λ=7.356220e-01  dt=1.019e-03  relΔE=1.071e-08  ||F||=2.289e-03
 step= 51000  E=4.017495209384e+02  Q=9.650000000000e+02  λ=7.356255e-01  dt=7.889e-04  relΔE=7.775e-09  ||F||=2.217e-03
 step= 51500  E=4.017472670778e+02  Q=9.650000000000e+02  λ=7.356290e-01  dt=1.221e-03  relΔE=1.132e-08  ||F||=2.150e-03
 step= 52000  E=4.017450903055e+02  Q=9.650000000000e+02  λ=7.356326e-01  dt=9.452e-04  relΔE=8.226e-09  ||F||=2.083e-03
 step= 52500  E=4.017430182953e+02  Q=9.650000000000e+02  λ=7.356363e-01  dt=1.463e-03  relΔE=1.194e-08  ||F||=2.018e-03
 step= 53000  E=4.017411535109e+02  Q=9.650000000000e+02  λ=7.356400e-01  dt=1.132e-03  relΔE=8.690e-09  ||F||=1.956e-03
 step= 53500  E=4.017393364294e+02  Q=9.650000000000e+02  λ=7.356439e-01  dt=8.764e-04  relΔE=6.308e-09  ||F||=1.894e-03
 step= 54000  E=4.017376535717e+02  Q=9.650000000000e+02  λ=7.356477e-01  dt=1.357e-03  relΔE=9.163e-09  ||F||=1.835e-03
 step= 54500  E=4.017360918852e+02  Q=9.650000000000e+02  λ=7.356515e-01  dt=1.050e-03  relΔE=6.659e-09  ||F||=1.778e-03
 step= 55000  E=4.017345798153e+02  Q=9.650000000000e+02  λ=7.356555e-01  dt=8.127e-04  relΔE=4.829e-09  ||F||=1.721e-03
 step= 55500  E=4.017332130705e+02  Q=9.650000000000e+02  λ=7.356593e-01  dt=1.258e-03  relΔE=7.019e-09  ||F||=1.668e-03
 step= 56000  E=4.017319150014e+02  Q=9.650000000000e+02  λ=7.356632e-01  dt=9.736e-04  relΔE=5.096e-09  ||F||=1.615e-03
 step= 56500  E=4.017306605585e+02  Q=9.650000000000e+02  λ=7.356672e-01  dt=1.507e-03  relΔE=7.321e-09  ||F||=5.152e-03
 step= 57000  E=4.017295522683e+02  Q=9.650000000000e+02  λ=7.356710e-01  dt=1.166e-03  relΔE=5.370e-09  ||F||=1.515e-03
 step= 57500  E=4.017284658935e+02  Q=9.650000000000e+02  λ=7.356749e-01  dt=9.028e-04  relΔE=3.894e-09  ||F||=1.466e-03
 step= 58000  E=4.017274548712e+02  Q=9.650000000000e+02  λ=7.356787e-01  dt=1.397e-03  relΔE=5.649e-09  ||F||=1.419e-03
 step= 58500  E=4.017265253560e+02  Q=9.650000000000e+02  λ=7.356824e-01  dt=1.082e-03  relΔE=4.102e-09  ||F||=1.375e-03
 step= 59000  E=4.017256279712e+02  Q=9.650000000000e+02  λ=7.356862e-01  dt=8.371e-04  relΔE=2.973e-09  ||F||=1.330e-03
 step= 59500  E=4.017248067624e+02  Q=9.650000000000e+02  λ=7.356899e-01  dt=1.296e-03  relΔE=4.314e-09  ||F||=1.288e-03
 step= 60000  E=4.017240355812e+02  Q=9.650000000000e+02  λ=7.356935e-01  dt=1.003e-03  relΔE=3.130e-09  ||F||=1.247e-03
 step= 60500  E=4.017232880797e+02  Q=9.650000000000e+02  λ=7.356973e-01  dt=7.762e-04  relΔE=2.266e-09  ||F||=1.206e-03
 step= 61000  E=4.017226264558e+02  Q=9.650000000000e+02  λ=7.357007e-01  dt=1.202e-03  relΔE=3.292e-09  ||F||=1.168e-03
 step= 61500  E=4.017219845037e+02  Q=9.650000000000e+02  λ=7.357043e-01  dt=9.299e-04  relΔE=2.386e-09  ||F||=1.130e-03
 step= 62000  E=4.017213793910e+02  Q=9.650000000000e+02  λ=7.357078e-01  dt=1.439e-03  relΔE=3.456e-09  ||F||=1.093e-03
 step= 62500  E=4.017208317660e+02  Q=9.650000000000e+02  λ=7.357111e-01  dt=1.114e-03  relΔE=2.509e-09  ||F||=1.059e-03
 step= 63000  E=4.017203005442e+02  Q=9.650000000000e+02  λ=7.357145e-01  dt=8.623e-04  relΔE=1.817e-09  ||F||=1.024e-03
 step= 63500  E=4.017198116017e+02  Q=9.650000000000e+02  λ=7.357177e-01  dt=1.335e-03  relΔE=2.634e-09  ||F||=9.911e-04
 step= 64000  E=4.017193573978e+02  Q=9.650000000000e+02  λ=7.357209e-01  dt=1.033e-03  relΔE=1.910e-09  ||F||=9.593e-04
 step= 64500  E=4.017189181800e+02  Q=9.650000000000e+02  λ=7.357241e-01  dt=7.996e-04  relΔE=1.382e-09  ||F||=9.276e-04
 step= 65000  E=4.017185232427e+02  Q=9.650000000000e+02  λ=7.357271e-01  dt=1.238e-03  relΔE=2.006e-09  ||F||=8.980e-04
 step= 65500  E=4.017181469195e+02  Q=9.650000000000e+02  λ=7.357301e-01  dt=9.579e-04  relΔE=1.454e-09  ||F||=8.689e-04
 step= 66000  E=4.017177858881e+02  Q=9.650000000000e+02  λ=7.357332e-01  dt=1.483e-03  relΔE=2.103e-09  ||F||=8.985e-04
 step= 66500  E=4.017174652200e+02  Q=9.650000000000e+02  λ=7.357360e-01  dt=1.148e-03  relΔE=1.527e-09  ||F||=8.134e-04
 step= 67000  E=4.017171530997e+02  Q=9.650000000000e+02  λ=7.357388e-01  dt=8.882e-04  relΔE=1.105e-09  ||F||=7.866e-04
 step= 67500  E=4.017168629971e+02  Q=9.650000000000e+02  λ=7.357416e-01  dt=1.375e-03  relΔE=1.601e-09  ||F||=7.609e-04
 step= 68000  E=4.017165962973e+02  Q=9.650000000000e+02  λ=7.357442e-01  dt=1.064e-03  relΔE=1.161e-09  ||F||=7.364e-04
 step= 68500  E=4.017163388912e+02  Q=9.650000000000e+02  λ=7.357469e-01  dt=8.236e-04  relΔE=8.398e-10  ||F||=7.119e-04
 step= 69000  E=4.017161049446e+02  Q=9.650000000000e+02  λ=7.357494e-01  dt=1.275e-03  relΔE=1.218e-09  ||F||=6.889e-04
 step= 69500  E=4.017158848198e+02  Q=9.650000000000e+02  λ=7.357519e-01  dt=9.867e-04  relΔE=8.823e-10  ||F||=6.665e-04
 step= 70000  E=4.017156708604e+02  Q=9.650000000000e+02  λ=7.357545e-01  dt=7.637e-04  relΔE=7.696e-10  ||F||=9.138e-03
 step= 70500  E=4.017154831829e+02  Q=9.650000000000e+02  λ=7.357567e-01  dt=1.182e-03  relΔE=9.256e-10  ||F||=6.236e-04
 step= 71000  E=4.017153000623e+02  Q=9.650000000000e+02  λ=7.357591e-01  dt=9.149e-04  relΔE=6.699e-10  ||F||=6.030e-04
 step= 71500  E=4.017151286236e+02  Q=9.650000000000e+02  λ=7.357613e-01  dt=1.416e-03  relΔE=9.696e-10  ||F||=5.830e-04
 step= 72000  E=4.017149728803e+02  Q=9.650000000000e+02  λ=7.357635e-01  dt=1.096e-03  relΔE=7.030e-10  ||F||=5.643e-04
 step= 72500  E=4.017148224551e+02  Q=9.650000000000e+02  λ=7.357657e-01  dt=8.484e-04  relΔE=5.087e-10  ||F||=5.455e-04
 step= 73000  E=4.017146903594e+02  Q=9.650000000000e+02  λ=7.357676e-01  dt=1.094e-03  relΔE=6.160e-10  ||F||=5.285e-04
 step= 73500  E=4.017145582146e+02  Q=9.650000000000e+02  λ=7.357697e-01  dt=8.470e-04  relΔE=4.456e-10  ||F||=5.109e-04
 step= 74000  E=4.017144423189e+02  Q=9.650000000000e+02  λ=7.357716e-01  dt=1.093e-03  relΔE=5.396e-10  ||F||=4.949e-04
 step= 74500  E=4.017143264108e+02  Q=9.650000000000e+02  λ=7.357735e-01  dt=8.456e-04  relΔE=3.903e-10  ||F||=4.784e-04
 step= 75000  E=4.017142199703e+02  Q=9.650000000000e+02  λ=7.357754e-01  dt=1.309e-03  relΔE=5.654e-10  ||F||=4.627e-04
 step= 75500  E=4.017141211611e+02  Q=9.650000000000e+02  λ=7.357772e-01  dt=1.013e-03  relΔE=4.097e-10  ||F||=4.477e-04
 step= 76000  E=4.017140253926e+02  Q=9.650000000000e+02  λ=7.357790e-01  dt=7.841e-04  relΔE=2.961e-10  ||F||=4.326e-04
 step= 76500  E=4.017139402024e+02  Q=9.650000000000e+02  λ=7.357806e-01  dt=1.214e-03  relΔE=4.296e-10  ||F||=4.187e-04
 step= 77000  E=4.017138581246e+02  Q=9.650000000000e+02  λ=7.357823e-01  dt=9.394e-04  relΔE=3.109e-10  ||F||=4.048e-04
 step= 77500  E=4.017137802758e+02  Q=9.650000000000e+02  λ=7.357839e-01  dt=1.454e-03  relΔE=4.497e-10  ||F||=3.915e-04
 step= 78000  E=4.017137104732e+02  Q=9.650000000000e+02  λ=7.357855e-01  dt=1.125e-03  relΔE=3.261e-10  ||F||=3.787e-04
 step= 78500  E=4.017136426850e+02  Q=9.650000000000e+02  λ=7.357870e-01  dt=8.711e-04  relΔE=2.359e-10  ||F||=3.660e-04
 step= 79000  E=4.017135800336e+02  Q=9.650000000000e+02  λ=7.357885e-01  dt=1.348e-03  relΔE=3.416e-10  ||F||=3.540e-04
 step= 79500  E=4.017135222390e+02  Q=9.650000000000e+02  λ=7.357899e-01  dt=1.044e-03  relΔE=2.475e-10  ||F||=3.424e-04
 step= 80000  E=4.017134665013e+02  Q=9.650000000000e+02  λ=7.357913e-01  dt=8.077e-04  relΔE=1.789e-10  ||F||=3.309e-04
 step= 80500  E=4.017134160721e+02  Q=9.650000000000e+02  λ=7.357927e-01  dt=1.250e-03  relΔE=2.594e-10  ||F||=3.201e-04
 step= 81000  E=4.017133682995e+02  Q=9.650000000000e+02  λ=7.357940e-01  dt=9.677e-04  relΔE=1.878e-10  ||F||=3.096e-04
 step= 81500  E=4.017133222047e+02  Q=9.650000000000e+02  λ=7.357953e-01  dt=1.498e-03  relΔE=2.636e-10  ||F||=2.008e-03
 step= 82000  E=4.017132816970e+02  Q=9.650000000000e+02  λ=7.357965e-01  dt=1.159e-03  relΔE=1.969e-10  ||F||=2.895e-04
 step= 82500  E=4.017132421951e+02  Q=9.650000000000e+02  λ=7.357977e-01  dt=8.973e-04  relΔE=1.425e-10  ||F||=2.799e-04
 step= 83000  E=4.017132053962e+02  Q=9.650000000000e+02  λ=7.357988e-01  dt=1.389e-03  relΔE=2.062e-10  ||F||=2.706e-04
 step= 83500  E=4.017131716501e+02  Q=9.650000000000e+02  λ=7.358000e-01  dt=1.075e-03  relΔE=1.494e-10  ||F||=2.618e-04
 step= 84000  E=4.017131391216e+02  Q=9.650000000000e+02  λ=7.358011e-01  dt=8.320e-04  relΔE=1.081e-10  ||F||=2.530e-04
 step= 84500  E=4.017131093821e+02  Q=9.650000000000e+02  λ=7.358021e-01  dt=1.288e-03  relΔE=1.566e-10  ||F||=2.447e-04
 step= 85000  E=4.017130816087e+02  Q=9.650000000000e+02  λ=7.358031e-01  dt=9.968e-04  relΔE=1.134e-10  ||F||=2.366e-04
 step= 85500  E=4.017130546926e+02  Q=9.650000000000e+02  λ=7.358041e-01  dt=7.715e-04  relΔE=8.196e-11  ||F||=2.286e-04
 step= 86000  E=4.017130308781e+02  Q=9.650000000000e+02  λ=7.358051e-01  dt=1.194e-03  relΔE=1.189e-10  ||F||=2.213e-04
 step= 86500  E=4.017130078042e+02  Q=9.650000000000e+02  λ=7.358060e-01  dt=9.242e-04  relΔE=8.605e-11  ||F||=2.139e-04
 step= 87000  E=4.017129860527e+02  Q=9.650000000000e+02  λ=7.358069e-01  dt=1.431e-03  relΔE=1.245e-10  ||F||=2.067e-04
 step= 87500  E=4.017129664255e+02  Q=9.650000000000e+02  λ=7.358078e-01  dt=1.107e-03  relΔE=9.025e-11  ||F||=2.000e-04
 step= 88000  E=4.017129474308e+02  Q=9.650000000000e+02  λ=7.358087e-01  dt=8.570e-04  relΔE=6.529e-11  ||F||=1.933e-04
 step= 88500  E=4.017129299187e+02  Q=9.650000000000e+02  λ=7.358095e-01  dt=1.327e-03  relΔE=9.456e-11  ||F||=1.869e-04
 step= 89000  E=4.017129137343e+02  Q=9.650000000000e+02  λ=7.358103e-01  dt=1.027e-03  relΔE=6.853e-11  ||F||=1.808e-04
 step= 89500  E=4.017128980511e+02  Q=9.650000000000e+02  λ=7.358110e-01  dt=7.947e-04  relΔE=4.954e-11  ||F||=1.747e-04
 step= 90000  E=4.017128839644e+02  Q=9.650000000000e+02  λ=7.358118e-01  dt=1.230e-03  relΔE=7.184e-11  ||F||=1.690e-04
 step= 90500  E=4.017128705482e+02  Q=9.650000000000e+02  λ=7.358125e-01  dt=9.520e-04  relΔE=5.202e-11  ||F||=1.634e-04
 step= 91000  E=4.017128576862e+02  Q=9.650000000000e+02  λ=7.358132e-01  dt=1.474e-03  relΔE=7.520e-11  ||F||=1.843e-04
 step= 91500  E=4.017128462823e+02  Q=9.650000000000e+02  λ=7.358139e-01  dt=1.141e-03  relΔE=5.457e-11  ||F||=1.528e-04
 step= 92000  E=4.017128351587e+02  Q=9.650000000000e+02  λ=7.358145e-01  dt=8.828e-04  relΔE=3.949e-11  ||F||=1.477e-04
 step= 92500  E=4.017128248360e+02  Q=9.650000000000e+02  λ=7.358152e-01  dt=1.366e-03  relΔE=5.718e-11  ||F||=1.428e-04
 step= 93000  E=4.017128153671e+02  Q=9.650000000000e+02  λ=7.358158e-01  dt=1.058e-03  relΔE=4.145e-11  ||F||=1.382e-04
 step= 93500  E=4.017128062350e+02  Q=9.650000000000e+02  λ=7.358164e-01  dt=8.186e-04  relΔE=2.999e-11  ||F||=1.335e-04
 step= 94000  E=4.017127979188e+02  Q=9.650000000000e+02  λ=7.358170e-01  dt=1.267e-03  relΔE=4.347e-11  ||F||=1.292e-04
 step= 94500  E=4.017127901116e+02  Q=9.650000000000e+02  λ=7.358175e-01  dt=9.807e-04  relΔE=3.150e-11  ||F||=1.249e-04
 step= 95000  E=4.017127825222e+02  Q=9.650000000000e+02  λ=7.358181e-01  dt=7.590e-04  relΔE=2.279e-11  ||F||=1.550e-04
 step= 95500  E=4.017127758567e+02  Q=9.650000000000e+02  λ=7.358186e-01  dt=1.175e-03  relΔE=3.306e-11  ||F||=1.168e-04
 step= 96000  E=4.017127693514e+02  Q=9.650000000000e+02  λ=7.358191e-01  dt=9.093e-04  relΔE=2.393e-11  ||F||=1.129e-04
 step= 96500  E=4.017127632422e+02  Q=9.650000000000e+02  λ=7.358196e-01  dt=1.408e-03  relΔE=3.465e-11  ||F||=1.091e-04
 step= 97000  E=4.017127576929e+02  Q=9.650000000000e+02  λ=7.358200e-01  dt=1.089e-03  relΔE=2.513e-11  ||F||=1.056e-04
 step= 97500  E=4.017127523443e+02  Q=9.650000000000e+02  λ=7.358205e-01  dt=8.432e-04  relΔE=1.819e-11  ||F||=1.021e-04
 step= 98000  E=4.017127474034e+02  Q=9.650000000000e+02  λ=7.358209e-01  dt=1.305e-03  relΔE=2.636e-11  ||F||=9.868e-05
 step= 98500  E=4.017127428339e+02  Q=9.650000000000e+02  λ=7.358214e-01  dt=1.010e-03  relΔE=1.911e-11  ||F||=9.546e-05
 step= 99000  E=4.017127383940e+02  Q=9.650000000000e+02  λ=7.358218e-01  dt=7.818e-04  relΔE=1.382e-11  ||F||=9.223e-05
 step= 99500  E=4.017127344277e+02  Q=9.650000000000e+02  λ=7.358222e-01  dt=1.210e-03  relΔE=2.006e-11  ||F||=8.925e-05
 step=100000  E=4.017127306765e+02  Q=9.650000000000e+02  λ=7.358226e-01  dt=7.806e-04  relΔE=1.212e-11  ||F||=8.633e-05
 step=100500  E=4.017127271978e+02  Q=9.650000000000e+02  λ=7.358229e-01  dt=1.208e-03  relΔE=1.760e-11  ||F||=8.354e-05
 step=101000  E=4.017127238480e+02  Q=9.650000000000e+02  λ=7.358233e-01  dt=9.352e-04  relΔE=1.275e-11  ||F||=8.077e-05
 step=101500  E=4.017127206683e+02  Q=9.650000000000e+02  λ=7.358237e-01  dt=1.448e-03  relΔE=1.845e-11  ||F||=7.835e-05
 step=102000  E=4.017127178154e+02  Q=9.650000000000e+02  λ=7.358240e-01  dt=1.120e-03  relΔE=1.339e-11  ||F||=7.553e-05
 step=102500  E=4.017127150491e+02  Q=9.650000000000e+02  λ=7.358243e-01  dt=8.671e-04  relΔE=9.700e-12  ||F||=7.301e-05
 step=103000  E=4.017127124822e+02  Q=9.650000000000e+02  λ=7.358247e-01  dt=1.342e-03  relΔE=1.406e-11  ||F||=7.059e-05
 step=103500  E=4.017127101154e+02  Q=9.650000000000e+02  λ=7.358250e-01  dt=1.039e-03  relΔE=1.020e-11  ||F||=6.829e-05
 step=104000  E=4.017127078230e+02  Q=9.650000000000e+02  λ=7.358253e-01  dt=8.041e-04  relΔE=7.383e-12  ||F||=6.598e-05
 step=104500  E=4.017127057501e+02  Q=9.650000000000e+02  λ=7.358256e-01  dt=1.245e-03  relΔE=1.071e-11  ||F||=6.383e-05
 step=105000  E=4.017127037886e+02  Q=9.650000000000e+02  λ=7.358258e-01  dt=9.633e-04  relΔE=7.770e-12  ||F||=6.173e-05
 step=105500  E=4.017127018887e+02  Q=9.650000000000e+02  λ=7.358261e-01  dt=1.491e-03  relΔE=1.027e-11  ||F||=7.360e-04
 step=106000  E=4.017127002159e+02  Q=9.650000000000e+02  λ=7.358264e-01  dt=1.154e-03  relΔE=8.170e-12  ||F||=5.772e-05
 step=106500  E=4.017126985827e+02  Q=9.650000000000e+02  λ=7.358266e-01  dt=8.932e-04  relΔE=5.920e-12  ||F||=5.580e-05
 step=107000  E=4.017126970564e+02  Q=9.650000000000e+02  λ=7.358269e-01  dt=1.383e-03  relΔE=8.582e-12  ||F||=5.395e-05
 step=107500  E=4.017126956589e+02  Q=9.650000000000e+02  λ=7.358271e-01  dt=1.070e-03  relΔE=6.230e-12  ||F||=5.219e-05
 step=108000  E=4.017126943105e+02  Q=9.650000000000e+02  λ=7.358273e-01  dt=8.282e-04  relΔE=4.515e-12  ||F||=5.044e-05
 step=108500  E=4.017126930709e+02  Q=9.650000000000e+02  λ=7.358276e-01  dt=1.282e-03  relΔE=6.551e-12  ||F||=4.879e-05
 step=109000  E=4.017126919139e+02  Q=9.650000000000e+02  λ=7.358278e-01  dt=9.923e-04  relΔE=4.755e-12  ||F||=4.719e-05
 step=109500  E=4.017126907890e+02  Q=9.650000000000e+02  λ=7.358280e-01  dt=7.680e-04  relΔE=3.443e-12  ||F||=4.559e-05
 step=110000  E=4.017126897917e+02  Q=9.650000000000e+02  λ=7.358282e-01  dt=1.189e-03  relΔE=5.006e-12  ||F||=4.413e-05
 step=110500  E=4.017126888235e+02  Q=9.650000000000e+02  λ=7.358284e-01  dt=9.201e-04  relΔE=3.630e-12  ||F||=4.266e-05
 step=111000  E=4.017126879099e+02  Q=9.650000000000e+02  λ=7.358286e-01  dt=1.424e-03  relΔE=5.263e-12  ||F||=4.124e-05
 step=111500  E=4.017126870838e+02  Q=9.650000000000e+02  λ=7.358287e-01  dt=1.102e-03  relΔE=3.825e-12  ||F||=3.990e-05
 step=112000  E=4.017126862833e+02  Q=9.650000000000e+02  λ=7.358289e-01  dt=8.531e-04  relΔE=2.774e-12  ||F||=3.857e-05
 step=112500  E=4.017126855405e+02  Q=9.650000000000e+02  λ=7.358291e-01  dt=1.321e-03  relΔE=4.027e-12  ||F||=3.730e-05
 step=113000  E=4.017126848534e+02  Q=9.650000000000e+02  λ=7.358292e-01  dt=1.022e-03  relΔE=2.925e-12  ||F||=3.609e-05
 step=113500  E=4.017126841864e+02  Q=9.650000000000e+02  λ=7.358294e-01  dt=7.911e-04  relΔE=2.121e-12  ||F||=3.487e-05
 step=114000  E=4.017126835852e+02  Q=9.650000000000e+02  λ=7.358296e-01  dt=1.225e-03  relΔE=3.083e-12  ||F||=3.374e-05
 step=114500  E=4.017126830117e+02  Q=9.650000000000e+02  λ=7.358297e-01  dt=9.478e-04  relΔE=2.239e-12  ||F||=3.263e-05
 step=115000  E=4.017126824596e+02  Q=9.650000000000e+02  λ=7.358299e-01  dt=1.467e-03  relΔE=3.243e-12  ||F||=5.497e-05
 step=115500  E=4.017126819694e+02  Q=9.650000000000e+02  λ=7.358300e-01  dt=1.135e-03  relΔE=2.364e-12  ||F||=3.052e-05
 step=116000  E=4.017126814898e+02  Q=9.650000000000e+02  λ=7.358301e-01  dt=8.788e-04  relΔE=1.715e-12  ||F||=2.951e-05
 step=116500  E=4.017126810426e+02  Q=9.650000000000e+02  λ=7.358303e-01  dt=1.360e-03  relΔE=2.491e-12  ||F||=2.853e-05
 step=117000  E=4.017126806312e+02  Q=9.650000000000e+02  λ=7.358304e-01  dt=1.053e-03  relΔE=1.811e-12  ||F||=2.760e-05
 step=117500  E=4.017126802330e+02  Q=9.650000000000e+02  λ=7.358305e-01  dt=8.149e-04  relΔE=1.315e-12  ||F||=2.668e-05
 step=118000  E=4.017126798683e+02  Q=9.650000000000e+02  λ=7.358306e-01  dt=1.261e-03  relΔE=1.912e-12  ||F||=2.581e-05
 step=118500  E=4.017126795252e+02  Q=9.650000000000e+02  λ=7.358307e-01  dt=9.763e-04  relΔE=1.391e-12  ||F||=2.497e-05
 step=119000  E=4.017126791910e+02  Q=9.650000000000e+02  λ=7.358308e-01  dt=7.556e-04  relΔE=1.009e-12  ||F||=2.491e-05
 step=119500  E=4.017126788956e+02  Q=9.650000000000e+02  λ=7.358310e-01  dt=1.170e-03  relΔE=1.471e-12  ||F||=2.335e-05
 step=120000  E=4.017126786067e+02  Q=9.650000000000e+02  λ=7.358311e-01  dt=9.052e-04  relΔE=1.068e-12  ||F||=2.257e-05
 step=120500  E=4.017126783350e+02  Q=9.650000000000e+02  λ=7.358312e-01  dt=1.401e-03  relΔE=1.552e-12  ||F||=2.182e-05
 step=121000  E=4.017126780873e+02  Q=9.650000000000e+02  λ=7.358313e-01  dt=1.085e-03  relΔE=1.131e-12  ||F||=2.112e-05
 step=121500  E=4.017126778475e+02  Q=9.650000000000e+02  λ=7.358313e-01  dt=8.394e-04  relΔE=8.217e-13  ||F||=2.042e-05
 step=122000  E=4.017126776248e+02  Q=9.650000000000e+02  λ=7.358314e-01  dt=1.299e-03  relΔE=1.196e-12  ||F||=1.975e-05
 step=122500  E=4.017126774179e+02  Q=9.650000000000e+02  λ=7.358315e-01  dt=1.006e-03  relΔE=8.708e-13  ||F||=1.911e-05
 step=123000  E=4.017126772160e+02  Q=9.650000000000e+02  λ=7.358316e-01  dt=7.783e-04  relΔE=6.325e-13  ||F||=1.846e-05
 step=123500  E=4.017126770349e+02  Q=9.650000000000e+02  λ=7.358317e-01  dt=1.205e-03  relΔE=9.222e-13  ||F||=1.787e-05
 step=124000  E=4.017126768603e+02  Q=9.650000000000e+02  λ=7.358318e-01  dt=9.325e-04  relΔE=6.714e-13  ||F||=1.728e-05
 step=124500  E=4.017126766932e+02  Q=9.650000000000e+02  λ=7.358318e-01  dt=1.443e-03  relΔE=9.765e-13  ||F||=1.703e-05
 step=125000  E=4.017126765429e+02  Q=9.650000000000e+02  λ=7.358319e-01  dt=1.117e-03  relΔE=7.119e-13  ||F||=1.617e-05
 step=125500  E=4.017126763963e+02  Q=9.650000000000e+02  λ=7.358320e-01  dt=8.646e-04  relΔE=5.182e-13  ||F||=1.563e-05
 step=126000  E=4.017126762660e+02  Q=9.650000000000e+02  λ=7.358321e-01  dt=1.115e-03  relΔE=6.314e-13  ||F||=1.514e-05
 step=126500  E=4.017126761361e+02  Q=9.650000000000e+02  λ=7.358321e-01  dt=8.632e-04  relΔE=4.593e-13  ||F||=1.464e-05
 step=127000  E=4.017126760204e+02  Q=9.650000000000e+02  λ=7.358322e-01  dt=1.114e-03  relΔE=5.596e-13  ||F||=1.418e-05
 step=127500  E=4.017126759048e+02  Q=9.650000000000e+02  λ=7.358322e-01  dt=8.618e-04  relΔE=4.075e-13  ||F||=1.371e-05
 step=128000  E=4.017126757968e+02  Q=9.650000000000e+02  λ=7.358323e-01  dt=1.334e-03  relΔE=5.942e-13  ||F||=1.326e-05
 step=128500  E=4.017126756969e+02  Q=9.650000000000e+02  λ=7.358324e-01  dt=1.033e-03  relΔE=4.340e-13  ||F||=1.283e-05
 step=129000  E=4.017126755996e+02  Q=9.650000000000e+02  λ=7.358324e-01  dt=7.991e-04  relΔE=3.164e-13  ||F||=1.240e-05
 step=129500  E=4.017126755109e+02  Q=9.650000000000e+02  λ=7.358325e-01  dt=1.237e-03  relΔE=4.619e-13  ||F||=1.200e-05
 step=130000  E=4.017126754265e+02  Q=9.650000000000e+02  λ=7.358325e-01  dt=9.574e-04  relΔE=3.362e-13  ||F||=1.161e-05
 step=130500  E=4.017126753443e+02  Q=9.650000000000e+02  λ=7.358326e-01  dt=1.482e-03  relΔE=3.959e-13  ||F||=2.275e-04
 step=131000  E=4.017126752715e+02  Q=9.650000000000e+02  λ=7.358326e-01  dt=1.147e-03  relΔE=3.590e-13  ||F||=1.086e-05
 step=131500  E=4.017126751996e+02  Q=9.650000000000e+02  λ=7.358327e-01  dt=8.877e-04  relΔE=2.619e-13  ||F||=1.050e-05
 step=132000  E=4.017126751320e+02  Q=9.650000000000e+02  λ=7.358327e-01  dt=1.374e-03  relΔE=3.816e-13  ||F||=1.015e-05
 step=132500  E=4.017126750699e+02  Q=9.650000000000e+02  λ=7.358328e-01  dt=1.064e-03  relΔE=2.795e-13  ||F||=9.825e-06
 step=133000  E=4.017126750095e+02  Q=9.650000000000e+02  λ=7.358328e-01  dt=8.232e-04  relΔE=2.038e-13  ||F||=9.499e-06
 step=133500  E=4.017126749535e+02  Q=9.650000000000e+02  λ=7.358329e-01  dt=1.274e-03  relΔE=2.981e-13  ||F||=9.190e-06
 step=134000  E=4.017126749009e+02  Q=9.650000000000e+02  λ=7.358329e-01  dt=9.862e-04  relΔE=2.183e-13  ||F||=8.892e-06
 step=134500  E=4.017126748493e+02  Q=9.650000000000e+02  λ=7.358329e-01  dt=7.633e-04  relΔE=1.593e-13  ||F||=8.593e-06
 step=135000  E=4.017126748031e+02  Q=9.650000000000e+02  λ=7.358330e-01  dt=1.182e-03  relΔE=2.328e-13  ||F||=8.319e-06
 step=135500  E=4.017126747580e+02  Q=9.650000000000e+02  λ=7.358330e-01  dt=9.144e-04  relΔE=1.705e-13  ||F||=8.045e-06
 step=136000  E=4.017126747151e+02  Q=9.650000000000e+02  λ=7.358330e-01  dt=1.415e-03  relΔE=2.495e-13  ||F||=7.781e-06
 step=136500  E=4.017126746759e+02  Q=9.650000000000e+02  λ=7.358331e-01  dt=1.096e-03  relΔE=1.825e-13  ||F||=7.529e-06
 step=137000  E=4.017126746377e+02  Q=9.650000000000e+02  λ=7.358331e-01  dt=8.479e-04  relΔE=1.334e-13  ||F||=7.280e-06
 step=137500  E=4.017126746018e+02  Q=9.650000000000e+02  λ=7.358331e-01  dt=1.313e-03  relΔE=1.961e-13  ||F||=7.042e-06
 step=138000  E=4.017126745685e+02  Q=9.650000000000e+02  λ=7.358332e-01  dt=1.016e-03  relΔE=1.431e-13  ||F||=6.815e-06
 step=138500  E=4.017126745358e+02  Q=9.650000000000e+02  λ=7.358332e-01  dt=7.862e-04  relΔE=1.049e-13  ||F||=6.587e-06
 step=139000  E=4.017126745060e+02  Q=9.650000000000e+02  λ=7.358332e-01  dt=1.217e-03  relΔE=1.542e-13  ||F||=6.376e-06
 step=139500  E=4.017126744773e+02  Q=9.650000000000e+02  λ=7.358333e-01  dt=9.419e-04  relΔE=1.126e-13  ||F||=6.167e-06
 step=140000  E=4.017126744494e+02  Q=9.650000000000e+02  λ=7.358333e-01  dt=1.458e-03  relΔE=1.647e-13  ||F||=1.712e-05
 step=140500  E=4.017126744245e+02  Q=9.650000000000e+02  λ=7.358333e-01  dt=1.129e-03  relΔE=1.216e-13  ||F||=5.772e-06
 step=141000  E=4.017126743999e+02  Q=9.650000000000e+02  λ=7.358333e-01  dt=8.734e-04  relΔE=8.886e-14  ||F||=5.581e-06
 step=141500  E=4.017126743767e+02  Q=9.650000000000e+02  λ=7.358334e-01  dt=1.352e-03  relΔE=1.309e-13  ||F||=5.398e-06
 step=142000  E=4.017126743551e+02  Q=9.650000000000e+02  λ=7.358334e-01  dt=1.046e-03  relΔE=9.580e-14  ||F||=5.225e-06
 step=142500  E=4.017126743340e+02  Q=9.650000000000e+02  λ=7.358334e-01  dt=8.099e-04  relΔE=7.061e-14  ||F||=5.052e-06
 step=143000  E=4.017126743144e+02  Q=9.650000000000e+02  λ=7.358334e-01  dt=1.254e-03  relΔE=1.032e-13  ||F||=4.888e-06
 step=143500  E=4.017126742959e+02  Q=9.650000000000e+02  λ=7.358335e-01  dt=9.703e-04  relΔE=7.641e-14  ||F||=4.730e-06
 step=144000  E=4.017126742777e+02  Q=9.650000000000e+02  λ=7.358335e-01  dt=7.510e-04  relΔE=5.547e-14  ||F||=4.589e-06
 step=144500  E=4.017126742614e+02  Q=9.650000000000e+02  λ=7.358335e-01  dt=1.162e-03  relΔE=8.250e-14  ||F||=4.427e-06
 step=145000  E=4.017126742452e+02  Q=9.650000000000e+02  λ=7.358335e-01  dt=8.997e-04  relΔE=5.943e-14  ||F||=4.281e-06
 step=145500  E=4.017126742298e+02  Q=9.650000000000e+02  λ=7.358335e-01  dt=1.393e-03  relΔE=8.858e-14  ||F||=4.140e-06
 step=146000  E=4.017126742157e+02  Q=9.650000000000e+02  λ=7.358336e-01  dt=1.078e-03  relΔE=6.566e-14  ||F||=4.007e-06
 step=146500  E=4.017126742018e+02  Q=9.650000000000e+02  λ=7.358336e-01  dt=8.342e-04  relΔE=4.825e-14  ||F||=3.875e-06
 step=147000  E=4.017126741888e+02  Q=9.650000000000e+02  λ=7.358336e-01  dt=1.291e-03  relΔE=7.047e-14  ||F||=3.749e-06
 step=147500  E=4.017126741766e+02  Q=9.650000000000e+02  λ=7.358336e-01  dt=9.995e-04  relΔE=5.165e-14  ||F||=3.628e-06
 step=148000  E=4.017126741645e+02  Q=9.650000000000e+02  λ=7.358336e-01  dt=7.736e-04  relΔE=3.764e-14  ||F||=3.507e-06
 step=148500  E=4.017126741535e+02  Q=9.650000000000e+02  λ=7.358336e-01  dt=1.197e-03  relΔE=5.646e-14  ||F||=3.396e-06
 step=149000  E=4.017126741428e+02  Q=9.650000000000e+02  λ=7.358337e-01  dt=9.268e-04  relΔE=4.174e-14  ||F||=3.285e-06
 step=149500  E=4.017126741325e+02  Q=9.650000000000e+02  λ=7.358337e-01  dt=1.435e-03  relΔE=6.127e-14  ||F||=3.475e-06
 step=150000  E=4.017126741230e+02  Q=9.650000000000e+02  λ=7.358337e-01  dt=1.110e-03  relΔE=4.514e-14  ||F||=3.075e-06
 step=150500  E=4.017126741137e+02  Q=9.650000000000e+02  λ=7.358337e-01  dt=8.593e-04  relΔE=3.339e-14  ||F||=2.973e-06
 step=151000  E=4.017126741049e+02  Q=9.650000000000e+02  λ=7.358337e-01  dt=1.330e-03  relΔE=4.896e-14  ||F||=2.876e-06
 step=151500  E=4.017126740967e+02  Q=9.650000000000e+02  λ=7.358337e-01  dt=1.030e-03  relΔE=3.679e-14  ||F||=2.784e-06
 step=152000  E=4.017126740885e+02  Q=9.650000000000e+02  λ=7.358337e-01  dt=7.968e-04  relΔE=2.689e-14  ||F||=2.692e-06
 step=152500  E=4.017126740810e+02  Q=9.650000000000e+02  λ=7.358337e-01  dt=1.233e-03  relΔE=3.962e-14  ||F||=2.605e-06
 step=153000  E=4.017126740739e+02  Q=9.650000000000e+02  λ=7.358338e-01  dt=7.955e-04  relΔE=2.462e-14  ||F||=2.522e-06
 step=153500  E=4.017126740671e+02  Q=9.650000000000e+02  λ=7.358338e-01  dt=1.231e-03  relΔE=3.651e-14  ||F||=2.441e-06
 step=154000  E=4.017126740606e+02  Q=9.650000000000e+02  λ=7.358338e-01  dt=7.942e-04  relΔE=2.222e-14  ||F||=2.364e-06
 step=154500  E=4.017126740544e+02  Q=9.650000000000e+02  λ=7.358338e-01  dt=1.229e-03  relΔE=3.255e-14  ||F||=2.288e-06
 step=155000  E=4.017126740484e+02  Q=9.650000000000e+02  λ=7.358338e-01  dt=9.515e-04  relΔE=2.434e-14  ||F||=2.214e-06
 step=155500  E=4.017126740424e+02  Q=9.650000000000e+02  λ=7.358338e-01  dt=1.473e-03  relΔE=2.193e-14  ||F||=8.986e-05
 step=156000  E=4.017126740371e+02  Q=9.650000000000e+02  λ=7.358338e-01  dt=1.140e-03  relΔE=2.660e-14  ||F||=2.072e-06
 step=156500  E=4.017126740318e+02  Q=9.650000000000e+02  λ=7.358338e-01  dt=8.823e-04  relΔE=1.953e-14  ||F||=2.004e-06
 step=157000  E=4.017126740267e+02  Q=9.650000000000e+02  λ=7.358338e-01  dt=1.366e-03  relΔE=2.901e-14  ||F||=1.939e-06
 step=157500  E=4.017126740219e+02  Q=9.650000000000e+02  λ=7.358338e-01  dt=1.057e-03  relΔE=2.193e-14  ||F||=1.877e-06
 step=158000  E=4.017126740173e+02  Q=9.650000000000e+02  λ=7.358338e-01  dt=8.181e-04  relΔE=1.571e-14  ||F||=1.815e-06
 step=158500  E=4.017126740129e+02  Q=9.650000000000e+02  λ=7.358339e-01  dt=1.266e-03  relΔE=2.306e-14  ||F||=1.756e-06
 step=159000  E=4.017126740087e+02  Q=9.650000000000e+02  λ=7.358339e-01  dt=9.801e-04  relΔE=1.740e-14  ||F||=1.700e-06
 step=159500  E=4.017126740046e+02  Q=9.650000000000e+02  λ=7.358339e-01  dt=7.586e-04  relΔE=1.259e-14  ||F||=1.643e-06
 step=160000  E=4.017126740008e+02  Q=9.650000000000e+02  λ=7.358339e-01  dt=1.174e-03  relΔE=1.910e-14  ||F||=1.592e-06
 step=160500  E=4.017126739971e+02  Q=9.650000000000e+02  λ=7.358339e-01  dt=9.088e-04  relΔE=1.401e-14  ||F||=1.540e-06
 step=161000  E=4.017126739935e+02  Q=9.650000000000e+02  λ=7.358339e-01  dt=1.407e-03  relΔE=2.038e-14  ||F||=1.493e-06
 step=161500  E=4.017126739902e+02  Q=9.650000000000e+02  λ=7.358339e-01  dt=1.089e-03  relΔE=1.528e-14  ||F||=1.442e-06
 step=162000  E=4.017126739869e+02  Q=9.650000000000e+02  λ=7.358339e-01  dt=8.427e-04  relΔE=1.160e-14  ||F||=1.394e-06
 step=162500  E=4.017126739838e+02  Q=9.650000000000e+02  λ=7.358339e-01  dt=1.304e-03  relΔE=1.712e-14  ||F||=1.349e-06
 step=163000  E=4.017126739809e+02  Q=9.650000000000e+02  λ=7.358339e-01  dt=1.010e-03  relΔE=1.288e-14  ||F||=1.306e-06
 step=163500  E=4.017126739779e+02  Q=9.650000000000e+02  λ=7.358339e-01  dt=7.814e-04  relΔE=9.622e-15  ||F||=1.263e-06
 step=164000  E=4.017126739752e+02  Q=9.650000000000e+02  λ=7.358339e-01  dt=1.210e-03  relΔE=1.429e-14  ||F||=1.222e-06
 step=164500  E=4.017126739726e+02  Q=9.650000000000e+02  λ=7.358339e-01  dt=9.362e-04  relΔE=1.005e-14  ||F||=1.183e-06
 step=165000  E=4.017126739700e+02  Q=9.650000000000e+02  λ=7.358339e-01  dt=1.449e-03  relΔE=1.571e-14  ||F||=6.544e-06
 step=165500  E=4.017126739677e+02  Q=9.650000000000e+02  λ=7.358339e-01  dt=1.122e-03  relΔE=1.146e-14  ||F||=1.108e-06
 step=166000  E=4.017126739653e+02  Q=9.650000000000e+02  λ=7.358339e-01  dt=8.681e-04  relΔE=8.632e-15  ||F||=1.071e-06
 step=166500  E=4.017126739631e+02  Q=9.650000000000e+02  λ=7.358340e-01  dt=1.344e-03  relΔE=1.316e-14  ||F||=1.036e-06
 step=167000  E=4.017126739610e+02  Q=9.650000000000e+02  λ=7.358340e-01  dt=1.040e-03  relΔE=9.339e-15  ||F||=1.003e-06
 step=167500  E=4.017126739589e+02  Q=9.650000000000e+02  λ=7.358340e-01  dt=8.049e-04  relΔE=6.792e-15  ||F||=9.703e-07
 step=168000  E=4.017126739569e+02  Q=9.650000000000e+02  λ=7.358340e-01  dt=1.246e-03  relΔE=1.047e-14  ||F||=9.391e-07
 step=168500  E=4.017126739550e+02  Q=9.650000000000e+02  λ=7.358340e-01  dt=9.643e-04  relΔE=7.924e-15  ||F||=9.090e-07
 step=169000  E=4.017126739531e+02  Q=9.650000000000e+02  λ=7.358340e-01  dt=7.464e-04  relΔE=5.660e-15  ||F||=8.789e-07
 step=169500  E=4.017126739514e+02  Q=9.650000000000e+02  λ=7.358340e-01  dt=1.155e-03  relΔE=8.632e-15  ||F||=8.511e-07
 step=170000  E=4.017126739497e+02  Q=9.650000000000e+02  λ=7.358340e-01  dt=8.942e-04  relΔE=6.226e-15  ||F||=8.233e-07
 step=170500  E=4.017126739481e+02  Q=9.650000000000e+02  λ=7.358340e-01  dt=1.384e-03  relΔE=9.481e-15  ||F||=7.967e-07
 step=171000  E=4.017126739465e+02  Q=9.650000000000e+02  λ=7.358340e-01  dt=1.071e-03  relΔE=6.934e-15  ||F||=7.711e-07
 step=171500  E=4.017126739450e+02  Q=9.650000000000e+02  λ=7.358340e-01  dt=8.291e-04  relΔE=5.094e-15  ||F||=7.459e-07
 step=172000  E=4.017126739436e+02  Q=9.650000000000e+02  λ=7.358340e-01  dt=1.283e-03  relΔE=7.783e-15  ||F||=7.217e-07
 step=172500  E=4.017126739422e+02  Q=9.650000000000e+02  λ=7.358340e-01  dt=9.933e-04  relΔE=5.660e-15  ||F||=6.987e-07
 step=173000  E=4.017126739408e+02  Q=9.650000000000e+02  λ=7.358340e-01  dt=7.688e-04  relΔE=4.245e-15  ||F||=6.755e-07
 step=173500  E=4.017126739396e+02  Q=9.650000000000e+02  λ=7.358340e-01  dt=1.190e-03  relΔE=6.509e-15  ||F||=6.542e-07
 step=174000  E=4.017126739383e+02  Q=9.650000000000e+02  λ=7.358340e-01  dt=9.211e-04  relΔE=4.528e-15  ||F||=6.330e-07
 step=174500  E=4.017126739371e+02  Q=9.650000000000e+02  λ=7.358340e-01  dt=1.426e-03  relΔE=7.217e-15  ||F||=8.345e-07
 step=175000  E=4.017126739360e+02  Q=9.650000000000e+02  λ=7.358340e-01  dt=1.103e-03  relΔE=5.236e-15  ||F||=5.928e-07
 step=175500  E=4.017126739349e+02  Q=9.650000000000e+02  λ=7.358340e-01  dt=8.541e-04  relΔE=4.104e-15  ||F||=5.734e-07
 step=176000  E=4.017126739338e+02  Q=9.650000000000e+02  λ=7.358340e-01  dt=1.322e-03  relΔE=6.085e-15  ||F||=5.548e-07
 step=176500  E=4.017126739328e+02  Q=9.650000000000e+02  λ=7.358340e-01  dt=1.023e-03  relΔE=4.528e-15  ||F||=5.372e-07
 step=177000  E=4.017126739318e+02  Q=9.650000000000e+02  λ=7.358340e-01  dt=7.919e-04  relΔE=3.396e-15  ||F||=5.195e-07
 step=177500  E=4.017126739308e+02  Q=9.650000000000e+02  λ=7.358340e-01  dt=1.226e-03  relΔE=5.236e-15  ||F||=5.029e-07
 step=178000  E=4.017126739299e+02  Q=9.650000000000e+02  λ=7.358340e-01  dt=7.906e-04  relΔE=3.113e-15  ||F||=4.870e-07
 step=178500  E=4.017126739291e+02  Q=9.650000000000e+02  λ=7.358340e-01  dt=1.224e-03  relΔE=4.387e-15  ||F||=4.715e-07
 step=179000  E=4.017126739282e+02  Q=9.650000000000e+02  λ=7.358340e-01  dt=9.472e-04  relΔE=3.538e-15  ||F||=4.563e-07
 step=179500  E=4.017126739274e+02  Q=9.650000000000e+02  λ=7.358340e-01  dt=1.466e-03  relΔE=2.406e-15  ||F||=3.900e-05
 step=180000  E=4.017126739266e+02  Q=9.650000000000e+02  λ=7.358340e-01  dt=1.135e-03  relΔE=3.962e-15  ||F||=4.274e-07
 step=180500  E=4.017126739258e+02  Q=9.650000000000e+02  λ=7.358340e-01  dt=8.783e-04  relΔE=2.830e-15  ||F||=4.134e-07
 step=181000  E=4.017126739251e+02  Q=9.650000000000e+02  λ=7.358340e-01  dt=1.360e-03  relΔE=3.962e-15  ||F||=4.000e-07
 step=181500  E=4.017126739244e+02  Q=9.650000000000e+02  λ=7.358340e-01  dt=1.052e-03  relΔE=3.113e-15  ||F||=3.873e-07
 step=182000  E=4.017126739237e+02  Q=9.650000000000e+02  λ=7.358340e-01  dt=8.144e-04  relΔE=2.406e-15  ||F||=3.746e-07
 step=182500  E=4.017126739230e+02  Q=9.650000000000e+02  λ=7.358340e-01  dt=1.261e-03  relΔE=3.538e-15  ||F||=3.626e-07
 step=183000  E=4.017126739224e+02  Q=9.650000000000e+02  λ=7.358340e-01  dt=9.757e-04  relΔE=2.689e-15  ||F||=3.510e-07
 step=183500  E=4.017126739218e+02  Q=9.650000000000e+02  λ=7.358340e-01  dt=7.552e-04  relΔE=2.264e-15  ||F||=3.394e-07
 step=184000  E=4.017126739212e+02  Q=9.650000000000e+02  λ=7.358340e-01  dt=1.169e-03  relΔE=3.255e-15  ||F||=3.288e-07
 step=184500  E=4.017126739206e+02  Q=9.650000000000e+02  λ=7.358341e-01  dt=9.047e-04  relΔE=2.406e-15  ||F||=3.181e-07
 step=185000  E=4.017126739200e+02  Q=9.650000000000e+02  λ=7.358341e-01  dt=1.400e-03  relΔE=2.972e-15  ||F||=3.167e-07
 step=185500  E=4.017126739195e+02  Q=9.650000000000e+02  λ=7.358341e-01  dt=1.084e-03  relΔE=2.972e-15  ||F||=2.980e-07
 step=186000  E=4.017126739190e+02  Q=9.650000000000e+02  λ=7.358341e-01  dt=8.389e-04  relΔE=2.123e-15  ||F||=2.883e-07
 step=186500  E=4.017126739185e+02  Q=9.650000000000e+02  λ=7.358341e-01  dt=1.299e-03  relΔE=3.113e-15  ||F||=2.789e-07
 step=187000  E=4.017126739180e+02  Q=9.650000000000e+02  λ=7.358341e-01  dt=1.005e-03  relΔE=2.123e-15  ||F||=2.701e-07
 step=187500  E=4.017126739176e+02  Q=9.650000000000e+02  λ=7.358341e-01  dt=7.779e-04  relΔE=1.274e-15  ||F||=2.612e-07
 step=188000  E=4.017126739171e+02  Q=9.650000000000e+02  λ=7.358341e-01  dt=1.204e-03  relΔE=2.406e-15  ||F||=2.529e-07
 step=188500  E=4.017126739167e+02  Q=9.650000000000e+02  λ=7.358341e-01  dt=9.320e-04  relΔE=2.547e-15  ||F||=2.448e-07
 step=189000  E=4.017126739163e+02  Q=9.650000000000e+02  λ=7.358341e-01  dt=1.443e-03  relΔE=2.406e-15  ||F||=3.449e-06
 step=189500  E=4.017126739159e+02  Q=9.650000000000e+02  λ=7.358341e-01  dt=1.117e-03  relΔE=1.981e-15  ||F||=2.293e-07
 step=190000  E=4.017126739155e+02  Q=9.650000000000e+02  λ=7.358341e-01  dt=8.642e-04  relΔE=1.557e-15  ||F||=2.218e-07
 step=190500  E=4.017126739151e+02  Q=9.650000000000e+02  λ=7.358341e-01  dt=1.338e-03  relΔE=1.274e-15  ||F||=2.147e-07
 step=191000  E=4.017126739147e+02  Q=9.650000000000e+02  λ=7.358341e-01  dt=1.035e-03  relΔE=1.557e-15  ||F||=2.079e-07
 step=191500  E=4.017126739144e+02  Q=9.650000000000e+02  λ=7.358341e-01  dt=8.013e-04  relΔE=1.132e-15  ||F||=2.011e-07
 step=192000  E=4.017126739140e+02  Q=9.650000000000e+02  λ=7.358341e-01  dt=1.240e-03  relΔE=1.981e-15  ||F||=1.946e-07
 step=192500  E=4.017126739137e+02  Q=9.650000000000e+02  λ=7.358341e-01  dt=9.600e-04  relΔE=1.274e-15  ||F||=1.884e-07
 step=193000  E=4.017126739134e+02  Q=9.650000000000e+02  λ=7.358341e-01  dt=7.430e-04  relΔE=5.660e-16  ||F||=1.824e-07
 step=193500  E=4.017126739131e+02  Q=9.650000000000e+02  λ=7.358341e-01  dt=1.150e-03  relΔE=1.981e-15  ||F||=1.765e-07
 step=194000  E=4.017126739128e+02  Q=9.650000000000e+02  λ=7.358341e-01  dt=8.901e-04  relΔE=1.274e-15  ||F||=1.708e-07
 step=194500  E=4.017126739125e+02  Q=9.650000000000e+02  λ=7.358341e-01  dt=1.378e-03  relΔE=1.981e-15  ||F||=1.659e-07
 step=195000  E=4.017126739122e+02  Q=9.650000000000e+02  λ=7.358341e-01  dt=1.066e-03  relΔE=7.075e-16  ||F||=1.600e-07
 step=195500  E=4.017126739120e+02  Q=9.650000000000e+02  λ=7.358341e-01  dt=8.254e-04  relΔE=7.075e-16  ||F||=1.548e-07
 step=196000  E=4.017126739117e+02  Q=9.650000000000e+02  λ=7.358341e-01  dt=1.278e-03  relΔE=1.132e-15  ||F||=1.498e-07
 step=196500  E=4.017126739115e+02  Q=9.650000000000e+02  λ=7.358341e-01  dt=9.889e-04  relΔE=8.490e-16  ||F||=1.451e-07
 step=197000  E=4.017126739112e+02  Q=9.650000000000e+02  λ=7.358341e-01  dt=7.653e-04  relΔE=1.274e-15  ||F||=1.403e-07
 step=197500  E=4.017126739110e+02  Q=9.650000000000e+02  λ=7.358341e-01  dt=1.185e-03  relΔE=1.274e-15  ||F||=1.359e-07
 step=198000  E=4.017126739108e+02  Q=9.650000000000e+02  λ=7.358341e-01  dt=9.169e-04  relΔE=1.132e-15  ||F||=1.315e-07
 step=198500  E=4.017126739105e+02  Q=9.650000000000e+02  λ=7.358341e-01  dt=1.419e-03  relΔE=1.132e-15  ||F||=3.664e-07
 step=199000  E=4.017126739103e+02  Q=9.650000000000e+02  λ=7.358341e-01  dt=1.099e-03  relΔE=1.132e-15  ||F||=1.232e-07
  !! dt fell below dt_min: stiffness-limited termination.

Stationary candidate (aggressive): E=4.017126739103e+02, Q=9.650000000000e+02, maxρ=9.789656e-01

=== Stability test (damped inertial dynamics) ===
Perturb eps=0.02, gamma=1
t=0: E=4.507381085260e+02, Q=9.650000000000e+02, maxρ=1.023173e+00, σ=3.028385e+00, Rc=6.263008e+00
 step=     1  E=4.507378598392e+02  Q=9.650000000000e+02  λ=1.143059e+00  maxρ=1.023173e+00  minρ=7.739e-06  σ=3.028385e+00  Rc=6.263008e+00
 step=   300  E=4.405507152758e+02  Q=9.650000000000e+02  λ=1.032979e+00  maxρ=1.017450e+00  minρ=7.762e-06  σ=3.028385e+00  Rc=6.263008e+00
 step=   600  E=4.201493440878e+02  Q=9.650000000000e+02  λ=8.352824e-01  maxρ=1.001741e+00  minρ=7.822e-06  σ=3.028385e+00  Rc=6.263007e+00
 step=   900  E=4.083917634756e+02  Q=9.650000000000e+02  λ=7.760348e-01  maxρ=9.931886e-01  minρ=7.802e-06  σ=3.028385e+00  Rc=6.263006e+00
 step=  1200  E=4.131402650856e+02  Q=9.650000000000e+02  λ=8.938898e-01  maxρ=1.006703e+00  minρ=7.750e-06  σ=3.028385e+00  Rc=6.263004e+00
 step=  1500  E=4.253013113548e+02  Q=9.650000000000e+02  λ=1.015525e+00  maxρ=1.022512e+00  minρ=7.707e-06  σ=3.028385e+00  Rc=6.263002e+00
 step=  1800  E=4.312387304547e+02  Q=9.650000000000e+02  λ=9.940966e-01  maxρ=1.023126e+00  minρ=7.685e-06  σ=3.028385e+00  Rc=6.263002e+00
 step=  2100  E=4.274181766326e+02  Q=9.650000000000e+02  λ=8.838204e-01  maxρ=1.009280e+00  minρ=7.688e-06  σ=3.028385e+00  Rc=6.263004e+00
 step=  2400  E=4.212239441083e+02  Q=9.650000000000e+02  λ=8.394222e-01  maxρ=9.979879e-01  minρ=7.685e-06  σ=3.028385e+00  Rc=6.263006e+00
 step=  2700  E=4.200152349602e+02  Q=9.650000000000e+02  λ=9.043907e-01  maxρ=1.004704e+00  minρ=7.678e-06  σ=3.028384e+00  Rc=6.263008e+00
 step=  3000  E=4.231314813295e+02  Q=9.650000000000e+02  λ=9.735138e-01  maxρ=1.005859e+00  minρ=7.666e-06  σ=3.028384e+00  Rc=6.263009e+00
 step=  3300  E=4.250540770634e+02  Q=9.650000000000e+02  λ=9.525730e-01  maxρ=1.004580e+00  minρ=7.649e-06  σ=3.028384e+00  Rc=6.263008e+00
 step=  3600  E=4.232903088235e+02  Q=9.650000000000e+02  λ=8.792104e-01  maxρ=1.013322e+00  minρ=7.713e-06  σ=3.028385e+00  Rc=6.263006e+00
 step=  3900  E=4.205550592583e+02  Q=9.650000000000e+02  λ=8.531576e-01  maxρ=1.010845e+00  minρ=7.776e-06  σ=3.028387e+00  Rc=6.263005e+00
 step=  4200  E=4.200708754282e+02  Q=9.650000000000e+02  λ=8.958597e-01  maxρ=1.004719e+00  minρ=7.734e-06  σ=3.028387e+00  Rc=6.263006e+00
 step=  4500  E=4.214162296358e+02  Q=9.650000000000e+02  λ=9.350637e-01  maxρ=1.000478e+00  minρ=7.676e-06  σ=3.028386e+00  Rc=6.263008e+00
 step=  4800  E=4.219589103559e+02  Q=9.650000000000e+02  λ=9.156441e-01  maxρ=9.997118e-01  minρ=7.634e-06  σ=3.028385e+00  Rc=6.263008e+00
 step=  5100  E=4.207747992416e+02  Q=9.650000000000e+02  λ=8.700058e-01  maxρ=9.986619e-01  minρ=7.610e-06  σ=3.028385e+00  Rc=6.263007e+00
 step=  5400  E=4.194733632042e+02  Q=9.650000000000e+02  λ=8.606280e-01  maxρ=9.992238e-01  minρ=7.602e-06  σ=3.028385e+00  Rc=6.263005e+00
 step=  5700  E=4.195181471035e+02  Q=9.650000000000e+02  λ=8.916674e-01  maxρ=9.993789e-01  minρ=7.603e-06  σ=3.028385e+00  Rc=6.263006e+00
 step=  6000  E=4.202793412890e+02  Q=9.650000000000e+02  λ=9.128778e-01  maxρ=1.004137e+00  minρ=7.610e-06  σ=3.028384e+00  Rc=6.263009e+00
 >>> No runaway detected in this horizon. Likely stable (within this model & box).

STABILITY: PASS
