
=== Aggressive relaxation to Q = 814 ===
Initial: E=4.368758085266e+02, Q=8.140000000000e+02, dt=1.000e-04
 step=     1  E=4.368627188135e+02  Q=8.140000000000e+02  λ=1.023885e+00  dt=1.000e-04  relΔE=2.996e-05  ||F||=4.015e-01
 step=   500  E=4.223014492518e+02  Q=8.140000000000e+02  λ=9.770208e-01  dt=6.192e-04  relΔE=1.182e-04  ||F||=3.452e-01
 step=  1000  E=3.915485973768e+02  Q=8.140000000000e+02  λ=8.806670e-01  dt=9.584e-04  relΔE=8.772e-05  ||F||=2.301e-01
 step=  1500  E=3.753048622399e+02  Q=8.140000000000e+02  λ=8.316092e-01  dt=1.484e-03  relΔE=7.318e-05  ||F||=1.654e-01
 step=  2000  E=3.666565340192e+02  Q=8.140000000000e+02  λ=8.062841e-01  dt=1.148e-03  relΔE=3.454e-05  ||F||=1.276e-01
 step=  2500  E=3.611649755643e+02  Q=8.140000000000e+02  λ=7.907161e-01  dt=8.887e-04  relΔE=1.713e-05  ||F||=1.014e-01
 step=  3000  E=3.576536240489e+02  Q=8.140000000000e+02  λ=7.811035e-01  dt=1.376e-03  relΔE=1.796e-05  ||F||=8.306e-02
 step=  3500  E=3.552754493267e+02  Q=8.140000000000e+02  λ=7.748087e-01  dt=1.065e-03  relΔE=9.798e-06  ||F||=6.949e-02
 step=  4000  E=3.535379394920e+02  Q=8.140000000000e+02  λ=7.703796e-01  dt=8.241e-04  relΔE=5.442e-06  ||F||=5.873e-02
 step=  4500  E=3.523251766000e+02  Q=8.140000000000e+02  λ=7.674105e-01  dt=1.276e-03  relΔE=6.280e-06  ||F||=5.062e-02
 step=  5000  E=3.514021834577e+02  Q=8.140000000000e+02  λ=7.652371e-01  dt=9.873e-04  relΔE=3.683e-06  ||F||=4.401e-02
 step=  5500  E=3.506810947350e+02  Q=8.140000000000e+02  λ=7.636135e-01  dt=1.528e-03  relΔE=4.366e-06  ||F||=7.722e-02
 step=  6000  E=3.501507331758e+02  Q=8.140000000000e+02  λ=7.624625e-01  dt=1.183e-03  relΔE=2.687e-06  ||F||=3.428e-02
 step=  6500  E=3.497120025950e+02  Q=8.140000000000e+02  λ=7.615496e-01  dt=9.154e-04  relΔE=1.663e-06  ||F||=3.063e-02
 step=  7000  E=3.493604139173e+02  Q=8.140000000000e+02  λ=7.608458e-01  dt=1.417e-03  relΔE=2.097e-06  ||F||=2.764e-02
 step=  7500  E=3.490772731781e+02  Q=8.140000000000e+02  λ=7.602962e-01  dt=1.097e-03  relΔE=1.350e-06  ||F||=2.519e-02
 step=  8000  E=3.488327669514e+02  Q=8.140000000000e+02  λ=7.598336e-01  dt=8.488e-04  relΔE=8.778e-07  ||F||=2.309e-02
 step=  8500  E=3.486312130308e+02  Q=8.140000000000e+02  λ=7.594592e-01  dt=1.314e-03  relΔE=1.166e-06  ||F||=2.138e-02
 step=  9000  E=3.484564320649e+02  Q=8.140000000000e+02  λ=7.591365e-01  dt=1.017e-03  relΔE=7.852e-07  ||F||=1.994e-02
 step=  9500  E=3.482988717240e+02  Q=8.140000000000e+02  λ=7.588450e-01  dt=7.871e-04  relΔE=5.344e-07  ||F||=1.870e-02
 step= 10000  E=3.481663391354e+02  Q=8.140000000000e+02  λ=7.585974e-01  dt=1.218e-03  relΔE=7.421e-07  ||F||=1.770e-02
 step= 10500  E=3.480430185790e+02  Q=8.140000000000e+02  λ=7.583623e-01  dt=9.430e-04  relΔE=5.196e-07  ||F||=1.683e-02
 step= 11000  E=3.479299777173e+02  Q=8.140000000000e+02  λ=7.581414e-01  dt=1.460e-03  relΔE=7.352e-07  ||F||=1.609e-02
 step= 11500  E=3.478295463468e+02  Q=8.140000000000e+02  λ=7.579391e-01  dt=1.130e-03  relΔE=5.267e-07  ||F||=1.548e-02
 step= 12000  E=3.477330331652e+02  Q=8.140000000000e+02  λ=7.577382e-01  dt=8.744e-04  relΔE=3.796e-07  ||F||=1.493e-02
 step= 12500  E=3.476444374607e+02  Q=8.140000000000e+02  λ=7.575478e-01  dt=1.353e-03  relΔE=5.518e-07  ||F||=1.447e-02
 step= 13000  E=3.475615550494e+02  Q=8.140000000000e+02  λ=7.573633e-01  dt=1.048e-03  relΔE=4.038e-07  ||F||=1.406e-02
 step= 13500  E=3.474805025688e+02  Q=8.140000000000e+02  λ=7.571770e-01  dt=8.108e-04  relΔE=2.964e-07  ||F||=1.369e-02
 step= 14000  E=3.474065059089e+02  Q=8.140000000000e+02  λ=7.570017e-01  dt=1.255e-03  relΔE=4.381e-07  ||F||=1.338e-02
 step= 14500  E=3.473343873213e+02  Q=8.140000000000e+02  λ=7.568256e-01  dt=9.713e-04  relΔE=3.246e-07  ||F||=1.309e-02
 step= 15000  E=3.472637209825e+02  Q=8.140000000000e+02  λ=7.566486e-01  dt=1.504e-03  relΔE=4.818e-07  ||F||=1.331e-02
 step= 15500  E=3.471992939566e+02  Q=8.140000000000e+02  λ=7.564828e-01  dt=1.164e-03  relΔE=3.592e-07  ||F||=1.257e-02
 step= 16000  E=3.471346281557e+02  Q=8.140000000000e+02  λ=7.563127e-01  dt=9.007e-04  relΔE=2.678e-07  ||F||=1.234e-02
 step= 16500  E=3.470727937897e+02  Q=8.140000000000e+02  λ=7.561468e-01  dt=1.394e-03  relΔE=4.000e-07  ||F||=1.212e-02
 step= 17000  E=3.470141574726e+02  Q=8.140000000000e+02  λ=7.559863e-01  dt=1.079e-03  relΔE=2.992e-07  ||F||=1.191e-02
 step= 17500  E=3.469555891803e+02  Q=8.140000000000e+02  λ=7.558233e-01  dt=8.352e-04  relΔE=2.237e-07  ||F||=1.171e-02
 step= 18000  E=3.469008103803e+02  Q=8.140000000000e+02  λ=7.556687e-01  dt=1.293e-03  relΔE=3.351e-07  ||F||=1.152e-02
 step= 18500  E=3.468473532589e+02  Q=8.140000000000e+02  λ=7.555155e-01  dt=1.001e-03  relΔE=2.509e-07  ||F||=1.133e-02
 step= 19000  E=3.467938391002e+02  Q=8.140000000000e+02  λ=7.553665e-01  dt=7.744e-04  relΔE=2.083e-07  ||F||=1.122e-01
 step= 19500  E=3.467451789527e+02  Q=8.140000000000e+02  λ=7.552178e-01  dt=1.199e-03  relΔE=2.814e-07  ||F||=1.095e-02
 step= 20000  E=3.466968066613e+02  Q=8.140000000000e+02  λ=7.550745e-01  dt=7.731e-04  relΔE=1.755e-07  ||F||=1.077e-02
 step= 20500  E=3.466513163665e+02  Q=8.140000000000e+02  λ=7.549388e-01  dt=1.197e-03  relΔE=2.631e-07  ||F||=1.060e-02
 step= 21000  E=3.466061135870e+02  Q=8.140000000000e+02  λ=7.548027e-01  dt=7.719e-04  relΔE=1.640e-07  ||F||=1.042e-02
 step= 21500  E=3.465635686255e+02  Q=8.140000000000e+02  λ=7.546740e-01  dt=1.195e-03  relΔE=2.457e-07  ||F||=1.025e-02
 step= 22000  E=3.465206777825e+02  Q=8.140000000000e+02  λ=7.545432e-01  dt=9.248e-04  relΔE=1.836e-07  ||F||=1.007e-02
 step= 22500  E=3.464792888485e+02  Q=8.140000000000e+02  λ=7.544165e-01  dt=1.431e-03  relΔE=2.743e-07  ||F||=9.893e-03
 step= 23000  E=3.464404456663e+02  Q=8.140000000000e+02  λ=7.542969e-01  dt=1.108e-03  relΔE=2.050e-07  ||F||=9.720e-03
 step= 23500  E=3.464017287615e+02  Q=8.140000000000e+02  λ=7.541771e-01  dt=8.575e-04  relΔE=1.529e-07  ||F||=9.543e-03
 step= 24000  E=3.463651731957e+02  Q=8.140000000000e+02  λ=7.540638e-01  dt=1.327e-03  relΔE=2.283e-07  ||F||=9.370e-03
 step= 24500  E=3.463299894678e+02  Q=8.140000000000e+02  λ=7.539543e-01  dt=1.027e-03  relΔE=1.703e-07  ||F||=9.198e-03
 step= 25000  E=3.462949778695e+02  Q=8.140000000000e+02  λ=7.538450e-01  dt=7.951e-04  relΔE=1.268e-07  ||F||=9.021e-03
 step= 25500  E=3.462629269942e+02  Q=8.140000000000e+02  λ=7.537448e-01  dt=1.231e-03  relΔE=1.890e-07  ||F||=8.853e-03
 step= 26000  E=3.462311860079e+02  Q=8.140000000000e+02  λ=7.536453e-01  dt=9.526e-04  relΔE=1.407e-07  ||F||=8.681e-03
 step= 26500  E=3.462002823493e+02  Q=8.140000000000e+02  λ=7.535484e-01  dt=1.475e-03  relΔE=2.092e-07  ||F||=8.509e-03
 step= 27000  E=3.461718161962e+02  Q=8.140000000000e+02  λ=7.534589e-01  dt=1.141e-03  relΔE=1.557e-07  ||F||=8.343e-03
 step= 27500  E=3.461434029645e+02  Q=8.140000000000e+02  λ=7.533695e-01  dt=8.833e-04  relΔE=1.156e-07  ||F||=8.172e-03
 step= 28000  E=3.461164887451e+02  Q=8.140000000000e+02  λ=7.532849e-01  dt=1.367e-03  relΔE=1.718e-07  ||F||=8.005e-03
 step= 28500  E=3.460910288770e+02  Q=8.140000000000e+02  λ=7.532047e-01  dt=1.058e-03  relΔE=1.276e-07  ||F||=7.841e-03
 step= 29000  E=3.460657974621e+02  Q=8.140000000000e+02  λ=7.531253e-01  dt=8.190e-04  relΔE=9.457e-08  ||F||=7.673e-03
 step= 29500  E=3.460424669081e+02  Q=8.140000000000e+02  λ=7.530519e-01  dt=1.268e-03  relΔE=1.403e-07  ||F||=7.513e-03
 step= 30000  E=3.460198492134e+02  Q=8.140000000000e+02  λ=7.529807e-01  dt=9.812e-04  relΔE=1.040e-07  ||F||=7.352e-03
 step= 30500  E=3.459975358139e+02  Q=8.140000000000e+02  λ=7.529109e-01  dt=1.519e-03  relΔE=1.527e-07  ||F||=2.664e-02
 step= 31000  E=3.459773977298e+02  Q=8.140000000000e+02  λ=7.528473e-01  dt=1.176e-03  relΔE=1.141e-07  ||F||=7.033e-03
 step= 31500  E=3.459573262645e+02  Q=8.140000000000e+02  λ=7.527842e-01  dt=9.098e-04  relΔE=8.437e-08  ||F||=6.875e-03
 step= 32000  E=3.459382564387e+02  Q=8.140000000000e+02  λ=7.527245e-01  dt=1.408e-03  relΔE=1.248e-07  ||F||=6.719e-03
 step= 32500  E=3.459204150506e+02  Q=8.140000000000e+02  λ=7.526686e-01  dt=1.090e-03  relΔE=9.229e-08  ||F||=6.568e-03
 step= 33000  E=3.459028006348e+02  Q=8.140000000000e+02  λ=7.526135e-01  dt=8.436e-04  relΔE=6.812e-08  ||F||=6.414e-03
 step= 33500  E=3.458864290466e+02  Q=8.140000000000e+02  λ=7.525624e-01  dt=1.306e-03  relΔE=1.006e-07  ||F||=6.266e-03
 step= 34000  E=3.458708050856e+02  Q=8.140000000000e+02  λ=7.525137e-01  dt=1.011e-03  relΔE=7.431e-08  ||F||=6.120e-03
 step= 34500  E=3.458553737837e+02  Q=8.140000000000e+02  λ=7.524657e-01  dt=7.823e-04  relΔE=5.474e-08  ||F||=6.051e-03
 step= 35000  E=3.458414801143e+02  Q=8.140000000000e+02  λ=7.524226e-01  dt=1.211e-03  relΔE=8.084e-08  ||F||=5.832e-03
 step= 35500  E=3.458277781288e+02  Q=8.140000000000e+02  λ=7.523802e-01  dt=9.372e-04  relΔE=5.957e-08  ||F||=5.690e-03
 step= 36000  E=3.458146311348e+02  Q=8.140000000000e+02  λ=7.523396e-01  dt=1.451e-03  relΔE=8.770e-08  ||F||=5.549e-03
 step= 36500  E=3.458025587199e+02  Q=8.140000000000e+02  λ=7.523024e-01  dt=1.123e-03  relΔE=6.465e-08  ||F||=5.415e-03
 step= 37000  E=3.457906667129e+02  Q=8.140000000000e+02  λ=7.522658e-01  dt=8.690e-04  relΔE=4.755e-08  ||F||=5.279e-03
 step= 37500  E=3.457795535860e+02  Q=8.140000000000e+02  λ=7.522318e-01  dt=1.345e-03  relΔE=6.999e-08  ||F||=5.147e-03
 step= 38000  E=3.457690760297e+02  Q=8.140000000000e+02  λ=7.521998e-01  dt=1.041e-03  relΔE=5.151e-08  ||F||=5.019e-03
 step= 38500  E=3.457587815441e+02  Q=8.140000000000e+02  λ=7.521684e-01  dt=8.058e-04  relΔE=3.782e-08  ||F||=4.889e-03
 step= 39000  E=3.457494048713e+02  Q=8.140000000000e+02  λ=7.521400e-01  dt=1.247e-03  relΔE=5.564e-08  ||F||=4.766e-03
 step= 39500  E=3.457403358207e+02  Q=8.140000000000e+02  λ=7.521125e-01  dt=9.654e-04  relΔE=4.088e-08  ||F||=4.643e-03
 step= 40000  E=3.457315265572e+02  Q=8.140000000000e+02  λ=7.520860e-01  dt=1.494e-03  relΔE=5.996e-08  ||F||=4.723e-03
 step= 40500  E=3.457235976344e+02  Q=8.140000000000e+02  λ=7.520622e-01  dt=1.157e-03  relΔE=4.408e-08  ||F||=4.405e-03
 step= 41000  E=3.457157587060e+02  Q=8.140000000000e+02  λ=7.520387e-01  dt=8.952e-04  relΔE=3.232e-08  ||F||=4.287e-03
 step= 41500  E=3.457084008551e+02  Q=8.140000000000e+02  λ=7.520168e-01  dt=1.386e-03  relΔE=4.742e-08  ||F||=4.173e-03
 step= 42000  E=3.457015517832e+02  Q=8.140000000000e+02  λ=7.519965e-01  dt=1.072e-03  relΔE=3.480e-08  ||F||=4.064e-03
 step= 42500  E=3.456948443981e+02  Q=8.140000000000e+02  λ=7.519766e-01  dt=8.300e-04  relΔE=2.548e-08  ||F||=3.953e-03
 step= 43000  E=3.456886914791e+02  Q=8.140000000000e+02  λ=7.519586e-01  dt=1.285e-03  relΔE=3.738e-08  ||F||=3.848e-03
 step= 43500  E=3.456828207756e+02  Q=8.140000000000e+02  λ=7.519414e-01  dt=9.944e-04  relΔE=2.739e-08  ||F||=3.744e-03
 step= 44000  E=3.456770592556e+02  Q=8.140000000000e+02  λ=7.519423e-01  dt=6.414e-04  relΔE=8.115e-08  ||F||=1.888e-01
 step= 44500  E=3.456721320510e+02  Q=8.140000000000e+02  λ=7.519103e-01  dt=9.928e-04  relΔE=2.453e-08  ||F||=3.545e-03
 step= 45000  E=3.456669741098e+02  Q=8.140000000000e+02  λ=7.519082e-01  dt=6.403e-04  relΔE=6.299e-08  ||F||=1.603e-01
 step= 45500  E=3.456625533995e+02  Q=8.140000000000e+02  λ=7.518828e-01  dt=9.912e-04  relΔE=2.194e-08  ||F||=3.355e-03
 step= 46000  E=3.456579341482e+02  Q=8.140000000000e+02  λ=7.518773e-01  dt=6.393e-04  relΔE=3.623e-08  ||F||=1.248e-01
 step= 46500  E=3.456539839290e+02  Q=8.140000000000e+02  λ=7.518584e-01  dt=9.896e-04  relΔE=1.960e-08  ||F||=3.174e-03
 step= 47000  E=3.456498626030e+02  Q=8.140000000000e+02  λ=7.518506e-01  dt=1.532e-03  relΔE=1.038e-08  ||F||=8.724e-02
 step= 47500  E=3.456461971293e+02  Q=8.140000000000e+02  λ=7.518366e-01  dt=1.186e-03  relΔE=2.096e-08  ||F||=2.998e-03
 step= 48000  E=3.456425889636e+02  Q=8.140000000000e+02  λ=7.518265e-01  dt=9.176e-04  relΔE=1.531e-08  ||F||=2.913e-03
 step= 48500  E=3.456391852239e+02  Q=8.140000000000e+02  λ=7.518171e-01  dt=1.420e-03  relΔE=2.236e-08  ||F||=2.829e-03
 step= 49000  E=3.456360562174e+02  Q=8.140000000000e+02  λ=7.518086e-01  dt=1.099e-03  relΔE=1.635e-08  ||F||=2.750e-03
 step= 49500  E=3.456330055079e+02  Q=8.140000000000e+02  λ=7.518003e-01  dt=8.508e-04  relΔE=1.193e-08  ||F||=2.670e-03
 step= 50000  E=3.456301869063e+02  Q=8.140000000000e+02  λ=7.517927e-01  dt=1.317e-03  relΔE=1.742e-08  ||F||=2.593e-03
 step= 50500  E=3.456275420479e+02  Q=8.140000000000e+02  λ=7.517856e-01  dt=1.019e-03  relΔE=1.273e-08  ||F||=2.519e-03
 step= 51000  E=3.456249580889e+02  Q=8.140000000000e+02  λ=7.517787e-01  dt=7.889e-04  relΔE=9.274e-09  ||F||=2.444e-03
 step= 51500  E=3.456226409987e+02  Q=8.140000000000e+02  λ=7.517726e-01  dt=1.221e-03  relΔE=1.355e-08  ||F||=2.375e-03
 step= 52000  E=3.456203918757e+02  Q=8.140000000000e+02  λ=7.517668e-01  dt=9.452e-04  relΔE=9.886e-09  ||F||=2.306e-03
 step= 52500  E=3.456182456671e+02  Q=8.140000000000e+02  λ=7.517612e-01  dt=1.463e-03  relΔE=1.441e-08  ||F||=2.237e-03
 step= 53000  E=3.456163038889e+02  Q=8.140000000000e+02  λ=7.517563e-01  dt=1.132e-03  relΔE=1.052e-08  ||F||=2.173e-03
 step= 53500  E=3.456144077161e+02  Q=8.140000000000e+02  λ=7.517515e-01  dt=8.764e-04  relΔE=7.666e-09  ||F||=2.108e-03
 step= 54000  E=3.456126449605e+02  Q=8.140000000000e+02  λ=7.517471e-01  dt=1.357e-03  relΔE=1.118e-08  ||F||=2.046e-03
 step= 54500  E=3.456110030294e+02  Q=8.140000000000e+02  λ=7.517430e-01  dt=1.050e-03  relΔE=8.153e-09  ||F||=1.986e-03
 step= 55000  E=3.456094072967e+02  Q=8.140000000000e+02  λ=7.517391e-01  dt=8.127e-04  relΔE=5.935e-09  ||F||=1.926e-03
 step= 55500  E=3.456079595418e+02  Q=8.140000000000e+02  λ=7.517356e-01  dt=1.258e-03  relΔE=8.658e-09  ||F||=1.870e-03
 step= 56000  E=3.456065774516e+02  Q=8.140000000000e+02  λ=7.517323e-01  dt=9.736e-04  relΔE=6.309e-09  ||F||=1.814e-03
 step= 56500  E=3.456052371217e+02  Q=8.140000000000e+02  λ=7.517292e-01  dt=1.507e-03  relΔE=9.116e-09  ||F||=5.284e-03
 step= 57000  E=3.456040471263e+02  Q=8.140000000000e+02  λ=7.517264e-01  dt=1.166e-03  relΔE=6.696e-09  ||F||=1.707e-03
 step= 57500  E=3.456028797039e+02  Q=8.140000000000e+02  λ=7.517237e-01  dt=9.028e-04  relΔE=4.873e-09  ||F||=1.655e-03
 step= 58000  E=3.456017878742e+02  Q=8.140000000000e+02  λ=7.517213e-01  dt=1.397e-03  relΔE=7.095e-09  ||F||=1.605e-03
 step= 58500  E=3.456007832498e+02  Q=8.140000000000e+02  λ=7.517190e-01  dt=1.082e-03  relΔE=5.171e-09  ||F||=1.558e-03
 step= 59000  E=3.455998070804e+02  Q=8.140000000000e+02  λ=7.517169e-01  dt=8.371e-04  relΔE=3.761e-09  ||F||=1.510e-03
 step= 59500  E=3.455989117034e+02  Q=8.140000000000e+02  λ=7.517150e-01  dt=1.296e-03  relΔE=5.478e-09  ||F||=1.465e-03
 step= 60000  E=3.455980690026e+02  Q=8.140000000000e+02  λ=7.517132e-01  dt=1.003e-03  relΔE=3.989e-09  ||F||=1.421e-03
 step= 60500  E=3.455972480129e+02  Q=8.140000000000e+02  λ=7.517116e-01  dt=7.762e-04  relΔE=2.898e-09  ||F||=1.377e-03
 step= 61000  E=3.455965187290e+02  Q=8.140000000000e+02  λ=7.517101e-01  dt=1.202e-03  relΔE=4.225e-09  ||F||=1.336e-03
 step= 61500  E=3.455958077366e+02  Q=8.140000000000e+02  λ=7.517087e-01  dt=9.299e-04  relΔE=3.073e-09  ||F||=1.295e-03
 step= 62000  E=3.455951360188e+02  Q=8.140000000000e+02  λ=7.517074e-01  dt=1.439e-03  relΔE=4.468e-09  ||F||=1.255e-03
 step= 62500  E=3.455945259586e+02  Q=8.140000000000e+02  λ=7.517063e-01  dt=1.114e-03  relΔE=3.254e-09  ||F||=1.217e-03
 step= 63000  E=3.455939312899e+02  Q=8.140000000000e+02  λ=7.517052e-01  dt=8.623e-04  relΔE=2.365e-09  ||F||=1.179e-03
 step= 63500  E=3.455933827763e+02  Q=8.140000000000e+02  λ=7.517042e-01  dt=1.335e-03  relΔE=3.441e-09  ||F||=1.143e-03
 step= 64000  E=3.455928714471e+02  Q=8.140000000000e+02  λ=7.517033e-01  dt=1.033e-03  relΔE=2.504e-09  ||F||=1.108e-03
 step= 64500  E=3.455923739314e+02  Q=8.140000000000e+02  λ=7.517025e-01  dt=7.996e-04  relΔE=1.818e-09  ||F||=1.073e-03
 step= 65000  E=3.455919268928e+02  Q=8.140000000000e+02  λ=7.517018e-01  dt=1.238e-03  relΔE=2.648e-09  ||F||=1.041e-03
 step= 65500  E=3.455914977123e+02  Q=8.140000000000e+02  λ=7.517011e-01  dt=9.579e-04  relΔE=1.925e-09  ||F||=1.009e-03
 step= 66000  E=3.455910856339e+02  Q=8.140000000000e+02  λ=7.517005e-01  dt=1.483e-03  relΔE=2.795e-09  ||F||=1.039e-03
 step= 66500  E=3.455907183529e+02  Q=8.140000000000e+02  λ=7.517000e-01  dt=1.148e-03  relΔE=2.036e-09  ||F||=9.478e-04
 step= 67000  E=3.455903586455e+02  Q=8.140000000000e+02  λ=7.516995e-01  dt=8.882e-04  relΔE=1.479e-09  ||F||=9.181e-04
 step= 67500  E=3.455900241114e+02  Q=8.140000000000e+02  λ=7.516990e-01  dt=1.375e-03  relΔE=2.150e-09  ||F||=8.895e-04
 step= 68000  E=3.455897155219e+02  Q=8.140000000000e+02  λ=7.516986e-01  dt=1.064e-03  relΔE=1.564e-09  ||F||=8.623e-04
 step= 68500  E=3.455894166445e+02  Q=8.140000000000e+02  λ=7.516983e-01  dt=8.236e-04  relΔE=1.135e-09  ||F||=8.351e-04
 step= 69000  E=3.455891437002e+02  Q=8.140000000000e+02  λ=7.516980e-01  dt=1.275e-03  relΔE=1.652e-09  ||F||=8.095e-04
 step= 69500  E=3.455888853922e+02  Q=8.140000000000e+02  λ=7.516977e-01  dt=9.867e-04  relΔE=1.201e-09  ||F||=7.844e-04
 step= 70000  E=3.455886344876e+02  Q=8.140000000000e+02  λ=7.516975e-01  dt=7.637e-04  relΔE=1.022e-09  ||F||=1.065e-02
 step= 70500  E=3.455884139459e+02  Q=8.140000000000e+02  λ=7.516973e-01  dt=1.182e-03  relΔE=1.268e-09  ||F||=7.364e-04
 step= 71000  E=3.455882001164e+02  Q=8.140000000000e+02  λ=7.516971e-01  dt=7.625e-04  relΔE=7.681e-10  ||F||=7.135e-04
 step= 71500  E=3.455880050482e+02  Q=8.140000000000e+02  λ=7.516970e-01  dt=1.180e-03  relΔE=1.119e-09  ||F||=6.919e-04
 step= 72000  E=3.455878161961e+02  Q=8.140000000000e+02  λ=7.516969e-01  dt=7.612e-04  relΔE=6.773e-10  ||F||=6.704e-04
 step= 72500  E=3.455876437029e+02  Q=8.140000000000e+02  λ=7.516968e-01  dt=1.178e-03  relΔE=9.862e-10  ||F||=6.501e-04
 step= 73000  E=3.455874746762e+02  Q=8.140000000000e+02  λ=7.516967e-01  dt=9.120e-04  relΔE=7.160e-10  ||F||=6.295e-04
 step= 73500  E=3.455873165623e+02  Q=8.140000000000e+02  λ=7.516966e-01  dt=1.412e-03  relΔE=1.040e-09  ||F||=6.097e-04
 step= 74000  E=3.455871718626e+02  Q=8.140000000000e+02  λ=7.516966e-01  dt=1.093e-03  relΔE=7.562e-10  ||F||=5.909e-04
 step= 74500  E=3.455870318796e+02  Q=8.140000000000e+02  λ=7.516966e-01  dt=8.456e-04  relΔE=5.489e-10  ||F||=5.721e-04
 step= 75000  E=3.455869027123e+02  Q=8.140000000000e+02  λ=7.516966e-01  dt=1.309e-03  relΔE=7.977e-10  ||F||=5.543e-04
 step= 75500  E=3.455867824234e+02  Q=8.140000000000e+02  λ=7.516966e-01  dt=1.013e-03  relΔE=5.799e-10  ||F||=5.371e-04
 step= 76000  E=3.455866653094e+02  Q=8.140000000000e+02  λ=7.516966e-01  dt=7.841e-04  relΔE=4.205e-10  ||F||=5.198e-04
 step= 76500  E=3.455865607880e+02  Q=8.140000000000e+02  λ=7.516966e-01  dt=1.214e-03  relΔE=6.118e-10  ||F||=5.038e-04
 step= 77000  E=3.455864599221e+02  Q=8.140000000000e+02  λ=7.516967e-01  dt=9.394e-04  relΔE=4.443e-10  ||F||=4.880e-04
 step= 77500  E=3.455863639370e+02  Q=8.140000000000e+02  λ=7.516967e-01  dt=1.454e-03  relΔE=6.448e-10  ||F||=4.726e-04
 step= 78000  E=3.455862775940e+02  Q=8.140000000000e+02  λ=7.516968e-01  dt=1.125e-03  relΔE=4.690e-10  ||F||=4.578e-04
 step= 78500  E=3.455861934691e+02  Q=8.140000000000e+02  λ=7.516968e-01  dt=8.711e-04  relΔE=3.404e-10  ||F||=4.432e-04
 step= 79000  E=3.455861155717e+02  Q=8.140000000000e+02  λ=7.516969e-01  dt=1.348e-03  relΔE=4.945e-10  ||F||=4.293e-04
 step= 79500  E=3.455860433800e+02  Q=8.140000000000e+02  λ=7.516970e-01  dt=1.044e-03  relΔE=3.594e-10  ||F||=4.160e-04
 step= 80000  E=3.455859734351e+02  Q=8.140000000000e+02  λ=7.516970e-01  dt=8.077e-04  relΔE=2.607e-10  ||F||=4.026e-04
 step= 80500  E=3.455859100358e+02  Q=8.140000000000e+02  λ=7.516971e-01  dt=1.250e-03  relΔE=3.791e-10  ||F||=3.901e-04
 step= 81000  E=3.455858498719e+02  Q=8.140000000000e+02  λ=7.516972e-01  dt=9.677e-04  relΔE=2.754e-10  ||F||=3.778e-04
 step= 81500  E=3.455857916233e+02  Q=8.140000000000e+02  λ=7.516973e-01  dt=1.498e-03  relΔE=3.940e-10  ||F||=1.476e-03
 step= 82000  E=3.455857401282e+02  Q=8.140000000000e+02  λ=7.516974e-01  dt=1.159e-03  relΔE=2.906e-10  ||F||=3.544e-04
 step= 82500  E=3.455856896847e+02  Q=8.140000000000e+02  λ=7.516975e-01  dt=8.973e-04  relΔE=2.109e-10  ||F||=3.431e-04
 step= 83000  E=3.455856426272e+02  Q=8.140000000000e+02  λ=7.516976e-01  dt=1.389e-03  relΔE=3.062e-10  ||F||=3.322e-04
 step= 83500  E=3.455855994503e+02  Q=8.140000000000e+02  λ=7.516977e-01  dt=1.075e-03  relΔE=2.226e-10  ||F||=3.219e-04
 step= 84000  E=3.455855576944e+02  Q=8.140000000000e+02  λ=7.516978e-01  dt=8.320e-04  relΔE=1.615e-10  ||F||=3.116e-04
 step= 84500  E=3.455855193385e+02  Q=8.140000000000e+02  λ=7.516979e-01  dt=1.288e-03  relΔE=2.348e-10  ||F||=3.018e-04
 step= 85000  E=3.455854834085e+02  Q=8.140000000000e+02  λ=7.516980e-01  dt=9.968e-04  relΔE=1.706e-10  ||F||=2.924e-04
 step= 85500  E=3.455854483865e+02  Q=8.140000000000e+02  λ=7.516981e-01  dt=7.715e-04  relΔE=1.237e-10  ||F||=2.831e-04
 step= 86000  E=3.455854173831e+02  Q=8.140000000000e+02  λ=7.516982e-01  dt=1.194e-03  relΔE=1.800e-10  ||F||=2.742e-04
 step= 86500  E=3.455853872913e+02  Q=8.140000000000e+02  λ=7.516983e-01  dt=9.242e-04  relΔE=1.307e-10  ||F||=2.654e-04
 step= 87000  E=3.455853588299e+02  Q=8.140000000000e+02  λ=7.516984e-01  dt=1.431e-03  relΔE=1.897e-10  ||F||=2.570e-04
 step= 87500  E=3.455853330605e+02  Q=8.140000000000e+02  λ=7.516985e-01  dt=1.107e-03  relΔE=1.379e-10  ||F||=2.490e-04
 step= 88000  E=3.455853080095e+02  Q=8.140000000000e+02  λ=7.516986e-01  dt=8.570e-04  relΔE=1.001e-10  ||F||=2.410e-04
 step= 88500  E=3.455852848092e+02  Q=8.140000000000e+02  λ=7.516988e-01  dt=1.327e-03  relΔE=1.454e-10  ||F||=2.334e-04
 step= 89000  E=3.455852633306e+02  Q=8.140000000000e+02  λ=7.516989e-01  dt=1.027e-03  relΔE=1.057e-10  ||F||=2.261e-04
 step= 89500  E=3.455852424487e+02  Q=8.140000000000e+02  λ=7.516990e-01  dt=7.947e-04  relΔE=7.669e-11  ||F||=2.188e-04
 step= 90000  E=3.455852236601e+02  Q=8.140000000000e+02  λ=7.516991e-01  dt=1.230e-03  relΔE=1.116e-10  ||F||=2.120e-04
 step= 90500  E=3.455852057080e+02  Q=8.140000000000e+02  λ=7.516992e-01  dt=9.520e-04  relΔE=8.105e-11  ||F||=2.053e-04
 step= 91000  E=3.455851884629e+02  Q=8.140000000000e+02  λ=7.516992e-01  dt=1.474e-03  relΔE=1.176e-10  ||F||=2.374e-04
 step= 91500  E=3.455851731037e+02  Q=8.140000000000e+02  λ=7.516993e-01  dt=1.141e-03  relΔE=8.559e-11  ||F||=1.926e-04
 step= 92000  E=3.455851580709e+02  Q=8.140000000000e+02  λ=7.516994e-01  dt=8.828e-04  relΔE=6.213e-11  ||F||=1.864e-04
 step= 92500  E=3.455851440568e+02  Q=8.140000000000e+02  λ=7.516995e-01  dt=1.366e-03  relΔE=9.026e-11  ||F||=1.805e-04
 step= 93000  E=3.455851311405e+02  Q=8.140000000000e+02  λ=7.516996e-01  dt=1.058e-03  relΔE=6.563e-11  ||F||=1.749e-04
 step= 93500  E=3.455851186498e+02  Q=8.140000000000e+02  λ=7.516997e-01  dt=8.186e-04  relΔE=4.763e-11  ||F||=1.693e-04
 step= 94000  E=3.455851072187e+02  Q=8.140000000000e+02  λ=7.516998e-01  dt=1.267e-03  relΔE=6.926e-11  ||F||=1.640e-04
 step= 94500  E=3.455850964888e+02  Q=8.140000000000e+02  λ=7.516999e-01  dt=9.807e-04  relΔE=5.035e-11  ||F||=1.588e-04
 step= 95000  E=3.455850860223e+02  Q=8.140000000000e+02  λ=7.517000e-01  dt=7.590e-04  relΔE=3.654e-11  ||F||=2.077e-04
 step= 95500  E=3.455850768003e+02  Q=8.140000000000e+02  λ=7.517001e-01  dt=1.175e-03  relΔE=5.318e-11  ||F||=1.489e-04
 step= 96000  E=3.455850677715e+02  Q=8.140000000000e+02  λ=7.517001e-01  dt=9.093e-04  relΔE=3.862e-11  ||F||=1.442e-04
 step= 96500  E=3.455850592876e+02  Q=8.140000000000e+02  λ=7.517002e-01  dt=1.408e-03  relΔE=5.610e-11  ||F||=1.396e-04
 step= 97000  E=3.455850515438e+02  Q=8.140000000000e+02  λ=7.517003e-01  dt=1.089e-03  relΔE=4.082e-11  ||F||=1.352e-04
 step= 97500  E=3.455850440373e+02  Q=8.140000000000e+02  λ=7.517004e-01  dt=8.432e-04  relΔE=2.964e-11  ||F||=1.309e-04
 step= 98000  E=3.455850374050e+02  Q=8.140000000000e+02  λ=7.517004e-01  dt=1.088e-03  relΔE=3.601e-11  ||F||=1.270e-04
 step= 98500  E=3.455850307819e+02  Q=8.140000000000e+02  λ=7.517005e-01  dt=8.418e-04  relΔE=2.615e-11  ||F||=1.229e-04
 step= 99000  E=3.455850249291e+02  Q=8.140000000000e+02  λ=7.517006e-01  dt=1.086e-03  relΔE=3.178e-11  ||F||=1.192e-04
 step= 99500  E=3.455850190763e+02  Q=8.140000000000e+02  λ=7.517007e-01  dt=8.404e-04  relΔE=2.308e-11  ||F||=1.154e-04
 step=100000  E=3.455850136586e+02  Q=8.140000000000e+02  λ=7.517007e-01  dt=1.301e-03  relΔE=3.357e-11  ||F||=1.117e-04
 step=100500  E=3.455850086230e+02  Q=8.140000000000e+02  λ=7.517008e-01  dt=1.007e-03  relΔE=2.442e-11  ||F||=1.083e-04
 step=101000  E=3.455850037084e+02  Q=8.140000000000e+02  λ=7.517009e-01  dt=7.793e-04  relΔE=1.772e-11  ||F||=1.047e-04
 step=101500  E=3.455849993135e+02  Q=8.140000000000e+02  λ=7.517009e-01  dt=1.206e-03  relΔE=2.581e-11  ||F||=1.015e-04
 step=102000  E=3.455849950677e+02  Q=8.140000000000e+02  λ=7.517010e-01  dt=9.336e-04  relΔE=1.876e-11  ||F||=9.827e-05
 step=102500  E=3.455849910240e+02  Q=8.140000000000e+02  λ=7.517010e-01  dt=1.445e-03  relΔE=2.725e-11  ||F||=9.524e-05
 step=103000  E=3.455849873882e+02  Q=8.140000000000e+02  λ=7.517011e-01  dt=1.119e-03  relΔE=1.985e-11  ||F||=9.217e-05
 step=103500  E=3.455849838414e+02  Q=8.140000000000e+02  λ=7.517011e-01  dt=8.657e-04  relΔE=1.442e-11  ||F||=8.922e-05
 step=104000  E=3.455849805438e+02  Q=8.140000000000e+02  λ=7.517012e-01  dt=1.340e-03  relΔE=2.097e-11  ||F||=8.639e-05
 step=104500  E=3.455849774971e+02  Q=8.140000000000e+02  λ=7.517013e-01  dt=1.037e-03  relΔE=1.527e-11  ||F||=8.370e-05
 step=105000  E=3.455849745325e+02  Q=8.140000000000e+02  λ=7.517013e-01  dt=8.027e-04  relΔE=1.109e-11  ||F||=8.100e-05
 step=105500  E=3.455849718419e+02  Q=8.140000000000e+02  λ=7.517014e-01  dt=1.243e-03  relΔE=1.615e-11  ||F||=7.847e-05
 step=106000  E=3.455849692879e+02  Q=8.140000000000e+02  λ=7.517014e-01  dt=9.617e-04  relΔE=1.175e-11  ||F||=7.600e-05
 step=106500  E=3.455849668079e+02  Q=8.140000000000e+02  λ=7.517015e-01  dt=1.489e-03  relΔE=1.644e-11  ||F||=5.731e-04
 step=107000  E=3.455849646175e+02  Q=8.140000000000e+02  λ=7.517015e-01  dt=1.152e-03  relΔE=1.244e-11  ||F||=7.128e-05
 step=107500  E=3.455849624653e+02  Q=8.140000000000e+02  λ=7.517016e-01  dt=8.918e-04  relΔE=9.045e-12  ||F||=6.900e-05
 step=108000  E=3.455849604503e+02  Q=8.140000000000e+02  λ=7.517016e-01  dt=1.380e-03  relΔE=1.316e-11  ||F||=6.680e-05
 step=108500  E=3.455849585986e+02  Q=8.140000000000e+02  λ=7.517016e-01  dt=1.068e-03  relΔE=9.585e-12  ||F||=6.472e-05
 step=109000  E=3.455849568061e+02  Q=8.140000000000e+02  λ=7.517017e-01  dt=8.269e-04  relΔE=6.969e-12  ||F||=6.265e-05
 step=109500  E=3.455849551520e+02  Q=8.140000000000e+02  λ=7.517017e-01  dt=1.280e-03  relΔE=1.015e-11  ||F||=6.068e-05
 step=110000  E=3.455849536033e+02  Q=8.140000000000e+02  λ=7.517018e-01  dt=9.907e-04  relΔE=7.391e-12  ||F||=5.878e-05
 step=110500  E=3.455849520921e+02  Q=8.140000000000e+02  λ=7.517018e-01  dt=7.667e-04  relΔE=5.372e-12  ||F||=5.687e-05
 step=111000  E=3.455849507476e+02  Q=8.140000000000e+02  λ=7.517018e-01  dt=1.187e-03  relΔE=7.836e-12  ||F||=5.512e-05
 step=111500  E=3.455849494359e+02  Q=8.140000000000e+02  λ=7.517019e-01  dt=9.186e-04  relΔE=5.702e-12  ||F||=5.337e-05
 step=112000  E=3.455849481957e+02  Q=8.140000000000e+02  λ=7.517019e-01  dt=1.422e-03  relΔE=8.298e-12  ||F||=5.166e-05
 step=112500  E=3.455849470685e+02  Q=8.140000000000e+02  λ=7.517020e-01  dt=1.101e-03  relΔE=6.050e-12  ||F||=5.006e-05
 step=113000  E=3.455849459742e+02  Q=8.140000000000e+02  λ=7.517020e-01  dt=8.518e-04  relΔE=4.404e-12  ||F||=4.846e-05
 step=113500  E=3.455849449551e+02  Q=8.140000000000e+02  λ=7.517020e-01  dt=1.318e-03  relΔE=6.415e-12  ||F||=4.693e-05
 step=114000  E=3.455849440090e+02  Q=8.140000000000e+02  λ=7.517020e-01  dt=1.020e-03  relΔE=4.678e-12  ||F||=4.547e-05
 step=114500  E=3.455849430876e+02  Q=8.140000000000e+02  λ=7.517021e-01  dt=7.898e-04  relΔE=3.404e-12  ||F||=4.400e-05
 step=115000  E=3.455849422537e+02  Q=8.140000000000e+02  λ=7.517021e-01  dt=1.223e-03  relΔE=4.966e-12  ||F||=4.264e-05
 step=115500  E=3.455849414535e+02  Q=8.140000000000e+02  λ=7.517021e-01  dt=9.462e-04  relΔE=3.618e-12  ||F||=4.129e-05
 step=116000  E=3.455849406824e+02  Q=8.140000000000e+02  λ=7.517022e-01  dt=1.465e-03  relΔE=5.263e-12  ||F||=6.182e-05
 step=116500  E=3.455849399944e+02  Q=8.140000000000e+02  λ=7.517022e-01  dt=1.134e-03  relΔE=3.846e-12  ||F||=3.873e-05
 step=117000  E=3.455849393206e+02  Q=8.140000000000e+02  λ=7.517022e-01  dt=8.774e-04  relΔE=2.803e-12  ||F||=3.750e-05
 step=117500  E=3.455849386884e+02  Q=8.140000000000e+02  λ=7.517022e-01  dt=1.358e-03  relΔE=4.084e-12  ||F||=3.631e-05
 step=118000  E=3.455849381045e+02  Q=8.140000000000e+02  λ=7.517023e-01  dt=1.051e-03  relΔE=2.980e-12  ||F||=3.518e-05
 step=118500  E=3.455849375377e+02  Q=8.140000000000e+02  λ=7.517023e-01  dt=8.136e-04  relΔE=2.172e-12  ||F||=3.405e-05
 step=119000  E=3.455849370170e+02  Q=8.140000000000e+02  λ=7.517023e-01  dt=1.259e-03  relΔE=3.170e-12  ||F||=3.298e-05
 step=119500  E=3.455849365262e+02  Q=8.140000000000e+02  λ=7.517023e-01  dt=9.747e-04  relΔE=2.313e-12  ||F||=3.195e-05
 step=120000  E=3.455849360456e+02  Q=8.140000000000e+02  λ=7.517024e-01  dt=7.544e-04  relΔE=1.685e-12  ||F||=4.247e-05
 step=120500  E=3.455849356192e+02  Q=8.140000000000e+02  λ=7.517024e-01  dt=1.168e-03  relΔE=2.464e-12  ||F||=2.997e-05
 step=121000  E=3.455849352007e+02  Q=8.140000000000e+02  λ=7.517024e-01  dt=9.038e-04  relΔE=1.797e-12  ||F||=2.902e-05
 step=121500  E=3.455849348056e+02  Q=8.140000000000e+02  λ=7.517024e-01  dt=1.399e-03  relΔE=2.623e-12  ||F||=2.809e-05
 step=122000  E=3.455849344434e+02  Q=8.140000000000e+02  λ=7.517024e-01  dt=1.083e-03  relΔE=1.917e-12  ||F||=2.722e-05
 step=122500  E=3.455849340917e+02  Q=8.140000000000e+02  λ=7.517025e-01  dt=8.380e-04  relΔE=1.398e-12  ||F||=2.635e-05
 step=123000  E=3.455849337637e+02  Q=8.140000000000e+02  λ=7.517025e-01  dt=1.297e-03  relΔE=2.042e-12  ||F||=2.553e-05
 step=123500  E=3.455849334579e+02  Q=8.140000000000e+02  λ=7.517025e-01  dt=1.004e-03  relΔE=1.492e-12  ||F||=2.473e-05
 step=124000  E=3.455849331583e+02  Q=8.140000000000e+02  λ=7.517025e-01  dt=7.771e-04  relΔE=1.088e-12  ||F||=2.393e-05
 step=124500  E=3.455849328889e+02  Q=8.140000000000e+02  λ=7.517025e-01  dt=1.203e-03  relΔE=1.593e-12  ||F||=2.319e-05
 step=125000  E=3.455849326316e+02  Q=8.140000000000e+02  λ=7.517026e-01  dt=7.758e-04  relΔE=9.708e-13  ||F||=2.247e-05
 step=125500  E=3.455849323913e+02  Q=8.140000000000e+02  λ=7.517026e-01  dt=1.201e-03  relΔE=1.421e-12  ||F||=2.178e-05
 step=126000  E=3.455849321614e+02  Q=8.140000000000e+02  λ=7.517026e-01  dt=7.745e-04  relΔE=8.660e-13  ||F||=2.110e-05
 step=126500  E=3.455849319470e+02  Q=8.140000000000e+02  λ=7.517026e-01  dt=1.199e-03  relΔE=1.269e-12  ||F||=2.046e-05
 step=127000  E=3.455849317383e+02  Q=8.140000000000e+02  λ=7.517026e-01  dt=9.279e-04  relΔE=9.277e-13  ||F||=1.981e-05
 step=127500  E=3.455849315384e+02  Q=8.140000000000e+02  λ=7.517026e-01  dt=1.436e-03  relΔE=1.355e-12  ||F||=1.924e-05
 step=128000  E=3.455849313573e+02  Q=8.140000000000e+02  λ=7.517026e-01  dt=1.112e-03  relΔE=9.933e-13  ||F||=1.858e-05
 step=128500  E=3.455849311803e+02  Q=8.140000000000e+02  λ=7.517027e-01  dt=8.604e-04  relΔE=7.255e-13  ||F||=1.799e-05
 step=129000  E=3.455849310142e+02  Q=8.140000000000e+02  λ=7.517027e-01  dt=1.332e-03  relΔE=1.063e-12  ||F||=1.743e-05
 step=129500  E=3.455849308598e+02  Q=8.140000000000e+02  λ=7.517027e-01  dt=1.031e-03  relΔE=7.788e-13  ||F||=1.689e-05
 step=130000  E=3.455849307087e+02  Q=8.140000000000e+02  λ=7.517027e-01  dt=7.978e-04  relΔE=5.691e-13  ||F||=1.635e-05
 step=130500  E=3.455849305705e+02  Q=8.140000000000e+02  λ=7.517027e-01  dt=1.235e-03  relΔE=8.348e-13  ||F||=1.584e-05
 step=131000  E=3.455849304385e+02  Q=8.140000000000e+02  λ=7.517027e-01  dt=9.558e-04  relΔE=6.117e-13  ||F||=1.534e-05
 step=131500  E=3.455849303093e+02  Q=8.140000000000e+02  λ=7.517027e-01  dt=1.480e-03  relΔE=8.313e-13  ||F||=1.912e-04
 step=132000  E=3.455849301944e+02  Q=8.140000000000e+02  λ=7.517027e-01  dt=1.145e-03  relΔE=6.566e-13  ||F||=1.440e-05
 step=132500  E=3.455849300807e+02  Q=8.140000000000e+02  λ=7.517027e-01  dt=8.863e-04  relΔE=4.806e-13  ||F||=1.394e-05
 step=133000  E=3.455849299735e+02  Q=8.140000000000e+02  λ=7.517028e-01  dt=1.372e-03  relΔE=7.050e-13  ||F||=1.350e-05
 step=133500  E=3.455849298742e+02  Q=8.140000000000e+02  λ=7.517028e-01  dt=1.062e-03  relΔE=5.171e-13  ||F||=1.308e-05
 step=134000  E=3.455849297775e+02  Q=8.140000000000e+02  λ=7.517028e-01  dt=8.218e-04  relΔE=3.786e-13  ||F||=1.267e-05
 step=134500  E=3.455849296874e+02  Q=8.140000000000e+02  λ=7.517028e-01  dt=1.272e-03  relΔE=5.568e-13  ||F||=1.227e-05
 step=135000  E=3.455849296026e+02  Q=8.140000000000e+02  λ=7.517028e-01  dt=9.846e-04  relΔE=4.091e-13  ||F||=1.189e-05
 step=135500  E=3.455849295188e+02  Q=8.140000000000e+02  λ=7.517028e-01  dt=7.620e-04  relΔE=2.994e-13  ||F||=1.151e-05
 step=136000  E=3.455849294438e+02  Q=8.140000000000e+02  λ=7.517028e-01  dt=1.180e-03  relΔE=4.407e-13  ||F||=1.115e-05
 step=136500  E=3.455849293701e+02  Q=8.140000000000e+02  λ=7.517028e-01  dt=9.130e-04  relΔE=3.230e-13  ||F||=1.080e-05
 step=137000  E=3.455849292997e+02  Q=8.140000000000e+02  λ=7.517028e-01  dt=1.413e-03  relΔE=4.745e-13  ||F||=1.046e-05
 step=137500  E=3.455849292352e+02  Q=8.140000000000e+02  λ=7.517028e-01  dt=1.094e-03  relΔE=3.492e-13  ||F||=1.014e-05
 step=138000  E=3.455849291720e+02  Q=8.140000000000e+02  λ=7.517028e-01  dt=8.465e-04  relΔE=2.561e-13  ||F||=9.816e-06
 step=138500  E=3.455849291126e+02  Q=8.140000000000e+02  λ=7.517028e-01  dt=1.310e-03  relΔE=3.772e-13  ||F||=9.508e-06
 step=139000  E=3.455849290571e+02  Q=8.140000000000e+02  λ=7.517029e-01  dt=1.014e-03  relΔE=2.772e-13  ||F||=9.214e-06
 step=139500  E=3.455849290024e+02  Q=8.140000000000e+02  λ=7.517029e-01  dt=7.850e-04  relΔE=2.035e-13  ||F||=8.919e-06
 step=140000  E=3.455849289524e+02  Q=8.140000000000e+02  λ=7.517029e-01  dt=1.215e-03  relΔE=3.000e-13  ||F||=8.645e-06
 step=140500  E=3.455849289041e+02  Q=8.140000000000e+02  λ=7.517029e-01  dt=9.404e-04  relΔE=2.206e-13  ||F||=8.374e-06
 step=141000  E=3.455849288570e+02  Q=8.140000000000e+02  λ=7.517029e-01  dt=1.456e-03  relΔE=3.239e-13  ||F||=1.668e-05
 step=141500  E=3.455849288145e+02  Q=8.140000000000e+02  λ=7.517029e-01  dt=1.127e-03  relΔE=2.388e-13  ||F||=7.859e-06
 step=142000  E=3.455849287726e+02  Q=8.140000000000e+02  λ=7.517029e-01  dt=8.720e-04  relΔE=1.757e-13  ||F||=7.610e-06
 step=142500  E=3.455849287328e+02  Q=8.140000000000e+02  λ=7.517029e-01  dt=1.350e-03  relΔE=2.596e-13  ||F||=7.371e-06
 step=143000  E=3.455849286958e+02  Q=8.140000000000e+02  λ=7.517029e-01  dt=1.045e-03  relΔE=1.913e-13  ||F||=7.144e-06
 step=143500  E=3.455849286594e+02  Q=8.140000000000e+02  λ=7.517029e-01  dt=8.086e-04  relΔE=1.405e-13  ||F||=6.917e-06
 step=144000  E=3.455849286256e+02  Q=8.140000000000e+02  λ=7.517029e-01  dt=1.252e-03  relΔE=2.071e-13  ||F||=6.702e-06
 step=144500  E=3.455849285934e+02  Q=8.140000000000e+02  λ=7.517029e-01  dt=9.687e-04  relΔE=1.525e-13  ||F||=6.494e-06
 step=145000  E=3.455849285616e+02  Q=8.140000000000e+02  λ=7.517029e-01  dt=7.497e-04  relΔE=1.127e-13  ||F||=6.463e-06
 step=145500  E=3.455849285330e+02  Q=8.140000000000e+02  λ=7.517029e-01  dt=1.161e-03  relΔE=1.661e-13  ||F||=6.094e-06
 step=146000  E=3.455849285047e+02  Q=8.140000000000e+02  λ=7.517029e-01  dt=8.982e-04  relΔE=1.230e-13  ||F||=5.902e-06
 step=146500  E=3.455849284776e+02  Q=8.140000000000e+02  λ=7.517029e-01  dt=1.390e-03  relΔE=1.809e-13  ||F||=5.716e-06
 step=147000  E=3.455849284525e+02  Q=8.140000000000e+02  λ=7.517029e-01  dt=1.076e-03  relΔE=1.329e-13  ||F||=5.540e-06
 step=147500  E=3.455849284279e+02  Q=8.140000000000e+02  λ=7.517029e-01  dt=8.329e-04  relΔE=9.869e-14  ||F||=5.365e-06
 step=148000  E=3.455849284047e+02  Q=8.140000000000e+02  λ=7.517029e-01  dt=1.289e-03  relΔE=1.456e-13  ||F||=5.197e-06
 step=148500  E=3.455849283828e+02  Q=8.140000000000e+02  λ=7.517029e-01  dt=9.978e-04  relΔE=1.079e-13  ||F||=5.037e-06
 step=149000  E=3.455849283610e+02  Q=8.140000000000e+02  λ=7.517030e-01  dt=7.723e-04  relΔE=7.945e-14  ||F||=4.875e-06
 step=149500  E=3.455849283413e+02  Q=8.140000000000e+02  λ=7.517030e-01  dt=1.195e-03  relΔE=1.173e-13  ||F||=4.727e-06
 step=150000  E=3.455849283220e+02  Q=8.140000000000e+02  λ=7.517030e-01  dt=9.252e-04  relΔE=8.767e-14  ||F||=4.578e-06
 step=150500  E=3.455849283032e+02  Q=8.140000000000e+02  λ=7.517030e-01  dt=1.432e-03  relΔE=1.291e-13  ||F||=4.604e-06
 step=151000  E=3.455849282865e+02  Q=8.140000000000e+02  λ=7.517030e-01  dt=9.237e-04  relΔE=7.895e-14  ||F||=4.302e-06
 step=151500  E=3.455849282693e+02  Q=8.140000000000e+02  λ=7.517030e-01  dt=1.430e-03  relΔE=1.169e-13  ||F||=4.252e-06
 step=152000  E=3.455849282541e+02  Q=8.140000000000e+02  λ=7.517030e-01  dt=9.222e-04  relΔE=7.303e-14  ||F||=4.042e-06
 step=152500  E=3.455849282384e+02  Q=8.140000000000e+02  λ=7.517030e-01  dt=1.428e-03  relΔE=1.079e-13  ||F||=4.002e-06
 step=153000  E=3.455849282239e+02  Q=8.140000000000e+02  λ=7.517030e-01  dt=1.105e-03  relΔE=7.945e-14  ||F||=3.794e-06
 step=153500  E=3.455849282097e+02  Q=8.140000000000e+02  λ=7.517030e-01  dt=8.552e-04  relΔE=5.921e-14  ||F||=3.674e-06
 step=154000  E=3.455849281961e+02  Q=8.140000000000e+02  λ=7.517030e-01  dt=1.324e-03  relΔE=8.751e-14  ||F||=3.559e-06
 step=154500  E=3.455849281833e+02  Q=8.140000000000e+02  λ=7.517030e-01  dt=1.025e-03  relΔE=6.546e-14  ||F||=3.450e-06
 step=155000  E=3.455849281707e+02  Q=8.140000000000e+02  λ=7.517030e-01  dt=7.929e-04  relΔE=4.721e-14  ||F||=3.340e-06
 step=155500  E=3.455849281590e+02  Q=8.140000000000e+02  λ=7.517030e-01  dt=1.227e-03  relΔE=7.172e-14  ||F||=3.237e-06
 step=156000  E=3.455849281477e+02  Q=8.140000000000e+02  λ=7.517030e-01  dt=9.500e-04  relΔE=5.280e-14  ||F||=3.137e-06
 step=156500  E=3.455849281365e+02  Q=8.140000000000e+02  λ=7.517030e-01  dt=1.471e-03  relΔE=7.188e-14  ||F||=6.046e-05
 step=157000  E=3.455849281264e+02  Q=8.140000000000e+02  λ=7.517030e-01  dt=1.138e-03  relΔE=5.856e-14  ||F||=2.944e-06
 step=157500  E=3.455849281163e+02  Q=8.140000000000e+02  λ=7.517030e-01  dt=8.809e-04  relΔE=4.408e-14  ||F||=2.852e-06
 step=158000  E=3.455849281066e+02  Q=8.140000000000e+02  λ=7.517030e-01  dt=1.364e-03  relΔE=6.366e-14  ||F||=2.762e-06
 step=158500  E=3.455849280976e+02  Q=8.140000000000e+02  λ=7.517030e-01  dt=1.055e-03  relΔE=4.655e-14  ||F||=2.677e-06
 step=159000  E=3.455849280886e+02  Q=8.140000000000e+02  λ=7.517030e-01  dt=8.168e-04  relΔE=3.504e-14  ||F||=2.593e-06
 step=159500  E=3.455849280802e+02  Q=8.140000000000e+02  λ=7.517030e-01  dt=1.264e-03  relΔE=5.247e-14  ||F||=2.512e-06
 step=160000  E=3.455849280722e+02  Q=8.140000000000e+02  λ=7.517030e-01  dt=9.786e-04  relΔE=3.915e-14  ||F||=2.435e-06
 step=160500  E=3.455849280641e+02  Q=8.140000000000e+02  λ=7.517030e-01  dt=7.574e-04  relΔE=2.878e-14  ||F||=2.357e-06
 step=161000  E=3.455849280569e+02  Q=8.140000000000e+02  λ=7.517030e-01  dt=1.172e-03  relΔE=4.293e-14  ||F||=2.286e-06
 step=161500  E=3.455849280497e+02  Q=8.140000000000e+02  λ=7.517030e-01  dt=9.074e-04  relΔE=3.125e-14  ||F||=2.214e-06
 step=162000  E=3.455849280427e+02  Q=8.140000000000e+02  λ=7.517030e-01  dt=1.405e-03  relΔE=4.737e-14  ||F||=2.146e-06
 step=162500  E=3.455849280362e+02  Q=8.140000000000e+02  λ=7.517030e-01  dt=1.087e-03  relΔE=3.586e-14  ||F||=2.079e-06
 step=163000  E=3.455849280297e+02  Q=8.140000000000e+02  λ=7.517030e-01  dt=8.414e-04  relΔE=2.648e-14  ||F||=2.013e-06
 step=163500  E=3.455849280236e+02  Q=8.140000000000e+02  λ=7.517030e-01  dt=1.302e-03  relΔE=3.931e-14  ||F||=1.950e-06
 step=164000  E=3.455849280178e+02  Q=8.140000000000e+02  λ=7.517030e-01  dt=1.008e-03  relΔE=2.944e-14  ||F||=1.891e-06
 step=164500  E=3.455849280120e+02  Q=8.140000000000e+02  λ=7.517030e-01  dt=7.801e-04  relΔE=2.138e-14  ||F||=1.831e-06
 step=165000  E=3.455849280067e+02  Q=8.140000000000e+02  λ=7.517030e-01  dt=1.208e-03  relΔE=3.207e-14  ||F||=1.775e-06
 step=165500  E=3.455849280015e+02  Q=8.140000000000e+02  λ=7.517030e-01  dt=9.347e-04  relΔE=2.385e-14  ||F||=1.720e-06
 step=166000  E=3.455849279963e+02  Q=8.140000000000e+02  λ=7.517030e-01  dt=1.447e-03  relΔE=3.504e-14  ||F||=5.211e-06
 step=166500  E=3.455849279916e+02  Q=8.140000000000e+02  λ=7.517030e-01  dt=1.120e-03  relΔE=2.681e-14  ||F||=1.615e-06
 step=167000  E=3.455849279869e+02  Q=8.140000000000e+02  λ=7.517030e-01  dt=8.667e-04  relΔE=2.007e-14  ||F||=1.564e-06
 step=167500  E=3.455849279824e+02  Q=8.140000000000e+02  λ=7.517030e-01  dt=1.342e-03  relΔE=2.994e-14  ||F||=1.515e-06
 step=168000  E=3.455849279782e+02  Q=8.140000000000e+02  λ=7.517030e-01  dt=1.038e-03  relΔE=2.138e-14  ||F||=1.469e-06
 step=168500  E=3.455849279740e+02  Q=8.140000000000e+02  λ=7.517030e-01  dt=8.036e-04  relΔE=1.678e-14  ||F||=1.422e-06
 step=169000  E=3.455849279700e+02  Q=8.140000000000e+02  λ=7.517030e-01  dt=1.244e-03  relΔE=2.467e-14  ||F||=1.379e-06
 step=169500  E=3.455849279662e+02  Q=8.140000000000e+02  λ=7.517030e-01  dt=9.628e-04  relΔE=1.793e-14  ||F||=1.336e-06
 step=170000  E=3.455849279624e+02  Q=8.140000000000e+02  λ=7.517030e-01  dt=7.452e-04  relΔE=1.316e-14  ||F||=1.378e-06
 step=170500  E=3.455849279589e+02  Q=8.140000000000e+02  λ=7.517030e-01  dt=1.153e-03  relΔE=2.056e-14  ||F||=1.254e-06
 step=171000  E=3.455849279554e+02  Q=8.140000000000e+02  λ=7.517030e-01  dt=8.927e-04  relΔE=1.546e-14  ||F||=1.215e-06
 step=171500  E=3.455849279521e+02  Q=8.140000000000e+02  λ=7.517030e-01  dt=1.382e-03  relΔE=2.286e-14  ||F||=1.177e-06
 step=172000  E=3.455849279490e+02  Q=8.140000000000e+02  λ=7.517030e-01  dt=1.070e-03  relΔE=1.711e-14  ||F||=1.141e-06
 step=172500  E=3.455849279458e+02  Q=8.140000000000e+02  λ=7.517030e-01  dt=8.278e-04  relΔE=1.250e-14  ||F||=1.105e-06
 step=173000  E=3.455849279429e+02  Q=8.140000000000e+02  λ=7.517030e-01  dt=1.281e-03  relΔE=1.924e-14  ||F||=1.071e-06
 step=173500  E=3.455849279400e+02  Q=8.140000000000e+02  λ=7.517030e-01  dt=9.917e-04  relΔE=1.398e-14  ||F||=1.038e-06
 step=174000  E=3.455849279372e+02  Q=8.140000000000e+02  λ=7.517030e-01  dt=7.676e-04  relΔE=9.705e-15  ||F||=1.005e-06
 step=174500  E=3.455849279346e+02  Q=8.140000000000e+02  λ=7.517030e-01  dt=1.188e-03  relΔE=1.530e-14  ||F||=9.746e-07
 step=175000  E=3.455849279320e+02  Q=8.140000000000e+02  λ=7.517030e-01  dt=9.196e-04  relΔE=1.135e-14  ||F||=9.442e-07
 step=175500  E=3.455849279295e+02  Q=8.140000000000e+02  λ=7.517030e-01  dt=1.423e-03  relΔE=1.793e-14  ||F||=1.078e-06
 step=176000  E=3.455849279272e+02  Q=8.140000000000e+02  λ=7.517030e-01  dt=9.181e-04  relΔE=1.086e-14  ||F||=8.875e-07
 step=176500  E=3.455849279249e+02  Q=8.140000000000e+02  λ=7.517030e-01  dt=1.421e-03  relΔE=1.628e-14  ||F||=9.673e-07
 step=177000  E=3.455849279228e+02  Q=8.140000000000e+02  λ=7.517030e-01  dt=9.166e-04  relΔE=1.036e-14  ||F||=8.343e-07
 step=177500  E=3.455849279206e+02  Q=8.140000000000e+02  λ=7.517030e-01  dt=1.419e-03  relΔE=1.513e-14  ||F||=8.695e-07
 step=178000  E=3.455849279186e+02  Q=8.140000000000e+02  λ=7.517030e-01  dt=1.098e-03  relΔE=1.086e-14  ||F||=7.835e-07
 step=178500  E=3.455849279165e+02  Q=8.140000000000e+02  λ=7.517030e-01  dt=8.499e-04  relΔE=8.882e-15  ||F||=7.589e-07
 step=179000  E=3.455849279146e+02  Q=8.140000000000e+02  λ=7.517030e-01  dt=1.316e-03  relΔE=1.250e-14  ||F||=7.353e-07
 step=179500  E=3.455849279128e+02  Q=8.140000000000e+02  λ=7.517030e-01  dt=1.018e-03  relΔE=9.211e-15  ||F||=7.129e-07
 step=180000  E=3.455849279109e+02  Q=8.140000000000e+02  λ=7.517030e-01  dt=7.881e-04  relΔE=6.908e-15  ||F||=6.903e-07
 step=180500  E=3.455849279092e+02  Q=8.140000000000e+02  λ=7.517031e-01  dt=1.220e-03  relΔE=1.003e-14  ||F||=6.693e-07
 step=181000  E=3.455849279075e+02  Q=8.140000000000e+02  λ=7.517031e-01  dt=9.442e-04  relΔE=8.060e-15  ||F||=6.486e-07
 step=181500  E=3.455849279058e+02  Q=8.140000000000e+02  λ=7.517031e-01  dt=1.461e-03  relΔE=1.020e-14  ||F||=2.439e-05
 step=182000  E=3.455849279043e+02  Q=8.140000000000e+02  λ=7.517031e-01  dt=1.131e-03  relΔE=9.047e-15  ||F||=6.091e-07
 step=182500  E=3.455849279028e+02  Q=8.140000000000e+02  λ=7.517031e-01  dt=8.755e-04  relΔE=6.250e-15  ||F||=5.900e-07
 step=183000  E=3.455849279013e+02  Q=8.140000000000e+02  λ=7.517031e-01  dt=1.355e-03  relΔE=9.869e-15  ||F||=5.716e-07
 step=183500  E=3.455849278999e+02  Q=8.140000000000e+02  λ=7.517031e-01  dt=1.049e-03  relΔE=7.402e-15  ||F||=5.542e-07
 step=184000  E=3.455849278985e+02  Q=8.140000000000e+02  λ=7.517031e-01  dt=8.118e-04  relΔE=5.264e-15  ||F||=5.368e-07
 step=184500  E=3.455849278972e+02  Q=8.140000000000e+02  λ=7.517031e-01  dt=1.257e-03  relΔE=8.060e-15  ||F||=5.203e-07
 step=185000  E=3.455849278959e+02  Q=8.140000000000e+02  λ=7.517031e-01  dt=9.726e-04  relΔE=6.086e-15  ||F||=5.043e-07
 step=185500  E=3.455849278947e+02  Q=8.140000000000e+02  λ=7.517031e-01  dt=7.527e-04  relΔE=5.099e-15  ||F||=4.883e-07
 step=186000  E=3.455849278935e+02  Q=8.140000000000e+02  λ=7.517031e-01  dt=1.165e-03  relΔE=6.908e-15  ||F||=4.736e-07
 step=186500  E=3.455849278923e+02  Q=8.140000000000e+02  λ=7.517031e-01  dt=9.018e-04  relΔE=5.264e-15  ||F||=4.588e-07
 step=187000  E=3.455849278912e+02  Q=8.140000000000e+02  λ=7.517031e-01  dt=1.396e-03  relΔE=8.224e-15  ||F||=4.483e-07
 step=187500  E=3.455849278902e+02  Q=8.140000000000e+02  λ=7.517031e-01  dt=1.080e-03  relΔE=5.592e-15  ||F||=4.309e-07
 step=188000  E=3.455849278891e+02  Q=8.140000000000e+02  λ=7.517031e-01  dt=8.362e-04  relΔE=3.783e-15  ||F||=4.175e-07
 step=188500  E=3.455849278881e+02  Q=8.140000000000e+02  λ=7.517031e-01  dt=1.294e-03  relΔE=6.415e-15  ||F||=4.045e-07
 step=189000  E=3.455849278871e+02  Q=8.140000000000e+02  λ=7.517031e-01  dt=1.002e-03  relΔE=4.606e-15  ||F||=3.922e-07
 step=189500  E=3.455849278862e+02  Q=8.140000000000e+02  λ=7.517031e-01  dt=7.754e-04  relΔE=4.112e-15  ||F||=3.798e-07
 step=190000  E=3.455849278853e+02  Q=8.140000000000e+02  λ=7.517031e-01  dt=1.200e-03  relΔE=5.757e-15  ||F||=3.682e-07
 step=190500  E=3.455849278844e+02  Q=8.140000000000e+02  λ=7.517031e-01  dt=9.289e-04  relΔE=3.948e-15  ||F||=3.569e-07
 step=191000  E=3.455849278835e+02  Q=8.140000000000e+02  λ=7.517031e-01  dt=1.438e-03  relΔE=6.086e-15  ||F||=2.282e-06
 step=191500  E=3.455849278827e+02  Q=8.140000000000e+02  λ=7.517031e-01  dt=1.113e-03  relΔE=4.441e-15  ||F||=3.352e-07
 step=192000  E=3.455849278819e+02  Q=8.140000000000e+02  λ=7.517031e-01  dt=8.614e-04  relΔE=3.290e-15  ||F||=3.247e-07
 step=192500  E=3.455849278811e+02  Q=8.140000000000e+02  λ=7.517031e-01  dt=1.333e-03  relΔE=5.264e-15  ||F||=3.146e-07
 step=193000  E=3.455849278804e+02  Q=8.140000000000e+02  λ=7.517031e-01  dt=1.032e-03  relΔE=4.277e-15  ||F||=3.051e-07
 step=193500  E=3.455849278796e+02  Q=8.140000000000e+02  λ=7.517031e-01  dt=7.987e-04  relΔE=2.632e-15  ||F||=2.955e-07
 step=194000  E=3.455849278790e+02  Q=8.140000000000e+02  λ=7.517031e-01  dt=1.236e-03  relΔE=4.606e-15  ||F||=2.864e-07
 step=194500  E=3.455849278783e+02  Q=8.140000000000e+02  λ=7.517031e-01  dt=9.569e-04  relΔE=2.796e-15  ||F||=2.776e-07
 step=195000  E=3.455849278776e+02  Q=8.140000000000e+02  λ=7.517031e-01  dt=7.406e-04  relΔE=1.974e-15  ||F||=1.060e-06
 step=195500  E=3.455849278770e+02  Q=8.140000000000e+02  λ=7.517031e-01  dt=1.146e-03  relΔE=3.619e-15  ||F||=2.608e-07
 step=196000  E=3.455849278764e+02  Q=8.140000000000e+02  λ=7.517031e-01  dt=8.873e-04  relΔE=2.467e-15  ||F||=2.526e-07
 step=196500  E=3.455849278758e+02  Q=8.140000000000e+02  λ=7.517031e-01  dt=1.373e-03  relΔE=3.454e-15  ||F||=2.451e-07
 step=197000  E=3.455849278752e+02  Q=8.140000000000e+02  λ=7.517031e-01  dt=1.063e-03  relΔE=3.125e-15  ||F||=2.373e-07
 step=197500  E=3.455849278746e+02  Q=8.140000000000e+02  λ=7.517031e-01  dt=8.227e-04  relΔE=2.467e-15  ||F||=2.299e-07
 step=198000  E=3.455849278741e+02  Q=8.140000000000e+02  λ=7.517031e-01  dt=1.274e-03  relΔE=2.961e-15  ||F||=2.228e-07
 step=198500  E=3.455849278736e+02  Q=8.140000000000e+02  λ=7.517031e-01  dt=9.856e-04  relΔE=2.632e-15  ||F||=2.160e-07
 step=199000  E=3.455849278731e+02  Q=8.140000000000e+02  λ=7.517031e-01  dt=7.629e-04  relΔE=1.645e-15  ||F||=2.092e-07
 step=199500  E=3.455849278726e+02  Q=8.140000000000e+02  λ=7.517031e-01  dt=1.181e-03  relΔE=2.632e-15  ||F||=2.029e-07
 step=200000  E=3.455849278721e+02  Q=8.140000000000e+02  λ=7.517031e-01  dt=7.616e-04  relΔE=1.480e-15  ||F||=1.967e-07
 step=200500  E=3.455849278717e+02  Q=8.140000000000e+02  λ=7.517031e-01  dt=1.179e-03  relΔE=2.632e-15  ||F||=1.908e-07
 step=201000  E=3.455849278712e+02  Q=8.140000000000e+02  λ=7.517031e-01  dt=9.125e-04  relΔE=1.974e-15  ||F||=1.849e-07
 step=201500  E=3.455849278708e+02  Q=8.140000000000e+02  λ=7.517031e-01  dt=1.412e-03  relΔE=2.796e-15  ||F||=2.600e-07
 step=202000  E=3.455849278704e+02  Q=8.140000000000e+02  λ=7.517031e-01  dt=1.093e-03  relΔE=1.974e-15  ||F||=1.737e-07
 step=202500  E=3.455849278700e+02  Q=8.140000000000e+02  λ=7.517031e-01  dt=8.461e-04  relΔE=1.151e-15  ||F||=1.683e-07
 step=203000  E=3.455849278696e+02  Q=8.140000000000e+02  λ=7.517031e-01  dt=1.310e-03  relΔE=3.290e-15  ||F||=1.630e-07
 step=203500  E=3.455849278692e+02  Q=8.140000000000e+02  λ=7.517031e-01  dt=1.014e-03  relΔE=1.645e-15  ||F||=1.581e-07
 step=204000  E=3.455849278689e+02  Q=8.140000000000e+02  λ=7.517031e-01  dt=7.845e-04  relΔE=9.869e-16  ||F||=1.531e-07
 step=204500  E=3.455849278685e+02  Q=8.140000000000e+02  λ=7.517031e-01  dt=1.214e-03  relΔE=2.467e-15  ||F||=1.485e-07
 step=205000  E=3.455849278682e+02  Q=8.140000000000e+02  λ=7.517031e-01  dt=9.399e-04  relΔE=1.974e-15  ||F||=1.439e-07
 step=205500  E=3.455849278678e+02  Q=8.140000000000e+02  λ=7.517031e-01  dt=1.455e-03  relΔE=3.125e-15  ||F||=1.219e-05
 step=206000  E=3.455849278675e+02  Q=8.140000000000e+02  λ=7.517031e-01  dt=1.126e-03  relΔE=2.138e-15  ||F||=1.352e-07
 step=206500  E=3.455849278672e+02  Q=8.140000000000e+02  λ=7.517031e-01  dt=8.715e-04  relΔE=1.316e-15  ||F||=1.310e-07
 step=207000  E=3.455849278669e+02  Q=8.140000000000e+02  λ=7.517031e-01  dt=1.349e-03  relΔE=1.316e-15  ||F||=1.270e-07
 step=207500  E=3.455849278666e+02  Q=8.140000000000e+02  λ=7.517031e-01  dt=1.044e-03  relΔE=8.224e-16  ||F||=1.231e-07
 step=208000  E=3.455849278663e+02  Q=8.140000000000e+02  λ=7.517031e-01  dt=8.081e-04  relΔE=2.138e-15  ||F||=1.193e-07
 step=208500  E=3.455849278660e+02  Q=8.140000000000e+02  λ=7.517031e-01  dt=1.251e-03  relΔE=1.809e-15  ||F||=1.156e-07
 step=209000  E=3.455849278658e+02  Q=8.140000000000e+02  λ=7.517031e-01  dt=9.682e-04  relΔE=1.645e-15  ||F||=1.121e-07
 step=209500  E=3.455849278655e+02  Q=8.140000000000e+02  λ=7.517031e-01  dt=3.747e-04  relΔE=1.645e-16  ||F||=1.085e-07
  !! dt fell below dt_min: stiffness-limited termination.

Stationary candidate (aggressive): E=3.455849278655e+02, Q=8.140000000000e+02, maxρ=9.128527e-01

=== Stability test (damped inertial dynamics) ===
Perturb eps=0.02, gamma=1
t=0: E=3.869347546788e+02, Q=8.140000000000e+02, maxρ=9.533769e-01, σ=3.025450e+00, Rc=6.235873e+00
 step=     1  E=3.869345449185e+02  Q=8.140000000000e+02  λ=1.158948e+00  maxρ=9.533768e-01  minρ=8.613e-06  σ=3.025450e+00  Rc=6.235873e+00
 step=   300  E=3.783419678214e+02  Q=8.140000000000e+02  λ=1.048855e+00  maxρ=9.480454e-01  minρ=8.638e-06  σ=3.025451e+00  Rc=6.235873e+00
 step=   600  E=3.611339240589e+02  Q=8.140000000000e+02  λ=8.511388e-01  maxρ=9.334086e-01  minρ=8.704e-06  σ=3.025451e+00  Rc=6.235873e+00
 step=   900  E=3.512167724082e+02  Q=8.140000000000e+02  λ=7.918956e-01  maxρ=9.252512e-01  minρ=8.685e-06  σ=3.025451e+00  Rc=6.235871e+00
 step=  1200  E=3.552226587215e+02  Q=8.140000000000e+02  λ=9.097801e-01  maxρ=9.384497e-01  minρ=8.626e-06  σ=3.025451e+00  Rc=6.235869e+00
 step=  1500  E=3.654816917352e+02  Q=8.140000000000e+02  λ=1.031439e+00  maxρ=9.531866e-01  minρ=8.577e-06  σ=3.025450e+00  Rc=6.235867e+00
 step=  1800  E=3.704912983556e+02  Q=8.140000000000e+02  λ=1.010004e+00  maxρ=9.537588e-01  minρ=8.554e-06  σ=3.025450e+00  Rc=6.235867e+00
 step=  2100  E=3.672687987660e+02  Q=8.140000000000e+02  λ=8.997031e-01  maxρ=9.408524e-01  minρ=8.557e-06  σ=3.025450e+00  Rc=6.235869e+00
 step=  2400  E=3.620420344700e+02  Q=8.140000000000e+02  λ=8.552890e-01  maxρ=9.289206e-01  minρ=8.552e-06  σ=3.025450e+00  Rc=6.235872e+00
 step=  2700  E=3.610197526179e+02  Q=8.140000000000e+02  λ=9.202601e-01  maxρ=9.351736e-01  minρ=8.545e-06  σ=3.025450e+00  Rc=6.235874e+00
 step=  3000  E=3.636472220139e+02  Q=8.140000000000e+02  λ=9.893905e-01  maxρ=9.369198e-01  minρ=8.524e-06  σ=3.025449e+00  Rc=6.235874e+00
 step=  3300  E=3.652705850668e+02  Q=8.140000000000e+02  λ=9.684495e-01  maxρ=9.362708e-01  minρ=8.505e-06  σ=3.025450e+00  Rc=6.235873e+00
 step=  3600  E=3.637855838152e+02  Q=8.140000000000e+02  λ=8.950848e-01  maxρ=9.441989e-01  minρ=8.576e-06  σ=3.025451e+00  Rc=6.235871e+00
 step=  3900  E=3.614794441298e+02  Q=8.140000000000e+02  λ=8.690375e-01  maxρ=9.418968e-01  minρ=8.654e-06  σ=3.025452e+00  Rc=6.235870e+00
 step=  4200  E=3.610694670730e+02  Q=8.140000000000e+02  λ=9.117467e-01  maxρ=9.369603e-01  minρ=8.609e-06  σ=3.025453e+00  Rc=6.235871e+00
 step=  4500  E=3.622020659801e+02  Q=8.140000000000e+02  λ=9.509468e-01  maxρ=9.330088e-01  minρ=8.544e-06  σ=3.025452e+00  Rc=6.235873e+00
 step=  4800  E=3.626596924984e+02  Q=8.140000000000e+02  λ=9.315156e-01  maxρ=9.326300e-01  minρ=8.497e-06  σ=3.025451e+00  Rc=6.235874e+00
 step=  5100  E=3.616633247928e+02  Q=8.140000000000e+02  λ=8.858774e-01  maxρ=9.309981e-01  minρ=8.470e-06  σ=3.025450e+00  Rc=6.235872e+00
 step=  5400  E=3.605681492405e+02  Q=8.140000000000e+02  λ=8.765189e-01  maxρ=9.308382e-01  minρ=8.461e-06  σ=3.025450e+00  Rc=6.235871e+00
 step=  5700  E=3.606057984233e+02  Q=8.140000000000e+02  λ=9.075752e-01  maxρ=9.330421e-01  minρ=8.463e-06  σ=3.025451e+00  Rc=6.235871e+00
 step=  6000  E=3.612446015640e+02  Q=8.140000000000e+02  λ=9.287733e-01  maxρ=9.374881e-01  minρ=8.470e-06  σ=3.025450e+00  Rc=6.235874e+00
 >>> No runaway detected in this horizon. Likely stable (within this model & box).

STABILITY: PASS
