
=== Aggressive relaxation to Q = 1713 ===
Initial: E=9.306009270139e+02, Q=1.713000000000e+03, dt=1.000e-04
 step=     1  E=9.305413752583e+02  Q=1.713000000000e+03  λ=1.201690e+00  dt=1.000e-04  relΔE=6.399e-05  ||F||=5.901e-01
 step=   500  E=8.713839042046e+02  Q=1.713000000000e+03  λ=1.084016e+00  dt=6.192e-04  relΔE=2.104e-04  ||F||=4.559e-01
 step=  1000  E=7.733326760353e+02  Q=1.713000000000e+03  λ=8.920399e-01  dt=9.584e-04  relΔE=1.247e-04  ||F||=2.658e-01
 step=  1500  E=7.302047695018e+02  Q=1.713000000000e+03  λ=8.085117e-01  dt=1.484e-03  relΔE=9.450e-05  ||F||=1.807e-01
 step=  2000  E=7.092298050431e+02  Q=1.713000000000e+03  λ=7.676102e-01  dt=1.148e-03  relΔE=4.193e-05  ||F||=1.348e-01
 step=  2500  E=6.966727961949e+02  Q=1.713000000000e+03  λ=7.428752e-01  dt=8.887e-04  relΔE=1.972e-05  ||F||=1.041e-01
 step=  3000  E=6.890675914264e+02  Q=1.713000000000e+03  λ=7.277157e-01  dt=1.376e-03  relΔE=1.977e-05  ||F||=8.335e-02
 step=  3500  E=6.841279410554e+02  Q=1.713000000000e+03  λ=7.177178e-01  dt=1.065e-03  relΔE=1.034e-05  ||F||=6.826e-02
 step=  4000  E=6.806710381529e+02  Q=1.713000000000e+03  λ=7.106236e-01  dt=8.241e-04  relΔE=5.515e-06  ||F||=5.654e-02
 step=  4500  E=6.783458631747e+02  Q=1.713000000000e+03  λ=7.057940e-01  dt=1.276e-03  relΔE=6.137e-06  ||F||=4.786e-02
 step=  5000  E=6.766375310812e+02  Q=1.713000000000e+03  λ=7.022026e-01  dt=9.873e-04  relΔE=3.479e-06  ||F||=4.091e-02
 step=  5500  E=6.753459217823e+02  Q=1.713000000000e+03  λ=6.994731e-01  dt=1.528e-03  relΔE=3.992e-06  ||F||=8.020e-02
 step=  6000  E=6.744241406092e+02  Q=1.713000000000e+03  λ=6.975132e-01  dt=1.183e-03  relΔE=2.397e-06  ||F||=3.097e-02
 step=  6500  E=6.736796276649e+02  Q=1.713000000000e+03  λ=6.959388e-01  dt=9.154e-04  relΔE=1.451e-06  ||F||=2.737e-02
 step=  7000  E=6.730939632112e+02  Q=1.713000000000e+03  λ=6.947161e-01  dt=1.417e-03  relΔE=1.797e-06  ||F||=2.448e-02
 step=  7500  E=6.726300122703e+02  Q=1.713000000000e+03  λ=6.937654e-01  dt=1.097e-03  relΔE=1.143e-06  ||F||=2.218e-02
 step=  8000  E=6.722337963023e+02  Q=1.713000000000e+03  λ=6.929773e-01  dt=8.488e-04  relΔE=7.376e-07  ||F||=2.025e-02
 step=  8500  E=6.719085209114e+02  Q=1.713000000000e+03  λ=6.923558e-01  dt=1.314e-03  relΔE=9.764e-07  ||F||=1.872e-02
 step=  9000  E=6.716271558957e+02  Q=1.713000000000e+03  λ=6.918427e-01  dt=1.017e-03  relΔE=6.579e-07  ||F||=1.747e-02
 step=  9500  E=6.713723290652e+02  Q=1.713000000000e+03  λ=6.914042e-01  dt=7.871e-04  relΔE=4.493e-07  ||F||=1.641e-02
 step= 10000  E=6.711570846774e+02  Q=1.713000000000e+03  λ=6.910574e-01  dt=1.218e-03  relΔE=6.269e-07  ||F||=1.557e-02
 step= 10500  E=6.709559641913e+02  Q=1.713000000000e+03  λ=6.907552e-01  dt=9.430e-04  relΔE=4.416e-07  ||F||=1.485e-02
 step= 11000  E=6.707701535189e+02  Q=1.713000000000e+03  λ=6.904973e-01  dt=1.460e-03  relΔE=6.289e-07  ||F||=1.424e-02
 step= 11500  E=6.706045080751e+02  Q=1.713000000000e+03  λ=6.902853e-01  dt=1.130e-03  relΔE=4.532e-07  ||F||=1.374e-02
 step= 12000  E=6.704442138313e+02  Q=1.713000000000e+03  λ=6.900971e-01  dt=8.744e-04  relΔE=3.282e-07  ||F||=1.329e-02
 step= 12500  E=6.702962423703e+02  Q=1.713000000000e+03  λ=6.899386e-01  dt=1.353e-03  relΔE=4.788e-07  ||F||=1.290e-02
 step= 13000  E=6.701576141413e+02  Q=1.713000000000e+03  λ=6.898031e-01  dt=1.048e-03  relΔE=3.511e-07  ||F||=1.255e-02
 step= 13500  E=6.700218433852e+02  Q=1.713000000000e+03  λ=6.896829e-01  dt=8.108e-04  relΔE=2.579e-07  ||F||=1.223e-02
 step= 14000  E=6.698979444132e+02  Q=1.713000000000e+03  λ=6.895838e-01  dt=1.255e-03  relΔE=3.808e-07  ||F||=1.194e-02
 step= 14500  E=6.697773844203e+02  Q=1.713000000000e+03  λ=6.894970e-01  dt=9.713e-04  relΔE=2.814e-07  ||F||=1.166e-02
 step= 15000  E=6.696594825974e+02  Q=1.713000000000e+03  λ=6.894212e-01  dt=1.504e-03  relΔE=4.160e-07  ||F||=1.204e-02
 step= 15500  E=6.695524845004e+02  Q=1.713000000000e+03  λ=6.893602e-01  dt=1.164e-03  relΔE=3.085e-07  ||F||=1.116e-02
 step= 16000  E=6.694460047863e+02  Q=1.713000000000e+03  λ=6.893067e-01  dt=9.007e-04  relΔE=2.286e-07  ||F||=1.091e-02
 step= 16500  E=6.693448603850e+02  Q=1.713000000000e+03  λ=6.892628e-01  dt=1.394e-03  relΔE=3.389e-07  ||F||=1.068e-02
 step= 17000  E=6.692494441222e+02  Q=1.713000000000e+03  λ=6.892275e-01  dt=1.079e-03  relΔE=2.514e-07  ||F||=1.046e-02
 step= 17500  E=6.691550950225e+02  Q=1.713000000000e+03  λ=6.891985e-01  dt=8.352e-04  relΔE=1.862e-07  ||F||=1.023e-02
 step= 18000  E=6.690675653902e+02  Q=1.713000000000e+03  λ=6.891770e-01  dt=1.293e-03  relΔE=2.763e-07  ||F||=1.001e-02
 step= 18500  E=6.689831144377e+02  Q=1.713000000000e+03  λ=6.891612e-01  dt=1.001e-03  relΔE=2.047e-07  ||F||=9.796e-03
 step= 19000  E=6.688994783452e+02  Q=1.713000000000e+03  λ=6.891592e-01  dt=7.744e-04  relΔE=1.758e-07  ||F||=1.311e-01
 step= 19500  E=6.688242653568e+02  Q=1.713000000000e+03  λ=6.891457e-01  dt=1.199e-03  relΔE=2.245e-07  ||F||=9.371e-03
 step= 20000  E=6.687494052637e+02  Q=1.713000000000e+03  λ=6.891451e-01  dt=9.278e-04  relΔE=1.661e-07  ||F||=9.160e-03
 step= 20500  E=6.686777251185e+02  Q=1.713000000000e+03  λ=6.891488e-01  dt=1.436e-03  relΔE=2.455e-07  ||F||=8.950e-03
 step= 21000  E=6.686131155221e+02  Q=1.713000000000e+03  λ=6.891559e-01  dt=9.263e-04  relΔE=1.515e-07  ||F||=8.755e-03
 step= 21500  E=6.685477671780e+02  Q=1.713000000000e+03  λ=6.891669e-01  dt=1.434e-03  relΔE=2.237e-07  ||F||=8.550e-03
 step= 22000  E=6.684870742109e+02  Q=1.713000000000e+03  λ=6.891808e-01  dt=1.110e-03  relΔE=1.653e-07  ||F||=8.353e-03
 step= 22500  E=6.684272797062e+02  Q=1.713000000000e+03  λ=6.891982e-01  dt=8.589e-04  relΔE=1.218e-07  ||F||=8.152e-03
 step= 23000  E=6.683715048186e+02  Q=1.713000000000e+03  λ=6.892179e-01  dt=1.329e-03  relΔE=1.797e-07  ||F||=7.957e-03
 step= 23500  E=6.683185951809e+02  Q=1.713000000000e+03  λ=6.892399e-01  dt=1.029e-03  relΔE=1.324e-07  ||F||=7.765e-03
 step= 24000  E=6.682665765822e+02  Q=1.713000000000e+03  λ=6.892650e-01  dt=7.964e-04  relΔE=9.741e-08  ||F||=7.569e-03
 step= 24500  E=6.682194609114e+02  Q=1.713000000000e+03  λ=6.892907e-01  dt=1.233e-03  relΔE=1.435e-07  ||F||=7.385e-03
 step= 25000  E=6.681734180398e+02  Q=1.713000000000e+03  λ=6.893191e-01  dt=9.541e-04  relΔE=1.056e-07  ||F||=7.198e-03
 step= 25500  E=6.681289444685e+02  Q=1.713000000000e+03  λ=6.893495e-01  dt=1.477e-03  relΔE=1.550e-07  ||F||=7.013e-03
 step= 26000  E=6.680885862348e+02  Q=1.713000000000e+03  λ=6.893800e-01  dt=1.143e-03  relΔE=1.140e-07  ||F||=6.834e-03
 step= 26500  E=6.680488345450e+02  Q=1.713000000000e+03  λ=6.894130e-01  dt=8.847e-04  relΔE=8.367e-08  ||F||=6.654e-03
 step= 27000  E=6.680115824075e+02  Q=1.713000000000e+03  λ=6.894466e-01  dt=1.369e-03  relΔE=1.228e-07  ||F||=6.479e-03
 step= 27500  E=6.679767628639e+02  Q=1.713000000000e+03  λ=6.894808e-01  dt=1.060e-03  relΔE=9.012e-08  ||F||=6.309e-03
 step= 28000  E=6.679426653296e+02  Q=1.713000000000e+03  λ=6.895169e-01  dt=8.203e-04  relΔE=6.599e-08  ||F||=6.136e-03
 step= 28500  E=6.679115167205e+02  Q=1.713000000000e+03  λ=6.895525e-01  dt=1.270e-03  relΔE=9.678e-08  ||F||=5.973e-03
 step= 29000  E=6.678816288778e+02  Q=1.713000000000e+03  λ=6.895891e-01  dt=9.828e-04  relΔE=7.088e-08  ||F||=5.810e-03
 step= 29500  E=6.678525398705e+02  Q=1.713000000000e+03  λ=6.896278e-01  dt=1.521e-03  relΔE=1.008e-07  ||F||=3.284e-02
 step= 30000  E=6.678266285279e+02  Q=1.713000000000e+03  λ=6.896636e-01  dt=1.177e-03  relΔE=7.593e-08  ||F||=5.494e-03
 step= 30500  E=6.678011020600e+02  Q=1.713000000000e+03  λ=6.897017e-01  dt=9.113e-04  relΔE=5.550e-08  ||F||=5.339e-03
 step= 31000  E=6.677770606734e+02  Q=1.713000000000e+03  λ=6.897399e-01  dt=1.411e-03  relΔE=8.111e-08  ||F||=5.187e-03
 step= 31500  E=6.677548650933e+02  Q=1.713000000000e+03  λ=6.897773e-01  dt=1.092e-03  relΔE=5.931e-08  ||F||=5.042e-03
 step= 32000  E=6.677332505373e+02  Q=1.713000000000e+03  λ=6.898159e-01  dt=8.450e-04  relΔE=4.328e-08  ||F||=4.896e-03
 step= 32500  E=6.677133442690e+02  Q=1.713000000000e+03  λ=6.898535e-01  dt=1.308e-03  relΔE=6.322e-08  ||F||=4.756e-03
 step= 33000  E=6.676945801353e+02  Q=1.713000000000e+03  λ=6.898910e-01  dt=1.012e-03  relΔE=4.616e-08  ||F||=4.619e-03
 step= 33500  E=6.676762796693e+02  Q=1.713000000000e+03  λ=6.899296e-01  dt=7.835e-04  relΔE=3.362e-08  ||F||=4.481e-03
 step= 34000  E=6.676599204860e+02  Q=1.713000000000e+03  λ=6.899659e-01  dt=1.213e-03  relΔE=4.910e-08  ||F||=4.353e-03
 step= 34500  E=6.676440085708e+02  Q=1.713000000000e+03  λ=6.900032e-01  dt=9.387e-04  relΔE=3.578e-08  ||F||=4.223e-03
 step= 35000  E=6.676288868136e+02  Q=1.713000000000e+03  λ=6.900404e-01  dt=1.453e-03  relΔE=5.210e-08  ||F||=4.096e-03
 step= 35500  E=6.676151735201e+02  Q=1.713000000000e+03  λ=6.900760e-01  dt=1.125e-03  relΔE=3.800e-08  ||F||=3.976e-03
 step= 36000  E=6.676018063779e+02  Q=1.713000000000e+03  λ=6.901123e-01  dt=8.704e-04  relΔE=2.765e-08  ||F||=3.855e-03
 step= 36500  E=6.675894477471e+02  Q=1.713000000000e+03  λ=6.901476e-01  dt=1.347e-03  relΔE=4.027e-08  ||F||=3.739e-03
 step= 37000  E=6.675779184609e+02  Q=1.713000000000e+03  λ=6.901821e-01  dt=1.043e-03  relΔE=2.932e-08  ||F||=3.627e-03
 step= 37500  E=6.675667077846e+02  Q=1.713000000000e+03  λ=6.902173e-01  dt=8.071e-04  relΔE=2.130e-08  ||F||=3.514e-03
 step= 38000  E=6.675565910695e+02  Q=1.713000000000e+03  λ=6.902506e-01  dt=1.249e-03  relΔE=3.102e-08  ||F||=3.409e-03
 step= 38500  E=6.675469177238e+02  Q=1.713000000000e+03  λ=6.902839e-01  dt=9.670e-04  relΔE=2.256e-08  ||F||=3.304e-03
 step= 39000  E=6.675376054541e+02  Q=1.713000000000e+03  λ=6.903174e-01  dt=1.497e-03  relΔE=3.274e-08  ||F||=3.770e-03
 step= 39500  E=6.675293202799e+02  Q=1.713000000000e+03  λ=6.903486e-01  dt=1.158e-03  relΔE=2.384e-08  ||F||=3.103e-03
 step= 40000  E=6.675212095371e+02  Q=1.713000000000e+03  λ=6.903805e-01  dt=8.966e-04  relΔE=1.731e-08  ||F||=3.005e-03
 step= 40500  E=6.675136697013e+02  Q=1.713000000000e+03  λ=6.904115e-01  dt=1.388e-03  relΔE=2.514e-08  ||F||=2.911e-03
 step= 41000  E=6.675067130201e+02  Q=1.713000000000e+03  λ=6.904414e-01  dt=1.074e-03  relΔE=1.827e-08  ||F||=2.821e-03
 step= 41500  E=6.674999813199e+02  Q=1.713000000000e+03  λ=6.904716e-01  dt=8.314e-04  relΔE=1.325e-08  ||F||=2.731e-03
 step= 42000  E=6.674938512711e+02  Q=1.713000000000e+03  λ=6.905002e-01  dt=1.287e-03  relΔE=1.925e-08  ||F||=2.646e-03
 step= 42500  E=6.674880707319e+02  Q=1.713000000000e+03  λ=6.905285e-01  dt=9.960e-04  relΔE=1.398e-08  ||F||=2.562e-03
 step= 43000  E=6.674824644826e+02  Q=1.713000000000e+03  λ=6.905570e-01  dt=7.709e-04  relΔE=1.026e-08  ||F||=8.880e-03
 step= 43500  E=6.674775177511e+02  Q=1.713000000000e+03  λ=6.905832e-01  dt=1.193e-03  relΔE=1.471e-08  ||F||=2.402e-03
 step= 44000  E=6.674726901652e+02  Q=1.713000000000e+03  λ=6.906099e-01  dt=9.236e-04  relΔE=1.067e-08  ||F||=2.325e-03
 step= 44500  E=6.674681578801e+02  Q=1.713000000000e+03  λ=6.906360e-01  dt=1.430e-03  relΔE=1.546e-08  ||F||=2.250e-03
 step= 45000  E=6.674640361197e+02  Q=1.713000000000e+03  λ=6.906607e-01  dt=1.106e-03  relΔE=1.122e-08  ||F||=2.179e-03
 step= 45500  E=6.674600449861e+02  Q=1.713000000000e+03  λ=6.906857e-01  dt=8.564e-04  relΔE=8.127e-09  ||F||=2.107e-03
 step= 46000  E=6.674563759078e+02  Q=1.713000000000e+03  λ=6.907095e-01  dt=1.326e-03  relΔE=1.178e-08  ||F||=2.040e-03
 step= 46500  E=6.674529624675e+02  Q=1.713000000000e+03  λ=6.907326e-01  dt=1.026e-03  relΔE=8.544e-09  ||F||=1.974e-03
 step= 47000  E=6.674498118718e+02  Q=1.713000000000e+03  λ=6.907548e-01  dt=1.323e-03  relΔE=1.034e-08  ||F||=1.912e-03
 step= 47500  E=6.674468102215e+02  Q=1.713000000000e+03  λ=6.907767e-01  dt=1.024e-03  relΔE=7.492e-09  ||F||=1.850e-03
 step= 48000  E=6.674440480587e+02  Q=1.713000000000e+03  λ=6.907977e-01  dt=1.321e-03  relΔE=9.061e-09  ||F||=1.792e-03
 step= 48500  E=6.674414169953e+02  Q=1.713000000000e+03  λ=6.908185e-01  dt=1.023e-03  relΔE=6.566e-09  ||F||=1.734e-03
 step= 49000  E=6.674388666386e+02  Q=1.713000000000e+03  λ=6.908395e-01  dt=7.915e-04  relΔE=4.747e-09  ||F||=1.676e-03
 step= 49500  E=6.674365948214e+02  Q=1.713000000000e+03  λ=6.908589e-01  dt=1.225e-03  relΔE=6.884e-09  ||F||=1.622e-03
 step= 50000  E=6.674344126422e+02  Q=1.713000000000e+03  λ=6.908782e-01  dt=9.483e-04  relΔE=4.983e-09  ||F||=1.568e-03
 step= 50500  E=6.674323375609e+02  Q=1.713000000000e+03  λ=6.908974e-01  dt=1.468e-03  relΔE=7.204e-09  ||F||=1.517e-03
 step= 51000  E=6.674304829499e+02  Q=1.713000000000e+03  λ=6.909152e-01  dt=1.136e-03  relΔE=5.223e-09  ||F||=1.467e-03
 step= 51500  E=6.674286822565e+02  Q=1.713000000000e+03  λ=6.909331e-01  dt=8.793e-04  relΔE=3.776e-09  ||F||=1.418e-03
 step= 52000  E=6.674270188655e+02  Q=1.713000000000e+03  λ=6.909503e-01  dt=1.361e-03  relΔE=5.465e-09  ||F||=1.371e-03
 step= 52500  E=6.674254873017e+02  Q=1.713000000000e+03  λ=6.909668e-01  dt=1.053e-03  relΔE=3.958e-09  ||F||=1.326e-03
 step= 53000  E=6.674240049585e+02  Q=1.713000000000e+03  λ=6.909834e-01  dt=8.153e-04  relΔE=2.859e-09  ||F||=1.282e-03
 step= 53500  E=6.674226686587e+02  Q=1.713000000000e+03  λ=6.909988e-01  dt=1.262e-03  relΔE=4.141e-09  ||F||=1.240e-03
 step= 54000  E=6.674214054223e+02  Q=1.713000000000e+03  λ=6.910141e-01  dt=9.768e-04  relΔE=2.996e-09  ||F||=1.199e-03
 step= 54500  E=6.674201859997e+02  Q=1.713000000000e+03  λ=6.910293e-01  dt=1.512e-03  relΔE=4.093e-09  ||F||=9.219e-03
 step= 55000  E=6.674191153564e+02  Q=1.713000000000e+03  λ=6.910432e-01  dt=1.170e-03  relΔE=3.135e-09  ||F||=1.120e-03
 step= 55500  E=6.674180709317e+02  Q=1.713000000000e+03  λ=6.910573e-01  dt=9.057e-04  relΔE=2.266e-09  ||F||=1.083e-03
 step= 56000  E=6.674170991942e+02  Q=1.713000000000e+03  λ=6.910709e-01  dt=1.402e-03  relΔE=3.275e-09  ||F||=1.046e-03
 step= 56500  E=6.674162105655e+02  Q=1.713000000000e+03  λ=6.910838e-01  dt=1.085e-03  relΔE=2.371e-09  ||F||=1.012e-03
 step= 57000  E=6.674153549064e+02  Q=1.713000000000e+03  λ=6.910966e-01  dt=8.398e-04  relΔE=1.712e-09  ||F||=9.774e-04
 step= 57500  E=6.674145738855e+02  Q=1.713000000000e+03  λ=6.911088e-01  dt=1.300e-03  relΔE=2.477e-09  ||F||=9.449e-04
 step= 58000  E=6.674138454403e+02  Q=1.713000000000e+03  λ=6.911207e-01  dt=1.006e-03  relΔE=1.792e-09  ||F||=9.135e-04
 step= 58500  E=6.674131406099e+02  Q=1.713000000000e+03  λ=6.911325e-01  dt=7.787e-04  relΔE=1.293e-09  ||F||=8.820e-04
 step= 59000  E=6.674125171178e+02  Q=1.713000000000e+03  λ=6.911434e-01  dt=1.205e-03  relΔE=1.872e-09  ||F||=8.532e-04
 step= 59500  E=6.674119149803e+02  Q=1.713000000000e+03  λ=6.911543e-01  dt=9.330e-04  relΔE=1.352e-09  ||F||=8.244e-04
 step= 60000  E=6.674113490121e+02  Q=1.713000000000e+03  λ=6.911649e-01  dt=1.444e-03  relΔE=1.953e-09  ||F||=7.963e-04
 step= 60500  E=6.674108385194e+02  Q=1.713000000000e+03  λ=6.911749e-01  dt=1.118e-03  relΔE=1.413e-09  ||F||=7.700e-04
 step= 61000  E=6.674103460657e+02  Q=1.713000000000e+03  λ=6.911848e-01  dt=8.651e-04  relΔE=1.021e-09  ||F||=7.438e-04
 step= 61500  E=6.674098929455e+02  Q=1.713000000000e+03  λ=6.911943e-01  dt=1.339e-03  relΔE=1.475e-09  ||F||=7.188e-04
 step= 62000  E=6.674094744363e+02  Q=1.713000000000e+03  λ=6.912034e-01  dt=1.036e-03  relΔE=1.067e-09  ||F||=6.949e-04
 step= 62500  E=6.674090701739e+02  Q=1.713000000000e+03  λ=6.912125e-01  dt=8.022e-04  relΔE=7.698e-10  ||F||=6.710e-04
 step= 63000  E=6.674087069099e+02  Q=1.713000000000e+03  λ=6.912210e-01  dt=1.242e-03  relΔE=1.114e-09  ||F||=6.487e-04
 step= 63500  E=6.674083626640e+02  Q=1.713000000000e+03  λ=6.912294e-01  dt=9.610e-04  relΔE=8.048e-10  ||F||=6.268e-04
 step= 64000  E=6.674080324769e+02  Q=1.713000000000e+03  λ=6.912377e-01  dt=1.488e-03  relΔE=1.159e-09  ||F||=9.645e-04
 step= 64500  E=6.674077416795e+02  Q=1.713000000000e+03  λ=6.912452e-01  dt=1.151e-03  relΔE=8.404e-10  ||F||=5.853e-04
 step= 65000  E=6.674074578466e+02  Q=1.713000000000e+03  λ=6.912529e-01  dt=8.911e-04  relΔE=6.066e-10  ||F||=5.653e-04
 step= 65500  E=6.674071953944e+02  Q=1.713000000000e+03  λ=6.912603e-01  dt=1.379e-03  relΔE=8.762e-10  ||F||=5.461e-04
 step= 66000  E=6.674069546399e+02  Q=1.713000000000e+03  λ=6.912673e-01  dt=1.068e-03  relΔE=6.335e-10  ||F||=5.278e-04
 step= 66500  E=6.674067233693e+02  Q=1.713000000000e+03  λ=6.912742e-01  dt=8.263e-04  relΔE=4.571e-10  ||F||=5.097e-04
 step= 67000  E=6.674065130567e+02  Q=1.713000000000e+03  λ=6.912808e-01  dt=1.279e-03  relΔE=6.608e-10  ||F||=4.926e-04
 step= 67500  E=6.674063161586e+02  Q=1.713000000000e+03  λ=6.912871e-01  dt=9.899e-04  relΔE=4.775e-10  ||F||=4.760e-04
 step= 68000  E=6.674061255479e+02  Q=1.713000000000e+03  λ=6.912935e-01  dt=7.662e-04  relΔE=3.442e-10  ||F||=4.733e-04
 step= 68500  E=6.674059581813e+02  Q=1.713000000000e+03  λ=6.912993e-01  dt=1.186e-03  relΔE=4.982e-10  ||F||=4.443e-04
 step= 69000  E=6.674057957703e+02  Q=1.713000000000e+03  λ=6.913052e-01  dt=9.179e-04  relΔE=3.596e-10  ||F||=4.291e-04
 step= 69500  E=6.674056439076e+02  Q=1.713000000000e+03  λ=6.913109e-01  dt=1.421e-03  relΔE=5.190e-10  ||F||=4.144e-04
 step= 70000  E=6.674055065629e+02  Q=1.713000000000e+03  λ=6.913162e-01  dt=1.100e-03  relΔE=3.753e-10  ||F||=4.006e-04
 step= 70500  E=6.674053740436e+02  Q=1.713000000000e+03  λ=6.913215e-01  dt=8.511e-04  relΔE=2.708e-10  ||F||=3.868e-04
 step= 71000  E=6.674052523538e+02  Q=1.713000000000e+03  λ=6.913266e-01  dt=1.318e-03  relΔE=3.912e-10  ||F||=3.737e-04
 step= 71500  E=6.674051400111e+02  Q=1.713000000000e+03  λ=6.913314e-01  dt=1.020e-03  relΔE=2.827e-10  ||F||=3.612e-04
 step= 72000  E=6.674050312248e+02  Q=1.713000000000e+03  λ=6.913363e-01  dt=7.892e-04  relΔE=2.038e-10  ||F||=3.486e-04
 step= 72500  E=6.674049345075e+02  Q=1.713000000000e+03  λ=6.913407e-01  dt=1.222e-03  relΔE=2.948e-10  ||F||=3.371e-04
 step= 73000  E=6.674048420329e+02  Q=1.713000000000e+03  λ=6.913452e-01  dt=9.455e-04  relΔE=2.129e-10  ||F||=3.256e-04
 step= 73500  E=6.674047541025e+02  Q=1.713000000000e+03  λ=6.913495e-01  dt=1.464e-03  relΔE=3.070e-10  ||F||=3.163e-04
 step= 74000  E=6.674046758232e+02  Q=1.713000000000e+03  λ=6.913536e-01  dt=1.133e-03  relΔE=2.220e-10  ||F||=3.039e-04
 step= 74500  E=6.674045999957e+02  Q=1.713000000000e+03  λ=6.913576e-01  dt=8.767e-04  relΔE=1.602e-10  ||F||=2.934e-04
 step= 75000  E=6.674045333021e+02  Q=1.713000000000e+03  λ=6.913613e-01  dt=1.131e-03  relΔE=1.934e-10  ||F||=2.839e-04
 step= 75500  E=6.674044670672e+02  Q=1.713000000000e+03  λ=6.913651e-01  dt=8.753e-04  relΔE=1.395e-10  ||F||=2.741e-04
 step= 76000  E=6.674044089806e+02  Q=1.713000000000e+03  λ=6.913685e-01  dt=1.129e-03  relΔE=1.685e-10  ||F||=2.653e-04
 step= 76500  E=6.674043513690e+02  Q=1.713000000000e+03  λ=6.913721e-01  dt=8.739e-04  relΔE=1.215e-10  ||F||=2.562e-04
 step= 77000  E=6.674042980440e+02  Q=1.713000000000e+03  λ=6.913754e-01  dt=1.353e-03  relΔE=1.755e-10  ||F||=2.474e-04
 step= 77500  E=6.674042492089e+02  Q=1.713000000000e+03  λ=6.913787e-01  dt=1.047e-03  relΔE=1.268e-10  ||F||=2.391e-04
 step= 78000  E=6.674042021484e+02  Q=1.713000000000e+03  λ=6.913819e-01  dt=8.103e-04  relΔE=9.143e-11  ||F||=2.308e-04
 step= 78500  E=6.674041596500e+02  Q=1.713000000000e+03  λ=6.913849e-01  dt=1.254e-03  relΔE=1.321e-10  ||F||=2.231e-04
 step= 79000  E=6.674041196032e+02  Q=1.713000000000e+03  λ=6.913878e-01  dt=9.708e-04  relΔE=9.543e-11  ||F||=2.156e-04
 step= 79500  E=6.674040810390e+02  Q=1.713000000000e+03  λ=6.913908e-01  dt=1.503e-03  relΔE=1.130e-10  ||F||=3.198e-03
 step= 80000  E=6.674040472005e+02  Q=1.713000000000e+03  λ=6.913934e-01  dt=1.163e-03  relΔE=9.950e-11  ||F||=2.012e-04
 step= 80500  E=6.674040142296e+02  Q=1.713000000000e+03  λ=6.913961e-01  dt=9.002e-04  relΔE=7.177e-11  ||F||=1.942e-04
 step= 81000  E=6.674039836360e+02  Q=1.713000000000e+03  λ=6.913987e-01  dt=1.393e-03  relΔE=1.036e-10  ||F||=1.876e-04
 step= 81500  E=6.674039557198e+02  Q=1.713000000000e+03  λ=6.914011e-01  dt=1.078e-03  relΔE=7.486e-11  ||F||=1.813e-04
 step= 82000  E=6.674039289027e+02  Q=1.713000000000e+03  λ=6.914036e-01  dt=8.347e-04  relΔE=5.398e-11  ||F||=1.751e-04
 step= 82500  E=6.674039043696e+02  Q=1.713000000000e+03  λ=6.914059e-01  dt=1.292e-03  relΔE=7.797e-11  ||F||=1.691e-04
 step= 83000  E=6.674038815809e+02  Q=1.713000000000e+03  λ=6.914081e-01  dt=1.000e-03  relΔE=5.632e-11  ||F||=1.634e-04
 step= 83500  E=6.674038595342e+02  Q=1.713000000000e+03  λ=6.914103e-01  dt=7.740e-04  relΔE=4.057e-11  ||F||=1.577e-04
 step= 84000  E=6.674038400622e+02  Q=1.713000000000e+03  λ=6.914123e-01  dt=1.198e-03  relΔE=5.868e-11  ||F||=1.525e-04
 step= 84500  E=6.674038213060e+02  Q=1.713000000000e+03  λ=6.914144e-01  dt=9.273e-04  relΔE=4.233e-11  ||F||=1.473e-04
 step= 85000  E=6.674038036509e+02  Q=1.713000000000e+03  λ=6.914164e-01  dt=1.435e-03  relΔE=6.105e-11  ||F||=1.422e-04
 step= 85500  E=6.674037877742e+02  Q=1.713000000000e+03  λ=6.914182e-01  dt=1.111e-03  relΔE=4.412e-11  ||F||=1.375e-04
 step= 86000  E=6.674037724743e+02  Q=1.713000000000e+03  λ=6.914201e-01  dt=8.598e-04  relΔE=3.182e-11  ||F||=1.327e-04
 step= 86500  E=6.674037583762e+02  Q=1.713000000000e+03  λ=6.914218e-01  dt=1.331e-03  relΔE=4.593e-11  ||F||=1.282e-04
 step= 87000  E=6.674037453919e+02  Q=1.713000000000e+03  λ=6.914235e-01  dt=1.030e-03  relΔE=3.318e-11  ||F||=1.239e-04
 step= 87500  E=6.674037328813e+02  Q=1.713000000000e+03  λ=6.914252e-01  dt=7.973e-04  relΔE=2.391e-11  ||F||=1.196e-04
 step= 88000  E=6.674037216556e+02  Q=1.713000000000e+03  λ=6.914267e-01  dt=1.234e-03  relΔE=3.455e-11  ||F||=1.156e-04
 step= 88500  E=6.674037110262e+02  Q=1.713000000000e+03  λ=6.914283e-01  dt=9.551e-04  relΔE=2.493e-11  ||F||=1.117e-04
 step= 89000  E=6.674037008440e+02  Q=1.713000000000e+03  λ=6.914298e-01  dt=1.479e-03  relΔE=3.584e-11  ||F||=2.285e-04
 step= 89500  E=6.674036918741e+02  Q=1.713000000000e+03  λ=6.914312e-01  dt=1.144e-03  relΔE=2.598e-11  ||F||=1.042e-04
 step= 90000  E=6.674036831663e+02  Q=1.713000000000e+03  λ=6.914326e-01  dt=8.857e-04  relΔE=1.873e-11  ||F||=1.006e-04
 step= 90500  E=6.674036751068e+02  Q=1.713000000000e+03  λ=6.914339e-01  dt=1.371e-03  relΔE=2.703e-11  ||F||=9.721e-05
 step= 91000  E=6.674036677251e+02  Q=1.713000000000e+03  λ=6.914352e-01  dt=1.061e-03  relΔE=1.953e-11  ||F||=9.395e-05
 step= 91500  E=6.674036606373e+02  Q=1.713000000000e+03  λ=6.914364e-01  dt=8.212e-04  relΔE=1.408e-11  ||F||=9.071e-05
 step= 92000  E=6.674036541741e+02  Q=1.713000000000e+03  λ=6.914376e-01  dt=1.271e-03  relΔE=2.033e-11  ||F||=8.765e-05
 step= 92500  E=6.674036481617e+02  Q=1.713000000000e+03  λ=6.914388e-01  dt=9.839e-04  relΔE=1.467e-11  ||F||=8.470e-05
 step= 93000  E=6.674036423389e+02  Q=1.713000000000e+03  λ=6.914399e-01  dt=7.615e-04  relΔE=1.057e-11  ||F||=8.204e-05
 step= 93500  E=6.674036372245e+02  Q=1.713000000000e+03  λ=6.914410e-01  dt=1.179e-03  relΔE=1.528e-11  ||F||=7.904e-05
 step= 94000  E=6.674036322595e+02  Q=1.713000000000e+03  λ=6.914421e-01  dt=9.123e-04  relΔE=1.102e-11  ||F||=7.633e-05
 step= 94500  E=6.674036276282e+02  Q=1.713000000000e+03  λ=6.914431e-01  dt=1.412e-03  relΔE=1.588e-11  ||F||=7.371e-05
 step= 95000  E=6.674036234390e+02  Q=1.713000000000e+03  λ=6.914440e-01  dt=1.093e-03  relΔE=1.147e-11  ||F||=7.125e-05
 step= 95500  E=6.674036194120e+02  Q=1.713000000000e+03  λ=6.914450e-01  dt=8.459e-04  relΔE=8.270e-12  ||F||=6.880e-05
 step= 96000  E=6.674036157081e+02  Q=1.713000000000e+03  λ=6.914459e-01  dt=1.309e-03  relΔE=1.193e-11  ||F||=6.647e-05
 step= 96500  E=6.674036123020e+02  Q=1.713000000000e+03  λ=6.914468e-01  dt=1.013e-03  relΔE=8.616e-12  ||F||=6.424e-05
 step= 97000  E=6.674036090100e+02  Q=1.713000000000e+03  λ=6.914477e-01  dt=7.844e-04  relΔE=6.206e-12  ||F||=6.201e-05
 step= 97500  E=6.674036060756e+02  Q=1.713000000000e+03  λ=6.914485e-01  dt=1.214e-03  relΔE=8.965e-12  ||F||=5.995e-05
 step= 98000  E=6.674036032730e+02  Q=1.713000000000e+03  λ=6.914493e-01  dt=9.397e-04  relΔE=6.465e-12  ||F||=5.791e-05
 step= 98500  E=6.674036006114e+02  Q=1.713000000000e+03  λ=6.914500e-01  dt=1.455e-03  relΔE=9.312e-12  ||F||=5.764e-05
 step= 99000  E=6.674035982513e+02  Q=1.713000000000e+03  λ=6.914508e-01  dt=1.126e-03  relΔE=6.728e-12  ||F||=5.406e-05
 step= 99500  E=6.674035959676e+02  Q=1.713000000000e+03  λ=6.914515e-01  dt=8.714e-04  relΔE=4.848e-12  ||F||=5.221e-05
 step=100000  E=6.674035938525e+02  Q=1.713000000000e+03  λ=6.914522e-01  dt=1.349e-03  relΔE=6.991e-12  ||F||=5.043e-05
 step=100500  E=6.674035919215e+02  Q=1.713000000000e+03  λ=6.914528e-01  dt=1.044e-03  relΔE=5.047e-12  ||F||=4.875e-05
 step=101000  E=6.674035900617e+02  Q=1.713000000000e+03  λ=6.914535e-01  dt=8.080e-04  relΔE=3.634e-12  ||F||=4.706e-05
 step=101500  E=6.674035883809e+02  Q=1.713000000000e+03  λ=6.914541e-01  dt=1.251e-03  relΔE=5.246e-12  ||F||=4.549e-05
 step=102000  E=6.674035868313e+02  Q=1.713000000000e+03  λ=6.914547e-01  dt=8.067e-04  relΔE=3.157e-12  ||F||=4.398e-05
 step=102500  E=6.674035853673e+02  Q=1.713000000000e+03  λ=6.914553e-01  dt=1.249e-03  relΔE=4.554e-12  ||F||=4.251e-05
 step=103000  E=6.674035840198e+02  Q=1.713000000000e+03  λ=6.914558e-01  dt=8.054e-04  relΔE=2.741e-12  ||F||=4.110e-05
 step=103500  E=6.674035827486e+02  Q=1.713000000000e+03  λ=6.914564e-01  dt=1.247e-03  relΔE=3.956e-12  ||F||=3.972e-05
 step=104000  E=6.674035815559e+02  Q=1.713000000000e+03  λ=6.914569e-01  dt=9.649e-04  relΔE=2.851e-12  ||F||=3.838e-05
 step=104500  E=6.674035804080e+02  Q=1.713000000000e+03  λ=6.914574e-01  dt=1.494e-03  relΔE=1.873e-12  ||F||=1.004e-03
 step=105000  E=6.674035794021e+02  Q=1.713000000000e+03  λ=6.914579e-01  dt=1.156e-03  relΔE=2.962e-12  ||F||=3.583e-05
 step=105500  E=6.674035784268e+02  Q=1.713000000000e+03  λ=6.914584e-01  dt=8.947e-04  relΔE=2.134e-12  ||F||=3.460e-05
 step=106000  E=6.674035775195e+02  Q=1.713000000000e+03  λ=6.914588e-01  dt=1.385e-03  relΔE=3.074e-12  ||F||=3.342e-05
 step=106500  E=6.674035766957e+02  Q=1.713000000000e+03  λ=6.914593e-01  dt=1.072e-03  relΔE=2.216e-12  ||F||=3.231e-05
 step=107000  E=6.674035759066e+02  Q=1.713000000000e+03  λ=6.914597e-01  dt=8.296e-04  relΔE=1.595e-12  ||F||=3.120e-05
 step=107500  E=6.674035751833e+02  Q=1.713000000000e+03  λ=6.914601e-01  dt=1.284e-03  relΔE=2.299e-12  ||F||=3.015e-05
 step=108000  E=6.674035745165e+02  Q=1.713000000000e+03  λ=6.914605e-01  dt=9.939e-04  relΔE=1.657e-12  ||F||=2.914e-05
 step=108500  E=6.674035738718e+02  Q=1.713000000000e+03  λ=6.914609e-01  dt=7.692e-04  relΔE=1.191e-12  ||F||=2.813e-05
 step=109000  E=6.674035733029e+02  Q=1.713000000000e+03  λ=6.914613e-01  dt=1.191e-03  relΔE=1.720e-12  ||F||=2.720e-05
 step=109500  E=6.674035727577e+02  Q=1.713000000000e+03  λ=6.914616e-01  dt=9.216e-04  relΔE=1.238e-12  ||F||=2.628e-05
 step=110000  E=6.674035722435e+02  Q=1.713000000000e+03  λ=6.914620e-01  dt=1.427e-03  relΔE=1.781e-12  ||F||=2.539e-05
 step=110500  E=6.674035717844e+02  Q=1.713000000000e+03  λ=6.914623e-01  dt=1.104e-03  relΔE=1.284e-12  ||F||=2.454e-05
 step=111000  E=6.674035713423e+02  Q=1.713000000000e+03  λ=6.914626e-01  dt=8.545e-04  relΔE=9.241e-13  ||F||=2.370e-05
 step=111500  E=6.674035709354e+02  Q=1.713000000000e+03  λ=6.914629e-01  dt=1.323e-03  relΔE=1.330e-12  ||F||=2.290e-05
 step=112000  E=6.674035705633e+02  Q=1.713000000000e+03  λ=6.914632e-01  dt=1.024e-03  relΔE=9.578e-13  ||F||=2.214e-05
 step=112500  E=6.674035702047e+02  Q=1.713000000000e+03  λ=6.914635e-01  dt=7.924e-04  relΔE=6.885e-13  ||F||=2.138e-05
 step=113000  E=6.674035698836e+02  Q=1.713000000000e+03  λ=6.914638e-01  dt=1.227e-03  relΔE=9.909e-13  ||F||=2.067e-05
 step=113500  E=6.674035695808e+02  Q=1.713000000000e+03  λ=6.914641e-01  dt=9.493e-04  relΔE=7.132e-13  ||F||=1.997e-05
 step=114000  E=6.674035692910e+02  Q=1.713000000000e+03  λ=6.914644e-01  dt=1.469e-03  relΔE=1.017e-12  ||F||=5.686e-05
 step=114500  E=6.674035690374e+02  Q=1.713000000000e+03  λ=6.914646e-01  dt=1.137e-03  relΔE=7.376e-13  ||F||=1.865e-05
 step=115000  E=6.674035687917e+02  Q=1.713000000000e+03  λ=6.914649e-01  dt=8.802e-04  relΔE=5.298e-13  ||F||=1.801e-05
 step=115500  E=6.674035685648e+02  Q=1.713000000000e+03  λ=6.914651e-01  dt=1.363e-03  relΔE=7.611e-13  ||F||=1.740e-05
 step=116000  E=6.674035683585e+02  Q=1.713000000000e+03  λ=6.914653e-01  dt=1.055e-03  relΔE=5.483e-13  ||F||=1.682e-05
 step=116500  E=6.674035681614e+02  Q=1.713000000000e+03  λ=6.914656e-01  dt=8.162e-04  relΔE=3.926e-13  ||F||=1.625e-05
 step=117000  E=6.674035679821e+02  Q=1.713000000000e+03  λ=6.914658e-01  dt=1.263e-03  relΔE=5.647e-13  ||F||=1.571e-05
 step=117500  E=6.674035678161e+02  Q=1.713000000000e+03  λ=6.914660e-01  dt=9.778e-04  relΔE=4.063e-13  ||F||=1.518e-05
 step=118000  E=6.674035676560e+02  Q=1.713000000000e+03  λ=6.914662e-01  dt=7.568e-04  relΔE=2.908e-13  ||F||=1.466e-05
 step=118500  E=6.674035675163e+02  Q=1.713000000000e+03  λ=6.914664e-01  dt=1.172e-03  relΔE=4.190e-13  ||F||=1.418e-05
 step=119000  E=6.674035673815e+02  Q=1.713000000000e+03  λ=6.914666e-01  dt=9.067e-04  relΔE=3.001e-13  ||F||=1.370e-05
 step=119500  E=6.674035672561e+02  Q=1.713000000000e+03  λ=6.914667e-01  dt=1.404e-03  relΔE=4.308e-13  ||F||=1.323e-05
 step=120000  E=6.674035671436e+02  Q=1.713000000000e+03  λ=6.914669e-01  dt=1.086e-03  relΔE=3.099e-13  ||F||=1.279e-05
 step=120500  E=6.674035670361e+02  Q=1.713000000000e+03  λ=6.914671e-01  dt=8.408e-04  relΔE=2.216e-13  ||F||=1.236e-05
 step=121000  E=6.674035669376e+02  Q=1.713000000000e+03  λ=6.914672e-01  dt=1.301e-03  relΔE=3.170e-13  ||F||=1.194e-05
 step=121500  E=6.674035668478e+02  Q=1.713000000000e+03  λ=6.914674e-01  dt=1.007e-03  relΔE=2.279e-13  ||F||=1.155e-05
 step=122000  E=6.674035667615e+02  Q=1.713000000000e+03  λ=6.914675e-01  dt=7.796e-04  relΔE=1.622e-13  ||F||=1.115e-05
 step=122500  E=6.674035666851e+02  Q=1.713000000000e+03  λ=6.914677e-01  dt=1.207e-03  relΔE=2.339e-13  ||F||=1.078e-05
 step=123000  E=6.674035666129e+02  Q=1.713000000000e+03  λ=6.914678e-01  dt=9.340e-04  relΔE=1.678e-13  ||F||=1.042e-05
 step=123500  E=6.674035665448e+02  Q=1.713000000000e+03  λ=6.914680e-01  dt=1.446e-03  relΔE=2.386e-13  ||F||=1.140e-05
 step=124000  E=6.674035664849e+02  Q=1.713000000000e+03  λ=6.914681e-01  dt=1.119e-03  relΔE=1.710e-13  ||F||=9.732e-06
 step=124500  E=6.674035664274e+02  Q=1.713000000000e+03  λ=6.914682e-01  dt=8.660e-04  relΔE=1.225e-13  ||F||=9.402e-06
 step=125000  E=6.674035663747e+02  Q=1.713000000000e+03  λ=6.914684e-01  dt=1.341e-03  relΔE=1.737e-13  ||F||=9.085e-06
 step=125500  E=6.674035663270e+02  Q=1.713000000000e+03  λ=6.914685e-01  dt=1.038e-03  relΔE=1.249e-13  ||F||=8.784e-06
 step=126000  E=6.674035662816e+02  Q=1.713000000000e+03  λ=6.914686e-01  dt=8.030e-04  relΔE=8.892e-14  ||F||=8.485e-06
 step=126500  E=6.674035662409e+02  Q=1.713000000000e+03  λ=6.914687e-01  dt=1.243e-03  relΔE=1.262e-13  ||F||=8.203e-06
 step=127000  E=6.674035662033e+02  Q=1.713000000000e+03  λ=6.914688e-01  dt=9.621e-04  relΔE=9.113e-14  ||F||=7.930e-06
 step=127500  E=6.674035661674e+02  Q=1.713000000000e+03  λ=6.914689e-01  dt=7.446e-04  relΔE=6.371e-14  ||F||=1.661e-05
 step=128000  E=6.674035661364e+02  Q=1.713000000000e+03  λ=6.914690e-01  dt=1.153e-03  relΔE=9.198e-14  ||F||=7.407e-06
 step=128500  E=6.674035661067e+02  Q=1.713000000000e+03  λ=6.914691e-01  dt=8.921e-04  relΔE=6.473e-14  ||F||=7.157e-06
 step=129000  E=6.674035660794e+02  Q=1.713000000000e+03  λ=6.914692e-01  dt=1.381e-03  relΔE=9.198e-14  ||F||=6.915e-06
 step=129500  E=6.674035660551e+02  Q=1.713000000000e+03  λ=6.914693e-01  dt=1.069e-03  relΔE=6.592e-14  ||F||=6.687e-06
 step=130000  E=6.674035660321e+02  Q=1.713000000000e+03  λ=6.914694e-01  dt=8.272e-04  relΔE=4.684e-14  ||F||=6.461e-06
 step=130500  E=6.674035660113e+02  Q=1.713000000000e+03  λ=6.914695e-01  dt=1.280e-03  relΔE=6.626e-14  ||F||=6.245e-06
 step=131000  E=6.674035659926e+02  Q=1.713000000000e+03  λ=6.914695e-01  dt=9.910e-04  relΔE=4.684e-14  ||F||=6.039e-06
 step=131500  E=6.674035659756e+02  Q=1.713000000000e+03  λ=6.914696e-01  dt=1.278e-03  relΔE=5.468e-14  ||F||=5.841e-06
 step=132000  E=6.674035659599e+02  Q=1.713000000000e+03  λ=6.914697e-01  dt=9.894e-04  relΔE=3.901e-14  ||F||=5.648e-06
 step=132500  E=6.674035659457e+02  Q=1.713000000000e+03  λ=6.914698e-01  dt=1.276e-03  relΔE=4.565e-14  ||F||=5.464e-06
 step=133000  E=6.674035659327e+02  Q=1.713000000000e+03  λ=6.914698e-01  dt=9.878e-04  relΔE=3.202e-14  ||F||=5.283e-06
 step=133500  E=6.674035659203e+02  Q=1.713000000000e+03  λ=6.914699e-01  dt=7.645e-04  relΔE=2.249e-14  ||F||=5.102e-06
 step=134000  E=6.674035659098e+02  Q=1.713000000000e+03  λ=6.914700e-01  dt=1.183e-03  relΔE=3.185e-14  ||F||=4.936e-06
 step=134500  E=6.674035658999e+02  Q=1.713000000000e+03  λ=6.914700e-01  dt=9.159e-04  relΔE=2.231e-14  ||F||=4.770e-06
 step=135000  E=6.674035658908e+02  Q=1.713000000000e+03  λ=6.914701e-01  dt=1.418e-03  relΔE=3.049e-14  ||F||=4.619e-06
 step=135500  E=6.674035658830e+02  Q=1.713000000000e+03  λ=6.914702e-01  dt=1.097e-03  relΔE=2.214e-14  ||F||=4.458e-06
 step=136000  E=6.674035658758e+02  Q=1.713000000000e+03  λ=6.914702e-01  dt=8.493e-04  relΔE=1.516e-14  ||F||=4.308e-06
 step=136500  E=6.674035658693e+02  Q=1.713000000000e+03  λ=6.914703e-01  dt=1.315e-03  relΔE=2.027e-14  ||F||=4.164e-06
 step=137000  E=6.674035658637e+02  Q=1.713000000000e+03  λ=6.914703e-01  dt=1.018e-03  relΔE=1.431e-14  ||F||=4.027e-06
 step=137500  E=6.674035658585e+02  Q=1.713000000000e+03  λ=6.914704e-01  dt=7.875e-04  relΔE=1.022e-14  ||F||=3.891e-06
 step=138000  E=6.674035658540e+02  Q=1.713000000000e+03  λ=6.914704e-01  dt=1.219e-03  relΔE=1.363e-14  ||F||=3.763e-06
 step=138500  E=6.674035658501e+02  Q=1.713000000000e+03  λ=6.914705e-01  dt=9.435e-04  relΔE=9.198e-15  ||F||=3.638e-06
 step=139000  E=6.674035658465e+02  Q=1.713000000000e+03  λ=6.914705e-01  dt=1.460e-03  relΔE=1.056e-14  ||F||=2.575e-05
 step=139500  E=6.674035658436e+02  Q=1.713000000000e+03  λ=6.914706e-01  dt=1.130e-03  relΔE=8.687e-15  ||F||=3.401e-06
 step=140000  E=6.674035658409e+02  Q=1.713000000000e+03  λ=6.914706e-01  dt=8.748e-04  relΔE=5.451e-15  ||F||=3.287e-06
 step=140500  E=6.674035658387e+02  Q=1.713000000000e+03  λ=6.914707e-01  dt=1.354e-03  relΔE=7.325e-15  ||F||=3.177e-06
 step=141000  E=6.674035658369e+02  Q=1.713000000000e+03  λ=6.914707e-01  dt=1.048e-03  relΔE=5.451e-15  ||F||=3.073e-06
 step=141500  E=6.674035658353e+02  Q=1.713000000000e+03  λ=6.914708e-01  dt=8.112e-04  relΔE=2.725e-15  ||F||=2.970e-06
 step=142000  E=6.674035658340e+02  Q=1.713000000000e+03  λ=6.914708e-01  dt=1.256e-03  relΔE=3.918e-15  ||F||=2.872e-06
 step=142500  E=6.674035658330e+02  Q=1.713000000000e+03  λ=6.914708e-01  dt=9.719e-04  relΔE=2.214e-15  ||F||=2.778e-06
 step=143000  E=6.674035658323e+02  Q=1.713000000000e+03  λ=6.914709e-01  dt=7.522e-04  relΔE=1.022e-15  ||F||=2.683e-06
 step=143500  E=6.674035658317e+02  Q=1.713000000000e+03  λ=6.914709e-01  dt=1.164e-03  relΔE=1.192e-15  ||F||=2.597e-06
  !! dt fell below dt_min: stiffness-limited termination.

Stationary candidate (aggressive): E=6.674035658314e+02, Q=1.713000000000e+03, maxρ=1.163516e+00

=== Stability test (damped inertial dynamics) ===
Perturb eps=0.02, gamma=1
t=0: E=7.544948612745e+02, Q=1.713000000000e+03, maxρ=1.220025e+00, σ=3.163381e+00, Rc=6.606184e+00
 step=     1  E=7.544944195856e+02  Q=1.713000000000e+03  λ=1.098785e+00  maxρ=1.220025e+00  minρ=6.985e-06  σ=3.163381e+00  Rc=6.606184e+00
 step=   300  E=7.364015321705e+02  Q=1.713000000000e+03  λ=9.887119e-01  maxρ=1.213811e+00  minρ=7.005e-06  σ=3.163382e+00  Rc=6.606184e+00
 step=   600  E=7.001703840737e+02  Q=1.713000000000e+03  λ=7.910271e-01  maxρ=1.197080e+00  minρ=7.059e-06  σ=3.163382e+00  Rc=6.606183e+00
 step=   900  E=6.792927287279e+02  Q=1.713000000000e+03  λ=7.317654e-01  maxρ=1.181046e+00  minρ=7.039e-06  σ=3.163382e+00  Rc=6.606181e+00
 step=  1200  E=6.877190845903e+02  Q=1.713000000000e+03  λ=8.495493e-01  maxρ=1.194543e+00  minρ=6.991e-06  σ=3.163382e+00  Rc=6.606180e+00
 step=  1500  E=7.092890463017e+02  Q=1.713000000000e+03  λ=9.710708e-01  maxρ=1.209763e+00  minρ=6.953e-06  σ=3.163382e+00  Rc=6.606178e+00
 step=  1800  E=7.198012806438e+02  Q=1.713000000000e+03  λ=9.495688e-01  maxρ=1.210495e+00  minρ=6.933e-06  σ=3.163382e+00  Rc=6.606178e+00
 step=  2100  E=7.130150747010e+02  Q=1.713000000000e+03  λ=8.393430e-01  maxρ=1.194121e+00  minρ=6.935e-06  σ=3.163382e+00  Rc=6.606179e+00
 step=  2400  E=7.020592740435e+02  Q=1.713000000000e+03  λ=7.951056e-01  maxρ=1.192402e+00  minρ=6.936e-06  σ=3.163382e+00  Rc=6.606182e+00
 step=  2700  E=6.999686975911e+02  Q=1.713000000000e+03  λ=8.602190e-01  maxρ=1.200413e+00  minρ=6.930e-06  σ=3.163381e+00  Rc=6.606185e+00
 step=  3000  E=7.055146026841e+02  Q=1.713000000000e+03  λ=9.293458e-01  maxρ=1.203358e+00  minρ=6.933e-06  σ=3.163380e+00  Rc=6.606186e+00
 step=  3300  E=7.088806268713e+02  Q=1.713000000000e+03  λ=9.082717e-01  maxρ=1.198912e+00  minρ=6.918e-06  σ=3.163381e+00  Rc=6.606184e+00
 step=  3600  E=7.056871939453e+02  Q=1.713000000000e+03  λ=8.347708e-01  maxρ=1.202335e+00  minρ=6.976e-06  σ=3.163382e+00  Rc=6.606182e+00
 step=  3900  E=7.008192089854e+02  Q=1.713000000000e+03  λ=8.087032e-01  maxρ=1.199362e+00  minρ=7.018e-06  σ=3.163384e+00  Rc=6.606181e+00
 step=  4200  E=7.000111032857e+02  Q=1.713000000000e+03  λ=8.515170e-01  maxρ=1.194591e+00  minρ=6.977e-06  σ=3.163384e+00  Rc=6.606182e+00
 step=  4500  E=7.024598273937e+02  Q=1.713000000000e+03  λ=8.908424e-01  maxρ=1.197264e+00  minρ=6.925e-06  σ=3.163383e+00  Rc=6.606184e+00
 step=  4800  E=7.034271620517e+02  Q=1.713000000000e+03  λ=8.714294e-01  maxρ=1.189529e+00  minρ=6.887e-06  σ=3.163382e+00  Rc=6.606185e+00
 step=  5100  E=7.012654182816e+02  Q=1.713000000000e+03  λ=8.256611e-01  maxρ=1.186935e+00  minρ=6.865e-06  σ=3.163382e+00  Rc=6.606183e+00
 step=  5400  E=6.988901307149e+02  Q=1.713000000000e+03  λ=8.161177e-01  maxρ=1.186901e+00  minρ=6.857e-06  σ=3.163382e+00  Rc=6.606181e+00
 step=  5700  E=6.989643467239e+02  Q=1.713000000000e+03  λ=8.471054e-01  maxρ=1.191512e+00  minρ=6.859e-06  σ=3.163382e+00  Rc=6.606182e+00
 step=  6000  E=7.003786410895e+02  Q=1.713000000000e+03  λ=8.684524e-01  maxρ=1.190524e+00  minρ=6.865e-06  σ=3.163382e+00  Rc=6.606185e+00
 >>> No runaway detected in this horizon. Likely stable (within this model & box).

STABILITY: PASS
