
=== Aggressive relaxation to Q = 1833 ===
Initial: E=1.003686947997e+03, Q=1.833000000000e+03, dt=1.000e-04
 step=     1  E=1.003616614431e+03  Q=1.833000000000e+03  λ=1.235720e+00  dt=1.000e-04  relΔE=7.008e-05  ||F||=6.200e-01
 step=   500  E=9.347938474304e+02  Q=1.833000000000e+03  λ=1.105237e+00  dt=6.192e-04  relΔE=2.251e-04  ||F||=4.722e-01
 step=  1000  E=8.242440080718e+02  Q=1.833000000000e+03  λ=8.984724e-01  dt=9.584e-04  relΔE=1.303e-04  ||F||=2.711e-01
 step=  1500  E=7.764686964342e+02  Q=1.833000000000e+03  λ=8.098331e-01  dt=1.484e-03  relΔE=9.768e-05  ||F||=1.831e-01
 step=  2000  E=7.534592589460e+02  Q=1.833000000000e+03  λ=7.667010e-01  dt=1.148e-03  relΔE=4.307e-05  ||F||=1.361e-01
 step=  2500  E=7.398038474186e+02  Q=1.833000000000e+03  λ=7.407439e-01  dt=8.887e-04  relΔE=2.017e-05  ||F||=1.049e-01
 step=  3000  E=7.315485850157e+02  Q=1.833000000000e+03  λ=7.247975e-01  dt=1.376e-03  relΔE=2.012e-05  ||F||=8.377e-02
 step=  3500  E=7.262253238758e+02  Q=1.833000000000e+03  λ=7.143100e-01  dt=1.065e-03  relΔE=1.049e-05  ||F||=6.848e-02
 step=  4000  E=7.225135059475e+02  Q=1.833000000000e+03  λ=7.068607e-01  dt=8.241e-04  relΔE=5.575e-06  ||F||=5.661e-02
 step=  4500  E=7.200235959608e+02  Q=1.833000000000e+03  λ=7.017785e-01  dt=1.276e-03  relΔE=6.178e-06  ||F||=4.782e-02
 step=  5000  E=7.182044541606e+02  Q=1.833000000000e+03  λ=6.980021e-01  dt=9.873e-04  relΔE=3.488e-06  ||F||=4.079e-02
 step=  5500  E=7.168329685926e+02  Q=1.833000000000e+03  λ=6.951255e-01  dt=1.528e-03  relΔE=3.988e-06  ||F||=7.479e-02
 step=  6000  E=7.158574704862e+02  Q=1.833000000000e+03  λ=6.930581e-01  dt=1.183e-03  relΔE=2.380e-06  ||F||=3.074e-02
 step=  6500  E=7.150736599696e+02  Q=1.833000000000e+03  λ=6.913985e-01  dt=9.154e-04  relΔE=1.433e-06  ||F||=2.710e-02
 step=  7000  E=7.144611322456e+02  Q=1.833000000000e+03  λ=6.901133e-01  dt=1.417e-03  relΔE=1.766e-06  ||F||=2.417e-02
 step=  7500  E=7.139782576251e+02  Q=1.833000000000e+03  λ=6.891159e-01  dt=1.097e-03  relΔE=1.118e-06  ||F||=2.185e-02
 step=  8000  E=7.135678646908e+02  Q=1.833000000000e+03  λ=6.882915e-01  dt=8.488e-04  relΔE=7.179e-07  ||F||=1.990e-02
 step=  8500  E=7.132325275593e+02  Q=1.833000000000e+03  λ=6.876438e-01  dt=1.314e-03  relΔE=9.461e-07  ||F||=1.836e-02
 step=  9000  E=7.129437327965e+02  Q=1.833000000000e+03  λ=6.871118e-01  dt=1.017e-03  relΔE=6.348e-07  ||F||=1.709e-02
 step=  9500  E=7.126829613393e+02  Q=1.833000000000e+03  λ=6.866594e-01  dt=7.871e-04  relΔE=4.316e-07  ||F||=1.621e-02
 step= 10000  E=7.124638260906e+02  Q=1.833000000000e+03  λ=6.863049e-01  dt=1.218e-03  relΔE=6.001e-07  ||F||=1.517e-02
 step= 10500  E=7.122597688149e+02  Q=1.833000000000e+03  λ=6.859987e-01  dt=9.430e-04  relΔE=4.214e-07  ||F||=1.445e-02
 step= 11000  E=7.120718402774e+02  Q=1.833000000000e+03  λ=6.857402e-01  dt=1.460e-03  relΔE=5.982e-07  ||F||=1.383e-02
 step= 11500  E=7.119045418771e+02  Q=1.833000000000e+03  λ=6.855299e-01  dt=1.130e-03  relΔE=4.299e-07  ||F||=1.333e-02
 step= 12000  E=7.117433058416e+02  Q=1.833000000000e+03  λ=6.853460e-01  dt=8.744e-04  relΔE=3.106e-07  ||F||=1.288e-02
 step= 12500  E=7.115949992211e+02  Q=1.833000000000e+03  λ=6.851938e-01  dt=1.353e-03  relΔE=4.521e-07  ||F||=1.248e-02
 step= 13000  E=7.114561671690e+02  Q=1.833000000000e+03  λ=6.850658e-01  dt=1.048e-03  relΔE=3.308e-07  ||F||=1.214e-02
 step= 13500  E=7.113204673244e+02  Q=1.833000000000e+03  λ=6.849544e-01  dt=8.108e-04  relΔE=2.426e-07  ||F||=1.181e-02
 step= 14000  E=7.111966857014e+02  Q=1.833000000000e+03  λ=6.848647e-01  dt=1.255e-03  relΔE=3.575e-07  ||F||=1.152e-02
 step= 14500  E=7.110766270951e+02  Q=1.833000000000e+03  λ=6.847882e-01  dt=9.713e-04  relΔE=2.637e-07  ||F||=1.125e-02
 step= 15000  E=7.109594113898e+02  Q=1.833000000000e+03  λ=6.847237e-01  dt=1.504e-03  relΔE=3.892e-07  ||F||=1.171e-02
 step= 15500  E=7.108532031279e+02  Q=1.833000000000e+03  λ=6.846737e-01  dt=1.164e-03  relΔE=2.882e-07  ||F||=1.074e-02
 step= 16000  E=7.107476677171e+02  Q=1.833000000000e+03  λ=6.846320e-01  dt=9.007e-04  relΔE=2.132e-07  ||F||=1.050e-02
 step= 16500  E=7.106475674097e+02  Q=1.833000000000e+03  λ=6.845998e-01  dt=1.394e-03  relΔE=3.157e-07  ||F||=1.027e-02
 step= 17000  E=7.105532686745e+02  Q=1.833000000000e+03  λ=6.845762e-01  dt=1.079e-03  relΔE=2.339e-07  ||F||=1.005e-02
 step= 17500  E=7.104601526025e+02  Q=1.833000000000e+03  λ=6.845592e-01  dt=8.352e-04  relΔE=1.730e-07  ||F||=9.820e-03
 step= 18000  E=7.103738822006e+02  Q=1.833000000000e+03  λ=6.845493e-01  dt=1.293e-03  relΔE=2.563e-07  ||F||=9.605e-03
 step= 18500  E=7.102908573937e+02  Q=1.833000000000e+03  λ=6.845451e-01  dt=1.001e-03  relΔE=1.897e-07  ||F||=9.393e-03
 step= 19000  E=7.102087459065e+02  Q=1.833000000000e+03  λ=6.845551e-01  dt=7.744e-04  relΔE=1.667e-07  ||F||=1.334e-01
 step= 19500  E=7.101348854617e+02  Q=1.833000000000e+03  λ=6.845521e-01  dt=1.199e-03  relΔE=2.075e-07  ||F||=8.974e-03
 step= 20000  E=7.100614584468e+02  Q=1.833000000000e+03  λ=6.845624e-01  dt=9.278e-04  relΔE=1.533e-07  ||F||=8.767e-03
 step= 20500  E=7.099912328381e+02  Q=1.833000000000e+03  λ=6.845768e-01  dt=1.436e-03  relΔE=2.264e-07  ||F||=8.562e-03
 step= 21000  E=7.099280044925e+02  Q=1.833000000000e+03  λ=6.845937e-01  dt=9.263e-04  relΔE=1.396e-07  ||F||=8.371e-03
 step= 21500  E=7.098641220286e+02  Q=1.833000000000e+03  λ=6.846148e-01  dt=1.434e-03  relΔE=2.058e-07  ||F||=8.171e-03
 step= 22000  E=7.098049402197e+02  Q=1.833000000000e+03  λ=6.846381e-01  dt=1.110e-03  relΔE=1.519e-07  ||F||=7.978e-03
 step= 22500  E=7.097466052608e+02  Q=1.833000000000e+03  λ=6.846649e-01  dt=8.589e-04  relΔE=1.119e-07  ||F||=7.782e-03
 step= 23000  E=7.096922466484e+02  Q=1.833000000000e+03  λ=6.846935e-01  dt=1.329e-03  relΔE=1.648e-07  ||F||=7.592e-03
 step= 23500  E=7.096407302401e+02  Q=1.833000000000e+03  λ=6.847240e-01  dt=1.029e-03  relΔE=1.214e-07  ||F||=7.405e-03
 step= 24000  E=7.095901293276e+02  Q=1.833000000000e+03  λ=6.847575e-01  dt=7.964e-04  relΔE=8.919e-08  ||F||=7.215e-03
 step= 24500  E=7.095443393441e+02  Q=1.833000000000e+03  λ=6.847909e-01  dt=1.233e-03  relΔE=1.313e-07  ||F||=7.036e-03
 step= 25000  E=7.094996944364e+02  Q=1.833000000000e+03  λ=6.848267e-01  dt=9.541e-04  relΔE=9.649e-08  ||F||=6.856e-03
 step= 25500  E=7.094565432399e+02  Q=1.833000000000e+03  λ=6.848644e-01  dt=1.477e-03  relΔE=1.416e-07  ||F||=6.678e-03
 step= 26000  E=7.094174167782e+02  Q=1.833000000000e+03  λ=6.849015e-01  dt=1.143e-03  relΔE=1.041e-07  ||F||=6.504e-03
 step= 26500  E=7.093789082569e+02  Q=1.833000000000e+03  λ=6.849410e-01  dt=8.847e-04  relΔE=7.630e-08  ||F||=6.330e-03
 step= 27000  E=7.093428943041e+02  Q=1.833000000000e+03  λ=6.849807e-01  dt=1.369e-03  relΔE=1.119e-07  ||F||=6.162e-03
 step= 27500  E=7.093092091211e+02  Q=1.833000000000e+03  λ=6.850206e-01  dt=1.060e-03  relΔE=8.207e-08  ||F||=5.998e-03
 step= 28000  E=7.092762469652e+02  Q=1.833000000000e+03  λ=6.850624e-01  dt=8.203e-04  relΔE=6.006e-08  ||F||=5.832e-03
 step= 28500  E=7.092461553939e+02  Q=1.833000000000e+03  λ=6.851031e-01  dt=1.270e-03  relΔE=8.802e-08  ||F||=5.675e-03
 step= 29000  E=7.092173789933e+02  Q=1.833000000000e+03  λ=6.851445e-01  dt=9.828e-04  relΔE=6.444e-08  ||F||=5.519e-03
 step= 29500  E=7.091893082959e+02  Q=1.833000000000e+03  λ=6.851880e-01  dt=1.521e-03  relΔE=9.057e-08  ||F||=3.643e-02
 step= 30000  E=7.091643487017e+02  Q=1.833000000000e+03  λ=6.852279e-01  dt=1.177e-03  relΔE=6.896e-08  ||F||=5.216e-03
 step= 30500  E=7.091397399716e+02  Q=1.833000000000e+03  λ=6.852702e-01  dt=9.113e-04  relΔE=5.037e-08  ||F||=5.067e-03
 step= 31000  E=7.091166049950e+02  Q=1.833000000000e+03  λ=6.853121e-01  dt=1.411e-03  relΔE=7.358e-08  ||F||=4.922e-03
 step= 31500  E=7.090952564654e+02  Q=1.833000000000e+03  λ=6.853531e-01  dt=1.092e-03  relΔE=5.379e-08  ||F||=4.784e-03
 step= 32000  E=7.090744198054e+02  Q=1.833000000000e+03  λ=6.853952e-01  dt=8.450e-04  relΔE=3.923e-08  ||F||=4.643e-03
 step= 32500  E=7.090552906058e+02  Q=1.833000000000e+03  λ=6.854359e-01  dt=1.308e-03  relΔE=5.728e-08  ||F||=4.510e-03
 step= 33000  E=7.090372618527e+02  Q=1.833000000000e+03  λ=6.854763e-01  dt=1.012e-03  relΔE=4.181e-08  ||F||=4.380e-03
 step= 33500  E=7.090196613890e+02  Q=1.833000000000e+03  λ=6.855178e-01  dt=7.835e-04  relΔE=3.044e-08  ||F||=4.248e-03
 step= 34000  E=7.090039763601e+02  Q=1.833000000000e+03  λ=6.855566e-01  dt=1.213e-03  relΔE=4.446e-08  ||F||=4.126e-03
 step= 34500  E=7.089886997697e+02  Q=1.833000000000e+03  λ=6.855963e-01  dt=9.387e-04  relΔE=3.239e-08  ||F||=4.003e-03
 step= 35000  E=7.089741861000e+02  Q=1.833000000000e+03  λ=6.856358e-01  dt=1.453e-03  relΔE=4.715e-08  ||F||=3.882e-03
 step= 35500  E=7.089610280108e+02  Q=1.833000000000e+03  λ=6.856734e-01  dt=1.125e-03  relΔE=3.438e-08  ||F||=3.768e-03
 step= 36000  E=7.089481856155e+02  Q=1.833000000000e+03  λ=6.857117e-01  dt=8.704e-04  relΔE=2.501e-08  ||F||=3.653e-03
 step= 36500  E=7.089362998262e+02  Q=1.833000000000e+03  λ=6.857489e-01  dt=1.347e-03  relΔE=3.641e-08  ||F||=3.543e-03
 step= 37000  E=7.089252140697e+02  Q=1.833000000000e+03  λ=6.857852e-01  dt=1.043e-03  relΔE=2.651e-08  ||F||=3.436e-03
 step= 37500  E=7.089144516283e+02  Q=1.833000000000e+03  λ=6.858220e-01  dt=8.071e-04  relΔE=1.926e-08  ||F||=3.329e-03
 step= 38000  E=7.089047409113e+02  Q=1.833000000000e+03  λ=6.858567e-01  dt=1.249e-03  relΔE=2.804e-08  ||F||=3.229e-03
 step= 38500  E=7.088954686119e+02  Q=1.833000000000e+03  λ=6.858913e-01  dt=9.670e-04  relΔE=2.039e-08  ||F||=3.129e-03
 step= 39000  E=7.088865315324e+02  Q=1.833000000000e+03  λ=6.859261e-01  dt=1.497e-03  relΔE=2.958e-08  ||F||=3.726e-03
 step= 39500  E=7.088785808970e+02  Q=1.833000000000e+03  λ=6.859585e-01  dt=1.158e-03  relΔE=2.154e-08  ||F||=2.939e-03
 step= 40000  E=7.088708199930e+02  Q=1.833000000000e+03  λ=6.859914e-01  dt=8.966e-04  relΔE=1.564e-08  ||F||=2.846e-03
 step= 40500  E=7.088635751877e+02  Q=1.833000000000e+03  λ=6.860235e-01  dt=1.388e-03  relΔE=2.271e-08  ||F||=2.757e-03
 step= 41000  E=7.088569088633e+02  Q=1.833000000000e+03  λ=6.860542e-01  dt=1.074e-03  relΔE=1.651e-08  ||F||=2.672e-03
 step= 41500  E=7.088504488922e+02  Q=1.833000000000e+03  λ=6.860853e-01  dt=8.314e-04  relΔE=1.197e-08  ||F||=2.586e-03
 step= 42000  E=7.088445662856e+02  Q=1.833000000000e+03  λ=6.861147e-01  dt=1.287e-03  relΔE=1.740e-08  ||F||=2.506e-03
 step= 42500  E=7.088390261829e+02  Q=1.833000000000e+03  λ=6.861436e-01  dt=9.960e-04  relΔE=1.263e-08  ||F||=2.427e-03
 step= 43000  E=7.088336379997e+02  Q=1.833000000000e+03  λ=6.861730e-01  dt=7.709e-04  relΔE=9.347e-09  ||F||=1.187e-02
 step= 43500  E=7.088288905147e+02  Q=1.833000000000e+03  λ=6.861997e-01  dt=1.193e-03  relΔE=1.330e-08  ||F||=2.275e-03
 step= 44000  E=7.088242570864e+02  Q=1.833000000000e+03  λ=6.862270e-01  dt=9.236e-04  relΔE=9.640e-09  ||F||=2.202e-03
 step= 44500  E=7.088199065311e+02  Q=1.833000000000e+03  λ=6.862536e-01  dt=1.430e-03  relΔE=1.397e-08  ||F||=2.131e-03
 step= 45000  E=7.088159498684e+02  Q=1.833000000000e+03  λ=6.862788e-01  dt=1.106e-03  relΔE=1.014e-08  ||F||=2.064e-03
 step= 45500  E=7.088121181890e+02  Q=1.833000000000e+03  λ=6.863042e-01  dt=8.564e-04  relΔE=7.347e-09  ||F||=1.996e-03
 step= 46000  E=7.088085952694e+02  Q=1.833000000000e+03  λ=6.863284e-01  dt=1.326e-03  relΔE=1.065e-08  ||F||=1.932e-03
 step= 46500  E=7.088053173680e+02  Q=1.833000000000e+03  λ=6.863519e-01  dt=1.026e-03  relΔE=7.727e-09  ||F||=1.871e-03
 step= 47000  E=7.088022914386e+02  Q=1.833000000000e+03  λ=6.863744e-01  dt=1.323e-03  relΔE=9.348e-09  ||F||=1.812e-03
 step= 47500  E=7.087994156971e+02  Q=1.833000000000e+03  λ=6.863966e-01  dt=1.024e-03  relΔE=6.778e-09  ||F||=1.754e-03
 step= 48000  E=7.087967615008e+02  Q=1.833000000000e+03  λ=6.864178e-01  dt=1.321e-03  relΔE=8.199e-09  ||F||=1.698e-03
 step= 48500  E=7.087942328284e+02  Q=1.833000000000e+03  λ=6.864389e-01  dt=1.023e-03  relΔE=5.943e-09  ||F||=1.643e-03
 step= 49000  E=7.087917812457e+02  Q=1.833000000000e+03  λ=6.864601e-01  dt=7.915e-04  relΔE=4.297e-09  ||F||=1.588e-03
 step= 49500  E=7.087896000378e+02  Q=1.833000000000e+03  λ=6.864797e-01  dt=1.225e-03  relΔE=6.234e-09  ||F||=1.538e-03
 step= 50000  E=7.087875039693e+02  Q=1.833000000000e+03  λ=6.864992e-01  dt=9.483e-04  relΔE=4.513e-09  ||F||=1.487e-03
 step= 50500  E=7.087855101925e+02  Q=1.833000000000e+03  λ=6.865185e-01  dt=1.468e-03  relΔE=6.528e-09  ||F||=1.439e-03
 step= 51000  E=7.087837279617e+02  Q=1.833000000000e+03  λ=6.865365e-01  dt=1.136e-03  relΔE=4.734e-09  ||F||=1.392e-03
 step= 51500  E=7.087819944304e+02  Q=1.833000000000e+03  λ=6.865545e-01  dt=8.793e-04  relΔE=3.424e-09  ||F||=1.345e-03
 step= 52000  E=7.087803947070e+02  Q=1.833000000000e+03  λ=6.865719e-01  dt=1.361e-03  relΔE=4.957e-09  ||F||=1.301e-03
 step= 52500  E=7.087789193816e+02  Q=1.833000000000e+03  λ=6.865885e-01  dt=1.053e-03  relΔE=3.591e-09  ||F||=1.259e-03
 step= 53000  E=7.087774949769e+02  Q=1.833000000000e+03  λ=6.866051e-01  dt=8.153e-04  relΔE=2.595e-09  ||F||=1.217e-03
 step= 53500  E=7.087762067258e+02  Q=1.833000000000e+03  λ=6.866207e-01  dt=1.262e-03  relΔE=3.760e-09  ||F||=1.177e-03
 step= 54000  E=7.087749886341e+02  Q=1.833000000000e+03  λ=6.866360e-01  dt=9.768e-04  relΔE=2.721e-09  ||F||=1.138e-03
 step= 54500  E=7.087738125304e+02  Q=1.833000000000e+03  λ=6.866514e-01  dt=1.512e-03  relΔE=3.647e-09  ||F||=1.189e-02
 step= 55000  E=7.087727808009e+02  Q=1.833000000000e+03  λ=6.866652e-01  dt=1.170e-03  relΔE=2.849e-09  ||F||=1.064e-03
 step= 55500  E=7.087717727094e+02  Q=1.833000000000e+03  λ=6.866794e-01  dt=9.057e-04  relΔE=2.060e-09  ||F||=1.028e-03
 step= 56000  E=7.087708344815e+02  Q=1.833000000000e+03  λ=6.866930e-01  dt=1.402e-03  relΔE=2.978e-09  ||F||=9.941e-04
 step= 56500  E=7.087699786380e+02  Q=1.833000000000e+03  λ=6.867060e-01  dt=1.085e-03  relΔE=2.157e-09  ||F||=9.616e-04
 step= 57000  E=7.087691528607e+02  Q=1.833000000000e+03  λ=6.867189e-01  dt=8.398e-04  relΔE=1.558e-09  ||F||=9.292e-04
 step= 57500  E=7.087683978232e+02  Q=1.833000000000e+03  λ=6.867311e-01  dt=1.300e-03  relΔE=2.255e-09  ||F||=8.985e-04
 step= 58000  E=7.087676933779e+02  Q=1.833000000000e+03  λ=6.867430e-01  dt=1.006e-03  relΔE=1.632e-09  ||F||=8.688e-04
 step= 58500  E=7.087670125015e+02  Q=1.833000000000e+03  λ=6.867549e-01  dt=7.787e-04  relΔE=1.178e-09  ||F||=8.390e-04
 step= 59000  E=7.087664099135e+02  Q=1.833000000000e+03  λ=6.867658e-01  dt=1.205e-03  relΔE=1.707e-09  ||F||=8.118e-04
 step= 59500  E=7.087658284373e+02  Q=1.833000000000e+03  λ=6.867767e-01  dt=9.330e-04  relΔE=1.234e-09  ||F||=7.846e-04
 step= 60000  E=7.087652794357e+02  Q=1.833000000000e+03  λ=6.867873e-01  dt=1.444e-03  relΔE=1.782e-09  ||F||=7.580e-04
 step= 60500  E=7.087647854857e+02  Q=1.833000000000e+03  λ=6.867973e-01  dt=1.118e-03  relΔE=1.290e-09  ||F||=7.331e-04
 step= 61000  E=7.087643074227e+02  Q=1.833000000000e+03  λ=6.868073e-01  dt=8.651e-04  relΔE=9.318e-10  ||F||=7.083e-04
 step= 61500  E=7.087638668175e+02  Q=1.833000000000e+03  λ=6.868168e-01  dt=1.339e-03  relΔE=1.347e-09  ||F||=6.846e-04
 step= 62000  E=7.087634608968e+02  Q=1.833000000000e+03  λ=6.868260e-01  dt=1.036e-03  relΔE=9.747e-10  ||F||=6.619e-04
 step= 62500  E=7.087630686473e+02  Q=1.833000000000e+03  λ=6.868351e-01  dt=8.022e-04  relΔE=7.035e-10  ||F||=6.392e-04
 step= 63000  E=7.087627165277e+02  Q=1.833000000000e+03  λ=6.868436e-01  dt=1.242e-03  relΔE=1.018e-09  ||F||=6.182e-04
 step= 63500  E=7.087623822270e+02  Q=1.833000000000e+03  λ=6.868519e-01  dt=9.610e-04  relΔE=7.361e-10  ||F||=5.975e-04
 step= 64000  E=7.087620614541e+02  Q=1.833000000000e+03  λ=6.868603e-01  dt=1.488e-03  relΔE=1.061e-09  ||F||=8.361e-04
 step= 64500  E=7.087617784170e+02  Q=1.833000000000e+03  λ=6.868679e-01  dt=1.151e-03  relΔE=7.692e-10  ||F||=5.581e-04
 step= 65000  E=7.087615028725e+02  Q=1.833000000000e+03  λ=6.868755e-01  dt=8.911e-04  relΔE=5.554e-10  ||F||=5.391e-04
 step= 65500  E=7.087612479250e+02  Q=1.833000000000e+03  λ=6.868829e-01  dt=1.379e-03  relΔE=8.027e-10  ||F||=5.210e-04
 step= 66000  E=7.087610143008e+02  Q=1.833000000000e+03  λ=6.868899e-01  dt=1.068e-03  relΔE=5.807e-10  ||F||=5.037e-04
 step= 66500  E=7.087607891226e+02  Q=1.833000000000e+03  λ=6.868968e-01  dt=8.263e-04  relΔE=4.192e-10  ||F||=4.865e-04
 step= 67000  E=7.087605839703e+02  Q=1.833000000000e+03  λ=6.869034e-01  dt=1.279e-03  relΔE=6.062e-10  ||F||=4.703e-04
 step= 67500  E=7.087603921264e+02  Q=1.833000000000e+03  λ=6.869098e-01  dt=9.899e-04  relΔE=4.382e-10  ||F||=4.546e-04
 step= 68000  E=7.087602065832e+02  Q=1.833000000000e+03  λ=6.869162e-01  dt=7.662e-04  relΔE=3.160e-10  ||F||=4.519e-04
 step= 68500  E=7.087600433648e+02  Q=1.833000000000e+03  λ=6.869220e-01  dt=1.186e-03  relΔE=4.576e-10  ||F||=4.245e-04
 step= 69000  E=7.087598851338e+02  Q=1.833000000000e+03  λ=6.869279e-01  dt=9.179e-04  relΔE=3.305e-10  ||F||=4.101e-04
 step= 69500  E=7.087597369007e+02  Q=1.833000000000e+03  λ=6.869336e-01  dt=1.421e-03  relΔE=4.772e-10  ||F||=3.961e-04
 step= 70000  E=7.087596025878e+02  Q=1.833000000000e+03  λ=6.869389e-01  dt=1.100e-03  relΔE=3.452e-10  ||F||=3.830e-04
 step= 70500  E=7.087594729800e+02  Q=1.833000000000e+03  λ=6.869442e-01  dt=8.511e-04  relΔE=2.491e-10  ||F||=3.699e-04
 step= 71000  E=7.087593542244e+02  Q=1.833000000000e+03  λ=6.869493e-01  dt=1.318e-03  relΔE=3.600e-10  ||F||=3.574e-04
 step= 71500  E=7.087592444054e+02  Q=1.833000000000e+03  λ=6.869542e-01  dt=1.020e-03  relΔE=2.603e-10  ||F||=3.455e-04
 step= 72000  E=7.087591382752e+02  Q=1.833000000000e+03  λ=6.869590e-01  dt=7.892e-04  relΔE=1.878e-10  ||F||=3.336e-04
 step= 72500  E=7.087590436310e+02  Q=1.833000000000e+03  λ=6.869635e-01  dt=1.222e-03  relΔE=2.717e-10  ||F||=3.226e-04
 step= 73000  E=7.087589530038e+02  Q=1.833000000000e+03  λ=6.869679e-01  dt=9.455e-04  relΔE=1.963e-10  ||F||=3.117e-04
 step= 73500  E=7.087588670065e+02  Q=1.833000000000e+03  λ=6.869723e-01  dt=1.464e-03  relΔE=2.832e-10  ||F||=3.044e-04
 step= 74000  E=7.087587903098e+02  Q=1.833000000000e+03  λ=6.869764e-01  dt=1.133e-03  relΔE=2.049e-10  ||F||=2.911e-04
 step= 74500  E=7.087587159853e+02  Q=1.833000000000e+03  λ=6.869804e-01  dt=8.767e-04  relΔE=1.479e-10  ||F||=2.811e-04
 step= 75000  E=7.087586505873e+02  Q=1.833000000000e+03  λ=6.869841e-01  dt=1.131e-03  relΔE=1.786e-10  ||F||=2.721e-04
 step= 75500  E=7.087585856131e+02  Q=1.833000000000e+03  λ=6.869879e-01  dt=8.753e-04  relΔE=1.289e-10  ||F||=2.628e-04
 step= 76000  E=7.087585286859e+02  Q=1.833000000000e+03  λ=6.869914e-01  dt=1.129e-03  relΔE=1.557e-10  ||F||=2.543e-04
 step= 76500  E=7.087584721205e+02  Q=1.833000000000e+03  λ=6.869949e-01  dt=8.739e-04  relΔE=1.124e-10  ||F||=2.456e-04
 step= 77000  E=7.087584197424e+02  Q=1.833000000000e+03  λ=6.869983e-01  dt=1.353e-03  relΔE=1.623e-10  ||F||=2.373e-04
 step= 77500  E=7.087583718198e+02  Q=1.833000000000e+03  λ=6.870015e-01  dt=1.047e-03  relΔE=1.174e-10  ||F||=2.294e-04
 step= 78000  E=7.087583254933e+02  Q=1.833000000000e+03  λ=6.870048e-01  dt=8.103e-04  relΔE=8.465e-11  ||F||=2.215e-04
 step= 78500  E=7.087582836388e+02  Q=1.833000000000e+03  λ=6.870078e-01  dt=1.254e-03  relΔE=1.224e-10  ||F||=2.141e-04
 step= 79000  E=7.087582442943e+02  Q=1.833000000000e+03  λ=6.870107e-01  dt=9.708e-04  relΔE=8.843e-11  ||F||=2.070e-04
 step= 79500  E=7.087582062797e+02  Q=1.833000000000e+03  λ=6.870137e-01  dt=1.503e-03  relΔE=1.104e-10  ||F||=2.650e-03
 step= 80000  E=7.087581729275e+02  Q=1.833000000000e+03  λ=6.870164e-01  dt=1.163e-03  relΔE=9.225e-11  ||F||=1.932e-04
 step= 80500  E=7.087581405458e+02  Q=1.833000000000e+03  λ=6.870191e-01  dt=9.002e-04  relΔE=6.658e-11  ||F||=1.866e-04
 step= 81000  E=7.087581103602e+02  Q=1.833000000000e+03  λ=6.870217e-01  dt=1.393e-03  relΔE=9.612e-11  ||F||=1.803e-04
 step= 81500  E=7.087580828838e+02  Q=1.833000000000e+03  λ=6.870241e-01  dt=1.078e-03  relΔE=6.950e-11  ||F||=1.743e-04
 step= 82000  E=7.087580564381e+02  Q=1.833000000000e+03  λ=6.870266e-01  dt=8.347e-04  relΔE=5.014e-11  ||F||=1.683e-04
 step= 82500  E=7.087580322366e+02  Q=1.833000000000e+03  λ=6.870289e-01  dt=1.292e-03  relΔE=7.244e-11  ||F||=1.627e-04
 step= 83000  E=7.087580097451e+02  Q=1.833000000000e+03  λ=6.870311e-01  dt=1.000e-03  relΔE=5.235e-11  ||F||=1.572e-04
 step= 83500  E=7.087579880054e+02  Q=1.833000000000e+03  λ=6.870334e-01  dt=7.740e-04  relΔE=3.773e-11  ||F||=1.518e-04
 step= 84000  E=7.087579687718e+02  Q=1.833000000000e+03  λ=6.870354e-01  dt=1.198e-03  relΔE=5.459e-11  ||F||=1.468e-04
 step= 84500  E=7.087579502645e+02  Q=1.833000000000e+03  λ=6.870374e-01  dt=9.273e-04  relΔE=3.940e-11  ||F||=1.418e-04
 step= 85000  E=7.087579328341e+02  Q=1.833000000000e+03  λ=6.870394e-01  dt=1.435e-03  relΔE=5.685e-11  ||F||=1.370e-04
 step= 85500  E=7.087579171515e+02  Q=1.833000000000e+03  λ=6.870413e-01  dt=1.111e-03  relΔE=4.111e-11  ||F||=1.324e-04
 step= 86000  E=7.087579020324e+02  Q=1.833000000000e+03  λ=6.870431e-01  dt=8.598e-04  relΔE=2.966e-11  ||F||=1.279e-04
 step= 86500  E=7.087578880962e+02  Q=1.833000000000e+03  λ=6.870449e-01  dt=1.331e-03  relΔE=4.283e-11  ||F||=1.236e-04
 step= 87000  E=7.087578752533e+02  Q=1.833000000000e+03  λ=6.870466e-01  dt=1.030e-03  relΔE=3.095e-11  ||F||=1.195e-04
 step= 87500  E=7.087578628724e+02  Q=1.833000000000e+03  λ=6.870483e-01  dt=7.973e-04  relΔE=2.231e-11  ||F||=1.153e-04
 step= 88000  E=7.087578517602e+02  Q=1.833000000000e+03  λ=6.870499e-01  dt=1.234e-03  relΔE=3.226e-11  ||F||=1.115e-04
 step= 88500  E=7.087578412203e+02  Q=1.833000000000e+03  λ=6.870514e-01  dt=9.551e-04  relΔE=2.329e-11  ||F||=1.078e-04
 step= 89000  E=7.087578311325e+02  Q=1.833000000000e+03  λ=6.870529e-01  dt=1.479e-03  relΔE=3.342e-11  ||F||=2.858e-04
 step= 89500  E=7.087578222549e+02  Q=1.833000000000e+03  λ=6.870543e-01  dt=1.144e-03  relΔE=2.429e-11  ||F||=1.006e-04
 step= 90000  E=7.087578135957e+02  Q=1.833000000000e+03  λ=6.870558e-01  dt=8.857e-04  relΔE=1.752e-11  ||F||=9.719e-05
 step= 90500  E=7.087578055805e+02  Q=1.833000000000e+03  λ=6.870571e-01  dt=1.371e-03  relΔE=2.529e-11  ||F||=9.390e-05
 step= 91000  E=7.087577982573e+02  Q=1.833000000000e+03  λ=6.870584e-01  dt=1.061e-03  relΔE=1.827e-11  ||F||=9.078e-05
 step= 91500  E=7.087577912037e+02  Q=1.833000000000e+03  λ=6.870597e-01  dt=8.212e-04  relΔE=1.317e-11  ||F||=8.767e-05
 step= 92000  E=7.087577847786e+02  Q=1.833000000000e+03  λ=6.870609e-01  dt=1.271e-03  relΔE=1.903e-11  ||F||=8.474e-05
 step= 92500  E=7.087577787995e+02  Q=1.833000000000e+03  λ=6.870620e-01  dt=9.839e-04  relΔE=1.374e-11  ||F||=8.190e-05
 step= 93000  E=7.087577730076e+02  Q=1.833000000000e+03  λ=6.870632e-01  dt=7.615e-04  relΔE=9.898e-12  ||F||=7.923e-05
 step= 93500  E=7.087577679189e+02  Q=1.833000000000e+03  λ=6.870643e-01  dt=1.179e-03  relΔE=1.432e-11  ||F||=7.647e-05
 step= 94000  E=7.087577629974e+02  Q=1.833000000000e+03  λ=6.870653e-01  dt=9.123e-04  relΔE=1.033e-11  ||F||=7.388e-05
 step= 94500  E=7.087577583794e+02  Q=1.833000000000e+03  λ=6.870664e-01  dt=1.412e-03  relΔE=1.490e-11  ||F||=7.136e-05
 step= 95000  E=7.087577542070e+02  Q=1.833000000000e+03  λ=6.870673e-01  dt=1.093e-03  relΔE=1.076e-11  ||F||=6.899e-05
 step= 95500  E=7.087577501952e+02  Q=1.833000000000e+03  λ=6.870683e-01  dt=8.459e-04  relΔE=7.759e-12  ||F||=6.664e-05
 step= 96000  E=7.087577465089e+02  Q=1.833000000000e+03  λ=6.870692e-01  dt=1.309e-03  relΔE=1.120e-11  ||F||=6.440e-05
 step= 96500  E=7.087577431136e+02  Q=1.833000000000e+03  λ=6.870701e-01  dt=1.013e-03  relΔE=8.089e-12  ||F||=6.226e-05
 step= 97000  E=7.087577398314e+02  Q=1.833000000000e+03  λ=6.870710e-01  dt=7.844e-04  relΔE=5.827e-12  ||F||=6.011e-05
 step= 97500  E=7.087577369049e+02  Q=1.833000000000e+03  λ=6.870718e-01  dt=1.214e-03  relΔE=8.419e-12  ||F||=5.813e-05
 step= 98000  E=7.087577341129e+02  Q=1.833000000000e+03  λ=6.870726e-01  dt=9.397e-04  relΔE=6.073e-12  ||F||=5.617e-05
 step= 98500  E=7.087577314572e+02  Q=1.833000000000e+03  λ=6.870734e-01  dt=1.455e-03  relΔE=8.749e-12  ||F||=5.622e-05
 step= 99000  E=7.087577291019e+02  Q=1.833000000000e+03  λ=6.870741e-01  dt=1.126e-03  relΔE=6.323e-12  ||F||=5.245e-05
 step= 99500  E=7.087577268226e+02  Q=1.833000000000e+03  λ=6.870749e-01  dt=8.714e-04  relΔE=4.557e-12  ||F||=5.067e-05
 step=100000  E=7.087577247138e+02  Q=1.833000000000e+03  λ=6.870756e-01  dt=1.349e-03  relΔE=6.573e-12  ||F||=4.896e-05
 step=100500  E=7.087577227830e+02  Q=1.833000000000e+03  λ=6.870762e-01  dt=1.044e-03  relΔE=4.745e-12  ||F||=4.733e-05
 step=101000  E=7.087577209259e+02  Q=1.833000000000e+03  λ=6.870769e-01  dt=8.080e-04  relΔE=3.417e-12  ||F||=4.571e-05
 step=101500  E=7.087577192473e+02  Q=1.833000000000e+03  λ=6.870775e-01  dt=1.251e-03  relΔE=4.934e-12  ||F||=4.419e-05
 step=102000  E=7.087577176751e+02  Q=1.833000000000e+03  λ=6.870781e-01  dt=9.680e-04  relΔE=3.559e-12  ||F||=4.271e-05
 step=102500  E=7.087577161542e+02  Q=1.833000000000e+03  λ=6.870788e-01  dt=6.243e-04  relΔE=8.199e-12  ||F||=1.735e-03
 step=103000  E=7.087577148755e+02  Q=1.833000000000e+03  λ=6.870793e-01  dt=9.664e-04  relΔE=3.091e-12  ||F||=3.994e-05
 step=103500  E=7.087577135558e+02  Q=1.833000000000e+03  λ=6.870799e-01  dt=1.496e-03  relΔE=4.642e-13  ||F||=1.343e-03
 step=104000  E=7.087577123971e+02  Q=1.833000000000e+03  λ=6.870804e-01  dt=1.158e-03  relΔE=3.214e-12  ||F||=3.730e-05
 step=104500  E=7.087577112738e+02  Q=1.833000000000e+03  λ=6.870809e-01  dt=8.961e-04  relΔE=2.315e-12  ||F||=3.603e-05
 step=105000  E=7.087577102300e+02  Q=1.833000000000e+03  λ=6.870814e-01  dt=1.387e-03  relΔE=3.333e-12  ||F||=3.481e-05
 step=105500  E=7.087577092824e+02  Q=1.833000000000e+03  λ=6.870819e-01  dt=1.074e-03  relΔE=2.405e-12  ||F||=3.366e-05
 step=106000  E=7.087577083743e+02  Q=1.833000000000e+03  λ=6.870823e-01  dt=8.309e-04  relΔE=1.731e-12  ||F||=3.251e-05
 step=106500  E=7.087577075433e+02  Q=1.833000000000e+03  λ=6.870828e-01  dt=1.286e-03  relΔE=2.496e-12  ||F||=3.143e-05
 step=107000  E=7.087577067757e+02  Q=1.833000000000e+03  λ=6.870832e-01  dt=9.955e-04  relΔE=1.800e-12  ||F||=3.038e-05
 step=107500  E=7.087577060324e+02  Q=1.833000000000e+03  λ=6.870837e-01  dt=7.705e-04  relΔE=1.294e-12  ||F||=2.933e-05
 step=108000  E=7.087577053776e+02  Q=1.833000000000e+03  λ=6.870840e-01  dt=1.193e-03  relΔE=1.867e-12  ||F||=2.838e-05
 step=108500  E=7.087577047490e+02  Q=1.833000000000e+03  λ=6.870844e-01  dt=9.231e-04  relΔE=1.344e-12  ||F||=2.742e-05
 step=109000  E=7.087577041578e+02  Q=1.833000000000e+03  λ=6.870848e-01  dt=1.429e-03  relΔE=1.933e-12  ||F||=2.650e-05
 step=109500  E=7.087577036291e+02  Q=1.833000000000e+03  λ=6.870852e-01  dt=1.106e-03  relΔE=1.394e-12  ||F||=2.562e-05
 step=110000  E=7.087577031200e+02  Q=1.833000000000e+03  λ=6.870855e-01  dt=8.559e-04  relΔE=1.003e-12  ||F||=2.475e-05
 step=110500  E=7.087577026515e+02  Q=1.833000000000e+03  λ=6.870859e-01  dt=1.325e-03  relΔE=1.443e-12  ||F||=2.392e-05
 step=111000  E=7.087577022225e+02  Q=1.833000000000e+03  λ=6.870862e-01  dt=1.025e-03  relΔE=1.040e-12  ||F||=2.313e-05
 step=111500  E=7.087577018095e+02  Q=1.833000000000e+03  λ=6.870865e-01  dt=7.937e-04  relΔE=7.473e-13  ||F||=2.233e-05
 step=112000  E=7.087577014398e+02  Q=1.833000000000e+03  λ=6.870868e-01  dt=1.229e-03  relΔE=1.076e-12  ||F||=2.160e-05
 step=112500  E=7.087577010913e+02  Q=1.833000000000e+03  λ=6.870871e-01  dt=9.508e-04  relΔE=7.743e-13  ||F||=2.088e-05
 step=113000  E=7.087577007577e+02  Q=1.833000000000e+03  λ=6.870874e-01  dt=1.472e-03  relΔE=1.094e-12  ||F||=9.408e-05
 step=113500  E=7.087577004657e+02  Q=1.833000000000e+03  λ=6.870877e-01  dt=1.139e-03  relΔE=8.006e-13  ||F||=1.950e-05
 step=114000  E=7.087577001826e+02  Q=1.833000000000e+03  λ=6.870880e-01  dt=8.817e-04  relΔE=5.752e-13  ||F||=1.884e-05
 step=114500  E=7.087576999212e+02  Q=1.833000000000e+03  λ=6.870882e-01  dt=1.365e-03  relΔE=8.254e-13  ||F||=1.821e-05
 step=115000  E=7.087576996840e+02  Q=1.833000000000e+03  λ=6.870885e-01  dt=1.056e-03  relΔE=5.940e-13  ||F||=1.761e-05
 step=115500  E=7.087576994570e+02  Q=1.833000000000e+03  λ=6.870887e-01  dt=8.175e-04  relΔE=4.262e-13  ||F||=1.701e-05
 step=116000  E=7.087576992506e+02  Q=1.833000000000e+03  λ=6.870890e-01  dt=1.265e-03  relΔE=6.132e-13  ||F||=1.644e-05
 step=116500  E=7.087576990599e+02  Q=1.833000000000e+03  λ=6.870892e-01  dt=9.794e-04  relΔE=4.393e-13  ||F||=1.590e-05
 step=117000  E=7.087576988759e+02  Q=1.833000000000e+03  λ=6.870894e-01  dt=7.581e-04  relΔE=3.147e-13  ||F||=1.535e-05
 step=117500  E=7.087576987153e+02  Q=1.833000000000e+03  λ=6.870896e-01  dt=1.173e-03  relΔE=4.535e-13  ||F||=1.485e-05
 step=118000  E=7.087576985608e+02  Q=1.833000000000e+03  λ=6.870898e-01  dt=9.082e-04  relΔE=3.250e-13  ||F||=1.435e-05
 step=118500  E=7.087576984170e+02  Q=1.833000000000e+03  λ=6.870900e-01  dt=1.406e-03  relΔE=4.658e-13  ||F||=1.387e-05
 step=119000  E=7.087576982881e+02  Q=1.833000000000e+03  λ=6.870902e-01  dt=1.088e-03  relΔE=3.338e-13  ||F||=1.341e-05
 step=119500  E=7.087576981649e+02  Q=1.833000000000e+03  λ=6.870904e-01  dt=8.421e-04  relΔE=2.385e-13  ||F||=1.296e-05
 step=120000  E=7.087576980521e+02  Q=1.833000000000e+03  λ=6.870906e-01  dt=1.304e-03  relΔE=3.426e-13  ||F||=1.253e-05
 step=120500  E=7.087576979495e+02  Q=1.833000000000e+03  λ=6.870907e-01  dt=1.009e-03  relΔE=2.459e-13  ||F||=1.211e-05
 step=121000  E=7.087576978508e+02  Q=1.833000000000e+03  λ=6.870909e-01  dt=7.809e-04  relΔE=1.753e-13  ||F||=1.170e-05
 step=121500  E=7.087576977635e+02  Q=1.833000000000e+03  λ=6.870911e-01  dt=1.209e-03  relΔE=2.515e-13  ||F||=1.132e-05
 step=122000  E=7.087576976810e+02  Q=1.833000000000e+03  λ=6.870912e-01  dt=9.355e-04  relΔE=1.801e-13  ||F||=1.094e-05
 step=122500  E=7.087576976031e+02  Q=1.833000000000e+03  λ=6.870914e-01  dt=1.448e-03  relΔE=2.563e-13  ||F||=1.281e-05
 step=123000  E=7.087576975350e+02  Q=1.833000000000e+03  λ=6.870915e-01  dt=1.121e-03  relΔE=1.829e-13  ||F||=1.022e-05
 step=123500  E=7.087576974695e+02  Q=1.833000000000e+03  λ=6.870917e-01  dt=8.674e-04  relΔE=1.314e-13  ||F||=9.880e-06
 step=124000  E=7.087576974096e+02  Q=1.833000000000e+03  λ=6.870918e-01  dt=1.343e-03  relΔE=1.869e-13  ||F||=9.549e-06
 step=124500  E=7.087576973555e+02  Q=1.833000000000e+03  λ=6.870919e-01  dt=1.039e-03  relΔE=1.339e-13  ||F||=9.236e-06
 step=125000  E=7.087576973041e+02  Q=1.833000000000e+03  λ=6.870921e-01  dt=8.043e-04  relΔE=9.480e-14  ||F||=8.923e-06
 step=125500  E=7.087576972580e+02  Q=1.833000000000e+03  λ=6.870922e-01  dt=1.245e-03  relΔE=1.354e-13  ||F||=8.630e-06
 step=126000  E=7.087576972155e+02  Q=1.833000000000e+03  λ=6.870923e-01  dt=9.636e-04  relΔE=9.656e-14  ||F||=8.344e-06
 step=126500  E=7.087576971750e+02  Q=1.833000000000e+03  λ=6.870924e-01  dt=7.458e-04  relΔE=6.849e-14  ||F||=9.191e-06
 step=127000  E=7.087576971400e+02  Q=1.833000000000e+03  λ=6.870925e-01  dt=1.154e-03  relΔE=9.785e-14  ||F||=7.798e-06
 step=127500  E=7.087576971066e+02  Q=1.833000000000e+03  λ=6.870926e-01  dt=8.935e-04  relΔE=6.929e-14  ||F||=7.536e-06
 step=128000  E=7.087576970760e+02  Q=1.833000000000e+03  λ=6.870927e-01  dt=1.383e-03  relΔE=9.785e-14  ||F||=7.283e-06
 step=128500  E=7.087576970488e+02  Q=1.833000000000e+03  λ=6.870928e-01  dt=1.071e-03  relΔE=6.945e-14  ||F||=7.045e-06
 step=129000  E=7.087576970232e+02  Q=1.833000000000e+03  λ=6.870929e-01  dt=8.285e-04  relΔE=4.940e-14  ||F||=6.809e-06
 step=129500  E=7.087576970001e+02  Q=1.833000000000e+03  λ=6.870930e-01  dt=1.283e-03  relΔE=6.961e-14  ||F||=6.583e-06
 step=130000  E=7.087576969793e+02  Q=1.833000000000e+03  λ=6.870931e-01  dt=9.926e-04  relΔE=4.860e-14  ||F||=6.367e-06
 step=130500  E=7.087576969604e+02  Q=1.833000000000e+03  λ=6.870932e-01  dt=1.280e-03  relΔE=5.726e-14  ||F||=6.160e-06
 step=131000  E=7.087576969432e+02  Q=1.833000000000e+03  λ=6.870933e-01  dt=9.910e-04  relΔE=4.074e-14  ||F||=5.958e-06
 step=131500  E=7.087576969276e+02  Q=1.833000000000e+03  λ=6.870934e-01  dt=1.278e-03  relΔE=4.700e-14  ||F||=5.765e-06
 step=132000  E=7.087576969134e+02  Q=1.833000000000e+03  λ=6.870934e-01  dt=9.894e-04  relΔE=3.288e-14  ||F||=5.576e-06
 step=132500  E=7.087576969007e+02  Q=1.833000000000e+03  λ=6.870935e-01  dt=1.276e-03  relΔE=3.802e-14  ||F||=5.395e-06
 step=133000  E=7.087576968890e+02  Q=1.833000000000e+03  λ=6.870936e-01  dt=9.878e-04  relΔE=2.647e-14  ||F||=5.219e-06
 step=133500  E=7.087576968781e+02  Q=1.833000000000e+03  λ=6.870937e-01  dt=7.645e-04  relΔE=1.780e-14  ||F||=5.041e-06
 step=134000  E=7.087576968689e+02  Q=1.833000000000e+03  λ=6.870937e-01  dt=1.183e-03  relΔE=2.663e-14  ||F||=4.878e-06
 step=134500  E=7.087576968604e+02  Q=1.833000000000e+03  λ=6.870938e-01  dt=9.159e-04  relΔE=1.764e-14  ||F||=4.716e-06
 step=135000  E=7.087576968527e+02  Q=1.833000000000e+03  λ=6.870939e-01  dt=1.418e-03  relΔE=2.470e-14  ||F||=4.569e-06
 step=135500  E=7.087576968462e+02  Q=1.833000000000e+03  λ=6.870939e-01  dt=1.097e-03  relΔE=1.716e-14  ||F||=4.409e-06
 step=136000  E=7.087576968402e+02  Q=1.833000000000e+03  λ=6.870940e-01  dt=8.493e-04  relΔE=1.155e-14  ||F||=4.262e-06
 step=136500  E=7.087576968350e+02  Q=1.833000000000e+03  λ=6.870940e-01  dt=1.315e-03  relΔE=1.572e-14  ||F||=4.121e-06
 step=137000  E=7.087576968306e+02  Q=1.833000000000e+03  λ=6.870941e-01  dt=1.018e-03  relΔE=1.075e-14  ||F||=3.987e-06
 step=137500  E=7.087576968266e+02  Q=1.833000000000e+03  λ=6.870941e-01  dt=7.875e-04  relΔE=7.058e-15  ||F||=3.852e-06
 step=138000  E=7.087576968233e+02  Q=1.833000000000e+03  λ=6.870942e-01  dt=1.219e-03  relΔE=8.662e-15  ||F||=3.727e-06
 step=138500  E=7.087576968205e+02  Q=1.833000000000e+03  λ=6.870942e-01  dt=9.435e-04  relΔE=6.095e-15  ||F||=3.604e-06
 step=139000  E=7.087576968181e+02  Q=1.833000000000e+03  λ=6.870943e-01  dt=1.460e-03  relΔE=5.935e-15  ||F||=2.632e-05
 step=139500  E=7.087576968162e+02  Q=1.833000000000e+03  λ=6.870943e-01  dt=1.130e-03  relΔE=4.652e-15  ||F||=3.371e-06
 step=140000  E=7.087576968147e+02  Q=1.833000000000e+03  λ=6.870944e-01  dt=8.748e-04  relΔE=2.727e-15  ||F||=3.259e-06
 step=140500  E=7.087576968135e+02  Q=1.833000000000e+03  λ=6.870944e-01  dt=1.354e-03  relΔE=3.368e-15  ||F||=3.151e-06
 step=141000  E=7.087576968127e+02  Q=1.833000000000e+03  λ=6.870945e-01  dt=1.048e-03  relΔE=1.925e-15  ||F||=3.049e-06
  !! dt fell below dt_min: stiffness-limited termination.

Stationary candidate (aggressive): E=7.087576968121e+02, Q=1.833000000000e+03, maxρ=1.181262e+00

=== Stability test (damped inertial dynamics) ===
Perturb eps=0.02, gamma=1
t=0: E=8.019615865321e+02, Q=1.833000000000e+03, maxρ=1.239088e+00, σ=3.190517e+00, Rc=6.668764e+00
 step=     1  E=8.019611138485e+02  Q=1.833000000000e+03  λ=1.094452e+00  maxρ=1.239087e+00  minρ=7.061e-06  σ=3.190517e+00  Rc=6.668764e+00
 step=   300  E=7.825986787611e+02  Q=1.833000000000e+03  λ=9.843696e-01  maxρ=1.232777e+00  minρ=7.082e-06  σ=3.190517e+00  Rc=6.668764e+00
 step=   600  E=7.438259738292e+02  Q=1.833000000000e+03  λ=7.866697e-01  maxρ=1.215784e+00  minρ=7.136e-06  σ=3.190517e+00  Rc=6.668763e+00
 step=   900  E=7.214848638471e+02  Q=1.833000000000e+03  λ=7.274066e-01  maxρ=1.199202e+00  minρ=7.115e-06  σ=3.190517e+00  Rc=6.668762e+00
 step=  1200  E=7.305020031584e+02  Q=1.833000000000e+03  λ=8.451964e-01  maxρ=1.212914e+00  minρ=7.067e-06  σ=3.190518e+00  Rc=6.668760e+00
 step=  1500  E=7.535806268956e+02  Q=1.833000000000e+03  λ=9.667098e-01  maxρ=1.226310e+00  minρ=7.028e-06  σ=3.190518e+00  Rc=6.668759e+00
 step=  1800  E=7.648242427739e+02  Q=1.833000000000e+03  λ=9.451855e-01  maxρ=1.227054e+00  minρ=7.008e-06  σ=3.190517e+00  Rc=6.668758e+00
 step=  2100  E=7.575613886358e+02  Q=1.833000000000e+03  λ=8.349521e-01  maxρ=1.210456e+00  minρ=7.010e-06  σ=3.190517e+00  Rc=6.668760e+00
 step=  2400  E=7.458450623006e+02  Q=1.833000000000e+03  λ=7.907408e-01  maxρ=1.210208e+00  minρ=7.011e-06  σ=3.190517e+00  Rc=6.668762e+00
 step=  2700  E=7.436179446405e+02  Q=1.833000000000e+03  λ=8.558916e-01  maxρ=1.218338e+00  minρ=7.005e-06  σ=3.190516e+00  Rc=6.668765e+00
 step=  3000  E=7.495544801550e+02  Q=1.833000000000e+03  λ=9.250257e-01  maxρ=1.224646e+00  minρ=7.010e-06  σ=3.190516e+00  Rc=6.668766e+00
 step=  3300  E=7.531469941451e+02  Q=1.833000000000e+03  λ=9.039192e-01  maxρ=1.220117e+00  minρ=6.995e-06  σ=3.190516e+00  Rc=6.668764e+00
 step=  3600  E=7.497181468698e+02  Q=1.833000000000e+03  λ=8.303826e-01  maxρ=1.219224e+00  minρ=7.053e-06  σ=3.190518e+00  Rc=6.668762e+00
 step=  3900  E=7.445076122228e+02  Q=1.833000000000e+03  λ=8.043152e-01  maxρ=1.216204e+00  minρ=7.094e-06  σ=3.190519e+00  Rc=6.668761e+00
 step=  4200  E=7.436536736539e+02  Q=1.833000000000e+03  λ=8.471622e-01  maxρ=1.213611e+00  minρ=7.053e-06  σ=3.190520e+00  Rc=6.668762e+00
 step=  4500  E=7.462860007793e+02  Q=1.833000000000e+03  λ=8.865146e-01  maxρ=1.216324e+00  minρ=7.000e-06  σ=3.190519e+00  Rc=6.668765e+00
 step=  4800  E=7.473218787309e+02  Q=1.833000000000e+03  λ=8.670940e-01  maxρ=1.208462e+00  minρ=6.961e-06  σ=3.190517e+00  Rc=6.668765e+00
 step=  5100  E=7.449971237351e+02  Q=1.833000000000e+03  λ=8.212930e-01  maxρ=1.204138e+00  minρ=6.939e-06  σ=3.190517e+00  Rc=6.668763e+00
 step=  5400  E=7.424427074370e+02  Q=1.833000000000e+03  λ=8.117235e-01  maxρ=1.203737e+00  minρ=6.932e-06  σ=3.190518e+00  Rc=6.668761e+00
 step=  5700  E=7.425203122637e+02  Q=1.833000000000e+03  λ=8.427120e-01  maxρ=1.209794e+00  minρ=6.933e-06  σ=3.190518e+00  Rc=6.668762e+00
 step=  6000  E=7.440443909942e+02  Q=1.833000000000e+03  λ=8.640834e-01  maxρ=1.208785e+00  minρ=6.939e-06  σ=3.190517e+00  Rc=6.668765e+00
 >>> No runaway detected in this horizon. Likely stable (within this model & box).

STABILITY: PASS
