
=== Aggressive relaxation to Q = 1364 ===
Initial: E=7.289223005639e+02, Q=1.364000000000e+03, dt=1.000e-04
 step=     1  E=7.288871226488e+02  Q=1.364000000000e+03  λ=1.113727e+00  dt=1.000e-04  relΔE=4.826e-05  ||F||=5.084e-01
 step=   500  E=6.923454917521e+02  Q=1.364000000000e+03  λ=1.028920e+00  dt=6.192e-04  relΔE=1.702e-04  ||F||=4.097e-01
 step=  1000  E=6.259506524623e+02  Q=1.364000000000e+03  λ=8.781609e-01  dt=9.584e-04  relΔE=1.094e-04  ||F||=2.510e-01
 step=  1500  E=5.947506849557e+02  Q=1.364000000000e+03  λ=8.087145e-01  dt=1.484e-03  relΔE=8.554e-05  ||F||=1.739e-01
 step=  2000  E=5.791224119019e+02  Q=1.364000000000e+03  λ=7.741073e-01  dt=1.148e-03  relΔE=3.870e-05  ||F||=1.312e-01
 step=  2500  E=5.695799121669e+02  Q=1.364000000000e+03  λ=7.530452e-01  dt=8.887e-04  relΔE=1.850e-05  ||F||=1.022e-01
 step=  3000  E=5.636980442223e+02  Q=1.364000000000e+03  λ=7.400993e-01  dt=1.376e-03  relΔE=1.880e-05  ||F||=8.240e-02
 step=  3500  E=5.598331825960e+02  Q=1.364000000000e+03  λ=7.315929e-01  dt=1.065e-03  relΔE=9.971e-06  ||F||=6.798e-02
 step=  4000  E=5.570857257628e+02  Q=1.364000000000e+03  λ=7.255594e-01  dt=8.241e-04  relΔE=5.394e-06  ||F||=5.669e-02
 step=  4500  E=5.552128406994e+02  Q=1.364000000000e+03  λ=7.214638e-01  dt=1.276e-03  relΔE=6.082e-06  ||F||=4.830e-02
 step=  5000  E=5.538185447697e+02  Q=1.364000000000e+03  λ=7.184263e-01  dt=9.873e-04  relΔE=3.493e-06  ||F||=4.156e-02
 step=  5500  E=5.527502138732e+02  Q=1.364000000000e+03  λ=7.161221e-01  dt=1.528e-03  relΔE=4.068e-06  ||F||=6.774e-02
 step=  6000  E=5.519767646259e+02  Q=1.364000000000e+03  λ=7.144675e-01  dt=1.183e-03  relΔE=2.469e-06  ||F||=3.187e-02
 step=  6500  E=5.513444453474e+02  Q=1.364000000000e+03  λ=7.131372e-01  dt=9.154e-04  relΔE=1.513e-06  ||F||=2.834e-02
 step=  7000  E=5.508416994298e+02  Q=1.364000000000e+03  λ=7.121020e-01  dt=1.417e-03  relΔE=1.897e-06  ||F||=2.550e-02
 step=  7500  E=5.504388078809e+02  Q=1.364000000000e+03  λ=7.112918e-01  dt=1.097e-03  relΔE=1.219e-06  ||F||=2.323e-02
 step=  8000  E=5.500901435863e+02  Q=1.364000000000e+03  λ=7.106115e-01  dt=8.488e-04  relΔE=7.951e-07  ||F||=2.131e-02
 step=  8500  E=5.498014882261e+02  Q=1.364000000000e+03  λ=7.100682e-01  dt=1.314e-03  relΔE=1.062e-06  ||F||=1.980e-02
 step=  9000  E=5.495499558391e+02  Q=1.364000000000e+03  λ=7.096120e-01  dt=1.017e-03  relΔE=7.219e-07  ||F||=1.854e-02
 step=  9500  E=5.493200151413e+02  Q=1.364000000000e+03  λ=7.092122e-01  dt=7.871e-04  relΔE=4.967e-07  ||F||=1.764e-02
 step= 10000  E=5.491246478604e+02  Q=1.364000000000e+03  λ=7.088875e-01  dt=1.218e-03  relΔE=6.977e-07  ||F||=1.665e-02
 step= 10500  E=5.489409369175e+02  Q=1.364000000000e+03  λ=7.085954e-01  dt=9.430e-04  relΔE=4.945e-07  ||F||=1.593e-02
 step= 11000  E=5.487702151429e+02  Q=1.364000000000e+03  λ=7.083366e-01  dt=1.460e-03  relΔE=7.082e-07  ||F||=1.532e-02
 step= 11500  E=5.486168028205e+02  Q=1.364000000000e+03  λ=7.081144e-01  dt=1.130e-03  relΔE=5.128e-07  ||F||=1.481e-02
 step= 12000  E=5.484680453939e+02  Q=1.364000000000e+03  λ=7.079086e-01  dt=8.744e-04  relΔE=3.732e-07  ||F||=1.436e-02
 step= 12500  E=5.483300784314e+02  Q=1.364000000000e+03  λ=7.077266e-01  dt=1.353e-03  relΔE=5.470e-07  ||F||=1.397e-02
 step= 13000  E=5.482000697432e+02  Q=1.364000000000e+03  λ=7.075624e-01  dt=1.048e-03  relΔE=4.028e-07  ||F||=1.363e-02
 step= 13500  E=5.480721832859e+02  Q=1.364000000000e+03  λ=7.074079e-01  dt=8.108e-04  relΔE=2.972e-07  ||F||=1.330e-02
 step= 14000  E=5.479549837262e+02  Q=1.364000000000e+03  λ=7.072727e-01  dt=1.255e-03  relΔE=4.406e-07  ||F||=1.302e-02
 step= 14500  E=5.478404831330e+02  Q=1.364000000000e+03  λ=7.071460e-01  dt=9.713e-04  relΔE=3.269e-07  ||F||=1.274e-02
 step= 15000  E=5.477281789494e+02  Q=1.364000000000e+03  λ=7.070273e-01  dt=1.504e-03  relΔE=4.855e-07  ||F||=1.304e-02
 step= 15500  E=5.476258295375e+02  Q=1.364000000000e+03  λ=7.069236e-01  dt=1.164e-03  relΔE=3.616e-07  ||F||=1.224e-02
 step= 16000  E=5.475231220645e+02  Q=1.364000000000e+03  λ=7.068242e-01  dt=9.007e-04  relΔE=2.690e-07  ||F||=1.200e-02
 step= 16500  E=5.474253186152e+02  Q=1.364000000000e+03  λ=7.067338e-01  dt=1.394e-03  relΔE=4.005e-07  ||F||=1.177e-02
 step= 17000  E=5.473329106847e+02  Q=1.364000000000e+03  λ=7.066522e-01  dt=1.079e-03  relΔE=2.984e-07  ||F||=1.154e-02
 step= 17500  E=5.472410354863e+02  Q=1.364000000000e+03  λ=7.065750e-01  dt=8.352e-04  relΔE=2.220e-07  ||F||=1.131e-02
 step= 18000  E=5.471555493952e+02  Q=1.364000000000e+03  λ=7.065068e-01  dt=1.293e-03  relΔE=3.306e-07  ||F||=1.110e-02
 step= 18500  E=5.470726141434e+02  Q=1.364000000000e+03  λ=7.064441e-01  dt=1.001e-03  relΔE=2.460e-07  ||F||=1.088e-02
 step= 19000  E=5.469900607406e+02  Q=1.364000000000e+03  λ=7.065276e-01  dt=6.453e-04  relΔE=6.863e-07  ||F||=5.360e-01
 step= 19500  E=5.469181997752e+02  Q=1.364000000000e+03  λ=7.063368e-01  dt=9.989e-04  relΔE=2.270e-07  ||F||=1.046e-02
 step= 20000  E=5.468420848523e+02  Q=1.364000000000e+03  λ=7.063835e-01  dt=6.443e-04  relΔE=5.232e-07  ||F||=4.368e-01
 step= 20500  E=5.467759077441e+02  Q=1.364000000000e+03  λ=7.062499e-01  dt=9.973e-04  relΔE=2.090e-07  ||F||=1.004e-02
 step= 21000  E=5.467057796077e+02  Q=1.364000000000e+03  λ=7.062634e-01  dt=6.432e-04  relΔE=3.652e-07  ||F||=3.227e-01
 step= 21500  E=5.466448909747e+02  Q=1.364000000000e+03  λ=7.061813e-01  dt=9.957e-04  relΔE=1.920e-07  ||F||=9.631e-03
 step= 22000  E=5.465805487000e+02  Q=1.364000000000e+03  λ=7.061906e-01  dt=1.541e-03  relΔE=7.588e-08  ||F||=2.791e-01
 step= 22500  E=5.465224479772e+02  Q=1.364000000000e+03  λ=7.061284e-01  dt=1.193e-03  relΔE=2.107e-07  ||F||=9.217e-03
 step= 23000  E=5.464647167178e+02  Q=1.364000000000e+03  λ=7.061075e-01  dt=9.233e-04  relΔE=1.559e-07  ||F||=9.011e-03
 step= 23500  E=5.464095755824e+02  Q=1.364000000000e+03  λ=7.060904e-01  dt=1.429e-03  relΔE=2.305e-07  ||F||=8.806e-03
 step= 24000  E=5.463582820052e+02  Q=1.364000000000e+03  λ=7.060771e-01  dt=1.106e-03  relΔE=1.705e-07  ||F||=8.609e-03
 step= 24500  E=5.463076974610e+02  Q=1.364000000000e+03  λ=7.060665e-01  dt=8.561e-04  relΔE=1.258e-07  ||F||=8.406e-03
 step= 25000  E=5.462604419184e+02  Q=1.364000000000e+03  λ=7.060592e-01  dt=1.325e-03  relΔE=1.858e-07  ||F||=8.210e-03
 step= 25500  E=5.462155139584e+02  Q=1.364000000000e+03  λ=7.060547e-01  dt=1.026e-03  relΔE=1.371e-07  ||F||=8.016e-03
 step= 26000  E=5.461712931499e+02  Q=1.364000000000e+03  λ=7.060528e-01  dt=7.938e-04  relΔE=1.009e-07  ||F||=7.818e-03
 step= 26500  E=5.461312528494e+02  Q=1.364000000000e+03  λ=7.060535e-01  dt=1.229e-03  relΔE=1.489e-07  ||F||=7.631e-03
 step= 27000  E=5.460919714388e+02  Q=1.364000000000e+03  λ=7.060564e-01  dt=9.510e-04  relΔE=1.096e-07  ||F||=7.442e-03
 step= 27500  E=5.460541095156e+02  Q=1.364000000000e+03  λ=7.060616e-01  dt=1.472e-03  relΔE=1.611e-07  ||F||=7.253e-03
 step= 28000  E=5.460196161794e+02  Q=1.364000000000e+03  λ=7.060686e-01  dt=1.139e-03  relΔE=1.186e-07  ||F||=7.072e-03
 step= 28500  E=5.459856660245e+02  Q=1.364000000000e+03  λ=7.060777e-01  dt=8.818e-04  relΔE=8.711e-08  ||F||=6.889e-03
 step= 29000  E=5.459538655194e+02  Q=1.364000000000e+03  λ=7.060884e-01  dt=1.365e-03  relΔE=1.280e-07  ||F||=6.710e-03
 step= 29500  E=5.459240717439e+02  Q=1.364000000000e+03  λ=7.061005e-01  dt=1.056e-03  relΔE=9.399e-08  ||F||=6.537e-03
 step= 30000  E=5.458949174563e+02  Q=1.364000000000e+03  λ=7.061144e-01  dt=8.177e-04  relΔE=6.888e-08  ||F||=6.361e-03
 step= 30500  E=5.458682586645e+02  Q=1.364000000000e+03  λ=7.061292e-01  dt=1.266e-03  relΔE=1.011e-07  ||F||=6.194e-03
 step= 31000  E=5.458426596563e+02  Q=1.364000000000e+03  λ=7.061453e-01  dt=9.796e-04  relΔE=7.410e-08  ||F||=6.027e-03
 step= 31500  E=5.458177254827e+02  Q=1.364000000000e+03  λ=7.061632e-01  dt=1.516e-03  relΔE=1.077e-07  ||F||=1.935e-02
 step= 32000  E=5.457954697497e+02  Q=1.364000000000e+03  λ=7.061807e-01  dt=1.174e-03  relΔE=7.949e-08  ||F||=5.703e-03
 step= 32500  E=5.457735283348e+02  Q=1.364000000000e+03  λ=7.062000e-01  dt=9.084e-04  relΔE=5.814e-08  ||F||=5.544e-03
 step= 33000  E=5.457528846974e+02  Q=1.364000000000e+03  λ=7.062199e-01  dt=1.406e-03  relΔE=8.502e-08  ||F||=5.388e-03
 step= 33500  E=5.457337801579e+02  Q=1.364000000000e+03  λ=7.062402e-01  dt=1.088e-03  relΔE=6.221e-08  ||F||=5.239e-03
 step= 34000  E=5.457151506317e+02  Q=1.364000000000e+03  λ=7.062616e-01  dt=8.423e-04  relΔE=4.541e-08  ||F||=5.088e-03
 step= 34500  E=5.456980235311e+02  Q=1.364000000000e+03  λ=7.062830e-01  dt=1.304e-03  relΔE=6.638e-08  ||F||=4.944e-03
 step= 35000  E=5.456818528559e+02  Q=1.364000000000e+03  λ=7.063049e-01  dt=1.009e-03  relΔE=4.849e-08  ||F||=4.803e-03
 step= 35500  E=5.456660540842e+02  Q=1.364000000000e+03  λ=7.063279e-01  dt=7.810e-04  relΔE=3.533e-08  ||F||=4.695e-03
 step= 36000  E=5.456519809879e+02  Q=1.364000000000e+03  λ=7.063499e-01  dt=1.209e-03  relΔE=5.163e-08  ||F||=4.528e-03
 step= 36500  E=5.456382471942e+02  Q=1.364000000000e+03  λ=7.063728e-01  dt=9.357e-04  relΔE=3.764e-08  ||F||=4.394e-03
 step= 37000  E=5.456252096463e+02  Q=1.364000000000e+03  λ=7.063962e-01  dt=1.448e-03  relΔE=5.483e-08  ||F||=4.263e-03
 step= 37500  E=5.456133624847e+02  Q=1.364000000000e+03  λ=7.064188e-01  dt=1.121e-03  relΔE=4.000e-08  ||F||=4.139e-03
 step= 38000  E=5.456018130719e+02  Q=1.364000000000e+03  λ=7.064422e-01  dt=8.676e-04  relΔE=2.912e-08  ||F||=4.014e-03
 step= 38500  E=5.455911320518e+02  Q=1.364000000000e+03  λ=7.064653e-01  dt=1.343e-03  relΔE=4.241e-08  ||F||=3.894e-03
 step= 39000  E=5.455811643390e+02  Q=1.364000000000e+03  λ=7.064881e-01  dt=1.039e-03  relΔE=3.090e-08  ||F||=3.777e-03
 step= 39500  E=5.455714709861e+02  Q=1.364000000000e+03  λ=7.065117e-01  dt=8.045e-04  relΔE=2.245e-08  ||F||=3.660e-03
 step= 40000  E=5.455627312900e+02  Q=1.364000000000e+03  λ=7.065341e-01  dt=1.245e-03  relΔE=3.270e-08  ||F||=3.551e-03
 step= 40500  E=5.455543622913e+02  Q=1.364000000000e+03  λ=7.065569e-01  dt=9.638e-04  relΔE=2.378e-08  ||F||=3.442e-03
 step= 41000  E=5.455463148991e+02  Q=1.364000000000e+03  λ=7.065799e-01  dt=1.492e-03  relΔE=3.453e-08  ||F||=3.501e-03
 step= 41500  E=5.455391431749e+02  Q=1.364000000000e+03  λ=7.066016e-01  dt=1.155e-03  relΔE=2.515e-08  ||F||=3.233e-03
 step= 42000  E=5.455321310895e+02  Q=1.364000000000e+03  λ=7.066239e-01  dt=8.937e-04  relΔE=1.826e-08  ||F||=3.131e-03
 step= 42500  E=5.455256047387e+02  Q=1.364000000000e+03  λ=7.066458e-01  dt=1.383e-03  relΔE=2.652e-08  ||F||=3.034e-03
 step= 43000  E=5.455195880277e+02  Q=1.364000000000e+03  λ=7.066670e-01  dt=1.071e-03  relΔE=1.928e-08  ||F||=2.940e-03
 step= 43500  E=5.455137597108e+02  Q=1.364000000000e+03  λ=7.066887e-01  dt=8.287e-04  relΔE=1.398e-08  ||F||=2.846e-03
 step= 44000  E=5.455084570693e+02  Q=1.364000000000e+03  λ=7.067093e-01  dt=1.283e-03  relΔE=2.032e-08  ||F||=2.757e-03
 step= 44500  E=5.455034449406e+02  Q=1.364000000000e+03  λ=7.067298e-01  dt=9.928e-04  relΔE=1.475e-08  ||F||=2.670e-03
 step= 45000  E=5.454985834543e+02  Q=1.364000000000e+03  λ=7.067512e-01  dt=7.684e-04  relΔE=1.234e-08  ||F||=3.555e-02
 step= 45500  E=5.454943055152e+02  Q=1.364000000000e+03  λ=7.067698e-01  dt=1.189e-03  relΔE=1.553e-08  ||F||=2.503e-03
 step= 46000  E=5.454901711125e+02  Q=1.364000000000e+03  λ=7.067893e-01  dt=7.672e-04  relΔE=9.386e-09  ||F||=2.423e-03
 step= 46500  E=5.454864069492e+02  Q=1.364000000000e+03  λ=7.068078e-01  dt=1.188e-03  relΔE=1.364e-08  ||F||=2.348e-03
 step= 47000  E=5.454827754707e+02  Q=1.364000000000e+03  λ=7.068265e-01  dt=7.659e-04  relΔE=8.243e-09  ||F||=2.273e-03
 step= 47500  E=5.454794658108e+02  Q=1.364000000000e+03  λ=7.068442e-01  dt=1.186e-03  relΔE=1.197e-08  ||F||=2.202e-03
 step= 48000  E=5.454762302756e+02  Q=1.364000000000e+03  λ=7.068624e-01  dt=9.176e-04  relΔE=8.672e-09  ||F||=2.130e-03
 step= 48500  E=5.454732074991e+02  Q=1.364000000000e+03  λ=7.068802e-01  dt=1.420e-03  relΔE=1.256e-08  ||F||=2.060e-03
 step= 49000  E=5.454704483687e+02  Q=1.364000000000e+03  λ=7.068971e-01  dt=1.099e-03  relΔE=9.110e-09  ||F||=1.994e-03
 step= 49500  E=5.454677801743e+02  Q=1.364000000000e+03  λ=7.069142e-01  dt=8.508e-04  relΔE=6.591e-09  ||F||=1.928e-03
 step= 50000  E=5.454653391111e+02  Q=1.364000000000e+03  λ=7.069305e-01  dt=1.317e-03  relΔE=9.551e-09  ||F||=1.866e-03
 step= 50500  E=5.454630633103e+02  Q=1.364000000000e+03  λ=7.069464e-01  dt=1.019e-03  relΔE=6.920e-09  ||F||=1.805e-03
 step= 51000  E=5.454608576963e+02  Q=1.364000000000e+03  λ=7.069625e-01  dt=7.889e-04  relΔE=5.001e-09  ||F||=1.744e-03
 step= 51500  E=5.454588987621e+02  Q=1.364000000000e+03  λ=7.069774e-01  dt=1.221e-03  relΔE=7.253e-09  ||F||=1.688e-03
 step= 52000  E=5.454570119776e+02  Q=1.364000000000e+03  λ=7.069923e-01  dt=9.452e-04  relΔE=5.248e-09  ||F||=1.633e-03
 step= 52500  E=5.454552210067e+02  Q=1.364000000000e+03  λ=7.070071e-01  dt=1.463e-03  relΔE=7.587e-09  ||F||=1.578e-03
 step= 53000  E=5.454536180016e+02  Q=1.364000000000e+03  λ=7.070209e-01  dt=1.132e-03  relΔE=5.498e-09  ||F||=1.527e-03
 step= 53500  E=5.454520624079e+02  Q=1.364000000000e+03  λ=7.070348e-01  dt=8.764e-04  relΔE=3.975e-09  ||F||=1.475e-03
 step= 54000  E=5.454506256487e+02  Q=1.364000000000e+03  λ=7.070483e-01  dt=1.357e-03  relΔE=5.750e-09  ||F||=1.426e-03
 step= 54500  E=5.454493032473e+02  Q=1.364000000000e+03  λ=7.070611e-01  dt=1.050e-03  relΔE=4.163e-09  ||F||=1.380e-03
 step= 55000  E=5.454480256541e+02  Q=1.364000000000e+03  λ=7.070741e-01  dt=8.127e-04  relΔE=3.007e-09  ||F||=1.333e-03
 step= 55500  E=5.454468739920e+02  Q=1.364000000000e+03  λ=7.070862e-01  dt=1.258e-03  relΔE=4.354e-09  ||F||=1.289e-03
 step= 56000  E=5.454457842890e+02  Q=1.364000000000e+03  λ=7.070981e-01  dt=9.736e-04  relΔE=3.149e-09  ||F||=1.246e-03
 step= 56500  E=5.454447340227e+02  Q=1.364000000000e+03  λ=7.071101e-01  dt=1.507e-03  relΔE=4.481e-09  ||F||=5.331e-03
 step= 57000  E=5.454438111047e+02  Q=1.364000000000e+03  λ=7.071211e-01  dt=1.166e-03  relΔE=3.293e-09  ||F||=1.164e-03
 step= 57500  E=5.454429122449e+02  Q=1.364000000000e+03  λ=7.071322e-01  dt=9.028e-04  relΔE=2.379e-09  ||F||=1.125e-03
 step= 58000  E=5.454420763423e+02  Q=1.364000000000e+03  λ=7.071429e-01  dt=1.397e-03  relΔE=3.438e-09  ||F||=1.087e-03
 step= 58500  E=5.454413108259e+02  Q=1.364000000000e+03  λ=7.071531e-01  dt=1.082e-03  relΔE=2.487e-09  ||F||=1.051e-03
 step= 59000  E=5.454405734181e+02  Q=1.364000000000e+03  λ=7.071634e-01  dt=8.371e-04  relΔE=1.796e-09  ||F||=1.015e-03
 step= 59500  E=5.454399021471e+02  Q=1.364000000000e+03  λ=7.071731e-01  dt=1.296e-03  relΔE=2.597e-09  ||F||=9.808e-04
 step= 60000  E=5.454392756001e+02  Q=1.364000000000e+03  λ=7.071825e-01  dt=1.003e-03  relΔE=1.877e-09  ||F||=9.480e-04
 step= 60500  E=5.454386697016e+02  Q=1.364000000000e+03  λ=7.071919e-01  dt=7.762e-04  relΔE=1.354e-09  ||F||=9.157e-04
 step= 61000  E=5.454381352666e+02  Q=1.364000000000e+03  λ=7.072006e-01  dt=1.202e-03  relΔE=1.961e-09  ||F||=8.851e-04
 step= 61500  E=5.454376185601e+02  Q=1.364000000000e+03  λ=7.072092e-01  dt=9.299e-04  relΔE=1.416e-09  ||F||=8.550e-04
 step= 62000  E=5.454371324495e+02  Q=1.364000000000e+03  λ=7.072177e-01  dt=1.439e-03  relΔE=2.044e-09  ||F||=8.256e-04
 step= 62500  E=5.454366941575e+02  Q=1.364000000000e+03  λ=7.072257e-01  dt=1.114e-03  relΔE=1.479e-09  ||F||=7.982e-04
 step= 63000  E=5.454362709737e+02  Q=1.364000000000e+03  λ=7.072337e-01  dt=8.623e-04  relΔE=1.067e-09  ||F||=7.708e-04
 step= 63500  E=5.454358823327e+02  Q=1.364000000000e+03  λ=7.072413e-01  dt=1.335e-03  relΔE=1.542e-09  ||F||=7.447e-04
 step= 64000  E=5.454355234896e+02  Q=1.364000000000e+03  λ=7.072486e-01  dt=1.033e-03  relΔE=1.115e-09  ||F||=7.197e-04
 step= 64500  E=5.454351766476e+02  Q=1.364000000000e+03  λ=7.072559e-01  dt=7.996e-04  relΔE=8.037e-10  ||F||=6.947e-04
 step= 65000  E=5.454348663186e+02  Q=1.364000000000e+03  λ=7.072627e-01  dt=1.238e-03  relΔE=1.162e-09  ||F||=6.715e-04
 step= 65500  E=5.454345711898e+02  Q=1.364000000000e+03  λ=7.072694e-01  dt=9.579e-04  relΔE=8.395e-10  ||F||=6.487e-04
 step= 66000  E=5.454342889987e+02  Q=1.364000000000e+03  λ=7.072761e-01  dt=1.483e-03  relΔE=1.210e-09  ||F||=7.146e-04
 step= 66500  E=5.454340391833e+02  Q=1.364000000000e+03  λ=7.072822e-01  dt=1.148e-03  relΔE=8.756e-10  ||F||=6.053e-04
 step= 67000  E=5.454337968609e+02  Q=1.364000000000e+03  λ=7.072884e-01  dt=8.882e-04  relΔE=6.318e-10  ||F||=5.844e-04
 step= 67500  E=5.454335729271e+02  Q=1.364000000000e+03  λ=7.072943e-01  dt=1.375e-03  relΔE=9.122e-10  ||F||=5.645e-04
 step= 68000  E=5.454333678003e+02  Q=1.364000000000e+03  λ=7.072999e-01  dt=1.064e-03  relΔE=6.594e-10  ||F||=5.455e-04
 step= 68500  E=5.454331701059e+02  Q=1.364000000000e+03  λ=7.073056e-01  dt=8.236e-04  relΔE=4.755e-10  ||F||=5.266e-04
 step= 69000  E=5.454329905562e+02  Q=1.364000000000e+03  λ=7.073109e-01  dt=1.275e-03  relΔE=6.871e-10  ||F||=5.088e-04
 step= 69500  E=5.454328223922e+02  Q=1.364000000000e+03  λ=7.073160e-01  dt=9.867e-04  relΔE=4.962e-10  ||F||=4.915e-04
 step= 70000  E=5.454326599153e+02  Q=1.364000000000e+03  λ=7.073212e-01  dt=7.637e-04  relΔE=3.612e-10  ||F||=1.621e-03
 step= 70500  E=5.454325176622e+02  Q=1.364000000000e+03  λ=7.073259e-01  dt=1.182e-03  relΔE=5.173e-10  ||F||=4.585e-04
 step= 71000  E=5.454323793136e+02  Q=1.364000000000e+03  λ=7.073306e-01  dt=9.149e-04  relΔE=3.732e-10  ||F||=4.427e-04
 step= 71500  E=5.454322501773e+02  Q=1.364000000000e+03  λ=7.073352e-01  dt=1.416e-03  relΔE=5.385e-10  ||F||=4.274e-04
 step= 72000  E=5.454321330778e+02  Q=1.364000000000e+03  λ=7.073395e-01  dt=1.096e-03  relΔE=3.892e-10  ||F||=4.130e-04
 step= 72500  E=5.454320204912e+02  Q=1.364000000000e+03  λ=7.073438e-01  dt=8.484e-04  relΔE=2.807e-10  ||F||=3.987e-04
 step= 73000  E=5.454319216747e+02  Q=1.364000000000e+03  λ=7.073477e-01  dt=1.094e-03  relΔE=3.388e-10  ||F||=3.857e-04
 step= 73500  E=5.454318232681e+02  Q=1.364000000000e+03  λ=7.073517e-01  dt=8.470e-04  relΔE=2.443e-10  ||F||=3.723e-04
 step= 74000  E=5.454317372568e+02  Q=1.364000000000e+03  λ=7.073554e-01  dt=1.093e-03  relΔE=2.949e-10  ||F||=3.602e-04
 step= 74500  E=5.454316517146e+02  Q=1.364000000000e+03  λ=7.073592e-01  dt=8.456e-04  relΔE=2.127e-10  ||F||=3.477e-04
 step= 75000  E=5.454315767225e+02  Q=1.364000000000e+03  λ=7.073626e-01  dt=1.091e-03  relΔE=2.567e-10  ||F||=3.363e-04
 step= 75500  E=5.454315020603e+02  Q=1.364000000000e+03  λ=7.073661e-01  dt=8.443e-04  relΔE=1.851e-10  ||F||=3.246e-04
 step= 76000  E=5.454314336260e+02  Q=1.364000000000e+03  λ=7.073695e-01  dt=1.307e-03  relΔE=2.673e-10  ||F||=3.135e-04
 step= 76500  E=5.454313703036e+02  Q=1.364000000000e+03  λ=7.073727e-01  dt=1.011e-03  relΔE=1.931e-10  ||F||=3.029e-04
 step= 77000  E=5.454313090551e+02  Q=1.364000000000e+03  λ=7.073759e-01  dt=7.828e-04  relΔE=1.391e-10  ||F||=2.922e-04
 step= 77500  E=5.454312548213e+02  Q=1.364000000000e+03  λ=7.073789e-01  dt=1.212e-03  relΔE=2.011e-10  ||F||=2.824e-04
 step= 78000  E=5.454312027367e+02  Q=1.364000000000e+03  λ=7.073818e-01  dt=9.379e-04  relΔE=1.451e-10  ||F||=2.727e-04
 step= 78500  E=5.454311534980e+02  Q=1.364000000000e+03  λ=7.073847e-01  dt=1.452e-03  relΔE=2.091e-10  ||F||=2.635e-04
 step= 79000  E=5.454311096216e+02  Q=1.364000000000e+03  λ=7.073874e-01  dt=1.124e-03  relΔE=1.512e-10  ||F||=2.544e-04
 step= 79500  E=5.454310670735e+02  Q=1.364000000000e+03  λ=7.073901e-01  dt=8.696e-04  relΔE=1.090e-10  ||F||=2.455e-04
 step= 80000  E=5.454310278691e+02  Q=1.364000000000e+03  λ=7.073926e-01  dt=1.346e-03  relΔE=1.574e-10  ||F||=2.371e-04
 step= 80500  E=5.454309918733e+02  Q=1.364000000000e+03  λ=7.073951e-01  dt=1.042e-03  relΔE=1.137e-10  ||F||=2.291e-04
 step= 81000  E=5.454309571672e+02  Q=1.364000000000e+03  λ=7.073975e-01  dt=8.064e-04  relΔE=8.193e-11  ||F||=2.211e-04
 step= 81500  E=5.454309259122e+02  Q=1.364000000000e+03  λ=7.073998e-01  dt=1.248e-03  relΔE=1.184e-10  ||F||=2.136e-04
 step= 82000  E=5.454308964754e+02  Q=1.364000000000e+03  λ=7.074020e-01  dt=9.661e-04  relΔE=8.546e-11  ||F||=2.063e-04
 step= 82500  E=5.454308681192e+02  Q=1.364000000000e+03  λ=7.074042e-01  dt=1.495e-03  relΔE=1.197e-10  ||F||=1.238e-03
 step= 83000  E=5.454308432099e+02  Q=1.364000000000e+03  λ=7.074063e-01  dt=1.157e-03  relΔE=8.903e-11  ||F||=1.924e-04
 step= 83500  E=5.454308190303e+02  Q=1.364000000000e+03  λ=7.074083e-01  dt=8.958e-04  relΔE=6.421e-11  ||F||=1.857e-04
 step= 84000  E=5.454307965472e+02  Q=1.364000000000e+03  λ=7.074103e-01  dt=1.387e-03  relΔE=9.264e-11  ||F||=1.793e-04
 step= 84500  E=5.454307760252e+02  Q=1.364000000000e+03  λ=7.074121e-01  dt=1.073e-03  relΔE=6.692e-11  ||F||=1.732e-04
 step= 85000  E=5.454307562798e+02  Q=1.364000000000e+03  λ=7.074140e-01  dt=8.306e-04  relΔE=4.824e-11  ||F||=1.672e-04
 step= 85500  E=5.454307383130e+02  Q=1.364000000000e+03  λ=7.074157e-01  dt=1.286e-03  relΔE=6.965e-11  ||F||=1.615e-04
 step= 86000  E=5.454307215860e+02  Q=1.364000000000e+03  λ=7.074174e-01  dt=9.951e-04  relΔE=5.030e-11  ||F||=1.560e-04
 step= 86500  E=5.454307054070e+02  Q=1.364000000000e+03  λ=7.074191e-01  dt=7.702e-04  relΔE=3.622e-11  ||F||=1.505e-04
 step= 87000  E=5.454306911595e+02  Q=1.364000000000e+03  λ=7.074206e-01  dt=1.192e-03  relΔE=5.238e-11  ||F||=1.455e-04
 step= 87500  E=5.454306773813e+02  Q=1.364000000000e+03  λ=7.074221e-01  dt=9.227e-04  relΔE=3.778e-11  ||F||=1.404e-04
 step= 88000  E=5.454306644707e+02  Q=1.364000000000e+03  λ=7.074236e-01  dt=1.428e-03  relΔE=5.448e-11  ||F||=1.356e-04
 step= 88500  E=5.454306528601e+02  Q=1.364000000000e+03  λ=7.074250e-01  dt=1.105e-03  relΔE=3.937e-11  ||F||=1.310e-04
 step= 89000  E=5.454306416275e+02  Q=1.364000000000e+03  λ=7.074264e-01  dt=8.556e-04  relΔE=2.838e-11  ||F||=1.264e-04
 step= 89500  E=5.454306313214e+02  Q=1.364000000000e+03  λ=7.074278e-01  dt=1.324e-03  relΔE=4.097e-11  ||F||=1.221e-04
 step= 90000  E=5.454306218419e+02  Q=1.364000000000e+03  λ=7.074290e-01  dt=1.025e-03  relΔE=2.959e-11  ||F||=1.180e-04
 step= 90500  E=5.454306126733e+02  Q=1.364000000000e+03  λ=7.074303e-01  dt=7.934e-04  relΔE=2.132e-11  ||F||=1.138e-04
 step= 91000  E=5.454306044785e+02  Q=1.364000000000e+03  λ=7.074315e-01  dt=1.228e-03  relΔE=3.082e-11  ||F||=1.100e-04
 step= 91500  E=5.454305966889e+02  Q=1.364000000000e+03  λ=7.074326e-01  dt=9.505e-04  relΔE=2.224e-11  ||F||=1.062e-04
 step= 92000  E=5.454305892460e+02  Q=1.364000000000e+03  λ=7.074338e-01  dt=1.471e-03  relΔE=3.201e-11  ||F||=1.638e-04
 step= 92500  E=5.454305826709e+02  Q=1.364000000000e+03  λ=7.074348e-01  dt=1.139e-03  relΔE=2.317e-11  ||F||=9.908e-05
 step= 93000  E=5.454305762963e+02  Q=1.364000000000e+03  λ=7.074359e-01  dt=8.814e-04  relΔE=1.671e-11  ||F||=9.565e-05
 step= 93500  E=5.454305703910e+02  Q=1.364000000000e+03  λ=7.074369e-01  dt=1.364e-03  relΔE=2.411e-11  ||F||=9.236e-05
 step= 94000  E=5.454305649865e+02  Q=1.364000000000e+03  λ=7.074379e-01  dt=1.056e-03  relΔE=1.742e-11  ||F||=8.924e-05
 step= 94500  E=5.454305597862e+02  Q=1.364000000000e+03  λ=7.074388e-01  dt=8.172e-04  relΔE=1.255e-11  ||F||=8.613e-05
 step= 95000  E=5.454305550610e+02  Q=1.364000000000e+03  λ=7.074397e-01  dt=1.265e-03  relΔE=1.813e-11  ||F||=8.321e-05
 step= 95500  E=5.454305506485e+02  Q=1.364000000000e+03  λ=7.074406e-01  dt=9.791e-04  relΔE=1.309e-11  ||F||=8.037e-05
 step= 96000  E=5.454305463809e+02  Q=1.364000000000e+03  λ=7.074415e-01  dt=7.578e-04  relΔE=9.434e-12  ||F||=1.098e-04
 step= 96500  E=5.454305426363e+02  Q=1.364000000000e+03  λ=7.074423e-01  dt=1.173e-03  relΔE=1.363e-11  ||F||=7.496e-05
 step= 97000  E=5.454305390053e+02  Q=1.364000000000e+03  λ=7.074430e-01  dt=9.079e-04  relΔE=9.833e-12  ||F||=7.237e-05
 step= 97500  E=5.454305356131e+02  Q=1.364000000000e+03  λ=7.074438e-01  dt=1.405e-03  relΔE=1.418e-11  ||F||=6.986e-05
 step= 98000  E=5.454305325391e+02  Q=1.364000000000e+03  λ=7.074445e-01  dt=1.088e-03  relΔE=1.025e-11  ||F||=6.751e-05
 step= 98500  E=5.454305295879e+02  Q=1.364000000000e+03  λ=7.074453e-01  dt=8.418e-04  relΔE=7.387e-12  ||F||=6.517e-05
 step= 99000  E=5.454305268727e+02  Q=1.364000000000e+03  λ=7.074460e-01  dt=1.303e-03  relΔE=1.066e-11  ||F||=6.294e-05
 step= 99500  E=5.454305243678e+02  Q=1.364000000000e+03  λ=7.074466e-01  dt=1.009e-03  relΔE=7.700e-12  ||F||=6.081e-05
 step=100000  E=5.454305219439e+02  Q=1.364000000000e+03  λ=7.074473e-01  dt=7.806e-04  relΔE=5.546e-12  ||F||=5.867e-05
 step=100500  E=5.454305197905e+02  Q=1.364000000000e+03  λ=7.074479e-01  dt=1.208e-03  relΔE=8.017e-12  ||F||=5.671e-05
 step=101000  E=5.454305177619e+02  Q=1.364000000000e+03  λ=7.074485e-01  dt=7.793e-04  relΔE=4.825e-12  ||F||=5.479e-05
 step=101500  E=5.454305158884e+02  Q=1.364000000000e+03  λ=7.074490e-01  dt=1.206e-03  relΔE=6.975e-12  ||F||=5.295e-05
 step=102000  E=5.454305141211e+02  Q=1.364000000000e+03  λ=7.074496e-01  dt=7.780e-04  relΔE=4.199e-12  ||F||=5.116e-05
 step=102500  E=5.454305124911e+02  Q=1.364000000000e+03  λ=7.074501e-01  dt=1.204e-03  relΔE=6.069e-12  ||F||=4.945e-05
 step=103000  E=5.454305109258e+02  Q=1.364000000000e+03  λ=7.074506e-01  dt=9.321e-04  relΔE=4.378e-12  ||F||=4.775e-05
 step=103500  E=5.454305094463e+02  Q=1.364000000000e+03  λ=7.074511e-01  dt=1.443e-03  relΔE=6.310e-12  ||F||=4.625e-05
 step=104000  E=5.454305081264e+02  Q=1.364000000000e+03  λ=7.074516e-01  dt=1.117e-03  relΔE=4.560e-12  ||F||=4.455e-05
 step=104500  E=5.454305068502e+02  Q=1.364000000000e+03  λ=7.074521e-01  dt=8.643e-04  relΔE=3.288e-12  ||F||=4.301e-05
 step=105000  E=5.454305056714e+02  Q=1.364000000000e+03  λ=7.074526e-01  dt=1.338e-03  relΔE=4.745e-12  ||F||=4.153e-05
 step=105500  E=5.454305045893e+02  Q=1.364000000000e+03  λ=7.074530e-01  dt=1.035e-03  relΔE=3.426e-12  ||F||=4.013e-05
 step=106000  E=5.454305035489e+02  Q=1.364000000000e+03  λ=7.074534e-01  dt=8.014e-04  relΔE=2.469e-12  ||F||=3.873e-05
 step=106500  E=5.454305026097e+02  Q=1.364000000000e+03  λ=7.074538e-01  dt=1.241e-03  relΔE=3.567e-12  ||F||=3.743e-05
 step=107000  E=5.454305017252e+02  Q=1.364000000000e+03  λ=7.074542e-01  dt=9.602e-04  relΔE=2.574e-12  ||F||=3.615e-05
 step=107500  E=5.454305008737e+02  Q=1.364000000000e+03  λ=7.074546e-01  dt=1.486e-03  relΔE=3.382e-12  ||F||=3.681e-04
 step=108000  E=5.454305001286e+02  Q=1.364000000000e+03  λ=7.074550e-01  dt=1.150e-03  relΔE=2.681e-12  ||F||=3.373e-05
 step=108500  E=5.454304994026e+02  Q=1.364000000000e+03  λ=7.074553e-01  dt=8.903e-04  relΔE=1.934e-12  ||F||=3.256e-05
 step=109000  E=5.454304987275e+02  Q=1.364000000000e+03  λ=7.074557e-01  dt=1.378e-03  relΔE=2.789e-12  ||F||=3.144e-05
 step=109500  E=5.454304981126e+02  Q=1.364000000000e+03  λ=7.074560e-01  dt=1.067e-03  relΔE=2.014e-12  ||F||=3.038e-05
 step=110000  E=5.454304975230e+02  Q=1.364000000000e+03  λ=7.074563e-01  dt=8.255e-04  relΔE=1.452e-12  ||F||=2.933e-05
 step=110500  E=5.454304969832e+02  Q=1.364000000000e+03  λ=7.074566e-01  dt=1.278e-03  relΔE=2.096e-12  ||F||=2.834e-05
 step=111000  E=5.454304964833e+02  Q=1.364000000000e+03  λ=7.074569e-01  dt=9.890e-04  relΔE=1.513e-12  ||F||=2.738e-05
 step=111500  E=5.454304959993e+02  Q=1.364000000000e+03  λ=7.074572e-01  dt=7.655e-04  relΔE=1.090e-12  ||F||=2.642e-05
 step=112000  E=5.454304955720e+02  Q=1.364000000000e+03  λ=7.074575e-01  dt=1.185e-03  relΔE=1.575e-12  ||F||=2.554e-05
 step=112500  E=5.454304951594e+02  Q=1.364000000000e+03  λ=7.074578e-01  dt=9.171e-04  relΔE=1.137e-12  ||F||=2.466e-05
 step=113000  E=5.454304947723e+02  Q=1.364000000000e+03  λ=7.074580e-01  dt=1.420e-03  relΔE=1.636e-12  ||F||=2.381e-05
 step=113500  E=5.454304944244e+02  Q=1.364000000000e+03  λ=7.074583e-01  dt=1.099e-03  relΔE=1.183e-12  ||F||=2.301e-05
 step=114000  E=5.454304940897e+02  Q=1.364000000000e+03  λ=7.074585e-01  dt=8.504e-04  relΔE=8.529e-13  ||F||=2.222e-05
 step=114500  E=5.454304937806e+02  Q=1.364000000000e+03  λ=7.074587e-01  dt=1.316e-03  relΔE=1.231e-12  ||F||=2.146e-05
 step=115000  E=5.454304934968e+02  Q=1.364000000000e+03  λ=7.074590e-01  dt=1.019e-03  relΔE=8.884e-13  ||F||=2.074e-05
 step=115500  E=5.454304932227e+02  Q=1.364000000000e+03  λ=7.074592e-01  dt=7.885e-04  relΔE=6.393e-13  ||F||=2.002e-05
 step=116000  E=5.454304929772e+02  Q=1.364000000000e+03  λ=7.074594e-01  dt=1.221e-03  relΔE=9.238e-13  ||F||=1.935e-05
 step=116500  E=5.454304927449e+02  Q=1.364000000000e+03  λ=7.074596e-01  dt=9.447e-04  relΔE=6.666e-13  ||F||=1.869e-05
 step=117000  E=5.454304925224e+02  Q=1.364000000000e+03  λ=7.074598e-01  dt=1.462e-03  relΔE=9.586e-13  ||F||=3.662e-05
 step=117500  E=5.454304923262e+02  Q=1.364000000000e+03  λ=7.074600e-01  dt=1.132e-03  relΔE=6.935e-13  ||F||=1.744e-05
 step=118000  E=5.454304921362e+02  Q=1.364000000000e+03  λ=7.074602e-01  dt=8.760e-04  relΔE=4.998e-13  ||F||=1.684e-05
 step=118500  E=5.454304919599e+02  Q=1.364000000000e+03  λ=7.074604e-01  dt=1.356e-03  relΔE=7.212e-13  ||F||=1.626e-05
 step=119000  E=5.454304917991e+02  Q=1.364000000000e+03  λ=7.074605e-01  dt=1.049e-03  relΔE=5.205e-13  ||F||=1.572e-05
 step=119500  E=5.454304916444e+02  Q=1.364000000000e+03  λ=7.074607e-01  dt=8.122e-04  relΔE=3.756e-13  ||F||=1.518e-05
 step=120000  E=5.454304915037e+02  Q=1.364000000000e+03  λ=7.074608e-01  dt=1.257e-03  relΔE=5.419e-13  ||F||=1.466e-05
 step=120500  E=5.454304913726e+02  Q=1.364000000000e+03  λ=7.074610e-01  dt=9.731e-04  relΔE=3.910e-13  ||F||=1.417e-05
 step=121000  E=5.454304912455e+02  Q=1.364000000000e+03  λ=7.074612e-01  dt=7.531e-04  relΔE=2.810e-13  ||F||=1.405e-05
 step=121500  E=5.454304911345e+02  Q=1.364000000000e+03  λ=7.074613e-01  dt=1.166e-03  relΔE=4.062e-13  ||F||=1.322e-05
 step=122000  E=5.454304910267e+02  Q=1.364000000000e+03  λ=7.074614e-01  dt=9.023e-04  relΔE=2.929e-13  ||F||=1.277e-05
 step=122500  E=5.454304909260e+02  Q=1.364000000000e+03  λ=7.074616e-01  dt=1.397e-03  relΔE=4.223e-13  ||F||=1.233e-05
 step=123000  E=5.454304908350e+02  Q=1.364000000000e+03  λ=7.074617e-01  dt=1.081e-03  relΔE=3.045e-13  ||F||=1.192e-05
 step=123500  E=5.454304907477e+02  Q=1.364000000000e+03  λ=7.074618e-01  dt=8.367e-04  relΔE=2.201e-13  ||F||=1.151e-05
 step=124000  E=5.454304906674e+02  Q=1.364000000000e+03  λ=7.074619e-01  dt=1.295e-03  relΔE=3.179e-13  ||F||=1.112e-05
 step=124500  E=5.454304905936e+02  Q=1.364000000000e+03  λ=7.074621e-01  dt=1.002e-03  relΔE=2.280e-13  ||F||=1.075e-05
 step=125000  E=5.454304905221e+02  Q=1.364000000000e+03  λ=7.074622e-01  dt=7.758e-04  relΔE=1.655e-13  ||F||=1.037e-05
 step=125500  E=5.454304904586e+02  Q=1.364000000000e+03  λ=7.074623e-01  dt=1.201e-03  relΔE=2.372e-13  ||F||=1.003e-05
 step=126000  E=5.454304903981e+02  Q=1.364000000000e+03  λ=7.074624e-01  dt=9.294e-04  relΔE=1.711e-13  ||F||=9.687e-06
 step=126500  E=5.454304903406e+02  Q=1.364000000000e+03  λ=7.074625e-01  dt=1.439e-03  relΔE=2.457e-13  ||F||=9.634e-06
 step=127000  E=5.454304902896e+02  Q=1.364000000000e+03  λ=7.074626e-01  dt=1.114e-03  relΔE=1.774e-13  ||F||=9.043e-06
 step=127500  E=5.454304902404e+02  Q=1.364000000000e+03  λ=7.074627e-01  dt=8.618e-04  relΔE=1.276e-13  ||F||=8.734e-06
 step=128000  E=5.454304901948e+02  Q=1.364000000000e+03  λ=7.074628e-01  dt=1.334e-03  relΔE=1.845e-13  ||F||=8.437e-06
 step=128500  E=5.454304901531e+02  Q=1.364000000000e+03  λ=7.074629e-01  dt=1.033e-03  relΔE=1.334e-13  ||F||=8.155e-06
 step=129000  E=5.454304901130e+02  Q=1.364000000000e+03  λ=7.074629e-01  dt=7.991e-04  relΔE=9.505e-14  ||F||=7.874e-06
 step=129500  E=5.454304900769e+02  Q=1.364000000000e+03  λ=7.074630e-01  dt=1.237e-03  relΔE=1.382e-13  ||F||=7.610e-06
 step=130000  E=5.454304900436e+02  Q=1.364000000000e+03  λ=7.074631e-01  dt=7.978e-04  relΔE=8.358e-14  ||F||=7.358e-06
 step=130500  E=5.454304900122e+02  Q=1.364000000000e+03  λ=7.074632e-01  dt=1.235e-03  relΔE=1.203e-13  ||F||=7.113e-06
 step=131000  E=5.454304899827e+02  Q=1.364000000000e+03  λ=7.074633e-01  dt=9.558e-04  relΔE=8.588e-14  ||F||=6.873e-06
 step=131500  E=5.454304899544e+02  Q=1.364000000000e+03  λ=7.074633e-01  dt=1.480e-03  relΔE=3.314e-14  ||F||=2.010e-04
 step=132000  E=5.454304899296e+02  Q=1.364000000000e+03  λ=7.074634e-01  dt=1.145e-03  relΔE=8.942e-14  ||F||=6.416e-06
 step=132500  E=5.454304899055e+02  Q=1.364000000000e+03  λ=7.074635e-01  dt=8.863e-04  relΔE=6.420e-14  ||F||=6.196e-06
 step=133000  E=5.454304898832e+02  Q=1.364000000000e+03  λ=7.074635e-01  dt=1.372e-03  relΔE=9.213e-14  ||F||=5.985e-06
 step=133500  E=5.454304898630e+02  Q=1.364000000000e+03  λ=7.074636e-01  dt=1.062e-03  relΔE=6.670e-14  ||F||=5.786e-06
 step=134000  E=5.454304898436e+02  Q=1.364000000000e+03  λ=7.074637e-01  dt=8.218e-04  relΔE=4.752e-14  ||F||=5.588e-06
 step=134500  E=5.454304898258e+02  Q=1.364000000000e+03  λ=7.074637e-01  dt=1.272e-03  relΔE=6.941e-14  ||F||=5.400e-06
 step=135000  E=5.454304898095e+02  Q=1.364000000000e+03  λ=7.074638e-01  dt=9.846e-04  relΔE=4.877e-14  ||F||=5.220e-06
 step=135500  E=5.454304897937e+02  Q=1.364000000000e+03  λ=7.074638e-01  dt=7.620e-04  relΔE=3.627e-14  ||F||=5.038e-06
 step=136000  E=5.454304897798e+02  Q=1.364000000000e+03  λ=7.074639e-01  dt=1.180e-03  relΔE=5.107e-14  ||F||=4.873e-06
 step=136500  E=5.454304897664e+02  Q=1.364000000000e+03  λ=7.074639e-01  dt=9.130e-04  relΔE=3.731e-14  ||F||=4.708e-06
 step=137000  E=5.454304897539e+02  Q=1.364000000000e+03  λ=7.074640e-01  dt=1.413e-03  relΔE=5.419e-14  ||F||=4.552e-06
 step=137500  E=5.454304897427e+02  Q=1.364000000000e+03  λ=7.074640e-01  dt=1.094e-03  relΔE=3.856e-14  ||F||=4.396e-06
 step=138000  E=5.454304897320e+02  Q=1.364000000000e+03  λ=7.074641e-01  dt=8.465e-04  relΔE=2.814e-14  ||F||=4.246e-06
 step=138500  E=5.454304897220e+02  Q=1.364000000000e+03  λ=7.074641e-01  dt=1.310e-03  relΔE=3.981e-14  ||F||=4.103e-06
 step=139000  E=5.454304897130e+02  Q=1.364000000000e+03  λ=7.074642e-01  dt=1.014e-03  relΔE=2.876e-14  ||F||=3.967e-06
 step=139500  E=5.454304897043e+02  Q=1.364000000000e+03  λ=7.074642e-01  dt=7.850e-04  relΔE=2.022e-14  ||F||=3.830e-06
 step=140000  E=5.454304896966e+02  Q=1.364000000000e+03  λ=7.074642e-01  dt=1.215e-03  relΔE=2.918e-14  ||F||=3.703e-06
 step=140500  E=5.454304896892e+02  Q=1.364000000000e+03  λ=7.074643e-01  dt=9.404e-04  relΔE=2.168e-14  ||F||=3.579e-06
 step=141000  E=5.454304896823e+02  Q=1.364000000000e+03  λ=7.074643e-01  dt=1.456e-03  relΔE=2.981e-14  ||F||=1.485e-05
 step=141500  E=5.454304896762e+02  Q=1.364000000000e+03  λ=7.074644e-01  dt=1.127e-03  relΔE=2.293e-14  ||F||=3.342e-06
 step=142000  E=5.454304896703e+02  Q=1.364000000000e+03  λ=7.074644e-01  dt=8.720e-04  relΔE=1.605e-14  ||F||=3.228e-06
 step=142500  E=5.454304896648e+02  Q=1.364000000000e+03  λ=7.074644e-01  dt=1.350e-03  relΔE=2.230e-14  ||F||=3.119e-06
 step=143000  E=5.454304896599e+02  Q=1.364000000000e+03  λ=7.074645e-01  dt=1.045e-03  relΔE=1.605e-14  ||F||=3.016e-06
 step=143500  E=5.454304896552e+02  Q=1.364000000000e+03  λ=7.074645e-01  dt=8.086e-04  relΔE=1.209e-14  ||F||=2.913e-06
 step=144000  E=5.454304896509e+02  Q=1.364000000000e+03  λ=7.074645e-01  dt=1.252e-03  relΔE=1.605e-14  ||F||=2.816e-06
 step=144500  E=5.454304896470e+02  Q=1.364000000000e+03  λ=7.074645e-01  dt=9.687e-04  relΔE=1.126e-14  ||F||=2.722e-06
 step=145000  E=5.454304896432e+02  Q=1.364000000000e+03  λ=7.074646e-01  dt=7.497e-04  relΔE=8.546e-15  ||F||=2.628e-06
 step=145500  E=5.454304896399e+02  Q=1.364000000000e+03  λ=7.074646e-01  dt=1.161e-03  relΔE=1.167e-14  ||F||=2.542e-06
 step=146000  E=5.454304896367e+02  Q=1.364000000000e+03  λ=7.074646e-01  dt=8.982e-04  relΔE=7.712e-15  ||F||=2.456e-06
 step=146500  E=5.454304896337e+02  Q=1.364000000000e+03  λ=7.074647e-01  dt=1.390e-03  relΔE=1.251e-14  ||F||=2.373e-06
 step=147000  E=5.454304896311e+02  Q=1.364000000000e+03  λ=7.074647e-01  dt=1.076e-03  relΔE=8.546e-15  ||F||=2.294e-06
 step=147500  E=5.454304896286e+02  Q=1.364000000000e+03  λ=7.074647e-01  dt=8.329e-04  relΔE=6.461e-15  ||F||=2.217e-06
 step=148000  E=5.454304896263e+02  Q=1.364000000000e+03  λ=7.074647e-01  dt=1.289e-03  relΔE=9.171e-15  ||F||=2.142e-06
 step=148500  E=5.454304896242e+02  Q=1.364000000000e+03  λ=7.074647e-01  dt=9.978e-04  relΔE=5.628e-15  ||F||=2.071e-06
 step=149000  E=5.454304896222e+02  Q=1.364000000000e+03  λ=7.074648e-01  dt=7.723e-04  relΔE=4.586e-15  ||F||=2.000e-06
 step=149500  E=5.454304896205e+02  Q=1.364000000000e+03  λ=7.074648e-01  dt=1.195e-03  relΔE=5.836e-15  ||F||=1.935e-06
 step=150000  E=5.454304896188e+02  Q=1.364000000000e+03  λ=7.074648e-01  dt=9.252e-04  relΔE=4.169e-15  ||F||=1.869e-06
 step=150500  E=5.454304896173e+02  Q=1.364000000000e+03  λ=7.074648e-01  dt=1.432e-03  relΔE=6.045e-15  ||F||=2.182e-06
 step=151000  E=5.454304896159e+02  Q=1.364000000000e+03  λ=7.074648e-01  dt=1.108e-03  relΔE=5.002e-15  ||F||=1.747e-06
 step=151500  E=5.454304896146e+02  Q=1.364000000000e+03  λ=7.074649e-01  dt=8.579e-04  relΔE=3.752e-15  ||F||=1.688e-06
 step=152000  E=5.454304896134e+02  Q=1.364000000000e+03  λ=7.074649e-01  dt=1.328e-03  relΔE=5.211e-15  ||F||=1.631e-06
 step=152500  E=5.454304896124e+02  Q=1.364000000000e+03  λ=7.074649e-01  dt=1.028e-03  relΔE=3.335e-15  ||F||=1.577e-06
 step=153000  E=5.454304896114e+02  Q=1.364000000000e+03  λ=7.074649e-01  dt=7.955e-04  relΔE=2.501e-15  ||F||=1.523e-06
 step=153500  E=5.454304896105e+02  Q=1.364000000000e+03  λ=7.074649e-01  dt=1.231e-03  relΔE=3.960e-15  ||F||=1.473e-06
 step=154000  E=5.454304896096e+02  Q=1.364000000000e+03  λ=7.074649e-01  dt=9.531e-04  relΔE=2.501e-15  ||F||=1.424e-06
 step=154500  E=5.454304896089e+02  Q=1.364000000000e+03  λ=7.074650e-01  dt=7.376e-04  relΔE=1.459e-15  ||F||=3.625e-06
 step=155000  E=5.454304896082e+02  Q=1.364000000000e+03  λ=7.074650e-01  dt=1.142e-03  relΔE=2.293e-15  ||F||=1.330e-06
 step=155500  E=5.454304896076e+02  Q=1.364000000000e+03  λ=7.074650e-01  dt=8.837e-04  relΔE=1.459e-15  ||F||=1.286e-06
 step=156000  E=5.454304896070e+02  Q=1.364000000000e+03  λ=7.074650e-01  dt=1.368e-03  relΔE=1.876e-15  ||F||=1.242e-06
 step=156500  E=5.454304896065e+02  Q=1.364000000000e+03  λ=7.074650e-01  dt=1.059e-03  relΔE=1.667e-15  ||F||=1.201e-06
 step=157000  E=5.454304896060e+02  Q=1.364000000000e+03  λ=7.074650e-01  dt=8.194e-04  relΔE=1.251e-15  ||F||=1.161e-06
 step=157500  E=5.454304896056e+02  Q=1.364000000000e+03  λ=7.074650e-01  dt=1.268e-03  relΔE=1.251e-15  ||F||=1.122e-06
  !! dt fell below dt_min: stiffness-limited termination.

Stationary candidate (aggressive): E=5.454304896054e+02, Q=1.364000000000e+03, maxρ=1.097566e+00

=== Stability test (damped inertial dynamics) ===
Perturb eps=0.02, gamma=1
t=0: E=6.147528348740e+02, Q=1.364000000000e+03, maxρ=1.147714e+00, σ=3.088694e+00, Rc=6.427974e+00
 step=     1  E=6.147524832772e+02  Q=1.364000000000e+03  λ=1.114692e+00  maxρ=1.147714e+00  minρ=6.964e-06  σ=3.088694e+00  Rc=6.427974e+00
 step=   300  E=6.003498687503e+02  Q=1.364000000000e+03  λ=1.004632e+00  maxρ=1.141366e+00  minρ=6.984e-06  σ=3.088694e+00  Rc=6.427974e+00
 step=   600  E=5.715071598140e+02  Q=1.364000000000e+03  λ=8.069670e-01  maxρ=1.125632e+00  minρ=7.038e-06  σ=3.088694e+00  Rc=6.427973e+00
 step=   900  E=5.548851775258e+02  Q=1.364000000000e+03  λ=7.477104e-01  maxρ=1.115192e+00  minρ=7.018e-06  σ=3.088694e+00  Rc=6.427972e+00
 step=  1200  E=5.615947881173e+02  Q=1.364000000000e+03  λ=8.655017e-01  maxρ=1.127404e+00  minρ=6.971e-06  σ=3.088694e+00  Rc=6.427970e+00
 step=  1500  E=5.787764057389e+02  Q=1.364000000000e+03  λ=9.870635e-01  maxρ=1.145110e+00  minρ=6.933e-06  σ=3.088694e+00  Rc=6.427969e+00
 step=  1800  E=5.871581331661e+02  Q=1.364000000000e+03  λ=9.656145e-01  maxρ=1.145800e+00  minρ=6.913e-06  σ=3.088694e+00  Rc=6.427968e+00
 step=  2100  E=5.817568666933e+02  Q=1.364000000000e+03  λ=8.553889e-01  maxρ=1.130297e+00  minρ=6.915e-06  σ=3.088694e+00  Rc=6.427970e+00
 step=  2400  E=5.730175070776e+02  Q=1.364000000000e+03  λ=8.110723e-01  maxρ=1.123868e+00  minρ=6.915e-06  σ=3.088694e+00  Rc=6.427973e+00
 step=  2700  E=5.713307661501e+02  Q=1.364000000000e+03  λ=8.760921e-01  maxρ=1.131424e+00  minρ=6.909e-06  σ=3.088693e+00  Rc=6.427975e+00
 step=  3000  E=5.757414004180e+02  Q=1.364000000000e+03  λ=9.452063e-01  maxρ=1.132717e+00  minρ=6.907e-06  σ=3.088693e+00  Rc=6.427976e+00
 step=  3300  E=5.784411685046e+02  Q=1.364000000000e+03  λ=9.242142e-01  maxρ=1.127582e+00  minρ=6.892e-06  σ=3.088693e+00  Rc=6.427975e+00
 step=  3600  E=5.759238245126e+02  Q=1.364000000000e+03  λ=8.508019e-01  maxρ=1.136659e+00  minρ=6.950e-06  σ=3.088694e+00  Rc=6.427972e+00
 step=  3900  E=5.720520299496e+02  Q=1.364000000000e+03  λ=8.247379e-01  maxρ=1.133861e+00  minρ=6.997e-06  σ=3.088696e+00  Rc=6.427971e+00
 step=  4200  E=5.713866196082e+02  Q=1.364000000000e+03  λ=8.674743e-01  maxρ=1.123546e+00  minρ=6.957e-06  σ=3.088696e+00  Rc=6.427973e+00
 step=  4500  E=5.733111226096e+02  Q=1.364000000000e+03  λ=9.067292e-01  maxρ=1.124688e+00  minρ=6.905e-06  σ=3.088695e+00  Rc=6.427975e+00
 step=  4800  E=5.740796099661e+02  Q=1.364000000000e+03  λ=8.873263e-01  maxρ=1.119564e+00  minρ=6.867e-06  σ=3.088694e+00  Rc=6.427975e+00
 step=  5100  E=5.723827892403e+02  Q=1.364000000000e+03  λ=8.416386e-01  maxρ=1.120387e+00  minρ=6.845e-06  σ=3.088694e+00  Rc=6.427974e+00
 step=  5400  E=5.705182881742e+02  Q=1.364000000000e+03  λ=8.321746e-01  maxρ=1.121552e+00  minρ=6.838e-06  σ=3.088694e+00  Rc=6.427972e+00
 step=  5700  E=5.705803644869e+02  Q=1.364000000000e+03  λ=8.631737e-01  maxρ=1.121487e+00  minρ=6.839e-06  σ=3.088694e+00  Rc=6.427973e+00
 step=  6000  E=5.716821459815e+02  Q=1.364000000000e+03  λ=8.844510e-01  maxρ=1.120576e+00  minρ=6.845e-06  σ=3.088694e+00  Rc=6.427976e+00
 >>> No runaway detected in this horizon. Likely stable (within this model & box).

STABILITY: PASS
