
=== Aggressive relaxation to Q = 1778 ===
Initial: E=1.861320701203e+03, Q=1.778000000000e+03, dt=1.000e-04
 step=     1  E=1.861250446273e+03  Q=1.778000000000e+03  λ=2.222595e+00  dt=1.000e-04  relΔE=3.774e-05  ||F||=6.291e-01
 step=   500  E=1.788370646688e+03  Q=1.778000000000e+03  λ=2.089628e+00  dt=6.192e-04  relΔE=1.334e-04  ||F||=5.104e-01
 step=  1000  E=1.642433699277e+03  Q=1.778000000000e+03  λ=1.846926e+00  dt=9.584e-04  relΔE=1.197e-04  ||F||=3.722e-01
 step=  1500  E=1.545136297777e+03  Q=1.778000000000e+03  λ=1.702658e+00  dt=7.418e-04  relΔE=7.255e-05  ||F||=3.196e-01
 step=  2000  E=1.474516485572e+03  Q=1.778000000000e+03  λ=1.604756e+00  dt=1.148e-03  relΔE=9.090e-05  ||F||=2.808e-01
 step=  2500  E=1.416470646902e+03  Q=1.778000000000e+03  λ=1.527378e+00  dt=8.887e-04  relΔE=5.992e-05  ||F||=2.539e-01
 step=  3000  E=1.367403969670e+03  Q=1.778000000000e+03  λ=1.464014e+00  dt=1.376e-03  relΔE=7.741e-05  ||F||=5.861e-01
 step=  3500  E=1.328081864287e+03  Q=1.778000000000e+03  λ=1.413985e+00  dt=1.065e-03  relΔE=5.441e-05  ||F||=2.141e-01
 step=  4000  E=1.293133280123e+03  Q=1.778000000000e+03  λ=1.370355e+00  dt=8.241e-04  relΔE=3.726e-05  ||F||=1.987e-01
 step=  4500  E=1.262976067841e+03  Q=1.778000000000e+03  λ=1.333256e+00  dt=1.276e-03  relΔE=5.123e-05  ||F||=1.852e-01
 step=  5000  E=1.237269385228e+03  Q=1.778000000000e+03  λ=1.301941e+00  dt=9.873e-04  relΔE=3.564e-05  ||F||=1.736e-01
 step=  5500  E=1.213711704554e+03  Q=1.778000000000e+03  λ=1.273529e+00  dt=7.641e-04  relΔE=2.510e-05  ||F||=1.641e-01
 step=  6000  E=1.193409857415e+03  Q=1.778000000000e+03  λ=1.249281e+00  dt=1.183e-03  relΔE=3.495e-05  ||F||=1.543e-01
 step=  6500  E=1.175074472824e+03  Q=1.778000000000e+03  λ=1.227520e+00  dt=9.154e-04  relΔE=2.470e-05  ||F||=1.463e-01
 step=  7000  E=1.158029231539e+03  Q=1.778000000000e+03  λ=1.207539e+00  dt=7.085e-04  relΔE=2.777e-05  ||F||=4.865e-01
 step=  7500  E=1.143432942009e+03  Q=1.778000000000e+03  λ=1.190368e+00  dt=1.097e-03  relΔE=2.503e-05  ||F||=1.327e-01
 step=  8000  E=1.129540550199e+03  Q=1.778000000000e+03  λ=1.174199e+00  dt=8.488e-04  relΔE=1.798e-05  ||F||=1.271e-01
 step=  8500  E=1.116799792290e+03  Q=1.778000000000e+03  λ=1.159475e+00  dt=1.314e-03  relΔE=2.587e-05  ||F||=1.230e-01
 step=  9000  E=1.105657125402e+03  Q=1.778000000000e+03  λ=1.146643e+00  dt=8.475e-04  relΔE=1.568e-05  ||F||=1.175e-01
 step=  9500  E=1.094594083911e+03  Q=1.778000000000e+03  λ=1.133989e+00  dt=1.312e-03  relΔE=2.285e-05  ||F||=1.141e-01
 step= 10000  E=1.084585179318e+03  Q=1.778000000000e+03  λ=1.122580e+00  dt=1.015e-03  relΔE=1.678e-05  ||F||=1.100e-01
 step= 10500  E=1.074875732823e+03  Q=1.778000000000e+03  λ=1.111564e+00  dt=7.858e-04  relΔE=1.245e-05  ||F||=1.072e-01
 step= 11000  E=1.065796735047e+03  Q=1.778000000000e+03  λ=1.101317e+00  dt=1.216e-03  relΔE=1.840e-05  ||F||=1.043e-01
 step= 11500  E=1.057204236882e+03  Q=1.778000000000e+03  λ=1.091642e+00  dt=9.414e-04  relΔE=1.377e-05  ||F||=1.022e-01
 step= 12000  E=1.048608409732e+03  Q=1.778000000000e+03  λ=1.081993e+00  dt=7.286e-04  relΔE=1.104e-05  ||F||=1.037e-01
 step= 12500  E=1.040702140772e+03  Q=1.778000000000e+03  λ=1.073147e+00  dt=1.128e-03  relΔE=1.575e-05  ||F||=9.905e-02
 step= 13000  E=1.032735154727e+03  Q=1.778000000000e+03  λ=1.064233e+00  dt=8.730e-04  relΔE=1.206e-05  ||F||=9.812e-02
 step= 13500  E=1.024798827392e+03  Q=1.778000000000e+03  λ=1.055368e+00  dt=1.351e-03  relΔE=1.854e-05  ||F||=1.116e-01
 step= 14000  E=1.017222365260e+03  Q=1.778000000000e+03  λ=1.046882e+00  dt=1.046e-03  relΔE=1.443e-05  ||F||=9.731e-02
 step= 14500  E=1.009417607514e+03  Q=1.778000000000e+03  λ=1.038125e+00  dt=8.095e-04  relΔE=1.131e-05  ||F||=9.758e-02
 step= 15000  E=1.001587307453e+03  Q=1.778000000000e+03  λ=1.029320e+00  dt=1.253e-03  relΔE=1.778e-05  ||F||=9.795e-02
 step= 15500  E=9.938390207841e+02  Q=1.778000000000e+03  λ=1.020559e+00  dt=9.698e-04  relΔE=1.407e-05  ||F||=9.866e-02
 step= 16000  E=9.856397812964e+02  Q=1.778000000000e+03  λ=1.011242e+00  dt=7.506e-04  relΔE=1.134e-05  ||F||=1.003e-01
 step= 16500  E=9.775728301930e+02  Q=1.778000000000e+03  λ=1.002035e+00  dt=1.162e-03  relΔE=1.786e-05  ||F||=1.007e-01
 step= 17000  E=9.692053089245e+02  Q=1.778000000000e+03  λ=9.924191e-01  dt=8.992e-04  relΔE=1.426e-05  ||F||=1.019e-01
 step= 17500  E=9.604199966659e+02  Q=1.778000000000e+03  λ=9.823683e-01  dt=1.392e-03  relΔE=1.994e-05  ||F||=4.543e-01
 step= 18000  E=9.519527774135e+02  Q=1.778000000000e+03  λ=9.724573e-01  dt=1.077e-03  relΔE=1.802e-05  ||F||=1.037e-01
 step= 18500  E=9.430642738507e+02  Q=1.778000000000e+03  λ=9.621115e-01  dt=8.338e-04  relΔE=1.420e-05  ||F||=1.041e-01
 step= 19000  E=9.341514794115e+02  Q=1.778000000000e+03  λ=9.517347e-01  dt=1.291e-03  relΔE=2.209e-05  ||F||=1.040e-01
 step= 19500  E=9.255511026669e+02  Q=1.778000000000e+03  λ=9.417123e-01  dt=9.989e-04  relΔE=1.697e-05  ||F||=1.030e-01
 step= 20000  E=9.168975835060e+02  Q=1.778000000000e+03  λ=9.316558e-01  dt=7.731e-04  relΔE=1.289e-05  ||F||=1.016e-01
 step= 20500  E=9.087802920631e+02  Q=1.778000000000e+03  λ=9.222796e-01  dt=1.197e-03  relΔE=1.899e-05  ||F||=9.866e-02
 step= 21000  E=9.011690256370e+02  Q=1.778000000000e+03  λ=9.135396e-01  dt=9.263e-04  relΔE=1.379e-05  ||F||=9.518e-02
 step= 21500  E=8.939058348292e+02  Q=1.778000000000e+03  λ=9.052824e-01  dt=7.169e-04  relΔE=1.088e-05  ||F||=9.619e-02
 step= 22000  E=8.877282704592e+02  Q=1.778000000000e+03  λ=8.983485e-01  dt=1.110e-03  relΔE=1.360e-05  ||F||=8.570e-02
 step= 22500  E=8.820712331796e+02  Q=1.778000000000e+03  λ=8.920819e-01  dt=8.589e-04  relΔE=9.240e-06  ||F||=8.003e-02
 step= 23000  E=8.771730209752e+02  Q=1.778000000000e+03  λ=8.867545e-01  dt=1.329e-03  relΔE=1.224e-05  ||F||=7.648e-02
 step= 23500  E=8.731585126121e+02  Q=1.778000000000e+03  λ=8.824664e-01  dt=1.029e-03  relΔE=8.007e-06  ||F||=6.772e-02
 step= 24000  E=8.697241390069e+02  Q=1.778000000000e+03  λ=8.788808e-01  dt=7.964e-04  relΔE=5.130e-06  ||F||=6.149e-02
 step= 24500  E=8.669395914625e+02  Q=1.778000000000e+03  λ=8.760529e-01  dt=1.233e-03  relΔE=6.429e-06  ||F||=5.524e-02
 step= 25000  E=8.647394374655e+02  Q=1.778000000000e+03  λ=8.738825e-01  dt=9.541e-04  relΔE=3.999e-06  ||F||=4.946e-02
 step= 25500  E=8.629224549962e+02  Q=1.778000000000e+03  λ=8.721540e-01  dt=7.385e-04  relΔE=2.487e-06  ||F||=4.430e-02
 step= 26000  E=8.615615047342e+02  Q=1.778000000000e+03  λ=8.709143e-01  dt=1.143e-03  relΔE=2.955e-06  ||F||=3.877e-02
 step= 26500  E=8.604775412957e+02  Q=1.778000000000e+03  λ=8.699738e-01  dt=8.847e-04  relΔE=1.768e-06  ||F||=3.407e-02
 step= 27000  E=8.596297219652e+02  Q=1.778000000000e+03  λ=8.692839e-01  dt=1.369e-03  relΔE=2.052e-06  ||F||=5.694e-02
 step= 27500  E=8.590131321409e+02  Q=1.778000000000e+03  λ=8.688154e-01  dt=1.060e-03  relΔE=1.237e-06  ||F||=2.601e-02
 step= 28000  E=8.585280176543e+02  Q=1.778000000000e+03  λ=8.684795e-01  dt=8.203e-04  relΔE=7.233e-07  ||F||=2.260e-02
 step= 28500  E=8.581764748361e+02  Q=1.778000000000e+03  λ=8.682623e-01  dt=1.058e-03  relΔE=7.081e-07  ||F||=1.968e-02
 step= 29000  E=8.579002138609e+02  Q=1.778000000000e+03  λ=8.681146e-01  dt=8.190e-04  relΔE=4.104e-07  ||F||=1.703e-02
 step= 29500  E=8.577013718632e+02  Q=1.778000000000e+03  λ=8.680272e-01  dt=1.056e-03  relΔE=3.987e-07  ||F||=1.478e-02
 step= 30000  E=8.575459814754e+02  Q=1.778000000000e+03  λ=8.679755e-01  dt=8.177e-04  relΔE=2.297e-07  ||F||=1.275e-02
 step= 30500  E=8.574350765424e+02  Q=1.778000000000e+03  λ=8.679520e-01  dt=1.055e-03  relΔE=2.219e-07  ||F||=1.103e-02
 step= 31000  E=8.573486547130e+02  Q=1.778000000000e+03  λ=8.679454e-01  dt=8.164e-04  relΔE=1.273e-07  ||F||=9.493e-03
 step= 31500  E=8.572848545114e+02  Q=1.778000000000e+03  λ=8.679504e-01  dt=1.264e-03  relΔE=1.453e-07  ||F||=8.156e-03
 step= 32000  E=8.572386708108e+02  Q=1.778000000000e+03  λ=8.679619e-01  dt=9.780e-04  relΔE=8.364e-08  ||F||=7.030e-03
 step= 32500  E=8.572031994258e+02  Q=1.778000000000e+03  λ=8.679775e-01  dt=7.570e-04  relΔE=4.836e-08  ||F||=6.076e-03
 step= 33000  E=8.571779421580e+02  Q=1.778000000000e+03  λ=8.679940e-01  dt=1.172e-03  relΔE=5.466e-08  ||F||=5.191e-03
 step= 33500  E=8.571589651021e+02  Q=1.778000000000e+03  λ=8.680108e-01  dt=9.069e-04  relΔE=3.130e-08  ||F||=4.465e-03
 step= 34000  E=8.571445889736e+02  Q=1.778000000000e+03  λ=8.680275e-01  dt=1.404e-03  relΔE=2.380e-08  ||F||=2.655e-02
 step= 34500  E=8.571345272741e+02  Q=1.778000000000e+03  λ=8.680414e-01  dt=1.086e-03  relΔE=2.053e-08  ||F||=3.304e-03
 step= 35000  E=8.571267647281e+02  Q=1.778000000000e+03  λ=8.680547e-01  dt=8.409e-04  relΔE=1.175e-08  ||F||=2.842e-03
 step= 35500  E=8.571210193920e+02  Q=1.778000000000e+03  λ=8.680664e-01  dt=1.302e-03  relΔE=1.345e-08  ||F||=2.451e-03
 step= 36000  E=8.571168683199e+02  Q=1.778000000000e+03  λ=8.680762e-01  dt=1.007e-03  relΔE=7.775e-09  ||F||=2.112e-03
 step= 36500  E=8.571136774241e+02  Q=1.778000000000e+03  λ=8.680848e-01  dt=7.797e-04  relΔE=4.478e-09  ||F||=1.822e-03
 step= 37000  E=8.571113459505e+02  Q=1.778000000000e+03  λ=8.680919e-01  dt=1.207e-03  relΔE=5.153e-09  ||F||=1.572e-03
 step= 37500  E=8.571096151402e+02  Q=1.778000000000e+03  λ=8.680978e-01  dt=9.342e-04  relΔE=2.989e-09  ||F||=1.361e-03
 step= 38000  E=8.571082723584e+02  Q=1.778000000000e+03  λ=8.681028e-01  dt=7.230e-04  relΔE=1.856e-09  ||F||=1.222e-03
 step= 38500  E=8.571073202605e+02  Q=1.778000000000e+03  λ=8.681066e-01  dt=1.119e-03  relΔE=2.011e-09  ||F||=1.022e-03
 step= 39000  E=8.571065783605e+02  Q=1.778000000000e+03  λ=8.681098e-01  dt=8.662e-04  relΔE=1.170e-09  ||F||=8.868e-04
 step= 39500  E=8.571060162009e+02  Q=1.778000000000e+03  λ=8.681123e-01  dt=1.341e-03  relΔE=1.358e-09  ||F||=8.153e-04
 step= 40000  E=8.571056062680e+02  Q=1.778000000000e+03  λ=8.681142e-01  dt=1.038e-03  relΔE=7.999e-10  ||F||=6.722e-04
 step= 40500  E=8.571052859514e+02  Q=1.778000000000e+03  λ=8.681157e-01  dt=8.032e-04  relΔE=4.697e-10  ||F||=5.868e-04
 step= 41000  E=8.571050447395e+02  Q=1.778000000000e+03  λ=8.681167e-01  dt=1.243e-03  relΔE=5.501e-10  ||F||=5.120e-04
 step= 41500  E=8.571048645119e+02  Q=1.778000000000e+03  λ=8.681175e-01  dt=9.623e-04  relΔE=3.258e-10  ||F||=4.493e-04
 step= 42000  E=8.571047217667e+02  Q=1.778000000000e+03  λ=8.681179e-01  dt=7.448e-04  relΔE=1.948e-10  ||F||=3.965e-04
 step= 42500  E=8.571046170917e+02  Q=1.778000000000e+03  λ=8.681182e-01  dt=1.153e-03  relΔE=2.277e-10  ||F||=3.464e-04
 step= 43000  E=8.571045352500e+02  Q=1.778000000000e+03  λ=8.681183e-01  dt=8.923e-04  relΔE=1.351e-10  ||F||=3.051e-04
 step= 43500  E=8.571044711780e+02  Q=1.778000000000e+03  λ=8.681183e-01  dt=1.381e-03  relΔE=1.537e-10  ||F||=6.712e-04
 step= 44000  E=8.571044244698e+02  Q=1.778000000000e+03  λ=8.681182e-01  dt=1.069e-03  relΔE=9.549e-11  ||F||=2.380e-04
 step= 44500  E=8.571043871370e+02  Q=1.778000000000e+03  λ=8.681179e-01  dt=8.273e-04  relΔE=5.673e-11  ||F||=2.106e-04
 step= 45000  E=8.571043584790e+02  Q=1.778000000000e+03  λ=8.681177e-01  dt=1.281e-03  relΔE=6.727e-11  ||F||=1.867e-04
 step= 45500  E=8.571043370390e+02  Q=1.778000000000e+03  λ=8.681174e-01  dt=9.912e-04  relΔE=4.017e-11  ||F||=1.661e-04
 step= 46000  E=8.571043199800e+02  Q=1.778000000000e+03  λ=8.681170e-01  dt=7.672e-04  relΔE=2.399e-11  ||F||=1.481e-04
 step= 46500  E=8.571043072961e+02  Q=1.778000000000e+03  λ=8.681167e-01  dt=1.188e-03  relΔE=2.816e-11  ||F||=1.316e-04
 step= 47000  E=8.571042975553e+02  Q=1.778000000000e+03  λ=8.681164e-01  dt=9.191e-04  relΔE=1.663e-11  ||F||=1.175e-04
 step= 47500  E=8.571042899118e+02  Q=1.778000000000e+03  λ=8.681160e-01  dt=7.113e-04  relΔE=1.178e-11  ||F||=1.175e-04
 step= 48000  E=8.571042844713e+02  Q=1.778000000000e+03  λ=8.681156e-01  dt=1.101e-03  relΔE=1.134e-11  ||F||=9.391e-05
 step= 48500  E=8.571042802335e+02  Q=1.778000000000e+03  λ=8.681153e-01  dt=8.522e-04  relΔE=6.517e-12  ||F||=8.406e-05
 step= 49000  E=8.571042771018e+02  Q=1.778000000000e+03  λ=8.681150e-01  dt=1.319e-03  relΔE=7.358e-12  ||F||=7.594e-05
 step= 49500  E=8.571042748929e+02  Q=1.778000000000e+03  λ=8.681146e-01  dt=1.021e-03  relΔE=4.117e-12  ||F||=6.767e-05
 step= 50000  E=8.571042732767e+02  Q=1.778000000000e+03  λ=8.681143e-01  dt=7.902e-04  relΔE=2.225e-12  ||F||=6.077e-05
 step= 50500  E=8.571042721835e+02  Q=1.778000000000e+03  λ=8.681141e-01  dt=1.223e-03  relΔE=2.290e-12  ||F||=5.459e-05
 step= 51000  E=8.571042714844e+02  Q=1.778000000000e+03  λ=8.681138e-01  dt=9.467e-04  relΔE=1.107e-12  ||F||=4.918e-05
 step= 51500  E=8.571042710734e+02  Q=1.778000000000e+03  λ=8.681135e-01  dt=1.221e-03  relΔE=7.786e-13  ||F||=4.438e-05
 step= 52000  E=8.571042708752e+02  Q=1.778000000000e+03  λ=8.681133e-01  dt=9.452e-04  relΔE=2.187e-13  ||F||=4.002e-05
  !! dt fell below dt_min: stiffness-limited termination.

Stationary candidate (aggressive): E=8.571042708369e+02, Q=1.778000000000e+03, maxρ=1.030853e+00

=== Stability test (damped inertial dynamics) ===
Perturb eps=0.02, gamma=1
t=0: E=9.440665381563e+02, Q=1.778000000000e+03, maxρ=1.065377e+00, σ=2.572503e+00, Rc=1.850173e+01
 step=     1  E=9.440661009627e+02  Q=1.778000000000e+03  λ=1.255095e+00  maxρ=1.065377e+00  minρ=1.215e-15  σ=2.572503e+00  Rc=1.850173e+01
 step=   300  E=9.261399491109e+02  Q=1.778000000000e+03  λ=1.152021e+00  maxρ=1.063568e+00  minρ=1.140e-15  σ=2.572501e+00  Rc=1.850174e+01
 step=   600  E=8.900841043492e+02  Q=1.778000000000e+03  λ=9.653669e-01  maxρ=1.058469e+00  minρ=1.000e-15  σ=2.572495e+00  Rc=1.850174e+01
 step=   900  E=8.689714718741e+02  Q=1.778000000000e+03  λ=9.058519e-01  maxρ=1.050928e+00  minρ=1.000e-15  σ=2.572494e+00  Rc=1.850174e+01
 step=  1200  E=8.769946671937e+02  Q=1.778000000000e+03  λ=1.013432e+00  maxρ=1.047566e+00  minρ=1.000e-15  σ=2.572496e+00  Rc=1.850173e+01
 step=  1500  E=8.986229334306e+02  Q=1.778000000000e+03  λ=1.130191e+00  maxρ=1.052604e+00  minρ=1.000e-15  σ=2.572498e+00  Rc=1.850173e+01
 step=  1800  E=9.097006695427e+02  Q=1.778000000000e+03  λ=1.116281e+00  maxρ=1.055971e+00  minρ=1.000e-15  σ=2.572496e+00  Rc=1.850173e+01
 step=  2100  E=9.032396452540e+02  Q=1.778000000000e+03  λ=1.014809e+00  maxρ=1.050593e+00  minρ=1.000e-15  σ=2.572492e+00  Rc=1.850173e+01
 step=  2400  E=8.918164117618e+02  Q=1.778000000000e+03  λ=9.677607e-01  maxρ=1.039740e+00  minρ=1.000e-15  σ=2.572493e+00  Rc=1.850173e+01
 step=  2700  E=8.889691622163e+02  Q=1.778000000000e+03  λ=1.022562e+00  maxρ=1.045656e+00  minρ=1.000e-15  σ=2.572496e+00  Rc=1.850173e+01
 step=  3000  E=8.944749401302e+02  Q=1.778000000000e+03  λ=1.088703e+00  maxρ=1.058787e+00  minρ=1.000e-15  σ=2.572497e+00  Rc=1.850173e+01
 step=  3300  E=8.986807156118e+02  Q=1.778000000000e+03  λ=1.076450e+00  maxρ=1.061500e+00  minρ=1.000e-15  σ=2.572493e+00  Rc=1.850173e+01
 step=  3600  E=8.961910119881e+02  Q=1.778000000000e+03  λ=1.011661e+00  maxρ=1.053613e+00  minρ=1.000e-15  σ=2.572489e+00  Rc=1.850173e+01
 step=  3900  E=8.909205603082e+02  Q=1.778000000000e+03  λ=9.827005e-01  maxρ=1.053425e+00  minρ=1.000e-15  σ=2.572489e+00  Rc=1.850173e+01
 step=  4200  E=8.889519899639e+02  Q=1.778000000000e+03  λ=1.015439e+00  maxρ=1.049759e+00  minρ=1.000e-15  σ=2.572493e+00  Rc=1.850172e+01
 step=  4500  E=8.908128667885e+02  Q=1.778000000000e+03  λ=1.051031e+00  maxρ=1.047174e+00  minρ=1.000e-15  σ=2.572494e+00  Rc=1.850172e+01
 step=  4800  E=8.924928080251e+02  Q=1.778000000000e+03  λ=1.038500e+00  maxρ=1.051938e+00  minρ=1.000e-15  σ=2.572491e+00  Rc=1.850172e+01
 step=  5100  E=8.915768140545e+02  Q=1.778000000000e+03  λ=1.000690e+00  maxρ=1.052911e+00  minρ=1.000e-15  σ=2.572486e+00  Rc=1.850172e+01
 step=  5400  E=8.896031775512e+02  Q=1.778000000000e+03  λ=9.905694e-01  maxρ=1.051663e+00  minρ=1.000e-15  σ=2.572484e+00  Rc=1.850172e+01
 step=  5700  E=8.888298891570e+02  Q=1.778000000000e+03  λ=1.014708e+00  maxρ=1.048064e+00  minρ=1.000e-15  σ=2.572486e+00  Rc=1.850171e+01
 step=  6000  E=8.891321463118e+02  Q=1.778000000000e+03  λ=1.032223e+00  maxρ=1.045467e+00  minρ=1.000e-15  σ=2.572487e+00  Rc=1.850171e+01
 >>> No runaway detected in this horizon. Likely stable (within this model & box).

STABILITY: PASS
