
=== Aggressive relaxation to Q = 1346 ===
Initial: E=1.393726691031e+03, Q=1.346000000000e+03, dt=1.000e-04
 step=     1  E=1.393688271882e+03  Q=1.346000000000e+03  λ=2.112392e+00  dt=1.000e-04  relΔE=2.757e-05  ||F||=5.347e-01
 step=   500  E=1.351365958212e+03  Q=1.346000000000e+03  λ=2.019959e+00  dt=6.192e-04  relΔE=1.079e-04  ||F||=4.587e-01
 step=  1000  E=1.255982076814e+03  Q=1.346000000000e+03  λ=1.828347e+00  dt=9.584e-04  relΔE=1.075e-04  ||F||=3.546e-01
 step=  1500  E=1.187793843686e+03  Q=1.346000000000e+03  λ=1.703711e+00  dt=7.418e-04  relΔE=6.695e-05  ||F||=3.093e-01
 step=  2000  E=1.136954610834e+03  Q=1.346000000000e+03  λ=1.615807e+00  dt=1.148e-03  relΔE=8.568e-05  ||F||=2.751e-01
 step=  2500  E=1.094368291464e+03  Q=1.346000000000e+03  λ=1.544539e+00  dt=8.887e-04  relΔE=5.714e-05  ||F||=2.505e-01
 step=  3000  E=1.058017657443e+03  Q=1.346000000000e+03  λ=1.485350e+00  dt=1.376e-03  relΔE=7.477e-05  ||F||=5.573e-01
 step=  3500  E=1.028565029360e+03  Q=1.346000000000e+03  λ=1.437975e+00  dt=1.065e-03  relΔE=5.277e-05  ||F||=2.132e-01
 step=  4000  E=1.002257360908e+03  Q=1.346000000000e+03  λ=1.396357e+00  dt=8.241e-04  relΔE=3.633e-05  ||F||=1.985e-01
 step=  4500  E=9.793462226962e+02  Q=1.346000000000e+03  λ=1.360581e+00  dt=1.276e-03  relΔE=5.027e-05  ||F||=1.856e-01
 step=  5000  E=9.597107045430e+02  Q=1.346000000000e+03  λ=1.330180e+00  dt=9.873e-04  relΔE=3.513e-05  ||F||=1.745e-01
 step=  5500  E=9.416619206795e+02  Q=1.346000000000e+03  λ=1.302483e+00  dt=7.641e-04  relΔE=2.483e-05  ||F||=1.652e-01
 step=  6000  E=9.260471213495e+02  Q=1.346000000000e+03  λ=1.278732e+00  dt=1.183e-03  relΔE=3.470e-05  ||F||=1.557e-01
 step=  6500  E=9.120464476499e+02  Q=1.346000000000e+03  λ=1.257549e+00  dt=7.629e-04  relΔE=2.078e-05  ||F||=1.488e-01
 step=  7000  E=8.993301786648e+02  Q=1.346000000000e+03  λ=1.238460e+00  dt=1.181e-03  relΔE=2.924e-05  ||F||=1.409e-01
 step=  7500  E=8.876686478026e+02  Q=1.346000000000e+03  λ=1.221036e+00  dt=9.140e-04  relΔE=2.093e-05  ||F||=1.346e-01
 step=  8000  E=8.766579468656e+02  Q=1.346000000000e+03  λ=1.204756e+00  dt=7.074e-04  relΔE=2.245e-05  ||F||=4.143e-01
 step=  8500  E=8.670881162412e+02  Q=1.346000000000e+03  λ=1.190560e+00  dt=1.095e-03  relΔE=2.174e-05  ||F||=1.239e-01
 step=  9000  E=8.579844812952e+02  Q=1.346000000000e+03  λ=1.177177e+00  dt=7.062e-04  relΔE=1.320e-05  ||F||=1.196e-01
 step=  9500  E=8.496753842421e+02  Q=1.346000000000e+03  λ=1.165041e+00  dt=1.093e-03  relΔE=1.926e-05  ||F||=1.155e-01
 step= 10000  E=8.416033101444e+02  Q=1.346000000000e+03  λ=1.153295e+00  dt=8.461e-04  relΔE=1.416e-05  ||F||=1.121e-01
 step= 10500  E=8.339912967247e+02  Q=1.346000000000e+03  λ=1.142286e+00  dt=1.310e-03  relΔE=2.090e-05  ||F||=1.098e-01
 step= 11000  E=8.269669218910e+02  Q=1.346000000000e+03  λ=1.132158e+00  dt=1.014e-03  relΔE=1.556e-05  ||F||=1.064e-01
 step= 11500  E=8.200338197799e+02  Q=1.346000000000e+03  λ=1.122203e+00  dt=7.845e-04  relΔE=1.170e-05  ||F||=1.044e-01
 step= 12000  E=8.134617964190e+02  Q=1.346000000000e+03  λ=1.112809e+00  dt=1.214e-03  relΔE=1.755e-05  ||F||=1.024e-01
 step= 12500  E=8.071501603220e+02  Q=1.346000000000e+03  λ=1.103799e+00  dt=9.399e-04  relΔE=1.333e-05  ||F||=1.010e-01
 step= 13000  E=8.007333274493e+02  Q=1.346000000000e+03  λ=1.094656e+00  dt=7.275e-04  relΔE=1.095e-05  ||F||=1.038e-01
 step= 13500  E=7.947521226721e+02  Q=1.346000000000e+03  λ=1.086145e+00  dt=1.126e-03  relΔE=1.569e-05  ||F||=9.936e-02
 step= 14000  E=7.886360224336e+02  Q=1.346000000000e+03  λ=1.077424e+00  dt=8.715e-04  relΔE=1.217e-05  ||F||=9.909e-02
 step= 14500  E=7.824724526587e+02  Q=1.346000000000e+03  λ=1.068626e+00  dt=1.349e-03  relΔE=1.895e-05  ||F||=1.127e-01
 step= 15000  E=7.765227697129e+02  Q=1.346000000000e+03  λ=1.060085e+00  dt=1.044e-03  relΔE=1.489e-05  ||F||=9.937e-02
 step= 15500  E=7.703385467849e+02  Q=1.346000000000e+03  λ=1.051162e+00  dt=8.081e-04  relΔE=1.176e-05  ||F||=9.999e-02
 step= 16000  E=7.640936658169e+02  Q=1.346000000000e+03  λ=1.042099e+00  dt=1.251e-03  relΔE=1.859e-05  ||F||=1.006e-01
 step= 16500  E=7.578870035947e+02  Q=1.346000000000e+03  λ=1.033008e+00  dt=9.682e-04  relΔE=1.474e-05  ||F||=1.014e-01
 step= 17000  E=7.513352900528e+02  Q=1.346000000000e+03  λ=1.023326e+00  dt=7.493e-04  relΔE=1.187e-05  ||F||=1.030e-01
 step= 17500  E=7.449321807246e+02  Q=1.346000000000e+03  λ=1.013784e+00  dt=1.160e-03  relΔE=1.853e-05  ||F||=1.030e-01
 step= 18000  E=7.383390382699e+02  Q=1.346000000000e+03  λ=1.003852e+00  dt=8.978e-04  relΔE=1.461e-05  ||F||=1.035e-01
 step= 18500  E=7.315403075451e+02  Q=1.346000000000e+03  λ=9.935721e-01  dt=1.390e-03  relΔE=2.138e-05  ||F||=3.410e-01
 step= 19000  E=7.251102516806e+02  Q=1.346000000000e+03  λ=9.836586e-01  dt=1.076e-03  relΔE=1.772e-05  ||F||=1.032e-01
 step= 19500  E=7.185360023746e+02  Q=1.346000000000e+03  λ=9.734900e-01  dt=8.324e-04  relΔE=1.357e-05  ||F||=1.022e-01
 step= 20000  E=7.121437391242e+02  Q=1.346000000000e+03  λ=9.635443e-01  dt=1.289e-03  relΔE=2.041e-05  ||F||=1.004e-01
 step= 20500  E=7.061806571505e+02  Q=1.346000000000e+03  λ=9.541985e-01  dt=9.973e-04  relΔE=1.512e-05  ||F||=9.771e-02
 step= 21000  E=7.003927282934e+02  Q=1.346000000000e+03  λ=9.450855e-01  dt=7.719e-04  relΔE=1.107e-05  ||F||=9.465e-02
 step= 21500  E=6.951844741658e+02  Q=1.346000000000e+03  λ=9.368650e-01  dt=1.195e-03  relΔE=1.562e-05  ||F||=9.000e-02
 step= 22000  E=6.904825583277e+02  Q=1.346000000000e+03  λ=9.294160e-01  dt=9.248e-04  relΔE=1.089e-05  ||F||=8.514e-02
 step= 22500  E=6.861658116825e+02  Q=1.346000000000e+03  λ=9.225691e-01  dt=7.157e-04  relΔE=8.725e-06  ||F||=8.785e-02
 step= 23000  E=6.826309292519e+02  Q=1.346000000000e+03  λ=9.169644e-01  dt=1.108e-03  relΔE=9.922e-06  ||F||=7.383e-02
 step= 23500  E=6.795079819650e+02  Q=1.346000000000e+03  λ=9.120093e-01  dt=8.575e-04  relΔE=6.500e-06  ||F||=6.777e-02
 step= 24000  E=6.768949453132e+02  Q=1.346000000000e+03  λ=9.078735e-01  dt=1.327e-03  relΔE=8.332e-06  ||F||=6.290e-02
 step= 24500  E=6.748100555340e+02  Q=1.346000000000e+03  λ=9.045751e-01  dt=1.027e-03  relΔE=5.291e-06  ||F||=5.566e-02
 step= 25000  E=6.730755862814e+02  Q=1.346000000000e+03  λ=9.018392e-01  dt=7.951e-04  relΔE=3.300e-06  ||F||=4.990e-02
 step= 25500  E=6.717035024977e+02  Q=1.346000000000e+03  λ=8.996850e-01  dt=1.231e-03  relΔE=4.043e-06  ||F||=4.435e-02
 step= 26000  E=6.706384732396e+02  Q=1.346000000000e+03  λ=8.980177e-01  dt=9.526e-04  relΔE=2.465e-06  ||F||=3.933e-02
 step= 26500  E=6.697749786641e+02  Q=1.346000000000e+03  λ=8.966732e-01  dt=7.373e-04  relΔE=1.519e-06  ||F||=3.509e-02
 step= 27000  E=6.691395195201e+02  Q=1.346000000000e+03  λ=8.956908e-01  dt=1.141e-03  relΔE=1.764e-06  ||F||=3.036e-02
 step= 27500  E=6.686391694242e+02  Q=1.346000000000e+03  λ=8.949218e-01  dt=8.833e-04  relΔE=1.042e-06  ||F||=2.651e-02
 step= 28000  E=6.682523492134e+02  Q=1.346000000000e+03  λ=8.943335e-01  dt=1.367e-03  relΔE=1.200e-06  ||F||=4.040e-02
 step= 28500  E=6.679737387241e+02  Q=1.346000000000e+03  λ=8.939125e-01  dt=1.058e-03  relΔE=7.143e-07  ||F||=2.004e-02
 step= 29000  E=6.677564257402e+02  Q=1.346000000000e+03  λ=8.935882e-01  dt=8.190e-04  relΔE=4.142e-07  ||F||=1.734e-02
 step= 29500  E=6.675943482350e+02  Q=1.346000000000e+03  λ=8.933499e-01  dt=1.268e-03  relΔE=4.774e-07  ||F||=1.497e-02
 step= 30000  E=6.674762212784e+02  Q=1.346000000000e+03  λ=8.931785e-01  dt=9.812e-04  relΔE=2.763e-07  ||F||=1.294e-02
 step= 30500  E=6.673851664469e+02  Q=1.346000000000e+03  λ=8.930489e-01  dt=7.594e-04  relΔE=1.601e-07  ||F||=1.119e-02
 step= 31000  E=6.673200466016e+02  Q=1.346000000000e+03  λ=8.929582e-01  dt=1.176e-03  relΔE=1.813e-07  ||F||=9.568e-03
 step= 31500  E=6.672713260023e+02  Q=1.346000000000e+03  λ=8.928919e-01  dt=9.098e-04  relΔE=1.037e-07  ||F||=8.224e-03
 step= 32000  E=6.672344809178e+02  Q=1.346000000000e+03  λ=8.928455e-01  dt=1.408e-03  relΔE=3.080e-08  ||F||=7.192e-02
 step= 32500  E=6.672087193033e+02  Q=1.346000000000e+03  λ=8.928104e-01  dt=1.090e-03  relΔE=6.733e-08  ||F||=6.051e-03
 step= 33000  E=6.671890431482e+02  Q=1.346000000000e+03  λ=8.927863e-01  dt=8.436e-04  relΔE=3.821e-08  ||F||=5.180e-03
 step= 33500  E=6.671746205230e+02  Q=1.346000000000e+03  λ=8.927695e-01  dt=1.306e-03  relΔE=4.322e-08  ||F||=4.453e-03
 step= 34000  E=6.671643298731e+02  Q=1.346000000000e+03  λ=8.927582e-01  dt=1.011e-03  relΔE=2.466e-08  ||F||=3.799e-03
 step= 34500  E=6.671565499163e+02  Q=1.346000000000e+03  λ=8.927502e-01  dt=7.823e-04  relΔE=1.399e-08  ||F||=3.251e-03
 step= 35000  E=6.671509473609e+02  Q=1.346000000000e+03  λ=8.927450e-01  dt=1.211e-03  relΔE=1.580e-08  ||F||=2.775e-03
 step= 35500  E=6.671468672029e+02  Q=1.346000000000e+03  λ=8.927416e-01  dt=9.372e-04  relΔE=8.977e-09  ||F||=2.376e-03
 step= 36000  E=6.671437752079e+02  Q=1.346000000000e+03  λ=8.927394e-01  dt=7.254e-04  relΔE=5.402e-09  ||F||=2.097e-03
 step= 36500  E=6.671416335390e+02  Q=1.346000000000e+03  λ=8.927382e-01  dt=1.123e-03  relΔE=5.751e-09  ||F||=1.735e-03
 step= 37000  E=6.671400088162e+02  Q=1.346000000000e+03  λ=8.927375e-01  dt=8.690e-04  relΔE=3.251e-09  ||F||=1.481e-03
 step= 37500  E=6.671388140439e+02  Q=1.346000000000e+03  λ=8.927372e-01  dt=1.345e-03  relΔE=3.655e-09  ||F||=1.402e-03
 step= 38000  E=6.671379716867e+02  Q=1.346000000000e+03  λ=8.927372e-01  dt=1.041e-03  relΔE=2.085e-09  ||F||=1.081e-03
 step= 38500  E=6.671373353240e+02  Q=1.346000000000e+03  λ=8.927373e-01  dt=8.058e-04  relΔE=1.180e-09  ||F||=9.228e-04
 step= 39000  E=6.671368727964e+02  Q=1.346000000000e+03  λ=8.927375e-01  dt=1.247e-03  relΔE=1.332e-09  ||F||=7.866e-04
 step= 39500  E=6.671365408442e+02  Q=1.346000000000e+03  λ=8.927378e-01  dt=9.654e-04  relΔE=7.585e-10  ||F||=6.733e-04
 step= 40000  E=6.671362879928e+02  Q=1.346000000000e+03  λ=8.927381e-01  dt=7.472e-04  relΔE=4.364e-10  ||F||=5.795e-04
 step= 40500  E=6.671361103455e+02  Q=1.346000000000e+03  λ=8.927384e-01  dt=1.157e-03  relΔE=4.869e-10  ||F||=4.903e-04
 step= 41000  E=6.671359774672e+02  Q=1.346000000000e+03  λ=8.927386e-01  dt=8.952e-04  relΔE=2.766e-10  ||F||=4.187e-04
 step= 41500  E=6.671358777565e+02  Q=1.346000000000e+03  λ=8.927389e-01  dt=1.386e-03  relΔE=2.879e-10  ||F||=1.306e-03
 step= 42000  E=6.671358083830e+02  Q=1.346000000000e+03  λ=8.927391e-01  dt=1.072e-03  relΔE=1.789e-10  ||F||=3.052e-04
 step= 42500  E=6.671357552425e+02  Q=1.346000000000e+03  λ=8.927393e-01  dt=8.300e-04  relΔE=1.017e-10  ||F||=2.603e-04
 step= 43000  E=6.671357162642e+02  Q=1.346000000000e+03  λ=8.927395e-01  dt=1.285e-03  relΔE=1.156e-10  ||F||=2.221e-04
 step= 43500  E=6.671356882026e+02  Q=1.346000000000e+03  λ=8.927396e-01  dt=9.944e-04  relΔE=6.640e-11  ||F||=1.899e-04
 step= 44000  E=6.671356667538e+02  Q=1.346000000000e+03  λ=8.927398e-01  dt=7.697e-04  relΔE=3.803e-11  ||F||=1.622e-04
 step= 44500  E=6.671356512676e+02  Q=1.346000000000e+03  λ=8.927399e-01  dt=1.191e-03  relΔE=4.346e-11  ||F||=1.382e-04
 step= 45000  E=6.671356397715e+02  Q=1.346000000000e+03  λ=8.927400e-01  dt=9.221e-04  relΔE=2.504e-11  ||F||=1.181e-04
 step= 45500  E=6.671356309225e+02  Q=1.346000000000e+03  λ=8.927401e-01  dt=7.137e-04  relΔE=1.757e-11  ||F||=1.214e-04
 step= 46000  E=6.671356247027e+02  Q=1.346000000000e+03  λ=8.927401e-01  dt=1.105e-03  relΔE=1.665e-11  ||F||=8.605e-05
 step= 46500  E=6.671356198640e+02  Q=1.346000000000e+03  λ=8.927402e-01  dt=8.550e-04  relΔE=9.631e-12  ||F||=7.342e-05
 step= 47000  E=6.671356162364e+02  Q=1.346000000000e+03  λ=8.927403e-01  dt=1.323e-03  relΔE=1.114e-11  ||F||=6.431e-05
 step= 47500  E=6.671356135900e+02  Q=1.346000000000e+03  λ=8.927403e-01  dt=1.024e-03  relΔE=6.526e-12  ||F||=5.354e-05
 step= 48000  E=6.671356115338e+02  Q=1.346000000000e+03  λ=8.927403e-01  dt=7.928e-04  relΔE=3.817e-12  ||F||=4.573e-05
 step= 48500  E=6.671356099931e+02  Q=1.346000000000e+03  λ=8.927404e-01  dt=1.227e-03  relΔE=4.467e-12  ||F||=3.897e-05
 step= 49000  E=6.671356088387e+02  Q=1.346000000000e+03  λ=8.927404e-01  dt=9.498e-04  relΔE=2.642e-12  ||F||=3.336e-05
 step= 49500  E=6.671356079239e+02  Q=1.346000000000e+03  λ=8.927404e-01  dt=7.351e-04  relΔE=1.613e-12  ||F||=2.928e-05
 step= 50000  E=6.671356072577e+02  Q=1.346000000000e+03  λ=8.927404e-01  dt=1.138e-03  relΔE=1.851e-12  ||F||=2.432e-05
 step= 50500  E=6.671356067346e+02  Q=1.346000000000e+03  λ=8.927405e-01  dt=7.339e-04  relΔE=9.845e-13  ||F||=2.207e-05
 step= 51000  E=6.671356063376e+02  Q=1.346000000000e+03  λ=8.927405e-01  dt=1.136e-03  relΔE=1.105e-12  ||F||=1.782e-05
 step= 51500  E=6.671356060243e+02  Q=1.346000000000e+03  λ=8.927405e-01  dt=7.327e-04  relΔE=5.840e-13  ||F||=1.611e-05
 step= 52000  E=6.671356057848e+02  Q=1.346000000000e+03  λ=8.927405e-01  dt=1.134e-03  relΔE=6.673e-13  ||F||=1.307e-05
 step= 52500  E=6.671356055933e+02  Q=1.346000000000e+03  λ=8.927405e-01  dt=8.779e-04  relΔE=4.010e-13  ||F||=1.117e-05
 step= 53000  E=6.671356054421e+02  Q=1.346000000000e+03  λ=8.927405e-01  dt=1.359e-03  relΔE=4.780e-13  ||F||=1.973e-05
 step= 53500  E=6.671356053294e+02  Q=1.346000000000e+03  λ=8.927405e-01  dt=1.052e-03  relΔE=2.928e-13  ||F||=8.166e-06
 step= 54000  E=6.671356052383e+02  Q=1.346000000000e+03  λ=8.927405e-01  dt=8.140e-04  relΔE=1.772e-13  ||F||=7.003e-06
 step= 54500  E=6.671356051677e+02  Q=1.346000000000e+03  λ=8.927405e-01  dt=1.260e-03  relΔE=2.132e-13  ||F||=5.965e-06
 step= 55000  E=6.671356051138e+02  Q=1.346000000000e+03  λ=8.927405e-01  dt=9.752e-04  relΔE=1.290e-13  ||F||=5.115e-06
 step= 55500  E=6.671356050704e+02  Q=1.346000000000e+03  λ=8.927405e-01  dt=7.548e-04  relΔE=7.822e-14  ||F||=4.478e-06
 step= 56000  E=6.671356050380e+02  Q=1.346000000000e+03  λ=8.927405e-01  dt=1.168e-03  relΔE=9.185e-14  ||F||=3.745e-06
 step= 56500  E=6.671356050126e+02  Q=1.346000000000e+03  λ=8.927405e-01  dt=9.043e-04  relΔE=5.487e-14  ||F||=3.211e-06
 step= 57000  E=6.671356049928e+02  Q=1.346000000000e+03  λ=8.927405e-01  dt=1.400e-03  relΔE=3.306e-14  ||F||=4.609e-05
 step= 57500  E=6.671356049786e+02  Q=1.346000000000e+03  λ=8.927405e-01  dt=1.083e-03  relΔE=3.715e-14  ||F||=2.358e-06
 step= 58000  E=6.671356049677e+02  Q=1.346000000000e+03  λ=8.927405e-01  dt=8.385e-04  relΔE=2.096e-14  ||F||=2.024e-06
 step= 58500  E=6.671356049597e+02  Q=1.346000000000e+03  λ=8.927405e-01  dt=1.298e-03  relΔE=2.318e-14  ||F||=1.764e-06
 step= 59000  E=6.671356049543e+02  Q=1.346000000000e+03  λ=8.927405e-01  dt=1.005e-03  relΔE=1.278e-14  ||F||=1.492e-06
 step= 59500  E=6.671356049505e+02  Q=1.346000000000e+03  λ=8.927405e-01  dt=7.775e-04  relΔE=6.135e-15  ||F||=1.292e-06
 step= 60000  E=6.671356049483e+02  Q=1.346000000000e+03  λ=8.927405e-01  dt=1.203e-03  relΔE=5.283e-15  ||F||=1.102e-06
 step= 60500  E=6.671356049471e+02  Q=1.346000000000e+03  λ=8.927405e-01  dt=9.315e-04  relΔE=2.215e-15  ||F||=9.503e-07
  !! dt fell below dt_min: stiffness-limited termination.

Stationary candidate (aggressive): E=6.671356049469e+02, Q=1.346000000000e+03, maxρ=9.193617e-01

=== Stability test (damped inertial dynamics) ===
Perturb eps=0.02, gamma=1
t=0: E=7.328887952435e+02, Q=1.346000000000e+03, maxρ=9.491014e-01, σ=2.547931e+00, Rc=1.851700e+01
 step=     1  E=7.328884647598e+02  Q=1.346000000000e+03  λ=1.279191e+00  maxρ=9.491014e-01  minρ=1.000e-15  σ=2.547931e+00  Rc=1.851700e+01
 step=   300  E=7.193376058682e+02  Q=1.346000000000e+03  λ=1.176281e+00  maxρ=9.474907e-01  minρ=1.000e-15  σ=2.547927e+00  Rc=1.851701e+01
 step=   600  E=6.920809969872e+02  Q=1.346000000000e+03  λ=9.899041e-01  maxρ=9.429497e-01  minρ=1.000e-15  σ=2.547922e+00  Rc=1.851701e+01
 step=   900  E=6.761182391772e+02  Q=1.346000000000e+03  λ=9.304362e-01  maxρ=9.362333e-01  minρ=1.000e-15  σ=2.547921e+00  Rc=1.851701e+01
 step=  1200  E=6.821789724890e+02  Q=1.346000000000e+03  λ=1.037815e+00  maxρ=9.332129e-01  minρ=1.000e-15  σ=2.547923e+00  Rc=1.851700e+01
 step=  1500  E=6.985245317269e+02  Q=1.346000000000e+03  λ=1.154424e+00  maxρ=9.384228e-01  minρ=1.000e-15  σ=2.547924e+00  Rc=1.851700e+01
 step=  1800  E=7.068945770687e+02  Q=1.346000000000e+03  λ=1.140599e+00  maxρ=9.414254e-01  minρ=1.000e-15  σ=2.547922e+00  Rc=1.851700e+01
 step=  2100  E=7.020066101537e+02  Q=1.346000000000e+03  λ=1.039287e+00  maxρ=9.366314e-01  minρ=1.000e-15  σ=2.547919e+00  Rc=1.851700e+01
 step=  2400  E=6.933719860434e+02  Q=1.346000000000e+03  λ=9.922284e-01  maxρ=9.272623e-01  minρ=1.000e-15  σ=2.547919e+00  Rc=1.851700e+01
 step=  2700  E=6.912297454538e+02  Q=1.346000000000e+03  λ=1.046883e+00  maxρ=9.315674e-01  minρ=1.000e-15  σ=2.547922e+00  Rc=1.851700e+01
 step=  3000  E=6.954078784477e+02  Q=1.346000000000e+03  λ=1.112987e+00  maxρ=9.432667e-01  minρ=1.000e-15  σ=2.547923e+00  Rc=1.851700e+01
 step=  3300  E=6.985957042929e+02  Q=1.346000000000e+03  λ=1.100891e+00  maxρ=9.456854e-01  minρ=1.000e-15  σ=2.547919e+00  Rc=1.851700e+01
 step=  3600  E=6.967040733119e+02  Q=1.346000000000e+03  λ=1.036242e+00  maxρ=9.394840e-01  minρ=1.000e-15  σ=2.547915e+00  Rc=1.851700e+01
 step=  3900  E=6.926994828183e+02  Q=1.346000000000e+03  λ=1.007199e+00  maxρ=9.394878e-01  minρ=1.000e-15  σ=2.547915e+00  Rc=1.851700e+01
 step=  4200  E=6.912007422703e+02  Q=1.346000000000e+03  λ=1.039734e+00  maxρ=9.362215e-01  minρ=1.000e-15  σ=2.547918e+00  Rc=1.851699e+01
 step=  4500  E=6.926186221887e+02  Q=1.346000000000e+03  λ=1.075282e+00  maxρ=9.337992e-01  minρ=1.000e-15  σ=2.547919e+00  Rc=1.851699e+01
 step=  4800  E=6.939095993599e+02  Q=1.346000000000e+03  λ=1.062935e+00  maxρ=9.378302e-01  minρ=1.000e-15  σ=2.547915e+00  Rc=1.851699e+01
 step=  5100  E=6.932241723324e+02  Q=1.346000000000e+03  λ=1.025300e+00  maxρ=9.389221e-01  minρ=1.000e-15  σ=2.547910e+00  Rc=1.851699e+01
 step=  5400  E=6.917162896674e+02  Q=1.346000000000e+03  λ=1.015116e+00  maxρ=9.378146e-01  minρ=1.000e-15  σ=2.547908e+00  Rc=1.851698e+01
 step=  5700  E=6.911097551057e+02  Q=1.346000000000e+03  λ=1.039038e+00  maxρ=9.346107e-01  minρ=1.000e-15  σ=2.547910e+00  Rc=1.851698e+01
 step=  6000  E=6.913344502090e+02  Q=1.346000000000e+03  λ=1.056464e+00  maxρ=9.322360e-01  minρ=1.000e-15  σ=2.547911e+00  Rc=1.851698e+01
 >>> No runaway detected in this horizon. Likely stable (within this model & box).

STABILITY: PASS
