
=== Aggressive relaxation to Q = 1846 ===
Initial: E=1.937204810578e+03, Q=1.846000000000e+03, dt=1.000e-04
 step=     1  E=1.937128104682e+03  Q=1.846000000000e+03  λ=2.242190e+00  dt=1.000e-04  relΔE=3.960e-05  ||F||=6.451e-01
 step=   500  E=1.858300680945e+03  Q=1.846000000000e+03  λ=2.101937e+00  dt=6.192e-04  relΔE=1.377e-04  ||F||=5.188e-01
 step=  1000  E=1.703510483063e+03  Q=1.846000000000e+03  λ=1.850998e+00  dt=9.584e-04  relΔE=1.217e-04  ||F||=3.751e-01
 step=  1500  E=1.601455548062e+03  Q=1.846000000000e+03  λ=1.703838e+00  dt=7.418e-04  relΔE=7.309e-05  ||F||=3.205e-01
 step=  2000  E=1.527471274975e+03  Q=1.846000000000e+03  λ=1.604241e+00  dt=1.148e-03  relΔE=9.181e-05  ||F||=2.818e-01
 step=  2500  E=1.466885481458e+03  Q=1.846000000000e+03  λ=1.525888e+00  dt=8.887e-04  relΔE=6.041e-05  ||F||=2.547e-01
 step=  3000  E=1.415697177243e+03  Q=1.846000000000e+03  λ=1.461781e+00  dt=1.376e-03  relΔE=7.820e-05  ||F||=5.630e-01
 step=  3500  E=1.374737225432e+03  Q=1.846000000000e+03  λ=1.411286e+00  dt=1.065e-03  relΔE=5.472e-05  ||F||=2.143e-01
 step=  4000  E=1.338423308536e+03  Q=1.846000000000e+03  λ=1.367359e+00  dt=8.241e-04  relΔE=3.741e-05  ||F||=1.988e-01
 step=  4500  E=1.307074008404e+03  Q=1.846000000000e+03  λ=1.330001e+00  dt=1.276e-03  relΔE=5.144e-05  ||F||=1.852e-01
 step=  5000  E=1.280335124667e+03  Q=1.846000000000e+03  λ=1.298454e+00  dt=9.873e-04  relΔE=3.575e-05  ||F||=1.736e-01
 step=  5500  E=1.255945173625e+03  Q=1.846000000000e+03  λ=1.269968e+00  dt=7.641e-04  relΔE=2.510e-05  ||F||=1.638e-01
 step=  6000  E=1.234853265006e+03  Q=1.846000000000e+03  λ=1.245576e+00  dt=1.183e-03  relΔE=3.503e-05  ||F||=1.542e-01
 step=  6500  E=1.215891850146e+03  Q=1.846000000000e+03  λ=1.223789e+00  dt=9.154e-04  relΔE=2.475e-05  ||F||=1.462e-01
 step=  7000  E=1.198215089640e+03  Q=1.846000000000e+03  λ=1.203710e+00  dt=7.085e-04  relΔE=2.594e-05  ||F||=4.444e-01
 step=  7500  E=1.183078148948e+03  Q=1.846000000000e+03  λ=1.186491e+00  dt=1.097e-03  relΔE=2.506e-05  ||F||=1.326e-01
 step=  8000  E=1.168709524134e+03  Q=1.846000000000e+03  λ=1.170304e+00  dt=8.488e-04  relΔE=1.799e-05  ||F||=1.269e-01
 step=  8500  E=1.155516629894e+03  Q=1.846000000000e+03  λ=1.155546e+00  dt=1.314e-03  relΔE=2.589e-05  ||F||=1.228e-01
 step=  9000  E=1.143981500961e+03  Q=1.846000000000e+03  λ=1.142688e+00  dt=8.475e-04  relΔE=1.569e-05  ||F||=1.173e-01
 step=  9500  E=1.132530784268e+03  Q=1.846000000000e+03  λ=1.130011e+00  dt=1.312e-03  relΔE=2.285e-05  ||F||=1.141e-01
 step= 10000  E=1.122173535855e+03  Q=1.846000000000e+03  λ=1.118583e+00  dt=1.015e-03  relΔE=1.678e-05  ||F||=1.098e-01
 step= 10500  E=1.112140158541e+03  Q=1.846000000000e+03  λ=1.107564e+00  dt=7.858e-04  relΔE=1.244e-05  ||F||=1.070e-01
 step= 11000  E=1.102746732593e+03  Q=1.846000000000e+03  λ=1.097301e+00  dt=1.216e-03  relΔE=1.840e-05  ||F||=1.041e-01
 step= 11500  E=1.093856799100e+03  Q=1.846000000000e+03  λ=1.087610e+00  dt=9.414e-04  relΔE=1.377e-05  ||F||=1.020e-01
 step= 12000  E=1.084963397269e+03  Q=1.846000000000e+03  λ=1.077945e+00  dt=7.286e-04  relΔE=1.107e-05  ||F||=1.036e-01
 step= 12500  E=1.076781950380e+03  Q=1.846000000000e+03  λ=1.069081e+00  dt=1.128e-03  relΔE=1.576e-05  ||F||=9.889e-02
 step= 13000  E=1.068536386230e+03  Q=1.846000000000e+03  λ=1.060147e+00  dt=8.730e-04  relΔE=1.206e-05  ||F||=9.798e-02
 step= 13500  E=1.060320149186e+03  Q=1.846000000000e+03  λ=1.051259e+00  dt=1.351e-03  relΔE=1.855e-05  ||F||=1.139e-01
 step= 14000  E=1.052483988826e+03  Q=1.846000000000e+03  λ=1.042759e+00  dt=1.046e-03  relΔE=1.444e-05  ||F||=9.720e-02
 step= 14500  E=1.044397368298e+03  Q=1.846000000000e+03  λ=1.033971e+00  dt=8.095e-04  relΔE=1.132e-05  ||F||=9.746e-02
 step= 15000  E=1.036279555141e+03  Q=1.846000000000e+03  λ=1.025131e+00  dt=1.253e-03  relΔE=1.782e-05  ||F||=9.789e-02
 step= 15500  E=1.028229582892e+03  Q=1.846000000000e+03  λ=1.016317e+00  dt=9.698e-04  relΔE=1.412e-05  ||F||=9.864e-02
 step= 16000  E=1.019719872708e+03  Q=1.846000000000e+03  λ=1.006956e+00  dt=7.506e-04  relΔE=1.143e-05  ||F||=1.005e-01
 step= 16500  E=1.011351366030e+03  Q=1.846000000000e+03  λ=9.977119e-01  dt=1.162e-03  relΔE=1.794e-05  ||F||=1.008e-01
 step= 17000  E=1.002652060302e+03  Q=1.846000000000e+03  λ=9.880424e-01  dt=8.992e-04  relΔE=1.434e-05  ||F||=1.019e-01
 step= 17500  E=9.935164079594e+02  Q=1.846000000000e+03  λ=9.779529e-01  dt=1.392e-03  relΔE=1.961e-05  ||F||=4.874e-01
 step= 18000  E=9.847054281744e+02  Q=1.846000000000e+03  λ=9.679796e-01  dt=1.077e-03  relΔE=1.813e-05  ||F||=1.038e-01
 step= 18500  E=9.754558366722e+02  Q=1.846000000000e+03  λ=9.575930e-01  dt=8.338e-04  relΔE=1.429e-05  ||F||=1.043e-01
 step= 19000  E=9.661823205178e+02  Q=1.846000000000e+03  λ=9.471900e-01  dt=1.291e-03  relΔE=2.222e-05  ||F||=1.042e-01
 step= 19500  E=9.572502664667e+02  Q=1.846000000000e+03  λ=9.371753e-01  dt=9.989e-04  relΔE=1.706e-05  ||F||=1.031e-01
 step= 20000  E=9.482453160000e+02  Q=1.846000000000e+03  λ=9.271235e-01  dt=7.731e-04  relΔE=1.296e-05  ||F||=1.017e-01
 step= 20500  E=9.398297498756e+02  Q=1.846000000000e+03  λ=9.178040e-01  dt=1.197e-03  relΔE=1.906e-05  ||F||=9.863e-02
 step= 21000  E=9.319271770359e+02  Q=1.846000000000e+03  λ=9.091220e-01  dt=9.263e-04  relΔE=1.382e-05  ||F||=9.508e-02
 step= 21500  E=9.244081880880e+02  Q=1.846000000000e+03  λ=9.009625e-01  dt=7.169e-04  relΔE=1.094e-05  ||F||=9.628e-02
 step= 22000  E=9.180228441691e+02  Q=1.846000000000e+03  λ=8.941378e-01  dt=1.110e-03  relΔE=1.358e-05  ||F||=8.548e-02
 step= 22500  E=9.121858587039e+02  Q=1.846000000000e+03  λ=8.879975e-01  dt=8.589e-04  relΔE=9.212e-06  ||F||=7.975e-02
 step= 23000  E=9.071402919656e+02  Q=1.846000000000e+03  λ=8.828019e-01  dt=1.329e-03  relΔE=1.218e-05  ||F||=7.668e-02
 step= 23500  E=9.030169730682e+02  Q=1.846000000000e+03  λ=8.786457e-01  dt=1.029e-03  relΔE=7.957e-06  ||F||=6.738e-02
 step= 24000  E=8.994897851450e+02  Q=1.846000000000e+03  λ=8.751836e-01  dt=7.964e-04  relΔE=5.086e-06  ||F||=6.111e-02
 step= 24500  E=8.966365565524e+02  Q=1.846000000000e+03  λ=8.724710e-01  dt=1.233e-03  relΔE=6.373e-06  ||F||=5.490e-02
 step= 25000  E=8.943791971411e+02  Q=1.846000000000e+03  λ=8.703968e-01  dt=9.541e-04  relΔE=3.959e-06  ||F||=4.911e-02
 step= 25500  E=8.925197131265e+02  Q=1.846000000000e+03  λ=8.687589e-01  dt=7.385e-04  relΔE=2.470e-06  ||F||=4.406e-02
 step= 26000  E=8.911277625390e+02  Q=1.846000000000e+03  λ=8.675931e-01  dt=1.143e-03  relΔE=2.921e-06  ||F||=3.847e-02
 step= 26500  E=8.900211205255e+02  Q=1.846000000000e+03  λ=8.667181e-01  dt=8.847e-04  relΔE=1.747e-06  ||F||=3.380e-02
 step= 27000  E=8.891545889464e+02  Q=1.846000000000e+03  λ=8.660825e-01  dt=1.369e-03  relΔE=2.031e-06  ||F||=5.383e-02
 step= 27500  E=8.885245039467e+02  Q=1.846000000000e+03  λ=8.656571e-01  dt=1.060e-03  relΔE=1.222e-06  ||F||=2.580e-02
 step= 28000  E=8.880287263629e+02  Q=1.846000000000e+03  λ=8.653577e-01  dt=8.203e-04  relΔE=7.147e-07  ||F||=2.242e-02
 step= 28500  E=8.876693626447e+02  Q=1.846000000000e+03  λ=8.651691e-01  dt=1.058e-03  relΔE=6.999e-07  ||F||=1.953e-02
 step= 29000  E=8.873868318935e+02  Q=1.846000000000e+03  λ=8.650456e-01  dt=8.190e-04  relΔE=4.058e-07  ||F||=1.690e-02
 step= 29500  E=8.871755636888e+02  Q=1.846000000000e+03  λ=8.649748e-01  dt=1.268e-03  relΔE=4.677e-07  ||F||=1.459e-02
 step= 30000  E=8.870218833573e+02  Q=1.846000000000e+03  λ=8.649407e-01  dt=9.812e-04  relΔE=2.712e-07  ||F||=1.262e-02
 step= 30500  E=8.869029967940e+02  Q=1.846000000000e+03  λ=8.649294e-01  dt=7.594e-04  relΔE=1.571e-07  ||F||=1.092e-02
 step= 31000  E=8.868177259080e+02  Q=1.846000000000e+03  λ=8.649335e-01  dt=1.176e-03  relΔE=1.790e-07  ||F||=9.364e-03
 step= 31500  E=8.867536634240e+02  Q=1.846000000000e+03  λ=8.649466e-01  dt=9.098e-04  relΔE=1.029e-07  ||F||=8.069e-03
 step= 32000  E=8.867048974971e+02  Q=1.846000000000e+03  λ=8.649672e-01  dt=1.408e-03  relΔE=4.888e-08  ||F||=6.294e-02
 step= 32500  E=8.866706213387e+02  Q=1.846000000000e+03  λ=8.649848e-01  dt=1.090e-03  relΔE=6.768e-08  ||F||=5.979e-03
 step= 33000  E=8.866442610761e+02  Q=1.846000000000e+03  λ=8.650054e-01  dt=8.436e-04  relΔE=3.876e-08  ||F||=5.143e-03
 step= 33500  E=8.866246926294e+02  Q=1.846000000000e+03  λ=8.650252e-01  dt=1.306e-03  relΔE=4.432e-08  ||F||=4.448e-03
 step= 34000  E=8.866105911410e+02  Q=1.846000000000e+03  λ=8.650429e-01  dt=1.011e-03  relΔE=2.559e-08  ||F||=3.818e-03
 step= 34500  E=8.865997884395e+02  Q=1.846000000000e+03  λ=8.650593e-01  dt=7.823e-04  relΔE=1.473e-08  ||F||=3.293e-03
 step= 35000  E=8.865918890638e+02  Q=1.846000000000e+03  λ=8.650734e-01  dt=1.211e-03  relΔE=1.691e-08  ||F||=2.836e-03
 step= 35500  E=8.865860373191e+02  Q=1.846000000000e+03  λ=8.650855e-01  dt=9.372e-04  relΔE=9.783e-09  ||F||=2.452e-03
 step= 36000  E=8.865815156835e+02  Q=1.846000000000e+03  λ=8.650961e-01  dt=7.254e-04  relΔE=6.047e-09  ||F||=2.195e-03
 step= 36500  E=8.865783144981e+02  Q=1.846000000000e+03  λ=8.651045e-01  dt=1.123e-03  relΔE=6.545e-09  ||F||=1.834e-03
 step= 37000  E=8.865758305779e+02  Q=1.846000000000e+03  λ=8.651118e-01  dt=8.690e-04  relΔE=3.796e-09  ||F||=1.588e-03
 step= 37500  E=8.865739496615e+02  Q=1.846000000000e+03  λ=8.651177e-01  dt=1.345e-03  relΔE=4.387e-09  ||F||=1.550e-03
 step= 38000  E=8.865725882790e+02  Q=1.846000000000e+03  λ=8.651223e-01  dt=1.041e-03  relΔE=2.579e-09  ||F||=1.198e-03
 step= 38500  E=8.865715257064e+02  Q=1.846000000000e+03  λ=8.651260e-01  dt=8.058e-04  relΔE=1.508e-09  ||F||=1.042e-03
 step= 39000  E=8.865707263987e+02  Q=1.846000000000e+03  λ=8.651289e-01  dt=1.247e-03  relΔE=1.764e-09  ||F||=9.073e-04
 step= 39500  E=8.865701317355e+02  Q=1.846000000000e+03  λ=8.651310e-01  dt=9.654e-04  relΔE=1.043e-09  ||F||=7.940e-04
 step= 40000  E=8.865696608391e+02  Q=1.846000000000e+03  λ=8.651326e-01  dt=7.472e-04  relΔE=6.233e-10  ||F||=6.993e-04
 step= 40500  E=8.865693161269e+02  Q=1.846000000000e+03  λ=8.651337e-01  dt=1.157e-03  relΔE=7.267e-10  ||F||=6.084e-04
 step= 41000  E=8.865690469956e+02  Q=1.846000000000e+03  λ=8.651344e-01  dt=8.952e-04  relΔE=4.313e-10  ||F||=5.343e-04
 step= 41500  E=8.865688359461e+02  Q=1.846000000000e+03  λ=8.651348e-01  dt=1.386e-03  relΔE=4.849e-10  ||F||=1.342e-03
 step= 42000  E=8.865686818119e+02  Q=1.846000000000e+03  λ=8.651349e-01  dt=1.072e-03  relΔE=3.059e-10  ||F||=4.144e-04
 step= 42500  E=8.865685582275e+02  Q=1.846000000000e+03  λ=8.651349e-01  dt=8.300e-04  relΔE=1.826e-10  ||F||=3.657e-04
 step= 43000  E=8.865684629636e+02  Q=1.846000000000e+03  λ=8.651347e-01  dt=1.285e-03  relΔE=2.178e-10  ||F||=3.234e-04
 step= 43500  E=8.865683911037e+02  Q=1.846000000000e+03  λ=8.651343e-01  dt=9.944e-04  relΔE=1.311e-10  ||F||=2.868e-04
 step= 44000  E=8.865683334920e+02  Q=1.846000000000e+03  λ=8.651339e-01  dt=7.697e-04  relΔE=7.892e-11  ||F||=2.549e-04
 step= 44500  E=8.865682899451e+02  Q=1.846000000000e+03  λ=8.651335e-01  dt=1.191e-03  relΔE=9.432e-11  ||F||=2.261e-04
 step= 45000  E=8.865682560025e+02  Q=1.846000000000e+03  λ=8.651329e-01  dt=9.221e-04  relΔE=5.673e-11  ||F||=2.015e-04
 step= 45500  E=8.865682288532e+02  Q=1.846000000000e+03  λ=8.651324e-01  dt=7.137e-04  relΔE=3.788e-11  ||F||=1.890e-04
 step= 46000  E=8.865682089595e+02  Q=1.846000000000e+03  λ=8.651319e-01  dt=1.105e-03  relΔE=4.079e-11  ||F||=1.605e-04
 step= 46500  E=8.865681929554e+02  Q=1.846000000000e+03  λ=8.651313e-01  dt=8.550e-04  relΔE=2.437e-11  ||F||=1.434e-04
 step= 47000  E=8.865681806013e+02  Q=1.846000000000e+03  λ=8.651308e-01  dt=1.323e-03  relΔE=2.891e-11  ||F||=1.303e-04
 step= 47500  E=8.865681713901e+02  Q=1.846000000000e+03  λ=8.651302e-01  dt=1.024e-03  relΔE=1.724e-11  ||F||=1.151e-04
 step= 48000  E=8.865681641391e+02  Q=1.846000000000e+03  λ=8.651297e-01  dt=7.928e-04  relΔE=1.016e-11  ||F||=1.032e-04
 step= 48500  E=8.865681586859e+02  Q=1.846000000000e+03  λ=8.651292e-01  dt=1.227e-03  relΔE=1.184e-11  ||F||=9.260e-05
 step= 49000  E=8.865681546491e+02  Q=1.846000000000e+03  λ=8.651288e-01  dt=9.498e-04  relΔE=6.876e-12  ||F||=8.335e-05
 step= 49500  E=8.865681516561e+02  Q=1.846000000000e+03  λ=8.651283e-01  dt=1.225e-03  relΔE=6.568e-12  ||F||=7.513e-05
 step= 50000  E=8.865681494362e+02  Q=1.846000000000e+03  λ=8.651279e-01  dt=9.483e-04  relΔE=3.674e-12  ||F||=6.768e-05
 step= 50500  E=8.865681478685e+02  Q=1.846000000000e+03  λ=8.651275e-01  dt=1.223e-03  relΔE=3.343e-12  ||F||=6.108e-05
 step= 51000  E=8.865681467726e+02  Q=1.846000000000e+03  λ=8.651272e-01  dt=9.467e-04  relΔE=1.738e-12  ||F||=5.509e-05
 step= 51500  E=8.865681460401e+02  Q=1.846000000000e+03  λ=8.651268e-01  dt=7.327e-04  relΔE=8.549e-13  ||F||=4.978e-05
 step= 52000  E=8.865681456322e+02  Q=1.846000000000e+03  λ=8.651265e-01  dt=1.134e-03  relΔE=6.918e-13  ||F||=4.480e-05
 step= 52500  E=8.865681454377e+02  Q=1.846000000000e+03  λ=8.651262e-01  dt=7.315e-04  relΔE=1.668e-13  ||F||=4.057e-05
  !! dt fell below dt_min: stiffness-limited termination.

Stationary candidate (aggressive): E=8.865681454035e+02, Q=1.846000000000e+03, maxρ=1.045434e+00

=== Stability test (damped inertial dynamics) ===
Perturb eps=0.02, gamma=1
t=0: E=9.768765858581e+02, Q=1.846000000000e+03, maxρ=1.080643e+00, σ=2.579326e+00, Rc=1.849835e+01
 step=     1  E=9.768761318168e+02  Q=1.846000000000e+03  λ=1.252213e+00  maxρ=1.080643e+00  minρ=5.008e-14  σ=2.579326e+00  Rc=1.849835e+01
 step=   300  E=9.582592247625e+02  Q=1.846000000000e+03  λ=1.149107e+00  maxρ=1.078809e+00  minρ=4.495e-14  σ=2.579323e+00  Rc=1.849835e+01
 step=   600  E=9.208144483592e+02  Q=1.846000000000e+03  λ=9.623962e-01  maxρ=1.073637e+00  minρ=3.111e-14  σ=2.579317e+00  Rc=1.849836e+01
 step=   900  E=8.988895321298e+02  Q=1.846000000000e+03  λ=9.028736e-01  maxρ=1.065987e+00  minρ=1.238e-14  σ=2.579316e+00  Rc=1.849835e+01
 step=  1200  E=9.072233734391e+02  Q=1.846000000000e+03  λ=1.010497e+00  maxρ=1.062581e+00  minρ=1.000e-15  σ=2.579318e+00  Rc=1.849835e+01
 step=  1500  E=9.296858562954e+02  Q=1.846000000000e+03  λ=1.127286e+00  maxρ=1.067556e+00  minρ=1.000e-15  σ=2.579320e+00  Rc=1.849834e+01
 step=  1800  E=9.411907158144e+02  Q=1.846000000000e+03  λ=1.113355e+00  maxρ=1.070971e+00  minρ=1.000e-15  σ=2.579318e+00  Rc=1.849834e+01
 step=  2100  E=9.344811547301e+02  Q=1.846000000000e+03  λ=1.011848e+00  maxρ=1.065516e+00  minρ=1.000e-15  σ=2.579314e+00  Rc=1.849835e+01
 step=  2400  E=9.226178903516e+02  Q=1.846000000000e+03  λ=9.648022e-01  maxρ=1.054451e+00  minρ=1.000e-15  σ=2.579315e+00  Rc=1.849835e+01
 step=  2700  E=9.196592382532e+02  Q=1.846000000000e+03  λ=1.019636e+00  maxρ=1.060631e+00  minρ=1.000e-15  σ=2.579318e+00  Rc=1.849834e+01
 step=  3000  E=9.253735933463e+02  Q=1.846000000000e+03  λ=1.085788e+00  maxρ=1.073950e+00  minρ=1.000e-15  σ=2.579319e+00  Rc=1.849834e+01
 step=  3300  E=9.297388748473e+02  Q=1.846000000000e+03  λ=1.073503e+00  maxρ=1.076702e+00  minρ=1.000e-15  σ=2.579315e+00  Rc=1.849834e+01
 step=  3600  E=9.271548427064e+02  Q=1.846000000000e+03  λ=1.008682e+00  maxρ=1.068701e+00  minρ=1.000e-15  σ=2.579311e+00  Rc=1.849835e+01
 step=  3900  E=9.216861673160e+02  Q=1.846000000000e+03  λ=9.797358e-01  maxρ=1.068326e+00  minρ=1.000e-15  σ=2.579312e+00  Rc=1.849834e+01
 step=  4200  E=9.196449117351e+02  Q=1.846000000000e+03  λ=1.012516e+00  maxρ=1.064608e+00  minρ=1.000e-15  σ=2.579315e+00  Rc=1.849834e+01
 step=  4500  E=9.215753364704e+02  Q=1.846000000000e+03  λ=1.048121e+00  maxρ=1.062007e+00  minρ=1.000e-15  σ=2.579316e+00  Rc=1.849833e+01
 step=  4800  E=9.233148015877e+02  Q=1.846000000000e+03  λ=1.035554e+00  maxρ=1.066880e+00  minρ=1.000e-15  σ=2.579313e+00  Rc=1.849833e+01
 step=  5100  E=9.223612677462e+02  Q=1.846000000000e+03  λ=9.977084e-01  maxρ=1.067825e+00  minρ=1.000e-15  σ=2.579308e+00  Rc=1.849833e+01
 step=  5400  E=9.203151817563e+02  Q=1.846000000000e+03  λ=9.875974e-01  maxρ=1.066559e+00  minρ=1.000e-15  σ=2.579307e+00  Rc=1.849833e+01
 step=  5700  E=9.195177553422e+02  Q=1.846000000000e+03  λ=1.011778e+00  maxρ=1.062908e+00  minρ=1.000e-15  σ=2.579309e+00  Rc=1.849833e+01
 step=  6000  E=9.198330484341e+02  Q=1.846000000000e+03  λ=1.029312e+00  maxρ=1.060283e+00  minρ=1.000e-15  σ=2.579309e+00  Rc=1.849832e+01
 >>> No runaway detected in this horizon. Likely stable (within this model & box).

STABILITY: PASS
