
=== Aggressive relaxation to Q = 958 ===
Initial: E=9.913707475609e+02, Q=9.580000000000e+02, dt=1.000e-04
 step=     1  E=9.913501336163e+02  Q=9.580000000000e+02  λ=2.042268e+00  dt=1.000e-04  relΔE=2.079e-05  ||F||=4.643e-01
 step=   500  E=9.674551565400e+02  Q=9.580000000000e+02  λ=1.977431e+00  dt=6.192e-04  relΔE=8.884e-05  ||F||=4.173e-01
 step=  1000  E=9.077131677931e+02  Q=9.580000000000e+02  λ=1.825399e+00  dt=9.584e-04  relΔE=9.733e-05  ||F||=3.400e-01
 step=  1500  E=8.623529157867e+02  Q=9.580000000000e+02  λ=1.717640e+00  dt=7.418e-04  relΔE=6.245e-05  ||F||=3.017e-01
 step=  2000  E=8.275410415741e+02  Q=9.580000000000e+02  λ=1.638307e+00  dt=1.148e-03  relΔE=8.135e-05  ||F||=2.711e-01
 step=  2500  E=7.979677587199e+02  Q=9.580000000000e+02  λ=1.572549e+00  dt=8.887e-04  relΔE=5.494e-05  ||F||=2.486e-01
 step=  3000  E=7.723365051366e+02  Q=9.580000000000e+02  λ=1.516822e+00  dt=1.376e-03  relΔE=7.231e-05  ||F||=5.885e-01
 step=  3500  E=7.513904242387e+02  Q=9.580000000000e+02  λ=1.471626e+00  dt=1.065e-03  relΔE=5.166e-05  ||F||=2.137e-01
 step=  4000  E=7.325080569187e+02  Q=9.580000000000e+02  λ=1.431465e+00  dt=8.241e-04  relΔE=3.582e-05  ||F||=1.997e-01
 step=  4500  E=7.159765398645e+02  Q=9.580000000000e+02  λ=1.396685e+00  dt=1.276e-03  relΔE=4.983e-05  ||F||=1.873e-01
 step=  5000  E=7.017122334639e+02  Q=9.580000000000e+02  λ=1.366879e+00  dt=9.873e-04  relΔE=3.498e-05  ||F||=1.765e-01
 step=  5500  E=6.885570442138e+02  Q=9.580000000000e+02  λ=1.339596e+00  dt=7.641e-04  relΔE=2.489e-05  ||F||=1.677e-01
 step=  6000  E=6.771145936124e+02  Q=9.580000000000e+02  λ=1.316047e+00  dt=1.183e-03  relΔE=3.484e-05  ||F||=1.581e-01
 step=  6500  E=6.667243860113e+02  Q=9.580000000000e+02  λ=1.294765e+00  dt=9.154e-04  relΔE=2.478e-05  ||F||=1.504e-01
 step=  7000  E=6.569961648007e+02  Q=9.580000000000e+02  λ=1.275083e+00  dt=7.085e-04  relΔE=2.944e-05  ||F||=5.326e-01
 step=  7500  E=6.486130944416e+02  Q=9.580000000000e+02  λ=1.257995e+00  dt=1.097e-03  relΔE=2.540e-05  ||F||=1.372e-01
 step=  8000  E=6.406162014234e+02  Q=9.580000000000e+02  λ=1.241880e+00  dt=8.488e-04  relΔE=1.833e-05  ||F||=1.316e-01
 step=  8500  E=6.332173402390e+02  Q=9.580000000000e+02  λ=1.227065e+00  dt=1.314e-03  relΔE=2.652e-05  ||F||=1.280e-01
 step=  9000  E=6.265404775832e+02  Q=9.580000000000e+02  λ=1.213746e+00  dt=1.017e-03  relΔE=1.936e-05  ||F||=1.222e-01
 step=  9500  E=6.201128216484e+02  Q=9.580000000000e+02  λ=1.200989e+00  dt=7.871e-04  relΔE=1.425e-05  ||F||=1.186e-01
 step= 10000  E=6.141374871718e+02  Q=9.580000000000e+02  λ=1.189203e+00  dt=1.218e-03  relΔE=2.092e-05  ||F||=1.149e-01
 step= 10500  E=6.085554699397e+02  Q=9.580000000000e+02  λ=1.178230e+00  dt=9.430e-04  relΔE=1.554e-05  ||F||=1.121e-01
 step= 11000  E=6.030134539849e+02  Q=9.580000000000e+02  λ=1.167387e+00  dt=7.298e-04  relΔE=1.201e-05  ||F||=1.116e-01
 step= 11500  E=5.979591427680e+02  Q=9.580000000000e+02  λ=1.157545e+00  dt=1.130e-03  relΔE=1.744e-05  ||F||=1.075e-01
 step= 12000  E=5.929269705410e+02  Q=9.580000000000e+02  λ=1.147766e+00  dt=8.744e-04  relΔE=1.321e-05  ||F||=1.059e-01
 step= 12500  E=5.879736608200e+02  Q=9.580000000000e+02  λ=1.138175e+00  dt=1.353e-03  relΔE=2.006e-05  ||F||=1.247e-01
 step= 13000  E=5.833120070284e+02  Q=9.580000000000e+02  λ=1.129140e+00  dt=1.048e-03  relΔE=1.542e-05  ||F||=1.037e-01
 step= 13500  E=5.785685136703e+02  Q=9.580000000000e+02  λ=1.119943e+00  dt=8.108e-04  relΔE=1.192e-05  ||F||=1.033e-01
 step= 14000  E=5.738851027960e+02  Q=9.580000000000e+02  λ=1.110851e+00  dt=1.255e-03  relΔE=1.846e-05  ||F||=1.029e-01
 step= 14500  E=5.693158395259e+02  Q=9.580000000000e+02  λ=1.101931e+00  dt=9.713e-04  relΔE=1.440e-05  ||F||=1.028e-01
 step= 15000  E=5.645565559005e+02  Q=9.580000000000e+02  λ=1.092583e+00  dt=7.518e-04  relΔE=1.147e-05  ||F||=1.039e-01
 step= 15500  E=5.599550324344e+02  Q=9.580000000000e+02  λ=1.083480e+00  dt=1.164e-03  relΔE=1.770e-05  ||F||=1.033e-01
 step= 16000  E=5.552525759061e+02  Q=9.580000000000e+02  λ=1.074074e+00  dt=9.007e-04  relΔE=1.392e-05  ||F||=1.037e-01
 step= 16500  E=5.503816644488e+02  Q=9.580000000000e+02  λ=1.064325e+00  dt=1.394e-03  relΔE=1.893e-05  ||F||=4.783e-01
 step= 17000  E=5.457504098360e+02  Q=9.580000000000e+02  λ=1.054735e+00  dt=1.079e-03  relΔE=1.715e-05  ||F||=1.042e-01
 step= 17500  E=5.409296649815e+02  Q=9.580000000000e+02  λ=1.044716e+00  dt=8.352e-04  relΔE=1.339e-05  ||F||=1.043e-01
 step= 18000  E=5.361260760911e+02  Q=9.580000000000e+02  λ=1.034599e+00  dt=1.293e-03  relΔE=2.074e-05  ||F||=1.040e-01
 step= 18500  E=5.315018818875e+02  Q=9.580000000000e+02  λ=1.024701e+00  dt=1.001e-03  relΔE=1.592e-05  ||F||=1.029e-01
 step= 19000  E=5.268376303438e+02  Q=9.580000000000e+02  λ=1.014569e+00  dt=7.744e-04  relΔE=1.218e-05  ||F||=1.019e-01
 step= 19500  E=5.224374823136e+02  Q=9.580000000000e+02  λ=1.004878e+00  dt=1.199e-03  relΔE=1.805e-05  ||F||=9.928e-02
 step= 20000  E=5.182559586339e+02  Q=9.580000000000e+02  λ=9.955236e-01  dt=9.278e-04  relΔE=1.330e-05  ||F||=9.646e-02
 step= 20500  E=5.142025759580e+02  Q=9.580000000000e+02  λ=9.863251e-01  dt=7.181e-04  relΔE=1.047e-05  ||F||=9.708e-02
 step= 21000  E=5.106808713688e+02  Q=9.580000000000e+02  λ=9.782286e-01  dt=1.112e-03  relΔE=1.365e-05  ||F||=8.865e-02
 step= 21500  E=5.073792955148e+02  Q=9.580000000000e+02  λ=9.705241e-01  dt=8.603e-04  relΔE=9.514e-06  ||F||=8.384e-02
 step= 22000  E=5.044437116365e+02  Q=9.580000000000e+02  λ=9.635858e-01  dt=1.332e-03  relΔE=1.296e-05  ||F||=8.204e-02
 step= 22500  E=5.019737807777e+02  Q=9.580000000000e+02  λ=9.576563e-01  dt=1.031e-03  relΔE=8.718e-06  ||F||=7.293e-02
 step= 23000  E=4.997964254595e+02  Q=9.580000000000e+02  λ=9.523542e-01  dt=7.977e-04  relΔE=5.749e-06  ||F||=6.717e-02
 step= 23500  E=4.979788543591e+02  Q=9.580000000000e+02  λ=9.478648e-01  dt=1.235e-03  relΔE=7.425e-06  ||F||=6.125e-02
 step= 24000  E=4.965015598772e+02  Q=9.580000000000e+02  λ=9.441511e-01  dt=9.557e-04  relΔE=4.751e-06  ||F||=5.560e-02
 step= 24500  E=4.952470952755e+02  Q=9.580000000000e+02  λ=9.409415e-01  dt=7.397e-04  relΔE=3.042e-06  ||F||=5.052e-02
 step= 25000  E=4.942816361407e+02  Q=9.580000000000e+02  λ=9.384256e-01  dt=1.145e-03  relΔE=3.708e-06  ||F||=4.477e-02
 step= 25500  E=4.934936341493e+02  Q=9.580000000000e+02  λ=9.363252e-01  dt=8.861e-04  relΔE=2.277e-06  ||F||=3.985e-02
 step= 26000  E=4.928609713064e+02  Q=9.580000000000e+02  λ=9.346012e-01  dt=1.372e-03  relΔE=2.702e-06  ||F||=7.055e-02
 step= 26500  E=4.923905714242e+02  Q=9.580000000000e+02  λ=9.332797e-01  dt=1.062e-03  relΔE=1.670e-06  ||F||=3.114e-02
 step= 27000  E=4.920118141362e+02  Q=9.580000000000e+02  λ=9.321849e-01  dt=8.217e-04  relΔE=9.977e-07  ||F||=2.735e-02
 step= 27500  E=4.917210658126e+02  Q=9.580000000000e+02  λ=9.313164e-01  dt=1.272e-03  relΔE=1.182e-06  ||F||=2.393e-02
 step= 28000  E=4.915038577520e+02  Q=9.580000000000e+02  λ=9.306415e-01  dt=9.844e-04  relΔE=7.021e-07  ||F||=2.094e-02
 step= 28500  E=4.913362515916e+02  Q=9.580000000000e+02  λ=9.300990e-01  dt=1.270e-03  relΔE=6.901e-07  ||F||=1.829e-02
 step= 29000  E=4.912100422143e+02  Q=9.580000000000e+02  λ=9.296704e-01  dt=9.828e-04  relΔE=4.066e-07  ||F||=1.594e-02
 step= 29500  E=4.911132373358e+02  Q=9.580000000000e+02  λ=9.293245e-01  dt=1.268e-03  relΔE=3.969e-07  ||F||=1.387e-02
 step= 30000  E=4.910407903957e+02  Q=9.580000000000e+02  λ=9.290500e-01  dt=9.812e-04  relΔE=2.325e-07  ||F||=1.206e-02
 step= 30500  E=4.909840827304e+02  Q=9.580000000000e+02  λ=9.288210e-01  dt=7.594e-04  relΔE=1.358e-07  ||F||=1.047e-02
 step= 31000  E=4.909429973199e+02  Q=9.580000000000e+02  λ=9.286431e-01  dt=1.176e-03  relΔE=1.566e-07  ||F||=9.036e-03
 step= 31500  E=4.909118256507e+02  Q=9.580000000000e+02  λ=9.284974e-01  dt=9.098e-04  relΔE=9.087e-08  ||F||=7.822e-03
 step= 32000  E=4.908878426609e+02  Q=9.580000000000e+02  λ=9.283767e-01  dt=1.408e-03  relΔE=5.466e-08  ||F||=5.564e-02
 step= 32500  E=4.908708571541e+02  Q=9.580000000000e+02  λ=9.282812e-01  dt=1.090e-03  relΔE=6.094e-08  ||F||=5.847e-03
 step= 33000  E=4.908576418913e+02  Q=9.580000000000e+02  λ=9.282006e-01  dt=8.436e-04  relΔE=3.523e-08  ||F||=5.050e-03
 step= 33500  E=4.908477691898e+02  Q=9.580000000000e+02  λ=9.281340e-01  dt=1.306e-03  relΔE=4.064e-08  ||F||=4.385e-03
 step= 34000  E=4.908405906389e+02  Q=9.580000000000e+02  λ=9.280802e-01  dt=1.011e-03  relΔE=2.368e-08  ||F||=3.778e-03
 step= 34500  E=4.908350217050e+02  Q=9.580000000000e+02  λ=9.280336e-01  dt=7.823e-04  relΔE=1.376e-08  ||F||=3.271e-03
 step= 35000  E=4.908309268912e+02  Q=9.580000000000e+02  λ=9.279952e-01  dt=1.211e-03  relΔE=1.590e-08  ||F||=2.823e-03
 step= 35500  E=4.908278720810e+02  Q=9.580000000000e+02  λ=9.279629e-01  dt=9.372e-04  relΔE=9.279e-09  ||F||=2.448e-03
 step= 36000  E=4.908254877192e+02  Q=9.580000000000e+02  λ=9.279344e-01  dt=7.254e-04  relΔE=5.749e-09  ||F||=2.191e-03
 step= 36500  E=4.908237860289e+02  Q=9.580000000000e+02  λ=9.279115e-01  dt=1.123e-03  relΔE=6.312e-09  ||F||=1.839e-03
 step= 37000  E=4.908224544734e+02  Q=9.580000000000e+02  λ=9.278912e-01  dt=8.690e-04  relΔE=3.692e-09  ||F||=1.596e-03
 step= 37500  E=4.908214372331e+02  Q=9.580000000000e+02  λ=9.278735e-01  dt=1.345e-03  relΔE=4.306e-09  ||F||=1.574e-03
 step= 38000  E=4.908206941827e+02  Q=9.580000000000e+02  λ=9.278589e-01  dt=1.041e-03  relΔE=2.555e-09  ||F||=1.207e-03
 step= 38500  E=4.908201085259e+02  Q=9.580000000000e+02  λ=9.278458e-01  dt=8.058e-04  relΔE=1.510e-09  ||F||=1.052e-03
 step= 39000  E=4.908196633104e+02  Q=9.580000000000e+02  λ=9.278345e-01  dt=1.247e-03  relΔE=1.786e-09  ||F||=9.162e-04
 step= 39500  E=4.908193276954e+02  Q=9.580000000000e+02  λ=9.278248e-01  dt=9.654e-04  relΔE=1.068e-09  ||F||=8.023e-04
 step= 40000  E=4.908190588837e+02  Q=9.580000000000e+02  λ=9.278160e-01  dt=7.472e-04  relΔE=6.497e-10  ||F||=7.087e-04
 step= 40500  E=4.908188590824e+02  Q=9.580000000000e+02  λ=9.278087e-01  dt=1.157e-03  relΔE=7.671e-10  ||F||=6.153e-04
 step= 41000  E=4.908187005110e+02  Q=9.580000000000e+02  λ=9.278021e-01  dt=8.952e-04  relΔE=4.635e-10  ||F||=5.406e-04
 step= 41500  E=4.908185735634e+02  Q=9.580000000000e+02  λ=9.277962e-01  dt=1.386e-03  relΔE=5.186e-10  ||F||=1.733e-03
 step= 42000  E=4.908184790111e+02  Q=9.580000000000e+02  λ=9.277913e-01  dt=1.072e-03  relΔE=3.435e-10  ||F||=4.195e-04
 step= 42500  E=4.908184012157e+02  Q=9.580000000000e+02  λ=9.277868e-01  dt=8.300e-04  relΔE=2.106e-10  ||F||=3.704e-04
 step= 43000  E=4.908183395058e+02  Q=9.580000000000e+02  λ=9.277828e-01  dt=1.285e-03  relΔE=2.590e-10  ||F||=3.279e-04
 step= 43500  E=4.908182914423e+02  Q=9.580000000000e+02  λ=9.277794e-01  dt=9.944e-04  relΔE=1.613e-10  ||F||=2.909e-04
 step= 44000  E=4.908182514819e+02  Q=9.580000000000e+02  λ=9.277763e-01  dt=7.697e-04  relΔE=1.011e-10  ||F||=2.593e-04
 step= 44500  E=4.908182200035e+02  Q=9.580000000000e+02  λ=9.277736e-01  dt=1.191e-03  relΔE=1.260e-10  ||F||=2.298e-04
 step= 45000  E=4.908181943486e+02  Q=9.580000000000e+02  λ=9.277711e-01  dt=9.221e-04  relΔE=7.958e-11  ||F||=2.051e-04
 step= 45500  E=4.908181726574e+02  Q=9.580000000000e+02  λ=9.277689e-01  dt=7.137e-04  relΔE=6.179e-11  ||F||=2.247e-04
 step= 46000  E=4.908181558481e+02  Q=9.580000000000e+02  λ=9.277671e-01  dt=1.105e-03  relΔE=6.429e-11  ||F||=1.640e-04
 step= 46500  E=4.908181414308e+02  Q=9.580000000000e+02  λ=9.277653e-01  dt=8.550e-04  relΔE=4.116e-11  ||F||=1.469e-04
 step= 47000  E=4.908181294375e+02  Q=9.580000000000e+02  λ=9.277638e-01  dt=1.323e-03  relΔE=5.283e-11  ||F||=1.346e-04
 step= 47500  E=4.908181197351e+02  Q=9.580000000000e+02  λ=9.277625e-01  dt=1.024e-03  relΔE=3.429e-11  ||F||=1.186e-04
 step= 48000  E=4.908181113594e+02  Q=9.580000000000e+02  λ=9.277612e-01  dt=7.928e-04  relΔE=2.232e-11  ||F||=1.069e-04
 step= 48500  E=4.908181043818e+02  Q=9.580000000000e+02  λ=9.277601e-01  dt=1.227e-03  relΔE=2.902e-11  ||F||=9.606e-05
 step= 49000  E=4.908180985765e+02  Q=9.580000000000e+02  λ=9.277592e-01  dt=9.498e-04  relΔE=1.907e-11  ||F||=8.680e-05
 step= 49500  E=4.908180934532e+02  Q=9.580000000000e+02  λ=9.277583e-01  dt=7.351e-04  relΔE=1.296e-11  ||F||=8.069e-05
 step= 50000  E=4.908180892921e+02  Q=9.580000000000e+02  λ=9.277575e-01  dt=1.138e-03  relΔE=1.657e-11  ||F||=7.085e-05
 step= 50500  E=4.908180856402e+02  Q=9.580000000000e+02  λ=9.277568e-01  dt=8.807e-04  relΔE=1.099e-11  ||F||=6.413e-05
 step= 51000  E=4.908180824532e+02  Q=9.580000000000e+02  λ=9.277562e-01  dt=1.363e-03  relΔE=1.444e-11  ||F||=1.155e-04
 step= 51500  E=4.908180798312e+02  Q=9.580000000000e+02  λ=9.277556e-01  dt=1.055e-03  relΔE=9.760e-12  ||F||=5.263e-05
 step= 52000  E=4.908180774867e+02  Q=9.580000000000e+02  λ=9.277551e-01  dt=8.166e-04  relΔE=6.540e-12  ||F||=4.777e-05
 step= 52500  E=4.908180754598e+02  Q=9.580000000000e+02  λ=9.277546e-01  dt=1.264e-03  relΔE=8.764e-12  ||F||=4.328e-05
 step= 53000  E=4.908180737400e+02  Q=9.580000000000e+02  λ=9.277542e-01  dt=9.784e-04  relΔE=5.920e-12  ||F||=3.933e-05
 step= 53500  E=4.908180721805e+02  Q=9.580000000000e+02  λ=9.277538e-01  dt=7.572e-04  relΔE=4.052e-12  ||F||=3.640e-05
 step= 54000  E=4.908180708665e+02  Q=9.580000000000e+02  λ=9.277535e-01  dt=1.172e-03  relΔE=5.414e-12  ||F||=3.245e-05
 step= 54500  E=4.908180696993e+02  Q=9.580000000000e+02  λ=9.277532e-01  dt=9.072e-04  relΔE=3.679e-12  ||F||=2.952e-05
 step= 55000  E=4.908180686465e+02  Q=9.580000000000e+02  λ=9.277529e-01  dt=1.404e-03  relΔE=2.571e-12  ||F||=3.943e-04
 step= 55500  E=4.908180677673e+02  Q=9.580000000000e+02  λ=9.277527e-01  dt=1.087e-03  relΔE=3.417e-12  ||F||=2.441e-05
 step= 56000  E=4.908180669626e+02  Q=9.580000000000e+02  λ=9.277525e-01  dt=8.412e-04  relΔE=2.336e-12  ||F||=2.223e-05
 step= 56500  E=4.908180662499e+02  Q=9.580000000000e+02  λ=9.277523e-01  dt=1.302e-03  relΔE=3.195e-12  ||F||=2.058e-05
 step= 57000  E=4.908180656364e+02  Q=9.580000000000e+02  λ=9.277521e-01  dt=1.008e-03  relΔE=2.198e-12  ||F||=1.841e-05
 step= 57500  E=4.908180650735e+02  Q=9.580000000000e+02  λ=9.277519e-01  dt=7.800e-04  relΔE=1.518e-12  ||F||=1.693e-05
 step= 58000  E=4.908180645818e+02  Q=9.580000000000e+02  λ=9.277518e-01  dt=1.207e-03  relΔE=2.082e-12  ||F||=1.525e-05
 step= 58500  E=4.908180641459e+02  Q=9.580000000000e+02  λ=9.277516e-01  dt=9.345e-04  relΔE=1.439e-12  ||F||=1.391e-05
 step= 59000  E=4.908180637425e+02  Q=9.580000000000e+02  λ=9.277515e-01  dt=7.233e-04  relΔE=1.085e-12  ||F||=1.557e-05
 step= 59500  E=4.908180634011e+02  Q=9.580000000000e+02  λ=9.277514e-01  dt=1.120e-03  relΔE=1.376e-12  ||F||=1.154e-05
 step= 60000  E=4.908180630849e+02  Q=9.580000000000e+02  λ=9.277513e-01  dt=8.665e-04  relΔE=9.544e-13  ||F||=1.054e-05
 step= 60500  E=4.908180627989e+02  Q=9.580000000000e+02  λ=9.277512e-01  dt=1.341e-03  relΔE=1.320e-12  ||F||=1.605e-05
 step= 61000  E=4.908180625521e+02  Q=9.580000000000e+02  λ=9.277511e-01  dt=1.038e-03  relΔE=9.206e-13  ||F||=8.736e-06
 step= 61500  E=4.908180623229e+02  Q=9.580000000000e+02  λ=9.277510e-01  dt=8.035e-04  relΔE=6.416e-13  ||F||=8.040e-06
 step= 62000  E=4.908180621180e+02  Q=9.580000000000e+02  λ=9.277510e-01  dt=1.244e-03  relΔE=8.919e-13  ||F||=7.254e-06
 step= 62500  E=4.908180619371e+02  Q=9.580000000000e+02  λ=9.277509e-01  dt=9.626e-04  relΔE=6.227e-13  ||F||=6.621e-06
 step= 63000  E=4.908180617677e+02  Q=9.580000000000e+02  λ=9.277508e-01  dt=7.450e-04  relΔE=4.429e-13  ||F||=6.637e-06
 step= 63500  E=4.908180616209e+02  Q=9.580000000000e+02  λ=9.277508e-01  dt=1.153e-03  relΔE=6.063e-13  ||F||=5.498e-06
 step= 64000  E=4.908180614861e+02  Q=9.580000000000e+02  λ=9.277507e-01  dt=8.926e-04  relΔE=4.245e-13  ||F||=5.024e-06
 step= 64500  E=4.908180613611e+02  Q=9.580000000000e+02  λ=9.277507e-01  dt=1.382e-03  relΔE=5.537e-13  ||F||=5.343e-05
 step= 65000  E=4.908180612542e+02  Q=9.580000000000e+02  λ=9.277507e-01  dt=1.069e-03  relΔE=4.155e-13  ||F||=4.169e-06
 step= 65500  E=4.908180611535e+02  Q=9.580000000000e+02  λ=9.277506e-01  dt=8.276e-04  relΔE=2.912e-13  ||F||=3.835e-06
 step= 66000  E=4.908180610625e+02  Q=9.580000000000e+02  λ=9.277506e-01  dt=1.281e-03  relΔE=4.070e-13  ||F||=3.528e-06
 step= 66500  E=4.908180609822e+02  Q=9.580000000000e+02  λ=9.277506e-01  dt=9.916e-04  relΔE=2.863e-13  ||F||=3.163e-06
 step= 67000  E=4.908180609069e+02  Q=9.580000000000e+02  λ=9.277505e-01  dt=7.674e-04  relΔE=2.021e-13  ||F||=3.084e-06
 step= 67500  E=4.908180608403e+02  Q=9.580000000000e+02  λ=9.277505e-01  dt=1.188e-03  relΔE=2.815e-13  ||F||=2.627e-06
 step= 68000  E=4.908180607798e+02  Q=9.580000000000e+02  λ=9.277505e-01  dt=9.194e-04  relΔE=1.980e-13  ||F||=2.405e-06
 step= 68500  E=4.908180607229e+02  Q=9.580000000000e+02  λ=9.277505e-01  dt=7.116e-04  relΔE=1.633e-13  ||F||=6.301e-06
 step= 69000  E=4.908180606741e+02  Q=9.580000000000e+02  λ=9.277505e-01  dt=1.102e-03  relΔE=1.956e-13  ||F||=1.994e-06
 step= 69500  E=4.908180606281e+02  Q=9.580000000000e+02  λ=9.277504e-01  dt=8.525e-04  relΔE=1.371e-13  ||F||=1.856e-06
 step= 70000  E=4.908180605862e+02  Q=9.580000000000e+02  λ=9.277504e-01  dt=1.320e-03  relΔE=1.933e-13  ||F||=2.710e-06
 step= 70500  E=4.908180605492e+02  Q=9.580000000000e+02  λ=9.277504e-01  dt=1.021e-03  relΔE=1.363e-13  ||F||=1.515e-06
 step= 71000  E=4.908180605146e+02  Q=9.580000000000e+02  λ=9.277504e-01  dt=7.905e-04  relΔE=9.555e-14  ||F||=1.521e-06
 step= 71500  E=4.908180604834e+02  Q=9.580000000000e+02  λ=9.277504e-01  dt=1.224e-03  relΔE=1.341e-13  ||F||=1.259e-06
 step= 72000  E=4.908180604555e+02  Q=9.580000000000e+02  λ=9.277504e-01  dt=9.471e-04  relΔE=9.450e-14  ||F||=1.152e-06
 step= 72500  E=4.908180604291e+02  Q=9.580000000000e+02  λ=9.277504e-01  dt=7.330e-04  relΔE=6.960e-14  ||F||=1.920e-06
 step= 73000  E=4.908180604062e+02  Q=9.580000000000e+02  λ=9.277504e-01  dt=1.135e-03  relΔE=9.462e-14  ||F||=9.548e-07
 step= 73500  E=4.908180603848e+02  Q=9.580000000000e+02  λ=9.277504e-01  dt=8.782e-04  relΔE=6.613e-14  ||F||=8.873e-07
 step= 74000  E=4.908180603650e+02  Q=9.580000000000e+02  λ=9.277503e-01  dt=1.359e-03  relΔE=9.242e-14  ||F||=8.225e-06
 step= 74500  E=4.908180603477e+02  Q=9.580000000000e+02  λ=9.277503e-01  dt=1.052e-03  relΔE=6.578e-14  ||F||=7.252e-07
 step= 75000  E=4.908180603314e+02  Q=9.580000000000e+02  λ=9.277503e-01  dt=8.143e-04  relΔE=4.667e-14  ||F||=7.423e-07
 step= 75500  E=4.908180603173e+02  Q=9.580000000000e+02  λ=9.277503e-01  dt=1.050e-03  relΔE=5.466e-14  ||F||=6.059e-07
 step= 76000  E=4.908180603038e+02  Q=9.580000000000e+02  λ=9.277503e-01  dt=8.130e-04  relΔE=3.857e-14  ||F||=6.013e-07
 step= 76500  E=4.908180602915e+02  Q=9.580000000000e+02  λ=9.277503e-01  dt=1.258e-03  relΔE=5.443e-14  ||F||=5.175e-07
 step= 77000  E=4.908180602806e+02  Q=9.580000000000e+02  λ=9.277503e-01  dt=9.740e-04  relΔE=3.822e-14  ||F||=4.612e-07
 step= 77500  E=4.908180602703e+02  Q=9.580000000000e+02  λ=9.277503e-01  dt=7.538e-04  relΔE=2.756e-14  ||F||=7.004e-07
 step= 78000  E=4.908180602612e+02  Q=9.580000000000e+02  λ=9.277503e-01  dt=1.167e-03  relΔE=3.845e-14  ||F||=3.817e-07
 step= 78500  E=4.908180602528e+02  Q=9.580000000000e+02  λ=9.277503e-01  dt=9.031e-04  relΔE=2.756e-14  ||F||=3.606e-07
 step= 79000  E=4.908180602449e+02  Q=9.580000000000e+02  λ=9.277503e-01  dt=1.398e-03  relΔE=2.606e-14  ||F||=3.029e-05
 step= 79500  E=4.908180602382e+02  Q=9.580000000000e+02  λ=9.277503e-01  dt=1.082e-03  relΔE=2.652e-14  ||F||=2.903e-07
 step= 80000  E=4.908180602317e+02  Q=9.580000000000e+02  λ=9.277503e-01  dt=8.374e-04  relΔE=1.876e-14  ||F||=3.061e-07
 step= 80500  E=4.908180602259e+02  Q=9.580000000000e+02  λ=9.277503e-01  dt=1.296e-03  relΔE=2.698e-14  ||F||=4.600e-07
 step= 81000  E=4.908180602207e+02  Q=9.580000000000e+02  λ=9.277503e-01  dt=1.003e-03  relΔE=1.853e-14  ||F||=2.211e-07
 step= 81500  E=4.908180602158e+02  Q=9.580000000000e+02  λ=9.277503e-01  dt=7.765e-04  relΔE=1.332e-14  ||F||=3.621e-07
 step= 82000  E=4.908180602114e+02  Q=9.580000000000e+02  λ=9.277503e-01  dt=1.202e-03  relΔE=1.876e-14  ||F||=1.833e-07
 step= 82500  E=4.908180602074e+02  Q=9.580000000000e+02  λ=9.277503e-01  dt=9.303e-04  relΔE=1.320e-14  ||F||=1.761e-07
 step= 83000  E=4.908180602037e+02  Q=9.580000000000e+02  λ=9.277503e-01  dt=7.200e-04  relΔE=9.613e-15  ||F||=9.079e-07
 step= 83500  E=4.908180602004e+02  Q=9.580000000000e+02  λ=9.277503e-01  dt=1.115e-03  relΔE=1.320e-14  ||F||=1.394e-07
 step= 84000  E=4.908180601974e+02  Q=9.580000000000e+02  λ=9.277503e-01  dt=8.626e-04  relΔE=9.613e-15  ||F||=1.584e-07
 step= 84500  E=4.908180601946e+02  Q=9.580000000000e+02  λ=9.277503e-01  dt=1.335e-03  relΔE=1.286e-14  ||F||=1.172e-06
 step= 85000  E=4.908180601921e+02  Q=9.580000000000e+02  λ=9.277503e-01  dt=1.033e-03  relΔE=9.265e-15  ||F||=1.073e-07
 step= 85500  E=4.908180601898e+02  Q=9.580000000000e+02  λ=9.277503e-01  dt=7.999e-04  relΔE=6.717e-15  ||F||=1.684e-07
 step= 86000  E=4.908180601877e+02  Q=9.580000000000e+02  λ=9.277503e-01  dt=1.238e-03  relΔE=9.033e-15  ||F||=9.353e-08
 step= 86500  E=4.908180601858e+02  Q=9.580000000000e+02  λ=9.277503e-01  dt=9.583e-04  relΔE=6.486e-15  ||F||=8.449e-08
 step= 87000  E=4.908180601840e+02  Q=9.580000000000e+02  λ=9.277503e-01  dt=7.417e-04  relΔE=4.864e-15  ||F||=3.000e-07
 step= 87500  E=4.908180601824e+02  Q=9.580000000000e+02  λ=9.277503e-01  dt=1.148e-03  relΔE=6.717e-15  ||F||=6.697e-08
 step= 88000  E=4.908180601810e+02  Q=9.580000000000e+02  λ=9.277503e-01  dt=8.885e-04  relΔE=4.517e-15  ||F||=7.651e-08
 step= 88500  E=4.908180601796e+02  Q=9.580000000000e+02  λ=9.277503e-01  dt=1.375e-03  relΔE=6.022e-15  ||F||=6.279e-06
 step= 89000  E=4.908180601784e+02  Q=9.580000000000e+02  λ=9.277503e-01  dt=1.065e-03  relΔE=4.633e-15  ||F||=5.178e-08
 Converged (aggressive): step=89190, E=4.908180601780e+02, Q=9.580000000000e+02, dt=9.198e-04, ||F||=4.995e-08

Stationary candidate (aggressive): E=4.908180601780e+02, Q=9.580000000000e+02, maxρ=7.809000e-01

=== Stability test (damped inertial dynamics) ===
Perturb eps=0.02, gamma=1
t=0: E=5.376005349953e+02, Q=9.580000000000e+02, maxρ=8.056121e-01, σ=2.574837e+00, Rc=1.851266e+01
 step=     1  E=5.376002998537e+02  Q=9.580000000000e+02  λ=1.314129e+00  maxρ=8.056121e-01  minρ=1.000e-15  σ=2.574837e+00  Rc=1.851266e+01
 step=   300  E=5.279588540632e+02  Q=9.580000000000e+02  λ=1.211231e+00  maxρ=8.042454e-01  minρ=1.000e-15  σ=2.574834e+00  Rc=1.851266e+01
 step=   600  E=5.085665698182e+02  Q=9.580000000000e+02  λ=1.024883e+00  maxρ=8.003920e-01  minρ=1.000e-15  σ=2.574828e+00  Rc=1.851266e+01
 step=   900  E=4.972113102471e+02  Q=9.580000000000e+02  λ=9.654436e-01  maxρ=7.946925e-01  minρ=1.000e-15  σ=2.574827e+00  Rc=1.851266e+01
 step=  1200  E=5.015252604137e+02  Q=9.580000000000e+02  λ=1.072832e+00  maxρ=7.921140e-01  minρ=1.000e-15  σ=2.574829e+00  Rc=1.851265e+01
 step=  1500  E=5.131532120265e+02  Q=9.580000000000e+02  λ=1.189422e+00  maxρ=7.969092e-01  minρ=1.000e-15  σ=2.574831e+00  Rc=1.851265e+01
 step=  1800  E=5.191029608478e+02  Q=9.580000000000e+02  λ=1.175565e+00  maxρ=7.994597e-01  minρ=1.000e-15  σ=2.574828e+00  Rc=1.851265e+01
 step=  2100  E=5.156208167577e+02  Q=9.580000000000e+02  λ=1.074231e+00  maxρ=7.953897e-01  minρ=1.000e-15  σ=2.574825e+00  Rc=1.851265e+01
 step=  2400  E=5.094793061975e+02  Q=9.580000000000e+02  λ=1.027180e+00  maxρ=7.875923e-01  minρ=1.000e-15  σ=2.574825e+00  Rc=1.851265e+01
 step=  2700  E=5.079629220866e+02  Q=9.580000000000e+02  λ=1.081868e+00  maxρ=7.907213e-01  minρ=1.000e-15  σ=2.574829e+00  Rc=1.851265e+01
 step=  3000  E=5.109423726512e+02  Q=9.580000000000e+02  λ=1.148003e+00  maxρ=8.006528e-01  minρ=1.000e-15  σ=2.574829e+00  Rc=1.851265e+01
 step=  3300  E=5.132096047587e+02  Q=9.580000000000e+02  λ=1.135909e+00  maxρ=8.027075e-01  minρ=1.000e-15  σ=2.574825e+00  Rc=1.851265e+01
 step=  3600  E=5.118561459750e+02  Q=9.580000000000e+02  λ=1.071229e+00  maxρ=7.979827e-01  minρ=1.000e-15  σ=2.574821e+00  Rc=1.851265e+01
 step=  3900  E=5.090004397844e+02  Q=9.580000000000e+02  λ=1.042152e+00  maxρ=7.979880e-01  minρ=1.000e-15  σ=2.574821e+00  Rc=1.851265e+01
 step=  4200  E=5.079352749280e+02  Q=9.580000000000e+02  λ=1.074683e+00  maxρ=7.952158e-01  minρ=1.000e-15  σ=2.574825e+00  Rc=1.851264e+01
 step=  4500  E=5.089512947398e+02  Q=9.580000000000e+02  λ=1.110266e+00  maxρ=7.930955e-01  minρ=1.000e-15  σ=2.574826e+00  Rc=1.851264e+01
 step=  4800  E=5.098752098968e+02  Q=9.580000000000e+02  λ=1.097960e+00  maxρ=7.964075e-01  minρ=1.000e-15  σ=2.574822e+00  Rc=1.851264e+01
 step=  5100  E=5.093855795109e+02  Q=9.580000000000e+02  λ=1.060328e+00  maxρ=7.974516e-01  minρ=1.000e-15  σ=2.574817e+00  Rc=1.851264e+01
 step=  5400  E=5.083059075289e+02  Q=9.580000000000e+02  λ=1.050104e+00  maxρ=7.965147e-01  minρ=1.000e-15  σ=2.574815e+00  Rc=1.851264e+01
 step=  5700  E=5.078700084643e+02  Q=9.580000000000e+02  λ=1.073982e+00  maxρ=7.937974e-01  minρ=1.000e-15  σ=2.574817e+00  Rc=1.851263e+01
 step=  6000  E=5.080321012767e+02  Q=9.580000000000e+02  λ=1.091409e+00  maxρ=7.917365e-01  minρ=1.000e-15  σ=2.574817e+00  Rc=1.851263e+01
 >>> No runaway detected in this horizon. Likely stable (within this model & box).

STABILITY: PASS
