
=== Aggressive relaxation to Q = 637 ===
Initial: E=1.071651278550e+03, Q=6.370000000000e+02, dt=1.000e-04
 step=     1  E=1.071622041592e+03  Q=6.370000000000e+02  λ=3.291700e+00  dt=1.000e-04  relΔE=2.728e-05  ||F||=6.777e-01
 step=   500  E=1.035976034217e+03  Q=6.370000000000e+02  λ=3.174053e+00  dt=6.192e-04  relΔE=1.291e-04  ||F||=6.381e-01
 step=  1000  E=9.367588054356e+02  Q=6.370000000000e+02  λ=2.850708e+00  dt=9.584e-04  relΔE=1.597e-04  ||F||=5.425e-01
 step=  1500  E=8.579746811221e+02  Q=6.370000000000e+02  λ=2.597916e+00  dt=7.418e-04  relΔE=1.082e-04  ||F||=4.862e-01
 step=  2000  E=8.000565894306e+02  Q=6.370000000000e+02  λ=2.414315e+00  dt=1.148e-03  relΔE=1.349e-04  ||F||=4.209e-01
 step=  2500  E=7.520158814350e+02  Q=6.370000000000e+02  λ=2.263113e+00  dt=8.887e-04  relΔE=9.006e-05  ||F||=3.790e-01
 step=  3000  E=7.123060605810e+02  Q=6.370000000000e+02  λ=2.139149e+00  dt=1.376e-03  relΔE=1.214e-04  ||F||=3.569e-01
 step=  3500  E=6.803527637675e+02  Q=6.370000000000e+02  λ=2.039816e+00  dt=1.065e-03  relΔE=8.313e-05  ||F||=3.164e-01
 step=  4000  E=6.524221598723e+02  Q=6.370000000000e+02  λ=1.953437e+00  dt=8.241e-04  relΔE=5.723e-05  ||F||=2.922e-01
 step=  4500  E=6.286080982969e+02  Q=6.370000000000e+02  λ=1.880202e+00  dt=1.276e-03  relΔE=7.929e-05  ||F||=2.713e-01
 step=  5000  E=6.082806438062e+02  Q=6.370000000000e+02  λ=1.817858e+00  dt=9.873e-04  relΔE=5.555e-05  ||F||=2.540e-01
 step=  5500  E=5.897098570627e+02  Q=6.370000000000e+02  λ=1.761135e+00  dt=7.641e-04  relΔE=3.984e-05  ||F||=2.407e-01
 step=  6000  E=5.738453344612e+02  Q=6.370000000000e+02  λ=1.712918e+00  dt=1.183e-03  relΔE=5.602e-05  ||F||=2.263e-01
 step=  6500  E=5.591989389617e+02  Q=6.370000000000e+02  λ=1.668525e+00  dt=9.154e-04  relΔE=4.054e-05  ||F||=2.160e-01
 step=  7000  E=5.454388121035e+02  Q=6.370000000000e+02  λ=1.627124e+00  dt=1.417e-03  relΔE=5.712e-05  ||F||=4.908e-01
 step=  7500  E=5.332606300381e+02  Q=6.370000000000e+02  λ=1.590401e+00  dt=1.097e-03  relΔE=4.438e-05  ||F||=2.016e-01
 step=  8000  E=5.212603273741e+02  Q=6.370000000000e+02  λ=1.554387e+00  dt=8.488e-04  relΔE=3.356e-05  ||F||=1.971e-01
 step=  8500  E=5.097378783461e+02  Q=6.370000000000e+02  λ=1.519861e+00  dt=1.314e-03  relΔE=5.128e-05  ||F||=1.937e-01
 step=  9000  E=4.988541720909e+02  Q=6.370000000000e+02  λ=1.487119e+00  dt=1.017e-03  relΔE=3.945e-05  ||F||=1.910e-01
 step=  9500  E=4.878910110835e+02  Q=6.370000000000e+02  λ=1.453940e+00  dt=7.871e-04  relΔE=3.048e-05  ||F||=1.887e-01
 step= 10000  E=4.775361841370e+02  Q=6.370000000000e+02  λ=1.422332e+00  dt=1.218e-03  relΔE=4.632e-05  ||F||=1.850e-01
 step= 10500  E=4.675963262389e+02  Q=6.370000000000e+02  λ=1.391561e+00  dt=9.430e-04  relΔE=3.482e-05  ||F||=1.804e-01
 step= 11000  E=4.579072935114e+02  Q=6.370000000000e+02  λ=1.361122e+00  dt=7.298e-04  relΔE=3.217e-05  ||F||=2.712e-01
 step= 11500  E=4.495335681583e+02  Q=6.370000000000e+02  λ=1.334341e+00  dt=1.130e-03  relΔE=3.640e-05  ||F||=1.652e-01
 step= 12000  E=4.418011885223e+02  Q=6.370000000000e+02  λ=1.309146e+00  dt=8.744e-04  relΔE=2.502e-05  ||F||=1.543e-01
 step= 12500  E=4.351542759887e+02  Q=6.370000000000e+02  λ=1.287086e+00  dt=1.353e-03  relΔE=3.304e-05  ||F||=1.425e-01
 step= 13000  E=4.298117840195e+02  Q=6.370000000000e+02  λ=1.268967e+00  dt=1.048e-03  relΔE=2.114e-05  ||F||=1.278e-01
 step= 13500  E=4.254036965784e+02  Q=6.370000000000e+02  λ=1.253700e+00  dt=8.108e-04  relΔE=1.300e-05  ||F||=1.134e-01
 step= 14000  E=4.220265184498e+02  Q=6.370000000000e+02  λ=1.241744e+00  dt=1.255e-03  relΔE=1.545e-05  ||F||=9.893e-02
 step= 14500  E=4.195162843139e+02  Q=6.370000000000e+02  λ=1.232620e+00  dt=9.713e-04  relΔE=8.976e-06  ||F||=8.546e-02
 step= 15000  E=4.176747108328e+02  Q=6.370000000000e+02  λ=1.225745e+00  dt=1.253e-03  relΔE=8.508e-06  ||F||=7.309e-02
 step= 15500  E=4.163211441851e+02  Q=6.370000000000e+02  λ=1.220523e+00  dt=9.698e-04  relΔE=4.717e-06  ||F||=6.176e-02
 step= 16000  E=4.153749564233e+02  Q=6.370000000000e+02  λ=1.216740e+00  dt=1.251e-03  relΔE=4.314e-06  ||F||=5.194e-02
 step= 16500  E=4.147000811451e+02  Q=6.370000000000e+02  λ=1.213920e+00  dt=9.682e-04  relΔE=2.321e-06  ||F||=4.326e-02
 step= 17000  E=4.142413906698e+02  Q=6.370000000000e+02  λ=1.211906e+00  dt=1.249e-03  relΔE=2.074e-06  ||F||=3.599e-02
 step= 17500  E=4.139202272594e+02  Q=6.370000000000e+02  λ=1.210410e+00  dt=9.666e-04  relΔE=1.095e-06  ||F||=2.970e-02
 step= 18000  E=4.136964919517e+02  Q=6.370000000000e+02  λ=1.209292e+00  dt=7.481e-04  relΔE=5.840e-07  ||F||=2.466e-02
 step= 18500  E=4.135530120553e+02  Q=6.370000000000e+02  λ=1.208515e+00  dt=1.158e-03  relΔE=5.973e-07  ||F||=2.003e-02
 step= 19000  E=4.134533446186e+02  Q=6.370000000000e+02  λ=1.207924e+00  dt=8.963e-04  relΔE=3.100e-07  ||F||=1.639e-02
 step= 19500  E=4.133858768284e+02  Q=6.370000000000e+02  λ=1.207479e+00  dt=1.387e-03  relΔE=3.190e-07  ||F||=1.463e-02
 step= 20000  E=4.133424577507e+02  Q=6.370000000000e+02  λ=1.207157e+00  dt=1.074e-03  relΔE=1.673e-07  ||F||=1.099e-02
 step= 20500  E=4.133122615959e+02  Q=6.370000000000e+02  λ=1.206903e+00  dt=8.311e-04  relΔE=8.669e-08  ||F||=8.991e-03
 step= 21000  E=4.132921122590e+02  Q=6.370000000000e+02  λ=1.206707e+00  dt=1.286e-03  relΔE=9.010e-08  ||F||=7.363e-03
 step= 21500  E=4.132787866587e+02  Q=6.370000000000e+02  λ=1.206557e+00  dt=9.957e-04  relΔE=4.745e-08  ||F||=6.068e-03
 step= 22000  E=4.132694085981e+02  Q=6.370000000000e+02  λ=1.206433e+00  dt=7.706e-04  relΔE=2.505e-08  ||F||=5.007e-03
 step= 22500  E=4.132632521540e+02  Q=6.370000000000e+02  λ=1.206338e+00  dt=1.193e-03  relΔE=2.644e-08  ||F||=4.129e-03
 step= 23000  E=4.132589362502e+02  Q=6.370000000000e+02  λ=1.206258e+00  dt=9.233e-04  relΔE=1.417e-08  ||F||=3.430e-03
 step= 23500  E=4.132558635594e+02  Q=6.370000000000e+02  λ=1.206192e+00  dt=1.429e-03  relΔE=1.191e-08  ||F||=1.435e-02
 step= 24000  E=4.132538170951e+02  Q=6.370000000000e+02  λ=1.206139e+00  dt=1.106e-03  relΔE=8.424e-09  ||F||=2.408e-03
 step= 24500  E=4.132522961514e+02  Q=6.370000000000e+02  λ=1.206094e+00  dt=8.561e-04  relΔE=4.679e-09  ||F||=2.035e-03
 step= 25000  E=4.132511949422e+02  Q=6.370000000000e+02  λ=1.206055e+00  dt=1.325e-03  relΔE=5.276e-09  ||F||=1.733e-03
 step= 25500  E=4.132504050280e+02  Q=6.370000000000e+02  λ=1.206023e+00  dt=1.026e-03  relΔE=3.049e-09  ||F||=1.492e-03
 step= 26000  E=4.132497941251e+02  Q=6.370000000000e+02  λ=1.205995e+00  dt=7.938e-04  relΔE=1.780e-09  ||F||=1.292e-03
 step= 26500  E=4.132493389225e+02  Q=6.370000000000e+02  λ=1.205971e+00  dt=1.229e-03  relΔE=2.112e-09  ||F||=1.128e-03
 step= 27000  E=4.132489875758e+02  Q=6.370000000000e+02  λ=1.205950e+00  dt=9.510e-04  relΔE=1.276e-09  ||F||=9.930e-04
 step= 27500  E=4.132487019372e+02  Q=6.370000000000e+02  λ=1.205932e+00  dt=7.361e-04  relΔE=8.437e-10  ||F||=9.205e-04
 step= 28000  E=4.132484871153e+02  Q=6.370000000000e+02  λ=1.205916e+00  dt=1.139e-03  relΔE=9.661e-10  ||F||=7.836e-04
 step= 28500  E=4.132483082400e+02  Q=6.370000000000e+02  λ=1.205902e+00  dt=8.818e-04  relΔE=6.042e-10  ||F||=7.018e-04
 step= 29000  E=4.132481617328e+02  Q=6.370000000000e+02  λ=1.205890e+00  dt=1.365e-03  relΔE=7.610e-10  ||F||=6.425e-04
 step= 29500  E=4.132480458752e+02  Q=6.370000000000e+02  λ=1.205879e+00  dt=1.056e-03  relΔE=4.868e-10  ||F||=5.710e-04
 step= 30000  E=4.132479469612e+02  Q=6.370000000000e+02  λ=1.205869e+00  dt=8.177e-04  relΔE=3.121e-10  ||F||=5.176e-04
 step= 30500  E=4.132478657183e+02  Q=6.370000000000e+02  λ=1.205860e+00  dt=1.266e-03  relΔE=4.015e-10  ||F||=4.698e-04
 step= 31000  E=4.132477988576e+02  Q=6.370000000000e+02  λ=1.205853e+00  dt=9.796e-04  relΔE=2.607e-10  ||F||=4.284e-04
 step= 31500  E=4.132477406636e+02  Q=6.370000000000e+02  λ=1.205846e+00  dt=7.582e-04  relΔE=1.719e-10  ||F||=3.940e-04
 step= 32000  E=4.132476938536e+02  Q=6.370000000000e+02  λ=1.205840e+00  dt=1.174e-03  relΔE=2.209e-10  ||F||=3.567e-04
 step= 32500  E=4.132476533936e+02  Q=6.370000000000e+02  λ=1.205834e+00  dt=9.084e-04  relΔE=1.444e-10  ||F||=3.261e-04
 step= 33000  E=4.132476185075e+02  Q=6.370000000000e+02  λ=1.205829e+00  dt=1.406e-03  relΔE=1.869e-10  ||F||=4.543e-04
 step= 33500  E=4.132475903596e+02  Q=6.370000000000e+02  λ=1.205824e+00  dt=1.088e-03  relΔE=1.244e-10  ||F||=2.732e-04
 step= 34000  E=4.132475655164e+02  Q=6.370000000000e+02  λ=1.205820e+00  dt=8.423e-04  relΔE=8.181e-11  ||F||=2.501e-04
 step= 34500  E=4.132475444796e+02  Q=6.370000000000e+02  λ=1.205817e+00  dt=1.304e-03  relΔE=1.077e-10  ||F||=2.290e-04
 step= 35000  E=4.132475269390e+02  Q=6.370000000000e+02  λ=1.205813e+00  dt=1.009e-03  relΔE=7.128e-11  ||F||=2.102e-04
 step= 35500  E=4.132475114294e+02  Q=6.370000000000e+02  λ=1.205810e+00  dt=7.810e-04  relΔE=4.733e-11  ||F||=1.933e-04
 step= 36000  E=4.132474985747e+02  Q=6.370000000000e+02  λ=1.205807e+00  dt=1.209e-03  relΔE=6.236e-11  ||F||=1.766e-04
 step= 36500  E=4.132474874694e+02  Q=6.370000000000e+02  λ=1.205805e+00  dt=9.357e-04  relΔE=4.139e-11  ||F||=1.620e-04
 step= 37000  E=4.132474776790e+02  Q=6.370000000000e+02  λ=1.205802e+00  dt=1.448e-03  relΔE=7.615e-12  ||F||=1.628e-03
 step= 37500  E=4.132474696867e+02  Q=6.370000000000e+02  λ=1.205800e+00  dt=1.121e-03  relΔE=3.658e-11  ||F||=1.363e-04
 step= 38000  E=4.132474626391e+02  Q=6.370000000000e+02  λ=1.205798e+00  dt=7.230e-04  relΔE=2.035e-11  ||F||=1.251e-04
 step= 38500  E=4.132474566771e+02  Q=6.370000000000e+02  λ=1.205797e+00  dt=1.119e-03  relΔE=2.722e-11  ||F||=1.149e-04
 step= 39000  E=4.132474513561e+02  Q=6.370000000000e+02  λ=1.205795e+00  dt=8.662e-04  relΔE=1.818e-11  ||F||=1.053e-04
 step= 39500  E=4.132474467564e+02  Q=6.370000000000e+02  λ=1.205794e+00  dt=1.341e-03  relΔE=2.429e-11  ||F||=9.682e-05
 step= 40000  E=4.132474428848e+02  Q=6.370000000000e+02  λ=1.205792e+00  dt=1.038e-03  relΔE=1.633e-11  ||F||=8.868e-05
 step= 40500  E=4.132474394221e+02  Q=6.370000000000e+02  λ=1.205791e+00  dt=8.032e-04  relΔE=1.098e-11  ||F||=8.139e-05
 step= 41000  E=4.132474364579e+02  Q=6.370000000000e+02  λ=1.205790e+00  dt=1.243e-03  relΔE=1.475e-11  ||F||=7.456e-05
 step= 41500  E=4.132474339007e+02  Q=6.370000000000e+02  λ=1.205789e+00  dt=9.623e-04  relΔE=9.961e-12  ||F||=6.847e-05
 step= 42000  E=4.132474315843e+02  Q=6.370000000000e+02  λ=1.205788e+00  dt=7.448e-04  relΔE=7.107e-12  ||F||=6.607e-05
 step= 42500  E=4.132474296658e+02  Q=6.370000000000e+02  λ=1.205787e+00  dt=1.153e-03  relΔE=9.103e-12  ||F||=5.760e-05
 step= 43000  E=4.132474279320e+02  Q=6.370000000000e+02  λ=1.205786e+00  dt=8.923e-04  relΔE=6.169e-12  ||F||=5.283e-05
 step= 43500  E=4.132474263961e+02  Q=6.370000000000e+02  λ=1.205785e+00  dt=1.381e-03  relΔE=8.349e-12  ||F||=5.567e-05
 step= 44000  E=4.132474250995e+02  Q=6.370000000000e+02  λ=1.205785e+00  dt=1.069e-03  relΔE=5.705e-12  ||F||=4.447e-05
 step= 44500  E=4.132474239191e+02  Q=6.370000000000e+02  λ=1.205784e+00  dt=8.273e-04  relΔE=3.890e-12  ||F||=4.083e-05
 step= 45000  E=4.132474228856e+02  Q=6.370000000000e+02  λ=1.205784e+00  dt=1.281e-03  relΔE=5.303e-12  ||F||=3.738e-05
 step= 45500  E=4.132474219912e+02  Q=6.370000000000e+02  λ=1.205783e+00  dt=9.912e-04  relΔE=3.636e-12  ||F||=3.434e-05
 step= 46000  E=4.132474211675e+02  Q=6.370000000000e+02  λ=1.205783e+00  dt=7.672e-04  relΔE=2.518e-12  ||F||=3.196e-05
 step= 46500  E=4.132474204669e+02  Q=6.370000000000e+02  λ=1.205782e+00  dt=1.188e-03  relΔE=3.422e-12  ||F||=2.888e-05
 step= 47000  E=4.132474198329e+02  Q=6.370000000000e+02  λ=1.205782e+00  dt=9.191e-04  relΔE=2.354e-12  ||F||=2.650e-05
 step= 47500  E=4.132474192549e+02  Q=6.370000000000e+02  λ=1.205781e+00  dt=1.423e-03  relΔE=3.056e-12  ||F||=1.083e-04
 step= 48000  E=4.132474187673e+02  Q=6.370000000000e+02  λ=1.205781e+00  dt=1.101e-03  relΔE=2.241e-12  ||F||=2.230e-05
 step= 48500  E=4.132474183147e+02  Q=6.370000000000e+02  λ=1.205781e+00  dt=8.522e-04  relΔE=1.549e-12  ||F||=2.046e-05
 step= 49000  E=4.132474179104e+02  Q=6.370000000000e+02  λ=1.205781e+00  dt=1.319e-03  relΔE=2.141e-12  ||F||=1.876e-05
 step= 49500  E=4.132474175578e+02  Q=6.370000000000e+02  λ=1.205780e+00  dt=1.021e-03  relΔE=1.488e-12  ||F||=1.722e-05
 step= 50000  E=4.132474172303e+02  Q=6.370000000000e+02  λ=1.205780e+00  dt=7.902e-04  relΔE=1.037e-12  ||F||=1.594e-05
 step= 50500  E=4.132474169435e+02  Q=6.370000000000e+02  λ=1.205780e+00  dt=1.223e-03  relΔE=1.436e-12  ||F||=1.448e-05
 step= 51000  E=4.132474166858e+02  Q=6.370000000000e+02  λ=1.205780e+00  dt=9.467e-04  relΔE=1.001e-12  ||F||=1.329e-05
 step= 51500  E=4.132474164451e+02  Q=6.370000000000e+02  λ=1.205779e+00  dt=7.327e-04  relΔE=7.893e-13  ||F||=1.685e-05
 step= 52000  E=4.132474162402e+02  Q=6.370000000000e+02  λ=1.205779e+00  dt=1.134e-03  relΔE=9.750e-13  ||F||=1.118e-05
 step= 52500  E=4.132474160483e+02  Q=6.370000000000e+02  λ=1.205779e+00  dt=8.779e-04  relΔE=6.807e-13  ||F||=1.026e-05
 step= 53000  E=4.132474158741e+02  Q=6.370000000000e+02  λ=1.205779e+00  dt=1.359e-03  relΔE=9.510e-13  ||F||=9.867e-06
 step= 53500  E=4.132474157215e+02  Q=6.370000000000e+02  λ=1.205779e+00  dt=1.052e-03  relΔE=6.671e-13  ||F||=8.632e-06
 step= 54000  E=4.132474155791e+02  Q=6.370000000000e+02  λ=1.205779e+00  dt=8.140e-04  relΔE=4.688e-13  ||F||=7.976e-06
 step= 54500  E=4.132474154514e+02  Q=6.370000000000e+02  λ=1.205779e+00  dt=1.260e-03  relΔE=6.560e-13  ||F||=7.257e-06
 step= 55000  E=4.132474153372e+02  Q=6.370000000000e+02  λ=1.205779e+00  dt=9.752e-04  relΔE=4.612e-13  ||F||=6.665e-06
 step= 55500  E=4.132474152295e+02  Q=6.370000000000e+02  λ=1.205778e+00  dt=7.548e-04  relΔE=3.304e-13  ||F||=6.639e-06
 step= 56000  E=4.132474151361e+02  Q=6.370000000000e+02  λ=1.205778e+00  dt=1.168e-03  relΔE=4.559e-13  ||F||=5.606e-06
 step= 56500  E=4.132474150490e+02  Q=6.370000000000e+02  λ=1.205778e+00  dt=9.043e-04  relΔE=3.201e-13  ||F||=5.146e-06
 step= 57000  E=4.132474149684e+02  Q=6.370000000000e+02  λ=1.205778e+00  dt=1.400e-03  relΔE=4.490e-13  ||F||=1.352e-05
 step= 57500  E=4.132474148983e+02  Q=6.370000000000e+02  λ=1.205778e+00  dt=1.083e-03  relΔE=3.183e-13  ||F||=4.328e-06
 step= 58000  E=4.132474148323e+02  Q=6.370000000000e+02  λ=1.205778e+00  dt=8.385e-04  relΔE=2.243e-13  ||F||=3.984e-06
 step= 58500  E=4.132474147723e+02  Q=6.370000000000e+02  λ=1.205778e+00  dt=1.298e-03  relΔE=3.164e-13  ||F||=3.641e-06
 step= 59000  E=4.132474147188e+02  Q=6.370000000000e+02  λ=1.205778e+00  dt=1.005e-03  relΔE=2.237e-13  ||F||=3.342e-06
 step= 59500  E=4.132474146681e+02  Q=6.370000000000e+02  λ=1.205778e+00  dt=7.775e-04  relΔE=1.587e-13  ||F||=3.275e-06
 step= 60000  E=4.132474146235e+02  Q=6.370000000000e+02  λ=1.205778e+00  dt=1.203e-03  relΔE=2.230e-13  ||F||=2.810e-06
 step= 60500  E=4.132474145823e+02  Q=6.370000000000e+02  λ=1.205778e+00  dt=9.315e-04  relΔE=1.575e-13  ||F||=2.580e-06
 step= 61000  E=4.132474145435e+02  Q=6.370000000000e+02  λ=1.205778e+00  dt=1.442e-03  relΔE=1.176e-13  ||F||=7.759e-05
 step= 61500  E=4.132474145100e+02  Q=6.370000000000e+02  λ=1.205778e+00  dt=1.116e-03  relΔE=1.579e-13  ||F||=2.170e-06
 step= 62000  E=4.132474144782e+02  Q=6.370000000000e+02  λ=1.205778e+00  dt=8.637e-04  relΔE=1.116e-13  ||F||=2.000e-06
 step= 62500  E=4.132474144491e+02  Q=6.370000000000e+02  λ=1.205778e+00  dt=1.337e-03  relΔE=1.580e-13  ||F||=1.889e-06
 step= 63000  E=4.132474144232e+02  Q=6.370000000000e+02  λ=1.205778e+00  dt=1.035e-03  relΔE=1.120e-13  ||F||=1.675e-06
 step= 63500  E=4.132474143988e+02  Q=6.370000000000e+02  λ=1.205778e+00  dt=8.009e-04  relΔE=7.964e-14  ||F||=1.599e-06
 step= 64000  E=4.132474143768e+02  Q=6.370000000000e+02  λ=1.205778e+00  dt=1.240e-03  relΔE=1.117e-13  ||F||=1.408e-06
 step= 64500  E=4.132474143569e+02  Q=6.370000000000e+02  λ=1.205778e+00  dt=9.595e-04  relΔE=7.923e-14  ||F||=1.294e-06
 step= 65000  E=4.132474143379e+02  Q=6.370000000000e+02  λ=1.205778e+00  dt=7.426e-04  relΔE=6.066e-14  ||F||=2.468e-06
 step= 65500  E=4.132474143214e+02  Q=6.370000000000e+02  λ=1.205778e+00  dt=1.149e-03  relΔE=7.964e-14  ||F||=1.088e-06
 step= 66000  E=4.132474143059e+02  Q=6.370000000000e+02  λ=1.205778e+00  dt=8.897e-04  relΔE=5.667e-14  ||F||=1.005e-06
 step= 66500  E=4.132474142915e+02  Q=6.370000000000e+02  λ=1.205778e+00  dt=1.377e-03  relΔE=8.061e-14  ||F||=1.988e-06
 step= 67000  E=4.132474142788e+02  Q=6.370000000000e+02  λ=1.205778e+00  dt=1.066e-03  relΔE=5.708e-14  ||F||=8.397e-07
 step= 67500  E=4.132474142668e+02  Q=6.370000000000e+02  λ=1.205778e+00  dt=8.250e-04  relΔE=4.017e-14  ||F||=8.119e-07
 step= 68000  E=4.132474142559e+02  Q=6.370000000000e+02  λ=1.205778e+00  dt=1.277e-03  relΔE=5.681e-14  ||F||=7.065e-07
 step= 68500  E=4.132474142460e+02  Q=6.370000000000e+02  λ=1.205778e+00  dt=9.883e-04  relΔE=4.127e-14  ||F||=6.486e-07
 step= 69000  E=4.132474142367e+02  Q=6.370000000000e+02  λ=1.205778e+00  dt=7.649e-04  relΔE=2.930e-14  ||F||=9.583e-07
 step= 69500  E=4.132474142285e+02  Q=6.370000000000e+02  λ=1.205778e+00  dt=1.184e-03  relΔE=4.085e-14  ||F||=5.452e-07
 step= 70000  E=4.132474142208e+02  Q=6.370000000000e+02  λ=1.205778e+00  dt=9.164e-04  relΔE=2.847e-14  ||F||=5.031e-07
 step= 70500  E=4.132474142136e+02  Q=6.370000000000e+02  λ=1.205778e+00  dt=1.419e-03  relΔE=3.783e-14  ||F||=1.247e-05
 step= 71000  E=4.132474142073e+02  Q=6.370000000000e+02  λ=1.205778e+00  dt=1.098e-03  relΔE=2.916e-14  ||F||=4.210e-07
 step= 71500  E=4.132474142013e+02  Q=6.370000000000e+02  λ=1.205778e+00  dt=8.498e-04  relΔE=2.118e-14  ||F||=3.968e-07
 step= 72000  E=4.132474141959e+02  Q=6.370000000000e+02  λ=1.205778e+00  dt=1.315e-03  relΔE=2.916e-14  ||F||=3.656e-07
 step= 72500  E=4.132474141910e+02  Q=6.370000000000e+02  λ=1.205778e+00  dt=1.018e-03  relΔE=2.077e-14  ||F||=3.252e-07
 step= 73000  E=4.132474141864e+02  Q=6.370000000000e+02  λ=1.205778e+00  dt=7.879e-04  relΔE=1.486e-14  ||F||=3.868e-07
 step= 73500  E=4.132474141822e+02  Q=6.370000000000e+02  λ=1.205778e+00  dt=1.220e-03  relΔE=2.063e-14  ||F||=2.733e-07
 step= 74000  E=4.132474141784e+02  Q=6.370000000000e+02  λ=1.205778e+00  dt=9.440e-04  relΔE=1.499e-14  ||F||=2.523e-07
 step= 74500  E=4.132474141748e+02  Q=6.370000000000e+02  λ=1.205778e+00  dt=7.306e-04  relΔE=1.252e-14  ||F||=1.672e-06
 step= 75000  E=4.132474141717e+02  Q=6.370000000000e+02  λ=1.205778e+00  dt=1.131e-03  relΔE=1.527e-14  ||F||=2.111e-07
 step= 75500  E=4.132474141687e+02  Q=6.370000000000e+02  λ=1.205778e+00  dt=8.753e-04  relΔE=1.100e-14  ||F||=2.024e-07
 step= 76000  E=4.132474141660e+02  Q=6.370000000000e+02  λ=1.205778e+00  dt=1.355e-03  relΔE=1.486e-14  ||F||=3.849e-07
 step= 76500  E=4.132474141636e+02  Q=6.370000000000e+02  λ=1.205778e+00  dt=1.049e-03  relΔE=1.032e-14  ||F||=1.631e-07
 step= 77000  E=4.132474141613e+02  Q=6.370000000000e+02  λ=1.205778e+00  dt=8.116e-04  relΔE=8.391e-15  ||F||=1.883e-07
 step= 77500  E=4.132474141592e+02  Q=6.370000000000e+02  λ=1.205778e+00  dt=1.256e-03  relΔE=1.059e-14  ||F||=1.372e-07
 step= 78000  E=4.132474141573e+02  Q=6.370000000000e+02  λ=1.205778e+00  dt=9.724e-04  relΔE=7.565e-15  ||F||=1.265e-07
 step= 78500  E=4.132474141555e+02  Q=6.370000000000e+02  λ=1.205778e+00  dt=7.526e-04  relΔE=5.502e-15  ||F||=4.176e-07
 step= 79000  E=4.132474141539e+02  Q=6.370000000000e+02  λ=1.205778e+00  dt=1.165e-03  relΔE=7.428e-15  ||F||=1.058e-07
 step= 79500  E=4.132474141524e+02  Q=6.370000000000e+02  λ=1.205778e+00  dt=9.017e-04  relΔE=5.777e-15  ||F||=1.021e-07
 step= 80000  E=4.132474141510e+02  Q=6.370000000000e+02  λ=1.205778e+00  dt=1.396e-03  relΔE=7.841e-15  ||F||=1.795e-06
 step= 80500  E=4.132474141498e+02  Q=6.370000000000e+02  λ=1.205778e+00  dt=1.080e-03  relΔE=5.502e-15  ||F||=8.178e-08
 step= 81000  E=4.132474141487e+02  Q=6.370000000000e+02  λ=1.205778e+00  dt=8.361e-04  relΔE=3.851e-15  ||F||=9.863e-08
 step= 81500  E=4.132474141476e+02  Q=6.370000000000e+02  λ=1.205778e+00  dt=1.294e-03  relΔE=5.915e-15  ||F||=7.106e-08
 step= 82000  E=4.132474141467e+02  Q=6.370000000000e+02  λ=1.205778e+00  dt=1.002e-03  relΔE=3.989e-15  ||F||=6.339e-08
 step= 82500  E=4.132474141458e+02  Q=6.370000000000e+02  λ=1.205778e+00  dt=7.752e-04  relΔE=3.164e-15  ||F||=1.582e-07
 step= 83000  E=4.132474141450e+02  Q=6.370000000000e+02  λ=1.205778e+00  dt=1.200e-03  relΔE=4.127e-15  ||F||=5.305e-08
 Converged (aggressive): step=83353, E=4.132474141445e+02, Q=6.370000000000e+02, dt=1.075e-03, ||F||=5.000e-08

Stationary candidate (aggressive): E=4.132474141445e+02, Q=6.370000000000e+02, maxρ=6.657018e-01

=== Stability test (damped inertial dynamics) ===
Perturb eps=0.02, gamma=1
t=0: E=4.442664834442e+02, Q=6.370000000000e+02, maxρ=6.868209e-01, σ=2.585948e+00, Rc=1.866270e+01
 step=     1  E=4.442663277347e+02  Q=6.370000000000e+02  λ=1.591393e+00  maxρ=6.868209e-01  minρ=1.000e-15  σ=2.585948e+00  Rc=1.866270e+01
 step=   300  E=4.378814108630e+02  Q=6.370000000000e+02  λ=1.488775e+00  maxρ=6.856559e-01  minρ=1.000e-15  σ=2.585945e+00  Rc=1.866270e+01
 step=   600  E=4.250351283210e+02  Q=6.370000000000e+02  λ=1.302877e+00  maxρ=6.823714e-01  minρ=1.000e-15  σ=2.585939e+00  Rc=1.866271e+01
 step=   900  E=4.175022836397e+02  Q=6.370000000000e+02  λ=1.243441e+00  maxρ=6.775134e-01  minρ=1.000e-15  σ=2.585938e+00  Rc=1.866271e+01
 step=  1200  E=4.203415680205e+02  Q=6.370000000000e+02  λ=1.350404e+00  maxρ=6.752375e-01  minρ=1.000e-15  σ=2.585941e+00  Rc=1.866270e+01
 step=  1500  E=4.280314344162e+02  Q=6.370000000000e+02  λ=1.466728e+00  maxρ=6.792831e-01  minρ=1.000e-15  σ=2.585942e+00  Rc=1.866270e+01
 step=  1800  E=4.319743071154e+02  Q=6.370000000000e+02  λ=1.453081e+00  maxρ=6.814581e-01  minρ=1.000e-15  σ=2.585940e+00  Rc=1.866270e+01
 step=  2100  E=4.296793152565e+02  Q=6.370000000000e+02  λ=1.352081e+00  maxρ=6.779902e-01  minρ=1.000e-15  σ=2.585936e+00  Rc=1.866270e+01
 step=  2400  E=4.256225621144e+02  Q=6.370000000000e+02  λ=1.305025e+00  maxρ=6.713224e-01  minρ=1.000e-15  σ=2.585936e+00  Rc=1.866270e+01
 step=  2700  E=4.246250744424e+02  Q=6.370000000000e+02  λ=1.359454e+00  maxρ=6.729596e-01  minρ=1.000e-15  σ=2.585940e+00  Rc=1.866270e+01
 step=  3000  E=4.266030958135e+02  Q=6.370000000000e+02  λ=1.425541e+00  maxρ=6.814106e-01  minρ=1.000e-15  σ=2.585940e+00  Rc=1.866270e+01
 step=  3300  E=4.281065133840e+02  Q=6.370000000000e+02  λ=1.413734e+00  maxρ=6.831578e-01  minρ=1.000e-15  σ=2.585936e+00  Rc=1.866270e+01
 step=  3600  E=4.272041796317e+02  Q=6.370000000000e+02  λ=1.349270e+00  maxρ=6.802530e-01  minρ=1.000e-15  σ=2.585932e+00  Rc=1.866270e+01
 step=  3900  E=4.252988297994e+02  Q=6.370000000000e+02  λ=1.319999e+00  maxρ=6.802587e-01  minρ=1.000e-15  σ=2.585932e+00  Rc=1.866269e+01
 step=  4200  E=4.245809045969e+02  Q=6.370000000000e+02  λ=1.352157e+00  maxρ=6.778974e-01  minρ=1.000e-15  σ=2.585936e+00  Rc=1.866269e+01
 step=  4500  E=4.252541310261e+02  Q=6.370000000000e+02  λ=1.387672e+00  maxρ=6.760890e-01  minρ=1.000e-15  σ=2.585937e+00  Rc=1.866269e+01
 step=  4800  E=4.258784965435e+02  Q=6.370000000000e+02  λ=1.375680e+00  maxρ=6.788560e-01  minρ=1.000e-15  σ=2.585933e+00  Rc=1.866269e+01
 step=  5100  E=4.255651769210e+02  Q=6.370000000000e+02  λ=1.338328e+00  maxρ=6.798052e-01  minρ=1.000e-15  σ=2.585928e+00  Rc=1.866269e+01
 step=  5400  E=4.248473725275e+02  Q=6.370000000000e+02  λ=1.328013e+00  maxρ=6.790102e-01  minρ=1.000e-15  σ=2.585926e+00  Rc=1.866268e+01
 step=  5700  E=4.245450859148e+02  Q=6.370000000000e+02  λ=1.351598e+00  maxρ=6.766985e-01  minρ=1.000e-15  σ=2.585928e+00  Rc=1.866268e+01
 step=  6000  E=4.246428051797e+02  Q=6.370000000000e+02  λ=1.368922e+00  maxρ=6.744642e-01  minρ=1.000e-15  σ=2.585929e+00  Rc=1.866268e+01
 >>> No runaway detected in this horizon. Likely stable (within this model & box).

STABILITY: PASS
