
=== Aggressive relaxation to Q = 1677 ===
Initial: E=2.817436201031e+03, Q=1.677000000000e+03, dt=1.000e-04
 step=     1  E=2.817328881241e+03  Q=1.677000000000e+03  λ=3.467754e+00  dt=1.000e-04  relΔE=3.809e-05  ||F||=8.003e-01
 step=   500  E=2.694105139622e+03  Q=1.677000000000e+03  λ=3.276689e+00  dt=6.192e-04  relΔE=1.638e-04  ||F||=7.145e-01
 step=  1000  E=2.388062918800e+03  Q=1.677000000000e+03  λ=2.839767e+00  dt=9.584e-04  relΔE=1.846e-04  ||F||=5.738e-01
 step=  1500  E=2.163101923720e+03  Q=1.677000000000e+03  λ=2.537314e+00  dt=7.418e-04  relΔE=1.196e-04  ||F||=5.003e-01
 step=  2000  E=2.004933251165e+03  Q=1.677000000000e+03  λ=2.330572e+00  dt=1.148e-03  relΔE=1.444e-04  ||F||=4.249e-01
 step=  2500  E=1.877930899509e+03  Q=1.677000000000e+03  λ=2.167124e+00  dt=8.887e-04  relΔE=9.424e-05  ||F||=3.775e-01
 step=  3000  E=1.775205563624e+03  Q=1.677000000000e+03  λ=2.036759e+00  dt=1.376e-03  relΔE=1.248e-04  ||F||=3.562e-01
 step=  3500  E=1.694036373423e+03  Q=1.677000000000e+03  λ=1.934623e+00  dt=1.065e-03  relΔE=8.433e-05  ||F||=3.099e-01
 step=  4000  E=1.623898159686e+03  Q=1.677000000000e+03  λ=1.847125e+00  dt=8.241e-04  relΔE=5.741e-05  ||F||=2.846e-01
 step=  4500  E=1.564731457752e+03  Q=1.677000000000e+03  λ=1.773937e+00  dt=1.276e-03  relΔE=7.879e-05  ||F||=2.630e-01
 step=  5000  E=1.514654396341e+03  Q=1.677000000000e+03  λ=1.712303e+00  dt=9.873e-04  relΔE=5.474e-05  ||F||=2.452e-01
 step=  5500  E=1.469274081176e+03  Q=1.677000000000e+03  λ=1.656787e+00  dt=7.641e-04  relΔE=3.900e-05  ||F||=2.317e-01
 step=  6000  E=1.430821971859e+03  Q=1.677000000000e+03  λ=1.610053e+00  dt=1.183e-03  relΔE=5.422e-05  ||F||=2.167e-01
 step=  6500  E=1.395681647554e+03  Q=1.677000000000e+03  λ=1.567510e+00  dt=9.154e-04  relΔE=3.883e-05  ||F||=2.058e-01
 step=  7000  E=1.362951892064e+03  Q=1.677000000000e+03  λ=1.528191e+00  dt=1.417e-03  relΔE=5.451e-05  ||F||=4.266e-01
 step=  7500  E=1.334239947791e+03  Q=1.677000000000e+03  λ=1.493680e+00  dt=1.097e-03  relΔE=4.157e-05  ||F||=1.902e-01
 step=  8000  E=1.306227196002e+03  Q=1.677000000000e+03  λ=1.460182e+00  dt=8.488e-04  relΔE=3.117e-05  ||F||=1.853e-01
 step=  8500  E=1.279490365621e+03  Q=1.677000000000e+03  λ=1.428305e+00  dt=1.314e-03  relΔE=4.746e-05  ||F||=1.819e-01
 step=  9000  E=1.254144902967e+03  Q=1.677000000000e+03  λ=1.398037e+00  dt=1.017e-03  relΔE=3.670e-05  ||F||=1.800e-01
 step=  9500  E=1.228300616076e+03  Q=1.677000000000e+03  λ=1.367102e+00  dt=7.871e-04  relΔE=2.885e-05  ||F||=1.795e-01
 step= 10000  E=1.203291470326e+03  Q=1.677000000000e+03  λ=1.337075e+00  dt=1.218e-03  relΔE=4.512e-05  ||F||=1.786e-01
 step= 10500  E=1.178398318639e+03  Q=1.677000000000e+03  λ=1.306996e+00  dt=9.430e-04  relΔE=3.537e-05  ||F||=1.779e-01
 step= 11000  E=1.152941719030e+03  Q=1.677000000000e+03  λ=1.276122e+00  dt=7.298e-04  relΔE=3.555e-05  ||F||=2.861e-01
 step= 11500  E=1.129676569591e+03  Q=1.677000000000e+03  λ=1.247806e+00  dt=1.130e-03  relΔE=4.140e-05  ||F||=1.721e-01
 step= 12000  E=1.106940554740e+03  Q=1.677000000000e+03  λ=1.220137e+00  dt=8.744e-04  relΔE=3.029e-05  ||F||=1.657e-01
 step= 12500  E=1.086206208167e+03  Q=1.677000000000e+03  λ=1.195046e+00  dt=1.353e-03  relΔE=4.247e-05  ||F||=1.569e-01
 step= 13000  E=1.068654157263e+03  Q=1.677000000000e+03  λ=1.173959e+00  dt=1.048e-03  relΔE=2.860e-05  ||F||=1.445e-01
 step= 13500  E=1.053537922050e+03  Q=1.677000000000e+03  λ=1.156040e+00  dt=8.108e-04  relΔE=1.835e-05  ||F||=1.306e-01
 step= 14000  E=1.041559813794e+03  Q=1.677000000000e+03  λ=1.142108e+00  dt=1.255e-03  relΔE=2.251e-05  ||F||=1.156e-01
 step= 14500  E=1.032433769000e+03  Q=1.677000000000e+03  λ=1.131711e+00  dt=9.713e-04  relΔE=1.336e-05  ||F||=1.008e-01
 step= 15000  E=1.025374202793e+03  Q=1.677000000000e+03  λ=1.123891e+00  dt=7.518e-04  relΔE=7.861e-06  ||F||=8.764e-02
 step= 15500  E=1.020507520700e+03  Q=1.677000000000e+03  λ=1.118684e+00  dt=1.164e-03  relΔE=8.487e-06  ||F||=7.298e-02
 step= 16000  E=1.016961841272e+03  Q=1.677000000000e+03  λ=1.115039e+00  dt=9.007e-04  relΔE=4.608e-06  ||F||=6.101e-02
 step= 16500  E=1.014469599688e+03  Q=1.677000000000e+03  λ=1.112611e+00  dt=1.394e-03  relΔE=4.864e-06  ||F||=5.963e-02
 step= 17000  E=1.012840751983e+03  Q=1.677000000000e+03  λ=1.111121e+00  dt=1.079e-03  relΔE=2.590e-06  ||F||=4.170e-02
 step= 17500  E=1.011700607043e+03  Q=1.677000000000e+03  λ=1.110161e+00  dt=8.352e-04  relΔE=1.343e-06  ||F||=3.411e-02
 step= 18000  E=1.010941918128e+03  Q=1.677000000000e+03  λ=1.109588e+00  dt=1.293e-03  relΔE=1.381e-06  ||F||=2.779e-02
 step= 18500  E=1.010449518213e+03  Q=1.677000000000e+03  λ=1.109265e+00  dt=1.001e-03  relΔE=7.129e-07  ||F||=2.269e-02
 step= 19000  E=1.010111586633e+03  Q=1.677000000000e+03  λ=1.109083e+00  dt=7.744e-04  relΔE=3.639e-07  ||F||=1.842e-02
 step= 19500  E=1.009897105410e+03  Q=1.677000000000e+03  λ=1.108996e+00  dt=1.199e-03  relΔE=3.696e-07  ||F||=1.492e-02
 step= 20000  E=1.009754014113e+03  Q=1.677000000000e+03  λ=1.108960e+00  dt=9.278e-04  relΔE=1.882e-07  ||F||=1.210e-02
 step= 20500  E=1.009657561958e+03  Q=1.677000000000e+03  λ=1.108954e+00  dt=1.436e-03  relΔE=1.032e-07  ||F||=6.903e-02
 step= 21000  E=1.009597582455e+03  Q=1.677000000000e+03  λ=1.108958e+00  dt=1.112e-03  relΔE=9.770e-08  ||F||=7.961e-03
 step= 21500  E=1.009556291298e+03  Q=1.677000000000e+03  λ=1.108970e+00  dt=8.603e-04  relΔE=4.976e-08  ||F||=6.457e-03
 step= 22000  E=1.009529087443e+03  Q=1.677000000000e+03  λ=1.108982e+00  dt=1.332e-03  relΔE=5.088e-08  ||F||=5.254e-03
 step= 22500  E=1.009511471688e+03  Q=1.677000000000e+03  λ=1.108994e+00  dt=1.031e-03  relΔE=2.646e-08  ||F||=4.301e-03
 step= 23000  E=1.009499279816e+03  Q=1.677000000000e+03  λ=1.109003e+00  dt=7.977e-04  relΔE=1.372e-08  ||F||=3.521e-03
 step= 23500  E=1.009491230150e+03  Q=1.677000000000e+03  λ=1.109009e+00  dt=1.235e-03  relΔE=1.438e-08  ||F||=2.897e-03
 step= 24000  E=1.009485756692e+03  Q=1.677000000000e+03  λ=1.109014e+00  dt=9.557e-04  relΔE=7.633e-09  ||F||=2.401e-03
 step= 24500  E=1.009481871267e+03  Q=1.677000000000e+03  λ=1.109016e+00  dt=7.397e-04  relΔE=4.300e-09  ||F||=2.052e-03
 step= 25000  E=1.009479311640e+03  Q=1.677000000000e+03  λ=1.109016e+00  dt=1.145e-03  relΔE=4.421e-09  ||F||=1.672e-03
 step= 25500  E=1.009477446178e+03  Q=1.677000000000e+03  λ=1.109015e+00  dt=8.861e-04  relΔE=2.420e-09  ||F||=1.408e-03
 step= 26000  E=1.009476105885e+03  Q=1.677000000000e+03  λ=1.109013e+00  dt=1.372e-03  relΔE=2.673e-09  ||F||=1.222e-03
 step= 26500  E=1.009475173577e+03  Q=1.677000000000e+03  λ=1.109010e+00  dt=1.062e-03  relΔE=1.515e-09  ||F||=1.022e-03
 step= 27000  E=1.009474467739e+03  Q=1.677000000000e+03  λ=1.109007e+00  dt=8.217e-04  relΔE=8.616e-10  ||F||=8.787e-04
 step= 27500  E=1.009473950059e+03  Q=1.677000000000e+03  λ=1.109003e+00  dt=1.272e-03  relΔE=9.914e-10  ||F||=7.603e-04
 step= 28000  E=1.009473568793e+03  Q=1.677000000000e+03  λ=1.109000e+00  dt=9.844e-04  relΔE=5.803e-10  ||F||=6.638e-04
 step= 28500  E=1.009473269292e+03  Q=1.677000000000e+03  λ=1.108996e+00  dt=7.619e-04  relΔE=3.464e-10  ||F||=5.858e-04
 step= 29000  E=1.009473050420e+03  Q=1.677000000000e+03  λ=1.108992e+00  dt=1.179e-03  relΔE=4.050e-10  ||F||=5.119e-04
 step= 29500  E=1.009472877916e+03  Q=1.677000000000e+03  λ=1.108988e+00  dt=9.128e-04  relΔE=2.420e-10  ||F||=4.526e-04
 step= 30000  E=1.009472741706e+03  Q=1.677000000000e+03  λ=1.108985e+00  dt=1.413e-03  relΔE=2.840e-10  ||F||=6.905e-04
 step= 30500  E=1.009472640917e+03  Q=1.677000000000e+03  λ=1.108982e+00  dt=1.094e-03  relΔE=1.759e-10  ||F||=3.577e-04
 step= 31000  E=1.009472559007e+03  Q=1.677000000000e+03  λ=1.108979e+00  dt=8.464e-04  relΔE=1.064e-10  ||F||=3.190e-04
 step= 31500  E=1.009472495062e+03  Q=1.677000000000e+03  λ=1.108976e+00  dt=1.310e-03  relΔE=1.289e-10  ||F||=2.851e-04
 step= 32000  E=1.009472446037e+03  Q=1.677000000000e+03  λ=1.108973e+00  dt=1.014e-03  relΔE=7.866e-11  ||F||=2.558e-04
 step= 32500  E=1.009472406172e+03  Q=1.677000000000e+03  λ=1.108970e+00  dt=7.848e-04  relΔE=4.783e-11  ||F||=2.295e-04
 step= 33000  E=1.009472375730e+03  Q=1.677000000000e+03  λ=1.108968e+00  dt=1.215e-03  relΔE=5.800e-11  ||F||=2.060e-04
 step= 33500  E=1.009472351717e+03  Q=1.677000000000e+03  λ=1.108966e+00  dt=9.403e-04  relΔE=3.522e-11  ||F||=1.853e-04
 step= 34000  E=1.009472332317e+03  Q=1.677000000000e+03  λ=1.108964e+00  dt=7.277e-04  relΔE=2.501e-11  ||F||=1.878e-04
 step= 34500  E=1.009472318041e+03  Q=1.677000000000e+03  λ=1.108962e+00  dt=1.126e-03  relΔE=2.566e-11  ||F||=1.501e-04
 step= 35000  E=1.009472306496e+03  Q=1.677000000000e+03  λ=1.108961e+00  dt=8.719e-04  relΔE=1.535e-11  ||F||=1.351e-04
 step= 35500  E=1.009472297591e+03  Q=1.677000000000e+03  λ=1.108959e+00  dt=1.350e-03  relΔE=1.821e-11  ||F||=1.219e-04
 step= 36000  E=1.009472291119e+03  Q=1.677000000000e+03  λ=1.108958e+00  dt=8.704e-04  relΔE=9.070e-12  ||F||=1.101e-04
 step= 36500  E=1.009472285858e+03  Q=1.677000000000e+03  λ=1.108957e+00  dt=1.347e-03  relΔE=1.054e-11  ||F||=9.921e-05
 step= 37000  E=1.009472282050e+03  Q=1.677000000000e+03  λ=1.108955e+00  dt=1.043e-03  relΔE=6.093e-12  ||F||=8.951e-05
 step= 37500  E=1.009472279164e+03  Q=1.677000000000e+03  λ=1.108954e+00  dt=8.071e-04  relΔE=3.436e-12  ||F||=8.067e-05
 step= 38000  E=1.009472277109e+03  Q=1.677000000000e+03  λ=1.108954e+00  dt=1.249e-03  relΔE=3.768e-12  ||F||=7.274e-05
 step= 38500  E=1.009472275693e+03  Q=1.677000000000e+03  λ=1.108953e+00  dt=9.670e-04  relΔE=2.002e-12  ||F||=6.571e-05
 step= 39000  E=1.009472274715e+03  Q=1.677000000000e+03  λ=1.108952e+00  dt=7.484e-04  relΔE=1.011e-12  ||F||=5.937e-05
 step= 39500  E=1.009472274147e+03  Q=1.677000000000e+03  λ=1.108951e+00  dt=1.158e-03  relΔE=8.771e-13  ||F||=5.347e-05
 step= 40000  E=1.009472273844e+03  Q=1.677000000000e+03  λ=1.108951e+00  dt=8.966e-04  relΔE=2.916e-13  ||F||=4.824e-05
 step= 40500  E=1.009472273754e+03  Q=1.677000000000e+03  λ=1.108950e+00  dt=5.783e-04  relΔE=0.000e+00  ||F||=4.361e-05
  !! dt è sceso sotto dt_min, mi fermo (stiffness).

Stationary candidate (aggressive): E=1.009472273754e+03, Q=1.677000000000e+03, maxρ=1.055964e+00

=== Stability test (damped inertial dynamics) ===
Perturb eps=0.02, gamma=1
t=0: E=1.091248937198e+03, Q=1.677000000000e+03, maxρ=1.091589e+00, σ=2.527928e+00, Rc=1.866685e+01
 step=     1  E=1.091248526715e+03  Q=1.677000000000e+03  λ=1.494972e+00  maxρ=1.091589e+00  minρ=4.659e-13  σ=2.527928e+00  Rc=1.866685e+01
 step=   300  E=1.074416118736e+03  Q=1.677000000000e+03  λ=1.392260e+00  maxρ=1.089736e+00  minρ=4.331e-13  σ=2.527925e+00  Rc=1.866685e+01
 step=   600  E=1.040545803151e+03  Q=1.677000000000e+03  λ=1.206179e+00  maxρ=1.084511e+00  minρ=1.000e-15  σ=2.527919e+00  Rc=1.866685e+01
 step=   900  E=1.020676065432e+03  Q=1.677000000000e+03  λ=1.146649e+00  maxρ=1.076784e+00  minρ=1.000e-15  σ=2.527918e+00  Rc=1.866685e+01
 step=  1200  E=1.028152580347e+03  Q=1.677000000000e+03  λ=1.253661e+00  maxρ=1.073228e+00  minρ=1.000e-15  σ=2.527920e+00  Rc=1.866685e+01
 step=  1500  E=1.048434990228e+03  Q=1.677000000000e+03  λ=1.370085e+00  maxρ=1.078211e+00  minρ=1.000e-15  σ=2.527922e+00  Rc=1.866684e+01
 step=  1800  E=1.058858472525e+03  Q=1.677000000000e+03  λ=1.356491e+00  maxρ=1.081661e+00  minρ=1.000e-15  σ=2.527920e+00  Rc=1.866684e+01
 step=  2100  E=1.052832398063e+03  Q=1.677000000000e+03  λ=1.255496e+00  maxρ=1.076153e+00  minρ=1.000e-15  σ=2.527917e+00  Rc=1.866684e+01
 step=  2400  E=1.042128806951e+03  Q=1.677000000000e+03  λ=1.208429e+00  maxρ=1.064955e+00  minρ=1.000e-15  σ=2.527917e+00  Rc=1.866684e+01
 step=  2700  E=1.039457526512e+03  Q=1.677000000000e+03  λ=1.262825e+00  maxρ=1.069653e+00  minρ=1.000e-15  σ=2.527920e+00  Rc=1.866684e+01
 step=  3000  E=1.044633070155e+03  Q=1.677000000000e+03  λ=1.328836e+00  maxρ=1.083082e+00  minρ=1.000e-15  σ=2.527921e+00  Rc=1.866684e+01
 step=  3300  E=1.048597418856e+03  Q=1.677000000000e+03  λ=1.316964e+00  maxρ=1.085852e+00  minρ=1.000e-15  σ=2.527918e+00  Rc=1.866684e+01
 step=  3600  E=1.046258923645e+03  Q=1.677000000000e+03  λ=1.252536e+00  maxρ=1.079080e+00  minρ=1.000e-15  σ=2.527914e+00  Rc=1.866684e+01
 step=  3900  E=1.041274790471e+03  Q=1.677000000000e+03  λ=1.223394e+00  maxρ=1.079081e+00  minρ=1.000e-15  σ=2.527914e+00  Rc=1.866684e+01
 step=  4200  E=1.039380343622e+03  Q=1.677000000000e+03  λ=1.255629e+00  maxρ=1.075327e+00  minρ=1.000e-15  σ=2.527918e+00  Rc=1.866683e+01
 step=  4500  E=1.041116416788e+03  Q=1.677000000000e+03  λ=1.291054e+00  maxρ=1.072702e+00  minρ=1.000e-15  σ=2.527919e+00  Rc=1.866683e+01
 step=  4800  E=1.042728904451e+03  Q=1.677000000000e+03  λ=1.278886e+00  maxρ=1.077527e+00  minρ=1.000e-15  σ=2.527916e+00  Rc=1.866683e+01
 step=  5100  E=1.041909257924e+03  Q=1.677000000000e+03  λ=1.241476e+00  maxρ=1.078578e+00  minρ=1.000e-15  σ=2.527911e+00  Rc=1.866683e+01
 step=  5400  E=1.040053921359e+03  Q=1.677000000000e+03  λ=1.231301e+00  maxρ=1.077302e+00  minρ=1.000e-15  σ=2.527910e+00  Rc=1.866683e+01
 step=  5700  E=1.039284087965e+03  Q=1.677000000000e+03  λ=1.255068e+00  maxρ=1.073618e+00  minρ=1.000e-15  σ=2.527912e+00  Rc=1.866682e+01
 step=  6000  E=1.039532212070e+03  Q=1.677000000000e+03  λ=1.272401e+00  maxρ=1.070271e+00  minρ=1.000e-15  σ=2.527914e+00  Rc=1.866682e+01
 >>> No runaway detected in this horizon. Likely stable (within this model & box).

STABILITY: PASS
