
=== Aggressive relaxation to Q = 1039 ===
Initial: E=1.735746087103e+03, Q=1.039000000000e+03, dt=1.000e-04
 step=     1  E=1.735693413530e+03  Q=1.039000000000e+03  λ=3.327170e+00  dt=1.000e-04  relΔE=3.035e-05  ||F||=7.123e-01
 step=   500  E=1.672390721966e+03  Q=1.039000000000e+03  λ=3.188488e+00  dt=6.192e-04  relΔE=1.404e-04  ||F||=6.620e-01
 step=  1000  E=1.501883980079e+03  Q=1.039000000000e+03  λ=2.828047e+00  dt=9.584e-04  relΔE=1.686e-04  ||F||=5.526e-01
 step=  1500  E=1.370281282145e+03  Q=1.039000000000e+03  λ=2.558329e+00  dt=7.418e-04  relΔE=1.120e-04  ||F||=4.894e-01
 step=  2000  E=1.275165856009e+03  Q=1.039000000000e+03  λ=2.366979e+00  dt=1.148e-03  relΔE=1.380e-04  ||F||=4.208e-01
 step=  2500  E=1.197369637258e+03  Q=1.039000000000e+03  λ=2.212165e+00  dt=8.887e-04  relΔE=9.123e-05  ||F||=3.768e-01
 step=  3000  E=1.133587198992e+03  Q=1.039000000000e+03  λ=2.086617e+00  dt=1.376e-03  relΔE=1.220e-04  ||F||=3.584e-01
 step=  3500  E=1.082683774916e+03  Q=1.039000000000e+03  λ=1.987044e+00  dt=1.065e-03  relΔE=8.309e-05  ||F||=3.124e-01
 step=  4000  E=1.038359170803e+03  Q=1.039000000000e+03  λ=1.900934e+00  dt=8.241e-04  relΔE=5.694e-05  ||F||=2.879e-01
 step=  4500  E=1.000739242815e+03  Q=1.039000000000e+03  λ=1.828363e+00  dt=1.276e-03  relΔE=7.854e-05  ||F||=2.668e-01
 step=  5000  E=9.687818533143e+02  Q=1.039000000000e+03  λ=1.766954e+00  dt=9.873e-04  relΔE=5.482e-05  ||F||=2.493e-01
 step=  5500  E=9.396446113796e+02  Q=1.039000000000e+03  λ=1.711251e+00  dt=7.641e-04  relΔE=3.915e-05  ||F||=2.359e-01
 step=  6000  E=9.148632321759e+02  Q=1.039000000000e+03  λ=1.664149e+00  dt=1.183e-03  relΔE=5.475e-05  ||F||=2.212e-01
 step=  6500  E=8.921283022727e+02  Q=1.039000000000e+03  λ=1.621085e+00  dt=9.154e-04  relΔE=3.938e-05  ||F||=2.105e-01
 step=  7000  E=8.708712151000e+02  Q=1.039000000000e+03  λ=1.581121e+00  dt=1.417e-03  relΔE=5.560e-05  ||F||=4.293e-01
 step=  7500  E=8.521590516152e+02  Q=1.039000000000e+03  λ=1.545926e+00  dt=1.097e-03  relΔE=4.248e-05  ||F||=1.953e-01
 step=  8000  E=8.338549527516e+02  Q=1.039000000000e+03  λ=1.511677e+00  dt=8.488e-04  relΔE=3.193e-05  ||F||=1.904e-01
 step=  8500  E=8.163682064228e+02  Q=1.039000000000e+03  λ=1.479056e+00  dt=1.314e-03  relΔE=4.863e-05  ||F||=1.869e-01
 step=  9000  E=7.998199121910e+02  Q=1.039000000000e+03  λ=1.448125e+00  dt=1.017e-03  relΔE=3.750e-05  ||F||=1.846e-01
 step=  9500  E=7.830344843426e+02  Q=1.039000000000e+03  λ=1.416644e+00  dt=7.871e-04  relΔE=2.928e-05  ||F||=1.835e-01
 step= 10000  E=7.669652692241e+02  Q=1.039000000000e+03  λ=1.386343e+00  dt=1.218e-03  relΔE=4.529e-05  ||F||=1.815e-01
 step= 10500  E=7.511314854367e+02  Q=1.039000000000e+03  λ=1.356175e+00  dt=9.430e-04  relΔE=3.498e-05  ||F||=1.794e-01
 step= 11000  E=7.352240997823e+02  Q=1.039000000000e+03  λ=1.325535e+00  dt=7.298e-04  relΔE=3.032e-05  ||F||=1.917e-01
 step= 11500  E=7.209391599467e+02  Q=1.039000000000e+03  λ=1.297708e+00  dt=1.130e-03  relΔE=3.954e-05  ||F||=1.707e-01
 step= 12000  E=7.071769287525e+02  Q=1.039000000000e+03  λ=1.270550e+00  dt=8.744e-04  relΔE=2.844e-05  ||F||=1.630e-01
 step= 12500  E=6.948200272338e+02  Q=1.039000000000e+03  λ=1.245911e+00  dt=1.353e-03  relΔE=3.932e-05  ||F||=1.534e-01
 step= 13000  E=6.844695538268e+02  Q=1.039000000000e+03  λ=1.225025e+00  dt=1.048e-03  relΔE=2.622e-05  ||F||=1.407e-01
 step= 13500  E=6.756136781882e+02  Q=1.039000000000e+03  λ=1.206986e+00  dt=8.108e-04  relΔE=1.673e-05  ||F||=1.269e-01
 step= 14000  E=6.686158106834e+02  Q=1.039000000000e+03  λ=1.192620e+00  dt=1.255e-03  relΔE=2.048e-05  ||F||=1.123e-01
 step= 14500  E=6.632887246444e+02  Q=1.039000000000e+03  λ=1.181577e+00  dt=9.713e-04  relΔE=1.217e-05  ||F||=9.797e-02
 step= 15000  E=6.591482449261e+02  Q=1.039000000000e+03  λ=1.172924e+00  dt=7.518e-04  relΔE=7.114e-06  ||F||=8.491e-02
 step= 15500  E=6.562823144823e+02  Q=1.039000000000e+03  λ=1.166887e+00  dt=1.164e-03  relΔE=7.794e-06  ||F||=7.125e-02
 step= 16000  E=6.541912054314e+02  Q=1.039000000000e+03  λ=1.162433e+00  dt=7.506e-04  relΔE=3.908e-06  ||F||=6.303e-02
 step= 16500  E=6.527575984181e+02  Q=1.039000000000e+03  λ=1.159350e+00  dt=1.162e-03  relΔE=3.845e-06  ||F||=4.994e-02
 step= 17000  E=6.517457747292e+02  Q=1.039000000000e+03  λ=1.157143e+00  dt=7.493e-04  relΔE=1.938e-06  ||F||=4.468e-02
 step= 17500  E=6.510711441399e+02  Q=1.039000000000e+03  λ=1.155651e+00  dt=1.160e-03  relΔE=1.791e-06  ||F||=3.407e-02
 step= 18000  E=6.506019651785e+02  Q=1.039000000000e+03  λ=1.154593e+00  dt=8.978e-04  relΔE=9.261e-07  ||F||=2.783e-02
 step= 18500  E=6.502865191898e+02  Q=1.039000000000e+03  λ=1.153865e+00  dt=1.390e-03  relΔE=9.433e-07  ||F||=2.534e-02
 step= 19000  E=6.500860784778e+02  Q=1.039000000000e+03  λ=1.153389e+00  dt=1.076e-03  relΔE=4.877e-07  ||F||=1.844e-02
 step= 19500  E=6.499491358269e+02  Q=1.039000000000e+03  λ=1.153052e+00  dt=8.324e-04  relΔE=2.475e-07  ||F||=1.492e-02
 step= 20000  E=6.498599532146e+02  Q=1.039000000000e+03  λ=1.152824e+00  dt=1.289e-03  relΔE=2.502e-07  ||F||=1.206e-02
 step= 20500  E=6.498027912943e+02  Q=1.039000000000e+03  λ=1.152670e+00  dt=9.973e-04  relΔE=1.275e-07  ||F||=9.777e-03
 step= 21000  E=6.497639693685e+02  Q=1.039000000000e+03  λ=1.152558e+00  dt=7.719e-04  relΔE=6.446e-08  ||F||=7.899e-03
 step= 21500  E=6.497396288702e+02  Q=1.039000000000e+03  λ=1.152483e+00  dt=1.195e-03  relΔE=6.482e-08  ||F||=6.361e-03
 step= 22000  E=6.497234808779e+02  Q=1.039000000000e+03  λ=1.152429e+00  dt=9.248e-04  relΔE=3.272e-08  ||F||=5.133e-03
 step= 22500  E=6.497126970546e+02  Q=1.039000000000e+03  λ=1.152390e+00  dt=1.431e-03  relΔE=2.673e-08  ||F||=1.888e-02
 step= 23000  E=6.497060490811e+02  Q=1.039000000000e+03  λ=1.152362e+00  dt=1.108e-03  relΔE=1.669e-08  ||F||=3.341e-03
 step= 23500  E=6.497015229336e+02  Q=1.039000000000e+03  λ=1.152341e+00  dt=8.575e-04  relΔE=8.418e-09  ||F||=2.693e-03
 step= 24000  E=6.496985687832e+02  Q=1.039000000000e+03  λ=1.152325e+00  dt=1.327e-03  relΔE=8.508e-09  ||F||=2.172e-03
 step= 24500  E=6.496966770289e+02  Q=1.039000000000e+03  λ=1.152313e+00  dt=1.027e-03  relΔE=4.362e-09  ||F||=1.762e-03
 step= 25000  E=6.496953885731e+02  Q=1.039000000000e+03  λ=1.152304e+00  dt=7.951e-04  relΔE=2.225e-09  ||F||=1.426e-03
 step= 25500  E=6.496945539590e+02  Q=1.039000000000e+03  λ=1.152297e+00  dt=1.231e-03  relΔE=2.285e-09  ||F||=1.157e-03
 step= 26000  E=6.496939986827e+02  Q=1.039000000000e+03  λ=1.152291e+00  dt=9.526e-04  relΔE=1.188e-09  ||F||=9.431e-04
 step= 26500  E=6.496936122132e+02  Q=1.039000000000e+03  λ=1.152286e+00  dt=7.373e-04  relΔE=6.781e-10  ||F||=8.111e-04
 step= 27000  E=6.496933647876e+02  Q=1.039000000000e+03  λ=1.152283e+00  dt=1.141e-03  relΔE=6.540e-10  ||F||=6.304e-04
 step= 27500  E=6.496931885249e+02  Q=1.039000000000e+03  λ=1.152280e+00  dt=8.833e-04  relΔE=3.483e-10  ||F||=5.180e-04
 step= 28000  E=6.496930657543e+02  Q=1.039000000000e+03  λ=1.152277e+00  dt=1.367e-03  relΔE=3.748e-10  ||F||=4.360e-04
 step= 28500  E=6.496929822561e+02  Q=1.039000000000e+03  λ=1.152275e+00  dt=1.058e-03  relΔE=2.074e-10  ||F||=3.566e-04
 step= 29000  E=6.496929205383e+02  Q=1.039000000000e+03  λ=1.152273e+00  dt=8.190e-04  relΔE=1.155e-10  ||F||=2.981e-04
 step= 29500  E=6.496928760916e+02  Q=1.039000000000e+03  λ=1.152272e+00  dt=1.268e-03  relΔE=1.309e-10  ||F||=2.509e-04
 step= 30000  E=6.496928437530e+02  Q=1.039000000000e+03  λ=1.152271e+00  dt=9.812e-04  relΔE=7.596e-11  ||F||=2.134e-04
 step= 30500  E=6.496928184551e+02  Q=1.039000000000e+03  λ=1.152270e+00  dt=7.594e-04  relΔE=4.520e-11  ||F||=1.841e-04
 step= 31000  E=6.496927999419e+02  Q=1.039000000000e+03  λ=1.152269e+00  dt=1.176e-03  relΔE=5.331e-11  ||F||=1.570e-04
 step= 31500  E=6.496927851708e+02  Q=1.039000000000e+03  λ=1.152268e+00  dt=9.098e-04  relΔE=3.235e-11  ||F||=1.360e-04
 step= 32000  E=6.496927732889e+02  Q=1.039000000000e+03  λ=1.152267e+00  dt=1.408e-03  relΔE=3.893e-11  ||F||=2.435e-04
 step= 32500  E=6.496927642330e+02  Q=1.039000000000e+03  λ=1.152267e+00  dt=1.090e-03  relΔE=2.487e-11  ||F||=1.042e-04
 step= 33000  E=6.496927566114e+02  Q=1.039000000000e+03  λ=1.152266e+00  dt=8.436e-04  relΔE=1.568e-11  ||F||=9.194e-05
 step= 33500  E=6.496927503886e+02  Q=1.039000000000e+03  λ=1.152266e+00  dt=1.306e-03  relΔE=1.995e-11  ||F||=8.142e-05
 step= 34000  E=6.496927453605e+02  Q=1.039000000000e+03  λ=1.152265e+00  dt=1.011e-03  relΔE=1.287e-11  ||F||=7.259e-05
 step= 34500  E=6.496927410101e+02  Q=1.039000000000e+03  λ=1.152265e+00  dt=7.823e-04  relΔE=8.356e-12  ||F||=6.503e-05
 step= 35000  E=6.496927374686e+02  Q=1.039000000000e+03  λ=1.152265e+00  dt=1.211e-03  relΔE=1.087e-11  ||F||=5.801e-05
 step= 35500  E=6.496927344743e+02  Q=1.039000000000e+03  λ=1.152265e+00  dt=7.810e-04  relΔE=5.996e-12  ||F||=5.253e-05
 step= 36000  E=6.496927319196e+02  Q=1.039000000000e+03  λ=1.152264e+00  dt=1.209e-03  relΔE=7.869e-12  ||F||=4.694e-05
 step= 36500  E=6.496927297182e+02  Q=1.039000000000e+03  λ=1.152264e+00  dt=9.357e-04  relΔE=5.217e-12  ||F||=4.230e-05
 step= 37000  E=6.496927277704e+02  Q=1.039000000000e+03  λ=1.152264e+00  dt=7.242e-04  relΔE=5.223e-12  ||F||=1.941e-04
 step= 37500  E=6.496927261870e+02  Q=1.039000000000e+03  λ=1.152264e+00  dt=1.121e-03  relΔE=4.638e-12  ||F||=3.442e-05
 step= 38000  E=6.496927247620e+02  Q=1.039000000000e+03  λ=1.152264e+00  dt=8.676e-04  relΔE=3.106e-12  ||F||=3.109e-05
 step= 38500  E=6.496927235272e+02  Q=1.039000000000e+03  λ=1.152264e+00  dt=1.343e-03  relΔE=4.170e-12  ||F||=2.819e-05
 step= 39000  E=6.496927225091e+02  Q=1.039000000000e+03  λ=1.152264e+00  dt=8.662e-04  relΔE=2.358e-12  ||F||=2.548e-05
 step= 39500  E=6.496927215590e+02  Q=1.039000000000e+03  λ=1.152263e+00  dt=1.341e-03  relΔE=3.183e-12  ||F||=2.309e-05
 step= 40000  E=6.496927207563e+02  Q=1.039000000000e+03  λ=1.152263e+00  dt=1.038e-03  relΔE=2.163e-12  ||F||=2.085e-05
 step= 40500  E=6.496927200313e+02  Q=1.039000000000e+03  λ=1.152263e+00  dt=8.032e-04  relΔE=1.471e-12  ||F||=1.892e-05
 step= 41000  E=6.496927194029e+02  Q=1.039000000000e+03  λ=1.152263e+00  dt=1.243e-03  relΔE=2.001e-12  ||F||=1.707e-05
 step= 41500  E=6.496927188540e+02  Q=1.039000000000e+03  λ=1.152263e+00  dt=9.623e-04  relΔE=1.369e-12  ||F||=1.547e-05
 step= 42000  E=6.496927183503e+02  Q=1.039000000000e+03  λ=1.152263e+00  dt=7.448e-04  relΔE=9.864e-13  ||F||=1.582e-05
 step= 42500  E=6.496927179276e+02  Q=1.039000000000e+03  λ=1.152263e+00  dt=1.153e-03  relΔE=1.284e-12  ||F||=1.269e-05
 step= 43000  E=6.496927175406e+02  Q=1.039000000000e+03  λ=1.152263e+00  dt=8.923e-04  relΔE=8.816e-13  ||F||=1.149e-05
 step= 43500  E=6.496927171932e+02  Q=1.039000000000e+03  λ=1.152263e+00  dt=1.381e-03  relΔE=1.209e-12  ||F||=1.382e-05
 step= 44000  E=6.496927168962e+02  Q=1.039000000000e+03  λ=1.152263e+00  dt=1.069e-03  relΔE=8.359e-13  ||F||=9.427e-06
 step= 44500  E=6.496927166225e+02  Q=1.039000000000e+03  λ=1.152263e+00  dt=8.273e-04  relΔE=5.773e-13  ||F||=8.580e-06
 step= 45000  E=6.496927163799e+02  Q=1.039000000000e+03  λ=1.152263e+00  dt=1.281e-03  relΔE=7.962e-13  ||F||=7.727e-06
 step= 45500  E=6.496927161674e+02  Q=1.039000000000e+03  λ=1.152263e+00  dt=9.912e-04  relΔE=5.519e-13  ||F||=7.009e-06
 step= 46000  E=6.496927159700e+02  Q=1.039000000000e+03  λ=1.152263e+00  dt=7.672e-04  relΔE=3.872e-13  ||F||=6.774e-06
 step= 46500  E=6.496927158002e+02  Q=1.039000000000e+03  λ=1.152263e+00  dt=1.188e-03  relΔE=5.299e-13  ||F||=5.749e-06
 step= 47000  E=6.496927156452e+02  Q=1.039000000000e+03  λ=1.152263e+00  dt=9.191e-04  relΔE=3.682e-13  ||F||=5.212e-06
 step= 47500  E=6.496927155026e+02  Q=1.039000000000e+03  λ=1.152263e+00  dt=1.423e-03  relΔE=4.781e-13  ||F||=4.405e-05
 step= 48000  E=6.496927153814e+02  Q=1.039000000000e+03  λ=1.152263e+00  dt=1.101e-03  relΔE=3.554e-13  ||F||=4.276e-06
 step= 48500  E=6.496927152681e+02  Q=1.039000000000e+03  λ=1.152263e+00  dt=8.522e-04  relΔE=2.473e-13  ||F||=3.883e-06
 step= 49000  E=6.496927151663e+02  Q=1.039000000000e+03  λ=1.152263e+00  dt=1.319e-03  relΔE=3.440e-13  ||F||=3.522e-06
 step= 49500  E=6.496927150771e+02  Q=1.039000000000e+03  λ=1.152263e+00  dt=1.021e-03  relΔE=2.399e-13  ||F||=3.180e-06
 step= 50000  E=6.496927149939e+02  Q=1.039000000000e+03  λ=1.152263e+00  dt=7.902e-04  relΔE=1.676e-13  ||F||=3.017e-06
 step= 50500  E=6.496927149207e+02  Q=1.039000000000e+03  λ=1.152263e+00  dt=1.223e-03  relΔE=2.333e-13  ||F||=2.607e-06
 step= 51000  E=6.496927148548e+02  Q=1.039000000000e+03  λ=1.152263e+00  dt=9.467e-04  relΔE=1.631e-13  ||F||=2.365e-06
 step= 51500  E=6.496927147932e+02  Q=1.039000000000e+03  λ=1.152263e+00  dt=7.327e-04  relΔE=1.316e-13  ||F||=5.072e-06
 step= 52000  E=6.496927147407e+02  Q=1.039000000000e+03  λ=1.152263e+00  dt=1.134e-03  relΔE=1.592e-13  ||F||=1.940e-06
 step= 52500  E=6.496927146915e+02  Q=1.039000000000e+03  λ=1.152263e+00  dt=8.779e-04  relΔE=1.111e-13  ||F||=1.770e-06
 step= 53000  E=6.496927146468e+02  Q=1.039000000000e+03  λ=1.152263e+00  dt=1.359e-03  relΔE=1.545e-13  ||F||=2.134e-06
 step= 53500  E=6.496927146078e+02  Q=1.039000000000e+03  λ=1.152263e+00  dt=1.052e-03  relΔE=1.080e-13  ||F||=1.443e-06
 step= 54000  E=6.496927145714e+02  Q=1.039000000000e+03  λ=1.152263e+00  dt=8.140e-04  relΔE=7.612e-14  ||F||=1.368e-06
 step= 54500  E=6.496927145389e+02  Q=1.039000000000e+03  λ=1.152263e+00  dt=1.260e-03  relΔE=1.060e-13  ||F||=1.183e-06
 step= 55000  E=6.496927145100e+02  Q=1.039000000000e+03  λ=1.152263e+00  dt=9.752e-04  relΔE=7.419e-14  ||F||=1.074e-06
 step= 55500  E=6.496927144827e+02  Q=1.039000000000e+03  λ=1.152263e+00  dt=7.548e-04  relΔE=5.267e-14  ||F||=1.409e-06
 step= 56000  E=6.496927144592e+02  Q=1.039000000000e+03  λ=1.152263e+00  dt=1.168e-03  relΔE=7.279e-14  ||F||=8.804e-07
 step= 56500  E=6.496927144375e+02  Q=1.039000000000e+03  λ=1.152263e+00  dt=9.043e-04  relΔE=5.092e-14  ||F||=8.020e-07
 step= 57000  E=6.496927144174e+02  Q=1.039000000000e+03  λ=1.152263e+00  dt=1.400e-03  relΔE=7.104e-14  ||F||=4.875e-06
 step= 57500  E=6.496927144001e+02  Q=1.039000000000e+03  λ=1.152263e+00  dt=1.083e-03  relΔE=4.952e-14  ||F||=6.548e-07
 step= 58000  E=6.496927143838e+02  Q=1.039000000000e+03  λ=1.152263e+00  dt=8.385e-04  relΔE=3.500e-14  ||F||=6.079e-07
 step= 58500  E=6.496927143692e+02  Q=1.039000000000e+03  λ=1.152263e+00  dt=1.298e-03  relΔE=4.882e-14  ||F||=5.396e-07
 step= 59000  E=6.496927143562e+02  Q=1.039000000000e+03  λ=1.152263e+00  dt=1.005e-03  relΔE=3.430e-14  ||F||=4.872e-07
 step= 59500  E=6.496927143440e+02  Q=1.039000000000e+03  λ=1.152263e+00  dt=7.775e-04  relΔE=2.432e-14  ||F||=6.164e-07
 step= 60000  E=6.496927143334e+02  Q=1.039000000000e+03  λ=1.152263e+00  dt=1.203e-03  relΔE=3.342e-14  ||F||=3.994e-07
 step= 60500  E=6.496927143236e+02  Q=1.039000000000e+03  λ=1.152263e+00  dt=9.315e-04  relΔE=2.362e-14  ||F||=3.646e-07
 step= 61000  E=6.496927143146e+02  Q=1.039000000000e+03  λ=1.152263e+00  dt=1.442e-03  relΔE=1.977e-14  ||F||=2.722e-05
 step= 61500  E=6.496927143068e+02  Q=1.039000000000e+03  λ=1.152263e+00  dt=1.116e-03  relΔE=2.292e-14  ||F||=2.971e-07
 step= 62000  E=6.496927142995e+02  Q=1.039000000000e+03  λ=1.152263e+00  dt=8.637e-04  relΔE=1.592e-14  ||F||=2.784e-07
 step= 62500  E=6.496927142928e+02  Q=1.039000000000e+03  λ=1.152263e+00  dt=1.337e-03  relΔE=2.292e-14  ||F||=2.945e-07
 step= 63000  E=6.496927142870e+02  Q=1.039000000000e+03  λ=1.152263e+00  dt=1.035e-03  relΔE=1.592e-14  ||F||=2.210e-07
 step= 63500  E=6.496927142815e+02  Q=1.039000000000e+03  λ=1.152263e+00  dt=8.009e-04  relΔE=1.102e-14  ||F||=2.817e-07
 step= 64000  E=6.496927142767e+02  Q=1.039000000000e+03  λ=1.152263e+00  dt=1.240e-03  relΔE=1.557e-14  ||F||=1.812e-07
 step= 64500  E=6.496927142723e+02  Q=1.039000000000e+03  λ=1.152263e+00  dt=9.595e-04  relΔE=1.067e-14  ||F||=1.650e-07
 step= 65000  E=6.496927142682e+02  Q=1.039000000000e+03  λ=1.152263e+00  dt=7.426e-04  relΔE=8.224e-15  ||F||=6.773e-07
 step= 65500  E=6.496927142647e+02  Q=1.039000000000e+03  λ=1.152263e+00  dt=1.149e-03  relΔE=1.067e-14  ||F||=1.348e-07
 step= 66000  E=6.496927142614e+02  Q=1.039000000000e+03  λ=1.152263e+00  dt=8.897e-04  relΔE=7.699e-15  ||F||=1.297e-07
 step= 66500  E=6.496927142583e+02  Q=1.039000000000e+03  λ=1.152263e+00  dt=1.377e-03  relΔE=1.085e-14  ||F||=8.514e-07
 step= 67000  E=6.496927142557e+02  Q=1.039000000000e+03  λ=1.152263e+00  dt=1.066e-03  relΔE=7.524e-15  ||F||=1.004e-07
 step= 67500  E=6.496927142532e+02  Q=1.039000000000e+03  λ=1.152263e+00  dt=8.250e-04  relΔE=5.600e-15  ||F||=1.208e-07
 step= 68000  E=6.496927142510e+02  Q=1.039000000000e+03  λ=1.152263e+00  dt=1.277e-03  relΔE=6.999e-15  ||F||=8.330e-08
 step= 68500  E=6.496927142490e+02  Q=1.039000000000e+03  λ=1.152263e+00  dt=9.883e-04  relΔE=4.900e-15  ||F||=7.511e-08
 step= 69000  E=6.496927142472e+02  Q=1.039000000000e+03  λ=1.152263e+00  dt=7.649e-04  relΔE=3.850e-15  ||F||=2.709e-07
 step= 69500  E=6.496927142456e+02  Q=1.039000000000e+03  λ=1.152263e+00  dt=1.184e-03  relΔE=4.900e-15  ||F||=6.117e-08
 step= 70000  E=6.496927142441e+02  Q=1.039000000000e+03  λ=1.152263e+00  dt=9.164e-04  relΔE=3.850e-15  ||F||=5.881e-08
 step= 70500  E=6.496927142427e+02  Q=1.039000000000e+03  λ=1.152263e+00  dt=1.419e-03  relΔE=4.375e-15  ||F||=4.501e-06
 Converged (aggressive): step=70588, E=6.496927142425e+02, Q=1.039000000000e+03, dt=8.511e-04, ||F||=4.995e-08

Stationary candidate (aggressive): E=6.496927142425e+02, Q=1.039000000000e+03, maxρ=8.598230e-01

=== Stability test (damped inertial dynamics) ===
Perturb eps=0.02, gamma=1
t=0: E=7.002609323788e+02, Q=1.039000000000e+03, maxρ=8.872973e-01, σ=2.497017e+00, Rc=1.868060e+01
 step=     1  E=7.002606786236e+02  Q=1.039000000000e+03  λ=1.537476e+00  maxρ=8.872973e-01  minρ=1.000e-15  σ=2.497017e+00  Rc=1.868060e+01
 step=   300  E=6.898550736486e+02  Q=1.039000000000e+03  λ=1.435003e+00  maxρ=8.857917e-01  minρ=1.000e-15  σ=2.497013e+00  Rc=1.868060e+01
 step=   600  E=6.689165308646e+02  Q=1.039000000000e+03  λ=1.249335e+00  maxρ=8.815472e-01  minρ=1.000e-15  σ=2.497008e+00  Rc=1.868060e+01
 step=   900  E=6.566322181092e+02  Q=1.039000000000e+03  λ=1.189891e+00  maxρ=8.752694e-01  minρ=1.000e-15  σ=2.497006e+00  Rc=1.868060e+01
 step=  1200  E=6.612516992265e+02  Q=1.039000000000e+03  λ=1.296624e+00  maxρ=8.723404e-01  minρ=1.000e-15  σ=2.497009e+00  Rc=1.868059e+01
 step=  1500  E=6.737849478116e+02  Q=1.039000000000e+03  λ=1.412825e+00  maxρ=8.774418e-01  minρ=1.000e-15  σ=2.497010e+00  Rc=1.868059e+01
 step=  1800  E=6.802201773742e+02  Q=1.039000000000e+03  λ=1.399332e+00  maxρ=8.802503e-01  minρ=1.000e-15  σ=2.497008e+00  Rc=1.868059e+01
 step=  2100  E=6.764872183545e+02  Q=1.039000000000e+03  λ=1.298547e+00  maxρ=8.757692e-01  minρ=1.000e-15  σ=2.497005e+00  Rc=1.868059e+01
 step=  2400  E=6.698723496029e+02  Q=1.039000000000e+03  λ=1.251471e+00  maxρ=8.671026e-01  minρ=1.000e-15  σ=2.497005e+00  Rc=1.868059e+01
 step=  2700  E=6.682374946327e+02  Q=1.039000000000e+03  λ=1.305680e+00  maxρ=8.694870e-01  minρ=1.000e-15  σ=2.497008e+00  Rc=1.868059e+01
 step=  3000  E=6.714586905819e+02  Q=1.039000000000e+03  λ=1.371659e+00  maxρ=8.804046e-01  minρ=1.000e-15  σ=2.497008e+00  Rc=1.868059e+01
 step=  3300  E=6.739170499479e+02  Q=1.039000000000e+03  λ=1.360006e+00  maxρ=8.826595e-01  minρ=1.000e-15  σ=2.497004e+00  Rc=1.868059e+01
 step=  3600  E=6.724552254856e+02  Q=1.039000000000e+03  λ=1.295751e+00  maxρ=8.786318e-01  minρ=1.000e-15  σ=2.497000e+00  Rc=1.868059e+01
 step=  3900  E=6.693481442409e+02  Q=1.039000000000e+03  λ=1.266472e+00  maxρ=8.786369e-01  minρ=1.000e-15  σ=2.497000e+00  Rc=1.868059e+01
 step=  4200  E=6.681678326465e+02  Q=1.039000000000e+03  λ=1.298427e+00  maxρ=8.755847e-01  minρ=1.000e-15  σ=2.497004e+00  Rc=1.868058e+01
 step=  4500  E=6.692590549195e+02  Q=1.039000000000e+03  λ=1.333820e+00  maxρ=8.732762e-01  minρ=1.000e-15  σ=2.497005e+00  Rc=1.868058e+01
 step=  4800  E=6.702819755677e+02  Q=1.039000000000e+03  λ=1.321935e+00  maxρ=8.768869e-01  minρ=1.000e-15  σ=2.497001e+00  Rc=1.868058e+01
 step=  5100  E=6.697805360530e+02  Q=1.039000000000e+03  λ=1.284762e+00  maxρ=8.780705e-01  minρ=1.000e-15  σ=2.496995e+00  Rc=1.868058e+01
 step=  5400  E=6.686114202361e+02  Q=1.039000000000e+03  λ=1.274467e+00  maxρ=8.770396e-01  minρ=1.000e-15  σ=2.496994e+00  Rc=1.868057e+01
 step=  5700  E=6.681095930283e+02  Q=1.039000000000e+03  λ=1.297909e+00  maxρ=8.740496e-01  minρ=1.000e-15  σ=2.496996e+00  Rc=1.868057e+01
 step=  6000  E=6.682612835646e+02  Q=1.039000000000e+03  λ=1.315128e+00  maxρ=8.712251e-01  minρ=1.000e-15  σ=2.496997e+00  Rc=1.868057e+01
 >>> No runaway detected in this horizon. Likely stable (within this model & box).

STABILITY: PASS
