
=== Aggressive relaxation to Q = 1237 ===
Initial: E=2.066768868800e+03, Q=1.237000000000e+03, dt=1.000e-04
 step=     1  E=2.066701988523e+03  Q=1.237000000000e+03  λ=3.362594e+00  dt=1.000e-04  relΔE=3.236e-05  ||F||=7.356e-01
 step=   500  E=1.987227064309e+03  Q=1.237000000000e+03  λ=3.210080e+00  dt=6.192e-04  relΔE=1.470e-04  ||F||=6.769e-01
 step=  1000  E=1.777900385360e+03  Q=1.237000000000e+03  λ=2.827937e+00  dt=9.584e-04  relΔE=1.735e-04  ||F||=5.589e-01
 step=  1500  E=1.618486636132e+03  Q=1.237000000000e+03  λ=2.548263e+00  dt=7.418e-04  relΔE=1.138e-04  ||F||=4.914e-01
 step=  2000  E=1.504323934871e+03  Q=1.237000000000e+03  λ=2.352277e+00  dt=1.148e-03  relΔE=1.399e-04  ||F||=4.218e-01
 step=  2500  E=1.411406828077e+03  Q=1.237000000000e+03  λ=2.194741e+00  dt=8.887e-04  relΔE=9.208e-05  ||F||=3.767e-01
 step=  3000  E=1.335671086305e+03  Q=1.237000000000e+03  λ=2.067869e+00  dt=1.376e-03  relΔE=1.227e-04  ||F||=3.585e-01
 step=  3500  E=1.275425602940e+03  Q=1.237000000000e+03  λ=1.967654e+00  dt=1.065e-03  relΔE=8.337e-05  ||F||=3.113e-01
 step=  4000  E=1.223097472420e+03  Q=1.237000000000e+03  λ=1.881261e+00  dt=8.241e-04  relΔE=5.700e-05  ||F||=2.865e-01
 step=  4500  E=1.178774586606e+03  Q=1.237000000000e+03  λ=1.808635e+00  dt=1.276e-03  relΔE=7.849e-05  ||F||=2.653e-01
 step=  5000  E=1.141135645992e+03  Q=1.237000000000e+03  λ=1.747226e+00  dt=9.873e-04  relΔE=5.469e-05  ||F||=2.477e-01
 step=  5500  E=1.106968054576e+03  Q=1.237000000000e+03  λ=1.691784e+00  dt=7.641e-04  relΔE=3.875e-05  ||F||=2.334e-01
 step=  6000  E=1.077869999946e+03  Q=1.237000000000e+03  λ=1.644856e+00  dt=1.183e-03  relΔE=5.445e-05  ||F||=2.194e-01
 step=  6500  E=1.051253835201e+03  Q=1.237000000000e+03  λ=1.602085e+00  dt=9.154e-04  relΔE=3.909e-05  ||F||=2.087e-01
 step=  7000  E=1.026410361021e+03  Q=1.237000000000e+03  λ=1.562480e+00  dt=1.417e-03  relΔE=5.464e-05  ||F||=4.654e-01
 step=  7500  E=1.004606282288e+03  Q=1.237000000000e+03  λ=1.527680e+00  dt=1.097e-03  relΔE=4.202e-05  ||F||=1.932e-01
 step=  8000  E=9.832810637153e+02  Q=1.237000000000e+03  λ=1.493839e+00  dt=8.488e-04  relΔE=3.152e-05  ||F||=1.882e-01
 step=  8500  E=9.629290954830e+02  Q=1.237000000000e+03  λ=1.461644e+00  dt=1.314e-03  relΔE=4.798e-05  ||F||=1.847e-01
 step=  9000  E=9.436385056743e+02  Q=1.237000000000e+03  λ=1.431079e+00  dt=1.017e-03  relΔE=3.701e-05  ||F||=1.825e-01
 step=  9500  E=9.240935524536e+02  Q=1.237000000000e+03  λ=1.400024e+00  dt=7.871e-04  relΔE=2.892e-05  ||F||=1.815e-01
 step= 10000  E=9.052631124689e+02  Q=1.237000000000e+03  λ=1.369972e+00  dt=1.218e-03  relΔE=4.501e-05  ||F||=1.801e-01
 step= 10500  E=8.866306949443e+02  Q=1.237000000000e+03  λ=1.339967e+00  dt=9.430e-04  relΔE=3.500e-05  ||F||=1.787e-01
 step= 11000  E=8.677810336826e+02  Q=1.237000000000e+03  λ=1.309348e+00  dt=7.298e-04  relΔE=3.250e-05  ||F||=2.106e-01
 step= 11500  E=8.506822564880e+02  Q=1.237000000000e+03  λ=1.281325e+00  dt=1.130e-03  relΔE=4.028e-05  ||F||=1.715e-01
 step= 12000  E=8.340593158928e+02  Q=1.237000000000e+03  λ=1.253829e+00  dt=8.744e-04  relΔE=2.927e-05  ||F||=1.646e-01
 step= 12500  E=8.189884813101e+02  Q=1.237000000000e+03  λ=1.228756e+00  dt=1.353e-03  relΔE=4.088e-05  ||F||=1.559e-01
 step= 13000  E=8.062566891219e+02  Q=1.237000000000e+03  λ=1.207436e+00  dt=1.048e-03  relΔE=2.750e-05  ||F||=1.433e-01
 step= 13500  E=7.952810076690e+02  Q=1.237000000000e+03  λ=1.189004e+00  dt=8.108e-04  relΔE=1.767e-05  ||F||=1.297e-01
 step= 14000  E=7.865586976146e+02  Q=1.237000000000e+03  λ=1.174355e+00  dt=1.255e-03  relΔE=2.175e-05  ||F||=1.150e-01
 step= 14500  E=7.798931590868e+02  Q=1.237000000000e+03  λ=1.163151e+00  dt=9.713e-04  relΔE=1.297e-05  ||F||=1.005e-01
 step= 15000  E=7.747005438970e+02  Q=1.237000000000e+03  λ=1.154443e+00  dt=7.518e-04  relΔE=7.576e-06  ||F||=8.706e-02
 step= 15500  E=7.710993318488e+02  Q=1.237000000000e+03  λ=1.148432e+00  dt=1.164e-03  relΔE=8.321e-06  ||F||=7.314e-02
 step= 16000  E=7.684671237184e+02  Q=1.237000000000e+03  λ=1.144056e+00  dt=9.007e-04  relΔE=4.539e-06  ||F||=6.129e-02
 step= 16500  E=7.666082165077e+02  Q=1.237000000000e+03  λ=1.140990e+00  dt=1.394e-03  relΔE=4.813e-06  ||F||=5.919e-02
 step= 17000  E=7.653890172315e+02  Q=1.237000000000e+03  λ=1.138993e+00  dt=1.079e-03  relΔE=2.569e-06  ||F||=4.204e-02
 step= 17500  E=7.645325587298e+02  Q=1.237000000000e+03  λ=1.137606e+00  dt=8.352e-04  relΔE=1.335e-06  ||F||=3.442e-02
 step= 18000  E=7.639641493380e+02  Q=1.237000000000e+03  λ=1.136699e+00  dt=1.293e-03  relΔE=1.374e-06  ||F||=2.805e-02
 step= 18500  E=7.635937473970e+02  Q=1.237000000000e+03  λ=1.136116e+00  dt=1.001e-03  relΔE=7.079e-07  ||F||=2.288e-02
 step= 19000  E=7.633404958392e+02  Q=1.237000000000e+03  λ=1.135726e+00  dt=7.744e-04  relΔE=3.608e-07  ||F||=1.856e-02
 step= 19500  E=7.631805984780e+02  Q=1.237000000000e+03  λ=1.135486e+00  dt=1.199e-03  relΔE=3.641e-07  ||F||=1.498e-02
 step= 20000  E=7.630742925252e+02  Q=1.237000000000e+03  λ=1.135331e+00  dt=9.278e-04  relΔE=1.839e-07  ||F||=1.210e-02
 step= 20500  E=7.630034900620e+02  Q=1.237000000000e+03  λ=1.135233e+00  dt=1.436e-03  relΔE=1.178e-07  ||F||=6.089e-02
 step= 21000  E=7.629599777315e+02  Q=1.237000000000e+03  λ=1.135173e+00  dt=1.112e-03  relΔE=9.296e-08  ||F||=7.853e-03
 step= 21500  E=7.629305813209e+02  Q=1.237000000000e+03  λ=1.135136e+00  dt=8.603e-04  relΔE=4.644e-08  ||F||=6.305e-03
 step= 22000  E=7.629116106896e+02  Q=1.237000000000e+03  λ=1.135113e+00  dt=1.332e-03  relΔE=4.630e-08  ||F||=5.062e-03
 step= 22500  E=7.628996653814e+02  Q=1.237000000000e+03  λ=1.135101e+00  dt=1.031e-03  relΔE=2.334e-08  ||F||=4.078e-03
 step= 23000  E=7.628916723962e+02  Q=1.237000000000e+03  λ=1.135093e+00  dt=7.977e-04  relΔE=1.163e-08  ||F||=3.270e-03
 step= 23500  E=7.628866257540e+02  Q=1.237000000000e+03  λ=1.135089e+00  dt=1.235e-03  relΔE=1.162e-08  ||F||=2.623e-03
 step= 24000  E=7.628833705198e+02  Q=1.237000000000e+03  λ=1.135087e+00  dt=9.557e-04  relΔE=5.833e-09  ||F||=2.110e-03
 step= 24500  E=7.628811960122e+02  Q=1.237000000000e+03  λ=1.135086e+00  dt=7.397e-04  relΔE=3.063e-09  ||F||=1.738e-03
 step= 25000  E=7.628798645604e+02  Q=1.237000000000e+03  λ=1.135085e+00  dt=1.145e-03  relΔE=2.919e-09  ||F||=1.358e-03
 step= 25500  E=7.628789709515e+02  Q=1.237000000000e+03  λ=1.135085e+00  dt=8.861e-04  relΔE=1.458e-09  ||F||=1.089e-03
 step= 26000  E=7.628783896923e+02  Q=1.237000000000e+03  λ=1.135085e+00  dt=1.372e-03  relΔE=1.453e-09  ||F||=8.922e-04
 step= 26500  E=7.628780260900e+02  Q=1.237000000000e+03  λ=1.135086e+00  dt=1.062e-03  relΔE=7.364e-10  ||F||=7.024e-04
 step= 27000  E=7.628777815120e+02  Q=1.237000000000e+03  λ=1.135086e+00  dt=8.217e-04  relΔE=3.693e-10  ||F||=5.630e-04
 step= 27500  E=7.628776242443e+02  Q=1.237000000000e+03  λ=1.135086e+00  dt=1.272e-03  relΔE=3.714e-10  ||F||=4.516e-04
 step= 28000  E=7.628775232102e+02  Q=1.237000000000e+03  λ=1.135086e+00  dt=9.844e-04  relΔE=1.887e-10  ||F||=3.639e-04
 step= 28500  E=7.628774547707e+02  Q=1.237000000000e+03  λ=1.135086e+00  dt=7.619e-04  relΔE=9.586e-11  ||F||=2.930e-04
 step= 29000  E=7.628774117829e+02  Q=1.237000000000e+03  λ=1.135086e+00  dt=1.179e-03  relΔE=9.692e-11  ||F||=2.350e-04
 step= 29500  E=7.628773828898e+02  Q=1.237000000000e+03  λ=1.135086e+00  dt=9.128e-04  relΔE=4.936e-11  ||F||=1.890e-04
 step= 30000  E=7.628773634875e+02  Q=1.237000000000e+03  λ=1.135086e+00  dt=1.413e-03  relΔE=4.884e-11  ||F||=2.998e-04
 step= 30500  E=7.628773513063e+02  Q=1.237000000000e+03  λ=1.135086e+00  dt=1.094e-03  relΔE=2.586e-11  ||F||=1.227e-04
 step= 31000  E=7.628773428979e+02  Q=1.237000000000e+03  λ=1.135086e+00  dt=8.464e-04  relΔE=1.323e-11  ||F||=9.888e-05
 step= 31500  E=7.628773373515e+02  Q=1.237000000000e+03  λ=1.135086e+00  dt=1.310e-03  relΔE=1.356e-11  ||F||=7.977e-05
 step= 32000  E=7.628773337446e+02  Q=1.237000000000e+03  λ=1.135086e+00  dt=1.014e-03  relΔE=7.024e-12  ||F||=6.477e-05
 step= 32500  E=7.628773312647e+02  Q=1.237000000000e+03  λ=1.135086e+00  dt=7.848e-04  relΔE=3.600e-12  ||F||=5.252e-05
 step= 33000  E=7.628773296724e+02  Q=1.237000000000e+03  λ=1.135086e+00  dt=1.215e-03  relΔE=3.671e-12  ||F||=4.263e-05
 step= 33500  E=7.628773286172e+02  Q=1.237000000000e+03  λ=1.135086e+00  dt=9.403e-04  relΔE=1.860e-12  ||F||=3.479e-05
 step= 34000  E=7.628773279128e+02  Q=1.237000000000e+03  λ=1.135086e+00  dt=7.277e-04  relΔE=1.470e-12  ||F||=1.115e-04
 step= 34500  E=7.628773274930e+02  Q=1.237000000000e+03  λ=1.135086e+00  dt=1.126e-03  relΔE=8.862e-13  ||F||=2.335e-05
 step= 35000  E=7.628773272275e+02  Q=1.237000000000e+03  λ=1.135086e+00  dt=8.719e-04  relΔE=4.007e-13  ||F||=1.922e-05
 step= 35500  E=7.628773270792e+02  Q=1.237000000000e+03  λ=1.135086e+00  dt=1.350e-03  relΔE=3.203e-13  ||F||=1.594e-05
 step= 36000  E=7.628773270129e+02  Q=1.237000000000e+03  λ=1.135086e+00  dt=8.704e-04  relΔE=8.286e-14  ||F||=1.335e-05
  !! dt è sceso sotto dt_min, mi fermo (stiffness).

Stationary candidate (aggressive): E=7.628773269949e+02, Q=1.237000000000e+03, maxρ=9.318786e-01

=== Stability test (damped inertial dynamics) ===
Perturb eps=0.02, gamma=1
t=0: E=8.231067459848e+02, Q=1.237000000000e+03, maxρ=9.620983e-01, σ=2.493660e+00, Rc=1.867949e+01
 step=     1  E=8.231064437414e+02  Q=1.237000000000e+03  λ=1.520444e+00  maxρ=9.620982e-01  minρ=1.000e-15  σ=2.493660e+00  Rc=1.867949e+01
 step=   300  E=8.107124711366e+02  Q=1.237000000000e+03  λ=1.417932e+00  maxρ=9.604655e-01  minρ=1.000e-15  σ=2.493657e+00  Rc=1.867949e+01
 step=   600  E=7.857724879343e+02  Q=1.237000000000e+03  λ=1.232194e+00  maxρ=9.558624e-01  minρ=1.000e-15  σ=2.493651e+00  Rc=1.867949e+01
 step=   900  E=7.711397946140e+02  Q=1.237000000000e+03  λ=1.172727e+00  maxρ=9.490543e-01  minρ=1.000e-15  σ=2.493650e+00  Rc=1.867949e+01
 step=  1200  E=7.766413945626e+02  Q=1.237000000000e+03  λ=1.279498e+00  maxρ=9.458903e-01  minρ=1.000e-15  σ=2.493652e+00  Rc=1.867949e+01
 step=  1500  E=7.915712258559e+02  Q=1.237000000000e+03  λ=1.395736e+00  maxρ=9.511193e-01  minρ=1.000e-15  σ=2.493654e+00  Rc=1.867948e+01
 step=  1800  E=7.992402295763e+02  Q=1.237000000000e+03  λ=1.382240e+00  maxρ=9.541632e-01  minρ=1.000e-15  σ=2.493652e+00  Rc=1.867948e+01
 step=  2100  E=7.947974910010e+02  Q=1.237000000000e+03  λ=1.281433e+00  maxρ=9.493052e-01  minρ=1.000e-15  σ=2.493648e+00  Rc=1.867948e+01
 step=  2400  E=7.869175085575e+02  Q=1.237000000000e+03  λ=1.234356e+00  maxρ=9.397824e-01  minρ=1.000e-15  σ=2.493649e+00  Rc=1.867948e+01
 step=  2700  E=7.849638580808e+02  Q=1.237000000000e+03  λ=1.288582e+00  maxρ=9.427927e-01  minρ=1.000e-15  σ=2.493651e+00  Rc=1.867948e+01
 step=  3000  E=7.887936950541e+02  Q=1.237000000000e+03  λ=1.354553e+00  maxρ=9.546301e-01  minρ=1.000e-15  σ=2.493652e+00  Rc=1.867948e+01
 step=  3300  E=7.917208238833e+02  Q=1.237000000000e+03  λ=1.342866e+00  maxρ=9.570741e-01  minρ=1.000e-15  σ=2.493648e+00  Rc=1.867948e+01
 step=  3600  E=7.899858550060e+02  Q=1.237000000000e+03  λ=1.278598e+00  maxρ=9.522695e-01  minρ=1.000e-15  σ=2.493644e+00  Rc=1.867948e+01
 step=  3900  E=7.862924691586e+02  Q=1.237000000000e+03  λ=1.249352e+00  maxρ=9.522737e-01  minρ=1.000e-15  σ=2.493644e+00  Rc=1.867948e+01
 step=  4200  E=7.848877592325e+02  Q=1.237000000000e+03  λ=1.281349e+00  maxρ=9.489641e-01  minρ=1.000e-15  σ=2.493648e+00  Rc=1.867947e+01
 step=  4500  E=7.861812936670e+02  Q=1.237000000000e+03  λ=1.316733e+00  maxρ=9.465122e-01  minρ=1.000e-15  σ=2.493649e+00  Rc=1.867947e+01
 step=  4800  E=7.873928335394e+02  Q=1.237000000000e+03  λ=1.304792e+00  maxρ=9.505170e-01  minρ=1.000e-15  σ=2.493645e+00  Rc=1.867947e+01
 step=  5100  E=7.867954069922e+02  Q=1.237000000000e+03  λ=1.267585e+00  maxρ=9.517050e-01  minρ=1.000e-15  σ=2.493639e+00  Rc=1.867947e+01
 step=  5400  E=7.854094233082e+02  Q=1.237000000000e+03  λ=1.257322e+00  maxρ=9.505850e-01  minρ=1.000e-15  σ=2.493638e+00  Rc=1.867947e+01
 step=  5700  E=7.848178237861e+02  Q=1.237000000000e+03  λ=1.280825e+00  maxρ=9.473414e-01  minρ=1.000e-15  σ=2.493640e+00  Rc=1.867946e+01
 step=  6000  E=7.849978442863e+02  Q=1.237000000000e+03  λ=1.298058e+00  maxρ=9.443147e-01  minρ=1.000e-15  σ=2.493641e+00  Rc=1.867946e+01
 >>> No runaway detected in this horizon. Likely stable (within this model & box).

STABILITY: PASS
