
=== Aggressive relaxation to Q = 1553 ===
Initial: E=2.603487837327e+03, Q=1.553000000000e+03, dt=1.000e-04
 step=     1  E=2.603393338667e+03  Q=1.553000000000e+03  λ=3.435080e+00  dt=1.000e-04  relΔE=3.630e-05  ||F||=7.804e-01
 step=   500  E=2.493707215377e+03  Q=1.553000000000e+03  λ=3.255948e+00  dt=6.192e-04  relΔE=1.589e-04  ||F||=7.034e-01
 step=  1000  E=2.216037651712e+03  Q=1.553000000000e+03  λ=2.834647e+00  dt=9.584e-04  relΔE=1.814e-04  ||F||=5.694e-01
 step=  1500  E=2.009958891347e+03  Q=1.553000000000e+03  λ=2.538519e+00  dt=7.418e-04  relΔE=1.196e-04  ||F||=5.011e-01
 step=  2000  E=1.864502052465e+03  Q=1.553000000000e+03  λ=2.334952e+00  dt=1.148e-03  relΔE=1.431e-04  ||F||=4.238e-01
 step=  2500  E=1.747331298882e+03  Q=1.553000000000e+03  λ=2.173366e+00  dt=8.887e-04  relΔE=9.358e-05  ||F||=3.771e-01
 step=  3000  E=1.652319832131e+03  Q=1.553000000000e+03  λ=2.044094e+00  dt=1.376e-03  relΔE=1.241e-04  ||F||=3.569e-01
 step=  3500  E=1.577106703380e+03  Q=1.553000000000e+03  λ=1.942588e+00  dt=1.065e-03  relΔE=8.400e-05  ||F||=3.101e-01
 step=  4000  E=1.512022777227e+03  Q=1.553000000000e+03  λ=1.855481e+00  dt=8.241e-04  relΔE=5.725e-05  ||F||=2.849e-01
 step=  4500  E=1.457057106784e+03  Q=1.553000000000e+03  λ=1.782519e+00  dt=1.276e-03  relΔE=7.864e-05  ||F||=2.635e-01
 step=  5000  E=1.410492918090e+03  Q=1.553000000000e+03  λ=1.721009e+00  dt=9.873e-04  relΔE=5.468e-05  ||F||=2.457e-01
 step=  5500  E=1.368302894149e+03  Q=1.553000000000e+03  λ=1.665604e+00  dt=7.641e-04  relΔE=3.877e-05  ||F||=2.317e-01
 step=  6000  E=1.332495623934e+03  Q=1.553000000000e+03  λ=1.618883e+00  dt=1.183e-03  relΔE=5.423e-05  ||F||=2.173e-01
 step=  6500  E=1.299745646210e+03  Q=1.553000000000e+03  λ=1.576314e+00  dt=9.154e-04  relΔE=3.886e-05  ||F||=2.065e-01
 step=  7000  E=1.269234738672e+03  Q=1.553000000000e+03  λ=1.536954e+00  dt=1.417e-03  relΔE=5.475e-05  ||F||=4.113e-01
 step=  7500  E=1.242463107582e+03  Q=1.553000000000e+03  λ=1.502413e+00  dt=1.097e-03  relΔE=4.163e-05  ||F||=1.909e-01
 step=  8000  E=1.216341139637e+03  Q=1.553000000000e+03  λ=1.468881e+00  dt=8.488e-04  relΔE=3.121e-05  ||F||=1.859e-01
 step=  8500  E=1.191415471361e+03  Q=1.553000000000e+03  λ=1.436982e+00  dt=1.314e-03  relΔE=4.750e-05  ||F||=1.825e-01
 step=  9000  E=1.167802143042e+03  Q=1.553000000000e+03  λ=1.406715e+00  dt=1.017e-03  relΔE=3.670e-05  ||F||=1.805e-01
 step=  9500  E=1.143750726341e+03  Q=1.553000000000e+03  λ=1.375814e+00  dt=7.871e-04  relΔE=2.878e-05  ||F||=1.798e-01
 step= 10000  E=1.120509510166e+03  Q=1.553000000000e+03  λ=1.345851e+00  dt=1.218e-03  relΔE=4.500e-05  ||F||=1.788e-01
 step= 10500  E=1.097380440698e+03  Q=1.553000000000e+03  λ=1.315823e+00  dt=9.430e-04  relΔE=3.521e-05  ||F||=1.780e-01
 step= 11000  E=1.073820290174e+03  Q=1.553000000000e+03  λ=1.285064e+00  dt=7.298e-04  relΔE=3.305e-05  ||F||=2.111e-01
 step= 11500  E=1.052295272992e+03  Q=1.553000000000e+03  λ=1.256841e+00  dt=1.130e-03  relΔE=4.112e-05  ||F||=1.721e-01
 step= 12000  E=1.031235540246e+03  Q=1.553000000000e+03  λ=1.229143e+00  dt=8.744e-04  relΔE=3.008e-05  ||F||=1.656e-01
 step= 12500  E=1.012043858163e+03  Q=1.553000000000e+03  λ=1.203957e+00  dt=1.353e-03  relΔE=4.221e-05  ||F||=1.571e-01
 step= 13000  E=9.957949018762e+02  Q=1.553000000000e+03  λ=1.182701e+00  dt=1.048e-03  relΔE=2.848e-05  ||F||=1.446e-01
 step= 13500  E=9.817345533160e+02  Q=1.553000000000e+03  λ=1.164464e+00  dt=8.108e-04  relΔE=1.833e-05  ||F||=1.310e-01
 step= 14000  E=9.705949369043e+02  Q=1.553000000000e+03  λ=1.150206e+00  dt=1.255e-03  relΔE=2.253e-05  ||F||=1.160e-01
 step= 14500  E=9.620737392540e+02  Q=1.553000000000e+03  λ=1.139456e+00  dt=9.713e-04  relΔE=1.340e-05  ||F||=1.013e-01
 step= 15000  E=9.557259976345e+02  Q=1.553000000000e+03  λ=1.131612e+00  dt=1.253e-03  relΔE=1.289e-05  ||F||=8.717e-02
 step= 15500  E=9.510181558941e+02  Q=1.553000000000e+03  λ=1.125929e+00  dt=9.698e-04  relΔE=7.199e-06  ||F||=7.386e-02
 step= 16000  E=9.475875129084e+02  Q=1.553000000000e+03  λ=1.121914e+00  dt=7.506e-04  relΔE=3.995e-06  ||F||=6.245e-02
 step= 16500  E=9.453195677707e+02  Q=1.553000000000e+03  λ=1.119362e+00  dt=1.162e-03  relΔE=4.186e-06  ||F||=5.130e-02
 step= 17000  E=9.437195388391e+02  Q=1.553000000000e+03  λ=1.117642e+00  dt=8.992e-04  relΔE=2.200e-06  ||F||=4.223e-02
 step= 17500  E=9.426267124476e+02  Q=1.553000000000e+03  λ=1.116538e+00  dt=1.392e-03  relΔE=2.265e-06  ||F||=4.013e-02
 step= 18000  E=9.419399058040e+02  Q=1.553000000000e+03  λ=1.115894e+00  dt=8.978e-04  relΔE=9.936e-07  ||F||=2.837e-02
 step= 18500  E=9.414509541062e+02  Q=1.553000000000e+03  λ=1.115479e+00  dt=1.390e-03  relΔE=1.006e-06  ||F||=2.735e-02
 step= 19000  E=9.411415321765e+02  Q=1.553000000000e+03  λ=1.115248e+00  dt=1.076e-03  relΔE=5.192e-07  ||F||=1.873e-02
 step= 19500  E=9.409309823628e+02  Q=1.553000000000e+03  λ=1.115117e+00  dt=8.324e-04  relΔE=2.628e-07  ||F||=1.514e-02
 step= 20000  E=9.407937927088e+02  Q=1.553000000000e+03  λ=1.115051e+00  dt=1.289e-03  relΔE=2.652e-07  ||F||=1.222e-02
 step= 20500  E=9.407060862047e+02  Q=1.553000000000e+03  λ=1.115023e+00  dt=9.973e-04  relΔE=1.351e-07  ||F||=9.914e-03
 step= 21000  E=9.406464905158e+02  Q=1.553000000000e+03  λ=1.115016e+00  dt=7.719e-04  relΔE=6.847e-08  ||F||=8.021e-03
 step= 21500  E=9.406090395391e+02  Q=1.553000000000e+03  λ=1.115019e+00  dt=1.195e-03  relΔE=6.902e-08  ||F||=6.470e-03
 step= 22000  E=9.405840867711e+02  Q=1.553000000000e+03  λ=1.115026e+00  dt=9.248e-04  relΔE=3.504e-08  ||F||=5.239e-03
 step= 22500  E=9.405673076595e+02  Q=1.553000000000e+03  λ=1.115036e+00  dt=1.431e-03  relΔE=2.883e-08  ||F||=1.937e-02
 step= 23000  E=9.405568622063e+02  Q=1.553000000000e+03  λ=1.115044e+00  dt=1.108e-03  relΔE=1.823e-08  ||F||=3.451e-03
 step= 23500  E=9.405496586771e+02  Q=1.553000000000e+03  λ=1.115051e+00  dt=8.575e-04  relΔE=9.332e-09  ||F||=2.806e-03
 step= 24000  E=9.405448720944e+02  Q=1.553000000000e+03  λ=1.115056e+00  dt=1.327e-03  relΔE=9.608e-09  ||F||=2.291e-03
 step= 24500  E=9.405417513165e+02  Q=1.553000000000e+03  λ=1.115060e+00  dt=1.027e-03  relΔE=5.041e-09  ||F||=1.885e-03
 step= 25000  E=9.405395659296e+02  Q=1.553000000000e+03  λ=1.115063e+00  dt=7.951e-04  relΔE=2.644e-09  ||F||=1.553e-03
 step= 25500  E=9.405381118563e+02  Q=1.553000000000e+03  λ=1.115064e+00  dt=1.231e-03  relΔE=2.802e-09  ||F||=1.286e-03
 step= 26000  E=9.405371087831e+02  Q=1.553000000000e+03  λ=1.115065e+00  dt=9.526e-04  relΔE=1.508e-09  ||F||=1.074e-03
 step= 26500  E=9.405363850764e+02  Q=1.553000000000e+03  λ=1.115065e+00  dt=7.373e-04  relΔE=8.940e-10  ||F||=9.443e-04
 step= 27000  E=9.405359029693e+02  Q=1.553000000000e+03  λ=1.115064e+00  dt=1.141e-03  relΔE=8.990e-10  ||F||=7.614e-04
 step= 27500  E=9.405355453309e+02  Q=1.553000000000e+03  λ=1.115063e+00  dt=8.833e-04  relΔE=4.989e-10  ||F||=6.472e-04
 step= 28000  E=9.405352858282e+02  Q=1.553000000000e+03  λ=1.115061e+00  dt=1.367e-03  relΔE=5.589e-10  ||F||=5.619e-04
 step= 28500  E=9.405351023102e+02  Q=1.553000000000e+03  λ=1.115059e+00  dt=1.058e-03  relΔE=3.201e-10  ||F||=4.786e-04
 step= 29000  E=9.405349623214e+02  Q=1.553000000000e+03  λ=1.115058e+00  dt=8.190e-04  relΔE=1.839e-10  ||F||=4.153e-04
 step= 29500  E=9.405348588094e+02  Q=1.553000000000e+03  λ=1.115056e+00  dt=1.268e-03  relΔE=2.129e-10  ||F||=3.622e-04
 step= 30000  E=9.405347821386e+02  Q=1.553000000000e+03  λ=1.115054e+00  dt=9.812e-04  relΔE=1.251e-10  ||F||=3.186e-04
 step= 30500  E=9.405347217086e+02  Q=1.553000000000e+03  λ=1.115052e+00  dt=7.594e-04  relΔE=7.456e-11  ||F||=2.825e-04
 step= 31000  E=9.405346776541e+02  Q=1.553000000000e+03  λ=1.115051e+00  dt=1.176e-03  relΔE=8.710e-11  ||F||=2.486e-04
 step= 31500  E=9.405346430506e+02  Q=1.553000000000e+03  λ=1.115049e+00  dt=9.098e-04  relΔE=5.170e-11  ||F||=2.209e-04
 step= 32000  E=9.405346159989e+02  Q=1.553000000000e+03  λ=1.115048e+00  dt=1.408e-03  relΔE=6.004e-11  ||F||=3.256e-04
 step= 32500  E=9.405345962047e+02  Q=1.553000000000e+03  λ=1.115046e+00  dt=1.090e-03  relΔE=3.663e-11  ||F||=1.758e-04
 step= 33000  E=9.405345804030e+02  Q=1.553000000000e+03  λ=1.115045e+00  dt=8.436e-04  relΔE=2.174e-11  ||F||=1.572e-04
 step= 33500  E=9.405345683351e+02  Q=1.553000000000e+03  λ=1.115044e+00  dt=1.306e-03  relΔE=2.570e-11  ||F||=1.408e-04
 step= 34000  E=9.405345593255e+02  Q=1.553000000000e+03  λ=1.115043e+00  dt=1.011e-03  relΔE=1.522e-11  ||F||=1.266e-04
 step= 34500  E=9.405345522358e+02  Q=1.553000000000e+03  λ=1.115042e+00  dt=7.823e-04  relΔE=8.915e-12  ||F||=1.137e-04
 step= 35000  E=9.405345470572e+02  Q=1.553000000000e+03  λ=1.115041e+00  dt=1.211e-03  relΔE=1.032e-11  ||F||=1.022e-04
 step= 35500  E=9.405345431636e+02  Q=1.553000000000e+03  λ=1.115040e+00  dt=9.372e-04  relΔE=5.905e-12  ||F||=9.203e-05
 step= 36000  E=9.405345402301e+02  Q=1.553000000000e+03  λ=1.115039e+00  dt=7.254e-04  relΔE=4.099e-12  ||F||=1.050e-04
 step= 36500  E=9.405345382469e+02  Q=1.553000000000e+03  λ=1.115038e+00  dt=1.123e-03  relΔE=3.621e-12  ||F||=7.465e-05
 step= 37000  E=9.405345368120e+02  Q=1.553000000000e+03  λ=1.115038e+00  dt=8.690e-04  relΔE=1.893e-12  ||F||=6.720e-05
 step= 37500  E=9.405345358707e+02  Q=1.553000000000e+03  λ=1.115037e+00  dt=1.345e-03  relΔE=1.851e-12  ||F||=6.055e-05
 step= 38000  E=9.405345353274e+02  Q=1.553000000000e+03  λ=1.115037e+00  dt=8.676e-04  relΔE=6.895e-13  ||F||=5.481e-05
 step= 38500  E=9.405345350309e+02  Q=1.553000000000e+03  λ=1.115036e+00  dt=1.343e-03  relΔE=4.382e-13  ||F||=4.935e-05
  !! dt è sceso sotto dt_min, mi fermo (stiffness).

Stationary candidate (aggressive): E=9.405345349530e+02, Q=1.553000000000e+03, maxρ=1.025165e+00

=== Stability test (damped inertial dynamics) ===
Perturb eps=0.02, gamma=1
t=0: E=1.016228337838e+03, Q=1.553000000000e+03, maxρ=1.059357e+00, σ=2.513974e+00, Rc=1.867136e+01
 step=     1  E=1.016227957926e+03  Q=1.553000000000e+03  λ=1.500838e+00  maxρ=1.059357e+00  minρ=1.000e-15  σ=2.513974e+00  Rc=1.867136e+01
 step=   300  E=1.000649095313e+03  Q=1.553000000000e+03  λ=1.398194e+00  maxρ=1.057559e+00  minρ=1.000e-15  σ=2.513971e+00  Rc=1.867136e+01
 step=   600  E=9.693006909631e+02  Q=1.553000000000e+03  λ=1.212227e+00  maxρ=1.052489e+00  minρ=1.000e-15  σ=2.513966e+00  Rc=1.867137e+01
 step=   900  E=9.509092257696e+02  Q=1.553000000000e+03  λ=1.152716e+00  maxρ=1.044991e+00  minρ=1.000e-15  σ=2.513964e+00  Rc=1.867136e+01
 step=  1200  E=9.578270386616e+02  Q=1.553000000000e+03  λ=1.259644e+00  maxρ=1.041531e+00  minρ=1.000e-15  σ=2.513967e+00  Rc=1.867136e+01
 step=  1500  E=9.765973720919e+02  Q=1.553000000000e+03  λ=1.376006e+00  maxρ=1.046638e+00  minρ=1.000e-15  σ=2.513969e+00  Rc=1.867135e+01
 step=  1800  E=9.862430831963e+02  Q=1.553000000000e+03  λ=1.362449e+00  maxρ=1.049986e+00  minρ=1.000e-15  σ=2.513967e+00  Rc=1.867135e+01
 step=  2100  E=9.806642507419e+02  Q=1.553000000000e+03  λ=1.261521e+00  maxρ=1.044639e+00  minρ=1.000e-15  σ=2.513963e+00  Rc=1.867135e+01
 step=  2400  E=9.707580229327e+02  Q=1.553000000000e+03  λ=1.214451e+00  maxρ=1.033884e+00  minρ=1.000e-15  σ=2.513964e+00  Rc=1.867135e+01
 step=  2700  E=9.682899691621e+02  Q=1.553000000000e+03  λ=1.268784e+00  maxρ=1.038082e+00  minρ=1.000e-15  σ=2.513967e+00  Rc=1.867135e+01
 step=  3000  E=9.730869916121e+02  Q=1.553000000000e+03  λ=1.334777e+00  maxρ=1.051115e+00  minρ=1.000e-15  σ=2.513968e+00  Rc=1.867135e+01
 step=  3300  E=9.767597062963e+02  Q=1.553000000000e+03  λ=1.322968e+00  maxρ=1.053804e+00  minρ=1.000e-15  σ=2.513964e+00  Rc=1.867135e+01
 step=  3600  E=9.745910648692e+02  Q=1.553000000000e+03  λ=1.258599e+00  maxρ=1.047604e+00  minρ=1.000e-15  σ=2.513960e+00  Rc=1.867135e+01
 step=  3900  E=9.699691853334e+02  Q=1.553000000000e+03  λ=1.229425e+00  maxρ=1.047606e+00  minρ=1.000e-15  σ=2.513961e+00  Rc=1.867135e+01
 step=  4200  E=9.682114702623e+02  Q=1.553000000000e+03  λ=1.261579e+00  maxρ=1.043963e+00  minρ=1.000e-15  σ=2.513964e+00  Rc=1.867135e+01
 step=  4500  E=9.698236202693e+02  Q=1.553000000000e+03  λ=1.296986e+00  maxρ=1.041371e+00  minρ=1.000e-15  σ=2.513966e+00  Rc=1.867134e+01
 step=  4800  E=9.713255299076e+02  Q=1.553000000000e+03  λ=1.284892e+00  maxρ=1.045973e+00  minρ=1.000e-15  σ=2.513962e+00  Rc=1.867134e+01
 step=  5100  E=9.705698028323e+02  Q=1.553000000000e+03  λ=1.247551e+00  maxρ=1.047077e+00  minρ=1.000e-15  σ=2.513958e+00  Rc=1.867134e+01
 step=  5400  E=9.688451107697e+02  Q=1.553000000000e+03  λ=1.237350e+00  maxρ=1.045840e+00  minρ=1.000e-15  σ=2.513957e+00  Rc=1.867134e+01
 step=  5700  E=9.681225845763e+02  Q=1.553000000000e+03  λ=1.261031e+00  maxρ=1.042267e+00  minρ=1.000e-15  σ=2.513959e+00  Rc=1.867133e+01
 step=  6000  E=9.683507244765e+02  Q=1.553000000000e+03  λ=1.278329e+00  maxρ=1.038995e+00  minρ=1.000e-15  σ=2.513960e+00  Rc=1.867133e+01
 >>> No runaway detected in this horizon. Likely stable (within this model & box).

STABILITY: PASS
