
=== Aggressive relaxation to Q = 1688 ===
Initial: E=2.836514541075e+03, Q=1.688000000000e+03, dt=1.000e-04
 step=     1  E=2.836406023548e+03  Q=1.688000000000e+03  λ=3.470752e+00  dt=1.000e-04  relΔE=3.826e-05  ||F||=8.022e-01
 step=   500  E=2.711931754617e+03  Q=1.688000000000e+03  λ=3.278589e+00  dt=6.192e-04  relΔE=1.643e-04  ||F||=7.156e-01
 step=  1000  E=2.403290170883e+03  Q=1.688000000000e+03  λ=2.840220e+00  dt=9.584e-04  relΔE=1.848e-04  ||F||=5.742e-01
 step=  1500  E=2.176622164658e+03  Q=1.688000000000e+03  λ=2.537190e+00  dt=7.418e-04  relΔE=1.198e-04  ||F||=5.006e-01
 step=  2000  E=2.017323751272e+03  Q=1.688000000000e+03  λ=2.330175e+00  dt=1.148e-03  relΔE=1.445e-04  ||F||=4.250e-01
 step=  2500  E=1.889451632338e+03  Q=1.688000000000e+03  λ=2.166572e+00  dt=8.887e-04  relΔE=9.429e-05  ||F||=3.776e-01
 step=  3000  E=1.786044681500e+03  Q=1.688000000000e+03  λ=2.036117e+00  dt=1.376e-03  relΔE=1.248e-04  ||F||=3.563e-01
 step=  3500  E=1.704349635410e+03  Q=1.688000000000e+03  λ=1.933928e+00  dt=1.065e-03  relΔE=8.436e-05  ||F||=3.099e-01
 step=  4000  E=1.633765460944e+03  Q=1.688000000000e+03  λ=1.846398e+00  dt=8.241e-04  relΔE=5.742e-05  ||F||=2.845e-01
 step=  4500  E=1.574228228826e+03  Q=1.688000000000e+03  λ=1.773192e+00  dt=1.276e-03  relΔE=7.880e-05  ||F||=2.630e-01
 step=  5000  E=1.523841411290e+03  Q=1.688000000000e+03  λ=1.711548e+00  dt=9.873e-04  relΔE=5.474e-05  ||F||=2.451e-01
 step=  5500  E=1.478183367361e+03  Q=1.688000000000e+03  λ=1.656028e+00  dt=7.641e-04  relΔE=3.901e-05  ||F||=2.317e-01
 step=  6000  E=1.439497749436e+03  Q=1.688000000000e+03  λ=1.609293e+00  dt=1.183e-03  relΔE=5.422e-05  ||F||=2.166e-01
 step=  6500  E=1.404145571721e+03  Q=1.688000000000e+03  λ=1.566751e+00  dt=9.154e-04  relΔE=3.883e-05  ||F||=2.058e-01
 step=  7000  E=1.371219567565e+03  Q=1.688000000000e+03  λ=1.527434e+00  dt=1.417e-03  relΔE=5.449e-05  ||F||=4.281e-01
 step=  7500  E=1.342335740377e+03  Q=1.688000000000e+03  λ=1.492926e+00  dt=1.097e-03  relΔE=4.157e-05  ||F||=1.902e-01
 step=  8000  E=1.314155181187e+03  Q=1.688000000000e+03  λ=1.459430e+00  dt=8.488e-04  relΔE=3.117e-05  ||F||=1.852e-01
 step=  8500  E=1.287257235087e+03  Q=1.688000000000e+03  λ=1.427552e+00  dt=1.314e-03  relΔE=4.746e-05  ||F||=1.819e-01
 step=  9000  E=1.261757320459e+03  Q=1.688000000000e+03  λ=1.397282e+00  dt=1.017e-03  relΔE=3.670e-05  ||F||=1.799e-01
 step=  9500  E=1.235752938981e+03  Q=1.688000000000e+03  λ=1.366342e+00  dt=7.871e-04  relΔE=2.885e-05  ||F||=1.795e-01
 step= 10000  E=1.210585699229e+03  Q=1.688000000000e+03  λ=1.336307e+00  dt=1.218e-03  relΔE=4.514e-05  ||F||=1.786e-01
 step= 10500  E=1.185532022600e+03  Q=1.688000000000e+03  λ=1.306218e+00  dt=9.430e-04  relΔE=3.539e-05  ||F||=1.779e-01
 step= 11000  E=1.159908986914e+03  Q=1.688000000000e+03  λ=1.275335e+00  dt=7.298e-04  relΔE=3.564e-05  ||F||=2.869e-01
 step= 11500  E=1.136489856243e+03  Q=1.688000000000e+03  λ=1.247013e+00  dt=1.130e-03  relΔE=4.143e-05  ||F||=1.721e-01
 step= 12000  E=1.113604472626e+03  Q=1.688000000000e+03  λ=1.219346e+00  dt=8.744e-04  relΔE=3.030e-05  ||F||=1.656e-01
 step= 12500  E=1.092736439428e+03  Q=1.688000000000e+03  λ=1.194267e+00  dt=1.353e-03  relΔE=4.248e-05  ||F||=1.569e-01
 step= 13000  E=1.075074740972e+03  Q=1.688000000000e+03  λ=1.173204e+00  dt=1.048e-03  relΔE=2.860e-05  ||F||=1.445e-01
 step= 13500  E=1.059867945783e+03  Q=1.688000000000e+03  λ=1.155317e+00  dt=8.108e-04  relΔE=1.834e-05  ||F||=1.306e-01
 step= 14000  E=1.047821476940e+03  Q=1.688000000000e+03  λ=1.141420e+00  dt=1.255e-03  relΔE=2.250e-05  ||F||=1.156e-01
 step= 14500  E=1.038645885663e+03  Q=1.688000000000e+03  λ=1.131059e+00  dt=9.713e-04  relΔE=1.335e-05  ||F||=1.007e-01
 step= 15000  E=1.031549811890e+03  Q=1.688000000000e+03  λ=1.123273e+00  dt=7.518e-04  relΔE=7.856e-06  ||F||=8.759e-02
 step= 15500  E=1.026658967172e+03  Q=1.688000000000e+03  λ=1.118094e+00  dt=1.164e-03  relΔE=8.478e-06  ||F||=7.292e-02
 step= 16000  E=1.023096273896e+03  Q=1.688000000000e+03  λ=1.114473e+00  dt=9.007e-04  relΔE=4.602e-06  ||F||=6.096e-02
 step= 16500  E=1.020592349326e+03  Q=1.688000000000e+03  λ=1.112063e+00  dt=1.394e-03  relΔE=4.857e-06  ||F||=5.964e-02
 step= 17000  E=1.018955949471e+03  Q=1.688000000000e+03  λ=1.110587e+00  dt=1.079e-03  relΔE=2.586e-06  ||F||=4.166e-02
 step= 17500  E=1.017810507678e+03  Q=1.688000000000e+03  λ=1.109638e+00  dt=8.352e-04  relΔE=1.341e-06  ||F||=3.408e-02
 step= 18000  E=1.017048236336e+03  Q=1.688000000000e+03  λ=1.109074e+00  dt=1.293e-03  relΔE=1.379e-06  ||F||=2.777e-02
 step= 18500  E=1.016553438947e+03  Q=1.688000000000e+03  λ=1.108757e+00  dt=1.001e-03  relΔE=7.121e-07  ||F||=2.267e-02
 step= 19000  E=1.016213784773e+03  Q=1.688000000000e+03  λ=1.108579e+00  dt=7.744e-04  relΔE=3.637e-07  ||F||=1.841e-02
 step= 19500  E=1.015998140317e+03  Q=1.688000000000e+03  λ=1.108495e+00  dt=1.199e-03  relΔE=3.694e-07  ||F||=1.491e-02
 step= 20000  E=1.015854212050e+03  Q=1.688000000000e+03  λ=1.108461e+00  dt=9.278e-04  relΔE=1.883e-07  ||F||=1.210e-02
 step= 20500  E=1.015757142723e+03  Q=1.688000000000e+03  λ=1.108457e+00  dt=1.436e-03  relΔE=1.029e-07  ||F||=6.920e-02
 step= 21000  E=1.015696734898e+03  Q=1.688000000000e+03  λ=1.108461e+00  dt=1.112e-03  relΔE=9.785e-08  ||F||=7.965e-03
 step= 21500  E=1.015655114031e+03  Q=1.688000000000e+03  λ=1.108473e+00  dt=8.603e-04  relΔE=4.989e-08  ||F||=6.464e-03
 step= 22000  E=1.015627663549e+03  Q=1.688000000000e+03  λ=1.108486e+00  dt=1.332e-03  relΔE=5.107e-08  ||F||=5.263e-03
 step= 22500  E=1.015609865441e+03  Q=1.688000000000e+03  λ=1.108498e+00  dt=1.031e-03  relΔE=2.659e-08  ||F||=4.311e-03
 step= 23000  E=1.015597528811e+03  Q=1.688000000000e+03  λ=1.108507e+00  dt=7.977e-04  relΔE=1.381e-08  ||F||=3.532e-03
 step= 23500  E=1.015589369168e+03  Q=1.688000000000e+03  λ=1.108513e+00  dt=1.235e-03  relΔE=1.450e-08  ||F||=2.909e-03
 step= 24000  E=1.015583809868e+03  Q=1.688000000000e+03  λ=1.108517e+00  dt=9.557e-04  relΔE=7.715e-09  ||F||=2.413e-03
 step= 24500  E=1.015579854571e+03  Q=1.688000000000e+03  λ=1.108519e+00  dt=7.397e-04  relΔE=4.355e-09  ||F||=2.065e-03
 step= 25000  E=1.015577242533e+03  Q=1.688000000000e+03  λ=1.108519e+00  dt=1.145e-03  relΔE=4.490e-09  ||F||=1.685e-03
 step= 25500  E=1.015575331864e+03  Q=1.688000000000e+03  λ=1.108518e+00  dt=8.861e-04  relΔE=2.464e-09  ||F||=1.421e-03
 step= 26000  E=1.015573958952e+03  Q=1.688000000000e+03  λ=1.108515e+00  dt=1.372e-03  relΔE=2.730e-09  ||F||=1.233e-03
 step= 26500  E=1.015572999816e+03  Q=1.688000000000e+03  λ=1.108512e+00  dt=1.062e-03  relΔE=1.551e-09  ||F||=1.034e-03
 step= 27000  E=1.015572271694e+03  Q=1.688000000000e+03  λ=1.108509e+00  dt=8.217e-04  relΔE=8.846e-10  ||F||=8.902e-04
 step= 27500  E=1.015571736250e+03  Q=1.688000000000e+03  λ=1.108505e+00  dt=1.272e-03  relΔE=1.021e-09  ||F||=7.713e-04
 step= 28000  E=1.015571340913e+03  Q=1.688000000000e+03  λ=1.108501e+00  dt=9.844e-04  relΔE=5.988e-10  ||F||=6.742e-04
 step= 28500  E=1.015571029632e+03  Q=1.688000000000e+03  λ=1.108497e+00  dt=7.619e-04  relΔE=3.571e-10  ||F||=5.945e-04
 step= 29000  E=1.015570801382e+03  Q=1.688000000000e+03  λ=1.108493e+00  dt=1.179e-03  relΔE=4.196e-10  ||F||=5.208e-04
 step= 29500  E=1.015570621450e+03  Q=1.688000000000e+03  λ=1.108489e+00  dt=9.128e-04  relΔE=2.513e-10  ||F||=4.608e-04
 step= 30000  E=1.015570479087e+03  Q=1.688000000000e+03  λ=1.108486e+00  dt=1.413e-03  relΔE=2.941e-10  ||F||=7.538e-04
 step= 30500  E=1.015570373586e+03  Q=1.688000000000e+03  λ=1.108482e+00  dt=1.094e-03  relΔE=1.832e-10  ||F||=3.647e-04
 step= 31000  E=1.015570287705e+03  Q=1.688000000000e+03  λ=1.108479e+00  dt=8.464e-04  relΔE=1.109e-10  ||F||=3.253e-04
 step= 31500  E=1.015570220562e+03  Q=1.688000000000e+03  λ=1.108476e+00  dt=1.310e-03  relΔE=1.346e-10  ||F||=2.909e-04
 step= 32000  E=1.015570169017e+03  Q=1.688000000000e+03  λ=1.108473e+00  dt=1.014e-03  relΔE=8.226e-11  ||F||=2.611e-04
 step= 32500  E=1.015570126998e+03  Q=1.688000000000e+03  λ=1.108470e+00  dt=7.848e-04  relΔE=5.020e-11  ||F||=2.346e-04
 step= 33000  E=1.015570094958e+03  Q=1.688000000000e+03  λ=1.108468e+00  dt=1.215e-03  relΔE=6.082e-11  ||F||=2.104e-04
 step= 33500  E=1.015570069581e+03  Q=1.688000000000e+03  λ=1.108466e+00  dt=9.403e-04  relΔE=3.697e-11  ||F||=1.893e-04
 step= 34000  E=1.015570049084e+03  Q=1.688000000000e+03  λ=1.108464e+00  dt=7.277e-04  relΔE=2.738e-11  ||F||=2.367e-04
 step= 34500  E=1.015570033972e+03  Q=1.688000000000e+03  λ=1.108462e+00  dt=1.126e-03  relΔE=2.702e-11  ||F||=1.534e-04
 step= 35000  E=1.015570021731e+03  Q=1.688000000000e+03  λ=1.108460e+00  dt=8.719e-04  relΔE=1.619e-11  ||F||=1.380e-04
 step= 35500  E=1.015570012270e+03  Q=1.688000000000e+03  λ=1.108459e+00  dt=1.350e-03  relΔE=1.926e-11  ||F||=1.245e-04
 step= 36000  E=1.015570005376e+03  Q=1.688000000000e+03  λ=1.108457e+00  dt=8.704e-04  relΔE=9.614e-12  ||F||=1.125e-04
 step= 36500  E=1.015569999758e+03  Q=1.688000000000e+03  λ=1.108456e+00  dt=1.347e-03  relΔE=1.121e-11  ||F||=1.014e-04
 step= 37000  E=1.015569995675e+03  Q=1.688000000000e+03  λ=1.108455e+00  dt=1.043e-03  relΔE=6.508e-12  ||F||=9.147e-05
 step= 37500  E=1.015569992567e+03  Q=1.688000000000e+03  λ=1.108454e+00  dt=8.071e-04  relΔE=3.690e-12  ||F||=8.245e-05
 step= 38000  E=1.015569990339e+03  Q=1.688000000000e+03  λ=1.108453e+00  dt=1.249e-03  relΔE=4.078e-12  ||F||=7.434e-05
 step= 38500  E=1.015569988787e+03  Q=1.688000000000e+03  λ=1.108452e+00  dt=9.670e-04  relΔE=2.190e-12  ||F||=6.715e-05
 step= 39000  E=1.015569987702e+03  Q=1.688000000000e+03  λ=1.108451e+00  dt=7.484e-04  relΔE=1.124e-12  ||F||=6.067e-05
 step= 39500  E=1.015569987055e+03  Q=1.688000000000e+03  λ=1.108450e+00  dt=1.158e-03  relΔE=1.015e-12  ||F||=5.466e-05
 step= 40000  E=1.015569986690e+03  Q=1.688000000000e+03  λ=1.108450e+00  dt=8.966e-04  relΔE=3.738e-13  ||F||=4.930e-05
 step= 40500  E=1.015569986553e+03  Q=1.688000000000e+03  λ=1.108449e+00  dt=1.388e-03  relΔE=9.504e-14  ||F||=4.469e-05
  !! dt è sceso sotto dt_min, mi fermo (stiffness).

Stationary candidate (aggressive): E=1.015569986549e+03, Q=1.688000000000e+03, maxρ=1.058562e+00

=== Stability test (damped inertial dynamics) ===
Perturb eps=0.02, gamma=1
t=0: E=1.097886627314e+03, Q=1.688000000000e+03, maxρ=1.094311e+00, σ=2.529285e+00, Rc=1.866642e+01
 step=     1  E=1.097886214117e+03  Q=1.688000000000e+03  λ=1.494491e+00  maxρ=1.094311e+00  minρ=1.000e-15  σ=2.529285e+00  Rc=1.866642e+01
 step=   300  E=1.080942506925e+03  Q=1.688000000000e+03  λ=1.391773e+00  maxρ=1.092453e+00  minρ=1.000e-15  σ=2.529282e+00  Rc=1.866643e+01
 step=   600  E=1.046848288743e+03  Q=1.688000000000e+03  λ=1.205681e+00  maxρ=1.087216e+00  minρ=1.000e-15  σ=2.529277e+00  Rc=1.866643e+01
 step=   900  E=1.026847333362e+03  Q=1.688000000000e+03  λ=1.146150e+00  maxρ=1.079469e+00  minρ=1.000e-15  σ=2.529275e+00  Rc=1.866643e+01
 step=  1200  E=1.034373492182e+03  Q=1.688000000000e+03  λ=1.253170e+00  maxρ=1.075906e+00  minρ=1.000e-15  σ=2.529278e+00  Rc=1.866642e+01
 step=  1500  E=1.054790166951e+03  Q=1.688000000000e+03  λ=1.369599e+00  maxρ=1.080876e+00  minρ=1.000e-15  σ=2.529280e+00  Rc=1.866642e+01
 step=  1800  E=1.065282691394e+03  Q=1.688000000000e+03  λ=1.356002e+00  maxρ=1.084335e+00  minρ=1.000e-15  σ=2.529277e+00  Rc=1.866642e+01
 step=  2100  E=1.059216897809e+03  Q=1.688000000000e+03  λ=1.255000e+00  maxρ=1.078812e+00  minρ=1.000e-15  σ=2.529274e+00  Rc=1.866642e+01
 step=  2400  E=1.048442515754e+03  Q=1.688000000000e+03  λ=1.207934e+00  maxρ=1.067577e+00  minρ=1.000e-15  σ=2.529274e+00  Rc=1.866642e+01
 step=  2700  E=1.045753180753e+03  Q=1.688000000000e+03  λ=1.262335e+00  maxρ=1.072319e+00  minρ=1.000e-15  σ=2.529278e+00  Rc=1.866641e+01
 step=  3000  E=1.050962284721e+03  Q=1.688000000000e+03  λ=1.328348e+00  maxρ=1.085782e+00  minρ=1.000e-15  σ=2.529278e+00  Rc=1.866641e+01
 step=  3300  E=1.054952478906e+03  Q=1.688000000000e+03  λ=1.316470e+00  maxρ=1.088559e+00  minρ=1.000e-15  σ=2.529275e+00  Rc=1.866642e+01
 step=  3600  E=1.052598916360e+03  Q=1.688000000000e+03  λ=1.252037e+00  maxρ=1.081736e+00  minρ=1.000e-15  σ=2.529271e+00  Rc=1.866642e+01
 step=  3900  E=1.047582695795e+03  Q=1.688000000000e+03  λ=1.222897e+00  maxρ=1.081737e+00  minρ=1.000e-15  σ=2.529272e+00  Rc=1.866641e+01
 step=  4200  E=1.045676167254e+03  Q=1.688000000000e+03  λ=1.255140e+00  maxρ=1.077973e+00  minρ=1.000e-15  σ=2.529275e+00  Rc=1.866641e+01
 step=  4500  E=1.047423211047e+03  Q=1.688000000000e+03  λ=1.290567e+00  maxρ=1.075346e+00  minρ=1.000e-15  σ=2.529276e+00  Rc=1.866641e+01
 step=  4800  E=1.049045424377e+03  Q=1.688000000000e+03  λ=1.278393e+00  maxρ=1.080190e+00  minρ=1.000e-15  σ=2.529273e+00  Rc=1.866641e+01
 step=  5100  E=1.048220058862e+03  Q=1.688000000000e+03  λ=1.240976e+00  maxρ=1.081236e+00  minρ=1.000e-15  σ=2.529268e+00  Rc=1.866640e+01
 step=  5400  E=1.046353187696e+03  Q=1.688000000000e+03  λ=1.230803e+00  maxρ=1.079956e+00  minρ=1.000e-15  σ=2.529267e+00  Rc=1.866640e+01
 step=  5700  E=1.045579262433e+03  Q=1.688000000000e+03  λ=1.254578e+00  maxρ=1.076264e+00  minρ=1.000e-15  σ=2.529270e+00  Rc=1.866640e+01
 step=  6000  E=1.045829190720e+03  Q=1.688000000000e+03  λ=1.271915e+00  maxρ=1.072910e+00  minρ=1.000e-15  σ=2.529271e+00  Rc=1.866639e+01
 >>> No runaway detected in this horizon. Likely stable (within this model & box).

STABILITY: PASS
