
=== Aggressive relaxation to Q = 498 ===
Initial: E=8.427901370443e+02, Q=4.980000000000e+02, dt=1.000e-04
 step=     1  E=8.427677753587e+02  Q=4.980000000000e+02  λ=3.297275e+00  dt=1.000e-04  relΔE=2.653e-05  ||F||=6.703e-01
 step=   500  E=8.154303771326e+02  Q=4.980000000000e+02  λ=3.184553e+00  dt=6.192e-04  relΔE=1.261e-04  ||F||=6.327e-01
 step=  1000  E=7.386523610542e+02  Q=4.980000000000e+02  λ=2.870339e+00  dt=9.584e-04  relΔE=1.573e-04  ||F||=5.407e-01
 step=  1500  E=6.771604142041e+02  Q=4.980000000000e+02  λ=2.621540e+00  dt=7.418e-04  relΔE=1.075e-04  ||F||=4.869e-01
 step=  2000  E=6.317252914524e+02  Q=4.980000000000e+02  λ=2.439510e+00  dt=1.148e-03  relΔE=1.344e-04  ||F||=4.222e-01
 step=  2500  E=5.938703360154e+02  Q=4.980000000000e+02  λ=2.288706e+00  dt=8.887e-04  relΔE=9.003e-05  ||F||=3.808e-01
 step=  3000  E=5.625183025066e+02  Q=4.980000000000e+02  λ=2.164677e+00  dt=1.376e-03  relΔE=1.217e-04  ||F||=3.580e-01
 step=  3500  E=5.372251442473e+02  Q=4.980000000000e+02  λ=2.064941e+00  dt=1.065e-03  relΔE=8.353e-05  ||F||=3.187e-01
 step=  4000  E=5.150477760003e+02  Q=4.980000000000e+02  λ=1.977874e+00  dt=8.241e-04  relΔE=5.759e-05  ||F||=2.945e-01
 step=  4500  E=4.961124284658e+02  Q=4.980000000000e+02  λ=1.903903e+00  dt=1.276e-03  relΔE=7.993e-05  ||F||=2.737e-01
 step=  5000  E=4.799507652358e+02  Q=4.980000000000e+02  λ=1.840899e+00  dt=9.873e-04  relΔE=5.610e-05  ||F||=2.564e-01
 step=  5500  E=4.651392664583e+02  Q=4.980000000000e+02  λ=1.783367e+00  dt=7.641e-04  relΔE=4.037e-05  ||F||=2.434e-01
 step=  6000  E=4.524635007941e+02  Q=4.980000000000e+02  λ=1.734352e+00  dt=1.183e-03  relΔE=5.683e-05  ||F||=2.289e-01
 step=  6500  E=4.407447738986e+02  Q=4.980000000000e+02  λ=1.689142e+00  dt=9.154e-04  relΔE=4.127e-05  ||F||=2.188e-01
 step=  7000  E=4.296829986714e+02  Q=4.980000000000e+02  λ=1.646762e+00  dt=1.417e-03  relΔE=5.835e-05  ||F||=5.021e-01
 step=  7500  E=4.198468157354e+02  Q=4.980000000000e+02  λ=1.608967e+00  dt=1.097e-03  relΔE=4.555e-05  ||F||=2.050e-01
 step=  8000  E=4.101382953978e+02  Q=4.980000000000e+02  λ=1.571815e+00  dt=8.488e-04  relΔE=3.456e-05  ||F||=2.006e-01
 step=  8500  E=4.008178341528e+02  Q=4.980000000000e+02  λ=1.536166e+00  dt=1.314e-03  relΔE=5.280e-05  ||F||=1.971e-01
 step=  9000  E=3.920211089009e+02  Q=4.980000000000e+02  λ=1.502344e+00  dt=1.017e-03  relΔE=4.048e-05  ||F||=1.939e-01
 step=  9500  E=3.832285437274e+02  Q=4.980000000000e+02  λ=1.468288e+00  dt=7.871e-04  relΔE=3.100e-05  ||F||=1.907e-01
 step= 10000  E=3.750066293503e+02  Q=4.980000000000e+02  λ=1.436123e+00  dt=1.218e-03  relΔE=4.650e-05  ||F||=1.857e-01
 step= 10500  E=3.672404663269e+02  Q=4.980000000000e+02  λ=1.405270e+00  dt=9.430e-04  relΔE=3.430e-05  ||F||=1.794e-01
 step= 11000  E=3.598318424764e+02  Q=4.980000000000e+02  λ=1.375344e+00  dt=7.298e-04  relΔE=2.858e-05  ||F||=1.975e-01
 step= 11500  E=3.535765367493e+02  Q=4.980000000000e+02  λ=1.349613e+00  dt=1.130e-03  relΔE=3.416e-05  ||F||=1.605e-01
 step= 12000  E=3.479393054697e+02  Q=4.980000000000e+02  λ=1.325934e+00  dt=8.744e-04  relΔE=2.285e-05  ||F||=1.480e-01
 step= 12500  E=3.432142123642e+02  Q=4.980000000000e+02  λ=1.305677e+00  dt=1.353e-03  relΔE=2.941e-05  ||F||=1.349e-01
 step= 13000  E=3.395033658969e+02  Q=4.980000000000e+02  λ=1.289377e+00  dt=1.048e-03  relΔE=1.839e-05  ||F||=1.198e-01
 step= 13500  E=3.365033264636e+02  Q=4.980000000000e+02  λ=1.275875e+00  dt=8.108e-04  relΔE=1.108e-05  ||F||=1.053e-01
 step= 14000  E=3.342468896822e+02  Q=4.980000000000e+02  λ=1.265452e+00  dt=1.255e-03  relΔE=1.295e-05  ||F||=9.117e-02
 step= 14500  E=3.325899005426e+02  Q=4.980000000000e+02  λ=1.257554e+00  dt=9.713e-04  relΔE=7.431e-06  ||F||=7.830e-02
 step= 15000  E=3.313371367575e+02  Q=4.980000000000e+02  λ=1.251375e+00  dt=7.518e-04  relΔE=4.232e-06  ||F||=6.706e-02
 step= 15500  E=3.304857740112e+02  Q=4.980000000000e+02  λ=1.247012e+00  dt=1.164e-03  relΔE=4.568e-06  ||F||=5.591e-02
 step= 16000  E=3.298707233059e+02  Q=4.980000000000e+02  λ=1.243708e+00  dt=7.506e-04  relΔE=2.292e-06  ||F||=4.953e-02
 step= 16500  E=3.294502319170e+02  Q=4.980000000000e+02  λ=1.241332e+00  dt=1.162e-03  relΔE=2.236e-06  ||F||=3.907e-02
 step= 17000  E=3.291510836056e+02  Q=4.980000000000e+02  λ=1.239533e+00  dt=8.992e-04  relΔE=1.187e-06  ||F||=3.235e-02
 step= 17500  E=3.289442161084e+02  Q=4.980000000000e+02  λ=1.238197e+00  dt=1.392e-03  relΔE=1.242e-06  ||F||=3.004e-02
 step= 18000  E=3.288091669155e+02  Q=4.980000000000e+02  λ=1.237248e+00  dt=1.077e-03  relΔE=6.599e-07  ||F||=2.202e-02
 step= 18500  E=3.287144167185e+02  Q=4.980000000000e+02  λ=1.236518e+00  dt=8.338e-04  relΔE=3.447e-07  ||F||=1.808e-02
 step= 19000  E=3.286507556775e+02  Q=4.980000000000e+02  λ=1.235972e+00  dt=1.291e-03  relΔE=3.594e-07  ||F||=1.483e-02
 step= 19500  E=3.286086319094e+02  Q=4.980000000000e+02  λ=1.235565e+00  dt=9.989e-04  relΔE=1.889e-07  ||F||=1.222e-02
 step= 20000  E=3.285791449706e+02  Q=4.980000000000e+02  λ=1.235241e+00  dt=7.731e-04  relΔE=9.893e-08  ||F||=1.005e-02
 step= 20500  E=3.285599461277e+02  Q=4.980000000000e+02  λ=1.234998e+00  dt=1.197e-03  relΔE=1.033e-07  ||F||=8.247e-03
 step= 21000  E=3.285466993857e+02  Q=4.980000000000e+02  λ=1.234802e+00  dt=9.263e-04  relΔE=5.437e-08  ||F||=6.796e-03
 step= 21500  E=3.285374552695e+02  Q=4.980000000000e+02  λ=1.234642e+00  dt=1.434e-03  relΔE=4.371e-08  ||F||=2.869e-02
 step= 22000  E=3.285314690046e+02  Q=4.980000000000e+02  λ=1.234520e+00  dt=1.110e-03  relΔE=3.063e-08  ||F||=4.652e-03
 step= 22500  E=3.285271568962e+02  Q=4.980000000000e+02  λ=1.234416e+00  dt=8.589e-04  relΔE=1.641e-08  ||F||=3.866e-03
 step= 23000  E=3.285241519029e+02  Q=4.980000000000e+02  λ=1.234330e+00  dt=1.329e-03  relΔE=1.776e-08  ||F||=3.230e-03
 step= 23500  E=3.285220892200e+02  Q=4.980000000000e+02  λ=1.234260e+00  dt=1.029e-03  relΔE=9.833e-09  ||F||=2.725e-03
 step= 24000  E=3.285205613284e+02  Q=4.980000000000e+02  λ=1.234199e+00  dt=7.964e-04  relΔE=5.476e-09  ||F||=2.307e-03
 step= 24500  E=3.285194751288e+02  Q=4.980000000000e+02  λ=1.234148e+00  dt=1.233e-03  relΔE=6.207e-09  ||F||=1.970e-03
 step= 25000  E=3.285186737570e+02  Q=4.980000000000e+02  λ=1.234105e+00  dt=9.541e-04  relΔE=3.589e-09  ||F||=1.699e-03
 step= 25500  E=3.285180507279e+02  Q=4.980000000000e+02  λ=1.234066e+00  dt=7.385e-04  relΔE=2.273e-09  ||F||=1.538e-03
 step= 26000  E=3.285176001804e+02  Q=4.980000000000e+02  λ=1.234035e+00  dt=1.143e-03  relΔE=2.514e-09  ||F||=1.292e-03
 step= 26500  E=3.285172364671e+02  Q=4.980000000000e+02  λ=1.234006e+00  dt=8.847e-04  relΔE=1.523e-09  ||F||=1.140e-03
 step= 27000  E=3.285169477562e+02  Q=4.980000000000e+02  λ=1.233981e+00  dt=1.369e-03  relΔE=1.870e-09  ||F||=1.035e-03
 step= 27500  E=3.285167242983e+02  Q=4.980000000000e+02  λ=1.233960e+00  dt=1.060e-03  relΔE=1.173e-09  ||F||=9.093e-04
 step= 28000  E=3.285165369450e+02  Q=4.980000000000e+02  λ=1.233940e+00  dt=8.203e-04  relΔE=7.410e-10  ||F||=8.190e-04
 step= 28500  E=3.285163846863e+02  Q=4.980000000000e+02  λ=1.233923e+00  dt=1.270e-03  relΔE=9.446e-10  ||F||=7.411e-04
 step= 29000  E=3.285162603925e+02  Q=4.980000000000e+02  λ=1.233908e+00  dt=9.828e-04  relΔE=6.097e-10  ||F||=6.749e-04
 step= 29500  E=3.285161526900e+02  Q=4.980000000000e+02  λ=1.233893e+00  dt=7.607e-04  relΔE=4.025e-10  ||F||=6.222e-04
 step= 30000  E=3.285160661510e+02  Q=4.980000000000e+02  λ=1.233881e+00  dt=1.177e-03  relΔE=5.153e-10  ||F||=5.634e-04
 step= 30500  E=3.285159913632e+02  Q=4.980000000000e+02  λ=1.233870e+00  dt=9.113e-04  relΔE=3.377e-10  ||F||=5.168e-04
 step= 31000  E=3.285159265223e+02  Q=4.980000000000e+02  λ=1.233860e+00  dt=1.411e-03  relΔE=4.320e-10  ||F||=9.620e-04
 step= 31500  E=3.285158741377e+02  Q=4.980000000000e+02  λ=1.233851e+00  dt=1.092e-03  relΔE=2.933e-10  ||F||=4.371e-04
 step= 32000  E=3.285158275963e+02  Q=4.980000000000e+02  λ=1.233843e+00  dt=8.450e-04  relΔE=1.939e-10  ||F||=4.025e-04
 step= 32500  E=3.285157879968e+02  Q=4.980000000000e+02  λ=1.233835e+00  dt=1.308e-03  relΔE=2.568e-10  ||F||=3.708e-04
 step= 33000  E=3.285157547429e+02  Q=4.980000000000e+02  λ=1.233829e+00  dt=1.012e-03  relΔE=1.710e-10  ||F||=3.425e-04
 step= 33500  E=3.285157252211e+02  Q=4.980000000000e+02  λ=1.233822e+00  dt=7.835e-04  relΔE=1.140e-10  ||F||=3.166e-04
 step= 34000  E=3.285157005070e+02  Q=4.980000000000e+02  λ=1.233817e+00  dt=1.213e-03  relΔE=1.515e-10  ||F||=2.918e-04
 step= 34500  E=3.285156791115e+02  Q=4.980000000000e+02  λ=1.233811e+00  dt=9.387e-04  relΔE=1.012e-10  ||F||=2.697e-04
 step= 35000  E=3.285156600212e+02  Q=4.980000000000e+02  λ=1.233807e+00  dt=7.265e-04  relΔE=8.701e-11  ||F||=4.171e-04
 step= 35500  E=3.285156444681e+02  Q=4.980000000000e+02  λ=1.233802e+00  dt=1.125e-03  relΔE=9.038e-11  ||F||=2.302e-04
 step= 36000  E=3.285156304868e+02  Q=4.980000000000e+02  λ=1.233798e+00  dt=8.704e-04  relΔE=6.047e-11  ||F||=2.127e-04
 step= 36500  E=3.285156183841e+02  Q=4.980000000000e+02  λ=1.233795e+00  dt=1.347e-03  relΔE=8.088e-11  ||F||=1.971e-04
 step= 37000  E=3.285156084528e+02  Q=4.980000000000e+02  λ=1.233791e+00  dt=8.690e-04  relΔE=4.551e-11  ||F||=1.822e-04
 step= 37500  E=3.285155992379e+02  Q=4.980000000000e+02  λ=1.233788e+00  dt=1.345e-03  relΔE=6.097e-11  ||F||=1.687e-04
 step= 38000  E=3.285155917323e+02  Q=4.980000000000e+02  λ=1.233785e+00  dt=8.676e-04  relΔE=3.438e-11  ||F||=1.560e-04
 step= 38500  E=3.285155847546e+02  Q=4.980000000000e+02  λ=1.233783e+00  dt=1.343e-03  relΔE=4.616e-11  ||F||=1.445e-04
 step= 39000  E=3.285155789022e+02  Q=4.980000000000e+02  λ=1.233780e+00  dt=1.039e-03  relΔE=3.118e-11  ||F||=1.334e-04
 step= 39500  E=3.285155736440e+02  Q=4.980000000000e+02  λ=1.233778e+00  dt=8.045e-04  relΔE=2.105e-11  ||F||=1.234e-04
 step= 40000  E=3.285155691258e+02  Q=4.980000000000e+02  λ=1.233776e+00  dt=1.245e-03  relΔE=2.837e-11  ||F||=1.139e-04
 step= 40500  E=3.285155652199e+02  Q=4.980000000000e+02  λ=1.233774e+00  dt=9.638e-04  relΔE=1.922e-11  ||F||=1.054e-04
 step= 41000  E=3.285155616697e+02  Q=4.980000000000e+02  λ=1.233772e+00  dt=7.460e-04  relΔE=1.341e-11  ||F||=9.972e-05
 step= 41500  E=3.285155587170e+02  Q=4.980000000000e+02  λ=1.233771e+00  dt=1.155e-03  relΔE=1.764e-11  ||F||=9.008e-05
 step= 42000  E=3.285155560503e+02  Q=4.980000000000e+02  λ=1.233769e+00  dt=8.937e-04  relΔE=1.198e-11  ||F||=8.327e-05
 step= 42500  E=3.285155536817e+02  Q=4.980000000000e+02  λ=1.233768e+00  dt=1.383e-03  relΔE=1.623e-11  ||F||=8.397e-05
 step= 43000  E=3.285155516803e+02  Q=4.980000000000e+02  λ=1.233767e+00  dt=1.071e-03  relΔE=1.109e-11  ||F||=7.120e-05
 step= 43500  E=3.285155498602e+02  Q=4.980000000000e+02  λ=1.233766e+00  dt=8.287e-04  relΔE=7.562e-12  ||F||=6.582e-05
 step= 44000  E=3.285155482639e+02  Q=4.980000000000e+02  λ=1.233764e+00  dt=1.283e-03  relΔE=1.031e-11  ||F||=6.080e-05
 step= 44500  E=3.285155468816e+02  Q=4.980000000000e+02  λ=1.233763e+00  dt=9.928e-04  relΔE=7.068e-12  ||F||=5.628e-05
 step= 45000  E=3.285155456130e+02  Q=4.980000000000e+02  λ=1.233763e+00  dt=7.684e-04  relΔE=4.895e-12  ||F||=5.262e-05
 step= 45500  E=3.285155445336e+02  Q=4.980000000000e+02  λ=1.233762e+00  dt=1.189e-03  relΔE=6.638e-12  ||F||=4.809e-05
 step= 46000  E=3.285155435580e+02  Q=4.980000000000e+02  λ=1.233761e+00  dt=9.206e-04  relΔE=4.561e-12  ||F||=4.447e-05
 step= 46500  E=3.285155426699e+02  Q=4.980000000000e+02  λ=1.233760e+00  dt=1.425e-03  relΔE=5.816e-12  ||F||=1.713e-04
 step= 47000  E=3.285155419215e+02  Q=4.980000000000e+02  λ=1.233760e+00  dt=1.103e-03  relΔE=4.327e-12  ||F||=3.802e-05
 step= 47500  E=3.285155412282e+02  Q=4.980000000000e+02  λ=1.233759e+00  dt=8.536e-04  relΔE=2.985e-12  ||F||=3.515e-05
 step= 48000  E=3.285155406108e+02  Q=4.980000000000e+02  λ=1.233758e+00  dt=1.321e-03  relΔE=4.122e-12  ||F||=3.248e-05
 step= 48500  E=3.285155400726e+02  Q=4.980000000000e+02  λ=1.233758e+00  dt=1.023e-03  relΔE=2.859e-12  ||F||=3.005e-05
 step= 49000  E=3.285155395740e+02  Q=4.980000000000e+02  λ=1.233757e+00  dt=7.915e-04  relΔE=1.987e-12  ||F||=2.790e-05
 step= 49500  E=3.285155391377e+02  Q=4.980000000000e+02  λ=1.233757e+00  dt=1.225e-03  relΔE=2.751e-12  ||F||=2.567e-05
 step= 50000  E=3.285155387461e+02  Q=4.980000000000e+02  λ=1.233756e+00  dt=9.483e-04  relΔE=1.914e-12  ||F||=2.375e-05
 step= 50500  E=3.285155383812e+02  Q=4.980000000000e+02  λ=1.233756e+00  dt=7.339e-04  relΔE=1.460e-12  ||F||=2.518e-05
 step= 51000  E=3.285155380708e+02  Q=4.980000000000e+02  λ=1.233756e+00  dt=1.136e-03  relΔE=1.859e-12  ||F||=2.030e-05
 step= 51500  E=3.285155377803e+02  Q=4.980000000000e+02  λ=1.233755e+00  dt=8.793e-04  relΔE=1.298e-12  ||F||=1.877e-05
 step= 52000  E=3.285155375169e+02  Q=4.980000000000e+02  λ=1.233755e+00  dt=1.361e-03  relΔE=1.811e-12  ||F||=1.806e-05
 step= 52500  E=3.285155372865e+02  Q=4.980000000000e+02  λ=1.233755e+00  dt=1.053e-03  relΔE=1.271e-12  ||F||=1.604e-05
 step= 53000  E=3.285155370714e+02  Q=4.980000000000e+02  λ=1.233754e+00  dt=8.153e-04  relΔE=8.913e-13  ||F||=1.488e-05
 step= 53500  E=3.285155368785e+02  Q=4.980000000000e+02  λ=1.233754e+00  dt=1.262e-03  relΔE=1.249e-12  ||F||=1.370e-05
 step= 54000  E=3.285155367061e+02  Q=4.980000000000e+02  λ=1.233754e+00  dt=9.768e-04  relΔE=8.785e-13  ||F||=1.268e-05
 step= 54500  E=3.285155365433e+02  Q=4.980000000000e+02  λ=1.233754e+00  dt=7.560e-04  relΔE=6.269e-13  ||F||=1.218e-05
 step= 55000  E=3.285155364020e+02  Q=4.980000000000e+02  λ=1.233754e+00  dt=1.170e-03  relΔE=8.695e-13  ||F||=1.083e-05
 step= 55500  E=3.285155362703e+02  Q=4.980000000000e+02  λ=1.233753e+00  dt=9.057e-04  relΔE=6.124e-13  ||F||=1.002e-05
 step= 56000  E=3.285155361480e+02  Q=4.980000000000e+02  λ=1.233753e+00  dt=1.402e-03  relΔE=8.551e-13  ||F||=2.424e-05
 step= 56500  E=3.285155360417e+02  Q=4.980000000000e+02  λ=1.233753e+00  dt=1.085e-03  relΔE=6.099e-13  ||F||=8.563e-06
 step= 57000  E=3.285155359411e+02  Q=4.980000000000e+02  λ=1.233753e+00  dt=8.398e-04  relΔE=4.305e-13  ||F||=7.940e-06
 step= 57500  E=3.285155358496e+02  Q=4.980000000000e+02  λ=1.233753e+00  dt=1.300e-03  relΔE=6.089e-13  ||F||=7.315e-06
 step= 58000  E=3.285155357679e+02  Q=4.980000000000e+02  λ=1.233753e+00  dt=1.006e-03  relΔE=4.314e-13  ||F||=6.768e-06
 step= 58500  E=3.285155356903e+02  Q=4.980000000000e+02  λ=1.233753e+00  dt=7.787e-04  relΔE=3.076e-13  ||F||=6.472e-06
 step= 59000  E=3.285155356216e+02  Q=4.980000000000e+02  λ=1.233753e+00  dt=1.205e-03  relΔE=4.331e-13  ||F||=5.782e-06
 step= 59500  E=3.285155355581e+02  Q=4.980000000000e+02  λ=1.233752e+00  dt=9.330e-04  relΔE=3.068e-13  ||F||=5.348e-06
 step= 60000  E=3.285155354981e+02  Q=4.980000000000e+02  λ=1.233752e+00  dt=1.444e-03  relΔE=1.185e-13  ||F||=1.353e-04
 step= 60500  E=3.285155354460e+02  Q=4.980000000000e+02  λ=1.233752e+00  dt=1.118e-03  relΔE=3.094e-13  ||F||=4.570e-06
 step= 61000  E=3.285155353964e+02  Q=4.980000000000e+02  λ=1.233752e+00  dt=8.651e-04  relΔE=2.201e-13  ||F||=4.232e-06
 step= 61500  E=3.285155353508e+02  Q=4.980000000000e+02  λ=1.233752e+00  dt=1.339e-03  relΔE=3.123e-13  ||F||=3.974e-06
 step= 62000  E=3.285155353101e+02  Q=4.980000000000e+02  λ=1.233752e+00  dt=1.036e-03  relΔE=2.223e-13  ||F||=3.611e-06
 step= 62500  E=3.285155352715e+02  Q=4.980000000000e+02  λ=1.233752e+00  dt=8.022e-04  relΔE=1.588e-13  ||F||=3.409e-06
 step= 63000  E=3.285155352366e+02  Q=4.980000000000e+02  λ=1.233752e+00  dt=1.242e-03  relΔE=2.246e-13  ||F||=3.084e-06
 step= 63500  E=3.285155352048e+02  Q=4.980000000000e+02  λ=1.233752e+00  dt=9.610e-04  relΔE=1.601e-13  ||F||=2.855e-06
 step= 64000  E=3.285155351744e+02  Q=4.980000000000e+02  λ=1.233752e+00  dt=7.438e-04  relΔE=1.184e-13  ||F||=3.460e-06
 step= 64500  E=3.285155351478e+02  Q=4.980000000000e+02  λ=1.233752e+00  dt=1.151e-03  relΔE=1.623e-13  ||F||=2.439e-06
 step= 65000  E=3.285155351225e+02  Q=4.980000000000e+02  λ=1.233752e+00  dt=8.911e-04  relΔE=1.154e-13  ||F||=2.260e-06
 step= 65500  E=3.285155350990e+02  Q=4.980000000000e+02  λ=1.233752e+00  dt=1.379e-03  relΔE=1.647e-13  ||F||=3.982e-06
 step= 66000  E=3.285155350782e+02  Q=4.980000000000e+02  λ=1.233752e+00  dt=1.068e-03  relΔE=1.173e-13  ||F||=1.928e-06
 step= 66500  E=3.285155350584e+02  Q=4.980000000000e+02  λ=1.233752e+00  dt=8.263e-04  relΔE=8.392e-14  ||F||=1.799e-06
 step= 67000  E=3.285155350403e+02  Q=4.980000000000e+02  λ=1.233752e+00  dt=1.279e-03  relΔE=1.192e-13  ||F||=1.647e-06
 step= 67500  E=3.285155350239e+02  Q=4.980000000000e+02  λ=1.233752e+00  dt=9.899e-04  relΔE=8.582e-14  ||F||=1.524e-06
 step= 68000  E=3.285155350082e+02  Q=4.980000000000e+02  λ=1.233752e+00  dt=7.662e-04  relΔE=6.195e-14  ||F||=1.749e-06
 step= 68500  E=3.285155349942e+02  Q=4.980000000000e+02  λ=1.233752e+00  dt=1.186e-03  relΔE=8.721e-14  ||F||=1.302e-06
 step= 69000  E=3.285155349812e+02  Q=4.980000000000e+02  λ=1.233752e+00  dt=9.179e-04  relΔE=6.195e-14  ||F||=1.206e-06
 step= 69500  E=3.285155349688e+02  Q=4.980000000000e+02  λ=1.233752e+00  dt=1.421e-03  relΔE=8.254e-14  ||F||=1.946e-05
 step= 70000  E=3.285155349580e+02  Q=4.980000000000e+02  λ=1.233752e+00  dt=1.100e-03  relΔE=6.333e-14  ||F||=1.029e-06
 step= 70500  E=3.285155349476e+02  Q=4.980000000000e+02  λ=1.233751e+00  dt=8.511e-04  relΔE=4.533e-14  ||F||=9.646e-07
 step= 71000  E=3.285155349381e+02  Q=4.980000000000e+02  λ=1.233751e+00  dt=1.318e-03  relΔE=6.419e-14  ||F||=8.895e-07
 step= 71500  E=3.285155349295e+02  Q=4.980000000000e+02  λ=1.233751e+00  dt=1.020e-03  relΔE=4.585e-14  ||F||=8.133e-07
 step= 72000  E=3.285155349213e+02  Q=4.980000000000e+02  λ=1.233751e+00  dt=7.892e-04  relΔE=3.305e-14  ||F||=8.542e-07
 step= 72500  E=3.285155349139e+02  Q=4.980000000000e+02  λ=1.233751e+00  dt=1.222e-03  relΔE=4.689e-14  ||F||=6.946e-07
 step= 73000  E=3.285155349071e+02  Q=4.980000000000e+02  λ=1.233751e+00  dt=9.455e-04  relΔE=3.374e-14  ||F||=6.435e-07
 step= 73500  E=3.285155349005e+02  Q=4.980000000000e+02  λ=1.233751e+00  dt=7.318e-04  relΔE=2.717e-14  ||F||=2.255e-06
 step= 74000  E=3.285155348948e+02  Q=4.980000000000e+02  λ=1.233751e+00  dt=1.133e-03  relΔE=3.426e-14  ||F||=5.492e-07
 step= 74500  E=3.285155348894e+02  Q=4.980000000000e+02  λ=1.233751e+00  dt=8.767e-04  relΔE=2.457e-14  ||F||=5.213e-07
 step= 75000  E=3.285155348843e+02  Q=4.980000000000e+02  λ=1.233751e+00  dt=1.357e-03  relΔE=3.513e-14  ||F||=7.619e-07
 step= 75500  E=3.285155348798e+02  Q=4.980000000000e+02  λ=1.233751e+00  dt=1.050e-03  relΔE=2.509e-14  ||F||=4.341e-07
 step= 76000  E=3.285155348755e+02  Q=4.980000000000e+02  λ=1.233751e+00  dt=8.130e-04  relΔE=1.834e-14  ||F||=4.571e-07
 step= 76500  E=3.285155348715e+02  Q=4.980000000000e+02  λ=1.233751e+00  dt=1.258e-03  relΔE=2.578e-14  ||F||=3.708e-07
 step= 77000  E=3.285155348679e+02  Q=4.980000000000e+02  λ=1.233751e+00  dt=9.740e-04  relΔE=1.851e-14  ||F||=3.435e-07
 step= 77500  E=3.285155348645e+02  Q=4.980000000000e+02  λ=1.233751e+00  dt=7.538e-04  relΔE=1.367e-14  ||F||=7.291e-07
 step= 78000  E=3.285155348614e+02  Q=4.980000000000e+02  λ=1.233751e+00  dt=1.167e-03  relΔE=1.903e-14  ||F||=2.931e-07
 step= 78500  E=3.285155348585e+02  Q=4.980000000000e+02  λ=1.233751e+00  dt=9.031e-04  relΔE=1.367e-14  ||F||=2.748e-07
 step= 79000  E=3.285155348558e+02  Q=4.980000000000e+02  λ=1.233751e+00  dt=1.398e-03  relΔE=1.903e-14  ||F||=2.788e-06
 step= 79500  E=3.285155348534e+02  Q=4.980000000000e+02  λ=1.233751e+00  dt=1.082e-03  relΔE=1.384e-14  ||F||=2.317e-07
 step= 80000  E=3.285155348511e+02  Q=4.980000000000e+02  λ=1.233751e+00  dt=8.374e-04  relΔE=9.690e-15  ||F||=2.270e-07
 step= 80500  E=3.285155348490e+02  Q=4.980000000000e+02  λ=1.233751e+00  dt=1.296e-03  relΔE=1.384e-14  ||F||=2.004e-07
 step= 81000  E=3.285155348471e+02  Q=4.980000000000e+02  λ=1.233751e+00  dt=1.003e-03  relΔE=1.004e-14  ||F||=1.834e-07
 step= 81500  E=3.285155348453e+02  Q=4.980000000000e+02  λ=1.233751e+00  dt=7.765e-04  relΔE=7.613e-15  ||F||=3.421e-07
 step= 82000  E=3.285155348437e+02  Q=4.980000000000e+02  λ=1.233751e+00  dt=1.202e-03  relΔE=1.055e-14  ||F||=1.564e-07
 step= 82500  E=3.285155348421e+02  Q=4.980000000000e+02  λ=1.233751e+00  dt=9.303e-04  relΔE=7.440e-15  ||F||=1.470e-07
 step= 83000  E=3.285155348407e+02  Q=4.980000000000e+02  λ=1.233751e+00  dt=1.440e-03  relΔE=4.845e-15  ||F||=1.762e-05
 step= 83500  E=3.285155348394e+02  Q=4.980000000000e+02  λ=1.233751e+00  dt=1.115e-03  relΔE=7.440e-15  ||F||=1.237e-07
 step= 84000  E=3.285155348382e+02  Q=4.980000000000e+02  λ=1.233751e+00  dt=8.626e-04  relΔE=5.710e-15  ||F||=1.215e-07
 step= 84500  E=3.285155348371e+02  Q=4.980000000000e+02  λ=1.233751e+00  dt=1.335e-03  relΔE=7.786e-15  ||F||=1.426e-07
 step= 85000  E=3.285155348360e+02  Q=4.980000000000e+02  λ=1.233751e+00  dt=1.033e-03  relΔE=5.537e-15  ||F||=9.787e-08
 step= 85500  E=3.285155348351e+02  Q=4.980000000000e+02  λ=1.233751e+00  dt=7.999e-04  relΔE=3.980e-15  ||F||=1.377e-07
 step= 86000  E=3.285155348342e+02  Q=4.980000000000e+02  λ=1.233751e+00  dt=1.238e-03  relΔE=5.710e-15  ||F||=8.348e-08
 step= 86500  E=3.285155348334e+02  Q=4.980000000000e+02  λ=1.233751e+00  dt=9.583e-04  relΔE=4.153e-15  ||F||=7.798e-08
 step= 87000  E=3.285155348326e+02  Q=4.980000000000e+02  λ=1.233751e+00  dt=7.417e-04  relΔE=3.288e-15  ||F||=4.755e-07
 step= 87500  E=3.285155348319e+02  Q=4.980000000000e+02  λ=1.233751e+00  dt=1.148e-03  relΔE=3.807e-15  ||F||=6.601e-08
 step= 88000  E=3.285155348313e+02  Q=4.980000000000e+02  λ=1.233751e+00  dt=8.885e-04  relΔE=2.768e-15  ||F||=6.790e-08
 step= 88500  E=3.285155348307e+02  Q=4.980000000000e+02  λ=1.233751e+00  dt=1.375e-03  relΔE=4.499e-15  ||F||=4.406e-07
 step= 89000  E=3.285155348301e+02  Q=4.980000000000e+02  λ=1.233751e+00  dt=1.065e-03  relΔE=2.942e-15  ||F||=5.226e-08
 Converged (aggressive): step=89353, E=3.285155348298e+02, Q=4.980000000000e+02, dt=9.536e-04, ||F||=5.000e-08

Stationary candidate (aggressive): E=3.285155348298e+02, Q=4.980000000000e+02, maxρ=5.771647e-01

=== Stability test (damped inertial dynamics) ===
Perturb eps=0.02, gamma=1
t=0: E=3.527900725693e+02, Q=4.980000000000e+02, maxρ=5.957104e-01, σ=2.671179e+00, Rc=1.864456e+01
 step=     1  E=3.527899506723e+02  Q=4.980000000000e+02  λ=1.619928e+00  maxρ=5.957104e-01  minρ=1.000e-15  σ=2.671179e+00  Rc=1.864456e+01
 step=   300  E=3.477916428619e+02  Q=4.980000000000e+02  λ=1.517123e+00  maxρ=5.947001e-01  minρ=1.000e-15  σ=2.671176e+00  Rc=1.864456e+01
 step=   600  E=3.377362839872e+02  Q=4.980000000000e+02  λ=1.330919e+00  maxρ=5.918515e-01  minρ=1.000e-15  σ=2.671170e+00  Rc=1.864456e+01
 step=   900  E=3.318425480029e+02  Q=4.980000000000e+02  λ=1.271466e+00  maxρ=5.876382e-01  minρ=1.000e-15  σ=2.671169e+00  Rc=1.864456e+01
 step=  1200  E=3.340685334459e+02  Q=4.980000000000e+02  λ=1.378694e+00  maxρ=5.856666e-01  minρ=1.000e-15  σ=2.671172e+00  Rc=1.864456e+01
 step=  1500  E=3.400886835514e+02  Q=4.980000000000e+02  λ=1.495182e+00  maxρ=5.890093e-01  minρ=1.000e-15  σ=2.671174e+00  Rc=1.864455e+01
 step=  1800  E=3.431727445230e+02  Q=4.980000000000e+02  λ=1.481381e+00  maxρ=5.908955e-01  minρ=1.000e-15  σ=2.671171e+00  Rc=1.864455e+01
 step=  2100  E=3.413744407269e+02  Q=4.980000000000e+02  λ=1.380147e+00  maxρ=5.878888e-01  minρ=1.000e-15  σ=2.671167e+00  Rc=1.864455e+01
 step=  2400  E=3.381998721514e+02  Q=4.980000000000e+02  λ=1.333111e+00  maxρ=5.820366e-01  minρ=1.000e-15  σ=2.671167e+00  Rc=1.864455e+01
 step=  2700  E=3.374204082683e+02  Q=4.980000000000e+02  λ=1.387771e+00  maxρ=5.836287e-01  minρ=1.000e-15  σ=2.671171e+00  Rc=1.864455e+01
 step=  3000  E=3.389668182498e+02  Q=4.980000000000e+02  λ=1.453955e+00  maxρ=5.909583e-01  minρ=1.000e-15  σ=2.671172e+00  Rc=1.864455e+01
 step=  3300  E=3.401394162713e+02  Q=4.980000000000e+02  λ=1.441959e+00  maxρ=5.924744e-01  minρ=1.000e-15  σ=2.671168e+00  Rc=1.864455e+01
 step=  3600  E=3.394317971475e+02  Q=4.980000000000e+02  λ=1.377275e+00  maxρ=5.897766e-01  minρ=1.000e-15  σ=2.671163e+00  Rc=1.864455e+01
 step=  3900  E=3.379445515077e+02  Q=4.980000000000e+02  λ=1.348052e+00  maxρ=5.897818e-01  minρ=1.000e-15  σ=2.671163e+00  Rc=1.864455e+01
 step=  4200  E=3.373879201669e+02  Q=4.980000000000e+02  λ=1.380455e+00  maxρ=5.877348e-01  minρ=1.000e-15  σ=2.671167e+00  Rc=1.864455e+01
 step=  4500  E=3.379148964176e+02  Q=4.980000000000e+02  λ=1.416078e+00  maxρ=5.861903e-01  minρ=1.000e-15  σ=2.671169e+00  Rc=1.864454e+01
 step=  4800  E=3.383979856220e+02  Q=4.980000000000e+02  λ=1.403918e+00  maxρ=5.886402e-01  minρ=1.000e-15  σ=2.671165e+00  Rc=1.864454e+01
 step=  5100  E=3.381482752078e+02  Q=4.980000000000e+02  λ=1.366352e+00  maxρ=5.894132e-01  minρ=1.000e-15  σ=2.671159e+00  Rc=1.864454e+01
 step=  5400  E=3.375889615439e+02  Q=4.980000000000e+02  λ=1.356054e+00  maxρ=5.887242e-01  minρ=1.000e-15  σ=2.671158e+00  Rc=1.864454e+01
 step=  5700  E=3.373594005083e+02  Q=4.980000000000e+02  λ=1.379848e+00  maxρ=5.867202e-01  minρ=1.000e-15  σ=2.671160e+00  Rc=1.864454e+01
 step=  6000  E=3.374391648249e+02  Q=4.980000000000e+02  λ=1.397291e+00  maxρ=5.847712e-01  minρ=1.000e-15  σ=2.671161e+00  Rc=1.864453e+01
 >>> No runaway detected in this horizon. Likely stable (within this model & box).

STABILITY: PASS
