
=== Aggressive relaxation to Q = 614 ===
Initial: E=1.033801872025e+03, Q=6.140000000000e+02, dt=1.000e-04
 step=     1  E=1.033773807274e+03  Q=6.140000000000e+02  λ=3.291780e+00  dt=1.000e-04  relΔE=2.715e-05  ||F||=6.763e-01
 step=   500  E=9.995394340764e+02  Q=6.140000000000e+02  λ=3.175037e+00  dt=6.192e-04  relΔE=1.285e-04  ||F||=6.371e-01
 step=  1000  E=9.042362875881e+02  Q=6.140000000000e+02  λ=2.853812e+00  dt=9.584e-04  relΔE=1.594e-04  ||F||=5.422e-01
 step=  1500  E=8.284158767291e+02  Q=6.140000000000e+02  λ=2.602009e+00  dt=7.418e-04  relΔE=1.073e-04  ||F||=4.845e-01
 step=  2000  E=7.725373297071e+02  Q=6.140000000000e+02  λ=2.418604e+00  dt=1.148e-03  relΔE=1.349e-04  ||F||=4.212e-01
 step=  2500  E=7.262051700962e+02  Q=6.140000000000e+02  λ=2.267581e+00  dt=8.887e-04  relΔE=9.009e-05  ||F||=3.794e-01
 step=  3000  E=6.878369425902e+02  Q=6.140000000000e+02  λ=2.143513e+00  dt=1.376e-03  relΔE=1.215e-04  ||F||=3.622e-01
 step=  3500  E=6.569911504177e+02  Q=6.140000000000e+02  λ=2.044170e+00  dt=1.065e-03  relΔE=8.323e-05  ||F||=3.169e-01
 step=  4000  E=6.299824678378e+02  Q=6.140000000000e+02  λ=1.957625e+00  dt=8.241e-04  relΔE=5.733e-05  ||F||=2.927e-01
 step=  4500  E=6.069559648207e+02  Q=6.140000000000e+02  λ=1.884248e+00  dt=1.276e-03  relΔE=7.942e-05  ||F||=2.718e-01
 step=  5000  E=5.873200182783e+02  Q=6.140000000000e+02  λ=1.821837e+00  dt=9.873e-04  relΔE=5.567e-05  ||F||=2.544e-01
 step=  5500  E=5.693480351728e+02  Q=6.140000000000e+02  λ=1.764946e+00  dt=7.641e-04  relΔE=4.001e-05  ||F||=2.415e-01
 step=  6000  E=5.539943270782e+02  Q=6.140000000000e+02  λ=1.716579e+00  dt=1.183e-03  relΔE=5.616e-05  ||F||=2.268e-01
 step=  6500  E=5.398334378156e+02  Q=6.140000000000e+02  λ=1.672090e+00  dt=9.154e-04  relΔE=4.066e-05  ||F||=2.165e-01
 step=  7000  E=5.265062036025e+02  Q=6.140000000000e+02  λ=1.630521e+00  dt=1.417e-03  relΔE=5.740e-05  ||F||=4.847e-01
 step=  7500  E=5.147066544283e+02  Q=6.140000000000e+02  λ=1.593637e+00  dt=1.097e-03  relΔE=4.456e-05  ||F||=2.022e-01
 step=  8000  E=5.030753702924e+02  Q=6.140000000000e+02  λ=1.557447e+00  dt=8.488e-04  relΔE=3.371e-05  ||F||=1.976e-01
 step=  8500  E=4.919199042677e+02  Q=6.140000000000e+02  λ=1.522787e+00  dt=1.314e-03  relΔE=5.151e-05  ||F||=1.942e-01
 step=  9000  E=4.813723598636e+02  Q=6.140000000000e+02  λ=1.489879e+00  dt=1.017e-03  relΔE=3.961e-05  ||F||=1.914e-01
 step=  9500  E=4.707423463823e+02  Q=6.140000000000e+02  λ=1.456510e+00  dt=7.871e-04  relΔE=3.065e-05  ||F||=1.893e-01
 step= 10000  E=4.607438725867e+02  Q=6.140000000000e+02  λ=1.424846e+00  dt=1.218e-03  relΔE=4.638e-05  ||F||=1.852e-01
 step= 10500  E=4.511391931659e+02  Q=6.140000000000e+02  λ=1.393993e+00  dt=9.430e-04  relΔE=3.478e-05  ||F||=1.803e-01
 step= 11000  E=4.418280646569e+02  Q=6.140000000000e+02  λ=1.363620e+00  dt=7.298e-04  relΔE=3.135e-05  ||F||=2.110e-01
 step= 11500  E=4.337941627280e+02  Q=6.140000000000e+02  λ=1.336958e+00  dt=1.130e-03  relΔE=3.612e-05  ||F||=1.647e-01
 step= 12000  E=4.264098715320e+02  Q=6.140000000000e+02  λ=1.311971e+00  dt=8.744e-04  relΔE=2.474e-05  ||F||=1.536e-01
 step= 12500  E=4.200755764043e+02  Q=6.140000000000e+02  λ=1.290132e+00  dt=1.353e-03  relΔE=3.256e-05  ||F||=1.414e-01
 step= 13000  E=4.149999443519e+02  Q=6.140000000000e+02  λ=1.272242e+00  dt=1.048e-03  relΔE=2.077e-05  ||F||=1.268e-01
 step= 13500  E=4.108235082784e+02  Q=6.140000000000e+02  λ=1.257200e+00  dt=8.108e-04  relΔE=1.274e-05  ||F||=1.123e-01
 step= 14000  E=4.076312023867e+02  Q=6.140000000000e+02  λ=1.245439e+00  dt=1.255e-03  relΔE=1.510e-05  ||F||=9.792e-02
 step= 14500  E=4.052626029963e+02  Q=6.140000000000e+02  λ=1.236472e+00  dt=9.713e-04  relΔE=8.760e-06  ||F||=8.452e-02
 step= 15000  E=4.035271725425e+02  Q=6.140000000000e+02  λ=1.229717e+00  dt=1.253e-03  relΔE=8.294e-06  ||F||=7.225e-02
 step= 15500  E=4.022527099918e+02  Q=6.140000000000e+02  λ=1.224585e+00  dt=9.698e-04  relΔE=4.596e-06  ||F||=6.103e-02
 step= 16000  E=4.013622345463e+02  Q=6.140000000000e+02  λ=1.220864e+00  dt=1.251e-03  relΔE=4.201e-06  ||F||=5.132e-02
 step= 16500  E=4.007279077963e+02  Q=6.140000000000e+02  λ=1.218089e+00  dt=9.682e-04  relΔE=2.261e-06  ||F||=4.276e-02
 step= 17000  E=4.002779858604e+02  Q=6.140000000000e+02  λ=1.216014e+00  dt=7.493e-04  relΔE=1.227e-06  ||F||=3.579e-02
 step= 17500  E=3.999858241424e+02  Q=6.140000000000e+02  λ=1.214582e+00  dt=1.160e-03  relΔE=1.266e-06  ||F||=2.920e-02
 step= 18000  E=3.997812364741e+02  Q=6.140000000000e+02  λ=1.213503e+00  dt=8.978e-04  relΔE=6.626e-07  ||F||=2.400e-02
 step= 18500  E=3.996414464656e+02  Q=6.140000000000e+02  λ=1.212703e+00  dt=1.390e-03  relΔE=6.845e-07  ||F||=2.250e-02
 step= 19000  E=3.995513072721e+02  Q=6.140000000000e+02  λ=1.212135e+00  dt=1.076e-03  relΔE=3.603e-07  ||F||=1.616e-02
 step= 19500  E=3.994886017635e+02  Q=6.140000000000e+02  λ=1.211695e+00  dt=8.324e-04  relΔE=1.867e-07  ||F||=1.321e-02
 step= 20000  E=3.994467069095e+02  Q=6.140000000000e+02  λ=1.211364e+00  dt=1.289e-03  relΔE=1.935e-07  ||F||=1.081e-02
 step= 20500  E=3.994191841541e+02  Q=6.140000000000e+02  λ=1.211116e+00  dt=9.973e-04  relΔE=1.014e-07  ||F||=8.888e-03
 step= 21000  E=3.993999102928e+02  Q=6.140000000000e+02  λ=1.210916e+00  dt=7.719e-04  relΔE=5.306e-08  ||F||=7.304e-03
 step= 21500  E=3.993873840135e+02  Q=6.140000000000e+02  λ=1.210764e+00  dt=1.195e-03  relΔE=5.541e-08  ||F||=5.994e-03
 step= 22000  E=3.993787235173e+02  Q=6.140000000000e+02  λ=1.210641e+00  dt=9.248e-04  relΔE=2.926e-08  ||F||=4.946e-03
 step= 22500  E=3.993726474733e+02  Q=6.140000000000e+02  λ=1.210540e+00  dt=1.431e-03  relΔE=2.534e-08  ||F||=1.856e-02
 step= 23000  E=3.993686814259e+02  Q=6.140000000000e+02  λ=1.210461e+00  dt=1.108e-03  relΔE=1.674e-08  ||F||=3.408e-03
 step= 23500  E=3.993657980490e+02  Q=6.140000000000e+02  λ=1.210394e+00  dt=8.575e-04  relΔE=9.074e-09  ||F||=2.847e-03
 step= 24000  E=3.993637623275e+02  Q=6.140000000000e+02  λ=1.210338e+00  dt=1.327e-03  relΔE=9.964e-09  ||F||=2.395e-03
 step= 24500  E=3.993623429767e+02  Q=6.140000000000e+02  λ=1.210292e+00  dt=1.027e-03  relΔE=5.605e-09  ||F||=2.036e-03
 step= 25000  E=3.993612724181e+02  Q=6.140000000000e+02  λ=1.210252e+00  dt=7.951e-04  relΔE=3.182e-09  ||F||=1.739e-03
 step= 25500  E=3.993604982972e+02  Q=6.140000000000e+02  λ=1.210218e+00  dt=1.231e-03  relΔE=3.668e-09  ||F||=1.497e-03
 step= 26000  E=3.993599174179e+02  Q=6.140000000000e+02  λ=1.210189e+00  dt=9.526e-04  relΔE=2.161e-09  ||F||=1.302e-03
 step= 26500  E=3.993594565264e+02  Q=6.140000000000e+02  λ=1.210164e+00  dt=7.373e-04  relΔE=1.417e-09  ||F||=1.201e-03
 step= 27000  E=3.993591182104e+02  Q=6.140000000000e+02  λ=1.210143e+00  dt=1.141e-03  relΔE=1.562e-09  ||F||=1.005e-03
 step= 27500  E=3.993588414807e+02  Q=6.140000000000e+02  λ=1.210123e+00  dt=8.833e-04  relΔE=9.581e-10  ||F||=8.914e-04
 step= 28000  E=3.993586193741e+02  Q=6.140000000000e+02  λ=1.210107e+00  dt=1.367e-03  relΔE=1.188e-09  ||F||=8.069e-04
 step= 28500  E=3.993584458667e+02  Q=6.140000000000e+02  λ=1.210092e+00  dt=1.058e-03  relΔE=7.495e-10  ||F||=7.153e-04
 step= 29000  E=3.993582998876e+02  Q=6.140000000000e+02  λ=1.210079e+00  dt=8.190e-04  relΔE=4.751e-10  ||F||=6.450e-04
 step= 29500  E=3.993581808475e+02  Q=6.140000000000e+02  λ=1.210068e+00  dt=1.268e-03  relΔE=6.061e-10  ||F||=5.833e-04
 step= 30000  E=3.993580839208e+02  Q=6.140000000000e+02  λ=1.210057e+00  dt=9.812e-04  relΔE=3.909e-10  ||F||=5.304e-04
 step= 30500  E=3.993579999708e+02  Q=6.140000000000e+02  λ=1.210048e+00  dt=7.594e-04  relΔE=2.559e-10  ||F||=4.863e-04
 step= 31000  E=3.993579326887e+02  Q=6.140000000000e+02  λ=1.210040e+00  dt=1.176e-03  relΔE=3.279e-10  ||F||=4.401e-04
 step= 31500  E=3.993578749223e+02  Q=6.140000000000e+02  λ=1.210033e+00  dt=9.098e-04  relΔE=2.136e-10  ||F||=4.020e-04
 step= 32000  E=3.993578251980e+02  Q=6.140000000000e+02  λ=1.210026e+00  dt=1.408e-03  relΔE=2.746e-10  ||F||=6.094e-04
 step= 32500  E=3.993577851856e+02  Q=6.140000000000e+02  λ=1.210020e+00  dt=1.090e-03  relΔE=1.831e-10  ||F||=3.366e-04
 step= 33000  E=3.993577499889e+02  Q=6.140000000000e+02  λ=1.210015e+00  dt=8.436e-04  relΔE=1.201e-10  ||F||=3.083e-04
 step= 33500  E=3.993577201554e+02  Q=6.140000000000e+02  λ=1.210010e+00  dt=1.306e-03  relΔE=1.579e-10  ||F||=2.824e-04
 step= 34000  E=3.993576953939e+02  Q=6.140000000000e+02  λ=1.210005e+00  dt=1.011e-03  relΔE=1.044e-10  ||F||=2.593e-04
 step= 34500  E=3.993576734973e+02  Q=6.140000000000e+02  λ=1.210001e+00  dt=7.823e-04  relΔE=6.906e-11  ||F||=2.383e-04
 step= 35000  E=3.993576553794e+02  Q=6.140000000000e+02  λ=1.209998e+00  dt=1.211e-03  relΔE=9.102e-11  ||F||=2.182e-04
 step= 35500  E=3.993576398869e+02  Q=6.140000000000e+02  λ=1.209995e+00  dt=7.810e-04  relΔE=5.070e-11  ||F||=2.014e-04
 step= 36000  E=3.993576265720e+02  Q=6.140000000000e+02  λ=1.209992e+00  dt=1.209e-03  relΔE=6.689e-11  ||F||=1.842e-04
 step= 36500  E=3.993576150540e+02  Q=6.140000000000e+02  λ=1.209989e+00  dt=9.357e-04  relΔE=4.445e-11  ||F||=1.692e-04
 step= 37000  E=3.993576048887e+02  Q=6.140000000000e+02  λ=1.209986e+00  dt=1.448e-03  relΔE=7.074e-12  ||F||=1.709e-03
 step= 37500  E=3.993575965784e+02  Q=6.140000000000e+02  λ=1.209984e+00  dt=1.121e-03  relΔE=3.938e-11  ||F||=1.427e-04
 step= 38000  E=3.993575891579e+02  Q=6.140000000000e+02  λ=1.209982e+00  dt=8.676e-04  relΔE=2.624e-11  ||F||=1.309e-04
 step= 38500  E=3.993575827574e+02  Q=6.140000000000e+02  λ=1.209980e+00  dt=1.343e-03  relΔE=3.498e-11  ||F||=1.206e-04
 step= 39000  E=3.993575773837e+02  Q=6.140000000000e+02  λ=1.209978e+00  dt=1.039e-03  relΔE=2.346e-11  ||F||=1.105e-04
 step= 39500  E=3.993575725954e+02  Q=6.140000000000e+02  λ=1.209977e+00  dt=8.045e-04  relΔE=1.573e-11  ||F||=1.015e-04
 step= 40000  E=3.993575685023e+02  Q=6.140000000000e+02  λ=1.209975e+00  dt=1.245e-03  relΔE=2.108e-11  ||F||=9.309e-05
 step= 40500  E=3.993575649809e+02  Q=6.140000000000e+02  λ=1.209974e+00  dt=9.638e-04  relΔE=1.419e-11  ||F||=8.557e-05
 step= 41000  E=3.993575618043e+02  Q=6.140000000000e+02  λ=1.209973e+00  dt=7.460e-04  relΔE=9.916e-12  ||F||=8.110e-05
 step= 41500  E=3.993575591757e+02  Q=6.140000000000e+02  λ=1.209971e+00  dt=1.155e-03  relΔE=1.289e-11  ||F||=7.215e-05
 step= 42000  E=3.993575568137e+02  Q=6.140000000000e+02  λ=1.209970e+00  dt=8.937e-04  relΔE=8.705e-12  ||F||=6.625e-05
 step= 42500  E=3.993575547254e+02  Q=6.140000000000e+02  λ=1.209969e+00  dt=1.383e-03  relΔE=1.174e-11  ||F||=6.804e-05
 step= 43000  E=3.993575529683e+02  Q=6.140000000000e+02  λ=1.209969e+00  dt=1.071e-03  relΔE=7.996e-12  ||F||=5.590e-05
 step= 43500  E=3.993575513765e+02  Q=6.140000000000e+02  λ=1.209968e+00  dt=8.287e-04  relΔE=5.431e-12  ||F||=5.134e-05
 step= 44000  E=3.993575499854e+02  Q=6.140000000000e+02  λ=1.209967e+00  dt=1.283e-03  relΔE=7.382e-12  ||F||=4.709e-05
 step= 44500  E=3.993575487862e+02  Q=6.140000000000e+02  λ=1.209966e+00  dt=9.928e-04  relΔE=5.044e-12  ||F||=4.331e-05
 step= 45000  E=3.993575476869e+02  Q=6.140000000000e+02  λ=1.209966e+00  dt=7.684e-04  relΔE=3.469e-12  ||F||=4.014e-05
 step= 45500  E=3.993575467529e+02  Q=6.140000000000e+02  λ=1.209965e+00  dt=1.189e-03  relΔE=4.712e-12  ||F||=3.651e-05
 step= 46000  E=3.993575459131e+02  Q=6.140000000000e+02  λ=1.209965e+00  dt=9.206e-04  relΔE=3.231e-12  ||F||=3.354e-05
 step= 46500  E=3.993575451482e+02  Q=6.140000000000e+02  λ=1.209964e+00  dt=1.425e-03  relΔE=3.922e-12  ||F||=1.785e-04
 step= 47000  E=3.993575445064e+02  Q=6.140000000000e+02  λ=1.209964e+00  dt=1.103e-03  relΔE=3.053e-12  ||F||=2.829e-05
 step= 47500  E=3.993575439121e+02  Q=6.140000000000e+02  λ=1.209963e+00  dt=8.536e-04  relΔE=2.103e-12  ||F||=2.598e-05
 step= 48000  E=3.993575433830e+02  Q=6.140000000000e+02  λ=1.209963e+00  dt=1.321e-03  relΔE=2.900e-12  ||F||=2.385e-05
 step= 48500  E=3.993575429230e+02  Q=6.140000000000e+02  λ=1.209963e+00  dt=1.023e-03  relΔE=2.009e-12  ||F||=2.191e-05
 step= 49000  E=3.993575424975e+02  Q=6.140000000000e+02  λ=1.209962e+00  dt=7.915e-04  relΔE=1.394e-12  ||F||=2.023e-05
 step= 49500  E=3.993575421256e+02  Q=6.140000000000e+02  λ=1.209962e+00  dt=1.225e-03  relΔE=1.928e-12  ||F||=1.847e-05
 step= 50000  E=3.993575417917e+02  Q=6.140000000000e+02  λ=1.209962e+00  dt=9.483e-04  relΔE=1.340e-12  ||F||=1.697e-05
 step= 50500  E=3.993575414816e+02  Q=6.140000000000e+02  λ=1.209962e+00  dt=7.339e-04  relΔE=1.037e-12  ||F||=1.938e-05
 step= 51000  E=3.993575412180e+02  Q=6.140000000000e+02  λ=1.209961e+00  dt=1.136e-03  relΔE=1.298e-12  ||F||=1.431e-05
 step= 51500  E=3.993575409719e+02  Q=6.140000000000e+02  λ=1.209961e+00  dt=8.793e-04  relΔE=9.053e-13  ||F||=1.315e-05
 step= 52000  E=3.993575407487e+02  Q=6.140000000000e+02  λ=1.209961e+00  dt=1.361e-03  relΔE=1.261e-12  ||F||=1.251e-05
 step= 52500  E=3.993575405538e+02  Q=6.140000000000e+02  λ=1.209961e+00  dt=1.053e-03  relΔE=8.835e-13  ||F||=1.109e-05
 step= 53000  E=3.993575403721e+02  Q=6.140000000000e+02  λ=1.209961e+00  dt=8.153e-04  relΔE=6.180e-13  ||F||=1.022e-05
 step= 53500  E=3.993575402094e+02  Q=6.140000000000e+02  λ=1.209960e+00  dt=1.262e-03  relΔE=8.651e-13  ||F||=9.343e-06
 step= 54000  E=3.993575400641e+02  Q=6.140000000000e+02  λ=1.209960e+00  dt=9.768e-04  relΔE=6.076e-13  ||F||=8.590e-06
 step= 54500  E=3.993575399274e+02  Q=6.140000000000e+02  λ=1.209960e+00  dt=7.560e-04  relΔE=4.368e-13  ||F||=8.623e-06
 step= 55000  E=3.993575398090e+02  Q=6.140000000000e+02  λ=1.209960e+00  dt=1.170e-03  relΔE=5.991e-13  ||F||=7.243e-06
 step= 55500  E=3.993575396987e+02  Q=6.140000000000e+02  λ=1.209960e+00  dt=9.057e-04  relΔE=4.216e-13  ||F||=6.654e-06
 step= 56000  E=3.993575395965e+02  Q=6.140000000000e+02  λ=1.209960e+00  dt=1.402e-03  relΔE=5.847e-13  ||F||=2.189e-05
 step= 56500  E=3.993575395099e+02  Q=6.140000000000e+02  λ=1.209960e+00  dt=9.043e-04  relΔE=3.483e-13  ||F||=5.627e-06
 step= 57000  E=3.993575394254e+02  Q=6.140000000000e+02  λ=1.209960e+00  dt=1.400e-03  relΔE=4.879e-13  ||F||=1.372e-05
 step= 57500  E=3.993575393517e+02  Q=6.140000000000e+02  λ=1.209960e+00  dt=1.083e-03  relΔE=3.463e-13  ||F||=4.742e-06
 step= 58000  E=3.993575392823e+02  Q=6.140000000000e+02  λ=1.209960e+00  dt=8.385e-04  relΔE=2.444e-13  ||F||=4.367e-06
 step= 58500  E=3.993575392192e+02  Q=6.140000000000e+02  λ=1.209960e+00  dt=1.298e-03  relΔE=3.450e-13  ||F||=3.997e-06
 step= 59000  E=3.993575391629e+02  Q=6.140000000000e+02  λ=1.209960e+00  dt=1.005e-03  relΔE=2.441e-13  ||F||=3.674e-06
 step= 59500  E=3.993575391095e+02  Q=6.140000000000e+02  λ=1.209959e+00  dt=7.775e-04  relΔE=1.734e-13  ||F||=3.567e-06
 step= 60000  E=3.993575390625e+02  Q=6.140000000000e+02  λ=1.209959e+00  dt=1.203e-03  relΔE=2.435e-13  ||F||=3.096e-06
 step= 60500  E=3.993575390190e+02  Q=6.140000000000e+02  λ=1.209959e+00  dt=9.315e-04  relΔE=1.722e-13  ||F||=2.847e-06
 step= 61000  E=3.993575389781e+02  Q=6.140000000000e+02  λ=1.209959e+00  dt=1.442e-03  relΔE=1.440e-13  ||F||=7.557e-05
 step= 61500  E=3.993575389427e+02  Q=6.140000000000e+02  λ=1.209959e+00  dt=1.116e-03  relΔE=1.727e-13  ||F||=2.399e-06
 step= 62000  E=3.993575389091e+02  Q=6.140000000000e+02  λ=1.209959e+00  dt=8.637e-04  relΔE=1.217e-13  ||F||=2.210e-06
 step= 62500  E=3.993575388783e+02  Q=6.140000000000e+02  λ=1.209959e+00  dt=1.337e-03  relΔE=1.728e-13  ||F||=2.073e-06
 step= 63000  E=3.993575388510e+02  Q=6.140000000000e+02  λ=1.209959e+00  dt=1.035e-03  relΔE=1.227e-13  ||F||=1.858e-06
 step= 63500  E=3.993575388251e+02  Q=6.140000000000e+02  λ=1.209959e+00  dt=8.009e-04  relΔE=8.668e-14  ||F||=1.793e-06
 step= 64000  E=3.993575388018e+02  Q=6.140000000000e+02  λ=1.209959e+00  dt=1.240e-03  relΔE=1.224e-13  ||F||=1.566e-06
 step= 64500  E=3.993575387806e+02  Q=6.140000000000e+02  λ=1.209959e+00  dt=9.595e-04  relΔE=8.725e-14  ||F||=1.440e-06
 step= 65000  E=3.993575387605e+02  Q=6.140000000000e+02  λ=1.209959e+00  dt=7.426e-04  relΔE=6.519e-14  ||F||=2.289e-06
 step= 65500  E=3.993575387430e+02  Q=6.140000000000e+02  λ=1.209959e+00  dt=1.149e-03  relΔE=8.782e-14  ||F||=1.213e-06
 step= 66000  E=3.993575387264e+02  Q=6.140000000000e+02  λ=1.209959e+00  dt=8.897e-04  relΔE=6.249e-14  ||F||=1.121e-06
 step= 66500  E=3.993575387111e+02  Q=6.140000000000e+02  λ=1.209959e+00  dt=1.377e-03  relΔE=8.768e-14  ||F||=2.592e-06
 step= 67000  E=3.993575386975e+02  Q=6.140000000000e+02  λ=1.209959e+00  dt=1.066e-03  relΔE=6.206e-14  ||F||=9.400e-07
 step= 67500  E=3.993575386847e+02  Q=6.140000000000e+02  λ=1.209959e+00  dt=8.250e-04  relΔE=4.427e-14  ||F||=9.026e-07
 step= 68000  E=3.993575386731e+02  Q=6.140000000000e+02  λ=1.209959e+00  dt=1.277e-03  relΔE=6.291e-14  ||F||=7.926e-07
 step= 68500  E=3.993575386626e+02  Q=6.140000000000e+02  λ=1.209959e+00  dt=9.883e-04  relΔE=4.498e-14  ||F||=7.285e-07
 step= 69000  E=3.993575386526e+02  Q=6.140000000000e+02  λ=1.209959e+00  dt=7.649e-04  relΔE=3.217e-14  ||F||=1.023e-06
 step= 69500  E=3.993575386438e+02  Q=6.140000000000e+02  λ=1.209959e+00  dt=1.184e-03  relΔE=4.498e-14  ||F||=6.138e-07
 step= 70000  E=3.993575386355e+02  Q=6.140000000000e+02  λ=1.209959e+00  dt=9.164e-04  relΔE=3.231e-14  ||F||=5.664e-07
 step= 70500  E=3.993575386278e+02  Q=6.140000000000e+02  λ=1.209959e+00  dt=1.419e-03  relΔE=4.313e-14  ||F||=1.247e-05
 step= 71000  E=3.993575386211e+02  Q=6.140000000000e+02  λ=1.209959e+00  dt=1.098e-03  relΔE=3.203e-14  ||F||=4.756e-07
 step= 71500  E=3.993575386146e+02  Q=6.140000000000e+02  λ=1.209959e+00  dt=8.498e-04  relΔE=2.306e-14  ||F||=4.560e-07
 step= 72000  E=3.993575386088e+02  Q=6.140000000000e+02  λ=1.209959e+00  dt=1.315e-03  relΔE=3.231e-14  ||F||=4.135e-07
 step= 72500  E=3.993575386035e+02  Q=6.140000000000e+02  λ=1.209959e+00  dt=1.018e-03  relΔE=2.377e-14  ||F||=3.685e-07
 step= 73000  E=3.993575385985e+02  Q=6.140000000000e+02  λ=1.209959e+00  dt=7.879e-04  relΔE=1.608e-14  ||F||=4.410e-07
 step= 73500  E=3.993575385941e+02  Q=6.140000000000e+02  λ=1.209959e+00  dt=1.220e-03  relΔE=2.277e-14  ||F||=3.105e-07
 step= 74000  E=3.993575385899e+02  Q=6.140000000000e+02  λ=1.209959e+00  dt=9.440e-04  relΔE=1.608e-14  ||F||=2.870e-07
 step= 74500  E=3.993575385860e+02  Q=6.140000000000e+02  λ=1.209959e+00  dt=7.306e-04  relΔE=1.366e-14  ||F||=2.155e-06
 step= 75000  E=3.993575385826e+02  Q=6.140000000000e+02  λ=1.209959e+00  dt=1.131e-03  relΔE=1.665e-14  ||F||=2.406e-07
 step= 75500  E=3.993575385794e+02  Q=6.140000000000e+02  λ=1.209959e+00  dt=8.753e-04  relΔE=1.167e-14  ||F||=2.322e-07
 step= 76000  E=3.993575385765e+02  Q=6.140000000000e+02  λ=1.209959e+00  dt=1.355e-03  relΔE=1.708e-14  ||F||=3.625e-07
 step= 76500  E=3.993575385738e+02  Q=6.140000000000e+02  λ=1.209959e+00  dt=1.049e-03  relΔE=1.196e-14  ||F||=1.865e-07
 step= 77000  E=3.993575385713e+02  Q=6.140000000000e+02  λ=1.209959e+00  dt=8.116e-04  relΔE=8.256e-15  ||F||=2.075e-07
 step= 77500  E=3.993575385690e+02  Q=6.140000000000e+02  λ=1.209959e+00  dt=1.256e-03  relΔE=1.210e-14  ||F||=1.572e-07
 step= 78000  E=3.993575385670e+02  Q=6.140000000000e+02  λ=1.209959e+00  dt=9.724e-04  relΔE=8.967e-15  ||F||=1.450e-07
 step= 78500  E=3.993575385650e+02  Q=6.140000000000e+02  λ=1.209959e+00  dt=7.526e-04  relΔE=6.405e-15  ||F||=4.177e-07
 step= 79000  E=3.993575385633e+02  Q=6.140000000000e+02  λ=1.209959e+00  dt=1.165e-03  relΔE=9.110e-15  ||F||=1.217e-07
 step= 79500  E=3.993575385617e+02  Q=6.140000000000e+02  λ=1.209959e+00  dt=9.017e-04  relΔE=6.120e-15  ||F||=1.178e-07
 step= 80000  E=3.993575385602e+02  Q=6.140000000000e+02  λ=1.209959e+00  dt=1.396e-03  relΔE=8.683e-15  ||F||=1.480e-06
 step= 80500  E=3.993575385588e+02  Q=6.140000000000e+02  λ=1.209959e+00  dt=1.080e-03  relΔE=6.120e-15  ||F||=9.436e-08
 step= 81000  E=3.993575385576e+02  Q=6.140000000000e+02  λ=1.209959e+00  dt=8.361e-04  relΔE=4.697e-15  ||F||=1.051e-07
 step= 81500  E=3.993575385564e+02  Q=6.140000000000e+02  λ=1.209959e+00  dt=1.294e-03  relΔE=6.120e-15  ||F||=8.260e-08
 step= 82000  E=3.993575385554e+02  Q=6.140000000000e+02  λ=1.209959e+00  dt=1.002e-03  relΔE=4.412e-15  ||F||=7.348e-08
 step= 82500  E=3.993575385544e+02  Q=6.140000000000e+02  λ=1.209959e+00  dt=7.752e-04  relΔE=2.847e-15  ||F||=2.061e-07
 step= 83000  E=3.993575385535e+02  Q=6.140000000000e+02  λ=1.209959e+00  dt=1.200e-03  relΔE=4.839e-15  ||F||=6.158e-08
 step= 83500  E=3.993575385527e+02  Q=6.140000000000e+02  λ=1.209959e+00  dt=9.288e-04  relΔE=3.131e-15  ||F||=5.900e-08
 step= 84000  E=3.993575385519e+02  Q=6.140000000000e+02  λ=1.209959e+00  dt=1.438e-03  relΔE=2.704e-15  ||F||=1.098e-05
 Converged (aggressive): step=84278, E=3.993575385516e+02, Q=6.140000000000e+02, dt=8.943e-04, ||F||=4.997e-08

Stationary candidate (aggressive): E=3.993575385516e+02, Q=6.140000000000e+02, maxρ=6.519972e-01

=== Stability test (damped inertial dynamics) ===
Perturb eps=0.02, gamma=1
t=0: E=4.292603027665e+02, Q=6.140000000000e+02, maxρ=6.727090e-01, σ=2.597040e+00, Rc=1.866031e+01
 step=     1  E=4.292601526536e+02  Q=6.140000000000e+02  λ=1.595645e+00  maxρ=6.727090e-01  minρ=1.000e-15  σ=2.597040e+00  Rc=1.866031e+01
 step=   300  E=4.231047461507e+02  Q=6.140000000000e+02  λ=1.493004e+00  maxρ=6.715679e-01  minρ=1.000e-15  σ=2.597037e+00  Rc=1.866031e+01
 step=   600  E=4.107204126471e+02  Q=6.140000000000e+02  λ=1.307066e+00  maxρ=6.683509e-01  minρ=1.000e-15  σ=2.597031e+00  Rc=1.866032e+01
 step=   900  E=4.034588649311e+02  Q=6.140000000000e+02  λ=1.247629e+00  maxρ=6.635929e-01  minρ=1.000e-15  σ=2.597029e+00  Rc=1.866032e+01
 step=  1200  E=4.061966271285e+02  Q=6.140000000000e+02  λ=1.354626e+00  maxρ=6.613639e-01  minρ=1.000e-15  σ=2.597032e+00  Rc=1.866031e+01
 step=  1500  E=4.136101128605e+02  Q=6.140000000000e+02  λ=1.470971e+00  maxρ=6.653067e-01  minρ=1.000e-15  σ=2.597034e+00  Rc=1.866030e+01
 step=  1800  E=4.174108208106e+02  Q=6.140000000000e+02  λ=1.457304e+00  maxρ=6.674371e-01  minρ=1.000e-15  σ=2.597031e+00  Rc=1.866030e+01
 step=  2100  E=4.151980237218e+02  Q=6.140000000000e+02  λ=1.356274e+00  maxρ=6.640406e-01  minρ=1.000e-15  σ=2.597028e+00  Rc=1.866031e+01
 step=  2400  E=4.112872890150e+02  Q=6.140000000000e+02  λ=1.309220e+00  maxρ=6.575017e-01  minρ=1.000e-15  σ=2.597028e+00  Rc=1.866031e+01
 step=  2700  E=4.103259228889e+02  Q=6.140000000000e+02  λ=1.363679e+00  maxρ=6.591236e-01  minρ=1.000e-15  σ=2.597031e+00  Rc=1.866030e+01
 step=  3000  E=4.122325588228e+02  Q=6.140000000000e+02  λ=1.429779e+00  maxρ=6.674009e-01  minρ=1.000e-15  σ=2.597032e+00  Rc=1.866030e+01
 step=  3300  E=4.136812459722e+02  Q=6.140000000000e+02  λ=1.417948e+00  maxρ=6.691124e-01  minρ=1.000e-15  σ=2.597028e+00  Rc=1.866031e+01
 step=  3600  E=4.128111058869e+02  Q=6.140000000000e+02  λ=1.353455e+00  maxρ=6.662481e-01  minρ=1.000e-15  σ=2.597024e+00  Rc=1.866031e+01
 step=  3900  E=4.109748908210e+02  Q=6.140000000000e+02  λ=1.324190e+00  maxρ=6.662537e-01  minρ=1.000e-15  σ=2.597024e+00  Rc=1.866030e+01
 step=  4200  E=4.102836300118e+02  Q=6.140000000000e+02  λ=1.356379e+00  maxρ=6.639411e-01  minρ=1.000e-15  σ=2.597027e+00  Rc=1.866030e+01
 step=  4500  E=4.109326905865e+02  Q=6.140000000000e+02  λ=1.391908e+00  maxρ=6.621726e-01  minρ=1.000e-15  σ=2.597029e+00  Rc=1.866030e+01
 step=  4800  E=4.115337444674e+02  Q=6.140000000000e+02  λ=1.379895e+00  maxρ=6.648886e-01  minρ=1.000e-15  σ=2.597025e+00  Rc=1.866030e+01
 step=  5100  E=4.112309764512e+02  Q=6.140000000000e+02  λ=1.342516e+00  maxρ=6.658125e-01  minρ=1.000e-15  σ=2.597019e+00  Rc=1.866030e+01
 step=  5400  E=4.105393520864e+02  Q=6.140000000000e+02  λ=1.332202e+00  maxρ=6.650339e-01  minρ=1.000e-15  σ=2.597018e+00  Rc=1.866029e+01
 step=  5700  E=4.102490316123e+02  Q=6.140000000000e+02  λ=1.355814e+00  maxρ=6.627699e-01  minρ=1.000e-15  σ=2.597020e+00  Rc=1.866029e+01
 step=  6000  E=4.103437684367e+02  Q=6.140000000000e+02  λ=1.373154e+00  maxρ=6.605792e-01  minρ=1.000e-15  σ=2.597021e+00  Rc=1.866028e+01
 >>> No runaway detected in this horizon. Likely stable (within this model & box).

STABILITY: PASS
