
=== Aggressive relaxation to Q = 1797 ===
Initial: E=3.026470207886e+03, Q=1.797000000000e+03, dt=1.000e-04
 step=     1  E=3.026349258901e+03  Q=1.797000000000e+03  λ=3.501265e+00  dt=1.000e-04  relΔE=3.996e-05  ||F||=8.208e-01
 step=   500  E=2.889028756777e+03  Q=1.797000000000e+03  λ=3.297873e+00  dt=6.192e-04  relΔE=1.688e-04  ||F||=7.256e-01
 step=  1000  E=2.554144712077e+03  Q=1.797000000000e+03  λ=2.845008e+00  dt=9.584e-04  relΔE=1.876e-04  ||F||=5.780e-01
 step=  1500  E=2.310385377378e+03  Q=1.797000000000e+03  λ=2.536249e+00  dt=7.418e-04  relΔE=1.211e-04  ||F||=5.025e-01
 step=  2000  E=2.139811438143e+03  Q=1.797000000000e+03  λ=2.326539e+00  dt=1.148e-03  relΔE=1.457e-04  ||F||=4.258e-01
 step=  2500  E=2.003283339376e+03  Q=1.797000000000e+03  λ=2.161393e+00  dt=8.887e-04  relΔE=9.485e-05  ||F||=3.779e-01
 step=  3000  E=1.893103579037e+03  Q=1.797000000000e+03  λ=2.030035e+00  dt=1.376e-03  relΔE=1.254e-04  ||F||=3.581e-01
 step=  3500  E=1.806295662765e+03  Q=1.797000000000e+03  λ=1.927451e+00  dt=1.065e-03  relΔE=8.465e-05  ||F||=3.097e-01
 step=  4000  E=1.731176731292e+03  Q=1.797000000000e+03  λ=1.839465e+00  dt=8.241e-04  relΔE=5.758e-05  ||F||=2.842e-01
 step=  4500  E=1.667968742704e+03  Q=1.797000000000e+03  λ=1.766071e+00  dt=1.276e-03  relΔE=7.892e-05  ||F||=2.626e-01
 step=  5000  E=1.614586161966e+03  Q=1.797000000000e+03  λ=1.704407e+00  dt=9.873e-04  relΔE=5.480e-05  ||F||=2.447e-01
 step=  5500  E=1.566158738357e+03  Q=1.797000000000e+03  λ=1.648812e+00  dt=7.641e-04  relΔE=3.893e-05  ||F||=2.309e-01
 step=  6000  E=1.525158969196e+03  Q=1.797000000000e+03  λ=1.602056e+00  dt=1.183e-03  relΔE=5.422e-05  ||F||=2.161e-01
 step=  6500  E=1.487705099652e+03  Q=1.797000000000e+03  λ=1.559511e+00  dt=9.154e-04  relΔE=3.882e-05  ||F||=2.053e-01
 step=  7000  E=1.452829766080e+03  Q=1.797000000000e+03  λ=1.520191e+00  dt=1.417e-03  relΔE=5.472e-05  ||F||=4.031e-01
 step=  7500  E=1.422241244414e+03  Q=1.797000000000e+03  λ=1.485701e+00  dt=1.097e-03  relΔE=4.155e-05  ||F||=1.897e-01
 step=  8000  E=1.392392607666e+03  Q=1.797000000000e+03  λ=1.452206e+00  dt=8.488e-04  relΔE=3.116e-05  ||F||=1.848e-01
 step=  8500  E=1.363890996614e+03  Q=1.797000000000e+03  λ=1.420312e+00  dt=1.314e-03  relΔE=4.748e-05  ||F||=1.815e-01
 step=  9000  E=1.336851263240e+03  Q=1.797000000000e+03  λ=1.390002e+00  dt=1.017e-03  relΔE=3.675e-05  ||F||=1.796e-01
 step=  9500  E=1.309249395487e+03  Q=1.797000000000e+03  λ=1.358991e+00  dt=7.871e-04  relΔE=2.889e-05  ||F||=1.792e-01
 step= 10000  E=1.282503487211e+03  Q=1.797000000000e+03  λ=1.328858e+00  dt=1.218e-03  relΔE=4.531e-05  ||F||=1.785e-01
 step= 10500  E=1.255810061165e+03  Q=1.797000000000e+03  λ=1.298614e+00  dt=9.430e-04  relΔE=3.556e-05  ||F||=1.778e-01
 step= 11000  E=1.228552512867e+03  Q=1.797000000000e+03  λ=1.267638e+00  dt=7.298e-04  relΔE=3.341e-05  ||F||=2.109e-01
 step= 11500  E=1.203618884669e+03  Q=1.797000000000e+03  λ=1.239292e+00  dt=1.130e-03  relΔE=4.165e-05  ||F||=1.722e-01
 step= 12000  E=1.179234811707e+03  Q=1.797000000000e+03  λ=1.211630e+00  dt=8.744e-04  relΔE=3.043e-05  ||F||=1.656e-01
 step= 12500  E=1.157066602627e+03  Q=1.797000000000e+03  λ=1.186711e+00  dt=1.353e-03  relΔE=4.257e-05  ||F||=1.568e-01
 step= 13000  E=1.138374038991e+03  Q=1.797000000000e+03  λ=1.165937e+00  dt=1.048e-03  relΔE=2.858e-05  ||F||=1.440e-01
 step= 13500  E=1.122284880377e+03  Q=1.797000000000e+03  λ=1.148380e+00  dt=8.108e-04  relΔE=1.829e-05  ||F||=1.300e-01
 step= 14000  E=1.109613610284e+03  Q=1.797000000000e+03  λ=1.134889e+00  dt=1.255e-03  relΔE=2.235e-05  ||F||=1.149e-01
 step= 14500  E=1.099977390730e+03  Q=1.797000000000e+03  λ=1.124904e+00  dt=9.713e-04  relΔE=1.322e-05  ||F||=9.998e-02
 step= 15000  E=1.092544975251e+03  Q=1.797000000000e+03  λ=1.117473e+00  dt=7.518e-04  relΔE=7.745e-06  ||F||=8.674e-02
 step= 15500  E=1.087433791033e+03  Q=1.797000000000e+03  λ=1.112580e+00  dt=1.164e-03  relΔE=8.357e-06  ||F||=7.221e-02
 step= 16000  E=1.083716438886e+03  Q=1.797000000000e+03  λ=1.109198e+00  dt=9.007e-04  relΔE=4.530e-06  ||F||=6.033e-02
 step= 16500  E=1.081106463893e+03  Q=1.797000000000e+03  λ=1.106979e+00  dt=1.394e-03  relΔE=4.779e-06  ||F||=5.857e-02
 step= 17000  E=1.079401379023e+03  Q=1.797000000000e+03  λ=1.105641e+00  dt=1.079e-03  relΔE=2.544e-06  ||F||=4.122e-02
 step= 17500  E=1.078206077184e+03  Q=1.797000000000e+03  λ=1.104798e+00  dt=8.352e-04  relΔE=1.320e-06  ||F||=3.373e-02
 step= 18000  E=1.077437800169e+03  Q=1.797000000000e+03  λ=1.104326e+00  dt=1.077e-03  relΔE=1.151e-06  ||F||=2.772e-02
 step= 18500  E=1.076902128548e+03  Q=1.797000000000e+03  λ=1.104053e+00  dt=8.338e-04  relΔE=5.906e-07  ||F||=2.256e-02
 step= 19000  E=1.076547692749e+03  Q=1.797000000000e+03  λ=1.103915e+00  dt=1.291e-03  relΔE=6.032e-07  ||F||=1.832e-02
 step= 19500  E=1.076318574043e+03  Q=1.797000000000e+03  λ=1.103856e+00  dt=9.989e-04  relΔE=3.108e-07  ||F||=1.495e-02
 step= 20000  E=1.076161099526e+03  Q=1.797000000000e+03  λ=1.103839e+00  dt=7.731e-04  relΔE=1.596e-07  ||F||=1.218e-02
 step= 20500  E=1.076060961796e+03  Q=1.797000000000e+03  λ=1.103843e+00  dt=1.197e-03  relΔE=1.626e-07  ||F||=9.875e-03
 step= 21000  E=1.075993363561e+03  Q=1.797000000000e+03  λ=1.103857e+00  dt=9.263e-04  relΔE=8.372e-08  ||F||=8.053e-03
 step= 21500  E=1.075947257265e+03  Q=1.797000000000e+03  λ=1.103873e+00  dt=1.434e-03  relΔE=6.225e-08  ||F||=3.626e-02
 step= 22000  E=1.075918056883e+03  Q=1.797000000000e+03  λ=1.103887e+00  dt=1.110e-03  relΔE=4.506e-08  ||F||=5.397e-03
 step= 22500  E=1.075897516731e+03  Q=1.797000000000e+03  λ=1.103898e+00  dt=8.589e-04  relΔE=2.356e-08  ||F||=4.437e-03
 step= 23000  E=1.075883557348e+03  Q=1.797000000000e+03  λ=1.103905e+00  dt=1.329e-03  relΔE=2.485e-08  ||F||=3.666e-03
 step= 23500  E=1.075874226235e+03  Q=1.797000000000e+03  λ=1.103909e+00  dt=1.029e-03  relΔE=1.339e-08  ||F||=3.057e-03
 step= 24000  E=1.075867510822e+03  Q=1.797000000000e+03  λ=1.103910e+00  dt=7.964e-04  relΔE=7.228e-09  ||F||=2.555e-03
 step= 24500  E=1.075862887415e+03  Q=1.797000000000e+03  λ=1.103909e+00  dt=1.233e-03  relΔE=7.924e-09  ||F||=2.152e-03
 step= 25000  E=1.075859594108e+03  Q=1.797000000000e+03  λ=1.103906e+00  dt=9.541e-04  relΔE=4.416e-09  ||F||=1.828e-03
 step= 25500  E=1.075857132928e+03  Q=1.797000000000e+03  λ=1.103901e+00  dt=7.385e-04  relΔE=2.669e-09  ||F||=1.620e-03
 step= 26000  E=1.075855428924e+03  Q=1.797000000000e+03  λ=1.103896e+00  dt=1.143e-03  relΔE=2.837e-09  ||F||=1.343e-03
 step= 26500  E=1.075854116119e+03  Q=1.797000000000e+03  λ=1.103890e+00  dt=8.847e-04  relΔE=1.636e-09  ||F||=1.161e-03
 step= 27000  E=1.075853126484e+03  Q=1.797000000000e+03  λ=1.103883e+00  dt=1.369e-03  relΔE=1.903e-09  ||F||=1.028e-03
 step= 27500  E=1.075852400264e+03  Q=1.797000000000e+03  λ=1.103877e+00  dt=1.060e-03  relΔE=1.130e-09  ||F||=8.867e-04
 step= 28000  E=1.075851826743e+03  Q=1.797000000000e+03  λ=1.103870e+00  dt=8.203e-04  relΔE=6.723e-10  ||F||=7.801e-04
 step= 28500  E=1.075851386830e+03  Q=1.797000000000e+03  λ=1.103863e+00  dt=1.270e-03  relΔE=8.060e-10  ||F||=6.891e-04
 step= 29000  E=1.075851050174e+03  Q=1.797000000000e+03  λ=1.103857e+00  dt=9.828e-04  relΔE=4.890e-10  ||F||=6.127e-04
 step= 29500  E=1.075850776461e+03  Q=1.797000000000e+03  λ=1.103851e+00  dt=7.607e-04  relΔE=2.998e-10  ||F||=5.478e-04
 step= 30000  E=1.075850570124e+03  Q=1.797000000000e+03  λ=1.103846e+00  dt=1.177e-03  relΔE=3.622e-10  ||F||=4.866e-04
 step= 30500  E=1.075850403560e+03  Q=1.797000000000e+03  λ=1.103840e+00  dt=9.113e-04  relΔE=2.217e-10  ||F||=4.352e-04
 step= 31000  E=1.075850269048e+03  Q=1.797000000000e+03  λ=1.103835e+00  dt=1.411e-03  relΔE=2.664e-10  ||F||=6.320e-04
 step= 31500  E=1.075850167500e+03  Q=1.797000000000e+03  λ=1.103831e+00  dt=1.092e-03  relΔE=1.672e-10  ||F||=3.500e-04
 step= 32000  E=1.075850083767e+03  Q=1.797000000000e+03  λ=1.103827e+00  dt=8.450e-04  relΔE=1.027e-10  ||F||=3.143e-04
 step= 32500  E=1.075850017495e+03  Q=1.797000000000e+03  λ=1.103823e+00  dt=1.308e-03  relΔE=1.260e-10  ||F||=2.824e-04
 step= 33000  E=1.075849966078e+03  Q=1.797000000000e+03  λ=1.103819e+00  dt=1.012e-03  relΔE=7.772e-11  ||F||=2.546e-04
 step= 33500  E=1.075849923795e+03  Q=1.797000000000e+03  λ=1.103816e+00  dt=7.835e-04  relΔE=4.780e-11  ||F||=2.294e-04
 step= 34000  E=1.075849891298e+03  Q=1.797000000000e+03  λ=1.103813e+00  dt=1.213e-03  relΔE=5.835e-11  ||F||=2.064e-04
 step= 34500  E=1.075849865390e+03  Q=1.797000000000e+03  λ=1.103811e+00  dt=9.387e-04  relΔE=3.570e-11  ||F||=1.861e-04
 step= 35000  E=1.075849844319e+03  Q=1.797000000000e+03  λ=1.103808e+00  dt=6.055e-04  relΔE=8.616e-11  ||F||=1.745e-03
 step= 35500  E=1.075849829075e+03  Q=1.797000000000e+03  λ=1.103806e+00  dt=9.372e-04  relΔE=2.212e-11  ||F||=1.518e-04
 step= 36000  E=1.075849816061e+03  Q=1.797000000000e+03  λ=1.103804e+00  dt=7.254e-04  relΔE=2.149e-11  ||F||=4.262e-04
 step= 36500  E=1.075849806517e+03  Q=1.797000000000e+03  λ=1.103802e+00  dt=1.123e-03  relΔE=1.602e-11  ||F||=1.235e-04
 step= 37000  E=1.075849798914e+03  Q=1.797000000000e+03  λ=1.103800e+00  dt=7.242e-04  relΔE=7.962e-12  ||F||=1.115e-04
 step= 37500  E=1.075849793191e+03  Q=1.797000000000e+03  λ=1.103799e+00  dt=1.121e-03  relΔE=9.431e-12  ||F||=1.008e-04
 step= 38000  E=1.075849788704e+03  Q=1.797000000000e+03  λ=1.103797e+00  dt=8.676e-04  relΔE=5.478e-12  ||F||=9.093e-05
 step= 38500  E=1.075849785363e+03  Q=1.797000000000e+03  λ=1.103796e+00  dt=1.343e-03  relΔE=6.252e-12  ||F||=8.207e-05
 step= 39000  E=1.075849782980e+03  Q=1.797000000000e+03  λ=1.103795e+00  dt=1.039e-03  relΔE=3.520e-12  ||F||=7.413e-05
 step= 39500  E=1.075849781225e+03  Q=1.797000000000e+03  λ=1.103794e+00  dt=8.045e-04  relΔE=1.908e-12  ||F||=6.686e-05
 step= 40000  E=1.075849780040e+03  Q=1.797000000000e+03  λ=1.103793e+00  dt=1.245e-03  relΔE=1.972e-12  ||F||=6.035e-05
 step= 40500  E=1.075849779277e+03  Q=1.797000000000e+03  λ=1.103792e+00  dt=9.638e-04  relΔE=9.485e-13  ||F||=5.454e-05
 step= 41000  E=1.075849778819e+03  Q=1.797000000000e+03  λ=1.103791e+00  dt=7.460e-04  relΔE=3.967e-13  ||F||=4.926e-05
 step= 41500  E=1.075849778622e+03  Q=1.797000000000e+03  λ=1.103791e+00  dt=1.155e-03  relΔE=1.968e-13  ||F||=4.445e-05
  !! dt è sceso sotto dt_min, mi fermo (stiffness).

Stationary candidate (aggressive): E=1.075849778591e+03, Q=1.797000000000e+03, maxρ=1.083229e+00

=== Stability test (damped inertial dynamics) ===
Perturb eps=0.02, gamma=1
t=0: E=1.163520224556e+03, Q=1.797000000000e+03, maxρ=1.120176e+00, σ=2.543659e+00, Rc=1.866202e+01
 step=     1  E=1.163519784441e+03  Q=1.797000000000e+03  λ=1.490039e+00  maxρ=1.120176e+00  minρ=1.000e-15  σ=2.543659e+00  Rc=1.866202e+01
 step=   300  E=1.145472368034e+03  Q=1.797000000000e+03  λ=1.387257e+00  maxρ=1.118274e+00  minρ=1.000e-15  σ=2.543656e+00  Rc=1.866203e+01
 step=   600  E=1.109157906726e+03  Q=1.797000000000e+03  λ=1.201057e+00  maxρ=1.112913e+00  minρ=1.000e-15  σ=2.543651e+00  Rc=1.866203e+01
 step=   900  E=1.087856037776e+03  Q=1.797000000000e+03  λ=1.141509e+00  maxρ=1.104982e+00  minρ=1.000e-15  σ=2.543649e+00  Rc=1.866203e+01
 step=  1200  E=1.095874843657e+03  Q=1.797000000000e+03  λ=1.248610e+00  maxρ=1.101343e+00  minρ=1.000e-15  σ=2.543652e+00  Rc=1.866202e+01
 step=  1500  E=1.117623058958e+03  Q=1.797000000000e+03  λ=1.365099e+00  maxρ=1.106180e+00  minρ=1.000e-15  σ=2.543654e+00  Rc=1.866202e+01
 step=  1800  E=1.128800085672e+03  Q=1.797000000000e+03  λ=1.351464e+00  maxρ=1.109719e+00  minρ=1.000e-15  σ=2.543652e+00  Rc=1.866202e+01
 step=  2100  E=1.122340296486e+03  Q=1.797000000000e+03  λ=1.250396e+00  maxρ=1.104067e+00  minρ=1.000e-15  σ=2.543649e+00  Rc=1.866202e+01
 step=  2400  E=1.110863959151e+03  Q=1.797000000000e+03  λ=1.203333e+00  maxρ=1.092462e+00  minρ=1.000e-15  σ=2.543649e+00  Rc=1.866202e+01
 step=  2700  E=1.107995539117e+03  Q=1.797000000000e+03  λ=1.257796e+00  maxρ=1.097651e+00  minρ=1.000e-15  σ=2.543652e+00  Rc=1.866202e+01
 step=  3000  E=1.113537077590e+03  Q=1.797000000000e+03  λ=1.323828e+00  maxρ=1.111431e+00  minρ=1.000e-15  σ=2.543653e+00  Rc=1.866202e+01
 step=  3300  E=1.117783154136e+03  Q=1.797000000000e+03  λ=1.311890e+00  maxρ=1.114274e+00  minρ=1.000e-15  σ=2.543649e+00  Rc=1.866202e+01
 step=  3600  E=1.115280251191e+03  Q=1.797000000000e+03  λ=1.247399e+00  maxρ=1.106945e+00  minρ=1.000e-15  σ=2.543646e+00  Rc=1.866202e+01
 step=  3900  E=1.109946455739e+03  Q=1.797000000000e+03  λ=1.218287e+00  maxρ=1.106945e+00  minρ=1.000e-15  σ=2.543646e+00  Rc=1.866201e+01
 step=  4200  E=1.107920625567e+03  Q=1.797000000000e+03  λ=1.250607e+00  maxρ=1.103092e+00  minρ=1.000e-15  σ=2.543650e+00  Rc=1.866201e+01
 step=  4500  E=1.109776214313e+03  Q=1.797000000000e+03  λ=1.286054e+00  maxρ=1.100444e+00  minρ=1.000e-15  σ=2.543651e+00  Rc=1.866201e+01
 step=  4800  E=1.111494098660e+03  Q=1.797000000000e+03  λ=1.273812e+00  maxρ=1.105478e+00  minρ=1.000e-15  σ=2.543647e+00  Rc=1.866201e+01
 step=  5100  E=1.110611634274e+03  Q=1.797000000000e+03  λ=1.236329e+00  maxρ=1.106470e+00  minρ=1.000e-15  σ=2.543643e+00  Rc=1.866200e+01
 step=  5400  E=1.108630916709e+03  Q=1.797000000000e+03  λ=1.226178e+00  maxρ=1.105159e+00  minρ=1.000e-15  σ=2.543642e+00  Rc=1.866200e+01
 step=  5700  E=1.107817340587e+03  Q=1.797000000000e+03  λ=1.250033e+00  maxρ=1.101378e+00  minρ=1.000e-15  σ=2.543644e+00  Rc=1.866200e+01
 step=  6000  E=1.108085430873e+03  Q=1.797000000000e+03  λ=1.267404e+00  maxρ=1.097966e+00  minρ=1.000e-15  σ=2.543645e+00  Rc=1.866199e+01
 >>> No runaway detected in this horizon. Likely stable (within this model & box).

STABILITY: PASS
