
=== Aggressive relaxation to Q = 140 ===
Initial: E=2.454159949979e+02, Q=1.400000000000e+02, dt=1.000e-04
 step=     1  E=2.454097296863e+02  Q=1.400000000000e+02  λ=3.416166e+00  dt=1.000e-04  relΔE=2.553e-05  ||F||=6.692e-01
 step=   500  E=2.377095339651e+02  Q=1.400000000000e+02  λ=3.308093e+00  dt=6.192e-04  relΔE=1.224e-04  ||F||=6.349e-01
 step=  1000  E=2.157785335958e+02  Q=1.400000000000e+02  λ=3.000454e+00  dt=9.584e-04  relΔE=1.565e-04  ||F||=5.497e-01
 step=  1500  E=1.978010419744e+02  Q=1.400000000000e+02  λ=2.748978e+00  dt=7.418e-04  relΔE=1.089e-04  ||F||=4.996e-01
 step=  2000  E=1.842985001078e+02  Q=1.400000000000e+02  λ=2.560748e+00  dt=1.148e-03  relΔE=1.375e-04  ||F||=4.350e-01
 step=  2500  E=1.729757925017e+02  Q=1.400000000000e+02  λ=2.403041e+00  dt=8.887e-04  relΔE=9.284e-05  ||F||=3.936e-01
 step=  3000  E=1.635417504630e+02  Q=1.400000000000e+02  λ=2.272033e+00  dt=1.376e-03  relΔE=1.262e-04  ||F||=3.706e-01
 step=  3500  E=1.559108828852e+02  Q=1.400000000000e+02  λ=2.166065e+00  dt=1.065e-03  relΔE=8.691e-05  ||F||=3.303e-01
 step=  4000  E=1.492097589056e+02  Q=1.400000000000e+02  λ=2.073158e+00  dt=8.241e-04  relΔE=6.010e-05  ||F||=3.055e-01
 step=  4500  E=1.434805931534e+02  Q=1.400000000000e+02  λ=1.993924e+00  dt=1.276e-03  relΔE=8.370e-05  ||F||=2.841e-01
 step=  5000  E=1.385795196205e+02  Q=1.400000000000e+02  λ=1.926139e+00  dt=9.873e-04  relΔE=5.904e-05  ||F||=2.665e-01
 step=  5500  E=1.340649397160e+02  Q=1.400000000000e+02  λ=1.863798e+00  dt=7.641e-04  relΔE=4.274e-05  ||F||=2.536e-01
 step=  6000  E=1.301663446946e+02  Q=1.400000000000e+02  λ=1.810101e+00  dt=1.183e-03  relΔE=6.113e-05  ||F||=2.401e-01
 step=  6500  E=1.265143787057e+02  Q=1.400000000000e+02  λ=1.759815e+00  dt=9.154e-04  relΔE=4.515e-05  ||F||=2.313e-01
 step=  7000  E=1.230144169817e+02  Q=1.400000000000e+02  λ=1.711816e+00  dt=1.417e-03  relΔE=6.557e-05  ||F||=4.811e-01
 step=  7500  E=1.198657827556e+02  Q=1.400000000000e+02  λ=1.668422e+00  dt=1.097e-03  relΔE=5.121e-05  ||F||=2.190e-01
 step=  8000  E=1.167547533166e+02  Q=1.400000000000e+02  λ=1.625542e+00  dt=8.488e-04  relΔE=3.872e-05  ||F||=2.137e-01
 step=  8500  E=1.138191993106e+02  Q=1.400000000000e+02  λ=1.584943e+00  dt=1.314e-03  relΔE=5.776e-05  ||F||=2.071e-01
 step=  9000  E=1.111469911959e+02  Q=1.400000000000e+02  λ=1.547663e+00  dt=1.017e-03  relΔE=4.225e-05  ||F||=1.990e-01
 step=  9500  E=1.086307219735e+02  Q=1.400000000000e+02  λ=1.512211e+00  dt=7.871e-04  relΔE=3.005e-05  ||F||=1.886e-01
 step= 10000  E=1.064678109098e+02  Q=1.400000000000e+02  λ=1.481394e+00  dt=1.218e-03  relΔE=4.107e-05  ||F||=1.754e-01
 step= 10500  E=1.046165221817e+02  Q=1.400000000000e+02  λ=1.454609e+00  dt=9.430e-04  relΔE=2.719e-05  ||F||=1.608e-01
 step= 11000  E=1.030359990085e+02  Q=1.400000000000e+02  λ=1.431386e+00  dt=7.298e-04  relΔE=2.124e-05  ||F||=1.755e-01
 step= 11500  E=1.018420630512e+02  Q=1.400000000000e+02  λ=1.413547e+00  dt=1.130e-03  relΔE=2.141e-05  ||F||=1.286e-01
 step= 12000  E=1.008771675867e+02  Q=1.400000000000e+02  λ=1.398851e+00  dt=8.744e-04  relΔE=1.281e-05  ||F||=1.125e-01
 step= 12500  E=1.001441692349e+02  Q=1.400000000000e+02  λ=1.387473e+00  dt=1.353e-03  relΔE=1.491e-05  ||F||=9.792e-02
 step= 13000  E=9.961657291312e+01  Q=1.400000000000e+02  λ=1.379090e+00  dt=1.048e-03  relΔE=8.582e-06  ||F||=8.364e-02
 step= 13500  E=9.921883657072e+01  Q=1.400000000000e+02  λ=1.372620e+00  dt=8.108e-04  relΔE=4.820e-06  ||F||=7.111e-02
 step= 14000  E=9.893602306875e+01  Q=1.400000000000e+02  λ=1.367901e+00  dt=1.255e-03  relΔE=5.342e-06  ||F||=6.008e-02
 step= 14500  E=9.873730004811e+01  Q=1.400000000000e+02  λ=1.364483e+00  dt=9.713e-04  relΔE=2.949e-06  ||F||=5.069e-02
 step= 15000  E=9.859716710420e+01  Q=1.400000000000e+02  λ=1.361998e+00  dt=1.253e-03  relΔE=2.700e-06  ||F||=4.267e-02
 step= 15500  E=9.849675691290e+01  Q=1.400000000000e+02  λ=1.360152e+00  dt=9.698e-04  relΔE=1.466e-06  ||F||=3.572e-02
 step= 16000  E=9.842469950072e+01  Q=1.400000000000e+02  λ=1.358777e+00  dt=7.506e-04  relΔE=8.112e-07  ||F||=3.021e-02
 step= 16500  E=9.837696076884e+01  Q=1.400000000000e+02  λ=1.357829e+00  dt=1.162e-03  relΔE=8.520e-07  ||F||=2.486e-02
 step= 17000  E=9.834290145582e+01  Q=1.400000000000e+02  λ=1.357122e+00  dt=7.493e-04  relΔE=4.355e-07  ||F||=2.240e-02
 step= 17500  E=9.831963607205e+01  Q=1.400000000000e+02  λ=1.356620e+00  dt=1.160e-03  relΔE=4.161e-07  ||F||=1.738e-02
 step= 18000  E=9.830285978470e+01  Q=1.400000000000e+02  λ=1.356242e+00  dt=8.978e-04  relΔE=2.245e-07  ||F||=1.451e-02
 step= 18500  E=9.829101571119e+01  Q=1.400000000000e+02  λ=1.355966e+00  dt=1.390e-03  relΔE=2.416e-07  ||F||=1.374e-02
 step= 19000  E=9.828302075055e+01  Q=1.400000000000e+02  λ=1.355774e+00  dt=1.076e-03  relΔE=1.334e-07  ||F||=1.021e-02
 step= 19500  E=9.827715331656e+01  Q=1.400000000000e+02  λ=1.355630e+00  dt=8.324e-04  relΔE=7.338e-08  ||F||=8.611e-03
 step= 20000  E=9.827297199668e+01  Q=1.400000000000e+02  λ=1.355529e+00  dt=1.289e-03  relΔE=8.172e-08  ||F||=7.304e-03
 step= 20500  E=9.826999795185e+01  Q=1.400000000000e+02  λ=1.355459e+00  dt=9.973e-04  relΔE=4.649e-08  ||F||=6.261e-03
 step= 21000  E=9.826772169835e+01  Q=1.400000000000e+02  λ=1.355410e+00  dt=7.719e-04  relΔE=2.693e-08  ||F||=5.417e-03
 step= 21500  E=9.826607659027e+01  Q=1.400000000000e+02  λ=1.355379e+00  dt=1.195e-03  relΔE=3.140e-08  ||F||=4.701e-03
 step= 22000  E=9.826479502386e+01  Q=1.400000000000e+02  λ=1.355360e+00  dt=9.248e-04  relΔE=1.885e-08  ||F||=4.141e-03
 step= 22500  E=9.826376395089e+01  Q=1.400000000000e+02  λ=1.355351e+00  dt=1.431e-03  relΔE=1.933e-08  ||F||=1.580e-02
 step= 23000  E=9.826298287473e+01  Q=1.400000000000e+02  λ=1.355349e+00  dt=1.108e-03  relΔE=1.450e-08  ||F||=3.319e-03
 step= 23500  E=9.826231801447e+01  Q=1.400000000000e+02  λ=1.355353e+00  dt=8.575e-04  relΔE=9.277e-09  ||F||=3.019e-03
 step= 24000  E=9.826176226843e+01  Q=1.400000000000e+02  λ=1.355361e+00  dt=1.327e-03  relΔE=1.209e-08  ||F||=2.773e-03
 step= 24500  E=9.826130199474e+01  Q=1.400000000000e+02  λ=1.355372e+00  dt=1.027e-03  relΔE=8.051e-09  ||F||=2.571e-03
 step= 25000  E=9.826089114752e+01  Q=1.400000000000e+02  λ=1.355385e+00  dt=7.951e-04  relΔE=5.431e-09  ||F||=2.401e-03
 step= 25500  E=9.826053872804e+01  Q=1.400000000000e+02  λ=1.355400e+00  dt=1.231e-03  relΔE=7.387e-09  ||F||=2.252e-03
 step= 26000  E=9.826022755728e+01  Q=1.400000000000e+02  λ=1.355416e+00  dt=9.526e-04  relΔE=5.090e-09  ||F||=2.125e-03
 step= 26500  E=9.825993962208e+01  Q=1.400000000000e+02  λ=1.355434e+00  dt=7.373e-04  relΔE=3.746e-09  ||F||=2.076e-03
 step= 27000  E=9.825969450697e+01  Q=1.400000000000e+02  λ=1.355451e+00  dt=1.141e-03  relΔE=4.926e-09  ||F||=1.911e-03
 step= 27500  E=9.825946522053e+01  Q=1.400000000000e+02  λ=1.355469e+00  dt=8.833e-04  relΔE=3.452e-09  ||F||=1.819e-03
 step= 28000  E=9.825925555011e+01  Q=1.400000000000e+02  λ=1.355487e+00  dt=1.367e-03  relΔE=4.847e-09  ||F||=1.778e-03
 step= 28500  E=9.825907149734e+01  Q=1.400000000000e+02  λ=1.355504e+00  dt=1.058e-03  relΔE=3.427e-09  ||F||=1.657e-03
 step= 29000  E=9.825889816416e+01  Q=1.400000000000e+02  λ=1.355522e+00  dt=8.190e-04  relΔE=2.424e-09  ||F||=1.585e-03
 step= 29500  E=9.825874116904e+01  Q=1.400000000000e+02  λ=1.355540e+00  dt=1.268e-03  relΔE=3.427e-09  ||F||=1.515e-03
 step= 30000  E=9.825859960675e+01  Q=1.400000000000e+02  λ=1.355557e+00  dt=9.812e-04  relΔE=2.432e-09  ||F||=1.451e-03
 step= 30500  E=9.825846489565e+01  Q=1.400000000000e+02  λ=1.355574e+00  dt=7.594e-04  relΔE=1.752e-09  ||F||=1.401e-03
 step= 31000  E=9.825834657185e+01  Q=1.400000000000e+02  λ=1.355590e+00  dt=1.176e-03  relΔE=2.450e-09  ||F||=1.332e-03
 step= 31500  E=9.825823573830e+01  Q=1.400000000000e+02  λ=1.355606e+00  dt=9.098e-04  relΔE=1.741e-09  ||F||=1.276e-03
 step= 32000  E=9.825813175502e+01  Q=1.400000000000e+02  λ=1.355622e+00  dt=1.408e-03  relΔE=2.440e-09  ||F||=1.910e-03
 step= 32500  E=9.825804086726e+01  Q=1.400000000000e+02  λ=1.355637e+00  dt=1.090e-03  relΔE=1.760e-09  ||F||=1.173e-03
 step= 33000  E=9.825795414457e+01  Q=1.400000000000e+02  λ=1.355652e+00  dt=8.436e-04  relΔE=1.252e-09  ||F||=1.125e-03
 step= 33500  E=9.825787476978e+01  Q=1.400000000000e+02  λ=1.355666e+00  dt=1.306e-03  relΔE=1.779e-09  ||F||=1.078e-03
 step= 34000  E=9.825780352014e+01  Q=1.400000000000e+02  λ=1.355679e+00  dt=1.011e-03  relΔE=1.268e-09  ||F||=1.035e-03
 step= 34500  E=9.825773556055e+01  Q=1.400000000000e+02  λ=1.355693e+00  dt=7.823e-04  relΔE=9.085e-10  ||F||=9.962e-04
 step= 35000  E=9.825767496664e+01  Q=1.400000000000e+02  λ=1.355706e+00  dt=1.211e-03  relΔE=1.284e-09  ||F||=9.521e-04
 step= 35500  E=9.825761884135e+01  Q=1.400000000000e+02  λ=1.355718e+00  dt=9.372e-04  relΔE=9.143e-10  ||F||=9.137e-04
 step= 36000  E=9.825756548255e+01  Q=1.400000000000e+02  λ=1.355730e+00  dt=7.254e-04  relΔE=9.712e-10  ||F||=2.872e-03
 step= 36500  E=9.825751915726e+01  Q=1.400000000000e+02  λ=1.355741e+00  dt=1.123e-03  relΔE=9.269e-10  ||F||=8.411e-04
 step= 37000  E=9.825747486775e+01  Q=1.400000000000e+02  λ=1.355752e+00  dt=8.690e-04  relΔE=6.599e-10  ||F||=8.070e-04
 step= 37500  E=9.825743403501e+01  Q=1.400000000000e+02  λ=1.355763e+00  dt=1.345e-03  relΔE=9.386e-10  ||F||=7.765e-04
 step= 38000  E=9.825739752547e+01  Q=1.400000000000e+02  λ=1.355773e+00  dt=1.041e-03  relΔE=6.694e-10  ||F||=7.432e-04
 step= 38500  E=9.825736292257e+01  Q=1.400000000000e+02  λ=1.355783e+00  dt=8.058e-04  relΔE=4.775e-10  ||F||=7.138e-04
 step= 39000  E=9.825733150230e+01  Q=1.400000000000e+02  λ=1.355793e+00  dt=1.247e-03  relΔE=6.787e-10  ||F||=6.843e-04
 step= 39500  E=9.825730288572e+01  Q=1.400000000000e+02  λ=1.355802e+00  dt=9.654e-04  relΔE=4.839e-10  ||F||=6.571e-04
 step= 40000  E=9.825727550081e+01  Q=1.400000000000e+02  λ=1.355811e+00  dt=7.472e-04  relΔE=3.568e-10  ||F||=6.417e-04
 step= 40500  E=9.825725155263e+01  Q=1.400000000000e+02  λ=1.355819e+00  dt=1.157e-03  relΔE=4.909e-10  ||F||=6.052e-04
 step= 41000  E=9.825722886211e+01  Q=1.400000000000e+02  λ=1.355827e+00  dt=8.952e-04  relΔE=3.496e-10  ||F||=5.809e-04
 step= 41500  E=9.825720771687e+01  Q=1.400000000000e+02  λ=1.355835e+00  dt=1.386e-03  relΔE=4.967e-10  ||F||=5.994e-04
 step= 42000  E=9.825718901685e+01  Q=1.400000000000e+02  λ=1.355843e+00  dt=1.072e-03  relΔE=3.549e-10  ||F||=5.353e-04
 step= 42500  E=9.825717124042e+01  Q=1.400000000000e+02  λ=1.355850e+00  dt=8.300e-04  relΔE=2.529e-10  ||F||=5.139e-04
 step= 43000  E=9.825715496099e+01  Q=1.400000000000e+02  λ=1.355857e+00  dt=1.285e-03  relΔE=3.598e-10  ||F||=4.930e-04
 step= 43500  E=9.825714028894e+01  Q=1.400000000000e+02  λ=1.355864e+00  dt=9.944e-04  relΔE=2.567e-10  ||F||=4.736e-04
 step= 44000  E=9.825712626382e+01  Q=1.400000000000e+02  λ=1.355870e+00  dt=7.697e-04  relΔE=1.841e-10  ||F||=4.562e-04
 step= 44500  E=9.825711383262e+01  Q=1.400000000000e+02  λ=1.355876e+00  dt=1.191e-03  relΔE=2.604e-10  ||F||=4.364e-04
 step= 45000  E=9.825710220902e+01  Q=1.400000000000e+02  λ=1.355882e+00  dt=9.221e-04  relΔE=1.856e-10  ||F||=4.190e-04
 step= 45500  E=9.825709121708e+01  Q=1.400000000000e+02  λ=1.355888e+00  dt=1.427e-03  relΔE=2.270e-10  ||F||=1.607e-03
 step= 46000  E=9.825708165270e+01  Q=1.400000000000e+02  λ=1.355894e+00  dt=1.105e-03  relΔE=1.883e-10  ||F||=3.863e-04
 step= 46500  E=9.825707249714e+01  Q=1.400000000000e+02  λ=1.355899e+00  dt=8.550e-04  relΔE=1.342e-10  ||F||=3.708e-04
 step= 47000  E=9.825706408499e+01  Q=1.400000000000e+02  λ=1.355904e+00  dt=1.323e-03  relΔE=1.909e-10  ||F||=3.560e-04
 step= 47500  E=9.825705653729e+01  Q=1.400000000000e+02  λ=1.355909e+00  dt=1.024e-03  relΔE=1.362e-10  ||F||=3.419e-04
 step= 48000  E=9.825704935786e+01  Q=1.400000000000e+02  λ=1.355914e+00  dt=7.928e-04  relΔE=9.731e-11  ||F||=3.288e-04
 step= 48500  E=9.825704290029e+01  Q=1.400000000000e+02  λ=1.355918e+00  dt=1.227e-03  relΔE=1.381e-10  ||F||=3.151e-04
 step= 49000  E=9.825703695929e+01  Q=1.400000000000e+02  λ=1.355923e+00  dt=9.498e-04  relΔE=9.839e-11  ||F||=3.027e-04
 step= 49500  E=9.825703130071e+01  Q=1.400000000000e+02  λ=1.355927e+00  dt=7.351e-04  relΔE=7.519e-11  ||F||=3.012e-04
 step= 50000  E=9.825702636844e+01  Q=1.400000000000e+02  λ=1.355931e+00  dt=1.138e-03  relΔE=9.979e-11  ||F||=2.791e-04
 step= 50500  E=9.825702167262e+01  Q=1.400000000000e+02  λ=1.355935e+00  dt=8.807e-04  relΔE=7.104e-11  ||F||=2.679e-04
 step= 51000  E=9.825701732418e+01  Q=1.400000000000e+02  λ=1.355938e+00  dt=1.363e-03  relΔE=1.010e-10  ||F||=2.601e-04
 step= 51500  E=9.825701345552e+01  Q=1.400000000000e+02  λ=1.355942e+00  dt=1.055e-03  relΔE=7.204e-11  ||F||=2.471e-04
 step= 52000  E=9.825700978795e+01  Q=1.400000000000e+02  λ=1.355945e+00  dt=8.166e-04  relΔE=5.131e-11  ||F||=2.373e-04
 step= 52500  E=9.825700644082e+01  Q=1.400000000000e+02  λ=1.355949e+00  dt=1.264e-03  relΔE=7.295e-11  ||F||=2.278e-04
 step= 53000  E=9.825700341246e+01  Q=1.400000000000e+02  λ=1.355952e+00  dt=9.784e-04  relΔE=5.199e-11  ||F||=2.188e-04
 step= 53500  E=9.825700051782e+01  Q=1.400000000000e+02  λ=1.355955e+00  dt=7.572e-04  relΔE=3.784e-11  ||F||=2.124e-04
 step= 54000  E=9.825699797416e+01  Q=1.400000000000e+02  λ=1.355958e+00  dt=1.172e-03  relΔE=5.264e-11  ||F||=2.018e-04
 step= 54500  E=9.825699558104e+01  Q=1.400000000000e+02  λ=1.355961e+00  dt=9.072e-04  relΔE=3.746e-11  ||F||=1.938e-04
 step= 55000  E=9.825699333906e+01  Q=1.400000000000e+02  λ=1.355963e+00  dt=1.404e-03  relΔE=5.275e-11  ||F||=2.596e-04
 step= 55500  E=9.825699137255e+01  Q=1.400000000000e+02  λ=1.355966e+00  dt=1.087e-03  relΔE=3.793e-11  ||F||=1.787e-04
 step= 56000  E=9.825698950099e+01  Q=1.400000000000e+02  λ=1.355968e+00  dt=8.412e-04  relΔE=2.698e-11  ||F||=1.717e-04
 step= 56500  E=9.825698778623e+01  Q=1.400000000000e+02  λ=1.355971e+00  dt=1.302e-03  relΔE=3.832e-11  ||F||=1.648e-04
 step= 57000  E=9.825698624514e+01  Q=1.400000000000e+02  λ=1.355973e+00  dt=1.008e-03  relΔE=2.729e-11  ||F||=1.583e-04
 step= 57500  E=9.825698477911e+01  Q=1.400000000000e+02  λ=1.355975e+00  dt=7.800e-04  relΔE=1.952e-11  ||F||=1.525e-04
 step= 58000  E=9.825698347493e+01  Q=1.400000000000e+02  λ=1.355977e+00  dt=1.207e-03  relΔE=2.757e-11  ||F||=1.460e-04
 step= 58500  E=9.825698226414e+01  Q=1.400000000000e+02  λ=1.355979e+00  dt=9.345e-04  relΔE=1.960e-11  ||F||=1.403e-04
 step= 59000  E=9.825698112216e+01  Q=1.400000000000e+02  λ=1.355981e+00  dt=1.447e-03  relΔE=3.045e-12  ||F||=1.235e-03
 step= 59500  E=9.825698012522e+01  Q=1.400000000000e+02  λ=1.355983e+00  dt=1.120e-03  relΔE=1.979e-11  ||F||=1.294e-04
 step= 60000  E=9.825697917703e+01  Q=1.400000000000e+02  λ=1.355985e+00  dt=8.665e-04  relΔE=1.406e-11  ||F||=1.242e-04
 step= 60500  E=9.825697830746e+01  Q=1.400000000000e+02  λ=1.355987e+00  dt=1.341e-03  relΔE=1.993e-11  ||F||=1.194e-04
 step= 61000  E=9.825697753091e+01  Q=1.400000000000e+02  λ=1.355988e+00  dt=1.038e-03  relΔE=1.417e-11  ||F||=1.146e-04
 step= 61500  E=9.825697679659e+01  Q=1.400000000000e+02  λ=1.355990e+00  dt=8.035e-04  relΔE=1.007e-11  ||F||=1.101e-04
 step= 62000  E=9.825697613385e+01  Q=1.400000000000e+02  λ=1.355992e+00  dt=1.244e-03  relΔE=1.427e-11  ||F||=1.057e-04
 step= 62500  E=9.825697553093e+01  Q=1.400000000000e+02  λ=1.355993e+00  dt=9.626e-04  relΔE=1.013e-11  ||F||=1.016e-04
 step= 63000  E=9.825697495670e+01  Q=1.400000000000e+02  λ=1.355995e+00  dt=7.450e-04  relΔE=7.619e-12  ||F||=1.001e-04
 step= 63500  E=9.825697445782e+01  Q=1.400000000000e+02  λ=1.355996e+00  dt=1.153e-03  relΔE=1.019e-11  ||F||=9.367e-05
 step= 64000  E=9.825697398688e+01  Q=1.400000000000e+02  λ=1.355997e+00  dt=8.926e-04  relΔE=7.218e-12  ||F||=8.996e-05
 step= 64500  E=9.825697355037e+01  Q=1.400000000000e+02  λ=1.355998e+00  dt=1.382e-03  relΔE=1.020e-11  ||F||=9.129e-05
 step= 65000  E=9.825697316644e+01  Q=1.400000000000e+02  λ=1.356000e+00  dt=1.069e-03  relΔE=7.245e-12  ||F||=8.300e-05
 step= 65500  E=9.825697280369e+01  Q=1.400000000000e+02  λ=1.356001e+00  dt=8.276e-04  relΔE=5.130e-12  ||F||=7.972e-05
 step= 66000  E=9.825697247404e+01  Q=1.400000000000e+02  λ=1.356002e+00  dt=1.281e-03  relΔE=7.251e-12  ||F||=7.653e-05
 step= 66500  E=9.825697217815e+01  Q=1.400000000000e+02  λ=1.356003e+00  dt=9.916e-04  relΔE=5.136e-12  ||F||=7.355e-05
 step= 67000  E=9.825697189752e+01  Q=1.400000000000e+02  λ=1.356004e+00  dt=7.674e-04  relΔE=3.678e-12  ||F||=7.101e-05
 step= 67500  E=9.825697165130e+01  Q=1.400000000000e+02  λ=1.356005e+00  dt=1.188e-03  relΔE=5.130e-12  ||F||=6.784e-05
 step= 68000  E=9.825697142241e+01  Q=1.400000000000e+02  λ=1.356006e+00  dt=9.194e-04  relΔE=3.623e-12  ||F||=6.517e-05
 step= 68500  E=9.825697120837e+01  Q=1.400000000000e+02  λ=1.356007e+00  dt=1.423e-03  relΔE=4.602e-12  ||F||=1.938e-04
 step= 69000  E=9.825697102351e+01  Q=1.400000000000e+02  λ=1.356008e+00  dt=1.102e-03  relΔE=3.609e-12  ||F||=6.012e-05
 step= 69500  E=9.825697084870e+01  Q=1.400000000000e+02  λ=1.356009e+00  dt=8.525e-04  relΔE=2.543e-12  ||F||=5.774e-05
 step= 70000  E=9.825697068941e+01  Q=1.400000000000e+02  λ=1.356009e+00  dt=1.320e-03  relΔE=3.579e-12  ||F||=5.545e-05
 step= 70500  E=9.825697054824e+01  Q=1.400000000000e+02  λ=1.356010e+00  dt=1.021e-03  relΔE=2.524e-12  ||F||=5.328e-05
 step= 71000  E=9.825697041561e+01  Q=1.400000000000e+02  λ=1.356011e+00  dt=7.905e-04  relΔE=1.780e-12  ||F||=5.122e-05
 step= 71500  E=9.825697029782e+01  Q=1.400000000000e+02  λ=1.356012e+00  dt=1.224e-03  relΔE=2.494e-12  ||F||=4.914e-05
 step= 72000  E=9.825697019094e+01  Q=1.400000000000e+02  λ=1.356012e+00  dt=9.471e-04  relΔE=1.753e-12  ||F||=4.722e-05
 step= 72500  E=9.825697009054e+01  Q=1.400000000000e+02  λ=1.356013e+00  dt=7.330e-04  relΔE=1.367e-12  ||F||=4.733e-05
 step= 73000  E=9.825697000455e+01  Q=1.400000000000e+02  λ=1.356014e+00  dt=1.135e-03  relΔE=1.723e-12  ||F||=4.356e-05
 step= 73500  E=9.825696992392e+01  Q=1.400000000000e+02  λ=1.356014e+00  dt=8.782e-04  relΔE=1.206e-12  ||F||=4.184e-05
 step= 74000  E=9.825696985060e+01  Q=1.400000000000e+02  λ=1.356015e+00  dt=1.359e-03  relΔE=1.682e-12  ||F||=4.044e-05
 step= 74500  E=9.825696978659e+01  Q=1.400000000000e+02  λ=1.356015e+00  dt=1.052e-03  relΔE=1.177e-12  ||F||=3.861e-05
 step= 75000  E=9.825696972705e+01  Q=1.400000000000e+02  λ=1.356016e+00  dt=8.143e-04  relΔE=8.208e-13  ||F||=3.709e-05
 step= 75500  E=9.825696967404e+01  Q=1.400000000000e+02  λ=1.356016e+00  dt=1.260e-03  relΔE=1.141e-12  ||F||=3.560e-05
 step= 76000  E=9.825696962710e+01  Q=1.400000000000e+02  λ=1.356017e+00  dt=9.756e-04  relΔE=7.934e-13  ||F||=3.422e-05
 step= 76500  E=9.825696958337e+01  Q=1.400000000000e+02  λ=1.356017e+00  dt=7.550e-04  relΔE=5.590e-13  ||F||=3.301e-05
 step= 77000  E=9.825696954597e+01  Q=1.400000000000e+02  λ=1.356018e+00  dt=1.169e-03  relΔE=7.610e-13  ||F||=3.157e-05
 step= 77500  E=9.825696951175e+01  Q=1.400000000000e+02  λ=1.356018e+00  dt=9.046e-04  relΔE=5.246e-13  ||F||=3.032e-05
 step= 78000  E=9.825696948074e+01  Q=1.400000000000e+02  λ=1.356019e+00  dt=1.400e-03  relΔE=7.145e-13  ||F||=3.649e-05
 step= 78500  E=9.825696945447e+01  Q=1.400000000000e+02  λ=1.356019e+00  dt=1.084e-03  relΔE=4.967e-13  ||F||=2.798e-05
 step= 79000  E=9.825696943037e+01  Q=1.400000000000e+02  λ=1.356020e+00  dt=8.388e-04  relΔE=3.392e-13  ||F||=2.687e-05
 step= 79500  E=9.825696940995e+01  Q=1.400000000000e+02  λ=1.356020e+00  dt=1.082e-03  relΔE=3.866e-13  ||F||=2.584e-05
 step= 80000  E=9.825696939124e+01  Q=1.400000000000e+02  λ=1.356020e+00  dt=8.374e-04  relΔE=2.629e-13  ||F||=2.482e-05
 step= 80500  E=9.825696937550e+01  Q=1.400000000000e+02  λ=1.356021e+00  dt=1.080e-03  relΔE=2.959e-13  ||F||=2.387e-05
 step= 81000  E=9.825696936122e+01  Q=1.400000000000e+02  λ=1.356021e+00  dt=8.361e-04  relΔE=1.993e-13  ||F||=2.292e-05
 step= 81500  E=9.825696934891e+01  Q=1.400000000000e+02  λ=1.356021e+00  dt=1.294e-03  relΔE=2.650e-13  ||F||=2.201e-05
 step= 82000  E=9.825696933856e+01  Q=1.400000000000e+02  λ=1.356022e+00  dt=1.002e-03  relΔE=1.757e-13  ||F||=2.116e-05
 step= 82500  E=9.825696932943e+01  Q=1.400000000000e+02  λ=1.356022e+00  dt=7.752e-04  relΔE=1.157e-13  ||F||=2.034e-05
 step= 83000  E=9.825696932203e+01  Q=1.400000000000e+02  λ=1.356022e+00  dt=1.200e-03  relΔE=1.478e-13  ||F||=1.952e-05
 step= 83500  E=9.825696931580e+01  Q=1.400000000000e+02  λ=1.356022e+00  dt=9.288e-04  relΔE=9.415e-14  ||F||=1.875e-05
 step= 84000  E=9.825696931060e+01  Q=1.400000000000e+02  λ=1.356023e+00  dt=1.438e-03  relΔE=5.236e-14  ||F||=6.666e-05
 step= 84500  E=9.825696930669e+01  Q=1.400000000000e+02  λ=1.356023e+00  dt=1.113e-03  relΔE=7.130e-14  ||F||=1.730e-05
 step= 85000  E=9.825696930355e+01  Q=1.400000000000e+02  λ=1.356023e+00  dt=8.612e-04  relΔE=4.194e-14  ||F||=1.661e-05
 step= 85500  E=9.825696930128e+01  Q=1.400000000000e+02  λ=1.356023e+00  dt=1.333e-03  relΔE=4.498e-14  ||F||=1.595e-05
 step= 86000  E=9.825696929979e+01  Q=1.400000000000e+02  λ=1.356024e+00  dt=1.032e-03  relΔE=2.112e-14  ||F||=1.533e-05
 step= 86500  E=9.825696929893e+01  Q=1.400000000000e+02  λ=1.356024e+00  dt=7.986e-04  relΔE=7.231e-15  ||F||=1.472e-05
  !! dt è sceso sotto dt_min, mi fermo (stiffness).

Stationary candidate (aggressive): E=9.825696929869e+01, Q=1.400000000000e+02, maxρ=2.550040e-01

=== Stability test (damped inertial dynamics) ===
Perturb eps=0.02, gamma=1
t=0: E=1.051331098755e+02, Q=1.400000000000e+02, maxρ=2.642698e-01, σ=3.493755e+00, Rc=1.851788e+01
 step=     1  E=1.051330752476e+02  Q=1.400000000000e+02  λ=1.746703e+00  maxρ=2.642698e-01  minρ=1.000e-15  σ=3.493755e+00  Rc=1.851788e+01
 step=   300  E=1.037134834237e+02  Q=1.400000000000e+02  λ=1.642384e+00  maxρ=2.638216e-01  minρ=1.000e-15  σ=3.493752e+00  Rc=1.851788e+01
 step=   600  E=1.008604331319e+02  Q=1.400000000000e+02  λ=1.453720e+00  maxρ=2.625578e-01  minρ=1.000e-15  σ=3.493745e+00  Rc=1.851788e+01
 step=   900  E=9.919462796811e+01  Q=1.400000000000e+02  λ=1.394159e+00  maxρ=2.606884e-01  minρ=1.000e-15  σ=3.493745e+00  Rc=1.851788e+01
 step=  1200  E=9.983483699762e+01  Q=1.400000000000e+02  λ=1.503567e+00  maxρ=2.598304e-01  minρ=1.000e-15  σ=3.493750e+00  Rc=1.851788e+01
 step=  1500  E=1.015442349160e+02  Q=1.400000000000e+02  λ=1.621357e+00  maxρ=2.605683e-01  minρ=1.000e-15  σ=3.493752e+00  Rc=1.851787e+01
 step=  1800  E=1.024119746767e+02  Q=1.400000000000e+02  λ=1.606230e+00  maxρ=2.614032e-01  minρ=1.000e-15  σ=3.493748e+00  Rc=1.851787e+01
 step=  2100  E=1.018956873417e+02  Q=1.400000000000e+02  λ=1.503037e+00  maxρ=2.600736e-01  minρ=1.000e-15  σ=3.493742e+00  Rc=1.851787e+01
 step=  2400  E=1.009978579620e+02  Q=1.400000000000e+02  λ=1.456186e+00  maxρ=2.574372e-01  minρ=1.000e-15  σ=3.493743e+00  Rc=1.851787e+01
 step=  2700  E=1.007829970986e+02  Q=1.400000000000e+02  λ=1.512812e+00  maxρ=2.587314e-01  minρ=1.000e-15  σ=3.493749e+00  Rc=1.851787e+01
 step=  3000  E=1.012201872988e+02  Q=1.400000000000e+02  λ=1.579857e+00  maxρ=2.619813e-01  minρ=1.000e-15  σ=3.493752e+00  Rc=1.851787e+01
 step=  3300  E=1.015429146231e+02  Q=1.400000000000e+02  λ=1.566326e+00  maxρ=2.626546e-01  minρ=1.000e-15  σ=3.493747e+00  Rc=1.851787e+01
 step=  3600  E=1.013361885384e+02  Q=1.400000000000e+02  λ=1.499779e+00  maxρ=2.607055e-01  minρ=1.000e-15  σ=3.493741e+00  Rc=1.851788e+01
 step=  3900  E=1.009213421992e+02  Q=1.400000000000e+02  λ=1.470864e+00  maxρ=2.605755e-01  minρ=1.000e-15  σ=3.493742e+00  Rc=1.851787e+01
 step=  4200  E=1.007761336947e+02  Q=1.400000000000e+02  λ=1.505253e+00  maxρ=2.596703e-01  minρ=1.000e-15  σ=3.493747e+00  Rc=1.851787e+01
 step=  4500  E=1.009283975622e+02  Q=1.400000000000e+02  λ=1.541832e+00  maxρ=2.591121e-01  minρ=1.000e-15  σ=3.493751e+00  Rc=1.851787e+01
 step=  4800  E=1.010545310524e+02  Q=1.400000000000e+02  λ=1.528386e+00  maxρ=2.604080e-01  minρ=1.000e-15  σ=3.493748e+00  Rc=1.851787e+01
 step=  5100  E=1.009726954823e+02  Q=1.400000000000e+02  λ=1.489087e+00  maxρ=2.605231e-01  minρ=1.000e-15  σ=3.493742e+00  Rc=1.851787e+01
 step=  5400  E=1.008172270117e+02  Q=1.400000000000e+02  λ=1.478852e+00  maxρ=2.602172e-01  minρ=1.000e-15  σ=3.493740e+00  Rc=1.851786e+01
 step=  5700  E=1.007663907670e+02  Q=1.400000000000e+02  λ=1.504254e+00  maxρ=2.593298e-01  minρ=1.000e-15  σ=3.493742e+00  Rc=1.851786e+01
 step=  6000  E=1.007969823294e+02  Q=1.400000000000e+02  λ=1.522646e+00  maxρ=2.584597e-01  minρ=1.000e-15  σ=3.493744e+00  Rc=1.851786e+01
 >>> No runaway detected in this horizon. Likely stable (within this model & box).

STABILITY: PASS
