
=== Aggressive relaxation to Q = 593 ===
Initial: E=9.992414742837e+02, Q=5.930000000000e+02, dt=1.000e-04
 step=     1  E=9.992144671489e+02  Q=5.930000000000e+02  λ=3.292122e+00  dt=1.000e-04  relΔE=2.703e-05  ||F||=6.751e-01
 step=   500  E=9.662556002312e+02  Q=5.930000000000e+02  λ=3.176174e+00  dt=6.192e-04  relΔE=1.281e-04  ||F||=6.362e-01
 step=  1000  E=8.743915428713e+02  Q=5.930000000000e+02  λ=2.856480e+00  dt=9.584e-04  relΔE=1.590e-04  ||F||=5.419e-01
 step=  1500  E=8.012068487902e+02  Q=5.930000000000e+02  λ=2.605368e+00  dt=7.418e-04  relΔE=1.074e-04  ||F||=4.850e-01
 step=  2000  E=7.472155693754e+02  Q=5.930000000000e+02  λ=2.422217e+00  dt=1.148e-03  relΔE=1.348e-04  ||F||=4.214e-01
 step=  2500  E=7.024193531834e+02  Q=5.930000000000e+02  λ=2.271273e+00  dt=8.887e-04  relΔE=9.008e-05  ||F||=3.796e-01
 step=  3000  E=6.653049355043e+02  Q=5.930000000000e+02  λ=2.147188e+00  dt=1.376e-03  relΔE=1.215e-04  ||F||=3.632e-01
 step=  3500  E=6.354934050907e+02  Q=5.930000000000e+02  λ=2.047905e+00  dt=1.065e-03  relΔE=8.329e-05  ||F||=3.172e-01
 step=  4000  E=6.093134999808e+02  Q=5.930000000000e+02  λ=1.961148e+00  dt=8.241e-04  relΔE=5.739e-05  ||F||=2.931e-01
 step=  4500  E=5.870481892378e+02  Q=5.930000000000e+02  λ=1.887763e+00  dt=1.276e-03  relΔE=7.952e-05  ||F||=2.722e-01
 step=  5000  E=5.680068644517e+02  Q=5.930000000000e+02  λ=1.825162e+00  dt=9.873e-04  relΔE=5.574e-05  ||F||=2.548e-01
 step=  5500  E=5.506212036963e+02  Q=5.930000000000e+02  λ=1.768230e+00  dt=7.641e-04  relΔE=3.981e-05  ||F||=2.410e-01
 step=  6000  E=5.357461206566e+02  Q=5.930000000000e+02  λ=1.719755e+00  dt=1.183e-03  relΔE=5.628e-05  ||F||=2.271e-01
 step=  6500  E=5.220178069665e+02  Q=5.930000000000e+02  λ=1.675133e+00  dt=9.154e-04  relΔE=4.077e-05  ||F||=2.169e-01
 step=  7000  E=5.090945664646e+02  Q=5.930000000000e+02  λ=1.633415e+00  dt=1.417e-03  relΔE=5.792e-05  ||F||=4.552e-01
 step=  7500  E=4.976321309590e+02  Q=5.930000000000e+02  λ=1.596353e+00  dt=1.097e-03  relΔE=4.473e-05  ||F||=2.027e-01
 step=  8000  E=4.863597237678e+02  Q=5.930000000000e+02  λ=1.560058e+00  dt=8.488e-04  relΔE=3.385e-05  ||F||=1.981e-01
 step=  8500  E=4.755168604480e+02  Q=5.930000000000e+02  λ=1.525191e+00  dt=1.314e-03  relΔE=5.173e-05  ||F||=1.947e-01
 step=  9000  E=4.652800684797e+02  Q=5.930000000000e+02  λ=1.492130e+00  dt=1.017e-03  relΔE=3.976e-05  ||F||=1.919e-01
 step=  9500  E=4.549852398487e+02  Q=5.930000000000e+02  λ=1.458670e+00  dt=7.871e-04  relΔE=3.067e-05  ||F||=1.894e-01
 step= 10000  E=4.453044780001e+02  Q=5.930000000000e+02  λ=1.426922e+00  dt=1.218e-03  relΔE=4.642e-05  ||F||=1.853e-01
 step= 10500  E=4.360251381708e+02  Q=5.930000000000e+02  λ=1.396047e+00  dt=9.430e-04  relΔE=3.472e-05  ||F||=1.803e-01
 step= 11000  E=4.270431394676e+02  Q=5.930000000000e+02  λ=1.365706e+00  dt=7.298e-04  relΔE=3.221e-05  ||F||=2.742e-01
 step= 11500  E=4.193290684889e+02  Q=5.930000000000e+02  λ=1.339163e+00  dt=1.130e-03  relΔE=3.582e-05  ||F||=1.640e-01
 step= 12000  E=4.122631090371e+02  Q=5.930000000000e+02  λ=1.314379e+00  dt=8.744e-04  relΔE=2.444e-05  ||F||=1.527e-01
 step= 12500  E=4.062234891639e+02  Q=5.930000000000e+02  λ=1.292788e+00  dt=1.353e-03  relΔE=3.205e-05  ||F||=1.403e-01
 step= 13000  E=4.014047873887e+02  Q=5.930000000000e+02  λ=1.275169e+00  dt=1.048e-03  relΔE=2.038e-05  ||F||=1.257e-01
 step= 13500  E=3.974465390463e+02  Q=5.930000000000e+02  λ=1.260373e+00  dt=8.108e-04  relΔE=1.246e-05  ||F||=1.112e-01
 step= 14000  E=3.945482015302e+02  Q=5.930000000000e+02  λ=1.249286e+00  dt=1.046e-03  relΔE=1.244e-05  ||F||=9.746e-02
 step= 14500  E=3.922149604368e+02  Q=5.930000000000e+02  λ=1.240115e+00  dt=8.095e-04  relΔE=7.158e-06  ||F||=8.378e-02
 step= 15000  E=3.905445423772e+02  Q=5.930000000000e+02  λ=1.233354e+00  dt=1.253e-03  relΔE=8.046e-06  ||F||=7.124e-02
 step= 15500  E=3.893565769048e+02  Q=5.930000000000e+02  λ=1.228371e+00  dt=9.698e-04  relΔE=4.466e-06  ||F||=6.023e-02
 step= 16000  E=3.884858821676e+02  Q=5.930000000000e+02  λ=1.224570e+00  dt=7.506e-04  relΔE=2.469e-06  ||F||=5.087e-02
 step= 16500  E=3.879084430267e+02  Q=5.930000000000e+02  λ=1.221931e+00  dt=1.162e-03  relΔE=2.606e-06  ||F||=4.196e-02
 step= 17000  E=3.874977842765e+02  Q=5.930000000000e+02  λ=1.219947e+00  dt=8.992e-04  relΔE=1.383e-06  ||F||=3.472e-02
 step= 17500  E=3.872138151816e+02  Q=5.930000000000e+02  λ=1.218485e+00  dt=1.392e-03  relΔE=1.444e-06  ||F||=3.349e-02
 step= 18000  E=3.870291237742e+02  Q=5.930000000000e+02  λ=1.217460e+00  dt=1.077e-03  relΔE=7.659e-07  ||F||=2.358e-02
 step= 18500  E=3.868998697063e+02  Q=5.930000000000e+02  λ=1.216679e+00  dt=8.338e-04  relΔE=3.989e-07  ||F||=1.934e-02
 step= 19000  E=3.868133199039e+02  Q=5.930000000000e+02  λ=1.216102e+00  dt=1.291e-03  relΔE=4.143e-07  ||F||=1.583e-02
 step= 19500  E=3.867562720348e+02  Q=5.930000000000e+02  λ=1.215678e+00  dt=9.989e-04  relΔE=2.169e-07  ||F||=1.302e-02
 step= 20000  E=3.867165163205e+02  Q=5.930000000000e+02  λ=1.215344e+00  dt=7.731e-04  relΔE=1.133e-07  ||F||=1.069e-02
 step= 20500  E=3.866907580797e+02  Q=5.930000000000e+02  λ=1.215097e+00  dt=1.197e-03  relΔE=1.174e-07  ||F||=8.742e-03
 step= 21000  E=3.866730798811e+02  Q=5.930000000000e+02  λ=1.214900e+00  dt=9.263e-04  relΔE=6.147e-08  ||F||=7.184e-03
 step= 21500  E=3.866608193075e+02  Q=5.930000000000e+02  λ=1.214742e+00  dt=1.434e-03  relΔE=4.607e-08  ||F||=3.309e-02
 step= 22000  E=3.866529236986e+02  Q=5.930000000000e+02  λ=1.214622e+00  dt=1.110e-03  relΔE=3.420e-08  ||F||=4.886e-03
 step= 22500  E=3.866472775383e+02  Q=5.930000000000e+02  λ=1.214520e+00  dt=8.589e-04  relΔE=1.819e-08  ||F||=4.046e-03
 step= 23000  E=3.866433727122e+02  Q=5.930000000000e+02  λ=1.214438e+00  dt=1.329e-03  relΔE=1.953e-08  ||F||=3.368e-03
 step= 23500  E=3.866407142375e+02  Q=5.930000000000e+02  λ=1.214371e+00  dt=1.029e-03  relΔE=1.072e-08  ||F||=2.828e-03
 step= 24000  E=3.866387626470e+02  Q=5.930000000000e+02  λ=1.214313e+00  dt=7.964e-04  relΔE=5.919e-09  ||F||=2.385e-03
 step= 24500  E=3.866373889547e+02  Q=5.930000000000e+02  λ=1.214266e+00  dt=1.233e-03  relΔE=6.634e-09  ||F||=2.024e-03
 step= 25000  E=3.866363872167e+02  Q=5.930000000000e+02  λ=1.214226e+00  dt=9.541e-04  relΔE=3.796e-09  ||F||=1.736e-03
 step= 25500  E=3.866356159607e+02  Q=5.930000000000e+02  λ=1.214190e+00  dt=7.385e-04  relΔE=2.353e-09  ||F||=1.554e-03
 step= 26000  E=3.866350642219e+02  Q=5.930000000000e+02  λ=1.214161e+00  dt=1.143e-03  relΔE=2.596e-09  ||F||=1.304e-03
 step= 26500  E=3.866346253924e+02  Q=5.930000000000e+02  λ=1.214135e+00  dt=8.847e-04  relΔE=1.554e-09  ||F||=1.144e-03
 step= 27000  E=3.866342808654e+02  Q=5.930000000000e+02  λ=1.214112e+00  dt=1.369e-03  relΔE=1.884e-09  ||F||=1.026e-03
 step= 27500  E=3.866340174722e+02  Q=5.930000000000e+02  λ=1.214093e+00  dt=1.060e-03  relΔE=1.168e-09  ||F||=8.999e-04
 step= 28000  E=3.866337993920e+02  Q=5.930000000000e+02  λ=1.214076e+00  dt=8.203e-04  relΔE=7.281e-10  ||F||=8.051e-04
 step= 28500  E=3.866336243408e+02  Q=5.930000000000e+02  λ=1.214060e+00  dt=1.270e-03  relΔE=9.170e-10  ||F||=7.237e-04
 step= 29000  E=3.866334831415e+02  Q=5.930000000000e+02  λ=1.214047e+00  dt=9.828e-04  relΔE=5.850e-10  ||F||=6.548e-04
 step= 29500  E=3.866333622237e+02  Q=5.930000000000e+02  λ=1.214035e+00  dt=7.607e-04  relΔE=3.814e-10  ||F||=5.996e-04
 step= 30000  E=3.866332661767e+02  Q=5.930000000000e+02  λ=1.214024e+00  dt=1.177e-03  relΔE=4.833e-10  ||F||=5.398e-04
 step= 30500  E=3.866331839789e+02  Q=5.930000000000e+02  λ=1.214015e+00  dt=9.113e-04  relΔE=3.131e-10  ||F||=4.920e-04
 step= 31000  E=3.866331136783e+02  Q=5.930000000000e+02  λ=1.214006e+00  dt=1.411e-03  relΔE=3.973e-10  ||F||=8.775e-04
 step= 31500  E=3.866330573242e+02  Q=5.930000000000e+02  λ=1.213999e+00  dt=1.092e-03  relΔE=2.663e-10  ||F||=4.111e-04
 step= 32000  E=3.866330078960e+02  Q=5.930000000000e+02  λ=1.213991e+00  dt=8.450e-04  relΔE=1.743e-10  ||F||=3.763e-04
 step= 32500  E=3.866329661470e+02  Q=5.930000000000e+02  λ=1.213985e+00  dt=1.308e-03  relΔE=2.285e-10  ||F||=3.447e-04
 step= 33000  E=3.866329315213e+02  Q=5.930000000000e+02  λ=1.213980e+00  dt=1.012e-03  relΔE=1.508e-10  ||F||=3.165e-04
 step= 33500  E=3.866329009855e+02  Q=5.930000000000e+02  λ=1.213974e+00  dt=7.835e-04  relΔE=9.972e-11  ||F||=2.911e-04
 step= 34000  E=3.866328757272e+02  Q=5.930000000000e+02  λ=1.213970e+00  dt=1.213e-03  relΔE=1.312e-10  ||F||=2.666e-04
 step= 34500  E=3.866328539644e+02  Q=5.930000000000e+02  λ=1.213965e+00  dt=9.387e-04  relΔE=8.680e-11  ||F||=2.449e-04
 step= 35000  E=3.866328347915e+02  Q=5.930000000000e+02  λ=1.213962e+00  dt=7.265e-04  relΔE=7.170e-11  ||F||=3.629e-04
 step= 35500  E=3.866328192871e+02  Q=5.930000000000e+02  λ=1.213958e+00  dt=1.125e-03  relΔE=7.626e-11  ||F||=2.068e-04
 step= 36000  E=3.866328054573e+02  Q=5.930000000000e+02  λ=1.213955e+00  dt=8.704e-04  relΔE=5.061e-11  ||F||=1.900e-04
 step= 36500  E=3.866327935806e+02  Q=5.930000000000e+02  λ=1.213952e+00  dt=1.347e-03  relΔE=6.717e-11  ||F||=1.750e-04
 step= 37000  E=3.866327839071e+02  Q=5.930000000000e+02  λ=1.213949e+00  dt=8.690e-04  relΔE=3.753e-11  ||F||=1.609e-04
 step= 37500  E=3.866327749960e+02  Q=5.930000000000e+02  λ=1.213947e+00  dt=1.345e-03  relΔE=4.991e-11  ||F||=1.481e-04
 step= 38000  E=3.866327677883e+02  Q=5.930000000000e+02  λ=1.213945e+00  dt=8.676e-04  relΔE=2.796e-11  ||F||=1.363e-04
 step= 38500  E=3.866327611317e+02  Q=5.930000000000e+02  λ=1.213943e+00  dt=1.343e-03  relΔE=3.729e-11  ||F||=1.254e-04
 step= 39000  E=3.866327555762e+02  Q=5.930000000000e+02  λ=1.213941e+00  dt=1.039e-03  relΔE=2.503e-11  ||F||=1.152e-04
 step= 39500  E=3.866327506291e+02  Q=5.930000000000e+02  λ=1.213939e+00  dt=8.045e-04  relΔE=1.680e-11  ||F||=1.060e-04
 step= 40000  E=3.866327463968e+02  Q=5.930000000000e+02  λ=1.213937e+00  dt=1.245e-03  relΔE=2.252e-11  ||F||=9.728e-05
 step= 40500  E=3.866327427531e+02  Q=5.930000000000e+02  λ=1.213936e+00  dt=9.638e-04  relΔE=1.517e-11  ||F||=8.952e-05
 step= 41000  E=3.866327394642e+02  Q=5.930000000000e+02  λ=1.213935e+00  dt=7.460e-04  relΔE=1.071e-11  ||F||=8.553e-05
 step= 41500  E=3.866327367440e+02  Q=5.930000000000e+02  λ=1.213933e+00  dt=1.155e-03  relΔE=1.380e-11  ||F||=7.566e-05
 step= 42000  E=3.866327342922e+02  Q=5.930000000000e+02  λ=1.213932e+00  dt=8.937e-04  relΔE=9.323e-12  ||F||=6.954e-05
 step= 42500  E=3.866327321264e+02  Q=5.930000000000e+02  λ=1.213931e+00  dt=1.383e-03  relΔE=1.258e-11  ||F||=7.180e-05
 step= 43000  E=3.866327303034e+02  Q=5.930000000000e+02  λ=1.213930e+00  dt=1.071e-03  relΔE=8.570e-12  ||F||=5.880e-05
 step= 43500  E=3.866327286513e+02  Q=5.930000000000e+02  λ=1.213930e+00  dt=8.287e-04  relΔE=5.823e-12  ||F||=5.406e-05
 step= 44000  E=3.866327272072e+02  Q=5.930000000000e+02  λ=1.213929e+00  dt=1.283e-03  relΔE=7.917e-12  ||F||=4.965e-05
 step= 44500  E=3.866327259602e+02  Q=5.930000000000e+02  λ=1.213928e+00  dt=9.928e-04  relΔE=5.410e-12  ||F||=4.570e-05
 step= 45000  E=3.866327248189e+02  Q=5.930000000000e+02  λ=1.213927e+00  dt=7.684e-04  relΔE=3.731e-12  ||F||=4.250e-05
 step= 45500  E=3.866327238488e+02  Q=5.930000000000e+02  λ=1.213927e+00  dt=1.189e-03  relΔE=5.056e-12  ||F||=3.861e-05
 step= 46000  E=3.866327229764e+02  Q=5.930000000000e+02  λ=1.213926e+00  dt=9.206e-04  relΔE=3.467e-12  ||F||=3.551e-05
 step= 46500  E=3.866327221827e+02  Q=5.930000000000e+02  λ=1.213926e+00  dt=1.425e-03  relΔE=4.408e-12  ||F||=1.484e-04
 step= 47000  E=3.866327215150e+02  Q=5.930000000000e+02  λ=1.213925e+00  dt=1.103e-03  relΔE=3.278e-12  ||F||=3.002e-05
 step= 47500  E=3.866327208976e+02  Q=5.930000000000e+02  λ=1.213925e+00  dt=8.536e-04  relΔE=2.257e-12  ||F||=2.760e-05
 step= 48000  E=3.866327203484e+02  Q=5.930000000000e+02  λ=1.213924e+00  dt=1.321e-03  relΔE=3.112e-12  ||F||=2.537e-05
 step= 48500  E=3.866327198705e+02  Q=5.930000000000e+02  λ=1.213924e+00  dt=1.023e-03  relΔE=2.155e-12  ||F||=2.333e-05
 step= 49000  E=3.866327194283e+02  Q=5.930000000000e+02  λ=1.213924e+00  dt=7.915e-04  relΔE=1.497e-12  ||F||=2.157e-05
 step= 49500  E=3.866327190419e+02  Q=5.930000000000e+02  λ=1.213923e+00  dt=1.225e-03  relΔE=2.069e-12  ||F||=1.970e-05
 step= 50000  E=3.866327186953e+02  Q=5.930000000000e+02  λ=1.213923e+00  dt=9.483e-04  relΔE=1.438e-12  ||F||=1.813e-05
 step= 50500  E=3.866327183727e+02  Q=5.930000000000e+02  λ=1.213923e+00  dt=7.339e-04  relΔE=1.142e-12  ||F||=2.135e-05
 step= 51000  E=3.866327180986e+02  Q=5.930000000000e+02  λ=1.213923e+00  dt=1.136e-03  relΔE=1.393e-12  ||F||=1.532e-05
 step= 51500  E=3.866327178425e+02  Q=5.930000000000e+02  λ=1.213922e+00  dt=8.793e-04  relΔE=9.714e-13  ||F||=1.409e-05
 step= 52000  E=3.866327176106e+02  Q=5.930000000000e+02  λ=1.213922e+00  dt=1.361e-03  relΔE=1.354e-12  ||F||=1.370e-05
 step= 52500  E=3.866327174080e+02  Q=5.930000000000e+02  λ=1.213922e+00  dt=1.053e-03  relΔE=9.487e-13  ||F||=1.191e-05
 step= 53000  E=3.866327172193e+02  Q=5.930000000000e+02  λ=1.213922e+00  dt=8.153e-04  relΔE=6.641e-13  ||F||=1.097e-05
 step= 53500  E=3.866327170499e+02  Q=5.930000000000e+02  λ=1.213922e+00  dt=1.262e-03  relΔE=9.298e-13  ||F||=1.005e-05
 step= 54000  E=3.866327168989e+02  Q=5.930000000000e+02  λ=1.213921e+00  dt=9.768e-04  relΔE=6.532e-13  ||F||=9.254e-06
 step= 54500  E=3.866327167565e+02  Q=5.930000000000e+02  λ=1.213921e+00  dt=7.560e-04  relΔE=4.705e-13  ||F||=9.259e-06
 step= 55000  E=3.866327166333e+02  Q=5.930000000000e+02  λ=1.213921e+00  dt=1.170e-03  relΔE=6.442e-13  ||F||=7.819e-06
 step= 55500  E=3.866327165184e+02  Q=5.930000000000e+02  λ=1.213921e+00  dt=9.057e-04  relΔE=4.527e-13  ||F||=7.191e-06
 step= 56000  E=3.866327164121e+02  Q=5.930000000000e+02  λ=1.213921e+00  dt=1.402e-03  relΔE=6.293e-13  ||F||=2.311e-05
 step= 56500  E=3.866327163218e+02  Q=5.930000000000e+02  λ=1.213921e+00  dt=9.043e-04  relΔE=3.751e-13  ||F||=6.094e-06
 step= 57000  E=3.866327162337e+02  Q=5.930000000000e+02  λ=1.213921e+00  dt=1.400e-03  relΔE=5.250e-13  ||F||=1.454e-05
 step= 57500  E=3.866327161569e+02  Q=5.930000000000e+02  λ=1.213921e+00  dt=1.083e-03  relΔE=3.737e-13  ||F||=5.147e-06
 step= 58000  E=3.866327160845e+02  Q=5.930000000000e+02  λ=1.213921e+00  dt=8.385e-04  relΔE=2.641e-13  ||F||=4.744e-06
 step= 58500  E=3.866327160186e+02  Q=5.930000000000e+02  λ=1.213921e+00  dt=1.298e-03  relΔE=3.712e-13  ||F||=4.348e-06
 step= 59000  E=3.866327159598e+02  Q=5.930000000000e+02  λ=1.213920e+00  dt=1.005e-03  relΔE=2.629e-13  ||F||=4.000e-06
 step= 59500  E=3.866327159041e+02  Q=5.930000000000e+02  λ=1.213920e+00  dt=7.775e-04  relΔE=1.873e-13  ||F||=3.878e-06
 step= 60000  E=3.866327158549e+02  Q=5.930000000000e+02  λ=1.213920e+00  dt=1.203e-03  relΔE=2.632e-13  ||F||=3.379e-06
 step= 60500  E=3.866327158094e+02  Q=5.930000000000e+02  λ=1.213920e+00  dt=9.315e-04  relΔE=1.867e-13  ||F||=3.109e-06
 step= 61000  E=3.866327157666e+02  Q=5.930000000000e+02  λ=1.213920e+00  dt=1.442e-03  relΔE=1.429e-13  ||F||=8.349e-05
 step= 61500  E=3.866327157295e+02  Q=5.930000000000e+02  λ=1.213920e+00  dt=1.116e-03  relΔE=1.864e-13  ||F||=2.627e-06
 step= 62000  E=3.866327156943e+02  Q=5.930000000000e+02  λ=1.213920e+00  dt=8.637e-04  relΔE=1.322e-13  ||F||=2.424e-06
 step= 62500  E=3.866327156620e+02  Q=5.930000000000e+02  λ=1.213920e+00  dt=1.337e-03  relΔE=1.872e-13  ||F||=2.280e-06
 step= 63000  E=3.866327156332e+02  Q=5.930000000000e+02  λ=1.213920e+00  dt=1.035e-03  relΔE=1.332e-13  ||F||=2.041e-06
 step= 63500  E=3.866327156060e+02  Q=5.930000000000e+02  λ=1.213920e+00  dt=8.009e-04  relΔE=9.439e-14  ||F||=1.937e-06
 step= 64000  E=3.866327155815e+02  Q=5.930000000000e+02  λ=1.213920e+00  dt=1.240e-03  relΔE=1.335e-13  ||F||=1.724e-06
 step= 64500  E=3.866327155592e+02  Q=5.930000000000e+02  λ=1.213920e+00  dt=9.595e-04  relΔE=9.498e-14  ||F||=1.587e-06
 step= 65000  E=3.866327155380e+02  Q=5.930000000000e+02  λ=1.213920e+00  dt=7.426e-04  relΔE=7.204e-14  ||F||=2.774e-06
 step= 65500  E=3.866327155196e+02  Q=5.930000000000e+02  λ=1.213920e+00  dt=1.149e-03  relΔE=9.556e-14  ||F||=1.340e-06
 step= 66000  E=3.866327155021e+02  Q=5.930000000000e+02  λ=1.213920e+00  dt=8.897e-04  relΔE=6.778e-14  ||F||=1.239e-06
 step= 66500  E=3.866327154859e+02  Q=5.930000000000e+02  λ=1.213920e+00  dt=1.377e-03  relΔE=9.586e-14  ||F||=2.240e-06
 step= 67000  E=3.866327154716e+02  Q=5.930000000000e+02  λ=1.213920e+00  dt=1.066e-03  relΔE=6.837e-14  ||F||=1.042e-06
 step= 67500  E=3.866327154581e+02  Q=5.930000000000e+02  λ=1.213920e+00  dt=8.250e-04  relΔE=4.837e-14  ||F||=9.980e-07
 step= 68000  E=3.866327154457e+02  Q=5.930000000000e+02  λ=1.213920e+00  dt=1.277e-03  relΔE=6.895e-14  ||F||=8.801e-07
 step= 68500  E=3.866327154346e+02  Q=5.930000000000e+02  λ=1.213920e+00  dt=9.883e-04  relΔE=4.940e-14  ||F||=8.098e-07
 step= 69000  E=3.866327154240e+02  Q=5.930000000000e+02  λ=1.213920e+00  dt=7.649e-04  relΔE=3.529e-14  ||F||=1.113e-06
 step= 69500  E=3.866327154146e+02  Q=5.930000000000e+02  λ=1.213920e+00  dt=1.184e-03  relΔE=4.969e-14  ||F||=6.839e-07
 step= 70000  E=3.866327154059e+02  Q=5.930000000000e+02  λ=1.213920e+00  dt=9.164e-04  relΔE=3.543e-14  ||F||=6.316e-07
 step= 70500  E=3.866327153976e+02  Q=5.930000000000e+02  λ=1.213920e+00  dt=1.419e-03  relΔE=4.705e-14  ||F||=1.378e-05
 step= 71000  E=3.866327153905e+02  Q=5.930000000000e+02  λ=1.213920e+00  dt=1.098e-03  relΔE=3.602e-14  ||F||=5.316e-07
 step= 71500  E=3.866327153836e+02  Q=5.930000000000e+02  λ=1.213920e+00  dt=8.498e-04  relΔE=2.514e-14  ||F||=4.989e-07
 step= 72000  E=3.866327153774e+02  Q=5.930000000000e+02  λ=1.213920e+00  dt=1.315e-03  relΔE=3.573e-14  ||F||=4.595e-07
 step= 72500  E=3.866327153717e+02  Q=5.930000000000e+02  λ=1.213920e+00  dt=1.018e-03  relΔE=2.543e-14  ||F||=4.132e-07
 step= 73000  E=3.866327153664e+02  Q=5.930000000000e+02  λ=1.213920e+00  dt=7.879e-04  relΔE=1.838e-14  ||F||=4.627e-07
 step= 73500  E=3.866327153616e+02  Q=5.930000000000e+02  λ=1.213920e+00  dt=1.220e-03  relΔE=2.602e-14  ||F||=3.489e-07
 step= 74000  E=3.866327153572e+02  Q=5.930000000000e+02  λ=1.213920e+00  dt=9.440e-04  relΔE=1.867e-14  ||F||=3.222e-07
 step= 74500  E=3.866327153530e+02  Q=5.930000000000e+02  λ=1.213920e+00  dt=7.306e-04  relΔE=1.500e-14  ||F||=1.753e-06
 step= 75000  E=3.866327153494e+02  Q=5.930000000000e+02  λ=1.213920e+00  dt=1.131e-03  relΔE=1.867e-14  ||F||=2.713e-07
 step= 75500  E=3.866327153459e+02  Q=5.930000000000e+02  λ=1.213920e+00  dt=8.753e-04  relΔE=1.367e-14  ||F||=2.615e-07
 step= 76000  E=3.866327153427e+02  Q=5.930000000000e+02  λ=1.213920e+00  dt=1.355e-03  relΔE=1.867e-14  ||F||=4.150e-07
 step= 76500  E=3.866327153399e+02  Q=5.930000000000e+02  λ=1.213920e+00  dt=1.049e-03  relΔE=1.338e-14  ||F||=2.109e-07
 step= 77000  E=3.866327153372e+02  Q=5.930000000000e+02  λ=1.213920e+00  dt=8.116e-04  relΔE=9.850e-15  ||F||=2.561e-07
 step= 77500  E=3.866327153347e+02  Q=5.930000000000e+02  λ=1.213920e+00  dt=1.256e-03  relΔE=1.367e-14  ||F||=1.783e-07
 step= 78000  E=3.866327153325e+02  Q=5.930000000000e+02  λ=1.213920e+00  dt=9.724e-04  relΔE=9.556e-15  ||F||=1.643e-07
 step= 78500  E=3.866327153304e+02  Q=5.930000000000e+02  λ=1.213920e+00  dt=7.526e-04  relΔE=7.057e-15  ||F||=4.518e-07
 step= 79000  E=3.866327153285e+02  Q=5.930000000000e+02  λ=1.213920e+00  dt=1.165e-03  relΔE=9.556e-15  ||F||=1.385e-07
 step= 79500  E=3.866327153267e+02  Q=5.930000000000e+02  λ=1.213920e+00  dt=9.017e-04  relΔE=7.057e-15  ||F||=1.308e-07
 step= 80000  E=3.866327153251e+02  Q=5.930000000000e+02  λ=1.213920e+00  dt=1.396e-03  relΔE=9.997e-15  ||F||=1.653e-06
 step= 80500  E=3.866327153237e+02  Q=5.930000000000e+02  λ=1.213920e+00  dt=9.002e-04  relΔE=6.616e-15  ||F||=1.097e-07
 step= 81000  E=3.866327153223e+02  Q=5.930000000000e+02  λ=1.213920e+00  dt=1.393e-03  relΔE=8.233e-15  ||F||=1.607e-06
 step= 81500  E=3.866327153211e+02  Q=5.930000000000e+02  λ=1.213920e+00  dt=1.078e-03  relΔE=6.175e-15  ||F||=9.121e-08
 step= 82000  E=3.866327153199e+02  Q=5.930000000000e+02  λ=1.213920e+00  dt=8.347e-04  relΔE=4.411e-15  ||F||=1.008e-07
 step= 82500  E=3.866327153189e+02  Q=5.930000000000e+02  λ=1.213920e+00  dt=1.292e-03  relΔE=5.881e-15  ||F||=7.925e-08
 step= 83000  E=3.866327153179e+02  Q=5.930000000000e+02  λ=1.213920e+00  dt=1.000e-03  relΔE=4.411e-15  ||F||=7.114e-08
 step= 83500  E=3.866327153170e+02  Q=5.930000000000e+02  λ=1.213920e+00  dt=7.740e-04  relΔE=3.087e-15  ||F||=1.967e-07
 step= 84000  E=3.866327153162e+02  Q=5.930000000000e+02  λ=1.213920e+00  dt=1.198e-03  relΔE=4.117e-15  ||F||=5.984e-08
 step= 84500  E=3.866327153154e+02  Q=5.930000000000e+02  λ=1.213920e+00  dt=9.273e-04  relΔE=3.234e-15  ||F||=5.694e-08
 step= 85000  E=3.866327153147e+02  Q=5.930000000000e+02  λ=1.213920e+00  dt=1.435e-03  relΔE=2.940e-15  ||F||=8.769e-06
 Converged (aggressive): step=85099, E=3.866327153146e+02, Q=5.930000000000e+02, dt=8.612e-04, ||F||=4.998e-08

Stationary candidate (aggressive): E=3.866327153146e+02, Q=5.930000000000e+02, maxρ=6.391758e-01

=== Stability test (damped inertial dynamics) ===
Perturb eps=0.02, gamma=1
t=0: E=4.155163771370e+02, Q=5.930000000000e+02, maxρ=6.595099e-01, σ=2.608074e+00, Rc=1.865794e+01
 step=     1  E=4.155162321333e+02  Q=5.930000000000e+02  λ=1.599678e+00  maxρ=6.595099e-01  minρ=1.000e-15  σ=2.608074e+00  Rc=1.865794e+01
 step=   300  E=4.095703469709e+02  Q=5.930000000000e+02  λ=1.497012e+00  maxρ=6.583913e-01  minρ=1.000e-15  σ=2.608071e+00  Rc=1.865794e+01
 step=   600  E=3.976077305562e+02  Q=5.930000000000e+02  λ=1.311036e+00  maxρ=6.552374e-01  minρ=1.000e-15  σ=2.608065e+00  Rc=1.865794e+01
 step=   900  E=3.905938548697e+02  Q=5.930000000000e+02  λ=1.251597e+00  maxρ=6.505728e-01  minρ=1.000e-15  σ=2.608064e+00  Rc=1.865794e+01
 step=  1200  E=3.932389415949e+02  Q=5.930000000000e+02  λ=1.358628e+00  maxρ=6.483877e-01  minρ=1.000e-15  σ=2.608067e+00  Rc=1.865794e+01
 step=  1500  E=4.004001228729e+02  Q=5.930000000000e+02  λ=1.474994e+00  maxρ=6.522322e-01  minρ=1.000e-15  σ=2.608068e+00  Rc=1.865793e+01
 step=  1800  E=4.040710544681e+02  Q=5.930000000000e+02  λ=1.461306e+00  maxρ=6.543207e-01  minρ=1.000e-15  σ=2.608066e+00  Rc=1.865793e+01
 step=  2100  E=4.019333007139e+02  Q=5.930000000000e+02  λ=1.360246e+00  maxρ=6.509910e-01  minρ=1.000e-15  σ=2.608062e+00  Rc=1.865793e+01
 step=  2400  E=3.981558669328e+02  Q=5.930000000000e+02  λ=1.313195e+00  maxρ=6.445717e-01  minρ=1.000e-15  σ=2.608062e+00  Rc=1.865793e+01
 step=  2700  E=3.972274607945e+02  Q=5.930000000000e+02  λ=1.367684e+00  maxρ=6.461824e-01  minρ=1.000e-15  σ=2.608066e+00  Rc=1.865793e+01
 step=  3000  E=3.990689038144e+02  Q=5.930000000000e+02  λ=1.433796e+00  maxρ=6.542973e-01  minρ=1.000e-15  σ=2.608066e+00  Rc=1.865793e+01
 step=  3300  E=4.004676149494e+02  Q=5.930000000000e+02  λ=1.421941e+00  maxρ=6.559753e-01  minρ=1.000e-15  σ=2.608062e+00  Rc=1.865793e+01
 step=  3600  E=3.996268803199e+02  Q=5.930000000000e+02  λ=1.357420e+00  maxρ=6.531458e-01  minρ=1.000e-15  σ=2.608058e+00  Rc=1.865793e+01
 step=  3900  E=3.978538101972e+02  Q=5.930000000000e+02  λ=1.328161e+00  maxρ=6.531513e-01  minρ=1.000e-15  σ=2.608058e+00  Rc=1.865793e+01
 step=  4200  E=3.971869066387e+02  Q=5.930000000000e+02  λ=1.360381e+00  maxρ=6.508843e-01  minρ=1.000e-15  σ=2.608062e+00  Rc=1.865792e+01
 step=  4500  E=3.978138876845e+02  Q=5.930000000000e+02  λ=1.395924e+00  maxρ=6.491534e-01  minρ=1.000e-15  σ=2.608063e+00  Rc=1.865792e+01
 step=  4800  E=3.983936275488e+02  Q=5.930000000000e+02  λ=1.383890e+00  maxρ=6.518225e-01  minρ=1.000e-15  σ=2.608059e+00  Rc=1.865792e+01
 step=  5100  E=3.981004815518e+02  Q=5.930000000000e+02  λ=1.346483e+00  maxρ=6.527219e-01  minρ=1.000e-15  σ=2.608054e+00  Rc=1.865792e+01
 step=  5400  E=3.974327812334e+02  Q=5.930000000000e+02  λ=1.336172e+00  maxρ=6.519587e-01  minρ=1.000e-15  σ=2.608052e+00  Rc=1.865792e+01
 step=  5700  E=3.971534174523e+02  Q=5.930000000000e+02  λ=1.359810e+00  maxρ=6.497392e-01  minρ=1.000e-15  σ=2.608054e+00  Rc=1.865791e+01
 step=  6000  E=3.972454367790e+02  Q=5.930000000000e+02  λ=1.377165e+00  maxρ=6.475896e-01  minρ=1.000e-15  σ=2.608055e+00  Rc=1.865791e+01
 >>> No runaway detected in this horizon. Likely stable (within this model & box).

STABILITY: PASS
