
=== Aggressive relaxation to Q = 90 ===
Initial: E=1.594643224038e+02, Q=9.000000000000e+01, dt=1.000e-04
 step=     1  E=1.594602379117e+02  Q=9.000000000000e+01  λ=3.463934e+00  dt=1.000e-04  relΔE=2.561e-05  ||F||=6.739e-01
 step=   500  E=1.544344277966e+02  Q=9.000000000000e+01  λ=3.354491e+00  dt=6.192e-04  relΔE=1.231e-04  ||F||=6.401e-01
 step=  1000  E=1.400767958121e+02  Q=9.000000000000e+01  λ=3.041727e+00  dt=9.584e-04  relΔE=1.580e-04  ||F||=5.551e-01
 step=  1500  E=1.282835451684e+02  Q=9.000000000000e+01  λ=2.785198e+00  dt=7.418e-04  relΔE=1.099e-04  ||F||=5.042e-01
 step=  2000  E=1.194244059157e+02  Q=9.000000000000e+01  λ=2.592952e+00  dt=1.148e-03  relΔE=1.392e-04  ||F||=4.395e-01
 step=  2500  E=1.119981867847e+02  Q=9.000000000000e+01  λ=2.431808e+00  dt=8.887e-04  relΔE=9.401e-05  ||F||=3.975e-01
 step=  3000  E=1.058074964725e+02  Q=9.000000000000e+01  λ=2.297791e+00  dt=1.376e-03  relΔE=1.277e-04  ||F||=3.830e-01
 step=  3500  E=1.008177984514e+02  Q=9.000000000000e+01  λ=2.189707e+00  dt=1.065e-03  relΔE=8.797e-05  ||F||=3.333e-01
 step=  4000  E=9.643300164612e+01  Q=9.000000000000e+01  λ=2.094837e+00  dt=8.241e-04  relΔE=6.083e-05  ||F||=3.081e-01
 step=  4500  E=9.268605078666e+01  Q=9.000000000000e+01  λ=2.013934e+00  dt=1.276e-03  relΔE=8.474e-05  ||F||=2.866e-01
 step=  5000  E=8.948014775897e+01  Q=9.000000000000e+01  λ=1.944681e+00  dt=9.873e-04  relΔE=5.984e-05  ||F||=2.689e-01
 step=  5500  E=8.652308385414e+01  Q=9.000000000000e+01  λ=1.880881e+00  dt=7.641e-04  relΔE=4.347e-05  ||F||=2.562e-01
 step=  6000  E=8.396227562682e+01  Q=9.000000000000e+01  λ=1.825749e+00  dt=1.183e-03  relΔE=6.236e-05  ||F||=2.430e-01
 step=  6500  E=8.155460547356e+01  Q=9.000000000000e+01  λ=1.773905e+00  dt=9.154e-04  relΔE=4.626e-05  ||F||=2.344e-01
 step=  7000  E=7.923998325386e+01  Q=9.000000000000e+01  λ=1.724240e+00  dt=1.417e-03  relΔE=6.726e-05  ||F||=4.976e-01
 step=  7500  E=7.715744362228e+01  Q=9.000000000000e+01  λ=1.679300e+00  dt=1.097e-03  relΔE=5.254e-05  ||F||=2.220e-01
 step=  8000  E=7.511308353452e+01  Q=9.000000000000e+01  λ=1.635163e+00  dt=8.488e-04  relΔE=3.940e-05  ||F||=2.156e-01
 step=  8500  E=7.319896697616e+01  Q=9.000000000000e+01  λ=1.593687e+00  dt=1.314e-03  relΔE=5.792e-05  ||F||=2.075e-01
 step=  9000  E=7.149228564399e+01  Q=9.000000000000e+01  λ=1.556390e+00  dt=1.017e-03  relΔE=4.148e-05  ||F||=1.972e-01
 step=  9500  E=6.992473795037e+01  Q=9.000000000000e+01  λ=1.521821e+00  dt=7.871e-04  relΔE=2.875e-05  ||F||=1.846e-01
 step= 10000  E=6.861356315874e+01  Q=9.000000000000e+01  λ=1.492616e+00  dt=1.218e-03  relΔE=3.815e-05  ||F||=1.693e-01
 step= 10500  E=6.751927916623e+01  Q=9.000000000000e+01  λ=1.467905e+00  dt=9.430e-04  relΔE=2.451e-05  ||F||=1.530e-01
 step= 11000  E=6.661185148852e+01  Q=9.000000000000e+01  λ=1.447137e+00  dt=7.298e-04  relΔE=1.839e-05  ||F||=1.631e-01
 step= 11500  E=6.594357177752e+01  Q=9.000000000000e+01  λ=1.431621e+00  dt=1.130e-03  relΔE=1.829e-05  ||F||=1.193e-01
 step= 12000  E=6.541488506154e+01  Q=9.000000000000e+01  λ=1.419142e+00  dt=8.744e-04  relΔE=1.071e-05  ||F||=1.034e-01
 step= 12500  E=6.502039277107e+01  Q=9.000000000000e+01  λ=1.409680e+00  dt=1.353e-03  relΔE=1.226e-05  ||F||=8.926e-02
 step= 13000  E=6.474027221296e+01  Q=9.000000000000e+01  λ=1.402828e+00  dt=1.048e-03  relΔE=6.972e-06  ||F||=7.580e-02
 step= 13500  E=6.453107560099e+01  Q=9.000000000000e+01  λ=1.397612e+00  dt=8.108e-04  relΔE=3.884e-06  ||F||=6.421e-02
 step= 14000  E=6.438313356303e+01  Q=9.000000000000e+01  λ=1.393850e+00  dt=1.255e-03  relΔE=4.288e-06  ||F||=5.416e-02
 step= 14500  E=6.427932189187e+01  Q=9.000000000000e+01  λ=1.391148e+00  dt=9.713e-04  relΔE=2.368e-06  ||F||=4.571e-02
 step= 15000  E=6.420298418854e+01  Q=9.000000000000e+01  λ=1.389116e+00  dt=7.518e-04  relΔE=1.336e-06  ||F||=3.902e-02
 step= 15500  E=6.415167706589e+01  Q=9.000000000000e+01  λ=1.387720e+00  dt=1.164e-03  relΔE=1.417e-06  ||F||=3.227e-02
 step= 16000  E=6.411434601241e+01  Q=9.000000000000e+01  λ=1.386682e+00  dt=9.007e-04  relΔE=7.755e-07  ||F||=2.713e-02
 step= 16500  E=6.408753932747e+01  Q=9.000000000000e+01  λ=1.385923e+00  dt=1.394e-03  relΔE=8.441e-07  ||F||=2.700e-02
 step= 17000  E=6.406927748174e+01  Q=9.000000000000e+01  λ=1.385399e+00  dt=1.079e-03  relΔE=4.722e-07  ||F||=1.933e-02
 step= 17500  E=6.405569313085e+01  Q=9.000000000000e+01  λ=1.385007e+00  dt=8.352e-04  relΔE=2.631e-07  ||F||=1.640e-02
 step= 18000  E=6.404589164838e+01  Q=9.000000000000e+01  λ=1.384728e+00  dt=1.293e-03  relΔE=2.967e-07  ||F||=1.400e-02
 step= 18500  E=6.403882959435e+01  Q=9.000000000000e+01  λ=1.384531e+00  dt=1.001e-03  relΔE=1.711e-07  ||F||=1.208e-02
 step= 19000  E=6.403335234712e+01  Q=9.000000000000e+01  λ=1.384387e+00  dt=7.744e-04  relΔE=1.005e-07  ||F||=1.053e-02
 step= 19500  E=6.402932827498e+01  Q=9.000000000000e+01  λ=1.384290e+00  dt=1.199e-03  relΔE=1.192e-07  ||F||=9.211e-03
 step= 20000  E=6.402614121567e+01  Q=9.000000000000e+01  λ=1.384223e+00  dt=9.278e-04  relΔE=7.277e-08  ||F||=8.181e-03
 step= 20500  E=6.402353393080e+01  Q=9.000000000000e+01  λ=1.384179e+00  dt=1.436e-03  relΔE=6.612e-08  ||F||=4.017e-02
 step= 21000  E=6.402152176825e+01  Q=9.000000000000e+01  λ=1.384153e+00  dt=1.112e-03  relΔE=5.807e-08  ||F||=6.678e-03
 step= 21500  E=6.401977604245e+01  Q=9.000000000000e+01  λ=1.384141e+00  dt=8.603e-04  relΔE=3.786e-08  ||F||=6.129e-03
 step= 22000  E=6.401828871181e+01  Q=9.000000000000e+01  λ=1.384138e+00  dt=1.332e-03  relΔE=5.028e-08  ||F||=5.684e-03
 step= 22500  E=6.401703611459e+01  Q=9.000000000000e+01  λ=1.384143e+00  dt=1.031e-03  relΔE=3.410e-08  ||F||=5.315e-03
 step= 23000  E=6.401589552966e+01  Q=9.000000000000e+01  λ=1.384154e+00  dt=7.977e-04  relΔE=2.341e-08  ||F||=5.007e-03
 step= 23500  E=6.401489853053e+01  Q=9.000000000000e+01  λ=1.384169e+00  dt=1.235e-03  relΔE=3.240e-08  ||F||=4.735e-03
 step= 24000  E=6.401400548610e+01  Q=9.000000000000e+01  λ=1.384187e+00  dt=9.557e-04  relΔE=2.271e-08  ||F||=4.506e-03
 step= 24500  E=6.401316435016e+01  Q=9.000000000000e+01  λ=1.384208e+00  dt=7.397e-04  relΔE=1.742e-08  ||F||=4.495e-03
 step= 25000  E=6.401243713405e+01  Q=9.000000000000e+01  λ=1.384230e+00  dt=1.145e-03  relΔE=2.270e-08  ||F||=4.117e-03
 step= 25500  E=6.401174531169e+01  Q=9.000000000000e+01  λ=1.384255e+00  dt=8.861e-04  relΔE=1.616e-08  ||F||=3.949e-03
 step= 26000  E=6.401110258656e+01  Q=9.000000000000e+01  λ=1.384280e+00  dt=1.372e-03  relΔE=2.305e-08  ||F||=3.930e-03
 step= 26500  E=6.401053056516e+01  Q=9.000000000000e+01  λ=1.384305e+00  dt=1.062e-03  relΔE=1.655e-08  ||F||=3.651e-03
 step= 27000  E=6.400998273661e+01  Q=9.000000000000e+01  λ=1.384331e+00  dt=8.217e-04  relΔE=1.188e-08  ||F||=3.518e-03
 step= 27500  E=6.400947824748e+01  Q=9.000000000000e+01  λ=1.384357e+00  dt=1.272e-03  relΔE=1.706e-08  ||F||=3.388e-03
 step= 28000  E=6.400901766143e+01  Q=9.000000000000e+01  λ=1.384383e+00  dt=9.844e-04  relΔE=1.229e-08  ||F||=3.269e-03
 step= 28500  E=6.400857246510e+01  Q=9.000000000000e+01  λ=1.384410e+00  dt=7.619e-04  relΔE=8.957e-09  ||F||=3.173e-03
 step= 29000  E=6.400817493863e+01  Q=9.000000000000e+01  λ=1.384435e+00  dt=1.179e-03  relΔE=1.277e-08  ||F||=3.045e-03
 step= 29500  E=6.400779673730e+01  Q=9.000000000000e+01  λ=1.384461e+00  dt=9.128e-04  relΔE=9.215e-09  ||F||=2.940e-03
 step= 30000  E=6.400743637584e+01  Q=9.000000000000e+01  λ=1.384486e+00  dt=1.413e-03  relΔE=1.304e-08  ||F||=5.045e-03
 step= 30500  E=6.400711680879e+01  Q=9.000000000000e+01  λ=1.384510e+00  dt=1.094e-03  relΔE=9.612e-09  ||F||=2.744e-03
 step= 31000  E=6.400680717533e+01  Q=9.000000000000e+01  λ=1.384535e+00  dt=8.464e-04  relΔE=6.946e-09  ||F||=2.651e-03
 step= 31500  E=6.400651871610e+01  Q=9.000000000000e+01  λ=1.384559e+00  dt=1.310e-03  relΔE=1.003e-08  ||F||=2.562e-03
 step= 32000  E=6.400625573218e+01  Q=9.000000000000e+01  λ=1.384582e+00  dt=1.014e-03  relΔE=7.263e-09  ||F||=2.477e-03
 step= 32500  E=6.400600104276e+01  Q=9.000000000000e+01  λ=1.384605e+00  dt=7.848e-04  relΔE=5.271e-09  ||F||=2.399e-03
 step= 33000  E=6.400576966293e+01  Q=9.000000000000e+01  λ=1.384627e+00  dt=1.215e-03  relΔE=7.598e-09  ||F||=2.315e-03
 step= 33500  E=6.400555238304e+01  Q=9.000000000000e+01  λ=1.384649e+00  dt=9.403e-04  relΔE=5.501e-09  ||F||=2.240e-03
 step= 34000  E=6.400534205944e+01  Q=9.000000000000e+01  λ=1.384671e+00  dt=7.277e-04  relΔE=5.278e-09  ||F||=3.581e-03
 step= 34500  E=6.400515659516e+01  Q=9.000000000000e+01  λ=1.384691e+00  dt=1.126e-03  relΔE=5.767e-09  ||F||=2.095e-03
 step= 35000  E=6.400497608176e+01  Q=9.000000000000e+01  λ=1.384712e+00  dt=8.719e-04  relΔE=4.176e-09  ||F||=2.027e-03
 step= 35500  E=6.400480677774e+01  Q=9.000000000000e+01  λ=1.384731e+00  dt=1.350e-03  relΔE=6.042e-09  ||F||=1.969e-03
 step= 36000  E=6.400465300931e+01  Q=9.000000000000e+01  λ=1.384750e+00  dt=1.045e-03  relΔE=4.383e-09  ||F||=1.897e-03
 step= 36500  E=6.400450474180e+01  Q=9.000000000000e+01  λ=1.384769e+00  dt=8.084e-04  relΔE=3.180e-09  ||F||=1.837e-03
 step= 37000  E=6.400437357676e+01  Q=9.000000000000e+01  λ=1.384787e+00  dt=1.043e-03  relΔE=3.846e-09  ||F||=1.779e-03
 step= 37500  E=6.400424196212e+01  Q=9.000000000000e+01  λ=1.384805e+00  dt=8.071e-04  relΔE=2.793e-09  ||F||=1.723e-03
 step= 38000  E=6.400412689060e+01  Q=9.000000000000e+01  λ=1.384821e+00  dt=1.041e-03  relΔE=3.375e-09  ||F||=1.668e-03
 step= 38500  E=6.400401123138e+01  Q=9.000000000000e+01  λ=1.384839e+00  dt=8.058e-04  relΔE=2.449e-09  ||F||=1.616e-03
 step= 39000  E=6.400391005477e+01  Q=9.000000000000e+01  λ=1.384854e+00  dt=1.039e-03  relΔE=2.963e-09  ||F||=1.565e-03
 step= 39500  E=6.400380821395e+01  Q=9.000000000000e+01  λ=1.384870e+00  dt=8.045e-04  relΔE=2.153e-09  ||F||=1.516e-03
 step= 40000  E=6.400371515374e+01  Q=9.000000000000e+01  λ=1.384886e+00  dt=1.245e-03  relΔE=3.115e-09  ||F||=1.466e-03
 step= 40500  E=6.400362859974e+01  Q=9.000000000000e+01  λ=1.384901e+00  dt=9.638e-04  relΔE=2.261e-09  ||F||=1.420e-03
 step= 41000  E=6.400354432382e+01  Q=9.000000000000e+01  λ=1.384916e+00  dt=7.460e-04  relΔE=1.693e-09  ||F||=1.397e-03
 step= 41500  E=6.400346924825e+01  Q=9.000000000000e+01  λ=1.384930e+00  dt=1.155e-03  relΔE=2.381e-09  ||F||=1.331e-03
 step= 42000  E=6.400339677630e+01  Q=9.000000000000e+01  λ=1.384944e+00  dt=8.937e-04  relΔE=1.728e-09  ||F||=1.289e-03
 step= 42500  E=6.400332786628e+01  Q=9.000000000000e+01  λ=1.384957e+00  dt=1.383e-03  relΔE=2.501e-09  ||F||=1.388e-03
 step= 43000  E=6.400326585152e+01  Q=9.000000000000e+01  λ=1.384970e+00  dt=1.071e-03  relΔE=1.821e-09  ||F||=1.210e-03
 step= 43500  E=6.400320577995e+01  Q=9.000000000000e+01  λ=1.384983e+00  dt=8.287e-04  relΔE=1.323e-09  ||F||=1.172e-03
 step= 44000  E=6.400314970622e+01  Q=9.000000000000e+01  λ=1.384995e+00  dt=1.283e-03  relΔE=1.919e-09  ||F||=1.135e-03
 step= 44500  E=6.400309819386e+01  Q=9.000000000000e+01  λ=1.385007e+00  dt=9.928e-04  relΔE=1.395e-09  ||F||=1.100e-03
 step= 45000  E=6.400304793549e+01  Q=9.000000000000e+01  λ=1.385019e+00  dt=7.684e-04  relΔE=1.022e-09  ||F||=1.070e-03
 step= 45500  E=6.400300256765e+01  Q=9.000000000000e+01  λ=1.385030e+00  dt=1.189e-03  relΔE=1.471e-09  ||F||=1.032e-03
 step= 46000  E=6.400295933070e+01  Q=9.000000000000e+01  λ=1.385041e+00  dt=9.206e-04  relΔE=1.069e-09  ||F||=1.000e-03
 step= 46500  E=6.400291761646e+01  Q=9.000000000000e+01  λ=1.385052e+00  dt=1.425e-03  relΔE=1.362e-09  ||F||=3.692e-03
 step= 47000  E=6.400288061338e+01  Q=9.000000000000e+01  λ=1.385062e+00  dt=1.103e-03  relΔE=1.128e-09  ||F||=9.390e-04
 step= 47500  E=6.400284448622e+01  Q=9.000000000000e+01  λ=1.385072e+00  dt=8.536e-04  relΔE=8.196e-10  ||F||=9.099e-04
 step= 48000  E=6.400281058118e+01  Q=9.000000000000e+01  λ=1.385082e+00  dt=1.321e-03  relΔE=1.190e-09  ||F||=8.817e-04
 step= 48500  E=6.400277958910e+01  Q=9.000000000000e+01  λ=1.385091e+00  dt=1.023e-03  relΔE=8.656e-10  ||F||=8.545e-04
 step= 49000  E=6.400274951688e+01  Q=9.000000000000e+01  λ=1.385101e+00  dt=7.915e-04  relΔE=6.305e-10  ||F||=8.291e-04
 step= 49500  E=6.400272191163e+01  Q=9.000000000000e+01  λ=1.385109e+00  dt=1.225e-03  relΔE=9.139e-10  ||F||=8.025e-04
 step= 50000  E=6.400269596807e+01  Q=9.000000000000e+01  λ=1.385118e+00  dt=9.483e-04  relΔE=6.645e-10  ||F||=7.780e-04
 step= 50500  E=6.400267073857e+01  Q=9.000000000000e+01  λ=1.385127e+00  dt=7.339e-04  relΔE=5.666e-10  ||F||=8.387e-04
 step= 51000  E=6.400264834129e+01  Q=9.000000000000e+01  λ=1.385135e+00  dt=1.136e-03  relΔE=7.021e-10  ||F||=7.308e-04
 step= 51500  E=6.400262656511e+01  Q=9.000000000000e+01  λ=1.385143e+00  dt=8.793e-04  relΔE=5.104e-10  ||F||=7.084e-04
 step= 52000  E=6.400260597576e+01  Q=9.000000000000e+01  λ=1.385150e+00  dt=1.361e-03  relΔE=7.411e-10  ||F||=6.927e-04
 step= 52500  E=6.400258724670e+01  Q=9.000000000000e+01  λ=1.385158e+00  dt=1.053e-03  relΔE=5.395e-10  ||F||=6.656e-04
 step= 53000  E=6.400256914265e+01  Q=9.000000000000e+01  λ=1.385165e+00  dt=8.153e-04  relΔE=3.925e-10  ||F||=6.456e-04
 step= 53500  E=6.400255226822e+01  Q=9.000000000000e+01  λ=1.385172e+00  dt=1.262e-03  relΔE=5.699e-10  ||F||=6.253e-04
 step= 54000  E=6.400253667260e+01  Q=9.000000000000e+01  λ=1.385179e+00  dt=9.768e-04  relΔE=4.148e-10  ||F||=6.065e-04
 step= 54500  E=6.400252144176e+01  Q=9.000000000000e+01  λ=1.385186e+00  dt=7.560e-04  relΔE=3.087e-10  ||F||=5.950e-04
 step= 55000  E=6.400250776721e+01  Q=9.000000000000e+01  λ=1.385192e+00  dt=1.170e-03  relΔE=4.385e-10  ||F||=5.700e-04
 step= 55500  E=6.400249462485e+01  Q=9.000000000000e+01  λ=1.385198e+00  dt=9.057e-04  relΔE=3.189e-10  ||F||=5.527e-04
 step= 56000  E=6.400248202083e+01  Q=9.000000000000e+01  λ=1.385205e+00  dt=1.402e-03  relΔE=4.586e-10  ||F||=7.886e-04
 step= 56500  E=6.400247073628e+01  Q=9.000000000000e+01  λ=1.385210e+00  dt=1.085e-03  relΔE=3.373e-10  ||F||=5.196e-04
 step= 57000  E=6.400245975764e+01  Q=9.000000000000e+01  λ=1.385216e+00  dt=8.398e-04  relΔE=2.453e-10  ||F||=5.038e-04
 step= 57500  E=6.400244985763e+01  Q=9.000000000000e+01  λ=1.385221e+00  dt=1.083e-03  relΔE=2.978e-10  ||F||=4.888e-04
 step= 58000  E=6.400244016365e+01  Q=9.000000000000e+01  λ=1.385227e+00  dt=8.385e-04  relΔE=2.166e-10  ||F||=4.741e-04
 step= 58500  E=6.400243140953e+01  Q=9.000000000000e+01  λ=1.385232e+00  dt=1.082e-03  relΔE=2.630e-10  ||F||=4.600e-04
 step= 59000  E=6.400242283710e+01  Q=9.000000000000e+01  λ=1.385237e+00  dt=8.371e-04  relΔE=1.913e-10  ||F||=4.461e-04
 step= 59500  E=6.400241478462e+01  Q=9.000000000000e+01  λ=1.385242e+00  dt=1.296e-03  relΔE=2.780e-10  ||F||=4.324e-04
 step= 60000  E=6.400240739012e+01  Q=9.000000000000e+01  λ=1.385247e+00  dt=1.003e-03  relΔE=2.024e-10  ||F||=4.195e-04
 step= 60500  E=6.400240016974e+01  Q=9.000000000000e+01  λ=1.385252e+00  dt=7.762e-04  relΔE=1.486e-10  ||F||=4.086e-04
 step= 61000  E=6.400239361950e+01  Q=9.000000000000e+01  λ=1.385256e+00  dt=1.202e-03  relΔE=2.141e-10  ||F||=3.944e-04
 step= 61500  E=6.400238740012e+01  Q=9.000000000000e+01  λ=1.385260e+00  dt=9.299e-04  relΔE=1.558e-10  ||F||=3.825e-04
 step= 62000  E=6.400238137989e+01  Q=9.000000000000e+01  λ=1.385265e+00  dt=1.439e-03  relΔE=9.568e-11  ||F||=2.902e-03
 step= 62500  E=6.400237601809e+01  Q=9.000000000000e+01  λ=1.385269e+00  dt=1.114e-03  relΔE=1.648e-10  ||F||=3.598e-04
 step= 63000  E=6.400237078998e+01  Q=9.000000000000e+01  λ=1.385273e+00  dt=8.623e-04  relΔE=1.199e-10  ||F||=3.489e-04
 step= 63500  E=6.400236587367e+01  Q=9.000000000000e+01  λ=1.385277e+00  dt=1.335e-03  relΔE=1.742e-10  ||F||=3.387e-04
 step= 64000  E=6.400236138019e+01  Q=9.000000000000e+01  λ=1.385280e+00  dt=1.033e-03  relΔE=1.269e-10  ||F||=3.282e-04
 step= 64500  E=6.400235702237e+01  Q=9.000000000000e+01  λ=1.385284e+00  dt=7.996e-04  relΔE=9.249e-11  ||F||=3.186e-04
 step= 65000  E=6.400235300032e+01  Q=9.000000000000e+01  λ=1.385288e+00  dt=1.238e-03  relΔE=1.342e-10  ||F||=3.086e-04
 step= 65500  E=6.400234923532e+01  Q=9.000000000000e+01  λ=1.385291e+00  dt=9.579e-04  relΔE=9.768e-11  ||F||=2.994e-04
 step= 66000  E=6.400234556709e+01  Q=9.000000000000e+01  λ=1.385295e+00  dt=7.414e-04  relΔE=7.584e-11  ||F||=3.001e-04
 step= 66500  E=6.400234230181e+01  Q=9.000000000000e+01  λ=1.385298e+00  dt=1.148e-03  relΔE=1.034e-10  ||F||=2.816e-04
 step= 67000  E=6.400233912636e+01  Q=9.000000000000e+01  λ=1.385301e+00  dt=8.882e-04  relΔE=7.518e-11  ||F||=2.732e-04
 step= 67500  E=6.400233611724e+01  Q=9.000000000000e+01  λ=1.385304e+00  dt=1.375e-03  relΔE=1.092e-10  ||F||=2.723e-04
 step= 68000  E=6.400233339095e+01  Q=9.000000000000e+01  λ=1.385307e+00  dt=1.064e-03  relΔE=7.956e-11  ||F||=2.570e-04
 step= 68500  E=6.400233074627e+01  Q=9.000000000000e+01  λ=1.385310e+00  dt=8.236e-04  relΔE=5.791e-11  ||F||=2.494e-04
 step= 69000  E=6.400232827964e+01  Q=9.000000000000e+01  λ=1.385313e+00  dt=1.275e-03  relΔE=8.412e-11  ||F||=2.417e-04
 step= 69500  E=6.400232600327e+01  Q=9.000000000000e+01  λ=1.385315e+00  dt=9.867e-04  relΔE=6.125e-11  ||F||=2.345e-04
 step= 70000  E=6.400232378022e+01  Q=9.000000000000e+01  λ=1.385318e+00  dt=7.637e-04  relΔE=4.498e-11  ||F||=2.286e-04
 step= 70500  E=6.400232177505e+01  Q=9.000000000000e+01  λ=1.385321e+00  dt=1.182e-03  relΔE=6.478e-11  ||F||=2.206e-04
 step= 71000  E=6.400231985426e+01  Q=9.000000000000e+01  λ=1.385323e+00  dt=9.149e-04  relΔE=4.712e-11  ||F||=2.140e-04
 step= 71500  E=6.400231800732e+01  Q=9.000000000000e+01  λ=1.385325e+00  dt=1.416e-03  relΔE=6.673e-11  ||F||=4.035e-04
 step= 72000  E=6.400231635792e+01  Q=9.000000000000e+01  λ=1.385328e+00  dt=1.096e-03  relΔE=4.985e-11  ||F||=2.014e-04
 step= 72500  E=6.400231475141e+01  Q=9.000000000000e+01  λ=1.385330e+00  dt=8.484e-04  relΔE=3.626e-11  ||F||=1.954e-04
 step= 73000  E=6.400231324494e+01  Q=9.000000000000e+01  λ=1.385332e+00  dt=1.313e-03  relΔE=5.269e-11  ||F||=1.894e-04
 step= 73500  E=6.400231186193e+01  Q=9.000000000000e+01  λ=1.385334e+00  dt=1.016e-03  relΔE=3.836e-11  ||F||=1.838e-04
 step= 74000  E=6.400231051838e+01  Q=9.000000000000e+01  λ=1.385336e+00  dt=7.867e-04  relΔE=2.803e-11  ||F||=1.788e-04
 step= 74500  E=6.400230928846e+01  Q=9.000000000000e+01  λ=1.385338e+00  dt=1.218e-03  relΔE=4.055e-11  ||F||=1.729e-04
 step= 75000  E=6.400230813083e+01  Q=9.000000000000e+01  λ=1.385340e+00  dt=9.425e-04  relΔE=2.950e-11  ||F||=1.678e-04
 step= 75500  E=6.400230700322e+01  Q=9.000000000000e+01  λ=1.385342e+00  dt=7.294e-04  relΔE=2.653e-11  ||F||=1.966e-04
 step= 76000  E=6.400230600384e+01  Q=9.000000000000e+01  λ=1.385344e+00  dt=1.129e-03  relΔE=3.119e-11  ||F||=1.579e-04
 step= 76500  E=6.400230502842e+01  Q=9.000000000000e+01  λ=1.385346e+00  dt=8.739e-04  relΔE=2.268e-11  ||F||=1.532e-04
 step= 77000  E=6.400230410983e+01  Q=9.000000000000e+01  λ=1.385348e+00  dt=1.353e-03  relΔE=3.294e-11  ||F||=1.491e-04
 step= 77500  E=6.400230327159e+01  Q=9.000000000000e+01  λ=1.385349e+00  dt=1.047e-03  relΔE=2.397e-11  ||F||=1.442e-04
 step= 78000  E=6.400230246166e+01  Q=9.000000000000e+01  λ=1.385351e+00  dt=8.103e-04  relΔE=1.745e-11  ||F||=1.399e-04
 step= 78500  E=6.400230174213e+01  Q=9.000000000000e+01  λ=1.385352e+00  dt=1.045e-03  relΔE=2.116e-11  ||F||=1.358e-04
 step= 79000  E=6.400230101888e+01  Q=9.000000000000e+01  λ=1.385354e+00  dt=8.090e-04  relΔE=1.541e-11  ||F||=1.319e-04
 step= 79500  E=6.400230038419e+01  Q=9.000000000000e+01  λ=1.385355e+00  dt=1.044e-03  relΔE=1.867e-11  ||F||=1.279e-04
 step= 80000  E=6.400229974541e+01  Q=9.000000000000e+01  λ=1.385357e+00  dt=8.077e-04  relΔE=1.358e-11  ||F||=1.242e-04
 step= 80500  E=6.400229918480e+01  Q=9.000000000000e+01  λ=1.385358e+00  dt=1.042e-03  relΔE=1.646e-11  ||F||=1.205e-04
 step= 81000  E=6.400229862076e+01  Q=9.000000000000e+01  λ=1.385360e+00  dt=8.064e-04  relΔE=1.197e-11  ||F||=1.169e-04
 step= 81500  E=6.400229810234e+01  Q=9.000000000000e+01  λ=1.385361e+00  dt=1.248e-03  relΔE=1.736e-11  ||F||=1.133e-04
 step= 82000  E=6.400229762069e+01  Q=9.000000000000e+01  λ=1.385362e+00  dt=9.661e-04  relΔE=1.263e-11  ||F||=1.100e-04
 step= 82500  E=6.400229715122e+01  Q=9.000000000000e+01  λ=1.385364e+00  dt=7.477e-04  relΔE=9.582e-12  ||F||=1.089e-04
 step= 83000  E=6.400229673234e+01  Q=9.000000000000e+01  λ=1.385365e+00  dt=1.157e-03  relΔE=1.333e-11  ||F||=1.035e-04
 step= 83500  E=6.400229632712e+01  Q=9.000000000000e+01  λ=1.385366e+00  dt=8.958e-04  relΔE=9.682e-12  ||F||=1.004e-04
 step= 84000  E=6.400229594198e+01  Q=9.000000000000e+01  λ=1.385367e+00  dt=1.387e-03  relΔE=1.401e-11  ||F||=1.097e-04
 step= 84500  E=6.400229559522e+01  Q=9.000000000000e+01  λ=1.385368e+00  dt=1.073e-03  relΔE=1.022e-11  ||F||=9.452e-05
 step= 85000  E=6.400229525915e+01  Q=9.000000000000e+01  λ=1.385369e+00  dt=8.306e-04  relΔE=7.422e-12  ||F||=9.171e-05
 step= 85500  E=6.400229494491e+01  Q=9.000000000000e+01  λ=1.385370e+00  dt=1.286e-03  relΔE=1.077e-11  ||F||=8.893e-05
 step= 86000  E=6.400229465627e+01  Q=9.000000000000e+01  λ=1.385371e+00  dt=9.951e-04  relΔE=7.827e-12  ||F||=8.631e-05
 step= 86500  E=6.400229437545e+01  Q=9.000000000000e+01  λ=1.385372e+00  dt=7.702e-04  relΔE=5.722e-12  ||F||=8.400e-05
 step= 87000  E=6.400229412140e+01  Q=9.000000000000e+01  λ=1.385373e+00  dt=1.192e-03  relΔE=8.248e-12  ||F||=8.123e-05
 step= 87500  E=6.400229387976e+01  Q=9.000000000000e+01  λ=1.385374e+00  dt=9.227e-04  relΔE=5.988e-12  ||F||=7.881e-05
 step= 88000  E=6.400229364653e+01  Q=9.000000000000e+01  λ=1.385375e+00  dt=1.428e-03  relΔE=7.300e-12  ||F||=3.122e-04
 step= 88500  E=6.400229344001e+01  Q=9.000000000000e+01  λ=1.385376e+00  dt=1.105e-03  relΔE=6.309e-12  ||F||=7.419e-05
 step= 89000  E=6.400229323869e+01  Q=9.000000000000e+01  λ=1.385377e+00  dt=8.556e-04  relΔE=4.576e-12  ||F||=7.197e-05
 step= 89500  E=6.400229304998e+01  Q=9.000000000000e+01  λ=1.385378e+00  dt=1.324e-03  relΔE=6.635e-12  ||F||=6.982e-05
 step= 90000  E=6.400229287755e+01  Q=9.000000000000e+01  λ=1.385378e+00  dt=1.025e-03  relΔE=4.818e-12  ||F||=6.775e-05
 step= 90500  E=6.400229271073e+01  Q=9.000000000000e+01  λ=1.385379e+00  dt=7.934e-04  relΔE=3.503e-12  ||F||=6.579e-05
 step= 91000  E=6.400229255774e+01  Q=9.000000000000e+01  λ=1.385380e+00  dt=1.228e-03  relΔE=5.067e-12  ||F||=6.376e-05
 step= 91500  E=6.400229241464e+01  Q=9.000000000000e+01  λ=1.385381e+00  dt=9.505e-04  relΔE=3.676e-12  ||F||=6.187e-05
 step= 92000  E=6.400229227555e+01  Q=9.000000000000e+01  λ=1.385381e+00  dt=7.357e-04  relΔE=2.984e-12  ||F||=6.330e-05
 step= 92500  E=6.400229215254e+01  Q=9.000000000000e+01  λ=1.385382e+00  dt=1.139e-03  relΔE=3.864e-12  ||F||=5.824e-05
 step= 93000  E=6.400229203304e+01  Q=9.000000000000e+01  λ=1.385383e+00  dt=8.814e-04  relΔE=2.800e-12  ||F||=5.650e-05
 step= 93500  E=6.400229192043e+01  Q=9.000000000000e+01  λ=1.385383e+00  dt=1.364e-03  relΔE=4.052e-12  ||F||=5.564e-05
 step= 94000  E=6.400229181875e+01  Q=9.000000000000e+01  λ=1.385384e+00  dt=1.056e-03  relΔE=2.940e-12  ||F||=5.319e-05
 step= 94500  E=6.400229172042e+01  Q=9.000000000000e+01  λ=1.385384e+00  dt=8.172e-04  relΔE=2.130e-12  ||F||=5.161e-05
 step= 95000  E=6.400229162923e+01  Q=9.000000000000e+01  λ=1.385385e+00  dt=1.265e-03  relΔE=3.081e-12  ||F||=5.005e-05
 step= 95500  E=6.400229154532e+01  Q=9.000000000000e+01  λ=1.385386e+00  dt=9.791e-04  relΔE=2.233e-12  ||F||=4.858e-05
 step= 96000  E=6.400229146370e+01  Q=9.000000000000e+01  λ=1.385386e+00  dt=7.578e-04  relΔE=1.638e-12  ||F||=4.740e-05
 step= 96500  E=6.400229139070e+01  Q=9.000000000000e+01  λ=1.385387e+00  dt=1.173e-03  relΔE=2.338e-12  ||F||=4.572e-05
 step= 97000  E=6.400229132095e+01  Q=9.000000000000e+01  λ=1.385387e+00  dt=9.079e-04  relΔE=1.693e-12  ||F||=4.436e-05
 step= 97500  E=6.400229125434e+01  Q=9.000000000000e+01  λ=1.385388e+00  dt=1.405e-03  relΔE=2.406e-12  ||F||=6.793e-05
 step= 98000  E=6.400229119519e+01  Q=9.000000000000e+01  λ=1.385388e+00  dt=1.088e-03  relΔE=1.771e-12  ||F||=4.176e-05
 step= 98500  E=6.400229113782e+01  Q=9.000000000000e+01  λ=1.385389e+00  dt=8.418e-04  relΔE=1.280e-12  ||F||=4.052e-05
 step= 99000  E=6.400229108440e+01  Q=9.000000000000e+01  λ=1.385389e+00  dt=1.303e-03  relΔE=1.848e-12  ||F||=3.930e-05
 step= 99500  E=6.400229103569e+01  Q=9.000000000000e+01  λ=1.385390e+00  dt=1.009e-03  relΔE=1.337e-12  ||F||=3.815e-05
 step=100000  E=6.400229098855e+01  Q=9.000000000000e+01  λ=1.385390e+00  dt=7.806e-04  relΔE=9.707e-13  ||F||=3.709e-05
 step=100500  E=6.400229094596e+01  Q=9.000000000000e+01  λ=1.385390e+00  dt=1.208e-03  relΔE=1.393e-12  ||F||=3.590e-05
 step=101000  E=6.400229090628e+01  Q=9.000000000000e+01  λ=1.385391e+00  dt=7.793e-04  relΔE=8.429e-13  ||F||=3.491e-05
 step=101500  E=6.400229086918e+01  Q=9.000000000000e+01  λ=1.385391e+00  dt=1.206e-03  relΔE=1.211e-12  ||F||=3.382e-05
 step=102000  E=6.400229083424e+01  Q=9.000000000000e+01  λ=1.385392e+00  dt=9.336e-04  relΔE=8.737e-13  ||F||=3.282e-05
 step=102500  E=6.400229080078e+01  Q=9.000000000000e+01  λ=1.385392e+00  dt=1.445e-03  relΔE=4.576e-13  ||F||=2.256e-04
 step=103000  E=6.400229077124e+01  Q=9.000000000000e+01  λ=1.385392e+00  dt=1.119e-03  relΔE=9.075e-13  ||F||=3.090e-05
 step=103500  E=6.400229074272e+01  Q=9.000000000000e+01  λ=1.385393e+00  dt=8.657e-04  relΔE=6.537e-13  ||F||=2.997e-05
 step=104000  E=6.400229071614e+01  Q=9.000000000000e+01  λ=1.385393e+00  dt=1.340e-03  relΔE=9.399e-13  ||F||=2.912e-05
 step=104500  E=6.400229069214e+01  Q=9.000000000000e+01  λ=1.385393e+00  dt=1.037e-03  relΔE=6.765e-13  ||F||=2.822e-05
 step=105000  E=6.400229066913e+01  Q=9.000000000000e+01  λ=1.385394e+00  dt=8.027e-04  relΔE=4.874e-13  ||F||=2.740e-05
 step=105500  E=6.400229064811e+01  Q=9.000000000000e+01  λ=1.385394e+00  dt=1.243e-03  relΔE=6.987e-13  ||F||=2.656e-05
 step=106000  E=6.400229062873e+01  Q=9.000000000000e+01  λ=1.385394e+00  dt=9.617e-04  relΔE=5.022e-13  ||F||=2.578e-05
 step=106500  E=6.400229061005e+01  Q=9.000000000000e+01  λ=1.385395e+00  dt=7.443e-04  relΔE=3.866e-13  ||F||=2.563e-05
 step=107000  E=6.400229059365e+01  Q=9.000000000000e+01  λ=1.385395e+00  dt=1.152e-03  relΔE=5.167e-13  ||F||=2.426e-05
 step=107500  E=6.400229057797e+01  Q=9.000000000000e+01  λ=1.385395e+00  dt=8.918e-04  relΔE=3.706e-13  ||F||=2.354e-05
 step=108000  E=6.400229056329e+01  Q=9.000000000000e+01  λ=1.385395e+00  dt=1.380e-03  relΔE=5.293e-13  ||F||=2.364e-05
 step=108500  E=6.400229055025e+01  Q=9.000000000000e+01  λ=1.385396e+00  dt=1.068e-03  relΔE=3.803e-13  ||F||=2.216e-05
 step=109000  E=6.400229053779e+01  Q=9.000000000000e+01  λ=1.385396e+00  dt=8.269e-04  relΔE=2.718e-13  ||F||=2.150e-05
 step=109500  E=6.400229052636e+01  Q=9.000000000000e+01  λ=1.385396e+00  dt=1.280e-03  relΔE=3.870e-13  ||F||=2.086e-05
 step=110000  E=6.400229051603e+01  Q=9.000000000000e+01  λ=1.385396e+00  dt=9.907e-04  relΔE=2.764e-13  ||F||=2.025e-05
 step=110500  E=6.400229050613e+01  Q=9.000000000000e+01  λ=1.385397e+00  dt=7.667e-04  relΔE=2.001e-13  ||F||=1.972e-05
 step=111000  E=6.400229049739e+01  Q=9.000000000000e+01  λ=1.385397e+00  dt=1.187e-03  relΔE=2.804e-13  ||F||=1.906e-05
 step=111500  E=6.400229048921e+01  Q=9.000000000000e+01  λ=1.385397e+00  dt=9.186e-04  relΔE=1.994e-13  ||F||=1.849e-05
 step=112000  E=6.400229048152e+01  Q=9.000000000000e+01  λ=1.385397e+00  dt=1.422e-03  relΔE=2.700e-13  ||F||=3.468e-05
 step=112500  E=6.400229047483e+01  Q=9.000000000000e+01  λ=1.385398e+00  dt=1.101e-03  relΔE=2.009e-13  ||F||=1.741e-05
 step=113000  E=6.400229046848e+01  Q=9.000000000000e+01  λ=1.385398e+00  dt=8.518e-04  relΔE=1.419e-13  ||F||=1.689e-05
 step=113500  E=6.400229046269e+01  Q=9.000000000000e+01  λ=1.385398e+00  dt=1.318e-03  relΔE=2.003e-13  ||F||=1.638e-05
 step=114000  E=6.400229045754e+01  Q=9.000000000000e+01  λ=1.385398e+00  dt=1.020e-03  relΔE=1.412e-13  ||F||=1.590e-05
 step=114500  E=6.400229045270e+01  Q=9.000000000000e+01  λ=1.385398e+00  dt=7.898e-04  relΔE=9.992e-14  ||F||=1.544e-05
 step=115000  E=6.400229044841e+01  Q=9.000000000000e+01  λ=1.385398e+00  dt=1.223e-03  relΔE=1.390e-13  ||F||=1.497e-05
 step=115500  E=6.400229044452e+01  Q=9.000000000000e+01  λ=1.385399e+00  dt=9.462e-04  relΔE=9.770e-14  ||F||=1.453e-05
 step=116000  E=6.400229044089e+01  Q=9.000000000000e+01  λ=1.385399e+00  dt=7.323e-04  relΔE=7.638e-14  ||F||=1.449e-05
 step=116500  E=6.400229043780e+01  Q=9.000000000000e+01  λ=1.385399e+00  dt=1.134e-03  relΔE=9.459e-14  ||F||=1.367e-05
 step=117000  E=6.400229043493e+01  Q=9.000000000000e+01  λ=1.385399e+00  dt=8.774e-04  relΔE=6.528e-14  ||F||=1.327e-05
 step=117500  E=6.400229043235e+01  Q=9.000000000000e+01  λ=1.385399e+00  dt=1.358e-03  relΔE=8.992e-14  ||F||=1.290e-05
 step=118000  E=6.400229043014e+01  Q=9.000000000000e+01  λ=1.385399e+00  dt=1.051e-03  relΔE=6.217e-14  ||F||=1.249e-05
 step=118500  E=6.400229042812e+01  Q=9.000000000000e+01  λ=1.385400e+00  dt=8.136e-04  relΔE=4.219e-14  ||F||=1.212e-05
 step=119000  E=6.400229042636e+01  Q=9.000000000000e+01  λ=1.385400e+00  dt=1.259e-03  relΔE=5.751e-14  ||F||=1.176e-05
 step=119500  E=6.400229042486e+01  Q=9.000000000000e+01  λ=1.385400e+00  dt=9.747e-04  relΔE=3.819e-14  ||F||=1.141e-05
 step=120000  E=6.400229042351e+01  Q=9.000000000000e+01  λ=1.385400e+00  dt=7.544e-04  relΔE=2.598e-14  ||F||=1.109e-05
 step=120500  E=6.400229042241e+01  Q=9.000000000000e+01  λ=1.385400e+00  dt=1.168e-03  relΔE=3.331e-14  ||F||=1.074e-05
 step=121000  E=6.400229042146e+01  Q=9.000000000000e+01  λ=1.385400e+00  dt=9.038e-04  relΔE=2.198e-14  ||F||=1.042e-05
 step=121500  E=6.400229042066e+01  Q=9.000000000000e+01  λ=1.385400e+00  dt=1.399e-03  relΔE=2.731e-14  ||F||=1.084e-05
 step=122000  E=6.400229042005e+01  Q=9.000000000000e+01  λ=1.385400e+00  dt=1.083e-03  relΔE=1.687e-14  ||F||=9.813e-06
 step=122500  E=6.400229041955e+01  Q=9.000000000000e+01  λ=1.385401e+00  dt=8.380e-04  relΔE=1.021e-14  ||F||=9.519e-06
 step=123000  E=6.400229041918e+01  Q=9.000000000000e+01  λ=1.385401e+00  dt=1.297e-03  relΔE=1.110e-14  ||F||=9.235e-06
 step=123500  E=6.400229041894e+01  Q=9.000000000000e+01  λ=1.385401e+00  dt=1.004e-03  relΔE=5.773e-15  ||F||=8.965e-06
 step=124000  E=6.400229041880e+01  Q=9.000000000000e+01  λ=1.385401e+00  dt=7.771e-04  relΔE=2.220e-15  ||F||=8.695e-06
  !! dt è sceso sotto dt_min, mi fermo (stiffness).

Stationary candidate (aggressive): E=6.400229041877e+01, Q=9.000000000000e+01, maxρ=1.891979e-01

=== Stability test (damped inertial dynamics) ===
Perturb eps=0.02, gamma=1
t=0: E=6.843313796305e+01, Q=9.000000000000e+01, maxρ=1.963353e-01, σ=3.939130e+00, Rc=1.847777e+01
 step=     1  E=6.843311562679e+01  Q=9.000000000000e+01  λ=1.777717e+00  maxρ=1.963353e-01  minρ=1.000e-15  σ=3.939130e+00  Rc=1.847777e+01
 step=   300  E=6.751751388776e+01  Q=9.000000000000e+01  λ=1.672830e+00  maxρ=1.960023e-01  minρ=1.000e-15  σ=3.939126e+00  Rc=1.847777e+01
 step=   600  E=6.567818466246e+01  Q=9.000000000000e+01  λ=1.483261e+00  maxρ=1.950633e-01  minρ=1.000e-15  σ=3.939120e+00  Rc=1.847777e+01
 step=   900  E=6.460608524406e+01  Q=9.000000000000e+01  λ=1.423702e+00  maxρ=1.936743e-01  minρ=1.000e-15  σ=3.939120e+00  Rc=1.847777e+01
 step=  1200  E=6.502108611356e+01  Q=9.000000000000e+01  λ=1.533964e+00  maxρ=1.930410e-01  minρ=1.000e-15  σ=3.939125e+00  Rc=1.847777e+01
 step=  1500  E=6.612292752381e+01  Q=9.000000000000e+01  λ=1.652219e+00  maxρ=1.934087e-01  minρ=1.000e-15  σ=3.939127e+00  Rc=1.847776e+01
 step=  1800  E=6.667949059052e+01  Q=9.000000000000e+01  λ=1.636515e+00  maxρ=1.940285e-01  minρ=1.000e-15  σ=3.939122e+00  Rc=1.847776e+01
 step=  2100  E=6.634449613563e+01  Q=9.000000000000e+01  λ=1.532530e+00  maxρ=1.930417e-01  minρ=1.000e-15  σ=3.939117e+00  Rc=1.847777e+01
 step=  2400  E=6.576700245214e+01  Q=9.000000000000e+01  λ=1.485775e+00  maxρ=1.911613e-01  minρ=1.000e-15  σ=3.939118e+00  Rc=1.847777e+01
 step=  2700  E=6.563159815280e+01  Q=9.000000000000e+01  λ=1.543227e+00  maxρ=1.921880e-01  minρ=1.000e-15  σ=3.939124e+00  Rc=1.847776e+01
 step=  3000  E=6.591418194193e+01  Q=9.000000000000e+01  λ=1.610655e+00  maxρ=1.945932e-01  minρ=1.000e-15  σ=3.939127e+00  Rc=1.847776e+01
 step=  3300  E=6.611940920756e+01  Q=9.000000000000e+01  λ=1.596519e+00  maxρ=1.950934e-01  minρ=1.000e-15  σ=3.939122e+00  Rc=1.847777e+01
 step=  3600  E=6.598324889794e+01  Q=9.000000000000e+01  λ=1.529195e+00  maxρ=1.936459e-01  minρ=1.000e-15  σ=3.939116e+00  Rc=1.847777e+01
 step=  3900  E=6.571660280340e+01  Q=9.000000000000e+01  λ=1.500351e+00  maxρ=1.933329e-01  minρ=1.000e-15  σ=3.939117e+00  Rc=1.847777e+01
 step=  4200  E=6.562660829175e+01  Q=9.000000000000e+01  λ=1.535519e+00  maxρ=1.926610e-01  minρ=1.000e-15  σ=3.939123e+00  Rc=1.847776e+01
 step=  4500  E=6.572681891483e+01  Q=9.000000000000e+01  λ=1.572528e+00  maxρ=1.924432e-01  minρ=1.000e-15  σ=3.939127e+00  Rc=1.847776e+01
 step=  4800  E=6.580626855714e+01  Q=9.000000000000e+01  λ=1.558640e+00  maxρ=1.932903e-01  minρ=1.000e-15  σ=3.939124e+00  Rc=1.847776e+01
 step=  5100  E=6.575029296163e+01  Q=9.000000000000e+01  λ=1.518663e+00  maxρ=1.933208e-01  minρ=1.000e-15  σ=3.939118e+00  Rc=1.847776e+01
 step=  5400  E=6.564958722147e+01  Q=9.000000000000e+01  λ=1.508387e+00  maxρ=1.930934e-01  minρ=1.000e-15  σ=3.939115e+00  Rc=1.847776e+01
 step=  5700  E=6.561952697194e+01  Q=9.000000000000e+01  λ=1.534350e+00  maxρ=1.924343e-01  minρ=1.000e-15  σ=3.939118e+00  Rc=1.847776e+01
 step=  6000  E=6.564148420974e+01  Q=9.000000000000e+01  λ=1.553111e+00  maxρ=1.920631e-01  minρ=1.000e-15  σ=3.939120e+00  Rc=1.847775e+01
 >>> No runaway detected in this horizon. Likely stable (within this model & box).

STABILITY: PASS
