
=== Aggressive relaxation to Q = 2000 ===
Initial: E=3.384830429781e+03, Q=2.000000000000e+03, dt=1.000e-04
 step=     1  E=3.384683399573e+03  Q=2.000000000000e+03  λ=3.561681e+00  dt=1.000e-04  relΔE=4.344e-05  ||F||=8.578e-01
 step=   500  E=3.221126017965e+03  Q=2.000000000000e+03  λ=3.335727e+00  dt=6.192e-04  relΔE=1.776e-04  ||F||=7.449e-01
 step=  1000  E=2.835009516770e+03  Q=2.000000000000e+03  λ=2.855164e+00  dt=9.584e-04  relΔE=1.927e-04  ||F||=5.849e-01
 step=  1500  E=2.558565285467e+03  Q=2.000000000000e+03  λ=2.535724e+00  dt=7.418e-04  relΔE=1.242e-04  ||F||=5.077e-01
 step=  2000  E=2.366638992762e+03  Q=2.000000000000e+03  λ=2.321029e+00  dt=1.148e-03  relΔE=1.477e-04  ||F||=4.275e-01
 step=  2500  E=2.213808798811e+03  Q=2.000000000000e+03  λ=2.153017e+00  dt=8.887e-04  relΔE=9.588e-05  ||F||=3.786e-01
 step=  3000  E=2.090923437618e+03  Q=2.000000000000e+03  λ=2.019965e+00  dt=1.376e-03  relΔE=1.264e-04  ||F||=3.573e-01
 step=  3500  E=1.994247120836e+03  Q=2.000000000000e+03  λ=1.916266e+00  dt=1.065e-03  relΔE=8.516e-05  ||F||=3.094e-01
 step=  4000  E=1.910987286351e+03  Q=2.000000000000e+03  λ=1.827783e+00  dt=8.241e-04  relΔE=5.783e-05  ||F||=2.837e-01
 step=  4500  E=1.840938738941e+03  Q=2.000000000000e+03  λ=1.754008e+00  dt=1.276e-03  relΔE=7.919e-05  ||F||=2.619e-01
 step=  5000  E=1.781776534018e+03  Q=2.000000000000e+03  λ=1.692039e+00  dt=9.873e-04  relΔE=5.492e-05  ||F||=2.439e-01
 step=  5500  E=1.728304735281e+03  Q=2.000000000000e+03  λ=1.636387e+00  dt=7.641e-04  relΔE=3.887e-05  ||F||=2.297e-01
 step=  6000  E=1.683012293338e+03  Q=2.000000000000e+03  λ=1.589568e+00  dt=1.183e-03  relΔE=5.427e-05  ||F||=2.153e-01
 step=  6500  E=1.641649342346e+03  Q=2.000000000000e+03  λ=1.546981e+00  dt=9.154e-04  relΔE=3.884e-05  ||F||=2.044e-01
 step=  7000  E=1.603152301245e+03  Q=2.000000000000e+03  λ=1.507644e+00  dt=1.417e-03  relΔE=5.465e-05  ||F||=4.098e-01
 step=  7500  E=1.569381974254e+03  Q=2.000000000000e+03  λ=1.473124e+00  dt=1.097e-03  relΔE=4.158e-05  ||F||=1.890e-01
 step=  8000  E=1.536409391142e+03  Q=2.000000000000e+03  λ=1.439576e+00  dt=8.488e-04  relΔE=3.121e-05  ||F||=1.841e-01
 step=  8500  E=1.504888593971e+03  Q=2.000000000000e+03  λ=1.407586e+00  dt=1.314e-03  relΔE=4.762e-05  ||F||=1.810e-01
 step=  9000  E=1.474934517367e+03  Q=2.000000000000e+03  λ=1.377126e+00  dt=1.017e-03  relΔE=3.693e-05  ||F||=1.793e-01
 step=  9500  E=1.444294265947e+03  Q=2.000000000000e+03  λ=1.345898e+00  dt=7.871e-04  relΔE=2.910e-05  ||F||=1.790e-01
 step= 10000  E=1.414541077853e+03  Q=2.000000000000e+03  λ=1.315505e+00  dt=1.218e-03  relΔE=4.574e-05  ||F||=1.785e-01
 step= 10500  E=1.384798533875e+03  Q=2.000000000000e+03  λ=1.284990e+00  dt=9.430e-04  relΔE=3.595e-05  ||F||=1.780e-01
 step= 11000  E=1.354410987131e+03  Q=2.000000000000e+03  λ=1.253792e+00  dt=7.298e-04  relΔE=3.344e-05  ||F||=2.092e-01
 step= 11500  E=1.326655933698e+03  Q=2.000000000000e+03  λ=1.225389e+00  dt=1.130e-03  relΔE=4.201e-05  ||F||=1.721e-01
 step= 12000  E=1.299601392190e+03  Q=2.000000000000e+03  λ=1.197897e+00  dt=8.744e-04  relΔE=3.056e-05  ||F||=1.651e-01
 step= 12500  E=1.275139304895e+03  Q=2.000000000000e+03  λ=1.173420e+00  dt=1.353e-03  relΔE=4.248e-05  ||F||=1.558e-01
 step= 13000  E=1.254629227469e+03  Q=2.000000000000e+03  λ=1.153283e+00  dt=1.048e-03  relΔE=2.831e-05  ||F||=1.426e-01
 step= 13500  E=1.237156491876e+03  Q=2.000000000000e+03  λ=1.136585e+00  dt=8.108e-04  relΔE=1.796e-05  ||F||=1.282e-01
 step= 14000  E=1.223464200308e+03  Q=2.000000000000e+03  λ=1.123944e+00  dt=1.255e-03  relΔE=2.179e-05  ||F||=1.129e-01
 step= 14500  E=1.213150035361e+03  Q=2.000000000000e+03  λ=1.114783e+00  dt=9.713e-04  relΔE=1.281e-05  ||F||=9.797e-02
 step= 15000  E=1.205538892507e+03  Q=2.000000000000e+03  λ=1.108343e+00  dt=1.253e-03  relΔE=1.219e-05  ||F||=8.390e-02
 step= 15500  E=1.199944074600e+03  Q=2.000000000000e+03  λ=1.103868e+00  dt=9.698e-04  relΔE=6.754e-06  ||F||=7.081e-02
 step= 16000  E=1.196049318226e+03  Q=2.000000000000e+03  λ=1.100968e+00  dt=1.251e-03  relΔE=6.146e-06  ||F||=5.938e-02
 step= 16500  E=1.193290945441e+03  Q=2.000000000000e+03  λ=1.099085e+00  dt=9.682e-04  relΔE=3.281e-06  ||F||=4.926e-02
 step= 17000  E=1.191432714145e+03  Q=2.000000000000e+03  λ=1.097952e+00  dt=1.249e-03  relΔE=2.906e-06  ||F||=4.078e-02
 step= 17500  E=1.190144183627e+03  Q=2.000000000000e+03  λ=1.097271e+00  dt=9.666e-04  relΔE=1.520e-06  ||F||=3.350e-02
 step= 18000  E=1.189290323755e+03  Q=2.000000000000e+03  λ=1.096900e+00  dt=1.247e-03  relΔE=1.327e-06  ||F||=2.755e-02
 step= 18500  E=1.188704317412e+03  Q=2.000000000000e+03  λ=1.096705e+00  dt=9.650e-04  relΔE=6.869e-07  ||F||=2.253e-02
 step= 19000  E=1.188303439141e+03  Q=2.000000000000e+03  λ=1.096619e+00  dt=7.469e-04  relΔE=3.618e-07  ||F||=1.859e-02
 step= 19500  E=1.188049277882e+03  Q=2.000000000000e+03  λ=1.096594e+00  dt=1.156e-03  relΔE=3.663e-07  ||F||=1.502e-02
 step= 20000  E=1.187873797729e+03  Q=2.000000000000e+03  λ=1.096598e+00  dt=8.948e-04  relΔE=1.895e-07  ||F||=1.228e-02
 step= 20500  E=1.187754895999e+03  Q=2.000000000000e+03  λ=1.096614e+00  dt=1.385e-03  relΔE=1.954e-07  ||F||=1.131e-02
 step= 21000  E=1.187678044984e+03  Q=2.000000000000e+03  λ=1.096632e+00  dt=1.072e-03  relΔE=1.035e-07  ||F||=8.290e-03
 step= 21500  E=1.187623923604e+03  Q=2.000000000000e+03  λ=1.096647e+00  dt=8.297e-04  relΔE=5.450e-08  ||F||=6.839e-03
 step= 22000  E=1.187587103146e+03  Q=2.000000000000e+03  λ=1.096657e+00  dt=1.284e-03  relΔE=5.796e-08  ||F||=5.670e-03
 step= 22500  E=1.187562104393e+03  Q=2.000000000000e+03  λ=1.096662e+00  dt=9.941e-04  relΔE=3.143e-08  ||F||=4.747e-03
 step= 23000  E=1.187543906472e+03  Q=2.000000000000e+03  λ=1.096662e+00  dt=7.694e-04  relΔE=1.720e-08  ||F||=3.993e-03
 step= 23500  E=1.187531501805e+03  Q=2.000000000000e+03  λ=1.096658e+00  dt=1.191e-03  relΔE=1.893e-08  ||F||=3.368e-03
 step= 24000  E=1.187522421396e+03  Q=2.000000000000e+03  λ=1.096650e+00  dt=9.218e-04  relΔE=1.061e-08  ||F||=2.868e-03
 step= 24500  E=1.187515646657e+03  Q=2.000000000000e+03  λ=1.096640e+00  dt=1.427e-03  relΔE=1.092e-08  ||F||=8.001e-03
 step= 25000  E=1.187510907703e+03  Q=2.000000000000e+03  λ=1.096628e+00  dt=1.104e-03  relΔE=6.942e-09  ||F||=2.123e-03
 step= 25500  E=1.187507214988e+03  Q=2.000000000000e+03  λ=1.096615e+00  dt=8.547e-04  relΔE=4.038e-09  ||F||=1.843e-03
 step= 26000  E=1.187504428135e+03  Q=2.000000000000e+03  λ=1.096602e+00  dt=1.323e-03  relΔE=4.748e-09  ||F||=1.609e-03
 step= 26500  E=1.187502346790e+03  Q=2.000000000000e+03  λ=1.096588e+00  dt=1.024e-03  relΔE=2.841e-09  ||F||=1.417e-03
 step= 27000  E=1.187500681345e+03  Q=2.000000000000e+03  λ=1.096574e+00  dt=7.925e-04  relΔE=1.708e-09  ||F||=1.251e-03
 step= 27500  E=1.187499415381e+03  Q=2.000000000000e+03  λ=1.096561e+00  dt=1.227e-03  relΔE=2.063e-09  ||F||=1.107e-03
 step= 28000  E=1.187498420630e+03  Q=2.000000000000e+03  λ=1.096548e+00  dt=9.495e-04  relΔE=1.260e-09  ||F||=9.860e-04
 step= 28500  E=1.187497607152e+03  Q=2.000000000000e+03  λ=1.096536e+00  dt=7.349e-04  relΔE=8.765e-10  ||F||=9.449e-04
 step= 29000  E=1.187496997591e+03  Q=2.000000000000e+03  λ=1.096525e+00  dt=1.138e-03  relΔE=9.501e-10  ||F||=7.865e-04
 step= 29500  E=1.187496493802e+03  Q=2.000000000000e+03  λ=1.096514e+00  dt=8.804e-04  relΔE=5.860e-10  ||F||=7.043e-04
 step= 30000  E=1.187496089268e+03  Q=2.000000000000e+03  λ=1.096504e+00  dt=1.363e-03  relΔE=7.233e-10  ||F||=6.366e-04
 step= 30500  E=1.187495775824e+03  Q=2.000000000000e+03  λ=1.096495e+00  dt=1.055e-03  relΔE=4.507e-10  ||F||=5.685e-04
 step= 31000  E=1.187495516210e+03  Q=2.000000000000e+03  λ=1.096486e+00  dt=8.164e-04  relΔE=2.798e-10  ||F||=5.112e-04
 step= 31500  E=1.187495310080e+03  Q=2.000000000000e+03  λ=1.096478e+00  dt=1.264e-03  relΔE=3.473e-10  ||F||=4.600e-04
 step= 32000  E=1.187495146778e+03  Q=2.000000000000e+03  λ=1.096471e+00  dt=9.780e-04  relΔE=2.167e-10  ||F||=4.151e-04
 step= 32500  E=1.187495010402e+03  Q=2.000000000000e+03  λ=1.096464e+00  dt=7.570e-04  relΔE=1.363e-10  ||F||=3.762e-04
 step= 33000  E=1.187494905774e+03  Q=2.000000000000e+03  λ=1.096458e+00  dt=1.172e-03  relΔE=1.675e-10  ||F||=3.375e-04
 step= 33500  E=1.187494819649e+03  Q=2.000000000000e+03  λ=1.096452e+00  dt=9.069e-04  relΔE=1.040e-10  ||F||=3.045e-04
 step= 34000  E=1.187494749262e+03  Q=2.000000000000e+03  λ=1.096447e+00  dt=1.404e-03  relΔE=1.274e-10  ||F||=3.741e-04
 step= 34500  E=1.187494695520e+03  Q=2.000000000000e+03  λ=1.096443e+00  dt=1.086e-03  relΔE=8.006e-11  ||F||=2.482e-04
 step= 35000  E=1.187494650940e+03  Q=2.000000000000e+03  λ=1.096438e+00  dt=8.409e-04  relΔE=4.945e-11  ||F||=2.240e-04
 step= 35500  E=1.187494616717e+03  Q=2.000000000000e+03  λ=1.096435e+00  dt=1.085e-03  relΔE=5.123e-11  ||F||=2.030e-04
 step= 36000  E=1.187494588214e+03  Q=2.000000000000e+03  λ=1.096431e+00  dt=8.395e-04  relΔE=3.150e-11  ||F||=1.833e-04
 step= 36500  E=1.187494565672e+03  Q=2.000000000000e+03  λ=1.096428e+00  dt=1.300e-03  relΔE=3.857e-11  ||F||=1.654e-04
 step= 37000  E=1.187494548210e+03  Q=2.000000000000e+03  λ=1.096425e+00  dt=1.006e-03  relΔE=2.367e-11  ||F||=1.497e-04
 step= 37500  E=1.187494533930e+03  Q=2.000000000000e+03  λ=1.096422e+00  dt=7.785e-04  relΔE=1.445e-11  ||F||=1.354e-04
 step= 38000  E=1.187494523122e+03  Q=2.000000000000e+03  λ=1.096420e+00  dt=1.205e-03  relΔE=1.739e-11  ||F||=1.221e-04
 step= 38500  E=1.187494514597e+03  Q=2.000000000000e+03  λ=1.096418e+00  dt=9.326e-04  relΔE=1.046e-11  ||F||=1.104e-04
 step= 39000  E=1.187494507823e+03  Q=2.000000000000e+03  λ=1.096416e+00  dt=1.444e-03  relΔE=5.313e-12  ||F||=6.135e-04
 step= 39500  E=1.187494502906e+03  Q=2.000000000000e+03  λ=1.096414e+00  dt=1.117e-03  relΔE=7.350e-12  ||F||=9.015e-05
 step= 40000  E=1.187494499036e+03  Q=2.000000000000e+03  λ=1.096413e+00  dt=8.648e-04  relΔE=4.267e-12  ||F||=8.141e-05
 step= 40500  E=1.187494496158e+03  Q=2.000000000000e+03  λ=1.096411e+00  dt=1.339e-03  relΔE=4.863e-12  ||F||=7.355e-05
 step= 41000  E=1.187494494108e+03  Q=2.000000000000e+03  λ=1.096410e+00  dt=1.036e-03  relΔE=2.731e-12  ||F||=6.654e-05
 step= 41500  E=1.187494492604e+03  Q=2.000000000000e+03  λ=1.096409e+00  dt=8.019e-04  relΔE=1.470e-12  ||F||=6.009e-05
 step= 42000  E=1.187494491597e+03  Q=2.000000000000e+03  λ=1.096408e+00  dt=1.241e-03  relΔE=1.504e-12  ||F||=5.430e-05
 step= 42500  E=1.187494490958e+03  Q=2.000000000000e+03  λ=1.096407e+00  dt=9.607e-04  relΔE=7.092e-13  ||F||=4.913e-05
 step= 43000  E=1.187494490585e+03  Q=2.000000000000e+03  λ=1.096406e+00  dt=7.435e-04  relΔE=2.828e-13  ||F||=4.443e-05
 step= 43500  E=1.187494490441e+03  Q=2.000000000000e+03  λ=1.096405e+00  dt=1.151e-03  relΔE=1.078e-13  ||F||=4.014e-05
  !! dt è sceso sotto dt_min, mi fermo (stiffness).

Stationary candidate (aggressive): E=1.187494490428e+03, Q=2.000000000000e+03, maxρ=1.124433e+00

=== Stability test (damped inertial dynamics) ===
Perturb eps=0.02, gamma=1
t=0: E=1.285150068903e+03, Q=2.000000000000e+03, maxρ=1.163480e+00, σ=2.574243e+00, Rc=1.865314e+01
 step=     1  E=1.285149578562e+03  Q=2.000000000000e+03  λ=1.483059e+00  maxρ=1.163480e+00  minρ=1.000e-15  σ=2.574243e+00  Rc=1.865314e+01
 step=   300  E=1.265042749281e+03  Q=2.000000000000e+03  λ=1.380150e+00  maxρ=1.161504e+00  minρ=1.000e-15  σ=2.574240e+00  Rc=1.865314e+01
 step=   600  E=1.224586086896e+03  Q=2.000000000000e+03  λ=1.193736e+00  maxρ=1.155934e+00  minρ=1.000e-15  σ=2.574235e+00  Rc=1.865315e+01
 step=   900  E=1.200858471662e+03  Q=2.000000000000e+03  λ=1.134159e+00  maxρ=1.147696e+00  minρ=1.000e-15  σ=2.574233e+00  Rc=1.865315e+01
 step=  1200  E=1.209798271516e+03  Q=2.000000000000e+03  λ=1.241424e+00  maxρ=1.143933e+00  minρ=1.000e-15  σ=2.574236e+00  Rc=1.865314e+01
 step=  1500  E=1.234031387350e+03  Q=2.000000000000e+03  λ=1.358028e+00  maxρ=1.148478e+00  minρ=1.000e-15  σ=2.574238e+00  Rc=1.865313e+01
 step=  1800  E=1.246484636546e+03  Q=2.000000000000e+03  λ=1.344315e+00  maxρ=1.152152e+00  minρ=1.000e-15  σ=2.574235e+00  Rc=1.865313e+01
 step=  2100  E=1.239288922768e+03  Q=2.000000000000e+03  λ=1.243111e+00  maxρ=1.146284e+00  minρ=1.000e-15  σ=2.574232e+00  Rc=1.865314e+01
 step=  2400  E=1.226503079319e+03  Q=2.000000000000e+03  λ=1.196056e+00  maxρ=1.134097e+00  minρ=1.000e-15  σ=2.574232e+00  Rc=1.865314e+01
 step=  2700  E=1.223300578711e+03  Q=2.000000000000e+03  λ=1.250646e+00  maxρ=1.140056e+00  minρ=1.000e-15  σ=2.574236e+00  Rc=1.865313e+01
 step=  3000  E=1.229460933454e+03  Q=2.000000000000e+03  λ=1.316721e+00  maxρ=1.154368e+00  minρ=1.000e-15  σ=2.574237e+00  Rc=1.865313e+01
 step=  3300  E=1.234182489064e+03  Q=2.000000000000e+03  λ=1.304663e+00  maxρ=1.157320e+00  minρ=1.000e-15  σ=2.574233e+00  Rc=1.865313e+01
 step=  3600  E=1.231401035381e+03  Q=2.000000000000e+03  λ=1.240052e+00  maxρ=1.149054e+00  minρ=1.000e-15  σ=2.574229e+00  Rc=1.865313e+01
 step=  3900  E=1.225477381903e+03  Q=2.000000000000e+03  λ=1.210991e+00  maxρ=1.149053e+00  minρ=1.000e-15  σ=2.574229e+00  Rc=1.865313e+01
 step=  4200  E=1.223231354675e+03  Q=2.000000000000e+03  λ=1.243466e+00  maxρ=1.145052e+00  minρ=1.000e-15  σ=2.574233e+00  Rc=1.865313e+01
 step=  4500  E=1.225288519888e+03  Q=2.000000000000e+03  λ=1.278957e+00  maxρ=1.142379e+00  minρ=1.000e-15  σ=2.574234e+00  Rc=1.865312e+01
 step=  4800  E=1.227181415874e+03  Q=2.000000000000e+03  λ=1.266584e+00  maxρ=1.147749e+00  minρ=1.000e-15  σ=2.574231e+00  Rc=1.865312e+01
 step=  5100  E=1.226190540486e+03  Q=2.000000000000e+03  λ=1.228967e+00  maxρ=1.148630e+00  minρ=1.000e-15  σ=2.574226e+00  Rc=1.865312e+01
 step=  5400  E=1.223999771243e+03  Q=2.000000000000e+03  λ=1.218856e+00  maxρ=1.147266e+00  minρ=1.000e-15  σ=2.574225e+00  Rc=1.865312e+01
 step=  5700  E=1.223116505744e+03  Q=2.000000000000e+03  λ=1.242868e+00  maxρ=1.143339e+00  minρ=1.000e-15  σ=2.574228e+00  Rc=1.865311e+01
 step=  6000  E=1.223419843998e+03  Q=2.000000000000e+03  λ=1.260308e+00  maxρ=1.139832e+00  minρ=1.000e-15  σ=2.574229e+00  Rc=1.865311e+01
 >>> No runaway detected in this horizon. Likely stable (within this model & box).

STABILITY: PASS
