
=== Aggressive relaxation to Q = 618 ===
Initial: E=1.040384470373e+03, Q=6.180000000000e+02, dt=1.000e-04
 step=     1  E=1.040356202815e+03  Q=6.180000000000e+02  λ=3.291745e+00  dt=1.000e-04  relΔE=2.717e-05  ||F||=6.765e-01
 step=   500  E=1.005877441535e+03  Q=6.180000000000e+02  λ=3.174847e+00  dt=6.192e-04  relΔE=1.286e-04  ||F||=6.372e-01
 step=  1000  E=9.099208670583e+02  Q=6.180000000000e+02  λ=2.853339e+00  dt=9.584e-04  relΔE=1.594e-04  ||F||=5.423e-01
 step=  1500  E=8.335285615121e+02  Q=6.180000000000e+02  λ=2.601182e+00  dt=7.418e-04  relΔE=1.099e-04  ||F||=4.905e-01
 step=  2000  E=7.773595400200e+02  Q=6.180000000000e+02  λ=2.417947e+00  dt=1.148e-03  relΔE=1.349e-04  ||F||=4.212e-01
 step=  2500  E=7.306811870869e+02  Q=6.180000000000e+02  λ=2.266735e+00  dt=8.887e-04  relΔE=9.008e-05  ||F||=3.793e-01
 step=  3000  E=6.920826444068e+02  Q=6.180000000000e+02  λ=2.142697e+00  dt=1.376e-03  relΔE=1.214e-04  ||F||=3.640e-01
 step=  3500  E=6.610913663117e+02  Q=6.180000000000e+02  λ=2.043507e+00  dt=1.065e-03  relΔE=8.322e-05  ||F||=3.168e-01
 step=  4000  E=6.339193675757e+02  Q=6.180000000000e+02  λ=1.956983e+00  dt=8.241e-04  relΔE=5.728e-05  ||F||=2.926e-01
 step=  4500  E=6.107482759506e+02  Q=6.180000000000e+02  λ=1.883607e+00  dt=1.276e-03  relΔE=7.941e-05  ||F||=2.718e-01
 step=  5000  E=5.909674248548e+02  Q=6.180000000000e+02  λ=1.821130e+00  dt=9.873e-04  relΔE=5.565e-05  ||F||=2.543e-01
 step=  5500  E=5.728943622564e+02  Q=6.180000000000e+02  λ=1.764279e+00  dt=7.641e-04  relΔE=4.001e-05  ||F||=2.414e-01
 step=  6000  E=5.574513858699e+02  Q=6.180000000000e+02  λ=1.715939e+00  dt=1.183e-03  relΔE=5.614e-05  ||F||=2.267e-01
 step=  6500  E=5.432090006826e+02  Q=6.180000000000e+02  λ=1.671476e+00  dt=9.154e-04  relΔE=4.064e-05  ||F||=2.164e-01
 step=  7000  E=5.298059973915e+02  Q=6.180000000000e+02  λ=1.629935e+00  dt=1.417e-03  relΔE=5.737e-05  ||F||=4.842e-01
 step=  7500  E=5.179402783004e+02  Q=6.180000000000e+02  λ=1.593080e+00  dt=1.097e-03  relΔE=4.453e-05  ||F||=2.021e-01
 step=  8000  E=5.062445064471e+02  Q=6.180000000000e+02  λ=1.556921e+00  dt=8.488e-04  relΔE=3.369e-05  ||F||=1.975e-01
 step=  8500  E=4.950274758980e+02  Q=6.180000000000e+02  λ=1.522292e+00  dt=1.314e-03  relΔE=5.147e-05  ||F||=1.941e-01
 step=  9000  E=4.844212378112e+02  Q=6.180000000000e+02  λ=1.489414e+00  dt=1.017e-03  relΔE=3.959e-05  ||F||=1.914e-01
 step=  9500  E=4.737304894790e+02  Q=6.180000000000e+02  λ=1.456070e+00  dt=7.871e-04  relΔE=3.062e-05  ||F||=1.892e-01
 step= 10000  E=4.636722934584e+02  Q=6.180000000000e+02  λ=1.424424e+00  dt=1.218e-03  relΔE=4.637e-05  ||F||=1.851e-01
 step= 10500  E=4.540069759649e+02  Q=6.180000000000e+02  λ=1.393578e+00  dt=9.430e-04  relΔE=3.478e-05  ||F||=1.803e-01
 step= 11000  E=4.446303193431e+02  Q=6.180000000000e+02  λ=1.363191e+00  dt=7.298e-04  relΔE=3.079e-05  ||F||=2.076e-01
 step= 11500  E=4.365381705749e+02  Q=6.180000000000e+02  λ=1.336514e+00  dt=1.130e-03  relΔE=3.617e-05  ||F||=1.648e-01
 step= 12000  E=4.290943142819e+02  Q=6.180000000000e+02  λ=1.311493e+00  dt=8.744e-04  relΔE=2.479e-05  ||F||=1.537e-01
 step= 12500  E=4.227049411346e+02  Q=6.180000000000e+02  λ=1.289612e+00  dt=1.353e-03  relΔE=3.265e-05  ||F||=1.415e-01
 step= 13000  E=4.175872929788e+02  Q=6.180000000000e+02  λ=1.271697e+00  dt=1.048e-03  relΔE=2.085e-05  ||F||=1.270e-01
 step= 13500  E=4.133637805696e+02  Q=6.180000000000e+02  λ=1.256590e+00  dt=8.108e-04  relΔE=1.280e-05  ||F||=1.126e-01
 step= 14000  E=4.101426235842e+02  Q=6.180000000000e+02  λ=1.244806e+00  dt=1.255e-03  relΔE=1.517e-05  ||F||=9.813e-02
 step= 14500  E=4.077484840462e+02  Q=6.180000000000e+02  λ=1.235808e+00  dt=9.713e-04  relΔE=8.803e-06  ||F||=8.471e-02
 step= 15000  E=4.059217980285e+02  Q=6.180000000000e+02  λ=1.228740e+00  dt=7.518e-04  relΔE=5.058e-06  ||F||=7.285e-02
 step= 15500  E=4.046724808383e+02  Q=6.180000000000e+02  λ=1.223748e+00  dt=1.164e-03  relΔE=5.488e-06  ||F||=6.087e-02
 step= 16000  E=4.037664452930e+02  Q=6.180000000000e+02  λ=1.219979e+00  dt=7.506e-04  relΔE=2.755e-06  ||F||=5.392e-02
 step= 16500  E=4.031459238634e+02  Q=6.180000000000e+02  λ=1.217286e+00  dt=1.162e-03  relΔE=2.697e-06  ||F||=4.262e-02
 step= 17000  E=4.027069289162e+02  Q=6.180000000000e+02  λ=1.215275e+00  dt=7.493e-04  relΔE=1.296e-06  ||F||=3.691e-02
 step= 17500  E=4.024117555154e+02  Q=6.180000000000e+02  λ=1.213841e+00  dt=1.160e-03  relΔE=1.273e-06  ||F||=2.927e-02
 step= 18000  E=4.022048478599e+02  Q=6.180000000000e+02  λ=1.212761e+00  dt=8.978e-04  relΔE=6.660e-07  ||F||=2.406e-02
 step= 18500  E=4.020634917918e+02  Q=6.180000000000e+02  λ=1.211959e+00  dt=1.390e-03  relΔE=6.878e-07  ||F||=2.277e-02
 step= 19000  E=4.019724586727e+02  Q=6.180000000000e+02  λ=1.211391e+00  dt=1.076e-03  relΔE=3.622e-07  ||F||=1.620e-02
 step= 19500  E=4.019089675939e+02  Q=6.180000000000e+02  λ=1.210951e+00  dt=8.324e-04  relΔE=1.876e-07  ||F||=1.324e-02
 step= 20000  E=4.018666751297e+02  Q=6.180000000000e+02  λ=1.210620e+00  dt=1.289e-03  relΔE=1.944e-07  ||F||=1.083e-02
 step= 20500  E=4.018388201592e+02  Q=6.180000000000e+02  λ=1.210372e+00  dt=9.973e-04  relΔE=1.018e-07  ||F||=8.904e-03
 step= 21000  E=4.018193582998e+02  Q=6.180000000000e+02  λ=1.210172e+00  dt=7.719e-04  relΔE=5.335e-08  ||F||=7.323e-03
 step= 21500  E=4.018067104221e+02  Q=6.180000000000e+02  λ=1.210021e+00  dt=1.195e-03  relΔE=5.560e-08  ||F||=6.002e-03
 step= 22000  E=4.017979694451e+02  Q=6.180000000000e+02  λ=1.209898e+00  dt=9.248e-04  relΔE=2.935e-08  ||F||=4.952e-03
 step= 22500  E=4.017918407209e+02  Q=6.180000000000e+02  λ=1.209797e+00  dt=1.431e-03  relΔE=2.457e-08  ||F||=1.988e-02
 step= 23000  E=4.017878404800e+02  Q=6.180000000000e+02  λ=1.209719e+00  dt=1.108e-03  relΔE=1.677e-08  ||F||=3.411e-03
 step= 23500  E=4.017849344906e+02  Q=6.180000000000e+02  λ=1.209651e+00  dt=8.575e-04  relΔE=9.088e-09  ||F||=2.849e-03
 step= 24000  E=4.017828864308e+02  Q=6.180000000000e+02  λ=1.209596e+00  dt=1.327e-03  relΔE=9.976e-09  ||F||=2.396e-03
 step= 24500  E=4.017814555151e+02  Q=6.180000000000e+02  λ=1.209550e+00  dt=1.027e-03  relΔE=5.606e-09  ||F||=2.035e-03
 step= 25000  E=4.017803800299e+02  Q=6.180000000000e+02  λ=1.209510e+00  dt=7.951e-04  relΔE=3.178e-09  ||F||=1.738e-03
 step= 25500  E=4.017796017924e+02  Q=6.180000000000e+02  λ=1.209477e+00  dt=1.231e-03  relΔE=3.665e-09  ||F||=1.495e-03
 step= 26000  E=4.017790175174e+02  Q=6.180000000000e+02  λ=1.209448e+00  dt=9.526e-04  relΔE=2.156e-09  ||F||=1.300e-03
 step= 26500  E=4.017785551681e+02  Q=6.180000000000e+02  λ=1.209423e+00  dt=7.373e-04  relΔE=1.432e-09  ||F||=1.210e-03
 step= 27000  E=4.017782158920e+02  Q=6.180000000000e+02  λ=1.209402e+00  dt=1.141e-03  relΔE=1.556e-09  ||F||=1.002e-03
 step= 27500  E=4.017779386138e+02  Q=6.180000000000e+02  λ=1.209383e+00  dt=8.833e-04  relΔE=9.539e-10  ||F||=8.891e-04
 step= 28000  E=4.017777162245e+02  Q=6.180000000000e+02  λ=1.209366e+00  dt=1.367e-03  relΔE=1.181e-09  ||F||=8.054e-04
 step= 28500  E=4.017775426107e+02  Q=6.180000000000e+02  λ=1.209352e+00  dt=1.058e-03  relΔE=7.452e-10  ||F||=7.129e-04
 step= 29000  E=4.017773966317e+02  Q=6.180000000000e+02  λ=1.209339e+00  dt=8.190e-04  relΔE=4.721e-10  ||F||=6.427e-04
 step= 29500  E=4.017772777997e+02  Q=6.180000000000e+02  λ=1.209328e+00  dt=1.268e-03  relΔE=6.021e-10  ||F||=5.811e-04
 step= 30000  E=4.017771808354e+02  Q=6.180000000000e+02  λ=1.209317e+00  dt=9.812e-04  relΔE=3.880e-10  ||F||=5.281e-04
 step= 30500  E=4.017770970224e+02  Q=6.180000000000e+02  λ=1.209308e+00  dt=7.594e-04  relΔE=2.545e-10  ||F||=4.848e-04
 step= 31000  E=4.017770299673e+02  Q=6.180000000000e+02  λ=1.209300e+00  dt=1.176e-03  relΔE=3.252e-10  ||F||=4.380e-04
 step= 31500  E=4.017769722508e+02  Q=6.180000000000e+02  λ=1.209293e+00  dt=9.098e-04  relΔE=2.118e-10  ||F||=4.000e-04
 step= 32000  E=4.017769226717e+02  Q=6.180000000000e+02  λ=1.209286e+00  dt=1.408e-03  relΔE=2.713e-10  ||F||=6.501e-04
 step= 32500  E=4.017768827891e+02  Q=6.180000000000e+02  λ=1.209281e+00  dt=1.090e-03  relΔE=1.814e-10  ||F||=3.348e-04
 step= 33000  E=4.017768477184e+02  Q=6.180000000000e+02  λ=1.209275e+00  dt=8.436e-04  relΔE=1.190e-10  ||F||=3.065e-04
 step= 33500  E=4.017768180396e+02  Q=6.180000000000e+02  λ=1.209270e+00  dt=1.306e-03  relΔE=1.563e-10  ||F||=2.807e-04
 step= 34000  E=4.017767933442e+02  Q=6.180000000000e+02  λ=1.209266e+00  dt=1.011e-03  relΔE=1.033e-10  ||F||=2.577e-04
 step= 34500  E=4.017767715740e+02  Q=6.180000000000e+02  λ=1.209262e+00  dt=7.823e-04  relΔE=6.833e-11  ||F||=2.368e-04
 step= 35000  E=4.017767535411e+02  Q=6.180000000000e+02  λ=1.209258e+00  dt=1.211e-03  relΔE=9.004e-11  ||F||=2.167e-04
 step= 35500  E=4.017767381254e+02  Q=6.180000000000e+02  λ=1.209255e+00  dt=7.810e-04  relΔE=5.014e-11  ||F||=2.000e-04
 step= 36000  E=4.017767248799e+02  Q=6.180000000000e+02  λ=1.209252e+00  dt=1.209e-03  relΔE=6.613e-11  ||F||=1.829e-04
 step= 36500  E=4.017767134247e+02  Q=6.180000000000e+02  λ=1.209250e+00  dt=9.357e-04  relΔE=4.394e-11  ||F||=1.680e-04
 step= 37000  E=4.017767033176e+02  Q=6.180000000000e+02  λ=1.209247e+00  dt=1.448e-03  relΔE=6.600e-12  ||F||=1.704e-03
 step= 37500  E=4.017766950558e+02  Q=6.180000000000e+02  λ=1.209245e+00  dt=1.121e-03  relΔE=3.891e-11  ||F||=1.416e-04
 step= 38000  E=4.017766876805e+02  Q=6.180000000000e+02  λ=1.209243e+00  dt=8.676e-04  relΔE=2.592e-11  ||F||=1.299e-04
 step= 38500  E=4.017766813201e+02  Q=6.180000000000e+02  λ=1.209241e+00  dt=1.343e-03  relΔE=3.455e-11  ||F||=1.196e-04
 step= 39000  E=4.017766759810e+02  Q=6.180000000000e+02  λ=1.209239e+00  dt=1.039e-03  relΔE=2.317e-11  ||F||=1.096e-04
 step= 39500  E=4.017766712244e+02  Q=6.180000000000e+02  λ=1.209238e+00  dt=8.045e-04  relΔE=1.553e-11  ||F||=1.006e-04
 step= 40000  E=4.017766671588e+02  Q=6.180000000000e+02  λ=1.209236e+00  dt=1.245e-03  relΔE=2.081e-11  ||F||=9.229e-05
 step= 40500  E=4.017766636616e+02  Q=6.180000000000e+02  λ=1.209235e+00  dt=9.638e-04  relΔE=1.401e-11  ||F||=8.482e-05
 step= 41000  E=4.017766605071e+02  Q=6.180000000000e+02  λ=1.209234e+00  dt=7.460e-04  relΔE=9.790e-12  ||F||=8.040e-05
 step= 41500  E=4.017766578971e+02  Q=6.180000000000e+02  λ=1.209232e+00  dt=1.155e-03  relΔE=1.272e-11  ||F||=7.150e-05
 step= 42000  E=4.017766555521e+02  Q=6.180000000000e+02  λ=1.209231e+00  dt=8.937e-04  relΔE=8.591e-12  ||F||=6.564e-05
 step= 42500  E=4.017766534789e+02  Q=6.180000000000e+02  λ=1.209230e+00  dt=1.383e-03  relΔE=1.159e-11  ||F||=6.746e-05
 step= 43000  E=4.017766517346e+02  Q=6.180000000000e+02  λ=1.209230e+00  dt=1.071e-03  relΔE=7.889e-12  ||F||=5.535e-05
 step= 43500  E=4.017766501545e+02  Q=6.180000000000e+02  λ=1.209229e+00  dt=8.287e-04  relΔE=5.358e-12  ||F||=5.083e-05
 step= 44000  E=4.017766487736e+02  Q=6.180000000000e+02  λ=1.209228e+00  dt=1.283e-03  relΔE=7.283e-12  ||F||=4.662e-05
 step= 44500  E=4.017766475833e+02  Q=6.180000000000e+02  λ=1.209227e+00  dt=9.928e-04  relΔE=4.976e-12  ||F||=4.286e-05
 step= 45000  E=4.017766464922e+02  Q=6.180000000000e+02  λ=1.209227e+00  dt=7.684e-04  relΔE=3.426e-12  ||F||=3.976e-05
 step= 45500  E=4.017766455652e+02  Q=6.180000000000e+02  λ=1.209226e+00  dt=1.189e-03  relΔE=4.649e-12  ||F||=3.612e-05
 step= 46000  E=4.017766447317e+02  Q=6.180000000000e+02  λ=1.209226e+00  dt=9.206e-04  relΔE=3.188e-12  ||F||=3.317e-05
 step= 46500  E=4.017766439726e+02  Q=6.180000000000e+02  λ=1.209225e+00  dt=1.425e-03  relΔE=3.823e-12  ||F||=1.850e-04
 step= 47000  E=4.017766433355e+02  Q=6.180000000000e+02  λ=1.209225e+00  dt=1.103e-03  relΔE=3.013e-12  ||F||=2.797e-05
 step= 47500  E=4.017766427457e+02  Q=6.180000000000e+02  λ=1.209225e+00  dt=8.536e-04  relΔE=2.075e-12  ||F||=2.568e-05
 step= 48000  E=4.017766422205e+02  Q=6.180000000000e+02  λ=1.209224e+00  dt=1.321e-03  relΔE=2.861e-12  ||F||=2.358e-05
 step= 48500  E=4.017766417639e+02  Q=6.180000000000e+02  λ=1.209224e+00  dt=1.023e-03  relΔE=1.982e-12  ||F||=2.165e-05
 step= 49000  E=4.017766413416e+02  Q=6.180000000000e+02  λ=1.209224e+00  dt=7.915e-04  relΔE=1.378e-12  ||F||=2.006e-05
 step= 49500  E=4.017766409725e+02  Q=6.180000000000e+02  λ=1.209223e+00  dt=1.225e-03  relΔE=1.901e-12  ||F||=1.824e-05
 step= 50000  E=4.017766406415e+02  Q=6.180000000000e+02  λ=1.209223e+00  dt=9.483e-04  relΔE=1.322e-12  ||F||=1.676e-05
 step= 50500  E=4.017766403337e+02  Q=6.180000000000e+02  λ=1.209223e+00  dt=7.339e-04  relΔE=1.023e-12  ||F||=1.918e-05
 step= 51000  E=4.017766400720e+02  Q=6.180000000000e+02  λ=1.209223e+00  dt=1.136e-03  relΔE=1.281e-12  ||F||=1.413e-05
 step= 51500  E=4.017766398277e+02  Q=6.180000000000e+02  λ=1.209222e+00  dt=8.793e-04  relΔE=8.927e-13  ||F||=1.298e-05
 step= 52000  E=4.017766396062e+02  Q=6.180000000000e+02  λ=1.209222e+00  dt=1.361e-03  relΔE=1.244e-12  ||F||=1.235e-05
 step= 52500  E=4.017766394128e+02  Q=6.180000000000e+02  λ=1.209222e+00  dt=1.053e-03  relΔE=8.721e-13  ||F||=1.094e-05
 step= 53000  E=4.017766392324e+02  Q=6.180000000000e+02  λ=1.209222e+00  dt=8.153e-04  relΔE=6.106e-13  ||F||=1.008e-05
 step= 53500  E=4.017766390708e+02  Q=6.180000000000e+02  λ=1.209222e+00  dt=1.262e-03  relΔE=8.537e-13  ||F||=9.213e-06
 step= 54000  E=4.017766389267e+02  Q=6.180000000000e+02  λ=1.209222e+00  dt=9.768e-04  relΔE=5.993e-13  ||F||=8.469e-06
 step= 54500  E=4.017766387910e+02  Q=6.180000000000e+02  λ=1.209221e+00  dt=7.560e-04  relΔE=4.305e-13  ||F||=8.464e-06
 step= 55000  E=4.017766386734e+02  Q=6.180000000000e+02  λ=1.209221e+00  dt=1.170e-03  relΔE=5.908e-13  ||F||=7.137e-06
 step= 55500  E=4.017766385641e+02  Q=6.180000000000e+02  λ=1.209221e+00  dt=9.057e-04  relΔE=4.150e-13  ||F||=6.556e-06
 step= 56000  E=4.017766384628e+02  Q=6.180000000000e+02  λ=1.209221e+00  dt=1.402e-03  relΔE=5.784e-13  ||F||=1.962e-05
 step= 56500  E=4.017766383749e+02  Q=6.180000000000e+02  λ=1.209221e+00  dt=1.085e-03  relΔE=4.116e-13  ||F||=5.526e-06
 step= 57000  E=4.017766382920e+02  Q=6.180000000000e+02  λ=1.209221e+00  dt=8.398e-04  relΔE=2.899e-13  ||F||=5.101e-06
 step= 57500  E=4.017766382169e+02  Q=6.180000000000e+02  λ=1.209221e+00  dt=1.300e-03  relΔE=4.086e-13  ||F||=4.658e-06
 step= 58000  E=4.017766381500e+02  Q=6.180000000000e+02  λ=1.209221e+00  dt=1.006e-03  relΔE=2.881e-13  ||F||=4.278e-06
 step= 58500  E=4.017766380866e+02  Q=6.180000000000e+02  λ=1.209221e+00  dt=7.787e-04  relΔE=2.051e-13  ||F||=4.154e-06
 step= 59000  E=4.017766380308e+02  Q=6.180000000000e+02  λ=1.209221e+00  dt=1.205e-03  relΔE=2.878e-13  ||F||=3.604e-06
 step= 59500  E=4.017766379792e+02  Q=6.180000000000e+02  λ=1.209221e+00  dt=9.330e-04  relΔE=2.029e-13  ||F||=3.312e-06
 step= 60000  E=4.017766379308e+02  Q=6.180000000000e+02  λ=1.209221e+00  dt=1.444e-03  relΔE=8.305e-14  ||F||=1.079e-04
 step= 60500  E=4.017766378889e+02  Q=6.180000000000e+02  λ=1.209221e+00  dt=1.118e-03  relΔE=2.036e-13  ||F||=2.791e-06
 step= 61000  E=4.017766378492e+02  Q=6.180000000000e+02  λ=1.209221e+00  dt=8.651e-04  relΔE=1.437e-13  ||F||=2.571e-06
 step= 61500  E=4.017766378128e+02  Q=6.180000000000e+02  λ=1.209221e+00  dt=1.339e-03  relΔE=2.029e-13  ||F||=2.424e-06
 step= 62000  E=4.017766377805e+02  Q=6.180000000000e+02  λ=1.209221e+00  dt=1.036e-03  relΔE=1.439e-13  ||F||=2.160e-06
 step= 62500  E=4.017766377499e+02  Q=6.180000000000e+02  λ=1.209220e+00  dt=8.022e-04  relΔE=1.023e-13  ||F||=2.055e-06
 step= 63000  E=4.017766377225e+02  Q=6.180000000000e+02  λ=1.209220e+00  dt=1.242e-03  relΔE=1.445e-13  ||F||=1.820e-06
 step= 63500  E=4.017766376975e+02  Q=6.180000000000e+02  λ=1.209220e+00  dt=9.610e-04  relΔE=1.019e-13  ||F||=1.673e-06
 step= 64000  E=4.017766376738e+02  Q=6.180000000000e+02  λ=1.209220e+00  dt=7.438e-04  relΔE=7.711e-14  ||F||=2.762e-06
 step= 64500  E=4.017766376532e+02  Q=6.180000000000e+02  λ=1.209220e+00  dt=1.151e-03  relΔE=1.029e-13  ||F||=1.409e-06
 step= 65000  E=4.017766376337e+02  Q=6.180000000000e+02  λ=1.209220e+00  dt=8.911e-04  relΔE=7.244e-14  ||F||=1.302e-06
 step= 65500  E=4.017766376157e+02  Q=6.180000000000e+02  λ=1.209220e+00  dt=1.379e-03  relΔE=1.027e-13  ||F||=2.581e-06
 step= 66000  E=4.017766375998e+02  Q=6.180000000000e+02  λ=1.209220e+00  dt=1.068e-03  relΔE=7.272e-14  ||F||=1.091e-06
 step= 66500  E=4.017766375847e+02  Q=6.180000000000e+02  λ=1.209220e+00  dt=8.263e-04  relΔE=5.178e-14  ||F||=1.026e-06
 step= 67000  E=4.017766375710e+02  Q=6.180000000000e+02  λ=1.209220e+00  dt=1.279e-03  relΔE=7.385e-14  ||F||=9.198e-07
 step= 67500  E=4.017766375587e+02  Q=6.180000000000e+02  λ=1.209220e+00  dt=9.899e-04  relΔE=5.263e-14  ||F||=8.452e-07
 step= 68000  E=4.017766375470e+02  Q=6.180000000000e+02  λ=1.209220e+00  dt=7.662e-04  relΔE=3.806e-14  ||F||=1.074e-06
 step= 68500  E=4.017766375366e+02  Q=6.180000000000e+02  λ=1.209220e+00  dt=1.186e-03  relΔE=5.263e-14  ||F||=7.118e-07
 step= 69000  E=4.017766375270e+02  Q=6.180000000000e+02  λ=1.209220e+00  dt=9.179e-04  relΔE=3.721e-14  ||F||=6.571e-07
 step= 69500  E=4.017766375179e+02  Q=6.180000000000e+02  λ=1.209220e+00  dt=1.421e-03  relΔE=4.839e-14  ||F||=1.716e-05
 step= 70000  E=4.017766375100e+02  Q=6.180000000000e+02  λ=1.209220e+00  dt=1.100e-03  relΔE=3.749e-14  ||F||=5.512e-07
 step= 70500  E=4.017766375025e+02  Q=6.180000000000e+02  λ=1.209220e+00  dt=8.511e-04  relΔE=2.646e-14  ||F||=5.206e-07
 step= 71000  E=4.017766374956e+02  Q=6.180000000000e+02  λ=1.209220e+00  dt=1.318e-03  relΔE=3.792e-14  ||F||=4.758e-07
 step= 71500  E=4.017766374895e+02  Q=6.180000000000e+02  λ=1.209220e+00  dt=1.020e-03  relΔE=2.731e-14  ||F||=4.268e-07
 step= 72000  E=4.017766374836e+02  Q=6.180000000000e+02  λ=1.209220e+00  dt=7.892e-04  relΔE=1.910e-14  ||F||=4.955e-07
 step= 72500  E=4.017766374784e+02  Q=6.180000000000e+02  λ=1.209220e+00  dt=1.222e-03  relΔE=2.759e-14  ||F||=3.595e-07
 step= 73000  E=4.017766374736e+02  Q=6.180000000000e+02  λ=1.209220e+00  dt=9.455e-04  relΔE=1.938e-14  ||F||=3.313e-07
 step= 73500  E=4.017766374690e+02  Q=6.180000000000e+02  λ=1.209220e+00  dt=7.318e-04  relΔE=1.570e-14  ||F||=1.635e-06
 step= 74000  E=4.017766374651e+02  Q=6.180000000000e+02  λ=1.209220e+00  dt=1.133e-03  relΔE=1.924e-14  ||F||=2.784e-07
 step= 74500  E=4.017766374613e+02  Q=6.180000000000e+02  λ=1.209220e+00  dt=8.767e-04  relΔE=1.344e-14  ||F||=2.703e-07
 step= 75000  E=4.017766374578e+02  Q=6.180000000000e+02  λ=1.209220e+00  dt=1.357e-03  relΔE=1.924e-14  ||F||=4.998e-07
 step= 75500  E=4.017766374547e+02  Q=6.180000000000e+02  λ=1.209220e+00  dt=1.050e-03  relΔE=1.415e-14  ||F||=2.157e-07
 step= 76000  E=4.017766374518e+02  Q=6.180000000000e+02  λ=1.209220e+00  dt=8.130e-04  relΔE=9.904e-15  ||F||=2.551e-07
 step= 76500  E=4.017766374492e+02  Q=6.180000000000e+02  λ=1.209220e+00  dt=1.258e-03  relΔE=1.429e-14  ||F||=1.818e-07
 step= 77000  E=4.017766374468e+02  Q=6.180000000000e+02  λ=1.209220e+00  dt=9.740e-04  relΔE=1.005e-14  ||F||=1.674e-07
 step= 77500  E=4.017766374445e+02  Q=6.180000000000e+02  λ=1.209220e+00  dt=7.538e-04  relΔE=7.357e-15  ||F||=5.041e-07
 step= 78000  E=4.017766374425e+02  Q=6.180000000000e+02  λ=1.209220e+00  dt=1.167e-03  relΔE=1.047e-14  ||F||=1.406e-07
 step= 78500  E=4.017766374406e+02  Q=6.180000000000e+02  λ=1.209220e+00  dt=9.031e-04  relΔE=6.933e-15  ||F||=1.335e-07
 step= 79000  E=4.017766374388e+02  Q=6.180000000000e+02  λ=1.209220e+00  dt=1.398e-03  relΔE=1.047e-14  ||F||=2.032e-06
 step= 79500  E=4.017766374373e+02  Q=6.180000000000e+02  λ=1.209220e+00  dt=1.082e-03  relΔE=7.357e-15  ||F||=1.089e-07
 step= 80000  E=4.017766374358e+02  Q=6.180000000000e+02  λ=1.209220e+00  dt=8.374e-04  relΔE=5.235e-15  ||F||=1.142e-07
 step= 80500  E=4.017766374344e+02  Q=6.180000000000e+02  λ=1.209220e+00  dt=1.296e-03  relΔE=7.498e-15  ||F||=9.461e-08
 step= 81000  E=4.017766374332e+02  Q=6.180000000000e+02  λ=1.209220e+00  dt=1.003e-03  relΔE=5.518e-15  ||F||=8.462e-08
 step= 81500  E=4.017766374321e+02  Q=6.180000000000e+02  λ=1.209220e+00  dt=7.765e-04  relΔE=3.678e-15  ||F||=1.766e-07
 step= 82000  E=4.017766374311e+02  Q=6.180000000000e+02  λ=1.209220e+00  dt=1.202e-03  relΔE=5.518e-15  ||F||=7.102e-08
 step= 82500  E=4.017766374301e+02  Q=6.180000000000e+02  λ=1.209220e+00  dt=9.303e-04  relΔE=3.678e-15  ||F||=6.691e-08
 step= 83000  E=4.017766374292e+02  Q=6.180000000000e+02  λ=1.209220e+00  dt=1.440e-03  relΔE=1.839e-15  ||F||=1.421e-05
 step= 83500  E=4.017766374284e+02  Q=6.180000000000e+02  λ=1.209220e+00  dt=1.115e-03  relΔE=3.678e-15  ||F||=5.502e-08
 step= 84000  E=4.017766374277e+02  Q=6.180000000000e+02  λ=1.209220e+00  dt=8.626e-04  relΔE=2.688e-15  ||F||=6.370e-08
 Converged (aggressive): step=84064, E=4.017766374276e+02, Q=6.180000000000e+02, dt=1.035e-03, ||F||=4.999e-08

Stationary candidate (aggressive): E=4.017766374276e+02, Q=6.180000000000e+02, maxρ=6.544056e-01

=== Stability test (damped inertial dynamics) ===
Perturb eps=0.02, gamma=1
t=0: E=4.318735302260e+02, Q=6.180000000000e+02, maxρ=6.751887e-01, σ=2.595039e+00, Rc=1.866074e+01
 step=     1  E=4.318733791399e+02  Q=6.180000000000e+02  λ=1.594894e+00  maxρ=6.751887e-01  minρ=1.000e-15  σ=2.595039e+00  Rc=1.866074e+01
 step=   300  E=4.256780605184e+02  Q=6.180000000000e+02  λ=1.492256e+00  maxρ=6.740434e-01  minρ=1.000e-15  σ=2.595035e+00  Rc=1.866074e+01
 step=   600  E=4.132133934422e+02  Q=6.180000000000e+02  λ=1.306326e+00  maxρ=6.708146e-01  minρ=1.000e-15  σ=2.595030e+00  Rc=1.866075e+01
 step=   900  E=4.059046665656e+02  Q=6.180000000000e+02  λ=1.246889e+00  maxρ=6.660390e-01  minρ=1.000e-15  σ=2.595028e+00  Rc=1.866075e+01
 step=  1200  E=4.086600831734e+02  Q=6.180000000000e+02  λ=1.353880e+00  maxρ=6.638017e-01  minρ=1.000e-15  σ=2.595031e+00  Rc=1.866074e+01
 step=  1500  E=4.161216313811e+02  Q=6.180000000000e+02  λ=1.470221e+00  maxρ=6.677628e-01  minρ=1.000e-15  σ=2.595033e+00  Rc=1.866074e+01
 step=  1800  E=4.199470613687e+02  Q=6.180000000000e+02  λ=1.456557e+00  maxρ=6.699010e-01  minρ=1.000e-15  σ=2.595030e+00  Rc=1.866074e+01
 step=  2100  E=4.177199698889e+02  Q=6.180000000000e+02  λ=1.355533e+00  maxρ=6.664920e-01  minρ=1.000e-15  σ=2.595027e+00  Rc=1.866074e+01
 step=  2400  E=4.137838424227e+02  Q=6.180000000000e+02  λ=1.308479e+00  maxρ=6.599305e-01  minρ=1.000e-15  σ=2.595027e+00  Rc=1.866074e+01
 step=  2700  E=4.128161960692e+02  Q=6.180000000000e+02  λ=1.362932e+00  maxρ=6.615548e-01  minρ=1.000e-15  σ=2.595030e+00  Rc=1.866074e+01
 step=  3000  E=4.147352481587e+02  Q=6.180000000000e+02  λ=1.429030e+00  maxρ=6.698626e-01  minρ=1.000e-15  σ=2.595031e+00  Rc=1.866074e+01
 step=  3300  E=4.161934540613e+02  Q=6.180000000000e+02  λ=1.417203e+00  maxρ=6.715804e-01  minρ=1.000e-15  σ=2.595027e+00  Rc=1.866074e+01
 step=  3600  E=4.153177141055e+02  Q=6.180000000000e+02  λ=1.352716e+00  maxρ=6.687093e-01  minρ=1.000e-15  σ=2.595022e+00  Rc=1.866074e+01
 step=  3900  E=4.134694737007e+02  Q=6.180000000000e+02  λ=1.323449e+00  maxρ=6.687149e-01  minρ=1.000e-15  σ=2.595023e+00  Rc=1.866073e+01
 step=  4200  E=4.127735746035e+02  Q=6.180000000000e+02  λ=1.355633e+00  maxρ=6.663938e-01  minρ=1.000e-15  σ=2.595026e+00  Rc=1.866073e+01
 step=  4500  E=4.134268392373e+02  Q=6.180000000000e+02  λ=1.391159e+00  maxρ=6.646182e-01  minρ=1.000e-15  σ=2.595027e+00  Rc=1.866073e+01
 step=  4800  E=4.140319498718e+02  Q=6.180000000000e+02  λ=1.379150e+00  maxρ=6.673431e-01  minρ=1.000e-15  σ=2.595023e+00  Rc=1.866073e+01
 step=  5100  E=4.137273478398e+02  Q=6.180000000000e+02  λ=1.341776e+00  maxρ=6.682715e-01  minρ=1.000e-15  σ=2.595018e+00  Rc=1.866073e+01
 step=  5400  E=4.130311686431e+02  Q=6.180000000000e+02  λ=1.331462e+00  maxρ=6.674901e-01  minρ=1.000e-15  σ=2.595017e+00  Rc=1.866072e+01
 step=  5700  E=4.127387643998e+02  Q=6.180000000000e+02  λ=1.355069e+00  maxρ=6.652176e-01  minρ=1.000e-15  σ=2.595019e+00  Rc=1.866072e+01
 step=  6000  E=4.128340194191e+02  Q=6.180000000000e+02  λ=1.372406e+00  maxρ=6.630193e-01  minρ=1.000e-15  σ=2.595020e+00  Rc=1.866072e+01
 >>> No runaway detected in this horizon. Likely stable (within this model & box).

STABILITY: PASS
