
=== Aggressive relaxation to Q = 1578 ===
Initial: E=2.646460571925e+03, Q=1.578000000000e+03, dt=1.000e-04
 step=     1  E=2.646363586354e+03  Q=1.578000000000e+03  λ=3.441497e+00  dt=1.000e-04  relΔE=3.665e-05  ||F||=7.843e-01
 step=   500  E=2.534029262425e+03  Q=1.578000000000e+03  λ=3.260026e+00  dt=6.192e-04  relΔE=1.598e-04  ||F||=7.056e-01
 step=  1000  E=2.250649792269e+03  Q=1.578000000000e+03  λ=2.835499e+00  dt=9.584e-04  relΔE=1.820e-04  ||F||=5.703e-01
 step=  1500  E=2.041001000826e+03  Q=1.578000000000e+03  λ=2.538387e+00  dt=7.418e-04  relΔE=1.185e-04  ||F||=4.986e-01
 step=  2000  E=1.892987776046e+03  Q=1.578000000000e+03  λ=2.334165e+00  dt=1.148e-03  relΔE=1.434e-04  ||F||=4.240e-01
 step=  2500  E=1.773818448324e+03  Q=1.578000000000e+03  λ=2.172169e+00  dt=8.887e-04  relΔE=9.371e-05  ||F||=3.772e-01
 step=  3000  E=1.677238434204e+03  Q=1.578000000000e+03  λ=2.042653e+00  dt=1.376e-03  relΔE=1.243e-04  ||F||=3.535e-01
 step=  3500  E=1.600814055766e+03  Q=1.578000000000e+03  λ=1.941005e+00  dt=1.065e-03  relΔE=8.407e-05  ||F||=3.101e-01
 step=  4000  E=1.534704750432e+03  Q=1.578000000000e+03  λ=1.853811e+00  dt=8.241e-04  relΔE=5.727e-05  ||F||=2.848e-01
 step=  4500  E=1.478873923865e+03  Q=1.578000000000e+03  λ=1.780781e+00  dt=1.276e-03  relΔE=7.868e-05  ||F||=2.634e-01
 step=  5000  E=1.431596377011e+03  Q=1.578000000000e+03  λ=1.719241e+00  dt=9.873e-04  relΔE=5.469e-05  ||F||=2.456e-01
 step=  5500  E=1.388767517631e+03  Q=1.578000000000e+03  λ=1.663821e+00  dt=7.641e-04  relΔE=3.879e-05  ||F||=2.316e-01
 step=  6000  E=1.352422865082e+03  Q=1.578000000000e+03  λ=1.617094e+00  dt=1.183e-03  relΔE=5.423e-05  ||F||=2.172e-01
 step=  6500  E=1.319185929191e+03  Q=1.578000000000e+03  λ=1.574526e+00  dt=9.154e-04  relΔE=3.886e-05  ||F||=2.064e-01
 step=  7000  E=1.288225234476e+03  Q=1.578000000000e+03  λ=1.535176e+00  dt=1.417e-03  relΔE=5.465e-05  ||F||=4.195e-01
 step=  7500  E=1.261060539531e+03  Q=1.578000000000e+03  λ=1.500639e+00  dt=1.097e-03  relΔE=4.162e-05  ||F||=1.908e-01
 step=  8000  E=1.234556566102e+03  Q=1.578000000000e+03  λ=1.467115e+00  dt=8.488e-04  relΔE=3.120e-05  ||F||=1.858e-01
 step=  8500  E=1.209265831224e+03  Q=1.578000000000e+03  λ=1.435223e+00  dt=1.314e-03  relΔE=4.749e-05  ||F||=1.824e-01
 step=  9000  E=1.185304189484e+03  Q=1.578000000000e+03  λ=1.404959e+00  dt=1.017e-03  relΔE=3.670e-05  ||F||=1.804e-01
 step=  9500  E=1.160892132565e+03  Q=1.578000000000e+03  λ=1.374054e+00  dt=7.871e-04  relΔE=2.880e-05  ||F||=1.798e-01
 step= 10000  E=1.137296264884e+03  Q=1.578000000000e+03  λ=1.344082e+00  dt=1.218e-03  relΔE=4.502e-05  ||F||=1.788e-01
 step= 10500  E=1.113838958305e+03  Q=1.578000000000e+03  λ=1.314080e+00  dt=9.430e-04  relΔE=3.524e-05  ||F||=1.779e-01
 step= 11000  E=1.089887592254e+03  Q=1.578000000000e+03  λ=1.283279e+00  dt=7.298e-04  relΔE=3.112e-05  ||F||=1.919e-01
 step= 11500  E=1.067992107859e+03  Q=1.578000000000e+03  λ=1.255019e+00  dt=1.130e-03  relΔE=4.118e-05  ||F||=1.721e-01
 step= 12000  E=1.046610981095e+03  Q=1.578000000000e+03  λ=1.227348e+00  dt=8.744e-04  relΔE=3.013e-05  ||F||=1.656e-01
 step= 12500  E=1.027100363492e+03  Q=1.578000000000e+03  λ=1.202170e+00  dt=1.353e-03  relΔE=4.228e-05  ||F||=1.571e-01
 step= 13000  E=1.010562914104e+03  Q=1.578000000000e+03  λ=1.180914e+00  dt=1.048e-03  relΔE=2.852e-05  ||F||=1.446e-01
 step= 13500  E=9.962947051716e+02  Q=1.578000000000e+03  λ=1.162747e+00  dt=8.108e-04  relΔE=1.834e-05  ||F||=1.309e-01
 step= 14000  E=9.849644034854e+02  Q=1.578000000000e+03  λ=1.148528e+00  dt=1.255e-03  relΔE=2.254e-05  ||F||=1.160e-01
 step= 14500  E=9.763242395534e+02  Q=1.578000000000e+03  λ=1.137853e+00  dt=9.713e-04  relΔE=1.341e-05  ||F||=1.012e-01
 step= 15000  E=9.696139116598e+02  Q=1.578000000000e+03  λ=1.129743e+00  dt=7.518e-04  relΔE=7.825e-06  ||F||=8.764e-02
 step= 15500  E=9.649816230320e+02  Q=1.578000000000e+03  λ=1.124297e+00  dt=1.164e-03  relΔE=8.552e-06  ||F||=7.343e-02
 step= 16000  E=9.616145824666e+02  Q=1.578000000000e+03  λ=1.120460e+00  dt=7.506e-04  relΔE=4.249e-06  ||F||=6.464e-02
 step= 16500  E=9.593171477938e+02  Q=1.578000000000e+03  λ=1.117948e+00  dt=1.162e-03  relΔE=4.182e-06  ||F||=5.124e-02
 step= 17000  E=9.577033801413e+02  Q=1.578000000000e+03  λ=1.116268e+00  dt=7.493e-04  relΔE=2.075e-06  ||F||=4.543e-02
 step= 17500  E=9.566330160768e+02  Q=1.578000000000e+03  λ=1.115223e+00  dt=1.160e-03  relΔE=1.930e-06  ||F||=3.478e-02
 step= 18000  E=9.558927244125e+02  Q=1.578000000000e+03  λ=1.114556e+00  dt=8.978e-04  relΔE=9.935e-07  ||F||=2.835e-02
 step= 18500  E=9.553959172905e+02  Q=1.578000000000e+03  λ=1.114155e+00  dt=1.390e-03  relΔE=1.007e-06  ||F||=2.623e-02
 step= 19000  E=9.550818868164e+02  Q=1.578000000000e+03  λ=1.113934e+00  dt=1.076e-03  relΔE=5.193e-07  ||F||=1.872e-02
 step= 19500  E=9.548681457209e+02  Q=1.578000000000e+03  λ=1.113811e+00  dt=8.324e-04  relΔE=2.629e-07  ||F||=1.513e-02
 step= 20000  E=9.547288973826e+02  Q=1.578000000000e+03  λ=1.113751e+00  dt=1.289e-03  relΔE=2.657e-07  ||F||=1.223e-02
 step= 20500  E=9.546395650666e+02  Q=1.578000000000e+03  λ=1.113728e+00  dt=9.973e-04  relΔE=1.355e-07  ||F||=9.920e-03
 step= 21000  E=9.545789145650e+02  Q=1.578000000000e+03  λ=1.113723e+00  dt=7.719e-04  relΔE=6.879e-08  ||F||=8.035e-03
 step= 21500  E=9.545407324745e+02  Q=1.578000000000e+03  λ=1.113728e+00  dt=1.195e-03  relΔE=6.941e-08  ||F||=6.485e-03
 step= 22000  E=9.545152451546e+02  Q=1.578000000000e+03  λ=1.113737e+00  dt=9.248e-04  relΔE=3.531e-08  ||F||=5.257e-03
 step= 22500  E=9.544980671163e+02  Q=1.578000000000e+03  λ=1.113747e+00  dt=1.431e-03  relΔE=2.871e-08  ||F||=2.005e-02
 step= 23000  E=9.544873403773e+02  Q=1.578000000000e+03  λ=1.113756e+00  dt=1.108e-03  relΔE=1.847e-08  ||F||=3.472e-03
 step= 23500  E=9.544799180582e+02  Q=1.578000000000e+03  λ=1.113763e+00  dt=8.575e-04  relΔE=9.495e-09  ||F||=2.830e-03
 step= 24000  E=9.544749711017e+02  Q=1.578000000000e+03  λ=1.113769e+00  dt=1.327e-03  relΔE=9.825e-09  ||F||=2.315e-03
 step= 24500  E=9.544717212977e+02  Q=1.578000000000e+03  λ=1.113772e+00  dt=1.027e-03  relΔE=5.178e-09  ||F||=1.910e-03
 step= 25000  E=9.544694393854e+02  Q=1.578000000000e+03  λ=1.113775e+00  dt=7.951e-04  relΔE=2.731e-09  ||F||=1.578e-03
 step= 25500  E=9.544679072697e+02  Q=1.578000000000e+03  λ=1.113776e+00  dt=1.231e-03  relΔE=2.915e-09  ||F||=1.312e-03
 step= 26000  E=9.544668448632e+02  Q=1.578000000000e+03  λ=1.113776e+00  dt=9.526e-04  relΔE=1.580e-09  ||F||=1.099e-03
 step= 26500  E=9.544660734616e+02  Q=1.578000000000e+03  λ=1.113775e+00  dt=7.373e-04  relΔE=9.287e-10  ||F||=9.622e-04
 step= 27000  E=9.544655548638e+02  Q=1.578000000000e+03  λ=1.113774e+00  dt=1.141e-03  relΔE=9.571e-10  ||F||=7.858e-04
 step= 27500  E=9.544651669153e+02  Q=1.578000000000e+03  λ=1.113772e+00  dt=8.833e-04  relΔE=5.355e-10  ||F||=6.707e-04
 step= 28000  E=9.544648831460e+02  Q=1.578000000000e+03  λ=1.113770e+00  dt=1.367e-03  relΔE=6.048e-10  ||F||=5.839e-04
 step= 28500  E=9.544646808501e+02  Q=1.578000000000e+03  λ=1.113768e+00  dt=1.058e-03  relΔE=3.491e-10  ||F||=4.998e-04
 step= 29000  E=9.544645253387e+02  Q=1.578000000000e+03  λ=1.113766e+00  dt=8.190e-04  relΔE=2.020e-10  ||F||=4.352e-04
 step= 29500  E=9.544644095957e+02  Q=1.578000000000e+03  λ=1.113764e+00  dt=1.268e-03  relΔE=2.358e-10  ||F||=3.808e-04
 step= 30000  E=9.544643230491e+02  Q=1.578000000000e+03  λ=1.113762e+00  dt=9.812e-04  relΔE=1.394e-10  ||F||=3.358e-04
 step= 30500  E=9.544642545659e+02  Q=1.578000000000e+03  λ=1.113760e+00  dt=7.594e-04  relΔE=8.339e-11  ||F||=2.981e-04
 step= 31000  E=9.544642041936e+02  Q=1.578000000000e+03  λ=1.113758e+00  dt=1.176e-03  relΔE=9.828e-11  ||F||=2.633e-04
 step= 31500  E=9.544641645116e+02  Q=1.578000000000e+03  λ=1.113756e+00  dt=9.098e-04  relΔE=5.869e-11  ||F||=2.343e-04
 step= 32000  E=9.544641332555e+02  Q=1.578000000000e+03  λ=1.113755e+00  dt=1.408e-03  relΔE=6.888e-11  ||F||=3.178e-04
 step= 32500  E=9.544641102582e+02  Q=1.578000000000e+03  λ=1.113753e+00  dt=1.090e-03  relΔE=4.206e-11  ||F||=1.870e-04
 step= 33000  E=9.544640917949e+02  Q=1.578000000000e+03  λ=1.113752e+00  dt=8.436e-04  relΔE=2.510e-11  ||F||=1.674e-04
 step= 33500  E=9.544640775912e+02  Q=1.578000000000e+03  λ=1.113750e+00  dt=1.306e-03  relΔE=2.986e-11  ||F||=1.500e-04
 step= 34000  E=9.544640669336e+02  Q=1.578000000000e+03  λ=1.113749e+00  dt=1.011e-03  relΔE=1.781e-11  ||F||=1.350e-04
 step= 34500  E=9.544640584854e+02  Q=1.578000000000e+03  λ=1.113748e+00  dt=7.823e-04  relΔE=1.051e-11  ||F||=1.213e-04
 step= 35000  E=9.544640522612e+02  Q=1.578000000000e+03  λ=1.113747e+00  dt=1.211e-03  relΔE=1.228e-11  ||F||=1.091e-04
 step= 35500  E=9.544640475773e+02  Q=1.578000000000e+03  λ=1.113746e+00  dt=7.810e-04  relΔE=5.971e-12  ||F||=9.847e-05
 step= 36000  E=9.544640440752e+02  Q=1.578000000000e+03  λ=1.113745e+00  dt=1.209e-03  relΔE=6.800e-12  ||F||=8.868e-05
 step= 36500  E=9.544640415158e+02  Q=1.578000000000e+03  λ=1.113744e+00  dt=7.797e-04  relΔE=3.198e-12  ||F||=8.013e-05
 step= 37000  E=9.544640396831e+02  Q=1.578000000000e+03  λ=1.113743e+00  dt=1.207e-03  relΔE=3.456e-12  ||F||=7.220e-05
 step= 37500  E=9.544640384135e+02  Q=1.578000000000e+03  λ=1.113743e+00  dt=9.342e-04  relΔE=1.793e-12  ||F||=6.512e-05
 step= 38000  E=9.544640375679e+02  Q=1.578000000000e+03  λ=1.113742e+00  dt=1.446e-03  relΔE=5.595e-13  ||F||=2.509e-04
 step= 38500  E=9.544640371002e+02  Q=1.578000000000e+03  λ=1.113742e+00  dt=1.119e-03  relΔE=7.113e-13  ||F||=5.295e-05
 step= 39000  E=9.544640368763e+02  Q=1.578000000000e+03  λ=1.113741e+00  dt=7.218e-04  relΔE=1.585e-13  ||F||=4.778e-05
  !! dt fell below dt_min: stiffness-limited termination.

Stationary candidate (aggressive): E=9.544640368377e+02, Q=1.578000000000e+03, maxρ=1.031605e+00

=== Stability test (damped inertial dynamics) ===
Perturb eps=0.02, gamma=1
t=0: E=1.031383597197e+03, Q=1.578000000000e+03, maxρ=1.066092e+00, σ=2.516575e+00, Rc=1.867050e+01
 step=     1  E=1.031383211125e+03  Q=1.578000000000e+03  λ=1.499586e+00  maxρ=1.066092e+00  minρ=1.325e-14  σ=2.516575e+00  Rc=1.867050e+01
 step=   300  E=1.015551782431e+03  Q=1.578000000000e+03  λ=1.396929e+00  maxρ=1.064282e+00  minρ=1.036e-14  σ=2.516572e+00  Rc=1.867050e+01
 step=   600  E=9.836952408071e+02  Q=1.578000000000e+03  λ=1.210939e+00  maxρ=1.059180e+00  minρ=1.000e-15  σ=2.516567e+00  Rc=1.867050e+01
 step=   900  E=9.650058749456e+02  Q=1.578000000000e+03  λ=1.151424e+00  maxρ=1.051634e+00  minρ=1.000e-15  σ=2.516565e+00  Rc=1.867050e+01
 step=  1200  E=9.720361934990e+02  Q=1.578000000000e+03  λ=1.258369e+00  maxρ=1.048154e+00  minρ=1.000e-15  σ=2.516568e+00  Rc=1.867049e+01
 step=  1500  E=9.911111625024e+02  Q=1.578000000000e+03  λ=1.374743e+00  maxρ=1.053239e+00  minρ=1.000e-15  σ=2.516570e+00  Rc=1.867049e+01
 step=  1800  E=1.000913600738e+03  Q=1.578000000000e+03  λ=1.361179e+00  maxρ=1.056608e+00  minρ=1.000e-15  σ=2.516568e+00  Rc=1.867049e+01
 step=  2100  E=9.952446705007e+02  Q=1.578000000000e+03  λ=1.260238e+00  maxρ=1.051228e+00  minρ=1.000e-15  σ=2.516564e+00  Rc=1.867049e+01
 step=  2400  E=9.851777809705e+02  Q=1.578000000000e+03  λ=1.213168e+00  maxρ=1.040382e+00  minρ=1.000e-15  σ=2.516565e+00  Rc=1.867049e+01
 step=  2700  E=9.826688025156e+02  Q=1.578000000000e+03  λ=1.267513e+00  maxρ=1.044679e+00  minρ=1.000e-15  σ=2.516568e+00  Rc=1.867049e+01
 step=  3000  E=9.875421736732e+02  Q=1.578000000000e+03  λ=1.333510e+00  maxρ=1.057795e+00  minρ=1.000e-15  σ=2.516569e+00  Rc=1.867049e+01
 step=  3300  E=9.912737276899e+02  Q=1.578000000000e+03  λ=1.321689e+00  maxρ=1.060501e+00  minρ=1.000e-15  σ=2.516565e+00  Rc=1.867049e+01
 step=  3600  E=9.890708375719e+02  Q=1.578000000000e+03  λ=1.257308e+00  maxρ=1.054187e+00  minρ=1.000e-15  σ=2.516561e+00  Rc=1.867049e+01
 step=  3900  E=9.843758394366e+02  Q=1.578000000000e+03  λ=1.228141e+00  maxρ=1.054188e+00  minρ=1.000e-15  σ=2.516562e+00  Rc=1.867049e+01
 step=  4200  E=9.825904775516e+02  Q=1.578000000000e+03  λ=1.260311e+00  maxρ=1.050521e+00  minρ=1.000e-15  σ=2.516565e+00  Rc=1.867048e+01
 step=  4500  E=9.842276526624e+02  Q=1.578000000000e+03  λ=1.295721e+00  maxρ=1.047922e+00  minρ=1.000e-15  σ=2.516567e+00  Rc=1.867048e+01
 step=  4800  E=9.857519988514e+02  Q=1.578000000000e+03  λ=1.283612e+00  maxρ=1.052570e+00  minρ=1.000e-15  σ=2.516563e+00  Rc=1.867048e+01
 step=  5100  E=9.849834660625e+02  Q=1.578000000000e+03  λ=1.246258e+00  maxρ=1.053664e+00  minρ=1.000e-15  σ=2.516558e+00  Rc=1.867048e+01
 step=  5400  E=9.832323402283e+02  Q=1.578000000000e+03  λ=1.236063e+00  maxρ=1.052419e+00  minρ=1.000e-15  σ=2.516558e+00  Rc=1.867047e+01
 step=  5700  E=9.825000993411e+02  Q=1.578000000000e+03  λ=1.259760e+00  maxρ=1.048822e+00  minρ=1.000e-15  σ=2.516560e+00  Rc=1.867047e+01
 step=  6000  E=9.827322166056e+02  Q=1.578000000000e+03  λ=1.277065e+00  maxρ=1.045535e+00  minρ=1.000e-15  σ=2.516561e+00  Rc=1.867047e+01
 >>> No runaway detected in this horizon. Likely stable (within this model & box).

STABILITY: PASS
