
=== Aggressive relaxation to Q = 1571 ===
Initial: E=2.634420112722e+03, Q=1.571000000000e+03, dt=1.000e-04
 step=     1  E=2.634323828346e+03  Q=1.571000000000e+03  λ=3.439692e+00  dt=1.000e-04  relΔE=3.655e-05  ||F||=7.832e-01
 step=   500  E=2.522735057041e+03  Q=1.571000000000e+03  λ=3.258878e+00  dt=6.192e-04  relΔE=1.596e-04  ||F||=7.050e-01
 step=  1000  E=2.241295198786e+03  Q=1.571000000000e+03  λ=2.835744e+00  dt=9.584e-04  relΔE=1.819e-04  ||F||=5.702e-01
 step=  1500  E=2.032571825633e+03  Q=1.571000000000e+03  λ=2.538784e+00  dt=7.418e-04  relΔE=1.172e-04  ||F||=4.958e-01
 step=  2000  E=1.885236259166e+03  Q=1.571000000000e+03  λ=2.334687e+00  dt=1.148e-03  relΔE=1.433e-04  ||F||=4.241e-01
 step=  2500  E=1.766580684081e+03  Q=1.571000000000e+03  λ=2.172739e+00  dt=8.887e-04  relΔE=9.370e-05  ||F||=3.772e-01
 step=  3000  E=1.670406944522e+03  Q=1.571000000000e+03  λ=2.043244e+00  dt=1.376e-03  relΔE=1.243e-04  ||F||=3.547e-01
 step=  3500  E=1.594298176047e+03  Q=1.571000000000e+03  λ=1.941603e+00  dt=1.065e-03  relΔE=8.407e-05  ||F||=3.101e-01
 step=  4000  E=1.528455428649e+03  Q=1.571000000000e+03  λ=1.854405e+00  dt=8.241e-04  relΔE=5.728e-05  ||F||=2.849e-01
 step=  4500  E=1.472860221491e+03  Q=1.571000000000e+03  λ=1.781385e+00  dt=1.276e-03  relΔE=7.868e-05  ||F||=2.635e-01
 step=  5000  E=1.425770484765e+03  Q=1.571000000000e+03  λ=1.719836e+00  dt=9.873e-04  relΔE=5.470e-05  ||F||=2.457e-01
 step=  5500  E=1.383110964157e+03  Q=1.571000000000e+03  λ=1.664408e+00  dt=7.641e-04  relΔE=3.881e-05  ||F||=2.317e-01
 step=  6000  E=1.346908942983e+03  Q=1.571000000000e+03  λ=1.617673e+00  dt=1.183e-03  relΔE=5.424e-05  ||F||=2.172e-01
 step=  6500  E=1.313767758951e+03  Q=1.571000000000e+03  λ=1.575052e+00  dt=9.154e-04  relΔE=3.886e-05  ||F||=2.064e-01
 step=  7000  E=1.282933164323e+03  Q=1.571000000000e+03  λ=1.535727e+00  dt=1.417e-03  relΔE=5.387e-05  ||F||=4.891e-01
 step=  7500  E=1.255879332219e+03  Q=1.571000000000e+03  λ=1.501162e+00  dt=1.097e-03  relΔE=4.162e-05  ||F||=1.908e-01
 step=  8000  E=1.229481204418e+03  Q=1.571000000000e+03  λ=1.467634e+00  dt=8.488e-04  relΔE=3.121e-05  ||F||=1.858e-01
 step=  8500  E=1.204290743899e+03  Q=1.571000000000e+03  λ=1.435738e+00  dt=1.314e-03  relΔE=4.749e-05  ||F||=1.824e-01
 step=  9000  E=1.180424999756e+03  Q=1.571000000000e+03  λ=1.405471e+00  dt=1.017e-03  relΔE=3.670e-05  ||F||=1.804e-01
 step=  9500  E=1.156113067795e+03  Q=1.571000000000e+03  λ=1.374566e+00  dt=7.871e-04  relΔE=2.886e-05  ||F||=1.800e-01
 step= 10000  E=1.132651180589e+03  Q=1.571000000000e+03  λ=1.344642e+00  dt=1.218e-03  relΔE=4.501e-05  ||F||=1.788e-01
 step= 10500  E=1.109264099305e+03  Q=1.571000000000e+03  λ=1.314605e+00  dt=9.430e-04  relΔE=3.523e-05  ||F||=1.779e-01
 step= 11000  E=1.085407143291e+03  Q=1.571000000000e+03  λ=1.283816e+00  dt=7.298e-04  relΔE=3.513e-05  ||F||=2.836e-01
 step= 11500  E=1.063623961042e+03  Q=1.571000000000e+03  λ=1.255558e+00  dt=1.130e-03  relΔE=4.117e-05  ||F||=1.721e-01
 step= 12000  E=1.042312926732e+03  Q=1.571000000000e+03  λ=1.227853e+00  dt=8.744e-04  relΔE=3.012e-05  ||F||=1.656e-01
 step= 12500  E=1.022890154558e+03  Q=1.571000000000e+03  λ=1.202672e+00  dt=1.353e-03  relΔE=4.227e-05  ||F||=1.573e-01
 step= 13000  E=1.006430562697e+03  Q=1.571000000000e+03  λ=1.181411e+00  dt=1.048e-03  relΔE=2.851e-05  ||F||=1.446e-01
 step= 13500  E=9.922251910695e+02  Q=1.571000000000e+03  λ=1.163231e+00  dt=8.108e-04  relΔE=1.833e-05  ||F||=1.309e-01
 step= 14000  E=9.809435342128e+02  Q=1.571000000000e+03  λ=1.148995e+00  dt=1.255e-03  relΔE=2.254e-05  ||F||=1.160e-01
 step= 14500  E=9.723390562192e+02  Q=1.571000000000e+03  λ=1.138302e+00  dt=9.713e-04  relΔE=1.341e-05  ||F||=1.013e-01
 step= 15000  E=9.656561538122e+02  Q=1.571000000000e+03  λ=1.130174e+00  dt=7.518e-04  relΔE=7.870e-06  ||F||=8.792e-02
 step= 15500  E=9.610419495199e+02  Q=1.571000000000e+03  λ=1.124713e+00  dt=1.164e-03  relΔE=8.553e-06  ||F||=7.345e-02
 step= 16000  E=9.576885572448e+02  Q=1.571000000000e+03  λ=1.120863e+00  dt=7.506e-04  relΔE=4.323e-06  ||F||=6.527e-02
 step= 16500  E=9.553993988603e+02  Q=1.571000000000e+03  λ=1.118340e+00  dt=1.162e-03  relΔE=4.183e-06  ||F||=5.126e-02
 step= 17000  E=9.537837614965e+02  Q=1.571000000000e+03  λ=1.116643e+00  dt=8.992e-04  relΔE=2.199e-06  ||F||=4.220e-02
 step= 17500  E=9.526801222112e+02  Q=1.571000000000e+03  λ=1.115557e+00  dt=1.392e-03  relΔE=2.260e-06  ||F||=4.220e-02
 step= 18000  E=9.519742300826e+02  Q=1.571000000000e+03  λ=1.114915e+00  dt=1.077e-03  relΔE=1.181e-06  ||F||=2.823e-02
 step= 18500  E=9.514878344983e+02  Q=1.571000000000e+03  λ=1.114517e+00  dt=8.338e-04  relΔE=6.030e-07  ||F||=2.292e-02
 step= 19000  E=9.511697920808e+02  Q=1.571000000000e+03  λ=1.114292e+00  dt=1.291e-03  relΔE=6.126e-07  ||F||=1.856e-02
 step= 19500  E=9.509646368312e+02  Q=1.571000000000e+03  λ=1.114171e+00  dt=9.989e-04  relΔE=3.131e-07  ||F||=1.508e-02
 step= 20000  E=9.508252682704e+02  Q=1.571000000000e+03  λ=1.114110e+00  dt=7.731e-04  relΔE=1.584e-07  ||F||=1.219e-02
 step= 20500  E=9.507373833524e+02  Q=1.571000000000e+03  λ=1.114086e+00  dt=1.197e-03  relΔE=1.602e-07  ||F||=9.849e-03
 step= 21000  E=9.506789977284e+02  Q=1.571000000000e+03  λ=1.114081e+00  dt=9.263e-04  relΔE=8.115e-08  ||F||=7.967e-03
 step= 21500  E=9.506398691047e+02  Q=1.571000000000e+03  λ=1.114087e+00  dt=1.434e-03  relΔE=5.906e-08  ||F||=3.558e-02
 step= 22000  E=9.506156168681e+02  Q=1.571000000000e+03  λ=1.114095e+00  dt=1.110e-03  relΔE=4.183e-08  ||F||=5.223e-03
 step= 22500  E=9.505989876428e+02  Q=1.571000000000e+03  λ=1.114104e+00  dt=8.589e-04  relΔE=2.126e-08  ||F||=4.232e-03
 step= 23000  E=9.505880292864e+02  Q=1.571000000000e+03  λ=1.114113e+00  dt=1.329e-03  relΔE=2.168e-08  ||F||=3.438e-03
 step= 23500  E=9.505809587946e+02  Q=1.571000000000e+03  λ=1.114120e+00  dt=1.029e-03  relΔE=1.125e-08  ||F||=2.812e-03
 step= 24000  E=9.505760714311e+02  Q=1.571000000000e+03  λ=1.114126e+00  dt=7.964e-04  relΔE=5.822e-09  ||F||=2.300e-03
 step= 24500  E=9.505728565077e+02  Q=1.571000000000e+03  λ=1.114129e+00  dt=1.233e-03  relΔE=6.080e-09  ||F||=1.890e-03
 step= 25000  E=9.505706786934e+02  Q=1.571000000000e+03  λ=1.114132e+00  dt=9.541e-04  relΔE=3.221e-09  ||F||=1.564e-03
 step= 25500  E=9.505691332421e+02  Q=1.571000000000e+03  λ=1.114133e+00  dt=7.385e-04  relΔE=1.849e-09  ||F||=1.351e-03
 step= 26000  E=9.505681208517e+02  Q=1.571000000000e+03  λ=1.114133e+00  dt=1.143e-03  relΔE=1.853e-09  ||F||=1.087e-03
 step= 26500  E=9.505673839648e+02  Q=1.571000000000e+03  λ=1.114132e+00  dt=8.847e-04  relΔE=1.010e-09  ||F||=9.141e-04
 step= 27000  E=9.505668577374e+02  Q=1.571000000000e+03  λ=1.114131e+00  dt=1.369e-03  relΔE=1.110e-09  ||F||=7.923e-04
 step= 27500  E=9.505664931406e+02  Q=1.571000000000e+03  λ=1.114130e+00  dt=1.060e-03  relΔE=6.256e-10  ||F||=6.618e-04
 step= 28000  E=9.505662190707e+02  Q=1.571000000000e+03  λ=1.114128e+00  dt=8.203e-04  relΔE=3.538e-10  ||F||=5.684e-04
 step= 28500  E=9.505660195998e+02  Q=1.571000000000e+03  λ=1.114126e+00  dt=1.270e-03  relΔE=4.043e-10  ||F||=4.912e-04
 step= 29000  E=9.505658734998e+02  Q=1.571000000000e+03  λ=1.114124e+00  dt=9.828e-04  relΔE=2.349e-10  ||F||=4.284e-04
 step= 29500  E=9.505657595004e+02  Q=1.571000000000e+03  λ=1.114122e+00  dt=7.607e-04  relΔE=1.389e-10  ||F||=3.774e-04
 step= 30000  E=9.505656770409e+02  Q=1.571000000000e+03  λ=1.114120e+00  dt=1.177e-03  relΔE=1.611e-10  ||F||=3.297e-04
 step= 30500  E=9.505656126709e+02  Q=1.571000000000e+03  λ=1.114118e+00  dt=9.113e-04  relΔE=9.528e-11  ||F||=2.913e-04
 step= 31000  E=9.505655623215e+02  Q=1.571000000000e+03  λ=1.114116e+00  dt=1.411e-03  relΔE=1.097e-10  ||F||=4.870e-04
 step= 31500  E=9.505655255642e+02  Q=1.571000000000e+03  λ=1.114115e+00  dt=1.092e-03  relΔE=6.760e-11  ||F||=2.299e-04
 step= 32000  E=9.505654960705e+02  Q=1.571000000000e+03  λ=1.114113e+00  dt=8.450e-04  relΔE=4.031e-11  ||F||=2.049e-04
 step= 32500  E=9.505654733916e+02  Q=1.571000000000e+03  λ=1.114111e+00  dt=1.308e-03  relΔE=4.807e-11  ||F||=1.830e-04
 step= 33000  E=9.505654562928e+02  Q=1.571000000000e+03  λ=1.114110e+00  dt=1.012e-03  relΔE=2.882e-11  ||F||=1.642e-04
 step= 33500  E=9.505654426275e+02  Q=1.571000000000e+03  λ=1.114109e+00  dt=7.835e-04  relΔE=1.719e-11  ||F||=1.474e-04
 step= 34000  E=9.505654324696e+02  Q=1.571000000000e+03  λ=1.114108e+00  dt=1.213e-03  relΔE=2.029e-11  ||F||=1.322e-04
 step= 34500  E=9.505654246470e+02  Q=1.571000000000e+03  λ=1.114106e+00  dt=9.387e-04  relΔE=1.196e-11  ||F||=1.188e-04
 step= 35000  E=9.505654185380e+02  Q=1.571000000000e+03  λ=1.114105e+00  dt=7.265e-04  relΔE=1.140e-11  ||F||=3.189e-04
 step= 35500  E=9.505654142172e+02  Q=1.571000000000e+03  λ=1.114104e+00  dt=1.125e-03  relΔE=8.051e-12  ||F||=9.623e-05
 step= 36000  E=9.505654108870e+02  Q=1.571000000000e+03  λ=1.114104e+00  dt=8.704e-04  relΔE=4.556e-12  ||F||=8.659e-05
 step= 36500  E=9.505654084752e+02  Q=1.571000000000e+03  λ=1.114103e+00  dt=1.347e-03  relΔE=5.029e-12  ||F||=7.802e-05
 step= 37000  E=9.505654068579e+02  Q=1.571000000000e+03  λ=1.114102e+00  dt=8.690e-04  relΔE=2.285e-12  ||F||=7.055e-05
 step= 37500  E=9.505654056817e+02  Q=1.571000000000e+03  λ=1.114102e+00  dt=1.345e-03  relΔE=2.313e-12  ||F||=6.352e-05
 step= 38000  E=9.505654049766e+02  Q=1.571000000000e+03  λ=1.114101e+00  dt=8.676e-04  relΔE=9.223e-13  ||F||=5.751e-05
 step= 38500  E=9.505654045487e+02  Q=1.571000000000e+03  λ=1.114100e+00  dt=1.343e-03  relΔE=7.127e-13  ||F||=5.178e-05
 step= 39000  E=9.505654043784e+02  Q=1.571000000000e+03  λ=1.114100e+00  dt=8.662e-04  relΔE=1.335e-13  ||F||=4.691e-05
  !! dt fell below dt_min: stiffness-limited termination.

Stationary candidate (aggressive): E=9.505654043588e+02, Q=1.571000000000e+03, maxρ=1.029814e+00

=== Stability test (damped inertial dynamics) ===
Perturb eps=0.02, gamma=1
t=0: E=1.027141720340e+03, Q=1.571000000000e+03, maxρ=1.064219e+00, σ=2.515836e+00, Rc=1.867074e+01
 step=     1  E=1.027141335994e+03  Q=1.571000000000e+03  λ=1.499933e+00  maxρ=1.064219e+00  minρ=1.000e-15  σ=2.515836e+00  Rc=1.867074e+01
 step=   300  E=1.011380634272e+03  Q=1.571000000000e+03  λ=1.397279e+00  maxρ=1.062412e+00  minρ=1.000e-15  σ=2.515833e+00  Rc=1.867074e+01
 step=   600  E=9.796663871801e+02  Q=1.571000000000e+03  λ=1.211296e+00  maxρ=1.057319e+00  minρ=1.000e-15  σ=2.515827e+00  Rc=1.867075e+01
 step=   900  E=9.610604407013e+02  Q=1.571000000000e+03  λ=1.151782e+00  maxρ=1.049786e+00  minρ=1.000e-15  σ=2.515826e+00  Rc=1.867074e+01
 step=  1200  E=9.680592507762e+02  Q=1.571000000000e+03  λ=1.258722e+00  maxρ=1.046312e+00  minρ=1.000e-15  σ=2.515828e+00  Rc=1.867074e+01
 step=  1500  E=9.870489105516e+02  Q=1.571000000000e+03  λ=1.375093e+00  maxρ=1.051403e+00  minρ=1.000e-15  σ=2.515830e+00  Rc=1.867073e+01
 step=  1800  E=9.968074608315e+02  Q=1.571000000000e+03  λ=1.361531e+00  maxρ=1.054767e+00  minρ=1.000e-15  σ=2.515828e+00  Rc=1.867073e+01
 step=  2100  E=9.911637615332e+02  Q=1.571000000000e+03  λ=1.260594e+00  maxρ=1.049395e+00  minρ=1.000e-15  σ=2.515825e+00  Rc=1.867073e+01
 step=  2400  E=9.811418623149e+02  Q=1.571000000000e+03  λ=1.213524e+00  maxρ=1.038575e+00  minρ=1.000e-15  σ=2.515825e+00  Rc=1.867073e+01
 step=  2700  E=9.786443454568e+02  Q=1.571000000000e+03  λ=1.267865e+00  maxρ=1.042844e+00  minρ=1.000e-15  σ=2.515828e+00  Rc=1.867073e+01
 step=  3000  E=9.834963408697e+02  Q=1.571000000000e+03  λ=1.333861e+00  maxρ=1.055937e+00  minρ=1.000e-15  σ=2.515829e+00  Rc=1.867073e+01
 step=  3300  E=9.872114219943e+02  Q=1.571000000000e+03  λ=1.322043e+00  maxρ=1.058639e+00  minρ=1.000e-15  σ=2.515825e+00  Rc=1.867073e+01
 step=  3600  E=9.850181211312e+02  Q=1.571000000000e+03  λ=1.257666e+00  maxρ=1.052356e+00  minρ=1.000e-15  σ=2.515822e+00  Rc=1.867073e+01
 step=  3900  E=9.803435917954e+02  Q=1.571000000000e+03  λ=1.228497e+00  maxρ=1.052358e+00  minρ=1.000e-15  σ=2.515822e+00  Rc=1.867073e+01
 step=  4200  E=9.785659669575e+02  Q=1.571000000000e+03  λ=1.260662e+00  maxρ=1.048697e+00  minρ=1.000e-15  σ=2.515826e+00  Rc=1.867073e+01
 step=  4500  E=9.801961372449e+02  Q=1.571000000000e+03  λ=1.296071e+00  maxρ=1.046100e+00  minρ=1.000e-15  σ=2.515827e+00  Rc=1.867072e+01
 step=  4800  E=9.817142085745e+02  Q=1.571000000000e+03  λ=1.283967e+00  maxρ=1.050735e+00  minρ=1.000e-15  σ=2.515824e+00  Rc=1.867072e+01
 step=  5100  E=9.809492655043e+02  Q=1.571000000000e+03  λ=1.246616e+00  maxρ=1.051832e+00  minρ=1.000e-15  σ=2.515819e+00  Rc=1.867072e+01
 step=  5400  E=9.792055362226e+02  Q=1.571000000000e+03  λ=1.236420e+00  maxρ=1.050589e+00  minρ=1.000e-15  σ=2.515818e+00  Rc=1.867072e+01
 step=  5700  E=9.784760063722e+02  Q=1.571000000000e+03  λ=1.260113e+00  maxρ=1.046999e+00  minρ=1.000e-15  σ=2.515820e+00  Rc=1.867071e+01
 step=  6000  E=9.787070073849e+02  Q=1.571000000000e+03  λ=1.277415e+00  maxρ=1.043716e+00  minρ=1.000e-15  σ=2.515822e+00  Rc=1.867071e+01
 >>> No runaway detected in this horizon. Likely stable (within this model & box).

STABILITY: PASS
