
=== Aggressive relaxation to Q = 675 ===
Initial: E=1.134188321219e+03, Q=6.750000000000e+02, dt=1.000e-04
 step=     1  E=1.134157114326e+03  Q=6.750000000000e+02  λ=3.292198e+00  dt=1.000e-04  relΔE=2.751e-05  ||F||=6.802e-01
 step=   500  E=1.096143968741e+03  Q=6.750000000000e+02  λ=3.172984e+00  dt=6.192e-04  relΔE=1.300e-04  ||F||=6.399e-01
 step=  1000  E=9.907152048134e+02  Q=6.750000000000e+02  λ=2.847046e+00  dt=9.584e-04  relΔE=1.605e-04  ||F||=5.433e-01
 step=  1500  E=9.072629651548e+02  Q=6.750000000000e+02  λ=2.593338e+00  dt=7.418e-04  relΔE=1.067e-04  ||F||=4.821e-01
 step=  2000  E=8.458650372919e+02  Q=6.750000000000e+02  λ=2.409049e+00  dt=1.148e-03  relΔE=1.352e-04  ||F||=4.209e-01
 step=  2500  E=7.949941781663e+02  Q=6.750000000000e+02  λ=2.257503e+00  dt=8.887e-04  relΔE=9.017e-05  ||F||=3.787e-01
 step=  3000  E=7.530389810749e+02  Q=6.750000000000e+02  λ=2.133571e+00  dt=1.376e-03  relΔE=1.215e-04  ||F||=3.546e-01
 step=  3500  E=7.192540364384e+02  Q=6.750000000000e+02  λ=2.034215e+00  dt=1.065e-03  relΔE=8.312e-05  ||F||=3.160e-01
 step=  4000  E=6.897359595444e+02  Q=6.750000000000e+02  λ=1.947873e+00  dt=8.241e-04  relΔE=5.721e-05  ||F||=2.918e-01
 step=  4500  E=6.645859978677e+02  Q=6.750000000000e+02  λ=1.874732e+00  dt=1.276e-03  relΔE=7.920e-05  ||F||=2.709e-01
 step=  5000  E=6.431512416894e+02  Q=6.750000000000e+02  λ=1.812572e+00  dt=9.873e-04  relΔE=5.548e-05  ||F||=2.535e-01
 step=  5500  E=6.235445009281e+02  Q=6.750000000000e+02  λ=1.755954e+00  dt=7.641e-04  relΔE=3.977e-05  ||F||=2.403e-01
 step=  6000  E=6.068080259743e+02  Q=6.750000000000e+02  λ=1.707868e+00  dt=1.183e-03  relΔE=5.587e-05  ||F||=2.257e-01
 step=  6500  E=5.913870145132e+02  Q=6.750000000000e+02  λ=1.663687e+00  dt=9.154e-04  relΔE=4.040e-05  ||F||=2.154e-01
 step=  7000  E=5.768924155469e+02  Q=6.750000000000e+02  λ=1.622452e+00  dt=1.417e-03  relΔE=5.733e-05  ||F||=4.469e-01
 step=  7500  E=5.640604480762e+02  Q=6.750000000000e+02  λ=1.585901e+00  dt=1.097e-03  relΔE=4.413e-05  ||F||=2.009e-01
 step=  8000  E=5.514436446479e+02  Q=6.750000000000e+02  λ=1.550125e+00  dt=8.488e-04  relΔE=3.336e-05  ||F||=1.963e-01
 step=  8500  E=5.393495110625e+02  Q=6.750000000000e+02  λ=1.515893e+00  dt=1.314e-03  relΔE=5.094e-05  ||F||=1.929e-01
 step=  9000  E=5.279084871131e+02  Q=6.750000000000e+02  λ=1.483390e+00  dt=1.017e-03  relΔE=3.921e-05  ||F||=1.902e-01
 step=  9500  E=5.163860199034e+02  Q=6.750000000000e+02  λ=1.450472e+00  dt=7.871e-04  relΔE=3.032e-05  ||F||=1.881e-01
 step= 10000  E=5.054629958926e+02  Q=6.750000000000e+02  λ=1.419010e+00  dt=1.218e-03  relΔE=4.624e-05  ||F||=1.847e-01
 step= 10500  E=4.949405354879e+02  Q=6.750000000000e+02  λ=1.388286e+00  dt=9.430e-04  relΔE=3.490e-05  ||F||=1.805e-01
 step= 11000  E=4.846412505001e+02  Q=6.750000000000e+02  λ=1.357763e+00  dt=7.298e-04  relΔE=2.953e-05  ||F||=1.908e-01
 step= 11500  E=4.756887143917e+02  Q=6.750000000000e+02  λ=1.330800e+00  dt=1.130e-03  relΔE=3.690e-05  ||F||=1.662e-01
 step= 12000  E=4.673676238408e+02  Q=6.750000000000e+02  λ=1.305263e+00  dt=8.744e-04  relΔE=2.553e-05  ||F||=1.558e-01
 step= 12500  E=4.601703274385e+02  Q=6.750000000000e+02  λ=1.282781e+00  dt=1.353e-03  relΔE=3.394e-05  ||F||=1.441e-01
 step= 13000  E=4.543570646526e+02  Q=6.750000000000e+02  λ=1.264241e+00  dt=1.048e-03  relΔE=2.185e-05  ||F||=1.298e-01
 step= 13500  E=4.495295819287e+02  Q=6.750000000000e+02  λ=1.248533e+00  dt=8.108e-04  relΔE=1.350e-05  ||F||=1.154e-01
 step= 14000  E=4.459624489804e+02  Q=6.750000000000e+02  λ=1.236686e+00  dt=1.046e-03  relΔE=1.360e-05  ||F||=1.015e-01
 step= 14500  E=4.430699509366e+02  Q=6.750000000000e+02  λ=1.226845e+00  dt=8.095e-04  relΔE=7.880e-06  ||F||=8.757e-02
 step= 15000  E=4.409876129102e+02  Q=6.750000000000e+02  λ=1.219577e+00  dt=1.253e-03  relΔE=8.903e-06  ||F||=7.463e-02
 step= 15500  E=4.395011524889e+02  Q=6.750000000000e+02  λ=1.214224e+00  dt=9.698e-04  relΔE=4.957e-06  ||F||=6.319e-02
 step= 16000  E=4.384092370907e+02  Q=6.750000000000e+02  λ=1.210152e+00  dt=7.506e-04  relΔE=2.743e-06  ||F||=5.338e-02
 step= 16500  E=4.376844536760e+02  Q=6.750000000000e+02  λ=1.207340e+00  dt=1.162e-03  relΔE=2.900e-06  ||F||=4.406e-02
 step= 17000  E=4.371691196518e+02  Q=6.750000000000e+02  λ=1.205240e+00  dt=8.992e-04  relΔE=1.538e-06  ||F||=3.645e-02
 step= 17500  E=4.368132006402e+02  Q=6.750000000000e+02  λ=1.203707e+00  dt=1.392e-03  relΔE=1.603e-06  ||F||=3.482e-02
 step= 18000  E=4.365864797469e+02  Q=6.750000000000e+02  λ=1.202663e+00  dt=8.978e-04  relΔE=7.131e-07  ||F||=2.482e-02
 step= 18500  E=4.364225542227e+02  Q=6.750000000000e+02  λ=1.201850e+00  dt=1.390e-03  relΔE=7.345e-07  ||F||=2.428e-02
 step= 19000  E=4.363169719058e+02  Q=6.750000000000e+02  λ=1.201278e+00  dt=1.076e-03  relΔE=3.859e-07  ||F||=1.667e-02
 step= 19500  E=4.362437325504e+02  Q=6.750000000000e+02  λ=1.200839e+00  dt=8.324e-04  relΔE=1.994e-07  ||F||=1.361e-02
 step= 20000  E=4.361950324150e+02  Q=6.750000000000e+02  λ=1.200513e+00  dt=1.289e-03  relΔE=2.059e-07  ||F||=1.111e-02
 step= 20500  E=4.361630830969e+02  Q=6.750000000000e+02  λ=1.200270e+00  dt=9.973e-04  relΔE=1.074e-07  ||F||=9.115e-03
 step= 21000  E=4.361408588595e+02  Q=6.750000000000e+02  λ=1.200077e+00  dt=7.719e-04  relΔE=5.589e-08  ||F||=7.472e-03
 step= 21500  E=4.361264909693e+02  Q=6.750000000000e+02  λ=1.199932e+00  dt=1.195e-03  relΔE=5.802e-08  ||F||=6.113e-03
 step= 22000  E=4.361166188094e+02  Q=6.750000000000e+02  λ=1.199816e+00  dt=9.248e-04  relΔE=3.044e-08  ||F||=5.028e-03
 step= 22500  E=4.361097428466e+02  Q=6.750000000000e+02  λ=1.199720e+00  dt=1.431e-03  relΔE=2.607e-08  ||F||=1.892e-02
 step= 23000  E=4.361052910456e+02  Q=6.750000000000e+02  λ=1.199647e+00  dt=1.108e-03  relΔE=1.712e-08  ||F||=3.436e-03
 step= 23500  E=4.361020838797e+02  Q=6.750000000000e+02  λ=1.199585e+00  dt=8.575e-04  relΔE=9.194e-09  ||F||=2.857e-03
 step= 24000  E=4.360998428474e+02  Q=6.750000000000e+02  λ=1.199534e+00  dt=1.327e-03  relΔE=9.986e-09  ||F||=2.390e-03
 step= 24500  E=4.360982977675e+02  Q=6.750000000000e+02  λ=1.199493e+00  dt=1.027e-03  relΔE=5.554e-09  ||F||=2.019e-03
 step= 25000  E=4.360971463424e+02  Q=6.750000000000e+02  λ=1.199456e+00  dt=7.951e-04  relΔE=3.114e-09  ||F||=1.714e-03
 step= 25500  E=4.360963243352e+02  Q=6.750000000000e+02  λ=1.199426e+00  dt=1.231e-03  relΔE=3.543e-09  ||F||=1.465e-03
 step= 26000  E=4.360957154523e+02  Q=6.750000000000e+02  λ=1.199401e+00  dt=9.526e-04  relΔE=2.060e-09  ||F||=1.265e-03
 step= 26500  E=4.360952390925e+02  Q=6.750000000000e+02  λ=1.199378e+00  dt=7.373e-04  relΔE=1.287e-09  ||F||=1.137e-03
 step= 27000  E=4.360948932405e+02  Q=6.750000000000e+02  λ=1.199360e+00  dt=1.141e-03  relΔE=1.451e-09  ||F||=9.634e-04
 step= 27500  E=4.360946141061e+02  Q=6.750000000000e+02  λ=1.199343e+00  dt=8.833e-04  relΔE=8.796e-10  ||F||=8.492e-04
 step= 28000  E=4.360943926977e+02  Q=6.750000000000e+02  λ=1.199328e+00  dt=1.367e-03  relΔE=1.078e-09  ||F||=7.668e-04
 step= 28500  E=4.360942218095e+02  Q=6.750000000000e+02  λ=1.199316e+00  dt=1.058e-03  relΔE=6.735e-10  ||F||=6.734e-04
 step= 29000  E=4.360940790834e+02  Q=6.750000000000e+02  λ=1.199305e+00  dt=8.190e-04  relΔE=4.229e-10  ||F||=6.040e-04
 step= 29500  E=4.360939639600e+02  Q=6.750000000000e+02  λ=1.199295e+00  dt=1.268e-03  relΔE=5.345e-10  ||F||=5.433e-04
 step= 30000  E=4.360938709838e+02  Q=6.750000000000e+02  λ=1.199286e+00  dt=9.812e-04  relΔE=3.420e-10  ||F||=4.918e-04
 step= 30500  E=4.360937910750e+02  Q=6.750000000000e+02  λ=1.199278e+00  dt=7.594e-04  relΔE=2.222e-10  ||F||=4.490e-04
 step= 31000  E=4.360937275692e+02  Q=6.750000000000e+02  λ=1.199272e+00  dt=1.176e-03  relΔE=2.829e-10  ||F||=4.047e-04
 step= 31500  E=4.360936732326e+02  Q=6.750000000000e+02  λ=1.199265e+00  dt=9.098e-04  relΔE=1.832e-10  ||F||=3.682e-04
 step= 32000  E=4.360936268190e+02  Q=6.750000000000e+02  λ=1.199260e+00  dt=1.408e-03  relΔE=2.338e-10  ||F||=5.753e-04
 step= 32500  E=4.360935896761e+02  Q=6.750000000000e+02  λ=1.199255e+00  dt=1.090e-03  relΔE=1.552e-10  ||F||=3.061e-04
 step= 33000  E=4.360935571700e+02  Q=6.750000000000e+02  λ=1.199251e+00  dt=8.436e-04  relΔE=1.014e-10  ||F||=2.793e-04
 step= 33500  E=4.360935297502e+02  Q=6.750000000000e+02  λ=1.199246e+00  dt=1.306e-03  relΔE=1.326e-10  ||F||=2.550e-04
 step= 34000  E=4.360935070933e+02  Q=6.750000000000e+02  λ=1.199243e+00  dt=1.011e-03  relΔE=8.725e-11  ||F||=2.334e-04
 step= 34500  E=4.360934871417e+02  Q=6.750000000000e+02  λ=1.199240e+00  dt=7.823e-04  relΔE=5.753e-11  ||F||=2.139e-04
 step= 35000  E=4.360934706969e+02  Q=6.750000000000e+02  λ=1.199237e+00  dt=1.211e-03  relΔE=7.551e-11  ||F||=1.952e-04
 step= 35500  E=4.360934565620e+02  Q=6.750000000000e+02  λ=1.199234e+00  dt=9.372e-04  relΔE=4.986e-11  ||F||=1.787e-04
 step= 36000  E=4.360934441283e+02  Q=6.750000000000e+02  λ=1.199231e+00  dt=7.254e-04  relΔE=5.318e-11  ||F||=6.794e-04
 step= 36500  E=4.360934341028e+02  Q=6.750000000000e+02  λ=1.199229e+00  dt=1.123e-03  relΔE=4.365e-11  ||F||=1.497e-04
 step= 37000  E=4.360934252624e+02  Q=6.750000000000e+02  λ=1.199227e+00  dt=7.242e-04  relΔE=2.417e-11  ||F||=1.372e-04
 step= 37500  E=4.360934178175e+02  Q=6.750000000000e+02  λ=1.199225e+00  dt=1.121e-03  relΔE=3.218e-11  ||F||=1.258e-04
 step= 38000  E=4.360934112800e+02  Q=6.750000000000e+02  λ=1.199224e+00  dt=7.230e-04  relΔE=1.787e-11  ||F||=1.153e-04
 step= 38500  E=4.360934057565e+02  Q=6.750000000000e+02  λ=1.199222e+00  dt=1.119e-03  relΔE=2.388e-11  ||F||=1.057e-04
 step= 39000  E=4.360934008891e+02  Q=6.750000000000e+02  λ=1.199221e+00  dt=7.218e-04  relΔE=1.331e-11  ||F||=9.688e-05
 step= 39500  E=4.360933967630e+02  Q=6.750000000000e+02  λ=1.199220e+00  dt=1.117e-03  relΔE=1.785e-11  ||F||=8.883e-05
 step= 40000  E=4.360933930661e+02  Q=6.750000000000e+02  λ=1.199219e+00  dt=8.648e-04  relΔE=1.195e-11  ||F||=8.130e-05
 step= 40500  E=4.360933898672e+02  Q=6.750000000000e+02  λ=1.199217e+00  dt=1.339e-03  relΔE=1.601e-11  ||F||=7.460e-05
 step= 41000  E=4.360933871663e+02  Q=6.750000000000e+02  λ=1.199217e+00  dt=1.036e-03  relΔE=1.080e-11  ||F||=6.820e-05
 step= 41500  E=4.360933847408e+02  Q=6.750000000000e+02  λ=1.199216e+00  dt=8.019e-04  relΔE=7.290e-12  ||F||=6.259e-05
 step= 42000  E=4.360933826633e+02  Q=6.750000000000e+02  λ=1.199215e+00  dt=1.241e-03  relΔE=9.813e-12  ||F||=5.714e-05
 step= 42500  E=4.360933808625e+02  Q=6.750000000000e+02  λ=1.199214e+00  dt=9.607e-04  relΔE=6.649e-12  ||F||=5.238e-05
 step= 43000  E=4.360933792253e+02  Q=6.750000000000e+02  λ=1.199213e+00  dt=7.435e-04  relΔE=4.733e-12  ||F||=5.051e-05
 step= 43500  E=4.360933778647e+02  Q=6.750000000000e+02  λ=1.199213e+00  dt=1.151e-03  relΔE=6.120e-12  ||F||=4.392e-05
 step= 44000  E=4.360933766304e+02  Q=6.750000000000e+02  λ=1.199212e+00  dt=8.908e-04  relΔE=4.163e-12  ||F||=4.021e-05
 step= 44500  E=4.360933755329e+02  Q=6.750000000000e+02  λ=1.199212e+00  dt=1.379e-03  relΔE=5.659e-12  ||F||=4.145e-05
 step= 45000  E=4.360933746027e+02  Q=6.750000000000e+02  λ=1.199211e+00  dt=1.067e-03  relΔE=3.880e-12  ||F||=3.373e-05
 step= 45500  E=4.360933737527e+02  Q=6.750000000000e+02  λ=1.199211e+00  dt=8.260e-04  relΔE=2.655e-12  ||F||=3.091e-05
 step= 46000  E=4.360933730056e+02  Q=6.750000000000e+02  λ=1.199210e+00  dt=1.279e-03  relΔE=3.635e-12  ||F||=2.825e-05
 step= 46500  E=4.360933723557e+02  Q=6.750000000000e+02  λ=1.199210e+00  dt=9.896e-04  relΔE=2.501e-12  ||F||=2.591e-05
 step= 47000  E=4.360933717559e+02  Q=6.750000000000e+02  λ=1.199210e+00  dt=7.659e-04  relΔE=1.744e-12  ||F||=2.426e-05
 step= 47500  E=4.360933712437e+02  Q=6.750000000000e+02  λ=1.199209e+00  dt=1.186e-03  relΔE=2.372e-12  ||F||=2.171e-05
 step= 48000  E=4.360933707786e+02  Q=6.750000000000e+02  λ=1.199209e+00  dt=9.176e-04  relΔE=1.638e-12  ||F||=1.989e-05
 step= 48500  E=4.360933703531e+02  Q=6.750000000000e+02  λ=1.199209e+00  dt=1.420e-03  relΔE=2.137e-12  ||F||=8.885e-05
 step= 49000  E=4.360933699924e+02  Q=6.750000000000e+02  λ=1.199209e+00  dt=1.099e-03  relΔE=1.569e-12  ||F||=1.668e-05
 step= 49500  E=4.360933696570e+02  Q=6.750000000000e+02  λ=1.199208e+00  dt=8.508e-04  relΔE=1.087e-12  ||F||=1.528e-05
 step= 50000  E=4.360933693565e+02  Q=6.750000000000e+02  λ=1.199208e+00  dt=1.317e-03  relΔE=1.509e-12  ||F||=1.399e-05
 step= 50500  E=4.360933690936e+02  Q=6.750000000000e+02  λ=1.199208e+00  dt=1.019e-03  relΔE=1.051e-12  ||F||=1.281e-05
 step= 51000  E=4.360933688487e+02  Q=6.750000000000e+02  λ=1.199208e+00  dt=7.889e-04  relΔE=7.342e-13  ||F||=1.188e-05
 step= 51500  E=4.360933686341e+02  Q=6.750000000000e+02  λ=1.199208e+00  dt=1.221e-03  relΔE=1.020e-12  ||F||=1.073e-05
 step= 52000  E=4.360933684398e+02  Q=6.750000000000e+02  λ=1.199208e+00  dt=9.452e-04  relΔE=7.125e-13  ||F||=9.836e-06
 step= 52500  E=4.360933682586e+02  Q=6.750000000000e+02  λ=1.199207e+00  dt=7.315e-04  relΔE=5.825e-13  ||F||=1.430e-05
 step= 53000  E=4.360933681040e+02  Q=6.750000000000e+02  λ=1.199207e+00  dt=1.132e-03  relΔE=6.974e-13  ||F||=8.247e-06
 step= 53500  E=4.360933679589e+02  Q=6.750000000000e+02  λ=1.199207e+00  dt=8.764e-04  relΔE=4.880e-13  ||F||=7.560e-06
 step= 54000  E=4.360933678270e+02  Q=6.750000000000e+02  λ=1.199207e+00  dt=1.357e-03  relΔE=6.820e-13  ||F||=7.374e-06
 step= 54500  E=4.360933677112e+02  Q=6.750000000000e+02  λ=1.199207e+00  dt=1.050e-03  relΔE=4.803e-13  ||F||=6.332e-06
 step= 55000  E=4.360933676031e+02  Q=6.750000000000e+02  λ=1.199207e+00  dt=8.127e-04  relΔE=3.362e-13  ||F||=5.838e-06
 step= 55500  E=4.360933675059e+02  Q=6.750000000000e+02  λ=1.199207e+00  dt=1.258e-03  relΔE=4.716e-13  ||F||=5.305e-06
 step= 56000  E=4.360933674191e+02  Q=6.750000000000e+02  λ=1.199207e+00  dt=9.736e-04  relΔE=3.326e-13  ||F||=4.864e-06
 step= 56500  E=4.360933673369e+02  Q=6.750000000000e+02  λ=1.199207e+00  dt=7.536e-04  relΔE=2.411e-13  ||F||=5.300e-06
 step= 57000  E=4.360933672658e+02  Q=6.750000000000e+02  λ=1.199207e+00  dt=1.166e-03  relΔE=3.290e-13  ||F||=4.077e-06
 step= 57500  E=4.360933671997e+02  Q=6.750000000000e+02  λ=1.199207e+00  dt=7.523e-04  relΔE=2.088e-13  ||F||=5.568e-06
 step= 58000  E=4.360933671407e+02  Q=6.750000000000e+02  λ=1.199207e+00  dt=1.165e-03  relΔE=2.724e-13  ||F||=3.427e-06
 step= 58500  E=4.360933670855e+02  Q=6.750000000000e+02  λ=1.199207e+00  dt=9.013e-04  relΔE=1.921e-13  ||F||=3.143e-06
 step= 59000  E=4.360933670345e+02  Q=6.750000000000e+02  λ=1.199207e+00  dt=1.395e-03  relΔE=2.693e-13  ||F||=9.990e-06
 step= 59500  E=4.360933669908e+02  Q=6.750000000000e+02  λ=1.199207e+00  dt=8.999e-04  relΔE=1.594e-13  ||F||=2.648e-06
 step= 60000  E=4.360933669484e+02  Q=6.750000000000e+02  λ=1.199206e+00  dt=1.393e-03  relΔE=2.239e-13  ||F||=7.269e-06
 step= 60500  E=4.360933669113e+02  Q=6.750000000000e+02  λ=1.199206e+00  dt=1.078e-03  relΔE=1.593e-13  ||F||=2.212e-06
 step= 61000  E=4.360933668762e+02  Q=6.750000000000e+02  λ=1.199206e+00  dt=8.344e-04  relΔE=1.120e-13  ||F||=2.055e-06
 step= 61500  E=4.360933668444e+02  Q=6.750000000000e+02  λ=1.199206e+00  dt=1.292e-03  relΔE=1.582e-13  ||F||=1.854e-06
 step= 62000  E=4.360933668160e+02  Q=6.750000000000e+02  λ=1.199206e+00  dt=9.996e-04  relΔE=1.125e-13  ||F||=1.699e-06
 step= 62500  E=4.360933667890e+02  Q=6.750000000000e+02  λ=1.199206e+00  dt=7.737e-04  relΔE=7.990e-14  ||F||=1.765e-06
 step= 63000  E=4.360933667653e+02  Q=6.750000000000e+02  λ=1.199206e+00  dt=1.198e-03  relΔE=1.122e-13  ||F||=1.423e-06
 step= 63500  E=4.360933667433e+02  Q=6.750000000000e+02  λ=1.199206e+00  dt=9.269e-04  relΔE=7.860e-14  ||F||=1.306e-06
 step= 64000  E=4.360933667227e+02  Q=6.750000000000e+02  λ=1.199206e+00  dt=1.435e-03  relΔE=9.033e-14  ||F||=3.572e-05
 step= 64500  E=4.360933667049e+02  Q=6.750000000000e+02  λ=1.199206e+00  dt=1.111e-03  relΔE=7.964e-14  ||F||=1.094e-06
 step= 65000  E=4.360933666879e+02  Q=6.750000000000e+02  λ=1.199206e+00  dt=8.595e-04  relΔE=5.644e-14  ||F||=1.009e-06
 step= 65500  E=4.360933666724e+02  Q=6.750000000000e+02  λ=1.199206e+00  dt=1.330e-03  relΔE=7.912e-14  ||F||=9.607e-07
 step= 66000  E=4.360933666586e+02  Q=6.750000000000e+02  λ=1.199206e+00  dt=1.030e-03  relΔE=5.696e-14  ||F||=8.398e-07
 step= 66500  E=4.360933666456e+02  Q=6.750000000000e+02  λ=1.199206e+00  dt=7.970e-04  relΔE=3.989e-14  ||F||=8.736e-07
 step= 67000  E=4.360933666339e+02  Q=6.750000000000e+02  λ=1.199206e+00  dt=1.234e-03  relΔE=5.579e-14  ||F||=7.036e-07
 step= 67500  E=4.360933666233e+02  Q=6.750000000000e+02  λ=1.199206e+00  dt=9.548e-04  relΔE=3.950e-14  ||F||=6.457e-07
 step= 68000  E=4.360933666132e+02  Q=6.750000000000e+02  λ=1.199206e+00  dt=7.390e-04  relΔE=2.998e-14  ||F||=1.428e-06
 step= 68500  E=4.360933666045e+02  Q=6.750000000000e+02  λ=1.199206e+00  dt=1.144e-03  relΔE=3.989e-14  ||F||=5.406e-07
 step= 69000  E=4.360933665962e+02  Q=6.750000000000e+02  λ=1.199206e+00  dt=8.853e-04  relΔE=2.789e-14  ||F||=5.023e-07
 step= 69500  E=4.360933665886e+02  Q=6.750000000000e+02  λ=1.199206e+00  dt=1.370e-03  relΔE=4.028e-14  ||F||=1.018e-06
 step= 70000  E=4.360933665818e+02  Q=6.750000000000e+02  λ=1.199206e+00  dt=1.061e-03  relΔE=2.815e-14  ||F||=4.152e-07
 step= 70500  E=4.360933665755e+02  Q=6.750000000000e+02  λ=1.199206e+00  dt=8.209e-04  relΔE=2.033e-14  ||F||=4.053e-07
 step= 71000  E=4.360933665697e+02  Q=6.750000000000e+02  λ=1.199206e+00  dt=1.271e-03  relΔE=2.868e-14  ||F||=3.484e-07
 step= 71500  E=4.360933665645e+02  Q=6.750000000000e+02  λ=1.199206e+00  dt=9.835e-04  relΔE=2.046e-14  ||F||=3.192e-07
 step= 72000  E=4.360933665596e+02  Q=6.750000000000e+02  λ=1.199206e+00  dt=7.612e-04  relΔE=1.447e-14  ||F||=6.604e-07
 step= 72500  E=4.360933665553e+02  Q=6.750000000000e+02  λ=1.199206e+00  dt=1.178e-03  relΔE=2.007e-14  ||F||=2.672e-07
 step= 73000  E=4.360933665512e+02  Q=6.750000000000e+02  λ=1.199206e+00  dt=9.120e-04  relΔE=1.395e-14  ||F||=2.476e-07
 step= 73500  E=4.360933665474e+02  Q=6.750000000000e+02  λ=1.199206e+00  dt=1.412e-03  relΔE=1.942e-14  ||F||=4.767e-06
 step= 74000  E=4.360933665441e+02  Q=6.750000000000e+02  λ=1.199206e+00  dt=1.093e-03  relΔE=1.356e-14  ||F||=2.053e-07
 step= 74500  E=4.360933665410e+02  Q=6.750000000000e+02  λ=1.199206e+00  dt=8.456e-04  relΔE=9.646e-15  ||F||=2.112e-07
 step= 75000  E=4.360933665382e+02  Q=6.750000000000e+02  λ=1.199206e+00  dt=1.309e-03  relΔE=1.486e-14  ||F||=1.795e-07
 step= 75500  E=4.360933665356e+02  Q=6.750000000000e+02  λ=1.199206e+00  dt=1.013e-03  relΔE=1.017e-14  ||F||=1.579e-07
 step= 76000  E=4.360933665332e+02  Q=6.750000000000e+02  λ=1.199206e+00  dt=7.841e-04  relΔE=7.299e-15  ||F||=2.571e-07
 step= 76500  E=4.360933665310e+02  Q=6.750000000000e+02  λ=1.199206e+00  dt=1.214e-03  relΔE=9.776e-15  ||F||=1.321e-07
 step= 77000  E=4.360933665291e+02  Q=6.750000000000e+02  λ=1.199206e+00  dt=9.394e-04  relΔE=7.951e-15  ||F||=1.224e-07
 step= 77500  E=4.360933665272e+02  Q=6.750000000000e+02  λ=1.199206e+00  dt=7.271e-04  relΔE=8.082e-15  ||F||=8.927e-06
 step= 78000  E=4.360933665256e+02  Q=6.750000000000e+02  λ=1.199206e+00  dt=1.125e-03  relΔE=6.778e-15  ||F||=1.015e-07
 step= 78500  E=4.360933665240e+02  Q=6.750000000000e+02  λ=1.199206e+00  dt=7.259e-04  relΔE=4.041e-15  ||F||=1.266e-07
 step= 79000  E=4.360933665227e+02  Q=6.750000000000e+02  λ=1.199206e+00  dt=1.124e-03  relΔE=6.387e-15  ||F||=8.533e-08
 step= 79500  E=4.360933665214e+02  Q=6.750000000000e+02  λ=1.199206e+00  dt=8.696e-04  relΔE=4.171e-15  ||F||=9.632e-08
 step= 80000  E=4.360933665202e+02  Q=6.750000000000e+02  λ=1.199206e+00  dt=1.346e-03  relΔE=5.735e-15  ||F||=1.455e-07
 step= 80500  E=4.360933665191e+02  Q=6.750000000000e+02  λ=1.199206e+00  dt=1.042e-03  relΔE=3.910e-15  ||F||=6.572e-08
 step= 81000  E=4.360933665181e+02  Q=6.750000000000e+02  λ=1.199206e+00  dt=8.064e-04  relΔE=3.389e-15  ||F||=1.183e-07
 step= 81500  E=4.360933665172e+02  Q=6.750000000000e+02  λ=1.199206e+00  dt=1.248e-03  relΔE=4.041e-15  ||F||=5.506e-08
 step= 82000  E=4.360933665164e+02  Q=6.750000000000e+02  λ=1.199206e+00  dt=9.661e-04  relΔE=2.868e-15  ||F||=5.085e-08
 Converged (aggressive): step=82037, E=4.360933665163e+02, Q=6.750000000000e+02, dt=9.661e-04, ||F||=4.999e-08

Stationary candidate (aggressive): E=4.360933665163e+02, Q=6.750000000000e+02, maxρ=6.876061e-01

=== Stability test (damped inertial dynamics) ===
Perturb eps=0.02, gamma=1
t=0: E=4.689571476314e+02, Q=6.750000000000e+02, maxρ=7.093847e-01, σ=2.569671e+00, Rc=1.866621e+01
 step=     1  E=4.689569826731e+02  Q=6.750000000000e+02  λ=1.584720e+00  maxρ=7.093847e-01  minρ=1.000e-15  σ=2.569671e+00  Rc=1.866621e+01
 step=   300  E=4.621927833346e+02  Q=6.750000000000e+02  λ=1.482136e+00  maxρ=7.081814e-01  minρ=1.000e-15  σ=2.569668e+00  Rc=1.866622e+01
 step=   600  E=4.485831001163e+02  Q=6.750000000000e+02  λ=1.296294e+00  maxρ=7.047889e-01  minρ=1.000e-15  σ=2.569662e+00  Rc=1.866622e+01
 step=   900  E=4.406019281723e+02  Q=6.750000000000e+02  λ=1.236861e+00  maxρ=6.997712e-01  minρ=1.000e-15  σ=2.569660e+00  Rc=1.866622e+01
 step=  1200  E=4.436089996780e+02  Q=6.750000000000e+02  λ=1.343774e+00  maxρ=6.974205e-01  minρ=1.000e-15  σ=2.569663e+00  Rc=1.866621e+01
 step=  1500  E=4.517556201958e+02  Q=6.750000000000e+02  λ=1.460068e+00  maxρ=7.016244e-01  minρ=1.000e-15  σ=2.569665e+00  Rc=1.866621e+01
 step=  1800  E=4.559334497953e+02  Q=6.750000000000e+02  λ=1.446450e+00  maxρ=7.038709e-01  minρ=1.000e-15  σ=2.569663e+00  Rc=1.866621e+01
 step=  2100  E=4.535026460165e+02  Q=6.750000000000e+02  λ=1.345495e+00  maxρ=7.002888e-01  minρ=1.000e-15  σ=2.569659e+00  Rc=1.866621e+01
 step=  2400  E=4.492045862074e+02  Q=6.750000000000e+02  λ=1.298435e+00  maxρ=6.934125e-01  minρ=1.000e-15  σ=2.569659e+00  Rc=1.866621e+01
 step=  2700  E=4.481473594408e+02  Q=6.750000000000e+02  λ=1.352820e+00  maxρ=6.950819e-01  minρ=1.000e-15  σ=2.569662e+00  Rc=1.866621e+01
 step=  3000  E=4.502432778950e+02  Q=6.750000000000e+02  λ=1.418888e+00  maxρ=7.038106e-01  minρ=1.000e-15  σ=2.569663e+00  Rc=1.866621e+01
 step=  3300  E=4.518371050771e+02  Q=6.750000000000e+02  λ=1.407116e+00  maxρ=7.056151e-01  minρ=1.000e-15  σ=2.569659e+00  Rc=1.866621e+01
 step=  3600  E=4.508816144316e+02  Q=6.750000000000e+02  λ=1.342694e+00  maxρ=7.026373e-01  minρ=1.000e-15  σ=2.569655e+00  Rc=1.866621e+01
 step=  3900  E=4.488621063284e+02  Q=6.750000000000e+02  λ=1.313415e+00  maxρ=7.026430e-01  minρ=1.000e-15  σ=2.569655e+00  Rc=1.866620e+01
 step=  4200  E=4.481001611008e+02  Q=6.750000000000e+02  λ=1.345527e+00  maxρ=7.002039e-01  minρ=1.000e-15  σ=2.569659e+00  Rc=1.866620e+01
 step=  4500  E=4.488132699702e+02  Q=6.750000000000e+02  λ=1.381021e+00  maxρ=6.983327e-01  minρ=1.000e-15  σ=2.569660e+00  Rc=1.866620e+01
 step=  4800  E=4.494760640212e+02  Q=6.750000000000e+02  λ=1.369059e+00  maxρ=7.011829e-01  minρ=1.000e-15  σ=2.569656e+00  Rc=1.866620e+01
 step=  5100  E=4.491452759112e+02  Q=6.750000000000e+02  λ=1.331747e+00  maxρ=7.021709e-01  minρ=1.000e-15  σ=2.569650e+00  Rc=1.866620e+01
 step=  5400  E=4.483842779543e+02  Q=6.750000000000e+02  λ=1.321430e+00  maxρ=7.013495e-01  minρ=1.000e-15  σ=2.569649e+00  Rc=1.866619e+01
 step=  5700  E=4.480623128603e+02  Q=6.750000000000e+02  λ=1.344977e+00  maxρ=6.989615e-01  minρ=1.000e-15  σ=2.569651e+00  Rc=1.866619e+01
 step=  6000  E=4.481649764942e+02  Q=6.750000000000e+02  λ=1.362279e+00  maxρ=6.966580e-01  minρ=1.000e-15  σ=2.569652e+00  Rc=1.866619e+01
 >>> No runaway detected in this horizon. Likely stable (within this model & box).

STABILITY: PASS
