
=== Aggressive relaxation to Q = 633 ===
Initial: E=4.656315038350e+02, Q=6.330000000000e+02, dt=1.000e-04
 step=     1  E=4.656229572005e+02  Q=6.330000000000e+02  λ=1.397736e+00  dt=1.000e-04  relΔE=1.835e-05  ||F||=3.679e-01
 step=   500  E=4.558606236876e+02  Q=6.330000000000e+02  λ=1.360610e+00  dt=6.192e-04  relΔE=7.531e-05  ||F||=3.246e-01
 step=  1000  E=4.336700709160e+02  Q=6.330000000000e+02  λ=1.278851e+00  dt=9.584e-04  relΔE=6.453e-05  ||F||=2.355e-01
 step=  1500  E=4.197819639237e+02  Q=6.330000000000e+02  λ=1.232099e+00  dt=1.484e-03  relΔE=6.608e-06  ||F||=2.056e+00
 step=  2000  E=4.105714725043e+02  Q=6.330000000000e+02  λ=1.199439e+00  dt=1.148e-03  relΔE=3.951e-05  ||F||=1.638e-01
 step=  2500  E=4.031758482219e+02  Q=6.330000000000e+02  λ=1.175577e+00  dt=8.887e-04  relΔE=2.528e-05  ||F||=1.475e-01
 step=  3000  E=3.969877432660e+02  Q=6.330000000000e+02  λ=1.156199e+00  dt=1.376e-03  relΔE=3.366e-05  ||F||=1.358e-01
 step=  3500  E=3.917883079659e+02  Q=6.330000000000e+02  λ=1.140250e+00  dt=1.065e-03  relΔE=2.308e-05  ||F||=1.269e-01
 step=  4000  E=3.870988921848e+02  Q=6.330000000000e+02  λ=1.126113e+00  dt=8.241e-04  relΔE=1.607e-05  ||F||=1.197e-01
 step=  4500  E=3.829666312693e+02  Q=6.330000000000e+02  λ=1.113845e+00  dt=1.276e-03  relΔE=2.246e-05  ||F||=1.131e-01
 step=  5000  E=3.792597261206e+02  Q=6.330000000000e+02  λ=1.102955e+00  dt=9.873e-04  relΔE=1.587e-05  ||F||=1.075e-01
 step=  5500  E=3.758144188758e+02  Q=6.330000000000e+02  λ=1.092938e+00  dt=7.641e-04  relΔE=1.168e-05  ||F||=1.044e-01
 step=  6000  E=3.728014135935e+02  Q=6.330000000000e+02  λ=1.084264e+00  dt=1.183e-03  relΔE=1.606e-05  ||F||=9.799e-02
 step=  6500  E=3.699760778471e+02  Q=6.330000000000e+02  λ=1.076186e+00  dt=9.154e-04  relΔE=1.150e-05  ||F||=9.388e-02
 step=  7000  E=3.673337389862e+02  Q=6.330000000000e+02  λ=1.068698e+00  dt=1.417e-03  relΔE=1.648e-05  ||F||=9.010e-02
 step=  7500  E=3.650116451079e+02  Q=6.330000000000e+02  λ=1.062151e+00  dt=9.140e-04  relΔE=9.912e-06  ||F||=8.664e-02
 step=  8000  E=3.627509454266e+02  Q=6.330000000000e+02  λ=1.055833e+00  dt=1.415e-03  relΔE=1.423e-05  ||F||=1.148e-01
 step=  8500  E=3.607562339366e+02  Q=6.330000000000e+02  λ=1.050280e+00  dt=1.095e-03  relΔE=1.038e-05  ||F||=8.054e-02
 step=  9000  E=3.587942997593e+02  Q=6.330000000000e+02  λ=1.044855e+00  dt=8.475e-04  relΔE=7.561e-06  ||F||=7.791e-02
 step=  9500  E=3.570042294618e+02  Q=6.330000000000e+02  λ=1.039941e+00  dt=1.312e-03  relΔE=1.098e-05  ||F||=7.527e-02
 step= 10000  E=3.553384425549e+02  Q=6.330000000000e+02  λ=1.035390e+00  dt=1.015e-03  relΔE=8.027e-06  ||F||=7.299e-02
 step= 10500  E=3.537145845228e+02  Q=6.330000000000e+02  λ=1.030980e+00  dt=7.858e-04  relΔE=6.005e-06  ||F||=7.161e-02
 step= 11000  E=3.522433237352e+02  Q=6.330000000000e+02  λ=1.027012e+00  dt=1.216e-03  relΔE=8.635e-06  ||F||=6.886e-02
 step= 11500  E=3.508282626581e+02  Q=6.330000000000e+02  λ=1.023213e+00  dt=9.414e-04  relΔE=6.363e-06  ||F||=6.705e-02
 step= 12000  E=3.494482492250e+02  Q=6.330000000000e+02  λ=1.019548e+00  dt=1.457e-03  relΔE=8.965e-06  ||F||=1.796e-01
 step= 12500  E=3.482064240089e+02  Q=6.330000000000e+02  λ=1.016241e+00  dt=1.128e-03  relΔE=6.960e-06  ||F||=6.383e-02
 step= 13000  E=3.469707894818e+02  Q=6.330000000000e+02  λ=1.012983e+00  dt=8.730e-04  relΔE=5.176e-06  ||F||=6.245e-02
 step= 13500  E=3.457945855619e+02  Q=6.330000000000e+02  λ=1.009903e+00  dt=1.351e-03  relΔE=7.695e-06  ||F||=6.110e-02
 step= 14000  E=3.446863488890e+02  Q=6.330000000000e+02  λ=1.007014e+00  dt=1.046e-03  relΔE=5.750e-06  ||F||=5.994e-02
 step= 14500  E=3.435843515023e+02  Q=6.330000000000e+02  λ=1.004157e+00  dt=8.095e-04  relΔE=4.339e-06  ||F||=5.910e-02
 step= 15000  E=3.425466144232e+02  Q=6.330000000000e+02  λ=1.001485e+00  dt=1.253e-03  relΔE=6.469e-06  ||F||=5.791e-02
 step= 15500  E=3.415395051710e+02  Q=6.330000000000e+02  λ=9.989006e-01  dt=9.698e-04  relΔE=4.876e-06  ||F||=5.706e-02
 step= 16000  E=3.405259888232e+02  Q=6.330000000000e+02  λ=9.963137e-01  dt=7.506e-04  relΔE=4.057e-06  ||F||=5.926e-02
 step= 16500  E=3.395901998824e+02  Q=6.330000000000e+02  λ=9.939355e-01  dt=1.162e-03  relΔE=5.584e-06  ||F||=5.563e-02
 step= 17000  E=3.386450184191e+02  Q=6.330000000000e+02  λ=9.915401e-01  dt=8.992e-04  relΔE=4.248e-06  ||F||=5.508e-02
 step= 17500  E=3.377093620371e+02  Q=6.330000000000e+02  λ=9.891785e-01  dt=1.392e-03  relΔE=6.472e-06  ||F||=5.458e-02
 step= 18000  E=3.368182173753e+02  Q=6.330000000000e+02  λ=9.869304e-01  dt=1.077e-03  relΔE=4.952e-06  ||F||=5.418e-02
 step= 18500  E=3.359089574969e+02  Q=6.330000000000e+02  λ=9.846393e-01  dt=8.338e-04  relΔE=3.819e-06  ||F||=5.401e-02
 step= 19000  E=3.350245314222e+02  Q=6.330000000000e+02  λ=9.824131e-01  dt=1.291e-03  relΔE=5.847e-06  ||F||=5.364e-02
 step= 19500  E=3.341513548702e+02  Q=6.330000000000e+02  λ=9.802096e-01  dt=9.989e-04  relΔE=4.514e-06  ||F||=5.350e-02
 step= 20000  E=3.332543806522e+02  Q=6.330000000000e+02  λ=9.779408e-01  dt=7.731e-04  relΔE=3.576e-06  ||F||=5.408e-02
 step= 20500  E=3.323928407012e+02  Q=6.330000000000e+02  λ=9.757550e-01  dt=1.197e-03  relΔE=5.426e-06  ||F||=5.345e-02
 step= 21000  E=3.315113749874e+02  Q=6.330000000000e+02  λ=9.735043e-01  dt=9.263e-04  relΔE=4.227e-06  ||F||=5.356e-02
 step= 21500  E=3.306069880900e+02  Q=6.330000000000e+02  λ=9.711824e-01  dt=1.434e-03  relΔE=6.592e-06  ||F||=5.836e-02
 step= 22000  E=3.297460444244e+02  Q=6.330000000000e+02  λ=9.689500e-01  dt=1.110e-03  relΔE=5.164e-06  ||F||=5.394e-02
 step= 22500  E=3.288261543263e+02  Q=6.330000000000e+02  λ=9.665422e-01  dt=8.589e-04  relΔE=4.066e-06  ||F||=5.433e-02
 step= 23000  E=3.279163080639e+02  Q=6.330000000000e+02  λ=9.641363e-01  dt=1.329e-03  relΔE=6.376e-06  ||F||=5.460e-02
 step= 23500  E=3.270048621300e+02  Q=6.330000000000e+02  λ=9.616925e-01  dt=1.029e-03  relΔE=5.023e-06  ||F||=5.501e-02
 step= 24000  E=3.260445900578e+02  Q=6.330000000000e+02  λ=9.590821e-01  dt=7.964e-04  relΔE=4.082e-06  ||F||=5.632e-02
 step= 24500  E=3.251040254039e+02  Q=6.330000000000e+02  λ=9.564885e-01  dt=1.233e-03  relΔE=6.265e-06  ||F||=5.597e-02
 step= 25000  E=3.241362208798e+02  Q=6.330000000000e+02  λ=9.537734e-01  dt=9.541e-04  relΔE=4.956e-06  ||F||=5.650e-02
 step= 25500  E=3.231204045446e+02  Q=6.330000000000e+02  λ=9.510147e-01  dt=1.477e-03  relΔE=2.006e-06  ||F||=5.589e-01
 step= 26000  E=3.221361954807e+02  Q=6.330000000000e+02  λ=9.480164e-01  dt=1.143e-03  relΔE=6.202e-06  ||F||=5.757e-02
 step= 26500  E=3.211007203083e+02  Q=6.330000000000e+02  λ=9.449504e-01  dt=8.847e-04  relΔE=4.909e-06  ||F||=5.812e-02
 step= 27000  E=3.200430240009e+02  Q=6.330000000000e+02  λ=9.417611e-01  dt=1.369e-03  relΔE=7.746e-06  ||F||=5.864e-02
 step= 27500  E=3.189993132661e+02  Q=6.330000000000e+02  λ=9.385474e-01  dt=1.060e-03  relΔE=6.103e-06  ||F||=5.901e-02
 step= 28000  E=3.179072240774e+02  Q=6.330000000000e+02  λ=9.351176e-01  dt=8.203e-04  relΔE=4.830e-06  ||F||=5.958e-02
 step= 28500  E=3.168223714027e+02  Q=6.330000000000e+02  λ=9.316450e-01  dt=1.270e-03  relΔE=7.516e-06  ||F||=5.963e-02
 step= 29000  E=3.157387344594e+02  Q=6.330000000000e+02  λ=9.281016e-01  dt=9.828e-04  relΔE=5.864e-06  ||F||=5.976e-02
 step= 29500  E=3.146106743529e+02  Q=6.330000000000e+02  λ=9.243376e-01  dt=7.607e-04  relΔE=4.833e-06  ||F||=6.162e-02
 step= 30000  E=3.135411585682e+02  Q=6.330000000000e+02  λ=9.207001e-01  dt=1.177e-03  relΔE=7.028e-06  ||F||=5.957e-02
 step= 30500  E=3.124539645347e+02  Q=6.330000000000e+02  λ=9.169239e-01  dt=9.113e-04  relΔE=5.394e-06  ||F||=5.921e-02
 step= 31000  E=3.113665396566e+02  Q=6.330000000000e+02  λ=9.130749e-01  dt=1.411e-03  relΔE=8.209e-06  ||F||=5.866e-02
 step= 31500  E=3.103459911983e+02  Q=6.330000000000e+02  λ=9.093848e-01  dt=1.092e-03  relΔE=6.207e-06  ||F||=5.784e-02
 step= 32000  E=3.093187027805e+02  Q=6.330000000000e+02  λ=9.055964e-01  dt=8.450e-04  relΔE=4.664e-06  ||F||=5.689e-02
 step= 32500  E=3.083508318452e+02  Q=6.330000000000e+02  λ=9.019592e-01  dt=1.308e-03  relΔE=6.909e-06  ||F||=5.557e-02
 step= 33000  E=3.074340670325e+02  Q=6.330000000000e+02  λ=8.984398e-01  dt=1.012e-03  relΔE=5.089e-06  ||F||=5.412e-02
 step= 33500  E=3.065402603037e+02  Q=6.330000000000e+02  λ=8.949379e-01  dt=7.835e-04  relΔE=3.783e-06  ||F||=5.298e-02
 step= 34000  E=3.057377096635e+02  Q=6.330000000000e+02  λ=8.917313e-01  dt=1.213e-03  relΔE=5.357e-06  ||F||=5.060e-02
 step= 34500  E=3.049822819747e+02  Q=6.330000000000e+02  λ=8.886447e-01  dt=9.387e-04  relΔE=3.834e-06  ||F||=4.859e-02
 step= 35000  E=3.042702990269e+02  Q=6.330000000000e+02  λ=8.856758e-01  dt=1.453e-03  relΔE=5.348e-06  ||F||=7.652e-02
 step= 35500  E=3.036578049476e+02  Q=6.330000000000e+02  λ=8.830562e-01  dt=1.125e-03  relΔE=3.811e-06  ||F||=4.417e-02
 step= 36000  E=3.030825264112e+02  Q=6.330000000000e+02  λ=8.805388e-01  dt=8.704e-04  relΔE=2.652e-06  ||F||=4.184e-02
 step= 36500  E=3.025737615687e+02  Q=6.330000000000e+02  λ=8.782585e-01  dt=1.347e-03  relΔE=3.647e-06  ||F||=3.940e-02
 step= 37000  E=3.021302558226e+02  Q=6.330000000000e+02  λ=8.762148e-01  dt=1.043e-03  relΔE=2.497e-06  ||F||=3.703e-02
 step= 37500  E=3.017289830014e+02  Q=6.330000000000e+02  λ=8.743134e-01  dt=8.071e-04  relΔE=1.703e-06  ||F||=3.474e-02
 step= 38000  E=3.013885220742e+02  Q=6.330000000000e+02  λ=8.726530e-01  dt=1.249e-03  relΔE=2.276e-06  ||F||=3.226e-02
 step= 38500  E=3.010916414353e+02  Q=6.330000000000e+02  λ=8.711567e-01  dt=9.670e-04  relΔE=1.522e-06  ||F||=2.997e-02
 step= 39000  E=3.008297650152e+02  Q=6.330000000000e+02  λ=8.697905e-01  dt=7.484e-04  relΔE=1.120e-06  ||F||=2.928e-02
 step= 39500  E=3.006172228915e+02  Q=6.330000000000e+02  λ=8.686429e-01  dt=1.158e-03  relΔE=1.335e-06  ||F||=2.562e-02
 step= 40000  E=3.004294074445e+02  Q=6.330000000000e+02  λ=8.675873e-01  dt=8.966e-04  relΔE=8.761e-07  ||F||=2.358e-02
 step= 40500  E=3.002700416902e+02  Q=6.330000000000e+02  λ=8.666545e-01  dt=1.388e-03  relΔE=1.141e-06  ||F||=2.170e-02
 step= 41000  E=3.001407956985e+02  Q=6.330000000000e+02  λ=8.658628e-01  dt=1.074e-03  relΔE=7.449e-07  ||F||=1.986e-02
 step= 41500  E=3.000277290805e+02  Q=6.330000000000e+02  λ=8.651370e-01  dt=8.314e-04  relΔE=4.830e-07  ||F||=1.817e-02
 step= 42000  E=2.999356218303e+02  Q=6.330000000000e+02  λ=8.645159e-01  dt=1.287e-03  relΔE=6.214e-07  ||F||=1.656e-02
 step= 42500  E=2.998593627228e+02  Q=6.330000000000e+02  λ=8.639732e-01  dt=9.960e-04  relΔE=4.007e-07  ||F||=1.511e-02
 step= 43000  E=2.997939689836e+02  Q=6.330000000000e+02  λ=8.634809e-01  dt=7.709e-04  relΔE=2.615e-07  ||F||=1.388e-02
 step= 43500  E=2.997420891189e+02  Q=6.330000000000e+02  λ=8.630671e-01  dt=1.193e-03  relΔE=3.291e-07  ||F||=1.251e-02
 step= 44000  E=2.996979592263e+02  Q=6.330000000000e+02  λ=8.626922e-01  dt=9.236e-04  relΔE=2.100e-07  ||F||=1.136e-02
 step= 44500  E=2.996611165633e+02  Q=6.330000000000e+02  λ=8.623583e-01  dt=1.430e-03  relΔE=2.651e-07  ||F||=1.384e-02
 step= 45000  E=2.996324699062e+02  Q=6.330000000000e+02  λ=8.620800e-01  dt=1.106e-03  relΔE=1.708e-07  ||F||=9.354e-03
 step= 45500  E=2.996074577104e+02  Q=6.330000000000e+02  λ=8.618194e-01  dt=8.564e-04  relΔE=1.086e-07  ||F||=8.475e-03
 step= 46000  E=2.995874426486e+02  Q=6.330000000000e+02  λ=8.615950e-01  dt=1.326e-03  relΔE=1.374e-07  ||F||=7.661e-03
 step= 46500  E=2.995712610467e+02  Q=6.330000000000e+02  λ=8.613992e-01  dt=1.026e-03  relΔE=8.750e-08  ||F||=6.947e-03
 step= 47000  E=2.995574204453e+02  Q=6.330000000000e+02  λ=8.612179e-01  dt=7.941e-04  relΔE=5.725e-08  ||F||=6.390e-03
 step= 47500  E=2.995465746894e+02  Q=6.330000000000e+02  λ=8.610642e-01  dt=1.229e-03  relΔE=7.025e-08  ||F||=5.684e-03
 step= 48000  E=2.995375888871e+02  Q=6.330000000000e+02  λ=8.609258e-01  dt=9.514e-04  relΔE=4.462e-08  ||F||=5.147e-03
 step= 48500  E=2.995299622962e+02  Q=6.330000000000e+02  λ=8.607981e-01  dt=1.473e-03  relΔE=4.489e-08  ||F||=2.404e-02
 step= 49000  E=2.995240775254e+02  Q=6.330000000000e+02  λ=8.606904e-01  dt=1.140e-03  relΔE=3.588e-08  ||F||=4.214e-03
 step= 49500  E=2.995190572696e+02  Q=6.330000000000e+02  λ=8.605904e-01  dt=8.822e-04  relΔE=2.275e-08  ||F||=3.812e-03
 step= 50000  E=2.995149461551e+02  Q=6.330000000000e+02  λ=8.605010e-01  dt=1.366e-03  relΔE=2.879e-08  ||F||=3.446e-03
 step= 50500  E=2.995116582480e+02  Q=6.330000000000e+02  λ=8.604227e-01  dt=1.057e-03  relΔE=1.834e-08  ||F||=3.124e-03
 step= 51000  E=2.995088761161e+02  Q=6.330000000000e+02  λ=8.603502e-01  dt=8.180e-04  relΔE=1.168e-08  ||F||=2.832e-03
 step= 51500  E=2.995066351144e+02  Q=6.330000000000e+02  λ=8.602863e-01  dt=1.266e-03  relΔE=1.479e-08  ||F||=2.560e-03
 step= 52000  E=2.995047976054e+02  Q=6.330000000000e+02  λ=8.602288e-01  dt=9.800e-04  relΔE=9.430e-09  ||F||=2.321e-03
 step= 52500  E=2.995032365690e+02  Q=6.330000000000e+02  λ=8.601753e-01  dt=7.585e-04  relΔE=6.355e-09  ||F||=2.168e-03
 step= 53000  E=2.995020144408e+02  Q=6.330000000000e+02  λ=8.601294e-01  dt=1.174e-03  relΔE=7.655e-09  ||F||=1.907e-03
 step= 53500  E=2.995009763091e+02  Q=6.330000000000e+02  λ=8.600867e-01  dt=9.087e-04  relΔE=4.885e-09  ||F||=1.730e-03
 step= 54000  E=2.995001097584e+02  Q=6.330000000000e+02  λ=8.600476e-01  dt=1.407e-03  relΔE=6.218e-09  ||F||=1.569e-03
 step= 54500  E=2.994994219230e+02  Q=6.330000000000e+02  λ=8.600135e-01  dt=1.089e-03  relΔE=3.994e-09  ||F||=1.426e-03
 step= 55000  E=2.994988293831e+02  Q=6.330000000000e+02  λ=8.599814e-01  dt=8.426e-04  relΔE=2.560e-09  ||F||=1.296e-03
 step= 55500  E=2.994983502802e+02  Q=6.330000000000e+02  λ=8.599529e-01  dt=1.304e-03  relΔE=3.272e-09  ||F||=1.176e-03
 step= 56000  E=2.994979543551e+02  Q=6.330000000000e+02  λ=8.599272e-01  dt=1.009e-03  relΔE=2.105e-09  ||F||=1.070e-03
 step= 56500  E=2.994976153257e+02  Q=6.330000000000e+02  λ=8.599031e-01  dt=7.813e-04  relΔE=1.397e-09  ||F||=9.901e-04
 step= 57000  E=2.994973449980e+02  Q=6.330000000000e+02  λ=8.598821e-01  dt=1.209e-03  relΔE=1.740e-09  ||F||=8.853e-04
 step= 57500  E=2.994971161663e+02  Q=6.330000000000e+02  λ=8.598627e-01  dt=9.360e-04  relΔE=1.123e-09  ||F||=8.065e-04
 step= 58000  E=2.994969204003e+02  Q=6.330000000000e+02  λ=8.598445e-01  dt=1.449e-03  relΔE=1.434e-09  ||F||=1.014e-03
 step= 58500  E=2.994967657283e+02  Q=6.330000000000e+02  λ=8.598289e-01  dt=1.121e-03  relΔE=9.375e-10  ||F||=6.699e-04
 step= 59000  E=2.994966304485e+02  Q=6.330000000000e+02  λ=8.598140e-01  dt=8.679e-04  relΔE=6.072e-10  ||F||=6.110e-04
 step= 59500  E=2.994965185283e+02  Q=6.330000000000e+02  λ=8.598006e-01  dt=1.343e-03  relΔE=7.848e-10  ||F||=5.565e-04
 step= 60000  E=2.994964263470e+02  Q=6.330000000000e+02  λ=8.597886e-01  dt=1.040e-03  relΔE=5.110e-10  ||F||=5.087e-04
 step= 60500  E=2.994963463049e+02  Q=6.330000000000e+02  λ=8.597773e-01  dt=8.048e-04  relΔE=3.362e-10  ||F||=4.676e-04
 step= 61000  E=2.994962810376e+02  Q=6.330000000000e+02  λ=8.597673e-01  dt=1.246e-03  relΔE=4.325e-10  ||F||=4.242e-04
 step= 61500  E=2.994962257077e+02  Q=6.330000000000e+02  λ=8.597581e-01  dt=9.642e-04  relΔE=2.826e-10  ||F||=3.881e-04
 step= 62000  E=2.994961774833e+02  Q=6.330000000000e+02  λ=8.597494e-01  dt=7.462e-04  relΔE=2.241e-10  ||F||=5.880e-04
 step= 62500  E=2.994961389355e+02  Q=6.330000000000e+02  λ=8.597419e-01  dt=1.155e-03  relΔE=2.417e-10  ||F||=3.247e-04
 step= 63000  E=2.994961051998e+02  Q=6.330000000000e+02  λ=8.597349e-01  dt=8.940e-04  relΔE=1.586e-10  ||F||=2.973e-04
 step= 63500  E=2.994960764135e+02  Q=6.330000000000e+02  λ=8.597284e-01  dt=1.384e-03  relΔE=2.077e-10  ||F||=2.718e-04
 step= 64000  E=2.994960532382e+02  Q=6.330000000000e+02  λ=8.597227e-01  dt=8.926e-04  relΔE=1.147e-10  ||F||=2.499e-04
 step= 64500  E=2.994960320771e+02  Q=6.330000000000e+02  λ=8.597172e-01  dt=1.382e-03  relΔE=1.506e-10  ||F||=2.290e-04
 step= 65000  E=2.994960148507e+02  Q=6.330000000000e+02  λ=8.597124e-01  dt=1.069e-03  relΔE=9.973e-11  ||F||=2.099e-04
 step= 65500  E=2.994959995720e+02  Q=6.330000000000e+02  λ=8.597078e-01  dt=8.276e-04  relΔE=6.626e-11  ||F||=1.931e-04
 step= 66000  E=2.994959867886e+02  Q=6.330000000000e+02  λ=8.597037e-01  dt=1.281e-03  relΔE=8.720e-11  ||F||=1.764e-04
 step= 66500  E=2.994959759257e+02  Q=6.330000000000e+02  λ=8.597000e-01  dt=9.916e-04  relΔE=5.800e-11  ||F||=1.620e-04
 step= 67000  E=2.994959666929e+02  Q=6.330000000000e+02  λ=8.596966e-01  dt=1.279e-03  relΔE=6.450e-11  ||F||=1.490e-04
 step= 67500  E=2.994959585331e+02  Q=6.330000000000e+02  λ=8.596934e-01  dt=9.899e-04  relΔE=4.297e-11  ||F||=1.369e-04
 step= 68000  E=2.994959513758e+02  Q=6.330000000000e+02  λ=8.596905e-01  dt=7.662e-04  relΔE=2.931e-11  ||F||=1.276e-04
 step= 68500  E=2.994959454437e+02  Q=6.330000000000e+02  λ=8.596879e-01  dt=1.186e-03  relΔE=3.833e-11  ||F||=1.155e-04
 step= 69000  E=2.994959402081e+02  Q=6.330000000000e+02  λ=8.596854e-01  dt=9.179e-04  relΔE=2.569e-11  ||F||=1.061e-04
 step= 69500  E=2.994959355710e+02  Q=6.330000000000e+02  λ=8.596831e-01  dt=1.421e-03  relΔE=3.435e-11  ||F||=1.003e-04
 step= 70000  E=2.994959317537e+02  Q=6.330000000000e+02  λ=8.596811e-01  dt=1.100e-03  relΔE=2.320e-11  ||F||=8.973e-05
 step= 70500  E=2.994959282727e+02  Q=6.330000000000e+02  λ=8.596792e-01  dt=8.511e-04  relΔE=1.563e-11  ||F||=8.255e-05
 step= 71000  E=2.994959253007e+02  Q=6.330000000000e+02  λ=8.596775e-01  dt=1.318e-03  relΔE=2.106e-11  ||F||=7.581e-05
 step= 71500  E=2.994959227202e+02  Q=6.330000000000e+02  λ=8.596759e-01  dt=1.020e-03  relΔE=1.427e-11  ||F||=6.980e-05
 step= 72000  E=2.994959204003e+02  Q=6.330000000000e+02  λ=8.596745e-01  dt=7.892e-04  relΔE=9.699e-12  ||F||=6.444e-05
 step= 72500  E=2.994959184364e+02  Q=6.330000000000e+02  λ=8.596732e-01  dt=1.222e-03  relΔE=1.312e-11  ||F||=5.908e-05
 step= 73000  E=2.994959166891e+02  Q=6.330000000000e+02  λ=8.596719e-01  dt=9.455e-04  relΔE=8.934e-12  ||F||=5.441e-05
 step= 73500  E=2.994959151063e+02  Q=6.330000000000e+02  λ=8.596708e-01  dt=1.464e-03  relΔE=9.438e-12  ||F||=4.062e-04
 step= 74000  E=2.994959137914e+02  Q=6.330000000000e+02  λ=8.596698e-01  dt=1.133e-03  relΔE=8.320e-12  ||F||=4.612e-05
 step= 74500  E=2.994959125782e+02  Q=6.330000000000e+02  λ=8.596688e-01  dt=8.767e-04  relΔE=5.698e-12  ||F||=4.253e-05
 step= 75000  E=2.994959115097e+02  Q=6.330000000000e+02  λ=8.596680e-01  dt=1.357e-03  relΔE=7.790e-12  ||F||=3.907e-05
 step= 75500  E=2.994959105847e+02  Q=6.330000000000e+02  λ=8.596672e-01  dt=1.050e-03  relΔE=5.362e-12  ||F||=3.604e-05
 step= 76000  E=2.994959097367e+02  Q=6.330000000000e+02  λ=8.596664e-01  dt=8.130e-04  relΔE=3.705e-12  ||F||=3.339e-05
 step= 76500  E=2.994959089980e+02  Q=6.330000000000e+02  λ=8.596658e-01  dt=1.258e-03  relΔE=5.082e-12  ||F||=3.057e-05
 step= 77000  E=2.994959083405e+02  Q=6.330000000000e+02  λ=8.596651e-01  dt=9.740e-04  relΔE=3.513e-12  ||F||=2.819e-05
 step= 77500  E=2.994959077344e+02  Q=6.330000000000e+02  λ=8.596646e-01  dt=7.538e-04  relΔE=2.555e-12  ||F||=2.782e-05
 step= 78000  E=2.994959072181e+02  Q=6.330000000000e+02  λ=8.596641e-01  dt=1.167e-03  relΔE=3.367e-12  ||F||=2.394e-05
 step= 78500  E=2.994959067423e+02  Q=6.330000000000e+02  λ=8.596636e-01  dt=9.031e-04  relΔE=2.338e-12  ||F||=2.209e-05
 step= 79000  E=2.994959063100e+02  Q=6.330000000000e+02  λ=8.596631e-01  dt=1.398e-03  relΔE=3.242e-12  ||F||=2.037e-05
 step= 79500  E=2.994959059360e+02  Q=6.330000000000e+02  λ=8.596627e-01  dt=1.082e-03  relΔE=2.262e-12  ||F||=1.876e-05
 step= 80000  E=2.994959055869e+02  Q=6.330000000000e+02  λ=8.596623e-01  dt=8.374e-04  relΔE=1.580e-12  ||F||=1.738e-05
 step= 80500  E=2.994959052780e+02  Q=6.330000000000e+02  λ=8.596620e-01  dt=1.296e-03  relΔE=2.199e-12  ||F||=1.593e-05
 step= 81000  E=2.994959050010e+02  Q=6.330000000000e+02  λ=8.596617e-01  dt=1.003e-03  relΔE=1.540e-12  ||F||=1.470e-05
 step= 81500  E=2.994959047425e+02  Q=6.330000000000e+02  λ=8.596614e-01  dt=7.765e-04  relΔE=1.098e-12  ||F||=1.417e-05
 step= 82000  E=2.994959045179e+02  Q=6.330000000000e+02  λ=8.596611e-01  dt=1.202e-03  relΔE=1.509e-12  ||F||=1.250e-05
 step= 82500  E=2.994959043109e+02  Q=6.330000000000e+02  λ=8.596609e-01  dt=9.303e-04  relΔE=1.060e-12  ||F||=1.154e-05
 step= 83000  E=2.994959041181e+02  Q=6.330000000000e+02  λ=8.596606e-01  dt=1.440e-03  relΔE=1.472e-12  ||F||=3.068e-05
 step= 83500  E=2.994959039526e+02  Q=6.330000000000e+02  λ=8.596604e-01  dt=1.115e-03  relΔE=1.048e-12  ||F||=9.813e-06
 step= 84000  E=2.994959037953e+02  Q=6.330000000000e+02  λ=8.596603e-01  dt=8.626e-04  relΔE=7.381e-13  ||F||=9.105e-06
 step= 84500  E=2.994959036538e+02  Q=6.330000000000e+02  λ=8.596601e-01  dt=1.335e-03  relΔE=1.036e-12  ||F||=8.339e-06
 step= 85000  E=2.994959035270e+02  Q=6.330000000000e+02  λ=8.596599e-01  dt=1.033e-03  relΔE=7.324e-13  ||F||=7.702e-06
 step= 85500  E=2.994959034078e+02  Q=6.330000000000e+02  λ=8.596598e-01  dt=7.999e-04  relΔE=5.189e-13  ||F||=7.209e-06
 step= 86000  E=2.994959033021e+02  Q=6.330000000000e+02  λ=8.596596e-01  dt=1.238e-03  relΔE=7.301e-13  ||F||=6.552e-06
 step= 86500  E=2.994959032052e+02  Q=6.330000000000e+02  λ=8.596595e-01  dt=9.583e-04  relΔE=5.157e-13  ||F||=6.050e-06
 step= 87000  E=2.994959031136e+02  Q=6.330000000000e+02  λ=8.596594e-01  dt=7.417e-04  relΔE=4.259e-13  ||F||=1.101e-05
 step= 87500  E=2.994959030345e+02  Q=6.330000000000e+02  λ=8.596593e-01  dt=1.148e-03  relΔE=5.178e-13  ||F||=5.150e-06
 step= 88000  E=2.994959029594e+02  Q=6.330000000000e+02  λ=8.596592e-01  dt=8.885e-04  relΔE=3.661e-13  ||F||=4.777e-06
 step= 88500  E=2.994959028905e+02  Q=6.330000000000e+02  λ=8.596591e-01  dt=1.375e-03  relΔE=5.183e-13  ||F||=4.388e-06
 step= 89000  E=2.994959028291e+02  Q=6.330000000000e+02  λ=8.596590e-01  dt=1.065e-03  relΔE=3.673e-13  ||F||=4.048e-06
 step= 89500  E=2.994959027712e+02  Q=6.330000000000e+02  λ=8.596589e-01  dt=8.239e-04  relΔE=2.615e-13  ||F||=3.765e-06
 step= 90000  E=2.994959027188e+02  Q=6.330000000000e+02  λ=8.596588e-01  dt=1.275e-03  relΔE=3.711e-13  ||F||=3.444e-06
 step= 90500  E=2.994959026712e+02  Q=6.330000000000e+02  λ=8.596588e-01  dt=9.871e-04  relΔE=2.638e-13  ||F||=3.183e-06
 step= 91000  E=2.994959026261e+02  Q=6.330000000000e+02  λ=8.596587e-01  dt=7.640e-04  relΔE=1.938e-13  ||F||=3.696e-06
 step= 91500  E=2.994959025863e+02  Q=6.330000000000e+02  λ=8.596587e-01  dt=1.183e-03  relΔE=2.657e-13  ||F||=2.710e-06
 step= 92000  E=2.994959025493e+02  Q=6.330000000000e+02  λ=8.596586e-01  dt=7.627e-04  relΔE=1.581e-13  ||F||=2.503e-06
 step= 92500  E=2.994959025157e+02  Q=6.330000000000e+02  λ=8.596586e-01  dt=1.181e-03  relΔE=2.249e-13  ||F||=2.314e-06
 step= 93000  E=2.994959024842e+02  Q=6.330000000000e+02  λ=8.596585e-01  dt=9.138e-04  relΔE=1.600e-13  ||F||=2.147e-06
 step= 93500  E=2.994959024545e+02  Q=6.330000000000e+02  λ=8.596585e-01  dt=1.414e-03  relΔE=2.274e-13  ||F||=3.121e-06
 step= 94000  E=2.994959024286e+02  Q=6.330000000000e+02  λ=8.596584e-01  dt=1.095e-03  relΔE=1.623e-13  ||F||=1.821e-06
 step= 94500  E=2.994959024037e+02  Q=6.330000000000e+02  λ=8.596584e-01  dt=8.473e-04  relΔE=1.154e-13  ||F||=1.716e-06
 step= 95000  E=2.994959023812e+02  Q=6.330000000000e+02  λ=8.596584e-01  dt=1.312e-03  relΔE=1.644e-13  ||F||=1.550e-06
 step= 95500  E=2.994959023606e+02  Q=6.330000000000e+02  λ=8.596584e-01  dt=1.015e-03  relΔE=1.177e-13  ||F||=1.433e-06
 step= 96000  E=2.994959023412e+02  Q=6.330000000000e+02  λ=8.596583e-01  dt=7.857e-04  relΔE=8.408e-14  ||F||=1.325e-06
 step= 96500  E=2.994959023238e+02  Q=6.330000000000e+02  λ=8.596583e-01  dt=1.216e-03  relΔE=1.186e-13  ||F||=1.220e-06
 step= 97000  E=2.994959023076e+02  Q=6.330000000000e+02  λ=8.596583e-01  dt=9.413e-04  relΔE=8.503e-14  ||F||=1.127e-06
 step= 97500  E=2.994959022923e+02  Q=6.330000000000e+02  λ=8.596583e-01  dt=1.457e-03  relΔE=9.831e-14  ||F||=3.932e-05
 step= 98000  E=2.994959022789e+02  Q=6.330000000000e+02  λ=8.596582e-01  dt=1.128e-03  relΔE=8.636e-14  ||F||=9.609e-07
 step= 98500  E=2.994959022661e+02  Q=6.330000000000e+02  λ=8.596582e-01  dt=8.728e-04  relΔE=6.168e-14  ||F||=9.128e-07
 step= 99000  E=2.994959022544e+02  Q=6.330000000000e+02  λ=8.596582e-01  dt=1.351e-03  relΔE=8.769e-14  ||F||=8.182e-07
 step= 99500  E=2.994959022437e+02  Q=6.330000000000e+02  λ=8.596582e-01  dt=1.046e-03  relΔE=6.263e-14  ||F||=7.569e-07
 step=100000  E=2.994959022337e+02  Q=6.330000000000e+02  λ=8.596582e-01  dt=8.093e-04  relΔE=4.441e-14  ||F||=7.043e-07
 step=100500  E=2.994959022246e+02  Q=6.330000000000e+02  λ=8.596582e-01  dt=1.253e-03  relΔE=6.415e-14  ||F||=6.444e-07
 step=101000  E=2.994959022162e+02  Q=6.330000000000e+02  λ=8.596581e-01  dt=9.696e-04  relΔE=4.517e-14  ||F||=5.959e-07
 step=101500  E=2.994959022082e+02  Q=6.330000000000e+02  λ=8.596581e-01  dt=7.504e-04  relΔE=3.359e-14  ||F||=1.208e-06
 step=102000  E=2.994959022012e+02  Q=6.330000000000e+02  λ=8.596581e-01  dt=1.162e-03  relΔE=4.669e-14  ||F||=5.077e-07
 step=102500  E=2.994959021946e+02  Q=6.330000000000e+02  λ=8.596581e-01  dt=8.990e-04  relΔE=3.321e-14  ||F||=4.772e-07
 step=103000  E=2.994959021884e+02  Q=6.330000000000e+02  λ=8.596581e-01  dt=1.392e-03  relΔE=4.745e-14  ||F||=4.543e-07
 step=103500  E=2.994959021829e+02  Q=6.330000000000e+02  λ=8.596581e-01  dt=1.077e-03  relΔE=3.359e-14  ||F||=4.000e-07
 step=104000  E=2.994959021776e+02  Q=6.330000000000e+02  λ=8.596581e-01  dt=8.336e-04  relΔE=2.448e-14  ||F||=3.906e-07
 step=104500  E=2.994959021728e+02  Q=6.330000000000e+02  λ=8.596581e-01  dt=1.290e-03  relΔE=3.416e-14  ||F||=3.406e-07
 step=105000  E=2.994959021684e+02  Q=6.330000000000e+02  λ=8.596581e-01  dt=9.987e-04  relΔE=2.448e-14  ||F||=3.149e-07
 step=105500  E=2.994959021643e+02  Q=6.330000000000e+02  λ=8.596581e-01  dt=7.730e-04  relΔE=1.765e-14  ||F||=4.863e-07
 step=106000  E=2.994959021606e+02  Q=6.330000000000e+02  λ=8.596581e-01  dt=1.197e-03  relΔE=2.543e-14  ||F||=2.684e-07
 step=106500  E=2.994959021571e+02  Q=6.330000000000e+02  λ=8.596581e-01  dt=9.261e-04  relΔE=1.765e-14  ||F||=2.485e-07
 step=107000  E=2.994959021538e+02  Q=6.330000000000e+02  λ=8.596581e-01  dt=1.434e-03  relΔE=2.600e-14  ||F||=3.449e-06
 step=107500  E=2.994959021509e+02  Q=6.330000000000e+02  λ=8.596581e-01  dt=1.109e-03  relΔE=1.822e-14  ||F||=2.115e-07
 step=108000  E=2.994959021482e+02  Q=6.330000000000e+02  λ=8.596580e-01  dt=8.587e-04  relΔE=1.272e-14  ||F||=2.104e-07
 step=108500  E=2.994959021457e+02  Q=6.330000000000e+02  λ=8.596580e-01  dt=1.329e-03  relΔE=1.917e-14  ||F||=1.802e-07
 step=109000  E=2.994959021434e+02  Q=6.330000000000e+02  λ=8.596580e-01  dt=1.029e-03  relΔE=1.367e-14  ||F||=1.667e-07
 step=109500  E=2.994959021412e+02  Q=6.330000000000e+02  λ=8.596580e-01  dt=7.962e-04  relΔE=8.920e-15  ||F||=1.730e-07
 step=110000  E=2.994959021392e+02  Q=6.330000000000e+02  λ=8.596580e-01  dt=1.233e-03  relΔE=1.348e-14  ||F||=1.420e-07
 step=110500  E=2.994959021374e+02  Q=6.330000000000e+02  λ=8.596580e-01  dt=9.539e-04  relΔE=9.490e-15  ||F||=1.313e-07
 step=111000  E=2.994959021357e+02  Q=6.330000000000e+02  λ=8.596580e-01  dt=7.383e-04  relΔE=7.592e-15  ||F||=8.276e-07
 step=111500  E=2.994959021341e+02  Q=6.330000000000e+02  λ=8.596580e-01  dt=1.143e-03  relΔE=9.680e-15  ||F||=1.120e-07
 step=112000  E=2.994959021327e+02  Q=6.330000000000e+02  λ=8.596580e-01  dt=8.845e-04  relΔE=6.643e-15  ||F||=1.106e-07
 step=112500  E=2.994959021313e+02  Q=6.330000000000e+02  λ=8.596580e-01  dt=1.369e-03  relΔE=9.490e-15  ||F||=9.589e-08
 step=113000  E=2.994959021301e+02  Q=6.330000000000e+02  λ=8.596580e-01  dt=1.060e-03  relΔE=7.592e-15  ||F||=8.846e-08
 step=113500  E=2.994959021290e+02  Q=6.330000000000e+02  λ=8.596580e-01  dt=8.202e-04  relΔE=5.504e-15  ||F||=8.266e-08
 step=114000  E=2.994959021279e+02  Q=6.330000000000e+02  λ=8.596580e-01  dt=1.270e-03  relΔE=7.022e-15  ||F||=7.525e-08
 step=114500  E=2.994959021270e+02  Q=6.330000000000e+02  λ=8.596580e-01  dt=9.826e-04  relΔE=5.314e-15  ||F||=6.959e-08
 step=115000  E=2.994959021261e+02  Q=6.330000000000e+02  λ=8.596580e-01  dt=7.605e-04  relΔE=3.796e-15  ||F||=2.645e-07
 step=115500  E=2.994959021253e+02  Q=6.330000000000e+02  λ=8.596580e-01  dt=1.177e-03  relΔE=4.935e-15  ||F||=5.937e-08
 step=116000  E=2.994959021245e+02  Q=6.330000000000e+02  λ=8.596580e-01  dt=7.593e-04  relΔE=3.037e-15  ||F||=5.489e-08
 step=116500  E=2.994959021238e+02  Q=6.330000000000e+02  λ=8.596580e-01  dt=1.175e-03  relΔE=4.745e-15  ||F||=5.080e-08
 Converged (aggressive): step=116609, E=2.994959021237e+02, Q=6.330000000000e+02, dt=8.462e-04, ||F||=4.999e-08

Stationary candidate (aggressive): E=2.994959021237e+02, Q=6.330000000000e+02, maxρ=5.877746e-01

=== Stability test (damped inertial dynamics) ===
Perturb eps=0.02, gamma=1
t=0: E=3.305317456630e+02, Q=6.330000000000e+02, maxρ=6.065482e-01, σ=2.782089e+00, Rc=1.830765e+01
 step=     1  E=3.305315894135e+02  Q=6.330000000000e+02  λ=1.247822e+00  maxρ=6.065482e-01  minρ=1.809e-13  σ=2.782089e+00  Rc=1.830765e+01
 step=   300  E=3.241255978648e+02  Q=6.330000000000e+02  λ=1.144296e+00  maxρ=6.055194e-01  minρ=1.801e-13  σ=2.782086e+00  Rc=1.830765e+01
 step=   600  E=3.112472386281e+02  Q=6.330000000000e+02  λ=9.569447e-01  maxρ=6.026188e-01  minρ=1.779e-13  σ=2.782080e+00  Rc=1.830766e+01
 step=   900  E=3.037213527916e+02  Q=6.330000000000e+02  λ=8.975059e-01  maxρ=5.983283e-01  minρ=1.750e-13  σ=2.782079e+00  Rc=1.830766e+01
 step=  1200  E=3.066084730739e+02  Q=6.330000000000e+02  λ=1.005829e+00  maxρ=5.964290e-01  minρ=1.723e-13  σ=2.782082e+00  Rc=1.830765e+01
 step=  1500  E=3.143391078848e+02  Q=6.330000000000e+02  λ=1.122939e+00  maxρ=5.999111e-01  minρ=1.707e-13  σ=2.782083e+00  Rc=1.830765e+01
 step=  1800  E=3.182795367595e+02  Q=6.330000000000e+02  λ=1.108500e+00  maxρ=6.018315e-01  minρ=1.688e-13  σ=2.782080e+00  Rc=1.830765e+01
 step=  2100  E=3.159543488208e+02  Q=6.330000000000e+02  λ=1.006379e+00  maxρ=5.987680e-01  minρ=1.644e-13  σ=2.782077e+00  Rc=1.830765e+01
 step=  2400  E=3.118766450805e+02  Q=6.330000000000e+02  λ=9.594617e-01  maxρ=5.928462e-01  minρ=1.571e-13  σ=2.782078e+00  Rc=1.830765e+01
 step=  2700  E=3.108753369537e+02  Q=6.330000000000e+02  λ=1.014946e+00  maxρ=5.958849e-01  minρ=1.554e-13  σ=2.782081e+00  Rc=1.830765e+01
 step=  3000  E=3.128452604235e+02  Q=6.330000000000e+02  λ=1.081318e+00  maxρ=6.033712e-01  minρ=1.557e-13  σ=2.782082e+00  Rc=1.830765e+01
 step=  3300  E=3.143292570529e+02  Q=6.330000000000e+02  λ=1.068491e+00  maxρ=6.049229e-01  minρ=1.508e-13  σ=2.782078e+00  Rc=1.830765e+01
 step=  3600  E=3.134216986478e+02  Q=6.330000000000e+02  λ=1.003092e+00  maxρ=6.006241e-01  minρ=1.423e-13  σ=2.782074e+00  Rc=1.830765e+01
 step=  3900  E=3.115467890597e+02  Q=6.330000000000e+02  λ=9.742991e-01  maxρ=6.006288e-01  minρ=1.273e-13  σ=2.782074e+00  Rc=1.830765e+01
 step=  4200  E=3.108735238216e+02  Q=6.330000000000e+02  λ=1.007741e+00  maxρ=5.985426e-01  minρ=1.194e-13  σ=2.782077e+00  Rc=1.830764e+01
 step=  4500  E=3.115594565373e+02  Q=6.330000000000e+02  λ=1.043662e+00  maxρ=5.972009e-01  minρ=1.213e-13  σ=2.782079e+00  Rc=1.830764e+01
 step=  4800  E=3.121501406644e+02  Q=6.330000000000e+02  λ=1.030729e+00  maxρ=5.995365e-01  minρ=1.062e-13  σ=2.782075e+00  Rc=1.830764e+01
 step=  5100  E=3.117953378050e+02  Q=6.330000000000e+02  λ=9.923686e-01  maxρ=6.002449e-01  minρ=9.815e-14  σ=2.782070e+00  Rc=1.830764e+01
 step=  5400  E=3.110758985721e+02  Q=6.330000000000e+02  λ=9.822131e-01  maxρ=5.995403e-01  minρ=1.025e-13  σ=2.782068e+00  Rc=1.830764e+01
 step=  5700  E=3.108124618522e+02  Q=6.330000000000e+02  λ=1.006750e+00  maxρ=5.974947e-01  minρ=8.530e-14  σ=2.782070e+00  Rc=1.830763e+01
 step=  6000  E=3.109428111734e+02  Q=6.330000000000e+02  λ=1.024520e+00  maxρ=5.961721e-01  minρ=5.952e-14  σ=2.782071e+00  Rc=1.830763e+01
 >>> No runaway detected in this horizon. Likely stable (within this model & box).

STABILITY: PASS
