
=== Aggressive relaxation to Q = 1221 ===
Initial: E=8.836240120655e+02, Q=1.221000000000e+03, dt=1.000e-04
 step=     1  E=8.835970894520e+02  Q=1.221000000000e+03  λ=1.465450e+00  dt=1.000e-04  relΔE=3.047e-05  ||F||=4.701e-01
 step=   500  E=8.549852998688e+02  Q=1.221000000000e+03  λ=1.393744e+00  dt=6.192e-04  relΔE=1.104e-04  ||F||=3.875e-01
 step=  1000  E=7.997767828403e+02  Q=1.221000000000e+03  λ=1.260062e+00  dt=9.584e-04  relΔE=7.990e-05  ||F||=2.562e-01
 step=  1500  E=7.693666203474e+02  Q=1.221000000000e+03  λ=1.192501e+00  dt=1.484e-03  relΔE=5.059e-06  ||F||=2.183e+00
 step=  2000  E=7.503819393489e+02  Q=1.221000000000e+03  λ=1.149387e+00  dt=1.148e-03  relΔE=4.362e-05  ||F||=1.675e-01
 step=  2500  E=7.356811232372e+02  Q=1.221000000000e+03  λ=1.119135e+00  dt=8.887e-04  relΔE=2.714e-05  ||F||=1.487e-01
 step=  3000  E=7.236955826658e+02  Q=1.221000000000e+03  λ=1.095559e+00  dt=1.376e-03  relΔE=3.537e-05  ||F||=1.353e-01
 step=  3500  E=7.138406821293e+02  Q=1.221000000000e+03  λ=1.076823e+00  dt=1.065e-03  relΔE=2.383e-05  ||F||=1.253e-01
 step=  4000  E=7.050758358970e+02  Q=1.221000000000e+03  λ=1.060635e+00  dt=8.241e-04  relΔE=1.635e-05  ||F||=1.173e-01
 step=  4500  E=6.974782267923e+02  Q=1.221000000000e+03  λ=1.046947e+00  dt=1.276e-03  relΔE=2.254e-05  ||F||=1.101e-01
 step=  5000  E=6.907715510241e+02  Q=1.221000000000e+03  λ=1.035083e+00  dt=9.873e-04  relΔE=1.574e-05  ||F||=1.041e-01
 step=  5500  E=6.845647564217e+02  Q=1.221000000000e+03  λ=1.024287e+00  dt=7.641e-04  relΔE=1.153e-05  ||F||=1.008e-01
 step=  6000  E=6.792106481474e+02  Q=1.221000000000e+03  λ=1.015116e+00  dt=1.183e-03  relΔE=1.562e-05  ||F||=9.390e-02
 step=  6500  E=6.742265602994e+02  Q=1.221000000000e+03  λ=1.006675e+00  dt=9.154e-04  relΔE=1.109e-05  ||F||=8.959e-02
 step=  7000  E=6.696020445819e+02  Q=1.221000000000e+03  λ=9.989395e-01  dt=1.417e-03  relΔE=1.576e-05  ||F||=8.568e-02
 step=  7500  E=6.655437766664e+02  Q=1.221000000000e+03  λ=9.922093e-01  dt=1.097e-03  relΔE=1.129e-05  ||F||=8.208e-02
 step=  8000  E=6.616534680377e+02  Q=1.221000000000e+03  λ=9.858170e-01  dt=8.488e-04  relΔE=8.125e-06  ||F||=7.891e-02
 step=  8500  E=6.581371244558e+02  Q=1.221000000000e+03  λ=9.800944e-01  dt=1.314e-03  relΔE=1.166e-05  ||F||=7.576e-02
 step=  9000  E=6.548875232264e+02  Q=1.221000000000e+03  λ=9.748397e-01  dt=1.017e-03  relΔE=8.422e-06  ||F||=7.302e-02
 step=  9500  E=6.517841651150e+02  Q=1.221000000000e+03  λ=9.698592e-01  dt=7.871e-04  relΔE=6.216e-06  ||F||=7.115e-02
 step= 10000  E=6.489890858798e+02  Q=1.221000000000e+03  λ=9.654090e-01  dt=1.218e-03  relΔE=8.852e-06  ||F||=6.808e-02
 step= 10500  E=6.463391992012e+02  Q=1.221000000000e+03  λ=9.612124e-01  dt=9.430e-04  relΔE=6.448e-06  ||F||=6.591e-02
 step= 11000  E=6.437796029786e+02  Q=1.221000000000e+03  λ=9.572204e-01  dt=1.460e-03  relΔE=8.302e-06  ||F||=2.684e-01
 step= 11500  E=6.415109449672e+02  Q=1.221000000000e+03  λ=9.536416e-01  dt=1.130e-03  relΔE=6.887e-06  ||F||=6.200e-02
 step= 12000  E=6.392723413071e+02  Q=1.221000000000e+03  λ=9.501614e-01  dt=8.744e-04  relΔE=5.056e-06  ||F||=6.028e-02
 step= 12500  E=6.371680628068e+02  Q=1.221000000000e+03  λ=9.469133e-01  dt=1.353e-03  relΔE=7.422e-06  ||F||=5.861e-02
 step= 13000  E=6.352164177632e+02  Q=1.221000000000e+03  λ=9.439139e-01  dt=1.048e-03  relΔE=5.475e-06  ||F||=5.713e-02
 step= 13500  E=6.333035747310e+02  Q=1.221000000000e+03  λ=9.409912e-01  dt=8.108e-04  relΔE=4.069e-06  ||F||=5.590e-02
 step= 14000  E=6.315200850151e+02  Q=1.221000000000e+03  λ=9.382844e-01  dt=1.255e-03  relΔE=5.988e-06  ||F||=5.442e-02
 step= 14500  E=6.298159363492e+02  Q=1.221000000000e+03  λ=9.357089e-01  dt=9.713e-04  relΔE=4.447e-06  ||F||=5.324e-02
 step= 15000  E=6.281286251630e+02  Q=1.221000000000e+03  λ=9.331738e-01  dt=7.518e-04  relΔE=3.611e-06  ||F||=5.456e-02
 step= 15500  E=6.265928925345e+02  Q=1.221000000000e+03  λ=9.308801e-01  dt=1.164e-03  relΔE=4.936e-06  ||F||=5.111e-02
 step= 16000  E=6.250641666244e+02  Q=1.221000000000e+03  λ=9.286066e-01  dt=9.007e-04  relΔE=3.693e-06  ||F||=5.019e-02
 step= 16500  E=6.235753488881e+02  Q=1.221000000000e+03  λ=9.264067e-01  dt=1.394e-03  relΔE=5.528e-06  ||F||=4.949e-02
 step= 17000  E=6.221890556318e+02  Q=1.221000000000e+03  λ=9.243656e-01  dt=1.079e-03  relΔE=4.158e-06  ||F||=4.854e-02
 step= 17500  E=6.207913542201e+02  Q=1.221000000000e+03  λ=9.223180e-01  dt=8.352e-04  relΔE=3.148e-06  ||F||=4.796e-02
 step= 18000  E=6.194598246008e+02  Q=1.221000000000e+03  λ=9.203785e-01  dt=1.293e-03  relΔE=4.731e-06  ||F||=4.720e-02
 step= 18500  E=6.181652058954e+02  Q=1.221000000000e+03  λ=9.184986e-01  dt=1.001e-03  relΔE=3.584e-06  ||F||=4.665e-02
 step= 19000  E=6.168616949073e+02  Q=1.221000000000e+03  λ=9.166138e-01  dt=7.744e-04  relΔE=2.789e-06  ||F||=4.675e-02
 step= 19500  E=6.156345017168e+02  Q=1.221000000000e+03  λ=9.148476e-01  dt=1.199e-03  relΔE=4.147e-06  ||F||=4.575e-02
 step= 20000  E=6.144019168756e+02  Q=1.221000000000e+03  λ=9.130773e-01  dt=9.278e-04  relΔE=3.169e-06  ||F||=4.542e-02
 step= 20500  E=6.131588683175e+02  Q=1.221000000000e+03  λ=9.112994e-01  dt=1.436e-03  relΔE=4.847e-06  ||F||=4.898e-02
 step= 21000  E=6.119948269125e+02  Q=1.221000000000e+03  λ=9.096355e-01  dt=1.112e-03  relΔE=3.730e-06  ||F||=4.493e-02
 step= 21500  E=6.107775874282e+02  Q=1.221000000000e+03  λ=9.078986e-01  dt=8.603e-04  relΔE=2.886e-06  ||F||=4.488e-02
 step= 22000  E=6.095885159526e+02  Q=1.221000000000e+03  λ=9.062054e-01  dt=1.332e-03  relΔE=4.447e-06  ||F||=4.473e-02
 step= 22500  E=6.084204552943e+02  Q=1.221000000000e+03  λ=9.045401e-01  dt=1.031e-03  relΔE=3.450e-06  ||F||=4.474e-02
 step= 23000  E=6.072010830691e+02  Q=1.221000000000e+03  λ=9.028005e-01  dt=7.977e-04  relΔE=2.753e-06  ||F||=4.541e-02
 step= 23500  E=6.060230236519e+02  Q=1.221000000000e+03  λ=9.011187e-01  dt=1.235e-03  relΔE=4.195e-06  ||F||=4.498e-02
 step= 24000  E=6.048270093842e+02  Q=1.221000000000e+03  λ=8.994049e-01  dt=9.557e-04  relΔE=3.287e-06  ||F||=4.522e-02
 step= 24500  E=6.035691298638e+02  Q=1.221000000000e+03  λ=8.976274e-01  dt=1.479e-03  relΔE=3.892e-06  ||F||=2.598e-01
 step= 25000  E=6.023614218895e+02  Q=1.221000000000e+03  λ=8.958529e-01  dt=1.145e-03  relΔE=4.076e-06  ||F||=4.591e-02
 step= 25500  E=6.010944320909e+02  Q=1.221000000000e+03  λ=8.940119e-01  dt=8.861e-04  relΔE=3.230e-06  ||F||=4.641e-02
 step= 26000  E=5.997934885312e+02  Q=1.221000000000e+03  λ=8.921112e-01  dt=1.372e-03  relΔE=5.124e-06  ||F||=4.693e-02
 step= 26500  E=5.984889104945e+02  Q=1.221000000000e+03  λ=8.901879e-01  dt=1.062e-03  relΔE=4.080e-06  ||F||=4.755e-02
 step= 27000  E=5.971112956276e+02  Q=1.221000000000e+03  λ=8.881394e-01  dt=8.217e-04  relΔE=3.273e-06  ||F||=4.836e-02
 step= 27500  E=5.957781806377e+02  Q=1.221000000000e+03  λ=8.861401e-01  dt=1.060e-03  relΔE=4.346e-06  ||F||=4.900e-02
 step= 28000  E=5.942746872489e+02  Q=1.221000000000e+03  λ=8.838600e-01  dt=8.203e-04  relΔE=3.518e-06  ||F||=5.005e-02
 step= 28500  E=5.927812679748e+02  Q=1.221000000000e+03  λ=8.815721e-01  dt=1.270e-03  relΔE=5.627e-06  ||F||=5.081e-02
 step= 29000  E=5.912337604009e+02  Q=1.221000000000e+03  λ=8.791706e-01  dt=9.828e-04  relΔE=4.538e-06  ||F||=5.180e-02
 step= 29500  E=5.895697395655e+02  Q=1.221000000000e+03  λ=8.765566e-01  dt=7.607e-04  relΔE=3.830e-06  ||F||=5.405e-02
 step= 30000  E=5.879178696224e+02  Q=1.221000000000e+03  λ=8.739311e-01  dt=1.177e-03  relΔE=5.928e-06  ||F||=5.394e-02
 step= 30500  E=5.861453038886e+02  Q=1.221000000000e+03  λ=8.710745e-01  dt=9.113e-04  relΔE=4.802e-06  ||F||=5.510e-02
 step= 31000  E=5.842734450965e+02  Q=1.221000000000e+03  λ=8.680219e-01  dt=1.411e-03  relΔE=7.768e-06  ||F||=5.671e-02
 step= 31500  E=5.824091320217e+02  Q=1.221000000000e+03  λ=8.649377e-01  dt=1.092e-03  relΔE=6.271e-06  ||F||=5.734e-02
 step= 32000  E=5.803826073873e+02  Q=1.221000000000e+03  λ=8.615424e-01  dt=8.450e-04  relΔE=5.077e-06  ||F||=5.854e-02
 step= 32500  E=5.783290787930e+02  Q=1.221000000000e+03  λ=8.580623e-01  dt=1.308e-03  relΔE=8.144e-06  ||F||=5.949e-02
 step= 33000  E=5.762103639758e+02  Q=1.221000000000e+03  λ=8.544231e-01  dt=1.012e-03  relΔE=6.526e-06  ||F||=6.042e-02
 step= 33500  E=5.739699777943e+02  Q=1.221000000000e+03  λ=8.505296e-01  dt=7.835e-04  relΔE=5.344e-06  ||F||=6.205e-02
 step= 34000  E=5.717570341038e+02  Q=1.221000000000e+03  λ=8.466446e-01  dt=1.213e-03  relΔE=8.255e-06  ||F||=6.184e-02
 step= 34500  E=5.694757711441e+02  Q=1.221000000000e+03  λ=8.425922e-01  dt=9.387e-04  relΔE=6.501e-06  ||F||=6.226e-02
 step= 35000  E=5.671087441169e+02  Q=1.221000000000e+03  λ=8.383524e-01  dt=1.453e-03  relΔE=1.004e-05  ||F||=9.812e-02
 step= 35500  E=5.648719647185e+02  Q=1.221000000000e+03  λ=8.342972e-01  dt=1.125e-03  relΔE=7.850e-06  ||F||=6.225e-02
 step= 36000  E=5.625545890254e+02  Q=1.221000000000e+03  λ=8.300619e-01  dt=8.704e-04  relΔE=6.022e-06  ||F||=6.185e-02
 step= 36500  E=5.603079814237e+02  Q=1.221000000000e+03  λ=8.259262e-01  dt=1.347e-03  relΔE=9.093e-06  ||F||=6.096e-02
 step= 37000  E=5.581764227785e+02  Q=1.221000000000e+03  λ=8.219662e-01  dt=1.043e-03  relΔE=6.803e-06  ||F||=5.982e-02
 step= 37500  E=5.560619208578e+02  Q=1.221000000000e+03  λ=8.180090e-01  dt=8.071e-04  relΔE=5.094e-06  ||F||=5.874e-02
 step= 38000  E=5.541281186706e+02  Q=1.221000000000e+03  λ=8.143683e-01  dt=1.249e-03  relΔE=7.316e-06  ||F||=5.647e-02
 step= 38500  E=5.523181158710e+02  Q=1.221000000000e+03  λ=8.109330e-01  dt=9.670e-04  relΔE=5.265e-06  ||F||=5.436e-02
 step= 39000  E=5.505937756618e+02  Q=1.221000000000e+03  λ=8.076384e-01  dt=7.484e-04  relΔE=4.345e-06  ||F||=5.978e-02
 step= 39500  E=5.491138621136e+02  Q=1.221000000000e+03  λ=8.047946e-01  dt=1.158e-03  relΔE=5.229e-06  ||F||=4.935e-02
 step= 40000  E=5.477410058259e+02  Q=1.221000000000e+03  λ=8.021355e-01  dt=8.966e-04  relΔE=3.615e-06  ||F||=4.659e-02
 step= 40500  E=5.465173325057e+02  Q=1.221000000000e+03  λ=7.997515e-01  dt=1.388e-03  relΔE=4.924e-06  ||F||=4.366e-02
 step= 41000  E=5.454777247128e+02  Q=1.221000000000e+03  λ=7.977083e-01  dt=1.074e-03  relΔE=3.330e-06  ||F||=4.076e-02
 step= 41500  E=5.445502099523e+02  Q=1.221000000000e+03  λ=7.958713e-01  dt=8.314e-04  relΔE=2.229e-06  ||F||=3.788e-02
 step= 42000  E=5.437686537240e+02  Q=1.221000000000e+03  λ=7.943120e-01  dt=1.287e-03  relΔE=2.929e-06  ||F||=3.487e-02
 step= 42500  E=5.431125950112e+02  Q=1.221000000000e+03  λ=7.929893e-01  dt=9.960e-04  relΔE=1.920e-06  ||F||=3.207e-02
 step= 43000  E=5.425392304631e+02  Q=1.221000000000e+03  λ=7.918218e-01  dt=7.709e-04  relΔE=1.283e-06  ||F||=2.980e-02
 step= 43500  E=5.420838716090e+02  Q=1.221000000000e+03  λ=7.908853e-01  dt=1.193e-03  relΔE=1.599e-06  ||F||=2.671e-02
 step= 44000  E=5.417002781582e+02  Q=1.221000000000e+03  λ=7.900857e-01  dt=9.236e-04  relΔE=1.022e-06  ||F||=2.426e-02
 step= 44500  E=5.413768885574e+02  Q=1.221000000000e+03  λ=7.894031e-01  dt=1.430e-03  relΔE=1.289e-06  ||F||=2.196e-02
 step= 45000  E=5.411251179161e+02  Q=1.221000000000e+03  λ=7.888628e-01  dt=1.106e-03  relΔE=8.162e-07  ||F||=1.980e-02
 step= 45500  E=5.409123606541e+02  Q=1.221000000000e+03  λ=7.883986e-01  dt=8.564e-04  relΔE=5.111e-07  ||F||=1.781e-02
 step= 46000  E=5.407440487200e+02  Q=1.221000000000e+03  λ=7.880248e-01  dt=1.326e-03  relΔE=6.368e-07  ||F||=1.597e-02
 step= 46500  E=5.406086830258e+02  Q=1.221000000000e+03  λ=7.877174e-01  dt=1.026e-03  relΔE=3.960e-07  ||F||=1.431e-02
 step= 47000  E=5.404979727389e+02  Q=1.221000000000e+03  λ=7.874601e-01  dt=7.941e-04  relΔE=2.471e-07  ||F||=1.285e-02
 step= 47500  E=5.404124366804e+02  Q=1.221000000000e+03  λ=7.872564e-01  dt=1.229e-03  relΔE=3.019e-07  ||F||=1.141e-02
 step= 48000  E=5.403434522752e+02  Q=1.221000000000e+03  λ=7.870871e-01  dt=9.514e-04  relΔE=1.857e-07  ||F||=1.017e-02
 step= 48500  E=5.402872686374e+02  Q=1.221000000000e+03  λ=7.869458e-01  dt=1.473e-03  relΔE=1.846e-07  ||F||=4.447e-02
 step= 49000  E=5.402452948486e+02  Q=1.221000000000e+03  λ=7.868349e-01  dt=1.140e-03  relΔE=1.393e-07  ||F||=8.048e-03
 step= 49500  E=5.402107807257e+02  Q=1.221000000000e+03  λ=7.867410e-01  dt=8.822e-04  relΔE=8.493e-08  ||F||=7.141e-03
 step= 50000  E=5.401836592510e+02  Q=1.221000000000e+03  λ=7.866641e-01  dt=1.366e-03  relΔE=1.032e-07  ||F||=6.327e-03
 step= 50500  E=5.401627964565e+02  Q=1.221000000000e+03  λ=7.866022e-01  dt=1.057e-03  relΔE=6.303e-08  ||F||=5.618e-03
 step= 51000  E=5.401458855977e+02  Q=1.221000000000e+03  λ=7.865494e-01  dt=8.180e-04  relΔE=3.843e-08  ||F||=4.986e-03
 step= 51500  E=5.401329325869e+02  Q=1.221000000000e+03  λ=7.865069e-01  dt=1.266e-03  relΔE=4.635e-08  ||F||=4.399e-03
 step= 52000  E=5.401227882378e+02  Q=1.221000000000e+03  λ=7.864716e-01  dt=9.800e-04  relΔE=2.815e-08  ||F||=3.896e-03
 step= 52500  E=5.401145907157e+02  Q=1.221000000000e+03  λ=7.864412e-01  dt=7.585e-04  relΔE=1.806e-08  ||F||=3.550e-03
 step= 53000  E=5.401084953193e+02  Q=1.221000000000e+03  λ=7.864172e-01  dt=1.174e-03  relΔE=2.062e-08  ||F||=3.044e-03
 step= 53500  E=5.401035773171e+02  Q=1.221000000000e+03  λ=7.863963e-01  dt=9.087e-04  relΔE=1.246e-08  ||F||=2.688e-03
 step= 54000  E=5.400996984368e+02  Q=1.221000000000e+03  λ=7.863787e-01  dt=1.407e-03  relΔE=1.498e-08  ||F||=2.373e-03
 step= 54500  E=5.400967916885e+02  Q=1.221000000000e+03  λ=7.863644e-01  dt=1.089e-03  relΔE=9.105e-09  ||F||=2.097e-03
 step= 55000  E=5.400944220830e+02  Q=1.221000000000e+03  λ=7.863517e-01  dt=8.426e-04  relΔE=5.493e-09  ||F||=1.850e-03
 step= 55500  E=5.400926183023e+02  Q=1.221000000000e+03  λ=7.863412e-01  dt=1.304e-03  relΔE=6.612e-09  ||F||=1.630e-03
 step= 56000  E=5.400912172795e+02  Q=1.221000000000e+03  λ=7.863323e-01  dt=1.009e-03  relΔE=4.000e-09  ||F||=1.440e-03
 step= 56500  E=5.400900935491e+02  Q=1.221000000000e+03  λ=7.863245e-01  dt=7.813e-04  relΔE=2.469e-09  ||F||=1.286e-03
 step= 57000  E=5.400892496941e+02  Q=1.221000000000e+03  λ=7.863180e-01  dt=1.209e-03  relΔE=2.911e-09  ||F||=1.120e-03
 step= 57500  E=5.400885800622e+02  Q=1.221000000000e+03  λ=7.863124e-01  dt=9.360e-04  relΔE=1.758e-09  ||F||=9.881e-04
 step= 58000  E=5.400880447273e+02  Q=1.221000000000e+03  λ=7.863074e-01  dt=1.449e-03  relΔE=2.083e-09  ||F||=1.414e-03
 step= 58500  E=5.400876506536e+02  Q=1.221000000000e+03  λ=7.863033e-01  dt=1.121e-03  relΔE=1.282e-09  ||F||=7.685e-04
 step= 59000  E=5.400873278257e+02  Q=1.221000000000e+03  λ=7.862996e-01  dt=8.679e-04  relΔE=7.733e-10  ||F||=6.772e-04
 step= 59500  E=5.400870796904e+02  Q=1.221000000000e+03  λ=7.862964e-01  dt=1.343e-03  relΔE=9.315e-10  ||F||=5.961e-04
 step= 60000  E=5.400868885233e+02  Q=1.221000000000e+03  λ=7.862937e-01  dt=1.040e-03  relΔE=5.648e-10  ||F||=5.263e-04
 step= 60500  E=5.400867347845e+02  Q=1.221000000000e+03  λ=7.862913e-01  dt=8.048e-04  relΔE=3.446e-10  ||F||=4.662e-04
 step= 61000  E=5.400866179869e+02  Q=1.221000000000e+03  λ=7.862892e-01  dt=1.246e-03  relΔE=4.127e-10  ||F||=4.086e-04
 step= 61500  E=5.400865260014e+02  Q=1.221000000000e+03  λ=7.862874e-01  dt=9.642e-04  relΔE=2.504e-10  ||F||=3.604e-04
 step= 62000  E=5.400864518639e+02  Q=1.221000000000e+03  λ=7.862857e-01  dt=7.462e-04  relΔE=1.659e-10  ||F||=3.342e-04
 step= 62500  E=5.400863968562e+02  Q=1.221000000000e+03  λ=7.862844e-01  dt=1.155e-03  relΔE=1.844e-10  ||F||=2.801e-04
 step= 63000  E=5.400863518829e+02  Q=1.221000000000e+03  λ=7.862831e-01  dt=8.940e-04  relΔE=1.119e-10  ||F||=2.468e-04
 step= 63500  E=5.400863165811e+02  Q=1.221000000000e+03  λ=7.862820e-01  dt=1.384e-03  relΔE=1.357e-10  ||F||=2.173e-04
 step= 64000  E=5.400862896332e+02  Q=1.221000000000e+03  λ=7.862811e-01  dt=1.071e-03  relΔE=8.312e-11  ||F||=1.918e-04
 step= 64500  E=5.400862676362e+02  Q=1.221000000000e+03  λ=7.862803e-01  dt=8.290e-04  relΔE=5.089e-11  ||F||=1.694e-04
 step= 65000  E=5.400862505958e+02  Q=1.221000000000e+03  λ=7.862795e-01  dt=1.283e-03  relΔE=6.195e-11  ||F||=1.489e-04
 step= 65500  E=5.400862372004e+02  Q=1.221000000000e+03  λ=7.862789e-01  dt=9.932e-04  relΔE=3.810e-11  ||F||=1.314e-04
 step= 66000  E=5.400862262279e+02  Q=1.221000000000e+03  λ=7.862783e-01  dt=7.687e-04  relΔE=2.396e-11  ||F||=1.175e-04
 step= 66500  E=5.400862178522e+02  Q=1.221000000000e+03  λ=7.862778e-01  dt=1.190e-03  relΔE=2.884e-11  ||F||=1.021e-04
 step= 67000  E=5.400862110563e+02  Q=1.221000000000e+03  λ=7.862774e-01  dt=9.209e-04  relΔE=1.785e-11  ||F||=9.009e-05
 step= 67500  E=5.400862054717e+02  Q=1.221000000000e+03  λ=7.862770e-01  dt=1.426e-03  relΔE=2.198e-11  ||F||=8.813e-05
 step= 68000  E=5.400862012452e+02  Q=1.221000000000e+03  λ=7.862766e-01  dt=1.103e-03  relΔE=1.379e-11  ||F||=7.008e-05
 step= 68500  E=5.400861976576e+02  Q=1.221000000000e+03  λ=7.862763e-01  dt=8.539e-04  relΔE=8.616e-12  ||F||=6.185e-05
 step= 69000  E=5.400861948253e+02  Q=1.221000000000e+03  λ=7.862760e-01  dt=1.322e-03  relΔE=1.077e-11  ||F||=5.441e-05
 step= 69500  E=5.400861925349e+02  Q=1.221000000000e+03  λ=7.862758e-01  dt=1.023e-03  relΔE=6.790e-12  ||F||=4.805e-05
 step= 70000  E=5.400861906194e+02  Q=1.221000000000e+03  λ=7.862756e-01  dt=7.918e-04  relΔE=4.300e-12  ||F||=4.247e-05
 step= 70500  E=5.400861891012e+02  Q=1.221000000000e+03  λ=7.862754e-01  dt=1.226e-03  relΔE=5.447e-12  ||F||=3.736e-05
 step= 71000  E=5.400861878402e+02  Q=1.221000000000e+03  λ=7.862752e-01  dt=9.486e-04  relΔE=3.478e-12  ||F||=3.298e-05
 step= 71500  E=5.400861867646e+02  Q=1.221000000000e+03  λ=7.862751e-01  dt=1.468e-03  relΔE=3.308e-12  ||F||=2.532e-04
 step= 72000  E=5.400861859251e+02  Q=1.221000000000e+03  λ=7.862750e-01  dt=1.136e-03  relΔE=2.873e-12  ||F||=2.568e-05
 step= 72500  E=5.400861851926e+02  Q=1.221000000000e+03  λ=7.862748e-01  dt=8.796e-04  relΔE=1.858e-12  ||F||=2.267e-05
 step= 73000  E=5.400861845833e+02  Q=1.221000000000e+03  λ=7.862747e-01  dt=1.362e-03  relΔE=2.411e-12  ||F||=1.996e-05
 step= 73500  E=5.400861840804e+02  Q=1.221000000000e+03  λ=7.862747e-01  dt=1.054e-03  relΔE=1.579e-12  ||F||=1.765e-05
 step= 74000  E=5.400861836424e+02  Q=1.221000000000e+03  λ=7.862746e-01  dt=8.156e-04  relΔE=1.039e-12  ||F||=1.567e-05
 step= 74500  E=5.400861832779e+02  Q=1.221000000000e+03  λ=7.862745e-01  dt=1.263e-03  relΔE=1.364e-12  ||F||=1.374e-05
 step= 75000  E=5.400861829682e+02  Q=1.221000000000e+03  λ=7.862744e-01  dt=9.771e-04  relΔE=9.043e-13  ||F||=1.215e-05
 step= 75500  E=5.400861826939e+02  Q=1.221000000000e+03  λ=7.862744e-01  dt=7.563e-04  relΔE=6.205e-13  ||F||=1.140e-05
 step= 76000  E=5.400861824686e+02  Q=1.221000000000e+03  λ=7.862743e-01  dt=1.171e-03  relΔE=8.022e-13  ||F||=9.470e-06
 step= 76500  E=5.400861822685e+02  Q=1.221000000000e+03  λ=7.862743e-01  dt=9.061e-04  relΔE=5.372e-13  ||F||=8.380e-06
 step= 77000  E=5.400861820932e+02  Q=1.221000000000e+03  λ=7.862743e-01  dt=1.403e-03  relΔE=7.193e-13  ||F||=7.448e-06
 step= 77500  E=5.400861819469e+02  Q=1.221000000000e+03  λ=7.862742e-01  dt=1.086e-03  relΔE=4.865e-13  ||F||=6.531e-06
 step= 78000  E=5.400861818139e+02  Q=1.221000000000e+03  λ=7.862742e-01  dt=8.401e-04  relΔE=3.292e-13  ||F||=5.819e-06
 step= 78500  E=5.400861816999e+02  Q=1.221000000000e+03  λ=7.862742e-01  dt=1.300e-03  relΔE=4.448e-13  ||F||=5.091e-06
 step= 79000  E=5.400861816008e+02  Q=1.221000000000e+03  λ=7.862741e-01  dt=1.007e-03  relΔE=3.027e-13  ||F||=4.506e-06
 step= 79500  E=5.400861815110e+02  Q=1.221000000000e+03  λ=7.862741e-01  dt=7.790e-04  relΔE=2.063e-13  ||F||=4.050e-06
 step= 80000  E=5.400861814348e+02  Q=1.221000000000e+03  λ=7.862741e-01  dt=1.206e-03  relΔE=2.810e-13  ||F||=3.520e-06
 step= 80500  E=5.400861813666e+02  Q=1.221000000000e+03  λ=7.862741e-01  dt=9.333e-04  relΔE=1.922e-13  ||F||=3.115e-06
 step= 81000  E=5.400861813046e+02  Q=1.221000000000e+03  λ=7.862741e-01  dt=1.445e-03  relΔE=2.585e-13  ||F||=1.542e-05
 step= 81500  E=5.400861812528e+02  Q=1.221000000000e+03  λ=7.862741e-01  dt=1.118e-03  relΔE=1.804e-13  ||F||=2.437e-06
 step= 82000  E=5.400861812048e+02  Q=1.221000000000e+03  λ=7.862740e-01  dt=8.654e-04  relΔE=1.240e-13  ||F||=2.176e-06
 step= 82500  E=5.400861811626e+02  Q=1.221000000000e+03  λ=7.862740e-01  dt=1.340e-03  relΔE=1.701e-13  ||F||=1.904e-06
 step= 83000  E=5.400861811257e+02  Q=1.221000000000e+03  λ=7.862740e-01  dt=1.037e-03  relΔE=1.175e-13  ||F||=1.689e-06
 step= 83500  E=5.400861810920e+02  Q=1.221000000000e+03  λ=7.862740e-01  dt=8.025e-04  relΔE=8.083e-14  ||F||=1.518e-06
 step= 84000  E=5.400861810626e+02  Q=1.221000000000e+03  λ=7.862740e-01  dt=1.242e-03  relΔE=1.114e-13  ||F||=1.322e-06
 step= 84500  E=5.400861810365e+02  Q=1.221000000000e+03  λ=7.862740e-01  dt=9.614e-04  relΔE=7.704e-14  ||F||=1.172e-06
 step= 85000  E=5.400861810123e+02  Q=1.221000000000e+03  λ=7.862740e-01  dt=7.441e-04  relΔE=5.894e-14  ||F||=2.348e-06
 step= 85500  E=5.400861809919e+02  Q=1.221000000000e+03  λ=7.862740e-01  dt=1.152e-03  relΔE=7.325e-14  ||F||=9.200e-07
 step= 86000  E=5.400861809731e+02  Q=1.221000000000e+03  λ=7.862740e-01  dt=8.914e-04  relΔE=5.031e-14  ||F||=8.323e-07
 step= 86500  E=5.400861809561e+02  Q=1.221000000000e+03  λ=7.862740e-01  dt=1.380e-03  relΔE=7.031e-14  ||F||=7.244e-07
 step= 87000  E=5.400861809414e+02  Q=1.221000000000e+03  λ=7.862740e-01  dt=1.068e-03  relΔE=4.862e-14  ||F||=6.414e-07
 step= 87500  E=5.400861809279e+02  Q=1.221000000000e+03  λ=7.862740e-01  dt=8.266e-04  relΔE=3.347e-14  ||F||=5.758e-07
 step= 88000  E=5.400861809159e+02  Q=1.221000000000e+03  λ=7.862740e-01  dt=1.280e-03  relΔE=4.652e-14  ||F||=5.035e-07
 step= 88500  E=5.400861809053e+02  Q=1.221000000000e+03  λ=7.862740e-01  dt=9.903e-04  relΔE=3.242e-14  ||F||=4.474e-07
 step= 89000  E=5.400861808955e+02  Q=1.221000000000e+03  λ=7.862740e-01  dt=7.665e-04  relΔE=2.294e-14  ||F||=6.790e-07
 step= 89500  E=5.400861808871e+02  Q=1.221000000000e+03  λ=7.862740e-01  dt=1.186e-03  relΔE=3.052e-14  ||F||=3.525e-07
 step= 90000  E=5.400861808794e+02  Q=1.221000000000e+03  λ=7.862740e-01  dt=9.183e-04  relΔE=2.147e-14  ||F||=3.186e-07
 step= 90500  E=5.400861808723e+02  Q=1.221000000000e+03  λ=7.862740e-01  dt=1.421e-03  relΔE=2.989e-14  ||F||=1.017e-06
 step= 91000  E=5.400861808663e+02  Q=1.221000000000e+03  λ=7.862740e-01  dt=1.100e-03  relΔE=2.105e-14  ||F||=2.473e-07
 step= 91500  E=5.400861808606e+02  Q=1.221000000000e+03  λ=7.862740e-01  dt=8.515e-04  relΔE=1.452e-14  ||F||=2.224e-07
 step= 92000  E=5.400861808559e+02  Q=1.221000000000e+03  λ=7.862740e-01  dt=1.098e-03  relΔE=1.684e-14  ||F||=1.961e-07
 step= 92500  E=5.400861808513e+02  Q=1.221000000000e+03  λ=7.862740e-01  dt=8.501e-04  relΔE=1.179e-14  ||F||=1.788e-07
 step= 93000  E=5.400861808475e+02  Q=1.221000000000e+03  λ=7.862740e-01  dt=1.097e-03  relΔE=1.305e-14  ||F||=1.557e-07
 step= 93500  E=5.400861808438e+02  Q=1.221000000000e+03  λ=7.862740e-01  dt=8.487e-04  relΔE=9.683e-15  ||F||=1.412e-07
 step= 94000  E=5.400861808405e+02  Q=1.221000000000e+03  λ=7.862740e-01  dt=1.314e-03  relΔE=1.305e-14  ||F||=1.232e-07
 step= 94500  E=5.400861808376e+02  Q=1.221000000000e+03  λ=7.862740e-01  dt=1.017e-03  relΔE=9.472e-15  ||F||=1.099e-07
 step= 95000  E=5.400861808349e+02  Q=1.221000000000e+03  λ=7.862740e-01  dt=7.869e-04  relΔE=6.315e-15  ||F||=9.811e-08
 step= 95500  E=5.400861808326e+02  Q=1.221000000000e+03  λ=7.862740e-01  dt=1.218e-03  relΔE=8.841e-15  ||F||=8.719e-08
 step= 96000  E=5.400861808305e+02  Q=1.221000000000e+03  λ=7.862740e-01  dt=9.428e-04  relΔE=5.683e-15  ||F||=7.779e-08
 step= 96500  E=5.400861808285e+02  Q=1.221000000000e+03  λ=7.862739e-01  dt=1.459e-03  relΔE=7.157e-15  ||F||=2.023e-05
 step= 97000  E=5.400861808269e+02  Q=1.221000000000e+03  λ=7.862739e-01  dt=1.130e-03  relΔE=5.894e-15  ||F||=6.191e-08
 step= 97500  E=5.400861808253e+02  Q=1.221000000000e+03  λ=7.862739e-01  dt=8.742e-04  relΔE=4.420e-15  ||F||=6.104e-08
 Converged (aggressive): step=97940, E=5.400861808241e+02, Q=1.221000000000e+03, dt=9.397e-04, ||F||=5.000e-08

Stationary candidate (aggressive): E=5.400861808241e+02, Q=1.221000000000e+03, maxρ=8.446969e-01

=== Stability test (damped inertial dynamics) ===
Perturb eps=0.02, gamma=1
t=0: E=5.998522466586e+02, Q=1.221000000000e+03, maxρ=8.716084e-01, σ=2.605965e+00, Rc=1.838084e+01
 step=     1  E=5.998519459656e+02  Q=1.221000000000e+03  λ=1.173412e+00  maxρ=8.716084e-01  minρ=6.208e-14  σ=2.605965e+00  Rc=1.838084e+01
 step=   300  E=5.875233610809e+02  Q=1.221000000000e+03  λ=1.070240e+00  maxρ=8.701295e-01  minρ=6.244e-14  σ=2.605962e+00  Rc=1.838084e+01
 step=   600  E=5.627326268232e+02  Q=1.221000000000e+03  λ=8.834544e-01  maxρ=8.659598e-01  minρ=6.257e-14  σ=2.605957e+00  Rc=1.838085e+01
 step=   900  E=5.482321867956e+02  Q=1.221000000000e+03  λ=8.240160e-01  maxρ=8.597925e-01  minρ=6.164e-14  σ=2.605955e+00  Rc=1.838084e+01
 step=  1200  E=5.537727273834e+02  Q=1.221000000000e+03  λ=9.318139e-01  maxρ=8.570658e-01  minρ=6.083e-14  σ=2.605957e+00  Rc=1.838084e+01
 step=  1500  E=5.686526555326e+02  Q=1.221000000000e+03  λ=1.048639e+00  maxρ=8.621314e-01  minρ=6.058e-14  σ=2.605959e+00  Rc=1.838083e+01
 step=  1800  E=5.762536990151e+02  Q=1.221000000000e+03  λ=1.034545e+00  maxρ=8.648899e-01  minρ=6.033e-14  σ=2.605956e+00  Rc=1.838083e+01
 step=  2100  E=5.717889915636e+02  Q=1.221000000000e+03  λ=9.328856e-01  maxρ=8.604857e-01  minρ=5.924e-14  σ=2.605953e+00  Rc=1.838084e+01
 step=  2400  E=5.639303097325e+02  Q=1.221000000000e+03  λ=8.858901e-01  maxρ=8.520005e-01  minρ=5.745e-14  σ=2.605954e+00  Rc=1.838084e+01
 step=  2700  E=5.619869699230e+02  Q=1.221000000000e+03  λ=9.408865e-01  maxρ=8.563609e-01  minρ=5.767e-14  σ=2.605957e+00  Rc=1.838083e+01
 step=  3000  E=5.657828090564e+02  Q=1.221000000000e+03  λ=1.007074e+00  maxρ=8.671178e-01  minρ=5.854e-14  σ=2.605957e+00  Rc=1.838083e+01
 step=  3300  E=5.686645220592e+02  Q=1.221000000000e+03  λ=9.946437e-01  maxρ=8.693443e-01  minρ=5.841e-14  σ=2.605953e+00  Rc=1.838084e+01
 step=  3600  E=5.669347020229e+02  Q=1.221000000000e+03  λ=9.296925e-01  maxρ=8.631811e-01  minρ=5.650e-14  σ=2.605949e+00  Rc=1.838084e+01
 step=  3900  E=5.633110351517e+02  Q=1.221000000000e+03  λ=9.008035e-01  maxρ=8.631857e-01  minρ=5.271e-14  σ=2.605949e+00  Rc=1.838083e+01
 step=  4200  E=5.619823570241e+02  Q=1.221000000000e+03  λ=9.337567e-01  maxρ=8.601852e-01  minρ=5.111e-14  σ=2.605953e+00  Rc=1.838083e+01
 step=  4500  E=5.632884622443e+02  Q=1.221000000000e+03  λ=9.694515e-01  maxρ=8.582849e-01  minρ=5.227e-14  σ=2.605954e+00  Rc=1.838082e+01
 step=  4800  E=5.644449372494e+02  Q=1.221000000000e+03  λ=9.568208e-01  maxρ=8.615885e-01  minρ=4.718e-14  σ=2.605950e+00  Rc=1.838083e+01
 step=  5100  E=5.637908681557e+02  Q=1.221000000000e+03  λ=9.188619e-01  maxρ=8.626255e-01  minρ=4.498e-14  σ=2.605945e+00  Rc=1.838083e+01
 step=  5400  E=5.624102491931e+02  Q=1.221000000000e+03  λ=9.087023e-01  maxρ=8.616088e-01  minρ=4.678e-14  σ=2.605943e+00  Rc=1.838082e+01
 step=  5700  E=5.618793616804e+02  Q=1.221000000000e+03  λ=9.328993e-01  maxρ=8.586653e-01  minρ=4.988e-14  σ=2.605945e+00  Rc=1.838082e+01
 step=  6000  E=5.621086903269e+02  Q=1.221000000000e+03  λ=9.504682e-01  maxρ=8.568020e-01  minρ=4.208e-14  σ=2.605945e+00  Rc=1.838082e+01
 >>> No runaway detected in this horizon. Likely stable (within this model & box).

STABILITY: PASS
