
=== Aggressive relaxation to Q = 885 ===
Initial: E=6.423476167455e+02, Q=8.850000000000e+02, dt=1.000e-04
 step=     1  E=6.423330910373e+02  Q=8.850000000000e+02  λ=1.412729e+00  dt=1.000e-04  relΔE=2.261e-05  ||F||=4.056e-01
 step=   500  E=6.262127327861e+02  Q=8.850000000000e+02  λ=1.363291e+00  dt=6.192e-04  relΔE=8.825e-05  ||F||=3.483e-01
 step=  1000  E=5.919720098437e+02  Q=8.850000000000e+02  λ=1.261892e+00  dt=9.584e-04  relΔE=7.030e-05  ||F||=2.429e-01
 step=  1500  E=5.716526115185e+02  Q=8.850000000000e+02  λ=1.207334e+00  dt=6.182e-04  relΔE=1.059e-04  ||F||=2.254e+00
 step=  2000  E=5.589439666739e+02  Q=8.850000000000e+02  λ=1.171125e+00  dt=9.569e-04  relΔE=3.428e-05  ||F||=1.649e-01
 step=  2500  E=5.482352786386e+02  Q=8.850000000000e+02  λ=1.143919e+00  dt=1.481e-03  relΔE=4.156e-05  ||F||=3.372e-01
 step=  3000  E=5.399425921033e+02  Q=8.850000000000e+02  λ=1.123520e+00  dt=1.146e-03  relΔE=2.844e-05  ||F||=1.348e-01
 step=  3500  E=5.327119162987e+02  Q=8.850000000000e+02  λ=1.106279e+00  dt=8.873e-04  relΔE=1.932e-05  ||F||=1.255e-01
 step=  4000  E=5.263412129066e+02  Q=8.850000000000e+02  λ=1.091462e+00  dt=1.373e-03  relΔE=2.659e-05  ||F||=1.176e-01
 step=  4500  E=5.208049673817e+02  Q=8.850000000000e+02  λ=1.078811e+00  dt=1.063e-03  relΔE=1.855e-05  ||F||=1.111e-01
 step=  5000  E=5.157437957728e+02  Q=8.850000000000e+02  λ=1.067432e+00  dt=8.227e-04  relΔE=1.308e-05  ||F||=1.055e-01
 step=  5500  E=5.112400682157e+02  Q=8.850000000000e+02  λ=1.057454e+00  dt=1.274e-03  relΔE=1.840e-05  ||F||=1.001e-01
 step=  6000  E=5.071670694794e+02  Q=8.850000000000e+02  λ=1.048525e+00  dt=9.857e-04  relΔE=1.307e-05  ||F||=9.550e-02
 step=  6500  E=5.033523914472e+02  Q=8.850000000000e+02  λ=1.040252e+00  dt=7.629e-04  relΔE=9.645e-06  ||F||=9.296e-02
 step=  7000  E=5.000080082060e+02  Q=8.850000000000e+02  λ=1.033073e+00  dt=1.181e-03  relΔE=1.333e-05  ||F||=8.749e-02
 step=  7500  E=4.968430522903e+02  Q=8.850000000000e+02  λ=1.026337e+00  dt=1.523e-03  relΔE=1.594e-05  ||F||=9.175e-02
 step=  8000  E=4.939764606583e+02  Q=8.850000000000e+02  λ=1.020275e+00  dt=1.179e-03  relΔE=1.149e-05  ||F||=8.081e-02
 step=  8500  E=4.912901745381e+02  Q=8.850000000000e+02  λ=1.014638e+00  dt=9.125e-04  relΔE=8.305e-06  ||F||=7.788e-02
 step=  9000  E=4.887354972443e+02  Q=8.850000000000e+02  λ=1.009322e+00  dt=1.412e-03  relΔE=1.201e-05  ||F||=7.510e-02
 step=  9500  E=4.864474032145e+02  Q=8.850000000000e+02  λ=1.004587e+00  dt=1.093e-03  relΔE=8.734e-06  ||F||=7.260e-02
 step= 10000  E=4.842243878240e+02  Q=8.850000000000e+02  λ=1.000017e+00  dt=8.461e-04  relΔE=6.381e-06  ||F||=7.038e-02
 step= 10500  E=4.821804109353e+02  Q=8.850000000000e+02  λ=9.958468e-01  dt=1.310e-03  relΔE=9.280e-06  ||F||=6.807e-02
 step= 11000  E=4.802656441298e+02  Q=8.850000000000e+02  λ=9.919597e-01  dt=1.014e-03  relΔE=6.797e-06  ||F||=6.609e-02
 step= 11500  E=4.784105104704e+02  Q=8.850000000000e+02  λ=9.882177e-01  dt=7.845e-04  relΔE=5.075e-06  ||F||=6.480e-02
 step= 12000  E=4.767158609762e+02  Q=8.850000000000e+02  λ=9.848239e-01  dt=1.214e-03  relΔE=7.337e-06  ||F||=6.250e-02
 step= 12500  E=4.750825267982e+02  Q=8.850000000000e+02  λ=9.815689e-01  dt=9.399e-04  relΔE=5.413e-06  ||F||=6.092e-02
 step= 13000  E=4.734888810780e+02  Q=8.850000000000e+02  λ=9.784230e-01  dt=1.455e-03  relΔE=7.771e-06  ||F||=1.338e-01
 step= 13500  E=4.720507744922e+02  Q=8.850000000000e+02  λ=9.755850e-01  dt=1.126e-03  relΔE=5.932e-06  ||F||=5.807e-02
 step= 14000  E=4.706199794572e+02  Q=8.850000000000e+02  λ=9.727850e-01  dt=8.715e-04  relΔE=4.413e-06  ||F||=5.685e-02
 step= 14500  E=4.692587268706e+02  Q=8.850000000000e+02  λ=9.701403e-01  dt=1.349e-03  relΔE=6.565e-06  ||F||=5.565e-02
 step= 15000  E=4.679696369849e+02  Q=8.850000000000e+02  λ=9.676470e-01  dt=1.044e-03  relΔE=4.906e-06  ||F||=5.461e-02
 step= 15500  E=4.666895484021e+02  Q=8.850000000000e+02  λ=9.651858e-01  dt=8.081e-04  relΔE=3.722e-06  ||F||=5.400e-02
 step= 16000  E=4.654869035469e+02  Q=8.850000000000e+02  λ=9.628889e-01  dt=1.251e-03  relΔE=5.516e-06  ||F||=5.276e-02
 step= 16500  E=4.643168414668e+02  Q=8.850000000000e+02  λ=9.606634e-01  dt=9.682e-04  relΔE=4.155e-06  ||F||=5.198e-02
 step= 17000  E=4.631426354686e+02  Q=8.850000000000e+02  λ=9.584426e-01  dt=7.493e-04  relΔE=3.430e-06  ||F||=5.372e-02
 step= 17500  E=4.620580397435e+02  Q=8.850000000000e+02  λ=9.564017e-01  dt=1.160e-03  relΔE=4.749e-06  ||F||=5.065e-02
 step= 18000  E=4.609590633308e+02  Q=8.850000000000e+02  λ=9.543409e-01  dt=8.978e-04  relΔE=3.609e-06  ||F||=5.013e-02
 step= 18500  E=4.598746768952e+02  Q=8.850000000000e+02  λ=9.523180e-01  dt=1.390e-03  relΔE=5.489e-06  ||F||=4.999e-02
 step= 19000  E=4.588486022023e+02  Q=8.850000000000e+02  λ=9.504073e-01  dt=1.076e-03  relΔE=4.194e-06  ||F||=4.926e-02
 step= 19500  E=4.577972241548e+02  Q=8.850000000000e+02  λ=9.484547e-01  dt=8.324e-04  relΔE=3.226e-06  ||F||=4.905e-02
 step= 20000  E=4.567758955791e+02  Q=8.850000000000e+02  λ=9.465635e-01  dt=1.289e-03  relΔE=4.937e-06  ||F||=4.872e-02
 step= 20500  E=4.557711519313e+02  Q=8.850000000000e+02  λ=9.447023e-01  dt=9.973e-04  relΔE=3.806e-06  ||F||=4.857e-02
 step= 21000  E=4.547386256765e+02  Q=8.850000000000e+02  λ=9.427900e-01  dt=7.719e-04  relΔE=3.009e-06  ||F||=4.904e-02
 step= 21500  E=4.537477448185e+02  Q=8.850000000000e+02  λ=9.409542e-01  dt=1.195e-03  relΔE=4.564e-06  ||F||=4.848e-02
 step= 22000  E=4.527330460965e+02  Q=8.850000000000e+02  λ=9.390681e-01  dt=9.248e-04  relΔE=3.553e-06  ||F||=4.857e-02
 step= 22500  E=4.516935093516e+02  Q=8.850000000000e+02  λ=9.371316e-01  dt=1.431e-03  relΔE=5.540e-06  ||F||=5.223e-02
 step= 23000  E=4.507066189131e+02  Q=8.850000000000e+02  λ=9.352809e-01  dt=9.233e-04  relΔE=3.616e-06  ||F||=4.893e-02
 step= 23500  E=4.496493027233e+02  Q=8.850000000000e+02  λ=9.332902e-01  dt=1.429e-03  relΔE=5.670e-06  ||F||=5.697e-02
 step= 24000  E=4.486337241326e+02  Q=8.850000000000e+02  λ=9.313607e-01  dt=1.106e-03  relΔE=4.473e-06  ||F||=4.960e-02
 step= 24500  E=4.475442311238e+02  Q=8.850000000000e+02  λ=9.292734e-01  dt=8.561e-04  relΔE=3.544e-06  ||F||=5.012e-02
 step= 25000  E=4.464590276535e+02  Q=8.850000000000e+02  λ=9.271759e-01  dt=1.325e-03  relΔE=5.600e-06  ||F||=5.058e-02
 step= 25500  E=4.453568545211e+02  Q=8.850000000000e+02  λ=9.250190e-01  dt=1.026e-03  relΔE=4.447e-06  ||F||=5.117e-02
 step= 26000  E=4.441924075035e+02  Q=8.850000000000e+02  λ=9.227120e-01  dt=7.938e-04  relΔE=3.618e-06  ||F||=5.241e-02
 step= 26500  E=4.430379898014e+02  Q=8.850000000000e+02  λ=9.203961e-01  dt=1.229e-03  relΔE=5.646e-06  ||F||=5.254e-02
 step= 27000  E=4.418430674553e+02  Q=8.850000000000e+02  λ=9.179612e-01  dt=7.925e-04  relΔE=3.838e-06  ||F||=5.388e-02
 step= 27500  E=4.406191486698e+02  Q=8.850000000000e+02  λ=9.154326e-01  dt=1.227e-03  relΔE=6.009e-06  ||F||=5.410e-02
 step= 28000  E=4.393426438113e+02  Q=8.850000000000e+02  λ=9.127499e-01  dt=9.495e-04  relΔE=4.812e-06  ||F||=5.495e-02
 step= 28500  E=4.379871724774e+02  Q=8.850000000000e+02  λ=9.099097e-01  dt=1.470e-03  relΔE=5.443e-06  ||F||=3.500e-01
 step= 29000  E=4.366647120688e+02  Q=8.850000000000e+02  λ=9.069818e-01  dt=1.138e-03  relΔE=6.169e-06  ||F||=5.667e-02
 step= 29500  E=4.352520814592e+02  Q=8.850000000000e+02  λ=9.038578e-01  dt=8.804e-04  relΔE=4.941e-06  ||F||=5.755e-02
 step= 30000  E=4.337971936719e+02  Q=8.850000000000e+02  λ=9.005871e-01  dt=1.363e-03  relΔE=7.884e-06  ||F||=5.835e-02
 step= 30500  E=4.323389368873e+02  Q=8.850000000000e+02  λ=8.972465e-01  dt=1.055e-03  relΔE=6.278e-06  ||F||=5.907e-02
 step= 31000  E=4.307983785423e+02  Q=8.850000000000e+02  λ=8.936554e-01  dt=8.164e-04  relΔE=5.028e-06  ||F||=5.999e-02
 step= 31500  E=4.292590703180e+02  Q=8.850000000000e+02  λ=8.900085e-01  dt=1.264e-03  relΔE=7.881e-06  ||F||=6.025e-02
 step= 32000  E=4.277027082101e+02  Q=8.850000000000e+02  λ=8.862531e-01  dt=9.780e-04  relΔE=6.199e-06  ||F||=6.063e-02
 step= 32500  E=4.260734926363e+02  Q=8.850000000000e+02  λ=8.822551e-01  dt=7.570e-04  relΔE=5.274e-06  ||F||=6.355e-02
 step= 33000  E=4.245231153579e+02  Q=8.850000000000e+02  λ=8.783910e-01  dt=1.172e-03  relΔE=7.519e-06  ||F||=6.078e-02
 step= 33500  E=4.229325854674e+02  Q=8.850000000000e+02  λ=8.743579e-01  dt=9.069e-04  relΔE=5.793e-06  ||F||=6.053e-02
 step= 34000  E=4.213459472955e+02  Q=8.850000000000e+02  λ=8.702745e-01  dt=1.404e-03  relΔE=8.832e-06  ||F||=6.005e-02
 step= 34500  E=4.198535015937e+02  Q=8.850000000000e+02  λ=8.663673e-01  dt=1.086e-03  relΔE=6.678e-06  ||F||=5.916e-02
 step= 35000  E=4.183514698996e+02  Q=8.850000000000e+02  λ=8.623741e-01  dt=8.409e-04  relΔE=5.011e-06  ||F||=5.814e-02
 step= 35500  E=4.169425946692e+02  Q=8.850000000000e+02  λ=8.585743e-01  dt=1.302e-03  relΔE=7.388e-06  ||F||=5.665e-02
 step= 36000  E=4.156115722862e+02  Q=8.850000000000e+02  λ=8.549240e-01  dt=1.007e-03  relΔE=5.408e-06  ||F||=5.500e-02
 step= 36500  E=4.143294097331e+02  Q=8.850000000000e+02  λ=8.513521e-01  dt=7.797e-04  relΔE=3.991e-06  ||F||=5.364e-02
 step= 37000  E=4.131867262676e+02  Q=8.850000000000e+02  λ=8.481212e-01  dt=1.207e-03  relΔE=5.590e-06  ||F||=5.094e-02
 step= 37500  E=4.121230883442e+02  Q=8.850000000000e+02  λ=8.450606e-01  dt=9.342e-04  relΔE=3.953e-06  ||F||=4.862e-02
 step= 38000  E=4.111338354103e+02  Q=8.850000000000e+02  λ=8.421683e-01  dt=1.446e-03  relΔE=5.502e-06  ||F||=4.882e-02
 step= 38500  E=4.102926693435e+02  Q=8.850000000000e+02  λ=8.396606e-01  dt=1.119e-03  relΔE=3.816e-06  ||F||=4.355e-02
 step= 39000  E=4.095165038173e+02  Q=8.850000000000e+02  λ=8.373033e-01  dt=8.662e-04  relΔE=2.609e-06  ||F||=4.089e-02
 step= 39500  E=4.088449932702e+02  Q=8.850000000000e+02  λ=8.352246e-01  dt=1.341e-03  relΔE=3.526e-06  ||F||=3.818e-02
 step= 40000  E=4.082644877414e+02  Q=8.850000000000e+02  λ=8.333861e-01  dt=1.038e-03  relΔE=2.366e-06  ||F||=3.553e-02
 step= 40500  E=4.077549163599e+02  Q=8.850000000000e+02  λ=8.317344e-01  dt=8.032e-04  relΔE=1.585e-06  ||F||=3.303e-02
 step= 41000  E=4.073293253809e+02  Q=8.850000000000e+02  λ=8.303214e-01  dt=1.243e-03  relΔE=2.071e-06  ||F||=3.033e-02
 step= 41500  E=4.069664100729e+02  Q=8.850000000000e+02  λ=8.290815e-01  dt=8.019e-04  relΔE=1.147e-06  ||F||=2.810e-02
 step= 42000  E=4.066626779847e+02  Q=8.850000000000e+02  λ=8.280149e-01  dt=1.241e-03  relΔE=1.470e-06  ||F||=2.554e-02
 step= 42500  E=4.064070282090e+02  Q=8.850000000000e+02  λ=8.270869e-01  dt=9.607e-04  relΔE=9.493e-07  ||F||=2.333e-02
 step= 43000  E=4.061882832031e+02  Q=8.850000000000e+02  λ=8.262646e-01  dt=7.435e-04  relΔE=7.886e-07  ||F||=3.632e-02
 step= 43500  E=4.060171296917e+02  Q=8.850000000000e+02  λ=8.255976e-01  dt=1.151e-03  relΔE=7.776e-07  ||F||=1.928e-02
 step= 44000  E=4.058710772899e+02  Q=8.850000000000e+02  λ=8.250042e-01  dt=8.908e-04  relΔE=4.940e-07  ||F||=1.746e-02
 step= 44500  E=4.057511030648e+02  Q=8.850000000000e+02  λ=8.244953e-01  dt=1.379e-03  relΔE=6.228e-07  ||F||=1.577e-02
 step= 45000  E=4.056560533633e+02  Q=8.850000000000e+02  λ=8.240721e-01  dt=1.067e-03  relΔE=3.940e-07  ||F||=1.424e-02
 step= 45500  E=4.055763880810e+02  Q=8.850000000000e+02  λ=8.236991e-01  dt=8.260e-04  relΔE=2.482e-07  ||F||=1.285e-02
 step= 46000  E=4.055155026984e+02  Q=8.850000000000e+02  λ=8.233986e-01  dt=1.065e-03  relΔE=2.604e-07  ||F||=1.158e-02
 step= 46500  E=4.054619341907e+02  Q=8.850000000000e+02  λ=8.231184e-01  dt=8.247e-04  relΔE=1.625e-07  ||F||=1.040e-02
 step= 47000  E=4.054204026643e+02  Q=8.850000000000e+02  λ=8.228874e-01  dt=1.277e-03  relΔE=2.016e-07  ||F||=9.307e-03
 step= 47500  E=4.053872208768e+02  Q=8.850000000000e+02  λ=8.226902e-01  dt=9.880e-04  relΔE=1.258e-07  ||F||=8.354e-03
 step= 48000  E=4.053608147796e+02  Q=8.850000000000e+02  λ=8.225225e-01  dt=1.274e-03  relΔE=1.309e-07  ||F||=7.502e-03
 step= 48500  E=4.053388844732e+02  Q=8.850000000000e+02  λ=8.223726e-01  dt=9.864e-04  relΔE=8.106e-08  ||F||=6.709e-03
 step= 49000  E=4.053210872552e+02  Q=8.850000000000e+02  λ=8.222412e-01  dt=7.634e-04  relΔE=5.213e-08  ||F||=6.118e-03
 step= 49500  E=4.053075191293e+02  Q=8.850000000000e+02  λ=8.221330e-01  dt=1.182e-03  relΔE=6.213e-08  ||F||=5.363e-03
 step= 50000  E=4.052963658782e+02  Q=8.850000000000e+02  λ=8.220362e-01  dt=9.146e-04  relΔE=3.842e-08  ||F||=4.792e-03
 step= 50500  E=4.052873287560e+02  Q=8.850000000000e+02  λ=8.219509e-01  dt=1.416e-03  relΔE=4.726e-08  ||F||=4.282e-03
 step= 51000  E=4.052804251692e+02  Q=8.850000000000e+02  λ=8.218795e-01  dt=1.096e-03  relΔE=2.936e-08  ||F||=3.824e-03
 step= 51500  E=4.052746665831e+02  Q=8.850000000000e+02  λ=8.218144e-01  dt=8.481e-04  relΔE=1.811e-08  ||F||=3.412e-03
 step= 52000  E=4.052701806946e+02  Q=8.850000000000e+02  λ=8.217587e-01  dt=1.313e-03  relΔE=2.232e-08  ||F||=3.043e-03
 step= 52500  E=4.052666134544e+02  Q=8.850000000000e+02  λ=8.217099e-01  dt=1.016e-03  relΔE=1.381e-08  ||F||=2.719e-03
 step= 53000  E=4.052636846110e+02  Q=8.850000000000e+02  λ=8.216657e-01  dt=7.864e-04  relΔE=8.699e-09  ||F||=2.452e-03
 step= 53500  E=4.052614353134e+02  Q=8.850000000000e+02  λ=8.216282e-01  dt=1.217e-03  relΔE=1.052e-08  ||F||=2.165e-03
 step= 54000  E=4.052596108240e+02  Q=8.850000000000e+02  λ=8.215946e-01  dt=9.421e-04  relΔE=6.506e-09  ||F||=1.933e-03
 step= 54500  E=4.052581150755e+02  Q=8.850000000000e+02  λ=8.215640e-01  dt=1.458e-03  relΔE=7.773e-09  ||F||=3.740e-03
 step= 55000  E=4.052569859250e+02  Q=8.850000000000e+02  λ=8.215384e-01  dt=1.129e-03  relΔE=4.973e-09  ||F||=1.540e-03
 step= 55500  E=4.052560451468e+02  Q=8.850000000000e+02  λ=8.215148e-01  dt=8.736e-04  relΔE=3.074e-09  ||F||=1.375e-03
 step= 56000  E=4.052552991703e+02  Q=8.850000000000e+02  λ=8.214939e-01  dt=1.352e-03  relΔE=3.800e-09  ||F||=1.226e-03
 step= 56500  E=4.052547105253e+02  Q=8.850000000000e+02  λ=8.214756e-01  dt=1.047e-03  relΔE=2.361e-09  ||F||=1.097e-03
 step= 57000  E=4.052542247457e+02  Q=8.850000000000e+02  λ=8.214589e-01  dt=8.100e-04  relΔE=1.476e-09  ||F||=9.841e-04
 step= 57500  E=4.052538464602e+02  Q=8.850000000000e+02  λ=8.214443e-01  dt=1.254e-03  relΔE=1.816e-09  ||F||=8.750e-04
 step= 58000  E=4.052535410602e+02  Q=8.850000000000e+02  λ=8.214313e-01  dt=9.705e-04  relΔE=1.130e-09  ||F||=7.828e-04
 step= 58500  E=4.052532883681e+02  Q=8.850000000000e+02  λ=8.214193e-01  dt=7.511e-04  relΔE=7.556e-10  ||F||=7.279e-04
 step= 59000  E=4.052530954198e+02  Q=8.850000000000e+02  λ=8.214091e-01  dt=1.163e-03  relΔE=8.771e-10  ||F||=6.261e-04
 step= 59500  E=4.052529342658e+02  Q=8.850000000000e+02  λ=8.213997e-01  dt=8.999e-04  relΔE=5.471e-10  ||F||=5.600e-04
 step= 60000  E=4.052528034481e+02  Q=8.850000000000e+02  λ=8.213912e-01  dt=1.393e-03  relΔE=6.814e-10  ||F||=5.009e-04
 step= 60500  E=4.052527013443e+02  Q=8.850000000000e+02  λ=8.213839e-01  dt=1.078e-03  relΔE=4.285e-10  ||F||=4.490e-04
 step= 61000  E=4.052526155946e+02  Q=8.850000000000e+02  λ=8.213770e-01  dt=8.344e-04  relΔE=2.696e-10  ||F||=4.028e-04
 step= 61500  E=4.052525473584e+02  Q=8.850000000000e+02  λ=8.213710e-01  dt=1.292e-03  relΔE=3.371e-10  ||F||=3.599e-04
 step= 62000  E=4.052524922873e+02  Q=8.850000000000e+02  λ=8.213656e-01  dt=9.996e-04  relΔE=2.128e-10  ||F||=3.230e-04
 step= 62500  E=4.052524458346e+02  Q=8.850000000000e+02  λ=8.213607e-01  dt=7.737e-04  relΔE=1.382e-10  ||F||=2.947e-04
 step= 63000  E=4.052524095984e+02  Q=8.850000000000e+02  λ=8.213564e-01  dt=1.198e-03  relΔE=1.697e-10  ||F||=2.597e-04
 step= 63500  E=4.052523793929e+02  Q=8.850000000000e+02  λ=8.213525e-01  dt=9.269e-04  relΔE=1.077e-10  ||F||=2.333e-04
 step= 64000  E=4.052523539329e+02  Q=8.850000000000e+02  λ=8.213488e-01  dt=1.435e-03  relΔE=1.361e-10  ||F||=2.255e-04
 step= 64500  E=4.052523340845e+02  Q=8.850000000000e+02  λ=8.213457e-01  dt=1.111e-03  relΔE=8.728e-11  ||F||=1.881e-04
 step= 65000  E=4.052523170078e+02  Q=8.850000000000e+02  λ=8.213428e-01  dt=8.595e-04  relΔE=5.574e-11  ||F||=1.690e-04
 step= 65500  E=4.052523031472e+02  Q=8.850000000000e+02  λ=8.213403e-01  dt=1.330e-03  relΔE=7.140e-11  ||F||=1.519e-04
 step= 66000  E=4.052522916843e+02  Q=8.850000000000e+02  λ=8.213380e-01  dt=1.030e-03  relΔE=4.598e-11  ||F||=1.367e-04
 step= 66500  E=4.052522819161e+02  Q=8.850000000000e+02  λ=8.213359e-01  dt=7.970e-04  relΔE=2.957e-11  ||F||=1.228e-04
 step= 67000  E=4.052522739961e+02  Q=8.850000000000e+02  λ=8.213340e-01  dt=1.234e-03  relΔE=3.833e-11  ||F||=1.107e-04
 step= 67500  E=4.052522673253e+02  Q=8.850000000000e+02  λ=8.213323e-01  dt=9.548e-04  relΔE=2.491e-11  ||F||=9.975e-05
 step= 68000  E=4.052522615212e+02  Q=8.850000000000e+02  λ=8.213307e-01  dt=1.478e-03  relΔE=2.463e-11  ||F||=6.505e-04
 step= 68500  E=4.052522569282e+02  Q=8.850000000000e+02  λ=8.213294e-01  dt=1.144e-03  relΔE=2.122e-11  ||F||=8.104e-05
 step= 69000  E=4.052522528592e+02  Q=8.850000000000e+02  λ=8.213282e-01  dt=8.853e-04  relΔE=1.391e-11  ||F||=7.308e-05
 step= 69500  E=4.052522494298e+02  Q=8.850000000000e+02  λ=8.213270e-01  dt=1.370e-03  relΔE=1.826e-11  ||F||=6.582e-05
 step= 70000  E=4.052522465726e+02  Q=8.850000000000e+02  λ=8.213260e-01  dt=1.061e-03  relΔE=1.209e-11  ||F||=5.950e-05
 step= 70500  E=4.052522440531e+02  Q=8.850000000000e+02  λ=8.213251e-01  dt=8.209e-04  relΔE=8.057e-12  ||F||=5.404e-05
 step= 71000  E=4.052522419347e+02  Q=8.850000000000e+02  λ=8.213243e-01  dt=1.271e-03  relΔE=1.064e-11  ||F||=4.847e-05
 step= 71500  E=4.052522401229e+02  Q=8.850000000000e+02  λ=8.213235e-01  dt=9.835e-04  relΔE=7.109e-12  ||F||=4.386e-05
 step= 72000  E=4.052522385059e+02  Q=8.850000000000e+02  λ=8.213229e-01  dt=7.612e-04  relΔE=4.901e-12  ||F||=4.102e-05
 step= 72500  E=4.052522371674e+02  Q=8.850000000000e+02  λ=8.213223e-01  dt=1.178e-03  relΔE=6.388e-12  ||F||=3.584e-05
 step= 73000  E=4.052522359756e+02  Q=8.850000000000e+02  λ=8.213217e-01  dt=9.120e-04  relΔE=4.305e-12  ||F||=3.244e-05
 step= 73500  E=4.052522349180e+02  Q=8.850000000000e+02  λ=8.213212e-01  dt=1.412e-03  relΔE=5.797e-12  ||F||=2.988e-05
 step= 74000  E=4.052522340360e+02  Q=8.850000000000e+02  λ=8.213208e-01  dt=1.093e-03  relΔE=3.942e-12  ||F||=2.657e-05
 step= 74500  E=4.052522332280e+02  Q=8.850000000000e+02  λ=8.213204e-01  dt=8.456e-04  relΔE=2.684e-12  ||F||=2.418e-05
 step= 75000  E=4.052522325329e+02  Q=8.850000000000e+02  λ=8.213200e-01  dt=1.309e-03  relΔE=3.643e-12  ||F||=2.177e-05
 step= 75500  E=4.052522319236e+02  Q=8.850000000000e+02  λ=8.213197e-01  dt=1.013e-03  relΔE=2.491e-12  ||F||=1.975e-05
 step= 76000  E=4.052522313689e+02  Q=8.850000000000e+02  λ=8.213194e-01  dt=7.841e-04  relΔE=1.714e-12  ||F||=1.813e-05
 step= 76500  E=4.052522308957e+02  Q=8.850000000000e+02  λ=8.213191e-01  dt=1.214e-03  relΔE=2.339e-12  ||F||=1.622e-05
 step= 77000  E=4.052522304702e+02  Q=8.850000000000e+02  λ=8.213188e-01  dt=9.394e-04  relΔE=1.609e-12  ||F||=1.472e-05
 step= 77500  E=4.052522300802e+02  Q=8.850000000000e+02  λ=8.213186e-01  dt=1.454e-03  relΔE=2.124e-12  ||F||=7.466e-05
 step= 78000  E=4.052522297526e+02  Q=8.850000000000e+02  λ=8.213184e-01  dt=1.125e-03  relΔE=1.531e-12  ||F||=1.212e-05
 step= 78500  E=4.052522294477e+02  Q=8.850000000000e+02  λ=8.213182e-01  dt=8.711e-04  relΔE=1.059e-12  ||F||=1.102e-05
 step= 79000  E=4.052522291767e+02  Q=8.850000000000e+02  λ=8.213181e-01  dt=1.348e-03  relΔE=1.464e-12  ||F||=9.973e-06
 step= 79500  E=4.052522289383e+02  Q=8.850000000000e+02  λ=8.213179e-01  dt=1.044e-03  relΔE=1.017e-12  ||F||=9.071e-06
 step= 80000  E=4.052522287185e+02  Q=8.850000000000e+02  λ=8.213178e-01  dt=8.077e-04  relΔE=7.103e-13  ||F||=8.440e-06
 step= 80500  E=4.052522285254e+02  Q=8.850000000000e+02  λ=8.213177e-01  dt=1.250e-03  relΔE=9.816e-13  ||F||=7.478e-06
 step= 81000  E=4.052522283521e+02  Q=8.850000000000e+02  λ=8.213175e-01  dt=9.677e-04  relΔE=6.844e-13  ||F||=6.805e-06
 step= 81500  E=4.052522281905e+02  Q=8.850000000000e+02  λ=8.213174e-01  dt=7.489e-04  relΔE=5.166e-13  ||F||=8.333e-06
 step= 82000  E=4.052522280527e+02  Q=8.850000000000e+02  λ=8.213173e-01  dt=1.159e-03  relΔE=6.657e-13  ||F||=5.621e-06
 step= 82500  E=4.052522279240e+02  Q=8.850000000000e+02  λ=8.213173e-01  dt=8.973e-04  relΔE=4.653e-13  ||F||=5.138e-06
 step= 83000  E=4.052522278069e+02  Q=8.850000000000e+02  λ=8.213172e-01  dt=1.389e-03  relΔE=6.486e-13  ||F||=4.683e-06
 step= 83500  E=4.052522277049e+02  Q=8.850000000000e+02  λ=8.213171e-01  dt=1.075e-03  relΔE=4.543e-13  ||F||=4.229e-06
 step= 84000  E=4.052522276093e+02  Q=8.850000000000e+02  λ=8.213171e-01  dt=8.320e-04  relΔE=3.188e-13  ||F||=3.896e-06
 step= 84500  E=4.052522275243e+02  Q=8.850000000000e+02  λ=8.213170e-01  dt=1.288e-03  relΔE=4.456e-13  ||F||=3.497e-06
 step= 85000  E=4.052522274479e+02  Q=8.850000000000e+02  λ=8.213169e-01  dt=9.968e-04  relΔE=3.131e-13  ||F||=3.187e-06
 step= 85500  E=4.052522273765e+02  Q=8.850000000000e+02  λ=8.213169e-01  dt=7.715e-04  relΔE=2.239e-13  ||F||=3.444e-06
 step= 86000  E=4.052522273143e+02  Q=8.850000000000e+02  λ=8.213169e-01  dt=1.194e-03  relΔE=3.079e-13  ||F||=2.639e-06
 step= 86500  E=4.052522272569e+02  Q=8.850000000000e+02  λ=8.213168e-01  dt=9.242e-04  relΔE=2.169e-13  ||F||=2.409e-06
 step= 87000  E=4.052522272035e+02  Q=8.850000000000e+02  λ=8.213168e-01  dt=1.431e-03  relΔE=3.028e-13  ||F||=6.400e-06
 step= 87500  E=4.052522271576e+02  Q=8.850000000000e+02  λ=8.213168e-01  dt=1.107e-03  relΔE=2.129e-13  ||F||=1.994e-06
 step= 88000  E=4.052522271140e+02  Q=8.850000000000e+02  λ=8.213167e-01  dt=8.570e-04  relΔE=1.502e-13  ||F||=1.862e-06
 step= 88500  E=4.052522270749e+02  Q=8.850000000000e+02  λ=8.213167e-01  dt=1.327e-03  relΔE=2.104e-13  ||F||=1.652e-06
 step= 89000  E=4.052522270399e+02  Q=8.850000000000e+02  λ=8.213167e-01  dt=1.027e-03  relΔE=1.485e-13  ||F||=1.507e-06
 step= 89500  E=4.052522270071e+02  Q=8.850000000000e+02  λ=8.213167e-01  dt=7.947e-04  relΔE=1.045e-13  ||F||=1.378e-06
 step= 90000  E=4.052522269781e+02  Q=8.850000000000e+02  λ=8.213166e-01  dt=1.230e-03  relΔE=1.473e-13  ||F||=1.250e-06
 step= 90500  E=4.052522269516e+02  Q=8.850000000000e+02  λ=8.213166e-01  dt=9.520e-04  relΔE=1.039e-13  ||F||=1.140e-06
 step= 91000  E=4.052522269266e+02  Q=8.850000000000e+02  λ=8.213166e-01  dt=7.369e-04  relΔE=1.072e-13  ||F||=3.297e-05
 step= 91500  E=4.052522269053e+02  Q=8.850000000000e+02  λ=8.213166e-01  dt=1.141e-03  relΔE=1.030e-13  ||F||=9.473e-07
 step= 92000  E=4.052522268850e+02  Q=8.850000000000e+02  λ=8.213166e-01  dt=8.828e-04  relΔE=7.238e-14  ||F||=8.983e-07
 step= 92500  E=4.052522268666e+02  Q=8.850000000000e+02  λ=8.213166e-01  dt=1.366e-03  relΔE=1.013e-13  ||F||=7.862e-07
 step= 93000  E=4.052522268502e+02  Q=8.850000000000e+02  λ=8.213165e-01  dt=1.058e-03  relΔE=7.238e-14  ||F||=7.187e-07
 step= 93500  E=4.052522268349e+02  Q=8.850000000000e+02  λ=8.213165e-01  dt=8.186e-04  relΔE=5.106e-14  ||F||=6.576e-07
 step= 94000  E=4.052522268211e+02  Q=8.850000000000e+02  λ=8.213165e-01  dt=1.267e-03  relΔE=7.126e-14  ||F||=5.963e-07
 step= 94500  E=4.052522268088e+02  Q=8.850000000000e+02  λ=8.213165e-01  dt=9.807e-04  relΔE=5.022e-14  ||F||=5.445e-07
 step= 95000  E=4.052522267970e+02  Q=8.850000000000e+02  λ=8.213165e-01  dt=7.590e-04  relΔE=3.661e-14  ||F||=1.026e-06
 step= 95500  E=4.052522267868e+02  Q=8.850000000000e+02  λ=8.213165e-01  dt=1.175e-03  relΔE=5.022e-14  ||F||=4.528e-07
 step= 96000  E=4.052522267773e+02  Q=8.850000000000e+02  λ=8.213165e-01  dt=9.093e-04  relΔE=3.507e-14  ||F||=4.209e-07
 step= 96500  E=4.052522267685e+02  Q=8.850000000000e+02  λ=8.213165e-01  dt=1.408e-03  relΔE=4.993e-14  ||F||=6.310e-07
 step= 97000  E=4.052522267608e+02  Q=8.850000000000e+02  λ=8.213165e-01  dt=1.089e-03  relΔE=3.521e-14  ||F||=3.441e-07
 step= 97500  E=4.052522267535e+02  Q=8.850000000000e+02  λ=8.213165e-01  dt=8.432e-04  relΔE=2.539e-14  ||F||=3.268e-07
 step= 98000  E=4.052522267469e+02  Q=8.850000000000e+02  λ=8.213165e-01  dt=1.305e-03  relΔE=3.521e-14  ||F||=2.858e-07
 step= 98500  E=4.052522267410e+02  Q=8.850000000000e+02  λ=8.213165e-01  dt=1.010e-03  relΔE=2.497e-14  ||F||=2.611e-07
 step= 99000  E=4.052522267355e+02  Q=8.850000000000e+02  λ=8.213165e-01  dt=7.818e-04  relΔE=1.767e-14  ||F||=2.458e-07
 step= 99500  E=4.052522267305e+02  Q=8.850000000000e+02  λ=8.213165e-01  dt=1.210e-03  relΔE=2.483e-14  ||F||=2.172e-07
 step=100000  E=4.052522267260e+02  Q=8.850000000000e+02  λ=8.213165e-01  dt=9.367e-04  relΔE=1.753e-14  ||F||=1.983e-07
 step=100500  E=4.052522267218e+02  Q=8.850000000000e+02  λ=8.213165e-01  dt=1.450e-03  relΔE=2.314e-14  ||F||=1.064e-05
 step=101000  E=4.052522267181e+02  Q=8.850000000000e+02  λ=8.213165e-01  dt=1.122e-03  relΔE=1.753e-14  ||F||=1.652e-07
 step=101500  E=4.052522267146e+02  Q=8.850000000000e+02  λ=8.213165e-01  dt=8.685e-04  relΔE=1.234e-14  ||F||=1.717e-07
 step=102000  E=4.052522267115e+02  Q=8.850000000000e+02  λ=8.213165e-01  dt=1.344e-03  relΔE=1.697e-14  ||F||=1.373e-07
 step=102500  E=4.052522267087e+02  Q=8.850000000000e+02  λ=8.213165e-01  dt=1.041e-03  relΔE=1.178e-14  ||F||=1.257e-07
 step=103000  E=4.052522267060e+02  Q=8.850000000000e+02  λ=8.213165e-01  dt=8.054e-04  relΔE=8.276e-15  ||F||=1.162e-07
 step=103500  E=4.052522267037e+02  Q=8.850000000000e+02  λ=8.213165e-01  dt=1.247e-03  relΔE=1.178e-14  ||F||=1.045e-07
 step=104000  E=4.052522267015e+02  Q=8.850000000000e+02  λ=8.213164e-01  dt=9.649e-04  relΔE=8.837e-15  ||F||=9.546e-08
 step=104500  E=4.052522266995e+02  Q=8.850000000000e+02  λ=8.213164e-01  dt=7.468e-04  relΔE=6.733e-15  ||F||=5.981e-07
 step=105000  E=4.052522266977e+02  Q=8.850000000000e+02  λ=8.213164e-01  dt=1.156e-03  relΔE=8.556e-15  ||F||=7.953e-08
 step=105500  E=4.052522266961e+02  Q=8.850000000000e+02  λ=8.213164e-01  dt=8.947e-04  relΔE=5.751e-15  ||F||=8.239e-08
 step=106000  E=4.052522266945e+02  Q=8.850000000000e+02  λ=8.213164e-01  dt=1.385e-03  relΔE=8.416e-15  ||F||=7.369e-08
 step=106500  E=4.052522266932e+02  Q=8.850000000000e+02  λ=8.213164e-01  dt=1.072e-03  relΔE=6.031e-15  ||F||=6.078e-08
 step=107000  E=4.052522266919e+02  Q=8.850000000000e+02  λ=8.213164e-01  dt=8.296e-04  relΔE=3.927e-15  ||F||=5.551e-08
 step=107500  E=4.052522266908e+02  Q=8.850000000000e+02  λ=8.213164e-01  dt=1.284e-03  relΔE=6.452e-15  ||F||=5.039e-08
 Converged (aggressive): step=107600, E=4.052522266906e+02, Q=8.850000000000e+02, dt=9.246e-04, ||F||=4.998e-08

Stationary candidate (aggressive): E=4.052522266906e+02, Q=8.850000000000e+02, maxρ=7.151257e-01

=== Stability test (damped inertial dynamics) ===
Perturb eps=0.02, gamma=1
t=0: E=4.485846480063e+02, Q=8.850000000000e+02, maxρ=7.376901e-01, σ=2.663902e+00, Rc=1.835904e+01
 step=     1  E=4.485844299541e+02  Q=8.850000000000e+02  λ=1.208702e+00  maxρ=7.376901e-01  minρ=1.128e-13  σ=2.663902e+00  Rc=1.835904e+01
 step=   300  E=4.396443173092e+02  Q=8.850000000000e+02  λ=1.105439e+00  maxρ=7.364387e-01  minρ=1.133e-13  σ=2.663899e+00  Rc=1.835905e+01
 step=   600  E=4.216686198866e+02  Q=8.850000000000e+02  λ=9.185142e-01  maxρ=7.329105e-01  minρ=1.118e-13  σ=2.663893e+00  Rc=1.835905e+01
 step=   900  E=4.111574863696e+02  Q=8.850000000000e+02  λ=8.590870e-01  maxρ=7.276918e-01  minρ=1.098e-13  σ=2.663892e+00  Rc=1.835905e+01
 step=  1200  E=4.151787836706e+02  Q=8.850000000000e+02  λ=9.670286e-01  maxρ=7.253776e-01  minρ=1.078e-13  σ=2.663894e+00  Rc=1.835904e+01
 step=  1500  E=4.259678895336e+02  Q=8.850000000000e+02  λ=1.083922e+00  maxρ=7.298106e-01  minρ=1.064e-13  σ=2.663896e+00  Rc=1.835904e+01
 step=  1800  E=4.314745115775e+02  Q=8.850000000000e+02  λ=1.069723e+00  maxρ=7.321462e-01  minρ=1.057e-13  σ=2.663893e+00  Rc=1.835904e+01
 step=  2100  E=4.282334903543e+02  Q=8.850000000000e+02  λ=9.679324e-01  maxρ=7.284188e-01  minρ=1.032e-13  σ=2.663890e+00  Rc=1.835904e+01
 step=  2400  E=4.225376252794e+02  Q=8.850000000000e+02  λ=9.209618e-01  maxρ=7.212983e-01  minρ=9.777e-14  σ=2.663890e+00  Rc=1.835904e+01
 step=  2700  E=4.211343133666e+02  Q=8.850000000000e+02  λ=9.761012e-01  maxρ=7.247720e-01  minρ=9.591e-14  σ=2.663894e+00  Rc=1.835904e+01
 step=  3000  E=4.238883548913e+02  Q=8.850000000000e+02  λ=1.042349e+00  maxρ=7.338768e-01  minρ=9.584e-14  σ=2.663894e+00  Rc=1.835904e+01
 step=  3300  E=4.259727807479e+02  Q=8.850000000000e+02  λ=1.029813e+00  maxρ=7.357626e-01  minρ=9.246e-14  σ=2.663890e+00  Rc=1.835904e+01
 step=  3600  E=4.247124846458e+02  Q=8.850000000000e+02  λ=9.647319e-01  maxρ=7.307669e-01  minρ=8.615e-14  σ=2.663886e+00  Rc=1.835904e+01
 step=  3900  E=4.220854179634e+02  Q=8.850000000000e+02  λ=9.358559e-01  maxρ=7.307721e-01  minρ=7.638e-14  σ=2.663886e+00  Rc=1.835904e+01
 step=  4200  E=4.211286759600e+02  Q=8.850000000000e+02  λ=9.689371e-01  maxρ=7.282333e-01  minρ=7.084e-14  σ=2.663890e+00  Rc=1.835903e+01
 step=  4500  E=4.220810926212e+02  Q=8.850000000000e+02  λ=1.004704e+00  maxρ=7.265599e-01  minρ=7.133e-14  σ=2.663891e+00  Rc=1.835903e+01
 step=  4800  E=4.229178953836e+02  Q=8.850000000000e+02  λ=9.920088e-01  maxρ=7.293526e-01  minρ=6.086e-14  σ=2.663887e+00  Rc=1.835903e+01
 step=  5100  E=4.224373334074e+02  Q=8.850000000000e+02  λ=9.539462e-01  maxρ=7.302759e-01  minρ=5.516e-14  σ=2.663882e+00  Rc=1.835903e+01
 step=  5400  E=4.214328232227e+02  Q=8.850000000000e+02  λ=9.437727e-01  maxρ=7.294176e-01  minρ=5.699e-14  σ=2.663880e+00  Rc=1.835903e+01
 step=  5700  E=4.210507285423e+02  Q=8.850000000000e+02  λ=9.680416e-01  maxρ=7.269281e-01  minρ=4.514e-14  σ=2.663882e+00  Rc=1.835902e+01
 step=  6000  E=4.212219713376e+02  Q=8.850000000000e+02  λ=9.856622e-01  maxρ=7.253265e-01  minρ=1.000e-15  σ=2.663882e+00  Rc=1.835902e+01
 >>> No runaway detected in this horizon. Likely stable (within this model & box).

STABILITY: PASS
