
=== Aggressive relaxation to Q = 1094 ===
Initial: E=7.913570005033e+02, Q=1.094000000000e+03, dt=1.000e-04
 step=     1  E=7.913354635935e+02  Q=1.094000000000e+03  λ=1.442127e+00  dt=1.000e-04  relΔE=2.722e-05  ||F||=4.442e-01
 step=   500  E=7.680618372019e+02  Q=1.094000000000e+03  λ=1.379602e+00  dt=6.192e-04  relΔE=1.015e-04  ||F||=3.720e-01
 step=  1000  E=7.214855959331e+02  Q=1.094000000000e+03  λ=1.258803e+00  dt=9.584e-04  relΔE=7.610e-05  ||F||=2.509e-01
 step=  1500  E=6.950813806545e+02  Q=1.094000000000e+03  λ=1.196989e+00  dt=6.182e-04  relΔE=1.257e-04  ||F||=2.496e+00
 step=  2000  E=6.788767761730e+02  Q=1.094000000000e+03  λ=1.156452e+00  dt=9.569e-04  relΔE=3.566e-05  ||F||=1.667e-01
 step=  2500  E=6.654213007513e+02  Q=1.094000000000e+03  λ=1.126790e+00  dt=1.481e-03  relΔE=4.186e-05  ||F||=4.214e-01
 step=  3000  E=6.551208720387e+02  Q=1.094000000000e+03  λ=1.104865e+00  dt=1.146e-03  relΔE=2.909e-05  ||F||=1.351e-01
 step=  3500  E=6.461546556663e+02  Q=1.094000000000e+03  λ=1.086464e+00  dt=8.873e-04  relΔE=1.964e-05  ||F||=1.253e-01
 step=  4000  E=6.383207761693e+02  Q=1.094000000000e+03  λ=1.070840e+00  dt=1.373e-03  relΔE=2.688e-05  ||F||=1.171e-01
 step=  4500  E=6.315765245064e+02  Q=1.094000000000e+03  λ=1.057665e+00  dt=1.063e-03  relΔE=1.868e-05  ||F||=1.104e-01
 step=  5000  E=6.254025416337e+02  Q=1.094000000000e+03  λ=1.045827e+00  dt=8.227e-04  relΔE=1.314e-05  ||F||=1.047e-01
 step=  5500  E=6.201803434797e+02  Q=1.094000000000e+03  λ=1.035975e+00  dt=1.061e-03  relΔE=1.538e-05  ||F||=9.930e-02
 step=  6000  E=6.150154720255e+02  Q=1.094000000000e+03  λ=1.026354e+00  dt=8.214e-04  relΔE=1.094e-05  ||F||=9.483e-02
 step=  6500  E=6.105465403333e+02  Q=1.094000000000e+03  λ=1.018139e+00  dt=1.271e-03  relΔE=1.542e-05  ||F||=9.014e-02
 step=  7000  E=6.064782351624e+02  Q=1.094000000000e+03  λ=1.010728e+00  dt=9.841e-04  relΔE=1.101e-05  ||F||=8.631e-02
 step=  7500  E=6.025966557270e+02  Q=1.094000000000e+03  λ=1.003727e+00  dt=7.616e-04  relΔE=8.226e-06  ||F||=8.456e-02
 step=  8000  E=5.991938544305e+02  Q=1.094000000000e+03  λ=9.976489e-01  dt=1.179e-03  relΔE=1.133e-05  ||F||=7.947e-02
 step=  8500  E=5.959593521841e+02  Q=1.094000000000e+03  λ=9.919110e-01  dt=9.125e-04  relΔE=8.166e-06  ||F||=7.650e-02
 step=  9000  E=5.929154147701e+02  Q=1.094000000000e+03  λ=9.865591e-01  dt=1.412e-03  relΔE=1.178e-05  ||F||=7.382e-02
 step=  9500  E=5.901985623369e+02  Q=1.094000000000e+03  λ=9.818095e-01  dt=1.093e-03  relΔE=8.552e-06  ||F||=7.117e-02
 step= 10000  E=5.875634321451e+02  Q=1.094000000000e+03  λ=9.772347e-01  dt=8.461e-04  relΔE=6.226e-06  ||F||=6.887e-02
 step= 10500  E=5.851438977455e+02  Q=1.094000000000e+03  λ=9.730668e-01  dt=1.310e-03  relΔE=9.052e-06  ||F||=6.661e-02
 step= 11000  E=5.828702443840e+02  Q=1.094000000000e+03  λ=9.691697e-01  dt=1.014e-03  relΔE=6.615e-06  ||F||=6.460e-02
 step= 11500  E=5.806842894487e+02  Q=1.094000000000e+03  λ=9.654470e-01  dt=7.845e-04  relΔE=4.949e-06  ||F||=6.341e-02
 step= 12000  E=5.786850368988e+02  Q=1.094000000000e+03  λ=9.620662e-01  dt=1.214e-03  relΔE=7.112e-06  ||F||=6.098e-02
 step= 12500  E=5.767678796780e+02  Q=1.094000000000e+03  λ=9.588397e-01  dt=9.399e-04  relΔE=5.237e-06  ||F||=5.938e-02
 step= 13000  E=5.748960950948e+02  Q=1.094000000000e+03  λ=9.557247e-01  dt=1.455e-03  relΔE=7.278e-06  ||F||=1.753e-01
 step= 13500  E=5.732172587733e+02  Q=1.094000000000e+03  λ=9.529197e-01  dt=1.126e-03  relΔE=5.713e-06  ||F||=5.648e-02
 step= 14000  E=5.715415740906e+02  Q=1.094000000000e+03  λ=9.501486e-01  dt=8.715e-04  relΔE=4.241e-06  ||F||=5.524e-02
 step= 14500  E=5.699535071484e+02  Q=1.094000000000e+03  λ=9.475408e-01  dt=1.349e-03  relΔE=6.289e-06  ||F||=5.399e-02
 step= 15000  E=5.684597890860e+02  Q=1.094000000000e+03  λ=9.450983e-01  dt=1.044e-03  relΔE=4.688e-06  ||F||=5.291e-02
 step= 15500  E=5.669742381897e+02  Q=1.094000000000e+03  λ=9.426832e-01  dt=8.081e-04  relΔE=3.544e-06  ||F||=5.224e-02
 step= 16000  E=5.655843790643e+02  Q=1.094000000000e+03  λ=9.404385e-01  dt=1.251e-03  relΔE=5.239e-06  ||F||=5.098e-02
 step= 16500  E=5.642381109617e+02  Q=1.094000000000e+03  λ=9.382729e-01  dt=9.682e-04  relΔE=3.934e-06  ||F||=5.015e-02
 step= 17000  E=5.628867393751e+02  Q=1.094000000000e+03  λ=9.361117e-01  dt=7.493e-04  relΔE=3.385e-06  ||F||=5.345e-02
 step= 17500  E=5.616445415348e+02  Q=1.094000000000e+03  λ=9.341354e-01  dt=1.160e-03  relΔE=4.465e-06  ||F||=4.870e-02
 step= 18000  E=5.603941989894e+02  Q=1.094000000000e+03  λ=9.321538e-01  dt=8.978e-04  relΔE=3.380e-06  ||F||=4.811e-02
 step= 18500  E=5.591634735307e+02  Q=1.094000000000e+03  λ=9.302145e-01  dt=1.390e-03  relΔE=5.122e-06  ||F||=4.760e-02
 step= 19000  E=5.579970216087e+02  Q=1.094000000000e+03  λ=9.283812e-01  dt=1.076e-03  relΔE=3.898e-06  ||F||=4.710e-02
 step= 19500  E=5.568159904281e+02  Q=1.094000000000e+03  λ=9.265318e-01  dt=8.324e-04  relΔE=2.982e-06  ||F||=4.678e-02
 step= 20000  E=5.556679914226e+02  Q=1.094000000000e+03  λ=9.247417e-01  dt=1.289e-03  relΔE=4.549e-06  ||F||=4.639e-02
 step= 20500  E=5.545392936425e+02  Q=1.094000000000e+03  λ=9.229837e-01  dt=9.973e-04  relΔE=3.492e-06  ||F||=4.615e-02
 step= 21000  E=5.533891858873e+02  Q=1.094000000000e+03  λ=9.211959e-01  dt=7.719e-04  relΔE=2.759e-06  ||F||=4.660e-02
 step= 21500  E=5.522897786613e+02  Q=1.094000000000e+03  λ=9.194901e-01  dt=1.195e-03  relΔE=4.151e-06  ||F||=4.588e-02
 step= 22000  E=5.511661759068e+02  Q=1.094000000000e+03  λ=9.177902e-01  dt=1.541e-03  relΔE=5.142e-06  ||F||=2.995e-01
 step= 22500  E=5.500703996132e+02  Q=1.094000000000e+03  λ=9.160438e-01  dt=1.193e-03  relΔE=4.165e-06  ||F||=4.590e-02
 step= 23000  E=5.489532218398e+02  Q=1.094000000000e+03  λ=9.143046e-01  dt=9.233e-04  relΔE=3.249e-06  ||F||=4.603e-02
 step= 23500  E=5.477964853231e+02  Q=1.094000000000e+03  λ=9.125011e-01  dt=1.429e-03  relΔE=5.082e-06  ||F||=4.633e-02
 step= 24000  E=5.466803081479e+02  Q=1.094000000000e+03  λ=9.107516e-01  dt=1.106e-03  relΔE=3.987e-06  ||F||=4.649e-02
 step= 24500  E=5.455070822148e+02  Q=1.094000000000e+03  λ=9.089039e-01  dt=8.561e-04  relΔE=3.147e-06  ||F||=4.690e-02
 step= 25000  E=5.443352057166e+02  Q=1.094000000000e+03  λ=9.070492e-01  dt=1.325e-03  relΔE=4.960e-06  ||F||=4.728e-02
 step= 25500  E=5.431394882018e+02  Q=1.094000000000e+03  λ=9.051405e-01  dt=1.026e-03  relΔE=3.930e-06  ||F||=4.778e-02
 step= 26000  E=5.418934167222e+02  Q=1.094000000000e+03  λ=9.031348e-01  dt=7.938e-04  relΔE=3.159e-06  ||F||=4.864e-02
 step= 26500  E=5.406478673213e+02  Q=1.094000000000e+03  λ=9.011131e-01  dt=1.229e-03  relΔE=4.979e-06  ||F||=4.902e-02
 step= 27000  E=5.393530759516e+02  Q=1.094000000000e+03  λ=8.989869e-01  dt=9.510e-04  relΔE=3.981e-06  ||F||=4.977e-02
 step= 27500  E=5.379806539299e+02  Q=1.094000000000e+03  λ=8.968955e-01  dt=6.134e-04  relΔE=1.095e-05  ||F||=6.290e-01
 step= 28000  E=5.366648771561e+02  Q=1.094000000000e+03  λ=8.944966e-01  dt=9.495e-04  relΔE=4.265e-06  ||F||=5.143e-02
 step= 28500  E=5.351884649810e+02  Q=1.094000000000e+03  λ=8.920004e-01  dt=1.470e-03  relΔE=6.194e-06  ||F||=1.934e-01
 step= 29000  E=5.337456632278e+02  Q=1.094000000000e+03  λ=8.894934e-01  dt=1.138e-03  relΔE=5.524e-06  ||F||=5.332e-02
 step= 29500  E=5.321933705152e+02  Q=1.094000000000e+03  λ=8.867751e-01  dt=8.804e-04  relΔE=4.460e-06  ||F||=5.438e-02
 step= 30000  E=5.305797061355e+02  Q=1.094000000000e+03  λ=8.839115e-01  dt=1.363e-03  relΔE=7.188e-06  ||F||=5.541e-02
 step= 30500  E=5.289440135159e+02  Q=1.094000000000e+03  λ=8.809621e-01  dt=1.055e-03  relΔE=5.792e-06  ||F||=5.645e-02
 step= 31000  E=5.271923426341e+02  Q=1.094000000000e+03  λ=8.777568e-01  dt=8.164e-04  relΔE=4.695e-06  ||F||=5.768e-02
 step= 31500  E=5.254143764517e+02  Q=1.094000000000e+03  λ=8.744588e-01  dt=1.264e-03  relΔE=7.502e-06  ||F||=5.849e-02
 step= 32000  E=5.235839543029e+02  Q=1.094000000000e+03  λ=8.710096e-01  dt=9.780e-04  relΔE=6.013e-06  ||F||=5.943e-02
 step= 32500  E=5.216295638137e+02  Q=1.094000000000e+03  λ=8.672739e-01  dt=7.570e-04  relΔE=5.069e-06  ||F||=6.196e-02
 step= 33000  E=5.197260476315e+02  Q=1.094000000000e+03  λ=8.635880e-01  dt=1.172e-03  relΔE=7.634e-06  ||F||=6.095e-02
 step= 33500  E=5.177204399226e+02  Q=1.094000000000e+03  λ=8.596475e-01  dt=9.069e-04  relΔE=6.038e-06  ||F||=6.149e-02
 step= 34000  E=5.156673942136e+02  Q=1.094000000000e+03  λ=8.555653e-01  dt=1.404e-03  relΔE=9.472e-06  ||F||=6.188e-02
 step= 34500  E=5.136802202898e+02  Q=1.094000000000e+03  λ=8.515585e-01  dt=1.086e-03  relΔE=7.374e-06  ||F||=6.184e-02
 step= 35000  E=5.116194476474e+02  Q=1.094000000000e+03  λ=8.473533e-01  dt=8.409e-04  relΔE=5.710e-06  ||F||=6.174e-02
 step= 35500  E=5.096251872203e+02  Q=1.094000000000e+03  λ=8.432408e-01  dt=1.302e-03  relΔE=8.692e-06  ||F||=6.110e-02
 step= 36000  E=5.076810511058e+02  Q=1.094000000000e+03  λ=8.391812e-01  dt=1.007e-03  relΔE=6.570e-06  ||F||=6.026e-02
 step= 36500  E=5.057476130830e+02  Q=1.094000000000e+03  λ=8.350998e-01  dt=7.797e-04  relΔE=5.002e-06  ||F||=5.967e-02
 step= 37000  E=5.039697658973e+02  Q=1.094000000000e+03  λ=8.313111e-01  dt=1.207e-03  relΔE=7.241e-06  ||F||=5.759e-02
 step= 37500  E=5.022571419369e+02  Q=1.094000000000e+03  λ=8.276186e-01  dt=9.342e-04  relΔE=5.278e-06  ||F||=5.579e-02
 step= 38000  E=5.006237399596e+02  Q=1.094000000000e+03  λ=8.240677e-01  dt=1.446e-03  relΔE=7.413e-06  ||F||=1.071e-01
 step= 38500  E=4.992065054506e+02  Q=1.094000000000e+03  λ=8.209428e-01  dt=1.119e-03  relΔE=5.395e-06  ||F||=5.138e-02
 step= 39000  E=4.978492039510e+02  Q=1.094000000000e+03  λ=8.179222e-01  dt=8.662e-04  relΔE=3.783e-06  ||F||=4.884e-02
 step= 39500  E=4.966504357759e+02  Q=1.094000000000e+03  λ=8.152275e-01  dt=1.341e-03  relΔE=5.233e-06  ||F||=4.611e-02
 step= 40000  E=4.955978637515e+02  Q=1.094000000000e+03  λ=8.128306e-01  dt=1.038e-03  relΔE=3.586e-06  ||F||=4.334e-02
 step= 40500  E=4.946461319742e+02  Q=1.094000000000e+03  λ=8.106366e-01  dt=8.032e-04  relΔE=2.464e-06  ||F||=4.080e-02
 step= 41000  E=4.938457856709e+02  Q=1.094000000000e+03  λ=8.087691e-01  dt=1.243e-03  relΔE=3.245e-06  ||F||=3.760e-02
 step= 41500  E=4.931549155265e+02  Q=1.094000000000e+03  λ=8.071320e-01  dt=9.623e-04  relΔE=2.154e-06  ||F||=3.479e-02
 step= 42000  E=4.925448705126e+02  Q=1.094000000000e+03  λ=8.057391e-01  dt=6.206e-04  relΔE=4.912e-06  ||F||=4.009e-01
 step= 42500  E=4.920670686575e+02  Q=1.094000000000e+03  λ=8.044954e-01  dt=9.607e-04  relΔE=1.539e-06  ||F||=2.940e-02
 step= 43000  E=4.916353416331e+02  Q=1.094000000000e+03  λ=8.034228e-01  dt=7.435e-04  relΔE=1.400e-06  ||F||=9.538e-02
 step= 43500  E=4.912970266571e+02  Q=1.094000000000e+03  λ=8.025594e-01  dt=1.151e-03  relΔE=1.273e-06  ||F||=2.441e-02
 step= 44000  E=4.910102813862e+02  Q=1.094000000000e+03  λ=8.018134e-01  dt=7.423e-04  relΔE=6.782e-07  ||F||=2.218e-02
 step= 44500  E=4.907765162421e+02  Q=1.094000000000e+03  λ=8.011911e-01  dt=1.149e-03  relΔE=8.593e-07  ||F||=2.006e-02
 step= 45000  E=4.905834856025e+02  Q=1.094000000000e+03  λ=8.006625e-01  dt=7.411e-04  relΔE=4.525e-07  ||F||=1.812e-02
 step= 45500  E=4.904282363507e+02  Q=1.094000000000e+03  λ=8.002252e-01  dt=1.147e-03  relΔE=5.675e-07  ||F||=1.631e-02
 step= 46000  E=4.903013729195e+02  Q=1.094000000000e+03  λ=7.998557e-01  dt=7.399e-04  relΔE=2.962e-07  ||F||=1.467e-02
 step= 46500  E=4.902000123063e+02  Q=1.094000000000e+03  λ=7.995503e-01  dt=1.145e-03  relΔE=3.686e-07  ||F||=1.315e-02
 step= 47000  E=4.901167851815e+02  Q=1.094000000000e+03  λ=7.992893e-01  dt=8.865e-04  relΔE=2.281e-07  ||F||=1.175e-02
 step= 47500  E=4.900503278086e+02  Q=1.094000000000e+03  λ=7.990720e-01  dt=1.372e-03  relΔE=2.811e-07  ||F||=1.049e-02
 step= 48000  E=4.899988261599e+02  Q=1.094000000000e+03  λ=7.988955e-01  dt=1.062e-03  relΔE=1.740e-07  ||F||=9.374e-03
 step= 48500  E=4.899565516882e+02  Q=1.094000000000e+03  λ=7.987433e-01  dt=8.220e-04  relΔE=1.072e-07  ||F||=8.364e-03
 step= 49000  E=4.899235702762e+02  Q=1.094000000000e+03  λ=7.986181e-01  dt=1.272e-03  relΔE=1.310e-07  ||F||=7.429e-03
 step= 49500  E=4.898975633827e+02  Q=1.094000000000e+03  λ=7.985134e-01  dt=9.848e-04  relΔE=8.045e-08  ||F||=6.616e-03
 step= 50000  E=4.898763420355e+02  Q=1.094000000000e+03  λ=7.984225e-01  dt=7.622e-04  relΔE=5.104e-08  ||F||=5.992e-03
 step= 50500  E=4.898603532912e+02  Q=1.094000000000e+03  λ=7.983494e-01  dt=1.180e-03  relΔE=6.009e-08  ||F||=5.221e-03
 step= 51000  E=4.898473523751e+02  Q=1.094000000000e+03  λ=7.982857e-01  dt=9.131e-04  relΔE=3.664e-08  ||F||=4.633e-03
 step= 51500  E=4.898370056236e+02  Q=1.094000000000e+03  λ=7.982311e-01  dt=1.413e-03  relΔE=4.445e-08  ||F||=4.113e-03
 step= 52000  E=4.898292091101e+02  Q=1.094000000000e+03  λ=7.981866e-01  dt=1.094e-03  relΔE=2.724e-08  ||F||=3.646e-03
 step= 52500  E=4.898227750749e+02  Q=1.094000000000e+03  λ=7.981468e-01  dt=8.467e-04  relΔE=1.655e-08  ||F||=3.229e-03
 step= 53000  E=4.898178480989e+02  Q=1.094000000000e+03  λ=7.981136e-01  dt=1.311e-03  relΔE=2.008e-08  ||F||=2.857e-03
 step= 53500  E=4.898140027535e+02  Q=1.094000000000e+03  λ=7.980853e-01  dt=1.014e-03  relΔE=1.224e-08  ||F||=2.535e-03
 step= 54000  E=4.898108740336e+02  Q=1.094000000000e+03  λ=7.980601e-01  dt=7.851e-04  relΔE=7.674e-09  ||F||=2.281e-03
 step= 54500  E=4.898085230521e+02  Q=1.094000000000e+03  λ=7.980392e-01  dt=1.215e-03  relΔE=9.022e-09  ||F||=1.985e-03
 step= 55000  E=4.898066518832e+02  Q=1.094000000000e+03  λ=7.980209e-01  dt=9.406e-04  relΔE=5.491e-09  ||F||=1.759e-03
 step= 55500  E=4.898051346901e+02  Q=1.094000000000e+03  λ=7.980045e-01  dt=1.456e-03  relΔE=6.587e-09  ||F||=2.074e-03
 step= 56000  E=4.898040079550e+02  Q=1.094000000000e+03  λ=7.979910e-01  dt=1.127e-03  relΔE=4.051e-09  ||F||=1.377e-03
 step= 56500  E=4.898030897160e+02  Q=1.094000000000e+03  λ=7.979788e-01  dt=8.722e-04  relΔE=2.459e-09  ||F||=1.218e-03
 step= 57000  E=4.898023738612e+02  Q=1.094000000000e+03  λ=7.979682e-01  dt=1.350e-03  relΔE=2.985e-09  ||F||=1.077e-03
 step= 57500  E=4.898018185725e+02  Q=1.094000000000e+03  λ=7.979591e-01  dt=1.045e-03  relΔE=1.820e-09  ||F||=9.542e-04
 step= 58000  E=4.898013703491e+02  Q=1.094000000000e+03  λ=7.979508e-01  dt=8.087e-04  relΔE=1.110e-09  ||F||=8.455e-04
 step= 58500  E=4.898010271736e+02  Q=1.094000000000e+03  λ=7.979438e-01  dt=1.252e-03  relΔE=1.345e-09  ||F||=7.464e-04
 step= 59000  E=4.898007563758e+02  Q=1.094000000000e+03  λ=7.979376e-01  dt=9.689e-04  relΔE=8.209e-10  ||F||=6.611e-04
 step= 59500  E=4.898005360791e+02  Q=1.094000000000e+03  λ=7.979319e-01  dt=7.499e-04  relΔE=5.540e-10  ||F||=6.192e-04
 step= 60000  E=4.898003717351e+02  Q=1.094000000000e+03  λ=7.979272e-01  dt=1.161e-03  relΔE=6.104e-10  ||F||=5.176e-04
 step= 60500  E=4.898002374088e+02  Q=1.094000000000e+03  λ=7.979229e-01  dt=8.984e-04  relΔE=3.727e-10  ||F||=4.580e-04
 step= 61000  E=4.898001307258e+02  Q=1.094000000000e+03  λ=7.979191e-01  dt=1.391e-03  relΔE=4.538e-10  ||F||=4.056e-04
 step= 61500  E=4.898000494540e+02  Q=1.094000000000e+03  λ=7.979158e-01  dt=1.076e-03  relΔE=2.794e-10  ||F||=3.591e-04
 step= 62000  E=4.897999822830e+02  Q=1.094000000000e+03  λ=7.979128e-01  dt=8.330e-04  relΔE=1.715e-10  ||F||=3.181e-04
 step= 62500  E=4.897999303467e+02  Q=1.094000000000e+03  λ=7.979102e-01  dt=1.289e-03  relΔE=2.099e-10  ||F||=2.810e-04
 step= 63000  E=4.897998892932e+02  Q=1.094000000000e+03  λ=7.979079e-01  dt=9.980e-04  relΔE=1.295e-10  ||F||=2.492e-04
 step= 63500  E=4.897998555834e+02  Q=1.094000000000e+03  λ=7.979058e-01  dt=7.724e-04  relΔE=8.110e-11  ||F||=2.228e-04
 step= 64000  E=4.897998297112e+02  Q=1.094000000000e+03  λ=7.979040e-01  dt=1.196e-03  relΔE=9.866e-11  ||F||=1.954e-04
 step= 64500  E=4.897998086894e+02  Q=1.094000000000e+03  λ=7.979024e-01  dt=9.254e-04  relΔE=6.120e-11  ||F||=1.733e-04
 step= 65000  E=4.897997913784e+02  Q=1.094000000000e+03  λ=7.979009e-01  dt=1.432e-03  relΔE=7.554e-11  ||F||=1.645e-04
 step= 65500  E=4.897997782203e+02  Q=1.094000000000e+03  λ=7.978996e-01  dt=1.109e-03  relΔE=4.742e-11  ||F||=1.361e-04
 step= 66000  E=4.897997670862e+02  Q=1.094000000000e+03  λ=7.978985e-01  dt=8.581e-04  relΔE=2.961e-11  ||F||=1.206e-04
 step= 66500  E=4.897997585713e+02  Q=1.094000000000e+03  λ=7.978975e-01  dt=1.107e-03  relΔE=3.115e-11  ||F||=1.073e-04
 step= 67000  E=4.897997512045e+02  Q=1.094000000000e+03  λ=7.978966e-01  dt=8.567e-04  relΔE=1.961e-11  ||F||=9.525e-05
 step= 67500  E=4.897997455552e+02  Q=1.094000000000e+03  λ=7.978958e-01  dt=1.105e-03  relΔE=2.074e-11  ||F||=8.470e-05
 step= 68000  E=4.897997406302e+02  Q=1.094000000000e+03  λ=7.978951e-01  dt=8.553e-04  relΔE=1.314e-11  ||F||=7.511e-05
 step= 68500  E=4.897997366741e+02  Q=1.094000000000e+03  λ=7.978944e-01  dt=1.324e-03  relΔE=1.671e-11  ||F||=6.659e-05
 step= 69000  E=4.897997334294e+02  Q=1.094000000000e+03  λ=7.978939e-01  dt=1.025e-03  relΔE=1.071e-11  ||F||=5.918e-05
 step= 69500  E=4.897997306664e+02  Q=1.094000000000e+03  λ=7.978934e-01  dt=7.931e-04  relΔE=6.878e-12  ||F||=5.257e-05
 step= 70000  E=4.897997284416e+02  Q=1.094000000000e+03  λ=7.978929e-01  dt=1.228e-03  relΔE=8.874e-12  ||F||=4.664e-05
 step= 70500  E=4.897997265665e+02  Q=1.094000000000e+03  λ=7.978925e-01  dt=9.502e-04  relΔE=5.760e-12  ||F||=4.147e-05
 step= 71000  E=4.897997249399e+02  Q=1.094000000000e+03  λ=7.978921e-01  dt=1.471e-03  relΔE=5.557e-12  ||F||=3.303e-04
 step= 71500  E=4.897997236495e+02  Q=1.094000000000e+03  λ=7.978918e-01  dt=1.138e-03  relΔE=4.915e-12  ||F||=3.278e-05
 step= 72000  E=4.897997225056e+02  Q=1.094000000000e+03  λ=7.978915e-01  dt=8.810e-04  relΔE=3.229e-12  ||F||=2.916e-05
 step= 72500  E=4.897997215375e+02  Q=1.094000000000e+03  λ=7.978913e-01  dt=1.364e-03  relΔE=4.258e-12  ||F||=2.589e-05
 step= 73000  E=4.897997207272e+02  Q=1.094000000000e+03  λ=7.978910e-01  dt=1.056e-03  relΔE=2.831e-12  ||F||=2.308e-05
 step= 73500  E=4.897997200098e+02  Q=1.094000000000e+03  λ=7.978908e-01  dt=8.169e-04  relΔE=1.895e-12  ||F||=2.074e-05
 step= 74000  E=4.897997194047e+02  Q=1.094000000000e+03  λ=7.978907e-01  dt=1.265e-03  relΔE=2.518e-12  ||F||=1.828e-05
 step= 74500  E=4.897997188828e+02  Q=1.094000000000e+03  λ=7.978905e-01  dt=9.787e-04  relΔE=1.693e-12  ||F||=1.630e-05
 step= 75000  E=4.897997184141e+02  Q=1.094000000000e+03  λ=7.978903e-01  dt=7.575e-04  relΔE=1.187e-12  ||F||=1.570e-05
 step= 75500  E=4.897997180240e+02  Q=1.094000000000e+03  λ=7.978902e-01  dt=1.173e-03  relΔE=1.541e-12  ||F||=1.295e-05
 step= 76000  E=4.897997176740e+02  Q=1.094000000000e+03  λ=7.978901e-01  dt=9.075e-04  relΔE=1.045e-12  ||F||=1.157e-05
 step= 76500  E=4.897997173623e+02  Q=1.094000000000e+03  λ=7.978900e-01  dt=1.405e-03  relΔE=1.417e-12  ||F||=1.045e-05
 step= 77000  E=4.897997170995e+02  Q=1.094000000000e+03  λ=7.978899e-01  dt=1.087e-03  relΔE=9.692e-13  ||F||=9.197e-06
 step= 77500  E=4.897997168584e+02  Q=1.094000000000e+03  λ=7.978898e-01  dt=8.415e-04  relΔE=6.620e-13  ||F||=8.248e-06
 step= 78000  E=4.897997166492e+02  Q=1.094000000000e+03  λ=7.978897e-01  dt=1.303e-03  relΔE=9.052e-13  ||F||=7.322e-06
 step= 78500  E=4.897997164651e+02  Q=1.094000000000e+03  λ=7.978897e-01  dt=1.008e-03  relΔE=6.230e-13  ||F||=6.550e-06
 step= 79000  E=4.897997162967e+02  Q=1.094000000000e+03  λ=7.978896e-01  dt=7.803e-04  relΔE=4.297e-13  ||F||=6.008e-06
 step= 79500  E=4.897997161524e+02  Q=1.094000000000e+03  λ=7.978896e-01  dt=1.208e-03  relΔE=5.896e-13  ||F||=5.230e-06
 step= 80000  E=4.897997160220e+02  Q=1.094000000000e+03  λ=7.978895e-01  dt=9.348e-04  relΔE=4.069e-13  ||F||=4.681e-06
 step= 80500  E=4.897997159025e+02  Q=1.094000000000e+03  λ=7.978895e-01  dt=1.447e-03  relΔE=5.499e-13  ||F||=2.600e-05
 step= 81000  E=4.897997158017e+02  Q=1.094000000000e+03  λ=7.978894e-01  dt=1.120e-03  relΔE=3.889e-13  ||F||=3.749e-06
 step= 81500  E=4.897997157074e+02  Q=1.094000000000e+03  λ=7.978894e-01  dt=8.668e-04  relΔE=2.697e-13  ||F||=3.407e-06
 step= 82000  E=4.897997156238e+02  Q=1.094000000000e+03  λ=7.978894e-01  dt=1.342e-03  relΔE=3.727e-13  ||F||=3.002e-06
 step= 82500  E=4.897997155503e+02  Q=1.094000000000e+03  λ=7.978893e-01  dt=1.038e-03  relΔE=2.597e-13  ||F||=2.695e-06
 step= 83000  E=4.897997154822e+02  Q=1.094000000000e+03  λ=7.978893e-01  dt=8.038e-04  relΔE=1.803e-13  ||F||=2.486e-06
 step= 83500  E=4.897997154227e+02  Q=1.094000000000e+03  λ=7.978893e-01  dt=1.244e-03  relΔE=2.501e-13  ||F||=2.164e-06
 step= 84000  E=4.897997153691e+02  Q=1.094000000000e+03  λ=7.978893e-01  dt=9.629e-04  relΔE=1.740e-13  ||F||=1.943e-06
 step= 84500  E=4.897997153193e+02  Q=1.094000000000e+03  λ=7.978892e-01  dt=7.453e-04  relΔE=1.307e-13  ||F||=3.279e-06
 step= 85000  E=4.897997152768e+02  Q=1.094000000000e+03  λ=7.978892e-01  dt=1.154e-03  relΔE=1.689e-13  ||F||=1.565e-06
 step= 85500  E=4.897997152372e+02  Q=1.094000000000e+03  λ=7.978892e-01  dt=8.929e-04  relΔE=1.177e-13  ||F||=1.438e-06
 step= 86000  E=4.897997152015e+02  Q=1.094000000000e+03  λ=7.978892e-01  dt=1.382e-03  relΔE=1.640e-13  ||F||=1.265e-06
 step= 86500  E=4.897997151703e+02  Q=1.094000000000e+03  λ=7.978892e-01  dt=1.070e-03  relΔE=1.144e-13  ||F||=1.136e-06
 step= 87000  E=4.897997151412e+02  Q=1.094000000000e+03  λ=7.978892e-01  dt=8.279e-04  relΔE=7.985e-14  ||F||=1.035e-06
 step= 87500  E=4.897997151154e+02  Q=1.094000000000e+03  λ=7.978892e-01  dt=1.282e-03  relΔE=1.113e-13  ||F||=9.166e-07
 step= 88000  E=4.897997150924e+02  Q=1.094000000000e+03  λ=7.978892e-01  dt=9.919e-04  relΔE=7.776e-14  ||F||=8.258e-07
 step= 88500  E=4.897997150708e+02  Q=1.094000000000e+03  λ=7.978892e-01  dt=7.677e-04  relΔE=5.571e-14  ||F||=1.327e-06
 step= 89000  E=4.897997150522e+02  Q=1.094000000000e+03  λ=7.978891e-01  dt=1.188e-03  relΔE=7.613e-14  ||F||=6.684e-07
 step= 89500  E=4.897997150351e+02  Q=1.094000000000e+03  λ=7.978891e-01  dt=9.198e-04  relΔE=5.304e-14  ||F||=6.074e-07
 step= 90000  E=4.897997150193e+02  Q=1.094000000000e+03  λ=7.978891e-01  dt=1.424e-03  relΔE=7.416e-14  ||F||=2.350e-06
 step= 90500  E=4.897997150057e+02  Q=1.094000000000e+03  λ=7.978891e-01  dt=1.102e-03  relΔE=5.188e-14  ||F||=4.889e-07
 step= 91000  E=4.897997149929e+02  Q=1.094000000000e+03  λ=7.978891e-01  dt=8.528e-04  relΔE=3.586e-14  ||F||=4.705e-07
 step= 91500  E=4.897997149815e+02  Q=1.094000000000e+03  λ=7.978891e-01  dt=1.320e-03  relΔE=5.060e-14  ||F||=3.963e-07
 step= 92000  E=4.897997149713e+02  Q=1.094000000000e+03  λ=7.978891e-01  dt=1.022e-03  relΔE=3.540e-14  ||F||=3.583e-07
 step= 92500  E=4.897997149619e+02  Q=1.094000000000e+03  λ=7.978891e-01  dt=7.908e-04  relΔE=2.495e-14  ||F||=3.314e-07
 step= 93000  E=4.897997149536e+02  Q=1.094000000000e+03  λ=7.978891e-01  dt=1.224e-03  relΔE=3.516e-14  ||F||=2.910e-07
 step= 93500  E=4.897997149461e+02  Q=1.094000000000e+03  λ=7.978891e-01  dt=7.895e-04  relΔE=2.008e-14  ||F||=2.633e-07
 step= 94000  E=4.897997149393e+02  Q=1.094000000000e+03  λ=7.978891e-01  dt=1.222e-03  relΔE=2.832e-14  ||F||=2.378e-07
 step= 94500  E=4.897997149331e+02  Q=1.094000000000e+03  λ=7.978891e-01  dt=9.459e-04  relΔE=1.996e-14  ||F||=2.149e-07
 step= 95000  E=4.897997149273e+02  Q=1.094000000000e+03  λ=7.978891e-01  dt=1.464e-03  relΔE=1.358e-14  ||F||=3.875e-05
 step= 95500  E=4.897997149224e+02  Q=1.094000000000e+03  λ=7.978891e-01  dt=1.133e-03  relΔE=1.950e-14  ||F||=1.753e-07
 step= 96000  E=4.897997149177e+02  Q=1.094000000000e+03  λ=7.978891e-01  dt=8.771e-04  relΔE=1.323e-14  ||F||=1.686e-07
 step= 96500  E=4.897997149135e+02  Q=1.094000000000e+03  λ=7.978891e-01  dt=1.358e-03  relΔE=1.915e-14  ||F||=1.429e-07
 step= 97000  E=4.897997149098e+02  Q=1.094000000000e+03  λ=7.978891e-01  dt=1.051e-03  relΔE=1.358e-14  ||F||=1.296e-07
 step= 97500  E=4.897997149063e+02  Q=1.094000000000e+03  λ=7.978891e-01  dt=8.133e-04  relΔE=9.516e-15  ||F||=1.172e-07
 step= 98000  E=4.897997149032e+02  Q=1.094000000000e+03  λ=7.978891e-01  dt=1.259e-03  relΔE=1.300e-14  ||F||=1.056e-07
 step= 98500  E=4.897997149005e+02  Q=1.094000000000e+03  λ=7.978891e-01  dt=9.743e-04  relΔE=9.168e-15  ||F||=9.567e-08
 step= 99000  E=4.897997148979e+02  Q=1.094000000000e+03  λ=7.978891e-01  dt=7.541e-04  relΔE=6.615e-15  ||F||=4.615e-07
 step= 99500  E=4.897997148956e+02  Q=1.094000000000e+03  λ=7.978891e-01  dt=1.167e-03  relΔE=8.704e-15  ||F||=7.828e-08
 step=100000  E=4.897997148936e+02  Q=1.094000000000e+03  λ=7.978891e-01  dt=9.034e-04  relΔE=6.615e-15  ||F||=7.578e-08
 step=100500  E=4.897997148916e+02  Q=1.094000000000e+03  λ=7.978891e-01  dt=1.398e-03  relΔE=8.936e-15  ||F||=1.092e-07
 step=101000  E=4.897997148900e+02  Q=1.094000000000e+03  λ=7.978891e-01  dt=1.082e-03  relΔE=6.383e-15  ||F||=5.828e-08
 step=101500  E=4.897997148884e+02  Q=1.094000000000e+03  λ=7.978891e-01  dt=8.377e-04  relΔE=4.526e-15  ||F||=5.300e-08
 Converged (aggressive): step=101756, E=4.897997148877e+02, Q=1.094000000000e+03, dt=1.042e-03, ||F||=4.999e-08

Stationary candidate (aggressive): E=4.897997148877e+02, Q=1.094000000000e+03, maxρ=8.001232e-01

=== Stability test (damped inertial dynamics) ===
Perturb eps=0.02, gamma=1
t=0: E=5.433481748756e+02, Q=1.094000000000e+03, maxρ=8.254663e-01, σ=2.619443e+00, Rc=1.837669e+01
 step=     1  E=5.433479054571e+02  Q=1.094000000000e+03  λ=1.185050e+00  maxρ=8.254663e-01  minρ=7.441e-14  σ=2.619443e+00  Rc=1.837669e+01
 step=   300  E=5.323016327654e+02  Q=1.094000000000e+03  λ=1.081867e+00  maxρ=8.240658e-01  minρ=7.481e-14  σ=2.619440e+00  Rc=1.837669e+01
 step=   600  E=5.100897987349e+02  Q=1.094000000000e+03  λ=8.950671e-01  maxρ=8.201172e-01  minρ=7.473e-14  σ=2.619435e+00  Rc=1.837670e+01
 step=   900  E=4.970986373087e+02  Q=1.094000000000e+03  λ=8.356354e-01  maxρ=8.142769e-01  minρ=7.370e-14  σ=2.619433e+00  Rc=1.837670e+01
 step=  1200  E=5.020637851438e+02  Q=1.094000000000e+03  λ=9.434553e-01  maxρ=8.116906e-01  minρ=7.279e-14  σ=2.619436e+00  Rc=1.837669e+01
 step=  1500  E=5.153954116075e+02  Q=1.094000000000e+03  λ=1.060286e+00  maxρ=8.165885e-01  minρ=7.232e-14  σ=2.619437e+00  Rc=1.837669e+01
 step=  1800  E=5.222038517623e+02  Q=1.094000000000e+03  λ=1.046171e+00  maxρ=8.192015e-01  minρ=7.175e-14  σ=2.619435e+00  Rc=1.837669e+01
 step=  2100  E=5.182021074840e+02  Q=1.094000000000e+03  λ=9.444901e-01  maxρ=8.150303e-01  minρ=7.040e-14  σ=2.619431e+00  Rc=1.837669e+01
 step=  2400  E=5.111617565862e+02  Q=1.094000000000e+03  λ=8.975000e-01  maxρ=8.070362e-01  minρ=6.796e-14  σ=2.619432e+00  Rc=1.837669e+01
 step=  2700  E=5.094231509353e+02  Q=1.094000000000e+03  λ=9.525224e-01  maxρ=8.110255e-01  minρ=6.792e-14  σ=2.619435e+00  Rc=1.837669e+01
 step=  3000  E=5.128258000383e+02  Q=1.094000000000e+03  λ=1.018723e+00  maxρ=8.212133e-01  minρ=6.887e-14  σ=2.619436e+00  Rc=1.837669e+01
 step=  3300  E=5.154067160106e+02  Q=1.094000000000e+03  λ=1.006278e+00  maxρ=8.233224e-01  minρ=6.827e-14  σ=2.619432e+00  Rc=1.837669e+01
 step=  3600  E=5.138542768393e+02  Q=1.094000000000e+03  λ=9.413040e-01  maxρ=8.176291e-01  minρ=6.550e-14  σ=2.619428e+00  Rc=1.837669e+01
 step=  3900  E=5.106062977981e+02  Q=1.094000000000e+03  λ=9.124112e-01  maxρ=8.176341e-01  minρ=6.053e-14  σ=2.619428e+00  Rc=1.837669e+01
 step=  4200  E=5.094172009978e+02  Q=1.094000000000e+03  λ=9.453813e-01  maxρ=8.147926e-01  minρ=5.820e-14  σ=2.619431e+00  Rc=1.837668e+01
 step=  4500  E=5.105898506028e+02  Q=1.094000000000e+03  λ=9.810916e-01  maxρ=8.129539e-01  minρ=5.933e-14  σ=2.619432e+00  Rc=1.837668e+01
 step=  4800  E=5.116268634092e+02  Q=1.094000000000e+03  λ=9.684591e-01  maxρ=8.160749e-01  minρ=5.287e-14  σ=2.619428e+00  Rc=1.837668e+01
 step=  5100  E=5.110393348054e+02  Q=1.094000000000e+03  λ=9.304873e-01  maxρ=8.170884e-01  minρ=4.990e-14  σ=2.619423e+00  Rc=1.837668e+01
 step=  5400  E=5.098002392375e+02  Q=1.094000000000e+03  λ=9.203189e-01  maxρ=8.161265e-01  minρ=5.175e-14  σ=2.619422e+00  Rc=1.837668e+01
 step=  5700  E=5.093240518057e+02  Q=1.094000000000e+03  λ=9.445172e-01  maxρ=8.133395e-01  minρ=5.354e-14  σ=2.619423e+00  Rc=1.837667e+01
 step=  6000  E=5.095308279666e+02  Q=1.094000000000e+03  λ=9.620923e-01  maxρ=8.115630e-01  minρ=4.286e-14  σ=2.619424e+00  Rc=1.837667e+01
 >>> No runaway detected in this horizon. Likely stable (within this model & box).

STABILITY: PASS
