
=== Aggressive relaxation to Q = 1939 ===
Initial: E=1.440307020700e+03, Q=1.939000000000e+03, dt=1.000e-04
 step=     1  E=1.440227764162e+03  Q=1.939000000000e+03  λ=1.649111e+00  dt=1.000e-04  relΔE=5.503e-05  ||F||=6.399e-01
 step=   500  E=1.363518970385e+03  Q=1.939000000000e+03  λ=1.508804e+00  dt=6.192e-04  relΔE=1.707e-04  ||F||=4.828e-01
 step=  1000  E=1.241650866672e+03  Q=1.939000000000e+03  λ=1.290982e+00  dt=9.584e-04  relΔE=1.031e-04  ||F||=2.878e-01
 step=  1500  E=1.182943001165e+03  Q=1.939000000000e+03  λ=1.194538e+00  dt=6.182e-04  relΔE=1.504e-04  ||F||=2.646e+00
 step=  2000  E=1.149289405660e+03  Q=1.939000000000e+03  λ=1.137335e+00  dt=9.569e-04  relΔE=4.279e-05  ||F||=1.784e-01
 step=  2500  E=1.122436043804e+03  Q=1.939000000000e+03  λ=1.096810e+00  dt=1.481e-03  relΔE=4.570e-05  ||F||=6.234e-01
 step=  3000  E=1.102491654130e+03  Q=1.939000000000e+03  λ=1.067898e+00  dt=1.146e-03  relΔE=3.310e-05  ||F||=1.404e-01
 step=  3500  E=1.085510524090e+03  Q=1.939000000000e+03  λ=1.044413e+00  dt=8.873e-04  relΔE=2.189e-05  ||F||=1.288e-01
 step=  4000  E=1.070979174742e+03  Q=1.939000000000e+03  λ=1.025024e+00  dt=1.373e-03  relΔE=2.944e-05  ||F||=1.192e-01
 step=  4500  E=1.058653628064e+03  Q=1.939000000000e+03  λ=1.009016e+00  dt=1.063e-03  relΔE=2.014e-05  ||F||=1.114e-01
 step=  5000  E=1.047591742704e+03  Q=1.939000000000e+03  λ=9.949879e-01  dt=8.227e-04  relΔE=1.393e-05  ||F||=1.048e-01
 step=  5500  E=1.038334321937e+03  Q=1.939000000000e+03  λ=9.834883e-01  dt=1.061e-03  relΔE=1.616e-05  ||F||=9.893e-02
 step=  6000  E=1.029301715457e+03  Q=1.939000000000e+03  λ=9.724499e-01  dt=8.214e-04  relΔE=1.141e-05  ||F||=9.411e-02
 step=  6500  E=1.021568552708e+03  Q=1.939000000000e+03  λ=9.631542e-01  dt=1.271e-03  relΔE=1.587e-05  ||F||=8.884e-02
 step=  7000  E=1.014604009902e+03  Q=1.939000000000e+03  λ=9.548805e-01  dt=9.841e-04  relΔE=1.124e-05  ||F||=8.470e-02
 step=  7500  E=1.008311633572e+03  Q=1.939000000000e+03  λ=9.474989e-01  dt=1.269e-03  relΔE=1.333e-05  ||F||=8.097e-02
 step=  8000  E=1.002333782371e+03  Q=1.939000000000e+03  λ=9.405531e-01  dt=9.825e-04  relΔE=9.500e-06  ||F||=7.746e-02
 step=  8500  E=9.968318393133e+02  Q=1.939000000000e+03  λ=9.342233e-01  dt=7.604e-04  relΔE=7.018e-06  ||F||=7.550e-02
 step=  9000  E=9.919660118268e+02  Q=1.939000000000e+03  λ=9.286801e-01  dt=1.177e-03  relΔE=9.778e-06  ||F||=7.142e-02
 step=  9500  E=9.873256093730e+02  Q=1.939000000000e+03  λ=9.234347e-01  dt=1.518e-03  relΔE=1.174e-05  ||F||=7.186e-02
 step= 10000  E=9.830994891067e+02  Q=1.939000000000e+03  λ=9.186867e-01  dt=1.175e-03  relΔE=8.500e-06  ||F||=6.634e-02
 step= 10500  E=9.791157634248e+02  Q=1.939000000000e+03  λ=9.142425e-01  dt=9.095e-04  relΔE=6.168e-06  ||F||=6.411e-02
 step= 11000  E=9.753134863079e+02  Q=1.939000000000e+03  λ=9.100336e-01  dt=1.408e-03  relΔE=8.958e-06  ||F||=6.198e-02
 step= 11500  E=9.718746337223e+02  Q=1.939000000000e+03  λ=9.062445e-01  dt=1.090e-03  relΔE=6.540e-06  ||F||=6.009e-02
 step= 12000  E=9.685310305146e+02  Q=1.939000000000e+03  λ=9.025818e-01  dt=8.433e-04  relΔE=4.800e-06  ||F||=5.841e-02
 step= 12500  E=9.654402246573e+02  Q=1.939000000000e+03  λ=8.992183e-01  dt=1.305e-03  relΔE=7.005e-06  ||F||=5.662e-02
 step= 13000  E=9.625233828041e+02  Q=1.939000000000e+03  λ=8.960561e-01  dt=1.010e-03  relΔE=5.150e-06  ||F||=5.510e-02
 step= 13500  E=9.596883068678e+02  Q=1.939000000000e+03  λ=8.929979e-01  dt=7.820e-04  relΔE=3.860e-06  ||F||=5.417e-02
 step= 14000  E=9.570895479558e+02  Q=1.939000000000e+03  λ=8.902108e-01  dt=1.210e-03  relΔE=5.601e-06  ||F||=5.235e-02
 step= 14500  E=9.545738698562e+02  Q=1.939000000000e+03  λ=8.875212e-01  dt=9.369e-04  relΔE=4.147e-06  ||F||=5.114e-02
 step= 15000  E=9.521048828458e+02  Q=1.939000000000e+03  λ=8.848983e-01  dt=1.450e-03  relΔE=6.073e-06  ||F||=8.251e-02
 step= 15500  E=9.498706629530e+02  Q=1.939000000000e+03  λ=8.825273e-01  dt=1.122e-03  relΔE=4.577e-06  ||F||=4.896e-02
 step= 16000  E=9.476321762688e+02  Q=1.939000000000e+03  λ=8.801632e-01  dt=8.687e-04  relΔE=3.416e-06  ||F||=4.803e-02
 step= 16500  E=9.455002401004e+02  Q=1.939000000000e+03  λ=8.779228e-01  dt=1.345e-03  relΔE=5.100e-06  ||F||=4.711e-02
 step= 17000  E=9.434665734058e+02  Q=1.939000000000e+03  λ=8.757902e-01  dt=1.041e-03  relΔE=3.824e-06  ||F||=4.632e-02
 step= 17500  E=9.414510781943e+02  Q=1.939000000000e+03  λ=8.736841e-01  dt=8.055e-04  relΔE=2.902e-06  ||F||=4.582e-02
 step= 18000  E=9.395389037151e+02  Q=1.939000000000e+03  λ=8.716944e-01  dt=1.247e-03  relΔE=4.329e-06  ||F||=4.493e-02
 step= 18500  E=9.376719821451e+02  Q=1.939000000000e+03  λ=8.697550e-01  dt=9.650e-04  relΔE=3.272e-06  ||F||=4.436e-02
 step= 19000  E=9.357938110719e+02  Q=1.939000000000e+03  λ=8.678096e-01  dt=7.469e-04  relΔE=2.758e-06  ||F||=4.666e-02
 step= 19500  E=9.340535605269e+02  Q=1.939000000000e+03  λ=8.660128e-01  dt=1.156e-03  relΔE=3.766e-06  ||F||=4.339e-02
 step= 20000  E=9.322812614469e+02  Q=1.939000000000e+03  λ=8.641849e-01  dt=8.948e-04  relΔE=2.873e-06  ||F||=4.304e-02
 step= 20500  E=9.305272249797e+02  Q=1.939000000000e+03  λ=8.623814e-01  dt=1.385e-03  relΔE=4.385e-06  ||F||=4.321e-02
 step= 21000  E=9.288619445868e+02  Q=1.939000000000e+03  λ=8.606691e-01  dt=1.072e-03  relΔE=3.364e-06  ||F||=4.247e-02
 step= 21500  E=9.271370293417e+02  Q=1.939000000000e+03  λ=8.588977e-01  dt=8.297e-04  relΔE=2.608e-06  ||F||=4.247e-02
 step= 22000  E=9.254653855700e+02  Q=1.939000000000e+03  λ=8.571841e-01  dt=1.284e-03  relΔE=3.994e-06  ||F||=4.220e-02
 step= 22500  E=9.238118853159e+02  Q=1.939000000000e+03  λ=8.554872e-01  dt=9.941e-04  relΔE=3.094e-06  ||F||=4.218e-02
 step= 23000  E=9.220897807443e+02  Q=1.939000000000e+03  λ=8.537197e-01  dt=7.694e-04  relΔE=2.510e-06  ||F||=4.318e-02
 step= 23500  E=9.204398234023e+02  Q=1.939000000000e+03  λ=8.520267e-01  dt=1.191e-03  relΔE=3.750e-06  ||F||=4.235e-02
 step= 24000  E=9.187505451109e+02  Q=1.939000000000e+03  λ=8.502892e-01  dt=9.218e-04  relΔE=2.937e-06  ||F||=4.256e-02
 step= 24500  E=9.169939317476e+02  Q=1.939000000000e+03  λ=8.484815e-01  dt=1.427e-03  relΔE=4.615e-06  ||F||=4.292e-02
 step= 25000  E=9.152903018981e+02  Q=1.939000000000e+03  λ=8.467218e-01  dt=1.104e-03  relΔE=3.638e-06  ||F||=4.320e-02
 step= 25500  E=9.134876342838e+02  Q=1.939000000000e+03  λ=8.448549e-01  dt=8.547e-04  relΔE=2.889e-06  ||F||=4.372e-02
 step= 26000  E=9.116788838168e+02  Q=1.939000000000e+03  λ=8.429777e-01  dt=1.323e-03  relΔE=4.579e-06  ||F||=4.419e-02
 step= 26500  E=9.098210989058e+02  Q=1.939000000000e+03  λ=8.410399e-01  dt=1.024e-03  relΔE=3.652e-06  ||F||=4.482e-02
 step= 27000  E=9.078664739491e+02  Q=1.939000000000e+03  λ=8.389929e-01  dt=7.925e-04  relΔE=2.985e-06  ||F||=4.601e-02
 step= 27500  E=9.059044587378e+02  Q=1.939000000000e+03  λ=8.369310e-01  dt=1.227e-03  relΔE=4.698e-06  ||F||=4.634e-02
 step= 28000  E=9.038454638336e+02  Q=1.939000000000e+03  λ=8.347544e-01  dt=9.495e-04  relΔE=3.789e-06  ||F||=4.725e-02
 step= 28500  E=9.016424504226e+02  Q=1.939000000000e+03  λ=8.324600e-01  dt=1.470e-03  relΔE=4.143e-06  ||F||=3.170e-01
 step= 29000  E=8.994633003519e+02  Q=1.939000000000e+03  λ=8.300901e-01  dt=1.138e-03  relΔE=4.968e-06  ||F||=4.931e-02
 step= 29500  E=8.971006120421e+02  Q=1.939000000000e+03  λ=8.275549e-01  dt=8.804e-04  relΔE=4.045e-06  ||F||=5.051e-02
 step= 30000  E=8.946205510115e+02  Q=1.939000000000e+03  λ=8.248843e-01  dt=1.363e-03  relΔE=6.587e-06  ||F||=5.174e-02
 step= 30500  E=8.920779473449e+02  Q=1.939000000000e+03  λ=8.221304e-01  dt=1.055e-03  relΔE=5.371e-06  ||F||=5.302e-02
 step= 31000  E=8.893227070821e+02  Q=1.939000000000e+03  λ=8.191342e-01  dt=8.164e-04  relΔE=4.409e-06  ||F||=5.452e-02
 step= 31500  E=8.864797290871e+02  Q=1.939000000000e+03  λ=8.160355e-01  dt=1.264e-03  relΔE=7.168e-06  ||F||=5.579e-02
 step= 32000  E=8.834895758775e+02  Q=1.939000000000e+03  λ=8.127633e-01  dt=9.780e-04  relΔE=5.850e-06  ||F||=5.719e-02
 step= 32500  E=8.802573803829e+02  Q=1.939000000000e+03  λ=8.092199e-01  dt=7.570e-04  relΔE=5.022e-06  ||F||=6.017e-02
 step= 33000  E=8.770342229614e+02  Q=1.939000000000e+03  λ=8.056868e-01  dt=1.172e-03  relΔE=7.743e-06  ||F||=5.989e-02
 step= 33500  E=8.735608852772e+02  Q=1.939000000000e+03  λ=8.018757e-01  dt=9.069e-04  relΔE=6.271e-06  ||F||=6.114e-02
 step= 34000  E=8.699169885316e+02  Q=1.939000000000e+03  λ=7.978883e-01  dt=1.404e-03  relΔE=1.009e-05  ||F||=6.231e-02
 step= 34500  E=8.662986186923e+02  Q=1.939000000000e+03  λ=7.939339e-01  dt=1.086e-03  relΔE=8.065e-06  ||F||=6.309e-02
 step= 35000  E=8.624449436165e+02  Q=1.939000000000e+03  λ=7.897397e-01  dt=8.409e-04  relΔE=6.417e-06  ||F||=6.382e-02
 step= 35500  E=8.586060969709e+02  Q=1.939000000000e+03  λ=7.855895e-01  dt=1.302e-03  relΔE=1.006e-05  ||F||=6.407e-02
 step= 36000  E=8.547688485495e+02  Q=1.939000000000e+03  λ=7.814639e-01  dt=1.007e-03  relΔE=7.820e-06  ||F||=6.408e-02
 step= 36500  E=8.508396580572e+02  Q=1.939000000000e+03  λ=7.772755e-01  dt=7.797e-04  relΔE=6.160e-06  ||F||=6.452e-02
 step= 37000  E=8.471257699798e+02  Q=1.939000000000e+03  λ=7.733594e-01  dt=1.207e-03  relΔE=9.118e-06  ||F||=6.293e-02
 step= 37500  E=8.434580583391e+02  Q=1.939000000000e+03  λ=7.695304e-01  dt=9.342e-04  relΔE=6.827e-06  ||F||=6.177e-02
 step= 38000  E=8.398644101077e+02  Q=1.939000000000e+03  λ=7.658328e-01  dt=1.446e-03  relΔE=1.002e-05  ||F||=7.595e-02
 step= 38500  E=8.366668420554e+02  Q=1.939000000000e+03  λ=7.625829e-01  dt=1.119e-03  relΔE=7.331e-06  ||F||=5.824e-02
 step= 39000  E=8.335385517803e+02  Q=1.939000000000e+03  λ=7.594548e-01  dt=8.662e-04  relΔE=5.258e-06  ||F||=5.596e-02
 step= 39500  E=8.307238909080e+02  Q=1.939000000000e+03  λ=7.566934e-01  dt=1.341e-03  relΔE=7.413e-06  ||F||=5.332e-02
 step= 40000  E=8.282124832262e+02  Q=1.939000000000e+03  λ=7.542739e-01  dt=1.038e-03  relΔE=5.170e-06  ||F||=5.053e-02
 step= 40500  E=8.258997102745e+02  Q=1.939000000000e+03  λ=7.520944e-01  dt=8.032e-04  relΔE=3.601e-06  ||F||=4.788e-02
 step= 41000  E=8.239316244704e+02  Q=1.939000000000e+03  λ=7.502865e-01  dt=1.243e-03  relΔE=4.812e-06  ||F||=4.442e-02
 step= 41500  E=8.222185342759e+02  Q=1.939000000000e+03  λ=7.487529e-01  dt=9.623e-04  relΔE=3.229e-06  ||F||=4.132e-02
 step= 42000  E=8.206842572020e+02  Q=1.939000000000e+03  λ=7.474568e-01  dt=1.490e-03  relΔE=2.393e-06  ||F||=2.771e-01
 step= 42500  E=8.194544236764e+02  Q=1.939000000000e+03  λ=7.463926e-01  dt=1.153e-03  relΔE=2.799e-06  ||F||=3.509e-02
 step= 43000  E=8.183903252069e+02  Q=1.939000000000e+03  λ=7.455358e-01  dt=8.923e-04  relΔE=1.817e-06  ||F||=3.212e-02
 step= 43500  E=8.174951956205e+02  Q=1.939000000000e+03  λ=7.448487e-01  dt=1.381e-03  relΔE=2.332e-06  ||F||=2.923e-02
 step= 44000  E=8.167712040231e+02  Q=1.939000000000e+03  λ=7.443213e-01  dt=1.069e-03  relΔE=1.492e-06  ||F||=2.656e-02
 step= 44500  E=8.161628286554e+02  Q=1.939000000000e+03  λ=7.439055e-01  dt=8.273e-04  relΔE=9.466e-07  ||F||=2.404e-02
 step= 45000  E=8.156741870995e+02  Q=1.939000000000e+03  λ=7.435961e-01  dt=1.281e-03  relΔE=1.189e-06  ||F||=2.164e-02
 step= 45500  E=8.152789502431e+02  Q=1.939000000000e+03  λ=7.433673e-01  dt=9.912e-04  relΔE=7.455e-07  ||F||=1.948e-02
 step= 46000  E=8.149516883504e+02  Q=1.939000000000e+03  λ=7.431981e-01  dt=7.672e-04  relΔE=4.767e-07  ||F||=1.771e-02
 step= 46500  E=8.146996364348e+02  Q=1.939000000000e+03  λ=7.430849e-01  dt=1.188e-03  relΔE=5.763e-07  ||F||=1.564e-02
 step= 47000  E=8.144920727573e+02  Q=1.939000000000e+03  λ=7.430072e-01  dt=9.191e-04  relΔE=3.558e-07  ||F||=1.397e-02
 step= 47500  E=8.143248149580e+02  Q=1.939000000000e+03  λ=7.429588e-01  dt=1.423e-03  relΔE=4.358e-07  ||F||=1.288e-02
 step= 48000  E=8.141982420416e+02  Q=1.939000000000e+03  λ=7.429338e-01  dt=1.101e-03  relΔE=2.696e-07  ||F||=1.111e-02
 step= 48500  E=8.140930122384e+02  Q=1.939000000000e+03  λ=7.429238e-01  dt=8.522e-04  relΔE=1.648e-07  ||F||=9.869e-03
 step= 49000  E=8.140116728951e+02  Q=1.939000000000e+03  λ=7.429254e-01  dt=1.319e-03  relΔE=2.013e-07  ||F||=8.766e-03
 step= 49500  E=8.139476196547e+02  Q=1.939000000000e+03  λ=7.429347e-01  dt=1.021e-03  relΔE=1.230e-07  ||F||=7.790e-03
 step= 50000  E=8.138959627215e+02  Q=1.939000000000e+03  λ=7.429494e-01  dt=7.902e-04  relΔE=7.565e-08  ||F||=6.944e-03
 step= 50500  E=8.138566368384e+02  Q=1.939000000000e+03  λ=7.429665e-01  dt=1.223e-03  relΔE=9.117e-08  ||F||=6.126e-03
 step= 51000  E=8.138251772815e+02  Q=1.939000000000e+03  λ=7.429856e-01  dt=9.467e-04  relΔE=5.543e-08  ||F||=5.429e-03
 step= 51500  E=8.138000095360e+02  Q=1.939000000000e+03  λ=7.430066e-01  dt=1.465e-03  relΔE=2.111e-08  ||F||=4.547e-02
 step= 52000  E=8.137812695002e+02  Q=1.939000000000e+03  λ=7.430242e-01  dt=1.134e-03  relΔE=4.094e-08  ||F||=4.263e-03
 step= 52500  E=8.137659106629e+02  Q=1.939000000000e+03  λ=7.430429e-01  dt=8.779e-04  relΔE=2.481e-08  ||F||=3.773e-03
 step= 53000  E=8.137539598992e+02  Q=1.939000000000e+03  λ=7.430604e-01  dt=1.359e-03  relΔE=3.002e-08  ||F||=3.336e-03
 step= 53500  E=8.137447927788e+02  Q=1.939000000000e+03  λ=7.430763e-01  dt=1.052e-03  relΔE=1.828e-08  ||F||=2.959e-03
 step= 54000  E=8.137373710655e+02  Q=1.939000000000e+03  λ=7.430913e-01  dt=8.140e-04  relΔE=1.115e-08  ||F||=2.628e-03
 step= 54500  E=8.137316945646e+02  Q=1.939000000000e+03  λ=7.431046e-01  dt=1.260e-03  relΔE=1.342e-08  ||F||=2.317e-03
 step= 55000  E=8.137272480211e+02  Q=1.939000000000e+03  λ=7.431165e-01  dt=9.752e-04  relΔE=8.164e-09  ||F||=2.054e-03
 step= 55500  E=8.137236358678e+02  Q=1.939000000000e+03  λ=7.431276e-01  dt=7.548e-04  relΔE=5.392e-09  ||F||=1.902e-03
 step= 56000  E=8.137209553401e+02  Q=1.939000000000e+03  λ=7.431369e-01  dt=1.168e-03  relΔE=6.011e-09  ||F||=1.611e-03
 step= 56500  E=8.137187788168e+02  Q=1.939000000000e+03  λ=7.431454e-01  dt=9.043e-04  relΔE=3.648e-09  ||F||=1.427e-03
 step= 57000  E=8.137170563220e+02  Q=1.939000000000e+03  λ=7.431529e-01  dt=1.400e-03  relΔE=4.412e-09  ||F||=1.266e-03
 step= 57500  E=8.137157560966e+02  Q=1.939000000000e+03  λ=7.431593e-01  dt=1.083e-03  relΔE=2.696e-09  ||F||=1.122e-03
 step= 58000  E=8.137146909969e+02  Q=1.939000000000e+03  λ=7.431651e-01  dt=8.385e-04  relΔE=1.640e-09  ||F||=9.957e-04
 step= 58500  E=8.137138732365e+02  Q=1.939000000000e+03  λ=7.431700e-01  dt=1.298e-03  relΔE=1.987e-09  ||F||=8.815e-04
 step= 59000  E=8.137132354647e+02  Q=1.939000000000e+03  λ=7.431742e-01  dt=1.005e-03  relΔE=1.213e-09  ||F||=7.835e-04
 step= 59500  E=8.137127148457e+02  Q=1.939000000000e+03  λ=7.431780e-01  dt=7.775e-04  relΔE=7.703e-10  ||F||=7.110e-04
 step= 60000  E=8.137123236247e+02  Q=1.939000000000e+03  λ=7.431812e-01  dt=1.203e-03  relΔE=8.969e-10  ||F||=6.172e-04
 step= 60500  E=8.137120116543e+02  Q=1.939000000000e+03  λ=7.431839e-01  dt=9.315e-04  relΔE=5.475e-10  ||F||=5.490e-04
 step= 61000  E=8.137117576020e+02  Q=1.939000000000e+03  λ=7.431863e-01  dt=1.442e-03  relΔE=6.614e-10  ||F||=5.372e-04
 step= 61500  E=8.137115688494e+02  Q=1.939000000000e+03  λ=7.431883e-01  dt=1.116e-03  relΔE=4.064e-10  ||F||=4.339e-04
 step= 62000  E=8.137114131191e+02  Q=1.939000000000e+03  λ=7.431900e-01  dt=8.637e-04  relΔE=2.474e-10  ||F||=3.859e-04
 step= 62500  E=8.137112924137e+02  Q=1.939000000000e+03  λ=7.431915e-01  dt=1.337e-03  relΔE=3.005e-10  ||F||=3.429e-04
 step= 63000  E=8.137111988542e+02  Q=1.939000000000e+03  λ=7.431927e-01  dt=1.035e-03  relΔE=1.837e-10  ||F||=3.058e-04
 step= 63500  E=8.137111227723e+02  Q=1.939000000000e+03  λ=7.431938e-01  dt=8.009e-04  relΔE=1.128e-10  ||F||=2.735e-04
 step= 64000  E=8.137110648086e+02  Q=1.939000000000e+03  λ=7.431946e-01  dt=1.240e-03  relΔE=1.360e-10  ||F||=2.426e-04
 step= 64500  E=8.137110188725e+02  Q=1.939000000000e+03  λ=7.431954e-01  dt=9.595e-04  relΔE=8.283e-11  ||F||=2.165e-04
 step= 65000  E=8.137109816930e+02  Q=1.939000000000e+03  λ=7.431960e-01  dt=1.485e-03  relΔE=9.834e-12  ||F||=2.026e-03
 step= 65500  E=8.137109541216e+02  Q=1.939000000000e+03  λ=7.431965e-01  dt=1.149e-03  relΔE=6.113e-11  ||F||=1.724e-04
 step= 66000  E=8.137109315374e+02  Q=1.939000000000e+03  λ=7.431969e-01  dt=8.897e-04  relΔE=3.699e-11  ||F||=1.538e-04
 step= 66500  E=8.137109140122e+02  Q=1.939000000000e+03  λ=7.431973e-01  dt=1.377e-03  relΔE=4.456e-11  ||F||=1.372e-04
 step= 67000  E=8.137109006417e+02  Q=1.939000000000e+03  λ=7.431975e-01  dt=1.066e-03  relΔE=2.697e-11  ||F||=1.228e-04
 step= 67500  E=8.137108899358e+02  Q=1.939000000000e+03  λ=7.431978e-01  dt=8.250e-04  relΔE=1.625e-11  ||F||=1.099e-04
 step= 68000  E=8.137108817911e+02  Q=1.939000000000e+03  λ=7.431980e-01  dt=1.277e-03  relΔE=1.933e-11  ||F||=9.804e-05
 step= 68500  E=8.137108755514e+02  Q=1.939000000000e+03  λ=7.431981e-01  dt=9.883e-04  relΔE=1.154e-11  ||F||=8.782e-05
 step= 69000  E=8.137108706223e+02  Q=1.939000000000e+03  λ=7.431982e-01  dt=7.649e-04  relΔE=6.940e-12  ||F||=7.910e-05
 step= 69500  E=8.137108670226e+02  Q=1.939000000000e+03  λ=7.431983e-01  dt=1.184e-03  relΔE=7.989e-12  ||F||=7.036e-05
 step= 70000  E=8.137108642516e+02  Q=1.939000000000e+03  λ=7.431984e-01  dt=9.164e-04  relΔE=4.632e-12  ||F||=6.304e-05
 step= 70500  E=8.137108621506e+02  Q=1.939000000000e+03  λ=7.431984e-01  dt=1.419e-03  relΔE=5.251e-12  ||F||=5.673e-05
 step= 71000  E=8.137108606891e+02  Q=1.939000000000e+03  λ=7.431985e-01  dt=1.098e-03  relΔE=2.966e-12  ||F||=5.065e-05
 step= 71500  E=8.137108595947e+02  Q=1.939000000000e+03  λ=7.431985e-01  dt=8.498e-04  relΔE=1.613e-12  ||F||=4.537e-05
 step= 72000  E=8.137108588569e+02  Q=1.939000000000e+03  λ=7.431985e-01  dt=1.315e-03  relΔE=1.680e-12  ||F||=4.068e-05
 step= 72500  E=8.137108583745e+02  Q=1.939000000000e+03  λ=7.431985e-01  dt=1.018e-03  relΔE=8.245e-13  ||F||=3.654e-05
 step= 73000  E=8.137108580778e+02  Q=1.939000000000e+03  λ=7.431985e-01  dt=7.879e-04  relΔE=3.511e-13  ||F||=3.274e-05
 step= 73500  E=8.137108579359e+02  Q=1.939000000000e+03  λ=7.431985e-01  dt=1.220e-03  relΔE=2.181e-13  ||F||=2.944e-05
  !! dt fell below dt_min: stiffness-limited termination.

Stationary candidate (aggressive): E=8.137108579006e+02, Q=1.939000000000e+03, maxρ=1.028113e+00

=== Stability test (damped inertial dynamics) ===
Perturb eps=0.02, gamma=1
t=0: E=9.087690020846e+02, Q=1.939000000000e+03, maxρ=1.062566e+00, σ=2.623570e+00, Rc=1.835795e+01
 step=     1  E=9.087685236725e+02  Q=1.939000000000e+03  λ=1.130985e+00  maxρ=1.062566e+00  minρ=8.360e-13  σ=2.623570e+00  Rc=1.835795e+01
 step=   300  E=8.891535647414e+02  Q=1.939000000000e+03  λ=1.027613e+00  maxρ=1.060762e+00  minρ=8.164e-13  σ=2.623567e+00  Rc=1.835795e+01
 step=   600  E=8.497131096605e+02  Q=1.939000000000e+03  λ=8.404864e-01  maxρ=1.055677e+00  minρ=7.586e-13  σ=2.623562e+00  Rc=1.835796e+01
 step=   900  E=8.266487184362e+02  Q=1.939000000000e+03  λ=7.809893e-01  maxρ=1.048155e+00  minρ=6.656e-13  σ=2.623560e+00  Rc=1.835796e+01
 step=  1200  E=8.354718464620e+02  Q=1.939000000000e+03  λ=8.890328e-01  maxρ=1.044871e+00  minρ=5.342e-13  σ=2.623563e+00  Rc=1.835795e+01
 step=  1500  E=8.591533547465e+02  Q=1.939000000000e+03  λ=1.006042e+00  maxρ=1.049879e+00  minρ=3.917e-13  σ=2.623564e+00  Rc=1.835795e+01
 step=  1800  E=8.712543249192e+02  Q=1.939000000000e+03  λ=9.918439e-01  maxρ=1.053237e+00  minρ=2.089e-13  σ=2.623562e+00  Rc=1.835795e+01
 step=  2100  E=8.641587429385e+02  Q=1.939000000000e+03  λ=8.899923e-01  maxρ=1.047872e+00  minρ=1.000e-15  σ=2.623558e+00  Rc=1.835795e+01
 step=  2400  E=8.516550952072e+02  Q=1.939000000000e+03  λ=8.430124e-01  maxρ=1.037043e+00  minρ=1.000e-15  σ=2.623559e+00  Rc=1.835795e+01
 step=  2700  E=8.485443756282e+02  Q=1.939000000000e+03  λ=8.981878e-01  maxρ=1.043916e+00  minρ=1.000e-15  σ=2.623562e+00  Rc=1.835794e+01
 step=  3000  E=8.545523253339e+02  Q=1.939000000000e+03  λ=9.644136e-01  maxρ=1.057027e+00  minρ=1.000e-15  σ=2.623563e+00  Rc=1.835794e+01
 step=  3300  E=8.591194743252e+02  Q=1.939000000000e+03  λ=9.517830e-01  maxρ=1.059738e+00  minρ=1.000e-15  σ=2.623559e+00  Rc=1.835795e+01
 step=  3600  E=8.563842393523e+02  Q=1.939000000000e+03  λ=8.866587e-01  maxρ=1.052337e+00  minρ=1.000e-15  σ=2.623555e+00  Rc=1.835795e+01
 step=  3900  E=8.506580169826e+02  Q=1.939000000000e+03  λ=8.578797e-01  maxρ=1.050624e+00  minρ=1.000e-15  σ=2.623555e+00  Rc=1.835795e+01
 step=  4200  E=8.485661224122e+02  Q=1.939000000000e+03  λ=8.910935e-01  maxρ=1.046967e+00  minρ=1.000e-15  σ=2.623558e+00  Rc=1.835794e+01
 step=  4500  E=8.506251816029e+02  Q=1.939000000000e+03  λ=9.268458e-01  maxρ=1.045056e+00  minρ=1.000e-15  σ=2.623559e+00  Rc=1.835794e+01
 step=  4800  E=8.524260633735e+02  Q=1.939000000000e+03  λ=9.139796e-01  maxρ=1.049216e+00  minρ=1.000e-15  σ=2.623556e+00  Rc=1.835794e+01
 step=  5100  E=8.513710547219e+02  Q=1.939000000000e+03  λ=8.757954e-01  maxρ=1.050116e+00  minρ=1.000e-15  σ=2.623551e+00  Rc=1.835794e+01
 step=  5400  E=8.492028933883e+02  Q=1.939000000000e+03  λ=8.657137e-01  maxρ=1.048870e+00  minρ=1.000e-15  σ=2.623549e+00  Rc=1.835794e+01
 step=  5700  E=8.483991809812e+02  Q=1.939000000000e+03  λ=8.901878e-01  maxρ=1.045278e+00  minρ=1.000e-15  σ=2.623551e+00  Rc=1.835793e+01
 step=  6000  E=8.487721818617e+02  Q=1.939000000000e+03  λ=9.078750e-01  maxρ=1.043103e+00  minρ=1.000e-15  σ=2.623551e+00  Rc=1.835793e+01
 >>> No runaway detected in this horizon. Likely stable (within this model & box).

STABILITY: PASS
