
=== Aggressive relaxation to Q = 53 ===
Initial: E=1.421781554863e+02, Q=5.300000000000e+01, dt=1.000e-04
 step=     1  E=1.421712590611e+02  Q=5.300000000000e+01  λ=5.298495e+00  dt=1.000e-04  relΔE=4.851e-05  ||F||=1.141e+00
 step=   500  E=1.342507516705e+02  Q=5.300000000000e+01  λ=5.002281e+00  dt=6.192e-04  relΔE=2.103e-04  ||F||=1.016e+00
 step=  1000  E=1.147527167342e+02  Q=5.300000000000e+01  λ=4.273024e+00  dt=9.584e-04  relΔE=2.336e-04  ||F||=7.960e-01
 step=  1500  E=1.009588063133e+02  Q=5.300000000000e+01  λ=3.758037e+00  dt=7.418e-04  relΔE=1.707e-04  ||F||=7.881e-01
 step=  2000  E=9.144692422876e+01  Q=5.300000000000e+01  λ=3.403522e+00  dt=1.148e-03  relΔE=1.868e-04  ||F||=5.806e-01
 step=  2500  E=8.383900783800e+01  Q=5.300000000000e+01  λ=3.119992e+00  dt=8.887e-04  relΔE=1.231e-04  ||F||=5.128e-01
 step=  3000  E=7.780194979473e+01  Q=5.300000000000e+01  λ=2.895452e+00  dt=1.376e-03  relΔE=1.646e-04  ||F||=4.607e-01
 step=  3500  E=7.304408312733e+01  Q=5.300000000000e+01  λ=2.718349e+00  dt=1.065e-03  relΔE=1.121e-04  ||F||=4.173e-01
 step=  4000  E=6.895423601905e+01  Q=5.300000000000e+01  λ=2.566239e+00  dt=8.241e-04  relΔE=7.732e-05  ||F||=3.828e-01
 step=  4500  E=6.550326726336e+01  Q=5.300000000000e+01  λ=2.438132e+00  dt=1.276e-03  relΔE=1.093e-04  ||F||=3.565e-01
 step=  5000  E=6.249188277910e+01  Q=5.300000000000e+01  λ=2.326289e+00  dt=9.873e-04  relΔE=7.998e-05  ||F||=3.386e-01
 step=  5500  E=5.962616012348e+01  Q=5.300000000000e+01  λ=2.219938e+00  dt=7.641e-04  relΔE=6.191e-05  ||F||=3.309e-01
 step=  6000  E=5.708900684500e+01  Q=5.300000000000e+01  λ=2.125800e+00  dt=1.183e-03  relΔE=9.015e-05  ||F||=3.139e-01
 step=  6500  E=5.471016803499e+01  Q=5.300000000000e+01  λ=2.037144e+00  dt=7.629e-04  relΔE=6.106e-05  ||F||=3.242e-01
 step=  7000  E=5.267749143964e+01  Q=5.300000000000e+01  λ=1.961014e+00  dt=1.181e-03  relΔE=7.458e-05  ||F||=2.745e-01
 step=  7500  E=5.096083444792e+01  Q=5.300000000000e+01  λ=1.896101e+00  dt=9.140e-04  relΔE=4.712e-05  ||F||=2.439e-01
 step=  8000  E=4.963031060630e+01  Q=5.300000000000e+01  λ=1.845311e+00  dt=1.415e-03  relΔE=5.480e-05  ||F||=2.310e-01
 step=  8500  E=4.871824655749e+01  Q=5.300000000000e+01  λ=1.810009e+00  dt=1.095e-03  relΔE=3.043e-05  ||F||=1.751e-01
 step=  9000  E=4.807173474844e+01  Q=5.300000000000e+01  λ=1.784664e+00  dt=8.475e-04  relΔE=1.586e-05  ||F||=1.427e-01
 step=  9500  E=4.765088081377e+01  Q=5.300000000000e+01  λ=1.767945e+00  dt=1.312e-03  relΔE=1.598e-05  ||F||=1.147e-01
 step= 10000  E=4.738642270226e+01  Q=5.300000000000e+01  λ=1.757265e+00  dt=1.015e-03  relΔE=7.955e-06  ||F||=9.169e-02
 step= 10500  E=4.721301807517e+01  Q=5.300000000000e+01  λ=1.750155e+00  dt=7.858e-04  relΔE=3.881e-06  ||F||=7.267e-02
 step= 11000  E=4.710828198521e+01  Q=5.300000000000e+01  λ=1.745801e+00  dt=1.216e-03  relΔE=3.771e-06  ||F||=5.750e-02
 step= 11500  E=4.704128523333e+01  Q=5.300000000000e+01  λ=1.742979e+00  dt=9.414e-04  relΔE=1.849e-06  ||F||=4.573e-02
 step= 12000  E=4.699760602402e+01  Q=5.300000000000e+01  λ=1.741146e+00  dt=1.457e-03  relΔE=1.265e-06  ||F||=1.962e-01
 step= 12500  E=4.697086624064e+01  Q=5.300000000000e+01  λ=1.740004e+00  dt=1.128e-03  relΔE=9.358e-07  ||F||=2.970e-02
 step= 13000  E=4.695224448314e+01  Q=5.300000000000e+01  λ=1.739237e+00  dt=8.730e-04  relΔE=4.904e-07  ||F||=2.443e-02
 step= 13500  E=4.693940770311e+01  Q=5.300000000000e+01  λ=1.738733e+00  dt=1.351e-03  relΔE=5.357e-07  ||F||=2.053e-02
 step= 14000  E=4.693034766367e+01  Q=5.300000000000e+01  λ=1.738404e+00  dt=1.046e-03  relΔE=3.086e-07  ||F||=1.770e-02
 step= 14500  E=4.692327048170e+01  Q=5.300000000000e+01  λ=1.738173e+00  dt=8.095e-04  relΔE=1.849e-07  ||F||=1.558e-02
 step= 15000  E=4.691777611228e+01  Q=5.300000000000e+01  λ=1.738020e+00  dt=1.253e-03  relΔE=2.316e-07  ||F||=1.401e-02
 step= 15500  E=4.691326167949e+01  Q=5.300000000000e+01  λ=1.737915e+00  dt=9.698e-04  relΔE=1.507e-07  ||F||=1.285e-02
 step= 16000  E=4.690927374605e+01  Q=5.300000000000e+01  λ=1.737841e+00  dt=7.506e-04  relΔE=1.100e-07  ||F||=1.251e-02
 step= 16500  E=4.690597705981e+01  Q=5.300000000000e+01  λ=1.737794e+00  dt=1.162e-03  relΔE=1.377e-07  ||F||=1.122e-02
 step= 17000  E=4.690293888547e+01  Q=5.300000000000e+01  λ=1.737763e+00  dt=8.992e-04  relΔE=9.552e-08  ||F||=1.062e-02
 step= 17500  E=4.690017708900e+01  Q=5.300000000000e+01  λ=1.737745e+00  dt=1.392e-03  relΔE=1.339e-07  ||F||=1.019e-02
 step= 18000  E=4.689774852335e+01  Q=5.300000000000e+01  λ=1.737737e+00  dt=1.077e-03  relΔE=9.490e-08  ||F||=9.675e-03
 step= 18500  E=4.689545089695e+01  Q=5.300000000000e+01  λ=1.737736e+00  dt=8.338e-04  relΔE=6.751e-08  ||F||=9.276e-03
 step= 19000  E=4.689335484582e+01  Q=5.300000000000e+01  λ=1.737741e+00  dt=1.291e-03  relΔE=9.631e-08  ||F||=8.906e-03
 step= 19500  E=4.689144941779e+01  Q=5.300000000000e+01  λ=1.737751e+00  dt=9.989e-04  relΔE=6.905e-08  ||F||=8.572e-03
 step= 20000  E=4.688961589653e+01  Q=5.300000000000e+01  λ=1.737764e+00  dt=7.731e-04  relΔE=5.003e-08  ||F||=8.295e-03
 step= 20500  E=4.688798439396e+01  Q=5.300000000000e+01  λ=1.737780e+00  dt=1.197e-03  relΔE=7.124e-08  ||F||=7.954e-03
 step= 21000  E=4.688643864863e+01  Q=5.300000000000e+01  λ=1.737799e+00  dt=9.263e-04  relΔE=5.129e-08  ||F||=7.672e-03
 step= 21500  E=4.688496649397e+01  Q=5.300000000000e+01  λ=1.737820e+00  dt=1.434e-03  relΔE=7.293e-08  ||F||=1.095e-02
 step= 22000  E=4.688366311700e+01  Q=5.300000000000e+01  λ=1.737841e+00  dt=1.110e-03  relΔE=5.335e-08  ||F||=7.149e-03
 step= 22500  E=4.688240112993e+01  Q=5.300000000000e+01  λ=1.737864e+00  dt=8.589e-04  relΔE=3.852e-08  ||F||=6.904e-03
 step= 23000  E=4.688122621214e+01  Q=5.300000000000e+01  λ=1.737888e+00  dt=1.329e-03  relΔE=5.563e-08  ||F||=6.670e-03
 step= 23500  E=4.688015468052e+01  Q=5.300000000000e+01  λ=1.737913e+00  dt=1.029e-03  relΔE=4.029e-08  ||F||=6.452e-03
 step= 24000  E=4.687911669916e+01  Q=5.300000000000e+01  λ=1.737938e+00  dt=7.964e-04  relΔE=2.930e-08  ||F||=6.255e-03
 step= 24500  E=4.687817538706e+01  Q=5.300000000000e+01  λ=1.737964e+00  dt=1.233e-03  relΔE=4.223e-08  ||F||=6.035e-03
 step= 25000  E=4.687728667294e+01  Q=5.300000000000e+01  λ=1.737990e+00  dt=9.541e-04  relΔE=3.062e-08  ||F||=5.841e-03
 step= 25500  E=4.687642660678e+01  Q=5.300000000000e+01  λ=1.738017e+00  dt=7.385e-04  relΔE=2.741e-08  ||F||=8.712e-03
 step= 26000  E=4.687566555163e+01  Q=5.300000000000e+01  λ=1.738042e+00  dt=1.143e-03  relΔE=3.224e-08  ||F||=5.476e-03
 step= 26500  E=4.687492457050e+01  Q=5.300000000000e+01  λ=1.738069e+00  dt=8.847e-04  relΔE=2.340e-08  ||F||=5.303e-03
 step= 27000  E=4.687422755592e+01  Q=5.300000000000e+01  λ=1.738095e+00  dt=1.369e-03  relΔE=3.398e-08  ||F||=5.142e-03
 step= 27500  E=4.687359143354e+01  Q=5.300000000000e+01  λ=1.738121e+00  dt=1.060e-03  relΔE=2.473e-08  ||F||=4.981e-03
 step= 28000  E=4.687297520183e+01  Q=5.300000000000e+01  λ=1.738148e+00  dt=8.203e-04  relΔE=1.800e-08  ||F||=4.830e-03
 step= 28500  E=4.687240362470e+01  Q=5.300000000000e+01  λ=1.738174e+00  dt=1.270e-03  relΔE=2.616e-08  ||F||=4.680e-03
 step= 29000  E=4.687187239567e+01  Q=5.300000000000e+01  λ=1.738199e+00  dt=9.828e-04  relΔE=1.906e-08  ||F||=4.541e-03
 step= 29500  E=4.687135310292e+01  Q=5.300000000000e+01  λ=1.738225e+00  dt=7.607e-04  relΔE=1.417e-08  ||F||=4.452e-03
 step= 30000  E=4.687088759670e+01  Q=5.300000000000e+01  λ=1.738250e+00  dt=1.177e-03  relΔE=2.024e-08  ||F||=4.275e-03
 step= 30500  E=4.687043686220e+01  Q=5.300000000000e+01  λ=1.738275e+00  dt=9.113e-04  relΔE=1.475e-08  ||F||=4.149e-03
 step= 31000  E=4.687000565732e+01  Q=5.300000000000e+01  λ=1.738300e+00  dt=1.411e-03  relΔE=2.145e-08  ||F||=4.376e-03
 step= 31500  E=4.686961628428e+01  Q=5.300000000000e+01  λ=1.738324e+00  dt=1.092e-03  relΔE=1.570e-08  ||F||=3.911e-03
 step= 32000  E=4.686923709856e+01  Q=5.300000000000e+01  λ=1.738348e+00  dt=8.450e-04  relΔE=1.146e-08  ||F||=3.798e-03
 step= 32500  E=4.686888066627e+01  Q=5.300000000000e+01  λ=1.738372e+00  dt=1.308e-03  relΔE=1.673e-08  ||F||=3.688e-03
 step= 33000  E=4.686855138545e+01  Q=5.300000000000e+01  λ=1.738395e+00  dt=1.012e-03  relΔE=1.223e-08  ||F||=3.584e-03
 step= 33500  E=4.686822902545e+01  Q=5.300000000000e+01  λ=1.738419e+00  dt=7.835e-04  relΔE=8.987e-09  ||F||=3.493e-03
 step= 34000  E=4.686793545105e+01  Q=5.300000000000e+01  λ=1.738441e+00  dt=1.213e-03  relΔE=1.306e-08  ||F||=3.384e-03
 step= 34500  E=4.686765421365e+01  Q=5.300000000000e+01  λ=1.738463e+00  dt=9.387e-04  relΔE=9.552e-09  ||F||=3.290e-03
 step= 35000  E=4.686738069155e+01  Q=5.300000000000e+01  λ=1.738486e+00  dt=1.453e-03  relΔE=1.169e-08  ||F||=1.285e-02
 step= 35500  E=4.686713662435e+01  Q=5.300000000000e+01  λ=1.738507e+00  dt=1.125e-03  relΔE=1.023e-08  ||F||=3.110e-03
 step= 36000  E=4.686689633272e+01  Q=5.300000000000e+01  λ=1.738528e+00  dt=8.704e-04  relΔE=7.482e-09  ||F||=3.024e-03
 step= 36500  E=4.686666968334e+01  Q=5.300000000000e+01  λ=1.738549e+00  dt=1.347e-03  relΔE=1.095e-08  ||F||=2.941e-03
 step= 37000  E=4.686646040441e+01  Q=5.300000000000e+01  λ=1.738569e+00  dt=1.043e-03  relΔE=8.025e-09  ||F||=2.861e-03
 step= 37500  E=4.686625570473e+01  Q=5.300000000000e+01  λ=1.738590e+00  dt=8.071e-04  relΔE=5.891e-09  ||F||=2.787e-03
 step= 38000  E=4.686606631258e+01  Q=5.300000000000e+01  λ=1.738609e+00  dt=1.249e-03  relΔE=8.610e-09  ||F||=2.708e-03
 step= 38500  E=4.686588729663e+01  Q=5.300000000000e+01  λ=1.738629e+00  dt=9.670e-04  relΔE=6.313e-09  ||F||=2.636e-03
 step= 39000  E=4.686571160214e+01  Q=5.300000000000e+01  λ=1.738648e+00  dt=7.484e-04  relΔE=5.117e-09  ||F||=2.710e-03
 step= 39500  E=4.686555407644e+01  Q=5.300000000000e+01  λ=1.738666e+00  dt=1.158e-03  relΔE=6.787e-09  ||F||=2.497e-03
 step= 40000  E=4.686539969202e+01  Q=5.300000000000e+01  λ=1.738685e+00  dt=8.966e-04  relΔE=4.977e-09  ||F||=2.430e-03
 step= 40500  E=4.686525218498e+01  Q=5.300000000000e+01  λ=1.738703e+00  dt=1.388e-03  relΔE=7.294e-09  ||F||=2.381e-03
 step= 41000  E=4.686511715401e+01  Q=5.300000000000e+01  λ=1.738720e+00  dt=1.074e-03  relΔE=5.358e-09  ||F||=2.304e-03
 step= 41500  E=4.686498505851e+01  Q=5.300000000000e+01  λ=1.738737e+00  dt=8.314e-04  relΔE=3.933e-09  ||F||=2.244e-03
 step= 42000  E=4.686486106629e+01  Q=5.300000000000e+01  λ=1.738754e+00  dt=1.287e-03  relΔE=5.770e-09  ||F||=2.185e-03
 step= 42500  E=4.686474508974e+01  Q=5.300000000000e+01  λ=1.738771e+00  dt=9.960e-04  relΔE=4.239e-09  ||F||=2.128e-03
 step= 43000  E=4.686463082746e+01  Q=5.300000000000e+01  λ=1.738787e+00  dt=7.709e-04  relΔE=3.180e-09  ||F||=2.096e-03
 step= 43500  E=4.686452727154e+01  Q=5.300000000000e+01  λ=1.738803e+00  dt=1.193e-03  relΔE=4.571e-09  ||F||=2.020e-03
 step= 44000  E=4.686442658524e+01  Q=5.300000000000e+01  λ=1.738818e+00  dt=9.236e-04  relΔE=3.358e-09  ||F||=1.967e-03
 step= 44500  E=4.686432916562e+01  Q=5.300000000000e+01  λ=1.738834e+00  dt=1.430e-03  relΔE=4.883e-09  ||F||=2.660e-03
 step= 45000  E=4.686424105943e+01  Q=5.300000000000e+01  λ=1.738848e+00  dt=1.106e-03  relΔE=3.626e-09  ||F||=1.868e-03
 step= 45500  E=4.686415432274e+01  Q=5.300000000000e+01  λ=1.738863e+00  dt=8.564e-04  relΔE=2.664e-09  ||F||=1.820e-03
 step= 46000  E=4.686407228827e+01  Q=5.300000000000e+01  λ=1.738878e+00  dt=1.326e-03  relΔE=3.914e-09  ||F||=1.773e-03
 step= 46500  E=4.686399610695e+01  Q=5.300000000000e+01  λ=1.738891e+00  dt=1.026e-03  relΔE=2.880e-09  ||F||=1.729e-03
 step= 47000  E=4.686392105459e+01  Q=5.300000000000e+01  λ=1.738905e+00  dt=7.941e-04  relΔE=2.125e-09  ||F||=1.689e-03
 step= 47500  E=4.686385200071e+01  Q=5.300000000000e+01  λ=1.738919e+00  dt=1.229e-03  relΔE=3.113e-09  ||F||=1.643e-03
 step= 48000  E=4.686378630201e+01  Q=5.300000000000e+01  λ=1.738932e+00  dt=7.928e-04  relΔE=1.919e-09  ||F||=1.606e-03
 step= 48500  E=4.686372388011e+01  Q=5.300000000000e+01  λ=1.738944e+00  dt=1.227e-03  relΔE=2.810e-09  ||F||=1.562e-03
 step= 49000  E=4.686366448470e+01  Q=5.300000000000e+01  λ=1.738957e+00  dt=7.915e-04  relΔE=1.732e-09  ||F||=1.527e-03
 step= 49500  E=4.686360803182e+01  Q=5.300000000000e+01  λ=1.738969e+00  dt=1.225e-03  relΔE=2.538e-09  ||F||=1.486e-03
 step= 50000  E=4.686355387850e+01  Q=5.300000000000e+01  λ=1.738981e+00  dt=9.483e-04  relΔE=1.868e-09  ||F||=1.449e-03
 step= 50500  E=4.686350080428e+01  Q=5.300000000000e+01  λ=1.738993e+00  dt=1.468e-03  relΔE=8.191e-10  ||F||=1.125e-02
 step= 51000  E=4.686345298603e+01  Q=5.300000000000e+01  λ=1.739004e+00  dt=1.136e-03  relΔE=2.023e-09  ||F||=1.378e-03
 step= 51500  E=4.686340584936e+01  Q=5.300000000000e+01  λ=1.739016e+00  dt=8.793e-04  relΔE=1.489e-09  ||F||=1.344e-03
 step= 52000  E=4.686336091743e+01  Q=5.300000000000e+01  λ=1.739027e+00  dt=1.361e-03  relΔE=2.191e-09  ||F||=1.311e-03
 step= 52500  E=4.686331942708e+01  Q=5.300000000000e+01  λ=1.739038e+00  dt=1.053e-03  relΔE=1.614e-09  ||F||=1.278e-03
 step= 53000  E=4.686327863401e+01  Q=5.300000000000e+01  λ=1.739049e+00  dt=8.153e-04  relΔE=1.191e-09  ||F||=1.248e-03
 step= 53500  E=4.686324052857e+01  Q=5.300000000000e+01  λ=1.739059e+00  dt=1.262e-03  relΔE=1.750e-09  ||F||=1.216e-03
 step= 54000  E=4.686320451220e+01  Q=5.300000000000e+01  λ=1.739069e+00  dt=9.768e-04  relΔE=1.289e-09  ||F||=1.187e-03
 step= 54500  E=4.686316892634e+01  Q=5.300000000000e+01  λ=1.739079e+00  dt=7.560e-04  relΔE=1.001e-09  ||F||=1.190e-03
 step= 55000  E=4.686313677708e+01  Q=5.300000000000e+01  λ=1.739089e+00  dt=1.170e-03  relΔE=1.399e-09  ||F||=1.129e-03
 step= 55500  E=4.686310525109e+01  Q=5.300000000000e+01  λ=1.739098e+00  dt=9.057e-04  relΔE=1.030e-09  ||F||=1.102e-03
 step= 56000  E=4.686307490430e+01  Q=5.300000000000e+01  λ=1.739108e+00  dt=1.402e-03  relΔE=1.516e-09  ||F||=1.098e-03
 step= 56500  E=4.686304709875e+01  Q=5.300000000000e+01  λ=1.739116e+00  dt=1.085e-03  relΔE=1.118e-09  ||F||=1.049e-03
 step= 57000  E=4.686301977738e+01  Q=5.300000000000e+01  λ=1.739125e+00  dt=8.398e-04  relΔE=8.241e-10  ||F||=1.023e-03
 step= 57500  E=4.686299393000e+01  Q=5.300000000000e+01  λ=1.739134e+00  dt=1.300e-03  relΔE=1.214e-09  ||F||=9.983e-04
 step= 58000  E=4.686296976484e+01  Q=5.300000000000e+01  λ=1.739143e+00  dt=1.006e-03  relΔE=8.950e-10  ||F||=9.746e-04
 step= 58500  E=4.686294588575e+01  Q=5.300000000000e+01  λ=1.739151e+00  dt=7.787e-04  relΔE=6.672e-10  ||F||=9.567e-04
 step= 59000  E=4.686292403209e+01  Q=5.300000000000e+01  λ=1.739159e+00  dt=1.205e-03  relΔE=9.720e-10  ||F||=9.280e-04
 step= 59500  E=4.686290287842e+01  Q=5.300000000000e+01  λ=1.739167e+00  dt=9.330e-04  relΔE=7.165e-10  ||F||=9.057e-04
 step= 60000  E=4.686288218070e+01  Q=5.300000000000e+01  λ=1.739175e+00  dt=1.444e-03  relΔE=9.844e-10  ||F||=2.407e-03
 step= 60500  E=4.686286354079e+01  Q=5.300000000000e+01  λ=1.739182e+00  dt=1.118e-03  relΔE=7.787e-10  ||F||=8.628e-04
 step= 61000  E=4.686284506846e+01  Q=5.300000000000e+01  λ=1.739190e+00  dt=8.651e-04  relΔE=5.740e-10  ||F||=8.421e-04
 step= 61500  E=4.686282750572e+01  Q=5.300000000000e+01  λ=1.739197e+00  dt=1.339e-03  relΔE=8.458e-10  ||F||=8.218e-04
 step= 62000  E=4.686281118812e+01  Q=5.300000000000e+01  λ=1.739204e+00  dt=1.036e-03  relΔE=6.241e-10  ||F||=8.023e-04
 step= 62500  E=4.686279510975e+01  Q=5.300000000000e+01  λ=1.739211e+00  dt=8.022e-04  relΔE=4.619e-10  ||F||=7.847e-04
 step= 63000  E=4.686278019088e+01  Q=5.300000000000e+01  λ=1.739218e+00  dt=1.242e-03  relΔE=6.785e-10  ||F||=7.644e-04
 step= 63500  E=4.686276592979e+01  Q=5.300000000000e+01  λ=1.739225e+00  dt=9.610e-04  relΔE=5.005e-10  ||F||=7.463e-04
 step= 64000  E=4.686275185697e+01  Q=5.300000000000e+01  λ=1.739231e+00  dt=7.438e-04  relΔE=4.502e-10  ||F||=8.907e-04
 step= 64500  E=4.686273919621e+01  Q=5.300000000000e+01  λ=1.739238e+00  dt=1.151e-03  relΔE=5.444e-10  ||F||=7.113e-04
 step= 65000  E=4.686272669223e+01  Q=5.300000000000e+01  λ=1.739244e+00  dt=8.911e-04  relΔE=4.014e-10  ||F||=6.943e-04
 step= 65500  E=4.686271471375e+01  Q=5.300000000000e+01  λ=1.739250e+00  dt=1.379e-03  relΔE=5.917e-10  ||F||=6.792e-04
 step= 66000  E=4.686270364112e+01  Q=5.300000000000e+01  λ=1.739256e+00  dt=1.068e-03  relΔE=4.368e-10  ||F||=6.618e-04
 step= 66500  E=4.686269277041e+01  Q=5.300000000000e+01  λ=1.739262e+00  dt=8.263e-04  relΔE=3.225e-10  ||F||=6.465e-04
 step= 67000  E=4.686268253271e+01  Q=5.300000000000e+01  λ=1.739267e+00  dt=1.279e-03  relΔE=4.751e-10  ||F||=6.308e-04
 step= 67500  E=4.686267290564e+01  Q=5.300000000000e+01  λ=1.739273e+00  dt=9.899e-04  relΔE=3.507e-10  ||F||=6.161e-04
 step= 68000  E=4.686266335580e+01  Q=5.300000000000e+01  λ=1.739278e+00  dt=7.662e-04  relΔE=2.653e-10  ||F||=6.093e-04
 step= 68500  E=4.686265467813e+01  Q=5.300000000000e+01  λ=1.739284e+00  dt=1.186e-03  relΔE=3.817e-10  ||F||=5.873e-04
 step= 69000  E=4.686264620711e+01  Q=5.300000000000e+01  λ=1.739289e+00  dt=9.179e-04  relΔE=2.816e-10  ||F||=5.734e-04
 step= 69500  E=4.686263797393e+01  Q=5.300000000000e+01  λ=1.739294e+00  dt=1.421e-03  relΔE=4.134e-10  ||F||=6.698e-04
 step= 70000  E=4.686263048510e+01  Q=5.300000000000e+01  λ=1.739299e+00  dt=1.100e-03  relΔE=3.066e-10  ||F||=5.468e-04
 step= 70500  E=4.686262309375e+01  Q=5.300000000000e+01  λ=1.739304e+00  dt=8.511e-04  relΔE=2.262e-10  ||F||=5.339e-04
 step= 71000  E=4.686261606950e+01  Q=5.300000000000e+01  λ=1.739309e+00  dt=1.318e-03  relΔE=3.336e-10  ||F||=5.213e-04
 step= 71500  E=4.686260951633e+01  Q=5.300000000000e+01  λ=1.739313e+00  dt=1.020e-03  relΔE=2.464e-10  ||F||=5.092e-04
 step= 72000  E=4.686260304200e+01  Q=5.300000000000e+01  λ=1.739318e+00  dt=7.892e-04  relΔE=1.827e-10  ||F||=4.986e-04
 step= 72500  E=4.686259707570e+01  Q=5.300000000000e+01  λ=1.739322e+00  dt=1.222e-03  relΔE=2.683e-10  ||F||=4.856e-04
 step= 73000  E=4.686259132106e+01  Q=5.300000000000e+01  λ=1.739327e+00  dt=9.455e-04  relΔE=1.980e-10  ||F||=4.743e-04
 step= 73500  E=4.686258566648e+01  Q=5.300000000000e+01  λ=1.739331e+00  dt=1.464e-03  relΔE=1.828e-10  ||F||=2.717e-03
 step= 74000  E=4.686258056837e+01  Q=5.300000000000e+01  λ=1.739335e+00  dt=1.133e-03  relΔE=2.157e-10  ||F||=4.523e-04
 step= 74500  E=4.686257552325e+01  Q=5.300000000000e+01  λ=1.739339e+00  dt=8.767e-04  relΔE=1.591e-10  ||F||=4.417e-04
 step= 75000  E=4.686257070874e+01  Q=5.300000000000e+01  λ=1.739343e+00  dt=1.357e-03  relΔE=2.348e-10  ||F||=4.314e-04
 step= 75500  E=4.686256623774e+01  Q=5.300000000000e+01  λ=1.739347e+00  dt=1.050e-03  relΔE=1.734e-10  ||F||=4.214e-04
 step= 76000  E=4.686256183892e+01  Q=5.300000000000e+01  λ=1.739351e+00  dt=8.130e-04  relΔE=1.282e-10  ||F||=4.119e-04
 step= 76500  E=4.686255772495e+01  Q=5.300000000000e+01  λ=1.739354e+00  dt=1.258e-03  relΔE=1.889e-10  ||F||=4.019e-04
 step= 77000  E=4.686255381757e+01  Q=5.300000000000e+01  λ=1.739358e+00  dt=9.740e-04  relΔE=1.395e-10  ||F||=3.926e-04
 step= 77500  E=4.686254995240e+01  Q=5.300000000000e+01  λ=1.739362e+00  dt=7.538e-04  relΔE=1.077e-10  ||F||=3.926e-04
 step= 78000  E=4.686254645877e+01  Q=5.300000000000e+01  λ=1.739365e+00  dt=1.167e-03  relΔE=1.520e-10  ||F||=3.746e-04
 step= 78500  E=4.686254301123e+01  Q=5.300000000000e+01  λ=1.739368e+00  dt=9.031e-04  relΔE=1.121e-10  ||F||=3.658e-04
 step= 79000  E=4.686253969962e+01  Q=5.300000000000e+01  λ=1.739372e+00  dt=1.398e-03  relΔE=1.654e-10  ||F||=3.624e-04
 step= 79500  E=4.686253665488e+01  Q=5.300000000000e+01  λ=1.739375e+00  dt=1.082e-03  relΔE=1.222e-10  ||F||=3.491e-04
 step= 80000  E=4.686253365354e+01  Q=5.300000000000e+01  λ=1.739378e+00  dt=8.374e-04  relΔE=9.025e-11  ||F||=3.410e-04
 step= 80500  E=4.686253081645e+01  Q=5.300000000000e+01  λ=1.739381e+00  dt=1.296e-03  relΔE=1.331e-10  ||F||=3.330e-04
 step= 81000  E=4.686252815577e+01  Q=5.300000000000e+01  λ=1.739384e+00  dt=1.003e-03  relΔE=9.835e-11  ||F||=3.254e-04
 step= 81500  E=4.686252552206e+01  Q=5.300000000000e+01  λ=1.739387e+00  dt=7.765e-04  relΔE=7.314e-11  ||F||=3.190e-04
 step= 82000  E=4.686252310756e+01  Q=5.300000000000e+01  λ=1.739390e+00  dt=1.202e-03  relΔE=1.072e-10  ||F||=3.104e-04
 step= 82500  E=4.686252076359e+01  Q=5.300000000000e+01  λ=1.739393e+00  dt=9.303e-04  relΔE=7.912e-11  ||F||=3.032e-04
 step= 83000  E=4.686251847261e+01  Q=5.300000000000e+01  λ=1.739396e+00  dt=1.440e-03  relΔE=1.113e-10  ||F||=6.931e-04
 step= 83500  E=4.686251640144e+01  Q=5.300000000000e+01  λ=1.739398e+00  dt=1.115e-03  relΔE=8.625e-11  ||F||=2.894e-04
 step= 84000  E=4.686251434815e+01  Q=5.300000000000e+01  λ=1.739401e+00  dt=8.626e-04  relΔE=6.367e-11  ||F||=2.827e-04
 step= 84500  E=4.686251239623e+01  Q=5.300000000000e+01  λ=1.739403e+00  dt=1.335e-03  relΔE=9.395e-11  ||F||=2.761e-04
 step= 85000  E=4.686251057729e+01  Q=5.300000000000e+01  λ=1.739406e+00  dt=1.033e-03  relΔE=6.942e-11  ||F||=2.698e-04
 step= 85500  E=4.686250878096e+01  Q=5.300000000000e+01  λ=1.739408e+00  dt=7.999e-04  relΔE=5.137e-11  ||F||=2.639e-04
 step= 86000  E=4.686250711369e+01  Q=5.300000000000e+01  λ=1.739411e+00  dt=1.238e-03  relΔE=7.564e-11  ||F||=2.574e-04
 step= 86500  E=4.686250551633e+01  Q=5.300000000000e+01  λ=1.739413e+00  dt=9.583e-04  relΔE=5.586e-11  ||F||=2.515e-04
 step= 87000  E=4.686250394102e+01  Q=5.300000000000e+01  λ=1.739415e+00  dt=7.417e-04  relΔE=5.486e-11  ||F||=4.248e-04
 step= 87500  E=4.686250252282e+01  Q=5.300000000000e+01  λ=1.739418e+00  dt=1.148e-03  relΔE=6.090e-11  ||F||=2.401e-04
 step= 88000  E=4.686250111739e+01  Q=5.300000000000e+01  λ=1.739420e+00  dt=8.885e-04  relΔE=4.495e-11  ||F||=2.345e-04
 step= 88500  E=4.686249977165e+01  Q=5.300000000000e+01  λ=1.739422e+00  dt=1.375e-03  relΔE=6.633e-11  ||F||=2.296e-04
 step= 89000  E=4.686249852794e+01  Q=5.300000000000e+01  λ=1.739424e+00  dt=1.065e-03  relΔE=4.901e-11  ||F||=2.238e-04
 step= 89500  E=4.686249730267e+01  Q=5.300000000000e+01  λ=1.739426e+00  dt=8.239e-04  relΔE=3.623e-11  ||F||=2.188e-04
 step= 90000  E=4.686249614923e+01  Q=5.300000000000e+01  λ=1.739428e+00  dt=1.275e-03  relΔE=5.341e-11  ||F||=2.136e-04
 step= 90500  E=4.686249506363e+01  Q=5.300000000000e+01  λ=1.739430e+00  dt=9.871e-04  relΔE=3.946e-11  ||F||=2.087e-04
 step= 91000  E=4.686249403453e+01  Q=5.300000000000e+01  λ=1.739432e+00  dt=1.273e-03  relΔE=4.860e-11  ||F||=2.040e-04
 step= 91500  E=4.686249303355e+01  Q=5.300000000000e+01  λ=1.739434e+00  dt=9.855e-04  relΔE=3.588e-11  ||F||=1.994e-04
 step= 92000  E=4.686249205100e+01  Q=5.300000000000e+01  λ=1.739436e+00  dt=7.627e-04  relΔE=2.729e-11  ||F||=1.977e-04
 step= 92500  E=4.686249115951e+01  Q=5.300000000000e+01  λ=1.739437e+00  dt=1.181e-03  relΔE=3.911e-11  ||F||=1.903e-04
 step= 93000  E=4.686249028536e+01  Q=5.300000000000e+01  λ=1.739439e+00  dt=9.138e-04  relΔE=2.887e-11  ||F||=1.859e-04
 step= 93500  E=4.686248943850e+01  Q=5.300000000000e+01  λ=1.739441e+00  dt=1.414e-03  relΔE=4.251e-11  ||F||=1.996e-04
 step= 94000  E=4.686248866560e+01  Q=5.300000000000e+01  λ=1.739442e+00  dt=1.095e-03  relΔE=3.148e-11  ||F||=1.775e-04
 step= 94500  E=4.686248790222e+01  Q=5.300000000000e+01  λ=1.739444e+00  dt=8.473e-04  relΔE=2.324e-11  ||F||=1.734e-04
 step= 95000  E=4.686248717757e+01  Q=5.300000000000e+01  λ=1.739446e+00  dt=1.312e-03  relΔE=3.429e-11  ||F||=1.694e-04
 step= 95500  E=4.686248650090e+01  Q=5.300000000000e+01  λ=1.739447e+00  dt=1.015e-03  relΔE=2.534e-11  ||F||=1.655e-04
 step= 96000  E=4.686248583149e+01  Q=5.300000000000e+01  λ=1.739449e+00  dt=7.857e-04  relΔE=1.880e-11  ||F||=1.621e-04
 step= 96500  E=4.686248521483e+01  Q=5.300000000000e+01  λ=1.739450e+00  dt=1.216e-03  relΔE=2.761e-11  ||F||=1.580e-04
 step= 97000  E=4.686248461989e+01  Q=5.300000000000e+01  λ=1.739452e+00  dt=9.413e-04  relΔE=2.039e-11  ||F||=1.544e-04
 step= 97500  E=4.686248403484e+01  Q=5.300000000000e+01  λ=1.739453e+00  dt=1.457e-03  relΔE=2.059e-11  ||F||=8.143e-04
 step= 98000  E=4.686248350755e+01  Q=5.300000000000e+01  λ=1.739455e+00  dt=1.128e-03  relΔE=2.222e-11  ||F||=1.474e-04
 step= 98500  E=4.686248298535e+01  Q=5.300000000000e+01  λ=1.739456e+00  dt=8.728e-04  relΔE=1.640e-11  ||F||=1.440e-04
 step= 99000  E=4.686248248707e+01  Q=5.300000000000e+01  λ=1.739457e+00  dt=1.351e-03  relΔE=2.420e-11  ||F||=1.407e-04
 step= 99500  E=4.686248202400e+01  Q=5.300000000000e+01  λ=1.739458e+00  dt=1.046e-03  relΔE=1.788e-11  ||F||=1.375e-04
 step=100000  E=4.686248156794e+01  Q=5.300000000000e+01  λ=1.739460e+00  dt=8.093e-04  relΔE=1.322e-11  ||F||=1.344e-04
 step=100500  E=4.686248114172e+01  Q=5.300000000000e+01  λ=1.739461e+00  dt=1.253e-03  relΔE=1.948e-11  ||F||=1.312e-04
 step=101000  E=4.686248073699e+01  Q=5.300000000000e+01  λ=1.739462e+00  dt=9.696e-04  relΔE=1.439e-11  ||F||=1.283e-04
 step=101500  E=4.686248033615e+01  Q=5.300000000000e+01  λ=1.739463e+00  dt=7.504e-04  relΔE=1.137e-11  ||F||=1.297e-04
 step=102000  E=4.686247997411e+01  Q=5.300000000000e+01  λ=1.739465e+00  dt=1.162e-03  relΔE=1.568e-11  ||F||=1.225e-04
 step=102500  E=4.686247961735e+01  Q=5.300000000000e+01  λ=1.739466e+00  dt=8.990e-04  relΔE=1.157e-11  ||F||=1.196e-04
 step=103000  E=4.686247927429e+01  Q=5.300000000000e+01  λ=1.739467e+00  dt=1.392e-03  relΔE=1.706e-11  ||F||=1.178e-04
 step=103500  E=4.686247895839e+01  Q=5.300000000000e+01  λ=1.739468e+00  dt=1.077e-03  relΔE=1.261e-11  ||F||=1.142e-04
 step=104000  E=4.686247864750e+01  Q=5.300000000000e+01  λ=1.739469e+00  dt=8.336e-04  relΔE=9.309e-12  ||F||=1.116e-04
 step=104500  E=4.686247835367e+01  Q=5.300000000000e+01  λ=1.739470e+00  dt=1.290e-03  relΔE=1.373e-11  ||F||=1.090e-04
 step=105000  E=4.686247807771e+01  Q=5.300000000000e+01  λ=1.739471e+00  dt=9.987e-04  relΔE=1.014e-11  ||F||=1.066e-04
 step=105500  E=4.686247780474e+01  Q=5.300000000000e+01  λ=1.739472e+00  dt=7.730e-04  relΔE=7.617e-12  ||F||=1.050e-04
 step=106000  E=4.686247755546e+01  Q=5.300000000000e+01  λ=1.739473e+00  dt=1.197e-03  relΔE=1.105e-11  ||F||=1.018e-04
 step=106500  E=4.686247731260e+01  Q=5.300000000000e+01  λ=1.739474e+00  dt=9.261e-04  relΔE=8.152e-12  ||F||=9.943e-05
 step=107000  E=4.686247707587e+01  Q=5.300000000000e+01  λ=1.739475e+00  dt=1.434e-03  relΔE=1.188e-11  ||F||=1.409e-04
 step=107500  E=4.686247686138e+01  Q=5.300000000000e+01  λ=1.739476e+00  dt=1.109e-03  relΔE=8.881e-12  ||F||=9.494e-05
 step=108000  E=4.686247664880e+01  Q=5.300000000000e+01  λ=1.739477e+00  dt=8.587e-04  relΔE=6.554e-12  ||F||=9.278e-05
 step=108500  E=4.686247644715e+01  Q=5.300000000000e+01  λ=1.739477e+00  dt=1.329e-03  relΔE=9.665e-12  ||F||=9.063e-05
 step=109000  E=4.686247625925e+01  Q=5.300000000000e+01  λ=1.739478e+00  dt=1.029e-03  relΔE=7.137e-12  ||F||=8.859e-05
 step=109500  E=4.686247607362e+01  Q=5.300000000000e+01  λ=1.739479e+00  dt=7.962e-04  relΔE=5.281e-12  ||F||=8.668e-05
 step=110000  E=4.686247590181e+01  Q=5.300000000000e+01  λ=1.739480e+00  dt=1.233e-03  relΔE=7.770e-12  ||F||=8.457e-05
 step=110500  E=4.686247573691e+01  Q=5.300000000000e+01  λ=1.739481e+00  dt=9.539e-04  relΔE=5.735e-12  ||F||=8.265e-05
 step=111000  E=4.686247557441e+01  Q=5.300000000000e+01  λ=1.739481e+00  dt=7.383e-04  relΔE=6.867e-12  ||F||=2.945e-04
 step=111500  E=4.686247542831e+01  Q=5.300000000000e+01  λ=1.739482e+00  dt=1.143e-03  relΔE=6.243e-12  ||F||=7.892e-05
 step=112000  E=4.686247528350e+01  Q=5.300000000000e+01  λ=1.739483e+00  dt=8.845e-04  relΔE=4.605e-12  ||F||=7.711e-05
 step=112500  E=4.686247514532e+01  Q=5.300000000000e+01  λ=1.739484e+00  dt=1.369e-03  relΔE=6.790e-12  ||F||=7.542e-05
 step=113000  E=4.686247501717e+01  Q=5.300000000000e+01  λ=1.739484e+00  dt=1.060e-03  relΔE=5.013e-12  ||F||=7.364e-05
 step=113500  E=4.686247489156e+01  Q=5.300000000000e+01  λ=1.739485e+00  dt=8.202e-04  relΔE=3.700e-12  ||F||=7.197e-05
 step=114000  E=4.686247477862e+01  Q=5.300000000000e+01  λ=1.739486e+00  dt=1.058e-03  relΔE=4.554e-12  ||F||=7.038e-05
 step=114500  E=4.686247466258e+01  Q=5.300000000000e+01  λ=1.739486e+00  dt=8.189e-04  relΔE=3.359e-12  ||F||=6.876e-05
 step=115000  E=4.686247455503e+01  Q=5.300000000000e+01  λ=1.739487e+00  dt=1.268e-03  relΔE=4.950e-12  ||F||=6.716e-05
 step=115500  E=4.686247445363e+01  Q=5.300000000000e+01  λ=1.739488e+00  dt=9.810e-04  relΔE=3.652e-12  ||F||=6.565e-05
 step=116000  E=4.686247435314e+01  Q=5.300000000000e+01  λ=1.739488e+00  dt=7.593e-04  relΔE=2.795e-12  ||F||=6.529e-05
 step=116500  E=4.686247426228e+01  Q=5.300000000000e+01  λ=1.739489e+00  dt=1.175e-03  relΔE=3.973e-12  ||F||=6.269e-05
 step=117000  E=4.686247417304e+01  Q=5.300000000000e+01  λ=1.739489e+00  dt=9.097e-04  relΔE=2.929e-12  ||F||=6.125e-05
 step=117500  E=4.686247408682e+01  Q=5.300000000000e+01  λ=1.739490e+00  dt=1.408e-03  relΔE=4.310e-12  ||F||=6.397e-05
 step=118000  E=4.686247400811e+01  Q=5.300000000000e+01  λ=1.739490e+00  dt=1.090e-03  relΔE=3.186e-12  ||F||=5.849e-05
 step=118500  E=4.686247393058e+01  Q=5.300000000000e+01  λ=1.739491e+00  dt=8.435e-04  relΔE=2.350e-12  ||F||=5.716e-05
 step=119000  E=4.686247385718e+01  Q=5.300000000000e+01  λ=1.739492e+00  dt=1.306e-03  relΔE=3.462e-12  ||F||=5.584e-05
 step=119500  E=4.686247378854e+01  Q=5.300000000000e+01  λ=1.739492e+00  dt=1.011e-03  relΔE=2.554e-12  ||F||=5.459e-05
 step=120000  E=4.686247372075e+01  Q=5.300000000000e+01  λ=1.739493e+00  dt=7.821e-04  relΔE=1.896e-12  ||F||=5.352e-05
 step=120500  E=4.686247365855e+01  Q=5.300000000000e+01  λ=1.739493e+00  dt=1.211e-03  relΔE=2.775e-12  ||F||=5.212e-05
 step=121000  E=4.686247359848e+01  Q=5.300000000000e+01  λ=1.739494e+00  dt=9.370e-04  relΔE=2.046e-12  ||F||=5.093e-05
 step=121500  E=4.686247353958e+01  Q=5.300000000000e+01  λ=1.739494e+00  dt=1.450e-03  relΔE=2.631e-12  ||F||=1.702e-04
 step=122000  E=4.686247348659e+01  Q=5.300000000000e+01  λ=1.739494e+00  dt=1.123e-03  relΔE=2.223e-12  ||F||=4.864e-05
 step=122500  E=4.686247343418e+01  Q=5.300000000000e+01  λ=1.739495e+00  dt=8.689e-04  relΔE=1.637e-12  ||F||=4.753e-05
 step=123000  E=4.686247338422e+01  Q=5.300000000000e+01  λ=1.739495e+00  dt=1.345e-03  relΔE=2.412e-12  ||F||=4.644e-05
 step=123500  E=4.686247333792e+01  Q=5.300000000000e+01  λ=1.739496e+00  dt=1.041e-03  relΔE=1.779e-12  ||F||=4.539e-05
 step=124000  E=4.686247329236e+01  Q=5.300000000000e+01  λ=1.739496e+00  dt=8.057e-04  relΔE=1.314e-12  ||F||=4.441e-05
 step=124500  E=4.686247325003e+01  Q=5.300000000000e+01  λ=1.739497e+00  dt=1.247e-03  relΔE=1.930e-12  ||F||=4.334e-05
 step=125000  E=4.686247320965e+01  Q=5.300000000000e+01  λ=1.739497e+00  dt=9.652e-04  relΔE=1.422e-12  ||F||=4.236e-05
 step=125500  E=4.686247316992e+01  Q=5.300000000000e+01  λ=1.739497e+00  dt=7.470e-04  relΔE=1.150e-12  ||F||=4.328e-05
 step=126000  E=4.686247313414e+01  Q=5.300000000000e+01  λ=1.739498e+00  dt=1.156e-03  relΔE=1.543e-12  ||F||=4.045e-05
 step=126500  E=4.686247309887e+01  Q=5.300000000000e+01  λ=1.739498e+00  dt=8.950e-04  relΔE=1.136e-12  ||F||=3.953e-05
 step=127000  E=4.686247306508e+01  Q=5.300000000000e+01  λ=1.739499e+00  dt=1.385e-03  relΔE=1.672e-12  ||F||=3.878e-05
 step=127500  E=4.686247303400e+01  Q=5.300000000000e+01  λ=1.739499e+00  dt=1.072e-03  relΔE=1.232e-12  ||F||=3.775e-05
 step=128000  E=4.686247300353e+01  Q=5.300000000000e+01  λ=1.739499e+00  dt=8.299e-04  relΔE=9.078e-13  ||F||=3.689e-05
 step=128500  E=4.686247297481e+01  Q=5.300000000000e+01  λ=1.739500e+00  dt=1.285e-03  relΔE=1.335e-12  ||F||=3.604e-05
 step=129000  E=4.686247294790e+01  Q=5.300000000000e+01  λ=1.739500e+00  dt=9.942e-04  relΔE=9.828e-13  ||F||=3.523e-05
 step=129500  E=4.686247292130e+01  Q=5.300000000000e+01  λ=1.739500e+00  dt=7.695e-04  relΔE=7.390e-13  ||F||=3.474e-05
 step=130000  E=4.686247289716e+01  Q=5.300000000000e+01  λ=1.739501e+00  dt=1.191e-03  relΔE=1.065e-12  ||F||=3.364e-05
 step=130500  E=4.686247287365e+01  Q=5.300000000000e+01  λ=1.739501e+00  dt=9.219e-04  relΔE=7.834e-13  ||F||=3.288e-05
 step=131000  E=4.686247285084e+01  Q=5.300000000000e+01  λ=1.739501e+00  dt=1.427e-03  relΔE=1.142e-12  ||F||=4.272e-05
 step=131500  E=4.686247283021e+01  Q=5.300000000000e+01  λ=1.739501e+00  dt=1.104e-03  relΔE=8.486e-13  ||F||=3.140e-05
 step=132000  E=4.686247280985e+01  Q=5.300000000000e+01  λ=1.739502e+00  dt=8.548e-04  relΔE=6.241e-13  ||F||=3.068e-05
 step=132500  E=4.686247279061e+01  Q=5.300000000000e+01  λ=1.739502e+00  dt=1.323e-03  relΔE=9.170e-13  ||F||=2.998e-05
 step=133000  E=4.686247277271e+01  Q=5.300000000000e+01  λ=1.739502e+00  dt=1.024e-03  relΔE=6.750e-13  ||F||=2.931e-05
 step=133500  E=4.686247275510e+01  Q=5.300000000000e+01  λ=1.739503e+00  dt=7.927e-04  relΔE=4.979e-13  ||F||=2.868e-05
 step=134000  E=4.686247273889e+01  Q=5.300000000000e+01  λ=1.739503e+00  dt=1.227e-03  relΔE=7.289e-13  ||F||=2.798e-05
 step=134500  E=4.686247272334e+01  Q=5.300000000000e+01  λ=1.739503e+00  dt=9.496e-04  relΔE=5.360e-13  ||F||=2.735e-05
 step=135000  E=4.686247270812e+01  Q=5.300000000000e+01  λ=1.739503e+00  dt=6.125e-04  relΔE=1.388e-12  ||F||=2.602e-04
 step=135500  E=4.686247269478e+01  Q=5.300000000000e+01  λ=1.739504e+00  dt=9.481e-04  relΔE=4.829e-13  ||F||=2.613e-05
 step=136000  E=4.686247268100e+01  Q=5.300000000000e+01  λ=1.739504e+00  dt=1.468e-03  relΔE=2.214e-14  ||F||=2.174e-04
 step=136500  E=4.686247266865e+01  Q=5.300000000000e+01  λ=1.739504e+00  dt=1.136e-03  relΔE=5.208e-13  ||F||=2.495e-05
 step=137000  E=4.686247265652e+01  Q=5.300000000000e+01  λ=1.739504e+00  dt=8.791e-04  relΔE=3.828e-13  ||F||=2.438e-05
 step=137500  E=4.686247264499e+01  Q=5.300000000000e+01  λ=1.739505e+00  dt=1.361e-03  relΔE=5.616e-13  ||F||=2.383e-05
 step=138000  E=4.686247263437e+01  Q=5.300000000000e+01  λ=1.739505e+00  dt=1.053e-03  relΔE=4.124e-13  ||F||=2.329e-05
 step=138500  E=4.686247262395e+01  Q=5.300000000000e+01  λ=1.739505e+00  dt=8.152e-04  relΔE=3.031e-13  ||F||=2.277e-05
 step=139000  E=4.686247261427e+01  Q=5.300000000000e+01  λ=1.739505e+00  dt=1.262e-03  relΔE=4.438e-13  ||F||=2.223e-05
 step=139500  E=4.686247260513e+01  Q=5.300000000000e+01  λ=1.739505e+00  dt=9.766e-04  relΔE=3.261e-13  ||F||=2.173e-05
 step=140000  E=4.686247259615e+01  Q=5.300000000000e+01  λ=1.739506e+00  dt=7.559e-04  relΔE=2.497e-13  ||F||=2.161e-05
 step=140500  E=4.686247258808e+01  Q=5.300000000000e+01  λ=1.739506e+00  dt=1.170e-03  relΔE=3.506e-13  ||F||=2.075e-05
 step=141000  E=4.686247258019e+01  Q=5.300000000000e+01  λ=1.739506e+00  dt=9.056e-04  relΔE=2.567e-13  ||F||=2.028e-05
 step=141500  E=4.686247257264e+01  Q=5.300000000000e+01  λ=1.739506e+00  dt=1.402e-03  relΔE=3.759e-13  ||F||=2.014e-05
 step=142000  E=4.686247256576e+01  Q=5.300000000000e+01  λ=1.739506e+00  dt=1.085e-03  relΔE=2.761e-13  ||F||=1.937e-05
 step=142500  E=4.686247255903e+01  Q=5.300000000000e+01  λ=1.739507e+00  dt=8.397e-04  relΔE=2.020e-13  ||F||=1.893e-05
 step=143000  E=4.686247255271e+01  Q=5.300000000000e+01  λ=1.739507e+00  dt=1.300e-03  relΔE=2.957e-13  ||F||=1.849e-05
 step=143500  E=4.686247254684e+01  Q=5.300000000000e+01  λ=1.739507e+00  dt=1.006e-03  relΔE=2.164e-13  ||F||=1.808e-05
 step=144000  E=4.686247254108e+01  Q=5.300000000000e+01  λ=1.739507e+00  dt=7.786e-04  relΔE=1.595e-13  ||F||=1.772e-05
 step=144500  E=4.686247253584e+01  Q=5.300000000000e+01  λ=1.739507e+00  dt=1.205e-03  relΔE=2.317e-13  ||F||=1.726e-05
 step=145000  E=4.686247253081e+01  Q=5.300000000000e+01  λ=1.739507e+00  dt=9.328e-04  relΔE=1.694e-13  ||F||=1.687e-05
 step=145500  E=4.686247252593e+01  Q=5.300000000000e+01  λ=1.739508e+00  dt=1.444e-03  relΔE=2.323e-13  ||F||=3.717e-05
 step=146000  E=4.686247252157e+01  Q=5.300000000000e+01  λ=1.739508e+00  dt=1.118e-03  relΔE=1.813e-13  ||F||=1.611e-05
 step=146500  E=4.686247251729e+01  Q=5.300000000000e+01  λ=1.739508e+00  dt=8.649e-04  relΔE=1.322e-13  ||F||=1.575e-05
 step=147000  E=4.686247251326e+01  Q=5.300000000000e+01  λ=1.739508e+00  dt=1.339e-03  relΔE=1.927e-13  ||F||=1.538e-05
 step=147500  E=4.686247250955e+01  Q=5.300000000000e+01  λ=1.739508e+00  dt=1.036e-03  relΔE=1.412e-13  ||F||=1.504e-05
 step=148000  E=4.686247250594e+01  Q=5.300000000000e+01  λ=1.739508e+00  dt=8.020e-04  relΔE=1.028e-13  ||F||=1.471e-05
 step=148500  E=4.686247250261e+01  Q=5.300000000000e+01  λ=1.739508e+00  dt=1.241e-03  relΔE=1.497e-13  ||F||=1.436e-05
 step=149000  E=4.686247249948e+01  Q=5.300000000000e+01  λ=1.739509e+00  dt=9.609e-04  relΔE=1.095e-13  ||F||=1.404e-05
 step=149500  E=4.686247249642e+01  Q=5.300000000000e+01  λ=1.739509e+00  dt=7.437e-04  relΔE=9.294e-14  ||F||=1.462e-05
 step=150000  E=4.686247249371e+01  Q=5.300000000000e+01  λ=1.739509e+00  dt=1.151e-03  relΔE=1.152e-13  ||F||=1.341e-05
 step=150500  E=4.686247249106e+01  Q=5.300000000000e+01  λ=1.739509e+00  dt=8.910e-04  relΔE=8.461e-14  ||F||=1.310e-05
 step=151000  E=4.686247248856e+01  Q=5.300000000000e+01  λ=1.739509e+00  dt=1.379e-03  relΔE=1.224e-13  ||F||=1.283e-05
 step=151500  E=4.686247248629e+01  Q=5.300000000000e+01  λ=1.739509e+00  dt=1.067e-03  relΔE=8.961e-14  ||F||=1.251e-05
 step=152000  E=4.686247248409e+01  Q=5.300000000000e+01  λ=1.739509e+00  dt=8.261e-04  relΔE=6.505e-14  ||F||=1.223e-05
 step=152500  E=4.686247248205e+01  Q=5.300000000000e+01  λ=1.739509e+00  dt=1.279e-03  relΔE=9.370e-14  ||F||=1.195e-05
 step=153000  E=4.686247248016e+01  Q=5.300000000000e+01  λ=1.739510e+00  dt=9.898e-04  relΔE=6.838e-14  ||F||=1.168e-05
 step=153500  E=4.686247247833e+01  Q=5.300000000000e+01  λ=1.739510e+00  dt=7.660e-04  relΔE=5.034e-14  ||F||=1.149e-05
 step=154000  E=4.686247247669e+01  Q=5.300000000000e+01  λ=1.739510e+00  dt=1.186e-03  relΔE=7.141e-14  ||F||=1.115e-05
 step=154500  E=4.686247247514e+01  Q=5.300000000000e+01  λ=1.739510e+00  dt=7.648e-04  relΔE=4.306e-14  ||F||=1.090e-05
 step=155000  E=4.686247247370e+01  Q=5.300000000000e+01  λ=1.739510e+00  dt=1.184e-03  relΔE=6.232e-14  ||F||=1.066e-05
 step=155500  E=4.686247247231e+01  Q=5.300000000000e+01  λ=1.739510e+00  dt=9.163e-04  relΔE=4.473e-14  ||F||=1.041e-05
 step=156000  E=4.686247247101e+01  Q=5.300000000000e+01  λ=1.739510e+00  dt=1.418e-03  relΔE=6.398e-14  ||F||=1.017e-05
 step=156500  E=4.686247246985e+01  Q=5.300000000000e+01  λ=1.739510e+00  dt=1.098e-03  relΔE=4.609e-14  ||F||=9.940e-06
 step=157000  E=4.686247246874e+01  Q=5.300000000000e+01  λ=1.739510e+00  dt=8.496e-04  relΔE=3.381e-14  ||F||=9.710e-06
 step=157500  E=4.686247246771e+01  Q=5.300000000000e+01  λ=1.739510e+00  dt=1.315e-03  relΔE=4.761e-14  ||F||=9.487e-06
 step=158000  E=4.686247246678e+01  Q=5.300000000000e+01  λ=1.739511e+00  dt=1.018e-03  relΔE=3.396e-14  ||F||=9.272e-06
 step=158500  E=4.686247246588e+01  Q=5.300000000000e+01  λ=1.739511e+00  dt=7.878e-04  relΔE=2.411e-14  ||F||=9.055e-06
 step=159000  E=4.686247246509e+01  Q=5.300000000000e+01  λ=1.739511e+00  dt=1.219e-03  relΔE=3.487e-14  ||F||=8.852e-06
 step=159500  E=4.686247246435e+01  Q=5.300000000000e+01  λ=1.739511e+00  dt=9.438e-04  relΔE=2.487e-14  ||F||=8.649e-06
 step=160000  E=4.686247246365e+01  Q=5.300000000000e+01  λ=1.739511e+00  dt=1.461e-03  relΔE=3.487e-14  ||F||=2.343e-05
 step=160500  E=4.686247246305e+01  Q=5.300000000000e+01  λ=1.739511e+00  dt=1.131e-03  relΔE=2.456e-14  ||F||=8.258e-06
 step=161000  E=4.686247246247e+01  Q=5.300000000000e+01  λ=1.739511e+00  dt=8.752e-04  relΔE=1.774e-14  ||F||=8.067e-06
 step=161500  E=4.686247246195e+01  Q=5.300000000000e+01  λ=1.739511e+00  dt=1.355e-03  relΔE=2.517e-14  ||F||=7.882e-06
 step=162000  E=4.686247246149e+01  Q=5.300000000000e+01  λ=1.739511e+00  dt=1.048e-03  relΔE=1.744e-14  ||F||=7.705e-06
 step=162500  E=4.686247246106e+01  Q=5.300000000000e+01  λ=1.739511e+00  dt=8.115e-04  relΔE=1.183e-14  ||F||=7.526e-06
 step=163000  E=4.686247246068e+01  Q=5.300000000000e+01  λ=1.739511e+00  dt=1.256e-03  relΔE=1.668e-14  ||F||=7.355e-06
 step=163500  E=4.686247246034e+01  Q=5.300000000000e+01  λ=1.739511e+00  dt=9.722e-04  relΔE=1.092e-14  ||F||=7.189e-06
 step=164000  E=4.686247246003e+01  Q=5.300000000000e+01  λ=1.739511e+00  dt=7.525e-04  relΔE=7.884e-15  ||F||=7.020e-06
 step=164500  E=4.686247245977e+01  Q=5.300000000000e+01  λ=1.739512e+00  dt=1.165e-03  relΔE=1.137e-14  ||F||=6.864e-06
 step=165000  E=4.686247245953e+01  Q=5.300000000000e+01  λ=1.739512e+00  dt=9.015e-04  relΔE=7.278e-15  ||F||=6.706e-06
 step=165500  E=4.686247245933e+01  Q=5.300000000000e+01  λ=1.739512e+00  dt=1.395e-03  relΔE=9.855e-15  ||F||=6.552e-06
 step=166000  E=4.686247245916e+01  Q=5.300000000000e+01  λ=1.739512e+00  dt=1.080e-03  relΔE=6.217e-15  ||F||=6.405e-06
 step=166500  E=4.686247245901e+01  Q=5.300000000000e+01  λ=1.739512e+00  dt=8.359e-04  relΔE=3.791e-15  ||F||=6.258e-06
 step=167000  E=4.686247245889e+01  Q=5.300000000000e+01  λ=1.739512e+00  dt=1.294e-03  relΔE=5.610e-15  ||F||=6.115e-06
 step=167500  E=4.686247245880e+01  Q=5.300000000000e+01  λ=1.739512e+00  dt=1.001e-03  relΔE=3.184e-15  ||F||=5.978e-06
 step=168000  E=4.686247245873e+01  Q=5.300000000000e+01  λ=1.739512e+00  dt=7.751e-04  relΔE=1.516e-15  ||F||=5.840e-06
 step=168500  E=4.686247245868e+01  Q=5.300000000000e+01  λ=1.739512e+00  dt=1.200e-03  relΔE=1.819e-15  ||F||=5.710e-06
 step=169000  E=4.686247245865e+01  Q=5.300000000000e+01  λ=1.739512e+00  dt=9.286e-04  relΔE=7.581e-16  ||F||=5.580e-06
  !! dt fell below dt_min: stiffness-limited termination.

Stationary candidate (aggressive): E=4.686247245864e+01, Q=5.300000000000e+01, maxρ=1.446233e-01

=== Stability test (damped inertial dynamics) ===
Perturb eps=0.02, gamma=1
t=0: E=4.946866093848e+01, Q=5.300000000000e+01, maxρ=1.502359e-01, σ=4.393249e+00, Rc=1.865472e+01
 step=     1  E=4.946864780991e+01  Q=5.300000000000e+01  λ=2.132179e+00  maxρ=1.502359e-01  minρ=1.000e-15  σ=4.393249e+00  Rc=1.865472e+01
 step=   300  E=4.893048823978e+01  Q=5.300000000000e+01  λ=2.027191e+00  maxρ=1.499811e-01  minρ=1.000e-15  σ=4.393245e+00  Rc=1.865472e+01
 step=   600  E=4.784939201519e+01  Q=5.300000000000e+01  λ=1.837462e+00  maxρ=1.492626e-01  minρ=1.000e-15  σ=4.393238e+00  Rc=1.865472e+01
 step=   900  E=4.721906268422e+01  Q=5.300000000000e+01  λ=1.777907e+00  maxρ=1.481997e-01  minρ=1.000e-15  σ=4.393238e+00  Rc=1.865472e+01
 step=  1200  E=4.746219869040e+01  Q=5.300000000000e+01  λ=1.888314e+00  maxρ=1.476980e-01  minρ=1.000e-15  σ=4.393243e+00  Rc=1.865472e+01
 step=  1500  E=4.810837942227e+01  Q=5.300000000000e+01  λ=2.006609e+00  maxρ=1.478720e-01  minρ=1.000e-15  σ=4.393245e+00  Rc=1.865471e+01
 step=  1800  E=4.843429247159e+01  Q=5.300000000000e+01  λ=1.990715e+00  maxρ=1.483460e-01  minρ=1.000e-15  σ=4.393240e+00  Rc=1.865471e+01
 step=  2100  E=4.823767292480e+01  Q=5.300000000000e+01  λ=1.886521e+00  maxρ=1.475918e-01  minρ=1.000e-15  σ=4.393234e+00  Rc=1.865472e+01
 step=  2400  E=4.790020218030e+01  Q=5.300000000000e+01  λ=1.839844e+00  maxρ=1.462001e-01  minρ=1.000e-15  σ=4.393235e+00  Rc=1.865472e+01
 step=  2700  E=4.782274626749e+01  Q=5.300000000000e+01  λ=1.897633e+00  maxρ=1.470389e-01  minρ=1.000e-15  σ=4.393243e+00  Rc=1.865472e+01
 step=  3000  E=4.798924582672e+01  Q=5.300000000000e+01  λ=1.965279e+00  maxρ=1.485890e-01  minρ=1.000e-15  σ=4.393246e+00  Rc=1.865472e+01
 step=  3300  E=4.810827401364e+01  Q=5.300000000000e+01  λ=1.950970e+00  maxρ=1.489704e-01  minρ=1.000e-15  σ=4.393240e+00  Rc=1.865472e+01
 step=  3600  E=4.802631150586e+01  Q=5.300000000000e+01  λ=1.883274e+00  maxρ=1.480187e-01  minρ=1.000e-15  σ=4.393234e+00  Rc=1.865472e+01
 step=  3900  E=4.786910898234e+01  Q=5.300000000000e+01  λ=1.854304e+00  maxρ=1.477842e-01  minρ=1.000e-15  σ=4.393235e+00  Rc=1.865472e+01
 step=  4200  E=4.781720910919e+01  Q=5.300000000000e+01  λ=1.889724e+00  maxρ=1.472707e-01  minρ=1.000e-15  σ=4.393242e+00  Rc=1.865471e+01
 step=  4500  E=4.787705962082e+01  Q=5.300000000000e+01  λ=1.927018e+00  maxρ=1.470262e-01  minρ=1.000e-15  σ=4.393247e+00  Rc=1.865471e+01
 step=  4800  E=4.792355480932e+01  Q=5.300000000000e+01  λ=1.913072e+00  maxρ=1.477815e-01  minρ=1.000e-15  σ=4.393243e+00  Rc=1.865471e+01
 step=  5100  E=4.788980978897e+01  Q=5.300000000000e+01  λ=1.872788e+00  maxρ=1.477904e-01  minρ=1.000e-15  σ=4.393236e+00  Rc=1.865471e+01
 step=  5400  E=4.783035007867e+01  Q=5.300000000000e+01  λ=1.862376e+00  maxρ=1.476168e-01  minρ=1.000e-15  σ=4.393234e+00  Rc=1.865471e+01
 step=  5700  E=4.781323601010e+01  Q=5.300000000000e+01  λ=1.888554e+00  maxρ=1.471134e-01  minρ=1.000e-15  σ=4.393237e+00  Rc=1.865471e+01
 step=  6000  E=4.782655276812e+01  Q=5.300000000000e+01  λ=1.907573e+00  maxρ=1.471854e-01  minρ=1.000e-15  σ=4.393239e+00  Rc=1.865471e+01
 >>> No runaway detected in this horizon. Likely stable (within this model & box).

STABILITY: PASS
