
=== Aggressive relaxation to Q = 687 ===
Initial: E=1.766244707537e+03, Q=6.870000000000e+02, dt=1.000e-04
 step=     1  E=1.766155220257e+03  Q=6.870000000000e+02  λ=5.075057e+00  dt=1.000e-04  relΔE=5.067e-05  ||F||=1.141e+00
 step=   500  E=1.663873696254e+03  Q=6.870000000000e+02  λ=4.771210e+00  dt=6.192e-04  relΔE=2.180e-04  ||F||=1.012e+00
 step=  1000  E=1.418281619100e+03  Q=6.870000000000e+02  λ=4.041307e+00  dt=9.584e-04  relΔE=2.345e-04  ||F||=7.788e-01
 step=  1500  E=1.249043957253e+03  Q=6.870000000000e+02  λ=3.541485e+00  dt=7.418e-04  relΔE=1.752e-04  ||F||=7.942e-01
 step=  2000  E=1.134289703735e+03  Q=6.870000000000e+02  λ=3.204946e+00  dt=1.148e-03  relΔE=1.808e-04  ||F||=5.587e-01
 step=  2500  E=1.043196151267e+03  Q=6.870000000000e+02  λ=2.939115e+00  dt=8.887e-04  relΔE=1.182e-04  ||F||=4.924e-01
 step=  3000  E=9.711274188669e+02  Q=6.870000000000e+02  λ=2.730108e+00  dt=1.376e-03  relΔE=1.573e-04  ||F||=4.417e-01
 step=  3500  E=9.143218679473e+02  Q=6.870000000000e+02  λ=2.565830e+00  dt=1.065e-03  relΔE=1.067e-04  ||F||=4.001e-01
 step=  4000  E=8.656625125201e+02  Q=6.870000000000e+02  λ=2.425674e+00  dt=8.241e-04  relΔE=7.309e-05  ||F||=3.663e-01
 step=  4500  E=8.249469604353e+02  Q=6.870000000000e+02  λ=2.308961e+00  dt=1.276e-03  relΔE=1.016e-04  ||F||=3.388e-01
 step=  5000  E=7.900874251763e+02  Q=6.870000000000e+02  λ=2.209267e+00  dt=9.873e-04  relΔE=7.228e-05  ||F||=3.179e-01
 step=  5500  E=7.578033807577e+02  Q=6.870000000000e+02  λ=2.117306e+00  dt=7.641e-04  relΔE=5.374e-05  ||F||=3.052e-01
 step=  6000  E=7.295596054832e+02  Q=6.870000000000e+02  λ=2.037186e+00  dt=1.183e-03  relΔE=7.894e-05  ||F||=2.917e-01
 step=  6500  E=7.022095965321e+02  Q=6.870000000000e+02  λ=1.959573e+00  dt=9.154e-04  relΔE=6.033e-05  ||F||=2.843e-01
 step=  7000  E=6.757031689454e+02  Q=6.870000000000e+02  λ=1.884214e+00  dt=1.417e-03  relΔE=9.232e-05  ||F||=3.162e-01
 step=  7500  E=6.516489662482e+02  Q=6.870000000000e+02  λ=1.815152e+00  dt=1.097e-03  relΔE=6.984e-05  ||F||=2.692e-01
 step=  8000  E=6.287119265447e+02  Q=6.870000000000e+02  λ=1.748498e+00  dt=8.488e-04  relΔE=5.051e-05  ||F||=2.557e-01
 step=  8500  E=6.086553091244e+02  Q=6.870000000000e+02  λ=1.689383e+00  dt=1.314e-03  relΔE=6.867e-05  ||F||=2.357e-01
 step=  9000  E=5.924586560970e+02  Q=6.870000000000e+02  λ=1.640777e+00  dt=1.017e-03  relΔE=4.362e-05  ||F||=2.107e-01
 step=  9500  E=5.795372906431e+02  Q=6.870000000000e+02  λ=1.601330e+00  dt=7.871e-04  relΔE=2.572e-05  ||F||=1.819e-01
 step= 10000  E=5.705382251755e+02  Q=6.870000000000e+02  λ=1.573383e+00  dt=1.218e-03  relΔE=2.823e-05  ||F||=1.520e-01
 step= 10500  E=5.642988521200e+02  Q=6.870000000000e+02  λ=1.553601e+00  dt=9.430e-04  relΔE=1.469e-05  ||F||=1.239e-01
 step= 11000  E=5.601335200301e+02  Q=6.870000000000e+02  λ=1.540230e+00  dt=1.460e-03  relΔE=9.650e-06  ||F||=5.503e-01
 step= 11500  E=5.576621876233e+02  Q=6.870000000000e+02  λ=1.531882e+00  dt=1.130e-03  relΔE=7.033e-06  ||F||=7.787e-02
 step= 12000  E=5.560842155067e+02  Q=6.870000000000e+02  λ=1.526458e+00  dt=8.744e-04  relΔE=3.281e-06  ||F||=6.036e-02
 step= 12500  E=5.551441650896e+02  Q=6.870000000000e+02  λ=1.523097e+00  dt=1.353e-03  relΔE=3.005e-06  ||F||=4.640e-02
 step= 13000  E=5.546034549231e+02  Q=6.870000000000e+02  λ=1.521061e+00  dt=1.048e-03  relΔE=1.376e-06  ||F||=3.566e-02
 step= 13500  E=5.542773005640e+02  Q=6.870000000000e+02  λ=1.519753e+00  dt=8.108e-04  relΔE=6.150e-07  ||F||=2.708e-02
 step= 14000  E=5.540930231760e+02  Q=6.870000000000e+02  λ=1.518953e+00  dt=1.255e-03  relΔE=5.494e-07  ||F||=2.056e-02
 step= 14500  E=5.539869652902e+02  Q=6.870000000000e+02  λ=1.518446e+00  dt=9.713e-04  relΔE=2.451e-07  ||F||=1.560e-02
 step= 15000  E=5.539242317929e+02  Q=6.870000000000e+02  λ=1.518108e+00  dt=7.518e-04  relΔE=1.148e-07  ||F||=1.215e-02
 step= 15500  E=5.538903501008e+02  Q=6.870000000000e+02  λ=1.517899e+00  dt=1.164e-03  relΔE=9.580e-08  ||F||=8.898e-03
 step= 16000  E=5.538702524267e+02  Q=6.870000000000e+02  λ=1.517753e+00  dt=9.007e-04  relΔE=4.216e-08  ||F||=6.702e-03
 step= 16500  E=5.538587352587e+02  Q=6.870000000000e+02  λ=1.517652e+00  dt=1.394e-03  relΔE=3.693e-08  ||F||=5.095e-03
 step= 17000  E=5.538523902333e+02  Q=6.870000000000e+02  λ=1.517584e+00  dt=1.079e-03  relΔE=1.654e-08  ||F||=3.821e-03
 step= 17500  E=5.538486270378e+02  Q=6.870000000000e+02  λ=1.517533e+00  dt=8.352e-04  relΔE=7.308e-09  ||F||=2.879e-03
 step= 18000  E=5.538464884815e+02  Q=6.870000000000e+02  λ=1.517497e+00  dt=1.293e-03  relΔE=6.520e-09  ||F||=2.178e-03
 step= 18500  E=5.538452654228e+02  Q=6.870000000000e+02  λ=1.517470e+00  dt=1.001e-03  relΔE=2.958e-09  ||F||=1.659e-03
 step= 19000  E=5.538445243113e+02  Q=6.870000000000e+02  λ=1.517449e+00  dt=7.744e-04  relΔE=1.347e-09  ||F||=1.265e-03
 step= 19500  E=5.538441039459e+02  Q=6.870000000000e+02  λ=1.517433e+00  dt=1.199e-03  relΔE=1.245e-09  ||F||=9.686e-04
 step= 20000  E=5.538438437893e+02  Q=6.870000000000e+02  λ=1.517421e+00  dt=9.278e-04  relΔE=5.881e-10  ||F||=7.485e-04
 step= 20500  E=5.538436801193e+02  Q=6.870000000000e+02  λ=1.517411e+00  dt=1.436e-03  relΔE=5.510e-10  ||F||=1.111e-03
 step= 21000  E=5.538435813843e+02  Q=6.870000000000e+02  λ=1.517403e+00  dt=1.112e-03  relΔE=2.861e-10  ||F||=4.634e-04
 step= 21500  E=5.538435136220e+02  Q=6.870000000000e+02  λ=1.517397e+00  dt=8.603e-04  relΔE=1.479e-10  ||F||=3.722e-04
 step= 22000  E=5.538434677383e+02  Q=6.870000000000e+02  λ=1.517391e+00  dt=1.332e-03  relΔE=1.590e-10  ||F||=3.045e-04
 step= 22500  E=5.538434358808e+02  Q=6.870000000000e+02  λ=1.517387e+00  dt=1.031e-03  relΔE=8.938e-11  ||F||=2.548e-04
 step= 23000  E=5.538434116559e+02  Q=6.870000000000e+02  λ=1.517384e+00  dt=7.977e-04  relΔE=5.165e-11  ||F||=2.164e-04
 step= 23500  E=5.538433938094e+02  Q=6.870000000000e+02  λ=1.517381e+00  dt=1.235e-03  relΔE=6.154e-11  ||F||=1.867e-04
 step= 24000  E=5.538433797887e+02  Q=6.870000000000e+02  λ=1.517378e+00  dt=9.557e-04  relΔE=3.766e-11  ||F||=1.635e-04
 step= 24500  E=5.538433682443e+02  Q=6.870000000000e+02  λ=1.517376e+00  dt=7.397e-04  relΔE=3.035e-11  ||F||=2.746e-04
 step= 25000  E=5.538433594036e+02  Q=6.870000000000e+02  λ=1.517374e+00  dt=1.145e-03  relΔE=2.973e-11  ||F||=1.291e-04
 step= 25500  E=5.538433518300e+02  Q=6.870000000000e+02  λ=1.517372e+00  dt=8.861e-04  relΔE=1.903e-11  ||F||=1.158e-04
 step= 26000  E=5.538433455219e+02  Q=6.870000000000e+02  λ=1.517371e+00  dt=1.372e-03  relΔE=2.457e-11  ||F||=1.045e-04
 step= 26500  E=5.538433403777e+02  Q=6.870000000000e+02  λ=1.517369e+00  dt=1.062e-03  relΔE=1.606e-11  ||F||=9.453e-05
 step= 27000  E=5.538433359019e+02  Q=6.870000000000e+02  λ=1.517368e+00  dt=8.217e-04  relΔE=1.052e-11  ||F||=8.569e-05
 step= 27500  E=5.538433323105e+02  Q=6.870000000000e+02  λ=1.517367e+00  dt=1.060e-03  relΔE=1.162e-11  ||F||=7.810e-05
 step= 28000  E=5.538433290155e+02  Q=6.870000000000e+02  λ=1.517366e+00  dt=8.203e-04  relΔE=7.669e-12  ||F||=7.090e-05
 step= 28500  E=5.538433263826e+02  Q=6.870000000000e+02  λ=1.517366e+00  dt=1.058e-03  relΔE=8.540e-12  ||F||=6.473e-05
 step= 29000  E=5.538433239464e+02  Q=6.870000000000e+02  λ=1.517365e+00  dt=8.190e-04  relΔE=5.680e-12  ||F||=5.888e-05
 step= 29500  E=5.538433219034e+02  Q=6.870000000000e+02  λ=1.517364e+00  dt=1.268e-03  relΔE=7.582e-12  ||F||=5.353e-05
 step= 30000  E=5.538433201517e+02  Q=6.870000000000e+02  λ=1.517364e+00  dt=9.812e-04  relΔE=5.092e-12  ||F||=4.880e-05
 step= 30500  E=5.538433185727e+02  Q=6.870000000000e+02  λ=1.517363e+00  dt=7.594e-04  relΔE=3.562e-12  ||F||=4.656e-05
 step= 31000  E=5.538433172698e+02  Q=6.870000000000e+02  λ=1.517363e+00  dt=1.176e-03  relΔE=4.611e-12  ||F||=4.048e-05
 step= 31500  E=5.538433160992e+02  Q=6.870000000000e+02  λ=1.517362e+00  dt=9.098e-04  relΔE=3.115e-12  ||F||=3.687e-05
 step= 32000  E=5.538433150612e+02  Q=6.870000000000e+02  λ=1.517362e+00  dt=1.408e-03  relΔE=4.203e-12  ||F||=3.958e-05
 step= 32500  E=5.538433141895e+02  Q=6.870000000000e+02  λ=1.517361e+00  dt=1.090e-03  relΔE=2.867e-12  ||F||=3.061e-05
 step= 33000  E=5.538433133973e+02  Q=6.870000000000e+02  λ=1.517361e+00  dt=8.436e-04  relΔE=1.950e-12  ||F||=2.789e-05
 step= 33500  E=5.538433127047e+02  Q=6.870000000000e+02  λ=1.517361e+00  dt=1.306e-03  relΔE=2.657e-12  ||F||=2.538e-05
 step= 34000  E=5.538433121053e+02  Q=6.870000000000e+02  λ=1.517360e+00  dt=1.011e-03  relΔE=1.820e-12  ||F||=2.316e-05
 step= 34500  E=5.538433115551e+02  Q=6.870000000000e+02  λ=1.517360e+00  dt=7.823e-04  relΔE=1.254e-12  ||F||=2.139e-05
 step= 35000  E=5.538433110858e+02  Q=6.870000000000e+02  λ=1.517360e+00  dt=1.211e-03  relΔE=1.709e-12  ||F||=1.922e-05
 step= 35500  E=5.538433106633e+02  Q=6.870000000000e+02  λ=1.517360e+00  dt=9.372e-04  relΔE=1.176e-12  ||F||=1.751e-05
 step= 36000  E=5.538433102768e+02  Q=6.870000000000e+02  λ=1.517360e+00  dt=1.451e-03  relΔE=1.389e-12  ||F||=1.205e-04
 step= 36500  E=5.538433099519e+02  Q=6.870000000000e+02  λ=1.517359e+00  dt=1.123e-03  relΔE=1.118e-12  ||F||=1.454e-05
 step= 37000  E=5.538433096498e+02  Q=6.870000000000e+02  λ=1.517359e+00  dt=8.690e-04  relΔE=7.714e-13  ||F||=1.325e-05
 step= 37500  E=5.538433093806e+02  Q=6.870000000000e+02  λ=1.517359e+00  dt=1.345e-03  relΔE=1.067e-12  ||F||=1.207e-05
 step= 38000  E=5.538433091460e+02  Q=6.870000000000e+02  λ=1.517359e+00  dt=1.041e-03  relΔE=7.406e-13  ||F||=1.100e-05
 step= 38500  E=5.538433089282e+02  Q=6.870000000000e+02  λ=1.517359e+00  dt=8.058e-04  relΔE=5.146e-13  ||F||=1.010e-05
 step= 39000  E=5.538433087375e+02  Q=6.870000000000e+02  λ=1.517359e+00  dt=1.247e-03  relΔE=7.131e-13  ||F||=9.125e-06
 step= 39500  E=5.538433085664e+02  Q=6.870000000000e+02  λ=1.517359e+00  dt=9.654e-04  relΔE=4.968e-13  ||F||=8.322e-06
 step= 40000  E=5.538433084069e+02  Q=6.870000000000e+02  λ=1.517358e+00  dt=7.472e-04  relΔE=3.869e-13  ||F||=1.101e-05
 step= 40500  E=5.538433082712e+02  Q=6.870000000000e+02  λ=1.517358e+00  dt=1.157e-03  relΔE=4.816e-13  ||F||=6.908e-06
 step= 41000  E=5.538433081447e+02  Q=6.870000000000e+02  λ=1.517358e+00  dt=8.952e-04  relΔE=3.358e-13  ||F||=6.295e-06
 step= 41500  E=5.538433080297e+02  Q=6.870000000000e+02  λ=1.517358e+00  dt=1.386e-03  relΔE=4.684e-13  ||F||=5.989e-06
 step= 42000  E=5.538433079294e+02  Q=6.870000000000e+02  λ=1.517358e+00  dt=1.072e-03  relΔE=3.280e-13  ||F||=5.226e-06
 step= 42500  E=5.538433078360e+02  Q=6.870000000000e+02  λ=1.517358e+00  dt=8.300e-04  relΔE=2.295e-13  ||F||=4.780e-06
 step= 43000  E=5.538433077523e+02  Q=6.870000000000e+02  λ=1.517358e+00  dt=1.285e-03  relΔE=3.206e-13  ||F||=4.334e-06
 step= 43500  E=5.538433076778e+02  Q=6.870000000000e+02  λ=1.517358e+00  dt=9.944e-04  relΔE=2.246e-13  ||F||=3.954e-06
 step= 44000  E=5.538433076078e+02  Q=6.870000000000e+02  λ=1.517358e+00  dt=7.697e-04  relΔE=1.601e-13  ||F||=4.133e-06
 step= 44500  E=5.538433075472e+02  Q=6.870000000000e+02  λ=1.517358e+00  dt=1.191e-03  relΔE=2.207e-13  ||F||=3.282e-06
 step= 45000  E=5.538433074910e+02  Q=6.870000000000e+02  λ=1.517358e+00  dt=9.221e-04  relΔE=1.550e-13  ||F||=2.991e-06
 step= 45500  E=5.538433074390e+02  Q=6.870000000000e+02  λ=1.517358e+00  dt=1.427e-03  relΔE=2.143e-13  ||F||=1.332e-05
 step= 46000  E=5.538433073941e+02  Q=6.870000000000e+02  λ=1.517358e+00  dt=1.105e-03  relΔE=1.523e-13  ||F||=2.483e-06
 step= 46500  E=5.538433073519e+02  Q=6.870000000000e+02  λ=1.517358e+00  dt=8.550e-04  relΔE=1.069e-13  ||F||=2.271e-06
 step= 47000  E=5.538433073137e+02  Q=6.870000000000e+02  λ=1.517358e+00  dt=1.323e-03  relΔE=1.503e-13  ||F||=2.060e-06
 step= 47500  E=5.538433072798e+02  Q=6.870000000000e+02  λ=1.517358e+00  dt=1.024e-03  relΔE=1.057e-13  ||F||=1.879e-06
 step= 48000  E=5.538433072489e+02  Q=6.870000000000e+02  λ=1.517358e+00  dt=1.321e-03  relΔE=1.244e-13  ||F||=1.714e-06
 step= 48500  E=5.538433072205e+02  Q=6.870000000000e+02  λ=1.517358e+00  dt=1.023e-03  relΔE=8.724e-14  ||F||=1.562e-06
 step= 49000  E=5.538433071950e+02  Q=6.870000000000e+02  λ=1.517358e+00  dt=1.319e-03  relΔE=1.028e-13  ||F||=1.425e-06
 step= 49500  E=5.538433071715e+02  Q=6.870000000000e+02  λ=1.517358e+00  dt=1.021e-03  relΔE=7.225e-14  ||F||=1.300e-06
 step= 50000  E=5.538433071497e+02  Q=6.870000000000e+02  λ=1.517358e+00  dt=7.902e-04  relΔE=5.111e-14  ||F||=1.351e-06
 step= 50500  E=5.538433071305e+02  Q=6.870000000000e+02  λ=1.517358e+00  dt=1.223e-03  relΔE=7.164e-14  ||F||=1.078e-06
 step= 51000  E=5.538433071129e+02  Q=6.870000000000e+02  λ=1.517358e+00  dt=9.467e-04  relΔE=5.029e-14  ||F||=9.832e-07
 step= 51500  E=5.538433070963e+02  Q=6.870000000000e+02  λ=1.517358e+00  dt=1.465e-03  relΔE=2.997e-14  ||F||=6.521e-05
 step= 52000  E=5.538433070821e+02  Q=6.870000000000e+02  λ=1.517358e+00  dt=1.134e-03  relΔE=4.988e-14  ||F||=8.160e-07
 step= 52500  E=5.538433070686e+02  Q=6.870000000000e+02  λ=1.517358e+00  dt=8.779e-04  relΔE=3.551e-14  ||F||=7.483e-07
 step= 53000  E=5.538433070564e+02  Q=6.870000000000e+02  λ=1.517358e+00  dt=1.359e-03  relΔE=4.926e-14  ||F||=6.929e-07
 step= 53500  E=5.538433070456e+02  Q=6.870000000000e+02  λ=1.517358e+00  dt=1.052e-03  relΔE=3.449e-14  ||F||=6.172e-07
 step= 54000  E=5.538433070354e+02  Q=6.870000000000e+02  λ=1.517358e+00  dt=8.140e-04  relΔE=2.443e-14  ||F||=6.141e-07
 step= 54500  E=5.538433070263e+02  Q=6.870000000000e+02  λ=1.517358e+00  dt=1.260e-03  relΔE=3.449e-14  ||F||=5.119e-07
 step= 55000  E=5.538433070180e+02  Q=6.870000000000e+02  λ=1.517358e+00  dt=9.752e-04  relΔE=2.443e-14  ||F||=4.671e-07
 step= 55500  E=5.538433070103e+02  Q=6.870000000000e+02  λ=1.517358e+00  dt=7.548e-04  relΔE=1.827e-14  ||F||=1.163e-06
 step= 56000  E=5.538433070036e+02  Q=6.870000000000e+02  λ=1.517358e+00  dt=1.168e-03  relΔE=2.402e-14  ||F||=3.876e-07
 step= 56500  E=5.538433069973e+02  Q=6.870000000000e+02  λ=1.517358e+00  dt=9.043e-04  relΔE=1.724e-14  ||F||=3.549e-07
 step= 57000  E=5.538433069914e+02  Q=6.870000000000e+02  λ=1.517358e+00  dt=1.400e-03  relΔE=2.361e-14  ||F||=8.869e-07
 step= 57500  E=5.538433069864e+02  Q=6.870000000000e+02  λ=1.517358e+00  dt=1.083e-03  relΔE=1.704e-14  ||F||=2.932e-07
 step= 58000  E=5.538433069816e+02  Q=6.870000000000e+02  λ=1.517358e+00  dt=8.385e-04  relΔE=1.191e-14  ||F||=2.809e-07
 step= 58500  E=5.538433069772e+02  Q=6.870000000000e+02  λ=1.517358e+00  dt=1.298e-03  relΔE=1.683e-14  ||F||=2.433e-07
 step= 59000  E=5.538433069734e+02  Q=6.870000000000e+02  λ=1.517358e+00  dt=1.005e-03  relΔE=1.191e-14  ||F||=2.219e-07
 step= 59500  E=5.538433069697e+02  Q=6.870000000000e+02  λ=1.517358e+00  dt=7.775e-04  relΔE=8.416e-15  ||F||=2.857e-07
 step= 60000  E=5.538433069665e+02  Q=6.870000000000e+02  λ=1.517358e+00  dt=1.203e-03  relΔE=1.191e-14  ||F||=1.841e-07
 step= 60500  E=5.538433069635e+02  Q=6.870000000000e+02  λ=1.517358e+00  dt=9.315e-04  relΔE=8.211e-15  ||F||=1.681e-07
 step= 61000  E=5.538433069608e+02  Q=6.870000000000e+02  λ=1.517358e+00  dt=1.442e-03  relΔE=1.129e-14  ||F||=4.254e-06
 step= 61500  E=5.538433069584e+02  Q=6.870000000000e+02  λ=1.517358e+00  dt=1.116e-03  relΔE=8.211e-15  ||F||=1.393e-07
 step= 62000  E=5.538433069561e+02  Q=6.870000000000e+02  λ=1.517358e+00  dt=8.637e-04  relΔE=5.748e-15  ||F||=1.320e-07
 step= 62500  E=5.538433069540e+02  Q=6.870000000000e+02  λ=1.517358e+00  dt=1.337e-03  relΔE=8.211e-15  ||F||=1.167e-07
 step= 63000  E=5.538433069522e+02  Q=6.870000000000e+02  λ=1.517358e+00  dt=1.035e-03  relΔE=5.748e-15  ||F||=1.054e-07
 step= 63500  E=5.538433069505e+02  Q=6.870000000000e+02  λ=1.517358e+00  dt=8.009e-04  relΔE=3.900e-15  ||F||=1.045e-07
 step= 64000  E=5.538433069490e+02  Q=6.870000000000e+02  λ=1.517358e+00  dt=1.240e-03  relΔE=5.953e-15  ||F||=8.742e-08
 step= 64500  E=5.538433069476e+02  Q=6.870000000000e+02  λ=1.517358e+00  dt=9.595e-04  relΔE=3.900e-15  ||F||=7.974e-08
 step= 65000  E=5.538433069462e+02  Q=6.870000000000e+02  λ=1.517358e+00  dt=7.426e-04  relΔE=3.079e-15  ||F||=1.478e-06
 step= 65500  E=5.538433069451e+02  Q=6.870000000000e+02  λ=1.517358e+00  dt=1.149e-03  relΔE=3.900e-15  ||F||=6.617e-08
 step= 66000  E=5.538433069440e+02  Q=6.870000000000e+02  λ=1.517358e+00  dt=8.897e-04  relΔE=2.874e-15  ||F||=6.035e-08
 step= 66500  E=5.538433069430e+02  Q=6.870000000000e+02  λ=1.517358e+00  dt=1.377e-03  relΔE=4.311e-15  ||F||=5.665e-08
 step= 67000  E=5.538433069422e+02  Q=6.870000000000e+02  λ=1.517358e+00  dt=1.066e-03  relΔE=2.668e-15  ||F||=5.004e-08
 Converged (aggressive): step=67005, E=5.538433069422e+02, Q=6.870000000000e+02, dt=1.066e-03, ||F||=4.999e-08

Stationary candidate (aggressive): E=5.538433069422e+02, Q=6.870000000000e+02, maxρ=7.339254e-01

=== Stability test (damped inertial dynamics) ===
Perturb eps=0.02, gamma=1
t=0: E=5.871653207901e+02, Q=6.870000000000e+02, maxρ=7.571604e-01, σ=2.499482e+00, Rc=1.880643e+01
 step=     1  E=5.871651538199e+02  Q=6.870000000000e+02  λ=1.901556e+00  maxρ=7.571604e-01  minρ=1.000e-15  σ=2.499482e+00  Rc=1.880643e+01
 step=   300  E=5.803178616341e+02  Q=6.870000000000e+02  λ=1.799435e+00  maxρ=7.558760e-01  minρ=1.000e-15  σ=2.499478e+00  Rc=1.880643e+01
 step=   600  E=5.665351227499e+02  Q=6.870000000000e+02  λ=1.614345e+00  maxρ=7.522550e-01  minρ=1.000e-15  σ=2.499472e+00  Rc=1.880644e+01
 step=   900  E=5.584370201821e+02  Q=6.870000000000e+02  λ=1.554945e+00  maxρ=7.468996e-01  minρ=1.000e-15  σ=2.499470e+00  Rc=1.880643e+01
 step=  1200  E=5.614559207692e+02  Q=6.870000000000e+02  λ=1.661174e+00  maxρ=7.442965e-01  minρ=1.000e-15  σ=2.499473e+00  Rc=1.880643e+01
 step=  1500  E=5.696885149617e+02  Q=6.870000000000e+02  λ=1.777015e+00  maxρ=7.487894e-01  minρ=1.000e-15  σ=2.499475e+00  Rc=1.880642e+01
 step=  1800  E=5.739235057364e+02  Q=6.870000000000e+02  λ=1.763730e+00  maxρ=7.511874e-01  minρ=1.000e-15  σ=2.499473e+00  Rc=1.880642e+01
 step=  2100  E=5.714802711087e+02  Q=6.870000000000e+02  λ=1.663349e+00  maxρ=7.473652e-01  minρ=1.000e-15  σ=2.499469e+00  Rc=1.880642e+01
 step=  2400  E=5.671443927865e+02  Q=6.870000000000e+02  λ=1.616316e+00  maxρ=7.400245e-01  minρ=1.000e-15  σ=2.499469e+00  Rc=1.880642e+01
 step=  2700  E=5.660819044718e+02  Q=6.870000000000e+02  λ=1.670254e+00  maxρ=7.415240e-01  minρ=1.000e-15  σ=2.499472e+00  Rc=1.880642e+01
 step=  3000  E=5.682073452106e+02  Q=6.870000000000e+02  λ=1.736151e+00  maxρ=7.498242e-01  minρ=1.000e-15  σ=2.499473e+00  Rc=1.880642e+01
 step=  3300  E=5.698204553816e+02  Q=6.870000000000e+02  λ=1.724774e+00  maxρ=7.517429e-01  minρ=1.000e-15  σ=2.499469e+00  Rc=1.880642e+01
 step=  3600  E=5.688436759863e+02  Q=6.870000000000e+02  λ=1.660744e+00  maxρ=7.499622e-01  minρ=1.000e-15  σ=2.499465e+00  Rc=1.880642e+01
 step=  3900  E=5.667819334964e+02  Q=6.870000000000e+02  λ=1.631271e+00  maxρ=7.499684e-01  minρ=1.000e-15  σ=2.499465e+00  Rc=1.880642e+01
 step=  4200  E=5.659989513255e+02  Q=6.870000000000e+02  λ=1.662852e+00  maxρ=7.473659e-01  minρ=1.000e-15  σ=2.499469e+00  Rc=1.880642e+01
 step=  4500  E=5.667275218350e+02  Q=6.870000000000e+02  λ=1.698202e+00  maxρ=7.453644e-01  minρ=1.000e-15  σ=2.499469e+00  Rc=1.880641e+01
 step=  4800  E=5.674177490122e+02  Q=6.870000000000e+02  λ=1.686673e+00  maxρ=7.483617e-01  minρ=1.000e-15  σ=2.499465e+00  Rc=1.880641e+01
 step=  5100  E=5.670933999276e+02  Q=6.870000000000e+02  λ=1.649784e+00  maxρ=7.494609e-01  minρ=1.000e-15  σ=2.499460e+00  Rc=1.880641e+01
 step=  5400  E=5.663111332386e+02  Q=6.870000000000e+02  λ=1.639345e+00  maxρ=7.485863e-01  minρ=1.000e-15  σ=2.499459e+00  Rc=1.880641e+01
 step=  5700  E=5.659618537332e+02  Q=6.870000000000e+02  λ=1.662433e+00  maxρ=7.460409e-01  minρ=1.000e-15  σ=2.499461e+00  Rc=1.880640e+01
 step=  6000  E=5.660559152433e+02  Q=6.870000000000e+02  λ=1.679555e+00  maxρ=7.431533e-01  minρ=1.000e-15  σ=2.499462e+00  Rc=1.880640e+01
 >>> No runaway detected in this horizon. Likely stable (within this model & box).

STABILITY: PASS
