
=== Aggressive relaxation to Q = 1907 ===
Initial: E=4.919552493698e+03, Q=1.907000000000e+03, dt=1.000e-04
 step=     1  E=4.919260705699e+03  Q=1.907000000000e+03  λ=5.316004e+00  dt=1.000e-04  relΔE=5.931e-05  ||F||=1.237e+00
 step=   500  E=4.589187809547e+03  Q=1.907000000000e+03  λ=4.915045e+00  dt=6.192e-04  relΔE=2.526e-04  ||F||=1.086e+00
 step=  1000  E=3.826991362194e+03  Q=1.907000000000e+03  λ=4.026017e+00  dt=9.584e-04  relΔE=2.605e-04  ||F||=8.093e-01
 step=  1500  E=3.332861059617e+03  Q=1.907000000000e+03  λ=3.465261e+00  dt=7.418e-04  relΔE=1.773e-04  ||F||=7.673e-01
 step=  2000  E=3.010763787197e+03  Q=1.907000000000e+03  λ=3.104940e+00  dt=1.148e-03  relΔE=1.885e-04  ||F||=5.578e-01
 step=  2500  E=2.761605861499e+03  Q=1.907000000000e+03  λ=2.828726e+00  dt=8.887e-04  relΔE=1.211e-04  ||F||=4.866e-01
 step=  3000  E=2.567636284746e+03  Q=1.907000000000e+03  λ=2.615764e+00  dt=1.376e-03  relΔE=1.590e-04  ||F||=4.332e-01
 step=  3500  E=2.416628563432e+03  Q=1.907000000000e+03  λ=2.450898e+00  dt=1.065e-03  relΔE=1.067e-04  ||F||=3.905e-01
 step=  4000  E=2.288495370369e+03  Q=1.907000000000e+03  λ=2.311891e+00  dt=8.241e-04  relΔE=7.249e-05  ||F||=3.559e-01
 step=  4500  E=2.182156550476e+03  Q=1.907000000000e+03  λ=2.197300e+00  dt=1.276e-03  relΔE=9.991e-05  ||F||=3.280e-01
 step=  5000  E=2.091871637225e+03  Q=1.907000000000e+03  λ=2.100371e+00  dt=9.873e-04  relΔE=7.039e-05  ||F||=3.064e-01
 step=  5500  E=2.009025973025e+03  Q=1.907000000000e+03  λ=2.011854e+00  dt=7.641e-04  relΔE=5.177e-05  ||F||=2.928e-01
 step=  6000  E=1.937127454089e+03  Q=1.907000000000e+03  λ=1.935377e+00  dt=1.183e-03  relΔE=7.550e-05  ||F||=2.790e-01
 step=  6500  E=1.867623588719e+03  Q=1.907000000000e+03  λ=1.861448e+00  dt=9.154e-04  relΔE=5.781e-05  ||F||=2.724e-01
 step=  7000  E=1.799510862822e+03  Q=1.907000000000e+03  λ=1.788995e+00  dt=1.417e-03  relΔE=9.009e-05  ||F||=3.054e-01
 step=  7500  E=1.735984419611e+03  Q=1.907000000000e+03  λ=1.721104e+00  dt=1.097e-03  relΔE=7.054e-05  ||F||=2.651e-01
 step=  8000  E=1.672859532016e+03  Q=1.907000000000e+03  λ=1.653575e+00  dt=8.488e-04  relΔE=5.352e-05  ||F||=2.577e-01
 step=  8500  E=1.614962903347e+03  Q=1.907000000000e+03  λ=1.591996e+00  dt=1.314e-03  relΔE=7.650e-05  ||F||=2.433e-01
 step=  9000  E=1.566151334873e+03  Q=1.907000000000e+03  λ=1.540706e+00  dt=1.017e-03  relΔE=5.067e-05  ||F||=2.216e-01
 step=  9500  E=1.525935391997e+03  Q=1.907000000000e+03  λ=1.499455e+00  dt=7.871e-04  relΔE=3.070e-05  ||F||=1.936e-01
 step= 10000  E=1.497345974920e+03  Q=1.907000000000e+03  λ=1.471146e+00  dt=1.218e-03  relΔE=3.431e-05  ||F||=1.629e-01
 step= 10500  E=1.477397453145e+03  Q=1.907000000000e+03  λ=1.452213e+00  dt=9.430e-04  relΔE=1.798e-05  ||F||=1.331e-01
 step= 11000  E=1.464060988679e+03  Q=1.907000000000e+03  λ=1.440396e+00  dt=1.460e-03  relΔE=1.213e-05  ||F||=5.745e-01
 step= 11500  E=1.456170539555e+03  Q=1.907000000000e+03  λ=1.433655e+00  dt=1.130e-03  relΔE=8.586e-06  ||F||=8.345e-02
 step= 12000  E=1.451146406304e+03  Q=1.907000000000e+03  λ=1.429802e+00  dt=8.744e-04  relΔE=3.999e-06  ||F||=6.462e-02
 step= 12500  E=1.448156027024e+03  Q=1.907000000000e+03  λ=1.427759e+00  dt=1.353e-03  relΔE=3.669e-06  ||F||=4.971e-02
 step= 13000  E=1.446429472263e+03  Q=1.907000000000e+03  λ=1.426736e+00  dt=1.048e-03  relΔE=1.693e-06  ||F||=3.834e-02
 step= 13500  E=1.445376586455e+03  Q=1.907000000000e+03  λ=1.426215e+00  dt=8.108e-04  relΔE=7.681e-07  ||F||=2.934e-02
 step= 14000  E=1.444768195041e+03  Q=1.907000000000e+03  λ=1.425973e+00  dt=1.255e-03  relΔE=7.056e-07  ||F||=2.260e-02
 step= 14500  E=1.444406859367e+03  Q=1.907000000000e+03  λ=1.425855e+00  dt=9.713e-04  relΔE=3.289e-07  ||F||=1.754e-02
 step= 15000  E=1.444181165015e+03  Q=1.907000000000e+03  λ=1.425788e+00  dt=7.518e-04  relΔE=1.622e-07  ||F||=1.401e-02
 step= 15500  E=1.444049906552e+03  Q=1.907000000000e+03  λ=1.425741e+00  dt=1.164e-03  relΔE=1.494e-07  ||F||=1.079e-02
 step= 16000  E=1.443963874744e+03  Q=1.907000000000e+03  λ=1.425696e+00  dt=9.007e-04  relΔE=7.376e-08  ||F||=8.622e-03
 step= 16500  E=1.443907807698e+03  Q=1.907000000000e+03  λ=1.425647e+00  dt=1.394e-03  relΔE=7.486e-08  ||F||=7.073e-03
 step= 17000  E=1.443871581599e+03  Q=1.907000000000e+03  λ=1.425596e+00  dt=1.079e-03  relΔE=3.981e-08  ||F||=5.791e-03
 step= 17500  E=1.443845663442e+03  Q=1.907000000000e+03  λ=1.425540e+00  dt=8.352e-04  relΔE=2.160e-08  ||F||=4.851e-03
 step= 18000  E=1.443827347679e+03  Q=1.907000000000e+03  λ=1.425484e+00  dt=1.293e-03  relΔE=2.419e-08  ||F||=4.129e-03
 step= 18500  E=1.443814123052e+03  Q=1.907000000000e+03  λ=1.425428e+00  dt=1.001e-03  relΔE=1.397e-08  ||F||=3.569e-03
 step= 19000  E=1.443803821154e+03  Q=1.907000000000e+03  λ=1.425372e+00  dt=7.744e-04  relΔE=8.284e-09  ||F||=3.128e-03
 step= 19500  E=1.443796281091e+03  Q=1.907000000000e+03  λ=1.425321e+00  dt=1.199e-03  relΔE=9.777e-09  ||F||=2.733e-03
 step= 20000  E=1.443790294602e+03  Q=1.907000000000e+03  λ=1.425272e+00  dt=9.278e-04  relΔE=5.911e-09  ||F||=2.418e-03
 step= 20500  E=1.443785495475e+03  Q=1.907000000000e+03  λ=1.425225e+00  dt=1.436e-03  relΔE=7.076e-09  ||F||=3.304e-03
 step= 21000  E=1.443781884913e+03  Q=1.907000000000e+03  λ=1.425183e+00  dt=1.112e-03  relΔE=4.440e-09  ||F||=1.920e-03
 step= 21500  E=1.443778898799e+03  Q=1.907000000000e+03  λ=1.425144e+00  dt=8.603e-04  relΔE=2.740e-09  ||F||=1.716e-03
 step= 22000  E=1.443776515060e+03  Q=1.907000000000e+03  λ=1.425108e+00  dt=1.332e-03  relΔE=3.393e-09  ||F||=1.538e-03
 step= 22500  E=1.443774646446e+03  Q=1.907000000000e+03  λ=1.425075e+00  dt=1.031e-03  relΔE=2.118e-09  ||F||=1.383e-03
 step= 23000  E=1.443773090479e+03  Q=1.907000000000e+03  λ=1.425045e+00  dt=7.977e-04  relΔE=1.319e-09  ||F||=1.243e-03
 step= 23500  E=1.443771872825e+03  Q=1.907000000000e+03  λ=1.425019e+00  dt=1.235e-03  relΔE=1.645e-09  ||F||=1.117e-03
 step= 24000  E=1.443770883773e+03  Q=1.907000000000e+03  λ=1.424994e+00  dt=9.557e-04  relΔE=1.029e-09  ||F||=1.006e-03
 step= 24500  E=1.443770059139e+03  Q=1.907000000000e+03  λ=1.424972e+00  dt=7.397e-04  relΔE=1.055e-09  ||F||=3.404e-03
 step= 25000  E=1.443769431205e+03  Q=1.907000000000e+03  λ=1.424952e+00  dt=1.145e-03  relΔE=8.034e-10  ||F||=8.163e-04
 step= 25500  E=1.443768909174e+03  Q=1.907000000000e+03  λ=1.424934e+00  dt=7.385e-04  relΔE=4.191e-10  ||F||=7.361e-04
 step= 26000  E=1.443768494284e+03  Q=1.907000000000e+03  λ=1.424919e+00  dt=1.143e-03  relΔE=5.260e-10  ||F||=6.647e-04
 step= 26500  E=1.443768151629e+03  Q=1.907000000000e+03  λ=1.424904e+00  dt=7.373e-04  relΔE=2.742e-10  ||F||=5.995e-04
 step= 27000  E=1.443767879549e+03  Q=1.907000000000e+03  λ=1.424891e+00  dt=1.141e-03  relΔE=3.438e-10  ||F||=5.415e-04
 step= 27500  E=1.443767653015e+03  Q=1.907000000000e+03  λ=1.424879e+00  dt=8.833e-04  relΔE=2.142e-10  ||F||=4.878e-04
 step= 28000  E=1.443767470505e+03  Q=1.907000000000e+03  λ=1.424868e+00  dt=1.367e-03  relΔE=2.666e-10  ||F||=4.398e-04
 step= 28500  E=1.443767327378e+03  Q=1.907000000000e+03  λ=1.424859e+00  dt=1.058e-03  relΔE=1.668e-10  ||F||=3.969e-04
 step= 29000  E=1.443767208700e+03  Q=1.907000000000e+03  λ=1.424850e+00  dt=8.190e-04  relΔE=1.037e-10  ||F||=3.578e-04
 step= 29500  E=1.443767114755e+03  Q=1.907000000000e+03  λ=1.424842e+00  dt=1.268e-03  relΔE=1.288e-10  ||F||=3.225e-04
 step= 30000  E=1.443767039933e+03  Q=1.907000000000e+03  λ=1.424835e+00  dt=9.812e-04  relΔE=8.021e-11  ||F||=2.913e-04
 step= 30500  E=1.443766977635e+03  Q=1.907000000000e+03  λ=1.424829e+00  dt=7.594e-04  relΔE=5.202e-11  ||F||=2.681e-04
 step= 31000  E=1.443766930338e+03  Q=1.907000000000e+03  λ=1.424823e+00  dt=1.176e-03  relΔE=6.149e-11  ||F||=2.369e-04
 step= 31500  E=1.443766891345e+03  Q=1.907000000000e+03  λ=1.424818e+00  dt=9.098e-04  relΔE=3.793e-11  ||F||=2.136e-04
 step= 32000  E=1.443766859939e+03  Q=1.907000000000e+03  λ=1.424813e+00  dt=1.408e-03  relΔE=4.646e-11  ||F||=2.035e-04
 step= 32500  E=1.443766836017e+03  Q=1.907000000000e+03  λ=1.424809e+00  dt=1.090e-03  relΔE=2.872e-11  ||F||=1.739e-04
 step= 33000  E=1.443766816372e+03  Q=1.907000000000e+03  λ=1.424806e+00  dt=8.436e-04  relΔE=1.754e-11  ||F||=1.567e-04
 step= 33500  E=1.443766800967e+03  Q=1.907000000000e+03  λ=1.424802e+00  dt=1.306e-03  relΔE=2.135e-11  ||F||=1.413e-04
 step= 34000  E=1.443766789107e+03  Q=1.907000000000e+03  λ=1.424799e+00  dt=1.011e-03  relΔE=1.300e-11  ||F||=1.277e-04
 step= 34500  E=1.443766779488e+03  Q=1.907000000000e+03  λ=1.424796e+00  dt=7.823e-04  relΔE=7.871e-12  ||F||=1.154e-04
 step= 35000  E=1.443766772308e+03  Q=1.907000000000e+03  λ=1.424794e+00  dt=1.211e-03  relΔE=9.373e-12  ||F||=1.039e-04
 step= 35500  E=1.443766766678e+03  Q=1.907000000000e+03  λ=1.424792e+00  dt=9.372e-04  relΔE=5.566e-12  ||F||=9.374e-05
 step= 36000  E=1.443766762268e+03  Q=1.907000000000e+03  λ=1.424790e+00  dt=1.451e-03  relΔE=5.608e-12  ||F||=2.430e-04
 step= 36500  E=1.443766759131e+03  Q=1.907000000000e+03  λ=1.424788e+00  dt=1.123e-03  relΔE=3.787e-12  ||F||=7.633e-05
 step= 37000  E=1.443766756700e+03  Q=1.907000000000e+03  λ=1.424786e+00  dt=8.690e-04  relΔE=2.148e-12  ||F||=6.880e-05
 step= 37500  E=1.443766754944e+03  Q=1.907000000000e+03  λ=1.424785e+00  dt=1.345e-03  relΔE=2.376e-12  ||F||=6.203e-05
 step= 38000  E=1.443766753734e+03  Q=1.907000000000e+03  λ=1.424783e+00  dt=1.041e-03  relΔE=1.280e-12  ||F||=5.607e-05
 step= 38500  E=1.443766752888e+03  Q=1.907000000000e+03  λ=1.424782e+00  dt=8.058e-04  relΔE=6.454e-13  ||F||=5.052e-05
 step= 39000  E=1.443766752370e+03  Q=1.907000000000e+03  λ=1.424781e+00  dt=1.247e-03  relΔE=5.920e-13  ||F||=4.560e-05
 step= 39500  E=1.443766752086e+03  Q=1.907000000000e+03  λ=1.424780e+00  dt=9.654e-04  relΔE=2.213e-13  ||F||=4.118e-05
 step= 40000  E=1.443766751976e+03  Q=1.907000000000e+03  λ=1.424779e+00  dt=7.472e-04  relΔE=3.118e-14  ||F||=3.710e-05
  !! dt fell below dt_min: stiffness-limited termination.

Stationary candidate (aggressive): E=1.443766751973e+03, Q=1.907000000000e+03, maxρ=1.150250e+00

=== Stability test (damped inertial dynamics) ===
Perturb eps=0.02, gamma=1
t=0: E=1.536618325397e+03, Q=1.907000000000e+03, maxρ=1.190538e+00, σ=2.554022e+00, Rc=1.878969e+01
 step=     1  E=1.536617859913e+03  Q=1.907000000000e+03  λ=1.810573e+00  maxρ=1.190538e+00  minρ=1.000e-15  σ=2.554022e+00  Rc=1.878969e+01
 step=   300  E=1.517528729635e+03  Q=1.907000000000e+03  λ=1.707989e+00  maxρ=1.188516e+00  minρ=1.000e-15  σ=2.554018e+00  Rc=1.878969e+01
 step=   600  E=1.479104101841e+03  Q=1.907000000000e+03  λ=1.522098e+00  maxρ=1.182816e+00  minρ=1.000e-15  σ=2.554013e+00  Rc=1.878969e+01
 step=   900  E=1.456526801099e+03  Q=1.907000000000e+03  λ=1.462518e+00  maxρ=1.174387e+00  minρ=1.000e-15  σ=2.554011e+00  Rc=1.878969e+01
 step=  1200  E=1.464946505473e+03  Q=1.907000000000e+03  λ=1.569269e+00  maxρ=1.170399e+00  minρ=1.000e-15  σ=2.554014e+00  Rc=1.878968e+01
 step=  1500  E=1.487916031352e+03  Q=1.907000000000e+03  λ=1.685541e+00  maxρ=1.174809e+00  minρ=1.000e-15  σ=2.554016e+00  Rc=1.878968e+01
 step=  1800  E=1.499758844811e+03  Q=1.907000000000e+03  λ=1.672080e+00  maxρ=1.178568e+00  minρ=1.000e-15  σ=2.554014e+00  Rc=1.878968e+01
 step=  2100  E=1.492980860455e+03  Q=1.907000000000e+03  λ=1.571314e+00  maxρ=1.172566e+00  minρ=1.000e-15  σ=2.554011e+00  Rc=1.878968e+01
 step=  2400  E=1.480884929946e+03  Q=1.907000000000e+03  λ=1.524301e+00  maxρ=1.160204e+00  minρ=1.000e-15  σ=2.554011e+00  Rc=1.878968e+01
 step=  2700  E=1.477856997004e+03  Q=1.907000000000e+03  λ=1.578576e+00  maxρ=1.164437e+00  minρ=1.000e-15  σ=2.554014e+00  Rc=1.878968e+01
 step=  3000  E=1.483700099148e+03  Q=1.907000000000e+03  λ=1.644516e+00  maxρ=1.179051e+00  minρ=1.000e-15  σ=2.554015e+00  Rc=1.878968e+01
 step=  3300  E=1.488172969818e+03  Q=1.907000000000e+03  λ=1.632723e+00  maxρ=1.182060e+00  minρ=1.000e-15  σ=2.554011e+00  Rc=1.878968e+01
 step=  3600  E=1.485514771782e+03  Q=1.907000000000e+03  λ=1.568384e+00  maxρ=1.175426e+00  minρ=1.000e-15  σ=2.554008e+00  Rc=1.878968e+01
 step=  3900  E=1.479862186056e+03  Q=1.907000000000e+03  λ=1.539190e+00  maxρ=1.175425e+00  minρ=1.000e-15  σ=2.554008e+00  Rc=1.878967e+01
 step=  4200  E=1.477706970217e+03  Q=1.907000000000e+03  λ=1.571293e+00  maxρ=1.171333e+00  minρ=1.000e-15  σ=2.554012e+00  Rc=1.878967e+01
 step=  4500  E=1.479666492907e+03  Q=1.907000000000e+03  λ=1.606676e+00  maxρ=1.168630e+00  minρ=1.000e-15  σ=2.554013e+00  Rc=1.878967e+01
 step=  4800  E=1.481495686352e+03  Q=1.907000000000e+03  λ=1.594592e+00  maxρ=1.174061e+00  minρ=1.000e-15  σ=2.554010e+00  Rc=1.878967e+01
 step=  5100  E=1.480577230202e+03  Q=1.907000000000e+03  λ=1.557266e+00  maxρ=1.175024e+00  minρ=1.000e-15  σ=2.554005e+00  Rc=1.878966e+01
 step=  5400  E=1.478480345594e+03  Q=1.907000000000e+03  λ=1.547085e+00  maxρ=1.173631e+00  minρ=1.000e-15  σ=2.554004e+00  Rc=1.878966e+01
 step=  5700  E=1.477598710135e+03  Q=1.907000000000e+03  λ=1.570802e+00  maxρ=1.169617e+00  minρ=1.000e-15  σ=2.554007e+00  Rc=1.878965e+01
 step=  6000  E=1.477862649314e+03  Q=1.907000000000e+03  λ=1.588121e+00  maxρ=1.165222e+00  minρ=1.000e-15  σ=2.554008e+00  Rc=1.878965e+01
 >>> No runaway detected in this horizon. Likely stable (within this model & box).

STABILITY: PASS
