
=== Aggressive relaxation to Q = 365 ===
Initial: E=9.483001803780e+02, Q=3.650000000000e+02, dt=1.000e-04
 step=     1  E=9.482533003699e+02  Q=3.650000000000e+02  λ=5.099805e+00  dt=1.000e-04  relΔE=4.944e-05  ||F||=1.133e+00
 step=   500  E=8.947591847114e+02  Q=3.650000000000e+02  λ=4.806472e+00  dt=6.192e-04  relΔE=2.118e-04  ||F||=1.004e+00
 step=  1000  E=7.653145663942e+02  Q=3.650000000000e+02  λ=4.096287e+00  dt=9.584e-04  relΔE=2.297e-04  ||F||=7.768e-01
 step=  1500  E=6.751790805963e+02  Q=3.650000000000e+02  λ=3.604006e+00  dt=7.418e-04  relΔE=1.695e-04  ||F||=7.792e-01
 step=  2000  E=6.133027375570e+02  Q=3.650000000000e+02  λ=3.267754e+00  dt=1.148e-03  relΔE=1.808e-04  ||F||=5.636e-01
 step=  2500  E=5.639580065851e+02  Q=3.650000000000e+02  λ=3.000417e+00  dt=8.887e-04  relΔE=1.189e-04  ||F||=4.982e-01
 step=  3000  E=5.246425881109e+02  Q=3.650000000000e+02  λ=2.788382e+00  dt=1.376e-03  relΔE=1.589e-04  ||F||=4.480e-01
 step=  3500  E=4.936477164748e+02  Q=3.650000000000e+02  λ=2.621450e+00  dt=1.065e-03  relΔE=1.081e-04  ||F||=4.060e-01
 step=  4000  E=4.669991113030e+02  Q=3.650000000000e+02  λ=2.478322e+00  dt=8.241e-04  relΔE=7.429e-05  ||F||=3.721e-01
 step=  4500  E=4.446278009557e+02  Q=3.650000000000e+02  λ=2.358608e+00  dt=1.276e-03  relΔE=1.038e-04  ||F||=3.450e-01
 step=  5000  E=4.253684780235e+02  Q=3.650000000000e+02  λ=2.255685e+00  dt=9.873e-04  relΔE=7.446e-05  ||F||=3.248e-01
 step=  5500  E=4.073831362304e+02  Q=3.650000000000e+02  λ=2.159856e+00  dt=7.641e-04  relΔE=5.605e-05  ||F||=3.136e-01
 step=  6000  E=3.915195111204e+02  Q=3.650000000000e+02  λ=2.075569e+00  dt=1.183e-03  relΔE=8.282e-05  ||F||=3.002e-01
 step=  6500  E=3.761921594906e+02  Q=3.650000000000e+02  λ=1.993960e+00  dt=7.629e-04  relΔE=6.163e-05  ||F||=3.573e-01
 step=  7000  E=3.621092709479e+02  Q=3.650000000000e+02  λ=1.918617e+00  dt=1.181e-03  relΔE=7.912e-05  ||F||=2.825e-01
 step=  7500  E=3.487903537040e+02  Q=3.650000000000e+02  λ=1.846552e+00  dt=9.140e-04  relΔE=5.727e-05  ||F||=2.681e-01
 step=  8000  E=3.369133660365e+02  Q=3.650000000000e+02  λ=1.781390e+00  dt=1.415e-03  relΔE=7.777e-05  ||F||=2.761e-01
 step=  8500  E=3.275238676997e+02  Q=3.650000000000e+02  λ=1.728827e+00  dt=1.095e-03  relΔE=4.983e-05  ||F||=2.214e-01
 step=  9000  E=3.199964514324e+02  Q=3.650000000000e+02  λ=1.685820e+00  dt=8.475e-04  relΔE=2.948e-05  ||F||=1.913e-01
 step=  9500  E=3.145529369822e+02  Q=3.650000000000e+02  λ=1.654020e+00  dt=1.312e-03  relΔE=3.267e-05  ||F||=1.605e-01
 step= 10000  E=3.108833338666e+02  Q=3.650000000000e+02  λ=1.631989e+00  dt=1.015e-03  relΔE=1.729e-05  ||F||=1.319e-01
 step= 10500  E=3.083732545180e+02  Q=3.650000000000e+02  λ=1.616468e+00  dt=7.858e-04  relΔE=8.698e-06  ||F||=1.059e-01
 step= 11000  E=3.068364472717e+02  Q=3.650000000000e+02  λ=1.606633e+00  dt=1.216e-03  relΔE=8.468e-06  ||F||=8.380e-02
 step= 11500  E=3.058680560352e+02  Q=3.650000000000e+02  λ=1.600163e+00  dt=9.414e-04  relΔE=4.033e-06  ||F||=6.563e-02
 step= 12000  E=3.052648887741e+02  Q=3.650000000000e+02  λ=1.595948e+00  dt=1.457e-03  relΔE=2.702e-06  ||F||=2.589e-01
 step= 12500  E=3.049239784333e+02  Q=3.650000000000e+02  λ=1.593367e+00  dt=1.128e-03  relΔE=1.741e-06  ||F||=3.932e-02
 step= 13000  E=3.047126023672e+02  Q=3.650000000000e+02  λ=1.591660e+00  dt=8.730e-04  relΔE=7.918e-07  ||F||=3.013e-02
 step= 13500  E=3.045889160587e+02  Q=3.650000000000e+02  λ=1.590567e+00  dt=1.351e-03  relΔE=7.157e-07  ||F||=2.302e-02
 step= 14000  E=3.045183130397e+02  Q=3.650000000000e+02  λ=1.589872e+00  dt=1.046e-03  relΔE=3.264e-07  ||F||=1.766e-02
 step= 14500  E=3.044757127170e+02  Q=3.650000000000e+02  λ=1.589398e+00  dt=8.095e-04  relΔE=1.461e-07  ||F||=1.342e-02
 step= 15000  E=3.044515573101e+02  Q=3.650000000000e+02  λ=1.589089e+00  dt=1.253e-03  relΔE=1.314e-07  ||F||=1.023e-02
 step= 15500  E=3.044375282391e+02  Q=3.650000000000e+02  λ=1.588879e+00  dt=9.698e-04  relΔE=5.931e-08  ||F||=7.801e-03
 step= 16000  E=3.044291212836e+02  Q=3.650000000000e+02  λ=1.588730e+00  dt=7.506e-04  relΔE=2.791e-08  ||F||=6.088e-03
 step= 16500  E=3.044245089681e+02  Q=3.650000000000e+02  λ=1.588632e+00  dt=1.162e-03  relΔE=2.392e-08  ||F||=4.516e-03
 step= 17000  E=3.044217223624e+02  Q=3.650000000000e+02  λ=1.588561e+00  dt=8.992e-04  relΔE=1.074e-08  ||F||=3.434e-03
 step= 17500  E=3.044200913238e+02  Q=3.650000000000e+02  λ=1.588510e+00  dt=1.392e-03  relΔE=9.624e-09  ||F||=2.634e-03
 step= 18000  E=3.044191709353e+02  Q=3.650000000000e+02  λ=1.588475e+00  dt=1.077e-03  relΔE=4.418e-09  ||F||=2.003e-03
 step= 18500  E=3.044186103398e+02  Q=3.650000000000e+02  λ=1.588450e+00  dt=8.338e-04  relΔE=2.010e-09  ||F||=1.531e-03
 step= 19000  E=3.044182814580e+02  Q=3.650000000000e+02  λ=1.588432e+00  dt=1.291e-03  relΔE=1.852e-09  ||F||=1.177e-03
 step= 19500  E=3.044180873484e+02  Q=3.650000000000e+02  λ=1.588420e+00  dt=9.989e-04  relΔE=8.717e-10  ||F||=9.138e-04
 step= 20000  E=3.044179647166e+02  Q=3.650000000000e+02  λ=1.588411e+00  dt=7.731e-04  relΔE=4.150e-10  ||F||=7.139e-04
 step= 20500  E=3.044178921736e+02  Q=3.650000000000e+02  λ=1.588405e+00  dt=1.197e-03  relΔE=4.000e-10  ||F||=5.606e-04
 step= 21000  E=3.044178451314e+02  Q=3.650000000000e+02  λ=1.588402e+00  dt=9.263e-04  relΔE=1.985e-10  ||F||=4.473e-04
 step= 21500  E=3.044178139963e+02  Q=3.650000000000e+02  λ=1.588400e+00  dt=1.434e-03  relΔE=1.967e-10  ||F||=6.318e-04
 step= 22000  E=3.044177942443e+02  Q=3.650000000000e+02  λ=1.588399e+00  dt=1.110e-03  relΔE=1.066e-10  ||F||=2.992e-04
 step= 22500  E=3.044177800372e+02  Q=3.650000000000e+02  λ=1.588398e+00  dt=8.589e-04  relΔE=5.764e-11  ||F||=2.510e-04
 step= 23000  E=3.044177700007e+02  Q=3.650000000000e+02  λ=1.588399e+00  dt=1.329e-03  relΔE=6.429e-11  ||F||=2.146e-04
 step= 23500  E=3.044177628170e+02  Q=3.650000000000e+02  λ=1.588399e+00  dt=1.029e-03  relΔE=3.708e-11  ||F||=1.872e-04
 step= 24000  E=3.044177572332e+02  Q=3.650000000000e+02  λ=1.588400e+00  dt=7.964e-04  relΔE=2.177e-11  ||F||=1.653e-04
 step= 24500  E=3.044177530846e+02  Q=3.650000000000e+02  λ=1.588401e+00  dt=1.233e-03  relΔE=2.602e-11  ||F||=1.476e-04
 step= 25000  E=3.044177498293e+02  Q=3.650000000000e+02  λ=1.588403e+00  dt=9.541e-04  relΔE=1.582e-11  ||F||=1.332e-04
 step= 25500  E=3.044177471791e+02  Q=3.650000000000e+02  λ=1.588404e+00  dt=7.385e-04  relΔE=1.463e-11  ||F||=3.961e-04
 step= 26000  E=3.044177451884e+02  Q=3.650000000000e+02  λ=1.588405e+00  dt=1.143e-03  relΔE=1.201e-11  ||F||=1.106e-04
 step= 26500  E=3.044177435462e+02  Q=3.650000000000e+02  λ=1.588406e+00  dt=7.373e-04  relΔE=6.223e-12  ||F||=1.015e-04
 step= 27000  E=3.044177422446e+02  Q=3.650000000000e+02  λ=1.588408e+00  dt=1.141e-03  relΔE=7.773e-12  ||F||=9.346e-05
 step= 27500  E=3.044177411788e+02  Q=3.650000000000e+02  λ=1.588409e+00  dt=7.361e-04  relΔE=4.037e-12  ||F||=8.618e-05
 step= 28000  E=3.044177403354e+02  Q=3.650000000000e+02  λ=1.588410e+00  dt=1.139e-03  relΔE=5.031e-12  ||F||=7.967e-05
 step= 28500  E=3.044177396377e+02  Q=3.650000000000e+02  λ=1.588411e+00  dt=8.818e-04  relΔE=3.104e-12  ||F||=7.357e-05
 step= 29000  E=3.044177390831e+02  Q=3.650000000000e+02  λ=1.588412e+00  dt=1.365e-03  relΔE=3.804e-12  ||F||=6.804e-05
 step= 29500  E=3.044177386568e+02  Q=3.650000000000e+02  λ=1.588413e+00  dt=1.056e-03  relΔE=2.328e-12  ||F||=6.302e-05
 step= 30000  E=3.044177383121e+02  Q=3.650000000000e+02  λ=1.588414e+00  dt=8.177e-04  relΔE=1.398e-12  ||F||=5.833e-05
 step= 30500  E=3.044177380506e+02  Q=3.650000000000e+02  λ=1.588415e+00  dt=1.266e-03  relΔE=1.653e-12  ||F||=5.403e-05
 step= 31000  E=3.044177378542e+02  Q=3.650000000000e+02  λ=1.588416e+00  dt=9.796e-04  relΔE=9.598e-13  ||F||=5.012e-05
 step= 31500  E=3.044177377041e+02  Q=3.650000000000e+02  λ=1.588416e+00  dt=7.582e-04  relΔE=5.527e-13  ||F||=4.667e-05
 step= 32000  E=3.044177376033e+02  Q=3.650000000000e+02  λ=1.588417e+00  dt=1.174e-03  relΔE=5.714e-13  ||F||=4.309e-05
 step= 32500  E=3.044177375342e+02  Q=3.650000000000e+02  λ=1.588418e+00  dt=9.084e-04  relΔE=2.782e-13  ||F||=3.995e-05
 step= 33000  E=3.044177374934e+02  Q=3.650000000000e+02  λ=1.588418e+00  dt=1.406e-03  relΔE=2.228e-13  ||F||=3.722e-05
 step= 33500  E=3.044177374765e+02  Q=3.650000000000e+02  λ=1.588419e+00  dt=1.088e-03  relΔE=4.799e-14  ||F||=3.441e-05
  !! dt fell below dt_min: stiffness-limited termination.

Stationary candidate (aggressive): E=3.044177374748e+02, Q=3.650000000000e+02, maxρ=5.103021e-01

=== Stability test (damped inertial dynamics) ===
Perturb eps=0.02, gamma=1
t=0: E=3.221668483856e+02, Q=3.650000000000e+02, maxρ=5.269933e-01, σ=2.715579e+00, Rc=1.877458e+01
 step=     1  E=3.221667593686e+02  Q=3.650000000000e+02  λ=1.974035e+00  maxρ=5.269932e-01  minρ=1.000e-15  σ=2.715579e+00  Rc=1.877458e+01
 step=   300  E=3.185164651621e+02  Q=3.650000000000e+02  λ=1.871445e+00  maxρ=5.260995e-01  minρ=1.000e-15  σ=2.715575e+00  Rc=1.877459e+01
 step=   600  E=3.111708183924e+02  Q=3.650000000000e+02  λ=1.685585e+00  maxρ=5.235797e-01  minρ=1.000e-15  σ=2.715569e+00  Rc=1.877459e+01
 step=   900  E=3.068593712318e+02  Q=3.650000000000e+02  λ=1.626130e+00  maxρ=5.198528e-01  minρ=1.000e-15  σ=2.715567e+00  Rc=1.877459e+01
 step=  1200  E=3.084746905291e+02  Q=3.650000000000e+02  λ=1.733018e+00  maxρ=5.180455e-01  minρ=1.000e-15  σ=2.715571e+00  Rc=1.877458e+01
 step=  1500  E=3.128642970517e+02  Q=3.650000000000e+02  λ=1.849278e+00  maxρ=5.207950e-01  minρ=1.000e-15  σ=2.715574e+00  Rc=1.877458e+01
 step=  1800  E=3.151178648806e+02  Q=3.650000000000e+02  λ=1.835623e+00  maxρ=5.224635e-01  minρ=1.000e-15  σ=2.715571e+00  Rc=1.877458e+01
 step=  2100  E=3.138124475909e+02  Q=3.650000000000e+02  λ=1.734660e+00  maxρ=5.198059e-01  minρ=1.000e-15  σ=2.715567e+00  Rc=1.877458e+01
 step=  2400  E=3.115025989833e+02  Q=3.650000000000e+02  λ=1.687665e+00  maxρ=5.145401e-01  minρ=1.000e-15  σ=2.715567e+00  Rc=1.877458e+01
 step=  2700  E=3.109377925849e+02  Q=3.650000000000e+02  λ=1.742169e+00  maxρ=5.157504e-01  minρ=1.000e-15  σ=2.715571e+00  Rc=1.877458e+01
 step=  3000  E=3.120666946255e+02  Q=3.650000000000e+02  λ=1.808306e+00  maxρ=5.217367e-01  minρ=1.000e-15  σ=2.715572e+00  Rc=1.877458e+01
 step=  3300  E=3.129193618712e+02  Q=3.650000000000e+02  λ=1.796469e+00  maxρ=5.230734e-01  minρ=1.000e-15  σ=2.715568e+00  Rc=1.877458e+01
 step=  3600  E=3.123974907091e+02  Q=3.650000000000e+02  λ=1.731898e+00  maxρ=5.214442e-01  minρ=1.000e-15  σ=2.715564e+00  Rc=1.877458e+01
 step=  3900  E=3.113067109034e+02  Q=3.650000000000e+02  λ=1.702543e+00  maxρ=5.214490e-01  minρ=1.000e-15  σ=2.715564e+00  Rc=1.877457e+01
 step=  4200  E=3.108982663359e+02  Q=3.650000000000e+02  λ=1.734730e+00  maxρ=5.196400e-01  minρ=1.000e-15  σ=2.715569e+00  Rc=1.877457e+01
 step=  4500  E=3.112850738610e+02  Q=3.650000000000e+02  λ=1.770342e+00  maxρ=5.183016e-01  minρ=1.000e-15  σ=2.715571e+00  Rc=1.877457e+01
 step=  4800  E=3.116419116458e+02  Q=3.650000000000e+02  λ=1.758385e+00  maxρ=5.204685e-01  minρ=1.000e-15  σ=2.715567e+00  Rc=1.877457e+01
 step=  5100  E=3.114616933841e+02  Q=3.650000000000e+02  λ=1.720961e+00  maxρ=5.211518e-01  minρ=1.000e-15  σ=2.715562e+00  Rc=1.877457e+01
 step=  5400  E=3.110510588262e+02  Q=3.650000000000e+02  λ=1.710578e+00  maxρ=5.205444e-01  minρ=1.000e-15  σ=2.715561e+00  Rc=1.877456e+01
 step=  5700  E=3.108787394869e+02  Q=3.650000000000e+02  λ=1.734207e+00  maxρ=5.187751e-01  minρ=1.000e-15  σ=2.715564e+00  Rc=1.877456e+01
 step=  6000  E=3.109342672530e+02  Q=3.650000000000e+02  λ=1.751629e+00  maxρ=5.167702e-01  minρ=1.000e-15  σ=2.715566e+00  Rc=1.877455e+01
 >>> No runaway detected in this horizon. Likely stable (within this model & box).

STABILITY: PASS
