
=== Aggressive relaxation to Q = 1613 ===
Initial: E=4.144382903702e+03, Q=1.613000000000e+03, dt=1.000e-04
 step=     1  E=4.144148722971e+03  Q=1.613000000000e+03  λ=5.233176e+00  dt=1.000e-04  relΔE=5.651e-05  ||F||=1.205e+00
 step=   500  E=3.877289107854e+03  Q=1.613000000000e+03  λ=4.863169e+00  dt=6.192e-04  relΔE=2.431e-04  ||F||=1.065e+00
 step=  1000  E=3.250809643632e+03  Q=1.613000000000e+03  λ=4.016871e+00  dt=9.584e-04  relΔE=2.540e-04  ||F||=8.008e-01
 step=  1500  E=2.839055795884e+03  Q=1.613000000000e+03  λ=3.472122e+00  dt=7.418e-04  relΔE=1.693e-04  ||F||=7.088e-01
 step=  2000  E=2.568111667998e+03  Q=1.613000000000e+03  λ=3.118244e+00  dt=1.148e-03  relΔE=1.863e-04  ||F||=5.568e-01
 step=  2500  E=2.357421057576e+03  Q=1.613000000000e+03  λ=2.845284e+00  dt=8.887e-04  relΔE=1.200e-04  ||F||=4.868e-01
 step=  3000  E=2.192996762732e+03  Q=1.613000000000e+03  λ=2.634181e+00  dt=1.376e-03  relΔE=1.581e-04  ||F||=4.339e-01
 step=  3500  E=2.064486804825e+03  Q=1.613000000000e+03  λ=2.470030e+00  dt=1.065e-03  relΔE=1.063e-04  ||F||=3.917e-01
 step=  4000  E=1.955358492051e+03  Q=1.613000000000e+03  λ=2.331463e+00  dt=8.241e-04  relΔE=7.233e-05  ||F||=3.574e-01
 step=  4500  E=1.864643891995e+03  Q=1.613000000000e+03  λ=2.217010e+00  dt=1.276e-03  relΔE=9.981e-05  ||F||=3.295e-01
 step=  5000  E=1.787525664167e+03  Q=1.613000000000e+03  λ=2.120055e+00  dt=9.873e-04  relΔE=7.039e-05  ||F||=3.080e-01
 step=  5500  E=1.716622836935e+03  Q=1.613000000000e+03  λ=2.031338e+00  dt=7.641e-04  relΔE=5.234e-05  ||F||=2.959e-01
 step=  6000  E=1.655151742585e+03  Q=1.613000000000e+03  λ=1.954778e+00  dt=1.183e-03  relΔE=7.551e-05  ||F||=2.804e-01
 step=  6500  E=1.596014838740e+03  Q=1.613000000000e+03  λ=1.881158e+00  dt=7.629e-04  relΔE=5.686e-05  ||F||=3.381e-01
 step=  7000  E=1.540519581757e+03  Q=1.613000000000e+03  λ=1.812028e+00  dt=1.181e-03  relΔE=7.487e-05  ||F||=2.696e-01
 step=  7500  E=1.485063691328e+03  Q=1.613000000000e+03  λ=1.742625e+00  dt=9.140e-04  relΔE=5.830e-05  ||F||=2.655e-01
 step=  8000  E=1.430882853667e+03  Q=1.613000000000e+03  λ=1.674632e+00  dt=1.415e-03  relΔE=8.809e-05  ||F||=2.956e-01
 step=  8500  E=1.383149723100e+03  Q=1.613000000000e+03  λ=1.614563e+00  dt=1.095e-03  relΔE=6.355e-05  ||F||=2.444e-01
 step=  9000  E=1.340298939030e+03  Q=1.613000000000e+03  λ=1.560912e+00  dt=8.475e-04  relΔE=4.231e-05  ||F||=2.232e-01
 step=  9500  E=1.306121427158e+03  Q=1.613000000000e+03  λ=1.518683e+00  dt=1.312e-03  relΔE=5.176e-05  ||F||=1.958e-01
 step= 10000  E=1.281151547735e+03  Q=1.613000000000e+03  λ=1.488378e+00  dt=1.015e-03  relΔE=2.943e-05  ||F||=1.662e-01
 step= 10500  E=1.263157492265e+03  Q=1.613000000000e+03  λ=1.467125e+00  dt=7.858e-04  relΔE=1.554e-05  ||F||=1.363e-01
 step= 11000  E=1.251768176790e+03  Q=1.613000000000e+03  λ=1.454149e+00  dt=1.216e-03  relΔE=1.555e-05  ||F||=1.091e-01
 step= 11500  E=1.244474994987e+03  Q=1.613000000000e+03  λ=1.446189e+00  dt=9.414e-04  relΔE=7.492e-06  ||F||=8.584e-02
 step= 12000  E=1.239913915874e+03  Q=1.613000000000e+03  λ=1.441539e+00  dt=1.457e-03  relΔE=5.241e-06  ||F||=3.188e-01
 step= 12500  E=1.237346725715e+03  Q=1.613000000000e+03  λ=1.439043e+00  dt=1.128e-03  relΔE=3.219e-06  ||F||=5.125e-02
 step= 13000  E=1.235766914606e+03  Q=1.613000000000e+03  λ=1.437671e+00  dt=8.730e-04  relΔE=1.452e-06  ||F||=3.909e-02
 step= 13500  E=1.234849894370e+03  Q=1.613000000000e+03  λ=1.436971e+00  dt=1.351e-03  relΔE=1.301e-06  ||F||=2.973e-02
 step= 14000  E=1.234331137225e+03  Q=1.613000000000e+03  λ=1.436635e+00  dt=1.046e-03  relΔE=5.901e-07  ||F||=2.275e-02
 step= 14500  E=1.234018967920e+03  Q=1.613000000000e+03  λ=1.436470e+00  dt=8.095e-04  relΔE=2.645e-07  ||F||=1.731e-02
 step= 15000  E=1.233841038508e+03  Q=1.613000000000e+03  λ=1.436397e+00  dt=1.253e-03  relΔE=2.405e-07  ||F||=1.326e-02
 step= 15500  E=1.233735968984e+03  Q=1.613000000000e+03  λ=1.436362e+00  dt=9.698e-04  relΔE=1.112e-07  ||F||=1.025e-02
 step= 16000  E=1.233670930700e+03  Q=1.613000000000e+03  λ=1.436341e+00  dt=7.506e-04  relΔE=5.458e-08  ||F||=8.174e-03
 step= 16500  E=1.233633336413e+03  Q=1.613000000000e+03  λ=1.436324e+00  dt=1.162e-03  relΔE=4.986e-08  ||F||=6.270e-03
 step= 17000  E=1.233608832791e+03  Q=1.613000000000e+03  λ=1.436307e+00  dt=8.992e-04  relΔE=2.448e-08  ||F||=4.994e-03
 step= 17500  E=1.233592953975e+03  Q=1.613000000000e+03  λ=1.436287e+00  dt=1.392e-03  relΔE=2.471e-08  ||F||=4.076e-03
 step= 18000  E=1.233582746321e+03  Q=1.613000000000e+03  λ=1.436266e+00  dt=1.077e-03  relΔE=1.308e-08  ||F||=3.339e-03
 step= 18500  E=1.233575472204e+03  Q=1.613000000000e+03  λ=1.436243e+00  dt=8.338e-04  relΔE=7.059e-09  ||F||=2.792e-03
 step= 19000  E=1.233570371107e+03  Q=1.613000000000e+03  λ=1.436220e+00  dt=1.291e-03  relΔE=7.869e-09  ||F||=2.373e-03
 step= 19500  E=1.233566694638e+03  Q=1.613000000000e+03  λ=1.436197e+00  dt=9.989e-04  relΔE=4.520e-09  ||F||=2.047e-03
 step= 20000  E=1.233563847935e+03  Q=1.613000000000e+03  λ=1.436175e+00  dt=7.731e-04  relΔE=2.679e-09  ||F||=1.795e-03
 step= 20500  E=1.233561773525e+03  Q=1.613000000000e+03  λ=1.436154e+00  dt=1.197e-03  relΔE=3.136e-09  ||F||=1.564e-03
 step= 21000  E=1.233560133961e+03  Q=1.613000000000e+03  λ=1.436134e+00  dt=9.263e-04  relΔE=1.888e-09  ||F||=1.383e-03
 step= 21500  E=1.233558825235e+03  Q=1.613000000000e+03  λ=1.436115e+00  dt=1.434e-03  relΔE=2.254e-09  ||F||=1.818e-03
 step= 22000  E=1.233557845170e+03  Q=1.613000000000e+03  λ=1.436098e+00  dt=1.110e-03  relΔE=1.405e-09  ||F||=1.095e-03
 step= 22500  E=1.233557037254e+03  Q=1.613000000000e+03  λ=1.436082e+00  dt=8.589e-04  relΔE=8.628e-10  ||F||=9.782e-04
 step= 23000  E=1.233556397384e+03  Q=1.613000000000e+03  λ=1.436068e+00  dt=1.329e-03  relΔE=1.063e-09  ||F||=8.756e-04
 step= 23500  E=1.233555897614e+03  Q=1.613000000000e+03  λ=1.436055e+00  dt=1.029e-03  relΔE=6.602e-10  ||F||=7.867e-04
 step= 24000  E=1.233555483406e+03  Q=1.613000000000e+03  λ=1.436043e+00  dt=7.964e-04  relΔE=4.087e-10  ||F||=7.060e-04
 step= 24500  E=1.233555161647e+03  Q=1.613000000000e+03  λ=1.436032e+00  dt=1.233e-03  relΔE=5.064e-10  ||F||=6.342e-04
 step= 25000  E=1.233554901710e+03  Q=1.613000000000e+03  λ=1.436023e+00  dt=9.541e-04  relΔE=3.144e-10  ||F||=5.704e-04
 step= 25500  E=1.233554687003e+03  Q=1.613000000000e+03  λ=1.436014e+00  dt=7.385e-04  relΔE=2.586e-10  ||F||=8.556e-04
 step= 26000  E=1.233554524685e+03  Q=1.613000000000e+03  λ=1.436006e+00  dt=1.143e-03  relΔE=2.418e-10  ||F||=4.616e-04
 step= 26500  E=1.233554390794e+03  Q=1.613000000000e+03  λ=1.435999e+00  dt=7.373e-04  relΔE=1.250e-10  ||F||=4.156e-04
 step= 27000  E=1.233554285223e+03  Q=1.613000000000e+03  λ=1.435993e+00  dt=1.141e-03  relΔE=1.554e-10  ||F||=3.748e-04
 step= 27500  E=1.233554198133e+03  Q=1.613000000000e+03  λ=1.435987e+00  dt=8.833e-04  relΔE=9.590e-11  ||F||=3.371e-04
 step= 28000  E=1.233554128675e+03  Q=1.613000000000e+03  λ=1.435982e+00  dt=1.367e-03  relΔE=1.181e-10  ||F||=3.034e-04
 step= 28500  E=1.233554074796e+03  Q=1.613000000000e+03  λ=1.435977e+00  dt=1.058e-03  relΔE=7.304e-11  ||F||=2.734e-04
 step= 29000  E=1.233554030651e+03  Q=1.613000000000e+03  λ=1.435973e+00  dt=8.190e-04  relΔE=4.485e-11  ||F||=2.461e-04
 step= 29500  E=1.233553996168e+03  Q=1.613000000000e+03  λ=1.435969e+00  dt=1.268e-03  relΔE=5.495e-11  ||F||=2.215e-04
 step= 30000  E=1.233553969103e+03  Q=1.613000000000e+03  λ=1.435966e+00  dt=9.812e-04  relΔE=3.368e-11  ||F||=1.997e-04
 step= 30500  E=1.233553946940e+03  Q=1.613000000000e+03  λ=1.435963e+00  dt=7.594e-04  relΔE=2.147e-11  ||F||=1.831e-04
 step= 31000  E=1.233553930427e+03  Q=1.613000000000e+03  λ=1.435960e+00  dt=1.176e-03  relΔE=2.487e-11  ||F||=1.619e-04
 step= 31500  E=1.233553917096e+03  Q=1.613000000000e+03  λ=1.435957e+00  dt=9.098e-04  relΔE=1.499e-11  ||F||=1.457e-04
 step= 32000  E=1.233553906623e+03  Q=1.613000000000e+03  λ=1.435955e+00  dt=1.408e-03  relΔE=1.787e-11  ||F||=1.380e-04
 step= 32500  E=1.233553898871e+03  Q=1.613000000000e+03  λ=1.435953e+00  dt=1.090e-03  relΔE=1.072e-11  ||F||=1.183e-04
 step= 33000  E=1.233553892713e+03  Q=1.613000000000e+03  λ=1.435951e+00  dt=8.436e-04  relΔE=6.308e-12  ||F||=1.064e-04
 step= 33500  E=1.233553888083e+03  Q=1.613000000000e+03  λ=1.435950e+00  dt=1.306e-03  relΔE=7.343e-12  ||F||=9.582e-05
 step= 34000  E=1.233553884683e+03  Q=1.613000000000e+03  λ=1.435948e+00  dt=1.011e-03  relΔE=4.235e-12  ||F||=8.645e-05
 step= 34500  E=1.233553882089e+03  Q=1.613000000000e+03  λ=1.435947e+00  dt=7.823e-04  relΔE=2.388e-12  ||F||=7.786e-05
 step= 35000  E=1.233553880300e+03  Q=1.613000000000e+03  λ=1.435946e+00  dt=1.211e-03  relΔE=2.604e-12  ||F||=7.010e-05
 step= 35500  E=1.233553879035e+03  Q=1.613000000000e+03  λ=1.435945e+00  dt=9.372e-04  relΔE=1.369e-12  ||F||=6.315e-05
 step= 36000  E=1.233553878180e+03  Q=1.613000000000e+03  λ=1.435944e+00  dt=1.451e-03  relΔE=1.223e-12  ||F||=9.759e-05
 step= 36500  E=1.233553877693e+03  Q=1.613000000000e+03  λ=1.435943e+00  dt=1.123e-03  relΔE=5.850e-13  ||F||=5.125e-05
 step= 37000  E=1.233553877436e+03  Q=1.613000000000e+03  λ=1.435942e+00  dt=8.690e-04  relΔE=1.840e-13  ||F||=4.612e-05
  !! dt fell below dt_min: stiffness-limited termination.

Stationary candidate (aggressive): E=1.233553877371e+03, Q=1.613000000000e+03, maxρ=1.084463e+00

=== Stability test (damped inertial dynamics) ===
Perturb eps=0.02, gamma=1
t=0: E=1.311978343455e+03, Q=1.613000000000e+03, maxρ=1.121379e+00, σ=2.502393e+00, Rc=1.879982e+01
 step=     1  E=1.311977950419e+03  Q=1.613000000000e+03  λ=1.821053e+00  maxρ=1.121379e+00  minρ=1.000e-15  σ=2.502393e+00  Rc=1.879982e+01
 step=   300  E=1.295859664403e+03  Q=1.613000000000e+03  λ=1.718680e+00  maxρ=1.119475e+00  minρ=1.000e-15  σ=2.502390e+00  Rc=1.879982e+01
 step=   600  E=1.263413309136e+03  Q=1.613000000000e+03  λ=1.533144e+00  maxρ=1.114107e+00  minρ=1.000e-15  σ=2.502384e+00  Rc=1.879982e+01
 step=   900  E=1.244344424035e+03  Q=1.613000000000e+03  λ=1.473618e+00  maxρ=1.106169e+00  minρ=1.000e-15  σ=2.502382e+00  Rc=1.879982e+01
 step=  1200  E=1.251447195564e+03  Q=1.613000000000e+03  λ=1.580103e+00  maxρ=1.102387e+00  minρ=1.000e-15  σ=2.502385e+00  Rc=1.879981e+01
 step=  1500  E=1.270837385938e+03  Q=1.613000000000e+03  λ=1.696183e+00  maxρ=1.107276e+00  minρ=1.000e-15  σ=2.502388e+00  Rc=1.879981e+01
 step=  1800  E=1.280833908213e+03  Q=1.613000000000e+03  λ=1.682844e+00  maxρ=1.110819e+00  minρ=1.000e-15  σ=2.502385e+00  Rc=1.879981e+01
 step=  2100  E=1.275107419483e+03  Q=1.613000000000e+03  λ=1.582295e+00  maxρ=1.105163e+00  minρ=1.000e-15  σ=2.502382e+00  Rc=1.879981e+01
 step=  2400  E=1.264894653519e+03  Q=1.613000000000e+03  λ=1.535270e+00  maxρ=1.093560e+00  minρ=1.000e-15  σ=2.502382e+00  Rc=1.879981e+01
 step=  2700  E=1.262349700854e+03  Q=1.613000000000e+03  λ=1.589345e+00  maxρ=1.096825e+00  minρ=1.000e-15  σ=2.502385e+00  Rc=1.879981e+01
 step=  3000  E=1.267303256970e+03  Q=1.613000000000e+03  λ=1.655220e+00  maxρ=1.110591e+00  minρ=1.000e-15  σ=2.502386e+00  Rc=1.879981e+01
 step=  3300  E=1.271090885325e+03  Q=1.613000000000e+03  λ=1.643622e+00  maxρ=1.113427e+00  minρ=1.000e-15  σ=2.502383e+00  Rc=1.879981e+01
 step=  3600  E=1.268834123689e+03  Q=1.613000000000e+03  λ=1.579471e+00  maxρ=1.108193e+00  minρ=1.000e-15  σ=2.502379e+00  Rc=1.879981e+01
 step=  3900  E=1.264034923398e+03  Q=1.613000000000e+03  λ=1.550188e+00  maxρ=1.108194e+00  minρ=1.000e-15  σ=2.502380e+00  Rc=1.879980e+01
 step=  4200  E=1.262202330379e+03  Q=1.613000000000e+03  λ=1.582042e+00  maxρ=1.104339e+00  minρ=1.000e-15  σ=2.502383e+00  Rc=1.879980e+01
 step=  4500  E=1.263873552023e+03  Q=1.613000000000e+03  λ=1.617362e+00  maxρ=1.101674e+00  minρ=1.000e-15  σ=2.502385e+00  Rc=1.879980e+01
 step=  4800  E=1.265447317882e+03  Q=1.613000000000e+03  λ=1.605499e+00  maxρ=1.106571e+00  minρ=1.000e-15  σ=2.502381e+00  Rc=1.879980e+01
 step=  5100  E=1.264680403992e+03  Q=1.613000000000e+03  λ=1.568388e+00  maxρ=1.107707e+00  minρ=1.000e-15  σ=2.502376e+00  Rc=1.879979e+01
 step=  5400  E=1.262886001933e+03  Q=1.613000000000e+03  λ=1.558132e+00  maxρ=1.106399e+00  minρ=1.000e-15  σ=2.502376e+00  Rc=1.879979e+01
 step=  5700  E=1.262109960361e+03  Q=1.613000000000e+03  λ=1.581585e+00  maxρ=1.102620e+00  minρ=1.000e-15  σ=2.502379e+00  Rc=1.879978e+01
 step=  6000  E=1.262328162660e+03  Q=1.613000000000e+03  λ=1.598796e+00  maxρ=1.098445e+00  minρ=1.000e-15  σ=2.502380e+00  Rc=1.879978e+01
 >>> No runaway detected in this horizon. Likely stable (within this model & box).

STABILITY: PASS
