
=== Aggressive relaxation to Q = 1645 ===
Initial: E=4.228174094555e+03, Q=1.645000000000e+03, dt=1.000e-04
 step=     1  E=4.227933991123e+03  Q=1.645000000000e+03  λ=5.241671e+00  dt=1.000e-04  relΔE=5.679e-05  ||F||=1.208e+00
 step=   500  E=3.954496516107e+03  Q=1.645000000000e+03  λ=4.868517e+00  dt=6.192e-04  relΔE=2.441e-04  ||F||=1.067e+00
 step=  1000  E=3.314242889939e+03  Q=1.645000000000e+03  λ=4.018498e+00  dt=9.584e-04  relΔE=2.548e-04  ||F||=8.020e-01
 step=  1500  E=2.893294327652e+03  Q=1.645000000000e+03  λ=3.471869e+00  dt=7.418e-04  relΔE=1.932e-04  ||F||=1.096e+00
 step=  2000  E=2.616858586794e+03  Q=1.645000000000e+03  λ=3.117018e+00  dt=1.148e-03  relΔE=1.866e-04  ||F||=5.570e-01
 step=  2500  E=2.402132690940e+03  Q=1.645000000000e+03  λ=2.843882e+00  dt=8.887e-04  relΔE=1.202e-04  ||F||=4.869e-01
 step=  3000  E=2.234198363851e+03  Q=1.645000000000e+03  λ=2.632204e+00  dt=1.376e-03  relΔE=1.582e-04  ||F||=4.345e-01
 step=  3500  E=2.103496390551e+03  Q=1.645000000000e+03  λ=2.468307e+00  dt=1.065e-03  relΔE=1.064e-04  ||F||=3.916e-01
 step=  4000  E=1.992235226471e+03  Q=1.645000000000e+03  λ=2.329620e+00  dt=8.241e-04  relΔE=7.233e-05  ||F||=3.572e-01
 step=  4500  E=1.899746868857e+03  Q=1.645000000000e+03  λ=2.215073e+00  dt=1.276e-03  relΔE=9.985e-05  ||F||=3.294e-01
 step=  5000  E=1.821156105072e+03  Q=1.645000000000e+03  λ=2.118084e+00  dt=9.873e-04  relΔE=7.041e-05  ||F||=3.078e-01
 step=  5500  E=1.748914981297e+03  Q=1.645000000000e+03  λ=2.029356e+00  dt=7.641e-04  relΔE=5.232e-05  ||F||=2.957e-01
 step=  6000  E=1.686293620952e+03  Q=1.645000000000e+03  λ=1.952798e+00  dt=1.183e-03  relΔE=7.550e-05  ||F||=2.802e-01
 step=  6500  E=1.626058388505e+03  Q=1.645000000000e+03  λ=1.879190e+00  dt=7.629e-04  relΔE=5.768e-05  ||F||=3.434e-01
 step=  7000  E=1.569507579197e+03  Q=1.645000000000e+03  λ=1.810037e+00  dt=1.181e-03  relΔE=7.489e-05  ||F||=2.695e-01
 step=  7500  E=1.512982158195e+03  Q=1.645000000000e+03  λ=1.740603e+00  dt=9.140e-04  relΔE=5.834e-05  ||F||=2.655e-01
 step=  8000  E=1.457803525269e+03  Q=1.645000000000e+03  λ=1.672653e+00  dt=1.415e-03  relΔE=8.832e-05  ||F||=2.794e-01
 step=  8500  E=1.409094425137e+03  Q=1.645000000000e+03  λ=1.612541e+00  dt=1.095e-03  relΔE=6.366e-05  ||F||=2.445e-01
 step=  9000  E=1.365367663959e+03  Q=1.645000000000e+03  λ=1.558894e+00  dt=8.475e-04  relΔE=4.238e-05  ||F||=2.232e-01
 step=  9500  E=1.330458027481e+03  Q=1.645000000000e+03  λ=1.516678e+00  dt=1.312e-03  relΔE=5.181e-05  ||F||=1.958e-01
 step= 10000  E=1.305034917823e+03  Q=1.645000000000e+03  λ=1.486525e+00  dt=1.015e-03  relΔE=2.945e-05  ||F||=1.662e-01
 step= 10500  E=1.286689201409e+03  Q=1.645000000000e+03  λ=1.465386e+00  dt=7.858e-04  relΔE=1.554e-05  ||F||=1.363e-01
 step= 11000  E=1.275085396783e+03  Q=1.645000000000e+03  λ=1.452517e+00  dt=1.216e-03  relΔE=1.555e-05  ||F||=1.091e-01
 step= 11500  E=1.267656821014e+03  Q=1.645000000000e+03  λ=1.444644e+00  dt=9.414e-04  relΔE=7.491e-06  ||F||=8.578e-02
 step= 12000  E=1.263011155591e+03  Q=1.645000000000e+03  λ=1.440060e+00  dt=1.457e-03  relΔE=5.275e-06  ||F||=3.155e-01
 step= 12500  E=1.260395945013e+03  Q=1.645000000000e+03  λ=1.437610e+00  dt=1.128e-03  relΔE=3.220e-06  ||F||=5.123e-02
 step= 13000  E=1.258785593309e+03  Q=1.645000000000e+03  λ=1.436270e+00  dt=8.730e-04  relΔE=1.454e-06  ||F||=3.909e-02
 step= 13500  E=1.257849909861e+03  Q=1.645000000000e+03  λ=1.435590e+00  dt=1.351e-03  relΔE=1.304e-06  ||F||=2.975e-02
 step= 14000  E=1.257319791032e+03  Q=1.645000000000e+03  λ=1.435265e+00  dt=1.046e-03  relΔE=5.927e-07  ||F||=2.279e-02
 step= 14500  E=1.257000088493e+03  Q=1.645000000000e+03  λ=1.435107e+00  dt=8.095e-04  relΔE=2.664e-07  ||F||=1.736e-02
 step= 15000  E=1.256817309790e+03  Q=1.645000000000e+03  λ=1.435037e+00  dt=1.253e-03  relΔE=2.431e-07  ||F||=1.333e-02
 step= 15500  E=1.256708944724e+03  Q=1.645000000000e+03  λ=1.435002e+00  dt=9.698e-04  relΔE=1.129e-07  ||F||=1.032e-02
 step= 16000  E=1.256641517667e+03  Q=1.645000000000e+03  λ=1.434980e+00  dt=7.506e-04  relΔE=5.618e-08  ||F||=8.290e-03
 step= 16500  E=1.256602287606e+03  Q=1.645000000000e+03  λ=1.434961e+00  dt=1.162e-03  relΔE=5.127e-08  ||F||=6.354e-03
 step= 17000  E=1.256576533071e+03  Q=1.645000000000e+03  λ=1.434941e+00  dt=8.992e-04  relΔE=2.537e-08  ||F||=5.082e-03
 step= 17500  E=1.256559703982e+03  Q=1.645000000000e+03  λ=1.434918e+00  dt=1.392e-03  relΔE=2.583e-08  ||F||=4.174e-03
 step= 18000  E=1.256548791705e+03  Q=1.645000000000e+03  λ=1.434894e+00  dt=1.077e-03  relΔE=1.378e-08  ||F||=3.427e-03
 step= 18500  E=1.256540950600e+03  Q=1.645000000000e+03  λ=1.434868e+00  dt=8.338e-04  relΔE=7.504e-09  ||F||=2.877e-03
 step= 19000  E=1.256535404059e+03  Q=1.645000000000e+03  λ=1.434842e+00  dt=1.291e-03  relΔE=8.420e-09  ||F||=2.453e-03
 step= 19500  E=1.256531389468e+03  Q=1.645000000000e+03  λ=1.434817e+00  dt=9.989e-04  relΔE=4.868e-09  ||F||=2.123e-03
 step= 20000  E=1.256528258439e+03  Q=1.645000000000e+03  λ=1.434792e+00  dt=7.731e-04  relΔE=2.899e-09  ||F||=1.866e-03
 step= 20500  E=1.256525966438e+03  Q=1.645000000000e+03  λ=1.434769e+00  dt=1.197e-03  relΔE=3.409e-09  ||F||=1.629e-03
 step= 21000  E=1.256524148459e+03  Q=1.645000000000e+03  λ=1.434747e+00  dt=9.263e-04  relΔE=2.058e-09  ||F||=1.442e-03
 step= 21500  E=1.256522693198e+03  Q=1.645000000000e+03  λ=1.434726e+00  dt=1.434e-03  relΔE=2.464e-09  ||F||=1.896e-03
 step= 22000  E=1.256521600994e+03  Q=1.645000000000e+03  λ=1.434707e+00  dt=1.110e-03  relΔE=1.539e-09  ||F||=1.145e-03
 step= 22500  E=1.256520699069e+03  Q=1.645000000000e+03  λ=1.434690e+00  dt=8.589e-04  relΔE=9.463e-10  ||F||=1.023e-03
 step= 23000  E=1.256519983708e+03  Q=1.645000000000e+03  λ=1.434674e+00  dt=1.329e-03  relΔE=1.168e-09  ||F||=9.160e-04
 step= 23500  E=1.256519424298e+03  Q=1.645000000000e+03  λ=1.434660e+00  dt=1.029e-03  relΔE=7.259e-10  ||F||=8.233e-04
 step= 24000  E=1.256518960161e+03  Q=1.645000000000e+03  λ=1.434646e+00  dt=7.964e-04  relΔE=4.498e-10  ||F||=7.391e-04
 step= 24500  E=1.256518599256e+03  Q=1.645000000000e+03  λ=1.434635e+00  dt=1.233e-03  relΔE=5.579e-10  ||F||=6.640e-04
 step= 25000  E=1.256518307418e+03  Q=1.645000000000e+03  λ=1.434624e+00  dt=9.541e-04  relΔE=3.467e-10  ||F||=5.973e-04
 step= 25500  E=1.256518066178e+03  Q=1.645000000000e+03  λ=1.434614e+00  dt=6.154e-04  relΔE=8.439e-10  ||F||=5.921e-03
 step= 26000  E=1.256517887760e+03  Q=1.645000000000e+03  λ=1.434606e+00  dt=9.526e-04  relΔE=2.239e-10  ||F||=4.848e-04
 step= 26500  E=1.256517731543e+03  Q=1.645000000000e+03  λ=1.434598e+00  dt=6.144e-04  relΔE=4.684e-10  ||F||=4.292e-03
 step= 27000  E=1.256517616312e+03  Q=1.645000000000e+03  λ=1.434591e+00  dt=9.510e-04  relΔE=1.442e-10  ||F||=3.937e-04
 step= 27500  E=1.256517515974e+03  Q=1.645000000000e+03  λ=1.434585e+00  dt=1.472e-03  relΔE=3.451e-11  ||F||=2.819e-03
 step= 28000  E=1.256517439899e+03  Q=1.645000000000e+03  λ=1.434579e+00  dt=1.139e-03  relΔE=1.103e-10  ||F||=3.191e-04
 step= 28500  E=1.256517377624e+03  Q=1.645000000000e+03  λ=1.434574e+00  dt=7.349e-04  relΔE=5.681e-11  ||F||=2.876e-04
 step= 29000  E=1.256517328742e+03  Q=1.645000000000e+03  λ=1.434569e+00  dt=1.138e-03  relΔE=7.027e-11  ||F||=2.595e-04
 step= 29500  E=1.256517288587e+03  Q=1.645000000000e+03  λ=1.434565e+00  dt=8.804e-04  relΔE=4.309e-11  ||F||=2.335e-04
 step= 30000  E=1.256517256818e+03  Q=1.645000000000e+03  λ=1.434561e+00  dt=1.363e-03  relΔE=5.268e-11  ||F||=2.102e-04
 step= 30500  E=1.256517232390e+03  Q=1.645000000000e+03  λ=1.434558e+00  dt=1.055e-03  relΔE=3.232e-11  ||F||=1.895e-04
 step= 31000  E=1.256517212487e+03  Q=1.645000000000e+03  λ=1.434555e+00  dt=8.164e-04  relΔE=1.963e-11  ||F||=1.706e-04
 step= 31500  E=1.256517197153e+03  Q=1.645000000000e+03  λ=1.434552e+00  dt=1.264e-03  relΔE=2.376e-11  ||F||=1.536e-04
 step= 32000  E=1.256517185277e+03  Q=1.645000000000e+03  λ=1.434550e+00  dt=9.780e-04  relΔE=1.436e-11  ||F||=1.385e-04
 step= 32500  E=1.256517175706e+03  Q=1.645000000000e+03  λ=1.434548e+00  dt=7.570e-04  relΔE=8.996e-12  ||F||=1.267e-04
 step= 33000  E=1.256517168712e+03  Q=1.645000000000e+03  λ=1.434546e+00  dt=1.172e-03  relΔE=1.020e-11  ||F||=1.124e-04
 step= 33500  E=1.256517163195e+03  Q=1.645000000000e+03  λ=1.434544e+00  dt=9.069e-04  relΔE=5.987e-12  ||F||=1.012e-04
 step= 34000  E=1.256517158993e+03  Q=1.645000000000e+03  λ=1.434542e+00  dt=1.404e-03  relΔE=6.912e-12  ||F||=9.233e-05
 step= 34500  E=1.256517155983e+03  Q=1.645000000000e+03  λ=1.434541e+00  dt=1.086e-03  relΔE=3.973e-12  ||F||=8.213e-05
 step= 35000  E=1.256517153709e+03  Q=1.645000000000e+03  λ=1.434540e+00  dt=8.409e-04  relΔE=2.211e-12  ||F||=7.392e-05
 step= 35500  E=1.256517152106e+03  Q=1.645000000000e+03  λ=1.434538e+00  dt=1.302e-03  relΔE=2.387e-12  ||F||=6.656e-05
 step= 36000  E=1.256517151028e+03  Q=1.645000000000e+03  λ=1.434537e+00  dt=1.007e-03  relΔE=1.238e-12  ||F||=6.006e-05
 step= 36500  E=1.256517150307e+03  Q=1.645000000000e+03  λ=1.434536e+00  dt=7.797e-04  relΔE=5.910e-13  ||F||=5.407e-05
 step= 37000  E=1.256517149908e+03  Q=1.645000000000e+03  λ=1.434536e+00  dt=1.207e-03  relΔE=4.775e-13  ||F||=4.872e-05
 step= 37500  E=1.256517149725e+03  Q=1.645000000000e+03  λ=1.434535e+00  dt=9.342e-04  relΔE=1.182e-13  ||F||=4.390e-05
  !! dt fell below dt_min: stiffness-limited termination.

Stationary candidate (aggressive): E=1.256517149699e+03, Q=1.645000000000e+03, maxρ=1.092337e+00

=== Stability test (damped inertial dynamics) ===
Perturb eps=0.02, gamma=1
t=0: E=1.336509722615e+03, Q=1.645000000000e+03, maxρ=1.129640e+00, σ=2.507432e+00, Rc=1.879878e+01
 step=     1  E=1.336509321708e+03  Q=1.645000000000e+03  λ=1.819717e+00  maxρ=1.129640e+00  minρ=1.000e-15  σ=2.507432e+00  Rc=1.879878e+01
 step=   300  E=1.320068263114e+03  Q=1.645000000000e+03  λ=1.717323e+00  maxρ=1.127723e+00  minρ=1.000e-15  σ=2.507428e+00  Rc=1.879878e+01
 step=   600  E=1.286972313407e+03  Q=1.645000000000e+03  λ=1.531750e+00  maxρ=1.122316e+00  minρ=1.000e-15  σ=2.507423e+00  Rc=1.879878e+01
 step=   900  E=1.267522029987e+03  Q=1.645000000000e+03  λ=1.472218e+00  maxρ=1.114319e+00  minρ=1.000e-15  σ=2.507421e+00  Rc=1.879878e+01
 step=  1200  E=1.274767638925e+03  Q=1.645000000000e+03  λ=1.578730e+00  maxρ=1.110512e+00  minρ=1.000e-15  σ=2.507424e+00  Rc=1.879878e+01
 step=  1500  E=1.294546646135e+03  Q=1.645000000000e+03  λ=1.694829e+00  maxρ=1.115354e+00  minρ=1.000e-15  σ=2.507426e+00  Rc=1.879877e+01
 step=  1800  E=1.304743872586e+03  Q=1.645000000000e+03  λ=1.681478e+00  maxρ=1.118923e+00  minρ=1.000e-15  σ=2.507424e+00  Rc=1.879877e+01
 step=  2100  E=1.298903233262e+03  Q=1.645000000000e+03  λ=1.580908e+00  maxρ=1.113226e+00  minρ=1.000e-15  σ=2.507421e+00  Rc=1.879877e+01
 step=  2400  E=1.288485851381e+03  Q=1.645000000000e+03  λ=1.533884e+00  maxρ=1.101503e+00  minρ=1.000e-15  σ=2.507421e+00  Rc=1.879877e+01
 step=  2700  E=1.285888467266e+03  Q=1.645000000000e+03  λ=1.587979e+00  maxρ=1.104903e+00  minρ=1.000e-15  σ=2.507424e+00  Rc=1.879877e+01
 step=  3000  E=1.290938914535e+03  Q=1.645000000000e+03  λ=1.653860e+00  maxρ=1.118770e+00  minρ=1.000e-15  σ=2.507425e+00  Rc=1.879877e+01
 step=  3300  E=1.294801250395e+03  Q=1.645000000000e+03  λ=1.642242e+00  maxρ=1.121626e+00  minρ=1.000e-15  σ=2.507421e+00  Rc=1.879877e+01
 step=  3600  E=1.292500797041e+03  Q=1.645000000000e+03  λ=1.578072e+00  maxρ=1.116241e+00  minρ=1.000e-15  σ=2.507417e+00  Rc=1.879877e+01
 step=  3900  E=1.287608457524e+03  Q=1.645000000000e+03  λ=1.548799e+00  maxρ=1.116241e+00  minρ=1.000e-15  σ=2.507418e+00  Rc=1.879877e+01
 step=  4200  E=1.285740505230e+03  Q=1.645000000000e+03  λ=1.580678e+00  maxρ=1.112358e+00  minρ=1.000e-15  σ=2.507422e+00  Rc=1.879876e+01
 step=  4500  E=1.287443267316e+03  Q=1.645000000000e+03  λ=1.616005e+00  maxρ=1.109686e+00  minρ=1.000e-15  σ=2.507423e+00  Rc=1.879876e+01
 step=  4800  E=1.289045331761e+03  Q=1.645000000000e+03  λ=1.604118e+00  maxρ=1.114644e+00  minρ=1.000e-15  σ=2.507420e+00  Rc=1.879876e+01
 step=  5100  E=1.288262185487e+03  Q=1.645000000000e+03  λ=1.566985e+00  maxρ=1.115763e+00  minρ=1.000e-15  σ=2.507415e+00  Rc=1.879876e+01
 step=  5400  E=1.286434496362e+03  Q=1.645000000000e+03  λ=1.556737e+00  maxρ=1.114445e+00  minρ=1.000e-15  σ=2.507414e+00  Rc=1.879875e+01
 step=  5700  E=1.285646317743e+03  Q=1.645000000000e+03  λ=1.580218e+00  maxρ=1.110638e+00  minρ=1.000e-15  σ=2.507417e+00  Rc=1.879875e+01
 step=  6000  E=1.285869324774e+03  Q=1.645000000000e+03  λ=1.597440e+00  maxρ=1.106436e+00  minρ=1.000e-15  σ=2.507418e+00  Rc=1.879874e+01
 >>> No runaway detected in this horizon. Likely stable (within this model & box).

STABILITY: PASS
