
=== Aggressive relaxation to Q = 350 ===
Initial: E=9.100422620591e+02, Q=3.500000000000e+02, dt=1.000e-04
 step=     1  E=9.099973201027e+02  Q=3.500000000000e+02  λ=5.103281e+00  dt=1.000e-04  relΔE=4.938e-05  ||F||=1.133e+00
 step=   500  E=8.587146447659e+02  Q=3.500000000000e+02  λ=4.810232e+00  dt=6.192e-04  relΔE=2.116e-04  ||F||=1.003e+00
 step=  1000  E=7.347206943103e+02  Q=3.500000000000e+02  λ=4.101358e+00  dt=9.584e-04  relΔE=2.297e-04  ||F||=7.772e-01
 step=  1500  E=6.482713414135e+02  Q=3.500000000000e+02  λ=3.609319e+00  dt=7.418e-04  relΔE=1.669e-04  ||F||=7.704e-01
 step=  2000  E=5.888937176288e+02  Q=3.500000000000e+02  λ=3.273034e+00  dt=1.148e-03  relΔE=1.811e-04  ||F||=5.644e-01
 step=  2500  E=5.414567287149e+02  Q=3.500000000000e+02  λ=3.005153e+00  dt=8.887e-04  relΔE=1.191e-04  ||F||=4.988e-01
 step=  3000  E=5.037046956812e+02  Q=3.500000000000e+02  λ=2.792910e+00  dt=1.376e-03  relΔE=1.592e-04  ||F||=4.481e-01
 step=  3500  E=4.738626271302e+02  Q=3.500000000000e+02  λ=2.625353e+00  dt=1.065e-03  relΔE=1.083e-04  ||F||=4.065e-01
 step=  4000  E=4.482404420989e+02  Q=3.500000000000e+02  λ=2.481876e+00  dt=8.241e-04  relΔE=7.445e-05  ||F||=3.727e-01
 step=  4500  E=4.267572460005e+02  Q=3.500000000000e+02  λ=2.362010e+00  dt=1.276e-03  relΔE=1.040e-04  ||F||=3.455e-01
 step=  5000  E=4.082343010477e+02  Q=3.500000000000e+02  λ=2.258792e+00  dt=9.873e-04  relΔE=7.463e-05  ||F||=3.253e-01
 step=  5500  E=3.909087675005e+02  Q=3.500000000000e+02  λ=2.162528e+00  dt=7.641e-04  relΔE=5.651e-05  ||F||=3.150e-01
 step=  6000  E=3.756410759589e+02  Q=3.500000000000e+02  λ=2.077927e+00  dt=1.183e-03  relΔE=8.307e-05  ||F||=3.008e-01
 step=  6500  E=3.608953126859e+02  Q=3.500000000000e+02  λ=1.996044e+00  dt=7.629e-04  relΔE=6.296e-05  ||F||=3.654e-01
 step=  7000  E=3.473578829034e+02  Q=3.500000000000e+02  λ=1.920492e+00  dt=1.181e-03  relΔE=7.920e-05  ||F||=2.826e-01
 step=  7500  E=3.346202837580e+02  Q=3.500000000000e+02  λ=1.848671e+00  dt=7.616e-04  relΔE=6.173e-05  ||F||=4.991e-01
 step=  8000  E=3.237339440705e+02  Q=3.500000000000e+02  λ=1.786285e+00  dt=1.179e-03  relΔE=6.508e-05  ||F||=2.476e-01
 step=  8500  E=3.144681930827e+02  Q=3.500000000000e+02  λ=1.732223e+00  dt=9.125e-04  relΔE=4.131e-05  ||F||=2.209e-01
 step=  9000  E=3.072287417347e+02  Q=3.500000000000e+02  λ=1.689136e+00  dt=1.412e-03  relΔE=4.853e-05  ||F||=2.031e-01
 step=  9500  E=3.021883127060e+02  Q=3.500000000000e+02  λ=1.658381e+00  dt=1.093e-03  relΔE=2.713e-05  ||F||=1.604e-01
 step= 10000  E=2.986011188437e+02  Q=3.500000000000e+02  λ=1.635927e+00  dt=8.461e-04  relΔE=1.420e-05  ||F||=1.311e-01
 step= 10500  E=2.962577241035e+02  Q=3.500000000000e+02  λ=1.620828e+00  dt=1.310e-03  relΔE=1.426e-05  ||F||=1.052e-01
 step= 11000  E=2.947945266041e+02  Q=3.500000000000e+02  λ=1.611048e+00  dt=1.014e-03  relΔE=6.997e-06  ||F||=8.353e-02
 step= 11500  E=2.938548131829e+02  Q=3.500000000000e+02  λ=1.604497e+00  dt=7.845e-04  relΔE=3.318e-06  ||F||=6.528e-02
 step= 12000  E=2.933050439170e+02  Q=3.500000000000e+02  λ=1.600466e+00  dt=1.214e-03  relΔE=3.103e-06  ||F||=5.068e-02
 step= 12500  E=2.929698804870e+02  Q=3.500000000000e+02  λ=1.597848e+00  dt=9.399e-04  relΔE=1.434e-06  ||F||=3.914e-02
 step= 13000  E=2.927661601286e+02  Q=3.500000000000e+02  λ=1.596141e+00  dt=1.455e-03  relΔE=9.826e-07  ||F||=1.441e-01
 step= 13500  E=2.926530610455e+02  Q=3.500000000000e+02  λ=1.595091e+00  dt=1.126e-03  relΔE=5.969e-07  ||F||=2.304e-02
 step= 14000  E=2.925837361470e+02  Q=3.500000000000e+02  λ=1.594382e+00  dt=8.715e-04  relΔE=2.687e-07  ||F||=1.757e-02
 step= 14500  E=2.925434592647e+02  Q=3.500000000000e+02  λ=1.593917e+00  dt=1.349e-03  relΔE=2.412e-07  ||F||=1.337e-02
 step= 15000  E=2.925206119900e+02  Q=3.500000000000e+02  λ=1.593614e+00  dt=1.044e-03  relΔE=1.096e-07  ||F||=1.024e-02
 step= 15500  E=2.925068574074e+02  Q=3.500000000000e+02  λ=1.593402e+00  dt=8.081e-04  relΔE=4.901e-08  ||F||=7.777e-03
 step= 16000  E=2.924990532904e+02  Q=3.500000000000e+02  λ=1.593260e+00  dt=1.251e-03  relΔE=4.419e-08  ||F||=5.930e-03
 step= 16500  E=2.924945073791e+02  Q=3.500000000000e+02  λ=1.593163e+00  dt=9.682e-04  relΔE=2.003e-08  ||F||=4.532e-03
 step= 17000  E=2.924917643443e+02  Q=3.500000000000e+02  λ=1.593092e+00  dt=7.493e-04  relΔE=9.769e-09  ||F||=3.605e-03
 step= 17500  E=2.924902467163e+02  Q=3.500000000000e+02  λ=1.593046e+00  dt=1.160e-03  relΔE=8.231e-09  ||F||=2.646e-03
 step= 18000  E=2.924893164755e+02  Q=3.500000000000e+02  λ=1.593012e+00  dt=8.978e-04  relΔE=3.757e-09  ||F||=2.027e-03
 step= 18500  E=2.924887623086e+02  Q=3.500000000000e+02  λ=1.592988e+00  dt=1.390e-03  relΔE=3.452e-09  ||F||=1.570e-03
 step= 19000  E=2.924884398926e+02  Q=3.500000000000e+02  λ=1.592973e+00  dt=1.076e-03  relΔE=1.635e-09  ||F||=1.215e-03
 step= 19500  E=2.924882361238e+02  Q=3.500000000000e+02  λ=1.592962e+00  dt=8.324e-04  relΔE=7.776e-10  ||F||=9.501e-04
 step= 20000  E=2.924881108098e+02  Q=3.500000000000e+02  λ=1.592955e+00  dt=1.289e-03  relΔE=7.587e-10  ||F||=7.525e-04
 step= 20500  E=2.924880317338e+02  Q=3.500000000000e+02  λ=1.592951e+00  dt=9.973e-04  relΔE=3.833e-10  ||F||=6.070e-04
 step= 21000  E=2.924879777351e+02  Q=3.500000000000e+02  λ=1.592949e+00  dt=7.719e-04  relΔE=1.990e-10  ||F||=4.973e-04
 step= 21500  E=2.924879426158e+02  Q=3.500000000000e+02  λ=1.592948e+00  dt=1.195e-03  relΔE=2.124e-10  ||F||=4.137e-04
 step= 22000  E=2.924879172822e+02  Q=3.500000000000e+02  λ=1.592949e+00  dt=9.248e-04  relΔE=1.177e-10  ||F||=3.516e-04
 step= 22500  E=2.924878985009e+02  Q=3.500000000000e+02  λ=1.592950e+00  dt=1.431e-03  relΔE=1.316e-10  ||F||=5.029e-04
 step= 23000  E=2.924878851083e+02  Q=3.500000000000e+02  λ=1.592951e+00  dt=1.108e-03  relΔE=7.948e-11  ||F||=2.681e-04
 step= 23500  E=2.924878743732e+02  Q=3.500000000000e+02  λ=1.592953e+00  dt=8.575e-04  relΔE=4.788e-11  ||F||=2.390e-04
 step= 24000  E=2.924878659666e+02  Q=3.500000000000e+02  λ=1.592955e+00  dt=1.327e-03  relΔE=5.881e-11  ||F||=2.154e-04
 step= 24500  E=2.924878593804e+02  Q=3.500000000000e+02  λ=1.592957e+00  dt=1.027e-03  relΔE=3.684e-11  ||F||=1.961e-04
 step= 25000  E=2.924878538473e+02  Q=3.500000000000e+02  λ=1.592959e+00  dt=7.951e-04  relΔE=2.327e-11  ||F||=1.795e-04
 step= 25500  E=2.924878494534e+02  Q=3.500000000000e+02  λ=1.592961e+00  dt=1.231e-03  relΔE=2.951e-11  ||F||=1.648e-04
 step= 26000  E=2.924878458111e+02  Q=3.500000000000e+02  λ=1.592963e+00  dt=9.526e-04  relΔE=1.887e-11  ||F||=1.520e-04
 step= 26500  E=2.924878426993e+02  Q=3.500000000000e+02  λ=1.592965e+00  dt=6.144e-04  relΔE=3.827e-11  ||F||=1.271e-03
 step= 27000  E=2.924878403193e+02  Q=3.500000000000e+02  λ=1.592967e+00  dt=9.510e-04  relΔE=1.300e-11  ||F||=1.301e-04
 step= 27500  E=2.924878381726e+02  Q=3.500000000000e+02  λ=1.592969e+00  dt=6.134e-04  relΔE=3.273e-11  ||F||=1.224e-03
 step= 28000  E=2.924878365288e+02  Q=3.500000000000e+02  λ=1.592971e+00  dt=9.495e-04  relΔE=8.966e-12  ||F||=1.120e-04
 step= 28500  E=2.924878350488e+02  Q=3.500000000000e+02  λ=1.592972e+00  dt=1.470e-03  relΔE=2.425e-12  ||F||=7.472e-04
 step= 29000  E=2.924878338883e+02  Q=3.500000000000e+02  λ=1.592974e+00  dt=1.138e-03  relΔE=7.339e-12  ||F||=9.646e-05
 step= 29500  E=2.924878328962e+02  Q=3.500000000000e+02  λ=1.592975e+00  dt=8.804e-04  relΔE=4.666e-12  ||F||=8.953e-05
 step= 30000  E=2.924878320820e+02  Q=3.500000000000e+02  λ=1.592977e+00  dt=1.363e-03  relΔE=5.903e-12  ||F||=8.313e-05
 step= 30500  E=2.924878314345e+02  Q=3.500000000000e+02  λ=1.592978e+00  dt=1.055e-03  relΔE=3.732e-12  ||F||=7.731e-05
 step= 31000  E=2.924878308926e+02  Q=3.500000000000e+02  λ=1.592979e+00  dt=8.164e-04  relΔE=2.332e-12  ||F||=7.180e-05
 step= 31500  E=2.924878304635e+02  Q=3.500000000000e+02  λ=1.592981e+00  dt=1.264e-03  relΔE=2.890e-12  ||F||=6.673e-05
 step= 32000  E=2.924878301239e+02  Q=3.500000000000e+02  λ=1.592982e+00  dt=9.780e-04  relΔE=1.776e-12  ||F||=6.208e-05
 step= 32500  E=2.924878298469e+02  Q=3.500000000000e+02  λ=1.592983e+00  dt=7.570e-04  relΔE=1.131e-12  ||F||=5.838e-05
 step= 33000  E=2.924878296440e+02  Q=3.500000000000e+02  λ=1.592984e+00  dt=1.172e-03  relΔE=1.269e-12  ||F||=5.366e-05
 step= 33500  E=2.924878294852e+02  Q=3.500000000000e+02  λ=1.592984e+00  dt=9.069e-04  relΔE=7.300e-13  ||F||=4.988e-05
 step= 34000  E=2.924878293683e+02  Q=3.500000000000e+02  λ=1.592985e+00  dt=1.404e-03  relΔE=8.030e-13  ||F||=4.670e-05
 step= 34500  E=2.924878292900e+02  Q=3.500000000000e+02  λ=1.592986e+00  dt=1.086e-03  relΔE=4.202e-13  ||F||=4.316e-05
 step= 35000  E=2.924878292382e+02  Q=3.500000000000e+02  λ=1.592987e+00  dt=8.409e-04  relΔE=1.938e-13  ||F||=4.012e-05
 step= 35500  E=2.924878292106e+02  Q=3.500000000000e+02  λ=1.592987e+00  dt=1.302e-03  relΔE=1.335e-13  ||F||=3.731e-05
 step= 36000  E=2.924878292024e+02  Q=3.500000000000e+02  λ=1.592988e+00  dt=1.007e-03  relΔE=7.774e-16  ||F||=3.475e-05
  !! dt fell below dt_min: stiffness-limited termination.

Stationary candidate (aggressive): E=2.924878292024e+02, Q=3.500000000000e+02, maxρ=4.973991e-01

=== Stability test (damped inertial dynamics) ===
Perturb eps=0.02, gamma=1
t=0: E=3.095116214316e+02, Q=3.500000000000e+02, maxρ=5.137290e-01, σ=2.735564e+00, Rc=1.877188e+01
 step=     1  E=3.095115360455e+02  Q=3.500000000000e+02  λ=1.978735e+00  maxρ=5.137290e-01  minρ=1.000e-15  σ=2.735564e+00  Rc=1.877188e+01
 step=   300  E=3.060101481621e+02  Q=3.500000000000e+02  λ=1.876102e+00  maxρ=5.128577e-01  minρ=1.000e-15  σ=2.735561e+00  Rc=1.877188e+01
 step=   600  E=2.989643188801e+02  Q=3.500000000000e+02  λ=1.690171e+00  maxρ=5.104013e-01  minρ=1.000e-15  σ=2.735555e+00  Rc=1.877188e+01
 step=   900  E=2.948292344431e+02  Q=3.500000000000e+02  λ=1.630711e+00  maxρ=5.067683e-01  minρ=1.000e-15  σ=2.735553e+00  Rc=1.877188e+01
 step=  1200  E=2.963791685372e+02  Q=3.500000000000e+02  λ=1.737659e+00  maxρ=5.050073e-01  minρ=1.000e-15  σ=2.735557e+00  Rc=1.877188e+01
 step=  1500  E=3.005897757263e+02  Q=3.500000000000e+02  λ=1.853957e+00  maxρ=5.076452e-01  minρ=1.000e-15  σ=2.735559e+00  Rc=1.877187e+01
 step=  1800  E=3.027510617464e+02  Q=3.500000000000e+02  λ=1.840268e+00  maxρ=5.092716e-01  minρ=1.000e-15  σ=2.735557e+00  Rc=1.877187e+01
 step=  2100  E=3.014986540461e+02  Q=3.500000000000e+02  λ=1.739253e+00  maxρ=5.066812e-01  minρ=1.000e-15  σ=2.735553e+00  Rc=1.877187e+01
 step=  2400  E=2.992831798781e+02  Q=3.500000000000e+02  λ=1.692262e+00  maxρ=5.015303e-01  minρ=1.000e-15  σ=2.735553e+00  Rc=1.877187e+01
 step=  2700  E=2.987415493274e+02  Q=3.500000000000e+02  λ=1.746816e+00  maxρ=5.027296e-01  minρ=1.000e-15  σ=2.735557e+00  Rc=1.877187e+01
 step=  3000  E=2.998240236526e+02  Q=3.500000000000e+02  λ=1.812976e+00  maxρ=5.085928e-01  minρ=1.000e-15  σ=2.735558e+00  Rc=1.877187e+01
 step=  3300  E=3.006412657087e+02  Q=3.500000000000e+02  λ=1.801096e+00  maxρ=5.098960e-01  minρ=1.000e-15  σ=2.735554e+00  Rc=1.877187e+01
 step=  3600  E=3.001405896454e+02  Q=3.500000000000e+02  λ=1.736476e+00  maxρ=5.082590e-01  minρ=1.000e-15  σ=2.735550e+00  Rc=1.877187e+01
 step=  3900  E=2.990950475604e+02  Q=3.500000000000e+02  λ=1.707132e+00  maxρ=5.082637e-01  minρ=1.000e-15  σ=2.735550e+00  Rc=1.877187e+01
 step=  4200  E=2.987040547996e+02  Q=3.500000000000e+02  λ=1.739374e+00  maxρ=5.065004e-01  minρ=1.000e-15  σ=2.735555e+00  Rc=1.877187e+01
 step=  4500  E=2.990749395834e+02  Q=3.500000000000e+02  λ=1.775010e+00  maxρ=5.052022e-01  minρ=1.000e-15  σ=2.735557e+00  Rc=1.877186e+01
 step=  4800  E=2.994162392772e+02  Q=3.500000000000e+02  λ=1.763013e+00  maxρ=5.073272e-01  minρ=1.000e-15  σ=2.735553e+00  Rc=1.877186e+01
 step=  5100  E=2.992427273846e+02  Q=3.500000000000e+02  λ=1.725541e+00  maxρ=5.079803e-01  minρ=1.000e-15  σ=2.735548e+00  Rc=1.877186e+01
 step=  5400  E=2.988493999321e+02  Q=3.500000000000e+02  λ=1.715163e+00  maxρ=5.073883e-01  minρ=1.000e-15  σ=2.735547e+00  Rc=1.877186e+01
 step=  5700  E=2.986853210951e+02  Q=3.500000000000e+02  λ=1.738842e+00  maxρ=5.056636e-01  minρ=1.000e-15  σ=2.735550e+00  Rc=1.877185e+01
 step=  6000  E=2.987390527756e+02  Q=3.500000000000e+02  λ=1.756291e+00  maxρ=5.037102e-01  minρ=1.000e-15  σ=2.735552e+00  Rc=1.877185e+01
 >>> No runaway detected in this horizon. Likely stable (within this model & box).

STABILITY: PASS
