
=== Aggressive relaxation to Q = 186 ===
Initial: E=1.829831216046e+02, Q=1.860000000000e+02, dt=1.000e-04
 step=     1  E=1.829805602551e+02  Q=1.860000000000e+02  λ=1.872676e+00  dt=1.000e-04  relΔE=1.400e-05  ||F||=3.715e-01
 step=   500  E=1.798743273659e+02  Q=1.860000000000e+02  λ=1.840641e+00  dt=6.192e-04  relΔE=6.439e-05  ||F||=3.478e-01
 step=  1000  E=1.713618244948e+02  Q=1.860000000000e+02  λ=1.753606e+00  dt=9.584e-04  relΔE=7.523e-05  ||F||=2.948e-01
 step=  1500  E=1.646628740651e+02  Q=1.860000000000e+02  λ=1.685809e+00  dt=7.418e-04  relΔE=4.954e-05  ||F||=2.665e-01
 step=  2000  E=1.593204541885e+02  Q=1.860000000000e+02  λ=1.632079e+00  dt=1.148e-03  relΔE=6.613e-05  ||F||=2.434e-01
 step=  2500  E=1.546567424600e+02  Q=1.860000000000e+02  λ=1.585249e+00  dt=8.887e-04  relΔE=4.584e-05  ||F||=2.269e-01
 step=  3000  E=1.504711968974e+02  Q=1.860000000000e+02  λ=1.543599e+00  dt=1.376e-03  relΔE=5.977e-05  ||F||=7.638e-01
 step=  3500  E=1.469688735004e+02  Q=1.860000000000e+02  λ=1.508314e+00  dt=1.065e-03  relΔE=4.507e-05  ||F||=2.004e-01
 step=  4000  E=1.437296934418e+02  Q=1.860000000000e+02  λ=1.475962e+00  dt=8.241e-04  relΔE=3.185e-05  ||F||=1.893e-01
 step=  4500  E=1.408376499923e+02  Q=1.860000000000e+02  λ=1.447159e+00  dt=1.276e-03  relΔE=4.503e-05  ||F||=1.794e-01
 step=  5000  E=1.382970255178e+02  Q=1.860000000000e+02  λ=1.421863e+00  dt=9.873e-04  relΔE=3.205e-05  ||F||=1.702e-01
 step=  5500  E=1.359258181137e+02  Q=1.860000000000e+02  λ=1.398298e+00  dt=7.641e-04  relΔE=2.304e-05  ||F||=1.627e-01
 step=  6000  E=1.338226975583e+02  Q=1.860000000000e+02  λ=1.377455e+00  dt=1.183e-03  relΔE=3.270e-05  ||F||=1.545e-01
 step=  6500  E=1.319021037862e+02  Q=1.860000000000e+02  λ=1.358429e+00  dt=9.154e-04  relΔE=2.351e-05  ||F||=1.479e-01
 step=  7000  E=1.300757834164e+02  Q=1.860000000000e+02  λ=1.340380e+00  dt=7.085e-04  relΔE=2.006e-05  ||F||=1.605e-01
 step=  7500  E=1.284839651575e+02  Q=1.860000000000e+02  λ=1.324680e+00  dt=1.097e-03  relΔE=2.462e-05  ||F||=1.364e-01
 step=  8000  E=1.269502882409e+02  Q=1.860000000000e+02  λ=1.309571e+00  dt=8.488e-04  relΔE=1.798e-05  ||F||=1.317e-01
 step=  8500  E=1.255114757175e+02  Q=1.860000000000e+02  λ=1.295443e+00  dt=1.314e-03  relΔE=2.633e-05  ||F||=1.305e-01
 step=  9000  E=1.241983929289e+02  Q=1.860000000000e+02  λ=1.282556e+00  dt=1.017e-03  relΔE=1.947e-05  ||F||=1.239e-01
 step=  9500  E=1.229171243655e+02  Q=1.860000000000e+02  λ=1.270008e+00  dt=7.871e-04  relΔE=1.455e-05  ||F||=1.211e-01
 step= 10000  E=1.217080398104e+02  Q=1.860000000000e+02  λ=1.258201e+00  dt=1.218e-03  relΔE=2.163e-05  ||F||=1.181e-01
 step= 10500  E=1.205651149468e+02  Q=1.860000000000e+02  λ=1.247040e+00  dt=9.430e-04  relΔE=1.627e-05  ||F||=1.159e-01
 step= 11000  E=1.194681002103e+02  Q=1.860000000000e+02  λ=1.236346e+00  dt=1.216e-03  relΔE=2.050e-05  ||F||=1.140e-01
 step= 11500  E=1.183654172220e+02  Q=1.860000000000e+02  λ=1.225585e+00  dt=9.414e-04  relΔE=1.555e-05  ||F||=1.123e-01
 step= 12000  E=1.172832970217e+02  Q=1.860000000000e+02  λ=1.215014e+00  dt=7.286e-04  relΔE=1.220e-05  ||F||=1.126e-01
 step= 12500  E=1.162768604958e+02  Q=1.860000000000e+02  λ=1.205167e+00  dt=1.128e-03  relΔE=1.802e-05  ||F||=1.095e-01
 step= 13000  E=1.152673558612e+02  Q=1.860000000000e+02  λ=1.195241e+00  dt=8.730e-04  relΔE=1.374e-05  ||F||=1.082e-01
 step= 13500  E=1.142680311173e+02  Q=1.860000000000e+02  λ=1.185378e+00  dt=1.351e-03  relΔE=2.082e-05  ||F||=1.413e-01
 step= 14000  E=1.133354383437e+02  Q=1.860000000000e+02  λ=1.176090e+00  dt=1.046e-03  relΔE=1.588e-05  ||F||=1.054e-01
 step= 14500  E=1.123992483939e+02  Q=1.860000000000e+02  λ=1.166694e+00  dt=8.095e-04  relΔE=1.203e-05  ||F||=1.038e-01
 step= 15000  E=1.114970350832e+02  Q=1.860000000000e+02  λ=1.157560e+00  dt=1.253e-03  relΔE=1.806e-05  ||F||=1.019e-01
 step= 15500  E=1.106492971110e+02  Q=1.860000000000e+02  λ=1.148871e+00  dt=9.698e-04  relΔE=1.351e-05  ||F||=9.972e-02
 step= 16000  E=1.098085283377e+02  Q=1.860000000000e+02  λ=1.140148e+00  dt=7.506e-04  relΔE=1.018e-05  ||F||=9.805e-02
 step= 16500  E=1.090398820400e+02  Q=1.860000000000e+02  λ=1.132075e+00  dt=1.162e-03  relΔE=1.474e-05  ||F||=9.449e-02
 step= 17000  E=1.083082180452e+02  Q=1.860000000000e+02  λ=1.124271e+00  dt=8.992e-04  relΔE=1.075e-05  ||F||=9.142e-02
 step= 17500  E=1.076067292299e+02  Q=1.860000000000e+02  λ=1.116889e+00  dt=1.392e-03  relΔE=9.778e-06  ||F||=6.861e-01
 step= 18000  E=1.069949091684e+02  Q=1.860000000000e+02  λ=1.109954e+00  dt=1.077e-03  relΔE=1.110e-05  ||F||=8.432e-02
 step= 18500  E=1.064140982146e+02  Q=1.860000000000e+02  λ=1.103461e+00  dt=8.338e-04  relΔE=7.850e-06  ||F||=8.040e-02
 step= 19000  E=1.058886767582e+02  Q=1.860000000000e+02  λ=1.097491e+00  dt=1.291e-03  relΔE=1.097e-05  ||F||=7.647e-02
 step= 19500  E=1.054306836060e+02  Q=1.860000000000e+02  λ=1.092188e+00  dt=9.989e-04  relΔE=7.619e-06  ||F||=7.203e-02
 step= 20000  E=1.050103791839e+02  Q=1.860000000000e+02  λ=1.087231e+00  dt=7.731e-04  relΔE=5.263e-06  ||F||=6.792e-02
 step= 20500  E=1.046488773299e+02  Q=1.860000000000e+02  λ=1.082890e+00  dt=1.197e-03  relΔE=7.101e-06  ||F||=6.329e-02
 step= 21000  E=1.043345201358e+02  Q=1.860000000000e+02  λ=1.079033e+00  dt=9.263e-04  relΔE=4.791e-06  ||F||=5.901e-02
 step= 21500  E=1.040527703514e+02  Q=1.860000000000e+02  λ=1.075502e+00  dt=7.169e-04  relΔE=3.473e-06  ||F||=5.711e-02
 step= 22000  E=1.038240166445e+02  Q=1.860000000000e+02  λ=1.072574e+00  dt=1.110e-03  relΔE=4.242e-06  ||F||=5.060e-02
 step= 22500  E=1.036223604985e+02  Q=1.860000000000e+02  λ=1.069927e+00  dt=8.589e-04  relΔE=2.792e-06  ||F||=4.662e-02
 step= 23000  E=1.034507597510e+02  Q=1.860000000000e+02  λ=1.067620e+00  dt=1.329e-03  relΔE=3.635e-06  ||F||=4.530e-02
 step= 23500  E=1.033112339721e+02  Q=1.860000000000e+02  λ=1.065690e+00  dt=1.029e-03  relΔE=2.372e-06  ||F||=3.920e-02
 step= 24000  E=1.031910557849e+02  Q=1.860000000000e+02  λ=1.063980e+00  dt=7.964e-04  relΔE=1.534e-06  ||F||=3.581e-02
 step= 24500  E=1.030917314101e+02  Q=1.860000000000e+02  λ=1.062523e+00  dt=1.233e-03  relΔE=1.967e-06  ||F||=3.258e-02
 step= 25000  E=1.030108759697e+02  Q=1.860000000000e+02  λ=1.061296e+00  dt=9.541e-04  relΔE=1.264e-06  ||F||=2.967e-02
 step= 25500  E=1.029415234307e+02  Q=1.860000000000e+02  λ=1.060205e+00  dt=7.385e-04  relΔE=8.253e-07  ||F||=2.725e-02
 step= 26000  E=1.028869279506e+02  Q=1.860000000000e+02  λ=1.059313e+00  dt=1.143e-03  relΔE=1.023e-06  ||F||=2.437e-02
 step= 26500  E=1.028412191658e+02  Q=1.860000000000e+02  λ=1.058535e+00  dt=8.847e-04  relΔE=6.486e-07  ||F||=2.205e-02
 step= 27000  E=1.028030718335e+02  Q=1.860000000000e+02  λ=1.057857e+00  dt=1.369e-03  relΔE=7.852e-07  ||F||=5.456e-02
 step= 27500  E=1.027735553413e+02  Q=1.860000000000e+02  λ=1.057304e+00  dt=1.060e-03  relΔE=5.166e-07  ||F||=1.797e-02
 step= 28000  E=1.027486037509e+02  Q=1.860000000000e+02  λ=1.056813e+00  dt=8.203e-04  relΔE=3.248e-07  ||F||=1.620e-02
 step= 28500  E=1.027284189755e+02  Q=1.860000000000e+02  λ=1.056395e+00  dt=1.270e-03  relΔE=4.067e-07  ||F||=1.458e-02
 step= 29000  E=1.027124236192e+02  Q=1.860000000000e+02  λ=1.056043e+00  dt=9.828e-04  relΔE=2.558e-07  ||F||=1.313e-02
 step= 29500  E=1.026990309061e+02  Q=1.860000000000e+02  λ=1.055729e+00  dt=7.607e-04  relΔE=1.617e-07  ||F||=1.186e-02
 step= 30000  E=1.026885136353e+02  Q=1.860000000000e+02  λ=1.055467e+00  dt=1.177e-03  relΔE=1.999e-07  ||F||=1.060e-02
 step= 30500  E=1.026799765325e+02  Q=1.860000000000e+02  λ=1.055238e+00  dt=9.113e-04  relΔE=1.251e-07  ||F||=9.530e-03
 step= 31000  E=1.026728621047e+02  Q=1.860000000000e+02  λ=1.055033e+00  dt=7.053e-04  relΔE=1.028e-07  ||F||=1.281e-02
 step= 31500  E=1.026674508218e+02  Q=1.860000000000e+02  λ=1.054865e+00  dt=1.092e-03  relΔE=9.738e-08  ||F||=7.681e-03
 step= 32000  E=1.026629041422e+02  Q=1.860000000000e+02  λ=1.054713e+00  dt=8.450e-04  relΔE=6.072e-08  ||F||=6.893e-03
 step= 32500  E=1.026592477620e+02  Q=1.860000000000e+02  λ=1.054579e+00  dt=1.308e-03  relΔE=7.540e-08  ||F||=6.257e-03
 step= 33000  E=1.026563779508e+02  Q=1.860000000000e+02  λ=1.054464e+00  dt=1.012e-03  relΔE=4.718e-08  ||F||=5.550e-03
 step= 33500  E=1.026540020033e+02  Q=1.860000000000e+02  λ=1.054361e+00  dt=7.835e-04  relΔE=2.951e-08  ||F||=4.988e-03
 step= 34000  E=1.026521885267e+02  Q=1.860000000000e+02  λ=1.054274e+00  dt=1.011e-03  relΔE=3.082e-08  ||F||=4.487e-03
 step= 34500  E=1.026505895826e+02  Q=1.860000000000e+02  λ=1.054190e+00  dt=7.823e-04  relΔE=1.918e-08  ||F||=4.024e-03
 step= 35000  E=1.026493582254e+02  Q=1.860000000000e+02  λ=1.054119e+00  dt=1.211e-03  relΔE=2.380e-08  ||F||=3.601e-03
 step= 35500  E=1.026483765995e+02  Q=1.860000000000e+02  λ=1.054056e+00  dt=9.372e-04  relΔE=1.492e-08  ||F||=3.240e-03
 step= 36000  E=1.026475518239e+02  Q=1.860000000000e+02  λ=1.053998e+00  dt=7.254e-04  relΔE=9.784e-09  ||F||=2.984e-03
 step= 36500  E=1.026469177181e+02  Q=1.860000000000e+02  λ=1.053948e+00  dt=1.123e-03  relΔE=1.168e-08  ||F||=2.618e-03
 step= 37000  E=1.026463891277e+02  Q=1.860000000000e+02  λ=1.053902e+00  dt=8.690e-04  relΔE=7.329e-09  ||F||=2.356e-03
 step= 37500  E=1.026459544420e+02  Q=1.860000000000e+02  λ=1.053860e+00  dt=1.345e-03  relΔE=9.144e-09  ||F||=2.644e-03
 step= 38000  E=1.026456158587e+02  Q=1.860000000000e+02  λ=1.053824e+00  dt=1.041e-03  relΔE=5.801e-09  ||F||=1.913e-03
 step= 38500  E=1.026453304407e+02  Q=1.860000000000e+02  λ=1.053790e+00  dt=8.058e-04  relΔE=3.662e-09  ||F||=1.727e-03
 step= 39000  E=1.026450987808e+02  Q=1.860000000000e+02  λ=1.053759e+00  dt=1.247e-03  relΔE=4.619e-09  ||F||=1.558e-03
 step= 39500  E=1.026449130332e+02  Q=1.860000000000e+02  λ=1.053731e+00  dt=9.654e-04  relΔE=2.940e-09  ||F||=1.412e-03
 step= 40000  E=1.026447547372e+02  Q=1.860000000000e+02  λ=1.053705e+00  dt=7.472e-04  relΔE=1.889e-09  ||F||=1.285e-03
 step= 40500  E=1.026446290361e+02  Q=1.860000000000e+02  λ=1.053682e+00  dt=1.157e-03  relΔE=2.386e-09  ||F||=1.160e-03
 step= 41000  E=1.026445237256e+02  Q=1.860000000000e+02  λ=1.053661e+00  dt=8.952e-04  relΔE=1.530e-09  ||F||=1.055e-03
 step= 41500  E=1.026444339309e+02  Q=1.860000000000e+02  λ=1.053641e+00  dt=1.386e-03  relΔE=1.742e-09  ||F||=4.282e-03
 step= 42000  E=1.026443632384e+02  Q=1.860000000000e+02  λ=1.053624e+00  dt=1.072e-03  relΔE=1.272e-09  ||F||=8.770e-04
 step= 42500  E=1.026443016725e+02  Q=1.860000000000e+02  λ=1.053607e+00  dt=8.300e-04  relΔE=8.253e-10  ||F||=8.020e-04
 step= 43000  E=1.026442500573e+02  Q=1.860000000000e+02  λ=1.053592e+00  dt=1.285e-03  relΔE=1.073e-09  ||F||=7.361e-04
 step= 43500  E=1.026442075691e+02  Q=1.860000000000e+02  λ=1.053578e+00  dt=9.944e-04  relΔE=7.050e-10  ||F||=6.755e-04
 step= 44000  E=1.026441703493e+02  Q=1.860000000000e+02  λ=1.053565e+00  dt=7.697e-04  relΔE=4.658e-10  ||F||=6.234e-04
 step= 44500  E=1.026441392569e+02  Q=1.860000000000e+02  λ=1.053553e+00  dt=1.191e-03  relΔE=6.132e-10  ||F||=5.739e-04
 step= 45000  E=1.026441126817e+02  Q=1.860000000000e+02  λ=1.053542e+00  dt=9.221e-04  relΔE=4.084e-10  ||F||=5.316e-04
 step= 45500  E=1.026440889622e+02  Q=1.860000000000e+02  λ=1.053532e+00  dt=7.137e-04  relΔE=3.061e-10  ||F||=5.250e-04
 step= 46000  E=1.026440695354e+02  Q=1.860000000000e+02  λ=1.053522e+00  dt=1.105e-03  relΔE=3.664e-10  ||F||=4.586e-04
 step= 46500  E=1.026440520494e+02  Q=1.860000000000e+02  λ=1.053513e+00  dt=8.550e-04  relΔE=2.473e-10  ||F||=4.276e-04
 step= 47000  E=1.026440366540e+02  Q=1.860000000000e+02  λ=1.053505e+00  dt=1.323e-03  relΔE=3.343e-10  ||F||=4.200e-04
 step= 47500  E=1.026440235969e+02  Q=1.860000000000e+02  λ=1.053497e+00  dt=1.024e-03  relΔE=2.284e-10  ||F||=3.741e-04
 step= 48000  E=1.026440117106e+02  Q=1.860000000000e+02  λ=1.053490e+00  dt=7.928e-04  relΔE=1.568e-10  ||F||=3.518e-04
 step= 48500  E=1.026440012816e+02  Q=1.860000000000e+02  λ=1.053483e+00  dt=1.227e-03  relΔE=2.143e-10  ||F||=3.300e-04
 step= 49000  E=1.026439921573e+02  Q=1.860000000000e+02  λ=1.053477e+00  dt=9.498e-04  relΔE=1.481e-10  ||F||=3.112e-04
 step= 49500  E=1.026439837030e+02  Q=1.860000000000e+02  λ=1.053471e+00  dt=7.351e-04  relΔE=1.043e-10  ||F||=2.966e-04
 step= 50000  E=1.026439764396e+02  Q=1.860000000000e+02  λ=1.053465e+00  dt=1.138e-03  relΔE=1.422e-10  ||F||=2.776e-04
 step= 50500  E=1.026439697804e+02  Q=1.860000000000e+02  λ=1.053460e+00  dt=8.807e-04  relΔE=9.907e-11  ||F||=2.630e-04
 step= 51000  E=1.026439636511e+02  Q=1.860000000000e+02  λ=1.053455e+00  dt=1.363e-03  relΔE=1.346e-10  ||F||=6.101e-04
 step= 51500  E=1.026439583878e+02  Q=1.860000000000e+02  λ=1.053450e+00  dt=1.055e-03  relΔE=9.684e-11  ||F||=2.367e-04
 step= 52000  E=1.026439534377e+02  Q=1.860000000000e+02  λ=1.053446e+00  dt=8.166e-04  relΔE=6.807e-11  ||F||=2.252e-04
 step= 52500  E=1.026439489691e+02  Q=1.860000000000e+02  λ=1.053441e+00  dt=1.264e-03  relΔE=9.545e-11  ||F||=2.140e-04
 step= 53000  E=1.026439449843e+02  Q=1.860000000000e+02  λ=1.053437e+00  dt=9.784e-04  relΔE=6.736e-11  ||F||=2.039e-04
 step= 53500  E=1.026439412340e+02  Q=1.860000000000e+02  λ=1.053434e+00  dt=7.572e-04  relΔE=4.799e-11  ||F||=1.953e-04
 step= 54000  E=1.026439379054e+02  Q=1.860000000000e+02  λ=1.053430e+00  dt=1.172e-03  relΔE=6.717e-11  ||F||=1.853e-04
 step= 54500  E=1.026439348464e+02  Q=1.860000000000e+02  λ=1.053427e+00  dt=9.072e-04  relΔE=4.759e-11  ||F||=1.770e-04
 step= 55000  E=1.026439319628e+02  Q=1.860000000000e+02  λ=1.053424e+00  dt=1.404e-03  relΔE=5.564e-12  ||F||=2.203e-03
 step= 55500  E=1.026439294467e+02  Q=1.860000000000e+02  λ=1.053421e+00  dt=1.087e-03  relΔE=4.786e-11  ||F||=1.615e-04
 step= 56000  E=1.026439270874e+02  Q=1.860000000000e+02  λ=1.053418e+00  dt=7.010e-04  relΔE=2.845e-11  ||F||=1.547e-04
 step= 56500  E=1.026439249191e+02  Q=1.860000000000e+02  λ=1.053415e+00  dt=1.085e-03  relΔE=4.031e-11  ||F||=1.477e-04
 step= 57000  E=1.026439229000e+02  Q=1.860000000000e+02  λ=1.053413e+00  dt=8.398e-04  relΔE=2.873e-11  ||F||=1.414e-04
 step= 57500  E=1.026439210462e+02  Q=1.860000000000e+02  λ=1.053410e+00  dt=1.300e-03  relΔE=4.080e-11  ||F||=1.366e-04
 step= 58000  E=1.026439193854e+02  Q=1.860000000000e+02  λ=1.053408e+00  dt=1.006e-03  relΔE=2.912e-11  ||F||=1.295e-04
 step= 58500  E=1.026439178080e+02  Q=1.860000000000e+02  λ=1.053406e+00  dt=7.787e-04  relΔE=2.089e-11  ||F||=1.244e-04
 step= 59000  E=1.026439163746e+02  Q=1.860000000000e+02  λ=1.053403e+00  dt=1.205e-03  relΔE=2.962e-11  ||F||=1.187e-04
 step= 59500  E=1.026439150665e+02  Q=1.860000000000e+02  λ=1.053401e+00  dt=9.330e-04  relΔE=2.118e-11  ||F||=1.138e-04
 step= 60000  E=1.026439138120e+02  Q=1.860000000000e+02  λ=1.053400e+00  dt=7.221e-04  relΔE=1.594e-11  ||F||=1.125e-04
 step= 60500  E=1.026439127117e+02  Q=1.860000000000e+02  λ=1.053398e+00  dt=1.118e-03  relΔE=2.162e-11  ||F||=1.045e-04
 step= 61000  E=1.026439116643e+02  Q=1.860000000000e+02  λ=1.053396e+00  dt=8.651e-04  relΔE=1.547e-11  ||F||=1.002e-04
 step= 61500  E=1.026439106843e+02  Q=1.860000000000e+02  λ=1.053394e+00  dt=1.339e-03  relΔE=2.204e-11  ||F||=1.175e-04
 step= 62000  E=1.026439098147e+02  Q=1.860000000000e+02  λ=1.053393e+00  dt=1.036e-03  relΔE=1.584e-11  ||F||=9.212e-05
 step= 62500  E=1.026439089830e+02  Q=1.860000000000e+02  λ=1.053391e+00  dt=8.022e-04  relΔE=1.137e-11  ||F||=8.846e-05
 step= 63000  E=1.026439082172e+02  Q=1.860000000000e+02  λ=1.053390e+00  dt=1.242e-03  relΔE=1.623e-11  ||F||=8.469e-05
 step= 63500  E=1.026439075240e+02  Q=1.860000000000e+02  λ=1.053388e+00  dt=9.610e-04  relΔE=1.165e-11  ||F||=8.126e-05
 step= 64000  E=1.026439068567e+02  Q=1.860000000000e+02  λ=1.053387e+00  dt=7.438e-04  relΔE=8.538e-12  ||F||=7.906e-05
 step= 64500  E=1.026439062618e+02  Q=1.860000000000e+02  λ=1.053386e+00  dt=1.151e-03  relΔE=1.197e-11  ||F||=7.475e-05
 step= 65000  E=1.026439057019e+02  Q=1.860000000000e+02  λ=1.053385e+00  dt=8.911e-04  relΔE=8.592e-12  ||F||=7.174e-05
 step= 65500  E=1.026439051685e+02  Q=1.860000000000e+02  λ=1.053384e+00  dt=1.379e-03  relΔE=1.097e-11  ||F||=3.571e-04
 step= 66000  E=1.026439047009e+02  Q=1.860000000000e+02  λ=1.053382e+00  dt=1.068e-03  relΔE=8.849e-12  ||F||=6.601e-05
 step= 66500  E=1.026439042497e+02  Q=1.860000000000e+02  λ=1.053381e+00  dt=8.263e-04  relΔE=6.360e-12  ||F||=6.337e-05
 step= 67000  E=1.026439038317e+02  Q=1.860000000000e+02  λ=1.053380e+00  dt=1.279e-03  relΔE=9.121e-12  ||F||=6.088e-05
 step= 67500  E=1.026439034528e+02  Q=1.860000000000e+02  λ=1.053379e+00  dt=9.899e-04  relΔE=6.563e-12  ||F||=5.832e-05
 step= 68000  E=1.026439030901e+02  Q=1.860000000000e+02  λ=1.053379e+00  dt=7.662e-04  relΔE=4.755e-12  ||F||=5.625e-05
 step= 68500  E=1.026439027603e+02  Q=1.860000000000e+02  λ=1.053378e+00  dt=1.186e-03  relΔE=6.782e-12  ||F||=5.368e-05
 step= 69000  E=1.026439024538e+02  Q=1.860000000000e+02  λ=1.053377e+00  dt=9.179e-04  relΔE=4.884e-12  ||F||=5.155e-05
 step= 69500  E=1.026439021591e+02  Q=1.860000000000e+02  λ=1.053376e+00  dt=7.104e-04  relΔE=3.843e-12  ||F||=5.258e-05
 step= 70000  E=1.026439018995e+02  Q=1.860000000000e+02  λ=1.053375e+00  dt=1.100e-03  relΔE=5.059e-12  ||F||=4.746e-05
 step= 70500  E=1.026439016495e+02  Q=1.860000000000e+02  λ=1.053374e+00  dt=8.511e-04  relΔE=3.648e-12  ||F||=4.559e-05
 step= 71000  E=1.026439014155e+02  Q=1.860000000000e+02  λ=1.053374e+00  dt=1.318e-03  relΔE=5.240e-12  ||F||=4.605e-05
 step= 71500  E=1.026439012048e+02  Q=1.860000000000e+02  λ=1.053373e+00  dt=1.020e-03  relΔE=3.783e-12  ||F||=4.196e-05
 step= 72000  E=1.026439010023e+02  Q=1.860000000000e+02  λ=1.053372e+00  dt=7.892e-04  relΔE=2.740e-12  ||F||=4.040e-05
 step= 72500  E=1.026439008154e+02  Q=1.860000000000e+02  λ=1.053372e+00  dt=1.222e-03  relΔE=3.931e-12  ||F||=3.863e-05
 step= 73000  E=1.026439006440e+02  Q=1.860000000000e+02  λ=1.053371e+00  dt=9.455e-04  relΔE=2.840e-12  ||F||=3.711e-05
 step= 73500  E=1.026439004782e+02  Q=1.860000000000e+02  λ=1.053371e+00  dt=7.318e-04  relΔE=2.119e-12  ||F||=3.650e-05
 step= 74000  E=1.026439003301e+02  Q=1.860000000000e+02  λ=1.053370e+00  dt=1.133e-03  relΔE=2.958e-12  ||F||=3.418e-05
 step= 74500  E=1.026439001887e+02  Q=1.860000000000e+02  λ=1.053370e+00  dt=8.767e-04  relΔE=2.139e-12  ||F||=3.283e-05
 step= 75000  E=1.026439000540e+02  Q=1.860000000000e+02  λ=1.053369e+00  dt=1.357e-03  relΔE=3.035e-12  ||F||=8.006e-05
 step= 75500  E=1.026438999344e+02  Q=1.860000000000e+02  λ=1.053369e+00  dt=1.050e-03  relΔE=2.233e-12  ||F||=3.023e-05
 step= 76000  E=1.026438998184e+02  Q=1.860000000000e+02  λ=1.053368e+00  dt=8.130e-04  relΔE=1.619e-12  ||F||=2.909e-05
 step= 76500  E=1.026438997105e+02  Q=1.860000000000e+02  λ=1.053368e+00  dt=1.258e-03  relΔE=2.334e-12  ||F||=2.787e-05
 step= 77000  E=1.026438996119e+02  Q=1.860000000000e+02  λ=1.053367e+00  dt=9.740e-04  relΔE=1.691e-12  ||F||=2.674e-05
 step= 77500  E=1.026438995168e+02  Q=1.860000000000e+02  λ=1.053367e+00  dt=1.256e-03  relΔE=2.039e-12  ||F||=2.570e-05
 step= 78000  E=1.026438994306e+02  Q=1.860000000000e+02  λ=1.053366e+00  dt=9.724e-04  relΔE=1.479e-12  ||F||=2.465e-05
 step= 78500  E=1.026438993474e+02  Q=1.860000000000e+02  λ=1.053366e+00  dt=1.254e-03  relΔE=1.785e-12  ||F||=2.367e-05
 step= 79000  E=1.026438992717e+02  Q=1.860000000000e+02  λ=1.053366e+00  dt=9.708e-04  relΔE=1.296e-12  ||F||=2.272e-05
 step= 79500  E=1.026438991987e+02  Q=1.860000000000e+02  λ=1.053365e+00  dt=1.252e-03  relΔE=1.564e-12  ||F||=2.183e-05
 step= 80000  E=1.026438991323e+02  Q=1.860000000000e+02  λ=1.053365e+00  dt=9.692e-04  relΔE=1.137e-12  ||F||=2.094e-05
 step= 80500  E=1.026438990682e+02  Q=1.860000000000e+02  λ=1.053365e+00  dt=1.250e-03  relΔE=1.373e-12  ||F||=2.011e-05
 step= 81000  E=1.026438990098e+02  Q=1.860000000000e+02  λ=1.053364e+00  dt=9.677e-04  relΔE=9.989e-13  ||F||=1.930e-05
 step= 81500  E=1.026438989529e+02  Q=1.860000000000e+02  λ=1.053364e+00  dt=7.489e-04  relΔE=7.367e-13  ||F||=1.882e-05
 step= 82000  E=1.026438989012e+02  Q=1.860000000000e+02  λ=1.053364e+00  dt=1.159e-03  relΔE=1.054e-12  ||F||=1.778e-05
 step= 82500  E=1.026438988522e+02  Q=1.860000000000e+02  λ=1.053364e+00  dt=8.973e-04  relΔE=7.664e-13  ||F||=1.709e-05
 step= 83000  E=1.026438988048e+02  Q=1.860000000000e+02  λ=1.053363e+00  dt=1.389e-03  relΔE=5.013e-13  ||F||=2.464e-04
 step= 83500  E=1.026438987625e+02  Q=1.860000000000e+02  λ=1.053363e+00  dt=1.075e-03  relΔE=8.108e-13  ||F||=1.574e-05
 step= 84000  E=1.026438987213e+02  Q=1.860000000000e+02  λ=1.053363e+00  dt=8.320e-04  relΔE=5.909e-13  ||F||=1.513e-05
 step= 84500  E=1.026438986826e+02  Q=1.860000000000e+02  λ=1.053363e+00  dt=1.288e-03  relΔE=8.587e-13  ||F||=1.465e-05
 step= 85000  E=1.026438986471e+02  Q=1.860000000000e+02  λ=1.053362e+00  dt=9.968e-04  relΔE=6.263e-13  ||F||=1.393e-05
 step= 85500  E=1.026438986126e+02  Q=1.860000000000e+02  λ=1.053362e+00  dt=7.715e-04  relΔE=4.620e-13  ||F||=1.355e-05
 step= 86000  E=1.026438985807e+02  Q=1.860000000000e+02  λ=1.053362e+00  dt=1.194e-03  relΔE=6.652e-13  ||F||=1.283e-05
 step= 86500  E=1.026438985509e+02  Q=1.860000000000e+02  λ=1.053362e+00  dt=9.242e-04  relΔE=4.858e-13  ||F||=1.233e-05
 step= 87000  E=1.026438985216e+02  Q=1.860000000000e+02  λ=1.053362e+00  dt=7.153e-04  relΔE=3.735e-13  ||F||=1.259e-05
 step= 87500  E=1.026438984955e+02  Q=1.860000000000e+02  λ=1.053361e+00  dt=1.107e-03  relΔE=5.178e-13  ||F||=1.136e-05
 step= 88000  E=1.026438984700e+02  Q=1.860000000000e+02  λ=1.053361e+00  dt=8.570e-04  relΔE=3.787e-13  ||F||=1.093e-05
 step= 88500  E=1.026438984457e+02  Q=1.860000000000e+02  λ=1.053361e+00  dt=1.327e-03  relΔE=5.520e-13  ||F||=1.496e-05
 step= 89000  E=1.026438984237e+02  Q=1.860000000000e+02  λ=1.053361e+00  dt=1.027e-03  relΔE=4.039e-13  ||F||=1.006e-05
 step= 89500  E=1.026438984022e+02  Q=1.860000000000e+02  λ=1.053361e+00  dt=7.947e-04  relΔE=2.972e-13  ||F||=9.741e-06
 step= 90000  E=1.026438983820e+02  Q=1.860000000000e+02  λ=1.053361e+00  dt=1.230e-03  relΔE=4.318e-13  ||F||=9.270e-06
 step= 90500  E=1.026438983632e+02  Q=1.860000000000e+02  λ=1.053361e+00  dt=9.520e-04  relΔE=3.166e-13  ||F||=8.904e-06
 step= 91000  E=1.026438983448e+02  Q=1.860000000000e+02  λ=1.053360e+00  dt=7.369e-04  relΔE=2.387e-13  ||F||=8.938e-06
 step= 91500  E=1.026438983281e+02  Q=1.860000000000e+02  λ=1.053360e+00  dt=1.141e-03  relΔE=3.393e-13  ||F||=8.205e-06
 step= 92000  E=1.026438983120e+02  Q=1.860000000000e+02  λ=1.053360e+00  dt=8.828e-04  relΔE=2.487e-13  ||F||=7.887e-06
 step= 92500  E=1.026438982964e+02  Q=1.860000000000e+02  λ=1.053360e+00  dt=1.366e-03  relΔE=3.403e-13  ||F||=5.374e-05
 step= 93000  E=1.026438982823e+02  Q=1.860000000000e+02  λ=1.053360e+00  dt=1.058e-03  relΔE=2.673e-13  ||F||=7.265e-06
 step= 93500  E=1.026438982685e+02  Q=1.860000000000e+02  λ=1.053360e+00  dt=8.186e-04  relΔE=1.965e-13  ||F||=7.019e-06
 step= 94000  E=1.026438982554e+02  Q=1.860000000000e+02  λ=1.053360e+00  dt=1.267e-03  relΔE=2.874e-13  ||F||=6.729e-06
 step= 94500  E=1.026438982433e+02  Q=1.860000000000e+02  λ=1.053360e+00  dt=9.807e-04  relΔE=2.111e-13  ||F||=6.433e-06
 step= 95000  E=1.026438982315e+02  Q=1.860000000000e+02  λ=1.053360e+00  dt=7.590e-04  relΔE=1.571e-13  ||F||=6.310e-06
 step= 95500  E=1.026438982205e+02  Q=1.860000000000e+02  λ=1.053359e+00  dt=1.175e-03  relΔE=2.277e-13  ||F||=5.928e-06
 step= 96000  E=1.026438982101e+02  Q=1.860000000000e+02  λ=1.053359e+00  dt=9.093e-04  relΔE=1.674e-13  ||F||=5.699e-06
 step= 96500  E=1.026438981998e+02  Q=1.860000000000e+02  λ=1.053359e+00  dt=7.038e-04  relΔE=1.412e-13  ||F||=6.914e-06
 step= 97000  E=1.026438981906e+02  Q=1.860000000000e+02  λ=1.053359e+00  dt=1.089e-03  relΔE=1.814e-13  ||F||=5.251e-06
 step= 97500  E=1.026438981815e+02  Q=1.860000000000e+02  λ=1.053359e+00  dt=8.432e-04  relΔE=1.335e-13  ||F||=5.064e-06
 step= 98000  E=1.026438981728e+02  Q=1.860000000000e+02  λ=1.053359e+00  dt=1.305e-03  relΔE=1.959e-13  ||F||=5.668e-06
 step= 98500  E=1.026438981649e+02  Q=1.860000000000e+02  λ=1.053359e+00  dt=1.010e-03  relΔE=1.443e-13  ||F||=4.650e-06
 step= 99000  E=1.026438981571e+02  Q=1.860000000000e+02  λ=1.053359e+00  dt=7.818e-04  relΔE=1.066e-13  ||F||=4.517e-06
 step= 99500  E=1.026438981497e+02  Q=1.860000000000e+02  λ=1.053359e+00  dt=1.210e-03  relΔE=1.560e-13  ||F||=4.286e-06
 step=100000  E=1.026438981428e+02  Q=1.860000000000e+02  λ=1.053359e+00  dt=9.367e-04  relΔE=1.155e-13  ||F||=4.120e-06
 step=100500  E=1.026438981359e+02  Q=1.860000000000e+02  λ=1.053359e+00  dt=7.250e-04  relΔE=8.791e-14  ||F||=4.332e-06
 step=101000  E=1.026438981297e+02  Q=1.860000000000e+02  λ=1.053359e+00  dt=1.122e-03  relΔE=1.250e-13  ||F||=3.796e-06
 step=101500  E=1.026438981237e+02  Q=1.860000000000e+02  λ=1.053359e+00  dt=8.685e-04  relΔE=9.248e-14  ||F||=3.657e-06
 step=102000  E=1.026438981178e+02  Q=1.860000000000e+02  λ=1.053359e+00  dt=1.344e-03  relΔE=1.344e-13  ||F||=1.376e-05
 step=102500  E=1.026438981124e+02  Q=1.860000000000e+02  λ=1.053359e+00  dt=1.041e-03  relΔE=1.004e-13  ||F||=3.362e-06
 step=103000  E=1.026438981072e+02  Q=1.860000000000e+02  λ=1.053358e+00  dt=8.054e-04  relΔE=7.407e-14  ||F||=3.258e-06
 step=103500  E=1.026438981022e+02  Q=1.860000000000e+02  λ=1.053358e+00  dt=1.039e-03  relΔE=9.138e-14  ||F||=3.100e-06
 step=104000  E=1.026438980974e+02  Q=1.860000000000e+02  λ=1.053358e+00  dt=8.041e-04  relΔE=6.784e-14  ||F||=3.024e-06
 step=104500  E=1.026438980929e+02  Q=1.860000000000e+02  λ=1.053358e+00  dt=1.245e-03  relΔE=9.927e-14  ||F||=2.866e-06
 step=105000  E=1.026438980886e+02  Q=1.860000000000e+02  λ=1.053358e+00  dt=9.633e-04  relΔE=7.365e-14  ||F||=2.747e-06
 step=105500  E=1.026438980844e+02  Q=1.860000000000e+02  λ=1.053358e+00  dt=7.456e-04  relΔE=5.455e-14  ||F||=2.770e-06
 step=106000  E=1.026438980805e+02  Q=1.860000000000e+02  λ=1.053358e+00  dt=1.154e-03  relΔE=8.030e-14  ||F||=2.532e-06
 step=106500  E=1.026438980768e+02  Q=1.860000000000e+02  λ=1.053358e+00  dt=8.932e-04  relΔE=5.939e-14  ||F||=2.439e-06
 step=107000  E=1.026438980731e+02  Q=1.860000000000e+02  λ=1.053358e+00  dt=1.383e-03  relΔE=3.904e-14  ||F||=7.580e-05
 step=107500  E=1.026438980698e+02  Q=1.860000000000e+02  λ=1.053358e+00  dt=1.070e-03  relΔE=6.438e-14  ||F||=2.243e-06
 step=108000  E=1.026438980665e+02  Q=1.860000000000e+02  λ=1.053358e+00  dt=8.282e-04  relΔE=4.776e-14  ||F||=2.175e-06
 step=108500  E=1.026438980633e+02  Q=1.860000000000e+02  λ=1.053358e+00  dt=1.282e-03  relΔE=7.061e-14  ||F||=2.192e-06
 step=109000  E=1.026438980604e+02  Q=1.860000000000e+02  λ=1.053358e+00  dt=9.923e-04  relΔE=5.206e-14  ||F||=1.987e-06
 step=109500  E=1.026438980575e+02  Q=1.860000000000e+02  λ=1.053358e+00  dt=7.680e-04  relΔE=3.904e-14  ||F||=2.015e-06
 step=110000  E=1.026438980548e+02  Q=1.860000000000e+02  λ=1.053358e+00  dt=1.189e-03  relΔE=5.746e-14  ||F||=1.831e-06
 step=110500  E=1.026438980522e+02  Q=1.860000000000e+02  λ=1.053358e+00  dt=9.201e-04  relΔE=4.237e-14  ||F||=1.762e-06
 step=111000  E=1.026438980496e+02  Q=1.860000000000e+02  λ=1.053358e+00  dt=7.121e-04  relΔE=3.295e-14  ||F||=2.100e-06
 step=111500  E=1.026438980473e+02  Q=1.860000000000e+02  λ=1.053358e+00  dt=1.102e-03  relΔE=4.652e-14  ||F||=1.623e-06
 step=112000  E=1.026438980450e+02  Q=1.860000000000e+02  λ=1.053358e+00  dt=8.531e-04  relΔE=3.489e-14  ||F||=1.570e-06
 step=112500  E=1.026438980428e+02  Q=1.860000000000e+02  λ=1.053358e+00  dt=1.321e-03  relΔE=5.053e-14  ||F||=4.045e-06
 step=113000  E=1.026438980407e+02  Q=1.860000000000e+02  λ=1.053358e+00  dt=1.022e-03  relΔE=3.807e-14  ||F||=1.438e-06
 step=113500  E=1.026438980387e+02  Q=1.860000000000e+02  λ=1.053358e+00  dt=7.911e-04  relΔE=2.810e-14  ||F||=1.435e-06
 step=114000  E=1.026438980368e+02  Q=1.860000000000e+02  λ=1.053358e+00  dt=1.225e-03  relΔE=4.112e-14  ||F||=1.329e-06
 step=114500  E=1.026438980350e+02  Q=1.860000000000e+02  λ=1.053358e+00  dt=9.478e-04  relΔE=3.087e-14  ||F||=1.276e-06
 step=115000  E=1.026438980332e+02  Q=1.860000000000e+02  λ=1.053358e+00  dt=7.335e-04  relΔE=2.326e-14  ||F||=1.383e-06
 step=115500  E=1.026438980316e+02  Q=1.860000000000e+02  λ=1.053358e+00  dt=1.135e-03  relΔE=3.364e-14  ||F||=1.175e-06
 step=116000  E=1.026438980300e+02  Q=1.860000000000e+02  λ=1.053358e+00  dt=8.788e-04  relΔE=2.478e-14  ||F||=1.136e-06
 step=116500  E=1.026438980284e+02  Q=1.860000000000e+02  λ=1.053358e+00  dt=1.360e-03  relΔE=3.323e-14  ||F||=2.257e-05
 step=117000  E=1.026438980270e+02  Q=1.860000000000e+02  λ=1.053358e+00  dt=1.053e-03  relΔE=2.727e-14  ||F||=1.041e-06
 step=117500  E=1.026438980255e+02  Q=1.860000000000e+02  λ=1.053358e+00  dt=8.149e-04  relΔE=2.063e-14  ||F||=1.028e-06
 step=118000  E=1.026438980242e+02  Q=1.860000000000e+02  λ=1.053358e+00  dt=1.261e-03  relΔE=2.990e-14  ||F||=9.990e-07
 step=118500  E=1.026438980229e+02  Q=1.860000000000e+02  λ=1.053358e+00  dt=9.763e-04  relΔE=2.229e-14  ||F||=9.232e-07
 step=119000  E=1.026438980216e+02  Q=1.860000000000e+02  λ=1.053358e+00  dt=7.556e-04  relΔE=1.675e-14  ||F||=9.870e-07
 step=119500  E=1.026438980205e+02  Q=1.860000000000e+02  λ=1.053358e+00  dt=1.170e-03  relΔE=2.464e-14  ||F||=8.508e-07
 step=120000  E=1.026438980193e+02  Q=1.860000000000e+02  λ=1.053358e+00  dt=9.052e-04  relΔE=1.800e-14  ||F||=8.217e-07
 step=120500  E=1.026438980182e+02  Q=1.860000000000e+02  λ=1.053358e+00  dt=7.006e-04  relΔE=1.564e-14  ||F||=1.657e-06
 step=121000  E=1.026438980172e+02  Q=1.860000000000e+02  λ=1.053358e+00  dt=1.085e-03  relΔE=1.980e-14  ||F||=7.542e-07
 step=121500  E=1.026438980162e+02  Q=1.860000000000e+02  λ=1.053358e+00  dt=8.394e-04  relΔE=1.454e-14  ||F||=7.476e-07
 step=122000  E=1.026438980152e+02  Q=1.860000000000e+02  λ=1.053358e+00  dt=1.299e-03  relΔE=2.201e-14  ||F||=1.330e-06
 step=122500  E=1.026438980143e+02  Q=1.860000000000e+02  λ=1.053358e+00  dt=1.006e-03  relΔE=1.648e-14  ||F||=6.693e-07
 step=123000  E=1.026438980134e+02  Q=1.860000000000e+02  λ=1.053357e+00  dt=7.783e-04  relΔE=1.232e-14  ||F||=6.838e-07
 step=123500  E=1.026438980126e+02  Q=1.860000000000e+02  λ=1.053357e+00  dt=1.205e-03  relΔE=1.800e-14  ||F||=6.175e-07
 step=124000  E=1.026438980118e+02  Q=1.860000000000e+02  λ=1.053357e+00  dt=9.325e-04  relΔE=1.315e-14  ||F||=5.940e-07
 step=124500  E=1.026438980110e+02  Q=1.860000000000e+02  λ=1.053357e+00  dt=7.217e-04  relΔE=1.038e-14  ||F||=7.823e-07
 step=125000  E=1.026438980103e+02  Q=1.860000000000e+02  λ=1.053357e+00  dt=1.117e-03  relΔE=1.454e-14  ||F||=5.465e-07
 step=125500  E=1.026438980095e+02  Q=1.860000000000e+02  λ=1.053357e+00  dt=8.646e-04  relΔE=1.108e-14  ||F||=5.341e-07
 step=126000  E=1.026438980088e+02  Q=1.860000000000e+02  λ=1.053357e+00  dt=1.338e-03  relΔE=1.592e-14  ||F||=6.324e-06
 step=126500  E=1.026438980082e+02  Q=1.860000000000e+02  λ=1.053357e+00  dt=1.036e-03  relΔE=1.218e-14  ||F||=4.847e-07
 step=127000  E=1.026438980076e+02  Q=1.860000000000e+02  λ=1.053357e+00  dt=8.017e-04  relΔE=8.999e-15  ||F||=5.017e-07
 step=127500  E=1.026438980069e+02  Q=1.860000000000e+02  λ=1.053357e+00  dt=1.241e-03  relΔE=1.343e-14  ||F||=4.554e-07
 step=128000  E=1.026438980064e+02  Q=1.860000000000e+02  λ=1.053357e+00  dt=9.605e-04  relΔE=9.830e-15  ||F||=4.303e-07
 step=128500  E=1.026438980058e+02  Q=1.860000000000e+02  λ=1.053357e+00  dt=7.434e-04  relΔE=7.199e-15  ||F||=5.231e-07
 step=129000  E=1.026438980053e+02  Q=1.860000000000e+02  λ=1.053357e+00  dt=1.151e-03  relΔE=1.108e-14  ||F||=3.961e-07
 step=129500  E=1.026438980048e+02  Q=1.860000000000e+02  λ=1.053357e+00  dt=7.422e-04  relΔE=6.507e-15  ||F||=5.139e-07
 step=130000  E=1.026438980043e+02  Q=1.860000000000e+02  λ=1.053357e+00  dt=1.149e-03  relΔE=1.080e-14  ||F||=3.656e-07
 step=130500  E=1.026438980038e+02  Q=1.860000000000e+02  λ=1.053357e+00  dt=8.892e-04  relΔE=7.338e-15  ||F||=3.542e-07
 step=131000  E=1.026438980033e+02  Q=1.860000000000e+02  λ=1.053357e+00  dt=1.376e-03  relΔE=2.769e-15  ||F||=3.202e-05
 step=131500  E=1.026438980029e+02  Q=1.860000000000e+02  λ=1.053357e+00  dt=1.065e-03  relΔE=8.722e-15  ||F||=3.242e-07
 step=132000  E=1.026438980025e+02  Q=1.860000000000e+02  λ=1.053357e+00  dt=8.245e-04  relΔE=6.092e-15  ||F||=3.309e-07
 step=132500  E=1.026438980021e+02  Q=1.860000000000e+02  λ=1.053357e+00  dt=1.276e-03  relΔE=8.999e-15  ||F||=4.498e-07
 step=133000  E=1.026438980017e+02  Q=1.860000000000e+02  λ=1.053357e+00  dt=9.878e-04  relΔE=6.784e-15  ||F||=2.878e-07
 step=133500  E=1.026438980013e+02  Q=1.860000000000e+02  λ=1.053357e+00  dt=7.645e-04  relΔE=4.984e-15  ||F||=3.380e-07
 step=134000  E=1.026438980010e+02  Q=1.860000000000e+02  λ=1.053357e+00  dt=1.183e-03  relΔE=7.615e-15  ||F||=2.652e-07
 step=134500  E=1.026438980006e+02  Q=1.860000000000e+02  λ=1.053357e+00  dt=9.159e-04  relΔE=5.399e-15  ||F||=2.573e-07
 step=135000  E=1.026438980003e+02  Q=1.860000000000e+02  λ=1.053357e+00  dt=7.089e-04  relΔE=4.707e-15  ||F||=5.627e-07
 step=135500  E=1.026438980000e+02  Q=1.860000000000e+02  λ=1.053357e+00  dt=1.097e-03  relΔE=6.646e-15  ||F||=2.351e-07
 step=136000  E=1.026438979997e+02  Q=1.860000000000e+02  λ=1.053357e+00  dt=8.493e-04  relΔE=4.430e-15  ||F||=2.365e-07
 step=136500  E=1.026438979994e+02  Q=1.860000000000e+02  λ=1.053357e+00  dt=1.315e-03  relΔE=6.507e-15  ||F||=1.639e-06
 step=137000  E=1.026438979991e+02  Q=1.860000000000e+02  λ=1.053357e+00  dt=1.018e-03  relΔE=5.123e-15  ||F||=2.087e-07
 step=137500  E=1.026438979989e+02  Q=1.860000000000e+02  λ=1.053357e+00  dt=7.875e-04  relΔE=3.323e-15  ||F||=2.328e-07
 step=138000  E=1.026438979986e+02  Q=1.860000000000e+02  λ=1.053357e+00  dt=1.219e-03  relΔE=5.399e-15  ||F||=1.953e-07
 step=138500  E=1.026438979984e+02  Q=1.860000000000e+02  λ=1.053357e+00  dt=9.435e-04  relΔE=4.015e-15  ||F||=1.858e-07
 step=139000  E=1.026438979981e+02  Q=1.860000000000e+02  λ=1.053357e+00  dt=7.302e-04  relΔE=3.184e-15  ||F||=3.327e-07
 step=139500  E=1.026438979979e+02  Q=1.860000000000e+02  λ=1.053357e+00  dt=1.130e-03  relΔE=4.569e-15  ||F||=1.706e-07
 step=140000  E=1.026438979977e+02  Q=1.860000000000e+02  λ=1.053357e+00  dt=8.748e-04  relΔE=3.323e-15  ||F||=1.679e-07
 step=140500  E=1.026438979975e+02  Q=1.860000000000e+02  λ=1.053357e+00  dt=1.354e-03  relΔE=4.846e-15  ||F||=9.809e-06
 step=141000  E=1.026438979973e+02  Q=1.860000000000e+02  λ=1.053357e+00  dt=1.048e-03  relΔE=4.015e-15  ||F||=1.515e-07
 step=141500  E=1.026438979971e+02  Q=1.860000000000e+02  λ=1.053357e+00  dt=8.112e-04  relΔE=2.769e-15  ||F||=1.588e-07
 step=142000  E=1.026438979969e+02  Q=1.860000000000e+02  λ=1.053357e+00  dt=1.256e-03  relΔE=4.153e-15  ||F||=1.822e-07
 step=142500  E=1.026438979967e+02  Q=1.860000000000e+02  λ=1.053357e+00  dt=9.719e-04  relΔE=3.323e-15  ||F||=1.350e-07
 step=143000  E=1.026438979966e+02  Q=1.860000000000e+02  λ=1.053357e+00  dt=7.522e-04  relΔE=2.215e-15  ||F||=1.926e-07
 step=143500  E=1.026438979964e+02  Q=1.860000000000e+02  λ=1.053357e+00  dt=1.164e-03  relΔE=3.738e-15  ||F||=1.239e-07
 step=144000  E=1.026438979962e+02  Q=1.860000000000e+02  λ=1.053357e+00  dt=9.012e-04  relΔE=2.492e-15  ||F||=1.204e-07
 step=144500  E=1.026438979961e+02  Q=1.860000000000e+02  λ=1.053357e+00  dt=6.975e-04  relΔE=2.631e-15  ||F||=4.899e-07
 step=145000  E=1.026438979960e+02  Q=1.860000000000e+02  λ=1.053357e+00  dt=1.080e-03  relΔE=3.046e-15  ||F||=1.100e-07
 step=145500  E=1.026438979958e+02  Q=1.860000000000e+02  λ=1.053357e+00  dt=8.356e-04  relΔE=1.938e-15  ||F||=1.226e-07
 step=146000  E=1.026438979957e+02  Q=1.860000000000e+02  λ=1.053357e+00  dt=1.293e-03  relΔE=3.046e-15  ||F||=5.250e-07
 step=146500  E=1.026438979956e+02  Q=1.860000000000e+02  λ=1.053357e+00  dt=1.001e-03  relΔE=2.492e-15  ||F||=9.822e-08
 step=147000  E=1.026438979954e+02  Q=1.860000000000e+02  λ=1.053357e+00  dt=7.748e-04  relΔE=1.800e-15  ||F||=1.347e-07
 step=147500  E=1.026438979953e+02  Q=1.860000000000e+02  λ=1.053357e+00  dt=1.199e-03  relΔE=2.631e-15  ||F||=9.119e-08
 step=148000  E=1.026438979952e+02  Q=1.860000000000e+02  λ=1.053357e+00  dt=9.283e-04  relΔE=2.077e-15  ||F||=8.772e-08
 step=148500  E=1.026438979951e+02  Q=1.860000000000e+02  λ=1.053357e+00  dt=7.184e-04  relΔE=1.523e-15  ||F||=1.952e-07
 step=149000  E=1.026438979950e+02  Q=1.860000000000e+02  λ=1.053357e+00  dt=1.112e-03  relΔE=1.938e-15  ||F||=7.990e-08
 step=149500  E=1.026438979949e+02  Q=1.860000000000e+02  λ=1.053357e+00  dt=8.607e-04  relΔE=1.800e-15  ||F||=8.422e-08
 step=150000  E=1.026438979948e+02  Q=1.860000000000e+02  λ=1.053357e+00  dt=1.332e-03  relΔE=2.631e-15  ||F||=3.073e-06
 step=150500  E=1.026438979947e+02  Q=1.860000000000e+02  λ=1.053357e+00  dt=1.031e-03  relΔE=1.938e-15  ||F||=7.107e-08
 step=151000  E=1.026438979946e+02  Q=1.860000000000e+02  λ=1.053357e+00  dt=7.981e-04  relΔE=1.246e-15  ||F||=8.878e-08
 step=151500  E=1.026438979945e+02  Q=1.860000000000e+02  λ=1.053357e+00  dt=1.235e-03  relΔE=1.938e-15  ||F||=7.698e-08
 step=152000  E=1.026438979944e+02  Q=1.860000000000e+02  λ=1.053357e+00  dt=9.562e-04  relΔE=1.800e-15  ||F||=6.334e-08
 step=152500  E=1.026438979944e+02  Q=1.860000000000e+02  λ=1.053357e+00  dt=7.401e-04  relΔE=8.307e-16  ||F||=1.476e-07
 step=153000  E=1.026438979943e+02  Q=1.860000000000e+02  λ=1.053357e+00  dt=1.146e-03  relΔE=1.523e-15  ||F||=5.807e-08
 step=153500  E=1.026438979942e+02  Q=1.860000000000e+02  λ=1.053357e+00  dt=8.866e-04  relΔE=1.108e-15  ||F||=5.841e-08
 step=154000  E=1.026438979941e+02  Q=1.860000000000e+02  λ=1.053357e+00  dt=6.862e-04  relΔE=1.108e-15  ||F||=7.542e-07
 step=154500  E=1.026438979941e+02  Q=1.860000000000e+02  λ=1.053357e+00  dt=1.062e-03  relΔE=1.108e-15  ||F||=5.162e-08
 Converged (aggressive): step=154883, E=1.026438979940e+02, Q=1.860000000000e+02, dt=9.515e-04, ||F||=5.000e-08

Stationary candidate (aggressive): E=1.026438979940e+02, Q=1.860000000000e+02, maxρ=2.715677e-01

=== Stability test (damped inertial dynamics) ===
Perturb eps=0.02, gamma=1
t=0: E=1.118171678302e+02, Q=1.860000000000e+02, maxρ=2.813205e-01, σ=3.511278e+00, Rc=1.819209e+01
 step=     1  E=1.118171215556e+02  Q=1.860000000000e+02  λ=1.445372e+00  maxρ=2.813205e-01  minρ=1.000e-15  σ=3.511278e+00  Rc=1.819209e+01
 step=   300  E=1.099202393922e+02  Q=1.860000000000e+02  λ=1.340558e+00  maxρ=2.808433e-01  minρ=1.000e-15  σ=3.511274e+00  Rc=1.819210e+01
 step=   600  E=1.061096544792e+02  Q=1.860000000000e+02  λ=1.151120e+00  maxρ=2.794980e-01  minρ=1.000e-15  σ=3.511269e+00  Rc=1.819210e+01
 step=   900  E=1.038891150153e+02  Q=1.860000000000e+02  λ=1.091591e+00  maxρ=2.775078e-01  minρ=1.000e-15  σ=3.511268e+00  Rc=1.819210e+01
 step=  1200  E=1.047512525036e+02  Q=1.860000000000e+02  λ=1.201752e+00  maxρ=2.766330e-01  minρ=1.000e-15  σ=3.511272e+00  Rc=1.819209e+01
 step=  1500  E=1.070385344726e+02  Q=1.860000000000e+02  λ=1.319935e+00  maxρ=2.774975e-01  minρ=1.000e-15  σ=3.511274e+00  Rc=1.819209e+01
 step=  1800  E=1.081960758828e+02  Q=1.860000000000e+02  λ=1.304344e+00  maxρ=2.783863e-01  minρ=1.000e-15  σ=3.511270e+00  Rc=1.819209e+01
 step=  2100  E=1.075026146974e+02  Q=1.860000000000e+02  λ=1.200573e+00  maxρ=2.769698e-01  minρ=1.000e-15  σ=3.511265e+00  Rc=1.819209e+01
 step=  2400  E=1.063012328385e+02  Q=1.860000000000e+02  λ=1.153857e+00  maxρ=2.741277e-01  minρ=1.000e-15  σ=3.511266e+00  Rc=1.819209e+01
 step=  2700  E=1.060133891857e+02  Q=1.860000000000e+02  λ=1.211045e+00  maxρ=2.760378e-01  minρ=1.000e-15  σ=3.511271e+00  Rc=1.819209e+01
 step=  3000  E=1.065947275080e+02  Q=1.860000000000e+02  λ=1.278151e+00  maxρ=2.795061e-01  minρ=1.000e-15  σ=3.511273e+00  Rc=1.819209e+01
 step=  3300  E=1.070218151917e+02  Q=1.860000000000e+02  λ=1.264007e+00  maxρ=2.802257e-01  minρ=1.000e-15  σ=3.511269e+00  Rc=1.819209e+01
 step=  3600  E=1.067453021581e+02  Q=1.860000000000e+02  λ=1.197016e+00  maxρ=2.781750e-01  minρ=1.000e-15  σ=3.511264e+00  Rc=1.819209e+01
 step=  3900  E=1.061975872153e+02  Q=1.860000000000e+02  λ=1.168464e+00  maxρ=2.775024e-01  minρ=1.000e-15  σ=3.511264e+00  Rc=1.819209e+01
 step=  4200  E=1.060127798790e+02  Q=1.860000000000e+02  λ=1.203561e+00  maxρ=2.765379e-01  minρ=1.000e-15  σ=3.511269e+00  Rc=1.819209e+01
 step=  4500  E=1.062200261515e+02  Q=1.860000000000e+02  λ=1.240286e+00  maxρ=2.762640e-01  minρ=1.000e-15  σ=3.511271e+00  Rc=1.819208e+01
 step=  4800  E=1.063837586154e+02  Q=1.860000000000e+02  λ=1.226310e+00  maxρ=2.773271e-01  minρ=1.000e-15  σ=3.511268e+00  Rc=1.819209e+01
 step=  5100  E=1.062662945626e+02  Q=1.860000000000e+02  λ=1.186536e+00  maxρ=2.774360e-01  minρ=1.000e-15  σ=3.511263e+00  Rc=1.819209e+01
 step=  5400  E=1.060552341822e+02  Q=1.860000000000e+02  λ=1.176418e+00  maxρ=2.771094e-01  minρ=1.000e-15  σ=3.511261e+00  Rc=1.819209e+01
 step=  5700  E=1.059913378976e+02  Q=1.860000000000e+02  λ=1.202229e+00  maxρ=2.761628e-01  minρ=1.000e-15  σ=3.511263e+00  Rc=1.819208e+01
 step=  6000  E=1.060385863387e+02  Q=1.860000000000e+02  λ=1.220745e+00  maxρ=2.754789e-01  minρ=1.000e-15  σ=3.511264e+00  Rc=1.819208e+01
 >>> No runaway detected in this horizon. Likely stable (within this model & box).

STABILITY: PASS
