
=== Aggressive relaxation to Q = 1119 ===
Initial: E=1.023119237493e+03, Q=1.119000000000e+03, dt=1.000e-04
 step=     1  E=1.023094801452e+03  Q=1.119000000000e+03  λ=1.828401e+00  dt=1.000e-04  relΔE=2.388e-05  ||F||=4.678e-01
 step=   500  E=9.959570558136e+02  Q=1.119000000000e+03  λ=1.759263e+00  dt=6.192e-04  relΔE=9.417e-05  ||F||=4.034e-01
 step=  1000  E=9.352373186939e+02  Q=1.119000000000e+03  λ=1.614300e+00  dt=9.584e-04  relΔE=8.914e-05  ||F||=3.056e-01
 step=  1500  E=8.939133820974e+02  Q=1.119000000000e+03  λ=1.523534e+00  dt=7.418e-04  relΔE=5.420e-05  ||F||=2.648e-01
 step=  2000  E=8.631885064965e+02  Q=1.119000000000e+03  λ=1.459755e+00  dt=1.148e-03  relΔE=6.864e-05  ||F||=2.353e-01
 step=  2500  E=8.374327656797e+02  Q=1.119000000000e+03  λ=1.408170e+00  dt=8.887e-04  relΔE=4.593e-05  ||F||=2.155e-01
 step=  3000  E=8.150419816478e+02  Q=1.119000000000e+03  λ=1.364758e+00  dt=1.376e-03  relΔE=5.883e-05  ||F||=6.628e-01
 step=  3500  E=7.967644516062e+02  Q=1.119000000000e+03  λ=1.329661e+00  dt=1.065e-03  relΔE=4.294e-05  ||F||=1.857e-01
 step=  4000  E=7.801621211254e+02  Q=1.119000000000e+03  λ=1.298443e+00  dt=8.241e-04  relΔE=2.978e-05  ||F||=1.739e-01
 step=  4500  E=7.656007176643e+02  Q=1.119000000000e+03  λ=1.271454e+00  dt=1.276e-03  relΔE=4.140e-05  ||F||=1.635e-01
 step=  5000  E=7.529793510615e+02  Q=1.119000000000e+03  λ=1.248285e+00  dt=9.873e-04  relΔE=2.907e-05  ||F||=1.542e-01
 step=  5500  E=7.413341422195e+02  Q=1.119000000000e+03  λ=1.227114e+00  dt=7.641e-04  relΔE=2.063e-05  ||F||=1.465e-01
 step=  6000  E=7.311113388227e+02  Q=1.119000000000e+03  λ=1.208706e+00  dt=1.183e-03  relΔE=2.895e-05  ||F||=1.385e-01
 step=  6500  E=7.218652741832e+02  Q=1.119000000000e+03  λ=1.192161e+00  dt=9.154e-04  relΔE=2.059e-05  ||F||=1.320e-01
 step=  7000  E=7.131496102106e+02  Q=1.119000000000e+03  λ=1.176681e+00  dt=7.085e-04  relΔE=1.795e-05  ||F||=1.460e-01
 step=  7500  E=7.056475917760e+02  Q=1.119000000000e+03  λ=1.163447e+00  dt=1.097e-03  relΔE=2.103e-05  ||F||=1.205e-01
 step=  8000  E=6.984862070132e+02  Q=1.119000000000e+03  λ=1.150879e+00  dt=8.488e-04  relΔE=1.514e-05  ||F||=1.156e-01
 step=  8500  E=6.918696283919e+02  Q=1.119000000000e+03  λ=1.139349e+00  dt=1.314e-03  relΔE=2.179e-05  ||F||=1.138e-01
 step=  9000  E=6.859257457423e+02  Q=1.119000000000e+03  λ=1.129034e+00  dt=1.017e-03  relΔE=1.582e-05  ||F||=1.070e-01
 step=  9500  E=6.802292120936e+02  Q=1.119000000000e+03  λ=1.119204e+00  dt=7.871e-04  relΔE=1.157e-05  ||F||=1.036e-01
 step= 10000  E=6.749613074508e+02  Q=1.119000000000e+03  λ=1.110172e+00  dt=1.218e-03  relΔE=1.681e-05  ||F||=9.994e-02
 step= 10500  E=6.700878822012e+02  Q=1.119000000000e+03  λ=1.101849e+00  dt=9.430e-04  relΔE=1.234e-05  ||F||=9.700e-02
 step= 11000  E=6.653042122720e+02  Q=1.119000000000e+03  λ=1.093723e+00  dt=7.298e-04  relΔE=9.431e-06  ||F||=9.607e-02
 step= 11500  E=6.609799562908e+02  Q=1.119000000000e+03  λ=1.086421e+00  dt=1.130e-03  relΔE=1.346e-05  ||F||=9.192e-02
 step= 12000  E=6.567577872142e+02  Q=1.119000000000e+03  λ=1.079318e+00  dt=8.744e-04  relΔE=1.002e-05  ||F||=8.983e-02
 step= 12500  E=6.526435706868e+02  Q=1.119000000000e+03  λ=1.072440e+00  dt=1.353e-03  relΔE=1.487e-05  ||F||=1.244e-01
 step= 13000  E=6.488626207250e+02  Q=1.119000000000e+03  λ=1.066131e+00  dt=1.048e-03  relΔE=1.123e-05  ||F||=8.639e-02
 step= 13500  E=6.450726470386e+02  Q=1.119000000000e+03  λ=1.059834e+00  dt=8.108e-04  relΔE=8.502e-06  ||F||=8.518e-02
 step= 14000  E=6.414102479048e+02  Q=1.119000000000e+03  λ=1.053776e+00  dt=1.255e-03  relΔE=1.286e-05  ||F||=8.398e-02
 step= 14500  E=6.379090344198e+02  Q=1.119000000000e+03  λ=1.047990e+00  dt=9.713e-04  relΔE=9.806e-06  ||F||=8.311e-02
 step= 15000  E=6.343407675499e+02  Q=1.119000000000e+03  λ=1.042102e+00  dt=7.518e-04  relΔE=7.605e-06  ||F||=8.297e-02
 step= 15500  E=6.309325742330e+02  Q=1.119000000000e+03  λ=1.036486e+00  dt=1.164e-03  relΔE=1.158e-05  ||F||=8.207e-02
 step= 16000  E=6.275118404754e+02  Q=1.119000000000e+03  λ=1.030837e+00  dt=9.007e-04  relΔE=8.976e-06  ||F||=8.190e-02
 step= 16500  E=6.239951765451e+02  Q=1.119000000000e+03  λ=1.025220e+00  dt=1.394e-03  relΔE=8.246e-06  ||F||=6.706e-01
 step= 17000  E=6.206586374357e+02  Q=1.119000000000e+03  λ=1.019479e+00  dt=1.079e-03  relΔE=1.093e-05  ||F||=8.210e-02
 step= 17500  E=6.171710933969e+02  Q=1.119000000000e+03  λ=1.013654e+00  dt=8.352e-04  relΔE=8.594e-06  ||F||=8.253e-02
 step= 18000  E=6.136398160299e+02  Q=1.119000000000e+03  λ=1.007723e+00  dt=1.293e-03  relΔE=1.354e-05  ||F||=8.335e-02
 step= 18500  E=6.101555514043e+02  Q=1.119000000000e+03  λ=1.001814e+00  dt=1.001e-03  relΔE=1.071e-05  ||F||=8.370e-02
 step= 19000  E=6.064895054175e+02  Q=1.119000000000e+03  λ=9.955396e-01  dt=7.744e-04  relΔE=8.567e-06  ||F||=8.483e-02
 step= 19500  E=6.028276323050e+02  Q=1.119000000000e+03  λ=9.892118e-01  dt=1.199e-03  relΔE=1.349e-05  ||F||=8.529e-02
 step= 20000  E=5.991177264339e+02  Q=1.119000000000e+03  λ=9.827189e-01  dt=9.278e-04  relΔE=1.071e-05  ||F||=8.611e-02
 step= 20500  E=5.951880513042e+02  Q=1.119000000000e+03  λ=9.757575e-01  dt=7.181e-04  relΔE=9.164e-06  ||F||=9.037e-02
 step= 21000  E=5.914080598309e+02  Q=1.119000000000e+03  λ=9.689817e-01  dt=1.112e-03  relΔE=1.341e-05  ||F||=8.749e-02
 step= 21500  E=5.874535109219e+02  Q=1.119000000000e+03  λ=9.617944e-01  dt=8.603e-04  relΔE=1.056e-05  ||F||=8.795e-02
 step= 22000  E=5.834379611348e+02  Q=1.119000000000e+03  λ=9.544109e-01  dt=1.332e-03  relΔE=1.649e-05  ||F||=9.361e-02
 step= 22500  E=5.795709684823e+02  Q=1.119000000000e+03  λ=9.471995e-01  dt=1.031e-03  relΔE=1.278e-05  ||F||=8.781e-02
 step= 23000  E=5.756225242432e+02  Q=1.119000000000e+03  λ=9.397476e-01  dt=7.977e-04  relΔE=9.833e-06  ||F||=8.723e-02
 step= 23500  E=5.717805293405e+02  Q=1.119000000000e+03  λ=9.324192e-01  dt=1.235e-03  relΔE=1.487e-05  ||F||=8.595e-02
 step= 24000  E=5.681379319289e+02  Q=1.119000000000e+03  λ=9.253839e-01  dt=9.557e-04  relΔE=1.113e-05  ||F||=8.425e-02
 step= 24500  E=5.645288757570e+02  Q=1.119000000000e+03  λ=9.183396e-01  dt=7.397e-04  relΔE=8.392e-06  ||F||=8.290e-02
 step= 25000  E=5.612725587316e+02  Q=1.119000000000e+03  λ=9.119260e-01  dt=1.145e-03  relΔE=1.191e-05  ||F||=7.914e-02
 step= 25500  E=5.582031118980e+02  Q=1.119000000000e+03  λ=9.058145e-01  dt=8.861e-04  relΔE=8.514e-06  ||F||=7.584e-02
 step= 26000  E=5.553447932955e+02  Q=1.119000000000e+03  λ=9.000886e-01  dt=1.372e-03  relΔE=1.156e-05  ||F||=1.817e-01
 step= 26500  E=5.529140399638e+02  Q=1.119000000000e+03  λ=8.951446e-01  dt=1.062e-03  relΔE=8.264e-06  ||F||=6.794e-02
 step= 27000  E=5.506846121001e+02  Q=1.119000000000e+03  λ=8.905807e-01  dt=8.217e-04  relΔE=5.622e-06  ||F||=6.357e-02
 step= 27500  E=5.487564560563e+02  Q=1.119000000000e+03  λ=8.866014e-01  dt=1.272e-03  relΔE=7.507e-06  ||F||=5.900e-02
 step= 28000  E=5.471451806322e+02  Q=1.119000000000e+03  λ=8.832394e-01  dt=9.844e-04  relΔE=4.967e-06  ||F||=5.441e-02
 step= 28500  E=5.457348492796e+02  Q=1.119000000000e+03  λ=8.802673e-01  dt=7.619e-04  relΔE=3.250e-06  ||F||=4.996e-02
 step= 29000  E=5.445908354029e+02  Q=1.119000000000e+03  λ=8.778329e-01  dt=1.179e-03  relΔE=4.150e-06  ||F||=4.533e-02
 step= 29500  E=5.436442680626e+02  Q=1.119000000000e+03  λ=8.757924e-01  dt=9.128e-04  relΔE=2.641e-06  ||F||=4.107e-02
 step= 30000  E=5.428467842959e+02  Q=1.119000000000e+03  λ=8.740514e-01  dt=7.065e-04  relΔE=2.187e-06  ||F||=5.560e-02
 step= 30500  E=5.422390129207e+02  Q=1.119000000000e+03  λ=8.727064e-01  dt=1.094e-03  relΔE=2.070e-06  ||F||=3.317e-02
 step= 31000  E=5.417314301212e+02  Q=1.119000000000e+03  λ=8.715642e-01  dt=8.464e-04  relΔE=1.279e-06  ||F||=2.962e-02
 step= 31500  E=5.413286921291e+02  Q=1.119000000000e+03  λ=8.706428e-01  dt=1.310e-03  relΔE=1.562e-06  ||F||=2.663e-02
 step= 32000  E=5.410191697759e+02  Q=1.119000000000e+03  λ=8.699193e-01  dt=1.014e-03  relΔE=9.563e-07  ||F||=2.338e-02
 step= 32500  E=5.407690923413e+02  Q=1.119000000000e+03  λ=8.693218e-01  dt=7.848e-04  relΔE=5.805e-07  ||F||=2.070e-02
 step= 33000  E=5.405760225420e+02  Q=1.119000000000e+03  λ=8.688493e-01  dt=1.215e-03  relΔE=6.973e-07  ||F||=1.823e-02
 step= 33500  E=5.404277803587e+02  Q=1.119000000000e+03  λ=8.684757e-01  dt=9.403e-04  relΔE=4.202e-07  ||F||=1.608e-02
 step= 34000  E=5.403134607860e+02  Q=1.119000000000e+03  λ=8.681789e-01  dt=1.213e-03  relΔE=4.214e-07  ||F||=1.418e-02
 step= 34500  E=5.402216509839e+02  Q=1.119000000000e+03  λ=8.679318e-01  dt=9.387e-04  relΔE=2.502e-07  ||F||=1.242e-02
 step= 35000  E=5.401508027141e+02  Q=1.119000000000e+03  λ=8.677333e-01  dt=7.265e-04  relΔE=1.543e-07  ||F||=1.109e-02
 step= 35500  E=5.400990783492e+02  Q=1.119000000000e+03  λ=8.675822e-01  dt=1.125e-03  relΔE=1.764e-07  ||F||=9.521e-03
 step= 36000  E=5.400582322258e+02  Q=1.119000000000e+03  λ=8.674568e-01  dt=8.704e-04  relΔE=1.044e-07  ||F||=8.323e-03
 step= 36500  E=5.400266515602e+02  Q=1.119000000000e+03  λ=8.673548e-01  dt=1.347e-03  relΔE=1.222e-07  ||F||=9.568e-03
 step= 37000  E=5.400035575310e+02  Q=1.119000000000e+03  λ=8.672755e-01  dt=1.043e-03  relΔE=7.288e-08  ||F||=6.349e-03
 step= 37500  E=5.399853260391e+02  Q=1.119000000000e+03  λ=8.672089e-01  dt=8.071e-04  relΔE=4.295e-08  ||F||=5.539e-03
 step= 38000  E=5.399715176101e+02  Q=1.119000000000e+03  λ=8.671550e-01  dt=1.249e-03  relΔE=5.041e-08  ||F||=4.822e-03
 step= 38500  E=5.399612373985e+02  Q=1.119000000000e+03  λ=8.671117e-01  dt=9.670e-04  relΔE=2.981e-08  ||F||=4.211e-03
 step= 39000  E=5.399531323875e+02  Q=1.119000000000e+03  λ=8.670748e-01  dt=7.484e-04  relΔE=1.766e-08  ||F||=3.684e-03
 step= 39500  E=5.399471878936e+02  Q=1.119000000000e+03  λ=8.670454e-01  dt=1.158e-03  relΔE=2.059e-08  ||F||=3.194e-03
 step= 40000  E=5.399426055947e+02  Q=1.119000000000e+03  λ=8.670205e-01  dt=8.966e-04  relΔE=1.212e-08  ||F||=2.784e-03
 step= 40500  E=5.399390288454e+02  Q=1.119000000000e+03  λ=8.669993e-01  dt=1.388e-03  relΔE=1.160e-08  ||F||=1.339e-02
 step= 41000  E=5.399364620001e+02  Q=1.119000000000e+03  λ=8.669823e-01  dt=1.074e-03  relΔE=8.380e-09  ||F||=2.111e-03
 step= 41500  E=5.399344300899e+02  Q=1.119000000000e+03  λ=8.669675e-01  dt=8.314e-04  relΔE=4.924e-09  ||F||=1.837e-03
 step= 42000  E=5.399328901730e+02  Q=1.119000000000e+03  λ=8.669551e-01  dt=1.287e-03  relΔE=5.775e-09  ||F||=1.601e-03
 step= 42500  E=5.399317479177e+02  Q=1.119000000000e+03  λ=8.669447e-01  dt=9.960e-04  relΔE=3.417e-09  ||F||=1.394e-03
 step= 43000  E=5.399308487261e+02  Q=1.119000000000e+03  λ=8.669356e-01  dt=7.709e-04  relΔE=2.025e-09  ||F||=1.218e-03
 step= 43500  E=5.399301789598e+02  Q=1.119000000000e+03  λ=8.669279e-01  dt=1.193e-03  relΔE=2.370e-09  ||F||=1.056e-03
 step= 44000  E=5.399296696105e+02  Q=1.119000000000e+03  λ=8.669214e-01  dt=9.236e-04  relΔE=1.404e-09  ||F||=9.219e-04
 step= 44500  E=5.399292662226e+02  Q=1.119000000000e+03  λ=8.669156e-01  dt=7.148e-04  relΔE=9.097e-10  ||F||=8.443e-04
 step= 45000  E=5.399289746237e+02  Q=1.119000000000e+03  λ=8.669108e-01  dt=1.106e-03  relΔE=9.830e-10  ||F||=7.004e-04
 step= 45500  E=5.399287427962e+02  Q=1.119000000000e+03  λ=8.669065e-01  dt=8.564e-04  relΔE=5.829e-10  ||F||=6.107e-04
 step= 46000  E=5.399285640786e+02  Q=1.119000000000e+03  λ=8.669028e-01  dt=1.326e-03  relΔE=6.895e-10  ||F||=5.617e-04
 step= 46500  E=5.399284311590e+02  Q=1.119000000000e+03  λ=8.668996e-01  dt=1.026e-03  relΔE=4.131e-10  ||F||=4.652e-04
 step= 47000  E=5.399283255769e+02  Q=1.119000000000e+03  λ=8.668968e-01  dt=7.941e-04  relΔE=2.468e-10  ||F||=4.064e-04
 step= 47500  E=5.399282444843e+02  Q=1.119000000000e+03  λ=8.668943e-01  dt=1.229e-03  relΔE=2.948e-10  ||F||=3.545e-04
 step= 48000  E=5.399281827574e+02  Q=1.119000000000e+03  λ=8.668922e-01  dt=9.514e-04  relΔE=1.778e-10  ||F||=3.105e-04
 step= 48500  E=5.399281329276e+02  Q=1.119000000000e+03  λ=8.668903e-01  dt=7.363e-04  relΔE=1.090e-10  ||F||=2.743e-04
 step= 49000  E=5.399280956353e+02  Q=1.119000000000e+03  λ=8.668887e-01  dt=1.140e-03  relΔE=1.297e-10  ||F||=2.377e-04
 step= 49500  E=5.399280657717e+02  Q=1.119000000000e+03  λ=8.668872e-01  dt=8.822e-04  relΔE=7.885e-11  ||F||=2.083e-04
 step= 50000  E=5.399280418010e+02  Q=1.119000000000e+03  λ=8.668859e-01  dt=1.366e-03  relΔE=9.427e-11  ||F||=3.806e-04
 step= 50500  E=5.399280237681e+02  Q=1.119000000000e+03  λ=8.668848e-01  dt=1.057e-03  relΔE=5.906e-11  ||F||=1.602e-04
 step= 51000  E=5.399280088929e+02  Q=1.119000000000e+03  λ=8.668839e-01  dt=8.180e-04  relΔE=3.639e-11  ||F||=1.407e-04
 step= 51500  E=5.399279970600e+02  Q=1.119000000000e+03  λ=8.668830e-01  dt=1.266e-03  relΔE=4.497e-11  ||F||=1.236e-04
 step= 52000  E=5.399279877783e+02  Q=1.119000000000e+03  λ=8.668822e-01  dt=9.800e-04  relΔE=2.813e-11  ||F||=1.088e-04
 step= 52500  E=5.399279800044e+02  Q=1.119000000000e+03  λ=8.668815e-01  dt=7.585e-04  relΔE=1.782e-11  ||F||=9.667e-05
 step= 53000  E=5.399279738837e+02  Q=1.119000000000e+03  λ=8.668809e-01  dt=1.174e-03  relΔE=2.220e-11  ||F||=8.441e-05
 step= 53500  E=5.399279688496e+02  Q=1.119000000000e+03  λ=8.668804e-01  dt=9.087e-04  relΔE=1.411e-11  ||F||=7.456e-05
 step= 54000  E=5.399279645711e+02  Q=1.119000000000e+03  λ=8.668799e-01  dt=5.861e-04  relΔE=3.663e-11  ||F||=1.152e-03
 step= 54500  E=5.399279612497e+02  Q=1.119000000000e+03  λ=8.668795e-01  dt=9.072e-04  relΔE=9.648e-12  ||F||=5.829e-05
 step= 55000  E=5.399279583032e+02  Q=1.119000000000e+03  λ=8.668791e-01  dt=7.021e-04  relΔE=9.409e-12  ||F||=2.324e-04
 step= 55500  E=5.399279559757e+02  Q=1.119000000000e+03  λ=8.668788e-01  dt=1.087e-03  relΔE=8.100e-12  ||F||=4.573e-05
 step= 56000  E=5.399279539333e+02  Q=1.119000000000e+03  λ=8.668785e-01  dt=8.412e-04  relΔE=5.299e-12  ||F||=4.064e-05
 step= 56500  E=5.399279522078e+02  Q=1.119000000000e+03  λ=8.668783e-01  dt=1.302e-03  relΔE=6.939e-12  ||F||=3.679e-05
 step= 57000  E=5.399279507758e+02  Q=1.119000000000e+03  λ=8.668780e-01  dt=1.008e-03  relΔE=4.598e-12  ||F||=3.206e-05
 step= 57500  E=5.399279495149e+02  Q=1.119000000000e+03  λ=8.668778e-01  dt=7.800e-04  relΔE=3.063e-12  ||F||=2.869e-05
 step= 58000  E=5.399279484435e+02  Q=1.119000000000e+03  λ=8.668776e-01  dt=1.207e-03  relΔE=4.069e-12  ||F||=2.542e-05
 step= 58500  E=5.399279475284e+02  Q=1.119000000000e+03  λ=8.668775e-01  dt=9.345e-04  relΔE=2.733e-12  ||F||=2.272e-05
 step= 59000  E=5.399279467033e+02  Q=1.119000000000e+03  λ=8.668773e-01  dt=7.233e-04  relΔE=1.917e-12  ||F||=2.190e-05
 step= 59500  E=5.399279460200e+02  Q=1.119000000000e+03  λ=8.668772e-01  dt=1.120e-03  relΔE=2.483e-12  ||F||=1.815e-05
 step= 60000  E=5.399279454041e+02  Q=1.119000000000e+03  λ=8.668771e-01  dt=8.665e-04  relΔE=1.684e-12  ||F||=1.629e-05
 step= 60500  E=5.399279448580e+02  Q=1.119000000000e+03  λ=8.668770e-01  dt=1.341e-03  relΔE=2.276e-12  ||F||=2.866e-05
 step= 61000  E=5.399279443969e+02  Q=1.119000000000e+03  λ=8.668769e-01  dt=1.038e-03  relΔE=1.561e-12  ||F||=1.307e-05
 step= 61500  E=5.399279439760e+02  Q=1.119000000000e+03  λ=8.668768e-01  dt=8.035e-04  relΔE=1.069e-12  ||F||=1.182e-05
 step= 62000  E=5.399279436055e+02  Q=1.119000000000e+03  λ=8.668767e-01  dt=1.244e-03  relΔE=1.461e-12  ||F||=1.055e-05
 step= 62500  E=5.399279432839e+02  Q=1.119000000000e+03  λ=8.668767e-01  dt=9.626e-04  relΔE=1.006e-12  ||F||=9.493e-06
 step= 63000  E=5.399279429875e+02  Q=1.119000000000e+03  λ=8.668766e-01  dt=7.450e-04  relΔE=7.033e-13  ||F||=9.066e-06
 step= 63500  E=5.399279427330e+02  Q=1.119000000000e+03  λ=8.668765e-01  dt=1.153e-03  relΔE=9.553e-13  ||F||=7.693e-06
 step= 64000  E=5.399279425026e+02  Q=1.119000000000e+03  λ=8.668765e-01  dt=8.926e-04  relΔE=6.601e-13  ||F||=6.958e-06
 step= 64500  E=5.399279422912e+02  Q=1.119000000000e+03  λ=8.668764e-01  dt=1.382e-03  relΔE=8.094e-13  ||F||=8.945e-05
 step= 65000  E=5.399279421125e+02  Q=1.119000000000e+03  λ=8.668764e-01  dt=1.069e-03  relΔE=6.325e-13  ||F||=5.655e-06
 step= 65500  E=5.399279419457e+02  Q=1.119000000000e+03  λ=8.668764e-01  dt=8.276e-04  relΔE=4.394e-13  ||F||=5.166e-06
 step= 66000  E=5.399279417965e+02  Q=1.119000000000e+03  λ=8.668763e-01  dt=1.281e-03  relΔE=6.091e-13  ||F||=4.761e-06
 step= 66500  E=5.399279416660e+02  Q=1.119000000000e+03  λ=8.668763e-01  dt=9.916e-04  relΔE=4.247e-13  ||F||=4.179e-06
 step= 67000  E=5.399279415447e+02  Q=1.119000000000e+03  λ=8.668763e-01  dt=7.674e-04  relΔE=2.973e-13  ||F||=4.039e-06
 step= 67500  E=5.399279414379e+02  Q=1.119000000000e+03  λ=8.668763e-01  dt=1.188e-03  relΔE=4.112e-13  ||F||=3.420e-06
 step= 68000  E=5.399279413421e+02  Q=1.119000000000e+03  λ=8.668762e-01  dt=9.194e-04  relΔE=2.872e-13  ||F||=3.109e-06
 step= 68500  E=5.399279412525e+02  Q=1.119000000000e+03  λ=8.668762e-01  dt=7.116e-04  relΔE=2.215e-13  ||F||=5.132e-06
 step= 69000  E=5.399279411761e+02  Q=1.119000000000e+03  λ=8.668762e-01  dt=1.102e-03  relΔE=2.788e-13  ||F||=2.547e-06
 step= 69500  E=5.399279411047e+02  Q=1.119000000000e+03  λ=8.668762e-01  dt=8.525e-04  relΔE=1.950e-13  ||F||=2.351e-06
 step= 70000  E=5.399279410398e+02  Q=1.119000000000e+03  λ=8.668762e-01  dt=1.320e-03  relΔE=2.720e-13  ||F||=4.413e-06
 step= 70500  E=5.399279409832e+02  Q=1.119000000000e+03  λ=8.668762e-01  dt=1.021e-03  relΔE=1.910e-13  ||F||=1.903e-06
 step= 71000  E=5.399279409304e+02  Q=1.119000000000e+03  λ=8.668762e-01  dt=7.905e-04  relΔE=1.337e-13  ||F||=1.830e-06
 step= 71500  E=5.399279408831e+02  Q=1.119000000000e+03  λ=8.668762e-01  dt=1.224e-03  relΔE=1.868e-13  ||F||=1.569e-06
 step= 72000  E=5.399279408409e+02  Q=1.119000000000e+03  λ=8.668761e-01  dt=9.471e-04  relΔE=1.308e-13  ||F||=1.430e-06
 step= 72500  E=5.399279408014e+02  Q=1.119000000000e+03  λ=8.668761e-01  dt=7.330e-04  relΔE=9.391e-14  ||F||=1.836e-06
 step= 73000  E=5.399279407671e+02  Q=1.119000000000e+03  λ=8.668761e-01  dt=1.135e-03  relΔE=1.289e-13  ||F||=1.174e-06
 step= 73500  E=5.399279407353e+02  Q=1.119000000000e+03  λ=8.668761e-01  dt=8.782e-04  relΔE=9.054e-14  ||F||=1.096e-06
 step= 74000  E=5.399279407060e+02  Q=1.119000000000e+03  λ=8.668761e-01  dt=1.359e-03  relΔE=1.240e-13  ||F||=1.522e-05
 step= 74500  E=5.399279406806e+02  Q=1.119000000000e+03  λ=8.668761e-01  dt=1.052e-03  relΔE=8.907e-14  ||F||=8.820e-07
 step= 75000  E=5.399279406568e+02  Q=1.119000000000e+03  λ=8.668761e-01  dt=8.143e-04  relΔE=6.211e-14  ||F||=8.555e-07
 step= 75500  E=5.399279406353e+02  Q=1.119000000000e+03  λ=8.668761e-01  dt=1.260e-03  relΔE=8.801e-14  ||F||=7.744e-07
 step= 76000  E=5.399279406162e+02  Q=1.119000000000e+03  λ=8.668761e-01  dt=9.756e-04  relΔE=6.148e-14  ||F||=6.653e-07
 step= 76500  E=5.399279405983e+02  Q=1.119000000000e+03  λ=8.668761e-01  dt=7.550e-04  relΔE=4.316e-14  ||F||=8.843e-07
 step= 77000  E=5.399279405825e+02  Q=1.119000000000e+03  λ=8.668761e-01  dt=1.169e-03  relΔE=6.043e-14  ||F||=5.475e-07
 step= 77500  E=5.399279405681e+02  Q=1.119000000000e+03  λ=8.668761e-01  dt=9.046e-04  relΔE=4.316e-14  ||F||=5.107e-07
 step= 78000  E=5.399279405546e+02  Q=1.119000000000e+03  λ=8.668761e-01  dt=7.001e-04  relΔE=4.717e-14  ||F||=1.823e-05
 step= 78500  E=5.399279405430e+02  Q=1.119000000000e+03  λ=8.668761e-01  dt=1.084e-03  relΔE=4.169e-14  ||F||=4.131e-07
 step= 79000  E=5.399279405321e+02  Q=1.119000000000e+03  λ=8.668761e-01  dt=8.388e-04  relΔE=2.885e-14  ||F||=4.490e-07
 step= 79500  E=5.399279405222e+02  Q=1.119000000000e+03  λ=8.668761e-01  dt=1.298e-03  relΔE=4.085e-14  ||F||=7.712e-07
 step= 80000  E=5.399279405136e+02  Q=1.119000000000e+03  λ=8.668761e-01  dt=8.374e-04  relΔE=2.421e-14  ||F||=3.224e-07
 step= 80500  E=5.399279405052e+02  Q=1.119000000000e+03  λ=8.668761e-01  dt=1.296e-03  relΔE=3.495e-14  ||F||=8.457e-07
 step= 81000  E=5.399279404981e+02  Q=1.119000000000e+03  λ=8.668761e-01  dt=8.361e-04  relΔE=2.021e-14  ||F||=2.672e-07
 step= 81500  E=5.399279404911e+02  Q=1.119000000000e+03  λ=8.668761e-01  dt=1.294e-03  relΔE=2.821e-14  ||F||=7.215e-07
 step= 82000  E=5.399279404852e+02  Q=1.119000000000e+03  λ=8.668761e-01  dt=1.002e-03  relΔE=2.000e-14  ||F||=2.173e-07
 step= 82500  E=5.399279404796e+02  Q=1.119000000000e+03  λ=8.668761e-01  dt=7.752e-04  relΔE=1.432e-14  ||F||=3.690e-07
 step= 83000  E=5.399279404745e+02  Q=1.119000000000e+03  λ=8.668761e-01  dt=1.200e-03  relΔE=1.937e-14  ||F||=1.777e-07
 step= 83500  E=5.399279404700e+02  Q=1.119000000000e+03  λ=8.668761e-01  dt=9.288e-04  relΔE=1.432e-14  ||F||=1.692e-07
 step= 84000  E=5.399279404657e+02  Q=1.119000000000e+03  λ=8.668761e-01  dt=7.188e-04  relΔE=1.032e-14  ||F||=6.490e-07
 step= 84500  E=5.399279404621e+02  Q=1.119000000000e+03  λ=8.668761e-01  dt=1.113e-03  relΔE=1.432e-14  ||F||=1.337e-07
 step= 85000  E=5.399279404586e+02  Q=1.119000000000e+03  λ=8.668761e-01  dt=8.612e-04  relΔE=9.475e-15  ||F||=1.560e-07
 step= 85500  E=5.399279404554e+02  Q=1.119000000000e+03  λ=8.668761e-01  dt=1.333e-03  relΔE=1.327e-14  ||F||=2.322e-06
 step= 86000  E=5.399279404526e+02  Q=1.119000000000e+03  λ=8.668761e-01  dt=1.032e-03  relΔE=9.265e-15  ||F||=1.031e-07
 step= 86500  E=5.399279404500e+02  Q=1.119000000000e+03  λ=8.668761e-01  dt=7.986e-04  relΔE=7.370e-15  ||F||=1.953e-07
 step= 87000  E=5.399279404477e+02  Q=1.119000000000e+03  λ=8.668761e-01  dt=1.236e-03  relΔE=9.475e-15  ||F||=9.704e-08
 step= 87500  E=5.399279404456e+02  Q=1.119000000000e+03  λ=8.668761e-01  dt=9.567e-04  relΔE=6.527e-15  ||F||=8.339e-08
 step= 88000  E=5.399279404436e+02  Q=1.119000000000e+03  λ=8.668761e-01  dt=7.405e-04  relΔE=5.264e-15  ||F||=2.849e-07
 step= 88500  E=5.399279404418e+02  Q=1.119000000000e+03  λ=8.668761e-01  dt=1.146e-03  relΔE=6.317e-15  ||F||=6.329e-08
 step= 89000  E=5.399279404402e+02  Q=1.119000000000e+03  λ=8.668761e-01  dt=8.871e-04  relΔE=4.422e-15  ||F||=7.136e-08
 step= 89500  E=5.399279404387e+02  Q=1.119000000000e+03  λ=8.668761e-01  dt=1.373e-03  relΔE=4.001e-15  ||F||=1.292e-05
 Converged (aggressive): step=89820, E=5.399279404379e+02, Q=1.119000000000e+03, dt=1.025e-03, ||F||=4.997e-08

Stationary candidate (aggressive): E=5.399279404379e+02, Q=1.119000000000e+03, maxρ=8.321307e-01

=== Stability test (damped inertial dynamics) ===
Perturb eps=0.02, gamma=1
t=0: E=5.946165055899e+02, Q=1.119000000000e+03, maxρ=8.585992e-01, σ=2.574186e+00, Rc=1.847195e+01
 step=     1  E=5.946162306238e+02  Q=1.119000000000e+03  λ=1.253487e+00  maxρ=8.585992e-01  minρ=1.000e-15  σ=2.574186e+00  Rc=1.847195e+01
 step=   300  E=5.833420404397e+02  Q=1.119000000000e+03  λ=1.150506e+00  maxρ=8.571424e-01  minρ=1.000e-15  σ=2.574183e+00  Rc=1.847196e+01
 step=   600  E=5.606674175205e+02  Q=1.119000000000e+03  λ=9.640254e-01  maxρ=8.530351e-01  minρ=1.000e-15  σ=2.574177e+00  Rc=1.847196e+01
 step=   900  E=5.473945317360e+02  Q=1.119000000000e+03  λ=9.045815e-01  maxρ=8.469602e-01  minρ=1.000e-15  σ=2.574176e+00  Rc=1.847196e+01
 step=  1200  E=5.524461171112e+02  Q=1.119000000000e+03  λ=1.012089e+00  maxρ=8.442367e-01  minρ=1.000e-15  σ=2.574178e+00  Rc=1.847195e+01
 step=  1500  E=5.660474652081e+02  Q=1.119000000000e+03  λ=1.128753e+00  maxρ=8.492564e-01  minρ=1.000e-15  σ=2.574180e+00  Rc=1.847195e+01
 step=  1800  E=5.730041984219e+02  Q=1.119000000000e+03  λ=1.114835e+00  maxρ=8.519740e-01  minρ=1.000e-15  σ=2.574177e+00  Rc=1.847195e+01
 step=  2100  E=5.689292284648e+02  Q=1.119000000000e+03  λ=1.013409e+00  maxρ=8.476361e-01  minρ=1.000e-15  σ=2.574174e+00  Rc=1.847195e+01
 step=  2400  E=5.617445538323e+02  Q=1.119000000000e+03  λ=9.663701e-01  maxρ=8.392886e-01  minρ=1.000e-15  σ=2.574174e+00  Rc=1.847195e+01
 step=  2700  E=5.599678328207e+02  Q=1.119000000000e+03  λ=1.021137e+00  maxρ=8.430422e-01  minρ=1.000e-15  σ=2.574177e+00  Rc=1.847195e+01
 step=  3000  E=5.634469329016e+02  Q=1.119000000000e+03  λ=1.087279e+00  maxρ=8.536309e-01  minρ=1.000e-15  σ=2.574178e+00  Rc=1.847195e+01
 step=  3300  E=5.660945726360e+02  Q=1.119000000000e+03  λ=1.075090e+00  maxρ=8.558216e-01  minρ=1.000e-15  σ=2.574174e+00  Rc=1.847195e+01
 step=  3600  E=5.645145399251e+02  Q=1.119000000000e+03  λ=1.010342e+00  maxρ=8.503385e-01  minρ=1.000e-15  σ=2.574170e+00  Rc=1.847195e+01
 step=  3900  E=5.611842011470e+02  Q=1.119000000000e+03  λ=9.813281e-01  maxρ=8.503434e-01  minρ=1.000e-15  σ=2.574170e+00  Rc=1.847195e+01
 step=  4200  E=5.599469231874e+02  Q=1.119000000000e+03  λ=1.013981e+00  maxρ=8.473883e-01  minρ=1.000e-15  σ=2.574173e+00  Rc=1.847194e+01
 step=  4500  E=5.611349329360e+02  Q=1.119000000000e+03  λ=1.049586e+00  maxρ=8.451460e-01  minρ=1.000e-15  σ=2.574174e+00  Rc=1.847194e+01
 step=  4800  E=5.622074817549e+02  Q=1.119000000000e+03  λ=1.037177e+00  maxρ=8.487213e-01  minρ=1.000e-15  σ=2.574170e+00  Rc=1.847194e+01
 step=  5100  E=5.616281458270e+02  Q=1.119000000000e+03  λ=9.994527e-01  maxρ=8.497861e-01  minρ=1.000e-15  σ=2.574165e+00  Rc=1.847194e+01
 step=  5400  E=5.603673353267e+02  Q=1.119000000000e+03  λ=9.892567e-01  maxρ=8.487859e-01  minρ=1.000e-15  σ=2.574164e+00  Rc=1.847194e+01
 step=  5700  E=5.598657015725e+02  Q=1.119000000000e+03  λ=1.013235e+00  maxρ=8.458881e-01  minρ=1.000e-15  σ=2.574165e+00  Rc=1.847193e+01
 step=  6000  E=5.600606241257e+02  Q=1.119000000000e+03  λ=1.030700e+00  maxρ=8.438305e-01  minρ=1.000e-15  σ=2.574166e+00  Rc=1.847193e+01
 >>> No runaway detected in this horizon. Likely stable (within this model & box).

STABILITY: PASS
