
=== Aggressive relaxation to Q = 172 ===
Initial: E=1.698477516140e+02, Q=1.720000000000e+02, dt=1.000e-04
 step=     1  E=1.698453684969e+02  Q=1.720000000000e+02  λ=1.881333e+00  dt=1.000e-04  relΔE=1.403e-05  ||F||=3.726e-01
 step=   500  E=1.669545731154e+02  Q=1.720000000000e+02  λ=1.849227e+00  dt=6.192e-04  relΔE=6.458e-05  ||F||=3.489e-01
 step=  1000  E=1.590268500432e+02  Q=1.720000000000e+02  λ=1.761858e+00  dt=9.584e-04  relΔE=7.553e-05  ||F||=2.959e-01
 step=  1500  E=1.527689473916e+02  Q=1.720000000000e+02  λ=1.693512e+00  dt=7.418e-04  relΔE=5.016e-05  ||F||=2.687e-01
 step=  2000  E=1.477962780476e+02  Q=1.720000000000e+02  λ=1.639492e+00  dt=1.148e-03  relΔE=6.645e-05  ||F||=2.444e-01
 step=  2500  E=1.434419863980e+02  Q=1.720000000000e+02  λ=1.592237e+00  dt=8.887e-04  relΔE=4.607e-05  ||F||=2.278e-01
 step=  3000  E=1.395395072537e+02  Q=1.720000000000e+02  λ=1.550223e+00  dt=1.376e-03  relΔE=6.058e-05  ||F||=7.258e-01
 step=  3500  E=1.362743962551e+02  Q=1.720000000000e+02  λ=1.514670e+00  dt=1.065e-03  relΔE=4.532e-05  ||F||=2.012e-01
 step=  4000  E=1.332500399674e+02  Q=1.720000000000e+02  λ=1.481989e+00  dt=8.241e-04  relΔE=3.204e-05  ||F||=1.902e-01
 step=  4500  E=1.305572464843e+02  Q=1.720000000000e+02  λ=1.452968e+00  dt=1.276e-03  relΔE=4.529e-05  ||F||=1.801e-01
 step=  5000  E=1.281885138345e+02  Q=1.720000000000e+02  λ=1.427441e+00  dt=9.873e-04  relΔE=3.224e-05  ||F||=1.709e-01
 step=  5500  E=1.259750391090e+02  Q=1.720000000000e+02  λ=1.403627e+00  dt=7.641e-04  relΔE=2.317e-05  ||F||=1.633e-01
 step=  6000  E=1.240143890488e+02  Q=1.720000000000e+02  λ=1.382588e+00  dt=1.183e-03  relΔE=3.289e-05  ||F||=1.551e-01
 step=  6500  E=1.222238291971e+02  Q=1.720000000000e+02  λ=1.363381e+00  dt=9.154e-04  relΔE=2.366e-05  ||F||=1.485e-01
 step=  7000  E=1.205207454759e+02  Q=1.720000000000e+02  λ=1.345151e+00  dt=7.085e-04  relΔE=2.017e-05  ||F||=1.566e-01
 step=  7500  E=1.190357547902e+02  Q=1.720000000000e+02  λ=1.329286e+00  dt=1.097e-03  relΔE=2.479e-05  ||F||=1.370e-01
 step=  8000  E=1.176046728366e+02  Q=1.720000000000e+02  λ=1.314013e+00  dt=8.488e-04  relΔE=1.811e-05  ||F||=1.323e-01
 step=  8500  E=1.162631229792e+02  Q=1.720000000000e+02  λ=1.299740e+00  dt=1.314e-03  relΔE=2.655e-05  ||F||=1.300e-01
 step=  9000  E=1.150360579752e+02  Q=1.720000000000e+02  λ=1.286690e+00  dt=1.017e-03  relΔE=1.964e-05  ||F||=1.245e-01
 step=  9500  E=1.138380175843e+02  Q=1.720000000000e+02  λ=1.273973e+00  dt=7.871e-04  relΔE=1.468e-05  ||F||=1.217e-01
 step= 10000  E=1.127063203436e+02  Q=1.720000000000e+02  λ=1.261993e+00  dt=1.218e-03  relΔE=2.186e-05  ||F||=1.188e-01
 step= 10500  E=1.116358808231e+02  Q=1.720000000000e+02  λ=1.250660e+00  dt=9.430e-04  relΔE=1.646e-05  ||F||=1.166e-01
 step= 11000  E=1.106078664415e+02  Q=1.720000000000e+02  λ=1.239791e+00  dt=1.216e-03  relΔE=2.075e-05  ||F||=1.147e-01
 step= 11500  E=1.095741563424e+02  Q=1.720000000000e+02  λ=1.228848e+00  dt=9.414e-04  relΔE=1.575e-05  ||F||=1.131e-01
 step= 12000  E=1.085588613371e+02  Q=1.720000000000e+02  λ=1.218086e+00  dt=7.286e-04  relΔE=1.252e-05  ||F||=1.141e-01
 step= 12500  E=1.076155106945e+02  Q=1.720000000000e+02  λ=1.208068e+00  dt=1.128e-03  relΔE=1.824e-05  ||F||=1.102e-01
 step= 13000  E=1.066718146970e+02  Q=1.720000000000e+02  λ=1.197994e+00  dt=8.730e-04  relΔE=1.389e-05  ||F||=1.088e-01
 step= 13500  E=1.057364644519e+02  Q=1.720000000000e+02  λ=1.187972e+00  dt=1.351e-03  relΔE=2.097e-05  ||F||=1.568e-01
 step= 14000  E=1.048678911582e+02  Q=1.720000000000e+02  λ=1.178575e+00  dt=1.046e-03  relΔE=1.598e-05  ||F||=1.057e-01
 step= 14500  E=1.039958970983e+02  Q=1.720000000000e+02  λ=1.169068e+00  dt=8.095e-04  relΔE=1.208e-05  ||F||=1.041e-01
 step= 15000  E=1.031606157573e+02  Q=1.720000000000e+02  λ=1.159882e+00  dt=1.253e-03  relΔE=1.806e-05  ||F||=1.019e-01
 step= 15500  E=1.023778626671e+02  Q=1.720000000000e+02  λ=1.151167e+00  dt=9.698e-04  relΔE=1.345e-05  ||F||=9.954e-02
 step= 16000  E=1.016049563657e+02  Q=1.720000000000e+02  λ=1.142457e+00  dt=7.506e-04  relΔE=1.007e-05  ||F||=9.755e-02
 step= 16500  E=1.009008681491e+02  Q=1.720000000000e+02  λ=1.134426e+00  dt=1.162e-03  relΔE=1.453e-05  ||F||=9.385e-02
 step= 17000  E=1.002361432580e+02  Q=1.720000000000e+02  λ=1.126728e+00  dt=8.992e-04  relΔE=1.054e-05  ||F||=9.056e-02
 step= 17500  E=9.960121407548e+01  Q=1.720000000000e+02  λ=1.119457e+00  dt=1.392e-03  relΔE=9.986e-06  ||F||=6.500e-01
 step= 18000  E=9.905089549793e+01  Q=1.720000000000e+02  λ=1.112704e+00  dt=1.077e-03  relΔE=1.075e-05  ||F||=8.306e-02
 step= 18500  E=9.853125521898e+01  Q=1.720000000000e+02  λ=1.106401e+00  dt=8.338e-04  relΔE=7.563e-06  ||F||=7.897e-02
 step= 19000  E=9.806384818546e+01  Q=1.720000000000e+02  λ=1.100642e+00  dt=1.291e-03  relΔE=1.051e-05  ||F||=7.490e-02
 step= 19500  E=9.765865673738e+01  Q=1.720000000000e+02  λ=1.095555e+00  dt=9.989e-04  relΔE=7.257e-06  ||F||=7.036e-02
 step= 20000  E=9.728921165358e+01  Q=1.720000000000e+02  λ=1.090833e+00  dt=7.731e-04  relΔE=4.972e-06  ||F||=6.608e-02
 step= 20500  E=9.697218393086e+01  Q=1.720000000000e+02  λ=1.086707e+00  dt=1.197e-03  relΔE=6.693e-06  ||F||=6.152e-02
 step= 21000  E=9.669819897013e+01  Q=1.720000000000e+02  λ=1.083066e+00  dt=9.263e-04  relΔE=4.495e-06  ||F||=5.722e-02
 step= 21500  E=9.645382093092e+01  Q=1.720000000000e+02  λ=1.079749e+00  dt=7.169e-04  relΔE=3.331e-06  ||F||=5.603e-02
 step= 22000  E=9.625630061707e+01  Q=1.720000000000e+02  λ=1.077012e+00  dt=1.110e-03  relΔE=3.948e-06  ||F||=4.888e-02
 step= 22500  E=9.608238576053e+01  Q=1.720000000000e+02  λ=1.074542e+00  dt=8.589e-04  relΔE=2.589e-06  ||F||=4.496e-02
 step= 23000  E=9.593506975200e+01  Q=1.720000000000e+02  λ=1.072399e+00  dt=1.329e-03  relΔE=3.360e-06  ||F||=4.380e-02
 step= 23500  E=9.581577494123e+01  Q=1.720000000000e+02  λ=1.070614e+00  dt=1.029e-03  relΔE=2.187e-06  ||F||=3.769e-02
 step= 24000  E=9.571300034376e+01  Q=1.720000000000e+02  λ=1.069032e+00  dt=7.964e-04  relΔE=1.412e-06  ||F||=3.441e-02
 step= 24500  E=9.562838697052e+01  Q=1.720000000000e+02  λ=1.067691e+00  dt=1.233e-03  relΔE=1.805e-06  ||F||=3.126e-02
 step= 25000  E=9.555961908103e+01  Q=1.720000000000e+02  λ=1.066563e+00  dt=9.541e-04  relΔE=1.157e-06  ||F||=2.844e-02
 step= 25500  E=9.550079478795e+01  Q=1.720000000000e+02  λ=1.065564e+00  dt=7.385e-04  relΔE=7.501e-07  ||F||=2.602e-02
 step= 26000  E=9.545449710985e+01  Q=1.720000000000e+02  λ=1.064748e+00  dt=1.143e-03  relΔE=9.348e-07  ||F||=2.334e-02
 step= 26500  E=9.541577630115e+01  Q=1.720000000000e+02  λ=1.064036e+00  dt=8.847e-04  relΔE=5.918e-07  ||F||=2.110e-02
 step= 27000  E=9.538348973048e+01  Q=1.720000000000e+02  λ=1.063418e+00  dt=1.369e-03  relΔE=7.240e-07  ||F||=4.497e-02
 step= 27500  E=9.535853360743e+01  Q=1.720000000000e+02  λ=1.062915e+00  dt=1.060e-03  relΔE=4.707e-07  ||F||=1.719e-02
 step= 28000  E=9.533741984407e+01  Q=1.720000000000e+02  λ=1.062468e+00  dt=8.203e-04  relΔE=2.958e-07  ||F||=1.548e-02
 step= 28500  E=9.532037689735e+01  Q=1.720000000000e+02  λ=1.062088e+00  dt=1.270e-03  relΔE=3.699e-07  ||F||=1.393e-02
 step= 29000  E=9.530689639941e+01  Q=1.720000000000e+02  λ=1.061770e+00  dt=9.828e-04  relΔE=2.326e-07  ||F||=1.254e-02
 step= 29500  E=9.529559694985e+01  Q=1.720000000000e+02  λ=1.061486e+00  dt=7.607e-04  relΔE=1.466e-07  ||F||=1.132e-02
 step= 30000  E=9.528672869455e+01  Q=1.720000000000e+02  λ=1.061250e+00  dt=1.177e-03  relΔE=1.816e-07  ||F||=1.012e-02
 step= 30500  E=9.527953295568e+01  Q=1.720000000000e+02  λ=1.061044e+00  dt=9.113e-04  relΔE=1.136e-07  ||F||=9.097e-03
 step= 31000  E=9.527353547409e+01  Q=1.720000000000e+02  λ=1.060860e+00  dt=7.053e-04  relΔE=1.166e-07  ||F||=3.035e-02
 step= 31500  E=9.526897758194e+01  Q=1.720000000000e+02  λ=1.060709e+00  dt=1.092e-03  relΔE=8.830e-08  ||F||=7.327e-03
 step= 32000  E=9.526519756954e+01  Q=1.720000000000e+02  λ=1.060574e+00  dt=7.042e-04  relΔE=4.604e-08  ||F||=6.587e-03
 step= 32500  E=9.526215155216e+01  Q=1.720000000000e+02  λ=1.060456e+00  dt=1.090e-03  relΔE=5.720e-08  ||F||=5.900e-03
 step= 33000  E=9.525967170149e+01  Q=1.720000000000e+02  λ=1.060352e+00  dt=8.436e-04  relΔE=3.560e-08  ||F||=5.290e-03
 step= 33500  E=9.525768043706e+01  Q=1.720000000000e+02  λ=1.060260e+00  dt=1.306e-03  relΔE=4.417e-08  ||F||=4.778e-03
 step= 34000  E=9.525611925156e+01  Q=1.720000000000e+02  λ=1.060182e+00  dt=1.011e-03  relΔE=2.760e-08  ||F||=4.254e-03
 step= 34500  E=9.525482688769e+01  Q=1.720000000000e+02  λ=1.060110e+00  dt=7.823e-04  relΔE=1.725e-08  ||F||=3.823e-03
 step= 35000  E=9.525380009834e+01  Q=1.720000000000e+02  λ=1.060048e+00  dt=1.211e-03  relΔE=2.136e-08  ||F||=3.418e-03
 step= 35500  E=9.525298373963e+01  Q=1.720000000000e+02  λ=1.059993e+00  dt=9.372e-04  relΔE=1.335e-08  ||F||=3.071e-03
 step= 36000  E=9.525230006478e+01  Q=1.720000000000e+02  λ=1.059942e+00  dt=7.254e-04  relΔE=8.757e-09  ||F||=2.828e-03
 step= 36500  E=9.525177704445e+01  Q=1.720000000000e+02  λ=1.059900e+00  dt=1.123e-03  relΔE=1.038e-08  ||F||=2.472e-03
 step= 37000  E=9.525134127379e+01  Q=1.720000000000e+02  λ=1.059860e+00  dt=8.690e-04  relΔE=6.478e-09  ||F||=2.219e-03
 step= 37500  E=9.525098620589e+01  Q=1.720000000000e+02  λ=1.059824e+00  dt=1.345e-03  relΔE=8.039e-09  ||F||=2.448e-03
 step= 38000  E=9.525071085371e+01  Q=1.720000000000e+02  λ=1.059793e+00  dt=1.041e-03  relΔE=5.067e-09  ||F||=1.791e-03
 step= 38500  E=9.525048028751e+01  Q=1.720000000000e+02  λ=1.059764e+00  dt=8.058e-04  relΔE=3.176e-09  ||F||=1.611e-03
 step= 39000  E=9.525029459039e+01  Q=1.720000000000e+02  λ=1.059738e+00  dt=1.247e-03  relΔE=3.973e-09  ||F||=1.448e-03
 step= 39500  E=9.525014697198e+01  Q=1.720000000000e+02  λ=1.059715e+00  dt=9.654e-04  relΔE=2.506e-09  ||F||=1.306e-03
 step= 40000  E=9.525002240886e+01  Q=1.720000000000e+02  λ=1.059693e+00  dt=7.472e-04  relΔE=1.603e-09  ||F||=1.187e-03
 step= 40500  E=9.524992467941e+01  Q=1.720000000000e+02  λ=1.059674e+00  dt=1.157e-03  relΔE=1.990e-09  ||F||=1.062e-03
 step= 41000  E=9.524984365896e+01  Q=1.720000000000e+02  λ=1.059657e+00  dt=8.952e-04  relΔE=1.260e-09  ||F||=9.594e-04
 step= 41500  E=9.524977549952e+01  Q=1.720000000000e+02  λ=1.059640e+00  dt=1.386e-03  relΔE=1.406e-09  ||F||=3.967e-03
 step= 42000  E=9.524972260554e+01  Q=1.720000000000e+02  λ=1.059626e+00  dt=1.072e-03  relΔE=1.018e-09  ||F||=7.859e-04
 step= 42500  E=9.524967724883e+01  Q=1.720000000000e+02  λ=1.059613e+00  dt=8.300e-04  relΔE=6.500e-10  ||F||=7.130e-04
 step= 43000  E=9.524963990618e+01  Q=1.720000000000e+02  λ=1.059600e+00  dt=1.285e-03  relΔE=8.302e-10  ||F||=6.484e-04
 step= 43500  E=9.524960966524e+01  Q=1.720000000000e+02  λ=1.059589e+00  dt=9.944e-04  relΔE=5.357e-10  ||F||=5.896e-04
 step= 44000  E=9.524958366633e+01  Q=1.720000000000e+02  λ=1.059579e+00  dt=7.697e-04  relΔE=3.477e-10  ||F||=5.391e-04
 step= 44500  E=9.524956236921e+01  Q=1.720000000000e+02  λ=1.059569e+00  dt=1.191e-03  relΔE=4.480e-10  ||F||=4.909e-04
 step= 45000  E=9.524954455006e+01  Q=1.720000000000e+02  λ=1.059561e+00  dt=9.221e-04  relΔE=2.924e-10  ||F||=4.500e-04
 step= 45500  E=9.524952896418e+01  Q=1.720000000000e+02  λ=1.059552e+00  dt=7.137e-04  relΔE=2.076e-10  ||F||=4.315e-04
 step= 46000  E=9.524951645706e+01  Q=1.720000000000e+02  λ=1.059545e+00  dt=1.105e-03  relΔE=2.517e-10  ||F||=3.798e-04
 step= 46500  E=9.524950542486e+01  Q=1.720000000000e+02  λ=1.059538e+00  dt=8.550e-04  relΔE=1.664e-10  ||F||=3.502e-04
 step= 47000  E=9.524949591340e+01  Q=1.720000000000e+02  λ=1.059532e+00  dt=1.323e-03  relΔE=2.202e-10  ||F||=3.441e-04
 step= 47500  E=9.524948801011e+01  Q=1.720000000000e+02  λ=1.059526e+00  dt=1.024e-03  relΔE=1.475e-10  ||F||=2.998e-04
 step= 48000  E=9.524948096381e+01  Q=1.720000000000e+02  λ=1.059520e+00  dt=7.928e-04  relΔE=9.919e-11  ||F||=2.788e-04
 step= 48500  E=9.524947488984e+01  Q=1.720000000000e+02  λ=1.059515e+00  dt=1.227e-03  relΔE=1.333e-10  ||F||=2.591e-04
 step= 49000  E=9.524946967062e+01  Q=1.720000000000e+02  λ=1.059510e+00  dt=9.498e-04  relΔE=9.047e-11  ||F||=2.420e-04
 step= 49500  E=9.524946491777e+01  Q=1.720000000000e+02  λ=1.059506e+00  dt=7.351e-04  relΔE=6.344e-11  ||F||=2.301e-04
 step= 50000  E=9.524946090299e+01  Q=1.720000000000e+02  λ=1.059501e+00  dt=1.138e-03  relΔE=8.414e-11  ||F||=2.120e-04
 step= 50500  E=9.524945727603e+01  Q=1.720000000000e+02  λ=1.059497e+00  dt=8.807e-04  relΔE=5.781e-11  ||F||=1.993e-04
 step= 51000  E=9.524945398274e+01  Q=1.720000000000e+02  λ=1.059494e+00  dt=1.363e-03  relΔE=7.827e-11  ||F||=3.854e-04
 step= 51500  E=9.524945118591e+01  Q=1.720000000000e+02  λ=1.059490e+00  dt=1.055e-03  relΔE=5.514e-11  ||F||=1.768e-04
 step= 52000  E=9.524944858428e+01  Q=1.720000000000e+02  λ=1.059487e+00  dt=8.166e-04  relΔE=3.836e-11  ||F||=1.672e-04
 step= 52500  E=9.524944625898e+01  Q=1.720000000000e+02  λ=1.059484e+00  dt=1.264e-03  relΔE=5.327e-11  ||F||=1.580e-04
 step= 53000  E=9.524944420633e+01  Q=1.720000000000e+02  λ=1.059481e+00  dt=9.784e-04  relΔE=3.730e-11  ||F||=1.498e-04
 step= 53500  E=9.524944228881e+01  Q=1.720000000000e+02  λ=1.059478e+00  dt=7.572e-04  relΔE=2.638e-11  ||F||=1.429e-04
 step= 54000  E=9.524944059603e+01  Q=1.720000000000e+02  λ=1.059476e+00  dt=1.172e-03  relΔE=3.670e-11  ||F||=1.350e-04
 step= 54500  E=9.524943905103e+01  Q=1.720000000000e+02  λ=1.059473e+00  dt=9.072e-04  relΔE=2.587e-11  ||F||=1.285e-04
 step= 55000  E=9.524943759529e+01  Q=1.720000000000e+02  λ=1.059471e+00  dt=7.021e-04  relΔE=2.706e-11  ||F||=4.317e-04
 step= 55500  E=9.524943634158e+01  Q=1.720000000000e+02  λ=1.059469e+00  dt=1.087e-03  relΔE=2.582e-11  ||F||=1.166e-04
 step= 56000  E=9.524943514916e+01  Q=1.720000000000e+02  λ=1.059467e+00  dt=8.412e-04  relΔE=1.831e-11  ||F||=1.113e-04
 step= 56500  E=9.524943405599e+01  Q=1.720000000000e+02  λ=1.059465e+00  dt=1.302e-03  relΔE=2.591e-11  ||F||=1.078e-04
 step= 57000  E=9.524943308012e+01  Q=1.720000000000e+02  λ=1.059463e+00  dt=1.008e-03  relΔE=1.844e-11  ||F||=1.015e-04
 step= 57500  E=9.524943215795e+01  Q=1.720000000000e+02  λ=1.059461e+00  dt=7.800e-04  relΔE=1.320e-11  ||F||=9.736e-05
 step= 58000  E=9.524943131953e+01  Q=1.720000000000e+02  λ=1.059459e+00  dt=1.207e-03  relΔE=1.868e-11  ||F||=9.274e-05
 step= 58500  E=9.524943055741e+01  Q=1.720000000000e+02  λ=1.059458e+00  dt=9.345e-04  relΔE=1.334e-11  ||F||=8.882e-05
 step= 59000  E=9.524942982585e+01  Q=1.720000000000e+02  λ=1.059456e+00  dt=7.233e-04  relΔE=9.965e-12  ||F||=8.745e-05
 step= 59500  E=9.524942918386e+01  Q=1.720000000000e+02  λ=1.059455e+00  dt=1.120e-03  relΔE=1.361e-11  ||F||=8.145e-05
 step= 60000  E=9.524942857352e+01  Q=1.720000000000e+02  λ=1.059454e+00  dt=8.665e-04  relΔE=9.746e-12  ||F||=7.809e-05
 step= 60500  E=9.524942800135e+01  Q=1.720000000000e+02  λ=1.059452e+00  dt=1.341e-03  relΔE=1.387e-11  ||F||=1.040e-04
 step= 61000  E=9.524942749409e+01  Q=1.720000000000e+02  λ=1.059451e+00  dt=1.038e-03  relΔE=9.990e-12  ||F||=7.174e-05
 step= 61500  E=9.524942700825e+01  Q=1.720000000000e+02  λ=1.059450e+00  dt=8.035e-04  relΔE=7.181e-12  ||F||=6.892e-05
 step= 62000  E=9.524942656031e+01  Q=1.720000000000e+02  λ=1.059449e+00  dt=1.244e-03  relΔE=1.027e-11  ||F||=6.599e-05
 step= 62500  E=9.524942615361e+01  Q=1.720000000000e+02  λ=1.059448e+00  dt=9.626e-04  relΔE=7.380e-12  ||F||=6.335e-05
 step= 63000  E=9.524942576233e+01  Q=1.720000000000e+02  λ=1.059447e+00  dt=7.450e-04  relΔE=5.389e-12  ||F||=6.146e-05
 step= 63500  E=9.524942541187e+01  Q=1.720000000000e+02  λ=1.059446e+00  dt=1.153e-03  relΔE=7.616e-12  ||F||=5.834e-05
 step= 64000  E=9.524942508177e+01  Q=1.720000000000e+02  λ=1.059445e+00  dt=8.926e-04  relΔE=5.481e-12  ||F||=5.604e-05
 step= 64500  E=9.524942476621e+01  Q=1.720000000000e+02  λ=1.059444e+00  dt=1.382e-03  relΔE=6.445e-12  ||F||=3.691e-04
 step= 65000  E=9.524942448894e+01  Q=1.720000000000e+02  λ=1.059443e+00  dt=1.069e-03  relΔE=5.676e-12  ||F||=5.166e-05
 step= 65500  E=9.524942422047e+01  Q=1.720000000000e+02  λ=1.059442e+00  dt=8.276e-04  relΔE=4.094e-12  ||F||=4.967e-05
 step= 66000  E=9.524942397125e+01  Q=1.720000000000e+02  λ=1.059441e+00  dt=1.281e-03  relΔE=5.883e-12  ||F||=4.783e-05
 step= 66500  E=9.524942374511e+01  Q=1.720000000000e+02  λ=1.059441e+00  dt=9.916e-04  relΔE=4.247e-12  ||F||=4.578e-05
 step= 67000  E=9.524942352733e+01  Q=1.720000000000e+02  λ=1.059440e+00  dt=7.674e-04  relΔE=3.095e-12  ||F||=4.432e-05
 step= 67500  E=9.524942332862e+01  Q=1.720000000000e+02  λ=1.059439e+00  dt=1.188e-03  relΔE=4.416e-12  ||F||=4.225e-05
 step= 68000  E=9.524942314417e+01  Q=1.720000000000e+02  λ=1.059439e+00  dt=9.194e-04  relΔE=3.191e-12  ||F||=4.062e-05
 step= 68500  E=9.524942296542e+01  Q=1.720000000000e+02  λ=1.059438e+00  dt=7.116e-04  relΔE=2.498e-12  ||F||=4.137e-05
 step= 69000  E=9.524942280767e+01  Q=1.720000000000e+02  λ=1.059437e+00  dt=1.102e-03  relΔE=3.329e-12  ||F||=3.750e-05
 step= 69500  E=9.524942265513e+01  Q=1.720000000000e+02  λ=1.059437e+00  dt=8.525e-04  relΔE=2.408e-12  ||F||=3.608e-05
 step= 70000  E=9.524942251171e+01  Q=1.720000000000e+02  λ=1.059436e+00  dt=1.320e-03  relΔE=3.472e-12  ||F||=3.816e-05
 step= 70500  E=9.524942238230e+01  Q=1.720000000000e+02  λ=1.059436e+00  dt=1.021e-03  relΔE=2.516e-12  ||F||=3.330e-05
 step= 71000  E=9.524942225765e+01  Q=1.720000000000e+02  λ=1.059435e+00  dt=7.905e-04  relΔE=1.828e-12  ||F||=3.211e-05
 step= 71500  E=9.524942214196e+01  Q=1.720000000000e+02  λ=1.059435e+00  dt=1.224e-03  relΔE=2.634e-12  ||F||=3.076e-05
 step= 72000  E=9.524942203551e+01  Q=1.720000000000e+02  λ=1.059434e+00  dt=9.471e-04  relΔE=1.910e-12  ||F||=2.959e-05
 step= 72500  E=9.524942193219e+01  Q=1.720000000000e+02  λ=1.059434e+00  dt=7.330e-04  relΔE=1.415e-12  ||F||=2.896e-05
 step= 73000  E=9.524942183925e+01  Q=1.720000000000e+02  λ=1.059433e+00  dt=1.135e-03  relΔE=2.005e-12  ||F||=2.734e-05
 step= 73500  E=9.524942175056e+01  Q=1.720000000000e+02  λ=1.059433e+00  dt=8.782e-04  relΔE=1.455e-12  ||F||=2.631e-05
 step= 74000  E=9.524942166553e+01  Q=1.720000000000e+02  λ=1.059433e+00  dt=1.359e-03  relΔE=2.055e-12  ||F||=7.947e-05
 step= 74500  E=9.524942158987e+01  Q=1.720000000000e+02  λ=1.059432e+00  dt=1.052e-03  relΔE=1.531e-12  ||F||=2.431e-05
 step= 75000  E=9.524942151613e+01  Q=1.720000000000e+02  λ=1.059432e+00  dt=8.143e-04  relΔE=1.114e-12  ||F||=2.343e-05
 step= 75500  E=9.524942144729e+01  Q=1.720000000000e+02  λ=1.059431e+00  dt=1.260e-03  relΔE=1.612e-12  ||F||=2.249e-05
 step= 76000  E=9.524942138406e+01  Q=1.720000000000e+02  λ=1.059431e+00  dt=9.756e-04  relΔE=1.173e-12  ||F||=2.161e-05
 step= 76500  E=9.524942132273e+01  Q=1.720000000000e+02  λ=1.059431e+00  dt=7.550e-04  relΔE=8.638e-13  ||F||=2.103e-05
 step= 77000  E=9.524942126662e+01  Q=1.720000000000e+02  λ=1.059431e+00  dt=1.169e-03  relΔE=1.239e-12  ||F||=1.998e-05
 step= 77500  E=9.524942121370e+01  Q=1.720000000000e+02  λ=1.059430e+00  dt=9.046e-04  relΔE=9.022e-13  ||F||=1.923e-05
 step= 78000  E=9.524942116226e+01  Q=1.720000000000e+02  λ=1.059430e+00  dt=7.001e-04  relΔE=1.021e-12  ||F||=9.243e-05
 step= 78500  E=9.524942111661e+01  Q=1.720000000000e+02  λ=1.059430e+00  dt=1.084e-03  relΔE=9.555e-13  ||F||=1.777e-05
 step= 79000  E=9.524942107244e+01  Q=1.720000000000e+02  λ=1.059429e+00  dt=6.990e-04  relΔE=5.831e-13  ||F||=1.719e-05
 step= 79500  E=9.524942103083e+01  Q=1.720000000000e+02  λ=1.059429e+00  dt=1.082e-03  relΔE=8.450e-13  ||F||=1.644e-05
 step= 80000  E=9.524942099120e+01  Q=1.720000000000e+02  λ=1.059429e+00  dt=8.374e-04  relΔE=6.181e-13  ||F||=1.587e-05
 step= 80500  E=9.524942095392e+01  Q=1.720000000000e+02  λ=1.059429e+00  dt=1.296e-03  relΔE=8.971e-13  ||F||=1.568e-05
 step= 81000  E=9.524942091970e+01  Q=1.720000000000e+02  λ=1.059428e+00  dt=1.003e-03  relΔE=6.553e-13  ||F||=1.463e-05
 step= 81500  E=9.524942088657e+01  Q=1.720000000000e+02  λ=1.059428e+00  dt=7.765e-04  relΔE=4.807e-13  ||F||=1.415e-05
 step= 82000  E=9.524942085704e+01  Q=1.720000000000e+02  λ=1.059428e+00  dt=1.002e-03  relΔE=5.826e-13  ||F||=1.355e-05
 step= 82500  E=9.524942082659e+01  Q=1.720000000000e+02  λ=1.059428e+00  dt=7.752e-04  relΔE=4.286e-13  ||F||=1.315e-05
 step= 83000  E=9.524942079909e+01  Q=1.720000000000e+02  λ=1.059428e+00  dt=1.200e-03  relΔE=6.208e-13  ||F||=1.252e-05
 step= 83500  E=9.524942077344e+01  Q=1.720000000000e+02  λ=1.059427e+00  dt=9.288e-04  relΔE=4.542e-13  ||F||=1.205e-05
 step= 84000  E=9.524942074822e+01  Q=1.720000000000e+02  λ=1.059427e+00  dt=7.188e-04  relΔE=3.531e-13  ||F||=1.243e-05
 step= 84500  E=9.524942072558e+01  Q=1.720000000000e+02  λ=1.059427e+00  dt=1.113e-03  relΔE=4.852e-13  ||F||=1.114e-05
 step= 85000  E=9.524942070354e+01  Q=1.720000000000e+02  λ=1.059427e+00  dt=8.612e-04  relΔE=3.554e-13  ||F||=1.074e-05
 step= 85500  E=9.524942068246e+01  Q=1.720000000000e+02  λ=1.059427e+00  dt=1.333e-03  relΔE=5.182e-13  ||F||=1.622e-05
 step= 86000  E=9.524942066330e+01  Q=1.720000000000e+02  λ=1.059427e+00  dt=1.032e-03  relΔE=3.806e-13  ||F||=9.919e-06
 step= 86500  E=9.524942064458e+01  Q=1.720000000000e+02  λ=1.059426e+00  dt=7.986e-04  relΔE=2.796e-13  ||F||=9.588e-06
 step= 87000  E=9.524942062694e+01  Q=1.720000000000e+02  λ=1.059426e+00  dt=1.236e-03  relΔE=4.085e-13  ||F||=9.179e-06
 step= 87500  E=9.524942061058e+01  Q=1.720000000000e+02  λ=1.059426e+00  dt=9.567e-04  relΔE=2.999e-13  ||F||=8.832e-06
 step= 88000  E=9.524942059450e+01  Q=1.720000000000e+02  λ=1.059426e+00  dt=7.405e-04  relΔE=2.256e-13  ||F||=8.797e-06
 step= 88500  E=9.524942057980e+01  Q=1.720000000000e+02  λ=1.059426e+00  dt=1.146e-03  relΔE=3.226e-13  ||F||=8.170e-06
 step= 89000  E=9.524942056568e+01  Q=1.720000000000e+02  λ=1.059426e+00  dt=8.871e-04  relΔE=2.368e-13  ||F||=7.868e-06
 step= 89500  E=9.524942055190e+01  Q=1.720000000000e+02  λ=1.059426e+00  dt=1.373e-03  relΔE=2.939e-13  ||F||=7.901e-05
 step= 90000  E=9.524942053955e+01  Q=1.720000000000e+02  λ=1.059426e+00  dt=1.063e-03  relΔE=2.550e-13  ||F||=7.275e-06
 step= 90500  E=9.524942052735e+01  Q=1.720000000000e+02  λ=1.059426e+00  dt=8.226e-04  relΔE=1.880e-13  ||F||=7.024e-06
 step= 91000  E=9.524942051579e+01  Q=1.720000000000e+02  λ=1.059425e+00  dt=1.273e-03  relΔE=2.759e-13  ||F||=6.794e-06
 step= 91500  E=9.524942050508e+01  Q=1.720000000000e+02  λ=1.059425e+00  dt=9.855e-04  relΔE=2.025e-13  ||F||=6.479e-06
 step= 92000  E=9.524942049460e+01  Q=1.720000000000e+02  λ=1.059425e+00  dt=7.627e-04  relΔE=1.510e-13  ||F||=6.387e-06
 step= 92500  E=9.524942048482e+01  Q=1.720000000000e+02  λ=1.059425e+00  dt=1.181e-03  relΔE=2.192e-13  ||F||=5.993e-06
 step= 93000  E=9.524942047558e+01  Q=1.720000000000e+02  λ=1.059425e+00  dt=9.138e-04  relΔE=1.616e-13  ||F||=5.772e-06
 step= 93500  E=9.524942046644e+01  Q=1.720000000000e+02  λ=1.059425e+00  dt=7.072e-04  relΔE=1.319e-13  ||F||=6.585e-06
 step= 94000  E=9.524942045822e+01  Q=1.720000000000e+02  λ=1.059425e+00  dt=1.095e-03  relΔE=1.749e-13  ||F||=5.339e-06
 step= 94500  E=9.524942045012e+01  Q=1.720000000000e+02  λ=1.059425e+00  dt=8.473e-04  relΔE=1.292e-13  ||F||=5.161e-06
 step= 95000  E=9.524942044237e+01  Q=1.720000000000e+02  λ=1.059425e+00  dt=1.312e-03  relΔE=1.896e-13  ||F||=6.049e-06
 step= 95500  E=9.524942043524e+01  Q=1.720000000000e+02  λ=1.059425e+00  dt=1.015e-03  relΔE=1.398e-13  ||F||=4.756e-06
 step= 96000  E=9.524942042822e+01  Q=1.720000000000e+02  λ=1.059425e+00  dt=7.857e-04  relΔE=1.040e-13  ||F||=4.644e-06
 step= 96500  E=9.524942042160e+01  Q=1.720000000000e+02  λ=1.059425e+00  dt=1.216e-03  relΔE=1.523e-13  ||F||=4.401e-06
 step= 97000  E=9.524942041540e+01  Q=1.720000000000e+02  λ=1.059424e+00  dt=9.413e-04  relΔE=1.123e-13  ||F||=4.237e-06
 step= 97500  E=9.524942040926e+01  Q=1.720000000000e+02  λ=1.059424e+00  dt=7.285e-04  relΔE=8.624e-14  ||F||=4.439e-06
 step= 98000  E=9.524942040364e+01  Q=1.720000000000e+02  λ=1.059424e+00  dt=1.128e-03  relΔE=1.222e-13  ||F||=3.920e-06
 step= 98500  E=9.524942039818e+01  Q=1.720000000000e+02  λ=1.059424e+00  dt=8.728e-04  relΔE=9.041e-14  ||F||=3.782e-06
 step= 99000  E=9.524942039285e+01  Q=1.720000000000e+02  λ=1.059424e+00  dt=1.351e-03  relΔE=1.308e-13  ||F||=1.941e-05
 step= 99500  E=9.524942038802e+01  Q=1.720000000000e+02  λ=1.059424e+00  dt=1.046e-03  relΔE=9.847e-14  ||F||=3.493e-06
 step=100000  E=9.524942038324e+01  Q=1.720000000000e+02  λ=1.059424e+00  dt=8.093e-04  relΔE=7.296e-14  ||F||=3.385e-06
 step=100500  E=9.524942037868e+01  Q=1.720000000000e+02  λ=1.059424e+00  dt=1.253e-03  relΔE=1.076e-13  ||F||=3.249e-06
 step=101000  E=9.524942037444e+01  Q=1.720000000000e+02  λ=1.059424e+00  dt=9.696e-04  relΔE=7.982e-14  ||F||=3.112e-06
 step=101500  E=9.524942037023e+01  Q=1.720000000000e+02  λ=1.059424e+00  dt=7.504e-04  relΔE=6.042e-14  ||F||=3.170e-06
 step=102000  E=9.524942036633e+01  Q=1.720000000000e+02  λ=1.059424e+00  dt=1.162e-03  relΔE=8.713e-14  ||F||=2.879e-06
 step=102500  E=9.524942036259e+01  Q=1.720000000000e+02  λ=1.059424e+00  dt=8.990e-04  relΔE=6.445e-14  ||F||=2.775e-06
 step=103000  E=9.524942035888e+01  Q=1.720000000000e+02  λ=1.059424e+00  dt=6.958e-04  relΔE=7.132e-14  ||F||=2.495e-05
 step=103500  E=9.524942035554e+01  Q=1.720000000000e+02  λ=1.059424e+00  dt=1.077e-03  relΔE=7.057e-14  ||F||=2.566e-06
 step=104000  E=9.524942035222e+01  Q=1.720000000000e+02  λ=1.059424e+00  dt=8.336e-04  relΔE=5.222e-14  ||F||=2.494e-06
 step=104500  E=9.524942034904e+01  Q=1.720000000000e+02  λ=1.059424e+00  dt=1.290e-03  relΔE=7.699e-14  ||F||=2.667e-06
 step=105000  E=9.524942034617e+01  Q=1.720000000000e+02  λ=1.059424e+00  dt=8.323e-04  relΔE=4.789e-14  ||F||=2.291e-06
 step=105500  E=9.524942034317e+01  Q=1.720000000000e+02  λ=1.059424e+00  dt=1.288e-03  relΔE=7.042e-14  ||F||=2.415e-06
 step=106000  E=9.524942034046e+01  Q=1.720000000000e+02  λ=1.059424e+00  dt=9.971e-04  relΔE=5.207e-14  ||F||=2.118e-06
 step=106500  E=9.524942033780e+01  Q=1.720000000000e+02  λ=1.059424e+00  dt=7.717e-04  relΔE=3.939e-14  ||F||=2.093e-06
 step=107000  E=9.524942033527e+01  Q=1.720000000000e+02  λ=1.059424e+00  dt=1.195e-03  relΔE=5.729e-14  ||F||=1.959e-06
 step=107500  E=9.524942033289e+01  Q=1.720000000000e+02  λ=1.059424e+00  dt=9.246e-04  relΔE=4.237e-14  ||F||=1.888e-06
 step=108000  E=9.524942033051e+01  Q=1.720000000000e+02  λ=1.059424e+00  dt=7.156e-04  relΔE=3.327e-14  ||F||=2.186e-06
 step=108500  E=9.524942032835e+01  Q=1.720000000000e+02  λ=1.059424e+00  dt=1.108e-03  relΔE=4.655e-14  ||F||=1.746e-06
 step=109000  E=9.524942032622e+01  Q=1.720000000000e+02  λ=1.059424e+00  dt=8.573e-04  relΔE=3.461e-14  ||F||=1.691e-06
 step=109500  E=9.524942032415e+01  Q=1.720000000000e+02  λ=1.059423e+00  dt=1.327e-03  relΔE=5.088e-14  ||F||=5.650e-06
 step=110000  E=9.524942032225e+01  Q=1.720000000000e+02  λ=1.059423e+00  dt=1.027e-03  relΔE=3.834e-14  ||F||=1.556e-06
 step=110500  E=9.524942032037e+01  Q=1.720000000000e+02  λ=1.059423e+00  dt=7.950e-04  relΔE=2.820e-14  ||F||=1.525e-06
 step=111000  E=9.524942031857e+01  Q=1.720000000000e+02  λ=1.059423e+00  dt=1.231e-03  relΔE=4.192e-14  ||F||=1.444e-06
 step=111500  E=9.524942031688e+01  Q=1.720000000000e+02  λ=1.059423e+00  dt=9.524e-04  relΔE=3.088e-14  ||F||=1.388e-06
 step=112000  E=9.524942031521e+01  Q=1.720000000000e+02  λ=1.059423e+00  dt=7.371e-04  relΔE=2.342e-14  ||F||=1.469e-06
 step=112500  E=9.524942031366e+01  Q=1.720000000000e+02  λ=1.059423e+00  dt=1.141e-03  relΔE=3.432e-14  ||F||=1.284e-06
 step=113000  E=9.524942031215e+01  Q=1.720000000000e+02  λ=1.059423e+00  dt=8.831e-04  relΔE=2.566e-14  ||F||=1.242e-06
 step=113500  E=9.524942031066e+01  Q=1.720000000000e+02  λ=1.059423e+00  dt=1.367e-03  relΔE=2.894e-14  ||F||=3.361e-05
 step=114000  E=9.524942030931e+01  Q=1.720000000000e+02  λ=1.059423e+00  dt=1.058e-03  relΔE=2.805e-14  ||F||=1.145e-06
 step=114500  E=9.524942030797e+01  Q=1.720000000000e+02  λ=1.059423e+00  dt=8.189e-04  relΔE=2.059e-14  ||F||=1.114e-06
 step=115000  E=9.524942030668e+01  Q=1.720000000000e+02  λ=1.059423e+00  dt=1.268e-03  relΔE=3.088e-14  ||F||=1.117e-06
 step=115500  E=9.524942030548e+01  Q=1.720000000000e+02  λ=1.059423e+00  dt=9.810e-04  relΔE=2.283e-14  ||F||=1.021e-06
 step=116000  E=9.524942030428e+01  Q=1.720000000000e+02  λ=1.059423e+00  dt=7.593e-04  relΔE=1.716e-14  ||F||=1.075e-06
 step=116500  E=9.524942030316e+01  Q=1.720000000000e+02  λ=1.059423e+00  dt=1.175e-03  relΔE=2.521e-14  ||F||=9.444e-07
 step=117000  E=9.524942030209e+01  Q=1.720000000000e+02  λ=1.059423e+00  dt=9.097e-04  relΔE=1.880e-14  ||F||=9.120e-07
 step=117500  E=9.524942030102e+01  Q=1.720000000000e+02  λ=1.059423e+00  dt=7.041e-04  relΔE=1.522e-14  ||F||=1.440e-06
 step=118000  E=9.524942030005e+01  Q=1.720000000000e+02  λ=1.059423e+00  dt=1.090e-03  relΔE=2.074e-14  ||F||=8.421e-07
 step=118500  E=9.524942029909e+01  Q=1.720000000000e+02  λ=1.059423e+00  dt=8.435e-04  relΔE=1.552e-14  ||F||=8.254e-07
 step=119000  E=9.524942029815e+01  Q=1.720000000000e+02  λ=1.059423e+00  dt=1.306e-03  relΔE=2.283e-14  ||F||=1.661e-06
 step=119500  E=9.524942029729e+01  Q=1.720000000000e+02  λ=1.059423e+00  dt=1.011e-03  relΔE=1.701e-14  ||F||=7.513e-07
 step=120000  E=9.524942029643e+01  Q=1.720000000000e+02  λ=1.059423e+00  dt=7.821e-04  relΔE=1.283e-14  ||F||=7.585e-07
 step=120500  E=9.524942029562e+01  Q=1.720000000000e+02  λ=1.059423e+00  dt=1.211e-03  relΔE=1.880e-14  ||F||=6.964e-07
 step=121000  E=9.524942029485e+01  Q=1.720000000000e+02  λ=1.059423e+00  dt=9.370e-04  relΔE=1.402e-14  ||F||=6.710e-07
 step=121500  E=9.524942029408e+01  Q=1.720000000000e+02  λ=1.059423e+00  dt=7.252e-04  relΔE=1.104e-14  ||F||=8.971e-07
 step=122000  E=9.524942029337e+01  Q=1.720000000000e+02  λ=1.059423e+00  dt=1.123e-03  relΔE=1.611e-14  ||F||=6.199e-07
 step=122500  E=9.524942029268e+01  Q=1.720000000000e+02  λ=1.059423e+00  dt=8.689e-04  relΔE=1.104e-14  ||F||=6.036e-07
 step=123000  E=9.524942029199e+01  Q=1.720000000000e+02  λ=1.059423e+00  dt=1.345e-03  relΔE=1.701e-14  ||F||=8.411e-06
 step=123500  E=9.524942029137e+01  Q=1.720000000000e+02  λ=1.059423e+00  dt=1.041e-03  relΔE=1.238e-14  ||F||=5.529e-07
 step=124000  E=9.524942029075e+01  Q=1.720000000000e+02  λ=1.059423e+00  dt=8.057e-04  relΔE=9.399e-15  ||F||=5.606e-07
 step=124500  E=9.524942029016e+01  Q=1.720000000000e+02  λ=1.059423e+00  dt=1.247e-03  relΔE=1.417e-14  ||F||=5.272e-07
 step=125000  E=9.524942028960e+01  Q=1.720000000000e+02  λ=1.059423e+00  dt=9.652e-04  relΔE=1.059e-14  ||F||=4.938e-07
 step=125500  E=9.524942028905e+01  Q=1.720000000000e+02  λ=1.059423e+00  dt=7.470e-04  relΔE=8.206e-15  ||F||=5.769e-07
 step=126000  E=9.524942028853e+01  Q=1.720000000000e+02  λ=1.059423e+00  dt=1.156e-03  relΔE=1.194e-14  ||F||=4.564e-07
 step=126500  E=9.524942028803e+01  Q=1.720000000000e+02  λ=1.059423e+00  dt=8.950e-04  relΔE=8.504e-15  ||F||=4.434e-07
 step=127000  E=9.524942028753e+01  Q=1.720000000000e+02  λ=1.059423e+00  dt=6.927e-04  relΔE=7.758e-15  ||F||=1.296e-06
 step=127500  E=9.524942028708e+01  Q=1.720000000000e+02  λ=1.059423e+00  dt=1.072e-03  relΔE=9.549e-15  ||F||=4.072e-07
 step=128000  E=9.524942028663e+01  Q=1.720000000000e+02  λ=1.059423e+00  dt=8.299e-04  relΔE=7.161e-15  ||F||=4.148e-07
 step=128500  E=9.524942028619e+01  Q=1.720000000000e+02  λ=1.059423e+00  dt=1.285e-03  relΔE=1.044e-14  ||F||=6.469e-07
 step=129000  E=9.524942028579e+01  Q=1.720000000000e+02  λ=1.059423e+00  dt=9.942e-04  relΔE=7.609e-15  ||F||=3.639e-07
 step=129500  E=9.524942028538e+01  Q=1.720000000000e+02  λ=1.059423e+00  dt=7.695e-04  relΔE=5.968e-15  ||F||=3.915e-07
 step=130000  E=9.524942028502e+01  Q=1.720000000000e+02  λ=1.059423e+00  dt=9.926e-04  relΔE=7.161e-15  ||F||=3.368e-07
 step=130500  E=9.524942028464e+01  Q=1.720000000000e+02  λ=1.059423e+00  dt=7.683e-04  relΔE=5.968e-15  ||F||=3.700e-07
 step=131000  E=9.524942028428e+01  Q=1.720000000000e+02  λ=1.059423e+00  dt=1.189e-03  relΔE=8.206e-15  ||F||=3.118e-07
 step=131500  E=9.524942028395e+01  Q=1.720000000000e+02  λ=1.059423e+00  dt=9.204e-04  relΔE=6.117e-15  ||F||=3.010e-07
 step=132000  E=9.524942028361e+01  Q=1.720000000000e+02  λ=1.059423e+00  dt=7.124e-04  relΔE=4.774e-15  ||F||=5.904e-07
 step=132500  E=9.524942028331e+01  Q=1.720000000000e+02  λ=1.059423e+00  dt=1.103e-03  relΔE=6.714e-15  ||F||=2.779e-07
 step=133000  E=9.524942028300e+01  Q=1.720000000000e+02  λ=1.059423e+00  dt=8.535e-04  relΔE=5.222e-15  ||F||=2.751e-07
 step=133500  E=9.524942028271e+01  Q=1.720000000000e+02  λ=1.059423e+00  dt=1.321e-03  relΔE=7.311e-15  ||F||=2.278e-06
 step=134000  E=9.524942028243e+01  Q=1.720000000000e+02  λ=1.059423e+00  dt=1.022e-03  relΔE=5.520e-15  ||F||=2.481e-07
 step=134500  E=9.524942028216e+01  Q=1.720000000000e+02  λ=1.059423e+00  dt=7.914e-04  relΔE=4.028e-15  ||F||=2.676e-07
 step=135000  E=9.524942028190e+01  Q=1.720000000000e+02  λ=1.059423e+00  dt=1.225e-03  relΔE=5.968e-15  ||F||=2.330e-07
 step=135500  E=9.524942028166e+01  Q=1.720000000000e+02  λ=1.059423e+00  dt=9.481e-04  relΔE=4.476e-15  ||F||=2.217e-07
 step=136000  E=9.524942028141e+01  Q=1.720000000000e+02  λ=1.059423e+00  dt=7.338e-04  relΔE=3.432e-15  ||F||=3.524e-07
 step=136500  E=9.524942028119e+01  Q=1.720000000000e+02  λ=1.059423e+00  dt=1.136e-03  relΔE=4.923e-15  ||F||=2.047e-07
 step=137000  E=9.524942028097e+01  Q=1.720000000000e+02  λ=1.059423e+00  dt=8.791e-04  relΔE=4.028e-15  ||F||=2.004e-07
 step=137500  E=9.524942028075e+01  Q=1.720000000000e+02  λ=1.059423e+00  dt=1.361e-03  relΔE=4.327e-15  ||F||=1.410e-05
 step=138000  E=9.524942028055e+01  Q=1.720000000000e+02  λ=1.059423e+00  dt=1.053e-03  relΔE=3.879e-15  ||F||=1.827e-07
 step=138500  E=9.524942028035e+01  Q=1.720000000000e+02  λ=1.059423e+00  dt=8.152e-04  relΔE=3.282e-15  ||F||=1.865e-07
 step=139000  E=9.524942028016e+01  Q=1.720000000000e+02  λ=1.059423e+00  dt=1.262e-03  relΔE=4.774e-15  ||F||=2.323e-07
 step=139500  E=9.524942027998e+01  Q=1.720000000000e+02  λ=1.059423e+00  dt=9.766e-04  relΔE=3.581e-15  ||F||=1.635e-07
 step=140000  E=9.524942027981e+01  Q=1.720000000000e+02  λ=1.059423e+00  dt=7.559e-04  relΔE=2.387e-15  ||F||=2.175e-07
 step=140500  E=9.524942027964e+01  Q=1.720000000000e+02  λ=1.059423e+00  dt=1.170e-03  relΔE=3.282e-15  ||F||=1.510e-07
 step=141000  E=9.524942027948e+01  Q=1.720000000000e+02  λ=1.059423e+00  dt=9.056e-04  relΔE=2.686e-15  ||F||=1.466e-07
 step=141500  E=9.524942027932e+01  Q=1.720000000000e+02  λ=1.059423e+00  dt=7.009e-04  relΔE=2.238e-15  ||F||=4.622e-07
 step=142000  E=9.524942027917e+01  Q=1.720000000000e+02  λ=1.059423e+00  dt=1.085e-03  relΔE=3.282e-15  ||F||=1.347e-07
 step=142500  E=9.524942027903e+01  Q=1.720000000000e+02  λ=1.059423e+00  dt=8.397e-04  relΔE=2.387e-15  ||F||=1.429e-07
 step=143000  E=9.524942027889e+01  Q=1.720000000000e+02  λ=1.059423e+00  dt=1.300e-03  relΔE=3.432e-15  ||F||=7.534e-07
 step=143500  E=9.524942027876e+01  Q=1.720000000000e+02  λ=1.059423e+00  dt=1.006e-03  relΔE=2.686e-15  ||F||=1.204e-07
 step=144000  E=9.524942027863e+01  Q=1.720000000000e+02  λ=1.059423e+00  dt=7.786e-04  relΔE=1.940e-15  ||F||=1.540e-07
 step=144500  E=9.524942027850e+01  Q=1.720000000000e+02  λ=1.059423e+00  dt=1.205e-03  relΔE=3.133e-15  ||F||=1.127e-07
 step=145000  E=9.524942027839e+01  Q=1.720000000000e+02  λ=1.059423e+00  dt=9.328e-04  relΔE=1.641e-15  ||F||=1.080e-07
 step=145500  E=9.524942027827e+01  Q=1.720000000000e+02  λ=1.059423e+00  dt=7.220e-04  relΔE=1.790e-15  ||F||=2.386e-07
 step=146000  E=9.524942027816e+01  Q=1.720000000000e+02  λ=1.059423e+00  dt=1.118e-03  relΔE=2.238e-15  ||F||=9.936e-08
 step=146500  E=9.524942027805e+01  Q=1.720000000000e+02  λ=1.059423e+00  dt=8.649e-04  relΔE=1.790e-15  ||F||=9.961e-08
 step=147000  E=9.524942027795e+01  Q=1.720000000000e+02  λ=1.059423e+00  dt=1.339e-03  relΔE=2.536e-15  ||F||=4.327e-06
 step=147500  E=9.524942027785e+01  Q=1.720000000000e+02  λ=1.059423e+00  dt=1.036e-03  relΔE=1.940e-15  ||F||=8.883e-08
 step=148000  E=9.524942027776e+01  Q=1.720000000000e+02  λ=1.059423e+00  dt=8.020e-04  relΔE=1.492e-15  ||F||=1.024e-07
 step=148500  E=9.524942027767e+01  Q=1.720000000000e+02  λ=1.059423e+00  dt=1.241e-03  relΔE=2.536e-15  ||F||=9.541e-08
 step=149000  E=9.524942027758e+01  Q=1.720000000000e+02  λ=1.059423e+00  dt=9.609e-04  relΔE=1.641e-15  ||F||=7.948e-08
 step=149500  E=9.524942027750e+01  Q=1.720000000000e+02  λ=1.059423e+00  dt=7.437e-04  relΔE=1.044e-15  ||F||=1.332e-07
 step=150000  E=9.524942027742e+01  Q=1.720000000000e+02  λ=1.059423e+00  dt=1.151e-03  relΔE=2.089e-15  ||F||=7.333e-08
 step=150500  E=9.524942027734e+01  Q=1.720000000000e+02  λ=1.059423e+00  dt=8.910e-04  relΔE=1.343e-15  ||F||=7.206e-08
 step=151000  E=9.524942027726e+01  Q=1.720000000000e+02  λ=1.059423e+00  dt=6.896e-04  relΔE=1.044e-15  ||F||=4.064e-07
 step=151500  E=9.524942027719e+01  Q=1.720000000000e+02  λ=1.059423e+00  dt=1.067e-03  relΔE=1.790e-15  ||F||=6.547e-08
 step=152000  E=9.524942027712e+01  Q=1.720000000000e+02  λ=1.059423e+00  dt=8.261e-04  relΔE=8.952e-16  ||F||=7.640e-08
 step=152500  E=9.524942027705e+01  Q=1.720000000000e+02  λ=1.059423e+00  dt=1.279e-03  relΔE=1.492e-15  ||F||=2.552e-07
 step=153000  E=9.524942027699e+01  Q=1.720000000000e+02  λ=1.059423e+00  dt=9.898e-04  relΔE=1.044e-15  ||F||=5.890e-08
 step=153500  E=9.524942027693e+01  Q=1.720000000000e+02  λ=1.059423e+00  dt=7.660e-04  relΔE=1.044e-15  ||F||=9.830e-08
 step=154000  E=9.524942027687e+01  Q=1.720000000000e+02  λ=1.059423e+00  dt=1.186e-03  relΔE=1.641e-15  ||F||=5.490e-08
 step=154500  E=9.524942027681e+01  Q=1.720000000000e+02  λ=1.059423e+00  dt=9.178e-04  relΔE=1.044e-15  ||F||=5.268e-08
 step=155000  E=9.524942027676e+01  Q=1.720000000000e+02  λ=1.059423e+00  dt=7.103e-04  relΔE=7.460e-16  ||F||=1.690e-07
 Converged (aggressive): step=155096, E=9.524942027675e+01, Q=1.720000000000e+02, dt=8.524e-04, ||F||=5.000e-08

Stationary candidate (aggressive): E=9.524942027675e+01, Q=1.720000000000e+02, maxρ=2.571523e-01

=== Stability test (damped inertial dynamics) ===
Perturb eps=0.02, gamma=1
t=0: E=1.037364182892e+02, Q=1.720000000000e+02, maxρ=2.664594e-01, σ=3.583377e+00, Rc=1.817636e+01
 step=     1  E=1.037363754686e+02  Q=1.720000000000e+02  λ=1.451758e+00  maxρ=2.664594e-01  minρ=1.000e-15  σ=3.583377e+00  Rc=1.817636e+01
 step=   300  E=1.019811078271e+02  Q=1.720000000000e+02  λ=1.346834e+00  maxρ=2.660075e-01  minρ=1.000e-15  σ=3.583373e+00  Rc=1.817636e+01
 step=   600  E=9.845527293411e+01  Q=1.720000000000e+02  λ=1.157220e+00  maxρ=2.647332e-01  minρ=1.000e-15  σ=3.583368e+00  Rc=1.817636e+01
 step=   900  E=9.640125840175e+01  Q=1.720000000000e+02  λ=1.097690e+00  maxρ=2.628481e-01  minρ=1.000e-15  σ=3.583367e+00  Rc=1.817636e+01
 step=  1200  E=9.719971330593e+01  Q=1.720000000000e+02  λ=1.208013e+00  maxρ=2.620207e-01  minρ=1.000e-15  σ=3.583371e+00  Rc=1.817636e+01
 step=  1500  E=9.931604628668e+01  Q=1.720000000000e+02  λ=1.326284e+00  maxρ=2.627898e-01  minρ=1.000e-15  σ=3.583373e+00  Rc=1.817635e+01
 step=  1800  E=1.003862331963e+02  Q=1.720000000000e+02  λ=1.310585e+00  maxρ=2.636316e-01  minρ=1.000e-15  σ=3.583369e+00  Rc=1.817636e+01
 step=  2100  E=9.974397820438e+01  Q=1.720000000000e+02  λ=1.206668e+00  maxρ=2.622902e-01  minρ=1.000e-15  σ=3.583364e+00  Rc=1.817636e+01
 step=  2400  E=9.863282211371e+01  Q=1.720000000000e+02  λ=1.159975e+00  maxρ=2.596198e-01  minρ=1.000e-15  σ=3.583365e+00  Rc=1.817636e+01
 step=  2700  E=9.836739944105e+01  Q=1.720000000000e+02  λ=1.217316e+00  maxρ=2.614455e-01  minρ=1.000e-15  σ=3.583370e+00  Rc=1.817636e+01
 step=  3000  E=9.890536297905e+01  Q=1.720000000000e+02  λ=1.284485e+00  maxρ=2.647305e-01  minρ=1.000e-15  σ=3.583372e+00  Rc=1.817636e+01
 step=  3300  E=9.929951162224e+01  Q=1.720000000000e+02  λ=1.270223e+00  maxρ=2.654122e-01  minρ=1.000e-15  σ=3.583368e+00  Rc=1.817636e+01
 step=  3600  E=9.904278628515e+01  Q=1.720000000000e+02  λ=1.203091e+00  maxρ=2.634950e-01  minρ=1.000e-15  σ=3.583363e+00  Rc=1.817636e+01
 step=  3900  E=9.853644318487e+01  Q=1.720000000000e+02  λ=1.174562e+00  maxρ=2.627721e-01  minρ=1.000e-15  σ=3.583363e+00  Rc=1.817636e+01
 step=  4200  E=9.836676985385e+01  Q=1.720000000000e+02  λ=1.209805e+00  maxρ=2.618587e-01  minρ=1.000e-15  σ=3.583368e+00  Rc=1.817635e+01
 step=  4500  E=9.855919373599e+01  Q=1.720000000000e+02  λ=1.246603e+00  maxρ=2.616542e-01  minρ=1.000e-15  σ=3.583371e+00  Rc=1.817635e+01
 step=  4800  E=9.870996092660e+01  Q=1.720000000000e+02  λ=1.232538e+00  maxρ=2.626286e-01  minρ=1.000e-15  σ=3.583367e+00  Rc=1.817635e+01
 step=  5100  E=9.860010335667e+01  Q=1.720000000000e+02  λ=1.192642e+00  maxρ=2.627166e-01  minρ=1.000e-15  σ=3.583362e+00  Rc=1.817635e+01
 step=  5400  E=9.840462490891e+01  Q=1.720000000000e+02  λ=1.182524e+00  maxρ=2.624072e-01  minρ=1.000e-15  σ=3.583360e+00  Rc=1.817635e+01
 step=  5700  E=9.834644244581e+01  Q=1.720000000000e+02  λ=1.208438e+00  maxρ=2.615107e-01  minρ=1.000e-15  σ=3.583362e+00  Rc=1.817635e+01
 step=  6000  E=9.839097009846e+01  Q=1.720000000000e+02  λ=1.227015e+00  maxρ=2.608633e-01  minρ=1.000e-15  σ=3.583363e+00  Rc=1.817634e+01
 >>> No runaway detected in this horizon. Likely stable (within this model & box).

STABILITY: PASS
