
=== Aggressive relaxation to Q = 1505 ===
Initial: E=1.383435816075e+03, Q=1.505000000000e+03, dt=1.000e-04
 step=     1  E=1.383390703954e+03  Q=1.505000000000e+03  λ=1.911033e+00  dt=1.000e-04  relΔE=3.261e-05  ||F||=5.480e-01
 step=   500  E=1.335890745442e+03  Q=1.505000000000e+03  λ=1.810864e+00  dt=6.192e-04  relΔE=1.173e-04  ||F||=4.497e-01
 step=  1000  E=1.240869723801e+03  Q=1.505000000000e+03  λ=1.624218e+00  dt=9.584e-04  relΔE=1.000e-04  ||F||=3.215e-01
 step=  1500  E=1.180625713515e+03  Q=1.505000000000e+03  λ=1.517151e+00  dt=7.418e-04  relΔE=5.846e-05  ||F||=2.725e-01
 step=  2000  E=1.137046098973e+03  Q=1.505000000000e+03  λ=1.444846e+00  dt=1.148e-03  relΔE=7.308e-05  ||F||=2.403e-01
 step=  2500  E=1.101189765849e+03  Q=1.505000000000e+03  λ=1.387913e+00  dt=8.887e-04  relΔE=4.828e-05  ||F||=2.185e-01
 step=  3000  E=1.070388912789e+03  Q=1.505000000000e+03  λ=1.340936e+00  dt=1.376e-03  relΔE=5.902e-05  ||F||=8.309e-01
 step=  3500  E=1.045527796557e+03  Q=1.505000000000e+03  λ=1.303365e+00  dt=1.065e-03  relΔE=4.431e-05  ||F||=1.863e-01
 step=  4000  E=1.023135072047e+03  Q=1.505000000000e+03  λ=1.270412e+00  dt=8.241e-04  relΔE=3.051e-05  ||F||=1.738e-01
 step=  4500  E=1.003633465515e+03  Q=1.505000000000e+03  λ=1.242191e+00  dt=1.276e-03  relΔE=4.216e-05  ||F||=1.629e-01
 step=  5000  E=9.868293384177e+02  Q=1.505000000000e+03  λ=1.218151e+00  dt=9.873e-04  relΔE=2.945e-05  ||F||=1.532e-01
 step=  5500  E=9.713841646528e+02  Q=1.505000000000e+03  λ=1.196302e+00  dt=7.641e-04  relΔE=2.085e-05  ||F||=1.454e-01
 step=  6000  E=9.579015852489e+02  Q=1.505000000000e+03  λ=1.177434e+00  dt=1.183e-03  relΔE=2.908e-05  ||F||=1.370e-01
 step=  6500  E=9.457530879979e+02  Q=1.505000000000e+03  λ=1.160556e+00  dt=9.154e-04  relΔE=2.061e-05  ||F||=1.303e-01
 step=  7000  E=9.343514894844e+02  Q=1.505000000000e+03  λ=1.144845e+00  dt=7.085e-04  relΔE=1.727e-05  ||F||=1.364e-01
 step=  7500  E=9.245463786329e+02  Q=1.505000000000e+03  λ=1.131438e+00  dt=1.097e-03  relΔE=2.092e-05  ||F||=1.186e-01
 step=  8000  E=9.152244454337e+02  Q=1.505000000000e+03  λ=1.118763e+00  dt=8.488e-04  relΔE=1.502e-05  ||F||=1.137e-01
 step=  8500  E=9.066436846604e+02  Q=1.505000000000e+03  λ=1.107182e+00  dt=1.314e-03  relΔE=2.157e-05  ||F||=1.106e-01
 step=  9000  E=8.989418096552e+02  Q=1.505000000000e+03  λ=1.096833e+00  dt=1.017e-03  relΔE=1.562e-05  ||F||=1.049e-01
 step=  9500  E=8.915791260194e+02  Q=1.505000000000e+03  λ=1.086996e+00  dt=7.871e-04  relΔE=1.137e-05  ||F||=1.014e-01
 step= 10000  E=8.847764532390e+02  Q=1.505000000000e+03  λ=1.077967e+00  dt=1.218e-03  relΔE=1.652e-05  ||F||=9.780e-02
 step= 10500  E=8.785068002552e+02  Q=1.505000000000e+03  λ=1.069678e+00  dt=9.430e-04  relΔE=1.210e-05  ||F||=9.481e-02
 step= 11000  E=8.723667280642e+02  Q=1.505000000000e+03  λ=1.061602e+00  dt=7.298e-04  relΔE=9.178e-06  ||F||=9.357e-02
 step= 11500  E=8.668298056440e+02  Q=1.505000000000e+03  λ=1.054362e+00  dt=1.130e-03  relΔE=1.313e-05  ||F||=8.964e-02
 step= 12000  E=8.613996638987e+02  Q=1.505000000000e+03  λ=1.047295e+00  dt=1.457e-03  relΔE=1.614e-05  ||F||=1.084e-01
 step= 12500  E=8.563288338179e+02  Q=1.505000000000e+03  λ=1.040713e+00  dt=1.128e-03  relΔE=1.210e-05  ||F||=8.559e-02
 step= 13000  E=8.513822530570e+02  Q=1.505000000000e+03  λ=1.034319e+00  dt=8.730e-04  relΔE=9.067e-06  ||F||=8.397e-02
 step= 13500  E=8.465286126196e+02  Q=1.505000000000e+03  λ=1.028080e+00  dt=1.351e-03  relΔE=1.357e-05  ||F||=1.140e-01
 step= 14000  E=8.420258883669e+02  Q=1.505000000000e+03  λ=1.022295e+00  dt=1.046e-03  relΔE=1.032e-05  ||F||=8.141e-02
 step= 14500  E=8.374867227178e+02  Q=1.505000000000e+03  λ=1.016481e+00  dt=8.095e-04  relΔE=7.867e-06  ||F||=8.056e-02
 step= 15000  E=8.330438092271e+02  Q=1.505000000000e+03  λ=1.010806e+00  dt=1.253e-03  relΔE=1.202e-05  ||F||=7.985e-02
 step= 15500  E=8.287681826980e+02  Q=1.505000000000e+03  λ=1.005342e+00  dt=9.698e-04  relΔE=9.247e-06  ||F||=7.938e-02
 step= 16000  E=8.243640396028e+02  Q=1.505000000000e+03  λ=9.997128e-01  dt=7.506e-04  relΔE=7.273e-06  ||F||=7.982e-02
 step= 16500  E=8.201198383702e+02  Q=1.505000000000e+03  λ=9.942870e-01  dt=1.162e-03  relΔE=1.113e-05  ||F||=7.917e-02
 step= 17000  E=8.158180815379e+02  Q=1.505000000000e+03  λ=9.887677e-01  dt=8.992e-04  relΔE=8.715e-06  ||F||=7.941e-02
 step= 17500  E=8.113457970767e+02  Q=1.505000000000e+03  λ=9.830969e-01  dt=1.392e-03  relΔE=1.130e-05  ||F||=4.341e-01
 step= 18000  E=8.070640293733e+02  Q=1.505000000000e+03  λ=9.774764e-01  dt=1.077e-03  relΔE=1.083e-05  ||F||=8.044e-02
 step= 18500  E=8.025321367390e+02  Q=1.505000000000e+03  λ=9.715801e-01  dt=8.338e-04  relΔE=8.611e-06  ||F||=8.130e-02
 step= 19000  E=7.979032410166e+02  Q=1.505000000000e+03  λ=9.655246e-01  dt=1.291e-03  relΔE=1.370e-05  ||F||=8.254e-02
 step= 19500  E=7.932911352237e+02  Q=1.505000000000e+03  λ=9.594382e-01  dt=9.989e-04  relΔE=1.094e-05  ||F||=8.323e-02
 step= 20000  E=7.883957590296e+02  Q=1.505000000000e+03  λ=9.529277e-01  dt=7.731e-04  relΔE=8.812e-06  ||F||=8.466e-02
 step= 20500  E=7.834665469947e+02  Q=1.505000000000e+03  λ=9.463260e-01  dt=1.197e-03  relΔE=1.400e-05  ||F||=8.548e-02
 step= 21000  E=7.784338672378e+02  Q=1.505000000000e+03  λ=9.395224e-01  dt=9.263e-04  relΔE=1.118e-05  ||F||=8.654e-02
 step= 21500  E=7.730849018813e+02  Q=1.505000000000e+03  λ=9.322351e-01  dt=7.169e-04  relΔE=9.615e-06  ||F||=9.105e-02
 step= 22000  E=7.679265991002e+02  Q=1.505000000000e+03  λ=9.251627e-01  dt=1.110e-03  relΔE=1.408e-05  ||F||=8.815e-02
 step= 22500  E=7.625223237033e+02  Q=1.505000000000e+03  λ=9.176967e-01  dt=8.589e-04  relΔE=1.108e-05  ||F||=8.858e-02
 step= 23000  E=7.570572256105e+02  Q=1.505000000000e+03  λ=9.101144e-01  dt=1.329e-03  relΔE=1.722e-05  ||F||=9.587e-02
 step= 23500  E=7.518249274667e+02  Q=1.505000000000e+03  λ=9.028115e-01  dt=1.029e-03  relΔE=1.327e-05  ||F||=8.792e-02
 step= 24000  E=7.465219477634e+02  Q=1.505000000000e+03  λ=8.953877e-01  dt=7.964e-04  relΔE=1.012e-05  ||F||=8.697e-02
 step= 24500  E=7.414373657584e+02  Q=1.505000000000e+03  λ=8.882641e-01  dt=1.233e-03  relΔE=1.507e-05  ||F||=8.502e-02
 step= 25000  E=7.366742483010e+02  Q=1.505000000000e+03  λ=8.815774e-01  dt=9.541e-04  relΔE=1.110e-05  ||F||=8.268e-02
 step= 25500  E=7.320455332171e+02  Q=1.505000000000e+03  λ=8.750841e-01  dt=7.385e-04  relΔE=8.175e-06  ||F||=8.041e-02
 step= 26000  E=7.279507040051e+02  Q=1.505000000000e+03  λ=8.693562e-01  dt=1.143e-03  relΔE=1.141e-05  ||F||=7.613e-02
 step= 26500  E=7.241721755988e+02  Q=1.505000000000e+03  λ=8.640797e-01  dt=8.847e-04  relΔE=7.973e-06  ||F||=7.214e-02
 step= 27000  E=7.207348497650e+02  Q=1.505000000000e+03  λ=8.593147e-01  dt=1.369e-03  relΔE=1.062e-05  ||F||=1.582e-01
 step= 27500  E=7.178772677934e+02  Q=1.505000000000e+03  λ=8.553519e-01  dt=1.060e-03  relΔE=7.373e-06  ||F||=6.310e-02
 step= 28000  E=7.153217224250e+02  Q=1.505000000000e+03  λ=8.518391e-01  dt=8.203e-04  relΔE=4.894e-06  ||F||=5.833e-02
 step= 28500  E=7.131647132831e+02  Q=1.505000000000e+03  λ=8.489004e-01  dt=1.270e-03  relΔE=6.374e-06  ||F||=5.348e-02
 step= 29000  E=7.114013576627e+02  Q=1.505000000000e+03  λ=8.465160e-01  dt=9.828e-04  relΔE=4.119e-06  ||F||=4.876e-02
 step= 29500  E=7.098973886419e+02  Q=1.505000000000e+03  λ=8.445040e-01  dt=7.607e-04  relΔE=2.640e-06  ||F||=4.433e-02
 step= 30000  E=7.087038842594e+02  Q=1.505000000000e+03  λ=8.429282e-01  dt=1.177e-03  relΔE=3.291e-06  ||F||=3.974e-02
 step= 30500  E=7.077342220526e+02  Q=1.505000000000e+03  λ=8.416641e-01  dt=9.113e-04  relΔE=2.051e-06  ||F||=3.563e-02
 step= 31000  E=7.069343368836e+02  Q=1.505000000000e+03  λ=8.406391e-01  dt=7.053e-04  relΔE=1.588e-06  ||F||=4.498e-02
 step= 31500  E=7.063359605046e+02  Q=1.505000000000e+03  λ=8.398863e-01  dt=1.092e-03  relΔE=1.547e-06  ||F||=2.824e-02
 step= 32000  E=7.058509982349e+02  Q=1.505000000000e+03  λ=8.392888e-01  dt=7.042e-04  relΔE=7.858e-07  ||F||=2.506e-02
 step= 32500  E=7.054709279237e+02  Q=1.505000000000e+03  λ=8.388329e-01  dt=1.090e-03  relΔE=9.460e-07  ||F||=2.209e-02
 step= 33000  E=7.051722298659e+02  Q=1.505000000000e+03  λ=8.384847e-01  dt=8.436e-04  relΔE=5.674e-07  ||F||=1.944e-02
 step= 33500  E=7.049420013051e+02  Q=1.505000000000e+03  λ=8.382260e-01  dt=1.306e-03  relΔE=6.748e-07  ||F||=1.724e-02
 step= 34000  E=7.047692050675e+02  Q=1.505000000000e+03  λ=8.380394e-01  dt=1.011e-03  relΔE=4.032e-07  ||F||=1.497e-02
 step= 34500  E=7.046327913052e+02  Q=1.505000000000e+03  λ=8.378992e-01  dt=7.823e-04  relΔE=2.399e-07  ||F||=1.312e-02
 step= 35000  E=7.045298306405e+02  Q=1.505000000000e+03  λ=8.377996e-01  dt=1.211e-03  relΔE=2.817e-07  ||F||=1.142e-02
 step= 35500  E=7.044522588126e+02  Q=1.505000000000e+03  λ=8.377296e-01  dt=9.372e-04  relΔE=1.667e-07  ||F||=9.987e-03
 step= 36000  E=7.043908989864e+02  Q=1.505000000000e+03  λ=8.376790e-01  dt=7.254e-04  relΔE=1.021e-07  ||F||=8.889e-03
 step= 36500  E=7.043466489444e+02  Q=1.505000000000e+03  λ=8.376463e-01  dt=1.123e-03  relΔE=1.149e-07  ||F||=7.575e-03
 step= 37000  E=7.043120730488e+02  Q=1.505000000000e+03  λ=8.376242e-01  dt=8.690e-04  relΔE=6.731e-08  ||F||=6.588e-03
 step= 37500  E=7.042856117745e+02  Q=1.505000000000e+03  λ=8.376102e-01  dt=1.345e-03  relΔE=7.809e-08  ||F||=7.137e-03
 step= 38000  E=7.042664475468e+02  Q=1.505000000000e+03  λ=8.376025e-01  dt=1.041e-03  relΔE=4.607e-08  ||F||=4.978e-03
 step= 38500  E=7.042514467701e+02  Q=1.505000000000e+03  λ=8.375987e-01  dt=8.058e-04  relΔE=2.691e-08  ||F||=4.323e-03
 step= 39000  E=7.042402243278e+02  Q=1.505000000000e+03  λ=8.375976e-01  dt=1.247e-03  relΔE=3.126e-08  ||F||=3.746e-03
 step= 39500  E=7.042319228397e+02  Q=1.505000000000e+03  λ=8.375984e-01  dt=9.654e-04  relΔE=1.831e-08  ||F||=3.257e-03
 step= 40000  E=7.042254496222e+02  Q=1.505000000000e+03  λ=8.376004e-01  dt=7.472e-04  relΔE=1.076e-08  ||F||=2.837e-03
 step= 40500  E=7.042207452023e+02  Q=1.505000000000e+03  λ=8.376029e-01  dt=1.157e-03  relΔE=1.242e-08  ||F||=2.449e-03
 step= 41000  E=7.042171482529e+02  Q=1.505000000000e+03  λ=8.376058e-01  dt=8.952e-04  relΔE=7.239e-09  ||F||=2.125e-03
 step= 41500  E=7.042143733233e+02  Q=1.505000000000e+03  λ=8.376090e-01  dt=1.386e-03  relΔE=7.297e-09  ||F||=8.661e-03
 step= 42000  E=7.042123993655e+02  Q=1.505000000000e+03  λ=8.376118e-01  dt=1.072e-03  relΔE=4.912e-09  ||F||=1.598e-03
 step= 42500  E=7.042108513174e+02  Q=1.505000000000e+03  λ=8.376147e-01  dt=8.300e-04  relΔE=2.856e-09  ||F||=1.385e-03
 step= 43000  E=7.042096887564e+02  Q=1.505000000000e+03  λ=8.376173e-01  dt=1.285e-03  relΔE=3.315e-09  ||F||=1.202e-03
 step= 43500  E=7.042088364950e+02  Q=1.505000000000e+03  λ=8.376197e-01  dt=9.944e-04  relΔE=1.941e-09  ||F||=1.042e-03
 step= 44000  E=7.042081730515e+02  Q=1.505000000000e+03  λ=8.376219e-01  dt=7.697e-04  relΔE=1.137e-09  ||F||=9.061e-04
 step= 44500  E=7.042076852003e+02  Q=1.505000000000e+03  λ=8.376238e-01  dt=1.191e-03  relΔE=1.316e-09  ||F||=7.830e-04
 step= 45000  E=7.042073172734e+02  Q=1.505000000000e+03  λ=8.376255e-01  dt=9.221e-04  relΔE=7.689e-10  ||F||=6.801e-04
 step= 45500  E=7.042070305807e+02  Q=1.505000000000e+03  λ=8.376271e-01  dt=7.137e-04  relΔE=4.878e-10  ||F||=6.169e-04
 step= 46000  E=7.042068263405e+02  Q=1.505000000000e+03  λ=8.376284e-01  dt=1.105e-03  relΔE=5.232e-10  ||F||=5.122e-04
 step= 46500  E=7.042066662696e+02  Q=1.505000000000e+03  λ=8.376295e-01  dt=8.550e-04  relΔE=3.051e-10  ||F||=4.445e-04
 step= 47000  E=7.042065451468e+02  Q=1.505000000000e+03  λ=8.376305e-01  dt=1.323e-03  relΔE=3.544e-10  ||F||=4.014e-04
 step= 47500  E=7.042064567252e+02  Q=1.505000000000e+03  λ=8.376314e-01  dt=1.024e-03  relΔE=2.082e-10  ||F||=3.355e-04
 step= 48000  E=7.042063878633e+02  Q=1.505000000000e+03  λ=8.376321e-01  dt=7.928e-04  relΔE=1.217e-10  ||F||=2.917e-04
 step= 48500  E=7.042063363423e+02  Q=1.505000000000e+03  λ=8.376327e-01  dt=1.227e-03  relΔE=1.417e-10  ||F||=2.532e-04
 step= 49000  E=7.042062980248e+02  Q=1.505000000000e+03  λ=8.376333e-01  dt=9.498e-04  relΔE=8.318e-11  ||F||=2.207e-04
 step= 49500  E=7.042062680101e+02  Q=1.505000000000e+03  λ=8.376337e-01  dt=7.351e-04  relΔE=4.974e-11  ||F||=1.944e-04
 step= 50000  E=7.042062463322e+02  Q=1.505000000000e+03  λ=8.376341e-01  dt=1.138e-03  relΔE=5.675e-11  ||F||=1.672e-04
 step= 50500  E=7.042062295600e+02  Q=1.505000000000e+03  λ=8.376344e-01  dt=8.807e-04  relΔE=3.314e-11  ||F||=1.457e-04
 step= 51000  E=7.042062166848e+02  Q=1.505000000000e+03  λ=8.376347e-01  dt=1.363e-03  relΔE=3.772e-11  ||F||=2.603e-04
 step= 51500  E=7.042062074557e+02  Q=1.505000000000e+03  λ=8.376350e-01  dt=1.055e-03  relΔE=2.253e-11  ||F||=1.108e-04
 step= 52000  E=7.042062002450e+02  Q=1.505000000000e+03  λ=8.376351e-01  dt=8.166e-04  relΔE=1.309e-11  ||F||=9.674e-05
 step= 52500  E=7.042061948596e+02  Q=1.505000000000e+03  λ=8.376353e-01  dt=1.264e-03  relΔE=1.512e-11  ||F||=8.444e-05
 step= 53000  E=7.042061909191e+02  Q=1.505000000000e+03  λ=8.376354e-01  dt=9.784e-04  relΔE=8.772e-12  ||F||=7.396e-05
 step= 53500  E=7.042061878859e+02  Q=1.505000000000e+03  λ=8.376356e-01  dt=7.572e-04  relΔE=5.078e-12  ||F||=6.497e-05
 step= 54000  E=7.042061857089e+02  Q=1.505000000000e+03  λ=8.376356e-01  dt=1.172e-03  relΔE=5.734e-12  ||F||=5.665e-05
 step= 54500  E=7.042061841003e+02  Q=1.505000000000e+03  λ=8.376357e-01  dt=9.072e-04  relΔE=3.245e-12  ||F||=4.972e-05
 step= 55000  E=7.042061828965e+02  Q=1.505000000000e+03  λ=8.376358e-01  dt=7.021e-04  relΔE=2.748e-12  ||F||=1.300e-04
 step= 55500  E=7.042061820871e+02  Q=1.505000000000e+03  λ=8.376358e-01  dt=1.087e-03  relΔE=1.977e-12  ||F||=3.834e-05
 step= 56000  E=7.042061814966e+02  Q=1.505000000000e+03  λ=8.376359e-01  dt=8.412e-04  relΔE=1.050e-12  ||F||=3.370e-05
 step= 56500  E=7.042061811005e+02  Q=1.505000000000e+03  λ=8.376359e-01  dt=1.302e-03  relΔE=1.064e-12  ||F||=2.978e-05
 step= 57000  E=7.042061808536e+02  Q=1.505000000000e+03  λ=8.376359e-01  dt=1.008e-03  relΔE=5.089e-13  ||F||=2.616e-05
 step= 57500  E=7.042061807059e+02  Q=1.505000000000e+03  λ=8.376359e-01  dt=7.800e-04  relΔE=2.097e-13  ||F||=2.307e-05
 step= 58000  E=7.042061806398e+02  Q=1.505000000000e+03  λ=8.376360e-01  dt=1.006e-03  relΔE=1.028e-13  ||F||=2.048e-05
  !! dt fell below dt_min: stiffness-limited termination.

Stationary candidate (aggressive): E=7.042061806252e+02, Q=1.505000000000e+03, maxρ=9.525058e-01

=== Stability test (damped inertial dynamics) ===
Perturb eps=0.02, gamma=1
t=0: E=7.778064275155e+02, Q=1.505000000000e+03, maxρ=9.835964e-01, σ=2.566764e+00, Rc=1.846870e+01
 step=     1  E=7.778060574358e+02  Q=1.505000000000e+03  λ=1.224473e+00  maxρ=9.835964e-01  minρ=1.018e-15  σ=2.566764e+00  Rc=1.846870e+01
 step=   300  E=7.626319747456e+02  Q=1.505000000000e+03  λ=1.121429e+00  maxρ=9.819271e-01  minρ=1.098e-15  σ=2.566761e+00  Rc=1.846871e+01
 step=   600  E=7.321136124204e+02  Q=1.505000000000e+03  λ=9.348338e-01  maxρ=9.772206e-01  minρ=1.290e-15  σ=2.566756e+00  Rc=1.846871e+01
 step=   900  E=7.142487968062e+02  Q=1.505000000000e+03  λ=8.753570e-01  maxρ=9.702594e-01  minρ=1.000e-15  σ=2.566755e+00  Rc=1.846871e+01
 step=  1200  E=7.210480460372e+02  Q=1.505000000000e+03  λ=9.829297e-01  maxρ=9.671593e-01  minρ=1.000e-15  σ=2.566757e+00  Rc=1.846870e+01
 step=  1500  E=7.393575970297e+02  Q=1.505000000000e+03  λ=1.099657e+00  maxρ=9.723670e-01  minρ=1.000e-15  σ=2.566759e+00  Rc=1.846870e+01
 step=  1800  E=7.487272667342e+02  Q=1.505000000000e+03  λ=1.085728e+00  maxρ=9.754778e-01  minρ=1.000e-15  σ=2.566756e+00  Rc=1.846870e+01
 step=  2100  E=7.432481388044e+02  Q=1.505000000000e+03  λ=9.842590e-01  maxρ=9.705099e-01  minρ=1.000e-15  σ=2.566753e+00  Rc=1.846870e+01
 step=  2400  E=7.335761818418e+02  Q=1.505000000000e+03  λ=9.372184e-01  maxρ=9.607217e-01  minρ=1.000e-15  σ=2.566753e+00  Rc=1.846870e+01
 step=  2700  E=7.311738390597e+02  Q=1.505000000000e+03  λ=9.920178e-01  maxρ=9.657621e-01  minρ=1.000e-15  σ=2.566756e+00  Rc=1.846870e+01
 step=  3000  E=7.358438331391e+02  Q=1.505000000000e+03  λ=1.058156e+00  maxρ=9.778912e-01  minρ=1.000e-15  σ=2.566757e+00  Rc=1.846870e+01
 step=  3300  E=7.394045329856e+02  Q=1.505000000000e+03  λ=1.045910e+00  maxρ=9.803990e-01  minρ=1.000e-15  σ=2.566753e+00  Rc=1.846870e+01
 step=  3600  E=7.372884631051e+02  Q=1.505000000000e+03  λ=9.811290e-01  maxρ=9.733566e-01  minρ=1.000e-15  σ=2.566749e+00  Rc=1.846870e+01
 step=  3900  E=7.328202084973e+02  Q=1.505000000000e+03  λ=9.521641e-01  maxρ=9.733598e-01  minρ=1.000e-15  σ=2.566749e+00  Rc=1.846870e+01
 step=  4200  E=7.311583862426e+02  Q=1.505000000000e+03  λ=9.848919e-01  maxρ=9.699745e-01  minρ=1.000e-15  σ=2.566752e+00  Rc=1.846869e+01
 step=  4500  E=7.327465767135e+02  Q=1.505000000000e+03  λ=1.020494e+00  maxρ=9.676031e-01  minρ=1.000e-15  σ=2.566753e+00  Rc=1.846869e+01
 step=  4800  E=7.341768206401e+02  Q=1.505000000000e+03  λ=1.007997e+00  maxρ=9.717530e-01  minρ=1.000e-15  σ=2.566750e+00  Rc=1.846869e+01
 step=  5100  E=7.333958728913e+02  Q=1.505000000000e+03  λ=9.702063e-01  maxρ=9.728029e-01  minρ=1.000e-15  σ=2.566745e+00  Rc=1.846869e+01
 step=  5400  E=7.317113911914e+02  Q=1.505000000000e+03  λ=9.600551e-01  maxρ=9.716534e-01  minρ=1.000e-15  σ=2.566743e+00  Rc=1.846869e+01
 step=  5700  E=7.310490789749e+02  Q=1.505000000000e+03  λ=9.841363e-01  maxρ=9.683314e-01  minρ=1.000e-15  σ=2.566745e+00  Rc=1.846868e+01
 step=  6000  E=7.313110917456e+02  Q=1.505000000000e+03  λ=1.001634e+00  maxρ=9.660276e-01  minρ=1.000e-15  σ=2.566745e+00  Rc=1.846868e+01
 >>> No runaway detected in this horizon. Likely stable (within this model & box).

STABILITY: PASS
