
=== Aggressive relaxation to Q = 1414 ===
Initial: E=1.297008110651e+03, Q=1.414000000000e+03, dt=1.000e-04
 step=     1  E=1.296968776277e+03  Q=1.414000000000e+03  λ=1.889131e+00  dt=1.000e-04  relΔE=3.033e-05  ||F||=5.279e-01
 step=   500  E=1.255025291989e+03  Q=1.414000000000e+03  λ=1.797023e+00  dt=6.192e-04  relΔE=1.115e-04  ||F||=4.384e-01
 step=  1000  E=1.168789130315e+03  Q=1.414000000000e+03  λ=1.620537e+00  dt=9.584e-04  relΔE=9.734e-05  ||F||=3.176e-01
 step=  1500  E=1.113367368931e+03  Q=1.414000000000e+03  λ=1.517583e+00  dt=7.418e-04  relΔE=5.728e-05  ||F||=2.703e-01
 step=  2000  E=1.072945696253e+03  Q=1.414000000000e+03  λ=1.447302e+00  dt=1.148e-03  relΔE=7.199e-05  ||F||=2.390e-01
 step=  2500  E=1.039564569647e+03  Q=1.414000000000e+03  λ=1.391665e+00  dt=8.887e-04  relΔE=4.770e-05  ||F||=2.177e-01
 step=  3000  E=1.010797726953e+03  Q=1.414000000000e+03  λ=1.345560e+00  dt=1.376e-03  relΔE=5.843e-05  ||F||=8.300e-01
 step=  3500  E=9.875245253039e+02  Q=1.414000000000e+03  λ=1.308562e+00  dt=1.065e-03  relΔE=4.396e-05  ||F||=1.860e-01
 step=  4000  E=9.665505077606e+02  Q=1.414000000000e+03  λ=1.276078e+00  dt=8.241e-04  relΔE=3.029e-05  ||F||=1.737e-01
 step=  4500  E=9.482057857634e+02  Q=1.414000000000e+03  λ=1.248125e+00  dt=1.276e-03  relΔE=4.195e-05  ||F||=1.630e-01
 step=  5000  E=9.323989235262e+02  Q=1.414000000000e+03  λ=1.224304e+00  dt=9.873e-04  relΔE=2.934e-05  ||F||=1.534e-01
 step=  5500  E=9.178540418766e+02  Q=1.414000000000e+03  λ=1.202624e+00  dt=7.641e-04  relΔE=2.081e-05  ||F||=1.457e-01
 step=  6000  E=9.051445350512e+02  Q=1.414000000000e+03  λ=1.183878e+00  dt=1.183e-03  relΔE=2.902e-05  ||F||=1.373e-01
 step=  6500  E=8.936831646668e+02  Q=1.414000000000e+03  λ=1.167092e+00  dt=9.154e-04  relΔE=2.058e-05  ||F||=1.306e-01
 step=  7000  E=8.829148927448e+02  Q=1.414000000000e+03  λ=1.151456e+00  dt=7.085e-04  relΔE=1.936e-05  ||F||=1.897e-01
 step=  7500  E=8.736575327836e+02  Q=1.414000000000e+03  λ=1.138100e+00  dt=1.097e-03  relΔE=2.093e-05  ||F||=1.190e-01
 step=  8000  E=8.648437809150e+02  Q=1.414000000000e+03  λ=1.125460e+00  dt=8.488e-04  relΔE=1.503e-05  ||F||=1.140e-01
 step=  8500  E=8.567170305967e+02  Q=1.414000000000e+03  λ=1.113892e+00  dt=1.314e-03  relΔE=2.160e-05  ||F||=1.121e-01
 step=  9000  E=8.494304803736e+02  Q=1.414000000000e+03  λ=1.103565e+00  dt=1.017e-03  relΔE=1.564e-05  ||F||=1.053e-01
 step=  9500  E=8.424603655943e+02  Q=1.414000000000e+03  λ=1.093743e+00  dt=7.871e-04  relΔE=1.141e-05  ||F||=1.018e-01
 step= 10000  E=8.360254211864e+02  Q=1.414000000000e+03  λ=1.084734e+00  dt=1.218e-03  relΔE=1.656e-05  ||F||=9.821e-02
 step= 10500  E=8.300845132002e+02  Q=1.414000000000e+03  λ=1.076449e+00  dt=9.430e-04  relΔE=1.214e-05  ||F||=9.523e-02
 step= 11000  E=8.242638743990e+02  Q=1.414000000000e+03  λ=1.068374e+00  dt=7.298e-04  relΔE=9.195e-06  ||F||=9.392e-02
 step= 11500  E=8.190132406891e+02  Q=1.414000000000e+03  λ=1.061133e+00  dt=1.130e-03  relΔE=1.318e-05  ||F||=9.006e-02
 step= 12000  E=8.138617828012e+02  Q=1.414000000000e+03  λ=1.054062e+00  dt=1.457e-03  relΔE=1.621e-05  ||F||=1.083e-01
 step= 12500  E=8.090494819705e+02  Q=1.414000000000e+03  λ=1.047475e+00  dt=1.128e-03  relΔE=1.216e-05  ||F||=8.603e-02
 step= 13000  E=8.043329220887e+02  Q=1.414000000000e+03  λ=1.041055e+00  dt=1.455e-03  relΔE=1.513e-05  ||F||=9.648e-02
 step= 13500  E=7.998747846470e+02  Q=1.414000000000e+03  λ=1.034999e+00  dt=1.126e-03  relΔE=1.143e-05  ||F||=8.302e-02
 step= 14000  E=7.954738480941e+02  Q=1.414000000000e+03  λ=1.029042e+00  dt=8.715e-04  relΔE=8.658e-06  ||F||=8.190e-02
 step= 14500  E=7.911134395554e+02  Q=1.414000000000e+03  λ=1.023164e+00  dt=1.349e-03  relΔE=1.310e-05  ||F||=1.122e-01
 step= 15000  E=7.870174842661e+02  Q=1.414000000000e+03  λ=1.017639e+00  dt=1.044e-03  relΔE=1.008e-05  ||F||=8.029e-02
 step= 15500  E=7.828470597261e+02  Q=1.414000000000e+03  λ=1.012022e+00  dt=8.081e-04  relΔE=7.771e-06  ||F||=7.993e-02
 step= 16000  E=7.787240186375e+02  Q=1.414000000000e+03  λ=1.006473e+00  dt=1.251e-03  relΔE=1.200e-05  ||F||=7.964e-02
 step= 16500  E=7.747000730578e+02  Q=1.414000000000e+03  λ=1.001043e+00  dt=9.682e-04  relΔE=9.334e-06  ||F||=7.962e-02
 step= 17000  E=7.705161197718e+02  Q=1.414000000000e+03  λ=9.953832e-01  dt=7.493e-04  relΔE=7.421e-06  ||F||=8.049e-02
 step= 17500  E=7.664470852162e+02  Q=1.414000000000e+03  λ=9.898638e-01  dt=1.160e-03  relΔE=1.148e-05  ||F||=8.024e-02
 step= 18000  E=7.622707784268e+02  Q=1.414000000000e+03  λ=9.841639e-01  dt=8.978e-04  relΔE=9.070e-06  ||F||=8.085e-02
 step= 18500  E=7.578943061186e+02  Q=1.414000000000e+03  λ=9.782909e-01  dt=1.390e-03  relΔE=1.052e-05  ||F||=5.477e-01
 step= 19000  E=7.536717077327e+02  Q=1.414000000000e+03  λ=9.723200e-01  dt=1.076e-03  relΔE=1.145e-05  ||F||=8.250e-02
 step= 19500  E=7.491882849462e+02  Q=1.414000000000e+03  λ=9.660690e-01  dt=8.324e-04  relΔE=9.142e-06  ||F||=8.357e-02
 step= 20000  E=7.445871801692e+02  Q=1.414000000000e+03  λ=9.596060e-01  dt=1.289e-03  relΔE=1.459e-05  ||F||=8.480e-02
 step= 20500  E=7.399903642157e+02  Q=1.414000000000e+03  λ=9.530817e-01  dt=9.973e-04  relΔE=1.165e-05  ||F||=8.564e-02
 step= 21000  E=7.351288029031e+02  Q=1.414000000000e+03  λ=9.461190e-01  dt=7.719e-04  relΔE=9.357e-06  ||F||=8.697e-02
 step= 21500  E=7.302588161502e+02  Q=1.414000000000e+03  λ=9.390890e-01  dt=1.195e-03  relΔE=1.476e-05  ||F||=8.750e-02
 step= 22000  E=7.253308199117e+02  Q=1.414000000000e+03  λ=9.319050e-01  dt=9.248e-04  relΔE=1.166e-05  ||F||=8.811e-02
 step= 22500  E=7.201594333606e+02  Q=1.414000000000e+03  λ=9.243062e-01  dt=7.157e-04  relΔE=9.859e-06  ||F||=9.187e-02
 step= 23000  E=7.152556545687e+02  Q=1.414000000000e+03  λ=9.170557e-01  dt=1.108e-03  relΔE=1.422e-05  ||F||=8.827e-02
 step= 23500  E=7.102226581730e+02  Q=1.414000000000e+03  λ=9.095594e-01  dt=8.575e-04  relΔE=1.094e-05  ||F||=8.768e-02
 step= 24000  E=7.052572448198e+02  Q=1.414000000000e+03  λ=9.021347e-01  dt=1.327e-03  relΔE=1.655e-05  ||F||=9.111e-02
 step= 24500  E=7.006263150974e+02  Q=1.414000000000e+03  λ=8.951709e-01  dt=1.027e-03  relΔE=1.238e-05  ||F||=8.465e-02
 step= 25000  E=6.960866169067e+02  Q=1.414000000000e+03  λ=8.883251e-01  dt=7.951e-04  relΔE=9.119e-06  ||F||=8.232e-02
 step= 25500  E=6.918639077892e+02  Q=1.414000000000e+03  λ=8.819522e-01  dt=1.231e-03  relΔE=1.315e-05  ||F||=7.921e-02
 step= 26000  E=6.880459855672e+02  Q=1.414000000000e+03  λ=8.761770e-01  dt=9.526e-04  relΔE=9.350e-06  ||F||=7.571e-02
 step= 26500  E=6.844600965309e+02  Q=1.414000000000e+03  λ=8.707536e-01  dt=7.373e-04  relΔE=6.710e-06  ||F||=7.274e-02
 step= 27000  E=6.814041910023e+02  Q=1.414000000000e+03  λ=8.661410e-01  dt=1.141e-03  relΔE=8.943e-06  ||F||=6.732e-02
 step= 27500  E=6.786718075431e+02  Q=1.414000000000e+03  λ=8.620185e-01  dt=8.833e-04  relΔE=6.033e-06  ||F||=6.272e-02
 step= 28000  E=6.762704226769e+02  Q=1.414000000000e+03  λ=8.584162e-01  dt=1.367e-03  relΔE=7.765e-06  ||F||=1.371e-01
 step= 28500  E=6.743349416841e+02  Q=1.414000000000e+03  λ=8.555059e-01  dt=1.058e-03  relΔE=5.232e-06  ||F||=5.319e-02
 step= 29000  E=6.726525559076e+02  Q=1.414000000000e+03  λ=8.529931e-01  dt=8.190e-04  relΔE=3.372e-06  ||F||=4.848e-02
 step= 29500  E=6.712701321537e+02  Q=1.414000000000e+03  λ=8.509411e-01  dt=1.268e-03  relΔE=4.279e-06  ||F||=4.388e-02
 step= 30000  E=6.701666151260e+02  Q=1.414000000000e+03  λ=8.493105e-01  dt=9.812e-04  relΔE=2.702e-06  ||F||=3.957e-02
 step= 30500  E=6.692434815088e+02  Q=1.414000000000e+03  λ=8.479562e-01  dt=7.594e-04  relΔE=1.701e-06  ||F||=3.566e-02
 step= 31000  E=6.685277505171e+02  Q=1.414000000000e+03  λ=8.469157e-01  dt=1.176e-03  relΔE=2.073e-06  ||F||=3.163e-02
 step= 31500  E=6.679486677068e+02  Q=1.414000000000e+03  λ=8.460805e-01  dt=7.582e-04  relΔE=1.070e-06  ||F||=2.828e-02
 step= 32000  E=6.675005309131e+02  Q=1.414000000000e+03  λ=8.454420e-01  dt=1.174e-03  relΔE=1.287e-06  ||F||=2.491e-02
 step= 32500  E=6.671475774229e+02  Q=1.414000000000e+03  λ=8.449446e-01  dt=9.084e-04  relΔE=7.784e-07  ||F||=2.202e-02
 step= 33000  E=6.668642653278e+02  Q=1.414000000000e+03  λ=8.445797e-01  dt=5.859e-04  relΔE=1.796e-06  ||F||=2.455e-01
 step= 33500  E=6.666582489183e+02  Q=1.414000000000e+03  λ=8.442701e-01  dt=9.069e-04  relΔE=4.664e-07  ||F||=1.705e-02
 step= 34000  E=6.664895685461e+02  Q=1.414000000000e+03  λ=8.440571e-01  dt=1.404e-03  relΔE=8.614e-08  ||F||=1.706e-01
 step= 34500  E=6.663664761315e+02  Q=1.414000000000e+03  λ=8.438830e-01  dt=1.086e-03  relΔE=3.293e-07  ||F||=1.308e-02
 step= 35000  E=6.662686798776e+02  Q=1.414000000000e+03  λ=8.437581e-01  dt=8.409e-04  relΔE=1.945e-07  ||F||=1.143e-02
 step= 35500  E=6.661943463561e+02  Q=1.414000000000e+03  λ=8.436662e-01  dt=1.302e-03  relΔE=2.285e-07  ||F||=1.003e-02
 step= 36000  E=6.661391847832e+02  Q=1.414000000000e+03  λ=8.436003e-01  dt=1.007e-03  relΔE=1.350e-07  ||F||=8.697e-03
 step= 36500  E=6.660960329439e+02  Q=1.414000000000e+03  λ=8.435508e-01  dt=7.797e-04  relΔE=7.946e-08  ||F||=7.582e-03
 step= 37000  E=6.660638298026e+02  Q=1.414000000000e+03  λ=8.435158e-01  dt=1.207e-03  relΔE=9.269e-08  ||F||=6.581e-03
 step= 37500  E=6.660396515745e+02  Q=1.414000000000e+03  λ=8.434910e-01  dt=9.342e-04  relΔE=5.443e-08  ||F||=5.731e-03
 step= 38000  E=6.660207060200e+02  Q=1.414000000000e+03  λ=8.434730e-01  dt=7.230e-04  relΔE=3.300e-08  ||F||=5.074e-03
 step= 38500  E=6.660071193934e+02  Q=1.414000000000e+03  λ=8.434612e-01  dt=1.119e-03  relΔE=3.713e-08  ||F||=4.322e-03
 step= 39000  E=6.659965388614e+02  Q=1.414000000000e+03  λ=8.434531e-01  dt=8.662e-04  relΔE=2.164e-08  ||F||=3.750e-03
 step= 39500  E=6.659884956703e+02  Q=1.414000000000e+03  λ=8.434477e-01  dt=1.341e-03  relΔE=2.506e-08  ||F||=3.651e-03
 step= 40000  E=6.659826725899e+02  Q=1.414000000000e+03  λ=8.434446e-01  dt=1.038e-03  relΔE=1.471e-08  ||F||=2.823e-03
 step= 40500  E=6.659781356075e+02  Q=1.414000000000e+03  λ=8.434427e-01  dt=8.032e-04  relΔE=8.564e-09  ||F||=2.447e-03
 step= 41000  E=6.659747489648e+02  Q=1.414000000000e+03  λ=8.434419e-01  dt=1.243e-03  relΔE=9.935e-09  ||F||=2.117e-03
 step= 41500  E=6.659722493982e+02  Q=1.414000000000e+03  λ=8.434417e-01  dt=9.623e-04  relΔE=5.808e-09  ||F||=1.839e-03
 step= 42000  E=6.659703000948e+02  Q=1.414000000000e+03  λ=8.434420e-01  dt=7.448e-04  relΔE=3.426e-09  ||F||=1.605e-03
 step= 42500  E=6.659688907490e+02  Q=1.414000000000e+03  λ=8.434425e-01  dt=1.153e-03  relΔE=3.925e-09  ||F||=1.379e-03
 step= 43000  E=6.659678130001e+02  Q=1.414000000000e+03  λ=8.434432e-01  dt=8.923e-04  relΔE=2.285e-09  ||F||=1.195e-03
 step= 43500  E=6.659669822859e+02  Q=1.414000000000e+03  λ=8.434440e-01  dt=1.381e-03  relΔE=2.432e-09  ||F||=3.914e-03
 step= 44000  E=6.659663916574e+02  Q=1.414000000000e+03  λ=8.434448e-01  dt=1.069e-03  relΔE=1.547e-09  ||F||=8.970e-04
 step= 44500  E=6.659659293335e+02  Q=1.414000000000e+03  λ=8.434456e-01  dt=8.273e-04  relΔE=8.992e-10  ||F||=7.765e-04
 step= 45000  E=6.659655828926e+02  Q=1.414000000000e+03  λ=8.434463e-01  dt=1.281e-03  relΔE=1.043e-09  ||F||=6.724e-04
 step= 45500  E=6.659653282880e+02  Q=1.414000000000e+03  λ=8.434470e-01  dt=9.912e-04  relΔE=6.101e-10  ||F||=5.829e-04
 step= 46000  E=6.659651303644e+02  Q=1.414000000000e+03  λ=8.434476e-01  dt=7.672e-04  relΔE=3.574e-10  ||F||=5.065e-04
 step= 46500  E=6.659649850507e+02  Q=1.414000000000e+03  λ=8.434481e-01  dt=1.188e-03  relΔE=4.130e-10  ||F||=4.368e-04
 step= 47000  E=6.659648755334e+02  Q=1.414000000000e+03  λ=8.434486e-01  dt=9.191e-04  relΔE=2.413e-10  ||F||=3.789e-04
 step= 47500  E=6.659647901619e+02  Q=1.414000000000e+03  λ=8.434491e-01  dt=7.113e-04  relΔE=1.597e-10  ||F||=3.522e-04
 step= 48000  E=6.659647293822e+02  Q=1.414000000000e+03  λ=8.434495e-01  dt=1.101e-03  relΔE=1.641e-10  ||F||=2.843e-04
 step= 48500  E=6.659646817806e+02  Q=1.414000000000e+03  λ=8.434498e-01  dt=8.522e-04  relΔE=9.568e-11  ||F||=2.463e-04
 step= 49000  E=6.659646457621e+02  Q=1.414000000000e+03  λ=8.434501e-01  dt=1.319e-03  relΔE=1.112e-10  ||F||=2.213e-04
 step= 49500  E=6.659646194595e+02  Q=1.414000000000e+03  λ=8.434504e-01  dt=1.021e-03  relΔE=6.532e-11  ||F||=1.850e-04
 step= 50000  E=6.659645989468e+02  Q=1.414000000000e+03  λ=8.434506e-01  dt=7.902e-04  relΔE=3.822e-11  ||F||=1.605e-04
 step= 50500  E=6.659645836133e+02  Q=1.414000000000e+03  λ=8.434508e-01  dt=1.223e-03  relΔE=4.450e-11  ||F||=1.388e-04
 step= 51000  E=6.659645722140e+02  Q=1.414000000000e+03  λ=8.434510e-01  dt=9.467e-04  relΔE=2.615e-11  ||F||=1.206e-04
 step= 51500  E=6.659645632497e+02  Q=1.414000000000e+03  λ=8.434511e-01  dt=7.327e-04  relΔE=1.567e-11  ||F||=1.061e-04
 step= 52000  E=6.659645567757e+02  Q=1.414000000000e+03  λ=8.434513e-01  dt=1.134e-03  relΔE=1.789e-11  ||F||=9.073e-05
 step= 52500  E=6.659645517589e+02  Q=1.414000000000e+03  λ=8.434514e-01  dt=8.779e-04  relΔE=1.047e-11  ||F||=7.874e-05
 step= 53000  E=6.659645478975e+02  Q=1.414000000000e+03  λ=8.434515e-01  dt=1.359e-03  relΔE=1.203e-11  ||F||=1.245e-04
 step= 53500  E=6.659645451211e+02  Q=1.414000000000e+03  λ=8.434515e-01  dt=1.052e-03  relΔE=7.160e-12  ||F||=5.937e-05
 step= 54000  E=6.659645429414e+02  Q=1.414000000000e+03  λ=8.434516e-01  dt=8.140e-04  relΔE=4.178e-12  ||F||=5.156e-05
 step= 54500  E=6.659645413107e+02  Q=1.414000000000e+03  λ=8.434517e-01  dt=1.260e-03  relΔE=4.850e-12  ||F||=4.474e-05
 step= 55000  E=6.659645401087e+02  Q=1.414000000000e+03  λ=8.434517e-01  dt=9.752e-04  relΔE=2.830e-12  ||F||=3.896e-05
 step= 55500  E=6.659645391774e+02  Q=1.414000000000e+03  λ=8.434518e-01  dt=7.548e-04  relΔE=1.648e-12  ||F||=3.401e-05
 step= 56000  E=6.659645385040e+02  Q=1.414000000000e+03  λ=8.434518e-01  dt=1.168e-03  relΔE=1.883e-12  ||F||=2.946e-05
 step= 56500  E=6.659645379993e+02  Q=1.414000000000e+03  λ=8.434518e-01  dt=9.043e-04  relΔE=1.078e-12  ||F||=2.566e-05
 step= 57000  E=6.659645376187e+02  Q=1.414000000000e+03  λ=8.434519e-01  dt=1.400e-03  relΔE=4.218e-13  ||F||=2.338e-04
 step= 57500  E=6.659645373566e+02  Q=1.414000000000e+03  λ=8.434519e-01  dt=1.083e-03  relΔE=6.801e-13  ||F||=1.948e-05
 step= 58000  E=6.659645371619e+02  Q=1.414000000000e+03  λ=8.434519e-01  dt=8.385e-04  relΔE=3.710e-13  ||F||=1.698e-05
 step= 58500  E=6.659645370268e+02  Q=1.414000000000e+03  λ=8.434519e-01  dt=1.298e-03  relΔE=3.914e-13  ||F||=1.488e-05
 step= 59000  E=6.659645369383e+02  Q=1.414000000000e+03  λ=8.434519e-01  dt=1.005e-03  relΔE=1.997e-13  ||F||=1.294e-05
 step= 59500  E=6.659645368807e+02  Q=1.414000000000e+03  λ=8.434519e-01  dt=7.775e-04  relΔE=9.321e-14  ||F||=1.132e-05
 step= 60000  E=6.659645368485e+02  Q=1.414000000000e+03  λ=8.434519e-01  dt=1.203e-03  relΔE=7.323e-14  ||F||=9.884e-06
 step= 60500  E=6.659645368348e+02  Q=1.414000000000e+03  λ=8.434519e-01  dt=9.315e-04  relΔE=1.724e-14  ||F||=8.672e-06
  !! dt fell below dt_min: stiffness-limited termination.

Stationary candidate (aggressive): E=6.659645368331e+02, Q=1.414000000000e+03, maxρ=9.273453e-01

=== Stability test (damped inertial dynamics) ===
Perturb eps=0.02, gamma=1
t=0: E=7.350997824811e+02, Q=1.414000000000e+03, maxρ=9.574072e-01, σ=2.564386e+00, Rc=1.847120e+01
 step=     1  E=7.350994348664e+02  Q=1.414000000000e+03  λ=1.230201e+00  maxρ=9.574072e-01  minρ=3.815e-15  σ=2.564386e+00  Rc=1.847120e+01
 step=   300  E=7.208464556051e+02  Q=1.414000000000e+03  λ=1.127183e+00  maxρ=9.557824e-01  minρ=3.488e-15  σ=2.564383e+00  Rc=1.847120e+01
 step=   600  E=6.921805080120e+02  Q=1.414000000000e+03  λ=9.406342e-01  maxρ=9.512015e-01  minρ=2.618e-15  σ=2.564378e+00  Rc=1.847120e+01
 step=   900  E=6.753997350593e+02  Q=1.414000000000e+03  λ=8.811662e-01  maxρ=9.444261e-01  minρ=1.463e-15  σ=2.564376e+00  Rc=1.847120e+01
 step=  1200  E=6.817856382132e+02  Q=1.414000000000e+03  λ=9.887072e-01  maxρ=9.414036e-01  minρ=1.000e-15  σ=2.564379e+00  Rc=1.847120e+01
 step=  1500  E=6.989829593779e+02  Q=1.414000000000e+03  λ=1.105410e+00  maxρ=9.466149e-01  minρ=1.000e-15  σ=2.564380e+00  Rc=1.847119e+01
 step=  1800  E=7.077828121433e+02  Q=1.414000000000e+03  λ=1.091493e+00  maxρ=9.496435e-01  minρ=1.000e-15  σ=2.564378e+00  Rc=1.847119e+01
 step=  2100  E=7.026353031690e+02  Q=1.414000000000e+03  λ=9.900481e-01  maxρ=9.448074e-01  minρ=1.000e-15  σ=2.564375e+00  Rc=1.847119e+01
 step=  2400  E=6.935506672601e+02  Q=1.414000000000e+03  λ=9.430062e-01  maxρ=9.353388e-01  minρ=1.000e-15  σ=2.564375e+00  Rc=1.847119e+01
 step=  2700  E=6.912964100424e+02  Q=1.414000000000e+03  λ=9.977837e-01  maxρ=9.400536e-01  minρ=1.000e-15  σ=2.564378e+00  Rc=1.847119e+01
 step=  3000  E=6.956861823056e+02  Q=1.414000000000e+03  λ=1.063917e+00  maxρ=9.518600e-01  minρ=1.000e-15  σ=2.564379e+00  Rc=1.847119e+01
 step=  3300  E=6.990321993122e+02  Q=1.414000000000e+03  λ=1.051697e+00  maxρ=9.543015e-01  minρ=1.000e-15  σ=2.564375e+00  Rc=1.847119e+01
 step=  3600  E=6.970424551593e+02  Q=1.414000000000e+03  λ=9.869372e-01  maxρ=9.476436e-01  minρ=1.000e-15  σ=2.564371e+00  Rc=1.847119e+01
 step=  3900  E=6.928414544768e+02  Q=1.414000000000e+03  λ=9.579571e-01  maxρ=9.476472e-01  minρ=1.000e-15  σ=2.564371e+00  Rc=1.847119e+01
 step=  4200  E=6.912786844771e+02  Q=1.414000000000e+03  λ=9.906518e-01  maxρ=9.443520e-01  minρ=1.000e-15  σ=2.564374e+00  Rc=1.847118e+01
 step=  4500  E=6.927727990154e+02  Q=1.414000000000e+03  λ=1.026249e+00  maxρ=9.419930e-01  minρ=1.000e-15  σ=2.564375e+00  Rc=1.847118e+01
 step=  4800  E=6.941201882386e+02  Q=1.414000000000e+03  λ=1.013783e+00  maxρ=9.460175e-01  minρ=1.000e-15  σ=2.564371e+00  Rc=1.847118e+01
 step=  5100  E=6.933877693355e+02  Q=1.414000000000e+03  λ=9.760208e-01  maxρ=9.470838e-01  minρ=1.000e-15  σ=2.564366e+00  Rc=1.847118e+01
 step=  5400  E=6.918024078501e+02  Q=1.414000000000e+03  λ=9.658578e-01  maxρ=9.459658e-01  minρ=1.000e-15  σ=2.564364e+00  Rc=1.847118e+01
 step=  5700  E=6.911762492775e+02  Q=1.414000000000e+03  λ=9.899018e-01  maxρ=9.427327e-01  minρ=1.000e-15  σ=2.564366e+00  Rc=1.847117e+01
 step=  6000  E=6.914218138442e+02  Q=1.414000000000e+03  λ=1.007385e+00  maxρ=9.404777e-01  minρ=1.000e-15  σ=2.564366e+00  Rc=1.847117e+01
 >>> No runaway detected in this horizon. Likely stable (within this model & box).

STABILITY: PASS
