
=== Aggressive relaxation to Q = 466 ===
Initial: E=4.377243035537e+02, Q=4.660000000000e+02, dt=1.000e-04
 step=     1  E=4.377177395456e+02  Q=4.660000000000e+02  λ=1.788556e+00  dt=1.000e-04  relΔE=1.500e-05  ||F||=3.757e-01
 step=   500  E=4.298696250650e+02  Q=4.660000000000e+02  λ=1.752141e+00  dt=6.192e-04  relΔE=6.723e-05  ||F||=3.471e-01
 step=  1000  E=4.091239838011e+02  Q=4.660000000000e+02  λ=1.658584e+00  dt=9.584e-04  relΔE=7.515e-05  ||F||=2.876e-01
 step=  1500  E=3.933276564487e+02  Q=4.660000000000e+02  λ=1.589824e+00  dt=7.418e-04  relΔE=4.830e-05  ||F||=2.570e-01
 step=  2000  E=3.809308491556e+02  Q=4.660000000000e+02  λ=1.537144e+00  dt=1.148e-03  relΔE=6.381e-05  ||F||=2.336e-01
 step=  2500  E=3.702206046468e+02  Q=4.660000000000e+02  λ=1.492264e+00  dt=8.887e-04  relΔE=4.378e-05  ||F||=2.168e-01
 step=  3000  E=3.606697407759e+02  Q=4.660000000000e+02  λ=1.452996e+00  dt=1.376e-03  relΔE=5.595e-05  ||F||=7.818e-01
 step=  3500  E=3.527426249771e+02  Q=4.660000000000e+02  λ=1.420174e+00  dt=1.065e-03  relΔE=4.246e-05  ||F||=1.904e-01
 step=  4000  E=3.454220499514e+02  Q=4.660000000000e+02  λ=1.390316e+00  dt=8.241e-04  relΔE=2.986e-05  ||F||=1.796e-01
 step=  4500  E=3.389172758251e+02  Q=4.660000000000e+02  λ=1.363982e+00  dt=1.276e-03  relΔE=4.203e-05  ||F||=1.699e-01
 step=  5000  E=3.332175616508e+02  Q=4.660000000000e+02  λ=1.341000e+00  dt=9.873e-04  relΔE=2.981e-05  ||F||=1.610e-01
 step=  5500  E=3.279094669723e+02  Q=4.660000000000e+02  λ=1.319707e+00  dt=7.641e-04  relΔE=2.133e-05  ||F||=1.536e-01
 step=  6000  E=3.232113263759e+02  Q=4.660000000000e+02  λ=1.300969e+00  dt=1.183e-03  relΔE=3.021e-05  ||F||=1.458e-01
 step=  6500  E=3.189251275629e+02  Q=4.660000000000e+02  λ=1.283926e+00  dt=9.154e-04  relΔE=2.165e-05  ||F||=1.394e-01
 step=  7000  E=3.148671488046e+02  Q=4.660000000000e+02  λ=1.267867e+00  dt=7.085e-04  relΔE=1.860e-05  ||F||=1.523e-01
 step=  7500  E=3.113427098860e+02  Q=4.660000000000e+02  λ=1.253978e+00  dt=1.097e-03  relΔE=2.244e-05  ||F||=1.281e-01
 step=  8000  E=3.079644873998e+02  Q=4.660000000000e+02  λ=1.240709e+00  dt=8.488e-04  relΔE=1.627e-05  ||F||=1.233e-01
 step=  8500  E=3.048161435468e+02  Q=4.660000000000e+02  λ=1.228409e+00  dt=1.314e-03  relΔE=2.363e-05  ||F||=1.216e-01
 step=  9000  E=3.019662684048e+02  Q=4.660000000000e+02  λ=1.217304e+00  dt=1.017e-03  relΔE=1.730e-05  ||F||=1.150e-01
 step=  9500  E=2.992118609654e+02  Q=4.660000000000e+02  λ=1.206617e+00  dt=7.871e-04  relΔE=1.277e-05  ||F||=1.118e-01
 step= 10000  E=2.966401764736e+02  Q=4.660000000000e+02  λ=1.196692e+00  dt=1.218e-03  relΔE=1.876e-05  ||F||=1.085e-01
 step= 10500  E=2.942371680712e+02  Q=4.660000000000e+02  λ=1.187443e+00  dt=9.430e-04  relΔE=1.394e-05  ||F||=1.058e-01
 step= 11000  E=2.919564636061e+02  Q=4.660000000000e+02  λ=1.178706e+00  dt=1.216e-03  relΔE=1.734e-05  ||F||=1.035e-01
 step= 11500  E=2.896879962752e+02  Q=4.660000000000e+02  λ=1.170039e+00  dt=9.414e-04  relΔE=1.300e-05  ||F||=1.015e-01
 step= 12000  E=2.875784830131e+02  Q=4.660000000000e+02  λ=1.162010e+00  dt=1.214e-03  relΔE=1.635e-05  ||F||=9.985e-02
 step= 12500  E=2.854576356646e+02  Q=4.660000000000e+02  λ=1.153948e+00  dt=9.399e-04  relΔE=1.239e-05  ||F||=9.842e-02
 step= 13000  E=2.833688894592e+02  Q=4.660000000000e+02  λ=1.146020e+00  dt=7.275e-04  relΔE=9.875e-06  ||F||=9.959e-02
 step= 13500  E=2.814251099233e+02  Q=4.660000000000e+02  λ=1.138647e+00  dt=1.126e-03  relΔE=1.442e-05  ||F||=9.633e-02
 step= 14000  E=2.794592920082e+02  Q=4.660000000000e+02  λ=1.131170e+00  dt=8.715e-04  relΔE=1.107e-05  ||F||=9.563e-02
 step= 14500  E=2.774891032126e+02  Q=4.660000000000e+02  λ=1.123666e+00  dt=1.349e-03  relΔE=1.698e-05  ||F||=1.273e-01
 step= 15000  E=2.756238964861e+02  Q=4.660000000000e+02  λ=1.116509e+00  dt=1.044e-03  relΔE=1.316e-05  ||F||=9.459e-02
 step= 15500  E=2.737092884706e+02  Q=4.660000000000e+02  λ=1.109116e+00  dt=8.081e-04  relΔE=1.021e-05  ||F||=9.438e-02
 step= 16000  E=2.718191089723e+02  Q=4.660000000000e+02  λ=1.101761e+00  dt=1.251e-03  relΔE=1.576e-05  ||F||=9.394e-02
 step= 16500  E=2.699791992431e+02  Q=4.660000000000e+02  λ=1.094515e+00  dt=9.682e-04  relΔE=1.220e-05  ||F||=9.360e-02
 step= 17000  E=2.680854287585e+02  Q=4.660000000000e+02  λ=1.086965e+00  dt=7.493e-04  relΔE=9.570e-06  ||F||=9.392e-02
 step= 17500  E=2.662725266592e+02  Q=4.660000000000e+02  λ=1.079642e+00  dt=1.160e-03  relΔE=1.454e-05  ||F||=9.271e-02
 step= 18000  E=2.644629776072e+02  Q=4.660000000000e+02  λ=1.072211e+00  dt=8.978e-04  relΔE=1.117e-05  ||F||=9.207e-02
 step= 18500  E=2.626280062917e+02  Q=4.660000000000e+02  λ=1.064734e+00  dt=1.390e-03  relΔE=1.207e-05  ||F||=6.379e-01
 step= 19000  E=2.609334814472e+02  Q=4.660000000000e+02  λ=1.057353e+00  dt=1.076e-03  relΔE=1.297e-05  ||F||=9.002e-02
 step= 19500  E=2.592208367234e+02  Q=4.660000000000e+02  λ=1.049938e+00  dt=8.324e-04  relΔE=9.790e-06  ||F||=8.861e-02
 step= 20000  E=2.575741387168e+02  Q=4.660000000000e+02  λ=1.042677e+00  dt=1.289e-03  relΔE=1.460e-05  ||F||=8.695e-02
 step= 20500  E=2.560397799407e+02  Q=4.660000000000e+02  λ=1.035768e+00  dt=9.973e-04  relΔE=1.082e-05  ||F||=8.457e-02
 step= 21000  E=2.545435491057e+02  Q=4.660000000000e+02  λ=1.028893e+00  dt=7.719e-04  relΔE=7.969e-06  ||F||=8.227e-02
 step= 21500  E=2.531694573761e+02  Q=4.660000000000e+02  λ=1.022454e+00  dt=1.195e-03  relΔE=1.147e-05  ||F||=7.912e-02
 step= 22000  E=2.519031024501e+02  Q=4.660000000000e+02  λ=1.016385e+00  dt=9.248e-04  relΔE=8.220e-06  ||F||=7.594e-02
 step= 22500  E=2.507011794941e+02  Q=4.660000000000e+02  λ=1.010498e+00  dt=7.157e-04  relΔE=6.338e-06  ||F||=7.574e-02
 step= 23000  E=2.496717541386e+02  Q=4.660000000000e+02  λ=1.005346e+00  dt=1.108e-03  relΔE=8.128e-06  ||F||=6.868e-02
 step= 23500  E=2.487191718742e+02  Q=4.660000000000e+02  λ=1.000462e+00  dt=8.575e-04  relΔE=5.617e-06  ||F||=6.477e-02
 step= 24000  E=2.478704173894e+02  Q=4.660000000000e+02  λ=9.960071e-01  dt=1.327e-03  relΔE=7.644e-06  ||F||=6.476e-02
 step= 24500  E=2.471535317220e+02  Q=4.660000000000e+02  λ=9.921412e-01  dt=1.027e-03  relΔE=5.181e-06  ||F||=5.665e-02
 step= 25000  E=2.465134430357e+02  Q=4.660000000000e+02  λ=9.885961e-01  dt=7.951e-04  relΔE=3.470e-06  ||F||=5.264e-02
 step= 25500  E=2.459690210845e+02  Q=4.660000000000e+02  λ=9.854959e-01  dt=1.231e-03  relΔE=4.577e-06  ||F||=4.854e-02
 step= 26000  E=2.455143429476e+02  Q=4.660000000000e+02  λ=9.828226e-01  dt=9.526e-04  relΔE=3.011e-06  ||F||=4.470e-02
 step= 26500  E=2.451159534236e+02  Q=4.660000000000e+02  λ=9.804015e-01  dt=7.373e-04  relΔE=1.992e-06  ||F||=4.130e-02
 step= 27000  E=2.447968653966e+02  Q=4.660000000000e+02  λ=9.783944e-01  dt=1.141e-03  relΔE=2.529e-06  ||F||=3.737e-02
 step= 27500  E=2.445256833772e+02  Q=4.660000000000e+02  λ=9.766200e-01  dt=8.833e-04  relΔE=1.623e-06  ||F||=3.401e-02
 step= 28000  E=2.442972979904e+02  Q=4.660000000000e+02  λ=9.750656e-01  dt=1.367e-03  relΔE=1.996e-06  ||F||=7.865e-02
 step= 28500  E=2.441192841575e+02  Q=4.660000000000e+02  λ=9.737928e-01  dt=1.058e-03  relΔE=1.314e-06  ||F||=2.793e-02
 step= 29000  E=2.439678387524e+02  Q=4.660000000000e+02  λ=9.726589e-01  dt=8.190e-04  relΔE=8.294e-07  ||F||=2.522e-02
 step= 29500  E=2.438451836333e+02  Q=4.660000000000e+02  λ=9.716924e-01  dt=1.268e-03  relΔE=1.040e-06  ||F||=2.271e-02
 step= 30000  E=2.437478789283e+02  Q=4.660000000000e+02  λ=9.708806e-01  dt=9.812e-04  relΔE=6.547e-07  ||F||=2.046e-02
 step= 30500  E=2.436664574899e+02  Q=4.660000000000e+02  λ=9.701596e-01  dt=7.594e-04  relΔE=4.115e-07  ||F||=1.843e-02
 step= 31000  E=2.436026281727e+02  Q=4.660000000000e+02  λ=9.695579e-01  dt=1.176e-03  relΔE=5.101e-07  ||F||=1.649e-02
 step= 31500  E=2.435508857294e+02  Q=4.660000000000e+02  λ=9.690355e-01  dt=9.098e-04  relΔE=3.182e-07  ||F||=1.480e-02
 step= 32000  E=2.435079048568e+02  Q=4.660000000000e+02  λ=9.685694e-01  dt=7.042e-04  relΔE=2.968e-07  ||F||=4.354e-02
 step= 32500  E=2.434753807683e+02  Q=4.660000000000e+02  λ=9.681892e-01  dt=1.090e-03  relΔE=2.461e-07  ||F||=1.189e-02
 step= 33000  E=2.434484183836e+02  Q=4.660000000000e+02  λ=9.678483e-01  dt=7.030e-04  relΔE=1.280e-07  ||F||=1.067e-02
 step= 33500  E=2.434267751509e+02  Q=4.660000000000e+02  λ=9.675519e-01  dt=1.088e-03  relΔE=1.586e-07  ||F||=9.547e-03
 step= 34000  E=2.434093699031e+02  Q=4.660000000000e+02  λ=9.672922e-01  dt=7.019e-04  relΔE=8.252e-08  ||F||=8.572e-03
 step= 34500  E=2.433953676444e+02  Q=4.660000000000e+02  λ=9.670646e-01  dt=1.086e-03  relΔE=1.024e-07  ||F||=7.673e-03
 step= 35000  E=2.433839759302e+02  Q=4.660000000000e+02  λ=9.668618e-01  dt=8.409e-04  relΔE=6.379e-08  ||F||=6.882e-03
 step= 35500  E=2.433748266670e+02  Q=4.660000000000e+02  λ=9.666834e-01  dt=1.302e-03  relΔE=7.933e-08  ||F||=6.210e-03
 step= 36000  E=2.433676273535e+02  Q=4.660000000000e+02  λ=9.665293e-01  dt=1.007e-03  relΔE=4.978e-08  ||F||=5.550e-03
 step= 36500  E=2.433616314051e+02  Q=4.660000000000e+02  λ=9.663884e-01  dt=7.797e-04  relΔE=3.128e-08  ||F||=4.999e-03
 step= 37000  E=2.433568447110e+02  Q=4.660000000000e+02  λ=9.662649e-01  dt=1.207e-03  relΔE=3.910e-08  ||F||=4.490e-03
 step= 37500  E=2.433529880411e+02  Q=4.660000000000e+02  λ=9.661555e-01  dt=9.342e-04  relΔE=2.468e-08  ||F||=4.053e-03
 step= 38000  E=2.433497254144e+02  Q=4.660000000000e+02  λ=9.660536e-01  dt=7.230e-04  relΔE=1.640e-08  ||F||=3.757e-03
 step= 38500  E=2.433471978848e+02  Q=4.660000000000e+02  λ=9.659672e-01  dt=1.119e-03  relΔE=1.973e-08  ||F||=3.307e-03
 step= 39000  E=2.433450572971e+02  Q=4.660000000000e+02  λ=9.658868e-01  dt=8.662e-04  relΔE=1.253e-08  ||F||=2.994e-03
 step= 39500  E=2.433432782160e+02  Q=4.660000000000e+02  λ=9.658136e-01  dt=1.341e-03  relΔE=1.587e-08  ||F||=3.280e-03
 step= 40000  E=2.433418696520e+02  Q=4.660000000000e+02  λ=9.657501e-01  dt=1.038e-03  relΔE=1.022e-08  ||F||=2.466e-03
 step= 40500  E=2.433406632475e+02  Q=4.660000000000e+02  λ=9.656906e-01  dt=8.032e-04  relΔE=6.568e-09  ||F||=2.246e-03
 step= 41000  E=2.433396685797e+02  Q=4.660000000000e+02  λ=9.656372e-01  dt=1.243e-03  relΔE=8.421e-09  ||F||=2.042e-03
 step= 41500  E=2.433388553342e+02  Q=4.660000000000e+02  λ=9.655896e-01  dt=9.623e-04  relΔE=5.456e-09  ||F||=1.867e-03
 step= 42000  E=2.433381499208e+02  Q=4.660000000000e+02  λ=9.655447e-01  dt=7.448e-04  relΔE=3.601e-09  ||F||=1.723e-03
 step= 42500  E=2.433375804724e+02  Q=4.660000000000e+02  λ=9.655054e-01  dt=1.153e-03  relΔE=4.595e-09  ||F||=1.562e-03
 step= 43000  E=2.433370934536e+02  Q=4.660000000000e+02  λ=9.654690e-01  dt=8.923e-04  relΔE=3.000e-09  ||F||=1.432e-03
 step= 43500  E=2.433366712639e+02  Q=4.660000000000e+02  λ=9.654349e-01  dt=1.381e-03  relΔE=3.607e-09  ||F||=4.980e-03
 step= 44000  E=2.433363330773e+02  Q=4.660000000000e+02  λ=9.654054e-01  dt=1.069e-03  relΔE=2.577e-09  ||F||=1.210e-03
 step= 44500  E=2.433360344685e+02  Q=4.660000000000e+02  λ=9.653773e-01  dt=8.273e-04  relΔE=1.695e-09  ||F||=1.114e-03
 step= 45000  E=2.433357804924e+02  Q=4.660000000000e+02  λ=9.653517e-01  dt=1.281e-03  relΔE=2.232e-09  ||F||=1.028e-03
 step= 45500  E=2.433355689982e+02  Q=4.660000000000e+02  λ=9.653288e-01  dt=9.912e-04  relΔE=1.481e-09  ||F||=9.479e-04
 step= 46000  E=2.433353822333e+02  Q=4.660000000000e+02  λ=9.653071e-01  dt=7.672e-04  relΔE=9.875e-10  ||F||=8.786e-04
 step= 46500  E=2.433352256324e+02  Q=4.660000000000e+02  λ=9.652876e-01  dt=1.188e-03  relΔE=1.304e-09  ||F||=8.097e-04
 step= 47000  E=2.433350908324e+02  Q=4.660000000000e+02  λ=9.652697e-01  dt=9.191e-04  relΔE=8.694e-10  ||F||=7.502e-04
 step= 47500  E=2.433349706757e+02  Q=4.660000000000e+02  λ=9.652526e-01  dt=7.113e-04  relΔE=6.559e-10  ||F||=7.452e-04
 step= 48000  E=2.433348726870e+02  Q=4.660000000000e+02  λ=9.652378e-01  dt=1.101e-03  relΔE=7.754e-10  ||F||=6.446e-04
 step= 48500  E=2.433347847946e+02  Q=4.660000000000e+02  λ=9.652237e-01  dt=8.522e-04  relΔE=5.194e-10  ||F||=5.983e-04
 step= 49000  E=2.433347084528e+02  Q=4.660000000000e+02  λ=9.652106e-01  dt=1.319e-03  relΔE=6.945e-10  ||F||=5.675e-04
 step= 49500  E=2.433346442246e+02  Q=4.660000000000e+02  λ=9.651989e-01  dt=1.021e-03  relΔE=4.678e-10  ||F||=5.162e-04
 step= 50000  E=2.433345867447e+02  Q=4.660000000000e+02  λ=9.651877e-01  dt=7.902e-04  relΔE=3.155e-10  ||F||=4.806e-04
 step= 50500  E=2.433345372364e+02  Q=4.660000000000e+02  λ=9.651775e-01  dt=1.223e-03  relΔE=4.230e-10  ||F||=4.460e-04
 step= 51000  E=2.433344948102e+02  Q=4.660000000000e+02  λ=9.651683e-01  dt=9.467e-04  relΔE=2.859e-10  ||F||=4.155e-04
 step= 51500  E=2.433344563891e+02  Q=4.660000000000e+02  λ=9.651594e-01  dt=7.327e-04  relΔE=1.987e-10  ||F||=3.933e-04
 step= 52000  E=2.433344243361e+02  Q=4.660000000000e+02  λ=9.651515e-01  dt=1.134e-03  relΔE=2.606e-10  ||F||=3.601e-04
 step= 52500  E=2.433343956745e+02  Q=4.660000000000e+02  λ=9.651441e-01  dt=8.779e-04  relΔE=1.764e-10  ||F||=3.355e-04
 step= 53000  E=2.433343701169e+02  Q=4.660000000000e+02  λ=9.651370e-01  dt=1.359e-03  relΔE=2.353e-10  ||F||=5.811e-04
 step= 53500  E=2.433343488003e+02  Q=4.660000000000e+02  λ=9.651308e-01  dt=1.052e-03  relΔE=1.619e-10  ||F||=2.913e-04
 step= 54000  E=2.433343294254e+02  Q=4.660000000000e+02  λ=9.651249e-01  dt=8.140e-04  relΔE=1.099e-10  ||F||=2.718e-04
 step= 54500  E=2.433343125170e+02  Q=4.660000000000e+02  λ=9.651194e-01  dt=1.260e-03  relΔE=1.488e-10  ||F||=2.531e-04
 step= 55000  E=2.433342979968e+02  Q=4.660000000000e+02  λ=9.651144e-01  dt=9.752e-04  relΔE=1.014e-10  ||F||=2.362e-04
 step= 55500  E=2.433342848755e+02  Q=4.660000000000e+02  λ=9.651096e-01  dt=1.258e-03  relΔE=1.147e-10  ||F||=2.203e-04
 step= 56000  E=2.433342736554e+02  Q=4.660000000000e+02  λ=9.651053e-01  dt=9.736e-04  relΔE=7.829e-11  ||F||=2.056e-04
 step= 56500  E=2.433342634238e+02  Q=4.660000000000e+02  λ=9.651012e-01  dt=7.536e-04  relΔE=5.385e-11  ||F||=1.930e-04
 step= 57000  E=2.433342546916e+02  Q=4.660000000000e+02  λ=9.650975e-01  dt=1.166e-03  relΔE=7.268e-11  ||F||=1.789e-04
 step= 57500  E=2.433342469330e+02  Q=4.660000000000e+02  λ=9.650940e-01  dt=9.028e-04  relΔE=4.965e-11  ||F||=1.671e-04
 step= 58000  E=2.433342398735e+02  Q=4.660000000000e+02  λ=9.650906e-01  dt=1.397e-03  relΔE=3.970e-11  ||F||=1.439e-03
 step= 58500  E=2.433342339757e+02  Q=4.660000000000e+02  λ=9.650877e-01  dt=1.082e-03  relΔE=4.636e-11  ||F||=1.455e-04
 step= 59000  E=2.433342285611e+02  Q=4.660000000000e+02  λ=9.650849e-01  dt=8.371e-04  relΔE=3.174e-11  ||F||=1.359e-04
 step= 59500  E=2.433342237769e+02  Q=4.660000000000e+02  λ=9.650823e-01  dt=1.296e-03  relΔE=4.336e-11  ||F||=1.275e-04
 step= 60000  E=2.433342196522e+02  Q=4.660000000000e+02  λ=9.650799e-01  dt=1.003e-03  relΔE=2.979e-11  ||F||=1.184e-04
 step= 60500  E=2.433342158795e+02  Q=4.660000000000e+02  λ=9.650776e-01  dt=7.762e-04  relΔE=2.056e-11  ||F||=1.110e-04
 step= 61000  E=2.433342125940e+02  Q=4.660000000000e+02  λ=9.650755e-01  dt=1.202e-03  relΔE=2.805e-11  ||F||=1.031e-04
 step= 61500  E=2.433342096913e+02  Q=4.660000000000e+02  λ=9.650736e-01  dt=9.299e-04  relΔE=1.932e-11  ||F||=9.636e-05
 step= 62000  E=2.433342070158e+02  Q=4.660000000000e+02  λ=9.650717e-01  dt=7.197e-04  relΔE=1.441e-11  ||F||=9.542e-05
 step= 62500  E=2.433342047593e+02  Q=4.660000000000e+02  λ=9.650701e-01  dt=1.114e-03  relΔE=1.831e-11  ||F||=8.398e-05
 step= 63000  E=2.433342026852e+02  Q=4.660000000000e+02  λ=9.650685e-01  dt=8.623e-04  relΔE=1.263e-11  ||F||=7.845e-05
 step= 63500  E=2.433342008166e+02  Q=4.660000000000e+02  λ=9.650670e-01  dt=1.335e-03  relΔE=1.738e-11  ||F||=8.389e-05
 step= 64000  E=2.433341992111e+02  Q=4.660000000000e+02  λ=9.650656e-01  dt=1.033e-03  relΔE=1.205e-11  ||F||=6.839e-05
 step= 64500  E=2.433341977300e+02  Q=4.660000000000e+02  λ=9.650644e-01  dt=7.996e-04  relΔE=8.354e-12  ||F||=6.398e-05
 step= 65000  E=2.433341964139e+02  Q=4.660000000000e+02  λ=9.650632e-01  dt=1.238e-03  relΔE=1.153e-11  ||F||=5.960e-05
 step= 65500  E=2.433341952580e+02  Q=4.660000000000e+02  λ=9.650621e-01  dt=9.579e-04  relΔE=8.013e-12  ||F||=5.571e-05
 step= 66000  E=2.433341941825e+02  Q=4.660000000000e+02  λ=9.650610e-01  dt=7.414e-04  relΔE=5.653e-12  ||F||=5.280e-05
 step= 66500  E=2.433341932535e+02  Q=4.660000000000e+02  λ=9.650601e-01  dt=1.148e-03  relΔE=7.728e-12  ||F||=4.857e-05
 step= 67000  E=2.433341924058e+02  Q=4.660000000000e+02  λ=9.650592e-01  dt=8.882e-04  relΔE=5.381e-12  ||F||=4.539e-05
 step= 67500  E=2.433341916221e+02  Q=4.660000000000e+02  λ=9.650583e-01  dt=1.375e-03  relΔE=6.806e-12  ||F||=2.420e-04
 step= 68000  E=2.433341909545e+02  Q=4.660000000000e+02  λ=9.650576e-01  dt=1.064e-03  relΔE=5.228e-12  ||F||=3.958e-05
 step= 68500  E=2.433341903287e+02  Q=4.660000000000e+02  λ=9.650569e-01  dt=8.236e-04  relΔE=3.653e-12  ||F||=3.700e-05
 step= 69000  E=2.433341897650e+02  Q=4.660000000000e+02  λ=9.650562e-01  dt=1.275e-03  relΔE=5.096e-12  ||F||=3.458e-05
 step= 69500  E=2.433341892673e+02  Q=4.660000000000e+02  λ=9.650556e-01  dt=9.867e-04  relΔE=3.573e-12  ||F||=3.225e-05
 step= 70000  E=2.433341888028e+02  Q=4.660000000000e+02  λ=9.650550e-01  dt=7.637e-04  relΔE=2.522e-12  ||F||=3.039e-05
 step= 70500  E=2.433341883912e+02  Q=4.660000000000e+02  λ=9.650544e-01  dt=1.182e-03  relΔE=3.511e-12  ||F||=2.811e-05
 step= 71000  E=2.433341880182e+02  Q=4.660000000000e+02  λ=9.650539e-01  dt=9.149e-04  relΔE=2.469e-12  ||F||=2.629e-05
 step= 71500  E=2.433341876674e+02  Q=4.660000000000e+02  λ=9.650534e-01  dt=7.081e-04  relΔE=1.960e-12  ||F||=2.858e-05
 step= 72000  E=2.433341873660e+02  Q=4.660000000000e+02  λ=9.650530e-01  dt=1.096e-03  relΔE=2.443e-12  ||F||=2.292e-05
 step= 72500  E=2.433341870812e+02  Q=4.660000000000e+02  λ=9.650526e-01  dt=8.484e-04  relΔE=1.724e-12  ||F||=2.146e-05
 step= 73000  E=2.433341868212e+02  Q=4.660000000000e+02  λ=9.650522e-01  dt=1.313e-03  relΔE=2.425e-12  ||F||=2.124e-05
 step= 73500  E=2.433341865911e+02  Q=4.660000000000e+02  λ=9.650518e-01  dt=1.016e-03  relΔE=1.716e-12  ||F||=1.868e-05
 step= 74000  E=2.433341863747e+02  Q=4.660000000000e+02  λ=9.650515e-01  dt=7.867e-04  relΔE=1.217e-12  ||F||=1.755e-05
 step= 74500  E=2.433341861787e+02  Q=4.660000000000e+02  λ=9.650512e-01  dt=1.218e-03  relΔE=1.715e-12  ||F||=1.629e-05
 step= 75000  E=2.433341860023e+02  Q=4.660000000000e+02  λ=9.650509e-01  dt=9.425e-04  relΔE=1.217e-12  ||F||=1.523e-05
 step= 75500  E=2.433341858344e+02  Q=4.660000000000e+02  λ=9.650506e-01  dt=7.294e-04  relΔE=8.868e-13  ||F||=1.497e-05
 step= 76000  E=2.433341856873e+02  Q=4.660000000000e+02  λ=9.650503e-01  dt=1.129e-03  relΔE=1.224e-12  ||F||=1.328e-05
 step= 76500  E=2.433341855490e+02  Q=4.660000000000e+02  λ=9.650501e-01  dt=8.739e-04  relΔE=8.705e-13  ||F||=1.243e-05
 step= 77000  E=2.433341854199e+02  Q=4.660000000000e+02  λ=9.650499e-01  dt=1.353e-03  relΔE=1.226e-12  ||F||=3.183e-05
 step= 77500  E=2.433341853066e+02  Q=4.660000000000e+02  λ=9.650497e-01  dt=1.047e-03  relΔE=8.800e-13  ||F||=1.083e-05
 step= 78000  E=2.433341851985e+02  Q=4.660000000000e+02  λ=9.650495e-01  dt=8.103e-04  relΔE=6.282e-13  ||F||=1.019e-05
 step= 78500  E=2.433341850996e+02  Q=4.660000000000e+02  λ=9.650493e-01  dt=1.254e-03  relΔE=8.924e-13  ||F||=9.456e-06
 step= 79000  E=2.433341850103e+02  Q=4.660000000000e+02  λ=9.650491e-01  dt=9.708e-04  relΔE=6.374e-13  ||F||=8.828e-06
 step= 79500  E=2.433341849251e+02  Q=4.660000000000e+02  λ=9.650490e-01  dt=7.514e-04  relΔE=4.628e-13  ||F||=8.660e-06
 step= 80000  E=2.433341848489e+02  Q=4.660000000000e+02  λ=9.650488e-01  dt=1.163e-03  relΔE=6.498e-13  ||F||=7.697e-06
 step= 80500  E=2.433341847780e+02  Q=4.660000000000e+02  λ=9.650487e-01  dt=9.002e-04  relΔE=4.649e-13  ||F||=7.205e-06
 step= 81000  E=2.433341847106e+02  Q=4.660000000000e+02  λ=9.650485e-01  dt=1.393e-03  relΔE=1.212e-13  ||F||=2.148e-04
 step= 81500  E=2.433341846514e+02  Q=4.660000000000e+02  λ=9.650484e-01  dt=1.078e-03  relΔE=4.753e-13  ||F||=6.276e-06
 step= 82000  E=2.433341845946e+02  Q=4.660000000000e+02  λ=9.650483e-01  dt=8.347e-04  relΔE=3.411e-13  ||F||=5.900e-06
 step= 82500  E=2.433341845422e+02  Q=4.660000000000e+02  λ=9.650482e-01  dt=1.292e-03  relΔE=4.871e-13  ||F||=5.719e-06
 step= 83000  E=2.433341844949e+02  Q=4.660000000000e+02  λ=9.650481e-01  dt=1.000e-03  relΔE=3.499e-13  ||F||=5.118e-06
 step= 83500  E=2.433341844496e+02  Q=4.660000000000e+02  λ=9.650480e-01  dt=7.740e-04  relΔE=2.529e-13  ||F||=4.964e-06
 step= 84000  E=2.433341844084e+02  Q=4.660000000000e+02  λ=9.650479e-01  dt=1.198e-03  relΔE=3.597e-13  ||F||=4.462e-06
 step= 84500  E=2.433341843705e+02  Q=4.660000000000e+02  λ=9.650479e-01  dt=9.273e-04  relΔE=2.587e-13  ||F||=4.177e-06
 step= 85000  E=2.433341843340e+02  Q=4.660000000000e+02  λ=9.650478e-01  dt=7.177e-04  relΔE=1.965e-13  ||F||=4.993e-06
 step= 85500  E=2.433341843018e+02  Q=4.660000000000e+02  λ=9.650477e-01  dt=1.111e-03  relΔE=2.668e-13  ||F||=3.641e-06
 step= 86000  E=2.433341842710e+02  Q=4.660000000000e+02  λ=9.650476e-01  dt=8.598e-04  relΔE=1.920e-13  ||F||=3.433e-06
 step= 86500  E=2.433341842421e+02  Q=4.660000000000e+02  λ=9.650476e-01  dt=1.331e-03  relΔE=2.746e-13  ||F||=7.759e-06
 step= 87000  E=2.433341842163e+02  Q=4.660000000000e+02  λ=9.650475e-01  dt=1.030e-03  relΔE=1.983e-13  ||F||=2.970e-06
 step= 87500  E=2.433341841914e+02  Q=4.660000000000e+02  λ=9.650475e-01  dt=7.973e-04  relΔE=1.433e-13  ||F||=2.866e-06
 step= 88000  E=2.433341841685e+02  Q=4.660000000000e+02  λ=9.650474e-01  dt=1.234e-03  relΔE=2.051e-13  ||F||=2.595e-06
 step= 88500  E=2.433341841476e+02  Q=4.660000000000e+02  λ=9.650474e-01  dt=9.551e-04  relΔE=1.480e-13  ||F||=2.426e-06
 step= 89000  E=2.433341841274e+02  Q=4.660000000000e+02  λ=9.650473e-01  dt=7.393e-04  relΔE=1.089e-13  ||F||=2.679e-06
 step= 89500  E=2.433341841093e+02  Q=4.660000000000e+02  λ=9.650473e-01  dt=1.144e-03  relΔE=1.535e-13  ||F||=2.113e-06
 step= 90000  E=2.433341840922e+02  Q=4.660000000000e+02  λ=9.650473e-01  dt=8.857e-04  relΔE=1.107e-13  ||F||=1.989e-06
 step= 90500  E=2.433341840759e+02  Q=4.660000000000e+02  λ=9.650472e-01  dt=1.371e-03  relΔE=1.482e-13  ||F||=3.369e-05
 step= 91000  E=2.433341840615e+02  Q=4.660000000000e+02  λ=9.650472e-01  dt=1.061e-03  relΔE=1.149e-13  ||F||=1.725e-06
 step= 91500  E=2.433341840475e+02  Q=4.660000000000e+02  λ=9.650472e-01  dt=8.212e-04  relΔE=8.293e-14  ||F||=1.666e-06
 step= 92000  E=2.433341840346e+02  Q=4.660000000000e+02  λ=9.650471e-01  dt=1.271e-03  relΔE=1.191e-13  ||F||=1.587e-06
 step= 92500  E=2.433341840228e+02  Q=4.660000000000e+02  λ=9.650471e-01  dt=9.839e-04  relΔE=8.608e-14  ||F||=1.408e-06
 step= 93000  E=2.433341840114e+02  Q=4.660000000000e+02  λ=9.650471e-01  dt=7.615e-04  relΔE=6.331e-14  ||F||=1.600e-06
 step= 93500  E=2.433341840011e+02  Q=4.660000000000e+02  λ=9.650471e-01  dt=1.179e-03  relΔE=8.959e-14  ||F||=1.227e-06
 step= 94000  E=2.433341839915e+02  Q=4.660000000000e+02  λ=9.650470e-01  dt=9.123e-04  relΔE=6.471e-14  ||F||=1.156e-06
 step= 94500  E=2.433341839822e+02  Q=4.660000000000e+02  λ=9.650470e-01  dt=7.061e-04  relΔE=5.233e-14  ||F||=2.482e-06
 step= 95000  E=2.433341839740e+02  Q=4.660000000000e+02  λ=9.650470e-01  dt=1.093e-03  relΔE=6.763e-14  ||F||=1.002e-06
 step= 95500  E=2.433341839660e+02  Q=4.660000000000e+02  λ=9.650470e-01  dt=8.459e-04  relΔE=4.882e-14  ||F||=9.767e-07
 step= 96000  E=2.433341839586e+02  Q=4.660000000000e+02  λ=9.650470e-01  dt=1.309e-03  relΔE=7.008e-14  ||F||=1.927e-06
 step= 96500  E=2.433341839519e+02  Q=4.660000000000e+02  λ=9.650469e-01  dt=1.013e-03  relΔE=5.104e-14  ||F||=8.200e-07
 step= 97000  E=2.433341839454e+02  Q=4.660000000000e+02  λ=9.650469e-01  dt=7.844e-04  relΔE=3.644e-14  ||F||=8.683e-07
 step= 97500  E=2.433341839395e+02  Q=4.660000000000e+02  λ=9.650469e-01  dt=1.214e-03  relΔE=5.303e-14  ||F||=7.161e-07
 step= 98000  E=2.433341839340e+02  Q=4.660000000000e+02  λ=9.650469e-01  dt=9.397e-04  relΔE=3.843e-14  ||F||=6.717e-07
 step= 98500  E=2.433341839287e+02  Q=4.660000000000e+02  λ=9.650469e-01  dt=7.273e-04  relΔE=2.850e-14  ||F||=1.053e-06
 step= 99000  E=2.433341839239e+02  Q=4.660000000000e+02  λ=9.650469e-01  dt=1.126e-03  relΔE=3.995e-14  ||F||=5.825e-07
 step= 99500  E=2.433341839194e+02  Q=4.660000000000e+02  λ=9.650469e-01  dt=8.714e-04  relΔE=2.897e-14  ||F||=5.678e-07
 step=100000  E=2.433341839151e+02  Q=4.660000000000e+02  λ=9.650469e-01  dt=1.349e-03  relΔE=4.123e-14  ||F||=8.310e-06
 step=100500  E=2.433341839112e+02  Q=4.660000000000e+02  λ=9.650469e-01  dt=1.044e-03  relΔE=3.037e-14  ||F||=4.761e-07
 step=101000  E=2.433341839075e+02  Q=4.660000000000e+02  λ=9.650468e-01  dt=8.080e-04  relΔE=2.196e-14  ||F||=5.097e-07
 step=101500  E=2.433341839041e+02  Q=4.660000000000e+02  λ=9.650468e-01  dt=1.251e-03  relΔE=3.154e-14  ||F||=4.407e-07
 step=102000  E=2.433341839009e+02  Q=4.660000000000e+02  λ=9.650468e-01  dt=9.680e-04  relΔE=2.266e-14  ||F||=3.916e-07
 step=102500  E=2.433341838979e+02  Q=4.660000000000e+02  λ=9.650468e-01  dt=7.492e-04  relΔE=1.694e-14  ||F||=6.672e-07
 step=103000  E=2.433341838951e+02  Q=4.660000000000e+02  λ=9.650468e-01  dt=1.160e-03  relΔE=2.371e-14  ||F||=3.390e-07
 step=103500  E=2.433341838925e+02  Q=4.660000000000e+02  λ=9.650468e-01  dt=8.976e-04  relΔE=1.729e-14  ||F||=3.271e-07
 step=104000  E=2.433341838900e+02  Q=4.660000000000e+02  λ=9.650468e-01  dt=5.789e-04  relΔE=5.992e-14  ||F||=5.792e-05
 step=104500  E=2.433341838878e+02  Q=4.660000000000e+02  λ=9.650468e-01  dt=8.961e-04  relΔE=1.495e-14  ||F||=2.951e-07
 step=105000  E=2.433341838856e+02  Q=4.660000000000e+02  λ=9.650468e-01  dt=1.387e-03  relΔE=9.344e-16  ||F||=4.744e-05
 step=105500  E=2.433341838837e+02  Q=4.660000000000e+02  λ=9.650468e-01  dt=1.074e-03  relΔE=1.553e-14  ||F||=2.425e-07
 step=106000  E=2.433341838818e+02  Q=4.660000000000e+02  λ=9.650468e-01  dt=8.309e-04  relΔE=1.168e-14  ||F||=2.788e-07
 step=106500  E=2.433341838801e+02  Q=4.660000000000e+02  λ=9.650468e-01  dt=1.286e-03  relΔE=1.647e-14  ||F||=4.934e-07
 step=107000  E=2.433341838785e+02  Q=4.660000000000e+02  λ=9.650468e-01  dt=9.955e-04  relΔE=1.180e-14  ||F||=1.996e-07
 step=107500  E=2.433341838770e+02  Q=4.660000000000e+02  λ=9.650468e-01  dt=7.705e-04  relΔE=8.877e-15  ||F||=3.139e-07
 step=108000  E=2.433341838755e+02  Q=4.660000000000e+02  λ=9.650468e-01  dt=1.193e-03  relΔE=1.238e-14  ||F||=1.730e-07
 step=108500  E=2.433341838742e+02  Q=4.660000000000e+02  λ=9.650468e-01  dt=9.231e-04  relΔE=8.994e-15  ||F||=1.697e-07
 step=109000  E=2.433341838730e+02  Q=4.660000000000e+02  λ=9.650468e-01  dt=7.144e-04  relΔE=6.774e-15  ||F||=6.392e-07
 step=109500  E=2.433341838719e+02  Q=4.660000000000e+02  λ=9.650468e-01  dt=1.106e-03  relΔE=9.461e-15  ||F||=1.411e-07
 step=110000  E=2.433341838708e+02  Q=4.660000000000e+02  λ=9.650468e-01  dt=8.559e-04  relΔE=6.774e-15  ||F||=1.621e-07
 step=110500  E=2.433341838697e+02  Q=4.660000000000e+02  λ=9.650468e-01  dt=1.325e-03  relΔE=9.928e-15  ||F||=1.879e-06
 step=111000  E=2.433341838688e+02  Q=4.660000000000e+02  λ=9.650468e-01  dt=1.025e-03  relΔE=7.125e-15  ||F||=1.165e-07
 step=111500  E=2.433341838679e+02  Q=4.660000000000e+02  λ=9.650468e-01  dt=7.937e-04  relΔE=5.139e-15  ||F||=1.774e-07
 step=112000  E=2.433341838671e+02  Q=4.660000000000e+02  λ=9.650468e-01  dt=1.229e-03  relΔE=7.475e-15  ||F||=1.090e-07
 step=112500  E=2.433341838664e+02  Q=4.660000000000e+02  λ=9.650468e-01  dt=9.508e-04  relΔE=5.373e-15  ||F||=9.764e-08
 step=113000  E=2.433341838656e+02  Q=4.660000000000e+02  λ=9.650467e-01  dt=7.359e-04  relΔE=3.854e-15  ||F||=2.662e-07
 step=113500  E=2.433341838650e+02  Q=4.660000000000e+02  λ=9.650467e-01  dt=1.139e-03  relΔE=5.840e-15  ||F||=8.225e-08
 step=114000  E=2.433341838644e+02  Q=4.660000000000e+02  λ=9.650467e-01  dt=8.817e-04  relΔE=4.088e-15  ||F||=8.727e-08
 step=114500  E=2.433341838638e+02  Q=4.660000000000e+02  λ=9.650467e-01  dt=1.365e-03  relΔE=4.322e-15  ||F||=1.106e-05
 step=115000  E=2.433341838632e+02  Q=4.660000000000e+02  λ=9.650467e-01  dt=1.056e-03  relΔE=4.088e-15  ||F||=6.763e-08
 step=115500  E=2.433341838627e+02  Q=4.660000000000e+02  λ=9.650467e-01  dt=8.175e-04  relΔE=3.037e-15  ||F||=1.039e-07
 step=116000  E=2.433341838622e+02  Q=4.660000000000e+02  λ=9.650467e-01  dt=1.265e-03  relΔE=4.322e-15  ||F||=1.282e-07
 step=116500  E=2.433341838618e+02  Q=4.660000000000e+02  λ=9.650467e-01  dt=9.794e-04  relΔE=2.920e-15  ||F||=5.638e-08
 step=117000  E=2.433341838614e+02  Q=4.660000000000e+02  λ=9.650467e-01  dt=7.581e-04  relΔE=1.986e-15  ||F||=1.658e-07
 Converged (aggressive): step=117275, E=2.433341838612e+02, Q=4.660000000000e+02, dt=9.431e-04, ||F||=4.999e-08

Stationary candidate (aggressive): E=2.433341838612e+02, Q=4.660000000000e+02, maxρ=5.044796e-01

=== Stability test (damped inertial dynamics) ===
Perturb eps=0.02, gamma=1
t=0: E=2.661758817814e+02, Q=4.660000000000e+02, maxρ=5.209297e-01, σ=2.854813e+00, Rc=1.837566e+01
 step=     1  E=2.661757668080e+02  Q=4.660000000000e+02  λ=1.353398e+00  maxρ=5.209297e-01  minρ=1.000e-15  σ=2.854813e+00  Rc=1.837566e+01
 step=   300  E=2.614619994133e+02  Q=4.660000000000e+02  λ=1.249825e+00  maxρ=5.200462e-01  minρ=1.000e-15  σ=2.854810e+00  Rc=1.837566e+01
 step=   600  E=2.519852545016e+02  Q=4.660000000000e+02  λ=1.062389e+00  maxρ=5.175551e-01  minρ=1.000e-15  σ=2.854804e+00  Rc=1.837567e+01
 step=   900  E=2.464460758755e+02  Q=4.660000000000e+02  λ=1.002921e+00  maxρ=5.138705e-01  minρ=1.000e-15  σ=2.854803e+00  Rc=1.837567e+01
 step=  1200  E=2.485682413343e+02  Q=4.660000000000e+02  λ=1.111290e+00  maxρ=5.122217e-01  minρ=1.000e-15  σ=2.854806e+00  Rc=1.837566e+01
 step=  1500  E=2.542545504576e+02  Q=4.660000000000e+02  λ=1.228448e+00  maxρ=5.149770e-01  minρ=1.000e-15  σ=2.854808e+00  Rc=1.837566e+01
 step=  1800  E=2.571533142914e+02  Q=4.660000000000e+02  λ=1.213989e+00  maxρ=5.166258e-01  minρ=1.000e-15  σ=2.854805e+00  Rc=1.837566e+01
 step=  2100  E=2.554435150301e+02  Q=4.660000000000e+02  λ=1.111804e+00  maxρ=5.139966e-01  minρ=1.000e-15  σ=2.854801e+00  Rc=1.837566e+01
 step=  2400  E=2.524452707706e+02  Q=4.660000000000e+02  λ=1.064870e+00  maxρ=5.088122e-01  minρ=1.000e-15  σ=2.854802e+00  Rc=1.837566e+01
 step=  2700  E=2.517105263542e+02  Q=4.660000000000e+02  λ=1.120419e+00  maxρ=5.113788e-01  minρ=1.000e-15  σ=2.854805e+00  Rc=1.837566e+01
 step=  3000  E=2.531610680921e+02  Q=4.660000000000e+02  λ=1.186870e+00  maxρ=5.178032e-01  minρ=1.000e-15  σ=2.854806e+00  Rc=1.837566e+01
 step=  3300  E=2.542529763398e+02  Q=4.660000000000e+02  λ=1.174043e+00  maxρ=5.191347e-01  minρ=1.000e-15  σ=2.854802e+00  Rc=1.837566e+01
 step=  3600  E=2.535842066091e+02  Q=4.660000000000e+02  λ=1.108567e+00  maxρ=5.155047e-01  minρ=1.000e-15  σ=2.854798e+00  Rc=1.837566e+01
 step=  3900  E=2.522026551624e+02  Q=4.660000000000e+02  λ=1.079708e+00  maxρ=5.155088e-01  minρ=1.000e-15  σ=2.854798e+00  Rc=1.837566e+01
 step=  4200  E=2.517044855694e+02  Q=4.660000000000e+02  λ=1.113160e+00  maxρ=5.137186e-01  minρ=1.000e-15  σ=2.854802e+00  Rc=1.837565e+01
 step=  4500  E=2.522067881265e+02  Q=4.660000000000e+02  λ=1.149131e+00  maxρ=5.123969e-01  minρ=1.000e-15  σ=2.854803e+00  Rc=1.837565e+01
 step=  4800  E=2.526411342653e+02  Q=4.660000000000e+02  λ=1.136208e+00  maxρ=5.146563e-01  minρ=1.000e-15  σ=2.854800e+00  Rc=1.837565e+01
 step=  5100  E=2.523825832533e+02  Q=4.660000000000e+02  λ=1.097811e+00  maxρ=5.152137e-01  minρ=1.000e-15  σ=2.854795e+00  Rc=1.837565e+01
 step=  5400  E=2.518567889071e+02  Q=4.660000000000e+02  λ=1.087640e+00  maxρ=5.146093e-01  minρ=1.000e-15  σ=2.854793e+00  Rc=1.837565e+01
 step=  5700  E=2.516644292879e+02  Q=4.660000000000e+02  λ=1.112222e+00  maxρ=5.128544e-01  minρ=1.000e-15  σ=2.854795e+00  Rc=1.837564e+01
 step=  6000  E=2.517580500048e+02  Q=4.660000000000e+02  λ=1.130036e+00  maxρ=5.115785e-01  minρ=1.000e-15  σ=2.854795e+00  Rc=1.837564e+01
 >>> No runaway detected in this horizon. Likely stable (within this model & box).

STABILITY: PASS
