
=== Aggressive relaxation to Q = 1813 ===
Initial: E=1.683883065881e+03, Q=1.813000000000e+03, dt=1.000e-04
 step=     1  E=1.683813453629e+03  Q=1.813000000000e+03  λ=1.993880e+00  dt=1.000e-04  relΔE=4.134e-05  ||F||=6.202e-01
 step=   500  E=1.613552416265e+03  Q=1.813000000000e+03  λ=1.863118e+00  dt=6.192e-04  relΔE=1.384e-04  ||F||=4.890e-01
 step=  1000  E=1.484540775542e+03  Q=1.813000000000e+03  λ=1.639335e+00  dt=9.584e-04  relΔE=1.090e-04  ||F||=3.346e-01
 step=  1500  E=1.407059658334e+03  Q=1.813000000000e+03  λ=1.518756e+00  dt=7.418e-04  relΔE=6.213e-05  ||F||=2.794e-01
 step=  2000  E=1.352230234301e+03  Q=1.813000000000e+03  λ=1.439651e+00  dt=1.148e-03  relΔE=7.677e-05  ||F||=2.447e-01
 step=  2500  E=1.307670023704e+03  Q=1.813000000000e+03  λ=1.378410e+00  dt=8.887e-04  relΔE=5.026e-05  ||F||=2.213e-01
 step=  3000  E=1.269744003342e+03  Q=1.813000000000e+03  λ=1.328458e+00  dt=1.376e-03  relΔE=6.168e-05  ||F||=7.919e-01
 step=  3500  E=1.239392370678e+03  Q=1.813000000000e+03  λ=1.289021e+00  dt=1.065e-03  relΔE=4.555e-05  ||F||=1.874e-01
 step=  4000  E=1.212180869457e+03  Q=1.813000000000e+03  λ=1.254611e+00  dt=8.241e-04  relΔE=3.120e-05  ||F||=1.743e-01
 step=  4500  E=1.188602917936e+03  Q=1.813000000000e+03  λ=1.225333e+00  dt=1.276e-03  relΔE=4.295e-05  ||F||=1.630e-01
 step=  5000  E=1.168371921202e+03  Q=1.813000000000e+03  λ=1.200523e+00  dt=9.873e-04  relΔE=2.989e-05  ||F||=1.530e-01
 step=  5500  E=1.149844492243e+03  Q=1.813000000000e+03  λ=1.178076e+00  dt=7.641e-04  relΔE=2.113e-05  ||F||=1.451e-01
 step=  6000  E=1.133743360790e+03  Q=1.813000000000e+03  λ=1.158793e+00  dt=1.183e-03  relΔE=2.934e-05  ||F||=1.365e-01
 step=  6500  E=1.119233885334e+03  Q=1.813000000000e+03  λ=1.141552e+00  dt=9.154e-04  relΔE=2.074e-05  ||F||=1.296e-01
 step=  7000  E=1.105663920839e+03  Q=1.813000000000e+03  λ=1.125566e+00  dt=7.085e-04  relΔE=1.708e-05  ||F||=1.343e-01
 step=  7500  E=1.094022724559e+03  Q=1.813000000000e+03  λ=1.111967e+00  dt=1.097e-03  relΔE=2.098e-05  ||F||=1.177e-01
 step=  8000  E=1.082971834807e+03  Q=1.813000000000e+03  λ=1.099131e+00  dt=8.488e-04  relΔE=1.503e-05  ||F||=1.127e-01
 step=  8500  E=1.072802585065e+03  Q=1.813000000000e+03  λ=1.087410e+00  dt=1.314e-03  relΔE=2.156e-05  ||F||=1.108e-01
 step=  9000  E=1.063702068455e+03  Q=1.813000000000e+03  λ=1.076969e+00  dt=1.017e-03  relΔE=1.559e-05  ||F||=1.039e-01
 step=  9500  E=1.055011469481e+03  Q=1.813000000000e+03  λ=1.067057e+00  dt=7.871e-04  relΔE=1.136e-05  ||F||=1.004e-01
 step= 10000  E=1.047355940456e+03  Q=1.813000000000e+03  λ=1.058378e+00  dt=1.015e-03  relΔE=1.374e-05  ||F||=9.687e-02
 step= 10500  E=1.039555450645e+03  Q=1.813000000000e+03  λ=1.049573e+00  dt=7.858e-04  relΔE=1.006e-05  ||F||=9.387e-02
 step= 11000  E=1.032496966454e+03  Q=1.813000000000e+03  λ=1.041655e+00  dt=1.216e-03  relΔE=1.473e-05  ||F||=9.097e-02
 step= 11500  E=1.025936190005e+03  Q=1.813000000000e+03  λ=1.034319e+00  dt=9.414e-04  relΔE=1.087e-05  ||F||=8.857e-02
 step= 12000  E=1.019737297923e+03  Q=1.813000000000e+03  λ=1.027423e+00  dt=1.214e-03  relΔE=1.344e-05  ||F||=8.644e-02
 step= 12500  E=1.013602911511e+03  Q=1.813000000000e+03  λ=1.020620e+00  dt=9.399e-04  relΔE=1.001e-05  ||F||=8.452e-02
 step= 13000  E=1.007656743081e+03  Q=1.813000000000e+03  λ=1.014051e+00  dt=7.275e-04  relΔE=7.791e-06  ||F||=8.456e-02
 step= 13500  E=1.002199052274e+03  Q=1.813000000000e+03  λ=1.008047e+00  dt=1.126e-03  relΔE=1.127e-05  ||F||=8.149e-02
 step= 14000  E=9.967618335523e+02  Q=1.813000000000e+03  λ=1.002074e+00  dt=8.715e-04  relΔE=8.537e-06  ||F||=8.039e-02
 step= 14500  E=9.913822668261e+02  Q=1.813000000000e+03  λ=9.961846e-01  dt=1.349e-03  relΔE=1.294e-05  ||F||=9.979e-02
 step= 15000  E=9.863199665901e+02  Q=1.813000000000e+03  λ=9.906387e-01  dt=1.044e-03  relΔE=9.937e-06  ||F||=7.883e-02
 step= 15500  E=9.811631932991e+02  Q=1.813000000000e+03  λ=9.849944e-01  dt=8.081e-04  relΔE=7.666e-06  ||F||=7.849e-02
 step= 16000  E=9.760532812974e+02  Q=1.813000000000e+03  λ=9.794058e-01  dt=1.251e-03  relΔE=1.185e-05  ||F||=7.828e-02
 step= 16500  E=9.710727015439e+02  Q=1.813000000000e+03  λ=9.739441e-01  dt=9.682e-04  relΔE=9.238e-06  ||F||=7.831e-02
 step= 17000  E=9.658753340057e+02  Q=1.813000000000e+03  λ=9.682325e-01  dt=7.493e-04  relΔE=7.367e-06  ||F||=7.930e-02
 step= 17500  E=9.608092735850e+02  Q=1.813000000000e+03  λ=9.626535e-01  dt=1.160e-03  relΔE=1.142e-05  ||F||=7.912e-02
 step= 18000  E=9.555945404917e+02  Q=1.813000000000e+03  λ=9.568809e-01  dt=8.978e-04  relΔE=9.049e-06  ||F||=7.985e-02
 step= 18500  E=9.501141209853e+02  Q=1.813000000000e+03  λ=9.508763e-01  dt=1.390e-03  relΔE=1.186e-05  ||F||=4.420e-01
 step= 19000  E=9.448076721494e+02  Q=1.813000000000e+03  λ=9.448595e-01  dt=1.076e-03  relΔE=1.151e-05  ||F||=8.180e-02
 step= 19500  E=9.391354791534e+02  Q=1.813000000000e+03  λ=9.384827e-01  dt=8.324e-04  relΔE=9.237e-06  ||F||=8.306e-02
 step= 20000  E=9.332948842212e+02  Q=1.813000000000e+03  λ=9.318882e-01  dt=1.289e-03  relΔE=1.481e-05  ||F||=8.456e-02
 step= 20500  E=9.274405009140e+02  Q=1.813000000000e+03  λ=9.252342e-01  dt=9.973e-04  relΔE=1.188e-05  ||F||=8.552e-02
 step= 21000  E=9.212012478795e+02  Q=1.813000000000e+03  λ=9.181104e-01  dt=7.719e-04  relΔE=9.603e-06  ||F||=8.711e-02
 step= 21500  E=9.149285199919e+02  Q=1.813000000000e+03  λ=9.109294e-01  dt=1.195e-03  relΔE=1.521e-05  ||F||=8.779e-02
 step= 22000  E=9.085532754251e+02  Q=1.813000000000e+03  λ=9.036028e-01  dt=9.248e-04  relΔE=1.207e-05  ||F||=8.860e-02
 step= 22500  E=9.018340545867e+02  Q=1.813000000000e+03  λ=8.958732e-01  dt=7.157e-04  relΔE=1.078e-05  ||F||=9.512e-02
 step= 23000  E=8.954506948828e+02  Q=1.813000000000e+03  λ=8.885396e-01  dt=1.108e-03  relΔE=1.481e-05  ||F||=8.903e-02
 step= 23500  E=8.888788608296e+02  Q=1.813000000000e+03  λ=8.809977e-01  dt=8.575e-04  relΔE=1.142e-05  ||F||=8.852e-02
 step= 24000  E=8.823883426085e+02  Q=1.813000000000e+03  λ=8.735898e-01  dt=1.327e-03  relΔE=1.729e-05  ||F||=9.310e-02
 step= 24500  E=8.763426417558e+02  Q=1.813000000000e+03  λ=8.667200e-01  dt=1.027e-03  relΔE=1.293e-05  ||F||=8.546e-02
 step= 25000  E=8.704064196939e+02  Q=1.813000000000e+03  λ=8.600292e-01  dt=7.951e-04  relΔE=9.529e-06  ||F||=8.310e-02
 step= 25500  E=8.649051891567e+02  Q=1.813000000000e+03  λ=8.538972e-01  dt=1.231e-03  relΔE=1.368e-05  ||F||=7.979e-02
 step= 26000  E=8.599522828732e+02  Q=1.813000000000e+03  λ=8.484336e-01  dt=9.526e-04  relΔE=9.702e-06  ||F||=7.614e-02
 step= 26500  E=8.553052543847e+02  Q=1.813000000000e+03  λ=8.433791e-01  dt=7.373e-04  relΔE=6.937e-06  ||F||=7.301e-02
 step= 27000  E=8.513675396679e+02  Q=1.813000000000e+03  λ=8.391681e-01  dt=1.141e-03  relΔE=9.202e-06  ||F||=6.741e-02
 step= 27500  E=8.478676439284e+02  Q=1.813000000000e+03  λ=8.354875e-01  dt=8.833e-04  relΔE=6.177e-06  ||F||=6.265e-02
 step= 28000  E=8.448026034892e+02  Q=1.813000000000e+03  λ=8.323389e-01  dt=1.367e-03  relΔE=7.999e-06  ||F||=1.106e-01
 step= 28500  E=8.423414430458e+02  Q=1.813000000000e+03  λ=8.298588e-01  dt=1.058e-03  relΔE=5.304e-06  ||F||=5.286e-02
 step= 29000  E=8.402187697822e+02  Q=1.813000000000e+03  λ=8.277801e-01  dt=8.190e-04  relΔE=3.401e-06  ||F||=4.806e-02
 step= 29500  E=8.384782427237e+02  Q=1.813000000000e+03  λ=8.261301e-01  dt=1.268e-03  relΔE=4.297e-06  ||F||=4.340e-02
 step= 30000  E=8.370969603185e+02  Q=1.813000000000e+03  λ=8.248649e-01  dt=9.812e-04  relΔE=2.701e-06  ||F||=3.905e-02
 step= 30500  E=8.359476073009e+02  Q=1.813000000000e+03  λ=8.238557e-01  dt=7.594e-04  relΔE=1.685e-06  ||F||=3.504e-02
 step= 31000  E=8.350575056061e+02  Q=1.813000000000e+03  λ=8.231126e-01  dt=1.176e-03  relΔE=2.058e-06  ||F||=3.110e-02
 step= 31500  E=8.343488845568e+02  Q=1.813000000000e+03  λ=8.225537e-01  dt=9.098e-04  relΔE=1.258e-06  ||F||=2.762e-02
 step= 32000  E=8.337744045968e+02  Q=1.813000000000e+03  λ=8.221922e-01  dt=5.868e-04  relΔE=3.609e-06  ||F||=3.550e-01
 step= 32500  E=8.333535849699e+02  Q=1.813000000000e+03  λ=8.218484e-01  dt=9.084e-04  relΔE=7.668e-07  ||F||=2.157e-02
 step= 33000  E=8.330049296754e+02  Q=1.813000000000e+03  λ=8.216693e-01  dt=5.859e-04  relΔE=1.987e-06  ||F||=2.597e-01
 step= 33500  E=8.327521479716e+02  Q=1.813000000000e+03  λ=8.215028e-01  dt=9.069e-04  relΔE=4.584e-07  ||F||=1.669e-02
 step= 34000  E=8.325442845806e+02  Q=1.813000000000e+03  λ=8.214275e-01  dt=5.849e-04  relΔE=1.079e-06  ||F||=1.885e-01
 step= 34500  E=8.323945634012e+02  Q=1.813000000000e+03  λ=8.213580e-01  dt=9.054e-04  relΔE=2.701e-07  ||F||=1.282e-02
 step= 35000  E=8.322726207310e+02  Q=1.813000000000e+03  λ=8.213347e-01  dt=1.402e-03  relΔE=1.048e-07  ||F||=1.145e-01
 step= 35500  E=8.321843417976e+02  Q=1.813000000000e+03  λ=8.213176e-01  dt=1.085e-03  relΔE=1.888e-07  ||F||=9.789e-03
 step= 36000  E=8.321143051945e+02  Q=1.813000000000e+03  λ=8.213183e-01  dt=8.395e-04  relΔE=1.112e-07  ||F||=8.537e-03
 step= 36500  E=8.320611151217e+02  Q=1.813000000000e+03  λ=8.213269e-01  dt=1.300e-03  relΔE=1.305e-07  ||F||=7.489e-03
 step= 37000  E=8.320217667339e+02  Q=1.813000000000e+03  λ=8.213397e-01  dt=1.006e-03  relΔE=7.715e-08  ||F||=6.496e-03
 step= 37500  E=8.319908404440e+02  Q=1.813000000000e+03  λ=8.213554e-01  dt=7.785e-04  relΔE=4.554e-08  ||F||=5.673e-03
 step= 38000  E=8.319678024286e+02  Q=1.813000000000e+03  λ=8.213718e-01  dt=1.205e-03  relΔE=5.318e-08  ||F||=4.927e-03
 step= 38500  E=8.319503974580e+02  Q=1.813000000000e+03  λ=8.213880e-01  dt=9.326e-04  relΔE=3.135e-08  ||F||=4.300e-03
 step= 39000  E=8.319366891389e+02  Q=1.813000000000e+03  λ=8.214042e-01  dt=7.218e-04  relΔE=1.988e-08  ||F||=3.897e-03
 step= 39500  E=8.319268249077e+02  Q=1.813000000000e+03  λ=8.214184e-01  dt=1.117e-03  relΔE=2.165e-08  ||F||=3.264e-03
 step= 40000  E=8.319190772910e+02  Q=1.813000000000e+03  λ=8.214318e-01  dt=8.648e-04  relΔE=1.273e-08  ||F||=2.845e-03
 step= 40500  E=8.319131349105e+02  Q=1.813000000000e+03  λ=8.214440e-01  dt=1.339e-03  relΔE=1.488e-08  ||F||=2.794e-03
 step= 41000  E=8.319087832138e+02  Q=1.813000000000e+03  λ=8.214543e-01  dt=1.036e-03  relΔE=8.828e-09  ||F||=2.166e-03
 step= 41500  E=8.319053577783e+02  Q=1.813000000000e+03  λ=8.214637e-01  dt=8.019e-04  relΔE=5.210e-09  ||F||=1.891e-03
 step= 42000  E=8.319027676070e+02  Q=1.813000000000e+03  λ=8.214717e-01  dt=1.241e-03  relΔE=6.121e-09  ||F||=1.649e-03
 step= 42500  E=8.319008274160e+02  Q=1.813000000000e+03  λ=8.214785e-01  dt=9.607e-04  relΔE=3.633e-09  ||F||=1.444e-03
 step= 43000  E=8.318992897094e+02  Q=1.813000000000e+03  λ=8.214846e-01  dt=7.435e-04  relΔE=2.175e-09  ||F||=1.271e-03
 step= 43500  E=8.318981584905e+02  Q=1.813000000000e+03  λ=8.214894e-01  dt=1.151e-03  relΔE=2.543e-09  ||F||=1.105e-03
 step= 44000  E=8.318972770174e+02  Q=1.813000000000e+03  λ=8.214936e-01  dt=8.908e-04  relΔE=1.510e-09  ||F||=9.685e-04
 step= 44500  E=8.318965835328e+02  Q=1.813000000000e+03  λ=8.214972e-01  dt=1.379e-03  relΔE=1.664e-09  ||F||=2.946e-03
 step= 45000  E=8.318960798227e+02  Q=1.813000000000e+03  λ=8.215000e-01  dt=1.067e-03  relΔE=1.067e-09  ||F||=7.456e-04
 step= 45500  E=8.318956759048e+02  Q=1.813000000000e+03  λ=8.215024e-01  dt=8.260e-04  relΔE=6.352e-10  ||F||=6.550e-04
 step= 46000  E=8.318953662719e+02  Q=1.813000000000e+03  λ=8.215044e-01  dt=1.279e-03  relΔE=7.552e-10  ||F||=5.761e-04
 step= 46500  E=8.318951328606e+02  Q=1.813000000000e+03  λ=8.215059e-01  dt=9.896e-04  relΔE=4.531e-10  ||F||=5.075e-04
 step= 47000  E=8.318949466177e+02  Q=1.813000000000e+03  λ=8.215071e-01  dt=7.659e-04  relΔE=2.730e-10  ||F||=4.491e-04
 step= 47500  E=8.318948060620e+02  Q=1.813000000000e+03  λ=8.215081e-01  dt=1.186e-03  relΔE=3.239e-10  ||F||=3.945e-04
 step= 48000  E=8.318946971709e+02  Q=1.813000000000e+03  λ=8.215088e-01  dt=9.176e-04  relΔE=1.947e-10  ||F||=3.490e-04
 step= 48500  E=8.318946098068e+02  Q=1.813000000000e+03  λ=8.215094e-01  dt=7.102e-04  relΔE=1.309e-10  ||F||=3.274e-04
 step= 49000  E=8.318945458217e+02  Q=1.813000000000e+03  λ=8.215098e-01  dt=1.099e-03  relΔE=1.401e-10  ||F||=2.734e-04
 step= 49500  E=8.318944942073e+02  Q=1.813000000000e+03  λ=8.215101e-01  dt=8.508e-04  relΔE=8.408e-11  ||F||=2.424e-04
 step= 50000  E=8.318944541375e+02  Q=1.813000000000e+03  λ=8.215103e-01  dt=1.317e-03  relΔE=1.005e-10  ||F||=2.194e-04
 step= 50500  E=8.318944239851e+02  Q=1.813000000000e+03  λ=8.215103e-01  dt=1.019e-03  relΔE=6.058e-11  ||F||=1.913e-04
 step= 51000  E=8.318943998925e+02  Q=1.813000000000e+03  λ=8.215104e-01  dt=7.889e-04  relΔE=3.636e-11  ||F||=1.703e-04
 step= 51500  E=8.318943814423e+02  Q=1.813000000000e+03  λ=8.215103e-01  dt=1.221e-03  relΔE=4.332e-11  ||F||=1.514e-04
 step= 52000  E=8.318943674076e+02  Q=1.813000000000e+03  λ=8.215103e-01  dt=9.452e-04  relΔE=2.596e-11  ||F||=1.352e-04
 step= 52500  E=8.318943561850e+02  Q=1.813000000000e+03  λ=8.215101e-01  dt=7.315e-04  relΔE=1.573e-11  ||F||=1.216e-04
 step= 53000  E=8.318943479607e+02  Q=1.813000000000e+03  λ=8.215100e-01  dt=1.132e-03  relΔE=1.827e-11  ||F||=1.078e-04
 step= 53500  E=8.318943415215e+02  Q=1.813000000000e+03  λ=8.215099e-01  dt=8.764e-04  relΔE=1.075e-11  ||F||=9.642e-05
 step= 54000  E=8.318943365672e+02  Q=1.813000000000e+03  λ=8.215097e-01  dt=1.357e-03  relΔE=1.237e-11  ||F||=1.255e-04
 step= 54500  E=8.318943330216e+02  Q=1.813000000000e+03  λ=8.215096e-01  dt=8.750e-04  relΔE=6.053e-12  ||F||=7.737e-05
 step= 55000  E=8.318943302605e+02  Q=1.813000000000e+03  λ=8.215094e-01  dt=1.354e-03  relΔE=6.785e-12  ||F||=9.762e-05
 step= 55500  E=8.318943283394e+02  Q=1.813000000000e+03  λ=8.215092e-01  dt=1.048e-03  relΔE=3.852e-12  ||F||=6.229e-05
 step= 56000  E=8.318943269170e+02  Q=1.813000000000e+03  λ=8.215091e-01  dt=8.114e-04  relΔE=2.088e-12  ||F||=5.592e-05
 step= 56500  E=8.318943259618e+02  Q=1.813000000000e+03  λ=8.215089e-01  dt=1.047e-03  relΔE=1.815e-12  ||F||=5.031e-05
 step= 57000  E=8.318943253230e+02  Q=1.813000000000e+03  λ=8.215088e-01  dt=8.100e-04  relΔE=8.783e-13  ||F||=4.523e-05
 step= 57500  E=8.318943249531e+02  Q=1.813000000000e+03  λ=8.215086e-01  dt=1.045e-03  relΔE=6.230e-13  ||F||=4.076e-05
 step= 58000  E=8.318943247702e+02  Q=1.813000000000e+03  λ=8.215085e-01  dt=8.087e-04  relΔE=1.796e-13  ||F||=3.668e-05
  !! dt fell below dt_min: stiffness-limited termination.

Stationary candidate (aggressive): E=8.318943247328e+02, Q=1.813000000000e+03, maxρ=1.026149e+00

=== Stability test (damped inertial dynamics) ===
Perturb eps=0.02, gamma=1
t=0: E=9.206350299322e+02, Q=1.813000000000e+03, maxρ=1.060474e+00, σ=2.587156e+00, Rc=1.845557e+01
 step=     1  E=9.206345836332e+02  Q=1.813000000000e+03  λ=1.208739e+00  maxρ=1.060474e+00  minρ=4.331e-15  σ=2.587156e+00  Rc=1.845557e+01
 step=   300  E=9.023354813119e+02  Q=1.813000000000e+03  λ=1.105572e+00  maxρ=1.058674e+00  minρ=4.283e-15  σ=2.587153e+00  Rc=1.845557e+01
 step=   600  E=8.655333436523e+02  Q=1.813000000000e+03  λ=9.187698e-01  maxρ=1.053598e+00  minρ=4.152e-15  σ=2.587148e+00  Rc=1.845558e+01
 step=   900  E=8.439933265438e+02  Q=1.813000000000e+03  λ=8.592613e-01  maxρ=1.046091e+00  minρ=3.969e-15  σ=2.587146e+00  Rc=1.845558e+01
 step=  1200  E=8.521977644972e+02  Q=1.813000000000e+03  λ=9.669887e-01  maxρ=1.042769e+00  minρ=3.761e-15  σ=2.587149e+00  Rc=1.845557e+01
 step=  1500  E=8.742815201605e+02  Q=1.813000000000e+03  λ=1.083828e+00  maxρ=1.047812e+00  minρ=3.532e-15  σ=2.587150e+00  Rc=1.845557e+01
 step=  1800  E=8.855833331950e+02  Q=1.813000000000e+03  λ=1.069828e+00  maxρ=1.051164e+00  minρ=3.163e-15  σ=2.587148e+00  Rc=1.845557e+01
 step=  2100  E=8.789787025861e+02  Q=1.813000000000e+03  λ=9.682349e-01  maxρ=1.045810e+00  minρ=2.694e-15  σ=2.587144e+00  Rc=1.845557e+01
 step=  2400  E=8.673150181010e+02  Q=1.813000000000e+03  λ=9.212040e-01  maxρ=1.035019e+00  minρ=2.314e-15  σ=2.587145e+00  Rc=1.845557e+01
 step=  2700  E=8.644096990577e+02  Q=1.813000000000e+03  λ=9.761202e-01  maxρ=1.041213e+00  minρ=1.887e-15  σ=2.587148e+00  Rc=1.845557e+01
 step=  3000  E=8.700263778546e+02  Q=1.813000000000e+03  λ=1.042290e+00  maxρ=1.054289e+00  minρ=1.197e-15  σ=2.587149e+00  Rc=1.845557e+01
 step=  3300  E=8.743109241804e+02  Q=1.813000000000e+03  λ=1.029923e+00  maxρ=1.056992e+00  minρ=1.000e-15  σ=2.587145e+00  Rc=1.845557e+01
 step=  3600  E=8.717667149039e+02  Q=1.813000000000e+03  λ=9.650308e-01  maxρ=1.049139e+00  minρ=1.000e-15  σ=2.587141e+00  Rc=1.845557e+01
 step=  3900  E=8.663978852960e+02  Q=1.813000000000e+03  λ=9.361252e-01  maxρ=1.048619e+00  minρ=1.000e-15  σ=2.587141e+00  Rc=1.845556e+01
 step=  4200  E=8.644056065781e+02  Q=1.813000000000e+03  λ=9.690090e-01  maxρ=1.044969e+00  minρ=1.000e-15  σ=2.587145e+00  Rc=1.845556e+01
 step=  4500  E=8.663116094688e+02  Q=1.813000000000e+03  λ=1.004651e+00  maxρ=1.042609e+00  minρ=1.000e-15  σ=2.587146e+00  Rc=1.845556e+01
 step=  4800  E=8.680160568648e+02  Q=1.813000000000e+03  λ=9.920179e-01  maxρ=1.047150e+00  minρ=1.000e-15  σ=2.587142e+00  Rc=1.845556e+01
 step=  5100  E=8.670662052939e+02  Q=1.813000000000e+03  λ=9.540932e-01  maxρ=1.048103e+00  minρ=1.000e-15  σ=2.587138e+00  Rc=1.845556e+01
 step=  5400  E=8.650492276995e+02  Q=1.813000000000e+03  λ=9.439839e-01  maxρ=1.046861e+00  minρ=1.000e-15  σ=2.587136e+00  Rc=1.845555e+01
 step=  5700  E=8.642721249869e+02  Q=1.813000000000e+03  λ=9.682249e-01  maxρ=1.043278e+00  minρ=1.000e-15  σ=2.587138e+00  Rc=1.845555e+01
 step=  6000  E=8.645928645030e+02  Q=1.813000000000e+03  λ=9.857926e-01  maxρ=1.040839e+00  minρ=1.000e-15  σ=2.587139e+00  Rc=1.845555e+01
 >>> No runaway detected in this horizon. Likely stable (within this model & box).

STABILITY: PASS
