
=== Aggressive relaxation to Q = 488 ===
Initial: E=1.669003127414e+03, Q=4.880000000000e+02, dt=1.000e-04
 step=     1  E=1.668878778861e+03  Q=4.880000000000e+02  λ=6.751889e+00  dt=1.000e-04  relΔE=7.450e-05  ||F||=1.596e+00
 step=   500  E=1.536093270375e+03  Q=4.880000000000e+02  λ=6.206171e+00  dt=6.192e-04  relΔE=2.897e-04  ||F||=1.330e+00
 step=  1000  E=1.254428995376e+03  Q=4.880000000000e+02  λ=5.045414e+00  dt=9.584e-04  relΔE=2.803e-04  ||F||=9.500e-01
 step=  1500  E=1.079208099874e+03  Q=4.880000000000e+02  λ=4.353279e+00  dt=6.182e-04  relΔE=5.504e-04  ||F||=7.762e+00
 step=  2000  E=9.668856173781e+02  Q=4.880000000000e+02  λ=3.866392e+00  dt=9.569e-04  relΔE=1.741e-04  ||F||=6.579e-01
 step=  2500  E=8.759389274735e+02  Q=4.880000000000e+02  λ=3.506755e+00  dt=1.481e-03  relΔE=6.640e-06  ||F||=5.133e+00
 step=  3000  E=8.089002285089e+02  Q=4.880000000000e+02  λ=3.223762e+00  dt=1.146e-03  relΔE=1.502e-04  ||F||=5.106e-01
 step=  3500  E=7.531199040973e+02  Q=4.880000000000e+02  λ=2.997815e+00  dt=8.873e-04  relΔE=1.014e-04  ||F||=4.601e-01
 step=  4000  E=7.070875694057e+02  Q=4.880000000000e+02  λ=2.812108e+00  dt=1.373e-03  relΔE=1.401e-04  ||F||=4.213e-01
 step=  4500  E=6.687678633611e+02  Q=4.880000000000e+02  λ=2.657761e+00  dt=1.063e-03  relΔE=1.003e-04  ||F||=3.939e-01
 step=  5000  E=6.335500081435e+02  Q=4.880000000000e+02  λ=2.516341e+00  dt=8.227e-04  relΔE=7.459e-05  ||F||=3.759e-01
 step=  5500  E=6.014796119372e+02  Q=4.880000000000e+02  λ=2.387800e+00  dt=1.274e-03  relΔE=1.137e-04  ||F||=3.634e-01
 step=  6000  E=5.717503679789e+02  Q=4.880000000000e+02  λ=2.267972e+00  dt=9.857e-04  relΔE=8.583e-05  ||F||=3.499e-01
 step=  6500  E=5.438357771008e+02  Q=4.880000000000e+02  λ=2.154272e+00  dt=7.629e-04  relΔE=6.411e-05  ||F||=3.356e-01
 step=  7000  E=5.215455879712e+02  Q=4.880000000000e+02  λ=2.062132e+00  dt=1.181e-03  relΔE=7.940e-05  ||F||=2.937e-01
 step=  7500  E=5.039438931043e+02  Q=4.880000000000e+02  λ=1.987925e+00  dt=9.140e-04  relΔE=4.609e-05  ||F||=2.500e-01
 step=  8000  E=4.916444247353e+02  Q=4.880000000000e+02  λ=1.935037e+00  dt=1.415e-03  relΔE=4.793e-05  ||F||=2.055e-01
 step=  8500  E=4.841165712556e+02  Q=4.880000000000e+02  λ=1.901856e+00  dt=1.095e-03  relΔE=2.331e-05  ||F||=1.592e-01
 step=  9000  E=4.794632287691e+02  Q=4.880000000000e+02  λ=1.880797e+00  dt=8.475e-04  relΔE=1.047e-05  ||F||=1.207e-01
 step=  9500  E=4.768575507154e+02  Q=4.880000000000e+02  λ=1.868621e+00  dt=1.312e-03  relΔE=9.040e-06  ||F||=8.989e-02
 step= 10000  E=4.754491457137e+02  Q=4.880000000000e+02  λ=1.861751e+00  dt=1.015e-03  relΔE=3.826e-06  ||F||=6.636e-02
 step= 10500  E=4.746680031811e+02  Q=4.880000000000e+02  λ=1.857734e+00  dt=7.858e-04  relΔE=1.566e-06  ||F||=4.822e-02
 step= 11000  E=4.742732394412e+02  Q=4.880000000000e+02  λ=1.855563e+00  dt=1.216e-03  relΔE=1.274e-06  ||F||=3.493e-02
 step= 11500  E=4.740622030194e+02  Q=4.880000000000e+02  λ=1.854298e+00  dt=9.414e-04  relΔE=5.127e-07  ||F||=2.517e-02
 step= 12000  E=4.739506512664e+02  Q=4.880000000000e+02  λ=1.853556e+00  dt=1.457e-03  relΔE=3.727e-07  ||F||=4.950e-02
 step= 12500  E=4.738962755047e+02  Q=4.880000000000e+02  λ=1.853144e+00  dt=1.128e-03  relΔE=1.641e-07  ||F||=1.299e-02
 step= 13000  E=4.738669138727e+02  Q=4.880000000000e+02  λ=1.852889e+00  dt=8.730e-04  relΔE=6.513e-08  ||F||=9.294e-03
 step= 13500  E=4.738518385820e+02  Q=4.880000000000e+02  λ=1.852735e+00  dt=1.351e-03  relΔE=5.188e-08  ||F||=6.659e-03
 step= 14000  E=4.738442113221e+02  Q=4.880000000000e+02  λ=1.852643e+00  dt=1.046e-03  relΔE=2.114e-08  ||F||=4.823e-03
 step= 14500  E=4.738400755178e+02  Q=4.880000000000e+02  λ=1.852584e+00  dt=8.095e-04  relΔE=8.528e-09  ||F||=3.475e-03
 step= 15000  E=4.738379468169e+02  Q=4.880000000000e+02  λ=1.852550e+00  dt=1.253e-03  relΔE=7.082e-09  ||F||=2.540e-03
 step= 15500  E=4.738367906860e+02  Q=4.880000000000e+02  λ=1.852529e+00  dt=9.698e-04  relΔE=3.018e-09  ||F||=1.881e-03
 step= 16000  E=4.738361275148e+02  Q=4.880000000000e+02  λ=1.852517e+00  dt=7.506e-04  relΔE=1.440e-09  ||F||=1.488e-03
 step= 16500  E=4.738357647292e+02  Q=4.880000000000e+02  λ=1.852512e+00  dt=1.162e-03  relΔE=1.218e-09  ||F||=1.089e-03
 step= 17000  E=4.738355349058e+02  Q=4.880000000000e+02  λ=1.852510e+00  dt=8.992e-04  relΔE=5.882e-10  ||F||=8.620e-04
 step= 17500  E=4.738353868576e+02  Q=4.880000000000e+02  λ=1.852511e+00  dt=1.392e-03  relΔE=6.010e-10  ||F||=7.051e-04
 step= 18000  E=4.738352891540e+02  Q=4.880000000000e+02  λ=1.852513e+00  dt=1.077e-03  relΔE=3.281e-10  ||F||=5.947e-04
 step= 18500  E=4.738352168005e+02  Q=4.880000000000e+02  λ=1.852516e+00  dt=8.338e-04  relΔE=1.859e-10  ||F||=5.133e-04
 step= 19000  E=4.738351633937e+02  Q=4.880000000000e+02  λ=1.852520e+00  dt=1.291e-03  relΔE=2.191e-10  ||F||=4.524e-04
 step= 19500  E=4.738351225989e+02  Q=4.880000000000e+02  λ=1.852524e+00  dt=9.989e-04  relΔE=1.331e-10  ||F||=4.049e-04
 step= 20000  E=4.738350891759e+02  Q=4.880000000000e+02  λ=1.852528e+00  dt=7.731e-04  relΔE=8.333e-11  ||F||=3.680e-04
 step= 20500  E=4.738350636045e+02  Q=4.880000000000e+02  λ=1.852532e+00  dt=1.197e-03  relΔE=1.024e-10  ||F||=3.315e-04
 step= 21000  E=4.738350423533e+02  Q=4.880000000000e+02  λ=1.852536e+00  dt=9.263e-04  relΔE=6.441e-11  ||F||=3.021e-04
 step= 21500  E=4.738350247375e+02  Q=4.880000000000e+02  λ=1.852540e+00  dt=1.434e-03  relΔE=8.086e-11  ||F||=2.995e-04
 step= 22000  E=4.738350112517e+02  Q=4.880000000000e+02  λ=1.852543e+00  dt=9.248e-04  relΔE=4.314e-11  ||F||=2.531e-04
 step= 22500  E=4.738349994037e+02  Q=4.880000000000e+02  λ=1.852547e+00  dt=1.431e-03  relΔE=5.433e-11  ||F||=2.458e-04
 step= 23000  E=4.738349903428e+02  Q=4.880000000000e+02  λ=1.852550e+00  dt=9.233e-04  relΔE=2.898e-11  ||F||=2.129e-04
 step= 23500  E=4.738349823578e+02  Q=4.880000000000e+02  λ=1.852553e+00  dt=1.429e-03  relΔE=3.638e-11  ||F||=2.131e-04
 step= 24000  E=4.738349761571e+02  Q=4.880000000000e+02  λ=1.852555e+00  dt=1.106e-03  relΔE=2.314e-11  ||F||=1.790e-04
 step= 24500  E=4.738349709208e+02  Q=4.880000000000e+02  λ=1.852558e+00  dt=8.561e-04  relΔE=1.454e-11  ||F||=1.641e-04
 step= 25000  E=4.738349666947e+02  Q=4.880000000000e+02  λ=1.852560e+00  dt=1.325e-03  relΔE=1.821e-11  ||F||=1.505e-04
 step= 25500  E=4.738349633465e+02  Q=4.880000000000e+02  λ=1.852562e+00  dt=1.026e-03  relΔE=1.141e-11  ||F||=1.382e-04
 step= 26000  E=4.738349605475e+02  Q=4.880000000000e+02  λ=1.852565e+00  dt=7.938e-04  relΔE=7.113e-12  ||F||=1.269e-04
 step= 26500  E=4.738349583896e+02  Q=4.880000000000e+02  λ=1.852566e+00  dt=1.229e-03  relΔE=8.741e-12  ||F||=1.163e-04
 step= 27000  E=4.738349566525e+02  Q=4.880000000000e+02  λ=1.852568e+00  dt=9.510e-04  relΔE=5.358e-12  ||F||=1.068e-04
 step= 27500  E=4.738349552439e+02  Q=4.880000000000e+02  λ=1.852570e+00  dt=1.472e-03  relΔE=5.018e-12  ||F||=3.389e-04
 step= 28000  E=4.738349542088e+02  Q=4.880000000000e+02  λ=1.852571e+00  dt=1.139e-03  relΔE=3.893e-12  ||F||=8.992e-05
 step= 28500  E=4.738349533796e+02  Q=4.880000000000e+02  λ=1.852572e+00  dt=8.818e-04  relΔE=2.289e-12  ||F||=8.246e-05
 step= 29000  E=4.738349527563e+02  Q=4.880000000000e+02  λ=1.852574e+00  dt=1.365e-03  relΔE=2.632e-12  ||F||=7.562e-05
 step= 29500  E=4.738349523096e+02  Q=4.880000000000e+02  λ=1.852575e+00  dt=1.056e-03  relΔE=1.481e-12  ||F||=6.950e-05
 step= 30000  E=4.738349519825e+02  Q=4.880000000000e+02  λ=1.852576e+00  dt=8.177e-04  relΔE=7.885e-13  ||F||=6.372e-05
 step= 30500  E=4.738349517684e+02  Q=4.880000000000e+02  λ=1.852577e+00  dt=1.266e-03  relΔE=7.832e-13  ||F||=5.850e-05
 step= 31000  E=4.738349516388e+02  Q=4.880000000000e+02  λ=1.852577e+00  dt=9.796e-04  relΔE=3.385e-13  ||F||=5.373e-05
 step= 31500  E=4.738349515742e+02  Q=4.880000000000e+02  λ=1.852578e+00  dt=7.582e-04  relΔE=9.597e-14  ||F||=4.925e-05
  !! dt fell below dt_min: stiffness-limited termination.

Stationary candidate (aggressive): E=4.738349515628e+02, Q=4.880000000000e+02, maxρ=6.313867e-01

=== Stability test (damped inertial dynamics) ===
Perturb eps=0.02, gamma=1
t=0: E=4.974614949024e+02, Q=4.880000000000e+02, maxρ=6.515347e-01, σ=2.547947e+00, Rc=1.888036e+01
 step=     1  E=4.974613766177e+02  Q=4.880000000000e+02  λ=2.236378e+00  maxρ=6.515347e-01  minρ=1.000e-15  σ=2.547947e+00  Rc=1.888036e+01
 step=   300  E=4.926104706192e+02  Q=4.880000000000e+02  λ=2.134402e+00  maxρ=6.504296e-01  minρ=1.000e-15  σ=2.547944e+00  Rc=1.888036e+01
 step=   600  E=4.828444966076e+02  Q=4.880000000000e+02  λ=1.949550e+00  maxρ=6.473143e-01  minρ=1.000e-15  σ=2.547937e+00  Rc=1.888036e+01
 step=   900  E=4.771014402399e+02  Q=4.880000000000e+02  λ=1.890168e+00  maxρ=6.427067e-01  minρ=1.000e-15  σ=2.547936e+00  Rc=1.888036e+01
 step=  1200  E=4.792306627412e+02  Q=4.880000000000e+02  λ=1.996181e+00  maxρ=6.403998e-01  minρ=1.000e-15  σ=2.547939e+00  Rc=1.888035e+01
 step=  1500  E=4.850551153907e+02  Q=4.880000000000e+02  λ=2.111854e+00  maxρ=6.441481e-01  minρ=1.000e-15  σ=2.547942e+00  Rc=1.888035e+01
 step=  1800  E=4.880545413987e+02  Q=4.880000000000e+02  λ=2.098630e+00  maxρ=6.462118e-01  minρ=1.000e-15  σ=2.547940e+00  Rc=1.888035e+01
 step=  2100  E=4.863308570956e+02  Q=4.880000000000e+02  λ=1.998415e+00  maxρ=6.429249e-01  minρ=1.000e-15  σ=2.547936e+00  Rc=1.888035e+01
 step=  2400  E=4.832698324269e+02  Q=4.880000000000e+02  λ=1.951438e+00  maxρ=6.365570e-01  minρ=1.000e-15  σ=2.547936e+00  Rc=1.888035e+01
 step=  2700  E=4.825244845536e+02  Q=4.880000000000e+02  λ=2.005321e+00  maxρ=6.377661e-01  minρ=1.000e-15  σ=2.547939e+00  Rc=1.888035e+01
 step=  3000  E=4.840298693424e+02  Q=4.880000000000e+02  λ=2.071199e+00  maxρ=6.441694e-01  minρ=1.000e-15  σ=2.547940e+00  Rc=1.888035e+01
 step=  3300  E=4.851653869655e+02  Q=4.880000000000e+02  λ=2.059885e+00  maxρ=6.458164e-01  minρ=1.000e-15  σ=2.547937e+00  Rc=1.888035e+01
 step=  3600  E=4.844645237688e+02  Q=4.880000000000e+02  λ=1.995877e+00  maxρ=6.451694e-01  minρ=1.000e-15  σ=2.547933e+00  Rc=1.888035e+01
 step=  3900  E=4.829994925796e+02  Q=4.880000000000e+02  λ=1.966312e+00  maxρ=6.451754e-01  minρ=1.000e-15  σ=2.547933e+00  Rc=1.888034e+01
 step=  4200  E=4.824472357558e+02  Q=4.880000000000e+02  λ=1.997801e+00  maxρ=6.429380e-01  minρ=1.000e-15  σ=2.547938e+00  Rc=1.888034e+01
 step=  4500  E=4.829695905681e+02  Q=4.880000000000e+02  λ=2.033196e+00  maxρ=6.412279e-01  minρ=1.000e-15  σ=2.547939e+00  Rc=1.888034e+01
 step=  4800  E=4.834626575778e+02  Q=4.880000000000e+02  λ=2.021799e+00  maxρ=6.438068e-01  minρ=1.000e-15  σ=2.547935e+00  Rc=1.888034e+01
 step=  5100  E=4.832312705257e+02  Q=4.880000000000e+02  λ=1.984955e+00  maxρ=6.447539e-01  minρ=1.000e-15  σ=2.547930e+00  Rc=1.888034e+01
 step=  5400  E=4.826715354928e+02  Q=4.880000000000e+02  λ=1.974420e+00  maxρ=6.440043e-01  minρ=1.000e-15  σ=2.547930e+00  Rc=1.888033e+01
 step=  5700  E=4.824196779585e+02  Q=4.880000000000e+02  λ=1.997408e+00  maxρ=6.418181e-01  minρ=1.000e-15  σ=2.547934e+00  Rc=1.888033e+01
 step=  6000  E=4.824865654626e+02  Q=4.880000000000e+02  λ=2.014555e+00  maxρ=6.392703e-01  minρ=1.000e-15  σ=2.547935e+00  Rc=1.888032e+01
 >>> No runaway detected in this horizon. Likely stable (within this model & box).

STABILITY: PASS
