
=== Aggressive relaxation to Q = 830 ===
Initial: E=2.822859748130e+03, Q=8.300000000000e+02, dt=1.000e-04
 step=     1  E=2.822646187184e+03  Q=8.300000000000e+02  λ=6.754891e+00  dt=1.000e-04  relΔE=7.565e-05  ||F||=1.604e+00
 step=   500  E=2.593597688249e+03  Q=8.300000000000e+02  λ=6.194234e+00  dt=6.192e-04  relΔE=2.968e-04  ||F||=1.341e+00
 step=  1000  E=2.108501860743e+03  Q=8.300000000000e+02  λ=5.001948e+00  dt=9.584e-04  relΔE=2.854e-04  ||F||=9.530e-01
 step=  1500  E=1.810481119046e+03  Q=8.300000000000e+02  λ=4.294959e+00  dt=6.182e-04  relΔE=4.907e-04  ||F||=7.082e+00
 step=  2000  E=1.621519037742e+03  Q=8.300000000000e+02  λ=3.811911e+00  dt=9.569e-04  relΔE=1.742e-04  ||F||=6.534e-01
 step=  2500  E=1.469120660297e+03  Q=8.300000000000e+02  λ=3.451221e+00  dt=1.481e-03  relΔE=4.940e-05  ||F||=4.564e+00
 step=  3000  E=1.357490259552e+03  Q=8.300000000000e+02  λ=3.173395e+00  dt=1.146e-03  relΔE=1.491e-04  ||F||=5.053e-01
 step=  3500  E=1.264569183207e+03  Q=8.300000000000e+02  λ=2.949997e+00  dt=8.873e-04  relΔE=1.003e-04  ||F||=4.548e-01
 step=  4000  E=1.188311487202e+03  Q=8.300000000000e+02  λ=2.767568e+00  dt=1.373e-03  relΔE=1.380e-04  ||F||=4.157e-01
 step=  4500  E=1.125052405234e+03  Q=8.300000000000e+02  λ=2.616590e+00  dt=1.063e-03  relΔE=9.807e-05  ||F||=3.874e-01
 step=  5000  E=1.067243213164e+03  Q=8.300000000000e+02  λ=2.479142e+00  dt=8.227e-04  relΔE=7.241e-05  ||F||=3.686e-01
 step=  5500  E=1.014940861122e+03  Q=8.300000000000e+02  λ=2.355149e+00  dt=1.274e-03  relΔE=1.103e-04  ||F||=3.565e-01
 step=  6000  E=9.659282801349e+02  Q=8.300000000000e+02  λ=2.238497e+00  dt=9.857e-04  relΔE=8.469e-05  ||F||=3.464e-01
 step=  6500  E=9.185436592282e+02  Q=8.300000000000e+02  λ=2.124823e+00  dt=7.629e-04  relΔE=6.506e-05  ||F||=3.368e-01
 step=  7000  E=8.789519721522e+02  Q=8.300000000000e+02  λ=2.028825e+00  dt=1.181e-03  relΔE=8.592e-05  ||F||=3.041e-01
 step=  7500  E=8.460318621169e+02  Q=8.300000000000e+02  λ=1.947915e+00  dt=9.140e-04  relΔE=5.272e-05  ||F||=2.657e-01
 step=  8000  E=8.218833940699e+02  Q=8.300000000000e+02  λ=1.887938e+00  dt=1.415e-03  relΔE=5.741e-05  ||F||=2.250e-01
 step=  8500  E=8.065936036372e+02  Q=8.300000000000e+02  λ=1.849500e+00  dt=1.095e-03  relΔE=2.883e-05  ||F||=1.752e-01
 step=  9000  E=7.969212078824e+02  Q=8.300000000000e+02  λ=1.824946e+00  dt=8.475e-04  relΔE=1.321e-05  ||F||=1.340e-01
 step=  9500  E=7.914382459713e+02  Q=8.300000000000e+02  λ=1.810886e+00  dt=1.312e-03  relΔE=1.150e-05  ||F||=1.001e-01
 step= 10000  E=7.884631065239e+02  Q=8.300000000000e+02  λ=1.803144e+00  dt=1.015e-03  relΔE=4.872e-06  ||F||=7.395e-02
 step= 10500  E=7.868161767892e+02  Q=8.300000000000e+02  λ=1.798785e+00  dt=7.858e-04  relΔE=1.988e-06  ||F||=5.363e-02
 step= 11000  E=7.859887502981e+02  Q=8.300000000000e+02  λ=1.796547e+00  dt=1.216e-03  relΔE=1.605e-06  ||F||=3.870e-02
 step= 11500  E=7.855501186278e+02  Q=8.300000000000e+02  λ=1.795321e+00  dt=9.414e-04  relΔE=6.396e-07  ||F||=2.775e-02
 step= 12000  E=7.853206428161e+02  Q=8.300000000000e+02  λ=1.794654e+00  dt=1.457e-03  relΔE=4.589e-07  ||F||=5.484e-02
 step= 12500  E=7.852100447315e+02  Q=8.300000000000e+02  λ=1.794312e+00  dt=1.128e-03  relΔE=2.001e-07  ||F||=1.416e-02
 step= 13000  E=7.851510241025e+02  Q=8.300000000000e+02  λ=1.794118e+00  dt=8.730e-04  relΔE=7.848e-08  ||F||=1.007e-02
 step= 13500  E=7.851210932245e+02  Q=8.300000000000e+02  λ=1.794010e+00  dt=1.351e-03  relΔE=6.173e-08  ||F||=7.174e-03
 step= 14000  E=7.851061357664e+02  Q=8.300000000000e+02  λ=1.793950e+00  dt=1.046e-03  relΔE=2.485e-08  ||F||=5.166e-03
 step= 14500  E=7.850981246763e+02  Q=8.300000000000e+02  λ=1.793915e+00  dt=8.095e-04  relΔE=9.900e-09  ||F||=3.700e-03
 step= 15000  E=7.850940527683e+02  Q=8.300000000000e+02  λ=1.793895e+00  dt=1.253e-03  relΔE=8.120e-09  ||F||=2.689e-03
 step= 15500  E=7.850918691463e+02  Q=8.300000000000e+02  λ=1.793883e+00  dt=9.698e-04  relΔE=3.415e-09  ||F||=1.979e-03
 step= 16000  E=7.850906337628e+02  Q=8.300000000000e+02  λ=1.793876e+00  dt=7.506e-04  relΔE=1.601e-09  ||F||=1.553e-03
 step= 16500  E=7.850899684788e+02  Q=8.300000000000e+02  λ=1.793872e+00  dt=1.162e-03  relΔE=1.335e-09  ||F||=1.131e-03
 step= 17000  E=7.850895546307e+02  Q=8.300000000000e+02  λ=1.793870e+00  dt=8.992e-04  relΔE=6.321e-10  ||F||=8.874e-04
 step= 17500  E=7.850892939518e+02  Q=8.300000000000e+02  λ=1.793869e+00  dt=1.392e-03  relΔE=6.301e-10  ||F||=7.182e-04
 step= 18000  E=7.850891263591e+02  Q=8.300000000000e+02  λ=1.793869e+00  dt=1.077e-03  relΔE=3.346e-10  ||F||=5.986e-04
 step= 18500  E=7.850890058555e+02  Q=8.300000000000e+02  λ=1.793870e+00  dt=8.338e-04  relΔE=1.837e-10  ||F||=5.096e-04
 step= 19000  E=7.850889197453e+02  Q=8.300000000000e+02  λ=1.793870e+00  dt=1.291e-03  relΔE=2.095e-10  ||F||=4.427e-04
 step= 19500  E=7.850888561525e+02  Q=8.300000000000e+02  λ=1.793871e+00  dt=9.989e-04  relΔE=1.230e-10  ||F||=3.905e-04
 step= 20000  E=7.850888058561e+02  Q=8.300000000000e+02  λ=1.793872e+00  dt=7.731e-04  relΔE=7.431e-11  ||F||=3.495e-04
 step= 20500  E=7.850887687385e+02  Q=8.300000000000e+02  λ=1.793873e+00  dt=1.197e-03  relΔE=8.810e-11  ||F||=3.104e-04
 step= 21000  E=7.850887389951e+02  Q=8.300000000000e+02  λ=1.793874e+00  dt=9.263e-04  relΔE=5.336e-11  ||F||=2.787e-04
 step= 21500  E=7.850887152648e+02  Q=8.300000000000e+02  λ=1.793875e+00  dt=1.434e-03  relΔE=6.440e-11  ||F||=2.729e-04
 step= 22000  E=7.850886978097e+02  Q=8.300000000000e+02  λ=1.793876e+00  dt=9.248e-04  relΔE=3.309e-11  ||F||=2.269e-04
 step= 22500  E=7.850886830375e+02  Q=8.300000000000e+02  λ=1.793877e+00  dt=1.431e-03  relΔE=3.990e-11  ||F||=2.195e-04
 step= 23000  E=7.850886720031e+02  Q=8.300000000000e+02  λ=1.793878e+00  dt=1.108e-03  relΔE=2.438e-11  ||F||=1.851e-04
 step= 23500  E=7.850886630596e+02  Q=8.300000000000e+02  λ=1.793879e+00  dt=8.575e-04  relΔE=1.468e-11  ||F||=1.672e-04
 step= 24000  E=7.850886561565e+02  Q=8.300000000000e+02  λ=1.793880e+00  dt=1.327e-03  relΔE=1.759e-11  ||F||=1.510e-04
 step= 24500  E=7.850886509180e+02  Q=8.300000000000e+02  λ=1.793880e+00  dt=1.027e-03  relΔE=1.051e-11  ||F||=1.368e-04
 step= 25000  E=7.850886467635e+02  Q=8.300000000000e+02  λ=1.793881e+00  dt=7.951e-04  relΔE=6.210e-12  ||F||=1.237e-04
 step= 25500  E=7.850886437284e+02  Q=8.300000000000e+02  λ=1.793881e+00  dt=1.231e-03  relΔE=7.207e-12  ||F||=1.118e-04
 step= 26000  E=7.850886414315e+02  Q=8.300000000000e+02  λ=1.793882e+00  dt=9.526e-04  relΔE=4.130e-12  ||F||=1.011e-04
 step= 26500  E=7.850886397037e+02  Q=8.300000000000e+02  λ=1.793882e+00  dt=1.475e-03  relΔE=2.824e-12  ||F||=3.740e-04
 step= 27000  E=7.850886385402e+02  Q=8.300000000000e+02  λ=1.793883e+00  dt=1.141e-03  relΔE=2.504e-12  ||F||=8.276e-05
 step= 27500  E=7.850886377103e+02  Q=8.300000000000e+02  λ=1.793883e+00  dt=8.833e-04  relΔE=1.286e-12  ||F||=7.480e-05
 step= 28000  E=7.850886371785e+02  Q=8.300000000000e+02  λ=1.793884e+00  dt=1.367e-03  relΔE=1.211e-12  ||F||=6.761e-05
 step= 28500  E=7.850886368823e+02  Q=8.300000000000e+02  λ=1.793884e+00  dt=1.058e-03  relΔE=4.876e-13  ||F||=6.127e-05
 step= 29000  E=7.850886367506e+02  Q=8.300000000000e+02  λ=1.793884e+00  dt=8.190e-04  relΔE=1.041e-13  ||F||=5.535e-05
  !! dt fell below dt_min: stiffness-limited termination.

Stationary candidate (aggressive): E=7.850886367370e+02, Q=8.300000000000e+02, maxρ=8.380463e-01

=== Stability test (damped inertial dynamics) ===
Perturb eps=0.02, gamma=1
t=0: E=8.252338467557e+02, Q=8.300000000000e+02, maxρ=8.647381e-01, σ=2.436569e+00, Rc=1.889356e+01
 step=     1  E=8.252336458629e+02  Q=8.300000000000e+02  λ=2.177075e+00  maxρ=8.647381e-01  minρ=1.000e-15  σ=2.436569e+00  Rc=1.889356e+01
 step=   300  E=8.169946835546e+02  Q=8.300000000000e+02  λ=2.075309e+00  maxρ=8.632710e-01  minρ=1.000e-15  σ=2.436566e+00  Rc=1.889356e+01
 step=   600  E=8.004053201666e+02  Q=8.300000000000e+02  λ=1.890797e+00  maxρ=8.591349e-01  minρ=1.000e-15  σ=2.436560e+00  Rc=1.889357e+01
 step=   900  E=7.906438927025e+02  Q=8.300000000000e+02  λ=1.831425e+00  maxρ=8.530180e-01  minρ=1.000e-15  σ=2.436558e+00  Rc=1.889357e+01
 step=  1200  E=7.942527616539e+02  Q=8.300000000000e+02  λ=1.937129e+00  maxρ=8.499652e-01  minρ=1.000e-15  σ=2.436561e+00  Rc=1.889356e+01
 step=  1500  E=8.041447681376e+02  Q=8.300000000000e+02  λ=2.052613e+00  maxρ=8.549863e-01  minρ=1.000e-15  σ=2.436563e+00  Rc=1.889356e+01
 step=  1800  E=8.092457611017e+02  Q=8.300000000000e+02  λ=2.039574e+00  maxρ=8.577244e-01  minρ=1.000e-15  σ=2.436561e+00  Rc=1.889355e+01
 step=  2100  E=8.063236439128e+02  Q=8.300000000000e+02  λ=1.939641e+00  maxρ=8.533602e-01  minρ=1.000e-15  σ=2.436558e+00  Rc=1.889356e+01
 step=  2400  E=8.011229298294e+02  Q=8.300000000000e+02  λ=1.892650e+00  maxρ=8.449272e-01  minρ=1.000e-15  σ=2.436558e+00  Rc=1.889355e+01
 step=  2700  E=7.998525236883e+02  Q=8.300000000000e+02  λ=1.946258e+00  maxρ=8.465341e-01  minρ=1.000e-15  σ=2.436561e+00  Rc=1.889355e+01
 step=  3000  E=8.024107095423e+02  Q=8.300000000000e+02  λ=2.012005e+00  maxρ=8.551251e-01  minρ=1.000e-15  σ=2.436562e+00  Rc=1.889355e+01
 step=  3300  E=8.043466048077e+02  Q=8.300000000000e+02  λ=2.000896e+00  maxρ=8.573089e-01  minρ=1.000e-15  σ=2.436558e+00  Rc=1.889355e+01
 step=  3600  E=8.031599173138e+02  Q=8.300000000000e+02  λ=1.937153e+00  maxρ=8.563544e-01  minρ=1.000e-15  σ=2.436555e+00  Rc=1.889355e+01
 step=  3900  E=8.006656224858e+02  Q=8.300000000000e+02  λ=1.907555e+00  maxρ=8.563604e-01  minρ=1.000e-15  σ=2.436556e+00  Rc=1.889355e+01
 step=  4200  E=7.997186468285e+02  Q=8.300000000000e+02  λ=1.938769e+00  maxρ=8.533885e-01  minρ=1.000e-15  σ=2.436560e+00  Rc=1.889355e+01
 step=  4500  E=8.006056709316e+02  Q=8.300000000000e+02  λ=1.974023e+00  maxρ=8.511199e-01  minρ=1.000e-15  σ=2.436561e+00  Rc=1.889354e+01
 step=  4800  E=8.014529617229e+02  Q=8.300000000000e+02  λ=1.962803e+00  maxρ=8.545407e-01  minρ=1.000e-15  σ=2.436557e+00  Rc=1.889354e+01
 step=  5100  E=8.010675608935e+02  Q=8.300000000000e+02  λ=1.926208e+00  maxρ=8.557948e-01  minρ=1.000e-15  σ=2.436552e+00  Rc=1.889354e+01
 step=  5400  E=8.001113705529e+02  Q=8.300000000000e+02  λ=1.915666e+00  maxρ=8.547961e-01  minρ=1.000e-15  σ=2.436552e+00  Rc=1.889354e+01
 step=  5700  E=7.996697893586e+02  Q=8.300000000000e+02  λ=1.938418e+00  maxρ=8.518908e-01  minρ=1.000e-15  σ=2.436556e+00  Rc=1.889353e+01
 step=  6000  E=7.997773111589e+02  Q=8.300000000000e+02  λ=1.955420e+00  maxρ=8.485230e-01  minρ=1.000e-15  σ=2.436557e+00  Rc=1.889353e+01
 >>> No runaway detected in this horizon. Likely stable (within this model & box).

STABILITY: PASS
