
=== Aggressive relaxation to Q = 1107 ===
Initial: E=3.760655160365e+03, Q=1.107000000000e+03, dt=1.000e-04
 step=     1  E=3.760366622550e+03  Q=1.107000000000e+03  λ=6.791987e+00  dt=1.000e-04  relΔE=7.673e-05  ||F||=1.615e+00
 step=   500  E=3.449678640852e+03  Q=1.107000000000e+03  λ=6.213728e+00  dt=6.192e-04  relΔE=3.035e-04  ||F||=1.354e+00
 step=  1000  E=2.791949225610e+03  Q=1.107000000000e+03  λ=4.986246e+00  dt=9.584e-04  relΔE=2.904e-04  ||F||=9.578e-01
 step=  1500  E=2.392614339624e+03  Q=1.107000000000e+03  λ=4.270969e+00  dt=6.182e-04  relΔE=5.457e-04  ||F||=7.598e+00
 step=  2000  E=2.141226794953e+03  Q=1.107000000000e+03  λ=3.780698e+00  dt=9.569e-04  relΔE=1.749e-04  ||F||=6.515e-01
 step=  2500  E=1.939638969611e+03  Q=1.107000000000e+03  λ=3.420223e+00  dt=1.481e-03  relΔE=3.048e-05  ||F||=4.778e+00
 step=  3000  E=1.792259268707e+03  Q=1.107000000000e+03  λ=3.141881e+00  dt=1.146e-03  relΔE=1.488e-04  ||F||=5.022e-01
 step=  3500  E=1.670092885399e+03  Q=1.107000000000e+03  λ=2.919777e+00  dt=8.873e-04  relΔE=9.993e-05  ||F||=4.516e-01
 step=  4000  E=1.569632594417e+03  Q=1.107000000000e+03  λ=2.738132e+00  dt=1.373e-03  relΔE=1.371e-04  ||F||=4.124e-01
 step=  4500  E=1.486865326193e+03  Q=1.107000000000e+03  λ=2.588885e+00  dt=1.063e-03  relΔE=9.709e-05  ||F||=3.837e-01
 step=  5000  E=1.411358750287e+03  Q=1.107000000000e+03  λ=2.453280e+00  dt=8.227e-04  relΔE=7.137e-05  ||F||=3.644e-01
 step=  5500  E=1.343173436591e+03  Q=1.107000000000e+03  λ=2.331214e+00  dt=1.274e-03  relΔE=1.087e-04  ||F||=3.525e-01
 step=  6000  E=1.278976217343e+03  Q=1.107000000000e+03  λ=2.215913e+00  dt=9.857e-04  relΔE=8.402e-05  ||F||=3.438e-01
 step=  6500  E=1.216277104122e+03  Q=1.107000000000e+03  λ=2.102606e+00  dt=7.629e-04  relΔE=6.579e-05  ||F||=3.375e-01
 step=  7000  E=1.162917172314e+03  Q=1.107000000000e+03  λ=2.005494e+00  dt=1.181e-03  relΔE=8.844e-05  ||F||=3.073e-01
 step=  7500  E=1.117645333880e+03  Q=1.107000000000e+03  λ=1.922498e+00  dt=9.140e-04  relΔE=5.544e-05  ||F||=2.711e-01
 step=  8000  E=1.083841814604e+03  Q=1.107000000000e+03  λ=1.860464e+00  dt=1.415e-03  relΔE=6.141e-05  ||F||=2.314e-01
 step=  8500  E=1.062176963591e+03  Q=1.107000000000e+03  λ=1.820728e+00  dt=1.095e-03  relΔE=3.115e-05  ||F||=1.810e-01
 step=  9000  E=1.048379636956e+03  Q=1.107000000000e+03  λ=1.795586e+00  dt=8.475e-04  relΔE=1.435e-05  ||F||=1.387e-01
 step=  9500  E=1.040537038331e+03  Q=1.107000000000e+03  λ=1.781455e+00  dt=1.312e-03  relΔE=1.251e-05  ||F||=1.037e-01
 step= 10000  E=1.036280631412e+03  Q=1.107000000000e+03  λ=1.773883e+00  dt=1.015e-03  relΔE=5.301e-06  ||F||=7.657e-02
 step= 10500  E=1.033926538678e+03  Q=1.107000000000e+03  λ=1.769778e+00  dt=7.858e-04  relΔE=2.159e-06  ||F||=5.549e-02
 step= 11000  E=1.032743583734e+03  Q=1.107000000000e+03  λ=1.767769e+00  dt=1.216e-03  relΔE=1.742e-06  ||F||=4.002e-02
 step= 11500  E=1.032118180539e+03  Q=1.107000000000e+03  λ=1.766739e+00  dt=9.414e-04  relΔE=6.962e-07  ||F||=2.874e-02
 step= 12000  E=1.031789337570e+03  Q=1.107000000000e+03  λ=1.766219e+00  dt=1.457e-03  relΔE=5.119e-07  ||F||=5.085e-02
 step= 12500  E=1.031629716743e+03  Q=1.107000000000e+03  λ=1.765976e+00  dt=1.128e-03  relΔE=2.212e-07  ||F||=1.478e-02
 step= 13000  E=1.031543375498e+03  Q=1.107000000000e+03  λ=1.765851e+00  dt=8.730e-04  relΔE=8.838e-08  ||F||=1.062e-02
 step= 13500  E=1.031498526843e+03  Q=1.107000000000e+03  λ=1.765787e+00  dt=1.351e-03  relΔE=7.172e-08  ||F||=7.684e-03
 step= 14000  E=1.031475244121e+03  Q=1.107000000000e+03  λ=1.765753e+00  dt=1.046e-03  relΔE=3.027e-08  ||F||=5.670e-03
 step= 14500  E=1.031462035763e+03  Q=1.107000000000e+03  λ=1.765731e+00  dt=8.095e-04  relΔE=1.295e-08  ||F||=4.214e-03
 step= 15000  E=1.031454743507e+03  Q=1.107000000000e+03  λ=1.765717e+00  dt=1.253e-03  relΔE=1.169e-08  ||F||=3.220e-03
 step= 15500  E=1.031450385870e+03  Q=1.107000000000e+03  λ=1.765706e+00  dt=9.698e-04  relΔE=5.556e-09  ||F||=2.525e-03
 step= 16000  E=1.031447561613e+03  Q=1.107000000000e+03  λ=1.765696e+00  dt=7.506e-04  relΔE=3.080e-09  ||F||=2.161e-03
 step= 16500  E=1.031445795242e+03  Q=1.107000000000e+03  λ=1.765688e+00  dt=1.162e-03  relΔE=2.924e-09  ||F||=1.682e-03
 step= 17000  E=1.031444517006e+03  Q=1.107000000000e+03  λ=1.765681e+00  dt=8.992e-04  relΔE=1.609e-09  ||F||=1.423e-03
 step= 17500  E=1.031443587274e+03  Q=1.107000000000e+03  λ=1.765674e+00  dt=1.392e-03  relΔE=1.833e-09  ||F||=1.228e-03
 step= 18000  E=1.031442911768e+03  Q=1.107000000000e+03  λ=1.765668e+00  dt=1.077e-03  relΔE=1.082e-09  ||F||=1.075e-03
 step= 18500  E=1.031442378229e+03  Q=1.107000000000e+03  λ=1.765662e+00  dt=8.338e-04  relΔE=6.457e-10  ||F||=9.484e-04
 step= 19000  E=1.031441968458e+03  Q=1.107000000000e+03  λ=1.765658e+00  dt=1.291e-03  relΔE=7.819e-10  ||F||=8.428e-04
 step= 19500  E=1.031441649879e+03  Q=1.107000000000e+03  λ=1.765653e+00  dt=9.989e-04  relΔE=4.790e-10  ||F||=7.535e-04
 step= 20000  E=1.031441388475e+03  Q=1.107000000000e+03  λ=1.765649e+00  dt=7.731e-04  relΔE=2.997e-10  ||F||=6.808e-04
 step= 20500  E=1.031441190359e+03  Q=1.107000000000e+03  λ=1.765646e+00  dt=1.197e-03  relΔE=3.618e-10  ||F||=6.047e-04
 step= 21000  E=1.031441028849e+03  Q=1.107000000000e+03  λ=1.765643e+00  dt=7.719e-04  relΔE=1.885e-10  ||F||=5.468e-04
 step= 21500  E=1.031440902485e+03  Q=1.107000000000e+03  λ=1.765641e+00  dt=1.195e-03  relΔE=2.307e-10  ||F||=4.892e-04
 step= 22000  E=1.031440799187e+03  Q=1.107000000000e+03  λ=1.765638e+00  dt=7.706e-04  relΔE=1.206e-10  ||F||=4.457e-04
 step= 22500  E=1.031440718496e+03  Q=1.107000000000e+03  λ=1.765636e+00  dt=1.193e-03  relΔE=1.470e-10  ||F||=3.965e-04
 step= 23000  E=1.031440652482e+03  Q=1.107000000000e+03  λ=1.765634e+00  dt=9.233e-04  relΔE=9.052e-11  ||F||=3.566e-04
 step= 23500  E=1.031440599135e+03  Q=1.107000000000e+03  λ=1.765633e+00  dt=1.429e-03  relΔE=1.106e-10  ||F||=3.401e-04
 step= 24000  E=1.031440559492e+03  Q=1.107000000000e+03  λ=1.765631e+00  dt=9.218e-04  relΔE=5.728e-11  ||F||=2.896e-04
 step= 24500  E=1.031440525680e+03  Q=1.107000000000e+03  λ=1.765630e+00  dt=1.427e-03  relΔE=6.969e-11  ||F||=2.706e-04
 step= 25000  E=1.031440500200e+03  Q=1.107000000000e+03  λ=1.765629e+00  dt=1.104e-03  relΔE=4.282e-11  ||F||=2.346e-04
 step= 25500  E=1.031440479398e+03  Q=1.107000000000e+03  λ=1.765628e+00  dt=8.547e-04  relΔE=2.599e-11  ||F||=2.110e-04
 step= 26000  E=1.031440463229e+03  Q=1.107000000000e+03  λ=1.765627e+00  dt=1.323e-03  relΔE=3.144e-11  ||F||=1.899e-04
 step= 26500  E=1.031440450826e+03  Q=1.107000000000e+03  λ=1.765626e+00  dt=1.024e-03  relΔE=1.901e-11  ||F||=1.712e-04
 step= 27000  E=1.031440440845e+03  Q=1.107000000000e+03  λ=1.765625e+00  dt=7.925e-04  relΔE=1.141e-11  ||F||=1.542e-04
 step= 27500  E=1.031440433431e+03  Q=1.107000000000e+03  λ=1.765625e+00  dt=1.227e-03  relΔE=1.351e-11  ||F||=1.387e-04
 step= 28000  E=1.031440427681e+03  Q=1.107000000000e+03  λ=1.765624e+00  dt=9.495e-04  relΔE=7.958e-12  ||F||=1.249e-04
 step= 28500  E=1.031440423215e+03  Q=1.107000000000e+03  λ=1.765623e+00  dt=1.470e-03  relΔE=7.769e-12  ||F||=3.269e-04
 step= 29000  E=1.031440420070e+03  Q=1.107000000000e+03  λ=1.765623e+00  dt=1.138e-03  relΔE=5.305e-12  ||F||=1.013e-04
 step= 29500  E=1.031440417663e+03  Q=1.107000000000e+03  λ=1.765623e+00  dt=8.804e-04  relΔE=2.966e-12  ||F||=9.112e-05
 step= 30000  E=1.031440415948e+03  Q=1.107000000000e+03  λ=1.765622e+00  dt=1.363e-03  relΔE=3.221e-12  ||F||=8.199e-05
 step= 30500  E=1.031440414793e+03  Q=1.107000000000e+03  λ=1.765622e+00  dt=1.055e-03  relΔE=1.691e-12  ||F||=7.396e-05
 step= 31000  E=1.031440414012e+03  Q=1.107000000000e+03  λ=1.765621e+00  dt=8.164e-04  relΔE=8.172e-13  ||F||=6.650e-05
 step= 31500  E=1.031440413559e+03  Q=1.107000000000e+03  λ=1.765621e+00  dt=1.264e-03  relΔE=6.953e-13  ||F||=5.992e-05
 step= 32000  E=1.031440413338e+03  Q=1.107000000000e+03  λ=1.765621e+00  dt=9.780e-04  relΔE=2.066e-13  ||F||=5.401e-05
  !! dt fell below dt_min: stiffness-limited termination.

Stationary candidate (aggressive): E=1.031440413289e+03, Q=1.107000000000e+03, maxρ=9.585374e-01

=== Stability test (damped inertial dynamics) ===
Perturb eps=0.02, gamma=1
t=0: E=1.085022437379e+03, Q=1.107000000000e+03, maxρ=9.897840e-01, σ=2.432238e+00, Rc=1.889268e+01
 step=     1  E=1.085022169243e+03  Q=1.107000000000e+03  λ=2.149065e+00  maxρ=9.897840e-01  minρ=1.000e-15  σ=2.432238e+00  Rc=1.889268e+01
 step=   300  E=1.074025384775e+03  Q=1.107000000000e+03  λ=2.047233e+00  maxρ=9.881043e-01  minρ=1.000e-15  σ=2.432235e+00  Rc=1.889268e+01
 step=   600  E=1.051882230481e+03  Q=1.107000000000e+03  λ=1.862602e+00  maxρ=9.833688e-01  minρ=1.000e-15  σ=2.432228e+00  Rc=1.889268e+01
 step=   900  E=1.038850965629e+03  Q=1.107000000000e+03  λ=1.803189e+00  maxρ=9.763654e-01  minρ=1.000e-15  σ=2.432226e+00  Rc=1.889268e+01
 step=  1200  E=1.043665915890e+03  Q=1.107000000000e+03  λ=1.908951e+00  maxρ=9.728924e-01  minρ=1.000e-15  σ=2.432229e+00  Rc=1.889267e+01
 step=  1500  E=1.056871350801e+03  Q=1.107000000000e+03  λ=2.024498e+00  maxρ=9.781509e-01  minρ=1.000e-15  σ=2.432232e+00  Rc=1.889267e+01
 step=  1800  E=1.063686885226e+03  Q=1.107000000000e+03  λ=2.011456e+00  maxρ=9.812827e-01  minρ=1.000e-15  σ=2.432230e+00  Rc=1.889267e+01
 step=  2100  E=1.059793201709e+03  Q=1.107000000000e+03  λ=1.911492e+00  maxρ=9.762885e-01  minρ=1.000e-15  σ=2.432227e+00  Rc=1.889267e+01
 step=  2400  E=1.052850340208e+03  Q=1.107000000000e+03  λ=1.864505e+00  maxρ=9.664334e-01  minρ=1.000e-15  σ=2.432227e+00  Rc=1.889267e+01
 step=  2700  E=1.051144288255e+03  Q=1.107000000000e+03  λ=1.918135e+00  maxρ=9.685239e-01  minρ=1.000e-15  σ=2.432230e+00  Rc=1.889267e+01
 step=  3000  E=1.054547421329e+03  Q=1.107000000000e+03  λ=1.983863e+00  maxρ=9.788176e-01  minρ=1.000e-15  σ=2.432230e+00  Rc=1.889267e+01
 step=  3300  E=1.057129598329e+03  Q=1.107000000000e+03  λ=1.972696e+00  maxρ=9.813154e-01  minρ=1.000e-15  σ=2.432227e+00  Rc=1.889267e+01
 step=  3600  E=1.055555558295e+03  Q=1.107000000000e+03  λ=1.908934e+00  maxρ=9.794888e-01  minρ=1.000e-15  σ=2.432223e+00  Rc=1.889267e+01
 step=  3900  E=1.052238086108e+03  Q=1.107000000000e+03  λ=1.879398e+00  maxρ=9.794933e-01  minρ=1.000e-15  σ=2.432224e+00  Rc=1.889266e+01
 step=  4200  E=1.050975901333e+03  Q=1.107000000000e+03  λ=1.910681e+00  maxρ=9.760914e-01  minρ=1.000e-15  σ=2.432228e+00  Rc=1.889266e+01
 step=  4500  E=1.052150197365e+03  Q=1.107000000000e+03  λ=1.945914e+00  maxρ=9.735782e-01  minρ=1.000e-15  σ=2.432229e+00  Rc=1.889266e+01
 step=  4800  E=1.053270577489e+03  Q=1.107000000000e+03  λ=1.934597e+00  maxρ=9.775271e-01  minρ=1.000e-15  σ=2.432226e+00  Rc=1.889266e+01
 step=  5100  E=1.052755836732e+03  Q=1.107000000000e+03  λ=1.897948e+00  maxρ=9.789196e-01  minρ=1.000e-15  σ=2.432221e+00  Rc=1.889265e+01
 step=  5400  E=1.051489198701e+03  Q=1.107000000000e+03  λ=1.887465e+00  maxρ=9.777726e-01  minρ=1.000e-15  σ=2.432221e+00  Rc=1.889265e+01
 step=  5700  E=1.050908633819e+03  Q=1.107000000000e+03  λ=1.910319e+00  maxρ=9.744445e-01  minρ=1.000e-15  σ=2.432224e+00  Rc=1.889264e+01
 step=  6000  E=1.051051024032e+03  Q=1.107000000000e+03  λ=1.927339e+00  maxρ=9.706192e-01  minρ=1.000e-15  σ=2.432225e+00  Rc=1.889264e+01
 >>> No runaway detected in this horizon. Likely stable (within this model & box).

STABILITY: PASS
