
=== Aggressive relaxation to Q = 1206 ===
Initial: E=4.097276123674e+03, Q=1.206000000000e+03, dt=1.000e-04
 step=     1  E=4.096959985475e+03  Q=1.206000000000e+03  λ=6.810153e+00  dt=1.000e-04  relΔE=7.716e-05  ||F||=1.619e+00
 step=   500  E=3.756119353784e+03  Q=1.206000000000e+03  λ=6.224498e+00  dt=6.192e-04  relΔE=3.060e-04  ||F||=1.359e+00
 step=  1000  E=3.034905173271e+03  Q=1.206000000000e+03  λ=4.983280e+00  dt=9.584e-04  relΔE=2.922e-04  ||F||=9.598e-01
 step=  1500  E=2.598423440473e+03  Q=1.206000000000e+03  λ=4.265169e+00  dt=6.182e-04  relΔE=5.860e-04  ||F||=7.953e+00
 step=  2000  E=2.324712090929e+03  Q=1.206000000000e+03  λ=3.770879e+00  dt=9.569e-04  relΔE=1.752e-04  ||F||=6.510e-01
 step=  2500  E=2.105310636426e+03  Q=1.206000000000e+03  λ=3.406989e+00  dt=1.481e-03  relΔE=8.314e-05  ||F||=4.082e+00
 step=  3000  E=1.945419334677e+03  Q=1.206000000000e+03  λ=3.131405e+00  dt=1.146e-03  relΔE=1.487e-04  ||F||=5.012e-01
 step=  3500  E=1.812912530951e+03  Q=1.206000000000e+03  λ=2.909602e+00  dt=8.873e-04  relΔE=9.982e-05  ||F||=4.505e-01
 step=  4000  E=1.704153842997e+03  Q=1.206000000000e+03  λ=2.728572e+00  dt=1.373e-03  relΔE=1.368e-04  ||F||=4.112e-01
 step=  4500  E=1.614351675011e+03  Q=1.206000000000e+03  λ=2.579516e+00  dt=1.063e-03  relΔE=9.684e-05  ||F||=3.826e-01
 step=  5000  E=1.532609017962e+03  Q=1.206000000000e+03  λ=2.444391e+00  dt=8.227e-04  relΔE=7.118e-05  ||F||=3.633e-01
 step=  5500  E=1.458815525275e+03  Q=1.206000000000e+03  λ=2.322797e+00  dt=1.274e-03  relΔE=1.083e-04  ||F||=3.514e-01
 step=  6000  E=1.389364386554e+03  Q=1.206000000000e+03  λ=2.207999e+00  dt=9.857e-04  relΔE=8.388e-05  ||F||=3.430e-01
 step=  6500  E=1.321178954984e+03  Q=1.206000000000e+03  λ=2.094662e+00  dt=7.629e-04  relΔE=6.724e-05  ||F||=3.409e-01
 step=  7000  E=1.262967503501e+03  Q=1.206000000000e+03  λ=1.997344e+00  dt=1.181e-03  relΔE=8.900e-05  ||F||=3.078e-01
 step=  7500  E=1.213404600671e+03  Q=1.206000000000e+03  λ=1.914081e+00  dt=9.140e-04  relΔE=5.601e-05  ||F||=2.720e-01
 step=  8000  E=1.176285555476e+03  Q=1.206000000000e+03  λ=1.851890e+00  dt=1.415e-03  relΔE=6.218e-05  ||F||=2.338e-01
 step=  8500  E=1.152462019727e+03  Q=1.206000000000e+03  λ=1.812190e+00  dt=1.095e-03  relΔE=3.158e-05  ||F||=1.819e-01
 step=  9000  E=1.137302215697e+03  Q=1.206000000000e+03  λ=1.787245e+00  dt=8.475e-04  relΔE=1.456e-05  ||F||=1.394e-01
 step=  9500  E=1.128663784356e+03  Q=1.206000000000e+03  λ=1.773302e+00  dt=1.312e-03  relΔE=1.268e-05  ||F||=1.042e-01
 step= 10000  E=1.123989948088e+03  Q=1.206000000000e+03  λ=1.765930e+00  dt=1.015e-03  relΔE=5.376e-06  ||F||=7.695e-02
 step= 10500  E=1.121399578243e+03  Q=1.206000000000e+03  λ=1.761978e+00  dt=7.858e-04  relΔE=2.185e-06  ||F||=5.569e-02
 step= 11000  E=1.120097359421e+03  Q=1.206000000000e+03  λ=1.760079e+00  dt=1.216e-03  relΔE=1.770e-06  ||F||=4.025e-02
 step= 11500  E=1.119407475469e+03  Q=1.206000000000e+03  λ=1.759125e+00  dt=9.414e-04  relΔE=7.091e-07  ||F||=2.894e-02
 step= 12000  E=1.119043455767e+03  Q=1.206000000000e+03  λ=1.758656e+00  dt=1.457e-03  relΔE=5.251e-07  ||F||=5.069e-02
 step= 12500  E=1.118865614010e+03  Q=1.206000000000e+03  λ=1.758443e+00  dt=1.128e-03  relΔE=2.283e-07  ||F||=1.499e-02
 step= 13000  E=1.118768422682e+03  Q=1.206000000000e+03  λ=1.758334e+00  dt=8.730e-04  relΔE=9.244e-08  ||F||=1.084e-02
 step= 13500  E=1.118717127037e+03  Q=1.206000000000e+03  λ=1.758278e+00  dt=1.351e-03  relΔE=7.651e-08  ||F||=7.922e-03
 step= 14000  E=1.118689850240e+03  Q=1.206000000000e+03  λ=1.758245e+00  dt=1.046e-03  relΔE=3.313e-08  ||F||=5.923e-03
 step= 14500  E=1.118673937891e+03  Q=1.206000000000e+03  λ=1.758222e+00  dt=8.095e-04  relΔE=1.470e-08  ||F||=4.485e-03
 step= 15000  E=1.118664788154e+03  Q=1.206000000000e+03  λ=1.758204e+00  dt=1.253e-03  relΔE=1.384e-08  ||F||=3.500e-03
 step= 15500  E=1.118659069466e+03  Q=1.206000000000e+03  λ=1.758187e+00  dt=9.698e-04  relΔE=6.877e-09  ||F||=2.808e-03
 step= 16000  E=1.118655200586e+03  Q=1.206000000000e+03  λ=1.758172e+00  dt=7.506e-04  relΔE=3.929e-09  ||F||=2.436e-03
 step= 16500  E=1.118652673512e+03  Q=1.206000000000e+03  λ=1.758158e+00  dt=1.162e-03  relΔE=3.933e-09  ||F||=1.949e-03
 step= 17000  E=1.118650780306e+03  Q=1.206000000000e+03  λ=1.758145e+00  dt=8.992e-04  relΔE=2.231e-09  ||F||=1.673e-03
 step= 17500  E=1.118649363673e+03  Q=1.206000000000e+03  λ=1.758132e+00  dt=1.392e-03  relΔE=2.600e-09  ||F||=1.460e-03
 step= 18000  E=1.118648316875e+03  Q=1.206000000000e+03  λ=1.758121e+00  dt=1.077e-03  relΔE=1.560e-09  ||F||=1.286e-03
 step= 18500  E=1.118647477661e+03  Q=1.206000000000e+03  λ=1.758111e+00  dt=8.338e-04  relΔE=9.414e-10  ||F||=1.140e-03
 step= 19000  E=1.118646827138e+03  Q=1.206000000000e+03  λ=1.758102e+00  dt=1.291e-03  relΔE=1.149e-09  ||F||=1.015e-03
 step= 19500  E=1.118646318279e+03  Q=1.206000000000e+03  λ=1.758094e+00  dt=9.989e-04  relΔE=7.072e-10  ||F||=9.090e-04
 step= 20000  E=1.118645898909e+03  Q=1.206000000000e+03  λ=1.758086e+00  dt=7.731e-04  relΔE=4.418e-10  ||F||=8.198e-04
 step= 20500  E=1.118645580124e+03  Q=1.206000000000e+03  λ=1.758080e+00  dt=1.197e-03  relΔE=5.376e-10  ||F||=7.300e-04
 step= 21000  E=1.118645318667e+03  Q=1.206000000000e+03  λ=1.758074e+00  dt=9.263e-04  relΔE=3.320e-10  ||F||=6.550e-04
 step= 21500  E=1.118645106499e+03  Q=1.206000000000e+03  λ=1.758069e+00  dt=1.434e-03  relΔE=4.068e-10  ||F||=6.934e-04
 step= 22000  E=1.118644944991e+03  Q=1.206000000000e+03  λ=1.758064e+00  dt=1.110e-03  relΔE=2.542e-10  ||F||=5.290e-04
 step= 22500  E=1.118644810660e+03  Q=1.206000000000e+03  λ=1.758060e+00  dt=8.589e-04  relΔE=1.567e-10  ||F||=4.750e-04
 step= 23000  E=1.118644708047e+03  Q=1.206000000000e+03  λ=1.758056e+00  dt=1.108e-03  relΔE=1.624e-10  ||F||=4.286e-04
 step= 23500  E=1.118644622147e+03  Q=1.206000000000e+03  λ=1.758053e+00  dt=8.575e-04  relΔE=9.994e-11  ||F||=3.849e-04
 step= 24000  E=1.118644554350e+03  Q=1.206000000000e+03  λ=1.758050e+00  dt=1.327e-03  relΔE=1.229e-10  ||F||=3.460e-04
 step= 24500  E=1.118644501417e+03  Q=1.206000000000e+03  λ=1.758048e+00  dt=1.027e-03  relΔE=7.582e-11  ||F||=3.117e-04
 step= 25000  E=1.118644457926e+03  Q=1.206000000000e+03  λ=1.758045e+00  dt=7.951e-04  relΔE=4.655e-11  ||F||=2.804e-04
 step= 25500  E=1.118644424722e+03  Q=1.206000000000e+03  λ=1.758043e+00  dt=1.231e-03  relΔE=5.681e-11  ||F||=2.520e-04
 step= 26000  E=1.118644398137e+03  Q=1.206000000000e+03  λ=1.758041e+00  dt=9.526e-04  relΔE=3.466e-11  ||F||=2.268e-04
 step= 26500  E=1.118644376676e+03  Q=1.206000000000e+03  λ=1.758039e+00  dt=1.475e-03  relΔE=2.215e-11  ||F||=1.134e-03
 step= 27000  E=1.118644360761e+03  Q=1.206000000000e+03  λ=1.758038e+00  dt=1.141e-03  relΔE=2.549e-11  ||F||=1.836e-04
 step= 27500  E=1.118644347862e+03  Q=1.206000000000e+03  λ=1.758037e+00  dt=8.833e-04  relΔE=1.531e-11  ||F||=1.650e-04
 step= 28000  E=1.118644337874e+03  Q=1.206000000000e+03  λ=1.758035e+00  dt=1.367e-03  relΔE=1.827e-11  ||F||=1.483e-04
 step= 28500  E=1.118644330378e+03  Q=1.206000000000e+03  λ=1.758034e+00  dt=1.058e-03  relΔE=1.089e-11  ||F||=1.337e-04
 step= 29000  E=1.118644324465e+03  Q=1.206000000000e+03  λ=1.758033e+00  dt=8.190e-04  relΔE=6.383e-12  ||F||=1.202e-04
 step= 29500  E=1.118644320097e+03  Q=1.206000000000e+03  λ=1.758033e+00  dt=1.268e-03  relΔE=7.413e-12  ||F||=1.081e-04
 step= 30000  E=1.118644316847e+03  Q=1.206000000000e+03  λ=1.758032e+00  dt=9.812e-04  relΔE=4.247e-12  ||F||=9.739e-05
 step= 30500  E=1.118644314391e+03  Q=1.206000000000e+03  λ=1.758031e+00  dt=7.594e-04  relΔE=2.497e-12  ||F||=8.862e-05
 step= 31000  E=1.118644312732e+03  Q=1.206000000000e+03  λ=1.758030e+00  dt=1.176e-03  relΔE=2.580e-12  ||F||=7.886e-05
 step= 31500  E=1.118644311547e+03  Q=1.206000000000e+03  λ=1.758030e+00  dt=9.098e-04  relΔE=1.338e-12  ||F||=7.091e-05
 step= 32000  E=1.118644310772e+03  Q=1.206000000000e+03  λ=1.758029e+00  dt=1.408e-03  relΔE=1.281e-12  ||F||=6.394e-05
 step= 32500  E=1.118644310332e+03  Q=1.206000000000e+03  λ=1.758029e+00  dt=1.090e-03  relΔE=5.443e-13  ||F||=5.747e-05
 step= 33000  E=1.118644310115e+03  Q=1.206000000000e+03  λ=1.758029e+00  dt=8.436e-04  relΔE=1.531e-13  ||F||=5.166e-05
  !! dt fell below dt_min: stiffness-limited termination.

Stationary candidate (aggressive): E=1.118644310073e+03, Q=1.206000000000e+03, maxρ=9.945567e-01

=== Stability test (damped inertial dynamics) ===
Perturb eps=0.02, gamma=1
t=0: E=1.177042404643e+03, Q=1.206000000000e+03, maxρ=1.027310e+00, σ=2.439658e+00, Rc=1.889111e+01
 step=     1  E=1.177042112394e+03  Q=1.206000000000e+03  λ=2.141643e+00  maxρ=1.027310e+00  minρ=1.000e-15  σ=2.439658e+00  Rc=1.889111e+01
 step=   300  E=1.165056348578e+03  Q=1.206000000000e+03  λ=2.039762e+00  maxρ=1.025566e+00  minρ=1.000e-15  σ=2.439654e+00  Rc=1.889111e+01
 step=   600  E=1.140921697392e+03  Q=1.206000000000e+03  λ=1.855045e+00  maxρ=1.020651e+00  minρ=1.000e-15  σ=2.439648e+00  Rc=1.889111e+01
 step=   900  E=1.126718271191e+03  Q=1.206000000000e+03  λ=1.795614e+00  maxρ=1.013381e+00  minρ=1.000e-15  σ=2.439646e+00  Rc=1.889111e+01
 step=  1200  E=1.131966316213e+03  Q=1.206000000000e+03  λ=1.901430e+00  maxρ=1.009785e+00  minρ=1.000e-15  σ=2.439649e+00  Rc=1.889110e+01
 step=  1500  E=1.146360556256e+03  Q=1.206000000000e+03  λ=2.017023e+00  maxρ=1.015016e+00  minρ=1.000e-15  σ=2.439652e+00  Rc=1.889110e+01
 step=  1800  E=1.153791622606e+03  Q=1.206000000000e+03  λ=2.003963e+00  maxρ=1.018265e+00  minρ=1.000e-15  σ=2.439650e+00  Rc=1.889110e+01
 step=  2100  E=1.149550219878e+03  Q=1.206000000000e+03  λ=1.903959e+00  maxρ=1.013082e+00  minρ=1.000e-15  σ=2.439647e+00  Rc=1.889110e+01
 step=  2400  E=1.141982500423e+03  Q=1.206000000000e+03  λ=1.856974e+00  maxρ=1.002759e+00  minρ=1.000e-15  σ=2.439647e+00  Rc=1.889110e+01
 step=  2700  E=1.140118486832e+03  Q=1.206000000000e+03  λ=1.910640e+00  maxρ=1.005044e+00  minρ=1.000e-15  σ=2.439649e+00  Rc=1.889110e+01
 step=  3000  E=1.143821958743e+03  Q=1.206000000000e+03  λ=1.976371e+00  maxρ=1.015930e+00  minρ=1.000e-15  σ=2.439650e+00  Rc=1.889109e+01
 step=  3300  E=1.146634621343e+03  Q=1.206000000000e+03  λ=1.965160e+00  maxρ=1.018522e+00  minρ=1.000e-15  σ=2.439647e+00  Rc=1.889110e+01
 step=  3600  E=1.144923415526e+03  Q=1.206000000000e+03  λ=1.901365e+00  maxρ=1.016299e+00  minρ=1.000e-15  σ=2.439643e+00  Rc=1.889110e+01
 step=  3900  E=1.141314108341e+03  Q=1.206000000000e+03  λ=1.871860e+00  maxρ=1.016303e+00  minρ=1.000e-15  σ=2.439644e+00  Rc=1.889109e+01
 step=  4200  E=1.139940372338e+03  Q=1.206000000000e+03  λ=1.903198e+00  maxρ=1.012772e+00  minρ=1.000e-15  σ=2.439648e+00  Rc=1.889109e+01
 step=  4500  E=1.141215493917e+03  Q=1.206000000000e+03  λ=1.938435e+00  maxρ=1.010201e+00  minρ=1.000e-15  σ=2.439649e+00  Rc=1.889109e+01
 step=  4800  E=1.142430190078e+03  Q=1.206000000000e+03  λ=1.927058e+00  maxρ=1.014368e+00  minρ=1.000e-15  σ=2.439645e+00  Rc=1.889108e+01
 step=  5100  E=1.141868092895e+03  Q=1.206000000000e+03  λ=1.890362e+00  maxρ=1.015741e+00  minρ=1.000e-15  σ=2.439641e+00  Rc=1.889108e+01
 step=  5400  E=1.140493084699e+03  Q=1.206000000000e+03  λ=1.879907e+00  maxρ=1.014550e+00  minρ=1.000e-15  σ=2.439640e+00  Rc=1.889108e+01
 step=  5700  E=1.139866467626e+03  Q=1.206000000000e+03  λ=1.902827e+00  maxρ=1.011094e+00  minρ=1.000e-15  σ=2.439644e+00  Rc=1.889107e+01
 step=  6000  E=1.140021834136e+03  Q=1.206000000000e+03  λ=1.919868e+00  maxρ=1.007136e+00  minρ=1.000e-15  σ=2.439645e+00  Rc=1.889107e+01
 >>> No runaway detected in this horizon. Likely stable (within this model & box).

STABILITY: PASS
